
Gurobi 9.1.2 (win64, Java) logging started Sun Nov 14 11:52:23 2021

Academic license - for non-commercial use only - expires 2022-10-30
Gurobi Optimizer version 9.1.2 build v9.1.2rc0 (win64)
Thread count: 6 physical cores, 12 logical processors, using up to 12 threads
Optimize a model with 110 rows, 1000 columns and 2000 nonzeros
Model fingerprint: 0xf76e3072
Variable types: 0 continuous, 1000 integer (1000 binary)
Coefficient statistics:
  Matrix range     [1e+00, 1e+03]
  Objective range  [4e+00, 1e+03]
  Bounds range     [1e+00, 1e+00]
  RHS range        [1e+00, 3e+03]
Found heuristic solution: objective 25284.000000
Presolve time: 0.02s
Presolved: 110 rows, 1000 columns, 2000 nonzeros
Variable types: 0 continuous, 1000 integer (1000 binary)
Presolved: 110 rows, 1000 columns, 2000 nonzeros


Root relaxation: objective 4.025802e+04, 161 iterations, 0.01 seconds

    Nodes    |    Current Node    |     Objective Bounds      |     Work
 Expl Unexpl |  Obj  Depth IntInf | Incumbent    BestBd   Gap | It/Node Time

     0     0 40258.0177    0   13 25284.0000 40258.0177  59.2%     -    0s
H    0     0                    38857.000000 40258.0177  3.61%     -    0s
H    0     0                    39604.000000 40258.0177  1.65%     -    1s
H    0     0                    39822.000000 40258.0177  1.09%     -    1s
     0     0 40239.6936    0   22 39822.0000 40239.6936  1.05%     -    2s
H    0     0                    39954.000000 40239.6936  0.72%     -    3s
H    0     0                    40147.000000 40239.6936  0.23%     -    3s
     0     0 40231.5724    0   31 40147.0000 40231.5724  0.21%     -    3s
     0     0 40231.5724    0   15 40147.0000 40231.5724  0.21%     -    3s
     0     0 40231.5724    0   14 40147.0000 40231.5724  0.21%     -    3s
     0     0 40231.5724    0   21 40147.0000 40231.5724  0.21%     -    4s
     0     0 40231.5724    0   29 40147.0000 40231.5724  0.21%     -    4s
     0     0 40231.5724    0   33 40147.0000 40231.5724  0.21%     -    4s
     0     0 40231.5724    0   10 40147.0000 40231.5724  0.21%     -    4s
     0     2 40231.5724    0   10 40147.0000 40231.5724  0.21%     -    4s
    31    42 40231.5724    7   22 40147.0000 40231.5724  0.21%  12.1    5s
H 2127  1790                    40160.000000 40221.1389  0.15%   7.6    9s
  2204  1839 40208.9379   23   20 40160.0000 40221.1389  0.15%   7.5   10s
H 7491  3529                    40193.000000 40218.4058  0.06%   4.7   12s
 23869 15976 40204.0000  129   17 40193.0000 40218.4058  0.06%   3.4   17s
 38238 28457 40204.0000  103   15 40193.0000 40217.8615  0.06%   3.4   20s
 38253 28467 40204.0000  115   16 40193.0000 40216.0328  0.06%   3.4   25s
 38393 28504 40199.2500   38   16 40193.0000 40215.5459  0.06%   3.5   30s
 122979 72727 40202.0000  173   14 40193.0000 40210.8406  0.04%   3.6   36s
 129813 74894 40199.9333   81   14 40193.0000 40209.7049  0.04%   3.6   40s
 143691 80009 40208.8136   98   16 40193.0000 40208.8136  0.04%   3.5   45s
 153829 83383 40208.8136  109   16 40193.0000 40208.8136  0.04%   3.5   50s
 217346 129739 40202.0000   90   16 40193.0000 40207.7543  0.04%   3.5   55s
 273892 170575 40199.9333   91   14 40193.0000 40207.7037  0.04%   3.4   60s
 306598 183094 40207.5366   80   14 40193.0000 40207.7037  0.04%   3.3   65s
 330766 190978 40199.7593   87   13 40193.0000 40207.7037  0.04%   3.2   70s
 348368 195006 40207.5366   74   15 40193.0000 40207.7037  0.04%   3.2   75s
 364695 197566 40195.2439  100   13 40193.0000 40207.7037  0.04%   3.1   80s
 382636 201133 40207.7037   88   17 40193.0000 40207.7037  0.04%   3.1   85s
 410497 210720 40199.9333   95   17 40193.0000 40207.7037  0.04%   3.0   90s
 443243 220331 40207.7037   72   17 40193.0000 40207.7037  0.04%   2.9   95s
 472274 229418 40199.9333  111   16 40193.0000 40207.7037  0.04%   2.9  100s
 532372 250197 40207.7037   85   16 40193.0000 40207.7037  0.04%   2.8  105s
 582847 266169 40195.0333  119   12 40193.0000 40207.7037  0.04%   2.7  110s
 636206 276310 40207.5366  106   13 40193.0000 40207.5366  0.04%   2.7  115s
 695108 285874 40207.5366   90   14 40193.0000 40207.5366  0.04%   2.6  120s
 714598 290642 40199.9333   87   14 40193.0000 40207.5366  0.04%   2.5  125s
 753425 297772 infeasible   93      40193.0000 40207.5366  0.04%   2.5  130s
 800018 307492 40198.6585   97   13 40193.0000 40207.5366  0.04%   2.4  135s
 853103 317480 40207.5366   89   14 40193.0000 40207.5366  0.04%   2.4  140s
 890893 326949 40199.9333   95   15 40193.0000 40207.5366  0.04%   2.4  145s
 932678 337546 40207.5366   93   16 40193.0000 40207.5366  0.04%   2.3  150s
 965891 342545     cutoff   93      40193.0000 40207.5366  0.04%   2.3  155s
 1017552 351303     cutoff  131      40193.0000 40207.5366  0.04%   2.3  160s
 1067970 358646 40202.7561   89   14 40193.0000 40207.5366  0.04%   2.2  165s
 1121823 367264 40199.9333  106   16 40193.0000 40207.5366  0.04%   2.2  170s
 1168149 375139 40207.5366   90   14 40193.0000 40207.5366  0.04%   2.2  176s
 1193730 378015 40207.5366   97   16 40193.0000 40207.5366  0.04%   2.1  180s
 1253357 385728 40207.5366  108   17 40193.0000 40207.5366  0.04%   2.1  185s
 1312840 393632 40207.5366   95   17 40193.0000 40207.5366  0.04%   2.1  190s
 1377332 401809 40199.9333  124   17 40193.0000 40207.5366  0.04%   2.0  195s
 1421551 416863 40202.0000  123   16 40193.0000 40207.4102  0.04%   2.0  200s
 1544297 518401 40202.0000  246   16 40193.0000 40207.4102  0.04%   2.1  206s
 1620898 585193 40197.1000  125   14 40193.0000 40207.4102  0.04%   2.2  210s
 1709587 658135 40205.5209   81   16 40193.0000 40207.4102  0.04%   2.3  215s
 1850685 774591 40202.0000  174   15 40193.0000 40207.4102  0.04%   2.4  220s
 1947154 846184 40199.9333   90   13 40193.0000 40207.3546  0.04%   2.4  225s
 1977025 853448 40199.9333   85   15 40193.0000 40207.3546  0.04%   2.4  230s
 2002555 858787 40199.9333   97   15 40193.0000 40207.3546  0.04%   2.4  235s
 2020273 862573 40207.3546  102   15 40193.0000 40207.3546  0.04%   2.4  240s
 2047035 868785 40199.9333   89   14 40193.0000 40207.3546  0.04%   2.4  245s
 2066500 874147 40207.3546   89   15 40193.0000 40207.3546  0.04%   2.4  250s
 2094837 882255 40207.3546   86   15 40193.0000 40207.3546  0.04%   2.4  255s
 2123004 890393 40199.9333  116   16 40193.0000 40207.3546  0.04%   2.4  260s
 2151629 899623 40199.9333  118   15 40193.0000 40207.3546  0.04%   2.4  265s
 2167197 904651 40199.9333   93   16 40193.0000 40207.3546  0.04%   2.4  270s
 2199985 914777 40199.9333  106   17 40193.0000 40207.3546  0.04%   2.4  275s
 2223720 921088 40205.1159   96   14 40193.0000 40207.3218  0.04%   2.3  280s
 2329160 1002831 40196.0609  115   15 40193.0000 40207.0417  0.03%   2.4  285s
 2445660 1088190 40198.3000  100   14 40193.0000 40206.8537  0.03%   2.4  290s
 2507859 1100290 40206.8537  103   16 40193.0000 40206.8537  0.03%   2.4  295s
 2575934 1136576 40205.9562  174   14 40193.0000 40206.1873  0.03%   2.4  300s
 2614344 1160537 40205.9562  182   13 40193.0000 40206.1873  0.03%   2.4  305s
 2660952 1177557 40203.2758  227   11 40193.0000 40206.1873  0.03%   2.4  310s
 2705452 1186211 40195.6230  171   10 40193.0000 40206.1873  0.03%   2.4  315s
 2757579 1198480 40194.9673  160   10 40193.0000 40206.1873  0.03%   2.4  320s
 2785446 1203366 40206.1873  175   11 40193.0000 40206.1873  0.03%   2.4  325s
 2810992 1205978 40200.8691  185    7 40193.0000 40206.1873  0.03%   2.4  330s
 2838237 1211282 40204.8036  182   10 40193.0000 40206.1873  0.03%   2.4  335s
 2886248 1219038 40198.9018  178   10 40193.0000 40206.1873  0.03%   2.4  340s
 2926218 1226992 40198.9018  198    7 40193.0000 40206.1873  0.03%   2.4  345s
 2959712 1229881     cutoff  176      40193.0000 40206.1873  0.03%   2.3  350s
 2996699 1233897 40202.1806  180    8 40193.0000 40206.1873  0.03%   2.3  355s
 3037023 1238150     cutoff  195      40193.0000 40206.1873  0.03%   2.3  360s
 3066704 1241986 40205.4594  186    7 40193.0000 40206.1873  0.03%   2.3  365s
 3091931 1244035 40206.1873  183   11 40193.0000 40206.1873  0.03%   2.3  370s
 3117223 1245379     cutoff  198      40193.0000 40206.1873  0.03%   2.3  375s
 3154091 1248535 40206.1873  180   11 40193.0000 40206.1873  0.03%   2.3  380s
 3183893 1251989 40194.3115  174    7 40193.0000 40206.1873  0.03%   2.3  385s
 3217487 1256406 40206.0650  159   10 40193.0000 40206.1873  0.03%   2.3  390s
 3249563 1260903 40206.1873  183   12 40193.0000 40206.1873  0.03%   2.3  395s
 3274282 1263957 40205.9562  172   10 40193.0000 40206.1873  0.03%   2.3  400s
 3310054 1269218     cutoff  164      40193.0000 40206.1873  0.03%   2.3  405s
 3339671 1273035 40195.6230  178   11 40193.0000 40206.1873  0.03%   2.3  410s
 3381489 1279581     cutoff  188      40193.0000 40206.1873  0.03%   2.3  415s
 3415580 1284802 40206.1873  177   13 40193.0000 40206.1873  0.03%   2.3  420s
 3436100 1288555     cutoff  162      40193.0000 40206.1873  0.03%   2.3  425s
 3466403 1294037 40195.6230  179   10 40193.0000 40206.1873  0.03%   2.3  430s
 3496237 1299729     cutoff  195      40193.0000 40206.1873  0.03%   2.3  435s
 3541014 1297394 40206.1707   83   13 40193.0000 40206.1873  0.03%   2.3  440s
 3586197 1306550     cutoff  171      40193.0000 40206.1873  0.03%   2.3  445s
 3634512 1311850     cutoff  167      40193.0000 40206.1873  0.03%   2.3  450s
 3677819 1318514     cutoff  173      40193.0000 40206.1873  0.03%   2.3  455s
 3720512 1322316 40196.9345  164   10 40193.0000 40206.1873  0.03%   2.3  460s
 3764935 1326673     cutoff  169      40193.0000 40206.1873  0.03%   2.3  465s
 3800448 1330078 40195.5689  203   10 40193.0000 40206.1873  0.03%   2.3  470s
 3839107 1334655 40206.0650  168   13 40193.0000 40206.1873  0.03%   2.3  475s
 3890782 1345808 40202.8363  167   10 40193.0000 40206.1873  0.03%   2.3  480s
 3955901 1362270 40200.8691  184   11 40193.0000 40206.1873  0.03%   2.3  485s
 4008967 1378616     cutoff  170      40193.0000 40206.1873  0.03%   2.3  490s
 4074863 1393592 40205.9562  202   12 40193.0000 40206.1873  0.03%   2.3  495s
 4140596 1408289 40204.8036  182   11 40193.0000 40206.1873  0.03%   2.3  500s
 4208550 1423554 40204.5602  168    8 40193.0000 40206.1873  0.03%   2.3  505s
 4251015 1435896 40194.3115  159   11 40193.0000 40206.1873  0.03%   2.3  510s
 4316012 1447842 40203.4941  174   11 40193.0000 40206.1873  0.03%   2.3  515s
 4334637 1452793 40206.1873  163   13 40193.0000 40206.1873  0.03%   2.3  520s
 4398135 1466652 40206.0650  169   15 40193.0000 40206.1873  0.03%   2.3  525s
 4452769 1480766 40205.2025  175   10 40193.0000 40206.1873  0.03%   2.3  530s
 4506657 1489128 40204.8036  158   11 40193.0000 40206.1873  0.03%   2.3  535s
 4545653 1495928 40206.1873  159   13 40193.0000 40206.1873  0.03%   2.3  540s
 4592889 1505710 40205.9562  196   10 40193.0000 40206.1873  0.03%   2.3  545s
 4662821 1528059 40205.8447  194   11 40193.0000 40206.1873  0.03%   2.3  550s
 4705824 1536162     cutoff  193      40193.0000 40206.1873  0.03%   2.3  555s
 4714525 1537236 40205.9562  167   10 40193.0000 40206.1873  0.03%   2.3  561s
 4719360 1537592 40198.7801  162    9 40193.0000 40206.1873  0.03%   2.3  565s
 4748778 1544274 40205.9562  159   11 40193.0000 40206.1873  0.03%   2.3  570s
 4770261 1547872 40205.9562  177   10 40193.0000 40206.1873  0.03%   2.3  576s
 4777040 1548271 40205.2025  163   10 40193.0000 40206.1873  0.03%   2.3  581s
 4788614 1549835 40205.9562  167    9 40193.0000 40206.1873  0.03%   2.3  585s
 4806356 1553193 40206.1873  160   12 40193.0000 40206.1873  0.03%   2.3  590s
 4837852 1558858 40205.9562  194   10 40193.0000 40206.1873  0.03%   2.3  595s
 4878384 1567023 40206.1873  201   10 40193.0000 40206.1873  0.03%   2.3  600s
 4920061 1574844 40205.9562  200   10 40193.0000 40206.1873  0.03%   2.3  605s
 4954547 1582624 40205.2025  176   10 40193.0000 40206.1873  0.03%   2.3  610s
 4998888 1593722 40205.9562  205   10 40193.0000 40206.1873  0.03%   2.3  615s
 5053419 1605990     cutoff  193      40193.0000 40206.1873  0.03%   2.3  620s
 5101429 1614374 40205.9562  203    9 40193.0000 40206.1873  0.03%   2.3  625s
 5143843 1621762 40206.0650  197    8 40193.0000 40206.1873  0.03%   2.3  630s
 5176220 1627541     cutoff  218      40193.0000 40206.1873  0.03%   2.3  635s
 5208783 1633371 40201.9913  190    9 40193.0000 40206.1873  0.03%   2.3  640s
 5232036 1637108 40206.1873  190   13 40193.0000 40206.1873  0.03%   2.3  645s
 5264980 1642551 40196.2788  182   10 40193.0000 40206.1873  0.03%   2.3  650s
 5297769 1648147 40201.3491  196   11 40193.0000 40206.1873  0.03%   2.3  655s
 5320471 1652021 40194.2845  202   10 40193.0000 40206.1873  0.03%   2.3  660s
 5346563 1656035 40198.7801  189   10 40193.0000 40206.1873  0.03%   2.3  665s
 5373716 1660147 40200.0646  186   10 40193.0000 40206.1873  0.03%   2.3  670s
 5406416 1666299 40206.1873  183   13 40193.0000 40206.1873  0.03%   2.3  675s
 5438655 1671383 40194.2845  202   11 40193.0000 40206.1873  0.03%   2.3  680s
 5470838 1676760 40205.9562  183    8 40193.0000 40206.1873  0.03%   2.3  685s
 5507167 1681591 40196.2112  198    9 40193.0000 40206.1873  0.03%   2.3  690s
 5541448 1687902     cutoff  194      40193.0000 40206.1873  0.03%   2.3  695s
 5571050 1691673 40206.1873  167   12 40193.0000 40206.1873  0.03%   2.3  700s
 5604465 1696170 40206.0650  186   12 40193.0000 40206.1873  0.03%   2.3  705s
 5634994 1701343 40206.1873  181   13 40193.0000 40206.1873  0.03%   2.3  710s
 5664886 1706273 40206.1873  165   12 40193.0000 40206.1873  0.03%   2.3  715s
 5697446 1711963 40205.9562  210   10 40193.0000 40206.1873  0.03%   2.3  720s
 5718961 1715479 40205.9562  174    8 40193.0000 40206.1873  0.03%   2.3  725s
 5741824 1719908 40206.1873  157   11 40193.0000 40206.1873  0.03%   2.3  730s
 5757081 1723129 40206.0650  154   14 40193.0000 40206.1873  0.03%   2.3  735s
 5769375 1725582 40206.1873  148   11 40193.0000 40206.1873  0.03%   2.3  740s
 5785223 1728624 40201.9913  165   13 40193.0000 40206.1873  0.03%   2.3  745s
 5794791 1730161 40202.1806  163   12 40193.0000 40206.1873  0.03%   2.3  752s
 5799324 1731742 40205.9562  141   11 40193.0000 40206.1873  0.03%   2.3  755s
 5809715 1733482 40205.9562  165   11 40193.0000 40206.1873  0.03%   2.3  760s
 5818607 1735234 40205.9562  176   11 40193.0000 40206.1873  0.03%   2.3  765s
 5828413 1737282 40206.1873  163   15 40193.0000 40206.1873  0.03%   2.3  770s
 5836963 1739348 40205.9562  161   10 40193.0000 40206.1873  0.03%   2.3  775s
 5845100 1741192 40194.9267  185   11 40193.0000 40206.1873  0.03%   2.3  780s
 5851065 1742124 40204.1479  161   14 40193.0000 40206.1873  0.03%   2.3  785s
 5859081 1743780     cutoff  206      40193.0000 40206.1873  0.03%   2.3  790s
 5869520 1745548 40196.9345  156   12 40193.0000 40206.1873  0.03%   2.3  795s
 5892583 1749903 40203.9180  173   10 40193.0000 40206.1873  0.03%   2.3  800s
 5907935 1753956 40206.1873  163   13 40193.0000 40206.1873  0.03%   2.3  805s
 5923739 1757580 40206.1873  155   12 40193.0000 40206.1873  0.03%   2.3  810s
 5937506 1760566 40194.2845  231    9 40193.0000 40206.1873  0.03%   2.3  815s
 5951360 1763362 40206.1873  151   14 40193.0000 40206.1873  0.03%   2.3  820s
 5971603 1766034 40205.9562  165   10 40193.0000 40206.1873  0.03%   2.3  825s
 5989712 1767778 40206.1873  167   10 40193.0000 40206.1873  0.03%   2.3  830s
 6005667 1768902 40205.9562  160   10 40193.0000 40206.1873  0.03%   2.3  835s
 6021870 1770472 40199.5576  159   11 40193.0000 40206.1873  0.03%   2.3  840s
 6040492 1772120 40196.2788  172   12 40193.0000 40206.1873  0.03%   2.3  845s
 6060548 1774165 infeasible  173      40193.0000 40206.1873  0.03%   2.3  850s
 6074737 1775480 40206.1873  174   10 40193.0000 40206.1873  0.03%   2.3  855s
 6092677 1777222 40206.1873  167   10 40193.0000 40206.1873  0.03%   2.3  860s
 6111122 1778920 40206.1873  170   12 40193.0000 40206.1873  0.03%   2.3  865s
 6127207 1780432 40196.2112  179   11 40193.0000 40206.1873  0.03%   2.3  870s
 6141486 1782342 40205.2025  165   11 40193.0000 40206.1873  0.03%   2.3  875s
 6159083 1784290     cutoff  173      40193.0000 40206.1873  0.03%   2.3  880s
 6173289 1785367 40200.8691  155   12 40193.0000 40206.1873  0.03%   2.3  885s
 6199133 1787792 40203.4921  160   12 40193.0000 40206.1873  0.03%   2.3  890s
 6232151 1791222 40206.0650  168    8 40193.0000 40206.1873  0.03%   2.3  895s
 6259441 1794248 40206.1873  177    8 40193.0000 40206.1873  0.03%   2.3  900s
 6285799 1797029 40206.1873  165   13 40193.0000 40206.1873  0.03%   2.3  905s
 6306254 1799102 40195.6230  167   10 40193.0000 40206.1873  0.03%   2.3  910s
 6335447 1802672 40204.1479  168    9 40193.0000 40206.1873  0.03%   2.3  915s
 6360870 1805722 40199.4224  190   10 40193.0000 40206.1873  0.03%   2.3  920s
 6382841 1807917 40205.9562  180   10 40193.0000 40206.1873  0.03%   2.3  925s
 6406438 1810440 40194.3115  179   10 40193.0000 40206.1873  0.03%   2.3  930s
 6438505 1814858     cutoff  176      40193.0000 40206.1873  0.03%   2.3  935s
 6467746 1818917 40205.9562  176    8 40193.0000 40206.1873  0.03%   2.3  940s
 6491345 1821227 40196.9345  172   11 40193.0000 40206.1873  0.03%   2.3  945s
 6514528 1823746 40206.1873  168    9 40193.0000 40206.1873  0.03%   2.3  950s
 6540035 1826217 40198.2460  175    8 40193.0000 40206.1873  0.03%   2.3  955s
 6561688 1828580 40205.9562  171    9 40193.0000 40206.1873  0.03%   2.3  960s
 6583121 1830991 40205.9562  177    9 40193.0000 40206.1873  0.03%   2.3  965s
 6606495 1833458     cutoff  167      40193.0000 40206.1873  0.03%   2.3  970s
 6628869 1835543 40206.1873  165   13 40193.0000 40206.1873  0.03%   2.3  975s
 6654235 1837256 40206.1873  171    8 40193.0000 40206.1873  0.03%   2.3  980s
 6674151 1838642 40201.3491  211   10 40193.0000 40206.1873  0.03%   2.3  986s
 6684739 1839549     cutoff  170      40193.0000 40206.1873  0.03%   2.3  990s
 6706240 1841003     cutoff  162      40193.0000 40206.1873  0.03%   2.3  995s
 6730643 1842422 40206.1873  171   11 40193.0000 40206.1873  0.03%   2.2 1000s
 6761060 1846980 40194.2845  200    8 40193.0000 40206.1873  0.03%   2.2 1005s
 6789578 1848685 40206.1873  162   11 40193.0000 40206.1873  0.03%   2.2 1010s
 6807891 1849638 40206.1873  180    8 40193.0000 40206.1873  0.03%   2.2 1015s
 6828677 1850920 40206.1873  175   13 40193.0000 40206.1873  0.03%   2.2 1020s
 6856258 1852197 40205.2025  184    8 40193.0000 40206.1873  0.03%   2.2 1025s
 6877135 1853257 40196.9345  210   10 40193.0000 40206.1873  0.03%   2.2 1030s
 6898673 1854322 40205.9562  165   10 40193.0000 40206.1873  0.03%   2.2 1035s
 6921012 1855543 40198.2460  197   10 40193.0000 40206.1873  0.03%   2.2 1040s
 6943030 1856851 40204.1479  181    8 40193.0000 40206.1873  0.03%   2.2 1045s
 6968240 1857940 40205.9562  179    9 40193.0000 40206.1873  0.03%   2.2 1050s
 6990485 1859295 40206.1873  158   12 40193.0000 40206.1873  0.03%   2.2 1055s
 7011987 1860860 40206.1873  174   13 40193.0000 40206.1873  0.03%   2.2 1060s
 7035125 1862042 40206.1873  176   12 40193.0000 40206.1873  0.03%   2.2 1065s
 7057351 1863276 40204.8036  175    9 40193.0000 40206.1873  0.03%   2.2 1070s
 7086447 1864749 40206.1873  169   10 40193.0000 40206.1873  0.03%   2.2 1075s
 7111637 1865779 40195.6230  176    9 40193.0000 40206.1873  0.03%   2.2 1080s
 7139604 1867288 40205.9562  184    8 40193.0000 40206.1873  0.03%   2.2 1085s
 7163191 1868360 40205.9562  180    8 40193.0000 40206.1873  0.03%   2.2 1090s
 7198067 1870135 40194.9673  197    9 40193.0000 40206.1873  0.03%   2.2 1095s
 7227663 1871629 40206.1873  164   12 40193.0000 40206.1873  0.03%   2.2 1100s
 7253673 1873261 40198.9018  171    8 40193.0000 40206.1873  0.03%   2.2 1105s
 7285814 1874954 40206.1873  174   12 40193.0000 40206.1873  0.03%   2.2 1110s
 7313366 1876306 40206.1873  166    8 40193.0000 40206.1873  0.03%   2.2 1115s
 7337593 1877421 40206.1873  172   12 40193.0000 40206.1873  0.03%   2.2 1120s
 7361731 1878676 40206.1873  174    7 40193.0000 40206.1873  0.03%   2.2 1125s
 7391951 1880565 40205.9562  173   10 40193.0000 40206.1873  0.03%   2.2 1130s
 7417028 1883286 40205.9562  179   10 40193.0000 40206.1873  0.03%   2.2 1135s
 7444930 1885517 40206.1873  197   12 40193.0000 40206.1873  0.03%   2.2 1140s
 7482946 1888878 40206.0650  168    8 40193.0000 40206.1873  0.03%   2.2 1145s
 7540381 1900055 40206.1873  211    6 40193.0000 40206.1873  0.03%   2.2 1150s
 7595519 1904350 40206.1873  204   10 40193.0000 40206.1873  0.03%   2.2 1156s
 7624590 1907037 40206.1873  196    6 40193.0000 40206.1873  0.03%   2.2 1160s
 7673874 1911276     cutoff  213      40193.0000 40206.1873  0.03%   2.2 1165s
 7729222 1915825 40195.6230  212    4 40193.0000 40206.1873  0.03%   2.2 1170s
 7782281 1919506 40206.1873  207    8 40193.0000 40206.1873  0.03%   2.2 1175s
 7837518 1923406     cutoff  213      40193.0000 40206.1873  0.03%   2.2 1180s
 7885902 1926295 40202.8363  204    6 40193.0000 40206.1873  0.03%   2.2 1185s
 7937308 1931440 40205.9562  189    6 40193.0000 40206.1873  0.03%   2.2 1190s
 7990907 1937001 40206.1873  203    7 40193.0000 40206.1873  0.03%   2.2 1195s
 8046141 1942179 40194.3115  212    5 40193.0000 40206.1873  0.03%   2.2 1200s
 8093858 1943858 40206.1873  202    6 40193.0000 40206.1873  0.03%   2.2 1205s
 8141833 1944029 40202.1806  208    6 40193.0000 40206.1873  0.03%   2.2 1210s
 8193510 1943098 40203.2758  219    5 40193.0000 40206.1873  0.03%   2.2 1215s
 8248404 1942594 40200.8691  199    6 40193.0000 40206.1873  0.03%   2.2 1220s
 8293965 1942463 40205.8447  214    4 40193.0000 40206.1873  0.03%   2.2 1225s
 8324541 1941877     cutoff  211      40193.0000 40206.1873  0.03%   2.2 1231s
 8345876 1941596     cutoff  215      40193.0000 40206.1873  0.03%   2.2 1235s
 8396015 1942791 40199.5576  204    6 40193.0000 40206.1873  0.03%   2.2 1240s
 8440815 1945391 40206.1151  214    6 40193.0000 40206.1873  0.03%   2.2 1245s
 8488445 1948033 40206.1873  184    9 40193.0000 40206.1873  0.03%   2.2 1250s
 8537673 1951740 40195.6230  213    7 40193.0000 40206.1873  0.03%   2.2 1255s
 8587781 1954694 40206.1873  210    9 40193.0000 40206.1873  0.03%   2.2 1260s
 8637664 1955407 40194.9673  209    5 40193.0000 40206.1873  0.03%   2.2 1266s
 8671115 1955940 40206.1873  201    9 40193.0000 40206.1873  0.03%   2.2 1270s
 8725430 1956082 40206.1873  202    9 40193.0000 40206.1873  0.03%   2.2 1275s
 8773476 1955980     cutoff  213      40193.0000 40206.1873  0.03%   2.2 1280s
 8826902 1955483 40206.1873  211   10 40193.0000 40206.1873  0.03%   2.2 1285s
 8880487 1959381 infeasible  206      40193.0000 40206.1873  0.03%   2.2 1290s
 8926591 1965313     cutoff  216      40193.0000 40206.1873  0.03%   2.2 1295s
 8978612 1972791     cutoff  199      40193.0000 40206.1873  0.03%   2.2 1300s
 9029687 1980026 40194.9267  210    7 40193.0000 40206.1873  0.03%   2.2 1305s
 9069596 1985416 40197.5903  206   11 40193.0000 40206.1873  0.03%   2.2 1310s
 9121224 1991683 40205.9562  210    5 40193.0000 40206.1873  0.03%   2.2 1315s
 9170529 1998196 40205.8447  215    5 40193.0000 40206.1873  0.03%   2.2 1320s
 9223842 2002474     cutoff  194      40193.0000 40206.1873  0.03%   2.2 1325s
 9277353 2006339     cutoff  219      40193.0000 40206.1873  0.03%   2.2 1330s
 9324659 2007954 40196.9345  211    6 40193.0000 40206.1873  0.03%   2.2 1335s
 9349348 2007640 40206.1873  205    6 40193.0000 40206.1873  0.03%   2.2 1340s
 9382460 2008038 40205.9562  182    8 40193.0000 40206.1873  0.03%   2.2 1345s
 9413324 2012786 40206.1873  193    8 40193.0000 40206.1873  0.03%   2.2 1350s
 9436707 2016009 40206.1873  209    9 40193.0000 40206.1873  0.03%   2.2 1355s
 9456534 2018629 40194.3115  208    9 40193.0000 40206.1873  0.03%   2.2 1360s
 9474551 2021082 40206.1873  195   10 40193.0000 40206.1873  0.03%   2.2 1365s
 9486547 2022597     cutoff  204      40193.0000 40206.1873  0.03%   2.2 1370s
 9502049 2023853 40200.8691  202   10 40193.0000 40206.1873  0.03%   2.2 1375s
 9514108 2025261     cutoff  204      40193.0000 40206.1873  0.03%   2.2 1380s
 9524210 2026317 40206.1873  214   10 40193.0000 40206.1873  0.03%   2.2 1386s
 9530401 2026993     cutoff  206      40193.0000 40206.1873  0.03%   2.2 1390s
 9540883 2028301     cutoff  200      40193.0000 40206.1873  0.03%   2.2 1395s
 9549146 2029164     cutoff  198      40193.0000 40206.1873  0.03%   2.2 1400s
 9555423 2029909     cutoff  206      40193.0000 40206.1873  0.03%   2.2 1405s
 9563594 2030832 40206.1873  202   12 40193.0000 40206.1873  0.03%   2.2 1410s
 9571777 2031548 40206.1873  199   11 40193.0000 40206.1873  0.03%   2.2 1415s
 9577829 2032223 40194.9673  206    5 40193.0000 40206.1873  0.03%   2.2 1420s
 9586341 2032865 infeasible  206      40193.0000 40206.1873  0.03%   2.2 1425s
 9594805 2033872     cutoff  206      40193.0000 40206.1873  0.03%   2.2 1430s
 9602758 2034674 40199.5576  207    6 40193.0000 40206.1873  0.03%   2.2 1435s
 9615218 2036115 40205.4594  207    8 40193.0000 40206.1873  0.03%   2.2 1440s
 9627278 2037308 40200.8691  205   10 40193.0000 40206.1873  0.03%   2.2 1445s
 9640981 2038536 40205.2025  214    8 40193.0000 40206.1873  0.03%   2.2 1450s
 9655002 2039588 40198.2460  225    6 40193.0000 40206.1873  0.03%   2.2 1455s
 9665290 2040275 40206.1151  200    6 40193.0000 40206.1873  0.03%   2.2 1460s
 9675230 2041130 40206.1873  211   11 40193.0000 40206.1873  0.03%   2.2 1465s
 9687478 2042252 40203.4921  225    6 40193.0000 40206.1873  0.03%   2.2 1470s
 9699216 2043263 40206.1873  213   10 40193.0000 40206.1873  0.03%   2.2 1475s
 9709227 2043995 40206.1873  198   10 40193.0000 40206.1873  0.03%   2.2 1481s
 9717099 2044504 40200.8691  208   10 40193.0000 40206.1873  0.03%   2.2 1485s
 9727167 2045219 40206.1873  211    9 40193.0000 40206.1873  0.03%   2.2 1490s
 9739422 2046229     cutoff  191      40193.0000 40206.1873  0.03%   2.2 1495s
 9749240 2047122 40205.2025  214    7 40193.0000 40206.1873  0.03%   2.2 1500s
 9763525 2048437 40206.1873  194   10 40193.0000 40206.1873  0.03%   2.2 1505s
 9773411 2049532     cutoff  206      40193.0000 40206.1873  0.03%   2.2 1510s
 9787414 2051029 40206.1873  210    6 40193.0000 40206.1873  0.03%   2.2 1515s
 9828334 2055610 40202.8363  213    6 40193.0000 40206.1873  0.03%   2.2 1520s
 9877370 2060704 40205.9562  210    8 40193.0000 40206.1873  0.03%   2.2 1525s
 9926383 2063730 40199.5576  212   11 40193.0000 40206.1873  0.03%   2.2 1530s
 9975896 2066556     cutoff  215      40193.0000 40206.1873  0.03%   2.2 1535s
 10023177 2070359 40199.5576  213    6 40193.0000 40206.1873  0.03%   2.2 1540s
 10075587 2074041 40197.5903  218    5 40193.0000 40206.1873  0.03%   2.2 1545s
 10125134 2078034 infeasible  214      40193.0000 40206.1873  0.03%   2.2 1550s
 10181170 2082380 40206.1873  210    9 40193.0000 40206.1873  0.03%   2.2 1555s
 10232343 2086373     cutoff  221      40193.0000 40206.1873  0.03%   2.2 1560s
 10283264 2090007 40206.1873  207    9 40193.0000 40206.1873  0.03%   2.2 1565s
 10332192 2095357 40206.1873  206   11 40193.0000 40206.1873  0.03%   2.2 1570s
 10383766 2098487 40206.1873  210   11 40193.0000 40206.1873  0.03%   2.2 1575s
 10411866 2099971 40194.9673  219    9 40193.0000 40206.1873  0.03%   2.2 1580s
 10459310 2102870 40196.2788  221    8 40193.0000 40206.1873  0.03%   2.2 1585s
 10513267 2106683     cutoff  217      40193.0000 40206.1873  0.03%   2.2 1590s
 10560850 2110747 40206.1873  206    8 40193.0000 40206.1873  0.03%   2.2 1595s
 10603891 2113447 40206.1873  203    8 40193.0000 40206.1873  0.03%   2.2 1600s
 10642622 2116736 40205.9562  195    6 40193.0000 40206.1873  0.03%   2.2 1605s
 10665750 2119229 40206.1873  189   10 40193.0000 40206.1873  0.03%   2.2 1610s
 10683316 2120937 40206.1873  203    9 40193.0000 40206.1873  0.03%   2.2 1615s
 10704752 2123684 40205.9562  209   10 40193.0000 40206.1873  0.03%   2.2 1620s
 10746019 2129570 40203.4921  208   10 40193.0000 40206.1873  0.03%   2.2 1625s
 10787347 2134571 40203.9180  225    7 40193.0000 40206.1873  0.03%   2.2 1630s
 10832436 2139448 40200.8691  212    9 40193.0000 40206.1873  0.03%   2.2 1635s
 10859819 2141221 40195.6230  208    4 40193.0000 40206.1873  0.03%   2.2 1640s
 10887135 2143239     cutoff  212      40193.0000 40206.1873  0.03%   2.2 1645s
 10937247 2148425 40198.2460  197    7 40193.0000 40206.1873  0.03%   2.2 1650s
 10967396 2151049 40205.2025  197    9 40193.0000 40206.1873  0.03%   2.2 1656s
 10989529 2153204 40199.5576  207   10 40193.0000 40206.1873  0.03%   2.2 1660s
 11034626 2157079 40206.1873  207   13 40193.0000 40206.1873  0.03%   2.2 1665s
 11085187 2159776     cutoff  216      40193.0000 40206.1873  0.03%   2.2 1670s
 11139559 2164004 40194.3115  206    6 40193.0000 40206.1873  0.03%   2.2 1675s
 11187039 2167214 40202.1806  200    9 40193.0000 40206.1873  0.03%   2.2 1680s
 11214254 2169130 40206.1873  192   10 40193.0000 40206.1873  0.03%   2.2 1685s
 11245151 2170995 40206.1873  196    7 40193.0000 40206.1873  0.03%   2.2 1690s
 11296218 2175450 40198.2460  209   11 40193.0000 40206.1873  0.03%   2.2 1695s
 11351521 2181878 40206.1873  193   10 40193.0000 40206.1873  0.03%   2.2 1700s
 11399241 2185093 40202.6335  195    4 40193.0000 40206.1873  0.03%   2.2 1705s
 11449011 2189052 40196.9345  214    6 40193.0000 40206.1873  0.03%   2.2 1710s
 11485640 2192222 40206.1873  206    7 40193.0000 40206.1873  0.03%   2.2 1715s
 11544254 2199309 40206.1873  198   10 40193.0000 40206.1873  0.03%   2.2 1720s
 11599973 2203802 40196.9345  213    8 40193.0000 40206.1873  0.03%   2.2 1725s
 11647708 2208385     cutoff  210      40193.0000 40206.1873  0.03%   2.2 1730s
 11695378 2211480 40196.2788  215    7 40193.0000 40206.1873  0.03%   2.2 1735s
 11753479 2214482 40201.5248  215    6 40193.0000 40206.1873  0.03%   2.2 1740s
 11810739 2220020 40194.3115  219    7 40193.0000 40206.1873  0.03%   2.2 1745s
 11856194 2224282     cutoff  206      40193.0000 40206.1873  0.03%   2.2 1750s
 11904116 2227564 40206.1873  204    7 40193.0000 40206.1873  0.03%   2.2 1755s
 11953413 2230680 40206.1873  203    7 40193.0000 40206.1873  0.03%   2.2 1760s
 12005936 2234581 40206.1873  200    8 40193.0000 40206.1873  0.03%   2.2 1765s
 12055367 2238246 infeasible  200      40193.0000 40206.1873  0.03%   2.2 1770s
 12097513 2241684 40195.6230  200    7 40193.0000 40206.1873  0.03%   2.2 1775s
 12150978 2246891 40197.5903  214    8 40193.0000 40206.1873  0.03%   2.2 1780s
 12203829 2252128 40202.1806  204    6 40193.0000 40206.1873  0.03%   2.2 1785s
 12240108 2256089 40206.1873  185    8 40193.0000 40206.1873  0.03%   2.2 1791s
 12257010 2257591 40194.3115  211    6 40193.0000 40206.1873  0.03%   2.2 1795s
 12279858 2260634 40205.9562  179    6 40193.0000 40206.1873  0.03%   2.2 1800s
 12314555 2264184 40205.9562  206    5 40193.0000 40206.1873  0.03%   2.2 1805s
 12351915 2270123 40206.0469  186    7 40193.0000 40206.1873  0.03%   2.2 1810s
 12397339 2276000     cutoff  189      40193.0000 40206.1873  0.03%   2.2 1815s
 12442557 2283085 40206.1873  185    6 40193.0000 40206.1873  0.03%   2.2 1820s
 12484659 2287933 infeasible  214      40193.0000 40206.1873  0.03%   2.2 1825s
 12534063 2293362 40206.0650  190    5 40193.0000 40206.1873  0.03%   2.2 1830s
 12586494 2300729 40197.5903  191    9 40193.0000 40206.1873  0.03%   2.2 1835s
 12623892 2305760 40194.3115  209    9 40193.0000 40206.1873  0.03%   2.2 1840s
 12674184 2313695 40198.8874  198   14 40193.0000 40206.1873  0.03%   2.2 1845s
 12689833 2316248     cutoff  207      40193.0000 40206.1873  0.03%   2.2 1850s
 12734445 2323605 40206.1873  197   10 40193.0000 40206.1873  0.03%   2.2 1855s
 12780329 2329734 40206.1873  185   10 40193.0000 40206.1873  0.03%   2.2 1860s
 12833606 2336987 40204.8036  234    7 40193.0000 40206.1873  0.03%   2.2 1865s
 12875214 2341344 40205.2025  205    8 40193.0000 40206.1873  0.03%   2.2 1870s
 12908718 2345551 40206.1873  214   10 40193.0000 40206.1873  0.03%   2.2 1875s
 12955749 2351334 40194.2845  222    5 40193.0000 40206.1873  0.03%   2.2 1880s
 13001090 2357540 40201.5248  204    6 40193.0000 40206.1873  0.03%   2.2 1885s
 13036671 2361717 40200.0646  214    4 40193.0000 40206.1873  0.03%   2.2 1890s
 13084464 2368284     cutoff  216      40193.0000 40206.1873  0.03%   2.2 1895s
 13142606 2375441 40203.9180  219    6 40193.0000 40206.1873  0.03%   2.2 1900s
 13203739 2383494 40194.9673  199    6 40193.0000 40206.1873  0.03%   2.2 1905s
 13261084 2391201 40206.1873  202    7 40193.0000 40206.1873  0.03%   2.2 1910s
 13290992 2395133 40206.1873  212   10 40193.0000 40206.1873  0.03%   2.2 1915s
 13324196 2399704 40206.0650  205    8 40193.0000 40206.1873  0.03%   2.2 1920s
 13348918 2402423 40206.1873  203    9 40193.0000 40206.1873  0.03%   2.2 1925s
 13444660 2307899     cutoff  211      40193.0000 40206.1873  0.03%   2.2 1930s
 13486544 2299307 40200.7068  189    9 40193.0000 40206.1873  0.03%   2.2 1935s
 13517959 2304602     cutoff  211      40193.0000 40206.1873  0.03%   2.2 1940s
 13549039 2311792 40206.1873  178   15 40193.0000 40206.1873  0.03%   2.2 1945s
 13559096 2314428 40206.1873  179   12 40193.0000 40206.1873  0.03%   2.2 1950s
 13598528 2320081     cutoff  196      40193.0000 40206.1873  0.03%   2.2 1955s
 13630328 2328086     cutoff  189      40193.0000 40206.1873  0.03%   2.2 1960s
 13676977 2337008 40206.1873  166   12 40193.0000 40206.1873  0.03%   2.2 1965s
 13721789 2345023 40200.0646  185    8 40193.0000 40206.1873  0.03%   2.2 1970s
 13761435 2351191     cutoff  179      40193.0000 40206.1873  0.03%   2.2 1975s
 13810349 2357457 40205.4594  174   10 40193.0000 40206.1873  0.03%   2.2 1980s
 13846422 2361552 40198.9018  179   13 40193.0000 40206.1873  0.03%   2.2 1985s
 13878795 2365880 40206.1873  165   13 40193.0000 40206.1873  0.03%   2.2 1990s
 13915722 2370846 40206.0469  169   11 40193.0000 40206.1873  0.03%   2.2 1996s
 13945672 2374302     cutoff  176      40193.0000 40206.1873  0.03%   2.2 2000s
 13976290 2379000 40205.9562  181   10 40193.0000 40206.1873  0.03%   2.2 2005s
 14017241 2385468 40205.9562  181   10 40193.0000 40206.1873  0.03%   2.2 2011s
 14042653 2389298 40205.9562  187   10 40193.0000 40206.1873  0.03%   2.2 2015s
 14080604 2393903     cutoff  173      40193.0000 40206.1873  0.03%   2.2 2021s
 14105576 2397250 40201.3491  180    9 40193.0000 40206.1873  0.03%   2.2 2026s
 14142592 2402010     cutoff  189      40193.0000 40206.1873  0.03%   2.2 2030s
 14172439 2405984 40206.1873  167   15 40193.0000 40206.1873  0.03%   2.2 2035s
 14191254 2408411 40202.8363  158   10 40193.0000 40206.1873  0.03%   2.2 2041s
 14216715 2411392     cutoff  184      40193.0000 40206.1873  0.03%   2.2 2045s
 14247083 2414509     cutoff  176      40193.0000 40206.1873  0.03%   2.2 2050s
 14280677 2418899 40199.4224  180    8 40193.0000 40206.1873  0.03%   2.2 2055s
 14316844 2424257     cutoff  168      40193.0000 40206.1873  0.03%   2.2 2060s
 14348003 2428584     cutoff  170      40193.0000 40206.1873  0.03%   2.2 2065s
 14384557 2433320 40197.5903  169   10 40193.0000 40206.1873  0.03%   2.2 2070s
 14417178 2437351 40205.9562  194   11 40193.0000 40206.1873  0.03%   2.2 2075s
 14444590 2442133 40205.9562  189    9 40193.0000 40206.1873  0.03%   2.2 2080s
 14479348 2448050     cutoff  179      40193.0000 40206.1873  0.03%   2.2 2085s
 14515979 2453976 40206.1873  179   10 40193.0000 40206.1873  0.03%   2.2 2090s
 14543037 2457604 40203.9180  177    8 40193.0000 40206.1873  0.03%   2.2 2095s
 14580557 2462247 40206.1873  186   10 40193.0000 40206.1873  0.03%   2.2 2100s
 14605728 2464836 40206.1873  179   10 40193.0000 40206.1873  0.03%   2.2 2107s
 14618990 2467961 40195.5689  179   11 40193.0000 40206.1873  0.03%   2.2 2111s
 14645540 2470242 40205.9562  184   10 40193.0000 40206.1873  0.03%   2.2 2115s
 14676779 2474818 40194.2845  190   11 40193.0000 40206.1873  0.03%   2.2 2121s
 14707115 2478447 40206.1873  174   12 40193.0000 40206.1873  0.03%   2.2 2126s
 14728797 2482159 40206.1873  154   12 40193.0000 40206.1873  0.03%   2.2 2130s
 14755245 2485830 40206.1873  179   11 40193.0000 40206.1873  0.03%   2.2 2135s
 14789528 2490375     cutoff  198      40193.0000 40206.1873  0.03%   2.2 2140s
 14822396 2494856 40206.1873  158   10 40193.0000 40206.1873  0.03%   2.2 2145s
 14854544 2499233     cutoff  162      40193.0000 40206.1873  0.03%   2.2 2150s
 14883693 2502847 40205.9562  187    9 40193.0000 40206.1873  0.03%   2.2 2155s
 14917128 2507253     cutoff  179      40193.0000 40206.1873  0.03%   2.2 2160s
 14943372 2510555 40206.1151  167   11 40193.0000 40206.1873  0.03%   2.2 2165s
 14969838 2514537 40206.1873  183   12 40193.0000 40206.1873  0.03%   2.2 2170s
 15000125 2519215 40206.1873  172   12 40193.0000 40206.1873  0.03%   2.2 2175s
 15046674 2527519 40206.1873  160    8 40193.0000 40206.1873  0.03%   2.2 2181s
 15076889 2531521 40205.9562  161    8 40193.0000 40206.1873  0.03%   2.2 2185s
 15103823 2534914 40205.9562  157   11 40193.0000 40206.1873  0.03%   2.2 2190s
 15128113 2539301 40201.9913  158    8 40193.0000 40206.1873  0.03%   2.2 2196s
 15158590 2542250 40205.9562  169   10 40193.0000 40206.1873  0.03%   2.2 2200s
 15189189 2546360 40206.1873  156   12 40193.0000 40206.1873  0.03%   2.2 2207s
 15219365 2549888 40206.0650  174   11 40193.0000 40206.1873  0.03%   2.2 2211s
 15250572 2554313 40206.1873  170   10 40193.0000 40206.1873  0.03%   2.2 2215s
 15283134 2557710 infeasible  170      40193.0000 40206.1873  0.03%   2.2 2221s
 15316292 2560882 40206.0650  157   10 40193.0000 40206.1873  0.03%   2.2 2225s
 15345989 2565005 40206.0650  165   10 40193.0000 40206.1873  0.03%   2.2 2230s
 15380481 2569288 40205.9562  168    7 40193.0000 40206.1873  0.03%   2.2 2236s
 15403310 2573612 40206.0504  184   14 40193.0000 40206.1873  0.03%   2.2 2242s
 15430252 2577223 40205.9562  212   12 40193.0000 40206.1873  0.03%   2.2 2245s
 15465355 2582351 40206.0650  163   10 40193.0000 40206.1873  0.03%   2.2 2250s
 15491336 2586094     cutoff  167      40193.0000 40206.1873  0.03%   2.2 2255s
 15519474 2589929 40206.0650  158   10 40193.0000 40206.1873  0.03%   2.2 2260s
 15545432 2593578 40205.9562  165    8 40193.0000 40206.1873  0.03%   2.2 2265s
 15577673 2598851     cutoff  204      40193.0000 40206.1873  0.03%   2.2 2270s
 15610987 2602910 40206.1873  179   11 40193.0000 40206.1873  0.03%   2.2 2275s
 15647033 2607860 40195.5689  175   11 40193.0000 40206.1873  0.03%   2.2 2280s
 15679651 2612333     cutoff  171      40193.0000 40206.1873  0.03%   2.2 2286s
 15705267 2616466 40206.1873  162   11 40193.0000 40206.1873  0.03%   2.2 2290s
 15737451 2622423 40201.5248  184   10 40193.0000 40206.1873  0.03%   2.2 2296s
 15753345 2625761 40206.1873  168   15 40193.0000 40206.1873  0.03%   2.2 2300s
 15795022 2632389 40205.9562  167   10 40193.0000 40206.1873  0.03%   2.2 2307s
 15814414 2636587 40194.9267  206   10 40193.0000 40206.1873  0.03%   2.2 2310s
 15846145 2641581 40196.2112  182   13 40193.0000 40206.1873  0.03%   2.2 2315s
 15875639 2645686 40205.9562  168    9 40193.0000 40206.1873  0.03%   2.2 2320s
 15907455 2651141 40206.1873  168   12 40193.0000 40206.1873  0.03%   2.2 2325s
 15946045 2658259 40205.9562  163   10 40193.0000 40206.1873  0.03%   2.2 2330s
 15980700 2662939 40205.8447  162   12 40193.0000 40206.1873  0.03%   2.2 2335s
 16013386 2668989 40206.1873  171    8 40193.0000 40206.1873  0.03%   2.2 2340s
 16039760 2673356 40194.2845  185   10 40193.0000 40206.1873  0.03%   2.2 2345s
 16072839 2678304 40205.9562  177   11 40193.0000 40206.1873  0.03%   2.2 2350s
 16103578 2685142 40205.9562  198    8 40193.0000 40206.1873  0.03%   2.2 2355s
 16147478 2693780 40200.2133  159    8 40193.0000 40206.1873  0.03%   2.2 2360s
 16187662 2700647 40206.1873  154   11 40193.0000 40206.1873  0.03%   2.2 2365s
 16226167 2707318 40194.2845  176   10 40193.0000 40206.1873  0.03%   2.2 2371s
 16257983 2713514 40205.9562  185    9 40193.0000 40206.1873  0.03%   2.2 2375s
 16298906 2721075 40206.0650  167   13 40193.0000 40206.1873  0.03%   2.2 2380s
 16326279 2724157 40206.1873  179   12 40193.0000 40206.1873  0.03%   2.2 2392s
 16332660 2726152 40206.1873  180   12 40193.0000 40206.1873  0.03%   2.2 2395s
 16357964 2730552 40197.4957  179    9 40193.0000 40206.1873  0.03%   2.2 2400s
 16396987 2737794 40206.1873  165   13 40193.0000 40206.1873  0.03%   2.2 2406s
 16424461 2742576 40194.2845  195   11 40193.0000 40206.1873  0.03%   2.2 2411s
 16462768 2749138 40198.9018  161   10 40193.0000 40206.1873  0.03%   2.2 2415s
 16500843 2756794 40206.1873  154   12 40193.0000 40206.1873  0.03%   2.2 2421s
 16532182 2762334     cutoff  172      40193.0000 40206.1873  0.03%   2.2 2425s
 16571113 2769140 40206.1873  165   14 40193.0000 40206.1873  0.03%   2.2 2430s
 16597923 2774015 40199.4224  204   10 40193.0000 40206.1873  0.03%   2.2 2435s
 16629685 2779657 40205.9562  185   10 40193.0000 40206.1873  0.03%   2.2 2440s
 16657988 2784361 40197.4957  175    8 40193.0000 40206.1873  0.03%   2.2 2445s
 16688795 2788812 40206.1873  181   11 40193.0000 40206.1873  0.03%   2.2 2450s
 16716305 2792106 40205.9562  184   10 40193.0000 40206.1873  0.03%   2.2 2455s
 16748763 2796603 40195.5689  175   10 40193.0000 40206.1873  0.03%   2.2 2461s
 16774480 2800467     cutoff  178      40193.0000 40206.1873  0.03%   2.2 2465s
 16799434 2804210 40206.1873  162   12 40193.0000 40206.1873  0.03%   2.2 2470s
 16832954 2809329 40198.1379  189    9 40193.0000 40206.1873  0.03%   2.2 2475s
 16858720 2812979 40194.2845  169   10 40193.0000 40206.1873  0.03%   2.2 2480s
 16883420 2816749 40202.6335  170    8 40193.0000 40206.1873  0.03%   2.2 2486s
 16896799 2818385 40205.9562  182   11 40193.0000 40206.1873  0.03%   2.2 2490s
 16921693 2822116 40205.9562  179    8 40193.0000 40206.1873  0.03%   2.2 2497s
 16935637 2824032 40201.9913  176   12 40193.0000 40206.1873  0.03%   2.2 2500s
 16951577 2826994 40194.2845  195   10 40193.0000 40206.1873  0.03%   2.2 2505s
 16973147 2829743 40205.8447  183   10 40193.0000 40206.1873  0.03%   2.2 2511s
 16992055 2832152 40200.0646  178    8 40193.0000 40206.1873  0.03%   2.2 2516s
 17012847 2834958 40194.9267  203   11 40193.0000 40206.1873  0.03%   2.2 2521s
 17031736 2837408 40198.1379  175    8 40193.0000 40206.1873  0.03%   2.2 2527s
 17043239 2838798 40205.9562  179    8 40193.0000 40206.1873  0.03%   2.2 2530s
 17058084 2840320 40198.7801  179    8 40193.0000 40206.1873  0.03%   2.2 2535s
 17082911 2845219 40205.9562  178    8 40193.0000 40206.1873  0.03%   2.2 2541s
 17110165 2849598 40201.3491  182    9 40193.0000 40206.1873  0.03%   2.2 2545s
 17140098 2855163     cutoff  172      40193.0000 40206.1873  0.03%   2.2 2550s
 17166718 2859385 40194.2845  203    8 40193.0000 40206.1873  0.03%   2.2 2556s
 17179004 2861114 40206.1873  171   10 40193.0000 40206.1873  0.03%   2.2 2560s
 17198786 2863664 40199.4224  173   11 40193.0000 40206.1873  0.03%   2.2 2566s
 17214322 2865663 40206.1873  169   14 40193.0000 40206.1873  0.03%   2.2 2570s
 17234658 2869721 40201.3491  162   12 40193.0000 40206.1873  0.03%   2.2 2575s
 17248134 2871998 40197.4957  161   12 40193.0000 40206.1873  0.03%   2.2 2581s
 17266771 2875531 40205.9562  182    9 40193.0000 40206.1873  0.03%   2.2 2586s
 17273629 2876654 40197.4957  177   11 40193.0000 40206.1873  0.03%   2.2 2590s
 17286574 2880180 40206.0650  182    9 40193.0000 40206.1873  0.03%   2.2 2595s
 17318546 2887302 40206.1873  164   16 40193.0000 40206.1873  0.03%   2.2 2601s
 17338563 2890462 40200.7068  168   10 40193.0000 40206.1873  0.03%   2.2 2606s
 17353144 2892407 40206.1873  155   13 40193.0000 40206.1873  0.03%   2.2 2610s
 17366351 2894490 40206.1873  169   14 40193.0000 40206.1873  0.03%   2.2 2617s
 17378539 2896393 40206.1873  155   15 40193.0000 40206.1873  0.03%   2.2 2620s
 17398524 2900304 40202.6335  181    9 40193.0000 40206.1873  0.03%   2.2 2625s
 17418829 2903591     cutoff  155      40193.0000 40206.1873  0.03%   2.2 2632s
 17426772 2905212 40205.8447  174   10 40193.0000 40206.1873  0.03%   2.2 2637s
 17438923 2908022 40205.9562  176    8 40193.0000 40206.1873  0.03%   2.2 2644s
 17448116 2909457 40206.0650  184   14 40193.0000 40206.1873  0.03%   2.2 2649s
 17455273 2910576 40199.5576  183   14 40193.0000 40206.1873  0.03%   2.2 2652s
 17460154 2912744 40206.1873  186   14 40193.0000 40206.1873  0.03%   2.2 2658s
 17468733 2914399     cutoff  228      40193.0000 40206.1873  0.03%   2.2 2663s
 17476212 2915330     cutoff  180      40193.0000 40206.1873  0.03%   2.2 2667s
 17480841 2917225 40201.3491  197   11 40193.0000 40206.1873  0.03%   2.2 2672s
 17501682 2921877 40206.1873  141   13 40193.0000 40206.1873  0.03%   2.2 2675s
 17538246 2928224 40205.9562  170   13 40193.0000 40206.1873  0.03%   2.2 2680s
 17567052 2933091 infeasible  197      40193.0000 40206.1873  0.03%   2.2 2686s
 17596584 2941288 40206.1873  177   11 40193.0000 40206.1873  0.03%   2.2 2690s
 17642715 2949551 40205.9562  205    8 40193.0000 40206.1873  0.03%   2.2 2696s
 17681872 2958567 40201.3491  197   12 40193.0000 40206.1873  0.03%   2.2 2700s
 17725713 2967584 40194.2845  186   10 40193.0000 40206.1873  0.03%   2.2 2705s
 17767292 2975010 40206.1873  203   14 40193.0000 40206.1873  0.03%   2.2 2710s
 17809664 2981826     cutoff  192      40193.0000 40206.1873  0.03%   2.2 2715s
 17852328 2987248 40206.1873  213   10 40193.0000 40206.1873  0.03%   2.2 2720s
 17887123 2992331 40206.1873  188   14 40193.0000 40206.1873  0.03%   2.2 2725s
 17936446 2998495 40206.1873  186   12 40193.0000 40206.1873  0.03%   2.2 2730s
 17972395 3003474     cutoff  201      40193.0000 40206.1873  0.03%   2.2 2735s
 18007691 3008544 40197.5903  197   10 40193.0000 40206.1873  0.03%   2.2 2740s
 18051036 3013453 40205.9562  224   11 40193.0000 40206.1873  0.03%   2.2 2745s
 18081098 3017317 40206.1873  169   17 40193.0000 40206.1873  0.03%   2.2 2750s
 18105231 3020825 40200.2133  161   13 40193.0000 40206.1873  0.03%   2.2 2756s
 18141120 3027481 40206.1873  170   13 40193.0000 40206.1873  0.03%   2.2 2760s
 18193038 3035322 40206.1873  164   12 40193.0000 40206.1873  0.03%   2.2 2765s
 18233708 3041500     cutoff  169      40193.0000 40206.1873  0.03%   2.2 2775s
 18277113 3051609     cutoff  196      40193.0000 40206.1873  0.03%   2.2 2780s
 18322461 3059004 40197.5903  176   14 40193.0000 40206.1873  0.03%   2.2 2785s
 18378546 3069993 40206.1873  162   15 40193.0000 40206.1873  0.03%   2.2 2790s
 18427909 3079024 40194.2845  165   10 40193.0000 40206.1873  0.03%   2.2 2795s
 18470980 3087989 40206.1873  162   12 40193.0000 40206.1873  0.03%   2.2 2801s
 18507370 3094626 40202.6335  169   10 40193.0000 40206.1873  0.03%   2.2 2805s
 18552094 3102649 40202.1806  171   13 40193.0000 40206.1873  0.03%   2.2 2810s
 18602489 3110187 40196.8534  200   10 40193.0000 40206.1873  0.03%   2.2 2815s
 18648925 3119185 40205.9562  177   12 40193.0000 40206.1873  0.03%   2.2 2820s
 18693087 3127077 infeasible  173      40193.0000 40206.1873  0.03%   2.2 2825s
 18736672 3135023 40198.2460  179   12 40193.0000 40206.1873  0.03%   2.2 2830s
 18780012 3142846 40205.9562  186    9 40193.0000 40206.1873  0.03%   2.2 2835s
 18834804 3152074 infeasible  180      40193.0000 40206.1873  0.03%   2.2 2840s
 18882450 3161184     cutoff  223      40193.0000 40206.1873  0.03%   2.2 2845s
 18925727 3168699 40205.9562  181   11 40193.0000 40206.1873  0.03%   2.2 2850s
 18974290 3178469 40204.1479  172   13 40193.0000 40206.1873  0.03%   2.2 2855s
 19021956 3187019 40194.2845  213   10 40193.0000 40206.1873  0.03%   2.2 2860s
 19064287 3194044 40194.9267  227   12 40193.0000 40206.1873  0.03%   2.2 2865s
 19084172 3196469 40199.5576  179   12 40193.0000 40206.1873  0.03%   2.2 2872s
 19093696 3198720 40202.6335  171   11 40193.0000 40206.1873  0.03%   2.2 2875s
 19137101 3206729 40205.9562  177   10 40193.0000 40206.1873  0.03%   2.2 2880s
 19172369 3213411     cutoff  184      40193.0000 40206.1873  0.03%   2.2 2885s
 19215995 3220500 40206.1873  191   13 40193.0000 40206.1873  0.03%   2.2 2890s
 19266930 3228865 40206.1873  192   18 40193.0000 40206.1873  0.03%   2.2 2895s
 19309690 3234777 40205.9562  165   10 40193.0000 40206.1873  0.03%   2.2 2900s
 19350917 3242505 40205.9562  186   11 40193.0000 40206.1873  0.03%   2.2 2905s
 19398831 3250920 40196.9345  177   12 40193.0000 40206.1873  0.03%   2.2 2910s
 19441541 3258372 40199.5576  167   10 40193.0000 40206.1873  0.03%   2.2 2915s
 19483172 3265656 40202.8363  174   13 40193.0000 40206.1873  0.03%   2.2 2920s
 19531369 3274527 40197.5903  172   11 40193.0000 40206.1873  0.03%   2.2 2925s
 19572811 3281864 40205.9562  174   11 40193.0000 40206.1873  0.03%   2.2 2930s
 19608989 3287192 40205.9562  174   11 40193.0000 40206.1873  0.03%   2.2 2935s
 19649128 3294534 40205.9562  177   12 40193.0000 40206.1873  0.03%   2.2 2940s
 19678584 3299191 40202.1806  166   11 40193.0000 40206.1873  0.03%   2.2 2945s
 19715526 3305346 40206.1873  171   11 40193.0000 40206.1873  0.03%   2.2 2950s
 19746048 3310936     cutoff  159      40193.0000 40206.1873  0.03%   2.2 2955s
 19772847 3316249 40206.1873  171   15 40193.0000 40206.1873  0.03%   2.2 2960s
 19804309 3322212 40206.0650  172   12 40193.0000 40206.1873  0.03%   2.2 2965s
 19832614 3327807 40206.1873  172   17 40193.0000 40206.1873  0.03%   2.2 2970s
 19874275 3335222 40200.2133  175   11 40193.0000 40206.1873  0.03%   2.2 2975s
 19908791 3341533 40205.2025  183   11 40193.0000 40206.1873  0.03%   2.2 2980s
 19942993 3348065 40194.9267  179   13 40193.0000 40206.1873  0.03%   2.2 2985s
 19971919 3352806 40198.1379  172   11 40193.0000 40206.1873  0.03%   2.2 2992s
 19985318 3355632     cutoff  171      40193.0000 40206.1873  0.03%   2.2 2995s
 20026895 3363470 40206.1873  173   14 40193.0000 40206.1873  0.03%   2.2 3000s
 20066878 3371218 40205.9562  159   11 40193.0000 40206.1873  0.03%   2.2 3005s
 20103250 3378264     cutoff  173      40193.0000 40206.1873  0.03%   2.2 3010s
 20144982 3385561 40206.1873  170   13 40193.0000 40206.1873  0.03%   2.2 3016s
 20179761 3391261 40205.9562  180    9 40193.0000 40206.1873  0.03%   2.2 3020s
 20220325 3398140 40194.9267  212   12 40193.0000 40206.1873  0.03%   2.2 3025s
 20268321 3405846 40206.1873  173   11 40193.0000 40206.1873  0.03%   2.2 3030s
 20306058 3412632 40206.1873  173   15 40193.0000 40206.1873  0.03%   2.2 3035s
 20341771 3417026 40203.4921  177   13 40193.0000 40206.1873  0.03%   2.2 3040s
 20375295 3423214 40206.1873  169   14 40193.0000 40206.1873  0.03%   2.2 3045s
 20414362 3429870 40205.9562  178   10 40193.0000 40206.1873  0.03%   2.2 3050s
 20446456 3433912     cutoff  153      40193.0000 40206.1873  0.03%   2.2 3055s
 20469705 3436961 40200.0646  175   11 40193.0000 40206.1873  0.03%   2.2 3060s
 20502892 3440724 40202.8363  173   13 40193.0000 40206.1873  0.03%   2.2 3066s
 20524176 3444380 40202.1806  162   14 40193.0000 40206.1873  0.03%   2.2 3070s
 20568809 3449426 40206.1873  174   13 40193.0000 40206.1873  0.03%   2.2 3075s
 20603986 3454572 40202.8363  176   13 40193.0000 40206.1873  0.03%   2.2 3080s
 20650268 3460385 40206.1873  160   13 40193.0000 40206.1873  0.03%   2.2 3085s
 20681977 3464921 40206.1873  170   13 40193.0000 40206.1873  0.03%   2.2 3090s
 20705304 3467408 40205.9562  166   11 40193.0000 40206.1873  0.03%   2.2 3095s
 20740290 3472412 40196.8534  185   11 40193.0000 40206.1873  0.03%   2.2 3100s
 20773949 3476940 40205.9562  186   11 40193.0000 40206.1873  0.03%   2.2 3105s
 20805864 3481639 40194.2845  184   11 40193.0000 40206.1873  0.03%   2.2 3110s
 20838831 3486128 40206.1873  168   13 40193.0000 40206.1873  0.03%   2.2 3115s
 20873861 3491341 40205.2025  180   11 40193.0000 40206.1873  0.03%   2.2 3121s
 20906744 3496205 40206.1873  159   13 40193.0000 40206.1873  0.03%   2.2 3126s
 20935645 3500403 40196.2112  173   14 40193.0000 40206.1873  0.03%   2.2 3130s
 20962778 3504601 40195.5689  202    9 40193.0000 40206.1873  0.03%   2.2 3135s
 20995416 3509086 40194.9267  164   11 40193.0000 40206.1873  0.03%   2.2 3140s
 21023504 3513169 40205.9562  178   11 40193.0000 40206.1873  0.03%   2.2 3146s
 21045986 3516346 40206.1873  161   13 40193.0000 40206.1873  0.03%   2.2 3150s
 21057799 3517548 40200.7068  176   10 40193.0000 40206.1873  0.03%   2.2 3160s
 21057813 3519533 40200.7068  176    9 40193.0000 40206.1873  0.03%   2.2 3171s
 21069825 3521222 40206.1873  170   19 40193.0000 40206.1873  0.03%   2.2 3176s
 21092100 3523874 40197.4957  170   14 40193.0000 40206.1873  0.03%   2.2 3180s
 21120140 3528177 40194.2845  175    7 40193.0000 40206.1873  0.03%   2.2 3185s
 21149825 3531966 40206.1873  177   13 40193.0000 40206.1873  0.03%   2.2 3190s
 21183894 3537130 40203.2758  168   15 40193.0000 40206.1873  0.03%   2.2 3195s
 21212052 3541141 40206.1873  170    9 40193.0000 40206.1873  0.03%   2.2 3200s
 21243804 3545974 40206.0650  169   15 40193.0000 40206.1873  0.03%   2.2 3206s
 21261184 3548898 40205.9562  179   11 40193.0000 40206.1873  0.03%   2.2 3210s
 21287213 3552867 40206.1873  166   19 40193.0000 40206.1873  0.03%   2.2 3215s
 21309450 3555944 40206.1873  175   10 40193.0000 40206.1873  0.03%   2.2 3220s
 21331177 3558688 40206.1873  164   15 40193.0000 40206.1873  0.03%   2.2 3225s
 21358825 3562492 40194.2845  164   10 40193.0000 40206.1873  0.03%   2.2 3230s
 21388816 3566865 40198.9018  157   14 40193.0000 40206.1873  0.03%   2.2 3235s
 21411499 3569666 40195.5689  187   11 40193.0000 40206.1873  0.03%   2.2 3240s
 21439117 3574808 40206.1873  169   14 40193.0000 40206.1873  0.03%   2.2 3245s
 21471557 3581768 40206.1873  168   13 40193.0000 40206.1873  0.03%   2.2 3250s
 21499452 3585996 40206.1873  171   13 40193.0000 40206.1873  0.03%   2.2 3255s
 21524878 3590446 40196.2112  199   12 40193.0000 40206.1873  0.03%   2.2 3260s
 21560122 3595428 40206.1873  190   13 40193.0000 40206.1873  0.03%   2.2 3265s
 21591220 3601620 40205.9562  191    9 40193.0000 40206.1873  0.03%   2.2 3270s
 21626524 3605662 40194.2845  199   11 40193.0000 40206.1873  0.03%   2.2 3275s
 21668632 3611842 40194.2845  180   12 40193.0000 40206.1873  0.03%   2.2 3280s
 21718385 3619142 40199.4224  174   12 40193.0000 40206.1873  0.03%   2.2 3285s
 21755434 3626156 40199.4224  192    7 40193.0000 40206.1873  0.03%   2.2 3290s
 21793350 3630676 40204.8036  173   12 40193.0000 40206.1873  0.03%   2.2 3295s
 21827148 3635225 40203.9180  182   12 40193.0000 40206.1873  0.03%   2.2 3301s
 21859460 3640415 40205.9562  156    9 40193.0000 40206.1873  0.03%   2.2 3305s
 21896599 3645068 40205.8447  177   12 40193.0000 40206.1873  0.03%   2.2 3310s
 21936222 3653088 40205.9562  199   10 40193.0000 40206.1873  0.03%   2.2 3315s
 21979102 3665052     cutoff  168      40193.0000 40206.1873  0.03%   2.2 3320s
 22004487 3669939 40205.2025  213   12 40193.0000 40206.1873  0.03%   2.2 3325s
 22054655 3678296 40205.8447  174   15 40193.0000 40206.1873  0.03%   2.2 3330s
 22090087 3683958 40203.9180  176   13 40193.0000 40206.1873  0.03%   2.2 3335s
 22118150 3688298 40206.1873  191   11 40193.0000 40206.1873  0.03%   2.2 3340s
 22173547 3699650     cutoff  222      40193.0000 40206.1873  0.03%   2.2 3345s
 22215744 3707890 40205.9562  194   12 40193.0000 40206.1873  0.03%   2.2 3350s
 22259136 3717314     cutoff  168      40193.0000 40206.1873  0.03%   2.2 3355s
 22289679 3723916 40195.6230  206   12 40193.0000 40206.1873  0.03%   2.2 3360s
 22331700 3731406 40206.1873  192   13 40193.0000 40206.1873  0.03%   2.2 3365s
 22367049 3737790 40205.9562  170   13 40193.0000 40206.1873  0.03%   2.2 3370s
 22394137 3743551 40205.9562  207   12 40193.0000 40206.1873  0.03%   2.2 3375s
 22430065 3750428 40205.9562  209   12 40193.0000 40206.1873  0.03%   2.2 3380s
 22461530 3757025 40205.2025  219    8 40193.0000 40206.1873  0.03%   2.2 3385s
 22502836 3765184 40205.9562  205   14 40193.0000 40206.1873  0.03%   2.2 3390s
 22537774 3771184 40205.9562  212    8 40193.0000 40206.1873  0.03%   2.2 3395s
 22584221 3779994 40205.9562  209   10 40193.0000 40206.1873  0.03%   2.2 3400s
 22619800 3786220 40205.9562  219   10 40193.0000 40206.1873  0.03%   2.2 3405s
 22659513 3794996 40206.1873  182   13 40193.0000 40206.1873  0.03%   2.2 3410s
 22691426 3800751 40206.0650  174   13 40193.0000 40206.1873  0.03%   2.2 3415s
 22722273 3806411 40199.1162  203   16 40193.0000 40206.1873  0.03%   2.2 3420s
 22753406 3811618     cutoff  206      40193.0000 40206.1873  0.03%   2.2 3425s
 22795305 3820124 40197.4957  223   10 40193.0000 40206.1873  0.03%   2.2 3430s
 22835232 3827136 40198.9018  211    9 40193.0000 40206.1873  0.03%   2.2 3435s
 22871984 3837065 40205.9562  198   13 40193.0000 40206.1873  0.03%   2.2 3440s
 22914938 3845588 40205.9562  212    9 40193.0000 40206.1873  0.03%   2.2 3445s
 22950161 3851138 40205.9562  198   11 40193.0000 40206.1873  0.03%   2.2 3450s
 22987019 3859189 40200.2133  206   11 40193.0000 40206.1873  0.03%   2.2 3455s
 23035380 3869160 40206.1873  197   13 40193.0000 40206.1873  0.03%   2.2 3461s
 23071270 3874247 40204.8036  202   10 40193.0000 40206.1873  0.03%   2.2 3465s
 23112493 3879064     cutoff  198      40193.0000 40206.1873  0.03%   2.2 3470s
 23148770 3883249 40194.2845  216   11 40193.0000 40206.1873  0.03%   2.2 3475s
 23188825 3889837 40205.9562  208   10 40193.0000 40206.1873  0.03%   2.2 3480s
 23231813 3898145 40205.9562  198    9 40193.0000 40206.1873  0.03%   2.2 3486s
 23268321 3902490 40206.1873  194   14 40193.0000 40206.1873  0.03%   2.2 3490s
 23308155 3908193 40206.1873  196   14 40193.0000 40206.1873  0.03%   2.2 3495s
 23342469 3913997     cutoff  189      40193.0000 40206.1873  0.03%   2.2 3500s
 23379521 3919591 40205.9562  205   12 40193.0000 40206.1873  0.03%   2.2 3505s
 23391703 3922435 40194.2845  218   11 40193.0000 40206.1873  0.03%   2.2 3512s
 23426227 3926884 40206.1873  189   14 40193.0000 40206.1873  0.03%   2.2 3516s
 23458698 3931388     cutoff  208      40193.0000 40206.1873  0.03%   2.2 3520s
 23500267 3936913     cutoff  211      40193.0000 40206.1873  0.03%   2.2 3525s
 23535444 3940564 40206.1873  202   13 40193.0000 40206.1873  0.03%   2.2 3530s
 23581497 3945938     cutoff  192      40193.0000 40206.1873  0.03%   2.2 3535s
 23616796 3949945 40206.1873  201   10 40193.0000 40206.1873  0.03%   2.2 3540s
 23665909 3956422     cutoff  198      40193.0000 40206.1873  0.03%   2.2 3545s
 23702437 3960661 40206.1873  191   14 40193.0000 40206.1873  0.03%   2.2 3550s
 23736367 3965144 40206.1873  192   12 40193.0000 40206.1873  0.03%   2.2 3555s
 23775216 3969482 40206.1873  194   14 40193.0000 40206.1873  0.03%   2.2 3560s
 23811344 3973052     cutoff  210      40193.0000 40206.1873  0.03%   2.2 3565s
 23847419 3977302 40198.1379  198    9 40193.0000 40206.1873  0.03%   2.2 3570s
 23887995 3981893     cutoff  204      40193.0000 40206.1873  0.03%   2.2 3575s
 23925248 3985914 40205.9562  206   10 40193.0000 40206.1873  0.03%   2.2 3580s
 23959363 3989061 40199.4480  210   12 40193.0000 40206.1873  0.03%   2.2 3585s
 23990997 3991813 40206.1151  197   14 40193.0000 40206.1873  0.03%   2.2 3590s
 24029820 3996417 40201.3491  208   10 40193.0000 40206.1873  0.03%   2.2 3595s

Cutting planes:
  Gomory: 6
  Cover: 5
  MIR: 2
  Flow cover: 2
  Inf proof: 196
  Zero half: 1
  RLT: 1

Explored 24067123 nodes (52733683 simplex iterations) in 3600.08 seconds
Thread count was 12 (of 12 available processors)

Solution count 8: 40193 40160 40147 ... 25284

Time limit reached
Best objective 4.019300000000e+04, best bound 4.020600000000e+04, gap 0.0323%
