
Gurobi 9.1.2 (win64, Java) logging started Sun Nov 14 13:58:00 2021

Academic license - for non-commercial use only - expires 2022-10-30
Gurobi Optimizer version 9.1.2 build v9.1.2rc0 (win64)
Thread count: 6 physical cores, 12 logical processors, using up to 12 threads
Optimize a model with 110 rows, 1000 columns and 2000 nonzeros
Model fingerprint: 0x882ffc7e
Variable types: 0 continuous, 1000 integer (1000 binary)
Coefficient statistics:
  Matrix range     [1e+00, 1e+03]
  Objective range  [3e+00, 1e+03]
  Bounds range     [1e+00, 1e+00]
  RHS range        [1e+00, 3e+03]
Found heuristic solution: objective 24306.000000
Presolve time: 0.02s
Presolved: 110 rows, 1000 columns, 2000 nonzeros
Variable types: 0 continuous, 1000 integer (1000 binary)
Presolved: 110 rows, 1000 columns, 2000 nonzeros


Root relaxation: objective 4.090597e+04, 176 iterations, 0.00 seconds

    Nodes    |    Current Node    |     Objective Bounds      |     Work
 Expl Unexpl |  Obj  Depth IntInf | Incumbent    BestBd   Gap | It/Node Time

     0     0 40905.9740    0   14 24306.0000 40905.9740  68.3%     -    0s
H    0     0                    39829.000000 40905.9740  2.70%     -    0s
H    0     0                    40670.000144 40905.9740  0.58%     -    0s
     0     0 40892.7543    0   25 40670.0001 40892.7543  0.55%     -    1s
     0     0 40892.7543    0   29 40670.0001 40892.7543  0.55%     -    3s
     0     0 40888.7230    0   25 40670.0001 40888.7230  0.54%     -    3s
     0     0 40888.7230    0   27 40670.0001 40888.7230  0.54%     -    3s
     0     0 40888.7230    0   33 40670.0001 40888.7230  0.54%     -    3s
     0     0 40888.7230    0   12 40670.0001 40888.7230  0.54%     -    3s
     0     0 40888.7230    0   14 40670.0001 40888.7230  0.54%     -    3s
     0     0 40888.7230    0   19 40670.0001 40888.7230  0.54%     -    4s
     0     0 40888.7230    0   22 40670.0001 40888.7230  0.54%     -    4s
     0     0 40888.7230    0   23 40670.0001 40888.7230  0.54%     -    4s
     0     0 40888.7230    0   13 40670.0001 40888.7230  0.54%     -    4s
H    0     2                    40709.000000 40888.7230  0.44%     -    5s
     0     2 40888.7230    0   13 40709.0000 40888.7230  0.44%     -    5s
H  601   619                    40771.000000 40888.7230  0.29%   7.6    9s
  1634  1434 40781.2000  132   10 40771.0000 40888.7230  0.29%   6.1   10s
  1669  1459 40864.3040   14   12 40771.0000 40864.3040  0.23%   8.0   16s
 13289 11206 40779.7171  240   16 40771.0000 40864.3040  0.23%   4.3   20s
 14639 11438 40817.8313   48   17 40771.0000 40864.3040  0.23%   4.2   25s
 37462 29491 40857.5546   68   30 40771.0000 40863.6604  0.23%   3.5   30s
 37476 29500 40847.0686   49   17 40771.0000 40863.5121  0.23%   3.5   35s
 37490 29510 40779.7171  169   17 40771.0000 40861.8515  0.22%   3.5   40s
 37497 29517 40861.8515   40   14 40771.0000 40861.8515  0.22%   3.6   45s
 37691 29647 40861.8515   51   18 40771.0000 40861.8515  0.22%   3.7   50s
 42847 32484 40850.0000  278   16 40771.0000 40860.9729  0.22%   3.6   55s
 61947 43522 40829.0000  335   14 40771.0000 40856.4852  0.21%   3.5   60s
 93271 60510 40855.2340   90   16 40771.0000 40856.2448  0.21%   3.3   65s
 123280 76459 40850.0000  328   17 40771.0000 40856.1358  0.21%   3.3   70s
 155552 103238 40794.0867   99   14 40771.0000 40856.1211  0.21%   3.2   75s
 172605 117487 40854.9280  103   16 40771.0000 40856.1162  0.21%   3.1   80s
 188512 131519 40800.0968  117   18 40771.0000 40856.1162  0.21%   3.1   85s
 202490 143268 40850.0000  245   13 40771.0000 40856.1162  0.21%   3.1   90s
 217916 155355 40855.2340   83   21 40771.0000 40856.1162  0.21%   3.1   95s
 233267 168206 40855.2340   92   18 40771.0000 40855.5461  0.21%   3.1  100s
 248371 178931 40855.2340  104   15 40771.0000 40855.5461  0.21%   3.1  106s
 263756 191352 40855.2340   96   16 40771.0000 40855.5461  0.21%   3.1  111s
 280015 205712 40855.2340  132   17 40771.0000 40855.5461  0.21%   3.1  115s
 293150 216461 40855.5461   85   23 40771.0000 40855.5461  0.21%   3.1  120s
 314276 234117 40855.2340   87   15 40771.0000 40855.5461  0.21%   3.1  126s
 332243 250354 40854.6956  149   18 40771.0000 40855.5461  0.21%   3.1  130s
 343483 260308 40853.6737  169   17 40771.0000 40855.5461  0.21%   3.1  135s
 362358 275439 40850.0004  195   15 40771.0000 40855.5461  0.21%   3.1  140s
 375914 287436 40850.0004  211   14 40771.0000 40855.5461  0.21%   3.1  145s
 394051 302491 40850.0004  252   13 40771.0000 40855.5461  0.21%   3.1  150s
 417872 324356 40855.5461  103   21 40771.0000 40855.5461  0.21%   3.1  155s
 419729 324503 40852.8529  165   17 40771.0000 40855.5461  0.21%   3.1  162s
 427242 332182 40854.0823  136   14 40771.0000 40855.5461  0.21%   3.1  165s
 457332 358093 40855.2339  109   17 40771.0000 40855.5461  0.21%   3.1  170s
 475433 373379 40855.2340  101   21 40771.0000 40855.5461  0.21%   3.1  175s
 495496 389880 40850.0000  167   18 40771.0000 40855.5461  0.21%   3.1  180s
 514288 405886 40850.0000  269   14 40771.0000 40855.5461  0.21%   3.1  185s
 528190 417333 40852.8527  161   17 40771.0000 40855.5461  0.21%   3.1  190s
 549190 435662 40855.2967   69   19 40771.0000 40855.2967  0.21%   3.2  195s
 576098 459386 40855.2340   86   15 40771.0000 40855.2967  0.21%   3.2  200s
 596621 476568 40855.2967   74   16 40771.0000 40855.2967  0.21%   3.2  205s
 610714 489033 40855.2340  112   17 40771.0000 40855.2967  0.21%   3.2  210s
 629373 504028 40850.0019  222   14 40771.0000 40855.2967  0.21%   3.2  215s
 652123 524087     cutoff   90      40771.0000 40855.2967  0.21%   3.2  220s
 668836 537947 40855.2340  120   17 40771.0000 40855.2967  0.21%   3.2  225s
 688362 555354 40855.2340   95   18 40771.0000 40855.2967  0.21%   3.2  230s
 707361 571736 40855.2340   80   15 40771.0000 40855.2967  0.21%   3.2  235s
 716296 579806 40855.2340   84   13 40771.0000 40855.2967  0.21%   3.2  240s
 732769 593145 40854.7764  224   19 40771.0000 40855.2967  0.21%   3.2  246s
 741597 600335 40854.6957  155   16 40771.0000 40855.2967  0.21%   3.2  251s
 747709 605852 40855.2340   79   18 40771.0000 40855.2967  0.21%   3.2  256s
 768509 623542 40855.2340  130   18 40771.0000 40855.2967  0.21%   3.2  261s
 780813 634801 40853.2658  135   14 40771.0000 40855.2967  0.21%   3.2  265s
 786112 637651 40855.2340  132   18 40771.0000 40855.2967  0.21%   3.2  270s
 796287 646374 40855.2340  147   19 40771.0000 40855.2967  0.21%   3.2  277s
 796403 656703 40855.2340  148   19 40771.0000 40855.2967  0.21%   3.2  281s
 821010 668974 40855.2340  125   17 40771.0000 40855.2967  0.21%   3.3  285s
 841049 686163 40850.0000  268   15 40771.0000 40855.2967  0.21%   3.3  290s
 862232 703807 40855.2340  129   17 40771.0000 40855.2967  0.21%   3.3  295s
 882390 721423 40825.3951  159   14 40771.0000 40855.2967  0.21%   3.3  300s
 892829 730294 40774.4293  225   16 40771.0000 40855.2967  0.21%   3.3  305s
 911477 745996 40855.2967  120   18 40771.0000 40855.2967  0.21%   3.3  310s
 929112 760444     cutoff  165      40771.0000 40855.2967  0.21%   3.3  315s
 943682 773034 40855.2967   97   17 40771.0000 40855.2967  0.21%   3.3  320s
 960798 786412 40854.8987  170   12 40771.0000 40855.2967  0.21%   3.3  326s
 969194 794359 40855.2340  110   15 40771.0000 40855.2967  0.21%   3.3  330s
 983286 806673 40855.2340  149   17 40771.0000 40855.2967  0.21%   3.3  335s
 992181 814246 40855.2967  109   18 40771.0000 40855.2967  0.21%   3.3  341s
 1002741 823991 40772.2025  233   15 40771.0000 40855.2967  0.21%   3.3  345s
 1012254 831222 40850.0019  227   14 40771.0000 40855.2967  0.21%   3.3  350s
 1026573 843331 40855.2340  131   16 40771.0000 40855.2967  0.21%   3.4  355s
 1036395 851736 40855.2339  131   15 40771.0000 40855.2967  0.21%   3.4  360s
 1048676 862516 40855.2340  146   19 40771.0000 40855.2967  0.21%   3.4  365s
 1061059 873920 40855.2340  125   17 40771.0000 40855.2967  0.21%   3.4  370s
 1075698 885605 40855.2340  175   16 40771.0000 40855.2967  0.21%   3.4  375s
 1085735 895024 40855.2967   84   19 40771.0000 40855.2967  0.21%   3.4  380s
 1093657 899918 40855.2340  140   18 40771.0000 40855.2967  0.21%   3.4  387s
 1093669 910456 40855.2340  141   18 40771.0000 40855.2967  0.21%   3.4  391s
 1108836 915175 40855.2340  132   17 40771.0000 40855.2967  0.21%   3.4  395s
 1127310 930778 40854.8987  164   20 40771.0000 40855.2967  0.21%   3.4  400s
 1141791 943316 40855.2339  252   15 40771.0000 40855.2967  0.21%   3.4  405s
 1158074 957630 40855.2339  208   17 40771.0000 40855.2967  0.21%   3.5  410s
 1173603 970949 40855.2339   80   20 40771.0000 40855.2967  0.21%   3.5  415s
 1193036 987519 40848.9088  305   14 40771.0000 40855.2967  0.21%   3.5  420s
 1212152 1004579 infeasible  263      40771.0000 40855.2967  0.21%   3.5  425s
 1231591 1021577 40855.2339   92   19 40771.0000 40855.2967  0.21%   3.5  430s
 1248443 1035815 40855.2340   98   16 40771.0000 40855.2967  0.21%   3.5  435s
 1262015 1046677 40855.2339  333   18 40771.0000 40855.2967  0.21%   3.5  440s
 1278644 1062010 40855.2339  135   17 40771.0000 40855.2967  0.21%   3.5  445s
 1294189 1074928 40855.2339  153   18 40771.0000 40855.2967  0.21%   3.5  451s
 1309102 1087916 40855.2340  128   16 40771.0000 40855.2967  0.21%   3.6  455s
 1320621 1097979 40855.2339  128   18 40771.0000 40855.2967  0.21%   3.6  460s
 1329965 1105801 40780.3038  323   11 40771.0000 40855.2967  0.21%   3.6  465s
 1341921 1115069 40776.1744  138   14 40771.0000 40855.2967  0.21%   3.6  470s
 1358582 1128190 40843.1452  124   21 40771.0000 40855.2967  0.21%   3.6  479s
 1358594 1129910 40831.3229  125   20 40771.0000 40855.2967  0.21%   3.6  480s
 1369717 1139362 40772.8274  259   15 40771.0000 40855.2967  0.21%   3.6  485s
 1385288 1152016 40855.2339  159   16 40771.0000 40855.2967  0.21%   3.6  490s
 1398131 1162287 40847.7621  174   15 40771.0000 40855.2967  0.21%   3.6  495s
 1417476 1179073 40855.2339   88   22 40771.0000 40855.2967  0.21%   3.6  500s
 1436956 1196643 40854.7764  157   20 40771.0000 40855.2967  0.21%   3.6  505s
 1448110 1206115 40789.1019  190   17 40771.0000 40855.2967  0.21%   3.6  510s
 1467819 1222966 40855.2340   91   17 40771.0000 40855.2967  0.21%   3.6  515s
 1489291 1241487 40853.2658  120   16 40771.0000 40855.2967  0.21%   3.6  520s
 1510046 1259589 40852.8188  226   20 40771.0000 40855.2967  0.21%   3.6  525s
 1528970 1275876 40850.0019  310   16 40771.0000 40855.2967  0.21%   3.6  530s
 1549996 1292264 40855.2340  245   17 40771.0000 40855.2967  0.21%   3.7  537s
 1555367 1296842 40831.9048  237   18 40771.0000 40855.2967  0.21%   3.7  542s
 1565895 1307419 40855.2340  143   18 40771.0000 40855.2967  0.21%   3.7  545s
 1581467 1320451 40855.2340   86   15 40771.0000 40855.2967  0.21%   3.7  550s
 1595341 1332655 40855.2340  241   17 40771.0000 40855.2967  0.21%   3.7  555s
 1608773 1343670 40850.8165  168   14 40771.0000 40855.2967  0.21%   3.7  560s
 1624038 1356861 40855.2340  108   20 40771.0000 40855.2967  0.21%   3.7  565s
 1639977 1370452 40855.2340   92   15 40771.0000 40855.2967  0.21%   3.7  570s
 1661410 1389290 40855.2339   84   23 40771.0000 40855.2967  0.21%   3.7  575s
 1676835 1402729 40811.7493  166   17 40771.0000 40855.2967  0.21%   3.7  580s
 1696383 1419430 40855.2339  133   18 40771.0000 40855.2967  0.21%   3.7  586s
 1709340 1429472 40855.2967   99   18 40771.0000 40855.2967  0.21%   3.7  592s
 1715869 1435948 infeasible  145      40771.0000 40855.2967  0.21%   3.7  595s
 1727570 1445077 40855.2340  113   17 40771.0000 40855.2967  0.21%   3.7  600s
 1739956 1454314 40850.0019  220   16 40771.0000 40855.2967  0.21%   3.7  605s
 1754218 1466203 40854.7764  192   18 40771.0000 40855.2967  0.21%   3.7  611s
 1765946 1476204 40850.0000  226   16 40771.0000 40855.2967  0.21%   3.7  615s
 1776855 1484722 40855.2339   97   22 40771.0000 40855.2967  0.21%   3.7  621s
 1785178 1491698 40855.2967   89   19 40771.0000 40855.2967  0.21%   3.7  625s
 1801980 1505773 40854.8987  149   14 40771.0000 40855.2967  0.21%   3.7  631s
 1808935 1512044 40855.2340  198   15 40771.0000 40855.2967  0.21%   3.7  635s
 1821835 1522722 40855.2340  172   18 40771.0000 40855.2967  0.21%   3.7  640s
 1833513 1532052 40855.2340  140   18 40771.0000 40855.2967  0.21%   3.7  645s
 1848014 1544397 40843.1452   90   23 40771.0000 40855.2967  0.21%   3.7  651s
 1856783 1551966 infeasible  363      40771.0000 40855.2967  0.21%   3.7  655s
 1864257 1557342 40790.1013  308   12 40771.0000 40855.2967  0.21%   3.7  661s
 1870333 1562747 40855.2340  156   18 40771.0000 40855.2967  0.21%   3.7  666s
 1885195 1576617     cutoff  292      40771.0000 40855.2967  0.21%   3.7  670s
 1899136 1588276 40855.2340  175   17 40771.0000 40855.2967  0.21%   3.7  675s
 1912720 1599887 40855.2340  118   18 40771.0000 40855.2967  0.21%   3.7  680s
 1927820 1612273 40855.2340  109   17 40771.0000 40855.2967  0.21%   3.7  685s
 1941622 1623964 40826.8125  115   20 40771.0000 40855.2967  0.21%   3.8  690s
 1952433 1633510 40855.2340  137   15 40771.0000 40855.2967  0.21%   3.8  695s
 1964413 1642663 40775.1613  133   13 40771.0000 40855.2967  0.21%   3.8  700s
 1974800 1651833 40855.2150  233   17 40771.0000 40855.2967  0.21%   3.8  705s
 1984524 1660119 40784.3126  121   17 40771.0000 40855.2967  0.21%   3.8  710s
 1993750 1668292 40855.2340  182   16 40771.0000 40855.2967  0.21%   3.8  715s
 2003896 1676014 40815.9430  117   18 40771.0000 40855.2967  0.21%   3.8  720s
 2013128 1684145 40855.1654  226   17 40771.0000 40855.2967  0.21%   3.8  725s
 2025307 1694838 40824.2857  216   16 40771.0000 40855.2967  0.21%   3.8  730s
 2035578 1703708 40855.2339  110   18 40771.0000 40855.2967  0.21%   3.8  735s
 2048770 1714377 40853.8851  301   15 40771.0000 40855.2967  0.21%   3.8  741s
 2056075 1721272 40850.8165  218   14 40771.0000 40855.2967  0.21%   3.8  745s
 2067132 1730466 40855.2339   96   18 40771.0000 40855.2967  0.21%   3.8  750s
 2077216 1738963 40850.0000  275   17 40771.0000 40855.2967  0.21%   3.8  756s
 2089116 1749563 40855.2339   94   20 40771.0000 40855.2967  0.21%   3.8  760s
 2094032 1754033 40855.2339  238   19 40771.0000 40855.2967  0.21%   3.8  765s
 2107949 1765327 40855.2339  132   15 40771.0000 40855.2967  0.21%   3.8  771s
 2118836 1775393 40855.2339  218   21 40771.0000 40855.2967  0.21%   3.8  775s
 2128594 1783660 40855.2339   77   18 40771.0000 40855.2967  0.21%   3.8  780s
 2136134 1789346 40855.2339  109   18 40771.0000 40855.2967  0.21%   3.8  786s
 2142174 1794840 40855.2339  172   14 40771.0000 40855.2967  0.21%   3.8  790s
 2151743 1803731 40855.2339  172   18 40771.0000 40855.2967  0.21%   3.8  795s
 2163813 1813676 40853.2597  289   17 40771.0000 40855.2967  0.21%   3.8  800s
 2174493 1823711 40850.8165  196   17 40771.0000 40855.2967  0.21%   3.8  805s
 2185114 1832592 40814.0792  200   18 40771.0000 40855.2967  0.21%   3.8  810s
 2192937 1837419 40855.2339  114   17 40771.0000 40855.2967  0.21%   3.8  816s
 2194868 1840220 40855.2339  143   16 40771.0000 40855.2967  0.21%   3.8  820s
 2207942 1852343 40851.9503  179   16 40771.0000 40855.2967  0.21%   3.8  825s
 2223216 1864954 infeasible  293      40771.0000 40855.2967  0.21%   3.9  830s
 2233211 1874154 40806.9405  139   16 40771.0000 40855.2967  0.21%   3.9  835s
 2252832 1890446 40855.2339  135   19 40771.0000 40855.2967  0.21%   3.9  840s
 2265107 1900527 40854.6957  197   19 40771.0000 40855.2967  0.21%   3.9  845s
 2282477 1914216 40783.0190  287   17 40771.0000 40855.2967  0.21%   3.9  850s
 2296929 1926643 40850.0019  291   15 40771.0000 40855.2967  0.21%   3.9  855s
 2311641 1939168 40820.3272  228   17 40771.0000 40855.2967  0.21%   3.9  860s
 2319937 1945851 40855.2339   68   24 40771.0000 40855.2967  0.21%   3.9  865s
 2331619 1955068 40854.1337  170   18 40771.0000 40855.2967  0.21%   3.9  870s
 2346080 1968256 40855.2339   82   17 40771.0000 40855.2967  0.21%   3.9  875s
 2361678 1981221 40855.2339  107   19 40771.0000 40855.2967  0.21%   3.9  880s
 2379199 1996027 40796.5226  131   19 40771.0000 40855.2967  0.21%   3.9  885s
 2389254 2005198 40855.2967   54   21 40771.0000 40855.2967  0.21%   3.9  890s
 2400674 2014735 40854.7421   97   16 40771.0000 40855.2967  0.21%   3.9  896s
 2410701 2023566 40855.2340   80   16 40771.0000 40855.2967  0.21%   3.9  900s
 2419991 2031274 40855.2967   71   21 40771.0000 40855.2967  0.21%   3.9  906s
 2431479 2041543 40850.0000  335   20 40771.0000 40855.2967  0.21%   3.9  910s
 2440690 2049270 40789.7573  155   14 40771.0000 40855.2967  0.21%   3.9  915s
 2450519 2057930 40852.8528  220   18 40771.0000 40855.2967  0.21%   3.9  920s
 2459459 2065968 40855.2340  120   19 40771.0000 40855.2967  0.21%   3.9  925s
 2461677 2065980 40855.2340  110   17 40771.0000 40855.2967  0.21%   3.9  930s
 2473140 2077697 40855.2340  255   19 40771.0000 40855.2967  0.21%   3.9  935s
 2479256 2083021 40855.2339  156   18 40771.0000 40855.2967  0.21%   4.0  940s
 2494443 2096466 40850.5984  241   18 40771.0000 40855.2967  0.21%   4.0  945s
 2509768 2109214 40850.0000  296   18 40771.0000 40855.2967  0.21%   4.0  950s
 2514941 2113503 40836.2040  180   13 40771.0000 40855.2967  0.21%   4.0  955s
 2526949 2123672     cutoff  167      40771.0000 40855.2967  0.21%   4.0  960s
 2536178 2131275 40850.0000  213   17 40771.0000 40855.2967  0.21%   4.0  965s
 2547940 2141804 40855.2340  185   18 40771.0000 40855.2967  0.21%   4.0  970s
 2562111 2153508 40814.7969   93   22 40771.0000 40855.2967  0.21%   4.0  975s
 2573128 2163102 40855.2340  196   19 40771.0000 40855.2967  0.21%   4.0  980s
 2588550 2176117 40855.2340   69   17 40771.0000 40855.2967  0.21%   4.0  985s
 2600099 2185950 40855.2967   67   17 40771.0000 40855.2967  0.21%   4.0  991s
 2609130 2194106 40855.2340  163   15 40771.0000 40855.2967  0.21%   4.0  995s
 2623996 2206686 40855.2340   80   16 40771.0000 40855.2967  0.21%   4.0 1000s
 2632347 2214104 40855.2340  140   18 40771.0000 40855.2967  0.21%   4.0 1005s
 2644468 2224207 40852.4494  239   15 40771.0000 40855.2967  0.21%   4.0 1010s
 2653890 2232422 40855.2340  108   19 40771.0000 40855.2967  0.21%   4.0 1015s
 2662694 2240112 40855.2340  131   15 40771.0000 40855.2967  0.21%   4.0 1020s
 2674331 2249843 40855.2340  238   18 40771.0000 40855.2967  0.21%   4.0 1027s
 2676829 2252775 40855.2340   99   15 40771.0000 40855.2967  0.21%   4.0 1031s
 2687081 2261686 40855.2340  201   21 40771.0000 40855.2967  0.21%   4.0 1035s
 2696644 2269773 40850.0000  257   14 40771.0000 40855.2967  0.21%   4.0 1040s
 2703912 2274832 40855.2340   95   18 40771.0000 40855.2967  0.21%   4.0 1048s
 2707253 2279366 40855.2340  136   18 40771.0000 40855.2967  0.21%   4.0 1050s
 2717673 2287979 40774.0347  236   16 40771.0000 40855.2967  0.21%   4.0 1055s
 2734342 2301964 40855.2340  190   17 40771.0000 40855.2967  0.21%   4.0 1060s
 2747558 2312944 40855.2340  108   17 40771.0000 40855.2967  0.21%   4.0 1066s
 2757688 2321166 40854.8987  155   17 40771.0000 40855.2967  0.21%   4.0 1070s
 2768922 2330885 40855.2340  127   19 40771.0000 40855.2967  0.21%   4.0 1075s
 2779420 2339419 40775.2421  245   14 40771.0000 40855.2967  0.21%   4.0 1080s
 2789403 2347645 40855.2967  101   23 40771.0000 40855.2967  0.21%   4.0 1085s
 2804081 2359328 40855.2967  119   17 40771.0000 40855.2967  0.21%   4.0 1090s
 2819001 2372145 40855.2340  166   15 40771.0000 40855.2967  0.21%   4.1 1095s
 2829214 2379269 40813.2664  145   15 40771.0000 40855.2967  0.21%   4.1 1103s
 2832083 2381392 40855.2340  151   16 40771.0000 40855.2967  0.21%   4.1 1106s
 2841148 2389596 40850.0019  223   15 40771.0000 40855.2967  0.21%   4.1 1111s
 2853558 2399816 40775.2421  194   18 40771.0000 40855.2967  0.21%   4.1 1116s
 2866058 2410114 40855.2340  134   19 40771.0000 40855.2967  0.21%   4.1 1121s
 2874392 2417705 40855.2340  141   17 40771.0000 40855.2967  0.21%   4.1 1125s
 2886385 2427956 40850.0019  278   14 40771.0000 40855.2967  0.21%   4.1 1130s
 2893736 2433534 40850.0019  300   12 40771.0000 40855.2967  0.21%   4.1 1135s
 2903836 2442401 40855.2340  183   18 40771.0000 40855.2967  0.21%   4.1 1140s
 2911354 2448363 40814.9791  137   16 40771.0000 40855.2967  0.21%   4.1 1145s
 2919662 2452998     cutoff  140      40771.0000 40855.2967  0.21%   4.1 1154s
 2919676 2454314     cutoff  141      40771.0000 40855.2967  0.21%   4.1 1155s
 2931026 2463322 40855.2340  130   15 40771.0000 40855.2967  0.21%   4.1 1160s
 2943206 2473331 40855.2340  153   17 40771.0000 40855.2967  0.21%   4.1 1165s
 2954548 2481852 40846.5714  136   14 40771.0000 40855.2967  0.21%   4.1 1170s
 2965028 2489831 40854.8987  208   15 40771.0000 40855.2967  0.21%   4.1 1175s
 2976221 2499684 40855.2340  192   15 40771.0000 40855.2967  0.21%   4.1 1180s
 2988588 2509199 40840.5152  156   16 40771.0000 40855.2967  0.21%   4.1 1186s
 2990995 2511458 40840.5152  186   14 40771.0000 40855.2967  0.21%   4.1 1190s
 2998850 2517067 40827.5815  195   11 40771.0000 40855.2967  0.21%   4.1 1195s
 3009520 2524909 40855.2340  161   15 40771.0000 40855.2967  0.21%   4.1 1201s
 3018090 2531129 40850.0019  253   13 40771.0000 40855.2967  0.21%   4.1 1205s
 3024780 2535618 40850.0019  247   12 40771.0000 40855.2967  0.21%   4.1 1210s
 3030785 2539932 40855.2340  157   14 40771.0000 40855.2967  0.21%   4.1 1215s
 3039197 2545914 40782.0159  224   12 40771.0000 40855.2967  0.21%   4.1 1220s
 3048112 2550989 40795.0001  246   10 40771.0000 40855.2967  0.21%   4.1 1227s
 3051716 2553627     cutoff  228      40771.0000 40855.2967  0.21%   4.1 1230s
 3059552 2558130 40855.2340  169   15 40771.0000 40855.2967  0.21%   4.1 1235s
 3066417 2563268 40782.9944  178   20 40771.0000 40855.2967  0.21%   4.1 1240s
 3072020 2567111 40855.2340  137   16 40771.0000 40855.2967  0.21%   4.2 1245s
 3079255 2572012 40789.0000  229   13 40771.0000 40855.2967  0.21%   4.2 1251s
 3086027 2576388 40817.0156  172   19 40771.0000 40855.2967  0.21%   4.2 1255s
 3088018 2577363 40855.2340  161   15 40771.0000 40855.2967  0.21%   4.2 1260s
 3095638 2582392 40854.8987  213   24 40771.0000 40855.2967  0.21%   4.2 1268s
 3098463 2584194 40855.2967  132   15 40771.0000 40855.2967  0.21%   4.2 1270s
 3103784 2587792 40828.4437  182   15 40771.0000 40855.2967  0.21%   4.2 1277s
 3107507 2589846 infeasible  202      40771.0000 40855.2967  0.21%   4.2 1280s
 3111192 2590668 40841.9378  207   13 40771.0000 40855.2967  0.21%   4.2 1288s
 3111205 2591784 40842.4706  207   17 40771.0000 40855.2967  0.21%   4.2 1290s
 3116054 2595044 40790.4126  242   14 40771.0000 40855.2967  0.21%   4.2 1295s
 3124227 2600076 40855.2967  162   21 40771.0000 40855.2967  0.21%   4.2 1300s
 3132350 2605152 40855.2967  147   20 40771.0000 40855.2967  0.21%   4.2 1305s
 3141076 2610592 40854.8987  207   14 40771.0000 40855.2967  0.21%   4.2 1310s
 3146990 2614101 40855.1302  176   19 40771.0000 40855.2967  0.21%   4.2 1316s
 3153865 2618248 40854.8987  173   12 40771.0000 40855.2967  0.21%   4.2 1320s
 3161853 2622571 infeasible  186      40771.0000 40855.2967  0.21%   4.2 1325s
 3167630 2625866     cutoff  206      40771.0000 40855.2967  0.21%   4.2 1330s
 3174354 2629738     cutoff  227      40771.0000 40855.2967  0.21%   4.2 1336s
 3177915 2632075 40855.2967  181   22 40771.0000 40855.2967  0.21%   4.2 1340s
 3183742 2635175 40819.3373  207   23 40771.0000 40855.2967  0.21%   4.2 1345s
 3189929 2638605     cutoff  197      40771.0000 40855.2967  0.21%   4.2 1351s
 3194176 2641055 40836.4643  186   20 40771.0000 40855.2967  0.21%   4.3 1355s
 3198409 2643467 40839.8775  181   22 40771.0000 40855.2967  0.21%   4.3 1360s
 3203970 2646424 40786.4806  184   15 40771.0000 40855.2967  0.21%   4.3 1367s
 3205712 2647439 40817.0000  164   14 40771.0000 40855.2967  0.21%   4.3 1370s
 3212058 2651545 40855.2967  185   27 40771.0000 40855.2967  0.21%   4.3 1375s
 3216031 2654097 40819.0500  202   15 40771.0000 40855.2967  0.21%   4.3 1380s
 3222200 2657297 40854.2604  199   16 40771.0000 40855.2967  0.21%   4.3 1387s
 3226685 2660445 40817.8244  170   14 40771.0000 40855.2967  0.21%   4.3 1391s
 3230505 2662944 infeasible  189      40771.0000 40855.2967  0.21%   4.3 1396s
 3236760 2666194     cutoff  258      40771.0000 40855.2967  0.21%   4.3 1402s
 3238582 2667249 40855.2967  146   26 40771.0000 40855.2967  0.21%   4.3 1405s
 3244068 2669838 40855.2340  171   16 40771.0000 40855.2967  0.21%   4.3 1411s
 3248475 2673624 40854.7893  221   15 40771.0000 40855.2967  0.21%   4.3 1416s
 3252498 2676378 40774.6384  231   17 40771.0000 40855.2967  0.21%   4.3 1421s
 3259289 2679471 40849.8801  159   15 40771.0000 40855.2967  0.21%   4.3 1430s
 3266057 2682006 40845.2683  185   17 40771.0000 40855.2967  0.21%   4.3 1441s
 3268019 2683657 40841.1729  175   21 40771.0000 40855.2967  0.21%   4.3 1446s
 3273645 2686599 40855.2340  172   19 40771.0000 40855.2967  0.21%   4.3 1450s
 3280319 2690303 40834.8585  163   14 40771.0000 40855.2967  0.21%   4.3 1456s
 3284787 2692424 40829.0986  197   15 40771.0000 40855.2967  0.21%   4.3 1460s
 3290326 2695352     cutoff  201      40771.0000 40855.2967  0.21%   4.4 1465s
 3295962 2698750 40855.2967  175   24 40771.0000 40855.2967  0.21%   4.4 1470s
 3303025 2702918 40855.2967  198   35 40771.0000 40855.2967  0.21%   4.4 1475s
 3310482 2706920 40796.6621  180   12 40771.0000 40855.2967  0.21%   4.4 1480s
 3320821 2712644 40855.2967  157   20 40771.0000 40855.2967  0.21%   4.4 1486s
 3327955 2716820 40854.8987  200   15 40771.0000 40855.2967  0.21%   4.4 1491s
 3333495 2720534 40811.2726  205   19 40771.0000 40855.2967  0.21%   4.4 1496s
 3337818 2722940 40855.2340  186   13 40771.0000 40855.2967  0.21%   4.4 1500s
 3345816 2726421 40855.2340  194   19 40771.0000 40855.2967  0.21%   4.4 1509s
 3349266 2728390 40796.6943  192   15 40771.0000 40855.2967  0.21%   4.4 1510s
 3354679 2731177 40854.8987  204   12 40771.0000 40855.2967  0.21%   4.4 1515s
 3360949 2734120 40804.9892  173   20 40771.0000 40855.2967  0.21%   4.4 1522s
 3364504 2736114 40855.2967  206   16 40771.0000 40855.2967  0.21%   4.4 1525s
 3372340 2740293 40855.2967  189   14 40771.0000 40855.2967  0.21%   4.4 1531s
 3375901 2741554 40802.1736  205   14 40771.0000 40855.2967  0.21%   4.4 1536s
 3382662 2745074 40855.2340  198   12 40771.0000 40855.2967  0.21%   4.4 1546s
 3384609 2747089 40782.9377  204   16 40771.0000 40855.2967  0.21%   4.4 1550s
 3391801 2750917     cutoff  235      40771.0000 40855.2967  0.21%   4.4 1555s
 3400302 2755543 40774.9069  174   15 40771.0000 40855.2967  0.21%   4.4 1561s
 3406082 2758233 40855.2967  188   21 40771.0000 40855.2967  0.21%   4.5 1568s
 3406762 2759298 40806.6171  181   22 40771.0000 40855.2967  0.21%   4.5 1570s
 3410229 2761145 40851.9960  176   14 40771.0000 40855.2967  0.21%   4.5 1575s
 3419029 2765635 40808.8883  187   14 40771.0000 40855.2967  0.21%   4.5 1580s
 3426395 2769888 40779.6985  174   17 40771.0000 40855.2967  0.21%   4.5 1585s
 3433164 2773485 40819.0500  167   17 40771.0000 40855.2967  0.21%   4.5 1590s
 3442577 2778328 infeasible  206      40771.0000 40855.2967  0.21%   4.5 1596s
 3450372 2782336 40782.4955  209   14 40771.0000 40855.2967  0.21%   4.5 1600s
 3458973 2787208 40855.2339  170   14 40771.0000 40855.2967  0.21%   4.5 1605s
 3466958 2791371 infeasible  195      40771.0000 40855.2967  0.21%   4.5 1610s
 3475641 2795903 infeasible  186      40771.0000 40855.2967  0.21%   4.5 1615s
 3481159 2798716 40809.5657  180   14 40771.0000 40855.2967  0.21%   4.5 1621s
 3486756 2801377 40855.2340  178   15 40771.0000 40855.2967  0.21%   4.5 1625s
 3493539 2805369 40847.5941  160   18 40771.0000 40855.2967  0.21%   4.5 1631s
 3499253 2808586 40806.0204  166   16 40771.0000 40855.2967  0.21%   4.5 1635s
 3504997 2810822 40840.0952  160   12 40771.0000 40855.2967  0.21%   4.5 1640s
 3509853 2813545 40805.8131  181   14 40771.0000 40855.2967  0.21%   4.5 1646s
 3515480 2816147 40819.0500  178   12 40771.0000 40855.2967  0.21%   4.5 1652s
 3519140 2818122 40774.4490  175    8 40771.0000 40855.2967  0.21%   4.5 1655s
 3524107 2820953 40824.8115  177   14 40771.0000 40855.2967  0.21%   4.5 1660s
 3530477 2823060 40815.9093  206   10 40771.0000 40855.2967  0.21%   4.5 1670s
 3534316 2825764 40819.0500  173   11 40771.0000 40855.2967  0.21%   4.5 1675s
 3542572 2829593 40855.2967  171   15 40771.0000 40855.2967  0.21%   4.5 1680s
 3548285 2832372 40775.2421  235   13 40771.0000 40855.2967  0.21%   4.5 1686s
 3554366 2835254 40815.6060  182   14 40771.0000 40855.2967  0.21%   4.5 1690s
 3561143 2838183 40827.9539  170   12 40771.0000 40855.2967  0.21%   4.5 1696s
 3564919 2839868     cutoff  164      40771.0000 40855.2967  0.21%   4.5 1701s
 3572692 2843518 40839.6737  171   21 40771.0000 40855.2967  0.21%   4.5 1705s
 3578469 2845636 40817.5120  174   20 40771.0000 40855.2967  0.21%   4.5 1713s
 3578761 2848694 40794.3447  197   11 40771.0000 40855.2967  0.21%   4.5 1717s
 3587025 2850700 40839.4051  176   15 40771.0000 40855.2967  0.21%   4.5 1720s
 3594772 2854711 40804.7208  190   14 40771.0000 40855.2967  0.21%   4.5 1726s
 3601710 2857672 40807.4900  181   15 40771.0000 40855.2967  0.21%   4.5 1731s
 3607510 2860338 40828.8213  191   15 40771.0000 40855.2967  0.21%   4.5 1735s
 3613308 2862731 40776.9319  191   17 40771.0000 40855.2967  0.21%   4.5 1740s
 3619730 2865903 40823.1901  180   19 40771.0000 40855.2967  0.21%   4.5 1745s
 3625471 2868553 40781.1246  207    9 40771.0000 40855.2967  0.21%   4.5 1750s
 3633123 2872276 40806.1878  180   13 40771.0000 40855.2967  0.21%   4.6 1755s
 3637703 2875001 40795.2878  176   15 40771.0000 40855.2967  0.21%   4.6 1760s
 3639772 2875148 40813.1574  166   18 40771.0000 40855.2967  0.21%   4.6 1767s
 3642321 2877493 40852.4494  175   12 40771.0000 40855.2967  0.21%   4.6 1770s
 3648816 2880522 40796.6621  194   18 40771.0000 40855.2967  0.21%   4.6 1777s
 3653790 2883016 40833.3065  182   15 40771.0000 40855.2967  0.21%   4.6 1780s
 3661190 2887032 40801.2700  162   14 40771.0000 40855.2967  0.21%   4.6 1785s
 3664877 2888567 40830.8681  177   16 40771.0000 40855.2967  0.21%   4.6 1790s
 3667911 2890297 40840.3129  159   20 40771.0000 40855.2967  0.21%   4.6 1796s
 3674373 2894056 infeasible  178      40771.0000 40855.2967  0.21%   4.6 1801s
 3680411 2897214 40840.0952  171   19 40771.0000 40855.2967  0.21%   4.6 1805s
 3687827 2900632 40823.1901  175   16 40771.0000 40855.2967  0.21%   4.6 1810s
 3696140 2904556     cutoff  185      40771.0000 40855.2967  0.21%   4.6 1816s
 3702076 2907422 40801.2700  180   18 40771.0000 40855.2967  0.21%   4.6 1820s
 3708674 2910696 infeasible  180      40771.0000 40855.2967  0.21%   4.6 1825s
 3716305 2914376 40840.0952  157   18 40771.0000 40855.2967  0.21%   4.6 1830s
 3720078 2916247 40781.1203  176   10 40771.0000 40855.2967  0.21%   4.6 1835s
 3726892 2919755 40822.6587  168   17 40771.0000 40855.2967  0.21%   4.6 1840s
 3734540 2923301 40791.5323  181   14 40771.0000 40855.2967  0.21%   4.6 1845s
 3738127 2925111 40771.9847  209   12 40771.0000 40855.2967  0.21%   4.6 1850s
 3744002 2926762 40855.2340  167   18 40771.0000 40855.2967  0.21%   4.6 1860s
 3744018 2932696 40855.2340  167   17 40771.0000 40855.2967  0.21%   4.6 1871s
 3758229 2934281 infeasible  184      40771.0000 40855.2967  0.21%   4.6 1880s
 3763583 2936644 40812.2251  192   16 40771.0000 40855.2967  0.21%   4.6 1885s
 3766453 2938410 40802.8593  173   15 40771.0000 40855.2967  0.21%   4.6 1890s
 3774164 2942377 infeasible  190      40771.0000 40855.2967  0.21%   4.6 1895s
 3782842 2946908 40823.1901  177   17 40771.0000 40855.2967  0.21%   4.6 1900s
 3788241 2949527     cutoff  190      40771.0000 40855.2967  0.21%   4.6 1905s
 3794093 2952445 40806.7470  168   17 40771.0000 40855.2967  0.21%   4.6 1910s
 3799640 2954988 40840.0952  179   16 40771.0000 40855.2967  0.21%   4.6 1915s
 3804400 2958177 40818.0415  193   14 40771.0000 40855.2967  0.21%   4.6 1921s
 3808291 2960193 40772.9232  172   16 40771.0000 40855.2967  0.21%   4.6 1925s
 3814245 2963280 40806.0252  163   16 40771.0000 40855.2967  0.21%   4.6 1931s
 3821121 2966605 infeasible  175      40771.0000 40855.2967  0.21%   4.6 1937s
 3824770 2968546     cutoff  200      40771.0000 40855.2967  0.21%   4.6 1940s
 3832920 2972439 40855.2967  179   24 40771.0000 40855.2967  0.21%   4.6 1948s
 3836610 2974145 40789.7926  196   16 40771.0000 40855.2967  0.21%   4.6 1950s
 3841365 2977158 40812.3683  173   17 40771.0000 40855.2967  0.21%   4.6 1955s
 3847092 2980219 40841.1729  168   20 40771.0000 40855.2967  0.21%   4.6 1960s
 3852578 2983090 40840.0952  165   18 40771.0000 40855.2967  0.21%   4.6 1966s
 3855983 2984461 40805.3973  161   20 40771.0000 40855.2967  0.21%   4.6 1970s
 3863357 2988239 40840.0952  185   19 40771.0000 40855.2967  0.21%   4.6 1982s
 3865216 2990290 40798.0134  171   15 40771.0000 40855.2967  0.21%   4.6 1986s
 3872827 2994682 40794.8159  167   15 40771.0000 40855.2967  0.21%   4.6 1990s
 3879429 2998621 40819.6887  181   26 40771.0000 40855.2967  0.21%   4.6 1996s
 3886825 3003286 40801.2700  175   13 40771.0000 40855.2967  0.21%   4.6 2000s
 3892438 3005913 40855.2967  166   19 40771.0000 40855.2967  0.21%   4.6 2006s
 3895655 3008953 40801.4698  180   15 40771.0000 40855.2967  0.21%   4.6 2010s
 3904092 3014169 40855.2339  146   15 40771.0000 40855.2967  0.21%   4.7 2015s
 3909692 3017771 40854.8987  180   15 40771.0000 40855.2967  0.21%   4.7 2020s
 3916130 3021732 40855.2340  150   14 40771.0000 40855.2967  0.21%   4.7 2025s
 3923705 3026647 infeasible  175      40771.0000 40855.2967  0.21%   4.7 2031s
 3932287 3032335 40855.2967  162   16 40771.0000 40855.2967  0.21%   4.7 2036s
 3937422 3035866 40855.2340  218   12 40771.0000 40855.2967  0.21%   4.7 2040s
 3945115 3040497 infeasible  207      40771.0000 40855.2967  0.21%   4.7 2045s
 3949325 3043354 40814.9647  172   16 40771.0000 40855.2967  0.21%   4.7 2050s
 3954959 3047186 40809.3073  175   17 40771.0000 40855.2967  0.21%   4.7 2055s
 3962542 3052862 40797.8814  206   16 40771.0000 40855.2967  0.21%   4.7 2060s
 3968911 3057068 40855.2340  147   15 40771.0000 40855.2967  0.21%   4.7 2065s
 3972464 3059496 40772.2381  182   14 40771.0000 40855.2967  0.21%   4.7 2070s
 3978552 3063298 40855.2340  128   18 40771.0000 40855.2967  0.21%   4.7 2076s
 3983706 3067056 40855.2340  202   17 40771.0000 40855.2967  0.21%   4.7 2080s
 3988530 3070432 40818.8259  187   17 40771.0000 40855.2967  0.21%   4.7 2085s
 3995999 3075402 40855.2967  139   18 40771.0000 40855.2967  0.21%   4.7 2090s
 4001713 3079269 40848.1073  173   17 40771.0000 40855.2967  0.21%   4.7 2095s
 4009953 3084748 40855.2340  194   16 40771.0000 40855.2967  0.21%   4.7 2101s
 4015157 3088415 40781.9854  201   13 40771.0000 40855.2967  0.21%   4.7 2105s
 4020510 3092231 40855.2340  212   16 40771.0000 40855.2967  0.21%   4.7 2110s
 4025235 3095437 40853.2658  159   15 40771.0000 40855.2967  0.21%   4.7 2115s
 4031029 3099042 40855.2967  149   21 40771.0000 40855.2967  0.21%   4.7 2121s
 4038540 3103837 40814.7969  166   18 40771.0000 40855.2967  0.21%   4.7 2127s
 4041871 3105768 40855.2340  149   18 40771.0000 40855.2967  0.21%   4.7 2131s
 4046715 3109552 40822.4079  159   20 40771.0000 40855.2967  0.21%   4.7 2137s
 4052263 3113800 40786.5714  253   15 40771.0000 40855.2967  0.21%   4.7 2142s
 4054068 3115111 40841.3775  186   19 40771.0000 40855.2967  0.21%   4.7 2145s
 4061424 3119377 40855.2340  159   17 40771.0000 40855.2967  0.21%   4.7 2152s
 4066638 3123336 40801.6611  179   15 40771.0000 40855.2967  0.21%   4.7 2156s
 4068388 3124362 40855.2967  171   20 40771.0000 40855.2967  0.21%   4.7 2160s
 4073893 3127960 40855.2340  215   12 40771.0000 40855.2967  0.21%   4.7 2165s
 4079393 3130675 40788.9688  207   19 40771.0000 40855.2967  0.21%   4.7 2170s
 4082306 3132854 40791.1257  189   15 40771.0000 40855.2967  0.21%   4.7 2175s
 4089730 3137703 40820.8144  203   16 40771.0000 40855.2967  0.21%   4.7 2182s
 4093304 3139921     cutoff  203      40771.0000 40855.2967  0.21%   4.7 2186s
 4096932 3141073 40855.2967  173   18 40771.0000 40855.2967  0.21%   4.7 2194s
 4097012 3142015 40855.2967  174   18 40771.0000 40855.2967  0.21%   4.7 2196s
 4103316 3145986 40775.2421  247   17 40771.0000 40855.2967  0.21%   4.7 2201s
 4107180 3148064 40855.2340  186   17 40771.0000 40855.2967  0.21%   4.7 2205s
 4114795 3152355 40823.1901  187   14 40771.0000 40855.2967  0.21%   4.7 2213s
 4117421 3154054 40833.5577  181   15 40771.0000 40855.2967  0.21%   4.7 2215s
 4124885 3158491 40823.1901  189   15 40771.0000 40855.2967  0.21%   4.8 2222s
 4128590 3160430 40855.2340  182   23 40771.0000 40855.2967  0.21%   4.8 2225s
 4135793 3164039 40817.6289  203   16 40771.0000 40855.2967  0.21%   4.8 2230s
 4140707 3167405 40823.1901  194   17 40771.0000 40855.2967  0.21%   4.8 2235s
 4144764 3169507 40833.5577  188   17 40771.0000 40855.2967  0.21%   4.8 2240s
 4150397 3172557 40820.8144  199   15 40771.0000 40855.2967  0.21%   4.8 2246s
 4155263 3175396 40785.0426  183   17 40771.0000 40855.2967  0.21%   4.8 2251s
 4161333 3178368 40827.7519  175   19 40771.0000 40855.2967  0.21%   4.8 2256s
 4165103 3180427 40803.7883  167   16 40771.0000 40855.2967  0.21%   4.8 2260s
 4173143 3184779 40851.8451  152   16 40771.0000 40855.2967  0.21%   4.8 2266s
 4178273 3188255 infeasible  163      40771.0000 40855.2967  0.21%   4.8 2273s
 4182034 3190375 40785.8487  190   17 40771.0000 40855.2967  0.21%   4.8 2277s
 4186081 3192438 40855.2340  172   16 40771.0000 40855.2967  0.21%   4.8 2282s
 4189704 3194620 40855.2340  165   16 40771.0000 40855.2967  0.21%   4.8 2285s
 4193040 3195908 40837.4056  171   19 40771.0000 40855.2967  0.21%   4.8 2292s
 4196470 3198100 40855.2967  163   20 40771.0000 40855.2967  0.21%   4.8 2295s
 4200491 3200143 40819.9436  208   20 40771.0000 40855.2967  0.21%   4.8 2300s
 4203760 3201878     cutoff  179      40771.0000 40855.2967  0.21%   4.8 2305s
 4209862 3204532 40779.5804  196   19 40771.0000 40855.2967  0.21%   4.8 2310s
 4214680 3206996 40850.1978  166   18 40771.0000 40855.2967  0.21%   4.8 2315s
 4219968 3210063     cutoff  198      40771.0000 40855.2967  0.21%   4.8 2320s
 4223271 3211617     cutoff  180      40771.0000 40855.2967  0.21%   4.8 2325s
 4226875 3213477 40855.2339  169   16 40771.0000 40855.2967  0.21%   4.8 2330s
 4229424 3215233 40808.0654  163   17 40771.0000 40855.2967  0.21%   4.8 2335s
 4235945 3218788 40835.7657  164   15 40771.0000 40855.2967  0.21%   4.8 2341s
 4240122 3220979 40793.2195  182   14 40771.0000 40855.2967  0.21%   4.8 2345s
 4245687 3224191 40804.3246  180   18 40771.0000 40855.2967  0.21%   4.8 2350s
 4250516 3226658     cutoff  199      40771.0000 40855.2967  0.21%   4.8 2356s
 4254363 3228854 40855.2967  150   18 40771.0000 40855.2967  0.21%   4.8 2360s
 4258224 3230991 40808.3491  181   15 40771.0000 40855.2967  0.21%   4.8 2365s
 4261938 3232817 40855.2967  159   17 40771.0000 40855.2967  0.21%   4.8 2370s
 4266100 3234444 40772.5220  211   16 40771.0000 40855.2967  0.21%   4.8 2375s
 4271184 3238148     cutoff  194      40771.0000 40855.2967  0.21%   4.8 2381s
 4273664 3238986 40841.6182  168   18 40771.0000 40855.2967  0.21%   4.8 2386s
 4279011 3242037 40820.6213  185   19 40771.0000 40855.2967  0.21%   4.8 2390s
 4282716 3244031 40815.9680  178   20 40771.0000 40855.2967  0.21%   4.8 2396s
 4287772 3245789 40792.3951  207   16 40771.0000 40855.2967  0.21%   4.8 2405s
 4293743 3250015 40855.2967  182   18 40771.0000 40855.2967  0.21%   4.8 2410s
 4297609 3252017 40800.0859  184   12 40771.0000 40855.2967  0.21%   4.8 2415s
 4304398 3255218 40806.2087  162   15 40771.0000 40855.2967  0.21%   4.8 2420s
 4312046 3259020 40786.5326  181   15 40771.0000 40855.2967  0.21%   4.8 2425s
 4317621 3262012 40798.3856  173   12 40771.0000 40855.2967  0.21%   4.8 2431s
 4324147 3265281 40854.0816  166   17 40771.0000 40855.2967  0.21%   4.8 2435s
 4332084 3269341 40822.0615  177   20 40771.0000 40855.2967  0.21%   4.8 2441s
 4333896 3270236 40781.3807  186   17 40771.0000 40855.2967  0.21%   4.8 2445s
 4342324 3274746 40800.5008  166   14 40771.0000 40855.2967  0.21%   4.8 2450s
 4348628 3278192 40809.7550  191   12 40771.0000 40855.2967  0.21%   4.8 2455s
 4352825 3280203 40855.2967  166   19 40771.0000 40855.2967  0.21%   4.8 2461s
 4356529 3281956 40810.4471  188   12 40771.0000 40855.2967  0.21%   4.8 2465s
 4362930 3285180 40791.8738  206   18 40771.0000 40855.2967  0.21%   4.8 2470s
 4366362 3286954 40801.8400  167   17 40771.0000 40855.2967  0.21%   4.8 2476s
 4367866 3287898 40818.6894  189   15 40771.0000 40855.2967  0.21%   4.8 2480s
 4373286 3291288 40812.2107  160   17 40771.0000 40855.2967  0.21%   4.8 2487s
 4377511 3292996 40779.9244  193   15 40771.0000 40855.2967  0.21%   4.8 2490s
 4382384 3295915     cutoff  173      40771.0000 40855.2967  0.21%   4.8 2495s
 4388114 3298473 40855.2967  153   17 40771.0000 40855.2967  0.21%   4.8 2500s
 4393287 3300299 40798.6897  176   16 40771.0000 40855.2967  0.21%   4.8 2510s
 4396819 3302641 40803.5663  189   15 40771.0000 40855.2967  0.21%   4.8 2515s
 4402574 3305439 40821.0152  179   18 40771.0000 40855.2967  0.21%   4.8 2520s
 4410487 3309062 40813.2505  185   13 40771.0000 40855.2967  0.21%   4.8 2525s
 4417513 3312330 40838.2347  174   19 40771.0000 40855.2967  0.21%   4.8 2530s
 4423454 3315247 40853.0889  172   16 40771.0000 40855.2967  0.21%   4.8 2535s
 4431361 3319056 40777.0380  182   12 40771.0000 40855.2967  0.21%   4.8 2540s
 4438245 3322474     cutoff  184      40771.0000 40855.2967  0.21%   4.8 2545s
 4441759 3324281 40809.4928  177   17 40771.0000 40855.2967  0.21%   4.8 2550s
 4447624 3326875     cutoff  188      40771.0000 40855.2967  0.21%   4.8 2557s
 4452691 3329250 40799.1003  189   15 40771.0000 40855.2967  0.21%   4.8 2560s
 4458019 3331953     cutoff  208      40771.0000 40855.2967  0.21%   4.8 2565s
 4462003 3333970 40796.0201  192   18 40771.0000 40855.2967  0.21%   4.8 2570s
 4469537 3336543 40833.8088  179   18 40771.0000 40855.2967  0.21%   4.8 2588s
 4469553 3342583 40833.8088  180   19 40771.0000 40855.2967  0.21%   4.8 2596s
 4483597 3344039     cutoff  173      40771.0000 40855.2967  0.21%   4.8 2604s
 4484378 3344908 40826.6001  174   17 40771.0000 40855.2967  0.21%   4.8 2606s
 4489629 3347401     cutoff  184      40771.0000 40855.2967  0.21%   4.8 2610s
 4497446 3350997 40840.3129  170   20 40771.0000 40855.2967  0.21%   4.8 2615s
 4503100 3354354 40801.7952  193   11 40771.0000 40855.2967  0.21%   4.8 2620s
 4510356 3357568 40854.8987  173   14 40771.0000 40855.2967  0.21%   4.8 2625s
 4517779 3361024     cutoff  178      40771.0000 40855.2967  0.21%   4.8 2630s
 4526393 3364835 40780.3038  189   11 40771.0000 40855.2967  0.21%   4.8 2636s
 4532354 3367544 40796.0138  175   12 40771.0000 40855.2967  0.21%   4.8 2640s
 4539925 3371284 40806.3798  178   14 40771.0000 40855.2967  0.21%   4.8 2645s
 4546943 3374708 40817.1287  174   15 40771.0000 40855.2967  0.21%   4.8 2650s
 4556429 3379472 40773.6898  179   10 40771.0000 40855.2967  0.21%   4.8 2656s
 4562276 3381503 40834.7995  176   19 40771.0000 40855.2967  0.21%   4.8 2661s
 4567633 3384318 40834.7546  171   21 40771.0000 40855.2967  0.21%   4.8 2665s
 4573256 3386985 40778.2000  214   14 40771.0000 40855.2967  0.21%   4.8 2671s
 4577452 3388095 40775.9937  177   12 40771.0000 40855.2967  0.21%   4.8 2680s
 4581830 3390535 40825.8289  180   16 40771.0000 40855.2967  0.21%   4.8 2685s
 4586648 3392810 40805.5225  176   15 40771.0000 40855.2967  0.21%   4.8 2690s
 4592589 3395123 40811.6487  171   15 40771.0000 40855.2967  0.21%   4.8 2696s
 4600410 3398788 40811.6440  195   20 40771.0000 40855.2967  0.21%   4.8 2700s
 4607363 3402526 40812.9545  182   15 40771.0000 40855.2967  0.21%   4.8 2705s
 4615442 3406255 40788.5649  184   16 40771.0000 40855.2967  0.21%   4.8 2710s
 4621797 3409708 40835.2383  155   18 40771.0000 40855.2967  0.21%   4.8 2715s
 4631497 3414561 40804.5039  183   14 40771.0000 40855.2967  0.21%   4.8 2721s
 4638372 3418298 40781.0390  196   15 40771.0000 40855.2967  0.21%   4.8 2725s
 4641883 3419759 40855.2340  163   14 40771.0000 40855.2967  0.21%   4.8 2730s
 4649941 3423980 40822.5851  173   15 40771.0000 40855.2967  0.21%   4.8 2735s
 4657027 3427431 40830.8619  177   18 40771.0000 40855.2967  0.21%   4.8 2740s
 4664083 3430892 40847.1610  198   18 40771.0000 40855.2967  0.21%   4.8 2745s
 4667819 3432638 40806.6438  178   12 40771.0000 40855.2967  0.21%   4.8 2751s
 4673197 3435724 40775.1187  202   12 40771.0000 40855.2967  0.21%   4.8 2756s
 4680474 3439059 40813.3404  192   15 40771.0000 40855.2967  0.21%   4.8 2760s
 4687428 3441853 40827.8199  155   22 40771.0000 40855.2967  0.21%   4.8 2765s
 4692866 3444126 infeasible  193      40771.0000 40855.2967  0.21%   4.8 2771s
 4695671 3445404 40787.6519  193   12 40771.0000 40855.2967  0.21%   4.8 2775s
 4701161 3448291 infeasible  168      40771.0000 40855.2967  0.21%   4.8 2781s
 4705068 3450093     cutoff  181      40771.0000 40855.2967  0.21%   4.8 2785s
 4711460 3453186 40806.7323  198   17 40771.0000 40855.2967  0.21%   4.8 2792s
 4716464 3455597 40854.8987  152   14 40771.0000 40855.2967  0.21%   4.8 2795s
 4722000 3458389 40808.8883  179   15 40771.0000 40855.2967  0.21%   4.8 2801s
 4726047 3459224 40779.9520  200   10 40771.0000 40855.2967  0.21%   4.8 2809s
 4726065 3460054 40779.9520  201   12 40771.0000 40855.2967  0.21%   4.8 2812s
 4729359 3461923 40816.9478  177   20 40771.0000 40855.2967  0.21%   4.8 2815s
 4736089 3465122 40788.3031  179   15 40771.0000 40855.2967  0.21%   4.8 2820s
 4741593 3467674 40810.9103  166   20 40771.0000 40855.2967  0.21%   4.8 2826s
 4749519 3470949 40855.2340  165   15 40771.0000 40855.2967  0.21%   4.8 2830s
 4754441 3473638 40806.8554  176   14 40771.0000 40855.2967  0.21%   4.8 2835s
 4761526 3477142     cutoff  189      40771.0000 40855.2967  0.21%   4.8 2841s
 4765277 3478607 40808.8883  175   15 40771.0000 40855.2967  0.21%   4.8 2846s
 4769746 3481006 40855.2967  163   17 40771.0000 40855.2967  0.21%   4.8 2851s
 4775155 3483740 40837.1154  169   18 40771.0000 40855.2967  0.21%   4.8 2855s
 4783254 3487333     cutoff  167      40771.0000 40855.2967  0.21%   4.8 2860s
 4791946 3491488 40855.2967  158   20 40771.0000 40855.2967  0.21%   4.8 2865s
 4799162 3495269     cutoff  194      40771.0000 40855.2967  0.21%   4.8 2870s
 4808146 3500395 40812.3003  177   13 40771.0000 40855.2967  0.21%   4.8 2875s
 4811722 3502147 40808.4062  175   16 40771.0000 40855.2967  0.21%   4.8 2880s
 4817411 3504965 40804.5618  182   17 40771.0000 40855.2967  0.21%   4.8 2885s
 4824132 3508215 40786.6636  183   17 40771.0000 40855.2967  0.21%   4.8 2890s
 4829505 3510775 40845.2981  170   16 40771.0000 40855.2967  0.21%   4.8 2898s
 4831274 3511861 40788.5322  203   16 40771.0000 40855.2967  0.21%   4.8 2900s
 4835327 3513907 40777.8544  173   11 40771.0000 40855.2967  0.21%   4.8 2905s
 4841021 3516074 40855.2967  172   18 40771.0000 40855.2967  0.21%   4.9 2913s
 4844537 3517522 40800.7283  171   15 40771.0000 40855.2967  0.21%   4.9 2921s
 4849348 3520503 infeasible  194      40771.0000 40855.2967  0.21%   4.9 2925s
 4854930 3523484 40780.0927  200   16 40771.0000 40855.2967  0.21%   4.9 2930s
 4861942 3526773 40855.2967  170   18 40771.0000 40855.2967  0.21%   4.9 2935s
 4867536 3529627 40813.7823  179   16 40771.0000 40855.2967  0.21%   4.9 2940s
 4873481 3532779 40817.3676  177   16 40771.0000 40855.2967  0.21%   4.9 2945s
 4878713 3535557 40827.3998  164   18 40771.0000 40855.2967  0.21%   4.9 2950s
 4886424 3539737     cutoff  202      40771.0000 40855.2967  0.21%   4.9 2957s
 4890112 3541778 40814.1198  164   19 40771.0000 40855.2967  0.21%   4.9 2960s
 4896003 3543969 40855.2967  156   17 40771.0000 40855.2967  0.21%   4.9 2966s
 4899175 3546177 40827.3998  167   18 40771.0000 40855.2967  0.21%   4.9 2970s
 4905291 3549160 40799.9011  164   12 40771.0000 40855.2967  0.21%   4.9 2975s
 4911206 3551906     cutoff  198      40771.0000 40855.2967  0.21%   4.9 2980s
 4918189 3555260 infeasible  160      40771.0000 40855.2967  0.21%   4.9 2986s
 4921746 3556925 40784.3521  178   12 40771.0000 40855.2967  0.21%   4.9 2990s
 4927721 3559896 40817.0735  180   21 40771.0000 40855.2967  0.21%   4.9 2995s
 4934954 3563232 40803.2255  179   15 40771.0000 40855.2967  0.21%   4.9 3001s
 4940618 3565970 40823.0080  180   13 40771.0000 40855.2967  0.21%   4.9 3005s
 4944355 3567787     cutoff  195      40771.0000 40855.2967  0.21%   4.9 3010s
 4951259 3570918 40790.9177  182   15 40771.0000 40855.2967  0.21%   4.9 3015s
 4956590 3573928 40815.2350  208   11 40771.0000 40855.2967  0.21%   4.9 3021s
 4958452 3574002 40796.5020  181   15 40771.0000 40855.2967  0.21%   4.9 3029s
 4958622 3574962 40796.5020  182   16 40771.0000 40855.2967  0.21%   4.9 3030s
 4964980 3578080 40854.8987  170   12 40771.0000 40855.2967  0.21%   4.9 3037s
 4968592 3580331     cutoff  176      40771.0000 40855.2967  0.21%   4.9 3040s
 4975654 3583610     cutoff  171      40771.0000 40855.2967  0.21%   4.9 3045s
 4981307 3586539     cutoff  170      40771.0000 40855.2967  0.21%   4.9 3051s
 4988666 3589997 40775.7218  180   13 40771.0000 40855.2967  0.21%   4.9 3055s
 4995820 3593883 40797.8500  170   10 40771.0000 40855.2967  0.21%   4.9 3061s
 5003200 3596608 40800.6616  189   17 40771.0000 40855.2967  0.21%   4.9 3065s
 5010128 3600204 40798.1194  176   19 40771.0000 40855.2967  0.21%   4.9 3070s
 5017603 3603648 40807.4899  180   13 40771.0000 40855.2967  0.21%   4.9 3075s
 5023305 3606243 40790.9177  217   12 40771.0000 40855.2967  0.21%   4.8 3081s
 5028122 3608691 40855.2967  164   16 40771.0000 40855.2967  0.21%   4.8 3086s
 5034096 3611542 40817.5780  171   14 40771.0000 40855.2967  0.21%   4.8 3090s
 5041927 3614984 40792.9407  179   14 40771.0000 40855.2967  0.21%   4.8 3095s
 5047122 3617613 40815.3253  182   15 40771.0000 40855.2967  0.21%   4.8 3101s
 5052565 3620303     cutoff  189      40771.0000 40855.2967  0.21%   4.8 3105s
 5060537 3623709 40812.2425  186   11 40771.0000 40855.2967  0.21%   4.8 3110s
 5063235 3625395 40791.4787  185   14 40771.0000 40855.2967  0.21%   4.8 3116s
 5069616 3628121 infeasible  164      40771.0000 40855.2967  0.21%   4.8 3121s
 5071674 3628988 40781.5587  172   13 40771.0000 40855.2967  0.21%   4.8 3125s
 5079557 3631553 40793.6819  180   18 40771.0000 40855.2967  0.21%   4.8 3136s
 5081296 3633190 40828.5950  171   15 40771.0000 40855.2967  0.21%   4.8 3140s
 5088061 3636332 infeasible  166      40771.0000 40855.2967  0.21%   4.8 3146s
 5093684 3638906 40783.5163  194   13 40771.0000 40855.2967  0.21%   4.8 3150s
 5100610 3642169 40796.3481  190   13 40771.0000 40855.2967  0.21%   4.8 3156s
 5106367 3644717 40800.5489  172   13 40771.0000 40855.2967  0.21%   4.8 3163s
 5109502 3646761 40814.1747  168   14 40771.0000 40855.2967  0.21%   4.8 3166s
 5115429 3649671 40806.2504  193   12 40771.0000 40855.2967  0.21%   4.8 3171s
 5120820 3652159     cutoff  195      40771.0000 40855.2967  0.21%   4.8 3175s
 5128241 3655239     cutoff  177      40771.0000 40855.2967  0.21%   4.8 3180s
 5137252 3659578 40811.6487  168   15 40771.0000 40855.2967  0.21%   4.8 3185s
 5144497 3663195 40820.9189  162   17 40771.0000 40855.2967  0.21%   4.8 3190s
 5152152 3667158 40835.7282  162   21 40771.0000 40855.2967  0.21%   4.8 3196s
 5159125 3670608 40803.3085  223   13 40771.0000 40855.2967  0.21%   4.8 3200s
 5166485 3673936 40806.0441  186   14 40771.0000 40855.2967  0.21%   4.8 3207s
 5171898 3676044 40837.5270  175   17 40771.0000 40855.2967  0.21%   4.8 3210s
 5178962 3679756     cutoff  173      40771.0000 40855.2967  0.21%   4.8 3215s
 5184772 3681414 40802.6205  193   13 40771.0000 40855.2967  0.21%   4.8 3227s
 5188970 3683921     cutoff  203      40771.0000 40855.2967  0.21%   4.8 3230s
 5195875 3687222 40823.8365  176   15 40771.0000 40855.2967  0.21%   4.8 3236s
 5201397 3689745     cutoff  172      40771.0000 40855.2967  0.21%   4.8 3240s
 5207089 3692187 40775.0443  184   14 40771.0000 40855.2967  0.21%   4.8 3246s
 5210261 3693707 40820.3070  193   18 40771.0000 40855.2967  0.21%   4.8 3250s
 5217832 3696801 40797.8058  181   18 40771.0000 40855.2967  0.21%   4.8 3256s
 5221561 3698740 40792.5908  184   14 40771.0000 40855.2967  0.21%   4.9 3261s
 5225197 3700386 40772.5502  163   20 40771.0000 40855.2967  0.21%   4.9 3265s
 5233758 3704323 40779.9891  207   15 40771.0000 40855.2967  0.21%   4.9 3270s
 5239328 3706535 40785.0758  188   14 40771.0000 40855.2967  0.21%   4.9 3277s
 5242740 3708250 40792.1311  182   13 40771.0000 40855.2967  0.21%   4.9 3280s
 5251560 3712318 40838.2347  164   21 40771.0000 40855.2967  0.21%   4.9 3285s
 5257173 3714857 infeasible  163      40771.0000 40855.2967  0.21%   4.9 3290s
 5264681 3718180 40813.5103  185   21 40771.0000 40855.2967  0.21%   4.9 3295s
 5269400 3720465     cutoff  163      40771.0000 40855.2967  0.21%   4.9 3300s
 5277329 3724196 40807.9988  169   16 40771.0000 40855.2967  0.21%   4.9 3305s
 5283047 3726420 40777.8544  169   13 40771.0000 40855.2967  0.21%   4.9 3310s
 5288517 3728943 40794.2946  174   18 40771.0000 40855.2967  0.21%   4.9 3318s
 5289422 3729069 40811.6487  174   17 40771.0000 40855.2967  0.21%   4.9 3326s
 5294672 3732483 40826.4639  184   14 40771.0000 40855.2967  0.21%   4.9 3330s
 5300968 3735235 40855.2967  163   15 40771.0000 40855.2967  0.21%   4.9 3335s
 5309872 3738966     cutoff  177      40771.0000 40855.2967  0.21%   4.9 3346s
 5313508 3741833     cutoff  216      40771.0000 40855.2967  0.21%   4.9 3350s
 5322431 3746494 40855.2967  158   20 40771.0000 40855.2967  0.21%   4.9 3355s
 5331961 3751554     cutoff  194      40771.0000 40855.2967  0.21%   4.9 3361s
 5340551 3755026     cutoff  178      40771.0000 40855.2967  0.21%   4.9 3365s
 5347445 3758355     cutoff  191      40771.0000 40855.2967  0.21%   4.9 3370s
 5357513 3763214 40802.6668  202   14 40771.0000 40855.2967  0.21%   4.9 3375s
 5366806 3767678 40803.5175  187   15 40771.0000 40855.2967  0.21%   4.9 3381s
 5375417 3771681 40818.4329  180   17 40771.0000 40855.2967  0.21%   4.9 3387s
 5378719 3773783 40845.8884  172   21 40771.0000 40855.2967  0.21%   4.9 3391s
 5386777 3777469 40855.2967  170   20 40771.0000 40855.2967  0.21%   4.9 3396s
 5388747 3777553 40795.4196  190   16 40771.0000 40855.2967  0.21%   4.9 3404s
 5388967 3778701 40795.2518  191   16 40771.0000 40855.2967  0.21%   4.9 3405s
 5396695 3782236     cutoff  179      40771.0000 40855.2967  0.21%   4.9 3410s
 5405469 3786322 40827.8839  174   14 40771.0000 40855.2967  0.21%   4.9 3415s
 5414306 3790213 40793.0340  168   10 40771.0000 40855.2967  0.21%   4.9 3420s
 5417046 3791869 40772.1392  179   12 40771.0000 40855.2967  0.21%   4.9 3425s
 5425297 3795252     cutoff  184      40771.0000 40855.2967  0.21%   4.9 3430s
 5434775 3799122     cutoff  170      40771.0000 40855.2967  0.21%   4.9 3435s
 5442337 3802960 40794.9400  162   16 40771.0000 40855.2967  0.21%   4.9 3440s
 5450835 3806664 infeasible  179      40771.0000 40855.2967  0.21%   4.9 3446s
 5458315 3810395 40796.6621  162   16 40771.0000 40855.2967  0.21%   4.9 3450s
 5467772 3814580 40855.2967  154   17 40771.0000 40855.2967  0.21%   4.9 3455s
 5476276 3818855 40839.6475  155   18 40771.0000 40855.2967  0.21%   4.9 3460s
 5486822 3823828 40855.2339  157   16 40771.0000 40855.2967  0.21%   4.9 3465s
 5492064 3826459 40777.1439  208   16 40771.0000 40855.2967  0.21%   4.9 3470s
 5497858 3828762 40820.3020  172   17 40771.0000 40855.2967  0.21%   4.9 3475s
 5503272 3831210     cutoff  194      40771.0000 40855.2967  0.21%   4.9 3480s
 5508261 3833931 40799.2461  189   16 40771.0000 40855.2967  0.21%   4.9 3485s
 5515623 3837171 40835.7377  178   17 40771.0000 40855.2967  0.21%   4.9 3490s
 5517725 3837850 40803.9020  173   18 40771.0000 40855.2967  0.21%   4.9 3495s
 5519117 3837961 40853.3118  165   17 40771.0000 40855.2967  0.21%   4.9 3503s
 5519374 3838826 40838.1778  166   17 40771.0000 40855.2967  0.21%   4.9 3505s
 5527986 3843157     cutoff  171      40771.0000 40855.2967  0.21%   4.9 3511s
 5535216 3846371 40772.9557  174   10 40771.0000 40855.2967  0.21%   4.9 3516s
 5541834 3849417     cutoff  182      40771.0000 40855.2967  0.21%   4.9 3520s
 5545556 3851261 40814.9045  187   20 40771.0000 40855.2967  0.21%   4.9 3525s
 5552783 3854690 40810.0266  188   20 40771.0000 40855.2967  0.21%   4.9 3530s
 5560004 3858596 40825.8160  172   15 40771.0000 40855.2967  0.21%   4.9 3535s
 5564071 3860487 40806.6659  208   15 40771.0000 40855.2967  0.21%   4.9 3540s
 5571736 3863839 40793.6960  188   18 40771.0000 40855.2967  0.21%   4.9 3545s
 5575154 3865211 40809.5316  168   18 40771.0000 40855.2967  0.21%   4.9 3550s
 5582061 3868518     cutoff  172      40771.0000 40855.2967  0.21%   4.9 3556s
 5587945 3871349 40811.7070  179   18 40771.0000 40855.2967  0.21%   4.9 3560s
 5595057 3874560 40833.8088  190   17 40771.0000 40855.2967  0.21%   4.9 3565s
 5598912 3876044 40819.1791  180   15 40771.0000 40855.2967  0.21%   4.9 3571s
 5601659 3877916     cutoff  194      40771.0000 40855.2967  0.21%   4.9 3575s
 5607644 3881027 40780.0977  162   17 40771.0000 40855.2967  0.21%   4.9 3580s
 5614775 3884172 40849.2627  162   19 40771.0000 40855.2967  0.21%   4.9 3587s
 5618787 3886235 40779.0350  171   13 40771.0000 40855.2967  0.21%   4.9 3590s
 5624306 3888704 40828.9025  166   14 40771.0000 40855.2967  0.21%   4.9 3596s
 5629939 3890434 40823.1901  177   20 40771.0000 40855.2967  0.21%   4.9 3600s

Cutting planes:
  Gomory: 6
  Cover: 639
  MIR: 1
  Flow cover: 1

Explored 5629953 nodes (27479765 simplex iterations) in 3600.71 seconds
Thread count was 12 (of 12 available processors)

Solution count 5: 40771 40709 40670 ... 24306

Time limit reached
Best objective 4.077100000000e+04, best bound 4.085500000000e+04, gap 0.2060%
