
Gurobi 9.1.2 (win64, Java) logging started Mon Nov 15 21:10:23 2021

Academic license - for non-commercial use only - expires 2022-10-30
Gurobi Optimizer version 9.1.2 build v9.1.2rc0 (win64)
Thread count: 6 physical cores, 12 logical processors, using up to 12 threads
Optimize a model with 110 rows, 1000 columns and 2000 nonzeros
Model fingerprint: 0xe5f2f76d
Variable types: 0 continuous, 1000 integer (1000 binary)
Coefficient statistics:
  Matrix range     [1e+00, 1e+03]
  Objective range  [2e+00, 1e+03]
  Bounds range     [1e+00, 1e+00]
  RHS range        [1e+00, 3e+03]
Found heuristic solution: objective 26211.000000
Presolve time: 0.03s
Presolved: 110 rows, 1000 columns, 2000 nonzeros
Variable types: 0 continuous, 1000 integer (1000 binary)
Presolved: 110 rows, 1000 columns, 2000 nonzeros


Root relaxation: objective 2.841210e+04, 285 iterations, 0.01 seconds

    Nodes    |    Current Node    |     Objective Bounds      |     Work
 Expl Unexpl |  Obj  Depth IntInf | Incumbent    BestBd   Gap | It/Node Time

     0     0 28412.1021    0   13 26211.0000 28412.1021  8.40%     -    0s
H    0     0                    28026.000000 28412.1021  1.38%     -    2s
     0     0 28412.1021    0   22 28026.0000 28412.1021  1.38%     -    4s
     0     0 28412.1021    0   33 28026.0000 28412.1021  1.38%     -   10s
H    0     0                    28140.000000 28412.1021  0.97%     -   10s
     0     0 28410.4303    0   18 28140.0000 28410.4303  0.96%     -   10s
     0     0 28410.4303    0   19 28140.0000 28410.4303  0.96%     -   12s
     0     0 28410.4303    0   23 28140.0000 28410.4303  0.96%     -   13s
     0     0 28410.4303    0   16 28140.0000 28410.4303  0.96%     -   13s
     0     2 28410.4303    0   13 28140.0000 28410.4303  0.96%     -   13s
H  239   246                    28242.000000 28410.4303  0.60%  10.5   28s
H  242   246                    28259.000000 28410.4303  0.54%  10.5   28s
   245   366 28410.4303   36   17 28259.0000 28410.4303  0.54%  10.5   32s
H  263   366                    28269.000000 28410.4303  0.50%  10.2   32s
H  297   366                    28270.000000 28410.4303  0.50%   9.9   32s
H  298   366                    28292.000000 28410.4303  0.42%   9.9   32s
   365   564 28410.4303   37   17 28292.0000 28410.4303  0.42%   9.4   38s
H 2117  2124                    28300.000000 28410.4303  0.39%   4.6   46s
H 2118  2112                    28302.000000 28410.4303  0.38%   4.6   46s
  4308  4070 28365.1446  137   18 28302.0000 28410.4303  0.38%   4.8   52s
H 4308  3866                    28316.000000 28410.4303  0.33%   4.8   52s
  4312  3869 28336.0304  149   14 28316.0000 28409.6336  0.33%   4.8   55s
  4320  3875 28389.5313  262   13 28316.0000 28409.6336  0.33%   5.4   60s
  4323  3877 28358.0280  162   15 28316.0000 28409.6336  0.33%   5.4   66s
  4326  3879 28409.6336   39   13 28316.0000 28409.6336  0.33%   5.4   71s
H 4328  3686                    28325.000000 28409.6336  0.30%   5.4   76s
  4330  3690 28409.6336   31   15 28325.0000 28409.6336  0.30%   6.1   80s
  4356  3717 28409.6336   35   15 28325.0000 28409.6336  0.30%   6.1   85s
H 4358  3533                    28329.000000 28409.6336  0.28%   6.1   85s
  4852  3859 28408.3991   55   17 28329.0000 28409.5301  0.28%   5.8  105s
  4865  3866 28409.1983   56   18 28329.0000 28409.5301  0.28%   5.8  119s
H 4868  3689                    28330.000000 28409.5301  0.28%   5.8  119s
H 4876  3520                    28336.000000 28409.5301  0.26%   5.8  119s
  7233  5669 28399.8464  169   19 28336.0000 28409.5301  0.26%   4.9  120s
 18753 12763 28391.1954  333   12 28336.0000 28409.1272  0.26%   3.8  126s
 18759 12767 28406.6017  117   18 28336.0000 28408.8562  0.26%   3.8  130s
 18771 12776 28348.0276  181   17 28336.0000 28408.8562  0.26%   4.0  135s
 18778 12781 28395.8333  307   19 28336.0000 28408.8562  0.26%   4.0  140s
 18806 12811 28408.4982   59   21 28336.0000 28408.8562  0.26%   4.1  148s
 22179 15047 28361.5634  215   15 28336.0000 28408.7001  0.26%   4.0  161s
 34573 21952 28408.6415  100   18 28336.0000 28408.7001  0.26%   3.4  170s
H34581 20615                    28341.000000 28408.7001  0.24%   3.4  170s
 34667 20597 28408.6415  101   18 28341.0000 28408.7001  0.24%   3.4  187s
 37618 25913 28400.3668  279   15 28341.0000 28408.7001  0.24%   3.3  190s
 49796 29274 28391.2902  191   16 28341.0000 28408.7001  0.24%   3.1  202s
 56220 33417 28365.1852  566   15 28341.0000 28408.7001  0.24%   3.0  205s
H56222 31748                    28342.000000 28408.7001  0.24%   3.0  210s
 56234 31759 28408.7001   68   18 28342.0000 28408.7001  0.24%   3.1  221s
 56428 31940 28408.7001   79   18 28342.0000 28408.7001  0.24%   3.1  233s
 59026 33594 28378.1119  198   17 28342.0000 28408.7001  0.24%   3.1  252s
 68106 40136 28358.0000  491   14 28342.0000 28408.7001  0.24%   3.0  255s
 73973 41946 28392.3158  248   16 28342.0000 28408.7001  0.24%   2.9  262s
 73976 41948 28343.8345  409   12 28342.0000 28408.6697  0.24%   2.9  265s
 73980 41951 28404.2977  209   19 28342.0000 28407.8620  0.23%   2.9  274s
 73981 41951 28392.0000  140   20 28342.0000 28407.8620  0.23%   2.9  275s
 73982 41952 28360.4138  511   16 28342.0000 28407.7284  0.23%   2.9  280s
 73987 41955 28360.6671  289   26 28342.0000 28407.5831  0.23%   2.9  285s
 73991 41958 28376.6459  235   22 28342.0000 28407.5529  0.23%   2.9  290s
 73996 41961 28358.8476  324   18 28342.0000 28407.3376  0.23%   2.9  295s
 73999 41963 28366.0109  540   25 28342.0000 28407.3376  0.23%   2.9  300s
 74002 41965 28404.8573   75   19 28342.0000 28407.3376  0.23%   2.9  305s
 74005 41970 28407.3376   81   18 28342.0000 28407.3376  0.23%   3.0  311s
 74067 42034 28407.3376   86   23 28342.0000 28407.3376  0.23%   3.0  318s
 74115 42054 28406.8032   88   20 28342.0000 28407.3376  0.23%   3.0  331s
 90408 51462 28407.2429   98   22 28342.0000 28407.3376  0.23%   2.9  355s
 106718 62057 28402.9238  350   21 28342.0000 28407.3376  0.23%   2.8  360s
 116380 65669 28406.6476  138   20 28342.0000 28407.3376  0.23%   2.7  371s
 127898 73935 28387.7195  248   18 28342.0000 28407.3282  0.23%   2.7  375s
 151166 86166 28391.6866  183   16 28342.0000 28407.3282  0.23%   2.7  380s
 165649 91751 28407.3282  138   23 28342.0000 28407.3282  0.23%   2.7  392s
 165661 91758 28407.3282  139   23 28342.0000 28407.3282  0.23%   2.7  417s
 169511 95502 28346.0000  512   11 28342.0000 28407.3282  0.23%   2.7  420s
 180251 101960 28359.4462  222   12 28342.0000 28407.3282  0.23%   2.7  425s
 197997 111012 28396.2929  393   15 28342.0000 28407.3282  0.23%   2.7  430s
 207076 116947 28397.1148  222   15 28342.0000 28407.3282  0.23%   2.7  437s
 212423 122484 28359.6101  161   15 28342.0000 28407.3282  0.23%   2.7  440s
 214161 122495 28375.6192  289   15 28342.0000 28407.3282  0.23%   2.7  459s
 214173 123990 28375.6192  290   15 28342.0000 28407.3282  0.23%   2.7  460s
 229567 136212 28403.5564  295   17 28342.0000 28407.3282  0.23%   2.7  472s
 237157 143950     cutoff  264      28342.0000 28407.3282  0.23%   2.7  475s
 250903 156002 28403.4615  208   17 28342.0000 28407.3282  0.23%   2.7  480s
 269097 172186 28403.3070  179   16 28342.0000 28407.3282  0.23%   2.7  485s
 287168 187890 28402.6861  249   22 28342.0000 28407.3282  0.23%   2.8  490s
 303138 200572 28358.6524  259   14 28342.0000 28407.3282  0.23%   2.8  500s
H303451 161895                    28358.000000 28407.3282  0.17%   2.8  500s
 311515 168804 28377.5667  404   15 28358.0000 28407.3282  0.17%   2.8  520s
 313824 170653 28376.4268  376   18 28358.0000 28407.3263  0.17%   2.8  527s
 313828 170656 28385.7556  324   17 28358.0000 28407.3263  0.17%   2.8  531s
 313830 170657 28361.8449  293   20 28358.0000 28407.0913  0.17%   2.8  541s
 313833 170659 28406.3751  219   20 28358.0000 28407.0913  0.17%   2.8  545s
 313837 170662 28384.7049  295   25 28358.0000 28407.0176  0.17%   2.8  550s
 313842 170665 28406.5341  205   22 28358.0000 28406.8515  0.17%   2.8  555s
 313845 170667 28359.1107  469   23 28358.0000 28406.8515  0.17%   2.8  560s
 313847 170669 28402.7641  209   21 28358.0000 28406.8515  0.17%   2.8  566s
 313849 170670 28406.8515  159   20 28358.0000 28406.8515  0.17%   2.8  570s
 313851 170671 28393.7266  233   18 28358.0000 28406.8515  0.17%   2.8  575s
 313853 170673 28393.9390  211   20 28358.0000 28406.8515  0.17%   2.8  581s
 313855 170674 28360.2184  189   21 28358.0000 28406.8515  0.17%   2.8  585s
 313884 170706 28406.8515   96   21 28358.0000 28406.8515  0.17%   2.8  615s
 317158 172810 28391.4120  226   14 28358.0000 28405.5653  0.17%   2.8  625s
 320495 174828 28372.3629  307   15 28358.0000 28405.5653  0.17%   2.8  635s
 332548 185555 28363.3498  170   14 28358.0000 28405.5653  0.17%   2.8  640s
 360380 198643 28364.7638  285   14 28358.0000 28405.5653  0.17%   2.8  645s
 364642 199378 28397.0000  444   15 28358.0000 28405.5653  0.17%   2.8  661s
 371158 206648 28387.1327  274   18 28358.0000 28405.5653  0.17%   2.8  665s
 394554 218029 28400.2506  301   14 28358.0000 28405.5653  0.17%   2.7  670s
 415438 229964 28396.0459  221   20 28358.0000 28405.5653  0.17%   2.8  675s
 440838 244118 28397.0719  378   18 28358.0000 28405.5653  0.17%   2.7  680s
 464540 257482 28401.5578  165   21 28358.0000 28405.5653  0.17%   2.8  685s
 484682 268477 28405.5653  155   20 28358.0000 28405.5653  0.17%   2.8  690s
 502363 277355 28398.6135  183   16 28358.0000 28405.5653  0.17%   2.8  700s
 510757 283335 28403.2480  200   18 28358.0000 28405.5653  0.17%   2.8  705s
 534288 295047 28359.6554  344   14 28358.0000 28405.5653  0.17%   2.8  710s
 535921 295064 28397.3094  256   16 28358.0000 28405.5653  0.17%   2.8  716s
 536516 294956 28397.3094  257   17 28358.0000 28405.5653  0.17%   2.8  730s
 550303 304338 28405.5653  163   22 28358.0000 28405.5653  0.17%   2.8  735s
 569787 314819 28381.3503  418   15 28358.0000 28405.5653  0.17%   2.8  740s
 586868 324209 28404.3859  221   19 28358.0000 28405.5653  0.17%   2.9  745s
 588560 323646 28387.7944  334   17 28358.0000 28405.5653  0.17%   2.9  753s
 590068 324419 28405.5653  168   21 28358.0000 28405.5653  0.17%   2.9  769s
 590138 325629     cutoff  169      28358.0000 28405.5653  0.17%   2.9  770s
 601062 331937 28404.8806  175   19 28358.0000 28405.5653  0.17%   2.9  775s
 618537 340945 28397.8154  424   20 28358.0000 28405.5653  0.17%   2.9  780s
 629767 346744 28405.4741  186   20 28358.0000 28405.5653  0.17%   2.9  785s
 642694 353350 28397.7426  294   21 28358.0000 28405.5653  0.17%   3.0  790s
 653130 358331 28389.0759  285   17 28358.0000 28405.5653  0.17%   3.0  795s
 666111 364897 28403.4495  190   26 28358.0000 28405.5653  0.17%   3.0  800s
 667693 364580 28395.5379  305   20 28358.0000 28405.5653  0.17%   3.0  816s
 671973 367701 28405.2498  193   19 28358.0000 28405.5653  0.17%   3.0  820s
 687283 375941 28397.4118  298   18 28358.0000 28405.5653  0.17%   3.1  825s
 698203 380512 28404.6568  206   17 28358.0000 28405.5653  0.17%   3.1  830s
 708489 385386 28402.2251  232   17 28358.0000 28405.5653  0.17%   3.1  835s
 716939 389313 28405.4324  210   20 28358.0000 28405.5653  0.17%   3.2  840s
 719208 388685 28405.2498  228   21 28358.0000 28405.5653  0.17%   3.2  857s
 721477 390939 28368.4805  247   17 28358.0000 28405.5653  0.17%   3.2  860s
 726801 393270 28363.6300  297   18 28358.0000 28405.5653  0.17%   3.2  865s
 728792 392735 28361.6297  205   14 28358.0000 28405.5653  0.17%   3.2  874s
 728971 401954 28361.6297  205   16 28358.0000 28405.5653  0.17%   3.2  879s
 740983 399293 28384.8703  226   17 28358.0000 28405.5653  0.17%   3.2  882s
 744410 400713 28404.5740  225   27 28358.0000 28405.5653  0.17%   3.3  885s
 751070 403546 28404.7145  260   19 28358.0000 28405.5653  0.17%   3.3  890s
 756343 405486 28398.8596  252   18 28358.0000 28405.5653  0.17%   3.3  895s
 762483 407759 28395.6971  266   24 28358.0000 28405.5653  0.17%   3.3  900s
 766813 409701 28389.6782  256   20 28358.0000 28405.5653  0.17%   3.4  905s
 773092 411397 28386.1307  296   22 28358.0000 28405.5653  0.17%   3.4  911s
 775239 410965 28381.7648  284   22 28358.0000 28405.5653  0.17%   3.4  929s
 775641 412513 28405.5653  219   44 28358.0000 28405.5653  0.17%   3.4  932s
 777758 413032     cutoff  335      28358.0000 28405.5653  0.17%   3.4  941s
 781863 415241 28405.5653  219   25 28358.0000 28405.5653  0.17%   3.4  945s
 787046 417184 28359.3038  284   26 28358.0000 28405.5653  0.17%   3.5  950s
 792714 419564 28368.3474  245   20 28358.0000 28405.5653  0.17%   3.5  955s
 795920 419638 28404.5467  248   36 28358.0000 28405.5653  0.17%   3.5  970s
 799276 422235 28373.2943  253   27 28358.0000 28405.5653  0.17%   3.5  976s
 803946 424508 28397.5142  275   24 28358.0000 28405.5653  0.17%   3.6  980s
 809602 426598 28404.9643  185   27 28358.0000 28405.5653  0.17%   3.6  986s
 813146 428174 28382.0969  264   33 28358.0000 28405.5653  0.17%   3.6  990s
 818663 429599 28403.6589  235   21 28358.0000 28405.5653  0.17%   3.6 1012s
 819332 430747 28403.6589  236   25 28358.0000 28405.5653  0.17%   3.6 1015s
 825498 433181 28398.5477  233   30 28358.0000 28405.5653  0.17%   3.7 1022s
 827103 434476 28405.1256  268   22 28358.0000 28405.5653  0.17%   3.7 1025s
 831024 437311 28395.7151  270   24 28358.0000 28405.5653  0.17%   3.7 1030s
 834983 440575 28405.1080  242   22 28358.0000 28405.5653  0.17%   3.7 1035s
 839989 444221 28385.4049  269   21 28358.0000 28405.5653  0.17%   3.8 1040s
 843891 447143 28362.0180  331   20 28358.0000 28405.5653  0.17%   3.8 1045s
 849134 449910 28375.8889  247   14 28358.0000 28405.5653  0.17%   3.8 1068s
 849391 451101     cutoff  248      28358.0000 28405.5653  0.17%   3.8 1071s
 853146 453991 28381.9470  231   25 28358.0000 28405.5653  0.17%   3.8 1076s
 856998 455969 28399.5230  244   26 28358.0000 28405.5653  0.17%   3.9 1080s
 861557 460094 28371.1619  233   22 28358.0000 28405.5653  0.17%   3.9 1087s
 865370 463264     cutoff  380      28358.0000 28405.5653  0.17%   3.9 1092s
 867281 464715 28377.6129  261   21 28358.0000 28405.5653  0.17%   3.9 1096s
 871373 467220 28396.6697  256   25 28358.0000 28405.5653  0.17%   3.9 1101s
 876070 470487 28361.2705  326   25 28358.0000 28405.5653  0.17%   3.9 1106s
 879344 473357 28387.6820  339   20 28358.0000 28405.5653  0.17%   4.0 1112s
 883296 475533 28387.4130  223   35 28358.0000 28405.5653  0.17%   4.0 1116s
 884942 475681 28400.5185  246   22 28358.0000 28405.5653  0.17%   4.0 1141s
 886772 477764     cutoff  239      28358.0000 28405.5653  0.17%   4.0 1145s
 890522 480733 28361.1846  239   15 28358.0000 28405.5653  0.17%   4.0 1151s
 895550 483977 28369.0611  351   13 28358.0000 28405.5653  0.17%   4.1 1156s
 898781 485811 28403.8324  221   32 28358.0000 28405.5653  0.17%   4.1 1166s
 901792 488882 28364.0159  279   20 28358.0000 28405.5653  0.17%   4.1 1172s
 905834 491652 28405.5653  246   23 28358.0000 28405.5653  0.17%   4.1 1176s
 909592 494882 28369.1087  230   20 28358.0000 28405.5653  0.17%   4.1 1181s
 915063 499037     cutoff  256      28358.0000 28405.5653  0.17%   4.1 1186s
 918768 501770 28367.9783  266   18 28358.0000 28405.5653  0.17%   4.2 1191s
 920552 502087 28405.2834  187   24 28358.0000 28405.5653  0.17%   4.2 1205s
 923079 505492 28377.6728  305   20 28358.0000 28405.5653  0.17%   4.2 1211s
 927267 508543 28379.4623  233   26 28358.0000 28405.5653  0.17%   4.2 1216s
 931357 511499 28405.0572  208   26 28358.0000 28405.5653  0.17%   4.2 1220s
 933187 511553 28363.1297  242   19 28358.0000 28405.5653  0.17%   4.2 1244s
 933271 520713 28392.5950  200   27 28358.0000 28405.5653  0.17%   4.2 1260s
 947341 523552 28403.1334  223   23 28358.0000 28405.5653  0.17%   4.3 1266s
 952465 527430 28378.7451  413   19 28358.0000 28405.5653  0.17%   4.3 1270s
 956085 530041 28367.5156  341   16 28358.0000 28405.5653  0.17%   4.3 1275s
 963242 535255     cutoff  259      28358.0000 28405.5653  0.17%   4.3 1281s
 966740 537006 28379.9184  224   20 28358.0000 28405.5653  0.17%   4.3 1300s
 972374 542196 28374.7630  261   24 28358.0000 28405.5653  0.17%   4.3 1306s
 976002 544733     cutoff  224      28358.0000 28405.5653  0.17%   4.4 1310s
 983105 550735 28405.5555  206   30 28358.0000 28405.5653  0.17%   4.4 1315s
 986697 553714 28383.6158  238   26 28358.0000 28405.5653  0.17%   4.4 1320s
 988580 553828 28405.5653  204   26 28358.0000 28405.5653  0.17%   4.4 1345s
 988737 562573 28405.5653  205   27 28358.0000 28405.5653  0.17%   4.4 1356s
 1000749 564068 28394.2846  233   17 28358.0000 28405.5653  0.17%   4.4 1361s
 1006507 567863 28405.5653  169   25 28358.0000 28405.5653  0.17%   4.5 1365s
 1013413 574050 28380.6644  345   19 28358.0000 28405.5653  0.17%   4.5 1371s
 1019368 577786 28400.3663  207   21 28358.0000 28405.5653  0.17%   4.5 1376s
 1020825 577954 28405.5389  202   24 28358.0000 28405.5653  0.17%   4.5 1389s
 1021109 579060 28405.5389  203   21 28358.0000 28405.5653  0.17%   4.5 1390s
 1022986 579454 28359.7551  250   18 28358.0000 28405.5653  0.17%   4.5 1411s
 1027084 583652 28362.1625  224   16 28358.0000 28405.5653  0.17%   4.5 1416s
 1030370 586115 28359.9799  277   19 28358.0000 28405.5653  0.17%   4.5 1420s
 1035763 590790 28392.9979  211   18 28358.0000 28405.5653  0.17%   4.6 1427s
 1039634 594041 28389.8117  378   18 28358.0000 28405.5653  0.17%   4.6 1430s
 1046726 599651     cutoff  288      28358.0000 28405.5653  0.17%   4.6 1435s
 1053312 604109     cutoff  280      28358.0000 28405.5653  0.17%   4.6 1458s
 1053754 605450 28375.4496  287   11 28358.0000 28405.5653  0.17%   4.6 1461s
 1057670 608685 28367.0515  235   23 28358.0000 28405.5653  0.17%   4.6 1465s
 1064953 614377 28362.1646  323   21 28358.0000 28405.5653  0.17%   4.6 1470s
 1071681 619394     cutoff  445      28358.0000 28405.5653  0.17%   4.6 1476s
 1074724 621887 28387.6096  320   17 28358.0000 28405.5653  0.17%   4.6 1481s
 1077878 623467 28380.2271  249   13 28358.0000 28405.5653  0.17%   4.7 1498s
 1080603 626707 28380.6150  243   19 28358.0000 28405.5653  0.17%   4.7 1502s
 1085775 630699 28399.0146  216   25 28358.0000 28405.5653  0.17%   4.7 1506s
 1093186 636510 28405.5653  215   23 28358.0000 28405.5653  0.17%   4.7 1511s
 1098299 640489     cutoff  237      28358.0000 28405.5653  0.17%   4.7 1515s
 1101782 641886 28365.5774  218   17 28358.0000 28405.5653  0.17%   4.7 1530s
 1102101 650109 28365.5774  264   16 28358.0000 28405.5653  0.17%   4.7 1544s
 1112898 651984 28404.9473  221   25 28358.0000 28405.5653  0.17%   4.7 1548s
 1117411 655245 28388.4926  272   17 28358.0000 28405.5653  0.17%   4.7 1551s
 1122444 659109 28366.7428  237   14 28358.0000 28405.5653  0.17%   4.8 1555s
 1124364 659240 28405.5653  220   23 28358.0000 28405.5653  0.17%   4.8 1581s
 1126842 662220 28380.8378  257   16 28358.0000 28405.5653  0.17%   4.8 1585s
 1132285 666718 28369.0589  227   16 28358.0000 28405.5653  0.17%   4.8 1591s
 1138331 671530 28377.5950  221   16 28358.0000 28405.5653  0.17%   4.8 1595s
 1143532 675347 28359.6898  255   21 28358.0000 28405.5653  0.17%   4.8 1601s
 1150798 681567 28403.5081  249   21 28358.0000 28405.5653  0.17%   4.8 1605s
 1154441 683651 28405.1256  225   19 28358.0000 28405.5653  0.17%   4.8 1622s
 1156798 686066 28405.5653  210   23 28358.0000 28405.5653  0.17%   4.8 1625s
 1161811 689951 28374.0982  462   14 28358.0000 28405.5653  0.17%   4.9 1630s
 1167162 693954 28405.5653  212   24 28358.0000 28405.5653  0.17%   4.9 1635s
 1172023 696843     cutoff  390      28358.0000 28405.5653  0.17%   4.9 1652s
 1174594 699699 28365.1818  327   17 28358.0000 28405.5653  0.17%   4.9 1655s
 1177762 701407 28396.9667  289   19 28358.0000 28405.5653  0.17%   4.9 1667s
 1178458 703746 28360.1796  287   19 28358.0000 28405.5653  0.17%   4.9 1670s
 1185624 708898 28376.8181  320   13 28358.0000 28405.5653  0.17%   4.9 1676s
 1191985 713227 28372.7338  280   13 28358.0000 28405.5653  0.17%   4.9 1681s
 1193729 713636 28363.7788  303   17 28358.0000 28405.5653  0.17%   4.9 1698s
 1195289 715772 28361.8867  370   17 28358.0000 28405.5653  0.17%   4.9 1703s
 1197322 717314 28404.5467  226   23 28358.0000 28405.5653  0.17%   4.9 1707s
 1203653 722108 28403.3284  233   25 28358.0000 28405.5653  0.17%   5.0 1711s
 1209707 727212     cutoff  417      28358.0000 28405.5653  0.17%   5.0 1715s
 1216629 732239 28376.7419  295   15 28358.0000 28405.5653  0.17%   5.0 1721s
 1220261 735083 28360.4297  396   19 28358.0000 28405.5653  0.17%   5.0 1725s
 1225379 738228 28383.7105  365   19 28358.0000 28405.5653  0.17%   5.0 1744s
 1225988 739576 28392.7624  227   22 28358.0000 28405.5653  0.17%   5.0 1746s
 1231481 743552 28379.5736  231   16 28358.0000 28405.5653  0.17%   5.0 1750s
 1236500 747637     cutoff  323      28358.0000 28405.5653  0.17%   5.0 1755s
 1239888 749285 28392.5701  263   22 28358.0000 28405.5653  0.17%   5.0 1768s
 1240414 750758 28392.5701  264   21 28358.0000 28405.5653  0.17%   5.0 1770s
 1246017 754818 28405.5653  170   27 28358.0000 28405.5653  0.17%   5.0 1776s
 1253031 760161 28379.7597  256   18 28358.0000 28405.5653  0.17%   5.1 1781s
 1257918 762975     cutoff  219      28358.0000 28405.5653  0.17%   5.1 1805s
 1261815 767409 28360.9673  285   15 28358.0000 28405.5653  0.17%   5.1 1811s
 1267480 771383 28364.3030  231   20 28358.0000 28405.5653  0.17%   5.1 1816s
 1272762 775846 28362.9870  414   16 28358.0000 28405.5653  0.17%   5.1 1820s
 1278110 779687 28362.1085  251   13 28358.0000 28405.5653  0.17%   5.1 1825s
 1285420 785032 28359.3795  295   15 28358.0000 28405.5653  0.17%   5.1 1830s
 1290593 789626 28361.0475  301   23 28358.0000 28405.5653  0.17%   5.1 1835s
 1296168 792536     cutoff  217      28358.0000 28405.5653  0.17%   5.1 1862s
 1296302 792548 28365.7911  215   19 28358.0000 28405.5653  0.17%   5.1 1875s
 1301630 797614 28404.8705  241   26 28358.0000 28405.5653  0.17%   5.2 1881s
 1306674 801658 28400.0754  233   26 28358.0000 28405.5653  0.17%   5.2 1886s
 1308535 802071 28403.8668  234   25 28358.0000 28405.5653  0.17%   5.2 1899s
 1309112 803348 28401.7283  235   21 28358.0000 28405.5653  0.17%   5.2 1901s
 1313192 806208 28399.8317  244   23 28358.0000 28405.5653  0.17%   5.2 1905s
 1319168 809611 28397.5881  221   23 28358.0000 28405.5653  0.17%   5.2 1927s
 1319943 811092 28398.2250  237   24 28358.0000 28405.5653  0.17%   5.2 1930s
 1325020 814420 28398.9612  243   22 28358.0000 28405.5653  0.17%   5.2 1935s
 1330350 817719 28360.5773  263   18 28358.0000 28405.5653  0.17%   5.2 1941s
 1335368 820986     cutoff  225      28358.0000 28405.5653  0.17%   5.2 1946s
 1338871 823713 28360.8182  280   12 28358.0000 28405.5653  0.17%   5.2 1951s
 1341848 825680 28403.2759  209   25 28358.0000 28405.5653  0.17%   5.3 1955s
 1343843 826042 28371.4052  225   23 28358.0000 28405.5653  0.17%   5.3 1974s
 1344387 827714 28371.4052  226   16 28358.0000 28405.5653  0.17%   5.3 1977s
 1349156 831026 28396.1320  239   28 28358.0000 28405.5653  0.17%   5.3 1981s
 1353664 834342 28405.5389  139   29 28358.0000 28405.5653  0.17%   5.3 1986s
 1359705 838196 28378.6104  231   19 28358.0000 28405.5653  0.17%   5.3 1991s
 1362928 840946 28405.5653  171   27 28358.0000 28405.5653  0.17%   5.3 1995s
 1368774 845285 28384.1437  198   18 28358.0000 28405.5653  0.17%   5.3 2000s
 1373724 847842 28405.5653  161   26 28358.0000 28405.5653  0.17%   5.3 2025s
 1375773 850865 28402.1853  291   31 28358.0000 28405.5653  0.17%   5.3 2030s
 1381138 854865 28359.0656  296   22 28358.0000 28405.5653  0.17%   5.3 2036s
 1384269 857501 28366.9948  280   19 28358.0000 28405.5653  0.17%   5.3 2040s
 1390224 861929 28403.0635  241   21 28358.0000 28405.5653  0.17%   5.4 2046s
 1392232 862611 28390.9411  203   23 28358.0000 28405.5653  0.17%   5.4 2054s
 1393251 864076 28384.3998  233   16 28358.0000 28405.5653  0.17%   5.4 2056s
 1396945 866817 28392.1311  276   19 28358.0000 28405.5653  0.17%   5.4 2060s
 1402137 871232 28386.9529  273   18 28358.0000 28405.5653  0.17%   5.4 2065s
 1405753 873451 28381.9621  232   17 28358.0000 28405.5653  0.17%   5.4 2070s
 1408715 876037 28405.2001  195   29 28358.0000 28405.5653  0.17%   5.4 2075s
 1414226 879290 28405.5653  201   25 28358.0000 28405.5653  0.17%   5.4 2098s
 1414575 880547 28362.1477  248   14 28358.0000 28405.5653  0.17%   5.4 2100s
 1417672 882783 28405.5653  182   30 28358.0000 28405.5653  0.17%   5.4 2106s
 1419291 882866     cutoff  261      28358.0000 28405.5653  0.17%   5.4 2121s
 1421730 886019 28397.1009  210   15 28358.0000 28405.5653  0.17%   5.4 2127s
 1425358 888997 28402.7004  228   23 28358.0000 28405.5653  0.17%   5.4 2131s
 1427591 890343 28405.5653  180   31 28358.0000 28405.5653  0.17%   5.4 2135s
 1431548 893340 28400.0422  204   23 28358.0000 28405.5653  0.17%   5.4 2140s
 1435622 896097 28363.7698  302   20 28358.0000 28405.5653  0.17%   5.5 2145s
 1440675 900174 28366.2502  306   33 28358.0000 28405.5653  0.17%   5.5 2150s
 1442498 900472 28387.4130  175   27 28358.0000 28405.5653  0.17%   5.5 2170s
 1444599 903171 28405.1459  217   27 28358.0000 28405.5653  0.17%   5.5 2176s
 1448745 906412 28369.5091  284   11 28358.0000 28405.5653  0.17%   5.5 2181s
 1452914 909264 28359.2627  245   18 28358.0000 28405.5653  0.17%   5.5 2185s
 1458170 912919     cutoff  279      28358.0000 28405.5653  0.17%   5.5 2191s
 1462080 915795 28359.0246  211   18 28358.0000 28405.5653  0.17%   5.5 2195s
 1467721 919577 28382.8536  239   18 28358.0000 28405.5653  0.17%   5.5 2200s
 1472998 922912     cutoff  273      28358.0000 28405.5653  0.17%   5.5 2206s
 1476468 925813 28374.3803  313   19 28358.0000 28405.5653  0.17%   5.5 2211s
 1480422 927508 28373.5095  220   21 28358.0000 28405.5653  0.17%   5.6 2235s
H1480480 804611                    28364.000000 28405.5653  0.15%   5.6 2235s
 1482500 806889 28390.0488  214   25 28364.0000 28405.5653  0.15%   5.6 2242s
 1486304 809479 28373.3168  361   16 28364.0000 28405.5653  0.15%   5.6 2247s
 1489939 811827     cutoff  235      28364.0000 28405.5653  0.15%   5.6 2251s
 1491788 811829 28378.5550  250   13 28364.0000 28405.5653  0.15%   5.6 2255s
 1491795 811834 28405.2001  182   18 28364.0000 28405.5653  0.15%   5.6 2262s
 1491796 811835 28405.5653  187   19 28364.0000 28405.5653  0.15%   5.6 2265s
 1491797 811835 28382.0949  310   20 28364.0000 28405.5653  0.15%   5.6 2271s
 1491799 811837 28378.8902  370   19 28364.0000 28405.5653  0.15%   5.6 2279s
 1491800 811837 28395.2339  256   21 28364.0000 28405.5653  0.15%   5.6 2280s
 1491803 811839 28405.2198  158   21 28364.0000 28405.5653  0.15%   5.6 2285s
 1491805 811841 28373.8603  253   22 28364.0000 28405.5653  0.15%   5.6 2293s
 1491806 811841 28404.7043  233   25 28364.0000 28405.5653  0.15%   5.6 2295s
 1491809 811843 28366.5130  504   21 28364.0000 28405.5653  0.15%   5.6 2305s
 1491812 811845 28385.1830  272   22 28364.0000 28405.5653  0.15%   5.6 2311s
 1491813 811846 28380.6962  283   20 28364.0000 28405.5653  0.15%   5.6 2319s
 1491814 811847 28399.0225  229   19 28364.0000 28405.5653  0.15%   5.6 2324s
H1491814 771254                    28368.000000 28405.5653  0.13%   5.6 2325s
 1491816 771255 28392.7278  347   20 28368.0000 28405.5653  0.13%   5.6 2336s
 1491845 771287 28405.5653  111   22 28368.0000 28405.5653  0.13%   5.6 2355s
 1497336 774643 28402.2790  276   17 28368.0000 28405.5427  0.13%   5.6 2368s
 1501019 777852 28401.8096  337   16 28368.0000 28405.5427  0.13%   5.6 2370s
 1505101 778526 28394.1562  472   17 28368.0000 28405.5427  0.13%   5.6 2379s
 1505244 778488 28394.1562  473   17 28368.0000 28405.5427  0.13%   5.6 2387s
 1509085 782736 28391.3432  382   14 28368.0000 28405.5427  0.13%   5.6 2390s
 1524601 789830 28398.6190  290   21 28368.0000 28405.5427  0.13%   5.5 2404s
 1527091 792741 28377.2428  468   17 28368.0000 28405.5427  0.13%   5.5 2405s
 1529151 792061 28378.0000  250   22 28368.0000 28405.5427  0.13%   5.5 2410s
 1529153 792062 28372.3929  480   22 28368.0000 28405.5427  0.13%   5.5 2416s
 1529155 792064 28402.9927  222   20 28368.0000 28405.5427  0.13%   5.5 2420s
 1529157 792065 28371.7342  479   20 28368.0000 28405.5427  0.13%   5.5 2428s
 1529158 792066 28369.0000  264   28 28368.0000 28405.5427  0.13%   5.5 2430s
 1529159 792066 28378.1485  415   20 28368.0000 28405.5427  0.13%   5.5 2437s
 1529160 792067 28369.0166  357   25 28368.0000 28405.5427  0.13%   5.5 2440s
 1529162 792068 28404.2997  140   23 28368.0000 28405.5427  0.13%   5.5 2445s
 1529192 792101 28405.5427  120   22 28368.0000 28405.5427  0.13%   5.5 2453s
H1529202 752494                    28371.000029 28405.5427  0.12%   5.5 2453s
 1529204 752505 28405.5427  120   21 28371.0000 28405.5427  0.12%   5.5 2459s
 1530050 753816 28403.4794  150   21 28371.0000 28405.5427  0.12%   5.5 2469s
 1532153 755379 28393.2015  210   18 28371.0000 28405.5427  0.12%   5.5 2470s
 1533257 755023 28400.7112  245   19 28371.0000 28405.5427  0.12%   5.5 2477s
 1536279 758497 28400.6678  302   18 28371.0000 28405.5427  0.12%   5.5 2480s
 1545981 762161 28401.1298  286   21 28371.0000 28405.5427  0.12%   5.5 2491s
 1545993 762586 28401.1298  287   21 28371.0000 28405.5427  0.12%   5.5 2499s
 1546430 764865 28390.3165  377   15 28371.0000 28405.5427  0.12%   5.5 2500s
 1558516 770434     cutoff  539      28371.0000 28405.5427  0.12%   5.5 2505s
 1567480 774187 28388.9146  223   18 28371.0000 28405.5427  0.12%   5.5 2510s
 1567485 774190 28394.9218  425   21 28371.0000 28405.2167  0.12%   5.5 2516s
 1567487 774192 28372.0388  254   18 28371.0000 28405.1722  0.12%   5.5 2521s
 1567491 774194 28404.9077  130   21 28371.0000 28404.9077  0.12%   5.5 2525s
 1567497 774198 28388.3283  378   20 28371.0000 28404.9077  0.12%   5.5 2536s
 1567500 774200 28400.2867  272   22 28371.0000 28404.9077  0.12%   5.5 2541s
 1567502 774202 28392.9937  274   26 28371.0000 28404.9077  0.12%   5.5 2545s
 1567506 774207 28404.9077  128   21 28371.0000 28404.9077  0.12%   5.5 2551s
 1567532 774235 28404.9077  132   21 28371.0000 28404.9077  0.12%   5.5 2564s
 1567568 774271 28404.6964  133   21 28371.0000 28404.9077  0.12%   5.5 2570s
 1577188 781711 28397.9056  341   20 28371.0000 28404.6964  0.12%   5.4 2575s
 1592223 788270 28372.0230  307   15 28371.0000 28404.6964  0.12%   5.4 2590s
 1606116 797921 28403.6606  200   19 28371.0000 28404.6964  0.12%   5.4 2595s
 1628293 806702 28390.5096  215   15 28371.0000 28404.6964  0.12%   5.4 2611s
 1628372 807518 28390.5096  216   15 28371.0000 28404.6964  0.12%   5.4 2615s
 1642504 815877 28393.9850  230   15 28371.0000 28404.6964  0.12%   5.4 2620s
 1657020 821371     cutoff  380      28371.0000 28404.6964  0.12%   5.3 2627s
 1661629 825148 28385.4794  472   17 28371.0000 28404.6964  0.12%   5.3 2630s
 1668690 826834 28392.2007  214   18 28371.0000 28404.6964  0.12%   5.3 2642s
 1668702 826922     cutoff  215      28371.0000 28404.6964  0.12%   5.3 2650s
 1676806 832288 28403.6458  206   22 28371.0000 28404.6964  0.12%   5.3 2656s
 1686166 835850 28404.6964  181   26 28371.0000 28404.6964  0.12%   5.3 2665s
 1698494 843843 28404.6964  200   22 28371.0000 28404.6964  0.12%   5.3 2670s
 1700497 843633 28404.6964  195   21 28371.0000 28404.6964  0.12%   5.3 2677s
 1701038 853473 28404.6964  196   21 28371.0000 28404.6964  0.12%   5.3 2682s
 1720983 854795 28387.5882  309   17 28371.0000 28404.6964  0.12%   5.3 2685s
 1737215 862251 28403.0391  202   19 28371.0000 28404.6964  0.12%   5.2 2698s
 1737988 868328     cutoff  245      28371.0000 28404.6964  0.12%   5.2 2702s
 1748185 868393 28400.1902  529   18 28371.0000 28404.6964  0.12%   5.2 2707s
 1752235 869402 28382.3043  414   15 28371.0000 28404.6964  0.12%   5.2 2718s
 1752383 871140 28373.1038  415   13 28371.0000 28404.6964  0.12%   5.2 2720s
 1763500 875578 28401.7804  219   20 28371.0000 28404.6964  0.12%   5.2 2728s
 1768057 878071 28402.5249  223   20 28371.0000 28404.6964  0.12%   5.2 2739s
 1768423 880018 28402.5249  224   20 28371.0000 28404.6964  0.12%   5.2 2740s
 1785592 886917 28402.3496  243   16 28371.0000 28404.6964  0.12%   5.2 2754s
 1787936 890003 28402.9734  245   18 28371.0000 28404.6964  0.12%   5.2 2755s
 1801294 897003 28394.3968  224   17 28371.0000 28404.6964  0.12%   5.2 2760s
 1812822 903065 28388.0356  220   12 28371.0000 28404.6964  0.12%   5.2 2765s
 1823175 907290 28401.6157  258   15 28371.0000 28404.6964  0.12%   5.2 2770s
 1832757 911804 28401.5548  333   18 28371.0000 28404.6964  0.12%   5.2 2775s
 1835033 911069 28402.5400  171   22 28371.0000 28404.6964  0.12%   5.2 2788s
 1836976 913554 28375.0000  334   18 28371.0000 28404.6964  0.12%   5.2 2790s
 1843039 914805 28373.0388  268   15 28371.0000 28404.6964  0.12%   5.2 2797s
 1846983 916005 28383.0000  261   12 28371.0000 28404.6964  0.12%   5.2 2807s
 1851213 918328     cutoff  366      28371.0000 28404.6964  0.12%   5.2 2810s
 1857187 919607     cutoff  256      28371.0000 28404.6964  0.12%   5.1 2821s
 1861113 922016 28400.8460  229   16 28371.0000 28404.6964  0.12%   5.2 2825s
 1869057 924897 28394.1827  176   15 28371.0000 28404.6964  0.12%   5.1 2834s
 1869793 926701 28393.7104  201   18 28371.0000 28404.6964  0.12%   5.1 2835s
 1877859 928518 28380.0000  251   17 28371.0000 28404.6964  0.12%   5.1 2846s
 1878321 928729 28386.5028  217   16 28371.0000 28404.6964  0.12%   5.1 2859s
 1878853 930658 28399.5414  218   17 28371.0000 28404.6964  0.12%   5.1 2861s
 1885842 933017 28403.7383  221   20 28371.0000 28404.6964  0.12%   5.1 2865s
 1891661 935002 28403.6354  210   21 28371.0000 28404.6964  0.12%   5.1 2876s
 1897787 939039 28390.8189  251   15 28371.0000 28404.6964  0.12%   5.1 2880s
 1907632 943664 28404.3605  202   22 28371.0000 28404.6964  0.12%   5.1 2885s
 1914725 945498 28392.9843  221   16 28371.0000 28404.6964  0.12%   5.1 2908s
 1916356 947752 28398.5749  229   21 28371.0000 28404.6964  0.12%   5.1 2910s
 1923562 951237     cutoff  363      28371.0000 28404.6964  0.12%   5.1 2915s
 1932905 954947 28403.6354  233   26 28371.0000 28404.6964  0.12%   5.1 2920s
 1935939 956014 28383.8556  271   12 28371.0000 28404.6964  0.12%   5.1 2935s
 1937024 956467 28383.1829  224   13 28371.0000 28404.6964  0.12%   5.1 2941s
H1937305 888793                    28375.000000 28404.6964  0.10%   5.1 2941s
 1940250 889375 28397.5424  342   16 28375.0000 28404.6964  0.10%   5.1 2946s
 1940255 889378 28385.3743  317   24 28375.0000 28404.6964  0.10%   5.1 2950s
 1940259 889381 28380.0199  456   32 28375.0000 28404.6964  0.10%   5.1 2956s
 1940261 889382 28397.5747  259   21 28375.0000 28404.6964  0.10%   5.1 2968s
 1940262 889383 28400.9461  233   29 28375.0000 28404.6964  0.10%   5.1 2970s
 1940291 889415 28404.6964  146   20 28375.0000 28404.6964  0.10%   5.1 2976s
 1940327 889451 28404.4963  147   20 28375.0000 28404.6964  0.10%   5.1 2981s
 1940431 889535 28404.6964  150   21 28375.0000 28404.6964  0.10%   5.1 2986s
 1941251 891466 28402.9845  172   19 28375.0000 28404.6964  0.10%   5.1 2995s
 1944459 893016 28400.5740  275   18 28375.0000 28404.6964  0.10%   5.1 3000s
 1945673 894279 28400.4324  289   19 28375.0000 28404.6964  0.10%   5.1 3005s
 1949189 897686 28395.0000  412   16 28375.0000 28404.6964  0.10%   5.1 3011s
 1952624 897299 28401.3992  300   18 28375.0000 28404.6964  0.10%   5.1 3018s
 1953434 897880 28389.4446  349   17 28375.0000 28404.6964  0.10%   5.1 3029s
 1954368 899654 28389.3956  429   18 28375.0000 28404.6964  0.10%   5.1 3030s
 1959265 902568 28389.3956  382   17 28375.0000 28404.6324  0.10%   5.1 3041s
 1967148 904973 28376.4147  467   14 28375.0000 28404.6324  0.10%   5.1 3051s
 1972873 908630 28402.0788  242   17 28375.0000 28404.6324  0.10%   5.1 3056s
 1982511 913224 28379.7251  366   18 28375.0000 28404.6324  0.10%   5.1 3068s
 1982523 914356 28379.7251  367   17 28375.0000 28404.6324  0.10%   5.1 3071s
 1987740 916643 28401.3992  342   17 28375.0000 28404.6324  0.10%   5.1 3078s
 1990762 918752 28394.0711  249   14 28375.0000 28404.6324  0.10%   5.1 3080s
 1994787 919350 28389.3956  415   15 28375.0000 28404.6324  0.10%   5.1 3092s
H1994789 872374                    28377.000000 28404.6324  0.10%   5.1 3092s
 1996446 876235 28388.9624  283   12 28377.0000 28404.6324  0.10%   5.1 3096s
 2007699 879794 28402.5112  245   17 28377.0000 28404.6324  0.10%   5.1 3100s
 2016386 884682 28401.6318  224   15 28377.0000 28404.6324  0.10%   5.1 3105s
 2029894 889999 28404.6166  200   21 28377.0000 28404.6324  0.10%   5.1 3111s
 2038777 893934 28382.4366  265   12 28377.0000 28404.6324  0.10%   5.1 3115s
 2050422 899235 28397.8030  280   16 28377.0000 28404.6324  0.10%   5.1 3120s
 2062061 903879 28381.6792  255   16 28377.0000 28404.6324  0.10%   5.1 3125s
 2069642 907320 28396.1230  302   14 28377.0000 28404.6324  0.10%   5.1 3130s
 2082912 913873 28402.3496  297   15 28377.0000 28404.6324  0.10%   5.1 3135s
 2094894 918886 28389.2185  216   13 28377.0000 28404.6324  0.10%   5.1 3140s
 2104522 923469 28399.8189  308   18 28377.0000 28404.6324  0.10%   5.0 3145s
 2106535 923075 28390.0642  330   14 28377.0000 28404.6324  0.10%   5.0 3150s
 2112844 926721 28388.2414  298   19 28377.0000 28404.6324  0.10%   5.0 3157s
 2116182 928499 28388.6570  295   18 28377.0000 28404.6324  0.10%   5.0 3160s
 2121585 931009 28385.4697  291   18 28377.0000 28404.6324  0.10%   5.0 3165s
 2127621 933442 28404.6324  231   20 28377.0000 28404.6324  0.10%   5.0 3170s
 2133683 935669 28392.8982  277   13 28377.0000 28404.6324  0.10%   5.0 3177s
 2135088 936271 28396.9617  291   16 28377.0000 28404.6324  0.10%   5.0 3181s
 2140772 939488 28402.5112  276   15 28377.0000 28404.6324  0.10%   5.0 3185s
 2144565 941136 28383.8763  245   18 28377.0000 28404.6324  0.10%   5.0 3190s
 2150469 942879     cutoff  300      28377.0000 28404.6324  0.10%   5.0 3199s
 2151545 944223 28404.6324  242   20 28377.0000 28404.6324  0.10%   5.0 3200s
 2158024 946320 28398.1999  245   17 28377.0000 28404.6324  0.10%   5.0 3206s
 2164472 947840 28404.5803  224   21 28377.0000 28404.6324  0.10%   5.0 3216s
 2164886 953099 28403.7755  235   21 28377.0000 28404.6324  0.10%   5.0 3223s
 2172611 951436 28382.5222  269   12 28377.0000 28404.6324  0.10%   5.0 3227s
 2173959 951675 28404.6324  251   22 28377.0000 28404.6324  0.10%   5.0 3232s
 2177107 953540 28378.2298  260   16 28377.0000 28404.6324  0.10%   5.0 3235s
 2180781 955090 28403.7547  263   20 28377.0000 28404.6324  0.10%   5.1 3240s
 2183862 957041 28400.0839  278   19 28377.0000 28404.6324  0.10%   5.1 3245s
 2188770 958563 28387.9669  296   20 28377.0000 28404.6324  0.10%   5.1 3250s
 2194853 960390 28401.0234  284   23 28377.0000 28404.6324  0.10%   5.1 3259s
 2195855 961390 28387.1616  233   16 28377.0000 28404.6324  0.10%   5.1 3263s
H2196393 902936                    28380.000000 28404.6324  0.09%   5.1 3263s
 2199730 904862 28397.9507  311   19 28380.0000 28404.6324  0.09%   5.1 3266s
 2202485 906365 28384.1398  244   18 28380.0000 28404.6324  0.09%   5.1 3270s
 2208798 908104 28404.6324  230   19 28380.0000 28404.6324  0.09%   5.1 3279s
 2210208 909010 28397.4063  246   15 28380.0000 28404.6324  0.09%   5.1 3280s
 2216072 910469 28401.7936  249   23 28380.0000 28404.6324  0.09%   5.1 3294s
 2216972 911724     cutoff  335      28380.0000 28404.6324  0.09%   5.1 3295s
 2222710 914234 28403.3482  292   22 28380.0000 28404.6324  0.09%   5.1 3301s
 2228571 916279 28404.4209  246   20 28380.0000 28404.6324  0.09%   5.1 3307s
 2230050 917013 28402.5862  276   23 28380.0000 28404.6324  0.09%   5.1 3311s
 2233724 918636 28402.5862  247   18 28380.0000 28404.6324  0.09%   5.1 3316s
 2237002 920215 28403.5683  268   20 28380.0000 28404.6324  0.09%   5.1 3323s
 2238566 921331 28404.6324  248   25 28380.0000 28404.6324  0.09%   5.1 3325s
 2245569 924358 28398.7933  238   31 28380.0000 28404.6324  0.09%   5.1 3330s
 2249397 925066 28404.6324  207   28 28380.0000 28404.6324  0.09%   5.1 3341s
 2249984 926108     cutoff  259      28380.0000 28404.6324  0.09%   5.1 3346s
 2253423 927982 28404.0665  252   20 28380.0000 28404.6324  0.09%   5.1 3351s
 2259834 929700 28390.2874  239   15 28380.0000 28404.6324  0.09%   5.1 3360s
 2266797 933241 28389.6518  267   14 28380.0000 28404.6324  0.09%   5.1 3373s
 2268043 934166 28395.3024  243   26 28380.0000 28404.6324  0.09%   5.1 3375s
 2273027 935509 28404.0665  241   27 28380.0000 28404.6324  0.09%   5.1 3386s
 2278494 937193     cutoff  280      28380.0000 28404.6324  0.09%   5.2 3393s
 2279177 938798 28404.6324  224   21 28380.0000 28404.6324  0.09%   5.2 3403s
 2281579 940258 28402.9249  244   18 28380.0000 28404.6324  0.09%   5.2 3405s
 2286476 941655 28400.5381  321   23 28380.0000 28404.6324  0.09%   5.2 3410s
 2294601 945281 28394.9226  289   18 28380.0000 28404.6324  0.09%   5.2 3417s
 2297559 946330 28403.1823  224   22 28380.0000 28404.6324  0.09%   5.2 3420s
 2301408 947359 28403.5076  261   24 28380.0000 28404.6324  0.09%   5.2 3426s
 2305445 949227 28404.6324  249   27 28380.0000 28404.6324  0.09%   5.2 3433s
 2307126 950118 28403.1087  262   23 28380.0000 28404.6324  0.09%   5.2 3436s
 2309030 951011 28404.6324  245   32 28380.0000 28404.6324  0.09%   5.2 3440s
 2313005 952627 28383.7295  403   17 28380.0000 28404.6324  0.09%   5.2 3446s
 2314854 952467 28394.6805  267   18 28380.0000 28404.6324  0.09%   5.2 3452s
 2315469 954043 28402.5112  224   20 28380.0000 28404.6324  0.09%   5.2 3456s
 2318340 954575 28386.9044  248   22 28380.0000 28404.6324  0.09%   5.2 3461s
 2320358 955329 28381.9063  274   25 28380.0000 28404.6324  0.09%   5.2 3467s
 2322280 956251 28398.8787  241   14 28380.0000 28404.6324  0.09%   5.2 3470s
 2326321 957294 28384.5540  256   15 28380.0000 28404.6324  0.09%   5.2 3479s
 2328386 957929 28404.6324  221   32 28380.0000 28404.6324  0.09%   5.2 3483s
H2328739 904067                    28382.000000 28404.6324  0.08%   5.2 3483s
 2330398 904696     cutoff  235      28382.0000 28404.6324  0.08%   5.2 3491s
 2334036 904964 28399.8677  276   19 28382.0000 28404.6324  0.08%   5.2 3496s
 2334040 904967 28386.5351  342   22 28382.0000 28404.6324  0.08%   5.2 3503s
 2334041 904968 28386.9098  248   21 28382.0000 28404.5366  0.08%   5.2 3506s
 2334044 904970 28402.5862  233   20 28382.0000 28404.2363  0.08%   5.2 3511s
 2334046 904971 28395.7183  254   20 28382.0000 28404.2169  0.08%   5.2 3515s
 2334048 904972 28389.1586  294   19 28382.0000 28404.1835  0.08%   5.2 3523s
 2334050 904974 28387.9316  334   20 28382.0000 28404.1835  0.08%   5.2 3528s
 2334052 904975 28392.7278  290   22 28382.0000 28404.1835  0.08%   5.2 3533s
 2334053 904976 28390.0000  394   28 28382.0000 28404.1835  0.08%   5.2 3535s
 2334054 904976 28400.5471  334   20 28382.0000 28404.1835  0.08%   5.2 3540s
 2334056 904978 28404.1835  213   22 28382.0000 28404.1835  0.08%   5.2 3547s
 2334058 904979 28397.5654  286   22 28382.0000 28404.1835  0.08%   5.2 3557s
 2334059 904980 28389.7463  291   28 28382.0000 28404.1835  0.08%   5.2 3563s
 2334060 904980 28394.8682  296   18 28382.0000 28404.1835  0.08%   5.2 3577s
 2334061 904981 28395.6192  317   22 28382.0000 28404.1835  0.08%   5.2 3582s
 2334064 904983 28398.5956  264   19 28382.0000 28404.1835  0.08%   5.2 3585s
 2334151 905055 28403.3872  163   20 28382.0000 28404.1835  0.08%   5.2 3593s
 2334359 905184 28404.0269  171   22 28382.0000 28404.0269  0.08%   5.2 3601s

Cutting planes:
  Gomory: 7
  Cover: 2

Explored 2334372 nodes (12231747 simplex iterations) in 3602.06 seconds
Thread count was 12 (of 12 available processors)

Solution count 10: 28382 28380 28377 ... 28341

Time limit reached
Best objective 2.838200000000e+04, best bound 2.840400000000e+04, gap 0.0775%
