
Gurobi 9.1.2 (win64, Java) logging started Mon Nov 15 15:10:20 2021

Academic license - for non-commercial use only - expires 2022-10-30
Gurobi Optimizer version 9.1.2 build v9.1.2rc0 (win64)
Thread count: 6 physical cores, 12 logical processors, using up to 12 threads
Optimize a model with 110 rows, 1000 columns and 2000 nonzeros
Model fingerprint: 0x069e53b2
Variable types: 0 continuous, 1000 integer (1000 binary)
Coefficient statistics:
  Matrix range     [1e+00, 1e+03]
  Objective range  [2e+01, 1e+03]
  Bounds range     [1e+00, 1e+00]
  RHS range        [1e+00, 3e+03]
Found heuristic solution: objective 27011.000000
Presolve time: 0.03s
Presolved: 110 rows, 1000 columns, 2000 nonzeros
Variable types: 0 continuous, 1000 integer (1000 binary)
Presolved: 110 rows, 1000 columns, 2000 nonzeros


Root relaxation: objective 2.980909e+04, 275 iterations, 0.01 seconds

    Nodes    |    Current Node    |     Objective Bounds      |     Work
 Expl Unexpl |  Obj  Depth IntInf | Incumbent    BestBd   Gap | It/Node Time

     0     0 29809.0904    0   13 27011.0000 29809.0904  10.4%     -    0s
H    0     0                    29131.000000 29809.0904  2.33%     -    0s
H    0     0                    29142.000000 29809.0904  2.29%     -    0s
     0     0 29809.0904    0   23 29142.0000 29809.0904  2.29%     -    1s
H    0     0                    29341.000000 29809.0904  1.60%     -    1s
H    0     0                    29383.000000 29809.0904  1.45%     -    1s
     0     0 29809.0904    0   27 29383.0000 29809.0904  1.45%     -    3s
     0     0 29809.0904    0   26 29383.0000 29809.0904  1.45%     -    4s
     0     0 29809.0904    0   16 29383.0000 29809.0904  1.45%     -    4s
H    0     0                    29490.000000 29809.0904  1.08%     -    4s
H    0     0                    29567.000000 29809.0904  0.82%     -    5s
     0     2 29809.0904    0   16 29567.0000 29809.0904  0.82%     -    5s
H   31    38                    29704.000000 29809.0904  0.35%  18.4   12s
  2831  2557 29806.2510    4   17 29704.0000 29809.0904  0.35%   4.8   16s
  2839  2562 29711.6640  146   21 29704.0000 29809.0904  0.35%   4.7   20s
  5086  4083 29788.5846  111   15 29704.0000 29808.9339  0.35%   5.8   30s
  7571  5458 29808.4204  196   15 29704.0000 29808.9339  0.35%   4.9   39s
 10813  8793 29808.2004  284   15 29704.0000 29808.9339  0.35%   4.0   40s
 15227 11408 29806.8545  393   15 29704.0000 29808.9339  0.35%   4.0   49s
 16991 14695 29720.3554  437   15 29704.0000 29808.9339  0.35%   3.9   50s
 46309 42175 29800.0000  601   16 29704.0000 29808.9339  0.35%   3.0   55s
 105404 91717 29789.6512  197   13 29704.0000 29808.9339  0.35%   2.5   60s
 111308 94606 29711.0417  184    6 29704.0000 29808.9339  0.35%   2.5   72s
 123334 104012 29783.3264  167   10 29704.0000 29808.9339  0.35%   2.6   75s
 138575 112693 29728.9772  159    8 29704.0000 29808.9339  0.35%   2.6   81s
H139032 101769                    29717.000000 29808.9339  0.31%   2.6   81s
 148165 107946 29722.1741  458   14 29717.0000 29808.9339  0.31%   2.7   85s
 148201 107983 29808.9339   33   13 29717.0000 29808.9339  0.31%   2.7   92s
 152732 110786 29745.2935  219   13 29717.0000 29808.2997  0.31%   2.7  101s
 152746 110998 29808.2997  220   13 29717.0000 29808.2997  0.31%   2.7  106s
 153003 110924 29745.2935  220   13 29717.0000 29808.2997  0.31%   2.7  112s
 163017 118151 29803.4054  452   15 29717.0000 29808.2703  0.31%   2.7  115s
 199731 136847 29807.0671  394   14 29717.0000 29808.2703  0.31%   2.7  125s
H199812 126714                    29724.000000 29808.2703  0.28%   2.6  125s
 203761 128620 29754.5087  126   17 29724.0000 29808.2703  0.28%   2.7  133s
 203770 128626 29757.4049  563   21 29724.0000 29808.2703  0.28%   2.7  135s
 203809 128665 29806.2510   44   19 29724.0000 29808.2703  0.28%   2.7  146s
 206317 130277 29808.2703  149   21 29724.0000 29808.2703  0.28%   2.7  154s
 209097 131820 29768.9636  240   20 29724.0000 29808.2703  0.28%   2.7  164s
 209234 132815 29808.2703  241   21 29724.0000 29808.2703  0.28%   2.7  165s
 214120 134565 29736.1275  339   19 29724.0000 29807.8936  0.28%   2.7  174s
 217105 137441 29776.4332  429   19 29724.0000 29807.8936  0.28%   2.8  175s
 255515 158020 29804.7812  433   17 29724.0000 29807.8936  0.28%   2.9  180s
 279698 165126 29774.8004  410   15 29724.0000 29807.8936  0.28%   3.0  188s
 282155 166277 29771.9721  412   15 29724.0000 29807.8936  0.28%   3.0  190s
 307402 165683 29756.7945  414   13 29724.0000 29807.8936  0.28%   3.1  202s
 326933 166120     cutoff  425      29724.0000 29807.8936  0.28%   3.2  205s
 333064 165329 29796.2852  404   11 29724.0000 29807.8936  0.28%   3.3  216s
 358017 165005 29736.0251  424    7 29724.0000 29807.8936  0.28%   3.4  220s
 381309 164054 29730.9190  428    7 29724.0000 29807.8936  0.28%   3.5  231s
 403847 163335 29726.9619  426   11 29724.0000 29807.8936  0.28%   3.6  235s
 415767 162454 29760.4953  427   14 29724.0000 29807.8936  0.28%   3.7  247s
 423636 162333 29759.2592  402   17 29724.0000 29807.8936  0.28%   3.7  250s
 436524 161591 29781.7310  399   15 29724.0000 29807.8936  0.28%   3.8  255s
 451987 160409 29769.7169  410   14 29724.0000 29807.8936  0.28%   3.8  260s
 457233 159775 29789.4079  403   11 29724.0000 29807.8936  0.28%   3.9  272s
 457436 159763 29807.8936  388   14 29724.0000 29807.8936  0.28%   3.9  278s
 457615 160373 29807.8936  389   16 29724.0000 29807.8936  0.28%   3.9  280s
 472714 158921 29732.6818  438    9 29724.0000 29807.8936  0.28%   3.9  285s
 486250 157087 29747.4374  420   12 29724.0000 29807.8936  0.28%   4.0  304s
 486340 157504 29744.2399  421   12 29724.0000 29807.8936  0.28%   4.0  305s
 491911 157015 29768.6367  429   15 29724.0000 29807.8936  0.28%   4.0  310s
 506042 155724 29730.3991  400   14 29724.0000 29807.8936  0.28%   4.1  315s
 515306 154663 29777.8872  423   13 29724.0000 29807.8936  0.28%   4.1  320s
 523168 153386 29775.6681  416   14 29724.0000 29807.8936  0.28%   4.1  337s
 527560 153619 29734.0618  440   14 29724.0000 29807.8936  0.28%   4.2  340s
 537841 152990     cutoff  434      29724.0000 29807.8936  0.28%   4.2  345s
 551154 151628 29755.7225  406   11 29724.0000 29807.8936  0.28%   4.2  350s
 562690 151040 29807.8936  404   18 29724.0000 29807.8936  0.28%   4.3  355s
 569957 150190 29754.3630  431   14 29724.0000 29807.8936  0.28%   4.3  371s
 576244 150085 29807.8936  406   14 29724.0000 29807.8936  0.28%   4.3  375s
 587221 149409 29769.4608  424   13 29724.0000 29807.8936  0.28%   4.3  380s
 601079 152407     cutoff  432      29724.0000 29807.8936  0.28%   4.4  386s
 608251 154048 29801.9791  412   14 29724.0000 29807.8936  0.28%   4.4  403s
 612414 155882 29781.0598  413   13 29724.0000 29807.8936  0.28%   4.4  405s
 620119 158250     cutoff  429      29724.0000 29807.8936  0.28%   4.4  410s
 621978 158445     cutoff  409      29724.0000 29807.8936  0.28%   4.4  415s
H622293 151076                    29727.000000 29807.8936  0.27%   4.4  415s
 631689 153355     cutoff  432      29727.0000 29807.8936  0.27%   4.4  420s
 644192 156243 29807.8936  389   18 29727.0000 29807.8936  0.27%   4.5  425s
 650676 158734 29794.3725  406   16 29727.0000 29807.8936  0.27%   4.5  430s
 660813 161571     cutoff  409      29727.0000 29807.8936  0.27%   4.5  447s
 661111 161578 29799.0302  412   15 29727.0000 29807.8936  0.27%   4.5  457s
H661112 157900                    29729.000000 29807.8936  0.27%   4.5  457s
 666082 160181 29807.8936  409   19 29729.0000 29807.8936  0.27%   4.5  460s
 672624 161423 29805.1246  404   13 29729.0000 29807.8936  0.27%   4.5  465s
H672625 153352                    29736.000000 29807.8936  0.24%   4.5  465s
 672632 153356 29742.2243  415   10 29736.0000 29807.8936  0.24%   4.5  472s
 672633 153357 29743.7028  409    5 29736.0000 29807.8936  0.24%   4.5  475s
 673030 153637 29807.8936   74   10 29736.0000 29807.8936  0.24%   4.5  491s
 673360 153895 29791.5506   87   10 29736.0000 29807.8936  0.24%   4.5  515s
H673364 146225                    29743.000000 29807.8936  0.22%   4.5  515s
 673420 146331 29807.8936   90    8 29743.0000 29807.8936  0.22%   4.5  520s
 682310 151262 29800.0000  432   14 29743.0000 29806.7500  0.21%   4.5  532s
 688520 154630 29801.8467   79   13 29743.0000 29806.2510  0.21%   4.5  547s
 699987 161543 29801.8467  142   17 29743.0000 29806.2510  0.21%   4.5  559s
H700024 153352                    29746.000000 29806.2510  0.20%   4.5  559s
 709767 158064 29752.7455  263   16 29746.0000 29806.2510  0.20%   4.4  561s
 709772 158067 29801.4318  113   18 29746.0000 29806.2510  0.20%   4.4  565s
 709777 158071 29779.9341  461   17 29746.0000 29806.2510  0.20%   4.4  570s
 709810 158106 29806.2510   74   16 29746.0000 29806.2510  0.20%   4.5  579s
 710684 158749 29800.5122  129   15 29746.0000 29806.2510  0.20%   4.5  580s
 712846 160130 29765.8563  200   14 29746.0000 29806.2510  0.20%   4.5  590s
 713058 160071 29806.2510  201   16 29746.0000 29806.2510  0.20%   4.5  609s
 714564 161790 29806.2510  258   16 29746.0000 29806.2510  0.20%   4.5  610s
 726828 167964 29800.0000  452   13 29746.0000 29806.2510  0.20%   4.4  623s
 726928 168361 29800.0000  451   14 29746.0000 29806.2510  0.20%   4.4  633s
 731553 172286 29800.0000  415   15 29746.0000 29806.2510  0.20%   4.4  635s
 756458 186521 29806.2510  228   14 29746.0000 29806.2510  0.20%   4.4  640s
 774758 195759 29806.2510  345   15 29746.0000 29806.2510  0.20%   4.3  653s
 780112 200276 29803.6543  354   17 29746.0000 29806.2510  0.20%   4.3  655s
 806089 210576     cutoff  208      29746.0000 29806.2510  0.20%   4.3  674s
 806518 212086 29785.2397  170   12 29746.0000 29806.2510  0.20%   4.3  675s
 832256 221732 29774.7336  172   12 29746.0000 29806.2510  0.20%   4.2  680s
 853040 226101 29781.7891  187   11 29746.0000 29806.2510  0.20%   4.2  696s
 866836 230480 29760.0016  190   11 29746.0000 29806.2510  0.20%   4.2  700s
 891330 236533 29750.3140  201   13 29746.0000 29806.2510  0.20%   4.2  714s
 893575 237851 29797.0526  187   14 29746.0000 29806.2510  0.20%   4.2  715s
 909478 243854 29772.0418  184   15 29746.0000 29806.2510  0.20%   4.2  720s
 927973 249773     cutoff  200      29746.0000 29806.2510  0.20%   4.2  725s
 934138 250650 29789.0658  194   13 29746.0000 29806.2510  0.20%   4.2  732s
 943612 254884 29781.3876  184   11 29746.0000 29806.2510  0.20%   4.2  735s
 956771 257845 29758.8931  179   11 29746.0000 29806.2510  0.20%   4.2  749s
 959201 259861 29764.0374  235   12 29746.0000 29806.2510  0.20%   4.2  750s
 965549 260725 29758.7089  208   12 29746.0000 29806.2510  0.20%   4.2  761s
 976215 265117 29780.6535  207   13 29746.0000 29806.2510  0.20%   4.2  765s
 994769 270315 29761.4186  191   13 29746.0000 29806.2510  0.20%   4.2  778s
 1000356 272883     cutoff  194      29746.0000 29806.2510  0.20%   4.2  780s
 1017753 278301     cutoff  205      29746.0000 29806.2510  0.20%   4.2  785s
 1036377 282118 29780.5607  188   13 29746.0000 29806.2510  0.20%   4.2  798s
 1042322 284901 29797.5678  169   13 29746.0000 29806.2510  0.20%   4.2  800s
 1064921 291156 29753.9092  182    9 29746.0000 29806.2510  0.20%   4.1  805s
 1072895 291782 29750.9594  186   14 29746.0000 29806.2510  0.20%   4.1  814s
 1074548 293474 29763.1575  195   10 29746.0000 29806.2510  0.20%   4.1  815s
 1096322 299973 29806.2510  184   13 29746.0000 29806.2510  0.20%   4.2  820s
 1114113 303261 29778.3079  189   11 29746.0000 29806.2510  0.20%   4.2  830s
 1114217 310495     cutoff  188      29746.0000 29806.2510  0.20%   4.2  845s
 1154295 313405 29767.5467  167   13 29746.0000 29806.2510  0.20%   4.2  857s
 1167660 318701 29804.9563  180   12 29746.0000 29806.2510  0.20%   4.2  860s
 1193341 328176     cutoff  174      29746.0000 29806.2510  0.20%   4.2  871s
 1208535 339359 29806.2510  170   17 29746.0000 29806.2510  0.20%   4.2  875s
 1234804 354854 29806.2510  164   13 29746.0000 29806.2510  0.20%   4.1  886s
 1257053 369678 29749.6962  238   13 29746.0000 29806.2510  0.20%   4.2  890s
 1268902 375932 29795.8961  181   12 29746.0000 29806.2510  0.20%   4.2  899s
 1269147 377019 29806.2510  170   12 29746.0000 29806.2510  0.20%   4.2  900s
 1292820 392119     cutoff  215      29746.0000 29806.2510  0.20%   4.2  905s
 1306920 400051 29802.9928  181   12 29746.0000 29806.2510  0.20%   4.1  918s
 1309089 402884 29783.0882  237   11 29746.0000 29806.2510  0.20%   4.1  920s
 1322096 409715 29786.0673  173   12 29746.0000 29806.2510  0.20%   4.1  929s
 1322215 411120 29785.7555  174   12 29746.0000 29806.2510  0.20%   4.1  930s
 1346471 426040     cutoff  249      29746.0000 29806.2510  0.20%   4.1  935s
 1358562 432402 29786.0673  172   14 29746.0000 29806.2510  0.20%   4.1  943s
 1361658 435060 29780.2690  186   12 29746.0000 29806.2510  0.20%   4.1  945s
 1384343 448689 29784.5162  201   13 29746.0000 29806.2510  0.20%   4.1  957s
 1388725 452250 29770.6772  194   12 29746.0000 29806.2510  0.20%   4.1  960s
 1410688 465650 29794.5192  186   13 29746.0000 29806.2510  0.20%   4.1  965s
 1421589 470872 29788.3937  178   11 29746.0000 29806.2510  0.20%   4.1  976s
 1432205 479121 29752.3611  216   13 29746.0000 29806.2510  0.20%   4.1  980s
 1454889 493313     cutoff  211      29746.0000 29806.2510  0.20%   4.1  985s
 1473038 505011 29760.6783  207   13 29746.0000 29806.2510  0.20%   4.1  990s
 1476888 506166 29753.8964  211   13 29746.0000 29806.2510  0.20%   4.1 1001s
 1489103 514781 29777.9611  198   14 29746.0000 29806.2510  0.20%   4.1 1005s
 1518686 531521 29781.9187  182   15 29746.0000 29806.2510  0.20%   4.1 1016s
 1524550 536024 29748.5722  186   12 29746.0000 29806.2510  0.20%   4.1 1020s
 1562497 557942 29769.2980  197   11 29746.0000 29806.2510  0.20%   4.1 1028s
 1562653 558288 29769.1965  204   11 29746.0000 29806.2510  0.20%   4.1 1034s
 1563212 559878 29768.4549  203   10 29746.0000 29806.2510  0.20%   4.1 1035s
 1592146 577429 29788.3937  174   11 29746.0000 29806.2510  0.20%   4.1 1040s
 1596059 579604     cutoff  222      29746.0000 29806.2510  0.20%   4.1 1049s
 1597796 581037 29750.9594  187   14 29746.0000 29806.2510  0.20%   4.1 1050s
 1623719 595745 29749.7084  194   12 29746.0000 29806.2510  0.20%   4.1 1055s
 1637315 602692 29748.8910  211   13 29746.0000 29806.2510  0.20%   4.1 1065s
 1658812 616566 29754.7671  208   13 29746.0000 29806.2510  0.20%   4.1 1070s
 1695357 637444     cutoff  209      29746.0000 29806.2510  0.20%   4.1 1081s
 1708578 646393 29801.1924  182   12 29746.0000 29806.2510  0.20%   4.1 1085s
 1718947 651070 29754.2534  170   15 29746.0000 29806.2510  0.20%   4.1 1096s
 1726987 656133 29761.9453  224   11 29746.0000 29806.2510  0.20%   4.1 1102s
 1736052 662164 29785.8908  175   16 29746.0000 29806.2510  0.20%   4.1 1105s
 1764065 678076 29806.2510  173   15 29746.0000 29806.2510  0.20%   4.2 1110s
 1770028 680453 29789.7909  181   12 29746.0000 29806.2510  0.20%   4.2 1119s
 1770225 681521 29789.7909  182   13 29746.0000 29806.2510  0.20%   4.2 1120s
 1791234 694384 29776.3419  187   14 29746.0000 29806.2510  0.20%   4.2 1125s
 1805844 701567 29774.2338  179   14 29746.0000 29806.2510  0.20%   4.2 1138s
 1805914 708280 29774.2338  180   14 29746.0000 29806.2510  0.20%   4.2 1143s
 1817926 708375 29772.0813  195   13 29746.0000 29806.2510  0.20%   4.2 1148s
 1822891 712825     cutoff  182      29746.0000 29806.2510  0.20%   4.2 1150s
 1838929 721340     cutoff  192      29746.0000 29806.2510  0.20%   4.2 1160s
 1864199 737382 29749.6446  196   12 29746.0000 29806.2510  0.20%   4.2 1165s
 1885699 749539 29756.6456  200   15 29746.0000 29806.2510  0.20%   4.2 1177s
 1894124 755339     cutoff  205      29746.0000 29806.2510  0.20%   4.2 1180s
 1927679 776202 29773.1469  187   13 29746.0000 29806.2510  0.20%   4.2 1185s
 1942296 784142 29797.9582  183   12 29746.0000 29806.2510  0.20%   4.2 1194s
 1942441 785139 29786.5753  184   11 29746.0000 29806.2510  0.20%   4.2 1195s
 1967515 799891     cutoff  219      29746.0000 29806.2510  0.20%   4.2 1200s
 1994645 816730 29764.0830  176   12 29746.0000 29806.2510  0.20%   4.2 1205s
 2019793 830543     cutoff  180      29746.0000 29806.2510  0.20%   4.2 1218s
 2020014 831494     cutoff  181      29746.0000 29806.2510  0.20%   4.2 1220s
 2028133 835662 29777.4416  175   11 29746.0000 29806.2510  0.20%   4.2 1227s
 2040690 844123 29804.1073  163   15 29746.0000 29806.2510  0.20%   4.2 1230s
 2071027 862011 29765.9430  179   14 29746.0000 29806.2510  0.20%   4.2 1235s
 2079184 866044 29769.6726  190   11 29746.0000 29806.2510  0.20%   4.2 1243s
 2087614 872165 29775.4892  203   13 29746.0000 29806.2510  0.20%   4.2 1245s
 2109615 884261     cutoff  180      29746.0000 29806.2510  0.20%   4.2 1258s
 2111483 886365 29794.8955  181   10 29746.0000 29806.2510  0.20%   4.2 1260s
 2137633 900605 29772.8092  172   12 29746.0000 29806.2510  0.20%   4.2 1265s
 2157966 911527 29751.0843  198   12 29746.0000 29806.2510  0.20%   4.2 1278s
 2167227 917709 29793.3148  190    8 29746.0000 29806.2510  0.20%   4.2 1280s
 2188949 929446 29756.7644  193    8 29746.0000 29806.2510  0.20%   4.2 1285s
 2214210 942960 29768.4904  184   14 29746.0000 29806.2510  0.20%   4.2 1297s
 2229870 953559 29775.5642  179   15 29746.0000 29806.2510  0.20%   4.2 1300s
 2257273 968367 29806.2510  172   13 29746.0000 29806.2510  0.20%   4.2 1311s
 2267497 974739 29806.2510  174   13 29746.0000 29806.2510  0.20%   4.2 1317s
 2285779 985830 29783.9506  173   14 29746.0000 29806.2510  0.20%   4.2 1320s
 2299646 992245 29754.2825  224    7 29746.0000 29806.2510  0.20%   4.2 1327s
 2309451 998934 29749.4649  213   10 29746.0000 29806.2510  0.20%   4.2 1330s
 2311552 998944     cutoff  211      29746.0000 29806.2510  0.20%   4.2 1340s
 2327363 1009274 29800.5392  192   16 29746.0000 29806.2510  0.20%   4.2 1345s
 2347055 1021166 29752.3568  214   15 29746.0000 29806.2510  0.20%   4.2 1350s
 2369272 1032300 29795.7861  180   10 29746.0000 29806.2510  0.20%   4.2 1363s
 2369290 1032409 29795.7861  181   11 29746.0000 29806.2510  0.20%   4.2 1373s
 2371362 1034480 29789.7909  185   13 29746.0000 29806.2510  0.20%   4.2 1375s
 2394502 1046927 29806.2510  189   16 29746.0000 29806.2510  0.20%   4.2 1388s
 2403266 1052834 29806.2510  170   13 29746.0000 29806.2510  0.20%   4.2 1390s
 2426231 1066382 29750.9594  183   15 29746.0000 29806.2510  0.20%   4.2 1395s
 2443841 1075341 29780.6595  164   12 29746.0000 29806.2510  0.20%   4.2 1407s
 2458217 1084340 29754.6307  194   12 29746.0000 29806.2510  0.20%   4.2 1410s
 2489433 1102443 29779.9347  177   14 29746.0000 29806.2510  0.20%   4.2 1415s
 2504821 1109828 29803.0086  176   13 29746.0000 29806.2510  0.20%   4.2 1425s
 2524675 1122429 29806.2510  173   15 29746.0000 29806.2510  0.20%   4.2 1430s
 2538839 1130173 29782.6366  186   16 29746.0000 29806.2510  0.20%   4.2 1435s
 2539511 1130237     cutoff  185      29746.0000 29806.2510  0.20%   4.2 1444s
 2539660 1131321 29763.8397  187   12 29746.0000 29806.2510  0.20%   4.2 1445s
 2563500 1144753 29770.1251  195   13 29746.0000 29806.2510  0.20%   4.2 1450s
 2585629 1156605 29781.7336  190   15 29746.0000 29806.2510  0.20%   4.2 1461s
 2602792 1167832 29803.1308  177   14 29746.0000 29806.2510  0.20%   4.2 1465s
 2632203 1182815     cutoff  192      29746.0000 29806.2510  0.20%   4.2 1472s
 2637600 1186552 29806.2510  177   15 29746.0000 29806.2510  0.20%   4.2 1475s
 2639499 1186647 29787.4279  180   15 29746.0000 29806.2510  0.20%   4.2 1486s
 2667412 1203837 29780.2265  190   11 29746.0000 29806.2510  0.20%   4.2 1490s
 2680217 1210516 29780.5270  194   10 29746.0000 29806.2510  0.20%   4.2 1497s
 2694642 1220250 29757.3269  217   10 29746.0000 29806.2510  0.20%   4.2 1500s
 2708371 1226437 29767.9756  184   11 29746.0000 29806.2510  0.20%   4.2 1508s
 2715616 1231828     cutoff  194      29746.0000 29806.2510  0.20%   4.2 1510s
 2760639 1256932 29747.4649  220   10 29746.0000 29806.2510  0.20%   4.2 1515s
 2764893 1258303 29793.5088  204   14 29746.0000 29806.2510  0.20%   4.2 1522s
 2780925 1269068 29767.2857  164   14 29746.0000 29806.2510  0.20%   4.2 1525s
 2794429 1276538 29780.1004  192   14 29746.0000 29806.2510  0.20%   4.2 1530s
 2824724 1292542 29755.0567  198   12 29746.0000 29806.2510  0.20%   4.2 1540s
 2824817 1292553 29751.8513  205   12 29746.0000 29806.2510  0.20%   4.2 1546s
 2843433 1304384 29747.4794  208   12 29746.0000 29806.2510  0.20%   4.2 1550s
 2854718 1309929 29749.1374  202    9 29746.0000 29806.2510  0.20%   4.2 1559s
 2856912 1312521 29754.1695  200    9 29746.0000 29806.2510  0.20%   4.2 1560s
 2892899 1332199 29806.2510  169   15 29746.0000 29806.2510  0.20%   4.2 1569s
 2893210 1332933 29806.2510  170   14 29746.0000 29806.2510  0.20%   4.2 1570s
 2934042 1355739 29768.0131  181   12 29746.0000 29806.2510  0.20%   4.2 1581s
 2962591 1372835 29773.3936  182   14 29746.0000 29806.2510  0.20%   4.2 1585s
 2977834 1380045 29751.2415  184   14 29746.0000 29806.2510  0.20%   4.2 1591s
 2998939 1393109 29749.5155  183   13 29746.0000 29806.2510  0.20%   4.2 1595s
 3020182 1404668     cutoff  197      29746.0000 29806.2510  0.20%   4.2 1602s
 3035073 1414460     cutoff  186      29746.0000 29806.2510  0.20%   4.2 1605s
 3063740 1431187 29762.3755  185    9 29746.0000 29806.2510  0.20%   4.2 1615s
 3101473 1458180     cutoff  171      29746.0000 29806.2510  0.20%   4.1 1620s
 3105804 1459525 29784.9315  176   15 29746.0000 29806.2510  0.20%   4.1 1625s
 3137544 1480555 29779.6137  169   14 29746.0000 29806.2510  0.20%   4.1 1630s
 3145757 1484878     cutoff  182      29746.0000 29806.2510  0.20%   4.1 1638s
 3146294 1484887 29770.2922  214   13 29746.0000 29806.2510  0.20%   4.1 1645s
 3168837 1501490 29791.8103  175   16 29746.0000 29806.2510  0.20%   4.1 1650s
 3195990 1518463 29752.4957  212   10 29746.0000 29806.2510  0.20%   4.1 1661s
 3224850 1536945 29806.2510  159   13 29746.0000 29806.2510  0.20%   4.1 1665s
 3264351 1559364 29806.2510  174   14 29746.0000 29806.2510  0.20%   4.1 1682s
 3282727 1571312     cutoff  180      29746.0000 29806.2510  0.20%   4.1 1685s
 3322985 1594804 29748.6513  233   10 29746.0000 29806.2510  0.20%   4.1 1690s
 3326653 1595829 29777.9611  205   15 29746.0000 29806.2510  0.20%   4.1 1697s
 3345868 1608842 29753.2993  187   16 29746.0000 29806.2510  0.20%   4.1 1700s
 3358904 1614700 29806.2510  179   14 29746.0000 29806.2510  0.20%   4.1 1711s
 3373589 1624367 29769.2172  211   12 29746.0000 29806.2510  0.20%   4.1 1715s
 3411741 1645436 29747.0425  205   12 29746.0000 29806.2510  0.20%   4.1 1729s
 3411757 1646436     cutoff  206      29746.0000 29806.2510  0.20%   4.1 1730s
 3439294 1662382 29785.8908  185   13 29746.0000 29806.2510  0.20%   4.1 1735s
 3466368 1678436     cutoff  203      29746.0000 29806.2510  0.20%   4.1 1740s
 3470525 1679788 29764.1712  229   12 29746.0000 29806.2510  0.20%   4.1 1748s
 3479081 1685544 29788.1129  175   14 29746.0000 29806.2510  0.20%   4.1 1750s
 3509441 1702416 29751.3790  188   13 29746.0000 29806.2510  0.20%   4.1 1755s
 3522266 1709046 29806.2510  193   15 29746.0000 29806.2510  0.20%   4.1 1764s
 3522396 1715774 29803.0028  193   14 29746.0000 29806.2510  0.20%   4.1 1772s
 3550917 1726467 29783.8039  189   13 29746.0000 29806.2510  0.20%   4.1 1775s
 3564676 1732721 29759.3167  200   12 29746.0000 29806.2510  0.20%   4.1 1783s
 3577552 1741009 29780.2471  180   13 29746.0000 29806.2510  0.20%   4.1 1785s
 3613462 1761150 29754.9214  195   12 29746.0000 29806.2510  0.20%   4.1 1793s
 3619863 1765902 29760.9427  176   11 29746.0000 29806.2510  0.20%   4.1 1795s
 3657362 1787053     cutoff  184      29746.0000 29806.2510  0.20%   4.1 1800s
 3665944 1791165     cutoff  204      29746.0000 29806.2510  0.20%   4.1 1805s
 3689574 1804098 29790.8118  178   10 29746.0000 29806.2510  0.20%   4.1 1813s
 3698076 1809754 29806.2510  175   13 29746.0000 29806.2510  0.20%   4.1 1815s
 3722705 1822755 29802.6864  181   16 29746.0000 29806.2510  0.20%   4.1 1823s
 3735961 1831132 29758.7666  226   11 29746.0000 29806.2510  0.20%   4.1 1825s
 3758957 1843471 29756.5558  187   16 29746.0000 29806.2510  0.20%   4.1 1832s
 3765415 1848054 infeasible  215      29746.0000 29806.2510  0.20%   4.1 1835s
 3802744 1870353 29776.2935  187   15 29746.0000 29806.2510  0.20%   4.1 1840s
 3825305 1883012 29763.3919  230   12 29746.0000 29806.2510  0.20%   4.1 1849s
 3825632 1889684 29763.3919  231   12 29746.0000 29806.2510  0.20%   4.1 1856s
 3863954 1906326 29752.3310  223   13 29746.0000 29806.2510  0.20%   4.0 1868s
 3875107 1913836 29765.9338  193   11 29746.0000 29806.2510  0.20%   4.0 1870s
 3908541 1933493 29759.8332  191   10 29746.0000 29806.2510  0.20%   4.0 1875s
 3943320 1953674 29806.2510  164   15 29746.0000 29806.2510  0.20%   4.0 1880s
 3949897 1956271 29754.4911  196   15 29746.0000 29806.2510  0.20%   4.0 1891s
 3972850 1971139 29764.3125  190   14 29746.0000 29806.2510  0.20%   4.0 1895s
 4002298 1987524 29771.5688  193   14 29746.0000 29806.2510  0.20%   4.0 1909s
 4004279 1989357 29806.2510  171   13 29746.0000 29806.2510  0.20%   4.0 1913s
H4004443 1884243                    29749.000000 29806.2510  0.19%   4.0 1913s
 4007557 1886835 29750.6885  221   17 29749.0000 29806.2510  0.19%   4.0 1915s
 4012001 1888079 29806.2510  168   27 29749.0000 29806.2510  0.19%   4.0 1920s
H4012041 1793714                    29754.000448 29806.2510  0.18%   4.0 1928s
 4013453 1794728 29783.7713  142   12 29754.0004 29806.2510  0.18%   4.0 1932s
 4026915 1801818 29800.0000  450   16 29754.0004 29806.2510  0.18%   4.0 1937s
 4046296 1813892 29799.8049  177   16 29754.0004 29806.2510  0.18%   4.0 1940s
 4092523 1835782 29793.6939  340   16 29754.0004 29806.2510  0.18%   4.0 1949s
H4092696 1735923                    29764.000000 29806.2510  0.14%   4.0 1949s
 4097131 1740132 29773.8777  255   13 29764.0000 29806.2510  0.14%   4.0 1950s
 4105721 1742614 29800.0000  457   18 29764.0000 29806.2510  0.14%   4.0 1956s
 4105729 1742619 29801.3247  178   13 29764.0000 29806.2510  0.14%   4.0 1960s
 4107666 1744009 29786.9312  170   15 29764.0000 29806.2510  0.14%   4.0 1965s
 4108633 1744643 29801.3785  199   11 29764.0000 29806.2510  0.14%   4.0 1970s
 4115814 1749085 29787.3134  214   14 29764.0000 29806.2510  0.14%   4.0 1975s
 4166200 1772938     cutoff  343      29764.0000 29806.2510  0.14%   4.0 1980s
 4207985 1789135 29796.4725  352   12 29764.0000 29806.2510  0.14%   4.0 1987s
 4234115 1795391 29792.1934  357   13 29764.0000 29806.2510  0.14%   4.0 1990s
 4277698 1798487 29774.2397  364   14 29764.0000 29806.2510  0.14%   4.0 1995s
 4280878 1798235 29803.6721  367   13 29764.0000 29806.2510  0.14%   4.0 2002s
 4293915 1799220     cutoff  392      29764.0000 29806.2510  0.14%   4.0 2005s
 4327149 1797316 29785.9093  374   14 29764.0000 29806.2510  0.14%   4.0 2010s
 4343922 1794824 29778.4999  362   18 29764.0000 29806.2510  0.14%   4.0 2019s
 4343936 1795256     cutoff  363      29764.0000 29806.2510  0.14%   4.0 2020s
 4356217 1793593 29789.6667  380   17 29764.0000 29806.2510  0.14%   4.0 2027s
 4373251 1791745 29791.0815  384   12 29764.0000 29806.2510  0.14%   4.0 2030s
 4406971 1787400 29770.9049  377   10 29764.0000 29806.2510  0.14%   4.0 2035s
 4429598 1783591 29806.2510  373   17 29764.0000 29806.2510  0.14%   4.0 2044s
 4429967 1785614     cutoff  357      29764.0000 29806.2510  0.14%   4.0 2046s
 4467716 1776792 29793.8769  372   16 29764.0000 29806.2510  0.14%   4.0 2050s
 4500985 1777610 29803.6935  333   16 29764.0000 29806.2510  0.14%   4.0 2055s
 4531886 1784244     cutoff  383      29764.0000 29806.2510  0.14%   4.0 2064s
 4532190 1785395 29787.7955  360   14 29764.0000 29806.2510  0.14%   4.0 2065s
 4584961 1801959 29806.2510  346   16 29764.0000 29806.2510  0.14%   3.9 2070s
 4635298 1815879 29802.3487  351   15 29764.0000 29806.2510  0.14%   3.9 2075s
 4686409 1826255 29777.3590  370   13 29764.0000 29806.2510  0.14%   3.9 2080s
 4697048 1827644 29796.7215  368   16 29764.0000 29806.2510  0.14%   3.9 2085s
 4710135 1827419 29806.2510  350   16 29764.0000 29806.2510  0.14%   3.9 2092s
 4725970 1828809     cutoff  374      29764.0000 29806.2510  0.14%   3.9 2095s
 4764236 1828733 29767.0617  372   12 29764.0000 29806.2510  0.14%   3.9 2100s
 4799257 1827659 29806.2510  347   19 29764.0000 29806.2510  0.14%   3.9 2105s
 4817121 1825342 29806.2510  381   17 29764.0000 29806.2510  0.14%   3.9 2113s
 4824690 1825212 29788.8442  379   15 29764.0000 29806.2510  0.14%   3.9 2115s
 4859593 1822813 29796.3746  361   14 29764.0000 29806.2510  0.14%   3.9 2120s
 4895850 1820380 29806.2510  331   17 29764.0000 29806.2510  0.14%   3.9 2125s
 4932482 1817833 29791.2323  362   16 29764.0000 29806.2510  0.14%   3.9 2130s
 4947315 1815891 29787.8045  382   13 29764.0000 29806.2510  0.14%   3.9 2141s
 4965340 1815880 29806.2510  355   16 29764.0000 29806.2510  0.14%   3.9 2145s
 4997912 1814868     cutoff  359      29764.0000 29806.2510  0.14%   3.9 2155s
H4997951 1665826                    29775.000000 29806.2510  0.10%   3.9 2155s
 4999781 1665513 29806.2510  367   24 29775.0000 29806.2510  0.10%   3.9 2160s
 4999877 1665598 29806.2510  114   13 29775.0000 29806.2510  0.10%   3.9 2168s
 4999897 1665614 29806.2510  115   13 29775.0000 29806.2510  0.10%   3.9 2170s
 5014881 1673426 29803.1224  275   19 29775.0000 29806.2510  0.10%   3.9 2179s
 5014894 1673574 29803.1224  276   19 29775.0000 29806.2510  0.10%   3.9 2184s
 5015064 1674566 29803.1224  277   18 29775.0000 29806.2510  0.10%   3.9 2187s
 5030981 1683014 29802.7755  282   15 29775.0000 29806.2510  0.10%   3.9 2190s
 5050579 1689768 29800.0000  383   13 29775.0000 29806.2510  0.10%   3.9 2195s
 5070964 1694486 29794.8955  360   12 29775.0000 29806.2510  0.10%   3.9 2200s
 5092591 1698928 29776.1795  332   15 29775.0000 29806.2510  0.10%   3.9 2205s
 5110437 1700893 29802.6923  335   14 29775.0000 29806.2510  0.10%   3.9 2210s
 5138984 1700184 29788.1103  343   13 29775.0000 29806.2510  0.10%   3.9 2215s
 5158786 1700409 29787.7538  366   13 29775.0000 29806.2510  0.10%   3.9 2220s
 5181259 1702532 29806.2510  356   16 29775.0000 29806.2510  0.10%   3.9 2226s
 5199407 1704226 29806.2510  304   17 29775.0000 29806.2510  0.10%   3.9 2230s
 5224195 1703764 29806.2510  333   16 29775.0000 29806.2510  0.10%   3.9 2236s
 5248519 1702845 29790.7756  342   13 29775.0000 29806.2510  0.10%   3.9 2240s
 5286153 1711206 29784.6852  358   15 29775.0000 29806.2510  0.10%   3.9 2246s
 5303570 1712891 29796.9252  359   12 29775.0000 29806.2510  0.10%   3.9 2250s
 5330210 1714433 29795.9960  359   13 29775.0000 29806.2510  0.10%   3.9 2255s
 5376854 1717893 29806.2510  352   16 29775.0000 29806.2510  0.10%   3.9 2260s
 5418687 1723403 29791.8359  357   15 29775.0000 29806.2510  0.10%   3.9 2265s
 5440871 1728915     cutoff  411      29775.0000 29806.2510  0.10%   3.9 2270s
 5469525 1735499 29806.2510  346   19 29775.0000 29806.2510  0.10%   3.9 2275s
 5495587 1736979 29792.3766  390   15 29775.0000 29806.2510  0.10%   3.9 2280s
 5518164 1738017     cutoff  351      29775.0000 29806.2510  0.10%   3.9 2285s
 5539965 1741213 29806.2510  331   15 29775.0000 29806.2510  0.10%   3.9 2290s
 5568384 1747198 29806.2510  383   17 29775.0000 29806.2510  0.10%   3.9 2295s
 5592434 1748604 29806.2510  303   16 29775.0000 29806.2510  0.10%   3.9 2301s
 5618592 1753896 29780.4416  399   16 29775.0000 29806.2510  0.10%   3.9 2305s
 5650452 1753189 29803.4982  385   16 29775.0000 29806.2510  0.10%   3.9 2310s
 5668002 1751577     cutoff  422      29775.0000 29806.2510  0.10%   3.9 2315s
 5688875 1752955 29806.2510  410   18 29775.0000 29806.2510  0.10%   3.9 2321s
 5706959 1752417 29794.5173  406   14 29775.0000 29806.2510  0.10%   3.9 2325s
 5730127 1749037     cutoff  420      29775.0000 29806.2510  0.10%   3.9 2330s
 5753948 1745086 29803.1224  397   13 29775.0000 29806.2510  0.10%   3.9 2336s
 5777513 1740778 29803.5574  397   15 29775.0000 29806.2510  0.10%   3.9 2340s
 5800800 1740338 29802.2500  382   17 29775.0000 29806.2510  0.10%   3.9 2345s
 5820824 1739317 29806.2510  377   18 29775.0000 29806.2510  0.10%   3.9 2351s
 5838998 1737530 29806.2510  397   17 29775.0000 29806.2510  0.10%   3.9 2355s
 5861590 1734658 29782.6432  400   14 29775.0000 29806.2510  0.10%   3.9 2360s
 5868344 1733439     cutoff  394      29775.0000 29806.2510  0.10%   3.9 2365s
 5888337 1730221     cutoff  399      29775.0000 29806.2510  0.10%   3.9 2371s
 5908930 1728944     cutoff  396      29775.0000 29806.2510  0.10%   3.9 2375s
 5929304 1725308     cutoff  392      29775.0000 29806.2510  0.10%   3.9 2380s
 5958242 1720600     cutoff  368      29775.0000 29806.2510  0.10%   3.9 2385s
 5985551 1717095 29806.2510  393   16 29775.0000 29806.2510  0.10%   3.9 2390s
 6006235 1715458 29800.7500  371   13 29775.0000 29806.2510  0.10%   3.9 2396s
 6029574 1712525 29793.8741  379   14 29775.0000 29806.2510  0.10%   3.9 2401s
 6048962 1712493 29806.2510  371   17 29775.0000 29806.2510  0.10%   3.9 2405s
 6076358 1711214     cutoff  376      29775.0000 29806.2510  0.10%   3.9 2410s
 6098052 1710391 29806.2510  342   20 29775.0000 29806.2510  0.10%   3.9 2415s
 6122223 1707728 29806.2510  361   15 29775.0000 29806.2510  0.10%   3.9 2420s
 6149196 1705870 29806.2510  369   16 29775.0000 29806.2510  0.10%   3.9 2426s
 6171709 1702660 29796.9373  383   13 29775.0000 29806.2510  0.10%   3.9 2430s
 6196234 1698241     cutoff  359      29775.0000 29806.2510  0.10%   3.9 2435s
 6218294 1693504 29805.2500  372   17 29775.0000 29806.2510  0.10%   3.9 2440s
 6235155 1690242 29775.9949  386   18 29775.0000 29806.2510  0.10%   3.9 2445s
 6269619 1686840     cutoff  396      29775.0000 29806.2510  0.10%   3.9 2450s
 6292131 1683093 29806.2510  375   16 29775.0000 29806.2510  0.10%   3.9 2455s
 6320743 1677431 29802.2500  393   15 29775.0000 29806.2510  0.10%   3.9 2461s
 6346097 1672430 29806.2510  379   16 29775.0000 29806.2510  0.10%   3.9 2465s
 6373515 1667392     cutoff  412      29775.0000 29806.2510  0.10%   3.9 2470s
 6383892 1665440 infeasible  394      29775.0000 29806.2510  0.10%   3.9 2475s
 6396734 1663070 29806.2510  383   18 29775.0000 29806.2510  0.10%   3.9 2480s
 6424329 1659794 29806.2510  351   18 29775.0000 29806.2510  0.10%   3.9 2485s
 6451606 1656770 29806.2510  370   15 29775.0000 29806.2510  0.10%   3.9 2490s
 6474673 1656661 29806.2510  351   17 29775.0000 29806.2510  0.10%   3.9 2496s
 6495521 1655242 29789.2071  386   16 29775.0000 29806.2510  0.10%   3.9 2500s
 6517830 1653111 29806.2510  367   16 29775.0000 29806.2510  0.10%   3.9 2505s
 6542934 1651430 29806.2510  352   15 29775.0000 29806.2510  0.10%   3.9 2510s
 6568319 1650115 29806.2510  356   18 29775.0000 29806.2510  0.10%   4.0 2515s
 6593976 1648599 29787.2208  362   12 29775.0000 29806.2510  0.10%   4.0 2520s
 6616425 1646113 29796.3320  372   15 29775.0000 29806.2510  0.10%   4.0 2525s
 6634881 1643465 29806.2510  356   16 29775.0000 29806.2510  0.10%   4.0 2530s
 6655253 1639257     cutoff  369      29775.0000 29806.2510  0.10%   4.0 2535s
 6675941 1634932 29800.0000  361   12 29775.0000 29806.2510  0.10%   4.0 2545s
 6694325 1630606 29806.2510  349   18 29775.0000 29806.2510  0.10%   4.0 2550s
 6716478 1625207     cutoff  368      29775.0000 29806.2510  0.10%   4.0 2555s
 6736932 1619859 29806.2510  355   17 29775.0000 29806.2510  0.10%   4.0 2560s
 6757490 1614934     cutoff  373      29775.0000 29806.2510  0.10%   4.0 2565s
 6776487 1611914 29804.7399  345   15 29775.0000 29806.2510  0.10%   4.0 2570s
 6794802 1609300 29805.2500  345   15 29775.0000 29806.2510  0.10%   4.0 2575s
 6819328 1604282 29806.2510  352   17 29775.0000 29806.2510  0.10%   4.0 2580s
 6833960 1601069 29798.2491  368   13 29775.0000 29806.2510  0.10%   4.0 2586s
 6852506 1596695     cutoff  365      29775.0000 29806.2510  0.10%   4.0 2590s
 6877214 1591836 29806.2510  376   18 29775.0000 29806.2510  0.10%   4.0 2596s
 6896452 1587692 29806.2510  378   17 29775.0000 29806.2510  0.10%   4.0 2600s
 6921000 1583696 29806.2510  337   17 29775.0000 29806.2510  0.10%   4.0 2605s
 6943842 1582884 29806.2510  350   19 29775.0000 29806.2510  0.10%   4.0 2610s
 6969515 1580097 29806.2510  353   15 29775.0000 29806.2510  0.10%   4.0 2616s
 6991325 1577317 29776.4025  386   16 29775.0000 29806.2510  0.10%   4.0 2620s
 7012674 1573919 29806.2510  388   18 29775.0000 29806.2510  0.10%   4.0 2625s
 7036796 1568786     cutoff  383      29775.0000 29806.2510  0.10%   4.0 2630s
 7062099 1562848 29806.2510  376   17 29775.0000 29806.2510  0.10%   4.0 2635s
 7079633 1560058     cutoff  376      29775.0000 29806.2510  0.10%   4.0 2640s
 7106262 1557155     cutoff  359      29775.0000 29806.2510  0.10%   4.0 2645s
 7132000 1552912 29801.5000  360   14 29775.0000 29806.2510  0.10%   4.0 2650s
 7151765 1550230 29806.2510  376   17 29775.0000 29806.2510  0.10%   4.0 2656s
 7171064 1547349 29806.2510  349   17 29775.0000 29806.2510  0.10%   4.0 2660s
 7195151 1542863     cutoff  374      29775.0000 29806.2510  0.10%   4.0 2665s
 7216026 1538537     cutoff  376      29775.0000 29806.2510  0.10%   4.0 2670s
 7233958 1535685     cutoff  369      29775.0000 29806.2510  0.10%   4.0 2675s
 7256425 1532022 29804.0895  378   15 29775.0000 29806.2510  0.10%   4.0 2680s
 7270521 1530996 29805.2500  379   14 29775.0000 29806.2510  0.10%   4.0 2685s
 7290367 1529133 29799.6664  381   13 29775.0000 29806.2510  0.10%   4.0 2690s
 7315436 1527709     cutoff  380      29775.0000 29806.2510  0.10%   4.0 2695s
 7339892 1525278     cutoff  374      29775.0000 29806.2510  0.10%   4.0 2700s
 7367663 1520911 29790.7153  395   15 29775.0000 29806.2510  0.10%   4.0 2705s
 7392293 1516675     cutoff  384      29775.0000 29806.2510  0.10%   4.0 2710s
 7420030 1512716 29806.2510  381   17 29775.0000 29806.2510  0.10%   4.0 2715s
 7440782 1508825 29795.8961  395   13 29775.0000 29806.2510  0.10%   4.0 2720s
 7465439 1503352     cutoff  377      29775.0000 29806.2510  0.10%   4.0 2725s
 7493169 1497462 29800.0000  379   14 29775.0000 29806.2510  0.10%   4.0 2730s
 7516906 1494628 29806.2510  349   16 29775.0000 29806.2510  0.10%   4.0 2735s
 7538652 1491292     cutoff  385      29775.0000 29806.2510  0.10%   4.0 2740s
 7567605 1486597 29805.9221  355   14 29775.0000 29806.2510  0.10%   4.0 2745s
 7586649 1485564 29806.2510  380   16 29775.0000 29806.2510  0.10%   4.0 2750s
 7606919 1483510     cutoff  353      29775.0000 29806.2510  0.10%   4.0 2755s
 7608842 1482872 29806.2510  361   18 29775.0000 29806.2510  0.10%   4.0 2760s
 7623912 1481352     cutoff  365      29775.0000 29806.2510  0.10%   4.0 2765s
 7650196 1476800 29806.2510  363   16 29775.0000 29806.2510  0.10%   4.0 2771s
 7672290 1473652 29792.8182  373   15 29775.0000 29806.2510  0.10%   4.0 2775s
 7691209 1470669     cutoff  362      29775.0000 29806.2510  0.10%   4.0 2780s
 7714172 1467604     cutoff  374      29775.0000 29806.2510  0.10%   4.0 2785s
 7739105 1464280 29806.2510  385   16 29775.0000 29806.2510  0.10%   4.0 2790s
 7759037 1461799 29790.8952  397   13 29775.0000 29806.2510  0.10%   4.0 2795s
 7780981 1460042     cutoff  392      29775.0000 29806.2510  0.10%   4.0 2802s
 7797356 1462429     cutoff  357      29775.0000 29806.2510  0.10%   4.0 2805s
 7817067 1461023     cutoff  365      29775.0000 29806.2510  0.10%   4.0 2811s
 7842786 1462142     cutoff  346      29775.0000 29806.2510  0.10%   4.0 2815s
 7868805 1458462 29806.2510  379   17 29775.0000 29806.2510  0.10%   4.0 2821s
 7893349 1454901 29804.7347  376   17 29775.0000 29806.2510  0.10%   4.0 2825s
 7915611 1451432     cutoff  427      29775.0000 29806.2510  0.10%   4.0 2830s
 7937918 1447671     cutoff  409      29775.0000 29806.2510  0.10%   4.0 2836s
 7953863 1444732 29806.2510  401   14 29775.0000 29806.2510  0.10%   4.0 2842s
 7963492 1442505     cutoff  390      29775.0000 29806.2510  0.10%   4.0 2846s
 7983935 1439016     cutoff  401      29775.0000 29806.2510  0.10%   4.0 2851s
 7996904 1436749     cutoff  382      29775.0000 29806.2510  0.10%   4.0 2855s
 8015882 1431953     cutoff  385      29775.0000 29806.2510  0.10%   4.0 2860s
 8041167 1426035     cutoff  408      29775.0000 29806.2510  0.10%   4.0 2865s
 8062970 1423790     cutoff  369      29775.0000 29806.2510  0.10%   4.0 2871s
 8081396 1422518 29791.4667  345   14 29775.0000 29806.2510  0.10%   4.0 2876s
 8099381 1419433     cutoff  339      29775.0000 29806.2510  0.10%   4.0 2880s
 8117059 1416402     cutoff  343      29775.0000 29806.2510  0.10%   4.0 2885s
 8135314 1414712 29806.2510  372   15 29775.0000 29806.2510  0.10%   4.0 2891s
 8153048 1412413 29806.2510  368   17 29775.0000 29806.2510  0.10%   4.0 2895s
 8176722 1407517 29806.2510  374   16 29775.0000 29806.2510  0.10%   4.0 2900s
 8194510 1405610     cutoff  345      29775.0000 29806.2510  0.10%   4.0 2907s
 8214015 1404239 29806.2510  385   16 29775.0000 29806.2510  0.10%   4.0 2910s
 8229435 1401456 29806.2510  349   17 29775.0000 29806.2510  0.10%   4.0 2915s
 8253517 1397340 29806.2510  376   16 29775.0000 29806.2510  0.10%   4.0 2920s
 8272323 1394604 29785.1600  373   16 29775.0000 29806.2510  0.10%   4.0 2925s
 8295830 1391343 29806.2510  370   16 29775.0000 29806.2510  0.10%   4.0 2930s
 8313860 1388481     cutoff  368      29775.0000 29806.2510  0.10%   4.0 2935s
 8335020 1384493 29798.9795  349   15 29775.0000 29806.2510  0.10%   4.0 2940s
 8350748 1384226 29785.7073  367   11 29775.0000 29806.2510  0.10%   4.0 2945s
 8370334 1382345 29800.7500  351   15 29775.0000 29806.2510  0.10%   4.0 2950s
 8389531 1380941 29805.6664  349   17 29775.0000 29806.2510  0.10%   4.0 2955s
 8407953 1377788 29781.1195  360   15 29775.0000 29806.2510  0.10%   4.0 2960s
 8427882 1374368     cutoff  357      29775.0000 29806.2510  0.10%   4.0 2965s
 8442102 1372028 29806.2510  357   17 29775.0000 29806.2510  0.10%   4.0 2970s
 8460552 1367798     cutoff  346      29775.0000 29806.2510  0.10%   4.0 2977s
 8479533 1364023 29782.6446  356   14 29775.0000 29806.2510  0.10%   4.0 2981s
 8499813 1362981 29806.2510  362   16 29775.0000 29806.2510  0.10%   4.0 2986s
 8514758 1361536     cutoff  370      29775.0000 29806.2510  0.10%   4.0 2990s
 8529033 1359057     cutoff  390      29775.0000 29806.2510  0.10%   4.0 3000s
 8545126 1356402     cutoff  398      29775.0000 29806.2510  0.10%   4.0 3006s
 8560639 1353359 29806.2510  378   19 29775.0000 29806.2510  0.10%   4.0 3010s
 8589260 1347931     cutoff  386      29775.0000 29806.2510  0.10%   4.0 3015s
 8606797 1344473     cutoff  381      29775.0000 29806.2510  0.10%   4.0 3020s
 8627459 1340184 29798.9497  364   12 29775.0000 29806.2510  0.10%   4.0 3025s
 8648501 1335373 29782.2417  382   16 29775.0000 29806.2510  0.10%   4.0 3030s
 8668716 1330679 29806.2510  358   18 29775.0000 29806.2510  0.10%   4.0 3035s
 8691516 1325712     cutoff  341      29775.0000 29806.2510  0.10%   4.0 3040s
 8712412 1322753 29803.7500  355   13 29775.0000 29806.2510  0.10%   4.0 3045s
 8728684 1319565 29789.2727  395   15 29775.0000 29806.2510  0.10%   4.0 3050s
 8753221 1313829 29806.2510  382   17 29775.0000 29806.2510  0.10%   4.0 3055s
 8776204 1308839 29795.9164  371   13 29775.0000 29806.2510  0.10%   4.0 3060s
 8799570 1307755 29806.2510  385   16 29775.0000 29806.2510  0.10%   4.0 3065s
 8823648 1305143 29796.3867  393   16 29775.0000 29806.2510  0.10%   4.0 3070s
 8847610 1302753 29792.8564  367   15 29775.0000 29806.2510  0.10%   4.0 3075s
 8868625 1298926 29806.2510  384   18 29775.0000 29806.2510  0.10%   4.0 3080s
 8894559 1293372     cutoff  388      29775.0000 29806.2510  0.10%   4.0 3085s
 8908848 1289941 29788.5526  337   13 29775.0000 29806.2510  0.10%   4.0 3090s
 8929997 1285407     cutoff  332      29775.0000 29806.2510  0.10%   4.0 3095s
 8948574 1280735 29806.2510  340   15 29775.0000 29806.2510  0.10%   4.0 3100s
 8967256 1275740 29806.2510  338   17 29775.0000 29806.2510  0.10%   4.0 3105s
 8985585 1270628 29791.7365  342   14 29775.0000 29806.2510  0.10%   4.1 3110s
 9004370 1267367 29803.2620  328   15 29775.0000 29806.2510  0.10%   4.1 3115s
 9025259 1264714 29781.1379  348   16 29775.0000 29806.2510  0.10%   4.1 3120s
 9042405 1261392 29788.3093  359   13 29775.0000 29806.2510  0.10%   4.1 3126s
 9061835 1256885 29806.2510  337   17 29775.0000 29806.2510  0.10%   4.1 3130s
 9082974 1251663 29806.2510  361   15 29775.0000 29806.2510  0.10%   4.1 3135s
 9105575 1245630 29806.2510  344   14 29775.0000 29806.2510  0.10%   4.1 3140s
 9124361 1240504     cutoff  379      29775.0000 29806.2510  0.10%   4.1 3145s
 9147195 1235021     cutoff  358      29775.0000 29806.2510  0.10%   4.1 3151s
 9163887 1232289 29806.2510  380   18 29775.0000 29806.2510  0.10%   4.1 3155s
 9180315 1228955     cutoff  367      29775.0000 29806.2510  0.10%   4.1 3161s
 9196957 1228338 29781.1157  382   16 29775.0000 29806.2510  0.10%   4.1 3165s
 9218402 1226845 29800.5611  371   14 29775.0000 29806.2510  0.10%   4.1 3173s
 9223705 1227707     cutoff  368      29775.0000 29806.2510  0.10%   4.1 3175s
 9247475 1228278 29793.4175  358   12 29775.0000 29806.2510  0.10%   4.1 3180s
 9269580 1226813     cutoff  370      29775.0000 29806.2510  0.10%   4.1 3185s
 9288887 1224460     cutoff  397      29775.0000 29806.2510  0.10%   4.1 3190s
 9309291 1222311 29792.5253  369   14 29775.0000 29806.2510  0.10%   4.1 3195s
 9327812 1219829     cutoff  372      29775.0000 29806.2510  0.10%   4.1 3200s
 9345600 1217117     cutoff  356      29775.0000 29806.2510  0.10%   4.1 3206s
 9360167 1217003 29783.6266  394   13 29775.0000 29806.2510  0.10%   4.1 3211s
 9374628 1216893     cutoff  385      29775.0000 29806.2510  0.10%   4.1 3215s
 9388611 1215328 29806.2510  363   15 29775.0000 29806.2510  0.10%   4.1 3220s
 9403268 1212832 29806.2510  364   16 29775.0000 29806.2510  0.10%   4.1 3225s
 9423932 1208667 29806.2510  370   16 29775.0000 29806.2510  0.10%   4.1 3231s
 9440349 1205369 29806.2510  348   12 29775.0000 29806.2510  0.10%   4.1 3235s
 9462347 1201317 29806.2510  339   15 29775.0000 29806.2510  0.10%   4.1 3240s
 9484173 1196980     cutoff  372      29775.0000 29806.2510  0.10%   4.1 3245s
 9499500 1194630 29793.8769  369   17 29775.0000 29806.2510  0.10%   4.1 3250s
 9521176 1189452 29806.2510  361   18 29775.0000 29806.2510  0.10%   4.1 3255s
 9542674 1184534 29782.2295  376   16 29775.0000 29806.2510  0.10%   4.1 3260s
 9557379 1182366 29806.2510  386   14 29775.0000 29806.2510  0.10%   4.1 3265s
 9562858 1183045     cutoff  388      29775.0000 29806.2510  0.10%   4.1 3272s
 9579784 1185048     cutoff  375      29775.0000 29806.2510  0.10%   4.1 3275s
 9598604 1185637 29799.0810  352   16 29775.0000 29806.2510  0.10%   4.1 3280s
 9613291 1185619 29781.6308  344   11 29775.0000 29806.2510  0.10%   4.1 3285s
 9649180 1178790     cutoff  388      29775.0000 29806.2510  0.10%   4.1 3292s
 9667058 1176403 29782.0909  358   11 29775.0000 29806.2510  0.10%   4.1 3295s
 9688360 1173101 29806.2510  351   16 29775.0000 29806.2510  0.10%   4.1 3300s
 9710165 1171973 29806.2510  303   17 29775.0000 29806.2510  0.10%   4.2 3307s
 9727803 1170703 29781.6222  372   12 29775.0000 29806.2510  0.10%   4.2 3312s
 9745548 1170356 infeasible  334      29775.0000 29806.2510  0.10%   4.2 3315s
 9760396 1169727 29806.2510  367   13 29775.0000 29806.2510  0.10%   4.2 3320s
 9772491 1168490 29794.8955  347   10 29775.0000 29806.2510  0.10%   4.2 3325s
 9790288 1165973 29777.5383  370    8 29775.0000 29806.2510  0.10%   4.2 3334s
 9790315 1166054     cutoff  371      29775.0000 29806.2510  0.10%   4.2 3337s
 9802483 1165776 29791.4564  353   11 29775.0000 29806.2510  0.10%   4.2 3340s
 9817736 1163940 29806.2510  343   16 29775.0000 29806.2510  0.10%   4.2 3345s
 9833273 1161301 29800.0000  367   10 29775.0000 29806.2510  0.10%   4.2 3350s
 9853672 1158153 29803.0000  375   12 29775.0000 29806.2510  0.10%   4.2 3357s
 9854063 1158227 29803.7500  373   12 29775.0000 29806.2510  0.10%   4.2 3360s
 9880710 1154780 29803.0000  358   14 29775.0000 29806.2510  0.10%   4.2 3365s
 9892809 1153063     cutoff  367      29775.0000 29806.2510  0.10%   4.2 3370s
 9915112 1148851 29806.2510  365   15 29775.0000 29806.2510  0.10%   4.2 3377s
 9926607 1147174 29791.8321  380   10 29775.0000 29806.2510  0.10%   4.2 3380s
 9944868 1144147     cutoff  338      29775.0000 29806.2510  0.10%   4.2 3385s
 9965468 1141681     cutoff  351      29775.0000 29806.2510  0.10%   4.2 3390s
 9981887 1139255 29786.3519  356   10 29775.0000 29806.2510  0.10%   4.2 3395s
 9994770 1136898     cutoff  358      29775.0000 29806.2510  0.10%   4.2 3400s
 10029920 1143664 29806.2510  372   15 29775.0000 29806.2510  0.10%   4.2 3405s
 10043683 1145572 29806.2510  367   14 29775.0000 29806.2510  0.10%   4.2 3415s
 10069173 1150964     cutoff  362      29775.0000 29806.2510  0.10%   4.2 3422s
 10085603 1155900 29791.4564  351    9 29775.0000 29806.2510  0.10%   4.2 3425s
 10101358 1159497 29794.3609  357   14 29775.0000 29806.2510  0.10%   4.2 3430s
 10120366 1163437 29806.2510  345   15 29775.0000 29806.2510  0.10%   4.2 3436s
 10141590 1167672 29796.1446  362   12 29775.0000 29806.2510  0.10%   4.2 3440s
 10172937 1176206     cutoff  362      29775.0000 29806.2510  0.10%   4.2 3445s
 10207640 1181989     cutoff  347      29775.0000 29806.2510  0.10%   4.2 3450s
 10228799 1184440     cutoff  353      29775.0000 29806.2510  0.10%   4.2 3455s
 10254290 1187625     cutoff  352      29775.0000 29806.2510  0.10%   4.2 3460s
 10270514 1191589     cutoff  352      29775.0000 29806.2510  0.10%   4.2 3466s
 10295791 1197134     cutoff  356      29775.0000 29806.2510  0.10%   4.2 3470s
 10314988 1200968     cutoff  343      29775.0000 29806.2510  0.10%   4.2 3475s
 10330402 1203691 29789.2820  346   10 29775.0000 29806.2510  0.10%   4.2 3480s
 10349907 1206362     cutoff  348      29775.0000 29806.2510  0.10%   4.2 3485s
 10381565 1211588 29800.7500  349   14 29775.0000 29806.2510  0.10%   4.2 3491s
 10409448 1216542 29786.0421  347   15 29775.0000 29806.2510  0.10%   4.2 3496s
 10431563 1220829     cutoff  360      29775.0000 29806.2510  0.10%   4.2 3502s
 10456352 1225543 29806.2510  341   16 29775.0000 29806.2510  0.10%   4.2 3505s
 10475426 1228215 29806.2510  350   15 29775.0000 29806.2510  0.10%   4.2 3510s
 10498456 1231182 29800.7500  354   14 29775.0000 29806.2510  0.10%   4.2 3517s
 10519929 1234485     cutoff  354      29775.0000 29806.2510  0.10%   4.2 3520s
 10558598 1238533     cutoff  359      29775.0000 29806.2510  0.10%   4.2 3525s
 10580221 1243829 29795.9003  382   12 29775.0000 29806.2510  0.10%   4.2 3530s
 10616190 1249525     cutoff  352      29775.0000 29806.2510  0.10%   4.2 3537s
 10637655 1254179 29806.2510  323   16 29775.0000 29806.2510  0.10%   4.2 3541s
 10653648 1258493     cutoff  355      29775.0000 29806.2510  0.10%   4.2 3545s
 10685521 1264966 29796.1453  346   10 29775.0000 29806.2510  0.10%   4.2 3552s
 10705241 1267896     cutoff  344      29775.0000 29806.2510  0.10%   4.2 3555s
 10727885 1272038 29791.5254  349   12 29775.0000 29806.2510  0.10%   4.2 3560s
 10744946 1277930 29806.2510  358   15 29775.0000 29806.2510  0.10%   4.2 3565s
 10763322 1281814     cutoff  384      29775.0000 29806.2510  0.10%   4.2 3570s
 10774609 1284797 29806.2510  350   15 29775.0000 29806.2510  0.10%   4.2 3576s
 10784624 1287888     cutoff  357      29775.0000 29806.2510  0.10%   4.2 3580s
 10809561 1292544 29806.2510  352   16 29775.0000 29806.2510  0.10%   4.2 3587s
 10825835 1295088     cutoff  349      29775.0000 29806.2510  0.10%   4.2 3590s
 10862465 1300297     cutoff  348      29775.0000 29806.2510  0.10%   4.2 3595s
 10880800 1302363 29806.2510  337   15 29775.0000 29806.2510  0.10%   4.2 3600s

Cutting planes:
  Gomory: 2
  Cover: 4
  MIR: 3
  StrongCG: 7
  Flow cover: 5
  Zero half: 1
  RLT: 5

Explored 10881093 nodes (46124098 simplex iterations) in 3600.02 seconds
Thread count was 12 (of 12 available processors)

Solution count 10: 29775 29764 29754 ... 29724

Time limit reached
Best objective 2.977500000000e+04, best bound 2.980600000000e+04, gap 0.1041%
