
Gurobi 9.1.2 (win64, Java) logging started Mon Nov 15 22:10:25 2021

Academic license - for non-commercial use only - expires 2022-10-30
Gurobi Optimizer version 9.1.2 build v9.1.2rc0 (win64)
Thread count: 6 physical cores, 12 logical processors, using up to 12 threads
Optimize a model with 110 rows, 1000 columns and 2000 nonzeros
Model fingerprint: 0x8224338b
Variable types: 0 continuous, 1000 integer (1000 binary)
Coefficient statistics:
  Matrix range     [1e+00, 1e+03]
  Objective range  [9e+00, 1e+03]
  Bounds range     [1e+00, 1e+00]
  RHS range        [1e+00, 3e+03]
Found heuristic solution: objective 27708.000000
Presolve time: 0.12s
Presolved: 110 rows, 1000 columns, 2000 nonzeros
Variable types: 0 continuous, 1000 integer (1000 binary)
Presolved: 110 rows, 1000 columns, 2000 nonzeros


Root relaxation: objective 3.038420e+04, 249 iterations, 0.08 seconds

    Nodes    |    Current Node    |     Objective Bounds      |     Work
 Expl Unexpl |  Obj  Depth IntInf | Incumbent    BestBd   Gap | It/Node Time

     0     0 30384.2024    0   13 27708.0000 30384.2024  9.66%     -    0s
H    0     0                    29723.000000 30384.2024  2.22%     -    0s
H    0     0                    29785.000000 30384.2024  2.01%     -    0s
H    0     0                    29905.000000 30384.2024  1.60%     -    4s
     0     0 30384.2024    0   26 29905.0000 30384.2024  1.60%     -    4s
H    0     0                    29979.000000 30384.2024  1.35%     -   15s
     0     0 30384.2024    0   25 29979.0000 30384.2024  1.35%     -   15s
     0     0 30384.2024    0   14 29979.0000 30384.2024  1.35%     -   16s
     0     0 30384.2024    0   18 29979.0000 30384.2024  1.35%     -   16s
     0     0 30384.2024    0   16 29979.0000 30384.2024  1.35%     -   16s
     0     0 30384.2024    0   16 29979.0000 30384.2024  1.35%     -   17s
H    0     0                    30078.000000 30384.2024  1.02%     -   17s
     0     2 30384.2024    0   16 30078.0000 30384.2024  1.02%     -   17s
H   31    38                    30154.000000 30384.2024  0.76%  16.9   32s
H   32    38                    30256.000000 30384.2024  0.42%  16.7   32s
H   47    49                    30266.000000 30384.2024  0.39%  13.1   34s
    48   121 30384.2024    9   20 30266.0000 30384.2024  0.39%  13.2   35s
   120   236 30384.2024   17   19 30266.0000 30384.2024  0.39%  10.3   40s
  1952  1943 30380.0565   65   18 30266.0000 30384.2024  0.39%   6.5   47s
H 2096  1890                    30277.000000 30384.2024  0.35%   6.8   48s
  2099  1892 30281.2744  156   13 30277.0000 30384.2024  0.35%   6.8   50s
  2102  1894 30284.9467  176   15 30277.0000 30377.1105  0.33%   6.8   56s
  2117  1905 30377.1105   54   11 30277.0000 30377.1105  0.33%   8.1   61s
H 2117  1809                    30301.000000 30377.1105  0.25%   8.1   62s
  2118  1810 30339.7879  197   15 30301.0000 30377.1105  0.25%   8.1   66s
  2123  1813 30377.1105   51   14 30301.0000 30377.1105  0.25%   8.1   70s
  2128  1820 30377.1105   31   17 30301.0000 30377.1105  0.25%   9.6   77s
  2157  1846 30376.6755   35   16 30301.0000 30377.1105  0.25%   9.5   87s
  2214  1889 30377.1000   37   17 30301.0000 30377.1105  0.25%   9.4  117s
  2384  2224 30369.9505   44   17 30301.0000 30377.1105  0.25%   8.9  146s
  5709  4140 30351.7007  186   15 30301.0000 30377.1105  0.25%   5.6  155s
H 5855  3867                    30310.000000 30377.1105  0.22%   5.6  155s
  5891  4869 30344.8861  255   15 30310.0000 30377.1105  0.22%   5.6  175s
  8490  5554 30377.1105   61   17 30310.0000 30377.1105  0.22%   4.9  192s
 13554 11895 30377.1105  101   18 30310.0000 30377.1105  0.22%   4.3  195s
 19445 15265 30375.8207   59   16 30310.0000 30375.8207  0.22%   3.7  210s
 19451 15269 30364.8552  167   20 30310.0000 30375.7758  0.22%   3.7  216s
 19453 15271 30375.3039  103   17 30310.0000 30375.7758  0.22%   3.7  221s
 19463 15278 30362.0574  211   19 30310.0000 30375.7758  0.22%   3.9  225s
 19469 15282 30364.4792  191   17 30310.0000 30375.7758  0.22%   3.9  231s
 19470 15286 30375.7758   55   17 30310.0000 30375.7758  0.22%   4.0  245s
H19547 14579                    30312.000000 30375.7758  0.21%   4.0  249s
 21398 16027 30356.8111  119   18 30312.0000 30375.7614  0.21%   3.9  251s
 23610 17018 30346.2489  178   19 30312.0000 30375.7614  0.21%   3.9  257s
 24910 18111 30362.9325  214   17 30312.0000 30375.7614  0.21%   3.9  260s
 25997 18834 30358.9586  243   17 30312.0000 30375.7614  0.21%   3.9  265s
 56015 35431 30358.4190  476   16 30312.0000 30375.7614  0.21%   3.2  271s
 56026 35438 30358.5000  430   22 30312.0000 30374.6684  0.21%   3.2  275s
 56045 35452 30364.2318  337   26 30312.0000 30374.5042  0.21%   3.3  280s
 56061 35465 30339.4505   94   22 30312.0000 30374.5042  0.21%   3.4  285s
 56128 35534 30372.2257   93   19 30312.0000 30374.5042  0.21%   3.4  291s
 57009 36268 30372.1963  130   18 30312.0000 30374.4697  0.21%   3.4  295s
 74075 48632 30331.6656  415   17 30312.0000 30374.4697  0.21%   3.3  300s
H99814 53230                    30321.000000 30374.3869  0.18%   3.1  302s
 112206 59291 30365.6319  215   23 30321.0000 30374.3869  0.18%   3.2  305s
 112217 59301 30374.3869  103   22 30321.0000 30374.3869  0.18%   3.2  310s
 116114 62294 30373.1192  141   19 30321.0000 30374.3869  0.18%   3.2  315s
 153537 81537 30361.1951  214   16 30321.0000 30374.3603  0.18%   3.1  320s
 197239 105189 30372.7697  184   19 30321.0000 30374.3603  0.18%   3.1  325s
 210798 112026     cutoff  182      30321.0000 30374.3603  0.18%   3.1  330s
 257024 134608 30361.1896  183   19 30321.0000 30374.3603  0.18%   3.0  335s
 305750 164274 30355.2566  347   16 30321.0000 30374.3603  0.18%   3.0  341s
 316572 175618 30371.5376  222   15 30321.0000 30374.3603  0.18%   3.0  345s
 343636 196913 30362.1410  194   19 30321.0000 30374.3603  0.18%   3.0  351s
 405591 246237 30344.3971  330   16 30321.0000 30374.3603  0.18%   3.0  356s
 447614 282405 30366.7511  178   13 30321.0000 30374.3603  0.18%   3.0  360s
 475680 306150 30371.0575  280   17 30321.0000 30374.3603  0.18%   3.0  365s
 522134 341967 30374.3603  172   21 30321.0000 30374.3603  0.18%   3.0  370s
 567484 378364 30364.7037  273   16 30321.0000 30374.3603  0.18%   3.0  376s
 606446 411273 30333.2635  217   14 30321.0000 30374.3603  0.18%   2.9  380s
 656378 451331 30371.5376  223   18 30321.0000 30374.3603  0.18%   2.9  385s
 688181 477110 30347.9784  234   13 30321.0000 30374.3603  0.18%   2.9  390s
 716660 498156 30358.4532  202   14 30321.0000 30374.3603  0.18%   2.9  395s
 764565 537431 30322.7553  192   16 30321.0000 30374.3603  0.18%   3.0  400s
 798962 571675 30372.1989  208   19 30321.0000 30374.3603  0.18%   3.0  405s
 861857 612815 30355.6554  204   16 30321.0000 30374.3603  0.18%   3.0  411s
H865664 567856                    30325.000000 30374.3603  0.16%   3.0  413s
 875307 575413 30334.5957  253   16 30325.0000 30374.3603  0.16%   3.0  415s
H875308 546643                    30328.000000 30374.3603  0.15%   3.0  415s
 875327 546655 30359.9132  200   21 30328.0000 30369.1619  0.14%   3.0  420s
 875345 546669 30363.2131  185   24 30328.0000 30369.1619  0.14%   3.0  425s
 875442 546747 30368.2581  133   23 30328.0000 30369.1619  0.14%   3.0  430s
 881156 550132 30339.8221  315   17 30328.0000 30369.1323  0.14%   3.0  435s
 894203 558041 30361.2468  185   18 30328.0000 30369.1323  0.14%   3.0  440s
 909345 567092 30367.4050  254   19 30328.0000 30369.1323  0.14%   3.0  445s
 932806 577945 30367.8019  223   20 30328.0000 30369.1323  0.14%   3.0  453s
 932818 588549 30367.8019  224   21 30328.0000 30369.1323  0.14%   3.0  455s
 991990 610964 30354.2393  240   14 30328.0000 30369.1323  0.14%   3.1  460s
 1025302 628799 30355.7310  278   19 30328.0000 30369.1323  0.14%   3.1  465s
 1042704 636169 30361.0000  432   15 30328.0000 30369.1323  0.14%   3.1  470s
 1061569 646555 30342.5654  278   18 30328.0000 30369.1323  0.14%   3.1  475s
 1078399 655337 30365.3387  295   18 30328.0000 30369.1323  0.14%   3.1  480s
 1100795 668562 30349.4275  229   16 30328.0000 30369.1323  0.14%   3.1  485s
 1132912 685128 30368.9540  174   21 30328.0000 30368.9540  0.14%   3.1  490s
 1155663 697683 30360.6436  288   18 30328.0000 30368.9540  0.14%   3.1  495s
 1178270 709739 30367.5509  222   20 30328.0000 30368.9540  0.14%   3.1  500s
 1192602 718096 30359.1180  232   17 30328.0000 30368.9372  0.13%   3.1  505s
H1193596 677707                    30331.000000 30368.9251  0.13%   3.1  505s
 1250618 706136 30349.3497  283   25 30331.0000 30368.7095  0.12%   3.1  510s
 1250946 706414 30368.2417  151   17 30331.0000 30368.7095  0.12%   3.1  515s
 1274645 719575 30365.5227  273   14 30331.0000 30368.7095  0.12%   3.1  520s
 1343776 759091 30361.2142  295   17 30331.0000 30368.7095  0.12%   3.1  525s
 1400972 788496 30366.4577  344   19 30331.0000 30368.7095  0.12%   3.1  530s
 1455621 816819 30367.4444  223   17 30331.0000 30368.7095  0.12%   3.1  535s
 1525450 850526 30336.4654  344   16 30331.0000 30368.7095  0.12%   3.1  540s
 1573589 873846 30348.5753  200   19 30331.0000 30368.7095  0.12%   3.1  545s
 1668736 923527 30365.6710  207   15 30331.0000 30368.7095  0.12%   3.1  550s
 1719683 947521 30336.0532  295   11 30331.0000 30368.7095  0.12%   3.1  555s
 1796240 984390 30349.7716  270   17 30331.0000 30368.7095  0.12%   3.1  560s
 1846413 1019496 30338.0968  360   17 30331.0000 30368.6965  0.12%   3.1  566s
 1897401 1038021 30364.0905  273   18 30331.0000 30368.5290  0.12%   3.2  570s
 1963111 1073315 30367.4863  284   22 30331.0000 30368.4402  0.12%   3.1  575s
 2030664 1105545 30342.4611  317   12 30331.0000 30368.4402  0.12%   3.1  580s
 2087565 1132654     cutoff  372      30331.0000 30368.4402  0.12%   3.1  585s
 2159773 1165656 30367.7429  250   19 30331.0000 30368.4402  0.12%   3.1  590s
 2225512 1195099 30359.8874  253   17 30331.0000 30368.4402  0.12%   3.1  595s
 2306238 1232625 30332.0859  291   13 30331.0000 30368.4402  0.12%   3.1  600s
 2367108 1257014 30342.2822  324   13 30331.0000 30368.4402  0.12%   3.1  605s
 2450402 1290272 30346.0160  356   12 30331.0000 30368.4402  0.12%   3.1  611s
 2507422 1315673 30361.7449  276   14 30331.0000 30368.4402  0.12%   3.1  615s
 2582228 1349871 30365.1215  241   15 30331.0000 30368.4402  0.12%   3.1  620s
 2653089 1377651 30347.2393  334   14 30331.0000 30368.4402  0.12%   3.1  625s
 2743849 1413102 30367.7282  269   17 30331.0000 30368.4402  0.12%   3.1  630s
 2802295 1438349 30336.8460  340   20 30331.0000 30368.4402  0.12%   3.1  635s
 2863362 1463048 30358.6464  258   17 30331.0000 30368.4402  0.12%   3.1  640s
 2941260 1496754 30338.6109  265   12 30331.0000 30368.4402  0.12%   3.1  645s
 2996410 1518760 30361.7049  245   14 30331.0000 30368.4402  0.12%   3.1  650s
 3031810 1533937     cutoff  317      30331.0000 30368.4402  0.12%   3.1  655s
 3106461 1563426 30363.9794  286   15 30331.0000 30368.4402  0.12%   3.1  660s
 3173461 1591355 30334.7855  325   11 30331.0000 30368.4402  0.12%   3.1  665s
 3254063 1620683 30340.8693  334   17 30331.0000 30368.4402  0.12%   3.1  670s
 3310784 1640968 30332.6566  286   11 30331.0000 30368.4402  0.12%   3.1  675s
 3381189 1668269 30356.5294  292   14 30331.0000 30368.4402  0.12%   3.1  680s
 3447764 1714351     cutoff  320      30331.0000 30368.4402  0.12%   3.1  685s
 3511962 1760562 30366.8404  266   18 30331.0000 30368.4402  0.12%   3.1  690s
H3535300 1469453                    30337.000000 30368.4402  0.10%   3.1  693s
 3573663 1497336 30358.1671  287   15 30337.0000 30368.4402  0.10%   3.1  695s
 3640112 1543854 30353.9902  285   17 30337.0000 30368.4402  0.10%   3.1  700s
 3692429 1581191 30366.7089  218   17 30337.0000 30368.4402  0.10%   3.1  705s
 3770475 1639192 30354.8706  299   15 30337.0000 30368.4402  0.10%   3.1  710s
 3819996 1671848 30362.7599  233   19 30337.0000 30368.4402  0.10%   3.1  715s
 3881443 1712114     cutoff  252      30337.0000 30368.4402  0.10%   3.1  720s
 3943108 1753057 30368.4402  254   19 30337.0000 30368.4402  0.10%   3.1  725s
 4006815 1793772 30338.2258  334   13 30337.0000 30368.4402  0.10%   3.1  730s
 4061344 1828365 30341.9202  288   11 30337.0000 30368.4402  0.10%   3.1  735s
 4113101 1861240 30352.7416  280   13 30337.0000 30368.4402  0.10%   3.2  740s
 4170474 1898933 30368.4402  243   19 30337.0000 30368.4402  0.10%   3.2  745s
 4217455 1930544 30350.7040  261   15 30337.0000 30368.4402  0.10%   3.2  750s
 4275669 1969445 30365.1349  266   17 30337.0000 30368.4402  0.10%   3.2  755s
 4350721 2019875 30344.1350  281   13 30337.0000 30368.4402  0.10%   3.2  760s
 4413253 2059606 30354.3277  241   16 30337.0000 30368.4402  0.10%   3.2  765s
 4474354 2099911 30350.9883  278   11 30337.0000 30368.4402  0.10%   3.2  770s
H4489086 1666095                    30344.000000 30368.4402  0.08%   3.2  772s
 4498036 1671381 30360.1235  253   16 30344.0000 30368.4402  0.08%   3.2  775s
 4498055 1671394 30367.1025  332   24 30344.0000 30368.4402  0.08%   3.2  780s
 4498077 1671408 30367.7282  280   22 30344.0000 30368.4402  0.08%   3.2  785s
 4498124 1671453 30368.4402  152   21 30344.0000 30368.4402  0.08%   3.2  790s
 4499229 1672114 30368.2714  182   18 30344.0000 30368.2714  0.08%   3.2  795s
 4503562 1674854 30366.1905  201   21 30344.0000 30368.2400  0.08%   3.2  801s
 4529769 1689177 30357.9842  195   19 30344.0000 30367.9658  0.08%   3.2  805s
 4577723 1714982 30345.7606  212   14 30344.0000 30367.9347  0.08%   3.2  810s
 4630047 1742831 30347.9231  460   12 30344.0000 30367.9259  0.08%   3.2  815s
 4680969 1767136 30350.8138  201   17 30344.0000 30367.9259  0.08%   3.2  820s
 4711349 1782357 30363.0305  201   16 30344.0000 30367.9047  0.08%   3.2  825s
 4756052 1806384 30350.0000  392   13 30344.0000 30367.8264  0.08%   3.2  830s
 4798684 1827054 30346.8525  337   17 30344.0000 30367.8196  0.08%   3.2  835s
 4839694 1847691 30360.2138  385   16 30344.0000 30367.8196  0.08%   3.2  840s
 4882083 1869312 30349.7726  403   14 30344.0000 30367.8196  0.08%   3.2  845s
 4918326 1887082 30360.1715  383   16 30344.0000 30367.8196  0.08%   3.2  850s
 4943570 1908516 30346.7876  478   15 30344.0000 30367.8196  0.08%   3.2  855s
 4992139 1921670 30360.8235  265   13 30344.0000 30367.8196  0.08%   3.2  860s
 5046349 1944911 30361.9662  258   16 30344.0000 30367.8196  0.08%   3.2  865s
 5089498 1959942 30346.7248  283   17 30344.0000 30367.8196  0.08%   3.1  870s
 5131205 1979865 30360.3587  233   13 30344.0000 30367.8196  0.08%   3.1  875s
 5203670 2012200 30362.9372  280   14 30344.0000 30367.8196  0.08%   3.1  880s
 5248480 2034942 30363.0305  210   17 30344.0000 30367.8196  0.08%   3.1  885s
 5290273 2052340 30353.2434  320   17 30344.0000 30367.8196  0.08%   3.1  890s
 5338865 2074140 30363.3682  234   16 30344.0000 30367.8196  0.08%   3.1  895s
 5391193 2096978 30366.0855  252   18 30344.0000 30367.8196  0.08%   3.1  900s
 5442083 2119283 30348.4394  250   15 30344.0000 30367.8196  0.08%   3.1  905s
 5486905 2138537 30360.0341  342   14 30344.0000 30367.8196  0.08%   3.1  910s
 5528013 2156903 30359.2549  311   14 30344.0000 30367.8196  0.08%   3.1  915s
 5570093 2174583 30352.4343  276   17 30344.0000 30367.8196  0.08%   3.1  920s
 5601241 2188190 30364.1963  286   16 30344.0000 30367.8196  0.08%   3.1  925s
 5640881 2204562 30365.9025  211   19 30344.0000 30367.8196  0.08%   3.1  930s
 5685361 2224181 30355.2828  252   18 30344.0000 30367.8196  0.08%   3.1  935s
 5726857 2241928 30361.0000  290   13 30344.0000 30367.8196  0.08%   3.1  940s
 5764620 2257444 30348.4242  253   15 30344.0000 30367.8196  0.08%   3.1  945s
 5814363 2279027 30353.5866  213   15 30344.0000 30367.8196  0.08%   3.1  950s
 5859696 2297885 30361.0455  218   15 30344.0000 30367.8196  0.08%   3.1  955s
 5899725 2314293 30364.7641  266   18 30344.0000 30367.8196  0.08%   3.1  960s
 5924276 2326967 30362.6170  209   19 30344.0000 30367.8196  0.08%   3.1  965s
 5974567 2350027 30367.6444  242   20 30344.0000 30367.8196  0.08%   3.1  970s
 6027076 2373289 30363.0958  263   15 30344.0000 30367.8196  0.08%   3.1  975s
 6062199 2389264 30352.1667  328   15 30344.0000 30367.8196  0.08%   3.1  980s
 6114473 2412795 30345.7195  341   16 30344.0000 30367.8196  0.08%   3.1  985s
 6163017 2436392 30356.0694  222   17 30344.0000 30367.8196  0.08%   3.1  990s
 6209810 2456437 30358.9389  222   17 30344.0000 30367.8196  0.08%   3.1  995s
 6259247 2479110 30361.0000  243   16 30344.0000 30367.8196  0.08%   3.1 1000s
 6295531 2496986 30360.5337  233   16 30344.0000 30367.8196  0.08%   3.1 1005s
 6345623 2518769 30361.5135  265   16 30344.0000 30367.8196  0.08%   3.1 1010s
 6396530 2543977 30362.6100  203   19 30344.0000 30367.8196  0.08%   3.1 1015s
 6453197 2569652     cutoff  344      30344.0000 30367.8196  0.08%   3.1 1020s
 6502920 2592447 30350.8164  395   15 30344.0000 30367.8196  0.08%   3.1 1025s
 6551890 2616133 30366.0855  208   21 30344.0000 30367.8196  0.08%   3.1 1030s
 6600286 2638275 30347.8566  388   19 30344.0000 30367.8196  0.08%   3.1 1035s
 6657158 2665163 30362.5543  263   17 30344.0000 30367.8196  0.08%   3.1 1040s
 6699691 2683557 30362.3032  247   15 30344.0000 30367.8196  0.08%   3.1 1045s
 6743968 2702668 30350.8282  284   15 30344.0000 30367.8196  0.08%   3.1 1050s
 6793384 2724586 30349.3117  344   15 30344.0000 30367.8196  0.08%   3.1 1055s
 6836663 2745020 30363.1047  253   15 30344.0000 30367.8196  0.08%   3.1 1060s
 6886575 2769214 30351.4697  235   14 30344.0000 30367.8196  0.08%   3.1 1065s
 6941403 2793283 30362.6170  211   16 30344.0000 30367.8196  0.08%   3.1 1070s
 6994535 2816117 30350.0949  258   15 30344.0000 30367.8196  0.08%   3.1 1075s
 7044941 2839409 30349.9074  250   16 30344.0000 30367.8196  0.08%   3.1 1080s
 7100331 2863501 30362.6170  216   19 30344.0000 30367.8196  0.08%   3.1 1085s
 7142845 2883108 30353.7242  230   14 30344.0000 30367.8196  0.08%   3.1 1090s
 7190793 2905581 30361.0000  219   15 30344.0000 30367.8196  0.08%   3.0 1095s
 7243825 2927901 30360.1435  223   16 30344.0000 30367.8196  0.08%   3.0 1100s
 7289145 2948555     cutoff  410      30344.0000 30367.8196  0.08%   3.0 1105s
 7326190 2965103 30363.0305  207   16 30344.0000 30367.8196  0.08%   3.0 1110s
 7375612 2985726 30367.1288  221   20 30344.0000 30367.8196  0.08%   3.0 1115s
 7421514 3005732 30356.7451  239   16 30344.0000 30367.8196  0.08%   3.0 1120s
 7464092 3023984 30355.2243  347   12 30344.0000 30367.8196  0.08%   3.0 1125s
 7504285 3043083 30349.1501  364   18 30344.0000 30367.8196  0.08%   3.0 1130s
 7547261 3061093 30365.0491  227   15 30344.0000 30367.8196  0.08%   3.0 1135s
 7591027 3080701 30349.1501  330   15 30344.0000 30367.8196  0.08%   3.0 1140s
 7634916 3100227 30357.9521  280   16 30344.0000 30367.8196  0.08%   3.0 1145s
 7672598 3117222 30350.8282  317   16 30344.0000 30367.8196  0.08%   3.0 1150s
 7713180 3136757 30347.0918  377   17 30344.0000 30367.8196  0.08%   3.0 1155s
 7756689 3155016 30359.8657  245   15 30344.0000 30367.8196  0.08%   3.0 1160s
 7792402 3171304 30353.1534  223   16 30344.0000 30367.8196  0.08%   3.0 1165s
 7838323 3192089 30367.8196  218   21 30344.0000 30367.8196  0.08%   3.0 1170s
 7878367 3211411 30364.7782  319   18 30344.0000 30367.8184  0.08%   3.0 1175s
 7914680 3227762 30346.8187  308   16 30344.0000 30367.8184  0.08%   3.0 1180s
 7948684 3244615 30345.6376  273   17 30344.0000 30367.8184  0.08%   3.0 1185s
 7984036 3258342 30365.8252  207   19 30344.0000 30367.8184  0.08%   3.0 1190s
 8019487 3273925 30356.1329  231   17 30344.0000 30367.8184  0.08%   3.0 1195s
 8061254 3290192 30358.8977  275   14 30344.0000 30367.7845  0.08%   3.0 1200s
 8095287 3305494 30364.8635  229   17 30344.0000 30367.7845  0.08%   3.0 1205s
 8141627 3329258 30361.0000  250   16 30344.0000 30367.7845  0.08%   3.0 1210s
 8191765 3353354 30358.9097  214   13 30344.0000 30367.7845  0.08%   3.0 1215s
 8235083 3375341 30364.6873  208   17 30344.0000 30367.7845  0.08%   3.0 1220s
 8276063 3394515 30347.7730  357   15 30344.0000 30367.7845  0.08%   3.0 1225s
 8317985 3415817 30353.5271  260   15 30344.0000 30367.7845  0.08%   3.0 1230s
 8356284 3433972 30350.9027  329   16 30344.0000 30367.7845  0.08%   3.0 1235s
 8387445 3448347 30350.8282  291   16 30344.0000 30367.7845  0.08%   3.0 1240s
 8433272 3472752 30350.9027  332   13 30344.0000 30367.7845  0.08%   3.0 1245s
 8475191 3493717 30364.1429  275   17 30344.0000 30367.7845  0.08%   3.0 1250s
 8514077 3514520 30347.6854  227   17 30344.0000 30367.7845  0.08%   3.0 1255s
 8549827 3531135 30360.6490  240   18 30344.0000 30367.7845  0.08%   3.0 1260s
 8600068 3554589 30365.9025  201   19 30344.0000 30367.7845  0.08%   3.0 1265s
 8635666 3571604 30350.8282  368   15 30344.0000 30367.7845  0.08%   3.0 1270s
 8673260 3589062 30363.0305  191   17 30344.0000 30367.7845  0.08%   3.0 1275s
 8698075 3602552 30362.4251  188   20 30344.0000 30367.7845  0.08%   3.0 1280s
 8737086 3621986 30363.0305  218   18 30344.0000 30367.7845  0.08%   3.0 1285s
 8775872 3641107 30362.4251  190   19 30344.0000 30367.7845  0.08%   3.0 1290s
 8817290 3660128 30367.7845  189   22 30344.0000 30367.7845  0.08%   3.0 1295s
 8855593 3679913 30365.9025  214   17 30344.0000 30367.7845  0.08%   3.0 1300s
 8888151 3694969 30354.1671  241   16 30344.0000 30367.7845  0.08%   3.0 1305s
 8930641 3716131 30363.0305  210   20 30344.0000 30367.7845  0.08%   3.0 1310s
 8968824 3734979 30349.8798  303   16 30344.0000 30367.7845  0.08%   3.0 1315s
 9005322 3752379 30347.9371  342   16 30344.0000 30367.7845  0.08%   3.0 1320s
 9040095 3768947 30349.1501  340   15 30344.0000 30367.7845  0.08%   3.0 1325s
 9082179 3790374 30355.2936  227   16 30344.0000 30367.7845  0.08%   3.0 1330s
 9125731 3811992 30355.1755  234   21 30344.0000 30367.7845  0.08%   3.0 1335s
 9163174 3829308 30350.5838  275   14 30344.0000 30367.7845  0.08%   3.0 1340s
 9199013 3846944 30365.8168  236   16 30344.0000 30367.7845  0.08%   3.0 1345s
 9237347 3865711 30365.9025  226   19 30344.0000 30367.7845  0.08%   3.0 1350s
 9274219 3883719     cutoff  387      30344.0000 30367.7845  0.08%   3.0 1355s
 9308681 3900561 30364.1622  264   17 30344.0000 30367.7845  0.08%   3.0 1360s
 9348130 3918497 30350.8282  309   16 30344.0000 30367.7845  0.08%   3.0 1365s
 9388435 3937790 30361.0000  326   16 30344.0000 30367.7845  0.08%   3.0 1370s
 9417662 3952781 30352.4848  225   17 30344.0000 30367.7845  0.08%   3.0 1375s
 9465359 3975814 30367.1328  264   19 30344.0000 30367.7845  0.08%   3.0 1380s
 9506431 3996303 30367.7845  205   23 30344.0000 30367.7845  0.08%   3.0 1385s
 9545601 4026777 30362.4178  234   17 30344.0000 30367.7845  0.08%   3.0 1390s
 9583968 4058560 30347.6216  378   15 30344.0000 30367.7845  0.08%   3.0 1395s
 9616102 4084994 30352.9828  297   16 30344.0000 30367.7845  0.08%   3.0 1400s
 9653283 4115486 30361.0000  221   15 30344.0000 30367.7845  0.08%   3.0 1405s
 9697565 4151644 30365.2500  215   17 30344.0000 30367.7845  0.08%   3.0 1410s
 9738082 4185694 30361.0000  267   13 30344.0000 30367.7845  0.08%   3.0 1415s
 9771260 4213843 30359.8605  282   18 30344.0000 30367.7845  0.08%   3.0 1420s
 9808798 4244855 30363.0305  204   17 30344.0000 30367.7845  0.08%   3.0 1425s
 9853701 4281554 30362.4251  212   17 30344.0000 30367.7845  0.08%   3.0 1430s
 9892068 4312595 30362.9715  298   14 30344.0000 30367.7845  0.08%   3.0 1435s
 9923380 4337547 30361.3092  265   16 30344.0000 30367.7845  0.08%   3.0 1440s
 9951275 4361082 30354.4956  252   17 30344.0000 30367.7845  0.08%   3.0 1445s
 9994378 4397102 30352.4618  245   16 30344.0000 30367.7845  0.08%   3.0 1450s
 10037286 4432268 30361.0455  222   18 30344.0000 30367.7845  0.08%   3.0 1455s
 10082175 4470160 30351.0266  532   12 30344.0000 30367.7845  0.08%   3.0 1460s
 10113101 4495804 30348.5285  228   13 30344.0000 30367.7845  0.08%   3.0 1465s
 10149946 4526294 30364.8635  231   16 30344.0000 30367.7845  0.08%   3.0 1470s
 10182442 4552546 30362.4251  203   16 30344.0000 30367.7845  0.08%   3.0 1475s
 10220180 4583998 30358.9061  449   18 30344.0000 30367.7845  0.08%   3.0 1480s
 10249330 4608688 30352.4618  235   14 30344.0000 30367.7845  0.08%   3.0 1485s
 10294922 4646745 30362.4178  251   21 30344.0000 30367.7845  0.08%   3.0 1490s
 10335579 4679571 30363.3024  301   13 30344.0000 30367.7845  0.08%   3.0 1495s
 10375702 4712259 30361.1351  305   18 30344.0000 30367.7845  0.08%   3.0 1500s
 10403430 4735230 30347.5303  323   16 30344.0000 30367.7845  0.08%   3.0 1505s
 10446348 4771395 30355.7019  250   16 30344.0000 30367.7845  0.08%   3.0 1510s
 10478647 4796682 30357.0070  257   17 30344.0000 30367.7845  0.08%   3.0 1515s
 10520170 4830009 30349.1501  357   12 30344.0000 30367.7845  0.08%   3.0 1520s
 10551152 4854535 30350.3333  275   13 30344.0000 30367.7845  0.08%   3.0 1525s
 10586317 4884880 30348.9924  250   18 30344.0000 30367.7845  0.08%   3.0 1530s
 10619111 4911876 30349.2273  238   15 30344.0000 30367.7845  0.08%   3.0 1535s
 10657993 4944655 30354.2727  262   16 30344.0000 30367.7845  0.08%   3.0 1540s
 10692918 4975600 30361.0000  342   14 30344.0000 30367.7845  0.08%   3.0 1545s
 10731670 5006559 30349.5000  315   16 30344.0000 30367.7845  0.08%   3.0 1550s
 10765595 5036088 30357.4783  262   17 30344.0000 30367.7845  0.08%   3.0 1555s
 10810430 5072153 30354.3939  243   15 30344.0000 30367.7845  0.08%   3.0 1560s
 10840670 5097656 30351.8001  263   18 30344.0000 30367.7845  0.08%   3.0 1565s
 10867332 5120270 30349.1501  324   17 30344.0000 30367.7845  0.08%   3.0 1570s
 10905474 5151416 30354.9476  266   16 30344.0000 30367.7845  0.08%   3.0 1575s
 10949089 5188021 30349.9363  303   15 30344.0000 30367.7845  0.08%   3.0 1580s
 10988816 5221951 30359.0152  288   14 30344.0000 30367.7845  0.08%   3.0 1585s
 11023073 5250230 30362.6100  223   18 30344.0000 30367.7845  0.08%   3.0 1590s
 11062215 5281730 30360.8718  222   17 30344.0000 30367.7845  0.08%   3.0 1595s
 11109071 5320287 30362.6100  174   18 30344.0000 30367.7845  0.08%   3.0 1600s
 11146662 5351967 infeasible  284      30344.0000 30367.7845  0.08%   3.0 1605s
 11179342 5376098 30359.8710  318   18 30344.0000 30367.7845  0.08%   3.0 1610s
 11215169 5404616 30353.5866  234   17 30344.0000 30367.7845  0.08%   3.0 1615s
 11243360 5428728 30352.6490  245   15 30344.0000 30367.7845  0.08%   3.0 1620s
 11279382 5459640 30365.0460  224   19 30344.0000 30367.7845  0.08%   3.0 1625s
 11330416 5500644 30349.1501  363   14 30344.0000 30367.7845  0.08%   3.0 1630s
 11369532 5531230 30361.6464  329   13 30344.0000 30367.7845  0.08%   3.0 1635s
 11401983 5558006 30360.7788  236   18 30344.0000 30367.7845  0.08%   3.0 1640s
 11442317 5590586 30361.0000  212   16 30344.0000 30367.7845  0.08%   3.0 1645s
 11473399 5618041 30362.6100  216   17 30344.0000 30367.7845  0.08%   3.0 1650s
 11504050 5643065 30350.8151  282   15 30344.0000 30367.7845  0.08%   3.0 1655s
 11531025 5665035 30359.5458  231   18 30344.0000 30367.7845  0.08%   3.0 1660s
 11568840 5693256 30346.4091  364   13 30344.0000 30367.7845  0.08%   3.0 1666s
 11591883 5712771 30364.7222  240   18 30344.0000 30367.7845  0.08%   3.0 1670s
 11635904 5748112 30367.7845  202   20 30344.0000 30367.7845  0.08%   3.0 1675s
 11672995 5776822 30364.3506  265   19 30344.0000 30367.7845  0.08%   3.0 1680s
 11693303 5801745 30350.8001  339   18 30344.0000 30367.7845  0.08%   3.0 1685s
 11747648 5836897 30358.4590  243   19 30344.0000 30367.7845  0.08%   3.0 1690s
 11781637 5864875 30348.3030  282   15 30344.0000 30367.7845  0.08%   3.0 1695s
 11796624 5877186 30345.8030  249   14 30344.0000 30367.7845  0.08%   3.0 1700s
 11835230 5908434 30350.8001  269   16 30344.0000 30367.7845  0.08%   3.0 1705s
 11878167 5944966 30351.8663  291   14 30344.0000 30367.7845  0.08%   3.0 1710s
 11909542 5970439 30358.7134  386   15 30344.0000 30367.7845  0.08%   3.0 1715s
 11938960 5994430 30350.8001  314   18 30344.0000 30367.7845  0.08%   3.0 1720s
 11968101 6019213 30347.4091  227   14 30344.0000 30367.7845  0.08%   3.0 1725s
 12000565 6045428 30353.0899  311   14 30344.0000 30367.7845  0.08%   3.0 1730s
 12029273 6071512 30363.3137  223   17 30344.0000 30367.7845  0.08%   3.0 1735s
 12059166 6093665 30354.7741  373   17 30344.0000 30367.7845  0.08%   3.0 1740s
 12088800 6116300 30353.5000  256   17 30344.0000 30367.7845  0.08%   3.0 1745s
 12126551 6146671 30363.3156  234   18 30344.0000 30367.7845  0.08%   3.0 1750s
 12156148 6168799 30346.2727  275   14 30344.0000 30367.7845  0.08%   3.0 1755s
 12189658 6195900 30351.4155  302   15 30344.0000 30367.7845  0.08%   3.0 1760s
 12241702 6236010 30360.4825  302   17 30344.0000 30367.7845  0.08%   3.0 1765s
 12265325 6253197 30345.4110  248   15 30344.0000 30367.7845  0.08%   3.0 1770s
 12309876 6288308 30355.1807  249   18 30344.0000 30367.7845  0.08%   3.0 1775s
 12339719 6311513     cutoff  249      30344.0000 30367.7845  0.08%   3.0 1780s
 12380460 6341369 30347.6442  220   14 30344.0000 30367.7845  0.08%   3.0 1785s
 12410601 6363971 30350.0000  401   12 30344.0000 30367.7845  0.08%   3.0 1790s
 12442141 6387741 30364.3513  263   18 30344.0000 30367.7845  0.08%   3.0 1795s
 12465749 6407338 30349.9279  311   14 30344.0000 30367.7845  0.08%   3.0 1800s
 12503084 6434447 30348.9086  258   16 30344.0000 30367.7845  0.08%   3.0 1805s
 12540929 6464284 30362.4251  215   19 30344.0000 30367.7845  0.08%   3.0 1810s
 12579349 6494697 30363.0305  210   18 30344.0000 30367.7845  0.08%   3.0 1815s
 12614545 6524240 30363.0305  234   18 30344.0000 30367.7845  0.08%   3.0 1820s
 12651726 6553410 30367.7845  193   20 30344.0000 30367.7845  0.08%   3.0 1825s
 12683617 6578178 infeasible  210      30344.0000 30367.7845  0.08%   3.0 1830s
 12711966 6601325 30363.9332  254   17 30344.0000 30367.7845  0.08%   3.0 1835s
 12740439 6624332 30365.9025  225   20 30344.0000 30367.7845  0.08%   3.0 1840s
 12770474 6648986 30349.5946  253   16 30344.0000 30367.7845  0.08%   3.0 1845s
 12807116 6678549 30363.0305  206   15 30344.0000 30367.7845  0.08%   3.0 1850s
 12844183 6708913 30352.3182  234   16 30344.0000 30367.7845  0.08%   3.0 1855s
 12878668 6736446 30366.3130  192   17 30344.0000 30367.7845  0.08%   3.0 1860s
 12911773 6763132 30361.0455  249   15 30344.0000 30367.7845  0.08%   3.0 1865s
 12939255 6783030 30345.4663  229   13 30344.0000 30367.7845  0.08%   3.0 1870s
 12990719 6823041 30362.4251  218   19 30344.0000 30367.7845  0.08%   3.0 1875s
 13019010 6845175 30358.1953  347   15 30344.0000 30367.7845  0.08%   3.0 1880s
 13049393 6870464 30363.0305  202   17 30344.0000 30367.7845  0.08%   3.0 1885s
 13081802 6896818 30355.1732  380   19 30344.0000 30367.7845  0.08%   3.0 1890s
 13126651 6931951 30364.1622  254   18 30344.0000 30367.7845  0.08%   3.0 1895s
 13146305 6951664 30362.4223  217   19 30344.0000 30367.7845  0.08%   3.0 1900s
 13186689 6981669 30353.1534  197   20 30344.0000 30367.7845  0.08%   3.0 1905s
 13220339 7009048 30356.5674  394   17 30344.0000 30367.7845  0.08%   3.0 1910s
 13254223 7036059 30363.4487  271   14 30344.0000 30367.7845  0.08%   3.0 1915s
 13288825 7064101 30355.5773  275   19 30344.0000 30367.7845  0.08%   3.0 1920s
 13317436 7088687 30362.4251  222   18 30344.0000 30367.7845  0.08%   3.0 1925s
 13360154 7121532 30362.4251  235   18 30344.0000 30367.7845  0.08%   3.0 1930s
 13384188 7140320 30367.7845  203   20 30344.0000 30367.7845  0.08%   3.0 1935s
 13414551 7164451 30360.1435  266   18 30344.0000 30367.7845  0.08%   3.0 1940s
 13452166 7193628 30345.2576  253   14 30344.0000 30367.7845  0.08%   3.0 1945s
 13476646 7212840 30367.7845  213   20 30344.0000 30367.7845  0.08%   3.0 1950s
 13510676 7237536 30367.7845  233   17 30344.0000 30367.7845  0.08%   3.0 1955s
 13539003 7258727 30359.7093  231   16 30344.0000 30367.7845  0.08%   3.0 1960s
 13565816 7279860 30354.3561  262   13 30344.0000 30367.7845  0.08%   3.0 1965s
 13602175 7306105 30350.2632  280   16 30344.0000 30367.7845  0.08%   3.0 1971s
 13625361 7324287 30364.1622  260   17 30344.0000 30367.7845  0.08%   3.0 1975s
 13654307 7348039 30364.5883  266   16 30344.0000 30367.7845  0.08%   3.0 1980s
 13693731 7378216 30365.0460  224   17 30344.0000 30367.7845  0.08%   3.0 1985s
 13729564 7404191 30353.1534  215   16 30344.0000 30367.7845  0.08%   3.0 1990s
 13768341 7432286 30363.0305  222   17 30344.0000 30367.7845  0.08%   3.0 1995s
 13797366 7453002 30353.3518  233   16 30344.0000 30367.7845  0.08%   3.0 2000s
 13822855 7470861 30351.2434  437   15 30344.0000 30367.7845  0.08%   3.0 2005s
 13856991 7495012 30361.0455  233   15 30344.0000 30367.7845  0.08%   3.0 2010s
 13884616 7515905 infeasible  265      30344.0000 30367.7845  0.08%   3.0 2015s
 13919367 7540757 30356.7883  211   17 30344.0000 30367.7845  0.08%   3.0 2020s
 13945140 7559930 30363.3211  287   15 30344.0000 30367.7845  0.08%   3.0 2026s
 13980840 7586121 30363.0305  260   14 30344.0000 30367.7845  0.08%   3.0 2030s
 13999140 7599951 30356.0956  297   14 30344.0000 30367.7845  0.08%   3.0 2035s
 14027391 7622402 30362.4223  247   18 30344.0000 30367.7845  0.08%   3.0 2040s
 14069327 7652530 30366.6766  223   22 30344.0000 30367.7845  0.08%   3.0 2045s
 14101941 7677120 30365.9025  227   19 30344.0000 30367.7845  0.08%   3.0 2050s
 14129889 7697491 30362.4166  231   16 30344.0000 30367.7845  0.08%   3.0 2055s
 14160241 7720099 30362.4251  240   20 30344.0000 30367.7845  0.08%   3.0 2060s
 14187865 7738830     cutoff  391      30344.0000 30367.7845  0.08%   3.0 2065s
 14243759 7778828 30348.0285  315   15 30344.0000 30367.7845  0.08%   3.0 2070s
 14272096 7798845 30356.3880  234   16 30344.0000 30367.7845  0.08%   3.0 2075s
 14304615 7821189 30345.6001  425   13 30344.0000 30367.7845  0.08%   3.0 2080s
 14332960 7843351 30365.0460  295   19 30344.0000 30367.7845  0.08%   3.0 2086s
 14360989 7865216 30353.1534  275   18 30344.0000 30367.7845  0.08%   3.0 2090s
 14385223 7884185 30365.9025  240   19 30344.0000 30367.7845  0.08%   3.0 2095s
 14431019 7918705 30348.6033  271   16 30344.0000 30367.7845  0.08%   3.0 2100s
 14462257 7941725 30353.3073  316   15 30344.0000 30367.7845  0.08%   3.0 2105s
 14490375 7961938 30346.7587  282   16 30344.0000 30367.7845  0.08%   3.0 2110s
 14525782 7987868 30354.7646  246   15 30344.0000 30367.7845  0.08%   3.0 2115s
 14552117 8005381 30363.0305  218   18 30344.0000 30367.7845  0.08%   3.0 2120s
 14573765 8023376 30363.0305  253   16 30344.0000 30367.7845  0.08%   3.0 2125s
 14599914 8043161 30359.3334  264   18 30344.0000 30367.7845  0.08%   3.0 2130s
 14624267 8059856 30362.7790  321   15 30344.0000 30367.7845  0.08%   3.0 2135s
 14655554 8084173 30363.6939  272   17 30344.0000 30367.7845  0.08%   3.0 2140s
 14681889 8103087 30364.5961  253   16 30344.0000 30367.7845  0.08%   3.0 2145s
 14713695 8123499 30345.6001  403   13 30344.0000 30367.7845  0.08%   3.0 2150s
 14744449 8145159 30345.6001  371   11 30344.0000 30367.7845  0.08%   3.0 2155s
 14770605 8162633 30356.3032  325   13 30344.0000 30367.7845  0.08%   3.0 2160s
 14809201 8188997 30348.7239  405   12 30344.0000 30367.7845  0.08%   3.0 2165s
 14833085 8204491 30367.7845  235   21 30344.0000 30367.7845  0.08%   3.0 2170s
 14874282 8232333 30357.4888  262   15 30344.0000 30367.7845  0.08%   3.0 2175s
 14907725 8255541     cutoff  285      30344.0000 30367.7845  0.08%   3.0 2180s
 14931075 8270486 30363.6939  257   17 30344.0000 30367.7845  0.08%   3.0 2186s
 14950946 8281947 30366.9468  249   18 30344.0000 30367.7845  0.08%   3.0 2190s
 14970905 8294713 30363.2898  248   19 30344.0000 30367.7845  0.08%   3.0 2195s
 15009216 8323274 30355.7758  286   14 30344.0000 30367.7845  0.08%   3.0 2200s
 15036559 8341693 30348.4777  248   14 30344.0000 30367.7845  0.08%   3.0 2205s
 15064228 8358338 30356.5922  253   16 30344.0000 30367.7845  0.08%   3.0 2210s
 15085890 8372210 30354.5244  241   17 30344.0000 30367.7845  0.08%   3.0 2215s
 15125590 8400971 30357.3172  235   17 30344.0000 30367.7845  0.08%   3.0 2220s
 15159152 8423740     cutoff  249      30344.0000 30367.7845  0.08%   3.0 2225s
 15182170 8439840 30364.6197  227   17 30344.0000 30367.7845  0.08%   3.0 2231s
 15199322 8452934     cutoff  315      30344.0000 30367.7845  0.08%   3.0 2235s
 15222395 8467371 30356.3862  245   14 30344.0000 30367.7845  0.08%   3.0 2241s
 15259845 8492994 30355.9551  288   14 30344.0000 30367.7845  0.08%   3.0 2245s
 15286204 8511241 30357.7733  254   19 30344.0000 30367.7845  0.08%   3.0 2250s
 15313765 8529399 30351.1579  239   15 30344.0000 30367.7845  0.08%   3.0 2255s
 15353902 8557513 30361.3053  248   18 30344.0000 30367.7845  0.08%   3.0 2261s
 15366853 8567497 30355.5966  241   19 30344.0000 30367.7845  0.08%   3.0 2265s
 15392645 8585263 30365.9025  230   17 30344.0000 30367.7845  0.08%   3.0 2270s
 15440787 8617816 30361.1221  246   16 30344.0000 30367.7845  0.08%   3.0 2275s
 15465596 8637156 30345.7705  472   13 30344.0000 30367.7845  0.08%   3.0 2280s
 15485897 8652421 30365.5429  263   14 30344.0000 30367.7845  0.08%   3.0 2285s
 15510944 8671104 30357.3334  366   15 30344.0000 30367.7845  0.08%   3.0 2290s
 15535736 8689184 30347.1064  522   13 30344.0000 30367.7845  0.08%   3.0 2295s
 15565888 8710237 30357.2965  251   17 30344.0000 30367.7845  0.08%   3.0 2300s
 15583626 8723110 30352.8982  338   14 30344.0000 30367.7845  0.08%   3.0 2305s
 15606865 8739195 30360.2997  268   16 30344.0000 30367.7845  0.08%   3.0 2310s
 15648778 8769401 30352.2739  244   20 30344.0000 30367.7845  0.08%   3.0 2315s
 15676054 8788755 30360.5521  240   14 30344.0000 30367.7845  0.08%   3.0 2320s
 15700646 8805911 30347.2424  246   14 30344.0000 30367.7845  0.08%   3.0 2325s
 15714471 8822334 30361.3058  238   14 30344.0000 30367.7845  0.08%   3.0 2331s
 15757969 8843278 30356.5333  235   12 30344.0000 30367.7845  0.08%   3.0 2335s
 15770347 8858052 30351.1642  247   15 30344.0000 30367.7845  0.08%   3.0 2340s
 15797307 8868256 30350.5886  251   13 30344.0000 30367.7845  0.08%   3.0 2345s
 15827681 8887739 30349.7523  293   13 30344.0000 30367.7845  0.08%   3.0 2350s
 15850671 8902383 30367.5583  228   20 30344.0000 30367.7845  0.08%   3.0 2355s
 15870222 8914487 30359.8625  240   17 30344.0000 30367.7845  0.08%   3.0 2360s
 15894625 8929334 30361.4572  348   14 30344.0000 30367.7845  0.08%   3.0 2365s
 15931704 8957524 30351.8293  333   13 30344.0000 30367.7845  0.08%   3.0 2370s
 15953443 8971003 30350.9772  296   16 30344.0000 30367.7845  0.08%   3.0 2375s
 15973531 8982584 30363.3036  239   17 30344.0000 30367.7845  0.08%   3.0 2380s
 15996316 8998531 30363.3024  295   17 30344.0000 30367.7845  0.08%   3.0 2385s
 16018631 9015095 30367.4577  244   20 30344.0000 30367.7845  0.08%   3.0 2390s
 16032877 9023872 30363.5800  230   17 30344.0000 30367.7845  0.08%   3.0 2395s
 16048978 9032611 30351.5790  276   14 30344.0000 30367.7845  0.08%   3.0 2400s
 16071413 9047591 infeasible  243      30344.0000 30367.7845  0.08%   3.0 2405s
 16099605 9066399 30365.8388  204   19 30344.0000 30367.7845  0.08%   3.0 2410s
 16118993 9079491 30346.9264  368   15 30344.0000 30367.7845  0.08%   3.0 2415s
 16149336 9099454 30357.7545  286   14 30344.0000 30367.7845  0.08%   3.0 2420s
 16172365 9113707 30351.3085  302   14 30344.0000 30367.7845  0.08%   3.0 2426s
 16191564 9125984 30347.1772  306   13 30344.0000 30367.7845  0.08%   3.0 2430s
 16208056 9135883 30348.3821  237   15 30344.0000 30367.7845  0.08%   3.0 2435s
 16227415 9147055 30349.0909  300   12 30344.0000 30367.7845  0.08%   3.0 2441s
 16245623 9157604 30359.8038  235   19 30344.0000 30367.7845  0.08%   3.0 2445s
 16268765 9172198 30361.1763  235   16 30344.0000 30367.7845  0.08%   3.0 2451s
 16296065 9189713 30346.2101  269   14 30344.0000 30367.7845  0.08%   3.0 2456s
 16315623 9204183 30348.6735  259   16 30344.0000 30367.7845  0.08%   3.0 2460s
 16333525 9216061 30364.3513  271   18 30344.0000 30367.7845  0.08%   3.0 2465s
 16352711 9229889 30365.9025  224   17 30344.0000 30367.7845  0.08%   3.0 2470s
 16374369 9246775 30358.3067  370   13 30344.0000 30367.7845  0.08%   3.0 2475s
 16396986 9263690 30346.4091  278   13 30344.0000 30367.7845  0.08%   3.0 2480s
 16415995 9275955 30361.5524  289   15 30344.0000 30367.7845  0.08%   3.0 2485s
 16448872 9301566 30359.8925  258   17 30344.0000 30367.7845  0.08%   3.0 2490s
 16478121 9322490 30355.3562  342   12 30344.0000 30367.7845  0.08%   3.0 2495s
 16496326 9337450 30346.6380  349   14 30344.0000 30367.7845  0.08%   3.0 2500s
 16523579 9358700 30365.9025  230   19 30344.0000 30367.7845  0.08%   3.0 2505s
 16536003 9365903 30360.9237  251   17 30344.0000 30367.7845  0.08%   3.0 2510s
 16544536 9370634     cutoff  306      30344.0000 30367.7845  0.08%   3.0 2515s
 16564826 9383717 30350.8333  359   16 30344.0000 30367.7845  0.08%   3.0 2520s
 16577102 9393045 30355.5545  244   17 30344.0000 30367.7845  0.08%   3.0 2525s
 16615692 9418412 30363.0305  224   18 30344.0000 30367.7845  0.08%   3.0 2530s
 16635357 9432264 30359.3044  296   14 30344.0000 30367.7845  0.08%   3.0 2535s
 16665377 9452771 30347.6667  254   14 30344.0000 30367.7845  0.08%   3.0 2540s
 16685147 9464878 30348.1227  248   16 30344.0000 30367.7845  0.08%   3.0 2545s
 16705432 9478223 30345.6001  284   15 30344.0000 30367.7845  0.08%   3.0 2550s
 16724487 9493256     cutoff  459      30344.0000 30367.7845  0.08%   3.0 2555s
 16746069 9508828     cutoff  269      30344.0000 30367.7845  0.08%   3.0 2560s
 16763394 9521772 30361.8315  273   16 30344.0000 30367.7845  0.08%   3.0 2565s
 16781047 9536377 30362.8656  388   17 30344.0000 30367.7845  0.08%   3.0 2570s
 16802085 9550546 30357.6290  266   15 30344.0000 30367.7845  0.08%   3.0 2576s
 16811669 9559034 30361.3718  221   16 30344.0000 30367.7845  0.08%   3.0 2580s
 16829212 9571229 30350.0522  410   17 30344.0000 30367.7845  0.08%   3.0 2585s
 16847622 9584701     cutoff  278      30344.0000 30367.7845  0.08%   3.0 2590s
 16867207 9599464 30348.5484  261   16 30344.0000 30367.7845  0.08%   3.0 2595s
 16896582 9621178 30359.0522  242   18 30344.0000 30367.7845  0.08%   3.0 2600s
 16912881 9634529 30356.3834  326   17 30344.0000 30367.7845  0.08%   3.0 2605s
 16935484 9651730 30363.4487  316   16 30344.0000 30367.7845  0.08%   3.0 2610s
 16957230 9667698 30361.0000  249   12 30344.0000 30367.7845  0.08%   3.0 2616s
 16981075 9686572 30347.7676  356   14 30344.0000 30367.7845  0.08%   3.0 2620s
 17012652 9707647 30345.6762  370   10 30344.0000 30367.7845  0.08%   3.0 2625s
 17036834 9726205 30349.4908  269   14 30344.0000 30367.7845  0.08%   3.0 2630s
 17060494 9743921     cutoff  280      30344.0000 30367.7845  0.08%   3.0 2636s
 17076040 9755964 30353.7657  254   15 30344.0000 30367.7845  0.08%   3.0 2640s
 17099316 9772574 30354.5316  272   15 30344.0000 30367.7845  0.08%   3.0 2645s
 17120491 9788519 30352.5092  282   16 30344.0000 30367.7845  0.08%   3.0 2650s
 17137895 9801003 30346.7727  244   16 30344.0000 30367.7845  0.08%   3.0 2655s
 17167350 9823490 30351.4516  301   14 30344.0000 30367.7845  0.08%   3.0 2660s
 17193940 9842473 30363.0305  242   18 30344.0000 30367.7845  0.08%   3.0 2665s
 17214088 9859071 infeasible  254      30344.0000 30367.7845  0.08%   3.0 2670s
 17228265 9868618 30367.0393  190   20 30344.0000 30367.7845  0.08%   3.0 2675s
 17240189 9877349 30353.5242  240   18 30344.0000 30367.7845  0.08%   3.0 2680s
 17264081 9893744 30359.6279  277   15 30344.0000 30367.7845  0.08%   3.0 2685s
 17282423 9906602 30345.3939  304   13 30344.0000 30367.7845  0.08%   3.0 2690s
 17303885 9919927 30345.4199  306   13 30344.0000 30367.7845  0.08%   3.0 2696s
 17314194 9927603 30357.7907  307   15 30344.0000 30367.7845  0.08%   3.0 2700s
 17337562 9942861 30359.7764  223   17 30344.0000 30367.7845  0.08%   3.0 2706s
 17355565 9954394 30353.0088  241   15 30344.0000 30367.7845  0.08%   3.0 2711s
 17374043 9966350 30359.9038  229   13 30344.0000 30367.7845  0.08%   3.0 2715s
 17391415 9977530 30358.0955  300   14 30344.0000 30367.7845  0.08%   3.0 2720s
 17412048 9990632 30349.4430  242   13 30344.0000 30367.7845  0.08%   3.0 2725s
 17428699 10000461 30364.1622  274   14 30344.0000 30367.7845  0.08%   3.0 2730s
 17446843 10010914 30345.6667  248   15 30344.0000 30367.7845  0.08%   3.0 2735s
 17468297 10027812 30351.2945  348   15 30344.0000 30367.7845  0.08%   3.0 2740s
 17483008 10038869 30358.3986  225   16 30344.0000 30367.7845  0.08%   3.0 2745s
 17498723 10050904 30350.3896  236   16 30344.0000 30367.7845  0.08%   3.0 2750s
 17520254 10065921 30348.3226  355   16 30344.0000 30367.7845  0.08%   3.0 2755s
 17535230 10077456 30359.1766  224   18 30344.0000 30367.7845  0.08%   3.0 2760s
 17555133 10091026     cutoff  249      30344.0000 30367.7845  0.08%   3.0 2765s
 17571358 10103183 30350.2258  227   18 30344.0000 30367.7845  0.08%   3.0 2770s
 17588071 10115676 30345.0435  267   15 30344.0000 30367.7845  0.08%   3.0 2775s
 17607071 10129492 30359.7764  251   17 30344.0000 30367.7845  0.08%   3.0 2780s
 17626528 10143685 30359.9524  256   15 30344.0000 30367.7845  0.08%   3.0 2785s
 17648837 10159909 30357.0638  228   13 30344.0000 30367.7845  0.08%   3.0 2790s
 17669023 10176223 30352.3083  271   17 30344.0000 30367.7845  0.08%   3.0 2795s
 17687768 10189892 30345.3334  404   14 30344.0000 30367.7845  0.08%   3.0 2800s
 17707565 10203128 30352.2558  228   16 30344.0000 30367.7845  0.08%   3.0 2807s
 17720900 10214239 30363.0305  200   18 30344.0000 30367.7845  0.08%   3.0 2810s
 17740411 10229643 30347.0870  277   15 30344.0000 30367.7845  0.08%   3.0 2815s
 17764416 10247378 30363.5129  257   18 30344.0000 30367.7845  0.08%   3.0 2820s
 17789746 10265024 30359.0579  290   16 30344.0000 30367.7845  0.08%   3.0 2825s
 17809364 10280003 30361.7473  274   16 30344.0000 30367.7845  0.08%   3.0 2830s
 17826772 10293277 30346.0435  347   16 30344.0000 30367.7845  0.08%   3.0 2835s
 17845774 10306065 30358.0526  318   15 30344.0000 30367.7845  0.08%   3.0 2840s
 17861044 10316561 30367.7845  199   21 30344.0000 30367.7845  0.08%   3.0 2845s
 17880296 10330425 30349.9830  241   15 30344.0000 30367.7845  0.08%   3.0 2850s
 17891435 10337565 30353.7137  229   16 30344.0000 30367.7845  0.08%   3.0 2855s
 17906787 10349110 30353.1101  252   17 30344.0000 30367.7845  0.08%   3.0 2860s
 17927854 10365408 30367.0393  235   19 30344.0000 30367.7845  0.08%   3.0 2865s
 17945499 10377630 30357.7907  293   15 30344.0000 30367.7845  0.08%   3.0 2870s
 17974674 10398022 30357.1422  219   16 30344.0000 30367.7845  0.08%   3.0 2875s
 17993085 10411322 30362.9854  205   18 30344.0000 30367.7845  0.08%   3.0 2880s
 18016361 10427938 30345.3334  401   16 30344.0000 30367.7845  0.08%   3.0 2885s
 18035777 10441974 30356.2871  280   13 30344.0000 30367.7845  0.08%   3.0 2890s
 18054120 10455317 30356.4516  225   17 30344.0000 30367.7845  0.08%   3.0 2896s
 18063889 10463425 30365.0488  218   18 30344.0000 30367.7845  0.08%   3.0 2900s
 18083096 10476949 30352.6537  250   14 30344.0000 30367.7845  0.08%   3.0 2905s
 18096727 10486715 30347.9619  376   18 30344.0000 30367.7845  0.08%   3.0 2910s
 18118121 10502448 30360.5521  230   17 30344.0000 30367.7845  0.08%   3.0 2915s
 18140931 10519224 30346.4724  238   15 30344.0000 30367.7845  0.08%   3.0 2920s
 18159758 10532245 30357.8819  223   17 30344.0000 30367.7845  0.08%   3.0 2925s
 18180039 10546343 30367.7720  203   22 30344.0000 30367.7845  0.08%   3.0 2930s
 18196246 10558052 30346.5862  225   14 30344.0000 30367.7845  0.08%   3.0 2935s
 18219724 10575186 30348.4468  242   11 30344.0000 30367.7845  0.08%   3.0 2940s
 18240073 10589546 30345.8065  235   15 30344.0000 30367.7845  0.08%   3.0 2945s
 18249435 10594990 30345.6001  313   12 30344.0000 30367.7845  0.08%   3.0 2950s
 18266984 10605154 30347.6910  252   18 30344.0000 30367.7845  0.08%   3.0 2955s
 18287511 10616937     cutoff  202      30344.0000 30367.7845  0.08%   3.0 2960s
 18305880 10627003 30361.9553  227   16 30344.0000 30367.7845  0.08%   3.0 2965s
 18324874 10637504 30358.3997  241   16 30344.0000 30367.7845  0.08%   3.0 2970s
 18343542 10645715 30365.6951  235   20 30344.0000 30367.7845  0.08%   3.0 2975s
 18360058 10656545 30361.1449  225   19 30344.0000 30367.7845  0.08%   3.0 2980s
 18383823 10674190 30352.5997  351   15 30344.0000 30367.7845  0.08%   3.0 2985s
 18401865 10686820 30367.0393  229   19 30344.0000 30367.7845  0.08%   3.0 2991s
 18416010 10697488 30345.9777  243   15 30344.0000 30367.7845  0.08%   3.0 2995s
 18438037 10714143 30346.5038  239   13 30344.0000 30367.7845  0.08%   3.0 3000s
 18455948 10726753 30367.7720  195   20 30344.0000 30367.7845  0.08%   3.0 3005s
 18474001 10738933 30347.4785  215   16 30344.0000 30367.7845  0.08%   3.0 3010s
 18493996 10753629 30363.0305  211   19 30344.0000 30367.7845  0.08%   3.0 3015s
 18514923 10768948 30361.5270  330   17 30344.0000 30367.7845  0.08%   3.0 3020s
 18537551 10785799 30349.8411  411   14 30344.0000 30367.7845  0.08%   3.0 3025s
 18559754 10801635 30349.6652  264   15 30344.0000 30367.7845  0.08%   3.0 3031s
 18567058 10808563 30356.7048  285   14 30344.0000 30367.7845  0.08%   3.0 3035s
 18594230 10826875 30355.5966  241   14 30344.0000 30367.7845  0.08%   3.0 3040s
 18617646 10843427 30353.7657  241   15 30344.0000 30367.7845  0.08%   3.0 3045s
 18632058 10853793 30364.9986  243   18 30344.0000 30367.7845  0.08%   3.0 3050s
 18650425 10866447 30358.7093  242   15 30344.0000 30367.7845  0.08%   3.0 3055s
 18666418 10879259 30359.0979  390   17 30344.0000 30367.7845  0.08%   3.0 3061s
 18682793 10890835 30347.8405  266   14 30344.0000 30367.7845  0.08%   3.0 3065s
 18706193 10908753 30350.4969  286   14 30344.0000 30367.7845  0.08%   3.0 3070s
 18721598 10920030 30350.8589  275   15 30344.0000 30367.7845  0.08%   3.0 3075s
 18745977 10936765 30358.3158  261   17 30344.0000 30367.7845  0.08%   3.0 3080s
 18757281 10944572 30345.8282  273   16 30344.0000 30367.7845  0.08%   3.0 3085s
 18786902 10963675 30363.0305  255   18 30344.0000 30367.7845  0.08%   3.0 3090s
 18811525 10979429 30365.7307  273   19 30344.0000 30367.7845  0.08%   3.0 3097s
 18819541 10985665 30365.5429  249   16 30344.0000 30367.7845  0.08%   3.0 3100s
 18858561 11010632 30347.4091  305   13 30344.0000 30367.7845  0.08%   3.0 3105s
 18874587 11020522 30348.1227  262   16 30344.0000 30367.7845  0.08%   3.0 3110s
 18884104 11027212 30351.2730  309   14 30344.0000 30367.7845  0.08%   3.0 3115s
 18917260 11049452 30346.3334  438   16 30344.0000 30367.7845  0.08%   3.0 3120s
 18940054 11063957 30345.2211  263   15 30344.0000 30367.7845  0.08%   3.0 3125s
 18965251 11080500 30350.3684  267   13 30344.0000 30367.7845  0.08%   3.0 3131s
 18983705 11092810 30360.6667  271   14 30344.0000 30367.7845  0.08%   3.0 3137s
 18987085 11094281 30359.1989  272   13 30344.0000 30367.7845  0.08%   3.0 3140s
 19009448 11110368 30355.5816  288   11 30344.0000 30367.7845  0.08%   3.0 3145s
 19027105 11122715 30351.9956  407   14 30344.0000 30367.7845  0.08%   3.0 3150s
 19037514 11130158 30367.7845  268   18 30344.0000 30367.7845  0.08%   3.0 3155s
 19063330 11146286 30347.3827  274   14 30344.0000 30367.7845  0.08%   3.0 3160s
 19078591 11157819 30355.8512  374   14 30344.0000 30367.7845  0.08%   3.0 3165s
 19099955 11171906 30367.3204  270   15 30344.0000 30367.7845  0.08%   3.0 3170s
 19119451 11184851 30348.1579  268   13 30344.0000 30367.7845  0.08%   3.0 3175s
 19144070 11201091 30358.9409  292   14 30344.0000 30367.7845  0.08%   3.0 3180s
 19157075 11208790 30367.7845  266   19 30344.0000 30367.7845  0.08%   3.0 3185s
 19187183 11229766 30364.5881  286   14 30344.0000 30367.7845  0.08%   3.0 3190s
 19201360 11237806 30352.3479  299   13 30344.0000 30367.7845  0.08%   3.0 3196s
 19215170 11247116 30361.6667  297   14 30344.0000 30367.7845  0.08%   3.0 3200s
 19249223 11269808 30345.3334  335   12 30344.0000 30367.7845  0.08%   3.0 3205s
 19269480 11282252 30352.1472  279   12 30344.0000 30367.7845  0.08%   3.0 3212s
 19288989 11296857 30353.3755  309   14 30344.0000 30367.7845  0.08%   3.0 3215s
 19319794 11318343 30360.5259  317   13 30344.0000 30367.7845  0.08%   3.0 3220s
 19325625 11320972 30353.3549  338   12 30344.0000 30367.7845  0.08%   3.0 3225s
 19347414 11337229 30364.1622  327   13 30344.0000 30367.7845  0.08%   3.0 3230s
 19371865 11353650 30352.8001  463   14 30344.0000 30367.7845  0.08%   3.0 3237s
 19388162 11365916 30359.5622  291   12 30344.0000 30367.7845  0.08%   3.0 3240s
 19427343 11391789 30367.2880  268   18 30344.0000 30367.7845  0.08%   3.0 3245s
 19453316 11409958 30356.6606  338   14 30344.0000 30367.7845  0.08%   3.0 3250s
 19462406 11423203 30359.3334  324   12 30344.0000 30367.7845  0.08%   3.0 3255s
 19499120 11441164 30348.0001  479   11 30344.0000 30367.7845  0.08%   3.0 3260s
 19516900 11451865 30349.8168  310   15 30344.0000 30367.7845  0.08%   3.0 3265s
 19543762 11470240 30362.0000  284   13 30344.0000 30367.7845  0.08%   3.0 3270s
 19561928 11481890 30358.1068  302   13 30344.0000 30367.7845  0.08%   3.0 3275s
 19575009 11491504 30348.9939  433   12 30344.0000 30367.7845  0.08%   3.0 3280s
 19591116 11502447 30345.0435  347   10 30344.0000 30367.7845  0.08%   3.0 3285s
 19610257 11514583 30357.2965  261   15 30344.0000 30367.7845  0.08%   3.0 3290s
 19628751 11527769 30366.7683  269   17 30344.0000 30367.7845  0.08%   3.0 3295s
 19642995 11537898 30351.7351  430   13 30344.0000 30367.7845  0.08%   3.0 3300s
 19659812 11548838 30348.9654  304   15 30344.0000 30367.7845  0.08%   3.0 3306s
 19674987 11560671 30357.4018  264   13 30344.0000 30367.7845  0.08%   3.0 3310s
 19688040 11568098 30349.6471  352   14 30344.0000 30367.7845  0.08%   3.0 3317s
 19701914 11578610     cutoff  399      30344.0000 30367.7845  0.08%   3.0 3320s
 19724599 11594287 30354.5481  341   14 30344.0000 30367.7845  0.08%   3.0 3325s
 19745245 11607575 30362.1112  292   15 30344.0000 30367.7845  0.08%   3.0 3331s
 19757143 11616295 30367.5329  271   17 30344.0000 30367.7845  0.08%   3.0 3335s
 19780509 11631414 30367.4963  274   20 30344.0000 30367.7845  0.08%   3.0 3340s
 19799144 11643579 30352.7796  327   16 30344.0000 30367.7845  0.08%   3.0 3345s
 19819011 11657320     cutoff  352      30344.0000 30367.7845  0.08%   3.0 3350s
 19828740 11664452 30345.5248  269   14 30344.0000 30367.7845  0.08%   3.0 3355s
 19860979 11686358 30362.5258  275   16 30344.0000 30367.7845  0.08%   3.0 3360s
 19887852 11703831     cutoff  370      30344.0000 30367.7845  0.08%   3.0 3366s
 19898940 11710533 30345.6001  427   14 30344.0000 30367.7845  0.08%   3.0 3370s
 19922041 11726430 30354.1364  301   12 30344.0000 30367.7845  0.08%   3.0 3375s
 19940357 11738409 30359.0979  355   13 30344.0000 30367.7845  0.08%   3.0 3381s
 19955676 11748904     cutoff  271      30344.0000 30367.7845  0.08%   3.0 3385s
 19970225 11758591 30345.6001  441   14 30344.0000 30367.7845  0.08%   3.0 3392s
 19977470 11764822 30361.8480  279   14 30344.0000 30367.7845  0.08%   3.0 3395s
 20006219 11784211 30364.7599  307   16 30344.0000 30367.7845  0.08%   3.0 3400s
 20025585 11796437 30359.3907  351   13 30344.0000 30367.7845  0.08%   3.0 3407s
 20041226 11806703 30366.0405  274   16 30344.0000 30367.7845  0.08%   3.0 3410s
 20067363 11824794     cutoff  379      30344.0000 30367.7845  0.08%   3.0 3416s
 20082770 11835615 30367.6592  269   18 30344.0000 30367.7845  0.08%   3.0 3420s
 20096934 11845541     cutoff  292      30344.0000 30367.7845  0.08%   3.0 3425s
 20111516 11852388 30346.4381  335   14 30344.0000 30367.7845  0.08%   3.0 3430s
 20122509 11858170 30363.1193  340   17 30344.0000 30367.7845  0.08%   3.0 3435s
 20137897 11868981 30362.0000  290   13 30344.0000 30367.7845  0.08%   3.0 3440s
 20144367 11873105 30359.3778  329   13 30344.0000 30367.7845  0.08%   3.0 3445s
 20167747 11887834     cutoff  293      30344.0000 30367.7845  0.08%   3.0 3450s
 20183308 11897767 30345.6001  388   12 30344.0000 30367.7845  0.08%   3.0 3455s
 20201077 11909677 30345.6001  441   14 30344.0000 30367.7845  0.08%   3.0 3461s
 20211198 11916997 30361.4116  284   15 30344.0000 30367.7845  0.08%   3.0 3465s
 20230183 11928924 30360.9046  276   16 30344.0000 30367.7845  0.08%   3.0 3470s
 20243725 11937016 30352.2604  275   14 30344.0000 30367.7845  0.08%   3.0 3476s
 20261912 11951371 30350.6825  319   13 30344.0000 30367.7845  0.08%   3.0 3480s
 20287176 11967793 30345.0000  321   12 30344.0000 30367.7845  0.08%   3.0 3485s
 20297205 11974271     cutoff  441      30344.0000 30367.7845  0.08%   3.0 3490s
 20319145 11990053 30367.4888  264   17 30344.0000 30367.7845  0.08%   3.0 3495s
 20334853 12001590 30362.3334  295   14 30344.0000 30367.7845  0.08%   3.0 3500s
 20346533 12007771 30352.1570  323   16 30344.0000 30367.7845  0.08%   3.0 3506s
 20365616 12022237 30350.3783  297   15 30344.0000 30367.7845  0.08%   3.0 3510s
 20386890 12036122 30345.6001  318   14 30344.0000 30367.7845  0.08%   3.0 3515s
 20395014 12041499 30346.5417  276   14 30344.0000 30367.7845  0.08%   3.0 3520s
 20417507 12057134 30353.5153  315   14 30344.0000 30367.7845  0.08%   3.0 3525s
 20444296 12074836     cutoff  296      30344.0000 30367.7845  0.08%   3.0 3530s
 20453653 12080539 30366.6071  274   17 30344.0000 30367.7845  0.08%   3.0 3535s
 20474832 12094503 30346.8344  316   13 30344.0000 30367.7845  0.08%   3.0 3540s
 20498796 12110843 30351.4228  307   15 30344.0000 30367.7845  0.08%   3.0 3545s
 20516199 12122387 30352.9474  294   13 30344.0000 30367.7845  0.08%   3.0 3550s
 20532863 12132859 30356.6405  317   13 30344.0000 30367.7845  0.08%   3.0 3556s
 20548660 12142644 30349.9846  276   14 30344.0000 30367.7845  0.08%   3.0 3563s
 20559105 12150018 30353.5788  332   15 30344.0000 30367.7845  0.08%   3.0 3565s
 20586632 12167841 30360.0508  321   13 30344.0000 30367.7845  0.08%   3.0 3571s
 20595755 12173270 30345.3988  306   15 30344.0000 30367.7845  0.08%   3.0 3576s
 20611480 12184422 30349.9965  274   17 30344.0000 30367.7845  0.08%   3.0 3581s
 20639058 12203234 30358.0330  340   12 30344.0000 30367.7845  0.08%   3.0 3585s
 20654024 12214389 30349.6369  329   14 30344.0000 30367.7845  0.08%   3.0 3590s
 20685145 12234593 30358.4766  283   13 30344.0000 30367.7845  0.08%   3.0 3595s
 20699309 12243222 30348.6074  309   16 30344.0000 30367.7845  0.08%   3.0 3600s

Cutting planes:
  Gomory: 7
  Cover: 26
  MIR: 10
  StrongCG: 11
  Flow cover: 7
  Inf proof: 11
  Zero half: 1
  RLT: 1

Explored 20699470 nodes (61238112 simplex iterations) in 3600.06 seconds
Thread count was 12 (of 12 available processors)

Solution count 10: 30344 30337 30331 ... 30277

Time limit reached
Best objective 3.034400000000e+04, best bound 3.036700000000e+04, gap 0.0758%
