
Gurobi 9.1.2 (win64, Java) logging started Sun Nov 14 12:53:59 2021

Academic license - for non-commercial use only - expires 2022-10-30
Gurobi Optimizer version 9.1.2 build v9.1.2rc0 (win64)
Thread count: 6 physical cores, 12 logical processors, using up to 12 threads
Optimize a model with 110 rows, 1000 columns and 2000 nonzeros
Model fingerprint: 0x20bfbf0c
Variable types: 0 continuous, 1000 integer (1000 binary)
Coefficient statistics:
  Matrix range     [1e+00, 1e+03]
  Objective range  [1e+00, 1e+03]
  Bounds range     [1e+00, 1e+00]
  RHS range        [1e+00, 5e+03]
Found heuristic solution: objective 26795.000000
Presolve time: 0.02s
Presolved: 110 rows, 1000 columns, 2000 nonzeros
Variable types: 0 continuous, 1000 integer (1000 binary)
Presolved: 110 rows, 1000 columns, 2000 nonzeros


Root relaxation: objective 3.856597e+04, 107 iterations, 0.00 seconds

    Nodes    |    Current Node    |     Objective Bounds      |     Work
 Expl Unexpl |  Obj  Depth IntInf | Incumbent    BestBd   Gap | It/Node Time

     0     0 38565.9734    0   13 26795.0000 38565.9734  43.9%     -    0s
H    0     0                    37837.000000 38565.9734  1.93%     -    0s
H    0     0                    38417.000005 38565.9734  0.39%     -    1s
     0     0 38551.0400    0   15 38417.0000 38551.0400  0.35%     -    2s
     0     0 38551.0400    0   15 38417.0000 38551.0400  0.35%     -    2s
     0     0 38551.0400    0   24 38417.0000 38551.0400  0.35%     -    2s
     0     0 38551.0400    0   27 38417.0000 38551.0400  0.35%     -    3s
     0     0 38537.6459    0   23 38417.0000 38537.6459  0.31%     -    3s
     0     0 38537.6459    0   30 38417.0000 38537.6459  0.31%     -    3s
     0     0 38537.4965    0   29 38417.0000 38537.4965  0.31%     -    3s
     0     0 38537.4965    0   17 38417.0000 38537.4965  0.31%     -    3s
     0     2 38537.4965    0   16 38417.0000 38537.4965  0.31%     -    3s
   415   461 38482.2093   58   18 38417.0000 38533.7689  0.30%   6.0    5s
H  476   526                    38442.000046 38533.7689  0.24%   6.0    5s
  1736  1492 38526.7478   17   17 38442.0000 38526.7478  0.22%   7.5   10s
  4976  3315 38519.3741  122   18 38442.0000 38523.5823  0.21%   5.9   15s
H 5568  3715                    38479.000000 38523.5823  0.12%   5.9   15s
H18276 13239                    38489.000000 38523.5823  0.09%   4.8   18s
 18281 13243 38523.0000  130   13 38489.0000 38523.5823  0.09%   4.8   20s
H18282 12580                    38490.000000 38523.5823  0.09%   4.8   20s
 19924 13327 38523.2143  101   14 38490.0000 38523.2143  0.09%   5.0   25s
 32422 17389     cutoff  200      38490.0000 38523.2143  0.09%   5.3   34s
 36645 17792 38523.1072  195   14 38490.0000 38523.2143  0.09%   5.6   35s
 55418 15261 38523.0714  180   25 38490.0000 38523.2143  0.09%   6.1   40s
H55420 14498                    38499.000000 38523.2143  0.06%   6.1   42s
 59111 17658 38518.1491   95   18 38499.0000 38523.2143  0.06%   6.1   45s
 71686 22021 38523.0000  149   16 38499.0000 38523.2143  0.06%   5.8   50s
 95715 20226 38500.1032  252   11 38499.0000 38523.0000  0.06%   5.2   55s
 118116 24318 38520.9419  236   17 38499.0000 38523.0000  0.06%   4.9   60s
 135535 28737 38520.7548  250   11 38499.0000 38523.0000  0.06%   4.8   65s
 159411 34689 38507.2839  237   14 38499.0000 38523.0000  0.06%   4.6   70s
 182382 40609 38522.5427  234   15 38499.0000 38523.0000  0.06%   4.6   75s
 206648 46914 38505.2258  246   11 38499.0000 38523.0000  0.06%   4.6   80s
 234069 53946 38523.0000  244   12 38499.0000 38523.0000  0.06%   4.5   85s
 275587 64905 38523.0000  222    9 38499.0000 38523.0000  0.06%   4.3   93s
 292806 67759 38514.8305  230    5 38499.0000 38523.0000  0.06%   4.2   95s
 353229 75443     cutoff  234      38499.0000 38523.0000  0.06%   4.0  100s
 427307 84451 38521.9864  230    8 38499.0000 38523.0000  0.06%   3.8  107s
 451931 88109 38523.0000  227    9 38499.0000 38523.0000  0.06%   3.7  110s
 485868 92626 38521.3729  217   10 38499.0000 38523.0000  0.06%   3.8  115s
 542004 100879     cutoff  235      38499.0000 38523.0000  0.06%   3.8  120s
 600014 110422 38523.0000  230    9 38499.0000 38523.0000  0.06%   3.8  125s
 662747 120987     cutoff  226      38499.0000 38523.0000  0.06%   3.7  130s
 718770 129096 38523.0000  223   12 38499.0000 38523.0000  0.06%   3.7  135s
 768687 135815 38523.0000  234    8 38499.0000 38523.0000  0.06%   3.7  140s
 826680 143018 38518.5656  229   10 38499.0000 38523.0000  0.06%   3.7  147s
 850066 145195     cutoff  246      38499.0000 38523.0000  0.06%   3.7  150s
 901675 150838 38523.0000  219    9 38499.0000 38523.0000  0.06%   3.7  155s
 912106 152349 38523.0000  218    9 38499.0000 38523.0000  0.06%   3.7  160s
 961957 160699 38521.3729  221   10 38499.0000 38523.0000  0.06%   3.7  165s
 1016005 167189 38517.6787  216   10 38499.0000 38523.0000  0.06%   3.7  170s
 1073292 174636 38522.9322  233    8 38499.0000 38523.0000  0.06%   3.7  175s
 1129264 178006     cutoff  232      38499.0000 38523.0000  0.06%   3.7  180s
 1173399 179173     cutoff  231      38499.0000 38523.0000  0.06%   3.7  185s
 1204816 180306     cutoff  235      38499.0000 38523.0000  0.06%   3.7  190s
 1220201 180630 38521.3729  237    8 38499.0000 38523.0000  0.06%   3.7  195s
 1251953 181847     cutoff  241      38499.0000 38523.0000  0.06%   3.7  200s
 1294659 183465     cutoff  224      38499.0000 38523.0000  0.06%   3.7  205s
 1344512 184513     cutoff  233      38499.0000 38523.0000  0.06%   3.7  210s
 1387129 186610     cutoff  227      38499.0000 38523.0000  0.06%   3.7  215s
 1440887 188625 38504.1380  232    6 38499.0000 38523.0000  0.06%   3.7  220s
 1485963 190792 38520.9661  236    8 38499.0000 38523.0000  0.06%   3.7  225s
 1524835 192632 38519.7059  231    8 38499.0000 38523.0000  0.06%   3.7  231s
 1562542 194417     cutoff  223      38499.0000 38523.0000  0.06%   3.7  235s
 1618291 196535     cutoff  233      38499.0000 38523.0000  0.06%   3.7  240s
 1668059 198165     cutoff  234      38499.0000 38523.0000  0.06%   3.7  245s
 1717797 200046 38523.0000  234    8 38499.0000 38523.0000  0.06%   3.7  250s
 1736451 200813 38523.0000  235    6 38499.0000 38523.0000  0.06%   3.7  256s
 1761965 201315 infeasible  238      38499.0000 38523.0000  0.06%   3.7  260s
 1809457 201925 38523.0000  224    8 38499.0000 38523.0000  0.06%   3.8  265s
 1864828 202721     cutoff  228      38499.0000 38523.0000  0.06%   3.8  270s
 1888704 202719 38505.4746  234    6 38499.0000 38523.0000  0.06%   3.8  275s
 1940074 203321 38523.0000  228    7 38499.0000 38523.0000  0.06%   3.8  280s
 1995538 204125     cutoff  238      38499.0000 38523.0000  0.06%   3.8  285s
 2026943 205118     cutoff  240      38499.0000 38523.0000  0.06%   3.8  290s
 2074069 207046 38523.0000  226    7 38499.0000 38523.0000  0.06%   3.8  295s
 2123850 208039 38523.0000  230    8 38499.0000 38523.0000  0.06%   3.8  300s
 2171318 209247 infeasible  245      38499.0000 38523.0000  0.06%   3.8  305s
 2231283 210083 infeasible  236      38499.0000 38523.0000  0.06%   3.8  310s
 2280972 210217 38523.0000  227    6 38499.0000 38523.0000  0.06%   3.8  317s
 2303227 209556 38520.2994  237    9 38499.0000 38523.0000  0.06%   3.9  320s
 2350641 208154 38523.0000  229   11 38499.0000 38523.0000  0.06%   3.9  325s
 2406702 210580 infeasible  247      38499.0000 38523.0000  0.06%   3.9  330s
 2460168 221192 38523.0000  239   10 38499.0000 38523.0000  0.06%   4.0  335s
 2504626 226178 38518.1186  252   11 38499.0000 38523.0000  0.06%   4.0  340s
 2517296 227620 38523.0000  230    9 38499.0000 38523.0000  0.06%   4.0  345s
 2541318 230037 38523.0000  237    8 38499.0000 38523.0000  0.06%   4.0  350s
 2584138 233966     cutoff  232      38499.0000 38523.0000  0.06%   4.1  355s
 2601561 235443 infeasible  254      38499.0000 38523.0000  0.06%   4.1  360s
 2613798 236468     cutoff  250      38499.0000 38523.0000  0.06%   4.1  365s
 2650446 240921     cutoff  245      38499.0000 38523.0000  0.06%   4.2  370s
 2678769 243827 38523.0000  242    6 38499.0000 38523.0000  0.06%   4.2  375s
 2699823 246210 38523.0000  235   12 38499.0000 38523.0000  0.06%   4.2  380s
 2741607 252062     cutoff  235      38499.0000 38523.0000  0.06%   4.2  385s
 2769734 255672 infeasible  245      38499.0000 38523.0000  0.06%   4.3  391s
 2799317 259463     cutoff  235      38499.0000 38523.0000  0.06%   4.3  395s
 2848544 266052 38523.0000  251   12 38499.0000 38523.0000  0.06%   4.3  400s
 2864703 268391 38523.0000  226    9 38499.0000 38523.0000  0.06%   4.4  405s
 2908205 273906     cutoff  240      38499.0000 38523.0000  0.06%   4.4  413s
 2918055 275748     cutoff  243      38499.0000 38523.0000  0.06%   4.4  415s
 2957365 282949 38523.0000  237   10 38499.0000 38523.0000  0.06%   4.4  420s
 3005908 291412 38523.0000  237    9 38499.0000 38523.0000  0.06%   4.5  425s
 3019763 293457 38523.0000  240   12 38499.0000 38523.0000  0.06%   4.5  430s
 3057946 298640     cutoff  244      38499.0000 38523.0000  0.06%   4.5  435s
 3060149 300324 38523.0000  233   11 38499.0000 38523.0000  0.06%   4.5  440s
 3108110 305334 38523.0000  254   12 38499.0000 38523.0000  0.06%   4.6  445s
 3157827 312509 infeasible  246      38499.0000 38523.0000  0.06%   4.6  450s
 3182363 316946 38521.9864  234   12 38499.0000 38523.0000  0.06%   4.6  455s
 3224238 322692     cutoff  240      38499.0000 38523.0000  0.06%   4.6  460s
 3275197 328871     cutoff  250      38499.0000 38523.0000  0.06%   4.7  465s
 3305928 330976     cutoff  247      38499.0000 38523.0000  0.06%   4.7  471s
 3344891 336805     cutoff  247      38499.0000 38523.0000  0.06%   4.7  475s
 3391661 343845     cutoff  236      38499.0000 38523.0000  0.06%   4.7  480s
 3442993 349833 38523.0000  241   10 38499.0000 38523.0000  0.06%   4.8  485s
 3487867 357258     cutoff  237      38499.0000 38523.0000  0.06%   4.8  490s
 3533302 362990 38523.0000  246   12 38499.0000 38523.0000  0.06%   4.8  495s
 3550726 365163 infeasible  251      38499.0000 38523.0000  0.06%   4.8  500s
 3571776 367115     cutoff  248      38499.0000 38523.0000  0.06%   4.9  509s
 3571874 368034     cutoff  246      38499.0000 38523.0000  0.06%   4.9  511s
 3610081 370666 38523.0000  232   11 38499.0000 38523.0000  0.06%   4.9  515s
 3652154 374558 38523.0000  246   10 38499.0000 38523.0000  0.06%   4.9  520s
 3700005 379213 38523.0000  239    8 38499.0000 38523.0000  0.06%   4.9  525s
 3741510 384005     cutoff  240      38499.0000 38523.0000  0.06%   4.9  530s
 3760588 386465 38523.0000  246   10 38499.0000 38523.0000  0.06%   5.0  535s
 3800043 391921     cutoff  253      38499.0000 38523.0000  0.06%   5.0  540s
 3845586 398164 38523.0000  230    9 38499.0000 38523.0000  0.06%   5.0  545s
 3892161 405476 38523.0000  237    9 38499.0000 38523.0000  0.06%   5.0  550s
 3940763 412058 38518.0588  246    7 38499.0000 38523.0000  0.06%   5.0  555s
 3969861 415557 38521.8597  235   11 38499.0000 38523.0000  0.06%   5.1  560s
 4015544 424452 38523.0000  245   11 38499.0000 38523.0000  0.06%   5.1  565s
 4060621 429859     cutoff  244      38499.0000 38523.0000  0.06%   5.1  570s
 4104372 435098 38523.0000  246   11 38499.0000 38523.0000  0.06%   5.1  575s
 4123791 436951 infeasible  235      38499.0000 38523.0000  0.06%   5.1  580s
 4173418 442650     cutoff  254      38499.0000 38523.0000  0.06%   5.1  585s
 4222082 449056 infeasible  234      38499.0000 38523.0000  0.06%   5.2  590s
 4267075 455037     cutoff  242      38499.0000 38523.0000  0.06%   5.2  595s
 4274491 456012 infeasible  239      38499.0000 38523.0000  0.06%   5.2  600s
 4316375 461658     cutoff  251      38499.0000 38523.0000  0.06%   5.2  605s
 4363830 466932 38523.0000  233    8 38499.0000 38523.0000  0.06%   5.2  610s
 4379413 468262 infeasible  252      38499.0000 38523.0000  0.06%   5.2  615s
 4428274 473267 38523.0000  244    9 38499.0000 38523.0000  0.06%   5.2  620s
 4477009 477745 38523.0000  235    9 38499.0000 38523.0000  0.06%   5.2  625s
 4525987 480488 38522.1131  241   12 38499.0000 38523.0000  0.06%   5.3  630s
 4574626 481811     cutoff  249      38499.0000 38523.0000  0.06%   5.3  635s
 4620082 483422     cutoff  236      38499.0000 38523.0000  0.06%   5.3  640s
 4666161 485085     cutoff  235      38499.0000 38523.0000  0.06%   5.3  645s
 4682322 486516 38520.5928  229   10 38499.0000 38523.0000  0.06%   5.3  650s
 4707878 486965 infeasible  228      38499.0000 38523.0000  0.06%   5.3  657s
 4729710 488032 infeasible  235      38499.0000 38523.0000  0.06%   5.3  660s
 4745244 488835     cutoff  231      38499.0000 38523.0000  0.06%   5.3  665s
 4789130 490721 infeasible  240      38499.0000 38523.0000  0.06%   5.3  670s
 4839074 494817 infeasible  230      38499.0000 38523.0000  0.06%   5.3  675s
 4893771 501926 38523.0000  241   10 38499.0000 38523.0000  0.06%   5.3  680s
 4924947 505075     cutoff  238      38499.0000 38523.0000  0.06%   5.3  686s
 4955961 507365     cutoff  235      38499.0000 38523.0000  0.06%   5.3  690s
 5001922 509421 38523.0000  228    9 38499.0000 38523.0000  0.06%   5.3  695s
 5042022 511262 38523.0000  235   12 38499.0000 38523.0000  0.06%   5.4  700s
 5090078 516743 infeasible  236      38499.0000 38523.0000  0.06%   5.4  705s
 5130119 521364 infeasible  239      38499.0000 38523.0000  0.06%   5.4  710s
 5153437 523743 infeasible  232      38499.0000 38523.0000  0.06%   5.4  715s
 5196977 528330 38523.0000  247   10 38499.0000 38523.0000  0.06%   5.4  720s
 5242440 530497 38523.0000  240   12 38499.0000 38523.0000  0.06%   5.4  725s
 5286552 531635     cutoff  241      38499.0000 38523.0000  0.06%   5.4  730s
 5330426 532780     cutoff  229      38499.0000 38523.0000  0.06%   5.4  735s
 5349819 533011 infeasible  247      38499.0000 38523.0000  0.06%   5.4  740s
 5399188 534720 38523.0000  229    8 38499.0000 38523.0000  0.06%   5.4  745s
 5443743 536674 38523.0000  237   11 38499.0000 38523.0000  0.06%   5.4  750s
 5458437 537526 38523.0000  242   11 38499.0000 38523.0000  0.06%   5.4  755s
 5501367 540137 38523.0000  245   10 38499.0000 38523.0000  0.06%   5.4  760s
 5530919 542213 infeasible  248      38499.0000 38523.0000  0.06%   5.4  765s
 5584348 545491 38523.0000  241   10 38499.0000 38523.0000  0.06%   5.4  770s
 5631053 548689 38523.0000  226   11 38499.0000 38523.0000  0.06%   5.4  775s
 5674003 552921 38523.0000  230   10 38499.0000 38523.0000  0.06%   5.4  780s
 5725635 557664 38523.0000  240    9 38499.0000 38523.0000  0.06%   5.4  786s
 5757097 559821 infeasible  239      38499.0000 38523.0000  0.06%   5.4  790s
 5811970 563276 38523.0000  232    9 38499.0000 38523.0000  0.06%   5.4  798s
 5818056 563727 38523.0000  211    9 38499.0000 38523.0000  0.06%   5.4  800s
 5860925 565860     cutoff  237      38499.0000 38523.0000  0.06%   5.4  805s
 5894160 567456     cutoff  233      38499.0000 38523.0000  0.06%   5.4  810s
 5937423 568691 38523.0000  237   12 38499.0000 38523.0000  0.06%   5.4  817s
 5956936 569359     cutoff  232      38499.0000 38523.0000  0.06%   5.4  820s
 5995524 570930 38523.0000  232   11 38499.0000 38523.0000  0.06%   5.5  825s
 6005035 571090 38522.4932  238   10 38499.0000 38523.0000  0.06%   5.5  830s
 6045793 572090 38523.0000  248   12 38499.0000 38523.0000  0.06%   5.5  835s
 6088607 573787     cutoff  243      38499.0000 38523.0000  0.06%   5.5  840s
 6121382 575368     cutoff  222      38499.0000 38523.0000  0.06%   5.5  846s
 6147074 576862 infeasible  236      38499.0000 38523.0000  0.06%   5.5  850s
 6189859 580482     cutoff  239      38499.0000 38523.0000  0.06%   5.5  855s
 6214082 582529     cutoff  244      38499.0000 38523.0000  0.06%   5.5  860s
 6258015 586258 38523.0000  225    8 38499.0000 38523.0000  0.06%   5.5  865s
 6277536 587849 infeasible  227      38499.0000 38523.0000  0.06%   5.5  874s
 6277635 588798 38523.0000  238   10 38499.0000 38523.0000  0.06%   5.5  876s
 6297609 589444 38523.0000  231   11 38499.0000 38523.0000  0.06%   5.5  880s
 6336058 591695     cutoff  231      38499.0000 38523.0000  0.06%   5.5  885s
 6378798 593861     cutoff  234      38499.0000 38523.0000  0.06%   5.5  890s
 6418842 595557     cutoff  235      38499.0000 38523.0000  0.06%   5.5  895s
 6456822 597551     cutoff  238      38499.0000 38523.0000  0.06%   5.5  900s
 6482024 598639 38523.0000  238    8 38499.0000 38523.0000  0.06%   5.5  905s
 6523916 600592     cutoff  240      38499.0000 38523.0000  0.06%   5.5  910s
 6562222 603967 38523.0000  246   11 38499.0000 38523.0000  0.06%   5.5  915s
 6597504 606691     cutoff  233      38499.0000 38523.0000  0.06%   5.5  920s
 6630191 608315 38523.0000  240   11 38499.0000 38523.0000  0.06%   5.5  927s
 6642746 608673     cutoff  236      38499.0000 38523.0000  0.06%   5.5  930s
 6688760 609790 38523.0000  236   12 38499.0000 38523.0000  0.06%   5.6  935s
 6728636 610912 infeasible  238      38499.0000 38523.0000  0.06%   5.6  940s
 6774220 613012 38523.0000  243   11 38499.0000 38523.0000  0.06%   5.6  945s
 6814374 614449 infeasible  255      38499.0000 38523.0000  0.06%   5.6  950s
 6838902 615401 38523.0000  237   12 38499.0000 38523.0000  0.06%   5.6  955s
 6879617 616783 38523.0000  243   10 38499.0000 38523.0000  0.06%   5.6  960s
 6916156 618133 38523.0000  246   12 38499.0000 38523.0000  0.06%   5.6  965s
 6952541 619366 38523.0000  240   12 38499.0000 38523.0000  0.06%   5.6  970s
 6975645 620008 38523.0000  240   10 38499.0000 38523.0000  0.06%   5.6  975s
 7013947 621522 infeasible  249      38499.0000 38523.0000  0.06%   5.6  980s
 7043547 622388 infeasible  245      38499.0000 38523.0000  0.06%   5.6  985s
 7077584 623582     cutoff  221      38499.0000 38523.0000  0.06%   5.6  990s
 7100436 624610 infeasible  244      38499.0000 38523.0000  0.06%   5.6  995s
 7137135 625770     cutoff  241      38499.0000 38523.0000  0.06%   5.6 1000s
 7171910 627197 38523.0000  223   13 38499.0000 38523.0000  0.06%   5.6 1005s
 7193944 627764     cutoff  230      38499.0000 38523.0000  0.06%   5.6 1010s
 7225903 628814 38519.9861  230   14 38499.0000 38523.0000  0.06%   5.6 1015s
 7265655 629803 38523.0000  240   10 38499.0000 38523.0000  0.06%   5.6 1020s
 7310936 631021 38523.0000  253   10 38499.0000 38523.0000  0.06%   5.6 1025s
 7352799 632266 38523.0000  242    9 38499.0000 38523.0000  0.06%   5.6 1030s
 7400571 634811 38520.4237  233    8 38499.0000 38523.0000  0.06%   5.6 1035s
 7420970 635079 38523.0000  238    9 38499.0000 38523.0000  0.06%   5.6 1042s
 7441165 635803 38523.0000  254   10 38499.0000 38523.0000  0.06%   5.6 1045s
 7486780 640007     cutoff  248      38499.0000 38523.0000  0.06%   5.6 1050s
 7529809 642459 38518.9457  241   11 38499.0000 38523.0000  0.06%   5.7 1055s
 7574827 644756     cutoff  252      38499.0000 38523.0000  0.06%   5.7 1060s
 7600672 645964     cutoff  242      38499.0000 38523.0000  0.06%   5.7 1065s
 7603486 646313 38523.0000  222   10 38499.0000 38523.0000  0.06%   5.7 1070s
 7647612 648234     cutoff  223      38499.0000 38523.0000  0.06%   5.7 1075s
 7686101 649248 38523.0000  231   10 38499.0000 38523.0000  0.06%   5.7 1080s
 7731695 651163 38523.0000  246   11 38499.0000 38523.0000  0.06%   5.7 1085s
 7775541 653271     cutoff  234      38499.0000 38523.0000  0.06%   5.7 1090s
 7803900 654240 38523.0000  237    9 38499.0000 38523.0000  0.06%   5.7 1095s
 7840554 655566     cutoff  250      38499.0000 38523.0000  0.06%   5.7 1100s
 7881188 657267     cutoff  221      38499.0000 38523.0000  0.06%   5.7 1110s
 7915419 658795     cutoff  238      38499.0000 38523.0000  0.06%   5.7 1115s
 7959419 660173     cutoff  243      38499.0000 38523.0000  0.06%   5.7 1120s
 7978525 661102 38523.0000  245   10 38499.0000 38523.0000  0.06%   5.7 1125s
 8013067 663348     cutoff  252      38499.0000 38523.0000  0.06%   5.7 1130s
 8061068 666443     cutoff  223      38499.0000 38523.0000  0.06%   5.7 1135s
 8109053 671077 38523.0000  194   11 38499.0000 38523.0000  0.06%   5.7 1140s
 8155279 674874     cutoff  249      38499.0000 38523.0000  0.06%   5.7 1145s
 8201262 677304 infeasible  242      38499.0000 38523.0000  0.06%   5.7 1152s
 8223174 678462     cutoff  238      38499.0000 38523.0000  0.06%   5.7 1155s
 8268112 681387 38523.0000  237   10 38499.0000 38523.0000  0.06%   5.7 1160s
 8306909 684495 infeasible  246      38499.0000 38523.0000  0.06%   5.7 1165s
 8326887 686505 38518.0588  254    9 38499.0000 38523.0000  0.06%   5.7 1170s
 8368754 689422 38523.0000  249    8 38499.0000 38523.0000  0.06%   5.7 1175s
 8417647 691267 38523.0000  238   10 38499.0000 38523.0000  0.06%   5.7 1180s
 8461359 693647 38523.0000  244    9 38499.0000 38523.0000  0.06%   5.7 1185s
 8510271 697613     cutoff  242      38499.0000 38523.0000  0.06%   5.7 1190s
 8558128 701728 38522.8733  243   12 38499.0000 38523.0000  0.06%   5.7 1195s
 8600359 703283 infeasible  244      38499.0000 38523.0000  0.06%   5.7 1202s
 8616715 704035     cutoff  246      38499.0000 38523.0000  0.06%   5.7 1205s
 8662199 705935 38523.0000  233    8 38499.0000 38523.0000  0.06%   5.7 1210s
 8706156 707905     cutoff  234      38499.0000 38523.0000  0.06%   5.8 1215s
 8750102 709340 38523.0000  231   12 38499.0000 38523.0000  0.06%   5.8 1220s
 8769922 709943 infeasible  238      38499.0000 38523.0000  0.06%   5.8 1225s
 8814971 711214 38519.1991  236    9 38499.0000 38523.0000  0.06%   5.8 1230s
 8858874 712749 38523.0000  247   12 38499.0000 38523.0000  0.06%   5.8 1235s
 8906361 715505     cutoff  242      38499.0000 38523.0000  0.06%   5.8 1240s
 8952486 717366 38523.0000  239   10 38499.0000 38523.0000  0.06%   5.8 1245s
 8996290 719750 38523.0000  245    9 38499.0000 38523.0000  0.06%   5.8 1253s
 9013191 720841 infeasible  243      38499.0000 38523.0000  0.06%   5.8 1255s
 9058506 725990 infeasible  231      38499.0000 38523.0000  0.06%   5.8 1260s
 9086186 729448 38523.0000  225   11 38499.0000 38523.0000  0.06%   5.8 1266s
 9118538 734362 38523.0000  231   10 38499.0000 38523.0000  0.06%   5.8 1270s
 9168545 738275 38523.0000  215   11 38499.0000 38523.0000  0.06%   5.8 1275s
 9212519 742095 38523.0000  220   10 38499.0000 38523.0000  0.06%   5.8 1280s
 9254868 745088 infeasible  238      38499.0000 38523.0000  0.06%   5.8 1287s
 9277916 746737     cutoff  240      38499.0000 38523.0000  0.06%   5.8 1290s
 9328982 748445 38520.8237  240   13 38499.0000 38523.0000  0.06%   5.8 1295s
 9376487 756176 38523.0000  227   12 38499.0000 38523.0000  0.06%   5.8 1300s
 9416498 763619 38523.0000  228    9 38499.0000 38523.0000  0.06%   5.8 1306s
 9443833 767759     cutoff  230      38499.0000 38523.0000  0.06%   5.8 1310s
 9487362 772847     cutoff  230      38499.0000 38523.0000  0.06%   5.8 1315s
 9538686 778669 38523.0000  233   10 38499.0000 38523.0000  0.06%   5.8 1320s
 9551805 780388 infeasible  240      38499.0000 38523.0000  0.06%   5.8 1325s
 9586604 784580     cutoff  238      38499.0000 38523.0000  0.06%   5.8 1332s
 9614044 787856 infeasible  232      38499.0000 38523.0000  0.06%   5.8 1335s
 9656204 794025 38523.0000  220    9 38499.0000 38523.0000  0.06%   5.8 1340s
 9688575 797849 38522.2398  233   11 38499.0000 38523.0000  0.06%   5.8 1346s
 9720818 801347     cutoff  236      38499.0000 38523.0000  0.06%   5.8 1350s
 9770473 805965     cutoff  227      38499.0000 38523.0000  0.06%   5.8 1355s
 9804788 809625 38523.0000  229    9 38499.0000 38523.0000  0.06%   5.8 1362s
 9808705 809897 38519.5424  231   11 38499.0000 38523.0000  0.06%   5.8 1370s
 9843394 814229     cutoff  237      38499.0000 38523.0000  0.06%   5.9 1375s
 9883203 819177 38523.0000  238   12 38499.0000 38523.0000  0.06%   5.9 1380s
 9926989 823829 38523.0000  234   11 38499.0000 38523.0000  0.06%   5.9 1385s
 9968977 829814 infeasible  233      38499.0000 38523.0000  0.06%   5.9 1390s
 10020180 836188 38523.0000  248   11 38499.0000 38523.0000  0.06%   5.9 1395s
 10037747 838496     cutoff  238      38499.0000 38523.0000  0.06%   5.9 1400s
 10082400 843466     cutoff  242      38499.0000 38523.0000  0.06%   5.9 1405s
 10129401 848971     cutoff  235      38499.0000 38523.0000  0.06%   5.9 1410s
 10173374 852492 38523.0000  240   11 38499.0000 38523.0000  0.06%   5.9 1415s
 10196334 854449 38523.0000  238   10 38499.0000 38523.0000  0.06%   5.9 1420s
 10241576 857943 38517.6787  254   11 38499.0000 38523.0000  0.06%   5.9 1425s
 10288382 861828 38523.0000  229   10 38499.0000 38523.0000  0.06%   5.9 1430s
 10334508 865439 38523.0000  235   10 38499.0000 38523.0000  0.06%   5.9 1435s
 10384613 868320     cutoff  239      38499.0000 38523.0000  0.06%   5.9 1440s
 10427203 870892 38517.9153  234   11 38499.0000 38523.0000  0.06%   5.9 1445s
 10456080 872365 38523.0000  227   10 38499.0000 38523.0000  0.06%   5.9 1450s
 10500782 871557 38523.0000  228    7 38499.0000 38523.0000  0.06%   5.9 1455s
 10552182 872169 38523.0000  230    8 38499.0000 38523.0000  0.06%   5.9 1460s
 10575909 871344     cutoff  236      38499.0000 38523.0000  0.06%   5.9 1465s
 10633348 868364 38523.0000  223    9 38499.0000 38523.0000  0.06%   5.9 1470s
 10681595 870625     cutoff  227      38499.0000 38523.0000  0.06%   5.9 1475s
 10701233 870157 38523.0000  224    8 38499.0000 38523.0000  0.06%   5.9 1480s
 10751398 870363 infeasible  237      38499.0000 38523.0000  0.06%   5.9 1485s
 10805388 879103 infeasible  247      38499.0000 38523.0000  0.06%   5.9 1490s
 10850618 881491     cutoff  244      38499.0000 38523.0000  0.06%   5.9 1495s
 10892640 882780 38523.0000  250   10 38499.0000 38523.0000  0.06%   5.9 1500s
 10898644 882998     cutoff  248      38499.0000 38523.0000  0.06%   5.9 1506s
 10921050 883830     cutoff  247      38499.0000 38523.0000  0.06%   5.9 1510s
 10973061 886842     cutoff  266      38499.0000 38523.0000  0.06%   5.9 1515s
 11024374 891243 38517.7797  252   10 38499.0000 38523.0000  0.06%   5.9 1520s
 11066606 893521 38523.0000  259   10 38499.0000 38523.0000  0.06%   5.9 1525s
 11116430 896474 38523.0000  253   10 38499.0000 38523.0000  0.06%   5.9 1530s
 11165710 897814 38523.0000  256   11 38499.0000 38523.0000  0.06%   5.9 1535s
 11207820 897657     cutoff  259      38499.0000 38523.0000  0.06%   5.9 1542s
 11227604 897667     cutoff  259      38499.0000 38523.0000  0.06%   5.9 1545s
 11270560 897909     cutoff  255      38499.0000 38523.0000  0.06%   5.9 1550s
 11290072 898120 38523.0000  264   10 38499.0000 38523.0000  0.06%   5.9 1555s
 11327503 898682 38523.0000  251    8 38499.0000 38523.0000  0.06%   5.9 1560s
 11369742 899008 38523.0000  242   10 38499.0000 38523.0000  0.06%   5.9 1565s
 11407988 899539     cutoff  255      38499.0000 38523.0000  0.06%   5.9 1571s
 11440109 899834 infeasible  252      38499.0000 38523.0000  0.06%   5.9 1575s
 11480873 900313 infeasible  257      38499.0000 38523.0000  0.06%   5.9 1580s
 11520145 900406 38523.0000  247   10 38499.0000 38523.0000  0.06%   5.9 1585s
 11551560 900370 infeasible  258      38499.0000 38523.0000  0.06%   5.9 1591s
 11578434 900870 38523.0000  258   10 38499.0000 38523.0000  0.06%   5.9 1595s
 11619294 901821     cutoff  256      38499.0000 38523.0000  0.06%   5.9 1600s
 11628309 902072     cutoff  250      38499.0000 38523.0000  0.06%   5.9 1605s
 11667413 902411 infeasible  256      38499.0000 38523.0000  0.06%   5.9 1610s
 11707103 903267     cutoff  247      38499.0000 38523.0000  0.06%   5.9 1617s
 11731581 903708 38523.0000  255   10 38499.0000 38523.0000  0.06%   6.0 1620s
 11764319 903989 38523.0000  248    7 38499.0000 38523.0000  0.06%   6.0 1625s
 11800890 904015 38523.0000  244    9 38499.0000 38523.0000  0.06%   6.0 1630s
 11816170 903953     cutoff  252      38499.0000 38523.0000  0.06%   6.0 1635s
 11857691 904812     cutoff  249      38499.0000 38523.0000  0.06%   6.0 1640s
 11895273 905302 38523.0000  248   10 38499.0000 38523.0000  0.06%   6.0 1645s
 11936913 906159 38523.0000  248    8 38499.0000 38523.0000  0.06%   6.0 1650s
 11953130 906297 38522.8644  247   11 38499.0000 38523.0000  0.06%   6.0 1655s
 11994294 907037 38523.0000  250   11 38499.0000 38523.0000  0.06%   6.0 1660s
 12034036 907554 38519.9593  254   11 38499.0000 38523.0000  0.06%   6.0 1665s
 12070269 908158     cutoff  247      38499.0000 38523.0000  0.06%   6.0 1670s
 12108093 908339 infeasible  250      38499.0000 38523.0000  0.06%   6.0 1675s
 12127738 908765 38521.7330  254   13 38499.0000 38523.0000  0.06%   6.0 1680s
 12156400 909181     cutoff  247      38499.0000 38523.0000  0.06%   6.0 1685s
 12194740 909612 38523.0000  236   10 38499.0000 38523.0000  0.06%   6.0 1690s
 12238751 910332 38523.0000  250    7 38499.0000 38523.0000  0.06%   6.0 1695s
 12273403 911029 infeasible  240      38499.0000 38523.0000  0.06%   6.0 1700s
 12307659 911520 38523.0000  247    7 38499.0000 38523.0000  0.06%   6.0 1705s
 12316142 911558     cutoff  252      38499.0000 38523.0000  0.06%   6.0 1713s
 12322555 911612 38523.0000  248    6 38499.0000 38523.0000  0.06%   6.0 1715s
 12355002 911595 38519.3258  245   12 38499.0000 38523.0000  0.06%   6.1 1722s
 12381015 911987 38523.0000  252    8 38499.0000 38523.0000  0.06%   6.1 1725s
 12404682 912337 38523.0000  245    9 38499.0000 38523.0000  0.06%   6.1 1730s
 12443425 913270     cutoff  262      38499.0000 38523.0000  0.06%   6.1 1735s
 12483495 913625     cutoff  260      38499.0000 38523.0000  0.06%   6.1 1741s
 12506552 913911 38523.0000  249   10 38499.0000 38523.0000  0.06%   6.1 1745s
 12548263 914532 38523.0000  249   10 38499.0000 38523.0000  0.06%   6.1 1750s
 12583011 914875 38523.0000  257    9 38499.0000 38523.0000  0.06%   6.1 1757s
 12606105 915377     cutoff  263      38499.0000 38523.0000  0.06%   6.1 1760s
 12650612 916799 38523.0000  243   10 38499.0000 38523.0000  0.06%   6.1 1765s
 12687685 918724 38523.0000  244   10 38499.0000 38523.0000  0.06%   6.1 1770s
 12725630 920179     cutoff  253      38499.0000 38523.0000  0.06%   6.1 1775s
 12764851 921140     cutoff  251      38499.0000 38523.0000  0.06%   6.1 1780s
 12787029 921540     cutoff  259      38499.0000 38523.0000  0.06%   6.1 1785s
 12817096 922055     cutoff  249      38499.0000 38523.0000  0.06%   6.1 1790s
 12861054 923023 38523.0000  262    9 38499.0000 38523.0000  0.06%   6.1 1795s
 12901137 923804 38523.0000  261   10 38499.0000 38523.0000  0.06%   6.1 1800s
 12948495 924800     cutoff  256      38499.0000 38523.0000  0.06%   6.1 1805s
 12992887 926287 38523.0000  253    8 38499.0000 38523.0000  0.06%   6.1 1810s
 13027078 926546 infeasible  260      38499.0000 38523.0000  0.06%   6.1 1816s
 13054416 927339 infeasible  252      38499.0000 38523.0000  0.06%   6.1 1820s
 13095461 927926 infeasible  258      38499.0000 38523.0000  0.06%   6.1 1825s
 13137226 928661     cutoff  267      38499.0000 38523.0000  0.06%   6.1 1830s
 13156565 929082 38523.0000  260    9 38499.0000 38523.0000  0.06%   6.1 1835s
 13191793 929668     cutoff  260      38499.0000 38523.0000  0.06%   6.1 1841s
 13219327 930360 38523.0000  248   10 38499.0000 38523.0000  0.06%   6.1 1845s
 13258975 930842 38523.0000  269   10 38499.0000 38523.0000  0.06%   6.1 1850s
 13293250 931258 38523.0000  259   10 38499.0000 38523.0000  0.06%   6.1 1855s
 13333923 932043 38523.0000  256    9 38499.0000 38523.0000  0.06%   6.1 1860s
 13372215 932648 38523.0000  257   10 38499.0000 38523.0000  0.06%   6.1 1865s
 13408653 934314     cutoff  245      38499.0000 38523.0000  0.06%   6.1 1870s
 13430357 934496     cutoff  261      38499.0000 38523.0000  0.06%   6.1 1875s
 13468375 935012     cutoff  251      38499.0000 38523.0000  0.06%   6.1 1880s
 13510387 936175     cutoff  257      38499.0000 38523.0000  0.06%   6.1 1885s
 13537785 936026 38523.0000  258   11 38499.0000 38523.0000  0.06%   6.1 1891s
 13561433 936456     cutoff  245      38499.0000 38523.0000  0.06%   6.1 1896s
 13589482 937945 38523.0000  249    9 38499.0000 38523.0000  0.06%   6.1 1900s
 13633432 938604 38523.0000  252   10 38499.0000 38523.0000  0.06%   6.1 1905s
 13675768 939772 infeasible  253      38499.0000 38523.0000  0.06%   6.1 1910s
 13725740 941539 38523.0000  250    9 38499.0000 38523.0000  0.06%   6.1 1915s
 13766660 942535     cutoff  256      38499.0000 38523.0000  0.06%   6.1 1921s
 13795660 942412 38523.0000  255    9 38499.0000 38523.0000  0.06%   6.1 1925s
 13822784 942040     cutoff  254      38499.0000 38523.0000  0.06%   6.1 1932s
 13838424 942932     cutoff  246      38499.0000 38523.0000  0.06%   6.1 1935s
 13858288 943526 38510.8208  245   11 38499.0000 38523.0000  0.06%   6.1 1940s
 13885687 944409 38523.0000  238    9 38499.0000 38523.0000  0.06%   6.1 1946s
 13911008 944733 38522.8733  245   12 38499.0000 38523.0000  0.06%   6.1 1951s
 13917659 944808     cutoff  249      38499.0000 38523.0000  0.06%   6.1 1956s
 13959935 945454 infeasible  262      38499.0000 38523.0000  0.06%   6.1 1960s
 14008824 946052 38523.0000  254    9 38499.0000 38523.0000  0.06%   6.2 1965s
 14054095 946590     cutoff  239      38499.0000 38523.0000  0.06%   6.2 1970s
 14080845 946867 38523.0000  241    7 38499.0000 38523.0000  0.06%   6.2 1975s
 14122353 947430     cutoff  242      38499.0000 38523.0000  0.06%   6.2 1980s
 14167659 947812     cutoff  249      38499.0000 38523.0000  0.06%   6.2 1985s
 14213350 948774     cutoff  259      38499.0000 38523.0000  0.06%   6.2 1990s
 14239216 949644     cutoff  246      38499.0000 38523.0000  0.06%   6.2 1995s
 14287176 951196     cutoff  245      38499.0000 38523.0000  0.06%   6.2 2000s
 14325720 951720 38523.0000  243    9 38499.0000 38523.0000  0.06%   6.2 2011s
 14349131 952091 38518.5932  252   10 38499.0000 38523.0000  0.06%   6.2 2015s
 14376708 952468 38523.0000  249    9 38499.0000 38523.0000  0.06%   6.2 2020s
*14408821   713             244    38523.000020 38523.0000  0.00%   6.2 2024s

Cutting planes:
  Gomory: 8
  Cover: 7
  MIR: 1
  StrongCG: 4
  Flow cover: 5
  Inf proof: 47
  RLT: 4

Explored 14409712 nodes (88851380 simplex iterations) in 2025.05 seconds
Thread count was 12 (of 12 available processors)

Solution count 9: 38523 38499 38490 ... 26795

Optimal solution found (tolerance 1.00e-12)
Best objective 3.852300000000e+04, best bound 3.852300000000e+04, gap 0.0000%
