
Gurobi 9.1.2 (win64, Java) logging started Mon Nov 15 14:10:19 2021

Academic license - for non-commercial use only - expires 2022-10-30
Gurobi Optimizer version 9.1.2 build v9.1.2rc0 (win64)
Thread count: 6 physical cores, 12 logical processors, using up to 12 threads
Optimize a model with 110 rows, 1000 columns and 2000 nonzeros
Model fingerprint: 0xd96a67ac
Variable types: 0 continuous, 1000 integer (1000 binary)
Coefficient statistics:
  Matrix range     [1e+00, 1e+03]
  Objective range  [1e+01, 1e+03]
  Bounds range     [1e+00, 1e+00]
  RHS range        [1e+00, 3e+03]
Found heuristic solution: objective 25709.000000
Presolve time: 0.02s
Presolved: 110 rows, 1000 columns, 2000 nonzeros
Variable types: 0 continuous, 1000 integer (1000 binary)
Presolved: 110 rows, 1000 columns, 2000 nonzeros


Root relaxation: objective 2.796521e+04, 231 iterations, 0.00 seconds

    Nodes    |    Current Node    |     Objective Bounds      |     Work
 Expl Unexpl |  Obj  Depth IntInf | Incumbent    BestBd   Gap | It/Node Time

     0     0 27965.2083    0   10 25709.0000 27965.2083  8.78%     -    0s
H    0     0                    27706.000000 27965.2083  0.94%     -    0s
     0     0 27961.5346    0   19 27706.0000 27961.5346  0.92%     -    2s
H    0     0                    27845.000000 27961.5346  0.42%     -    2s
     0     0 27961.5346    0   24 27845.0000 27961.5346  0.42%     -    2s
     0     0 27960.7973    0   25 27845.0000 27960.7973  0.42%     -    2s
     0     0 27960.7973    0   23 27845.0000 27960.7973  0.42%     -    2s
     0     0 27960.7973    0   25 27845.0000 27960.7973  0.42%     -    3s
     0     0 27960.7973    0   14 27845.0000 27960.7973  0.42%     -    3s
     0     2 27960.7973    0   13 27845.0000 27960.7973  0.42%     -    4s
    41    44 27960.7705    6   24 27845.0000 27960.7973  0.42%  15.6    5s
H  716   712                    27851.000033 27960.7973  0.39%   7.3    8s
   717  1041 27958.1367   93   15 27851.0000 27960.7973  0.39%   7.3   10s
  2530  2212 27960.0040   28   17 27851.0000 27960.0040  0.39%   5.1   16s
H 2538  2106                    27872.000000 27960.0040  0.32%   5.0   18s
  2551  2115 27880.2069   67   11 27872.0000 27960.0040  0.32%   6.6   20s
  2564  2124 27889.0984  120   14 27872.0000 27960.0040  0.32%   6.6   25s
H 2570  2023                    27877.000000 27960.0040  0.30%   8.1   29s
  2598  2052 27959.5231   35   16 27877.0000 27960.0040  0.30%   8.2   31s
  4595  3396 27958.9924  117   16 27877.0000 27959.8985  0.30%   6.0   40s
H 6545  4398                    27884.000000 27959.8985  0.27%   5.3   45s
 23271 18763 27940.6021  143   16 27884.0000 27959.8985  0.27%   3.3   51s
 37462 31730 27920.6174  224   16 27884.0000 27959.8764  0.27%   2.9   55s
 37469 31735 27922.8299  548   17 27884.0000 27959.0968  0.27%   2.9   60s
 37476 31739 27924.1565  133   20 27884.0000 27958.6057  0.27%   2.9   65s
 37483 31744 27915.1099  208   29 27884.0000 27958.5241  0.27%   2.9   70s
 37492 31751 27929.4057  142   17 27884.0000 27958.5241  0.27%   3.1   75s
 37501 31760 27958.5241   59   25 27884.0000 27958.5241  0.27%   3.1   80s
 37599 31848 27958.5241   66   22 27884.0000 27958.5241  0.27%   3.1   85s
H37602 30258                    27886.000000 27958.5241  0.26%   3.1   85s
H40315 30834                    27911.000000 27958.4060  0.17%   3.1   88s
 41971 31626 27938.4846  285   15 27911.0000 27958.4060  0.17%   3.1   91s
 51309 38115 27952.5118  229   17 27911.0000 27958.4060  0.17%   3.2   95s
 55158 38638 27942.0001  344   14 27911.0000 27958.4060  0.17%   3.2  100s
 55168 38645 27952.5728  254   26 27911.0000 27958.4060  0.17%   3.2  105s
 55173 38648 27946.0000  256   18 27911.0000 27958.4060  0.17%   3.2  110s
 55200 38679 27958.4060   73   21 27911.0000 27958.4060  0.17%   3.2  116s
 59122 41367 27955.4205  242   18 27911.0000 27958.4060  0.17%   3.2  123s
 59330 41470 27914.2274  242   17 27911.0000 27958.4060  0.17%   3.2  128s
 67324 47308 27958.4060   80   22 27911.0000 27958.4060  0.17%   3.3  130s
 104312 66757 27953.5323  159   18 27911.0000 27958.4060  0.17%   3.2  140s
 116973 73544 27948.2133  171   18 27911.0000 27958.4060  0.17%   3.2  146s
 142259 87259 27958.4060  181   18 27911.0000 27958.4060  0.17%   3.1  154s
 145463 91080 27933.1376  246   15 27911.0000 27958.4060  0.17%   3.1  155s
 154024 93728 27929.8250  231   18 27911.0000 27958.4060  0.17%   3.1  162s
 157415 95313 27957.5083  107   17 27911.0000 27958.4060  0.17%   3.1  165s
 185402 114763 27944.3573  420   14 27911.0000 27958.4060  0.17%   3.2  171s
 186802 117857 27930.5077  216   11 27911.0000 27958.4060  0.17%   3.2  175s
 195031 122800 27932.4238  196   18 27911.0000 27958.4060  0.17%   3.2  182s
 206633 133864 27954.8833  359   19 27911.0000 27958.4060  0.17%   3.3  185s
 229904 152585 27955.3545  218   17 27911.0000 27958.4060  0.17%   3.3  194s
 230158 154044 27953.3205  219   17 27911.0000 27958.4060  0.17%   3.3  195s
H237735 150340                    27915.000000 27958.4060  0.16%   3.3  199s
 238009 160578     cutoff  149      27915.0000 27958.4060  0.16%   3.3  202s
 256772 166365 27934.2600  490   17 27915.0000 27958.4060  0.16%   3.4  205s
 256781 166371 27931.8409  288   22 27915.0000 27958.4060  0.16%   3.4  211s
 256788 166379 27958.4060   79   21 27915.0000 27958.4060  0.16%   3.4  215s
 256874 166446 27958.3748   85   18 27915.0000 27958.4060  0.16%   3.4  222s
 259924 169409 27928.1472  224   16 27915.0000 27958.4060  0.16%   3.4  225s
 273579 176565 27942.0001  362   16 27915.0000 27958.4060  0.16%   3.3  232s
 286149 183987     cutoff  276      27915.0000 27958.3748  0.16%   3.3  235s
 316672 198511 27951.0345  160   17 27915.0000 27958.3748  0.16%   3.3  240s
 325450 201888 27933.1005  232   15 27915.0000 27958.3748  0.16%   3.3  246s
 334470 206888 27958.0244  152   26 27915.0000 27958.3748  0.16%   3.3  250s
 340714 207159 27958.2434  201   15 27915.0000 27958.3748  0.16%   3.3  258s
 342464 207571 27918.4159  231   14 27915.0000 27958.3748  0.16%   3.3  272s
 348157 210758 27926.2756  222   14 27915.0000 27958.3748  0.16%   3.3  275s
 356125 213622 27933.0424  200   14 27915.0000 27958.3748  0.16%   3.4  280s
 367556 217713 27916.2455  244   16 27915.0000 27958.3748  0.16%   3.5  285s
 375252 220345     cutoff  221      27915.0000 27958.3748  0.16%   3.5  291s
 378847 221613 27957.4113  183   20 27915.0000 27958.3748  0.16%   3.5  296s
 382249 222173 27953.9695  203   19 27915.0000 27958.3748  0.16%   3.6  301s
 389570 225052 27958.3748  115   24 27915.0000 27958.3748  0.16%   3.6  306s
 395213 228268 27953.9114  200   21 27915.0000 27958.3748  0.16%   3.7  310s
 401127 230591 27945.4669  188   17 27915.0000 27958.3748  0.16%   3.7  315s
 405219 230749 27955.4645  153   19 27915.0000 27958.3748  0.16%   3.7  329s
 405240 231833 27955.4645  154   21 27915.0000 27958.3748  0.16%   3.7  331s
 408414 233165 27925.4361  280   13 27915.0000 27958.3748  0.16%   3.8  336s
 412098 235193 27936.6057  254   13 27915.0000 27958.3748  0.16%   3.8  341s
 418053 237858 27937.8351  216   13 27915.0000 27958.3748  0.16%   3.8  345s
 423651 240364 27957.6637  202   13 27915.0000 27958.3748  0.16%   3.9  351s
 427591 241588 27957.4113  171   24 27915.0000 27958.3748  0.16%   3.9  355s
 434764 245206 27931.0708  203   16 27915.0000 27958.3748  0.16%   4.0  362s
 438943 247341 27948.9569  192   24 27915.0000 27958.3748  0.16%   4.0  365s
 446689 249070 27917.0161  233   14 27915.0000 27958.3748  0.16%   4.0  373s
 447080 257244     cutoff  234      27915.0000 27958.3748  0.16%   4.0  378s
 457764 254161 27929.2064  222   21 27915.0000 27958.3748  0.16%   4.1  387s
 462656 257060 27949.3404  196   20 27915.0000 27958.3748  0.16%   4.2  390s
 469872 260082 27958.3748  181   35 27915.0000 27958.3748  0.16%   4.2  395s
 473274 261230 27958.3748  180   28 27915.0000 27958.3748  0.16%   4.3  400s
 477158 263053 27920.6519  206   20 27915.0000 27958.3748  0.16%   4.3  405s
 483851 265963 27955.4201  228   20 27915.0000 27958.3748  0.16%   4.3  411s
 487352 267757 27953.0000  216   17 27915.0000 27958.3748  0.16%   4.4  416s
 489404 267704 27927.9917  200   19 27915.0000 27958.3748  0.16%   4.4  421s
 492641 269450 27951.0345  200   21 27915.0000 27958.3748  0.16%   4.4  428s
 497107 272750 27949.3404  289   24 27915.0000 27958.3748  0.16%   4.4  430s
 499795 273016 27955.6211  217   23 27915.0000 27958.3748  0.16%   4.4  435s
 507074 275082 27957.7267  153   18 27915.0000 27958.3748  0.16%   4.4  452s
 508298 276797 27957.7267  162   17 27915.0000 27958.3748  0.16%   4.4  456s
 513894 278944 27956.0520  186   16 27915.0000 27958.3748  0.16%   4.4  462s
 519287 281881 27925.3146  180   11 27915.0000 27958.3748  0.16%   4.4  465s
 525115 284101 27958.3748  141   20 27915.0000 27958.3748  0.16%   4.4  471s
 530756 287021 27916.0065  220   13 27915.0000 27958.3748  0.16%   4.5  475s
 536299 288384 27954.7965  210   17 27915.0000 27958.3748  0.16%   4.5  482s
 539368 289512 27926.4691  190   13 27915.0000 27958.3748  0.16%   4.5  486s
 544784 291568     cutoff  215      27915.0000 27958.3748  0.16%   4.5  490s
 550492 294976 27918.4040  225   19 27915.0000 27958.3748  0.16%   4.5  496s
 555232 296923 27958.3748  168   17 27915.0000 27958.3748  0.16%   4.5  500s
 557124 296588 27955.2595  220   13 27915.0000 27958.3748  0.16%   4.6  505s
 557480 306415 27955.2595  221   13 27915.0000 27958.3748  0.16%   4.6  513s
 569492 304369 27922.9636  299   13 27915.0000 27958.3748  0.16%   4.6  515s
 574199 304729 27958.3748  174   16 27915.0000 27958.3748  0.16%   4.6  524s
 574297 306354 27955.6918  175   14 27915.0000 27958.3748  0.16%   4.6  525s
 584565 310675 27921.8760  214   15 27915.0000 27958.3748  0.16%   4.6  530s
 588531 311888 27953.9012  227   14 27915.0000 27958.3748  0.16%   4.6  535s
 596071 314449 27918.5282  224   12 27915.0000 27958.3748  0.16%   4.6  543s
 597843 315141 27920.0916  225   11 27915.0000 27958.3748  0.16%   4.6  545s
 603213 316398     cutoff  269      27915.0000 27958.3748  0.16%   4.7  552s
 604934 317074 27949.3187  204   35 27915.0000 27958.3748  0.16%   4.7  555s
 610876 319661 27958.1996  214   20 27915.0000 27958.3748  0.16%   4.7  561s
 613952 320894 27956.0000  222   12 27915.0000 27958.3748  0.16%   4.7  565s
 618224 321336 27947.6061  230   20 27915.0000 27958.3748  0.16%   4.7  579s
H618226 294516                    27919.000000 27958.3748  0.14%   4.7  579s
 618325 296136 27944.6697  231   18 27919.0000 27958.3748  0.14%   4.7  580s
 625033 298406 27953.6309  211   20 27919.0000 27958.3748  0.14%   4.8  586s
 630059 300324 27958.3196  194   17 27919.0000 27958.3748  0.14%   4.8  590s
 631792 299757 27932.8218  185   24 27919.0000 27958.3748  0.14%   4.8  595s
 631798 299761 27925.0451  241   22 27919.0000 27958.3748  0.14%   4.8  601s
 631803 299764 27958.3748  177   33 27919.0000 27958.3748  0.14%   4.8  605s
 631808 299768 27940.0436  192   20 27919.0000 27958.3748  0.14%   4.8  610s
 631812 299770 27957.6637  187   33 27919.0000 27958.3748  0.14%   4.8  616s
 631901 299843 27958.3181   94   20 27919.0000 27958.3748  0.14%   4.8  623s
 632009 299913 27958.3748   99   20 27919.0000 27958.3748  0.14%   4.8  627s
 632477 300276 27958.2806  112   18 27919.0000 27958.3748  0.14%   4.8  630s
 644167 307972 27928.0000  393   16 27919.0000 27958.3748  0.14%   4.8  635s
H655028 296848                    27923.000000 27958.3748  0.13%   4.7  637s
H657184 280185                    27927.000000 27958.3748  0.11%   4.7  639s
 657935 281146 27949.7670  184   17 27927.0000 27958.3748  0.11%   4.7  640s
H668318 270789                    27932.000000 27958.3748  0.09%   4.7  641s
 668325 270794 27945.7208  222   21 27932.0000 27958.3748  0.09%   4.7  645s
 668331 270798 27954.6028  113   26 27932.0000 27958.3748  0.09%   4.7  650s
 668339 270803 27946.6939  180   20 27932.0000 27958.3748  0.09%   4.7  656s
 668343 270806 27958.3748  123   24 27932.0000 27958.3748  0.09%   4.7  660s
 668350 270811 27954.9388  181   25 27932.0000 27958.3748  0.09%   4.7  665s
 668381 270844 27958.3748  104   23 27932.0000 27958.3748  0.09%   4.7  676s
 684577 279646 27957.3285  142   17 27932.0000 27958.1386  0.09%   4.7  680s
 704933 290460 27945.1395  315   14 27932.0000 27958.0888  0.09%   4.7  685s
 704939 290464 27939.0348  450   25 27932.0000 27958.0711  0.09%   4.6  690s
 704949 290470 27935.6792  238   18 27932.0000 27958.0711  0.09%   4.6  695s
 704954 290474 27936.0000  179   36 27932.0000 27958.0711  0.09%   4.6  700s
 704958 290476 27950.8947  207   29 27932.0000 27958.0711  0.09%   4.6  706s
 704962 290479 27933.8407  296   22 27932.0000 27958.0711  0.09%   4.6  710s
 705026 290547 27957.5950  119   18 27932.0000 27958.0711  0.09%   4.7  718s
 705050 290551 27957.5950  120   20 27932.0000 27958.0711  0.09%   4.7  722s
 717505 299098 27957.3508  171   21 27932.0000 27957.8499  0.09%   4.6  725s
 754721 316683 27957.5667  186   21 27932.0000 27957.5950  0.09%   4.6  733s
 761025 323075 27957.5777  166   16 27932.0000 27957.5950  0.09%   4.5  735s
 803108 342786 27949.1721  341   21 27932.0000 27957.5950  0.09%   4.5  740s
 835942 359771     cutoff  258      27932.0000 27957.5950  0.09%   4.4  745s
 870679 376384 27956.5455  198   18 27932.0000 27957.5950  0.09%   4.4  750s
 903748 392732 27956.3828  234   20 27932.0000 27957.5950  0.09%   4.3  755s
 920572 399642 27943.8237  220   16 27932.0000 27957.5950  0.09%   4.3  761s
 932989 407410 27948.4176  199   19 27932.0000 27957.5950  0.09%   4.3  765s
 947688 414001 27934.3826  279   16 27932.0000 27957.5950  0.09%   4.3  770s
 969419 425006 27957.5950  181   21 27932.0000 27957.5950  0.09%   4.3  775s
 990427 435217 27937.0442  283   15 27932.0000 27957.5950  0.09%   4.3  781s
 1000507 439754 27957.5950  182   23 27932.0000 27957.5950  0.09%   4.2  785s
 1004039 442773 27957.5950  172   22 27932.0000 27957.5950  0.09%   4.2  790s
 1022209 451085 27957.2576  227   20 27932.0000 27957.5950  0.09%   4.2  795s
 1048064 464524 27942.2461  222   15 27932.0000 27957.5950  0.09%   4.2  802s
 1060582 471245 27937.8050  201   21 27932.0000 27957.5950  0.09%   4.2  805s
 1082819 480516 27948.0909  350   16 27932.0000 27957.5950  0.09%   4.2  812s
 1094650 487019 27954.3997  233   21 27932.0000 27957.5950  0.09%   4.2  815s
 1100665 488443 27948.9646  287   18 27932.0000 27957.5950  0.09%   4.2  820s
 1128776 503320 27954.3997  269   15 27932.0000 27957.5950  0.09%   4.2  825s
 1153248 514399 27944.8616  264   15 27932.0000 27957.5950  0.09%   4.2  833s
 1162276 519689 27955.0246  251   20 27932.0000 27957.5950  0.09%   4.2  835s
 1181150 527080 27943.6153  200   17 27932.0000 27957.5950  0.09%   4.2  841s
 1189811 531939     cutoff  273      27932.0000 27957.5950  0.09%   4.2  846s
 1206523 541052 27955.5023  212   21 27932.0000 27957.5950  0.09%   4.2  850s
 1228034 549823 27953.9586  276   16 27932.0000 27957.5950  0.09%   4.2  858s
 1232322 552967 27957.5950  181   28 27932.0000 27957.5950  0.09%   4.2  860s
 1256804 564508 27957.3813  216   19 27932.0000 27957.5950  0.09%   4.2  867s
 1268272 569699 27957.5950  191   27 27932.0000 27957.5950  0.09%   4.2  872s
 1278114 575430 27934.4546  298   14 27932.0000 27957.5950  0.09%   4.2  875s
 1299844 585009 27950.0968  257   18 27932.0000 27957.5950  0.09%   4.2  881s
 1304747 586731 27934.8515  205   15 27932.0000 27957.5950  0.09%   4.2  885s
 1316991 593003 27948.0909  322   21 27932.0000 27957.5950  0.09%   4.2  893s
 1320011 595163     cutoff  222      27932.0000 27957.5950  0.09%   4.2  895s
 1335440 601123     cutoff  291      27932.0000 27957.5950  0.09%   4.2  901s
 1351622 609719 27957.4617  195   17 27932.0000 27957.5950  0.09%   4.2  905s
 1354194 611076 27948.0909  333   18 27932.0000 27957.5950  0.09%   4.2  910s
 1377819 622164 27943.0456  229   17 27932.0000 27957.5950  0.09%   4.2  915s
 1387893 627153 27954.3381  256   23 27932.0000 27957.5950  0.09%   4.2  920s
 1399951 632197 27938.0909  258   11 27932.0000 27957.5950  0.09%   4.2  926s
 1414570 640073     cutoff  242      27932.0000 27957.5950  0.09%   4.3  930s
 1425994 644589 27934.4546  408   20 27932.0000 27957.5950  0.09%   4.3  935s
 1442530 653010 27941.2275  284   18 27932.0000 27957.5950  0.09%   4.3  942s
 1454040 659063 27956.6554  193   22 27932.0000 27957.5950  0.09%   4.3  945s
 1464265 662938 27933.0000  378   25 27932.0000 27957.5950  0.09%   4.3  952s
 1469344 665992 27950.0968  271   20 27932.0000 27957.5950  0.09%   4.3  957s
 1480206 672302 27956.0132  205   20 27932.0000 27957.5950  0.09%   4.3  960s
 1492968 677954 27934.4545  375   17 27932.0000 27957.5950  0.09%   4.3  965s
 1505850 684439 27955.5023  209   22 27932.0000 27957.5950  0.09%   4.3  971s
 1516902 689630 27957.4068  206   22 27932.0000 27957.5950  0.09%   4.3  976s
 1529451 695675 27952.5631  277   20 27932.0000 27957.5950  0.09%   4.3  983s
 1537358 700266 27957.2501  179   23 27932.0000 27957.5950  0.09%   4.3  985s
 1545068 703862 27945.9201  254   27 27932.0000 27957.5950  0.09%   4.3  990s
 1559704 710353 27956.0132  221   20 27932.0000 27957.5950  0.09%   4.3  998s
 1564797 712298 27947.0564  196   20 27932.0000 27957.5950  0.09%   4.3 1002s
 1566493 713693 27943.5694  207   22 27932.0000 27957.5950  0.09%   4.3 1007s
 1579180 721064 27934.4649  374   14 27932.0000 27957.5950  0.09%   4.3 1013s
 1586413 727851 27956.1998  218   22 27932.0000 27957.5950  0.09%   4.3 1015s
 1593138 733027 27940.3120  240   14 27932.0000 27957.5950  0.09%   4.3 1020s
 1609372 746090 27948.0898  212   18 27932.0000 27957.5950  0.09%   4.4 1025s
 1622565 756340 27954.8097  233   17 27932.0000 27957.5950  0.09%   4.4 1033s
 1629021 761975 27949.1640  310   18 27932.0000 27957.5950  0.09%   4.4 1035s
 1634626 767030 27949.1640  291   19 27932.0000 27957.5950  0.09%   4.4 1040s
 1646355 775575 27952.1968  231   15 27932.0000 27957.5950  0.09%   4.4 1045s
 1659005 785875 27949.7921  195   24 27932.0000 27957.5950  0.09%   4.4 1050s
 1665654 791120     cutoff  341      27932.0000 27957.5950  0.09%   4.4 1055s
 1681484 803844 27939.2131  253   15 27932.0000 27957.5950  0.09%   4.4 1061s
 1688159 808974 27941.7869  289   17 27932.0000 27957.5950  0.09%   4.4 1066s
 1688589 810059 27941.7869  290   16 27932.0000 27957.5950  0.09%   4.4 1070s
 1697884 817297 27955.5689  193   22 27932.0000 27957.5950  0.09%   4.4 1075s
 1709182 827224 27935.4713  282   19 27932.0000 27957.5950  0.09%   4.4 1080s
 1726446 840357 27949.1640  270   15 27932.0000 27957.5950  0.09%   4.5 1087s
 1738497 851191 27951.4667  253   17 27932.0000 27957.5950  0.09%   4.5 1090s
 1751509 861848 27948.0226  261   18 27932.0000 27957.5950  0.09%   4.5 1096s
 1768061 875485 27954.7103  304   18 27932.0000 27957.5950  0.09%   4.5 1100s
 1773178 879434 27946.2489  262   23 27932.0000 27957.5950  0.09%   4.5 1105s
 1791557 895696 27957.5950  177   23 27932.0000 27957.5950  0.09%   4.5 1110s
 1798025 901548     cutoff  201      27932.0000 27957.5950  0.09%   4.5 1115s
 1815737 914917 27957.5667  161   26 27932.0000 27957.5950  0.09%   4.5 1122s
 1824427 923315 27947.1321  226   14 27932.0000 27957.5950  0.09%   4.5 1125s
 1829011 925850 27957.4617  195   21 27932.0000 27957.5950  0.09%   4.5 1130s
 1834838 931481 27956.5455  200   21 27932.0000 27957.5950  0.09%   4.5 1135s
 1850350 943435 27945.0000  227   23 27932.0000 27957.5950  0.09%   4.6 1143s
 1856993 949924 27953.0720  263   18 27932.0000 27957.5950  0.09%   4.6 1145s
 1865364 955687 27955.5395  213   22 27932.0000 27957.5950  0.09%   4.6 1150s
 1874683 962954 27943.3949  185   16 27932.0000 27957.5950  0.09%   4.6 1156s
 1883665 971055 27948.0909  285   21 27932.0000 27957.5950  0.09%   4.6 1160s
 1893705 978476 27948.8575  234   22 27932.0000 27957.5950  0.09%   4.6 1166s
 1903613 987666 27949.1640  255   16 27932.0000 27957.5950  0.09%   4.6 1170s
 1918345 998311 27944.7331  208   20 27932.0000 27957.5950  0.09%   4.6 1180s
 1932592 1011872 27952.7820  205   21 27932.0000 27957.5950  0.09%   4.6 1185s
 1944027 1020440 27952.9345  239   19 27932.0000 27957.5950  0.09%   4.7 1192s
 1949904 1026484 27955.5023  198   27 27932.0000 27957.5950  0.09%   4.7 1195s
 1961708 1035306 27956.5455  226   15 27932.0000 27957.5950  0.09%   4.7 1202s
 1966824 1039807 27940.0847  249   22 27932.0000 27957.5950  0.09%   4.7 1205s
 1980805 1050870     cutoff  348      27932.0000 27957.5950  0.09%   4.7 1213s
 1987766 1057414 27941.4332  194   19 27932.0000 27957.5950  0.09%   4.7 1215s
 1993220 1060709 27954.5200  221   22 27932.0000 27957.5950  0.09%   4.7 1222s
 1993408 1070597 27954.5200  222   23 27932.0000 27957.5950  0.09%   4.7 1225s
 2005420 1070705 27952.5631  258   19 27932.0000 27957.5950  0.09%   4.7 1230s
 2016462 1080610 27954.2388  219   19 27932.0000 27957.5950  0.09%   4.7 1237s
 2021918 1086155 27934.1583  332   17 27932.0000 27957.5950  0.09%   4.7 1240s
 2035387 1096400 infeasible  245      27932.0000 27957.5950  0.09%   4.7 1247s
 2041451 1102090 27954.3381  253   19 27932.0000 27957.5950  0.09%   4.8 1250s
 2047578 1107197 27949.1639  363   17 27932.0000 27957.5950  0.09%   4.8 1255s
 2052994 1111009 27953.9513  187   20 27932.0000 27957.5950  0.09%   4.8 1261s
 2065231 1121768 27950.0968  287   20 27932.0000 27957.5950  0.09%   4.8 1265s
 2067408 1123651 27951.3737  188   19 27932.0000 27957.5950  0.09%   4.8 1272s
 2074397 1129482 27949.1640  275   22 27932.0000 27957.5950  0.09%   4.8 1275s
 2078048 1131731 27949.1640  336   18 27932.0000 27957.5950  0.09%   4.8 1280s
 2091826 1143359 27957.4617  191   24 27932.0000 27957.5950  0.09%   4.8 1288s
 2095134 1146448 27935.4966  246   17 27932.0000 27957.5950  0.09%   4.8 1290s
 2101070 1151607 27955.5023  229   20 27932.0000 27957.5950  0.09%   4.8 1295s
 2115148 1162664 27953.8282  213   16 27932.0000 27957.5950  0.09%   4.8 1303s
 2120209 1167692 27952.4570  253   20 27932.0000 27957.5950  0.09%   4.8 1305s
 2126224 1171593 27949.1640  287   20 27932.0000 27957.5950  0.09%   4.8 1310s
 2138462 1182824 27948.0024  222   20 27932.0000 27957.5950  0.09%   4.8 1315s
 2145474 1188490 infeasible  235      27932.0000 27957.5950  0.09%   4.8 1321s
 2154248 1196124 27953.9943  275   21 27932.0000 27957.5950  0.09%   4.9 1325s
 2159386 1200333 27956.0132  218   26 27932.0000 27957.5950  0.09%   4.9 1330s
 2166662 1205549 27956.5455  222   18 27932.0000 27957.5950  0.09%   4.9 1335s
 2169686 1208512 27953.4039  245   25 27932.0000 27957.5950  0.09%   4.9 1340s
 2181613 1217729 27948.3443  314   13 27932.0000 27957.5950  0.09%   4.9 1345s
 2186467 1221486 27941.3158  283   19 27932.0000 27957.5950  0.09%   4.9 1350s
 2197250 1230171 27956.2893  221   18 27932.0000 27957.5950  0.09%   4.9 1357s
 2206973 1239097 infeasible  266      27932.0000 27957.5950  0.09%   4.9 1360s
 2216429 1245909     cutoff  340      27932.0000 27957.5950  0.09%   4.9 1366s
 2220613 1248879 27957.4617  173   23 27932.0000 27957.5950  0.09%   4.9 1371s
 2223522 1252014 27957.5950  172   24 27932.0000 27957.5950  0.09%   4.9 1378s
 2230016 1257848 27957.5950  186   23 27932.0000 27957.5950  0.09%   4.9 1380s
 2236181 1261798 27950.9699  226   20 27932.0000 27957.5950  0.09%   4.9 1386s
 2245622 1269507 27957.4617  197   20 27932.0000 27957.5950  0.09%   4.9 1393s
 2250955 1274983 27954.3997  239   31 27932.0000 27957.5950  0.09%   4.9 1395s
 2260216 1281598 27957.4617  186   24 27932.0000 27957.5950  0.09%   5.0 1403s
 2263127 1284871 27951.8917  220   14 27932.0000 27957.5950  0.09%   5.0 1405s
 2274272 1293243 27957.5950  170   20 27932.0000 27957.5950  0.09%   5.0 1410s
 2285266 1301719 27957.5667  181   23 27932.0000 27957.5950  0.09%   5.0 1416s
 2293684 1308318 27954.3381  256   28 27932.0000 27957.5950  0.09%   5.0 1423s
 2296542 1312198 27941.0611  276   17 27932.0000 27957.5950  0.09%   5.0 1425s
 2304447 1318099 27934.7372  217   17 27932.0000 27957.5950  0.09%   5.0 1430s
 2311022 1322241 27941.6686  377   14 27932.0000 27957.5950  0.09%   5.0 1438s
 2311512 1329004 27955.5023  215   23 27932.0000 27957.5950  0.09%   5.0 1441s
 2321783 1330915 27954.8502  251   24 27932.0000 27957.5950  0.09%   5.0 1446s
 2326979 1335792 27952.7758  244   25 27932.0000 27957.5950  0.09%   5.0 1450s
 2332365 1339241 27949.1640  279   19 27932.0000 27957.5950  0.09%   5.0 1456s
 2333322 1339251 27955.5689  199   18 27932.0000 27957.5950  0.09%   5.0 1462s
 2339130 1344421 27957.3589  222   25 27932.0000 27957.5950  0.09%   5.0 1469s
 2340002 1346113 27957.3589  223   23 27932.0000 27957.5950  0.09%   5.0 1470s
 2349378 1354349 27956.5455  218   23 27932.0000 27957.5950  0.09%   5.0 1475s
 2361565 1363212 27943.2763  226   17 27932.0000 27957.5950  0.09%   5.0 1482s
 2367620 1368546 27936.5902  337   16 27932.0000 27957.5950  0.09%   5.1 1485s
 2373383 1372880 27957.2719  166   25 27932.0000 27957.5950  0.09%   5.1 1490s
 2384616 1381921 27951.3718  254   21 27932.0000 27957.5950  0.09%   5.1 1495s
 2389287 1385263 27945.6777  265   20 27932.0000 27957.5950  0.09%   5.1 1501s
 2396867 1391226 27937.8863  370   16 27932.0000 27957.5950  0.09%   5.1 1509s
 2397149 1393021 27936.9508  371   14 27932.0000 27957.5950  0.09%   5.1 1510s
 2408477 1401273 27957.5950  175   29 27932.0000 27957.5950  0.09%   5.1 1520s
 2419226 1410997 27951.4667  262   22 27932.0000 27957.5950  0.09%   5.1 1525s
 2428463 1417607 27950.0968  283   23 27932.0000 27957.5950  0.09%   5.1 1533s
 2430761 1420929 27947.9253  337   17 27932.0000 27957.5950  0.09%   5.1 1535s
 2444389 1431990 27945.3151  349   29 27932.0000 27957.5950  0.09%   5.1 1540s
 2457899 1442532 27957.4617  195   24 27932.0000 27957.5950  0.09%   5.1 1545s
 2464997 1448330 27957.4617  189   25 27932.0000 27957.5950  0.09%   5.1 1550s
 2475725 1456905 27954.8419  234   18 27932.0000 27957.5950  0.09%   5.1 1557s
 2480671 1461678 27957.5950  180   31 27932.0000 27957.5950  0.09%   5.2 1560s
 2492070 1469847 27936.2727  365   19 27932.0000 27957.5950  0.09%   5.2 1568s
 2495463 1472530 27948.1874  236   24 27932.0000 27957.5950  0.09%   5.2 1570s
 2504943 1481393 27956.0132  181   27 27932.0000 27957.5950  0.09%   5.2 1575s
 2510741 1485599 27957.4068  203   19 27932.0000 27957.5950  0.09%   5.2 1580s
 2520951 1494077 27949.1640  288   15 27932.0000 27957.5950  0.09%   5.2 1588s
 2524188 1497318 27957.5950  155   26 27932.0000 27957.5950  0.09%   5.2 1590s
 2530617 1502123 27950.0968  254   18 27932.0000 27957.5950  0.09%   5.2 1597s
 2537267 1507828 27957.4617  166   27 27932.0000 27957.5950  0.09%   5.2 1600s
 2544614 1512830 27955.4785  219   18 27932.0000 27957.5950  0.09%   5.2 1608s
 2549308 1517300     cutoff  236      27932.0000 27957.5950  0.09%   5.2 1610s
 2551346 1527275 27948.9646  310   14 27932.0000 27957.5950  0.09%   5.2 1617s
 2563116 1528121 27937.5902  233   17 27932.0000 27957.5950  0.09%   5.2 1624s
 2566066 1531320 27953.7494  235   23 27932.0000 27957.5950  0.09%   5.2 1625s
 2573583 1537108 27935.8182  244   15 27932.0000 27957.5950  0.09%   5.2 1630s
 2579342 1540845 27957.5950  162   24 27932.0000 27957.5950  0.09%   5.2 1636s
 2588586 1548574 27949.1640  301   22 27932.0000 27957.5950  0.09%   5.3 1640s
 2593655 1552366 27951.4667  247   20 27932.0000 27957.5950  0.09%   5.3 1645s
 2604645 1561873 27949.2256  316   20 27932.0000 27957.5950  0.09%   5.3 1650s
 2611288 1567723 27953.5504  202   15 27932.0000 27957.5950  0.09%   5.3 1655s
 2617248 1571409 27934.5612  204   25 27932.0000 27957.5950  0.09%   5.3 1660s
 2624711 1576531 27936.7713  229   18 27932.0000 27957.5950  0.09%   5.3 1666s
 2624723 1585980 27936.6895  230   18 27932.0000 27957.5950  0.09%   5.3 1674s
 2636735 1587746 27957.2719  185   28 27932.0000 27957.5950  0.09%   5.3 1676s
 2641272 1590202 27945.8610  245   14 27932.0000 27957.5950  0.09%   5.3 1682s
 2645404 1593867 27957.3390  193   22 27932.0000 27957.5950  0.09%   5.3 1685s
 2650181 1598265 27952.4570  283   19 27932.0000 27957.5950  0.09%   5.3 1690s
 2658959 1604872 27955.5023  219   22 27932.0000 27957.5950  0.09%   5.3 1695s
 2670025 1613337 27948.0909  309   15 27932.0000 27957.5950  0.09%   5.3 1704s
 2670872 1614850 27940.0435  212   22 27932.0000 27957.5950  0.09%   5.3 1705s
 2682043 1624039 27957.4617  170   31 27932.0000 27957.5950  0.09%   5.3 1710s
 2685615 1626350 27957.4617  195   19 27932.0000 27957.5950  0.09%   5.3 1716s
 2692547 1633002 27946.4347  213   23 27932.0000 27957.5950  0.09%   5.4 1720s
 2698528 1636365 27955.5023  202   22 27932.0000 27957.5950  0.09%   5.4 1726s
 2705433 1643211 27934.9872  212   18 27932.0000 27957.5950  0.09%   5.4 1730s
 2708708 1645830 27957.4068  181   31 27932.0000 27957.5950  0.09%   5.4 1735s
 2714939 1649794 27949.3187  286   18 27932.0000 27957.5950  0.09%   5.4 1742s
 2715211 1650723 27949.3187  287   19 27932.0000 27957.5950  0.09%   5.4 1747s
 2719718 1654896 27957.4617  161   21 27932.0000 27957.5950  0.09%   5.4 1750s
 2726979 1660216 27952.7808  265   23 27932.0000 27957.5950  0.09%   5.4 1757s
 2732329 1665175 27949.1640  279   20 27932.0000 27957.5950  0.09%   5.4 1760s
 2743098 1673867 27954.8097  237   18 27932.0000 27957.5950  0.09%   5.4 1765s
 2749569 1678283 27954.1280  244   23 27932.0000 27957.5950  0.09%   5.4 1771s
 2755849 1684078 27956.2541  205   24 27932.0000 27957.5950  0.09%   5.4 1775s
 2766193 1692628 27957.4617  168   23 27932.0000 27957.5950  0.09%   5.4 1780s
 2769606 1695620 27957.2819  190   21 27932.0000 27957.5950  0.09%   5.4 1785s
 2780581 1703962 27939.9553  184   26 27932.0000 27957.5950  0.09%   5.4 1790s
 2786163 1707864 27952.8837  231   21 27932.0000 27957.5950  0.09%   5.4 1796s
 2794151 1715286 27947.6874  226   20 27932.0000 27957.5950  0.09%   5.4 1800s
 2797101 1718222 27957.5950  169   35 27932.0000 27957.5950  0.09%   5.4 1805s
 2808181 1727069 27952.3679  242   21 27932.0000 27957.5950  0.09%   5.5 1810s
 2819155 1735849 27949.1640  276   23 27932.0000 27957.5950  0.09%   5.5 1815s
 2824172 1740199 27944.9787  388   31 27932.0000 27957.5950  0.09%   5.5 1820s
 2828338 1742403 27956.5455  194   20 27932.0000 27957.5950  0.09%   5.5 1825s
 2839262 1751756 27947.3566  245   23 27932.0000 27957.5950  0.09%   5.5 1835s
 2847518 1760084 27951.9674  312   24 27932.0000 27957.5950  0.09%   5.5 1840s
 2856624 1766296 27933.1062  234   17 27932.0000 27957.5950  0.09%   5.5 1847s
 2857547 1767270     cutoff  235      27932.0000 27957.5950  0.09%   5.5 1853s
 2861066 1770625 27933.9433  194   15 27932.0000 27957.5950  0.09%   5.5 1855s
 2871894 1778619 27957.4617  184   23 27932.0000 27957.5950  0.09%   5.5 1865s
 2881533 1787092 27945.5574  211   15 27932.0000 27957.5950  0.09%   5.5 1870s
 2890288 1794018 27956.2610  216   20 27932.0000 27957.5950  0.09%   5.5 1875s
 2894192 1796403     cutoff  244      27932.0000 27957.5950  0.09%   5.5 1881s
 2902270 1803461 27956.9854  157   28 27932.0000 27957.5950  0.09%   5.5 1885s
 2911980 1810922 27951.4667  266   24 27932.0000 27957.5950  0.09%   5.5 1894s
 2912844 1811810 27951.4667  267   27 27932.0000 27957.5950  0.09%   5.5 1900s
 2923484 1820118 27954.3381  270   23 27932.0000 27957.5950  0.09%   5.6 1909s
 2924714 1822134 27952.4570  271   18 27932.0000 27957.5950  0.09%   5.6 1910s
 2935904 1830417 27957.2501  195   24 27932.0000 27957.5950  0.09%   5.6 1915s
 2937976 1831210 27957.5667  210   28 27932.0000 27957.5950  0.09%   5.6 1920s
 2947635 1839801 27949.2881  220   18 27932.0000 27957.5950  0.09%   5.6 1925s
 2958182 1848659 27957.4068  205   21 27932.0000 27957.5950  0.09%   5.6 1930s
 2962210 1850876 27937.8029  337   21 27932.0000 27957.5950  0.09%   5.6 1937s
 2967471 1856136 27946.5669  223   25 27932.0000 27957.5950  0.09%   5.6 1940s
 2969628 1856528 27938.4008  344   19 27932.0000 27957.5950  0.09%   5.6 1946s
 2972189 1859405 27951.6509  228   22 27932.0000 27957.5950  0.09%   5.6 1952s
 2977084 1863945 27954.3381  231   21 27932.0000 27957.5950  0.09%   5.6 1955s
 2986547 1871063 27947.8148  273   13 27932.0000 27957.5950  0.09%   5.6 1961s
 2992926 1875803 27956.0132  215   29 27932.0000 27957.5950  0.09%   5.6 1970s
 3001174 1882371 27957.4617  193   26 27932.0000 27957.5950  0.09%   5.6 1978s
 3004867 1886241 27948.2288  217   19 27932.0000 27957.5950  0.09%   5.6 1981s
 3014841 1893648 27951.4667  280   19 27932.0000 27957.5950  0.09%   5.6 1986s
 3016528 1894469 27955.5689  222   20 27932.0000 27957.5950  0.09%   5.6 1991s
 3023699 1901075 27950.0968  265   18 27932.0000 27957.5950  0.09%   5.6 1995s
 3027091 1903722 27950.0968  264   21 27932.0000 27957.5950  0.09%   5.6 2000s
 3036462 1911002 27939.9492  292   14 27932.0000 27957.5950  0.09%   5.7 2005s
 3042082 1915231 27934.6555  225   20 27932.0000 27957.5950  0.09%   5.7 2010s
 3050978 1923193 27957.4068  198   26 27932.0000 27957.5950  0.09%   5.7 2015s
 3052968 1923902 27935.4267  376   17 27932.0000 27957.5950  0.09%   5.7 2020s
 3062179 1932043 27957.2501  203   21 27932.0000 27957.5950  0.09%   5.7 2026s
 3071384 1939455 27957.4617  202   18 27932.0000 27957.5950  0.09%   5.7 2030s
 3075256 1941805 27944.3338  212   19 27932.0000 27957.5950  0.09%   5.7 2036s
 3078020 1943832 27957.4068  223   25 27932.0000 27957.5950  0.09%   5.7 2040s
 3082126 1947803 27954.2644  220   22 27932.0000 27957.5950  0.09%   5.7 2046s
 3090828 1954877 27938.3404  226   24 27932.0000 27957.5950  0.09%   5.7 2053s
 3094072 1958015 27954.5807  259   15 27932.0000 27957.5950  0.09%   5.7 2055s
 3098417 1961152 27952.4570  269   18 27932.0000 27957.5950  0.09%   5.7 2060s
 3109006 1969924 27950.3252  271   17 27932.0000 27957.5950  0.09%   5.7 2065s
 3110985 1970835 27938.3113  311   12 27932.0000 27957.5950  0.09%   5.7 2070s
 3118194 1977713 27944.6846  176   36 27932.0000 27957.5950  0.09%   5.7 2075s
 3120226 1978401 27957.4068  198   25 27932.0000 27957.5950  0.09%   5.7 2081s
 3128466 1986132 27946.8338  334   25 27932.0000 27957.5950  0.09%   5.7 2086s
 3134268 1989633 27957.5950  212   25 27932.0000 27957.5950  0.09%   5.7 2094s
 3134419 1991089 27957.4617  213   22 27932.0000 27957.5950  0.09%   5.7 2095s
 3139769 1995737     cutoff  316      27932.0000 27957.5950  0.09%   5.7 2100s
 3145123 1999630 27957.4068  199   24 27932.0000 27957.5950  0.09%   5.7 2106s
 3150166 2004459 27957.5950  195   35 27932.0000 27957.5950  0.09%   5.7 2110s
 3152301 2005341 27952.9345  318   16 27932.0000 27957.5950  0.09%   5.7 2116s
 3157700 2010833 27944.4684  178   20 27932.0000 27957.5950  0.09%   5.8 2120s
 3167030 2018098 27950.0968  255   17 27932.0000 27957.5950  0.09%   5.8 2125s
 3176520 2025679 27934.9110  281   18 27932.0000 27957.5950  0.09%   5.8 2130s
 3178864 2028717     cutoff  270      27932.0000 27957.5950  0.09%   5.8 2135s
 3188788 2034577 27956.5455  207   15 27932.0000 27957.5950  0.09%   5.8 2143s
 3192541 2038327 27941.0611  253   15 27932.0000 27957.5950  0.09%   5.8 2145s
 3197778 2043466 27941.5561  226   13 27932.0000 27957.5950  0.09%   5.8 2151s
 3203333 2046627 27956.5455  247   14 27932.0000 27957.5950  0.09%   5.8 2155s
 3207274 2048888 27933.7863  222   20 27932.0000 27957.5950  0.09%   5.8 2164s
 3208058 2050702 27956.5455  254   15 27932.0000 27957.5950  0.09%   5.8 2165s
 3216578 2056662 27954.3381  253   28 27932.0000 27957.5950  0.09%   5.8 2170s
 3225637 2064809 27938.0002  326   13 27932.0000 27957.5950  0.09%   5.8 2175s
 3236044 2072492 27956.5455  201   24 27932.0000 27957.5950  0.09%   5.8 2180s
 3239526 2074817 27957.4068  202   24 27932.0000 27957.5950  0.09%   5.8 2185s
 3242696 2078526 27937.7869  278   19 27932.0000 27957.5950  0.09%   5.8 2190s
 3249350 2083420 27941.4962  203   19 27932.0000 27957.5950  0.09%   5.8 2197s
 3254561 2087783 27957.5913  180   25 27932.0000 27957.5950  0.09%   5.8 2200s
 3256452 2088365 27953.9768  221   30 27932.0000 27957.5950  0.09%   5.8 2207s
 3261493 2093381 27933.4304  270   17 27932.0000 27957.5950  0.09%   5.9 2210s
 3268204 2097546 27938.1942  227   15 27932.0000 27957.5950  0.09%   5.9 2220s
 3276703 2105271 27948.7722  263   13 27932.0000 27957.5950  0.09%   5.9 2225s
 3284440 2110598 27957.4617  203   23 27932.0000 27957.5950  0.09%   5.9 2232s
 3289408 2114307 27934.5096  239   13 27932.0000 27957.5950  0.09%   5.9 2240s
 3297386 2121860 27949.2581  290   25 27932.0000 27957.5950  0.09%   5.9 2245s
 3305665 2128715 27938.0000  261   16 27932.0000 27957.5950  0.09%   5.9 2250s
 3310593 2132170 27950.0968  304   14 27932.0000 27957.5950  0.09%   5.9 2257s
 3314288 2136031 27954.3997  292   25 27932.0000 27957.5950  0.09%   5.9 2261s
 3320484 2139898 27948.0909  313   21 27932.0000 27957.5950  0.09%   5.9 2268s
 3323730 2141670 27957.4068  215   23 27932.0000 27957.5950  0.09%   5.9 2275s
 3331712 2149200 27944.4546  307   15 27932.0000 27957.5950  0.09%   5.9 2280s
 3333563 2149818 27956.0132  223   27 27932.0000 27957.5950  0.09%   5.9 2286s
 3338767 2154878 27944.2501  340   19 27932.0000 27957.5950  0.09%   5.9 2290s
 3346018 2160370 27949.0534  296   17 27932.0000 27957.5950  0.09%   5.9 2295s
 3352831 2164968 27952.0000  203   25 27932.0000 27957.5950  0.09%   5.9 2302s
 3358217 2169678 27957.4617  195   22 27932.0000 27957.5950  0.09%   5.9 2305s
 3361982 2172277 27952.1260  253   21 27932.0000 27957.5950  0.09%   5.9 2311s
 3368123 2178065 27936.2733  258   17 27932.0000 27957.5950  0.09%   5.9 2315s
 3375719 2183656 27940.1971  225   18 27932.0000 27957.5950  0.09%   5.9 2322s
 3378647 2186834 27948.0205  209   22 27932.0000 27957.5950  0.09%   5.9 2326s
 3385943 2192692 27956.5455  248   21 27932.0000 27957.5950  0.09%   5.9 2330s
 3393419 2196681 27949.1640  292   20 27932.0000 27957.5950  0.09%   6.0 2340s
 3399689 2202094 27938.5708  277   14 27932.0000 27957.5950  0.09%   6.0 2349s
 3400183 2208966 27954.2695  248   24 27932.0000 27957.5950  0.09%   6.0 2354s
 3408207 2210421 27957.5667  182   27 27932.0000 27957.5950  0.09%   6.0 2356s
 3414286 2215202 27933.4546  368   18 27932.0000 27957.5950  0.09%   6.0 2364s
 3415846 2217219 27957.4617  191   25 27932.0000 27957.5950  0.09%   6.0 2365s
 3425171 2224452 27936.2070  250   20 27932.0000 27957.5950  0.09%   6.0 2370s
 3432398 2229420 27954.3381  238   19 27932.0000 27957.5950  0.09%   6.0 2376s
 3437381 2233369     cutoff  252      27932.0000 27957.5950  0.09%   6.0 2380s
 3445977 2239856 27955.9520  214   32 27932.0000 27957.5950  0.09%   6.0 2391s
 3450811 2245024 27957.3589  204   17 27932.0000 27957.5950  0.09%   6.0 2395s
 3460081 2252218 27957.4068  206   25 27932.0000 27957.5950  0.09%   6.0 2404s
 3461708 2253304 27949.1640  334   18 27932.0000 27957.5950  0.09%   6.0 2408s
 3463042 2255640 27944.4487  225   23 27932.0000 27957.5950  0.09%   6.0 2410s
 3470499 2261334     cutoff  230      27932.0000 27957.5950  0.09%   6.0 2416s
 3477025 2266832 27954.8502  243   29 27932.0000 27957.5950  0.09%   6.0 2420s
 3485643 2273635 27957.2576  183   21 27932.0000 27957.5950  0.09%   6.0 2425s
 3489441 2276547 27948.0909  347   18 27932.0000 27957.5950  0.09%   6.0 2431s
 3495112 2279780 27939.2727  303   16 27932.0000 27957.5950  0.09%   6.0 2438s
 3495642 2283157 27956.0132  195   19 27932.0000 27957.5950  0.09%   6.0 2441s
 3502028 2286267 27954.3381  264   23 27932.0000 27957.5950  0.09%   6.0 2448s
 3503684 2287011 27942.6875  364   23 27932.0000 27957.5950  0.09%   6.0 2452s
 3507095 2290747 27953.1459  243   18 27932.0000 27957.5950  0.09%   6.0 2455s
 3509494 2292006 27957.4617  188   20 27932.0000 27957.5950  0.09%   6.0 2461s
 3514451 2296518 27951.3737  229   27 27932.0000 27957.5950  0.09%   6.1 2465s
 3520062 2300553 27939.8788  210   22 27932.0000 27957.5950  0.09%   6.1 2470s
 3528168 2307426 27956.0132  222   26 27932.0000 27957.5950  0.09%   6.1 2475s
 3530429 2308391 27955.9978  208   20 27932.0000 27957.5950  0.09%   6.1 2480s
 3538022 2314646 27957.4617  194   20 27932.0000 27957.5950  0.09%   6.1 2485s
 3541764 2317101 27957.4617  184   21 27932.0000 27957.5950  0.09%   6.1 2490s
 3548716 2322655 27938.1386  282   18 27932.0000 27957.5950  0.09%   6.1 2497s
 3553091 2326473 27942.0909  209   19 27932.0000 27957.5950  0.09%   6.1 2501s
 3554982 2327720 27954.5200  252   23 27932.0000 27957.5950  0.09%   6.1 2506s
 3558950 2330244 27934.7869  240   14 27932.0000 27957.5950  0.09%   6.1 2513s
 3559593 2332386 27934.7869  241   14 27932.0000 27957.5950  0.09%   6.1 2515s
 3562144 2333276 27933.1988  207   16 27932.0000 27957.5950  0.09%   6.1 2522s
 3567775 2338075 27939.9385  262   16 27932.0000 27957.5950  0.09%   6.1 2525s
 3572983 2342319 27957.5950  185   38 27932.0000 27957.5950  0.09%   6.1 2534s
 3573986 2343989 27957.5950  186   25 27932.0000 27957.5950  0.09%   6.1 2535s
 3582061 2350282 27945.0262  349   16 27932.0000 27957.5950  0.09%   6.1 2541s
 3588765 2356106 27957.3309  195   25 27932.0000 27957.5950  0.09%   6.1 2545s
 3590892 2357033 27939.8197  248   15 27932.0000 27957.5950  0.09%   6.1 2552s
 3594168 2360076 27957.4617  185   31 27932.0000 27957.5950  0.09%   6.1 2555s
 3603703 2367154 27956.5455  221   21 27932.0000 27957.5950  0.09%   6.1 2560s
 3607151 2370162 27937.0754  335   17 27932.0000 27957.5950  0.09%   6.1 2566s
 3614000 2375245 27948.0909  295   14 27932.0000 27957.5950  0.09%   6.1 2573s
 3616910 2378458 27957.4068  209   20 27932.0000 27957.5950  0.09%   6.1 2576s
 3624252 2383952 27951.4667  256   21 27932.0000 27957.5950  0.09%   6.1 2580s
 3625705 2385037     cutoff  268      27932.0000 27957.5950  0.09%   6.1 2586s
 3631083 2390025 27936.4306  224   18 27932.0000 27957.5950  0.09%   6.2 2591s
 3638043 2395262 27957.4068  204   28 27932.0000 27957.5950  0.09%   6.2 2596s
 3639829 2396234 27957.4068  188   19 27932.0000 27957.5950  0.09%   6.2 2602s
 3643888 2399561 27956.5455  187   29 27932.0000 27957.5950  0.09%   6.2 2610s
 3649601 2405110     cutoff  263      27932.0000 27957.5950  0.09%   6.2 2615s
 3651731 2406481 27954.5200  247   29 27932.0000 27957.5950  0.09%   6.2 2620s
 3659225 2412180     cutoff  287      27932.0000 27957.5950  0.09%   6.2 2625s
 3661877 2415179 27950.0968  249   18 27932.0000 27957.5950  0.09%   6.2 2630s
 3668381 2419562 27940.9672  249   18 27932.0000 27957.5950  0.09%   6.2 2638s
 3671706 2423296 27944.5248  235   20 27932.0000 27957.5950  0.09%   6.2 2640s
 3677808 2427678 27957.5667  199   27 27932.0000 27957.5950  0.09%   6.2 2645s
 3679076 2428803 27957.2501  194   25 27932.0000 27957.5950  0.09%   6.2 2650s
 3687134 2435901 27945.8545  249   20 27932.0000 27957.5950  0.09%   6.2 2655s
 3688811 2436277 27950.7318  229   21 27932.0000 27957.5950  0.09%   6.2 2660s
 3691347 2438782 27954.2388  205   20 27932.0000 27957.5950  0.09%   6.2 2669s
 3692618 2440790 27957.4617  169   32 27932.0000 27957.5950  0.09%   6.2 2670s
 3701073 2447190 27946.7049  280   17 27932.0000 27957.5950  0.09%   6.2 2675s
 3705341 2450220 27942.2198  218   26 27932.0000 27957.5950  0.09%   6.2 2681s
 3711330 2455607 27957.4068  212   21 27932.0000 27957.5950  0.09%   6.2 2685s
 3716621 2459804 27937.1489  175   17 27932.0000 27957.5950  0.09%   6.2 2691s
 3722693 2464577 27933.6991  211   20 27932.0000 27957.5950  0.09%   6.2 2696s
 3724780 2465477 27938.3617  355   13 27932.0000 27957.5950  0.09%   6.2 2703s
 3728086 2469038 27943.9582  253   18 27932.0000 27957.5950  0.09%   6.2 2706s
 3736707 2475302 27957.4617  245   28 27932.0000 27957.5950  0.09%   6.2 2713s
 3738271 2477203 27956.5455  247   22 27932.0000 27957.5950  0.09%   6.2 2715s
 3744539 2480416 27957.5950  196   37 27932.0000 27957.5950  0.09%   6.2 2731s
 3746247 2482383 27949.2727  251   16 27932.0000 27957.5950  0.09%   6.2 2737s
 3749382 2485636 27934.4546  274   23 27932.0000 27957.5950  0.09%   6.2 2740s
 3750978 2486484 27945.8853  245   16 27932.0000 27957.5950  0.09%   6.3 2746s
 3757336 2491944 27957.4068  223   25 27932.0000 27957.5950  0.09%   6.3 2754s
 3758824 2493378 27957.4617  173   35 27932.0000 27957.5950  0.09%   6.3 2755s
 3764295 2497182     cutoff  208      27932.0000 27957.5950  0.09%   6.3 2761s
 3771272 2502715 27956.5455  218   19 27932.0000 27957.5950  0.09%   6.3 2769s
 3772215 2504971 27951.8011  208   31 27932.0000 27957.5950  0.09%   6.3 2771s
 3779237 2510008 27940.0000  191   15 27932.0000 27957.5950  0.09%   6.3 2775s
 3783069 2512802 27956.5455  223   23 27932.0000 27957.5950  0.09%   6.3 2781s
 3786452 2516062 27936.6956  199   19 27932.0000 27957.5950  0.09%   6.3 2786s
 3789521 2517575 27940.4522  190   14 27932.0000 27957.5950  0.09%   6.3 2793s
 3790541 2519429 27951.0362  207   22 27932.0000 27957.5950  0.09%   6.3 2795s
 3798051 2525023 27957.5950  178   25 27932.0000 27957.5950  0.09%   6.3 2801s
 3802570 2528368 27934.4546  308   19 27932.0000 27957.5950  0.09%   6.3 2805s
 3806901 2530702 27955.3892  237   24 27932.0000 27957.5950  0.09%   6.3 2812s
 3807512 2533443 27955.3892  238   24 27932.0000 27957.5950  0.09%   6.3 2815s
 3815299 2538170 27943.4263  297   16 27932.0000 27957.5950  0.09%   6.3 2822s
 3817033 2538996 27943.3352  265   22 27932.0000 27957.5950  0.09%   6.3 2825s
 3822511 2544172 27934.6486  191   20 27932.0000 27957.5950  0.09%   6.3 2830s
 3824736 2544662 27949.1640  282   20 27932.0000 27957.5950  0.09%   6.3 2835s
 3830030 2549389 27933.5455  247   21 27932.0000 27957.5950  0.09%   6.3 2840s
 3833493 2552186 27957.5212  180   34 27932.0000 27957.5950  0.09%   6.3 2847s
 3837191 2555674 27957.5950  175   22 27932.0000 27957.5950  0.09%   6.3 2850s
 3843796 2559927 27948.5617  277   25 27932.0000 27957.5950  0.09%   6.3 2856s
 3848256 2564631 27954.2388  225   24 27932.0000 27957.5950  0.09%   6.3 2860s
 3852244 2566670 27957.5950  187   23 27932.0000 27957.5950  0.09%   6.3 2868s
 3852818 2568059 27957.5950  188   30 27932.0000 27957.5950  0.09%   6.3 2873s
 3854400 2569791 27957.5212  189   27 27932.0000 27957.5950  0.09%   6.3 2875s
 3861053 2574318 27956.2610  210   26 27932.0000 27957.5950  0.09%   6.3 2882s
 3865033 2578255 27943.5694  201   22 27932.0000 27957.5950  0.09%   6.3 2885s
 3874453 2585812 27957.5950  185   22 27932.0000 27957.5950  0.09%   6.3 2890s
 3877795 2587756 27957.3589  210   37 27932.0000 27957.5950  0.09%   6.3 2898s
 3880656 2590084 27957.4068  209   22 27932.0000 27957.5950  0.09%   6.3 2900s
 3888853 2596739 27943.5228  207   23 27932.0000 27957.5950  0.09%   6.4 2905s
 3892407 2598811     cutoff  432      27932.0000 27957.5950  0.09%   6.4 2911s
 3899323 2603803 27951.1690  201   18 27932.0000 27957.5950  0.09%   6.4 2915s
 3906597 2609625 27948.5617  253   17 27932.0000 27957.5950  0.09%   6.4 2921s
 3913300 2614362 27936.8689  234   16 27932.0000 27957.5950  0.09%   6.4 2929s
 3914323 2616260 27941.7869  259   15 27932.0000 27957.5950  0.09%   6.4 2930s
 3923335 2623637 27936.1212  282   22 27932.0000 27957.5950  0.09%   6.4 2935s
 3931170 2628425 27943.4263  256   17 27932.0000 27957.5950  0.09%   6.4 2944s
 3931647 2629240 27943.4263  257   17 27932.0000 27957.5950  0.09%   6.4 2950s
 3938010 2634820     cutoff  267      27932.0000 27957.5950  0.09%   6.4 2955s
 3945111 2639838 27954.8502  236   23 27932.0000 27957.5950  0.09%   6.4 2964s
 3946124 2641083 27954.3381  246   27 27932.0000 27957.5950  0.09%   6.4 2965s
 3953569 2646822 27936.8689  225   14 27932.0000 27957.5950  0.09%   6.4 2970s
 3956255 2648441 27943.3893  236   17 27932.0000 27957.5950  0.09%   6.4 2976s
 3962994 2654257 27937.5009  241   18 27932.0000 27957.5950  0.09%   6.4 2981s
 3969279 2659242 27957.5950  191   32 27932.0000 27957.5950  0.09%   6.4 2985s
 3971257 2660115 27952.4570  261   20 27932.0000 27957.5950  0.09%   6.4 2992s
 3975846 2664614 27952.7820  192   25 27932.0000 27957.5950  0.09%   6.4 2995s
 3983622 2670812 27957.4617  189   29 27932.0000 27957.5950  0.09%   6.4 3000s
 3987706 2673116 27952.4570  279   22 27932.0000 27957.5950  0.09%   6.4 3007s
 3992264 2677612 27937.5902  264   16 27932.0000 27957.5950  0.09%   6.4 3010s
 4000881 2684309 27955.7441  192   20 27932.0000 27957.5950  0.09%   6.4 3015s
 4003845 2686704     cutoff  253      27932.0000 27957.5950  0.09%   6.4 3020s
 4008875 2690105 27952.4570  261   20 27932.0000 27957.5950  0.09%   6.4 3028s
 4010085 2690944 27948.0909  337   14 27932.0000 27957.5950  0.09%   6.4 3032s
 4016294 2696042 27957.5667  180   25 27932.0000 27957.5950  0.09%   6.4 3041s
 4025532 2703860 27957.5950  186   34 27932.0000 27957.5950  0.09%   6.4 3050s
 4032512 2709563 27957.4617  185   27 27932.0000 27957.5950  0.09%   6.4 3055s
 4039149 2715366 27951.9541  213   16 27932.0000 27957.5950  0.09%   6.5 3060s
 4042572 2717578 27936.8689  245   18 27932.0000 27957.5950  0.09%   6.5 3067s
 4047687 2722348 27952.4570  267   22 27932.0000 27957.5950  0.09%   6.5 3070s
 4051123 2724345 27946.2489  256   22 27932.0000 27957.5950  0.09%   6.5 3077s
 4052135 2729229 27946.0098  212   18 27932.0000 27957.5950  0.09%   6.5 3085s
 4066425 2737004 27947.5028  199   21 27932.0000 27957.5950  0.09%   6.5 3090s
 4068511 2738115 27935.8679  230   22 27932.0000 27957.5950  0.09%   6.5 3097s
 4074710 2743072 27956.1018  185   18 27932.0000 27957.5950  0.09%   6.5 3100s
 4076453 2744082 27943.5694  204   21 27932.0000 27957.5950  0.09%   6.5 3106s
 4085116 2750872 27956.0132  209   20 27932.0000 27957.5950  0.09%   6.5 3117s
 4090903 2755621 27933.0909  218   17 27932.0000 27957.5950  0.09%   6.5 3120s
 4092799 2756473 27957.4068  200   21 27932.0000 27957.5950  0.09%   6.5 3126s
 4099796 2762287 27934.8280  296   18 27932.0000 27957.5950  0.09%   6.5 3134s
 4101240 2763879 27935.0909  224   14 27932.0000 27957.5950  0.09%   6.5 3135s
 4107820 2768658 27934.2131  254   13 27932.0000 27957.5950  0.09%   6.5 3142s
 4113845 2773714 27957.2719  195   22 27932.0000 27957.5950  0.09%   6.5 3145s
 4117434 2776828 27935.8525  270   15 27932.0000 27957.5950  0.09%   6.5 3151s
 4125039 2781919 27954.8097  225   28 27932.0000 27957.5950  0.09%   6.5 3155s
 4126065 2782872 27946.8737  329   31 27932.0000 27957.5950  0.09%   6.5 3161s
 4130529 2786971 27950.0042  218   22 27932.0000 27957.5950  0.09%   6.5 3165s
 4138688 2793596 27957.5950  164   38 27932.0000 27957.5950  0.09%   6.5 3170s
 4148217 2801290 27957.4617  194   19 27932.0000 27957.5950  0.09%   6.5 3175s
 4151849 2802845 27948.1524  216   22 27932.0000 27957.5950  0.09%   6.5 3188s
 4154164 2805915 27941.7306  222   18 27932.0000 27957.5950  0.09%   6.5 3190s
 4164813 2813897 27957.4617  179   30 27932.0000 27957.5950  0.09%   6.5 3200s
 4175933 2822696 27935.5811  269   15 27932.0000 27957.5950  0.09%   6.5 3210s
 4186285 2831339 27957.4617  200   26 27932.0000 27957.5950  0.09%   6.5 3216s
 4193384 2836650 27957.4617  192   31 27932.0000 27957.5950  0.09%   6.5 3223s
 4196609 2839358 27957.2501  183   34 27932.0000 27957.5950  0.09%   6.5 3225s
 4203716 2844501 27957.4068  233   30 27932.0000 27957.5950  0.09%   6.6 3236s
 4209855 2850533 27957.4617  167   23 27932.0000 27957.5950  0.09%   6.6 3240s
 4215858 2855022 27948.9617  274   16 27932.0000 27957.5950  0.09%   6.6 3245s
 4221100 2858298 27936.2727  346   15 27932.0000 27957.5950  0.09%   6.6 3250s
 4226170 2863015 27957.3589  177   22 27932.0000 27957.5950  0.09%   6.6 3255s
 4233603 2868700 27954.0567  209   21 27932.0000 27957.5950  0.09%   6.6 3264s
 4235085 2869968 27938.3708  240   17 27932.0000 27957.5950  0.09%   6.6 3265s
 4237807 2871687 27949.1640  305   16 27932.0000 27957.5950  0.09%   6.6 3270s
 4241912 2875449 27944.6225  207   16 27932.0000 27957.5950  0.09%   6.6 3276s
 4250088 2881700 27957.5950  179   28 27932.0000 27957.5950  0.09%   6.6 3287s
 4256946 2887891 27954.8502  267   26 27932.0000 27957.5950  0.09%   6.6 3290s
 4266081 2894822 27942.5412  240   19 27932.0000 27957.5950  0.09%   6.6 3295s
 4271380 2897764 27944.2501  203   17 27932.0000 27957.5950  0.09%   6.6 3308s
 4273505 2900215 27957.5667  178   26 27932.0000 27957.5950  0.09%   6.6 3310s
 4276670 2902819 27934.8182  273   17 27932.0000 27957.5950  0.09%   6.6 3318s
 4279962 2906124 27948.1524  211   27 27932.0000 27957.5950  0.09%   6.6 3320s
 4283908 2908661 27942.5484  261   19 27932.0000 27957.5950  0.09%   6.6 3329s
 4284958 2909949 27951.6380  222   15 27932.0000 27957.5950  0.09%   6.6 3330s
 4295236 2916324 27957.4068  203   23 27932.0000 27957.5950  0.09%   6.6 3341s
 4302230 2922778 27949.1640  325   20 27932.0000 27957.5950  0.09%   6.6 3345s
 4312015 2930566 27950.0968  282   23 27932.0000 27957.5950  0.09%   6.6 3351s
 4313655 2931766 27947.1321  236   20 27932.0000 27957.5950  0.09%   6.6 3356s
 4320267 2936817 27957.4617  175   20 27932.0000 27957.5950  0.09%   6.6 3364s
 4321612 2938289 27957.4617  176   24 27932.0000 27957.5950  0.09%   6.6 3365s
 4327353 2942345 27957.5950  182   27 27932.0000 27957.5950  0.09%   6.6 3372s
 4333220 2947816 27954.0474  263   30 27932.0000 27957.5950  0.09%   6.6 3375s
 4342198 2954369 27949.2808  245   22 27932.0000 27957.5950  0.09%   6.6 3385s
 4352625 2962645 27955.5023  211   23 27932.0000 27957.5950  0.09%   6.7 3395s
 4358961 2967695 27956.0959  229   18 27932.0000 27957.5950  0.09%   6.7 3404s
 4360033 2969234 27955.5023  221   22 27932.0000 27957.5950  0.09%   6.7 3405s
 4368717 2975940     cutoff  266      27932.0000 27957.5950  0.09%   6.7 3410s
 4372464 2978743 27945.2114  176   19 27932.0000 27957.5950  0.09%   6.7 3415s
 4381610 2986643 27957.4068  220   19 27932.0000 27957.5950  0.09%   6.7 3420s
 4384904 2988424 27939.2170  208   24 27932.0000 27957.5950  0.09%   6.7 3427s
 4385569 2991703 27953.9670  207   23 27932.0000 27957.5950  0.09%   6.7 3430s
 4393765 2996836 27952.0000  234   25 27932.0000 27957.5950  0.09%   6.7 3435s
 4395566 2997923 27951.4667  279   20 27932.0000 27957.5950  0.09%   6.7 3441s
 4396811 2998459 27933.9150  391   40 27932.0000 27957.5950  0.09%   6.7 3447s
 4402027 3003888 27946.1888  339   16 27932.0000 27957.5950  0.09%   6.7 3450s
 4408973 3008393 27949.2052  297   19 27932.0000 27957.5950  0.09%   6.7 3458s
 4412232 3011483 27949.8853  225   22 27932.0000 27957.5950  0.09%   6.7 3460s
 4417825 3015795 27955.5023  219   21 27932.0000 27957.5950  0.09%   6.7 3465s
 4424511 3021363 27940.1574  194   21 27932.0000 27957.5950  0.09%   6.7 3470s
 4427994 3023370 27955.6875  196   25 27932.0000 27957.5950  0.09%   6.7 3477s
 4433125 3028302 27956.9854  201   20 27932.0000 27957.5950  0.09%   6.7 3480s
 4439379 3032752 27952.4570  257   22 27932.0000 27957.5950  0.09%   6.7 3487s
 4442366 3034547 27947.6912  343   29 27932.0000 27957.5950  0.09%   6.7 3494s
 4442760 3043805     cutoff  339      27932.0000 27957.5950  0.09%   6.7 3499s
 4454479 3044557 27956.5455  223   16 27932.0000 27957.5950  0.09%   6.7 3509s
 4455440 3046138 27956.5455  217   21 27932.0000 27957.5950  0.09%   6.7 3510s
 4460973 3049408 27940.9672  259   12 27932.0000 27957.5950  0.09%   6.7 3518s
 4461410 3054364 27957.4617  190   22 27932.0000 27957.5950  0.09%   6.7 3522s
 4469717 3057561 27943.5996  190   20 27932.0000 27957.5950  0.09%   6.7 3525s
 4471918 3058549 27950.0968  269   29 27932.0000 27957.5950  0.09%   6.7 3531s
 4477472 3063221 27955.0670  221   26 27932.0000 27957.5950  0.09%   6.7 3535s
 4486054 3069662 27945.0000  228   25 27932.0000 27957.5950  0.09%   6.7 3544s
 4487319 3070928 27954.3997  244   24 27932.0000 27957.5950  0.09%   6.7 3545s
 4494780 3077241 27957.5950  182   24 27932.0000 27957.5950  0.09%   6.7 3550s
 4498602 3079734 27932.9971  341   20 27932.0000 27957.5950  0.09%   6.7 3555s
 4499834 3080024 27957.4068  210   29 27932.0000 27957.5950  0.09%   6.7 3561s
 4503259 3084352 27955.5023  238   24 27932.0000 27957.5950  0.09%   6.7 3565s
 4505706 3085227 27956.0132  201   18 27932.0000 27957.5950  0.09%   6.8 3571s
 4511259 3090808 27954.8502  255   21 27932.0000 27957.5950  0.09%   6.8 3575s
 4518340 3095961     cutoff  285      27932.0000 27957.5950  0.09%   6.8 3580s
 4520031 3096953     cutoff  212      27932.0000 27957.5950  0.09%   6.8 3586s
 4527433 3103324 27943.5694  196   23 27932.0000 27957.5950  0.09%   6.8 3590s
 4532568 3107192 27954.3381  266   29 27932.0000 27957.5950  0.09%   6.8 3595s
 4536757 3109194 27949.1640  326   20 27932.0000 27957.5950  0.09%   6.8 3601s

Cutting planes:
  Gomory: 6
  Cover: 800
  MIR: 3
  StrongCG: 3
  Inf proof: 2
  RLT: 2

Explored 4537065 nodes (30728078 simplex iterations) in 3601.43 seconds
Thread count was 12 (of 12 available processors)

Solution count 10: 27932 27927 27923 ... 27872

Time limit reached
Best objective 2.793200000000e+04, best bound 2.795700000000e+04, gap 0.0895%
