
Gurobi 9.1.2 (win64, Java) logging started Sat Nov  6 22:40:36 2021

Academic license - for non-commercial use only - expires 2022-10-30
Gurobi Optimizer version 9.1.2 build v9.1.2rc0 (win64)
Thread count: 6 physical cores, 12 logical processors, using up to 12 threads
Optimize a model with 80 rows, 1200 columns and 2400 nonzeros
Model fingerprint: 0x89b3c589
Variable types: 0 continuous, 1200 integer (1200 binary)
Coefficient statistics:
  Matrix range     [1e+00, 1e+03]
  Objective range  [5e+02, 1e+03]
  Bounds range     [1e+00, 1e+00]
  RHS range        [1e+00, 1e+03]
Found heuristic solution: objective 26436.000000
Presolve removed 0 rows and 413 columns
Presolve time: 0.01s
Presolved: 80 rows, 787 columns, 1574 nonzeros
Variable types: 0 continuous, 787 integer (787 binary)
Presolved: 80 rows, 787 columns, 1574 nonzeros


Root relaxation: objective 3.224876e+04, 387 iterations, 0.00 seconds

    Nodes    |    Current Node    |     Objective Bounds      |     Work
 Expl Unexpl |  Obj  Depth IntInf | Incumbent    BestBd   Gap | It/Node Time

     0     0 32248.7642    0   30 26436.0000 32248.7642  22.0%     -    0s
H    0     0                    29400.000000 32248.7642  9.69%     -    0s
H    0     0                    29549.000000 32248.7642  9.14%     -    0s
H    0     0                    29893.000000 32248.7642  7.88%     -    0s
H    0     0                    30362.000000 32248.7642  6.21%     -    0s
     0     0 32236.0692    0   50 30362.0000 32236.0692  6.17%     -    0s
H    0     0                    31041.000000 32236.0692  3.85%     -    0s
     0     0 32236.0692    0   52 31041.0000 32236.0692  3.85%     -    0s
H    0     0                    31063.000000 32236.0692  3.78%     -    0s
     0     0 32171.7841    0   60 31063.0000 32171.7841  3.57%     -    0s
H    0     0                    31118.000000 32171.7841  3.39%     -    0s
     0     0 32171.5201    0   57 31118.0000 32171.5201  3.39%     -    0s
H    0     0                    31384.000000 32171.5201  2.51%     -    0s
     0     0 32171.4963    0   51 31384.0000 32171.4963  2.51%     -    0s
     0     0 32170.1677    0   88 31384.0000 32170.1677  2.50%     -    0s
H    0     0                    31478.000000 32170.1677  2.20%     -    0s
     0     0 32169.7752    0   83 31478.0000 32169.7752  2.20%     -    0s
     0     0 32169.7519    0   78 31478.0000 32169.7519  2.20%     -    0s
     0     0 32169.1696    0   57 31478.0000 32169.1696  2.20%     -    0s
     0     0 32168.6906    0   83 31478.0000 32168.6906  2.19%     -    0s
     0     0 32168.6834    0   80 31478.0000 32168.6834  2.19%     -    0s
     0     0 32168.3875    0   98 31478.0000 32168.3875  2.19%     -    0s
     0     0 32168.3875    0   85 31478.0000 32168.3875  2.19%     -    0s
H    0     0                    31553.000000 32168.3875  1.95%     -    0s
     0     2 32168.3875    0   83 31553.0000 32168.3875  1.95%     -    0s
H  169   193                    31586.000000 32167.9901  1.84%   106    1s
H  364   443                    31647.000000 32167.9901  1.65%  84.8    1s
H  374   443                    31665.000000 32167.9901  1.59%  84.0    1s
H  608   793                    31669.000000 32167.9901  1.58%  66.4    2s
H  758   793                    31676.000000 32167.9901  1.55%  58.5    2s
H  937   893                    31678.000000 32167.9901  1.55%  53.1    2s
H 1768  1541                    31685.000000 32167.7340  1.52%  45.7    3s
H 1773  1467                    31691.000000 32167.7340  1.50%  45.6    3s
H 1787  1402                    31695.000000 32166.0609  1.49%  45.2    4s
H 1791  1334                    31704.000000 32165.4585  1.46%  45.1    4s
  1803  1343 32163.2465   32   85 31704.0000 32165.0245  1.45%  47.9    5s
H 1814  1282                    31708.000000 32164.8858  1.44%  47.6    5s
H 1985  1396                    31709.000000 32164.2366  1.44%  59.0    7s
H 2223  1586                    31722.000000 32164.2366  1.39%  65.2    8s
H 2535  1779                    31723.000000 32164.2366  1.39%  69.6    9s
  3071  2244 32161.8634   52  128 31723.0000 32164.2366  1.39%  71.1   10s
  9188  7326 32148.1240   91  105 31723.0000 32164.1173  1.39%  49.8   15s
H12929  6454                    32066.000000 32164.0386  0.31%  43.9   18s
 16855 10952 32160.9912   92  118 32066.0000 32163.9479  0.31%  41.9   20s
H18251 10508                    32090.000000 32163.9479  0.23%  42.6   24s
 18291 10551 32163.8585   49  152 32090.0000 32163.9479  0.23%  42.7   25s
 20676 11788 32128.8661  120   41 32090.0000 32163.9479  0.23%  51.4   30s
H22224 11654                    32102.000000 32163.9479  0.19%  58.2   34s
H22442 10498                    32123.000000 32163.9479  0.13%  58.6   34s
 22461 10720 32142.5093   88   81 32123.0000 32163.3033  0.13%  58.7   35s
 24925 11766 32158.9871   62  151 32123.0000 32162.6922  0.12%  67.9   40s
 27851 12793 32152.2033   69  144 32123.0000 32162.3675  0.12%  79.1   46s
 30561 13854 32147.9197   56  149 32123.0000 32162.1116  0.12%  89.2   51s
 31968 14471 32157.3682   55  142 32123.0000 32161.9992  0.12%  95.5   55s
 34997 15888 32132.9989   84  154 32123.0000 32161.8114  0.12%   105   62s
 36422 15451 32161.7089   52  167 32123.0000 32161.7089  0.12%   109   65s
 36962 15862 32161.7089   70  158 32123.0000 32161.7089  0.12%   111   70s
 39367 16907 32159.6664   64  164 32123.0000 32161.7089  0.12%   116   75s
 41318 17761 32134.9104   71  121 32123.0000 32161.5918  0.12%   121   80s
 43632 18946 32147.7043   87  133 32123.0000 32161.3406  0.12%   126   85s
 46763 20140 32136.6391  113  138 32123.0000 32161.0000  0.12%   131   90s
 48835 20957     cutoff   87      32123.0000 32161.0000  0.12%   135   95s
 52268 22143 32159.8814   71  121 32123.0000 32160.9843  0.12%   140  102s
 54618 23311     cutoff  151      32123.0000 32160.9063  0.12%   144  107s
 55885 23847 32157.8888   72  131 32123.0000 32160.6407  0.12%   145  110s
 58984 25360 32154.0161   76  151 32123.0000 32160.5001  0.12%   149  117s
 60722 25875 32157.7173   79  139 32123.0000 32160.4006  0.12%   150  120s
 63877 27093 32129.3736   83  148 32123.0000 32160.2387  0.12%   153  127s
 65480 28059 32154.1291   87  140 32123.0000 32160.1786  0.12%   155  130s
 69540 29416 32145.1397   63  129 32123.0000 32160.0613  0.12%   157  136s
 71299 29996 32145.2117   87  138 32123.0000 32159.9952  0.12%   158  140s
 73026 29448 32132.0036   69  186 32123.0000 32159.9423  0.12%   160  145s
 73059 29479 32159.9423   62  152 32123.0000 32159.9423  0.12%   160  150s
H73081 28019                    32140.000000 32159.9423  0.06%   160  151s
 73653 28478 32157.1078   83  117 32140.0000 32159.9423  0.06%   160  155s
 76474 29851 32150.8868   94  145 32140.0000 32159.9423  0.06%   159  160s
 79072 30667 32143.9624   73  129 32140.0000 32159.9423  0.06%   158  165s
 82331 31696 32156.9675   82  103 32140.0000 32159.9423  0.06%   159  171s
 83997 32258     cutoff  112      32140.0000 32159.9423  0.06%   159  175s
 87100 33360 32143.3064  110  108 32140.0000 32159.9423  0.06%   160  183s
 88028 33768 32156.2768   81  156 32140.0000 32159.9423  0.06%   160  186s
 90306 34294 32156.8327   77  155 32140.0000 32159.9423  0.06%   160  191s
 92447 35294 32144.4380   98  126 32140.0000 32159.9423  0.06%   161  197s
 93968 35514 32143.5094   85  109 32140.0000 32159.9423  0.06%   161  201s
 96747 36462 32150.1884   81  143 32140.0000 32159.9189  0.06%   162  208s
 98284 36891 32151.0405   73  136 32140.0000 32159.8493  0.06%   162  213s
 99690 37416 32144.0000  102   50 32140.0000 32159.7867  0.06%   163  218s
 101201 38043 32151.9200  105   59 32140.0000 32159.7415  0.06%   163  222s
 102950 38612 32142.0000  120   26 32140.0000 32159.6406  0.06%   163  227s
 104793 39128     cutoff   85      32140.0000 32159.5468  0.06%   164  231s
 106578 39412 32156.6591   97  113 32140.0000 32159.4858  0.06%   164  236s
 108102 39952 32148.0000  117   36 32140.0000 32159.4481  0.06%   165  241s
 109899 40156 32157.5559   74  153 32140.0000 32159.3770  0.06%   165  245s
 111272 40836 32146.9603   90  120 32140.0000 32159.3399  0.06%   165  251s
 113279 41301 32151.1060   88  128 32140.0000 32159.2953  0.06%   166  256s
 115207 41724 32148.6157   81  152 32140.0000 32159.2402  0.06%   166  261s
 117061 42068     cutoff  101      32140.0000 32159.1850  0.06%   167  266s
 118890 42385 32151.3581   82  145 32140.0000 32159.1206  0.06%   167  272s
 120586 42990 32146.0000   78   77 32140.0000 32159.0844  0.06%   168  277s
 122652 43462 32148.6883   83  147 32140.0000 32159.0365  0.06%   169  282s
H123877 38464                    32143.000000 32159.0213  0.05%   169  282s
 124717 39169 32145.8274   78  100 32143.0000 32158.9892  0.05%   170  287s
 126966 39272 32153.1795   79  133 32143.0000 32158.9405  0.05%   170  291s
 128777 39670 32145.0919   86  105 32143.0000 32158.8965  0.05%   171  296s
 130702 39969 32155.5227   78  152 32143.0000 32158.8498  0.05%   172  300s
 134282 40689 32154.5793   77  155 32143.0000 32158.7785  0.05%   173  308s
 135974 40810 32153.4407   68  175 32143.0000 32158.7664  0.05%   174  313s
 137408 41268 32153.5818   93  137 32143.0000 32158.7466  0.05%   175  317s
 139309 41534 32151.6702   95   90 32143.0000 32158.6896  0.05%   175  321s
 140917 41878 32155.4967   84  133 32143.0000 32158.6622  0.05%   176  326s
 142793 42236 32154.6887   83   91 32143.0000 32158.6161  0.05%   176  330s
 146628 43035 32157.3544   81  147 32143.0000 32158.5417  0.05%   177  339s
 148747 43184 32153.7888   85  131 32143.0000 32158.5058  0.05%   178  342s
 150458 43526     cutoff   88      32143.0000 32158.4642  0.05%   178  346s
 152231 43911 32144.6323   83  124 32143.0000 32158.4324  0.05%   179  350s
 155978 45478 32156.5314   84  130 32143.0000 32158.3644  0.05%   179  357s
 157757 46364     cutoff   83      32143.0000 32158.3336  0.05%   179  361s
 159501 47205 32156.6908   86  142 32143.0000 32158.2990  0.05%   180  365s
 162975 48842 32148.6031   91  125 32143.0000 32158.2400  0.05%   180  372s
 164672 49740     cutoff   93      32143.0000 32158.2072  0.05%   181  376s
 166667 50531 32152.6107   94  149 32143.0000 32158.1789  0.05%   181  380s
 170103 52301 32147.6550   91   60 32143.0000 32158.1245  0.05%   182  388s
 171897 53184 32152.8613   83  112 32143.0000 32158.0980  0.05%   182  392s
 173784 53854 32154.7141   85  142 32143.0000 32158.0730  0.05%   183  396s
 175454 54634 32153.6011   86  132 32143.0000 32158.0427  0.05%   183  400s
 177124 54779 32146.3750   98  108 32143.0000 32158.0203  0.05%   183  406s
 177415 55582 32155.2037   79  155 32143.0000 32158.0197  0.05%   183  410s
 181240 57467 32153.6599   87  166 32143.0000 32157.9767  0.05%   184  418s
 183236 58442 32149.2524   93  137 32143.0000 32157.9466  0.05%   184  422s
 185245 59245 32153.6014   83  141 32143.0000 32157.9126  0.05%   184  426s
 188941 60877 32153.2779   91  125 32143.0000 32157.8534  0.05%   185  433s
 190771 61701     cutoff   98      32143.0000 32157.8324  0.05%   185  437s
 192458 62561 32155.2668   75  133 32143.0000 32157.8111  0.05%   185  440s
 196070 64354 32154.2882   86  134 32143.0000 32157.7608  0.05%   186  448s
 197869 65143 32147.3755  102   82 32143.0000 32157.7317  0.05%   186  452s
 199624 66046     cutoff  101      32143.0000 32157.7075  0.05%   186  455s
 203429 67843 32151.9629   87   89 32143.0000 32157.6567  0.05%   186  463s
 205285 68641 32156.0767   73  161 32143.0000 32157.6298  0.05%   187  466s
 207123 69579 32147.1883   83  131 32143.0000 32157.6118  0.05%   187  470s
 210793 71165 32153.4082   81  150 32143.0000 32157.5679  0.05%   187  478s
 212537 71853 32144.0000  103   59 32143.0000 32157.5467  0.05%   187  482s
 214164 72664     cutoff   89      32143.0000 32157.5258  0.05%   188  485s
 217503 74177 32144.5204   94  102 32143.0000 32157.5009  0.05%   188  493s
 219347 75095 32151.5990  102  110 32143.0000 32157.4700  0.05%   189  497s
 221176 75933 32149.9903   92   88 32143.0000 32157.4413  0.04%   189  502s
 223105 76532 32155.0672   87  123 32143.0000 32157.4113  0.04%   189  506s
 224909 77364 32149.5270   89  126 32143.0000 32157.3954  0.04%   189  510s
 228874 78926 32151.7243  101  109 32143.0000 32157.3485  0.04%   189  517s
 230693 79700 32153.5391   88  155 32143.0000 32157.3294  0.04%   189  521s
 232586 80327 32145.6300   90  111 32143.0000 32157.3106  0.04%   189  525s
 235945 81879 32151.4529   89  115 32143.0000 32157.2760  0.04%   190  532s
 237791 82720     cutoff   96      32143.0000 32157.2577  0.04%   190  536s
 239749 83456     cutoff  110      32143.0000 32157.2353  0.04%   190  540s
 243280 84871 32145.6590   84  146 32143.0000 32157.1951  0.04%   190  548s
 245132 85711 32152.1233   88  147 32143.0000 32157.1800  0.04%   191  552s
 246917 86412 32148.6740   91  123 32143.0000 32157.1589  0.04%   191  556s
 248761 87207 32154.8043   73  132 32143.0000 32157.1426  0.04%   191  560s
 252282 88724 32148.0000   82   63 32143.0000 32157.1134  0.04%   191  567s
 254151 89377 32144.5993   91  141 32143.0000 32157.0936  0.04%   191  572s
 255802 90178 32146.0586   84  142 32143.0000 32157.0822  0.04%   191  576s
 257776 90960 32156.5079   86  113 32143.0000 32157.0593  0.04%   192  580s
 261295 92549 32156.2451   86  154 32143.0000 32157.0251  0.04%   192  588s
 263136 93194 32153.0878   88  126 32143.0000 32157.0078  0.04%   192  592s
 264830 94083 32145.1181   87  125 32143.0000 32157.0000  0.04%   192  595s
 268578 95565     cutoff  104      32143.0000 32156.9763  0.04%   192  603s
 270308 96365 32151.6704   75   96 32143.0000 32156.9630  0.04%   192  607s
 272190 97115 32149.3629   96  129 32143.0000 32156.9464  0.04%   192  610s
 275972 98938     cutoff  105      32143.0000 32156.9103  0.04%   193  618s
 277863 99779 32147.0355   85  117 32143.0000 32156.8974  0.04%   193  622s
 279600 100527 32151.2801   85  143 32143.0000 32156.8861  0.04%   193  625s
 282884 102020 32149.5996   85  166 32143.0000 32156.8614  0.04%   193  633s
 284708 102790 32152.2421   84  137 32143.0000 32156.8525  0.04%   193  637s
 286436 103547 32144.5794   89  101 32143.0000 32156.8361  0.04%   193  640s
 289969 104944 32146.5558   85  132 32143.0000 32156.8088  0.04%   193  648s
 291637 105712 32151.1061   90  139 32143.0000 32156.7923  0.04%   193  652s
 293590 106366     cutoff   96      32143.0000 32156.7755  0.04%   193  656s
 295343 107122 32149.2547   91  145 32143.0000 32156.7612  0.04%   193  660s
 299101 108496 32151.2430   91  134 32143.0000 32156.7371  0.04%   193  667s
 300539 109142 32151.5485   88  143 32143.0000 32156.7269  0.04%   194  671s
 302153 109962     cutoff   92      32143.0000 32156.7138  0.04%   194  675s
 305775 111384 32148.8571  100   74 32143.0000 32156.6858  0.04%   194  683s
 307665 112087 32151.8239  103  113 32143.0000 32156.6736  0.04%   194  687s
 309442 112877 32149.3600   99  136 32143.0000 32156.6593  0.04%   194  691s
 311377 113624 32148.4503   81  125 32143.0000 32156.6430  0.04%   194  695s
 314883 115121 32144.9334   90  111 32143.0000 32156.6161  0.04%   194  702s
 316762 115893     cutoff   92      32143.0000 32156.6052  0.04%   194  706s
 318526 116581     cutoff  114      32143.0000 32156.5856  0.04%   194  710s
 322091 117964 32145.1299   85  144 32143.0000 32156.5591  0.04%   195  717s
 323958 118525 32155.0000  100   98 32143.0000 32156.5490  0.04%   195  721s
 325473 119242 32145.1556  107  134 32143.0000 32156.5416  0.04%   195  726s
 327312 120039 32153.2323   83  147 32143.0000 32156.5282  0.04%   195  730s
 331095 121599 32152.6980   84  121 32143.0000 32156.5054  0.04%   195  737s
 332876 122274 32146.8992   82  138 32143.0000 32156.4925  0.04%   195  741s
 334639 122858 32149.8350   92  132 32143.0000 32156.4810  0.04%   195  745s
 338102 124335     cutoff  108      32143.0000 32156.4618  0.04%   195  752s
 339795 125071 32146.9751  105  128 32143.0000 32156.4465  0.04%   195  756s
 341583 125817 32153.8283   75  129 32143.0000 32156.4365  0.04%   195  761s
 343292 126531     cutoff  111      32143.0000 32156.4256  0.04%   195  765s
 345031 127359 32145.5578  107  128 32143.0000 32156.4135  0.04%   196  770s
 348840 128820 32148.6893  112  119 32143.0000 32156.3925  0.04%   196  777s
 350411 129461 32148.3668   85  145 32143.0000 32156.3808  0.04%   196  781s
 351931 130142 32151.0000   78   89 32143.0000 32156.3751  0.04%   196  785s
 355156 131577     cutoff   96      32143.0000 32156.3650  0.04%   196  793s
 356984 132206 32152.9918   79  176 32143.0000 32156.3550  0.04%   197  797s
 358633 132949 32148.0992   98  120 32143.0000 32156.3434  0.04%   197  802s
 360544 133684 32147.9900  100  102 32143.0000 32156.3322  0.04%   197  806s
 362261 134497 32144.9538  101  126 32143.0000 32156.3243  0.04%   197  811s
 364160 135236 32155.1437   73  121 32143.0000 32156.3101  0.04%   197  817s
 366072 136013 32144.5385   98   88 32143.0000 32156.3005  0.04%   197  821s
 369759 137449 32154.4078   73  147 32143.0000 32156.2819  0.04%   197  828s
 371496 138127 32150.5096   82  129 32143.0000 32156.2738  0.04%   197  832s
 373274 138848     cutoff   98      32143.0000 32156.2609  0.04%   197  836s
 375010 139738     cutoff   95      32143.0000 32156.2529  0.04%   197  840s
 378561 140998 32150.5349   86  116 32143.0000 32156.2278  0.04%   197  848s
 380394 141661     cutoff  102      32143.0000 32156.2151  0.04%   197  851s
 382259 142378     cutoff  102      32143.0000 32156.2045  0.04%   197  856s
 383953 143237 32146.4400   90  104 32143.0000 32156.1924  0.04%   197  860s
 388084 144958 32149.3935   88  129 32143.0000 32156.1708  0.04%   197  868s
 389986 145708 32152.1738   95  116 32143.0000 32156.1609  0.04%   197  872s
 391761 146447 32155.0080   85  143 32143.0000 32156.1533  0.04%   197  875s
 395059 147700 32153.7074   96  138 32143.0000 32156.1400  0.04%   197  883s
 396793 148421 32151.6625   84   78 32143.0000 32156.1341  0.04%   197  887s
 398649 149153 32152.5846   87  155 32143.0000 32156.1237  0.04%   197  890s
 400371 149882 32153.0821   86  132 32143.0000 32156.1160  0.04%   197  895s
 404055 151383 32148.3888   91  127 32143.0000 32156.0985  0.04%   197  902s
 405986 152082 32145.0000  101   51 32143.0000 32156.0898  0.04%   197  905s
 409509 153201 32153.9921   86  145 32143.0000 32156.0724  0.04%   197  913s
 410793 153786 32149.3969   77  117 32143.0000 32156.0668  0.04%   197  917s
 412504 154459     cutoff   94      32143.0000 32156.0559  0.04%   197  921s
 414319 154471 32150.0422   95  127 32143.0000 32156.0475  0.04%   197  929s
 414349 155203     cutoff   96      32143.0000 32156.0461  0.04%   197  933s
 416193 156168 32149.9719   89   77 32143.0000 32156.0355  0.04%   197  936s
 418280 156859 32148.9621   84  130 32143.0000 32156.0248  0.04%   197  940s
 421925 158141 32149.1956   88   83 32143.0000 32156.0089  0.04%   198  948s
 423721 158891 32153.4683   96  138 32143.0000 32156.0000  0.04%   198  952s
 425290 159696 32148.1964   95  115 32143.0000 32156.0000  0.04%   198  955s
 429120 161214 32148.4594   75  128 32143.0000 32155.9865  0.04%   198  963s
 431020 161899 32154.0597   83  178 32143.0000 32155.9800  0.04%   198  967s
 432943 162641 32152.3718   77  110 32143.0000 32155.9703  0.04%   198  970s
 436560 164007 32145.9553   94  141 32143.0000 32155.9512  0.04%   198  978s
 438401 164680 32149.8128   89  139 32143.0000 32155.9434  0.04%   198  982s
 440488 165359 32151.2621   88  131 32143.0000 32155.9343  0.04%   198  985s
 444064 166676 32152.0238   80  139 32143.0000 32155.9173  0.04%   198  992s
 445990 167387 32152.0000   94   83 32143.0000 32155.9152  0.04%   198  996s
 449473 169002     cutoff   85      32143.0000 32155.8988  0.04%   198 1003s
 451426 169637 32147.9888   89  117 32143.0000 32155.8888  0.04%   198 1006s
 453262 170216 32151.9148   89  153 32143.0000 32155.8801  0.04%   198 1010s
 456922 171536     cutoff   97      32143.0000 32155.8662  0.04%   198 1018s
 458711 172354 32146.9099  106   97 32143.0000 32155.8574  0.04%   198 1021s
 460682 173142 32153.0182   94  145 32143.0000 32155.8486  0.04%   198 1025s
 464263 174587 32146.0000  123   47 32143.0000 32155.8336  0.04%   198 1032s
 465921 175337 32152.0693   91  151 32143.0000 32155.8260  0.04%   198 1036s
 467725 176121 32153.8878   91  143 32143.0000 32155.8184  0.04%   198 1040s
 471346 177359     cutoff   92      32143.0000 32155.8019  0.04%   198 1047s
 473208 178029 32151.7718   79  128 32143.0000 32155.7966  0.04%   198 1051s
 474958 178751 32152.1491   97  119 32143.0000 32155.7893  0.04%   198 1055s
 478666 180251     cutoff   87      32143.0000 32155.7703  0.04%   198 1063s
 480691 180894 32152.9036  101   97 32143.0000 32155.7616  0.04%   198 1067s
 482445 181592 32144.7076  103  118 32143.0000 32155.7514  0.04%   198 1070s
 486104 183029 32147.8265  106   96 32143.0000 32155.7383  0.04%   198 1078s
 487872 183810 32146.0000   87   64 32143.0000 32155.7306  0.04%   198 1082s
 489744 184467 infeasible   93      32143.0000 32155.7226  0.04%   198 1086s
 491496 185139     cutoff   94      32143.0000 32155.7164  0.04%   198 1090s
 495294 186476 32152.4814   92  122 32143.0000 32155.7028  0.04%   198 1097s
 496869 186610 32147.3954   92  134 32143.0000 32155.6953  0.04%   198 1103s
 497171 187390 32144.5498   87  122 32143.0000 32155.6942  0.04%   198 1107s
 499193 187982     cutoff   97      32143.0000 32155.6884  0.04%   198 1111s
 501046 188746 32153.0146   92  106 32143.0000 32155.6806  0.04%   199 1115s
 504974 190368 32152.9755   95  147 32143.0000 32155.6641  0.04%   199 1122s
 506915 191143 32151.1140   93  128 32143.0000 32155.6564  0.04%   199 1126s
 508895 191829 32147.0316   89   93 32143.0000 32155.6480  0.04%   199 1130s
 512833 193242 32144.0000  123   77 32143.0000 32155.6342  0.04%   199 1137s
 514686 193871 32146.3664  101  127 32143.0000 32155.6254  0.04%   199 1140s
 518249 195046     cutoff   90      32143.0000 32155.6123  0.04%   199 1147s
 519907 195726 32147.3312   88  103 32143.0000 32155.6063  0.04%   199 1151s
 523451 197227     cutoff   93      32143.0000 32155.5934  0.04%   199 1158s
 525391 198179 32146.5423   91  110 32143.0000 32155.5859  0.04%   199 1161s
 527362 198843 32146.2802   90  106 32143.0000 32155.5781  0.04%   199 1165s
 531233 200257     cutoff   93      32143.0000 32155.5631  0.04%   198 1172s
 532904 200937 32150.8500   94   93 32143.0000 32155.5591  0.04%   198 1175s
 536258 202333 32146.7746   87  107 32143.0000 32155.5432  0.04%   199 1183s
 537972 203047     cutoff  108      32143.0000 32155.5361  0.04%   199 1186s
 539797 203754     cutoff   85      32143.0000 32155.5311  0.04%   199 1190s
 543369 204849 32144.0423   83  112 32143.0000 32155.5197  0.04%   199 1196s
 545237 205519 32146.0428   91  123 32143.0000 32155.5147  0.04%   199 1200s
 549052 206916 32155.0218   90  126 32143.0000 32155.4997  0.04%   199 1207s
 550786 207725 32145.5029  103  109 32143.0000 32155.4942  0.04%   199 1211s
 554422 209074 32144.0000   99   59 32143.0000 32155.4804  0.04%   199 1218s
 556366 209750 32153.0784   96  108 32143.0000 32155.4725  0.04%   199 1221s
 559779 211112     cutoff  104      32143.0000 32155.4604  0.04%   199 1228s
 561637 211741 32147.0197   95  134 32143.0000 32155.4528  0.04%   199 1232s
 563373 212570 32146.2930   83  142 32143.0000 32155.4457  0.04%   199 1235s
 567206 213838 32149.2138   87  146 32143.0000 32155.4303  0.04%   199 1243s
 568838 214443 32152.1805   83  114 32143.0000 32155.4246  0.04%   199 1247s
 570706 215081 32152.1636   75  135 32143.0000 32155.4200  0.04%   199 1251s
 574113 216347 32153.1587   93  147 32143.0000 32155.4051  0.04%   199 1258s
 575966 217074 32155.1817   84  142 32143.0000 32155.3983  0.04%   199 1262s
 577886 217838 32149.2321   98  127 32143.0000 32155.3925  0.04%   199 1266s
 579723 218514 32146.7200  103   61 32143.0000 32155.3844  0.04%   199 1270s
 583307 219962 32151.1811   86  124 32143.0000 32155.3720  0.04%   199 1278s
 585236 220642 32150.5036   87  101 32143.0000 32155.3642  0.04%   199 1281s
 587037 221241     cutoff  110      32143.0000 32155.3578  0.04%   199 1285s
 590619 222422 32153.6405   85  140 32143.0000 32155.3453  0.04%   199 1292s
 592415 223049 32146.0000  125   47 32143.0000 32155.3392  0.04%   199 1296s
 594174 223572 32145.9839   91  132 32143.0000 32155.3332  0.04%   199 1300s
 597565 224905 32151.6075   88  159 32143.0000 32155.3199  0.04%   199 1307s
 599376 225661 32153.5145   91  103 32143.0000 32155.3148  0.04%   199 1311s
 601324 226250 32149.1705   85  162 32143.0000 32155.3093  0.04%   199 1315s
 604812 227525 32154.2889   85  136 32143.0000 32155.2984  0.04%   199 1323s
 606790 228254 32153.4320   78  155 32143.0000 32155.2938  0.04%   199 1327s
 608702 228988     cutoff  101      32143.0000 32155.2862  0.04%   199 1331s
 610606 229595     cutoff   99      32143.0000 32155.2803  0.04%   199 1335s
 614128 230647 32154.0061   85  157 32143.0000 32155.2685  0.04%   199 1342s
 615856 231329 32150.6972   79  117 32143.0000 32155.2637  0.04%   199 1346s
 617854 231926     cutoff   82      32143.0000 32155.2569  0.04%   199 1350s
 621557 233106     cutoff   89      32143.0000 32155.2461  0.04%   199 1358s
 623569 233322 32146.3741  101  106 32143.0000 32155.2379  0.04%   199 1362s
 624429 234142     cutoff  102      32143.0000 32155.2356  0.04%   199 1366s
 626292 234721 32146.0594   90  149 32143.0000 32155.2290  0.04%   199 1370s
 630115 236234     cutoff   91      32143.0000 32155.2182  0.04%   199 1377s
 632257 236969 32153.0325   92  127 32143.0000 32155.2117  0.04%   199 1381s
 634055 237708     cutoff   91      32143.0000 32155.2076  0.04%   199 1385s
 637839 239150 32150.8648   82  121 32143.0000 32155.1958  0.04%   199 1392s
 639840 239693 32152.4967   91   80 32143.0000 32155.1887  0.04%   199 1396s
 643342 240923     cutoff   88      32143.0000 32155.1780  0.04%   199 1403s
 645213 241506 32145.0010   85  113 32143.0000 32155.1721  0.04%   199 1406s
 647044 242048 32151.8674   80  127 32143.0000 32155.1655  0.04%   199 1410s
 650768 243211 32145.6113   88  137 32143.0000 32155.1548  0.04%   199 1417s
 652482 243923 32150.9464   87  145 32143.0000 32155.1494  0.04%   199 1420s
 656068 245219 32144.2636  105  136 32143.0000 32155.1382  0.04%   199 1427s
 658038 245760 32151.2296   93  111 32143.0000 32155.1329  0.04%   199 1431s
 661452 246952 32149.0382  100  135 32143.0000 32155.1210  0.04%   199 1438s
 663065 247724 32146.0574   95  121 32143.0000 32155.1165  0.04%   199 1442s
 665171 248401 32145.9998  103   78 32143.0000 32155.1106  0.04%   199 1445s
 669072 249719 32153.1916   87  149 32143.0000 32155.0999  0.04%   199 1452s
 670841 250261 32152.8982   81  154 32143.0000 32155.0945  0.04%   199 1456s
 674525 251568 32147.4608   96  144 32143.0000 32155.0838  0.04%   199 1463s
 676497 252266 32149.0000   87   59 32143.0000 32155.0785  0.04%   199 1467s
 678272 252863 32148.4793   99   83 32143.0000 32155.0758  0.04%   199 1470s
 681928 254119     cutoff   76      32143.0000 32155.0641  0.04%   199 1477s
 683855 254729 32145.6209   96  129 32143.0000 32155.0577  0.04%   199 1480s
 687544 256211     cutoff   90      32143.0000 32155.0487  0.04%   198 1487s
 689345 256832 32144.3665   90  112 32143.0000 32155.0432  0.04%   198 1491s
 692910 258258 32144.4315  108  139 32143.0000 32155.0341  0.04%   198 1498s
 695025 258862 32147.8764  101   78 32143.0000 32155.0284  0.04%   198 1501s
 696635 259606 32152.8419   86  152 32143.0000 32155.0245  0.04%   198 1505s
 700229 260755     cutoff   99      32143.0000 32155.0148  0.04%   198 1511s
 701900 261345 32154.2157   74  145 32143.0000 32155.0099  0.04%   198 1515s
 705256 262829     cutoff   95      32143.0000 32155.0000  0.04%   198 1522s
 707460 263384 32152.7032  105  133 32143.0000 32155.0000  0.04%   198 1526s
 710401 264405 32150.3407  104  107 32143.0000 32155.0000  0.04%   199 1533s
 711894 265094 32151.0000   95   99 32143.0000 32155.0000  0.04%   199 1537s
 713674 265758 32146.9530   90   92 32143.0000 32154.9967  0.04%   199 1541s
 715563 266496 32150.0568   92  114 32143.0000 32154.9920  0.04%   199 1545s
 719633 267736 32150.0105   91  130 32143.0000 32154.9821  0.04%   199 1552s
 721299 268394     cutoff  107      32143.0000 32154.9780  0.04%   199 1555s
 725004 269664 32150.9232  101   88 32143.0000 32154.9692  0.04%   199 1562s
 726678 270300     cutoff   87      32143.0000 32154.9657  0.04%   199 1566s
 730305 271742 32146.5522   84  145 32143.0000 32154.9558  0.04%   199 1573s
 732184 272384     cutoff  105      32143.0000 32154.9497  0.04%   199 1577s
 734036 272918 32149.3945   81  162 32143.0000 32154.9448  0.04%   199 1581s
 737765 274183 32146.6009   96  114 32143.0000 32154.9343  0.04%   199 1588s
 739375 274729 32154.0042   75  144 32143.0000 32154.9299  0.04%   199 1592s
 741162 275447 32153.4813   99  148 32143.0000 32154.9253  0.04%   199 1595s
 744822 276779 32150.5426   86  149 32143.0000 32154.9167  0.04%   199 1603s
 746721 277489 32145.4084   95   99 32143.0000 32154.9107  0.04%   199 1607s
 748637 278134     cutoff   95      32143.0000 32154.9053  0.04%   199 1611s
 750609 278714 32147.4939   96  121 32143.0000 32154.8999  0.04%   199 1615s
 753972 279930 32153.5568   82  157 32143.0000 32154.8919  0.04%   199 1622s
 755920 280500 32144.8248  100   71 32143.0000 32154.8879  0.04%   199 1626s
 759654 281594 32145.5834   95  140 32143.0000 32154.8782  0.04%   199 1633s
 761169 282102 32149.2483   90  115 32143.0000 32154.8737  0.04%   199 1637s
 762758 282854 32149.7400   92  137 32143.0000 32154.8696  0.04%   199 1641s
 764747 283533 32152.0000   88   43 32143.0000 32154.8648  0.04%   199 1645s
 768539 284855     cutoff   91      32143.0000 32154.8549  0.04%   199 1652s
 770365 285587 32151.0000   95   69 32143.0000 32154.8502  0.04%   199 1656s
 774117 286732 32146.5216   84  151 32143.0000 32154.8411  0.04%   199 1663s
 775862 287407     cutoff   87      32143.0000 32154.8368  0.04%   199 1666s
 777750 288056 32145.7288  101  101 32143.0000 32154.8324  0.04%   199 1671s
 781151 289136     cutoff  103      32143.0000 32154.8234  0.04%   199 1678s
 783012 289683 32153.6874   94  145 32143.0000 32154.8205  0.04%   199 1682s
 784844 290287 32147.6467   89  102 32143.0000 32154.8156  0.04%   199 1686s
 786602 290866 32147.7883   84  149 32143.0000 32154.8115  0.04%   199 1690s
 790516 292181     cutoff   99      32143.0000 32154.8035  0.04%   199 1697s
 792366 292761 32148.4390   81  153 32143.0000 32154.7983  0.04%   199 1700s
 796179 293995 32151.9310  100  132 32143.0000 32154.7892  0.04%   199 1708s
 797874 294161 32147.1111   91   70 32143.0000 32154.7852  0.04%   199 1712s
 798342 294868 32152.8549   89  128 32143.0000 32154.7840  0.04%   199 1716s
 800370 295578 32148.0559   95  118 32143.0000 32154.7777  0.04%   198 1720s
 804175 296877 32152.4927   89  154 32143.0000 32154.7692  0.04%   198 1727s
 806085 297662     cutoff   88      32143.0000 32154.7643  0.04%   198 1730s
 809973 298808 32152.1472   85  110 32143.0000 32154.7547  0.04%   198 1737s
 811665 299292 32150.5229   79  128 32143.0000 32154.7509  0.04%   198 1741s
 813324 299852 32152.0000   82   47 32143.0000 32154.7458  0.04%   198 1745s
 816656 301027     cutoff   96      32143.0000 32154.7382  0.04%   198 1752s
 818507 301609 32149.9247  106  100 32143.0000 32154.7335  0.04%   198 1756s
 822152 302826     cutoff   81      32143.0000 32154.7241  0.04%   198 1763s
 824041 303389     cutoff   96      32143.0000 32154.7206  0.04%   198 1767s
 825995 303895 32150.7426   84  129 32143.0000 32154.7160  0.04%   198 1770s
 829550 304977 32145.8234   97  134 32143.0000 32154.7070  0.04%   198 1778s
 831260 305604     cutoff   98      32143.0000 32154.7037  0.04%   198 1782s
 833168 306097 32150.6419   92  150 32143.0000 32154.6998  0.04%   198 1785s
 836562 307347     cutoff  102      32143.0000 32154.6910  0.04%   198 1792s
 838406 307863 32147.6699   91   67 32143.0000 32154.6869  0.04%   198 1796s
 840045 308472 32152.0762   94  119 32143.0000 32154.6831  0.04%   198 1800s
 843772 309697     cutoff   92      32143.0000 32154.6754  0.04%   198 1807s
 845613 310369 32151.1695   85  155 32143.0000 32154.6697  0.04%   198 1811s
 849176 311492 32150.3663   86  126 32143.0000 32154.6617  0.04%   198 1818s
 851053 311894 32148.2619   98   88 32143.0000 32154.6576  0.04%   198 1821s
 852867 312479     cutoff   87      32143.0000 32154.6533  0.04%   198 1825s
 856256 313593 32145.1809   95  108 32143.0000 32154.6461  0.04%   198 1832s
 858102 314250 32146.1342   92  128 32143.0000 32154.6420  0.04%   198 1836s
 861962 315290 32148.7089   92  131 32143.0000 32154.6335  0.04%   198 1843s
 863550 315984 32150.6064   88  139 32143.0000 32154.6306  0.04%   198 1847s
 865321 316554 32145.5980   95   95 32143.0000 32154.6275  0.04%   198 1850s
 868768 317602 32150.9916   85  148 32143.0000 32154.6195  0.04%   198 1857s
 870541 318211 32151.2233   92  137 32143.0000 32154.6162  0.04%   198 1861s
 874204 319343 32151.7069   80  148 32143.0000 32154.6085  0.04%   198 1867s
 875876 319962 32148.5189   84  140 32143.0000 32154.6044  0.04%   198 1871s
 877729 320594 32149.1470   93  126 32143.0000 32154.5997  0.04%   198 1875s
 879434 321003 32145.7006  108  117 32143.0000 32154.5963  0.04%   198 1880s
 880634 321160 32151.3595   91  145 32143.0000 32154.5957  0.04%   198 1886s
 880997 321959 32148.1949   81  142 32143.0000 32154.5942  0.04%   198 1891s
 883430 322716     cutoff  111      32143.0000 32154.5877  0.04%   198 1895s
 887809 323996 32148.9919   82  156 32143.0000 32154.5788  0.04%   198 1903s
 889764 324753 32147.0000   90   49 32143.0000 32154.5741  0.04%   198 1907s
 891762 325386 32148.6655   98   97 32143.0000 32154.5691  0.04%   198 1910s
 896008 326638 32148.6432   84   86 32143.0000 32154.5610  0.04%   198 1917s
 897808 327156     cutoff   95      32143.0000 32154.5579  0.04%   198 1920s
 901303 328176 32147.3337  100   83 32143.0000 32154.5523  0.04%   198 1927s
 903048 328777     cutoff   90      32143.0000 32154.5481  0.04%   198 1930s
 906334 329911     cutoff   98      32143.0000 32154.5404  0.04%   198 1937s
 908187 330522 32150.5417   82  115 32143.0000 32154.5375  0.04%   198 1940s
 911662 331587 32148.6416   95  127 32143.0000 32154.5292  0.04%   198 1947s
 913576 332096 32150.4922   97  136 32143.0000 32154.5251  0.04%   198 1951s
 917311 333285 32144.0000  106   68 32143.0000 32154.5170  0.04%   198 1958s
 919029 333816 32144.2037  104  116 32143.0000 32154.5128  0.04%   198 1961s
 922587 335025 32152.3517   88  133 32143.0000 32154.5047  0.04%   198 1968s
 924274 335751 32151.8727   90  120 32143.0000 32154.5013  0.04%   198 1971s
 926209 336406 32148.2180   88  132 32143.0000 32154.4976  0.04%   198 1975s
 929834 337610 32152.3473   91  120 32143.0000 32154.4898  0.04%   198 1982s
 931912 338193 32145.3796   82  125 32143.0000 32154.4849  0.04%   198 1985s
 935405 339354 32144.3295   98  114 32143.0000 32154.4780  0.04%   198 1991s
 937118 339915     cutoff   91      32143.0000 32154.4734  0.04%   198 1995s
 940698 341213 32149.3693   94  128 32143.0000 32154.4662  0.04%   198 2001s
 944280 342320     cutoff  106      32143.0000 32154.4592  0.04%   198 2008s
 946122 342914 32145.7238  104   99 32143.0000 32154.4551  0.04%   198 2011s
 947926 343520 32144.6799   83  113 32143.0000 32154.4509  0.04%   198 2015s
 951748 344710 32149.3377  103   66 32143.0000 32154.4432  0.04%   198 2022s
 953630 345307 32147.1042   95  121 32143.0000 32154.4395  0.04%   198 2025s
 957389 346380 32150.1282   97  113 32143.0000 32154.4306  0.04%   198 2032s
 958708 346987 32146.3015   92  131 32143.0000 32154.4284  0.04%   198 2035s
 962398 348074 32149.3160   85  150 32143.0000 32154.4203  0.04%   198 2042s
 963831 348574 32150.4412   95  142 32143.0000 32154.4181  0.04%   198 2046s
 967596 349529 32151.4299   91  149 32143.0000 32154.4092  0.04%   198 2052s
 969376 350053 32151.6223   82  148 32143.0000 32154.4052  0.04%   198 2056s
 972925 351176     cutoff   89      32143.0000 32154.3980  0.04%   198 2062s
 974671 351658 32146.3955   94   78 32143.0000 32154.3948  0.04%   198 2066s
 978276 352820 32149.0000  109   37 32143.0000 32154.3868  0.04%   198 2073s
 980167 353373 32149.9637   87  131 32143.0000 32154.3836  0.04%   198 2076s
 981999 353849 32151.5393  101  140 32143.0000 32154.3801  0.04%   198 2080s
 985797 355114     cutoff   94      32143.0000 32154.3734  0.04%   198 2087s
 987596 355558 32146.9892   91  158 32143.0000 32154.3694  0.04%   198 2091s
 991048 356634 32150.4865   94   98 32143.0000 32154.3617  0.04%   198 2098s
 992964 357226 32152.0153   88  142 32143.0000 32154.3575  0.04%   198 2101s
 994777 357808 32153.6675   95  142 32143.0000 32154.3536  0.04%   198 2105s
 998426 358921 32153.3901   92  117 32143.0000 32154.3470  0.04%   197 2112s
 1000125 359367 32149.0705   97  130 32143.0000 32154.3437  0.04%   198 2115s
 1003793 360552 32150.9658   85  133 32143.0000 32154.3353  0.04%   197 2122s
 1005624 361034     cutoff   99      32143.0000 32154.3318  0.04%   197 2126s
 1007315 361721 32149.9143  104  102 32143.0000 32154.3281  0.04%   197 2130s
 1011067 362806     cutoff   96      32143.0000 32154.3207  0.04%   197 2137s
 1012930 363208     cutoff   97      32143.0000 32154.3170  0.04%   197 2140s
 1016359 364322 32150.0000  114   26 32143.0000 32154.3109  0.04%   197 2147s
 1018271 364900 32152.8667   77  140 32143.0000 32154.3077  0.04%   197 2151s
 1019892 365467 32153.8053   82  138 32143.0000 32154.3045  0.04%   197 2155s
 1023710 366738     cutoff  102      32143.0000 32154.2986  0.04%   197 2163s
 1025505 367429     cutoff   90      32143.0000 32154.2946  0.04%   197 2166s
 1027317 368100 32146.8676  106  141 32143.0000 32154.2927  0.04%   197 2170s
 1030854 369126     cutoff   94      32143.0000 32154.2857  0.04%   197 2177s
 1032612 369643 32151.2035   98  141 32143.0000 32154.2817  0.04%   197 2181s
 1036168 370729 32145.9881   85  102 32143.0000 32154.2745  0.04%   197 2188s
 1038013 371366 32145.6668   87  117 32143.0000 32154.2715  0.04%   197 2192s
 1039952 371879 32152.2432   88  121 32143.0000 32154.2670  0.04%   197 2195s
 1043625 373061     cutoff   90      32143.0000 32154.2610  0.04%   197 2203s
 1045633 373616 32144.1242  100  148 32143.0000 32154.2584  0.04%   197 2206s
 1049195 374634     cutoff   86      32143.0000 32154.2513  0.04%   197 2213s
 1050842 375130     cutoff  102      32143.0000 32154.2486  0.03%   197 2216s
 1052620 375584     cutoff   85      32143.0000 32154.2457  0.03%   197 2221s
 1056103 376713 32145.2952   88  126 32143.0000 32154.2386  0.03%   197 2228s
 1057985 377271 32150.8898  101   96 32143.0000 32154.2354  0.03%   197 2231s
 1059814 377803 32144.7721   79  123 32143.0000 32154.2317  0.03%   197 2235s
 1063297 378932     cutoff  107      32143.0000 32154.2248  0.03%   197 2242s
 1065106 379482 32148.2877   96   97 32143.0000 32154.2214  0.03%   197 2246s
 1066966 380022     cutoff   96      32143.0000 32154.2181  0.03%   197 2250s
 1070748 381179 32145.3142   99   90 32143.0000 32154.2099  0.03%   197 2257s
 1072724 381523     cutoff   91      32143.0000 32154.2070  0.03%   197 2260s
 1075858 382567 32150.9670   95  121 32143.0000 32154.2017  0.03%   197 2267s
 1077757 383011     cutoff   94      32143.0000 32154.1981  0.03%   197 2271s
 1079399 383322 32147.9349   80  142 32143.0000 32154.1939  0.03%   197 2276s
 1080403 383885     cutoff   92      32143.0000 32154.1935  0.03%   197 2280s
 1084578 384974 32151.3505  104  102 32143.0000 32154.1849  0.03%   197 2287s
 1086572 385486 32144.7770   90   70 32143.0000 32154.1809  0.03%   197 2291s
 1090467 386619     cutoff  102      32143.0000 32154.1735  0.03%   197 2298s
 1092299 387257     cutoff   89      32143.0000 32154.1703  0.03%   197 2302s
 1094321 387754 32146.7972   90  107 32143.0000 32154.1672  0.03%   197 2305s
 1097923 388724 32146.2610  100  143 32143.0000 32154.1604  0.03%   197 2312s
 1099491 389209 32151.0000   99   51 32143.0000 32154.1583  0.03%   197 2315s
 1103104 390121 32151.5701   97  139 32143.0000 32154.1513  0.03%   197 2322s
 1104503 390705 32151.9111  101  143 32143.0000 32154.1500  0.03%   197 2326s
 1108277 391689 32147.9456   90  115 32143.0000 32154.1432  0.03%   197 2333s
 1109973 392264 32148.3409   86  143 32143.0000 32154.1393  0.03%   197 2337s
 1111941 392805 32148.0000  104   42 32143.0000 32154.1350  0.03%   197 2340s
 1115587 393804     cutoff   79      32143.0000 32154.1282  0.03%   197 2347s
 1117251 394359     cutoff   87      32143.0000 32154.1250  0.03%   197 2350s
 1120927 395437 32152.7997   84  176 32143.0000 32154.1187  0.03%   197 2357s
 1122724 395932     cutoff   99      32143.0000 32154.1161  0.03%   197 2360s
 1126120 396900 32145.2516   91  117 32143.0000 32154.1094  0.03%   197 2367s
 1128000 397508 32147.9980   97  121 32143.0000 32154.1055  0.03%   197 2370s
 1131708 398548 32150.9638   84  141 32143.0000 32154.0985  0.03%   197 2377s
 1133563 399137     cutoff   96      32143.0000 32154.0954  0.03%   197 2381s
 1137426 400127 32146.8679   75  112 32143.0000 32154.0879  0.03%   197 2387s
 1139207 400677 32152.8010   89  106 32143.0000 32154.0845  0.03%   197 2391s
 1142752 401635 32153.2364   97  169 32143.0000 32154.0788  0.03%   197 2397s
 1144630 402257     cutoff   82      32143.0000 32154.0745  0.03%   197 2401s
 1148460 403310 32149.7168   93  116 32143.0000 32154.0675  0.03%   197 2408s
 1150229 403811     cutoff  107      32143.0000 32154.0643  0.03%   197 2411s
 1152118 404305 32147.0361   99  103 32143.0000 32154.0609  0.03%   197 2416s
 1155545 405419     cutoff  100      32143.0000 32154.0554  0.03%   197 2422s
 1157309 406002 32149.3381  103   97 32143.0000 32154.0523  0.03%   197 2426s
 1161039 407124 32148.9144   82  121 32143.0000 32154.0458  0.03%   197 2433s
 1162808 407666 32151.2945   83  124 32143.0000 32154.0432  0.03%   197 2436s
 1164692 408250     cutoff   97      32143.0000 32154.0400  0.03%   197 2440s
 1168521 409510 32150.6233   77  115 32143.0000 32154.0339  0.03%   197 2447s
 1170536 410024 32150.2953   90  122 32143.0000 32154.0306  0.03%   197 2450s
 1174123 410970 32151.0290   84  133 32143.0000 32154.0240  0.03%   197 2457s
 1175751 411524 32153.8859   95  150 32143.0000 32154.0205  0.03%   197 2460s
 1178988 412461     cutoff   94      32143.0000 32154.0168  0.03%   197 2467s
 1180693 412953 32151.3086   99  124 32143.0000 32154.0131  0.03%   197 2470s
 1184517 414029     cutoff   74      32143.0000 32154.0059  0.03%   197 2477s
 1186255 414468     cutoff   96      32143.0000 32154.0031  0.03%   197 2480s
 1187973 415356 32147.4741   96  126 32143.0000 32154.0000  0.03%   197 2485s
 1194592 418938 32151.0442   88   85 32143.0000 32154.0000  0.03%   196 2491s
 1203049 421081 32152.0924   96  108 32143.0000 32154.0000  0.03%   195 2498s
 1205060 423580 32152.6964   96   72 32143.0000 32154.0000  0.03%   195 2503s
 1211325 424780 32146.9420  109   61 32143.0000 32154.0000  0.03%   194 2505s
 1220289 427347 32151.0000   91   35 32143.0000 32154.0000  0.03%   194 2511s
 1221724 429093 32150.0000  101   33 32143.0000 32154.0000  0.03%   194 2515s
 1229730 430811 32146.8005  112   96 32143.0000 32154.0000  0.03%   193 2521s
 1234784 432721 32149.3884  124   52 32143.0000 32154.0000  0.03%   193 2526s
 1237933 434044 32150.0000  112   27 32143.0000 32154.0000  0.03%   193 2530s
 1244224 436682 32150.0000  118   40 32143.0000 32154.0000  0.03%   192 2536s
 1247801 438619 32150.0000  105   51 32143.0000 32154.0000  0.03%   192 2541s
 1254316 441429 32147.3632  123   59 32143.0000 32154.0000  0.03%   192 2546s
 1258253 443864 32149.9892  102   76 32143.0000 32154.0000  0.03%   191 2551s
 1266633 445900 32149.1914  118   63 32143.0000 32154.0000  0.03%   191 2556s
 1270734 447584 32151.4659  107   89 32143.0000 32154.0000  0.03%   191 2561s
 1275736 449913 32144.0000  120   24 32143.0000 32154.0000  0.03%   190 2566s
 1277938 451184 32152.2751  104   64 32143.0000 32154.0000  0.03%   190 2570s
 1286308 453695     cutoff  121      32143.0000 32154.0000  0.03%   190 2576s
 1292419 455482 32144.0000  106   32 32143.0000 32154.0000  0.03%   189 2581s
 1295855 457401 32149.6664  105   52 32143.0000 32154.0000  0.03%   189 2587s
 1301637 458820     cutoff  125      32143.0000 32154.0000  0.03%   189 2591s
 1305333 460128     cutoff  113      32143.0000 32154.0000  0.03%   189 2595s
 1310772 462288 32150.2703   98   87 32143.0000 32154.0000  0.03%   189 2600s
 1314782 464875     cutoff  135      32143.0000 32154.0000  0.03%   188 2606s
 1322683 466794     cutoff   93      32143.0000 32154.0000  0.03%   188 2611s
 1326967 468556 32151.0698  101   61 32143.0000 32154.0000  0.03%   188 2615s
 1333520 473061 32149.8484  122   54 32143.0000 32154.0000  0.03%   187 2622s
 1342250 474578 32151.9392  117   53 32143.0000 32154.0000  0.03%   187 2625s
 1346528 476528 32145.0000  140   25 32143.0000 32153.9985  0.03%   186 2630s
 1349868 477653 32148.7870  124   73 32143.0000 32153.9962  0.03%   186 2635s
 1352303 479214 32149.0708   91   79 32143.0000 32153.9940  0.03%   186 2641s
 1357945 480800 32145.5517   87  121 32143.0000 32153.9910  0.03%   186 2645s
 1362975 482502     cutoff  101      32143.0000 32153.9875  0.03%   186 2650s
 1365947 483373 32147.5510   86  141 32143.0000 32153.9851  0.03%   186 2655s
 1370805 485536 32151.2109  105  106 32143.0000 32153.9815  0.03%   185 2662s
 1373641 486286 32145.1428   86  109 32143.0000 32153.9796  0.03%   185 2665s
 1377227 487476     cutoff   92      32143.0000 32153.9771  0.03%   185 2670s
 1382520 489522 32146.5143   92  127 32143.0000 32153.9728  0.03%   185 2677s
 1386309 490879 32146.0565   85  120 32143.0000 32153.9695  0.03%   185 2681s
 1390041 492508 32148.2117   95  128 32143.0000 32153.9673  0.03%   185 2687s
 1392533 493148 32151.6785   92  142 32143.0000 32153.9651  0.03%   185 2690s
 1396259 494382 32145.3831   81   73 32143.0000 32153.9618  0.03%   184 2695s
 1399975 495682 32147.5683   98  156 32143.0000 32153.9590  0.03%   184 2700s
 1404133 497142 32149.6778   86  131 32143.0000 32153.9556  0.03%   184 2705s
 1409000 499003 32153.5254  112   60 32143.0000 32153.9513  0.03%   184 2713s
 1411591 499672     cutoff  123      32143.0000 32153.9488  0.03%   184 2716s
 1415239 500868 32147.3414  103  126 32143.0000 32153.9455  0.03%   184 2720s
 1418858 502017 32146.5390   90  153 32143.0000 32153.9426  0.03%   184 2725s
 1422374 503296     cutoff   85      32143.0000 32153.9392  0.03%   184 2730s
 1426398 504479 32153.3929   92  153 32143.0000 32153.9365  0.03%   183 2735s
 1430495 506017     cutoff   99      32143.0000 32153.9328  0.03%   183 2741s
 1434035 506996 32152.0406   86  152 32143.0000 32153.9297  0.03%   183 2746s
 1437602 508127 32150.0000  124   31 32143.0000 32153.9266  0.03%   183 2751s
 1441036 509372 32150.2207   93  110 32143.0000 32153.9238  0.03%   183 2756s
 1444064 510467 32144.6350  114  116 32143.0000 32153.9209  0.03%   183 2761s
 1445972 511358     cutoff  110      32143.0000 32153.9195  0.03%   183 2765s
 1450132 512525 32153.6974   91   52 32143.0000 32153.9155  0.03%   183 2770s
 1453666 513741 32149.0688   77  125 32143.0000 32153.9122  0.03%   183 2775s
 1457602 515138 32146.0290  106  111 32143.0000 32153.9092  0.03%   183 2780s
 1460916 516292 32150.1516   96  112 32143.0000 32153.9057  0.03%   183 2786s
 1464455 517637 32152.8012   83  156 32143.0000 32153.9022  0.03%   183 2792s
 1466543 518298 32153.8620   83  149 32143.0000 32153.9001  0.03%   183 2795s
 1470626 519703 32148.5765   79  140 32143.0000 32153.8963  0.03%   183 2801s
 1474367 520949 32151.1621  117   72 32143.0000 32153.8927  0.03%   182 2806s
 1477864 522272 32153.8457   76  120 32143.0000 32153.8895  0.03%   182 2811s
 1479473 522926 32149.0627   89  106 32143.0000 32153.8879  0.03%   182 2815s
 1482999 524361 32150.4542   76   89 32143.0000 32153.8845  0.03%   182 2821s
 1487460 526020     cutoff   90      32143.0000 32153.8822  0.03%   182 2826s
 1490958 527323     cutoff  108      32143.0000 32153.8784  0.03%   182 2832s
 1494693 528601 32146.0223  118   38 32143.0000 32153.8749  0.03%   182 2836s
 1498245 529999 32152.8237   95  148 32143.0000 32153.8716  0.03%   182 2842s
 1501734 531404 32145.5187   99  102 32143.0000 32153.8680  0.03%   182 2848s
 1504135 532025     cutoff  104      32143.0000 32153.8661  0.03%   182 2850s
 1507645 533236 32152.0000  109   28 32143.0000 32153.8630  0.03%   182 2856s
 1511174 534006     cutoff   99      32143.0000 32153.8592  0.03%   182 2862s
 1512133 534727 32151.6396   96   65 32143.0000 32153.8589  0.03%   182 2865s
 1516017 536047 32148.2258   99   99 32143.0000 32153.8550  0.03%   182 2871s
 1519798 537505 32144.8625  115  134 32143.0000 32153.8511  0.03%   182 2877s
 1522155 537989     cutoff  113      32143.0000 32153.8494  0.03%   182 2880s
 1525397 539152     cutoff  101      32143.0000 32153.8466  0.03%   182 2885s
 1529180 540480 32150.7699  113  113 32143.0000 32153.8419  0.03%   181 2891s
 1533406 541770 32148.0000  121   37 32143.0000 32153.8382  0.03%   181 2896s
 1536970 542958     cutoff   82      32143.0000 32153.8353  0.03%   181 2901s
 1538764 543672     cutoff   95      32143.0000 32153.8334  0.03%   181 2905s
 1542857 544825     cutoff   93      32143.0000 32153.8300  0.03%   181 2910s
 1546304 545961 32152.9991   83  134 32143.0000 32153.8257  0.03%   181 2916s
 1549983 547242 32148.5549  108  168 32143.0000 32153.8227  0.03%   181 2922s
 1551855 547842 32152.2841   87  125 32143.0000 32153.8213  0.03%   181 2925s
 1555756 549109 32151.0000   99   27 32143.0000 32153.8169  0.03%   181 2930s
 1559847 550372 32151.8750  107   99 32143.0000 32153.8129  0.03%   181 2937s
 1561745 551041 32145.5385  105   34 32143.0000 32153.8106  0.03%   181 2940s
 1565531 552538     cutoff  103      32143.0000 32153.8072  0.03%   181 2945s
 1569280 553837 32150.0000  118   36 32143.0000 32153.8035  0.03%   181 2950s
 1573166 555115     cutoff   92      32143.0000 32153.7998  0.03%   181 2956s
 1576629 556533 32150.3049   91  134 32143.0000 32153.7971  0.03%   181 2962s
 1580633 557787     cutoff   96      32143.0000 32153.7930  0.03%   181 2967s
 1582463 558418 32147.3387   95  105 32143.0000 32153.7911  0.03%   181 2970s
 1585980 559683 32148.0000   93   42 32143.0000 32153.7882  0.03%   181 2975s
 1589599 560850 32147.6950   97  126 32143.0000 32153.7846  0.03%   180 2981s
 1592673 561898 32152.0083   89  163 32143.0000 32153.7818  0.03%   180 2986s
 1594452 562662 32148.5682  102  141 32143.0000 32153.7798  0.03%   180 2990s
 1598506 563945 32153.3054  112   48 32143.0000 32153.7763  0.03%   180 2995s
 1602105 565107 32147.1757  112  106 32143.0000 32153.7728  0.03%   180 3001s
 1603848 565644 32152.5785  104  106 32143.0000 32153.7712  0.03%   180 3005s
 1607587 567010     cutoff  106      32143.0000 32153.7681  0.03%   180 3011s
 1611296 568088 32152.0435   94  144 32143.0000 32153.7644  0.03%   180 3016s
 1612936 568846 32152.0189   80  149 32143.0000 32153.7625  0.03%   180 3020s
 1617026 570091     cutoff  127      32143.0000 32153.7587  0.03%   180 3025s
 1620733 571308 32144.2575   91  125 32143.0000 32153.7549  0.03%   180 3031s
 1624350 572545 32149.6806  134   59 32143.0000 32153.7519  0.03%   180 3036s
 1627912 573662     cutoff   84      32143.0000 32153.7481  0.03%   180 3042s
 1631197 574881     cutoff  101      32143.0000 32153.7451  0.03%   180 3048s
 1632916 575626 32145.5940   98  133 32143.0000 32153.7432  0.03%   180 3051s
 1635174 576125 32153.0000   96   77 32143.0000 32153.7412  0.03%   180 3055s
 1639094 577862 32148.3889   96  127 32143.0000 32153.7378  0.03%   180 3061s
 1643056 579141 32152.6734   88   82 32143.0000 32153.7336  0.03%   180 3067s
 1644975 579704 32147.1937   95  154 32143.0000 32153.7315  0.03%   180 3070s
 1648602 580831 32146.0000   92  119 32143.0000 32153.7275  0.03%   180 3076s
 1652354 582138 32150.0016   96  117 32143.0000 32153.7231  0.03%   180 3082s
 1654269 582637     cutoff   89      32143.0000 32153.7212  0.03%   180 3085s
 1657147 583872 32150.4724  101   77 32143.0000 32153.7196  0.03%   180 3093s
 1659198 584445     cutoff   87      32143.0000 32153.7170  0.03%   180 3096s
 1663272 585868 32151.0603   88  128 32143.0000 32153.7130  0.03%   180 3102s
 1665167 586539 32146.5800   95  126 32143.0000 32153.7113  0.03%   180 3105s
 1669052 587931 32146.8280  113   43 32143.0000 32153.7077  0.03%   180 3111s
 1673200 589042 32146.6320   91  140 32143.0000 32153.7036  0.03%   179 3117s
 1676614 590253 32145.7609  104   79 32143.0000 32153.7002  0.03%   179 3122s
 1678249 590693 32144.9729   91  113 32143.0000 32153.6994  0.03%   179 3125s
 1681430 592028 32145.8433  105   74 32143.0000 32153.6965  0.03%   179 3131s
 1685398 593215 32148.7193   93  146 32143.0000 32153.6932  0.03%   179 3136s
 1688985 594461 32148.9208   79  141 32143.0000 32153.6892  0.03%   179 3142s
 1690894 595041     cutoff   91      32143.0000 32153.6872  0.03%   179 3145s
 1694312 596287 32149.1887   81  114 32143.0000 32153.6835  0.03%   179 3151s
 1698023 597436 32153.1127   80  144 32143.0000 32153.6794  0.03%   179 3158s
 1700035 598137     cutoff   92      32143.0000 32153.6778  0.03%   179 3160s
 1703958 599135     cutoff  103      32143.0000 32153.6739  0.03%   179 3167s
 1705717 600285 32148.2149   96  122 32143.0000 32153.6716  0.03%   179 3170s
 1710622 602716     cutoff  132      32143.0000 32153.6711  0.03%   179 3175s
 1715823 604613 32153.3550  114   81 32143.0000 32153.6711  0.03%   179 3180s
 1722222 607051 32150.1194  118   93 32143.0000 32153.6702  0.03%   178 3185s
 1727419 608914 32152.7344   93  148 32143.0000 32153.6688  0.03%   178 3190s
 1730479 609966 32152.4721   86   99 32143.0000 32153.6666  0.03%   178 3196s
 1733734 610564 32151.9796   98  118 32143.0000 32153.6650  0.03%   178 3205s
 1737116 612162 32148.2285   92  122 32143.0000 32153.6621  0.03%   178 3211s
 1740086 613190 32149.7104  112   58 32143.0000 32153.6595  0.03%   178 3215s
 1743136 614398     cutoff  117      32143.0000 32153.6563  0.03%   178 3221s
 1748490 616743 32152.0000  102   39 32143.0000 32153.6558  0.03%   178 3225s
 1754047 618228 32149.0283  100  117 32143.0000 32153.6505  0.03%   177 3231s
 1756848 618966 32147.7464   81  129 32143.0000 32153.6484  0.03%   177 3235s
 1759626 620435 32150.0724   95  132 32143.0000 32153.6460  0.03%   177 3240s
 1764628 621826 infeasible  103      32143.0000 32153.6428  0.03%   177 3245s
 1768443 623374 32148.3590  110   85 32143.0000 32153.6405  0.03%   177 3250s
 1773876 624934 32147.5669   91  134 32143.0000 32153.6373  0.03%   177 3256s
 1776886 625936 32151.6528  104  110 32143.0000 32153.6347  0.03%   177 3261s
 1780369 627425 32149.2419   83  140 32143.0000 32153.6317  0.03%   177 3266s
 1784372 628609     cutoff   94      32143.0000 32153.6283  0.03%   177 3272s
 1786147 629245     cutoff  110      32143.0000 32153.6271  0.03%   177 3275s
 1789861 630497 32148.3324   88   89 32143.0000 32153.6243  0.03%   177 3280s
 1793402 631780 32149.8832   80  101 32143.0000 32153.6215  0.03%   177 3285s
 1797188 633001 32149.2212   99  118 32143.0000 32153.6181  0.03%   177 3290s
 1801252 634209 32149.8333   98   87 32143.0000 32153.6154  0.03%   177 3297s
 1804907 635542 32144.1956   92  120 32143.0000 32153.6121  0.03%   177 3302s
 1806721 636113 32150.0000  100  105 32143.0000 32153.6106  0.03%   177 3305s
 1809941 637212 32151.3279   81  129 32143.0000 32153.6082  0.03%   177 3311s
 1813756 638407 32148.9827   96  126 32143.0000 32153.6045  0.03%   176 3317s
 1817339 639733     cutoff   96      32143.0000 32153.6019  0.03%   176 3323s
 1819302 640437 32153.3347  100  125 32143.0000 32153.6001  0.03%   176 3325s
 1823583 641732 32151.7597   96  124 32143.0000 32153.5958  0.03%   176 3332s
 1825186 642294     cutoff  108      32143.0000 32153.5942  0.03%   176 3335s
 1828697 643391 32147.1548   92  136 32143.0000 32153.5914  0.03%   176 3340s
 1832031 644621 32147.8959  100  121 32143.0000 32153.5886  0.03%   176 3345s
 1835434 645847     cutoff   89      32143.0000 32153.5854  0.03%   176 3351s
 1839444 646990     cutoff  108      32143.0000 32153.5806  0.03%   176 3356s
 1843034 648006     cutoff  103      32143.0000 32153.5775  0.03%   176 3362s
 1846619 648801 32149.7952   99  120 32143.0000 32153.5758  0.03%   176 3365s
 1848793 649985 32147.4607   94  153 32143.0000 32153.5729  0.03%   176 3370s
 1852344 651064 32152.0000  117   29 32143.0000 32153.5693  0.03%   176 3375s
 1856751 652328 32151.3756  105  126 32143.0000 32153.5665  0.03%   176 3381s
 1860038 653523     cutoff   95      32143.0000 32153.5634  0.03%   176 3386s
 1863582 654675 32149.0589   93  110 32143.0000 32153.5598  0.03%   176 3390s
 1867265 656009 32146.1970   94  157 32143.0000 32153.5570  0.03%   176 3396s
 1870140 656884     cutoff  105      32143.0000 32153.5555  0.03%   176 3401s
 1873655 658325 32151.7755  112   95 32143.0000 32153.5516  0.03%   176 3407s
 1875963 658862 32145.4985  133   29 32143.0000 32153.5498  0.03%   176 3410s
 1879581 659968 32148.9531  117   73 32143.0000 32153.5473  0.03%   176 3415s
 1883058 661111 32144.0000  123   38 32143.0000 32153.5448  0.03%   176 3420s
 1886903 662222 32147.9631  108   93 32143.0000 32153.5417  0.03%   176 3425s
 1890458 663379 32145.2001  122  100 32143.0000 32153.5391  0.03%   176 3430s
 1894161 664710 32145.3706   82  122 32143.0000 32153.5352  0.03%   176 3435s
 1897918 665889 32148.1725   93  121 32143.0000 32153.5323  0.03%   175 3441s
 1901684 666997 32152.8689   94  137 32143.0000 32153.5289  0.03%   175 3446s
 1904968 668196 32146.1889   94  112 32143.0000 32153.5255  0.03%   175 3452s
 1906810 668650 32150.6733   79  147 32143.0000 32153.5239  0.03%   175 3455s
 1910221 669831 32146.6663   91  154 32143.0000 32153.5206  0.03%   175 3460s
 1914106 671726     cutoff   99      32143.0000 32153.5170  0.03%   175 3467s
 1917506 672540 32144.6337  123   83 32143.0000 32153.5170  0.03%   175 3470s
 1923227 674305     cutoff   98      32143.0000 32153.5136  0.03%   175 3476s
 1925915 675030 32150.0000  120   26 32143.0000 32153.5110  0.03%   175 3480s
 1928769 676165 32148.2500  118   17 32143.0000 32153.5085  0.03%   175 3486s
 1932671 677643 32144.4741   94  117 32143.0000 32153.5051  0.03%   175 3492s
 1936818 678853 32149.1746   85  105 32143.0000 32153.5020  0.03%   175 3497s
 1938375 679317     cutoff   96      32143.0000 32153.5005  0.03%   175 3500s
 1941522 680413 32146.6093  106   72 32143.0000 32153.4970  0.03%   175 3505s
 1945228 681602 32149.4117  103  119 32143.0000 32153.4938  0.03%   175 3511s
 1949333 682905 32151.9978  123   78 32143.0000 32153.4897  0.03%   175 3517s
 1952911 683982 32145.5658   94   76 32143.0000 32153.4877  0.03%   175 3524s
 1954673 684556     cutoff  104      32143.0000 32153.4862  0.03%   175 3526s
 1958298 685747 32152.6956   78  170 32143.0000 32153.4826  0.03%   175 3532s
 1960203 686174 32145.0380   96  100 32143.0000 32153.4815  0.03%   175 3535s
 1963531 687079 32149.3495   77  127 32143.0000 32153.4784  0.03%   175 3540s
 1967524 688312     cutoff  113      32143.0000 32153.4756  0.03%   175 3546s
 1970945 689544     cutoff   92      32143.0000 32153.4723  0.03%   175 3552s
 1972885 690134 32144.5462   94   90 32143.0000 32153.4710  0.03%   175 3555s
 1976555 691185 32145.6553  103  134 32143.0000 32153.4675  0.03%   175 3560s
 1979791 692170     cutoff  106      32143.0000 32153.4648  0.03%   175 3566s
 1983065 693049 32149.9523   91  103 32143.0000 32153.4617  0.03%   175 3572s
 1985245 693520     cutoff   98      32143.0000 32153.4595  0.03%   174 3575s
 1988710 694678 32151.4485  108   69 32143.0000 32153.4560  0.03%   174 3581s
 1992380 695777     cutoff  111      32143.0000 32153.4527  0.03%   174 3587s
 1994183 696309 32150.5056   87  115 32143.0000 32153.4509  0.03%   174 3590s
 1997793 697362     cutoff  100      32143.0000 32153.4477  0.03%   174 3595s
 2001260 697908 32150.1150   95  147 32143.0000 32153.4451  0.03%   174 3600s

Cutting planes:
  Gomory: 13
  Cover: 370
  Clique: 5
  MIR: 211
  StrongCG: 155
  Flow cover: 51
  Zero half: 5
  RLT: 3

Explored 2001322 nodes (348960846 simplex iterations) in 3600.02 seconds
Thread count was 12 (of 12 available processors)

Solution count 10: 32143 32140 32123 ... 31708

Time limit reached
Best objective 3.214300000000e+04, best bound 3.215300000000e+04, gap 0.0311%
