
Gurobi 9.1.2 (win64, Java) logging started Sat Nov  6 23:40:36 2021

Academic license - for non-commercial use only - expires 2022-10-30
Gurobi Optimizer version 9.1.2 build v9.1.2rc0 (win64)
Thread count: 6 physical cores, 12 logical processors, using up to 12 threads
Optimize a model with 80 rows, 1200 columns and 2400 nonzeros
Model fingerprint: 0x15f4c79f
Variable types: 0 continuous, 1200 integer (1200 binary)
Coefficient statistics:
  Matrix range     [1e+00, 1e+03]
  Objective range  [4e+02, 1e+03]
  Bounds range     [1e+00, 1e+00]
  RHS range        [1e+00, 2e+03]
Found heuristic solution: objective 28148.000000
Presolve removed 1 rows and 467 columns
Presolve time: 0.01s
Presolved: 79 rows, 733 columns, 1466 nonzeros
Variable types: 0 continuous, 733 integer (733 binary)
Presolved: 79 rows, 733 columns, 1466 nonzeros


Root relaxation: objective 3.192229e+04, 303 iterations, 0.00 seconds

    Nodes    |    Current Node    |     Objective Bounds      |     Work
 Expl Unexpl |  Obj  Depth IntInf | Incumbent    BestBd   Gap | It/Node Time

     0     0 31922.2925    0   26 28148.0000 31922.2925  13.4%     -    0s
H    0     0                    30155.000000 31922.2925  5.86%     -    0s
H    0     0                    30172.000000 31922.2925  5.80%     -    0s
H    0     0                    31051.000000 31922.2925  2.81%     -    0s
     0     0 31918.7858    0   54 31051.0000 31918.7858  2.79%     -    0s
H    0     0                    31089.000000 31918.7858  2.67%     -    0s
     0     0 31765.0000    0   61 31089.0000 31765.0000  2.17%     -    0s
H    0     0                    31130.000000 31765.0000  2.04%     -    0s
     0     0 31765.0000    0   67 31130.0000 31765.0000  2.04%     -    0s
     0     0 31765.0000    0   33 31130.0000 31765.0000  2.04%     -    0s
     0     2 31765.0000    0   28 31130.0000 31765.0000  2.04%     -    0s
H   31    39                    31161.000000 31764.6573  1.94%   190    0s
H   81    90                    31526.000000 31764.6573  0.76%   134    1s
H   87    90                    31608.000000 31764.6573  0.50%   132    1s
H   94   154                    31612.000000 31764.6573  0.48%   124    1s
H 1303  1029                    31640.000000 31764.6573  0.39%  36.3    1s
H 1373   940                    31644.000000 31764.6573  0.38%  35.2    2s
H 1428   934                    31666.000007 31764.0000  0.31%  44.7    4s
H 1479   928                    31684.000000 31764.0000  0.25%  48.7    6s
H 2509  1243                    31716.000000 31764.0000  0.15%  56.2    8s
  4910  3011 31733.5745   77   17 31716.0000 31764.0000  0.15%  81.2   10s
  8169  4810 31763.3393   32  124 31716.0000 31764.0000  0.15%  91.9   15s
 11958  8077 31759.0852   49  121 31716.0000 31763.9754  0.15%  97.8   20s
 13831  9756 31760.8920   41   94 31716.0000 31763.9459  0.15%   102   25s
H16024  7165                    31738.000000 31763.9251  0.08%   101   29s
 16043  7863 31761.5221   29  101 31738.0000 31763.9235  0.08%   101   30s
 19363  9448 31761.5032   30  126 31738.0000 31763.8988  0.08%   114   36s
H19908  8777                    31741.000000 31763.8988  0.07%   117   36s
 21107 10036 31757.2536   45  114 31741.0000 31763.8577  0.07%   122   42s
H21617  7845                    31747.000000 31763.8485  0.05%   123   42s
 22203  8857 31748.4625   46  100 31747.0000 31763.8371  0.05%   125   45s
 25892 10552 31752.5276   45  109 31747.0000 31763.6957  0.05%   135   50s
 29262 12469 31748.5182   51   87 31747.0000 31763.6102  0.05%   145   56s
 32809 14022 31751.8115   29  110 31747.0000 31763.5120  0.05%   152   62s
 34074 14831 31759.7443   32  141 31747.0000 31763.4818  0.05%   155   66s
 36049 14847 31759.7271   23  126 31747.0000 31763.4313  0.05%   160   70s
 36107 14885 31751.4566   42  175 31747.0000 31763.4313  0.05%   159   75s
 36165 14924 31750.3900   53  196 31747.0000 31763.4313  0.05%   159   80s
 36424 14990 31751.8774   37  125 31747.0000 31762.8630  0.05%   162   85s
 37710 15346 31758.1327   36  155 31747.0000 31760.0000  0.04%   162   90s
 41436 16238 31757.4433   46   69 31747.0000 31759.0000  0.04%   160   95s
 45164 16430 31752.3994   40   83 31747.0000 31758.9362  0.04%   158  100s
 48576 16278 31749.9953   37   81 31747.0000 31758.5652  0.04%   158  105s
 51102 16244 31749.0000   47  112 31747.0000 31758.2916  0.04%   160  111s
 53068 16261 31757.0090   55   94 31747.0000 31758.0000  0.03%   161  115s
 56638 16118     cutoff   47      31747.0000 31757.7010  0.03%   162  122s
 59335 15981 31753.1618   53  109 31747.0000 31757.4143  0.03%   162  129s
 60815 15907 31752.0145   51   64 31747.0000 31757.2320  0.03%   162  132s
 62733 15660 31748.3561   39   88 31747.0000 31757.0000  0.03%   162  135s
 66507 15073 31749.1988   52  106 31747.0000 31756.7215  0.03%   161  141s
 68450 14808 31752.0926   51   76 31747.0000 31756.4819  0.03%   161  145s
 72189 14495 31753.5992   39  125 31747.0000 31756.0014  0.03%   160  151s
 75408 14196 31749.3913   66   92 31747.0000 31756.0000  0.03%   160  159s
 76858 14194 31752.6859   60  120 31747.0000 31756.0000  0.03%   160  162s
 79136 13709 31752.9570   38  112 31747.0000 31755.9103  0.03%   160  166s
 82794 13815 31748.0000   69   33 31747.0000 31755.6531  0.03%   159  172s
 84521 14271 31748.1429   51   43 31747.0000 31755.5280  0.03%   159  175s
 88373 14811 31751.4464   52   75 31747.0000 31755.2938  0.03%   158  181s
 90157 15125 31751.8649   61  114 31747.0000 31755.1653  0.03%   158  185s
 94636 16030 31753.3138   58   59 31747.0000 31755.0000  0.03%   156  191s
 98060 16676     cutoff   63      31747.0000 31754.9611  0.03%   155  196s
 101212 17199 31754.0000   52   41 31747.0000 31754.8189  0.02%   155  201s
 104642 17696 31752.0745   59  115 31747.0000 31754.6870  0.02%   154  207s
 107794 18201     cutoff   55      31747.0000 31754.5284  0.02%   153  212s
*108426 16407              67    31748.000000 31754.5130  0.02%   153  212s
 109551 16372     cutoff   53      31748.0000 31754.4344  0.02%   153  215s
 113352 16430 31750.0182   41  105 31748.0000 31754.1840  0.02%   152  220s
 116868 17033 31753.0994   59   30 31748.0000 31754.0562  0.02%   151  226s
 121274 17440 31753.6935   53   87 31748.0000 31754.0000  0.02%   150  231s
 122736 17599 31751.3990   56   65 31748.0000 31754.0000  0.02%   150  242s
 125517 17799     cutoff   54      31748.0000 31753.9518  0.02%   149  247s
 127297 17895     cutoff   50      31748.0000 31753.8667  0.02%   149  250s
 131067 18080     cutoff   48      31748.0000 31753.7132  0.02%   148  255s
 134693 18170     cutoff   59      31748.0000 31753.5656  0.02%   148  260s
 138146 18178 31752.0000   52   66 31748.0000 31753.4329  0.02%   148  266s
 141532 18245 31750.5102   48   47 31748.0000 31753.2665  0.02%   147  271s
 144873 18433 31750.6978   52   86 31748.0000 31753.0903  0.02%   147  276s
 147382 18825 31751.5494   55   81 31748.0000 31753.0000  0.02%   146  280s
 156187 19306 31752.7426   60   65 31748.0000 31753.0000  0.02%   142  286s
 159203 19596 31750.0000   49   72 31748.0000 31753.0000  0.02%   142  291s
 161436 19662     cutoff   55      31748.0000 31752.9766  0.02%   142  295s
 165615 19843 31749.7609   69   42 31748.0000 31752.8878  0.02%   141  302s
 169599 19985 31749.0000   57   46 31748.0000 31752.7778  0.02%   140  306s
 173376 19949     cutoff   49      31748.0000 31752.6873  0.01%   139  312s
 176499 19857     cutoff   79      31748.0000 31752.6184  0.01%   139  316s
 179538 19874 31750.5379   54  125 31748.0000 31752.5432  0.01%   139  322s
 182914 19848     cutoff   53      31748.0000 31752.3979  0.01%   139  327s
 184679 19828 31749.9286   66   73 31748.0000 31752.3329  0.01%   139  330s
 187074 19894 31749.7500   66   79 31748.0000 31752.2408  0.01%   139  337s
 189183 19959 31749.0000   67   55 31748.0000 31752.1653  0.01%   139  341s
 191239 20411 31750.0000   57   33 31748.0000 31752.1036  0.01%   139  345s
 194335 21490 31749.0000   58   74 31748.0000 31752.0494  0.01%   140  352s
 196435 22018 31749.0000   65   77 31748.0000 31752.0354  0.01%   141  356s
 198567 22439 31749.0501   52   82 31748.0000 31752.0137  0.01%   141  360s
 208880 23371 31752.0000   67   32 31748.0000 31752.0000  0.01%   138  366s
 215330 23608 31749.0000   54   24 31748.0000 31752.0000  0.01%   136  370s
 218122 24089 31750.0000   62   12 31748.0000 31752.0000  0.01%   136  376s
 218994 24301 31751.3750   72   33 31748.0000 31752.0000  0.01%   136  380s
 221699 25586     cutoff   56      31748.0000 31752.0000  0.01%   137  387s
 224835 26659 31749.0000   70   65 31748.0000 31752.0000  0.01%   137  392s
 226407 26940     cutoff   62      31748.0000 31752.0000  0.01%   137  395s
 227658 26963 31749.7078   66  186 31748.0000 31752.0000  0.01%   137  400s
 227818 27006     cutoff   49      31748.0000 31752.0000  0.01%   137  405s
 228893 27227 31752.0000   55   79 31748.0000 31752.0000  0.01%   138  410s
 232629 28090 31752.0000   56   71 31748.0000 31752.0000  0.01%   138  415s
 236459 28104 31751.3180   62   91 31748.0000 31752.0000  0.01%   138  420s
 241229 27988 31752.0000   61   69 31748.0000 31752.0000  0.01%   138  426s
 244749 27485 31752.0000   64   50 31748.0000 31752.0000  0.01%   138  430s
 248424 26988 31749.2735   65   55 31748.0000 31752.0000  0.01%   138  436s
 251848 26593     cutoff   61      31748.0000 31752.0000  0.01%   138  440s
 255051 25988 31752.0000   70   73 31748.0000 31752.0000  0.01%   138  445s
 258208 25599 31749.4423   70   47 31748.0000 31752.0000  0.01%   139  450s
 261995 25021 31752.0000   56   84 31748.0000 31752.0000  0.01%   139  456s
 264635 24395 31752.0000   65   33 31748.0000 31752.0000  0.01%   139  460s
 264684 24432 31752.0000   53  136 31748.0000 31752.0000  0.01%   139  465s
 265784 24586     cutoff   60      31748.0000 31752.0000  0.01%   139  470s
 268736 25067 31752.0000   71   45 31748.0000 31752.0000  0.01%   139  475s
 272419 24880 31752.0000   67   79 31748.0000 31752.0000  0.01%   139  480s
 276877 24582 31752.0000   72   62 31748.0000 31752.0000  0.01%   139  485s
 281838 24079 31752.0000   76   24 31748.0000 31752.0000  0.01%   139  491s
 285647 23481     cutoff   74      31748.0000 31752.0000  0.01%   139  497s
 287417 23127     cutoff   82      31748.0000 31752.0000  0.01%   139  500s
 291449 22301     cutoff   73      31748.0000 31752.0000  0.01%   139  506s
 294489 21780 31751.9906   74   43 31748.0000 31752.0000  0.01%   139  511s
 296370 21342 31749.8532   81   94 31748.0000 31752.0000  0.01%   139  515s
 299649 20817 31752.0000   69   72 31748.0000 31752.0000  0.01%   139  520s
 302905 20009 31750.1327   77   74 31748.0000 31752.0000  0.01%   139  527s
 304724 19497 31750.2093   70  114 31748.0000 31752.0000  0.01%   139  530s
 308143 18833     cutoff   73      31748.0000 31752.0000  0.01%   139  536s
 313102 17494     cutoff   72      31748.0000 31752.0000  0.01%   138  541s
 316696 16465 31752.0000   80   26 31748.0000 31752.0000  0.01%   138  546s
 320390 15287 31752.0000   81   68 31748.0000 31752.0000  0.01%   138  551s
 324204 14355     cutoff   72      31748.0000 31752.0000  0.01%   138  556s
 329325 12954 31751.1669   80   69 31748.0000 31752.0000  0.01%   137  561s
 331826 12399     cutoff   81      31748.0000 31752.0000  0.01%   137  566s
 334859 11930 31752.0000   80   70 31748.0000 31752.0000  0.01%   137  570s
 338287 11431 31752.0000   78   34 31748.0000 31752.0000  0.01%   137  575s
 342017 11893     cutoff   89      31748.0000 31752.0000  0.01%   137  580s
 345385 12074     cutoff   82      31748.0000 31752.0000  0.01%   136  585s
 348966 11945 31750.1429   91   19 31748.0000 31752.0000  0.01%   136  590s
 352806 11733     cutoff   89      31748.0000 31752.0000  0.01%   136  595s
 356958 11647 infeasible   80      31748.0000 31752.0000  0.01%   136  600s
 364827 12161 31752.0000   77   51 31748.0000 31752.0000  0.01%   134  606s
 368383 12388     cutoff   81      31748.0000 31752.0000  0.01%   134  611s
 371960 12768     cutoff   82      31748.0000 31752.0000  0.01%   134  616s
 374658 14117 31751.7405   86   51 31748.0000 31752.0000  0.01%   134  621s
 379640 15324 31749.0000   77   73 31748.0000 31752.0000  0.01%   133  626s
 384735 16588 31751.5790   67   76 31748.0000 31752.0000  0.01%   133  632s
 387173 17627 31749.0000   84   40 31748.0000 31752.0000  0.01%   133  637s
 389955 18781     cutoff   92      31748.0000 31752.0000  0.01%   133  641s
 393161 19840     cutoff   85      31748.0000 31752.0000  0.01%   133  646s
 395842 20644 31749.0000  104   65 31748.0000 31752.0000  0.01%   133  651s
 399027 21890 31749.3212  103   80 31748.0000 31752.0000  0.01%   133  657s
 400873 22595     cutoff   79      31748.0000 31752.0000  0.01%   133  661s
 404784 23691 31751.7475   80   79 31748.0000 31752.0000  0.01%   133  667s
 406213 24253 31751.9548   83   88 31748.0000 31752.0000  0.01%   133  670s
 409515 25539 31749.0000   69   82 31748.0000 31752.0000  0.01%   134  677s
 411229 26240     cutoff   84      31748.0000 31752.0000  0.01%   134  680s
 414968 27546 31749.0000   82   53 31748.0000 31752.0000  0.01%   134  686s
 418787 28798     cutoff   99      31748.0000 31752.0000  0.01%   134  691s
 421932 29829 31749.0000  116   69 31748.0000 31752.0000  0.01%   134  698s
 423438 30395     cutoff   81      31748.0000 31752.0000  0.01%   134  701s
 427004 31457 31749.0000  101   47 31748.0000 31752.0000  0.01%   134  707s
 428167 32058 31749.0000   95   44 31748.0000 31752.0000  0.01%   134  710s
 432081 33413 31749.0000  107   48 31748.0000 31752.0000  0.01%   134  717s
 435257 34817 31751.6741  105   94 31748.0000 31752.0000  0.01%   134  723s
 437284 35529 31752.0000   78   86 31748.0000 31752.0000  0.01%   134  725s
 440790 36722 31749.0000   85   56 31748.0000 31752.0000  0.01%   135  732s
 442545 37184 31749.0000   78   32 31748.0000 31752.0000  0.01%   135  735s
 446124 38367 31749.0000   96   34 31748.0000 31752.0000  0.01%   135  741s
 447662 39103 31749.6943   74  118 31748.0000 31752.0000  0.01%   135  747s
 449385 39631 31751.9150   70  100 31748.0000 31752.0000  0.01%   135  750s
 452890 40849 31751.1637   77  104 31748.0000 31752.0000  0.01%   135  756s
 454338 41476 31750.8446   80  116 31748.0000 31752.0000  0.01%   135  760s
 457880 42520 31751.6463   65   95 31748.0000 31752.0000  0.01%   136  767s
 459465 42997 31751.9458   82  107 31748.0000 31752.0000  0.01%   136  771s
 460831 43549 31749.0000   81   57 31748.0000 31752.0000  0.01%   136  775s
 463985 44511 31751.9107   63  113 31748.0000 31752.0000  0.01%   136  783s
 465387 44893     cutoff   92      31748.0000 31752.0000  0.01%   137  787s
 466547 45430 31751.8665   89   91 31748.0000 31752.0000  0.01%   137  792s
 468081 46016     cutoff   73      31748.0000 31752.0000  0.01%   137  796s
 469720 46648 31749.0000   83   96 31748.0000 31752.0000  0.01%   137  800s
 472636 47712     cutoff   83      31748.0000 31752.0000  0.01%   138  808s
 474435 48376 31752.0000   69  110 31748.0000 31752.0000  0.01%   138  813s
 476436 49103 31749.3538   86  134 31748.0000 31752.0000  0.01%   138  818s
 478536 49861 31751.7187   87   86 31748.0000 31752.0000  0.01%   138  823s
 480765 50705     cutoff   83      31748.0000 31752.0000  0.01%   139  828s
 483262 51393 31749.0000   83   76 31748.0000 31752.0000  0.01%   139  834s
 485399 51928 31750.5689   82   69 31748.0000 31752.0000  0.01%   139  838s
 487237 52647     cutoff   82      31748.0000 31752.0000  0.01%   139  843s
 489438 53197 31751.8366   90   92 31748.0000 31752.0000  0.01%   139  847s
 490985 53847 31750.9387  100   83 31748.0000 31752.0000  0.01%   139  850s
 494695 54928     cutoff   95      31748.0000 31752.0000  0.01%   139  857s
 496465 55551 31752.0000   83  131 31748.0000 31752.0000  0.01%   139  861s
 498211 55967 31751.9509   92   70 31748.0000 31752.0000  0.01%   139  865s
 501173 57187 31750.2212   87  104 31748.0000 31752.0000  0.01%   140  872s
 503080 57997     cutoff   85      31748.0000 31752.0000  0.01%   140  878s
 505362 58892     cutoff   90      31748.0000 31752.0000  0.01%   140  882s
 507915 59405 31750.5700  108   58 31748.0000 31752.0000  0.01%   140  885s
 511585 60191     cutoff   71      31748.0000 31751.9871  0.01%   140  891s
 515213 61099 31749.0000   91   37 31748.0000 31751.9790  0.01%   140  897s
 519035 61977     cutoff   84      31748.0000 31751.9711  0.01%   139  902s
 520979 62464 31751.8992   83   86 31748.0000 31751.9682  0.01%   139  905s

Cutting planes:
  Gomory: 8
  Cover: 393
  Clique: 1
  MIR: 197
  StrongCG: 167
  Flow cover: 31
  GUB cover: 1
  Zero half: 3
  RLT: 3

Explored 522901 nodes (72877598 simplex iterations) in 905.67 seconds
Thread count was 12 (of 12 available processors)

Solution count 10: 31748 31747 31741 ... 31612

Optimal solution found (tolerance 1.00e-04)
Best objective 3.174800000000e+04, best bound 3.175100000000e+04, gap 0.0094%
