
Gurobi 9.1.2 (win64, Java) logging started Sat Nov  6 23:55:42 2021

Academic license - for non-commercial use only - expires 2022-10-30
Gurobi Optimizer version 9.1.2 build v9.1.2rc0 (win64)
Thread count: 6 physical cores, 12 logical processors, using up to 12 threads
Optimize a model with 80 rows, 1200 columns and 2400 nonzeros
Model fingerprint: 0x0d811e7d
Variable types: 0 continuous, 1200 integer (1200 binary)
Coefficient statistics:
  Matrix range     [1e+00, 1e+03]
  Objective range  [4e+02, 1e+03]
  Bounds range     [1e+00, 1e+00]
  RHS range        [1e+00, 1e+03]
Found heuristic solution: objective 26529.000000
Presolve removed 1 rows and 399 columns
Presolve time: 0.01s
Presolved: 79 rows, 801 columns, 1602 nonzeros
Variable types: 0 continuous, 801 integer (801 binary)
Presolved: 79 rows, 801 columns, 1602 nonzeros


Root relaxation: objective 3.231505e+04, 391 iterations, 0.00 seconds

    Nodes    |    Current Node    |     Objective Bounds      |     Work
 Expl Unexpl |  Obj  Depth IntInf | Incumbent    BestBd   Gap | It/Node Time

     0     0 32315.0504    0   20 26529.0000 32315.0504  21.8%     -    0s
H    0     0                    30744.000000 32315.0504  5.11%     -    0s
H    0     0                    30769.000000 32315.0504  5.02%     -    0s
H    0     0                    31158.000000 32315.0504  3.71%     -    0s
     0     0 32233.3066    0   43 31158.0000 32233.3066  3.45%     -    0s
H    0     0                    31163.000000 32233.3066  3.43%     -    0s
     0     0 32227.5493    0   50 31163.0000 32227.5493  3.42%     -    0s
H    0     0                    31213.000000 32227.5493  3.25%     -    0s
     0     0 32227.5493    0   51 31213.0000 32227.5493  3.25%     -    0s
     0     0 32224.0502    0   53 31213.0000 32224.0502  3.24%     -    0s
     0     0 32224.0502    0   37 31213.0000 32224.0502  3.24%     -    0s
     0     0 32224.0502    0   56 31213.0000 32224.0502  3.24%     -    0s
     0     0 32224.0502    0   34 31213.0000 32224.0502  3.24%     -    0s
     0     2 32224.0502    0   15 31213.0000 32224.0502  3.24%     -    0s
H   31    43                    31739.000000 32224.0502  1.53%  62.9    0s
H   71    91                    31760.000000 32224.0502  1.46%  41.8    1s
H   75    91                    31775.000000 32224.0502  1.41%  40.8    1s
H  130   136                    31842.000000 32224.0502  1.20%  34.7    1s
H 1375  1178                    31861.000000 31925.0003  0.20%  18.2    2s
H 1397  1134                    31867.000000 31925.0003  0.18%  24.0    3s
  1419  1149 31925.0003   16   22 31867.0000 31925.0003  0.18%  23.6    5s
H 1448  1118                    31871.000329 31925.0003  0.17%  30.8    5s
H 1487  1082                    31877.000653 31925.0003  0.15%  30.9    6s
H 5907  2964                    31885.000000 31925.0003  0.13%  20.1    9s
 10667  7162 31890.0003  169   26 31885.0000 31925.0003  0.13%  19.0   10s
 23430 16368 31891.0003  139   63 31885.0000 31925.0003  0.13%  30.7   15s
H26641 14845                    31893.000000 31925.0003  0.10%  33.1   18s
H26651 13852                    31896.000000 31925.0003  0.09%  33.2   18s
 28331 15982 31915.0003   83   40 31896.0000 31925.0003  0.09%  34.7   20s
H35889 18775                    31900.000000 31925.0003  0.08%  41.2   24s
 35890 18776 31922.0003  123   39 31900.0000 31925.0000  0.08%  41.2   25s
 36572 19133 31925.0000   64   18 31900.0000 31925.0000  0.08%  41.1   30s
 49092 23217 31922.9696  118   61 31900.0000 31925.0000  0.08%  37.2   35s
H49108 21511                    31903.000000 31925.0000  0.07%  37.2   35s
 53945 22773 31924.5003  181   44 31903.0000 31925.0000  0.07%  39.2   40s
 55022 23197 31925.0000   85   25 31903.0000 31925.0000  0.07%  39.6   45s
 61529 25921 31904.9970  137   37 31903.0000 31925.0000  0.07%  42.3   50s
 65028 27034     cutoff  141      31903.0000 31925.0000  0.07%  44.2   56s
 68888 28551 31923.6239   68   82 31903.0000 31925.0000  0.07%  47.0   60s
 70977 29449 31923.9364   75   75 31903.0000 31925.0000  0.07%  48.6   65s
 72346 29286 31925.0000   73   37 31903.0000 31925.0000  0.07%  49.4   70s
 77011 31389 31924.5724   82   89 31903.0000 31925.0000  0.07%  51.0   75s
H77334 28987                    31910.000000 31925.0000  0.05%  51.3   75s
 80953 29903 31916.8670  126   78 31910.0000 31925.0000  0.05%  55.0   80s
 85407 31349 31920.2796  101   39 31910.0000 31925.0000  0.05%  58.2   86s
 88866 32357 31924.1223  102   69 31910.0000 31925.0000  0.05%  62.0   91s
 90629 32394 31914.8204  149   41 31910.0000 31925.0000  0.05%  63.8   95s
 92124 33307 31922.0000   94   42 31910.0000 31925.0000  0.05%  63.8  100s
 100058 35988 31913.8857  133   47 31910.0000 31925.0000  0.05%  63.1  105s
 104233 37469 31918.1131  161   85 31910.0000 31925.0000  0.05%  63.2  110s
 109034 38463 31915.3354  126   39 31910.0000 31925.0000  0.05%  63.0  115s
 112799 40406 31924.8760  117   74 31910.0000 31925.0000  0.05%  63.0  120s
 118670 42665 31915.8269  225   62 31910.0000 31925.0000  0.05%  63.6  126s
 123302 44616 31924.7889  126   94 31910.0000 31925.0000  0.05%  64.1  130s
 128750 47077 31924.9206  117   75 31910.0000 31925.0000  0.05%  65.0  136s
 133833 48997 31925.0000  123   54 31910.0000 31925.0000  0.05%  65.4  140s
H135189 47156                    31911.000000 31925.0000  0.04%  65.7  141s
 138349 48316 31925.0000  127   58 31911.0000 31925.0000  0.04%  66.0  146s
 141673 49527 31921.0000  130   68 31911.0000 31925.0000  0.04%  66.5  151s
H142775 43635                    31915.000000 31925.0000  0.03%  66.8  151s
 144601 44921 31918.2371  113   92 31915.0000 31925.0000  0.03%  67.2  155s
 146453 44646 31925.0000  115   21 31915.0000 31925.0000  0.03%  67.4  160s
 152352 47021 31919.7984  129   58 31915.0000 31925.0000  0.03%  67.1  165s
 158132 48396 31924.3844  147   67 31915.0000 31925.0000  0.03%  67.1  170s
 162817 49740 31919.3984  132   54 31915.0000 31925.0000  0.03%  67.8  175s
 168720 51915 31924.9998  153   92 31915.0000 31925.0000  0.03%  68.4  181s
 172882 53150 31924.4078  142  106 31915.0000 31925.0000  0.03%  69.1  186s
 176344 53955 31919.2001  143   71 31915.0000 31925.0000  0.03%  69.5  191s
 179348 54640 31923.7977  137   91 31915.0000 31925.0000  0.03%  70.0  196s
 182574 55408 31925.0000  131   74 31915.0000 31925.0000  0.03%  70.7  200s
 185784 56286 31919.0000  152   67 31915.0000 31925.0000  0.03%  71.0  206s
 189026 57297 31923.3227  144  101 31915.0000 31925.0000  0.03%  71.4  211s
 192393 58155 31918.9041  134   68 31915.0000 31925.0000  0.03%  72.1  217s
 194050 58381 31923.9228  128  109 31915.0000 31925.0000  0.03%  72.3  221s
 197393 59829 31925.0000  128   77 31915.0000 31925.0000  0.03%  73.2  225s
 202630 61336 31925.0000  131   87 31915.0000 31925.0000  0.03%  73.5  231s
 205734 62222 31924.9134  133   84 31915.0000 31925.0000  0.03%  73.9  235s
 209223 63309 31924.9909  122  101 31915.0000 31925.0000  0.03%  74.2  241s
 212700 63989 31918.0000  133   62 31915.0000 31925.0000  0.03%  74.5  245s
 216628 65189     cutoff  139      31915.0000 31925.0000  0.03%  75.1  250s
 221941 66831 31925.0000  121   58 31915.0000 31925.0000  0.03%  75.5  255s
 227180 68315 31924.9959  131  115 31915.0000 31925.0000  0.03%  75.7  261s
 230579 69783 31920.0000  149   64 31915.0000 31925.0000  0.03%  76.2  266s
 236445 71311 31924.9323  147  114 31915.0000 31925.0000  0.03%  76.3  273s
 238117 71637 31922.3698  141   86 31915.0000 31925.0000  0.03%  76.4  275s
 241868 72821 31920.3879  131   93 31915.0000 31925.0000  0.03%  76.5  281s
 245132 73865 31922.6638  136   75 31915.0000 31925.0000  0.03%  76.7  287s
 248828 74774 31921.3713  147  103 31915.0000 31925.0000  0.03%  76.9  291s
 252728 75844 31922.9910  129  104 31915.0000 31925.0000  0.03%  77.3  297s
 256517 77060 31919.0000  143   81 31915.0000 31925.0000  0.03%  77.7  300s
 262048 78294     cutoff  153      31915.0000 31925.0000  0.03%  78.3  306s
 265318 78911 31924.9987  122   99 31915.0000 31925.0000  0.03%  78.9  310s
 269644 80145 31924.8980  119   91 31915.0000 31925.0000  0.03%  79.6  316s
 272664 80989 31923.9718  129   97 31915.0000 31925.0000  0.03%  80.0  322s
 275773 82796 31925.0000  150   68 31915.0000 31925.0000  0.03%  80.4  327s
 277708 83593 31925.0000  135   72 31915.0000 31925.0000  0.03%  80.6  330s
 281173 85548 31924.9991  128   86 31915.0000 31925.0000  0.03%  81.2  336s
 284951 88216 31924.9242  153   78 31915.0000 31925.0000  0.03%  81.5  342s
 286636 89456 31925.0000  135   49 31915.0000 31925.0000  0.03%  81.7  345s
H287575 56047                    31920.000000 31925.0000  0.02%  81.7  345s
 290101 57772 31922.0000  133   70 31920.0000 31925.0000  0.02%  82.1  352s
 291707 58839     cutoff  132      31920.0000 31925.0000  0.02%  82.4  355s
 293650 58898 31925.0000  121   39 31920.0000 31925.0000  0.02%  82.6  360s
 299608 61197 31923.9903  149   87 31920.0000 31925.0000  0.02%  82.5  365s
 301101 61927     cutoff  182      31920.0000 31925.0000  0.02%  82.7  370s
 306620 63012 31921.9472  153   72 31920.0000 31925.0000  0.02%  82.9  375s
 310699 64092     cutoff  158      31920.0000 31925.0000  0.02%  83.8  380s
 315270 65593 31924.1782  168   81 31920.0000 31925.0000  0.02%  84.7  385s
 320086 66886 31925.0000  143   76 31920.0000 31925.0000  0.02%  85.5  390s
 324910 67681 31922.9365  137   85 31920.0000 31925.0000  0.02%  86.4  396s
 328235 68158 31922.3788  154   81 31920.0000 31925.0000  0.02%  87.0  400s
 333212 68830 31924.6663  165  113 31920.0000 31925.0000  0.02%  87.9  406s
 337115 69243 31924.7630  148  107 31920.0000 31925.0000  0.02%  88.5  410s
 342311 69606 31924.2131  174  108 31920.0000 31925.0000  0.02%  89.3  416s
 345460 69956 31923.4230  146   99 31920.0000 31925.0000  0.02%  89.9  420s
 348848 70167 31922.3963  163   98 31920.0000 31925.0000  0.02%  90.5  425s
 352032 70591 31922.4286  146  116 31920.0000 31925.0000  0.02%  91.1  430s
 355346 71023 31925.0000  157   73 31920.0000 31925.0000  0.02%  91.8  435s
 358887 71166     cutoff  134      31920.0000 31925.0000  0.02%  92.5  441s
 362636 71597 31922.6454  150   99 31920.0000 31925.0000  0.02%  93.1  446s
 366475 71725     cutoff  146      31920.0000 31925.0000  0.02%  93.8  451s
 369850 71952 31925.0000  129   73 31920.0000 31925.0000  0.02%  94.3  455s
 373288 72419 31925.0000  136   82 31920.0000 31925.0000  0.02%  94.9  460s
 376318 72893 31924.9084  133   98 31920.0000 31925.0000  0.02%  95.6  467s
 379745 73266 31925.0000  127   70 31920.0000 31925.0000  0.02%  96.3  472s
 381955 73174 31923.0000  151   59 31920.0000 31925.0000  0.02%  96.6  475s
 385974 73379 31925.0000  141   90 31920.0000 31925.0000  0.02%  97.2  480s
 389249 73900 31924.2975  146   94 31920.0000 31925.0000  0.02%  97.8  485s
 393147 74146 31922.3675  146  101 31920.0000 31925.0000  0.02%  98.3  492s
 394776 74172 31921.1530  185   84 31920.0000 31925.0000  0.02%  98.6  495s
 398027 74329     cutoff  190      31920.0000 31925.0000  0.02%  99.3  502s
 399858 74415 31924.9988  163   80 31920.0000 31925.0000  0.02%   100  505s
 403564 74813 31921.1530  141   91 31920.0000 31925.0000  0.02%   100  510s
 407457 75238     cutoff  161      31920.0000 31925.0000  0.02%   101  515s
 410890 75698 31922.5753  134   95 31920.0000 31925.0000  0.02%   101  520s
 416475 76044     cutoff  133      31920.0000 31925.0000  0.02%   102  528s
 418212 76207 31923.5624  160   88 31920.0000 31925.0000  0.02%   102  530s
 421684 76391 31924.9944  149   95 31920.0000 31925.0000  0.02%   103  535s
 424940 76674 31923.5471  156   81 31920.0000 31925.0000  0.02%   103  540s
 428384 76805 31924.7730  162  107 31920.0000 31925.0000  0.02%   104  546s
 432051 76820 31924.0000  150   76 31920.0000 31925.0000  0.02%   104  551s
 433746 76812 31924.8949  159   88 31920.0000 31925.0000  0.02%   105  555s
 437110 77275 31923.3823  152   79 31920.0000 31925.0000  0.02%   105  562s
 438975 77524 31922.7828  143  111 31920.0000 31925.0000  0.02%   105  565s
 443056 77867 31921.1988  140   99 31920.0000 31925.0000  0.02%   106  570s
 445217 77776 31924.8442  179   85 31920.0000 31925.0000  0.02%   106  575s
 448489 78292 31922.0000  154   51 31920.0000 31925.0000  0.02%   107  580s
 452425 78876 31921.5979  138   56 31920.0000 31925.0000  0.02%   107  585s
 456221 79158     cutoff  169      31920.0000 31925.0000  0.02%   108  590s
 459902 79637 31923.0000  154   87 31920.0000 31925.0000  0.02%   108  595s
 463611 79949 31924.6065  135   79 31920.0000 31925.0000  0.02%   109  600s
 467617 80697 31924.6114  155  109 31920.0000 31925.0000  0.02%   109  606s
 471393 81539     cutoff  153      31920.0000 31925.0000  0.02%   109  612s
 475313 83141 31922.2019  156   77 31920.0000 31925.0000  0.02%   110  617s
 478721 84870 31924.9911  166   98 31920.0000 31925.0000  0.02%   110  621s
 482546 86170 31925.0000  149   81 31920.0000 31925.0000  0.02%   111  626s
 485780 87930 31923.3245  185   89 31920.0000 31925.0000  0.02%   111  633s
 488030 88731 31923.9080  152   83 31920.0000 31925.0000  0.02%   111  637s
 490274 89552 31922.4308  149   83 31920.0000 31925.0000  0.02%   111  640s
 494545 91495 31925.0000  150   61 31920.0000 31925.0000  0.02%   112  646s
 499011 93202 infeasible  155      31920.0000 31925.0000  0.02%   112  651s
 502837 94598 infeasible  163      31920.0000 31925.0000  0.02%   113  656s
 506381 95949 31925.0000  132   59 31920.0000 31925.0000  0.02%   113  660s
 509850 97533 31923.5373  143   86 31920.0000 31925.0000  0.02%   113  666s
 513986 99111     cutoff  163      31920.0000 31925.0000  0.02%   113  671s
 517374 100306     cutoff  131      31920.0000 31925.0000  0.02%   114  676s
 520967 101818 31923.1365  161   87 31920.0000 31925.0000  0.02%   114  681s
 524609 103123 31921.6239  150   82 31920.0000 31925.0000  0.02%   114  687s
 528368 104591 31921.6739  154   92 31920.0000 31925.0000  0.02%   114  692s
 531823 106011 31924.8995  166   79 31920.0000 31925.0000  0.02%   115  696s
 535523 107618     cutoff  136      31920.0000 31925.0000  0.02%   115  701s
 539293 108849 31924.9553  147  105 31920.0000 31925.0000  0.02%   115  705s
 542547 110457 31923.0183  179   75 31920.0000 31925.0000  0.02%   115  712s
 546357 112030     cutoff  167      31920.0000 31925.0000  0.02%   116  717s
 550308 113602 31925.0000  142   76 31920.0000 31925.0000  0.02%   116  722s
 553856 114774 31924.9206  145   99 31920.0000 31925.0000  0.02%   116  726s
 556970 116078 infeasible  153      31920.0000 31925.0000  0.02%   117  732s
 560892 117521 31924.9931  138  109 31920.0000 31925.0000  0.02%   117  738s
 562793 118348 31923.8588  148   77 31920.0000 31925.0000  0.02%   117  740s
 566551 119816 31925.0000  145   85 31920.0000 31925.0000  0.02%   117  745s
 569991 121031 31923.6247  147   89 31920.0000 31925.0000  0.02%   118  750s
 573892 122369     cutoff  141      31920.0000 31925.0000  0.02%   118  757s
 575420 123016 31924.9632  131  100 31920.0000 31925.0000  0.02%   118  760s
 579348 124432 31924.6112  159   93 31920.0000 31925.0000  0.02%   119  765s
 583278 125922 31922.7571  136   96 31920.0000 31925.0000  0.02%   119  770s
 586742 127253 31925.0000  133   77 31920.0000 31925.0000  0.02%   119  775s
 590495 128785 31924.9852  126  105 31920.0000 31925.0000  0.02%   119  782s
 594155 130206 31925.0000  135   78 31920.0000 31925.0000  0.02%   120  787s
 595948 130939     cutoff  141      31920.0000 31925.0000  0.02%   120  790s
 599888 132553     cutoff  147      31920.0000 31925.0000  0.02%   120  795s
 603541 133889 31923.9506  143   74 31920.0000 31925.0000  0.02%   120  800s
 606808 135311 31921.3685  152   66 31920.0000 31925.0000  0.02%   120  805s
 610517 136805 31923.0765  167   97 31920.0000 31925.0000  0.02%   121  810s
 614009 138655 31924.9922  152   86 31920.0000 31925.0000  0.02%   121  816s
 616078 139464     cutoff  137      31920.0000 31925.0000  0.02%   121  820s
 619743 141181 31921.3757  145   93 31920.0000 31925.0000  0.02%   122  825s
 623557 142791 31924.5470  153   84 31920.0000 31925.0000  0.02%   122  830s
 627044 144355     cutoff  139      31920.0000 31925.0000  0.02%   122  835s
 630931 145923 31924.2248  141   69 31920.0000 31925.0000  0.02%   123  840s
 634712 147609 31920.9730  140   86 31920.0000 31925.0000  0.02%   123  845s
 638511 149247     cutoff  146      31920.0000 31925.0000  0.02%   123  850s
 642054 150726 31925.0000  143   74 31920.0000 31925.0000  0.02%   123  855s
 645448 151959 31923.3670  147   61 31920.0000 31925.0000  0.02%   123  860s
 648943 153654     cutoff  130      31920.0000 31925.0000  0.02%   124  866s
 652971 154969 31924.9963  151   96 31920.0000 31925.0000  0.02%   124  870s
 656526 156442 31921.8794  134   94 31920.0000 31925.0000  0.02%   124  875s
 660115 157894 31925.0000  133   77 31920.0000 31925.0000  0.02%   124  881s
 663720 159182 31923.2986  149   84 31920.0000 31925.0000  0.02%   124  885s
 667094 160759 31925.0000  149   68 31920.0000 31925.0000  0.02%   124  890s
 670702 162333 31925.0000  151   85 31920.0000 31925.0000  0.02%   125  895s
 674141 163425 31922.8406  156   98 31920.0000 31925.0000  0.02%   125  900s
 677357 164912 31924.5388  156   93 31920.0000 31925.0000  0.02%   125  906s
 681121 166390 31924.3568  142   91 31920.0000 31925.0000  0.02%   125  910s
 684615 167843 31921.6579  159  107 31920.0000 31925.0000  0.02%   125  916s
 688334 169292 31924.9598  131   97 31920.0000 31925.0000  0.02%   125  922s
 692074 170842 31923.1481  162   80 31920.0000 31925.0000  0.02%   126  926s
 695625 172129 31924.0000  149   59 31920.0000 31925.0000  0.02%   126  931s
 699387 173410 31924.5293  154   92 31920.0000 31925.0000  0.02%   126  937s
 703324 174851 31924.9021  141   78 31920.0000 31925.0000  0.02%   126  942s
 707011 176485 31923.8805  145   69 31920.0000 31925.0000  0.02%   126  946s
 710700 178124 31924.3346  151   98 31920.0000 31925.0000  0.02%   126  952s
 714434 179262 31924.8976  157   83 31920.0000 31925.0000  0.02%   126  956s
 715838 180101 31924.1767  149   87 31920.0000 31925.0000  0.02%   127  960s
 719519 181555 31922.0000  150   61 31920.0000 31925.0000  0.02%   127  965s
 722988 182968 31923.7485  155   97 31920.0000 31925.0000  0.02%   127  970s
 726857 184344 31924.9814  143   86 31920.0000 31925.0000  0.02%   127  976s
 730388 185746 31923.0000  138   75 31920.0000 31925.0000  0.02%   127  981s
 734169 187101 31924.1567  143   85 31920.0000 31925.0000  0.02%   127  985s
 737697 188598 31925.0000  137   45 31920.0000 31925.0000  0.02%   128  990s
 742365 190566 31925.0000  139   62 31920.0000 31925.0000  0.02%   128  996s
 745557 192033 31925.0000  131   77 31920.0000 31925.0000  0.02%   128 1000s
 750201 194432     cutoff  151      31920.0000 31925.0000  0.02%   128 1006s
 754152 196114 31924.2491  149  108 31920.0000 31925.0000  0.02%   128 1011s
 757643 197910 31921.5724  145   90 31920.0000 31925.0000  0.02%   128 1016s
 761602 199566     cutoff  147      31920.0000 31925.0000  0.02%   128 1021s
 765011 201287 31922.0000  157   58 31920.0000 31925.0000  0.02%   128 1025s
 768726 202013 31924.4347  151   89 31920.0000 31925.0000  0.02%   128 1033s
 768824 202905 31923.9103  152   98 31920.0000 31925.0000  0.02%   128 1036s
 772398 204855 31923.7869  172   74 31920.0000 31925.0000  0.02%   128 1042s
 776316 206471 31922.4051  166   63 31920.0000 31925.0000  0.02%   128 1046s
 779887 208284 31921.1511  133   77 31920.0000 31925.0000  0.02%   128 1051s
 784281 209802 31921.0926  155   85 31920.0000 31925.0000  0.02%   128 1056s
 787687 211654 31921.9308  144   79 31920.0000 31925.0000  0.02%   128 1062s
 791966 213465 31924.9990  151   74 31920.0000 31925.0000  0.02%   128 1066s
 795794 215413     cutoff  141      31920.0000 31925.0000  0.02%   128 1071s
 799849 216953 31924.8665  149   79 31920.0000 31925.0000  0.02%   128 1076s
 803364 218423 31921.4800  151   71 31920.0000 31925.0000  0.02%   129 1080s
 808866 220328     cutoff  162      31920.0000 31925.0000  0.02%   129 1086s
 812232 221648 31921.0000  173   49 31920.0000 31925.0000  0.02%   129 1091s
 815612 222819 31924.8918  157   98 31920.0000 31925.0000  0.02%   129 1096s
 819242 224495 31922.0000  167   57 31920.0000 31925.0000  0.02%   129 1102s
 821446 225260 31921.8224  146   88 31920.0000 31925.0000  0.02%   129 1105s
 825371 226377 31924.9646  149   91 31920.0000 31925.0000  0.02%   129 1111s
 829364 228086 31924.0000  147   97 31920.0000 31925.0000  0.02%   130 1117s
 831318 228708 31923.0000  157   70 31920.0000 31925.0000  0.02%   130 1120s
 836729 230701 31924.9904  155   75 31920.0000 31925.0000  0.02%   130 1127s
 838676 231388 31924.1912  142   89 31920.0000 31925.0000  0.02%   130 1130s
 843764 233105     cutoff  160      31920.0000 31925.0000  0.02%   130 1138s
 845275 233790     cutoff  155      31920.0000 31925.0000  0.02%   130 1141s
 848716 235188 31922.8036  163   74 31920.0000 31925.0000  0.02%   130 1146s
 852776 236320 31924.7401  145  104 31920.0000 31925.0000  0.02%   131 1152s
 854430 237010 31923.0000  148   52 31920.0000 31925.0000  0.02%   131 1157s
 856210 237513 31924.0000  146   58 31920.0000 31925.0000  0.02%   131 1160s
 859305 238991 31925.0000  157   81 31920.0000 31925.0000  0.02%   131 1166s
 862261 240361     cutoff  158      31920.0000 31925.0000  0.02%   131 1171s
 865569 241952 31924.9533  148  108 31920.0000 31925.0000  0.02%   132 1178s
 867534 242754 31924.7793  138  100 31920.0000 31925.0000  0.02%   132 1181s
 871508 244339 31925.0000  141   82 31920.0000 31925.0000  0.02%   132 1186s
 874938 245441     cutoff  130      31920.0000 31925.0000  0.02%   132 1192s
 876548 246023     cutoff  146      31920.0000 31925.0000  0.02%   132 1195s
 879999 247246 31921.4315  154   79 31920.0000 31925.0000  0.02%   132 1201s
 884045 248411 31925.0000  155   81 31920.0000 31925.0000  0.02%   133 1206s
 887487 249727 31923.4266  140   83 31920.0000 31925.0000  0.02%   133 1213s
 889366 250145 31924.9884  140   88 31920.0000 31925.0000  0.02%   133 1215s
 892865 251348 31924.8989  148  107 31920.0000 31925.0000  0.02%   133 1221s
 896374 252755 31924.9309  148   99 31920.0000 31925.0000  0.02%   133 1227s
 898077 253404 31922.1530  143   93 31920.0000 31925.0000  0.02%   133 1231s
 901888 254833     cutoff  134      31920.0000 31925.0000  0.02%   134 1236s
 905469 256073 31924.9926  144   87 31920.0000 31925.0000  0.02%   134 1242s
 907327 256656 31923.9278  148   74 31920.0000 31925.0000  0.02%   134 1245s
 910822 257804 31922.0000  136   62 31920.0000 31925.0000  0.02%   134 1250s
 914407 259240 31923.0786  144   71 31920.0000 31925.0000  0.02%   134 1256s
 918177 260434 31924.9576  148   99 31920.0000 31925.0000  0.02%   134 1261s
 920143 261037     cutoff  139      31920.0000 31925.0000  0.02%   134 1265s
 923995 262256 31923.8603  135   61 31920.0000 31925.0000  0.02%   134 1270s
 927385 263471     cutoff  148      31920.0000 31925.0000  0.02%   135 1275s
 931120 264760 31921.0000  147   53 31920.0000 31925.0000  0.02%   135 1281s
 934767 265679 31923.9002  127   87 31920.0000 31925.0000  0.02%   135 1287s
 936344 266423 31924.4935  146   79 31920.0000 31925.0000  0.02%   135 1290s
 940089 267617 31924.8792  141   78 31920.0000 31925.0000  0.02%   135 1295s
 943557 269003 31921.3124  144   66 31920.0000 31925.0000  0.02%   135 1300s
 947330 270384 31923.9343  149   80 31920.0000 31925.0000  0.02%   135 1305s
 950909 271549 31925.0000  130   69 31920.0000 31925.0000  0.02%   135 1311s
 954437 272568 31925.0000  131   66 31920.0000 31925.0000  0.02%   135 1316s
 958182 273860 31924.5638  161   85 31920.0000 31925.0000  0.02%   136 1322s
 960167 274500 31923.1473  164   60 31920.0000 31925.0000  0.02%   136 1325s
 965363 276266     cutoff  134      31920.0000 31925.0000  0.02%   136 1332s
 966775 276956 31925.0000  124   97 31920.0000 31925.0000  0.02%   136 1335s
 970229 278836 31925.0000  136   97 31920.0000 31925.0000  0.02%   136 1341s
 971968 279542 31922.0000  174   88 31920.0000 31925.0000  0.02%   136 1346s
 975370 280989 31924.8118  146   98 31920.0000 31925.0000  0.02%   137 1352s
 976996 281575     cutoff  139      31920.0000 31925.0000  0.02%   137 1355s
 980269 283056 31923.3464  132   81 31920.0000 31925.0000  0.02%   137 1360s
 983570 285108 31924.0000  134   84 31920.0000 31925.0000  0.02%   137 1367s
 985484 285770 31925.0000  131   90 31920.0000 31925.0000  0.02%   138 1372s
 986891 286620     cutoff  156      31920.0000 31925.0000  0.02%   138 1375s
 990777 288566 31921.9935  146   87 31920.0000 31925.0000  0.02%   138 1382s
 993088 289584 31924.9952  157   94 31920.0000 31925.0000  0.02%   138 1386s
 997166 291442 31925.0000  137   86 31920.0000 31925.0000  0.02%   138 1391s
 1000691 292925 31922.9998  147   86 31920.0000 31925.0000  0.02%   138 1397s
 1004301 294591     cutoff  167      31920.0000 31925.0000  0.02%   139 1402s
 1006274 295448 31925.0000  136   72 31920.0000 31925.0000  0.02%   139 1406s
 1010163 297027 31922.0890  159   67 31920.0000 31925.0000  0.02%   139 1413s
 1012110 297681 31924.0000  131   61 31920.0000 31925.0000  0.02%   139 1416s
 1016013 299290 31924.9151  152  102 31920.0000 31925.0000  0.02%   139 1422s
 1017944 299937 31924.4959  142   69 31920.0000 31925.0000  0.02%   139 1425s
 1021440 301401 31922.3591  150   94 31920.0000 31925.0000  0.02%   139 1431s
 1025174 302790 31923.0357  145  104 31920.0000 31925.0000  0.02%   139 1436s
 1028864 304135 31923.0000  136   68 31920.0000 31925.0000  0.02%   140 1442s
 1030643 304889 31924.9147  146   61 31920.0000 31925.0000  0.02%   140 1445s
 1033848 306139     cutoff  141      31920.0000 31925.0000  0.02%   140 1450s
 1035352 306695     cutoff  155      31920.0000 31925.0000  0.02%   140 1455s
 1038291 307986 31925.0000  148   87 31920.0000 31925.0000  0.02%   140 1460s
 1042215 309455 31923.6639  148   85 31920.0000 31925.0000  0.02%   140 1466s
 1046118 310859     cutoff  131      31920.0000 31925.0000  0.02%   141 1472s
 1047795 311594 31923.0000  162   59 31920.0000 31925.0000  0.02%   141 1475s
 1051662 313245     cutoff  148      31920.0000 31925.0000  0.02%   141 1482s
 1053522 313987 31924.5547  156  106 31920.0000 31925.0000  0.02%   141 1485s
 1057108 315504 31924.7976  153   99 31920.0000 31925.0000  0.02%   141 1490s
 1060604 316930 31922.0000  156   80 31920.0000 31925.0000  0.02%   141 1496s
 1064377 318506 31924.6845  135   85 31920.0000 31925.0000  0.02%   141 1501s
 1066233 319220 31921.9827  149   89 31920.0000 31925.0000  0.02%   142 1505s
 1070171 321238 31923.8988  153   92 31920.0000 31925.0000  0.02%   142 1510s
 1074002 322415 31925.0000  144   75 31920.0000 31925.0000  0.02%   142 1517s
 1075709 323191 31924.9351  155   79 31920.0000 31925.0000  0.02%   142 1520s
 1079703 324771 31921.3516  164   89 31920.0000 31925.0000  0.02%   142 1525s
 1083692 326091     cutoff  163      31920.0000 31925.0000  0.02%   142 1530s
 1086779 327566 31922.0000  149   82 31920.0000 31925.0000  0.02%   142 1535s
 1090388 329054 31922.4050  155   58 31920.0000 31925.0000  0.02%   142 1541s
 1093944 330461 31925.0000  145   86 31920.0000 31925.0000  0.02%   142 1545s
 1095705 331097 31921.0000  151   76 31920.0000 31925.0000  0.02%   142 1550s
 1099144 332458 31922.6078  171   91 31920.0000 31925.0000  0.02%   143 1556s
 1102808 333973     cutoff  154      31920.0000 31925.0000  0.02%   143 1561s
 1106513 335627 31922.7619  159   82 31920.0000 31925.0000  0.02%   143 1567s
 1110355 337017     cutoff  159      31920.0000 31925.0000  0.02%   143 1572s
 1112048 337832 31921.8802  155   72 31920.0000 31925.0000  0.02%   143 1575s
 1115697 339417 31924.8553  158   98 31920.0000 31925.0000  0.02%   143 1581s
 1119441 340854 31923.1985  157   90 31920.0000 31925.0000  0.02%   143 1586s
 1123223 342169 31921.0680  159   57 31920.0000 31925.0000  0.02%   143 1592s
 1124925 342890 31921.1423  157   67 31920.0000 31925.0000  0.02%   143 1595s
 1128701 344368     cutoff  150      31920.0000 31925.0000  0.02%   144 1600s
 1132121 345903 31924.6588  155   96 31920.0000 31925.0000  0.02%   144 1605s
 1135498 347258     cutoff  148      31920.0000 31925.0000  0.02%   144 1612s
 1137318 348078 31921.9886  165  105 31920.0000 31925.0000  0.02%   144 1616s
 1141259 349641 31921.2859  160   91 31920.0000 31925.0000  0.02%   144 1622s
 1143107 350265     cutoff  133      31920.0000 31925.0000  0.02%   144 1625s
 1146772 351856 31925.0000  140  109 31920.0000 31925.0000  0.02%   144 1630s
 1150114 353387 31923.9568  139   89 31920.0000 31925.0000  0.02%   144 1636s
 1152035 353926 infeasible  141      31920.0000 31925.0000  0.02%   145 1640s
 1155497 355384 31923.0000  159   84 31920.0000 31925.0000  0.02%   145 1646s
 1159362 357138 31925.0000  140   83 31920.0000 31925.0000  0.02%   145 1651s
 1163499 358697 31922.9676  147   88 31920.0000 31925.0000  0.02%   145 1657s
 1165384 359498 31921.6633  171   86 31920.0000 31925.0000  0.02%   145 1660s
 1169103 360940 31924.0000  146   97 31920.0000 31925.0000  0.02%   145 1666s
 1170834 361520     cutoff  148      31920.0000 31925.0000  0.02%   145 1670s
 1174107 362888 31922.1910  154   52 31920.0000 31925.0000  0.02%   145 1676s
 1177691 364464 31925.0000  137   84 31920.0000 31925.0000  0.02%   145 1681s
 1180885 365961     cutoff  173      31920.0000 31925.0000  0.02%   145 1687s
 1184888 367693 31924.9987  141   93 31920.0000 31925.0000  0.02%   146 1692s
 1186685 368295 31921.9693  139   82 31920.0000 31925.0000  0.02%   146 1695s
 1189753 369635 31925.0000  136   83 31920.0000 31925.0000  0.02%   146 1702s
 1193367 370964 31924.9766  149   96 31920.0000 31925.0000  0.02%   146 1707s
 1194995 371640     cutoff  151      31920.0000 31925.0000  0.02%   146 1710s
 1198536 372960 31924.3628  159   91 31920.0000 31925.0000  0.02%   146 1716s
 1200325 373647 31925.0000  140   81 31920.0000 31925.0000  0.02%   146 1720s
 1204044 375118 31924.3735  156   92 31920.0000 31925.0000  0.02%   146 1725s
 1207452 376569 31924.8540  168  112 31920.0000 31925.0000  0.02%   146 1731s
 1211275 378096 31923.0121  155   80 31920.0000 31925.0000  0.02%   147 1737s
 1213002 378807 31925.0000  143   94 31920.0000 31925.0000  0.02%   147 1740s
 1216434 380429 31925.0000  158   61 31920.0000 31925.0000  0.02%   147 1745s
 1220124 381555     cutoff  143      31920.0000 31925.0000  0.02%   147 1752s
 1221661 382388 31925.0000  150   67 31920.0000 31925.0000  0.02%   147 1755s
 1225329 383662 31925.0000  154   90 31920.0000 31925.0000  0.02%   147 1761s
 1228887 385288 31922.3739  144   81 31920.0000 31925.0000  0.02%   147 1767s
 1230814 385982     cutoff  139      31920.0000 31925.0000  0.02%   147 1770s
 1234296 387048 31923.9439  141  104 31920.0000 31925.0000  0.02%   147 1775s
 1237519 388354 31924.9984  147   94 31920.0000 31925.0000  0.02%   148 1782s
 1239182 389016 31924.8253  129   96 31920.0000 31925.0000  0.02%   148 1785s
 1242112 390058 31924.0000  146   59 31920.0000 31925.0000  0.02%   148 1790s
 1243550 390755 31921.1593  149   78 31920.0000 31925.0000  0.02%   148 1795s
 1246915 392222 31925.0000  137   70 31920.0000 31925.0000  0.02%   148 1801s
 1248808 393086 31923.8360  152  104 31920.0000 31925.0000  0.02%   148 1805s
 1252916 394344 31925.0000  149   94 31920.0000 31925.0000  0.02%   148 1811s
 1256474 395562 31923.9480  150   75 31920.0000 31925.0000  0.02%   149 1819s
 1258142 396274     cutoff  129      31920.0000 31925.0000  0.02%   149 1823s
 1260125 396781 31922.7770  158   94 31920.0000 31925.0000  0.02%   149 1826s
 1263397 398093 31925.0000  146   92 31920.0000 31925.0000  0.02%   149 1832s
 1265028 398927 31924.0000  148   85 31920.0000 31925.0000  0.02%   149 1835s
 1269129 400415 31923.4429  162   79 31920.0000 31925.0000  0.02%   149 1842s
 1271079 400848 31922.0000  152   74 31920.0000 31925.0000  0.02%   149 1846s
 1274432 402302 31924.0000  146   89 31920.0000 31925.0000  0.02%   149 1853s
 1276481 402962 31924.9601  155  115 31920.0000 31925.0000  0.02%   149 1855s
 1279906 404072 31922.8363  148   80 31920.0000 31925.0000  0.02%   149 1861s
 1281678 404740 31923.2162  136   94 31920.0000 31925.0000  0.02%   150 1865s
 1285350 406052 31925.0000  146   77 31920.0000 31925.0000  0.02%   150 1872s
 1286997 406692 31924.9548  155   82 31920.0000 31925.0000  0.02%   150 1875s
 1290630 407939     cutoff  141      31920.0000 31925.0000  0.02%   150 1880s
 1294213 409098 31924.3833  143  109 31920.0000 31925.0000  0.02%   150 1886s
 1297511 410232     cutoff  153      31920.0000 31925.0000  0.02%   150 1891s
 1301191 411515 31925.0000  148   90 31920.0000 31925.0000  0.02%   150 1897s
 1302806 412072     cutoff  138      31920.0000 31925.0000  0.02%   150 1901s
 1304402 412746     cutoff  143      31920.0000 31925.0000  0.02%   150 1905s
 1306352 413469 31924.9865  152   91 31920.0000 31925.0000  0.02%   150 1910s
 1310164 414680 31924.5251  140   95 31920.0000 31925.0000  0.02%   151 1919s
 1311765 415260 31924.0000  144   88 31920.0000 31925.0000  0.02%   151 1922s
 1313690 415776 31923.2864  138  107 31920.0000 31925.0000  0.02%   151 1926s
 1316571 416923     cutoff  154      31920.0000 31925.0000  0.02%   151 1933s
 1318895 417716 31920.9890  146   95 31920.0000 31925.0000  0.02%   151 1937s
 1320863 418497 31925.0000  151   72 31920.0000 31925.0000  0.02%   151 1941s
 1325041 419905 31923.0000  157   61 31920.0000 31925.0000  0.02%   151 1946s
 1328128 421166 31923.9335  151  112 31920.0000 31925.0000  0.02%   152 1953s
 1329544 421732 31924.7495  131  108 31920.0000 31925.0000  0.02%   152 1957s
 1330991 422391     cutoff  150      31920.0000 31925.0000  0.02%   152 1960s
 1334280 423506 31923.9499  142  113 31920.0000 31925.0000  0.02%   152 1966s
 1335365 424364 31924.0000  141   84 31920.0000 31925.0000  0.02%   152 1971s
 1337361 425302     cutoff  145      31920.0000 31925.0000  0.02%   152 1975s
 1341460 426801 31921.2555  145  102 31920.0000 31925.0000  0.02%   152 1983s
 1343473 427603     cutoff  142      31920.0000 31925.0000  0.02%   152 1987s
 1345461 428212 31923.9987  144   97 31920.0000 31925.0000  0.02%   152 1990s
 1349094 429815 31924.8425  152  108 31920.0000 31925.0000  0.02%   153 1996s
 1353519 431104 31922.4636  145  113 31920.0000 31925.0000  0.02%   153 2002s
 1355193 431650 31923.0000  153   72 31920.0000 31925.0000  0.02%   153 2007s
 1356985 432164 31923.2683  160   71 31920.0000 31925.0000  0.02%   153 2010s
 1360830 433415 31924.9858  139   87 31920.0000 31925.0000  0.02%   153 2015s
 1364716 434783     cutoff  150      31920.0000 31925.0000  0.02%   153 2021s
 1369409 436363 31924.9996  147   72 31920.0000 31925.0000  0.02%   153 2026s
 1373636 437702 31921.9288  150   82 31920.0000 31924.9999  0.02%   153 2031s
 1377715 439161 31924.0000  154   66 31920.0000 31924.9998  0.02%   153 2037s
 1381734 440530     cutoff  163      31920.0000 31924.9997  0.02%   153 2042s
 1385689 442185 31924.1626  137   87 31920.0000 31924.9997  0.02%   153 2047s
 1387965 442743 31924.3110  143   75 31920.0000 31924.9997  0.02%   153 2050s
 1392253 444050 31922.6486  163   93 31920.0000 31924.9996  0.02%   152 2055s
 1397427 445845     cutoff  160      31920.0000 31924.9995  0.02%   152 2061s
 1399362 446486 31924.0076  142   69 31920.0000 31924.9994  0.02%   152 2065s
 1404815 448313 31923.5653  140   93 31920.0000 31924.9993  0.02%   152 2071s
 1408924 449932     cutoff  168      31920.0000 31924.9993  0.02%   152 2076s
 1413300 451021 31924.4541  145  100 31920.0000 31924.9992  0.02%   152 2080s
 1418583 452678 31923.6104  155   82 31920.0000 31924.9991  0.02%   152 2086s
 1422164 453696 31924.8302  143  105 31920.0000 31924.9990  0.02%   152 2092s
 1425568 454808     cutoff  145      31920.0000 31924.9989  0.02%   152 2096s
 1429792 456024 31921.7028  149   67 31920.0000 31924.9989  0.02%   152 2101s
 1433112 457199 31921.2434  155   68 31920.0000 31924.9988  0.02%   152 2105s
 1438676 458758     cutoff  161      31920.0000 31924.9987  0.02%   152 2111s
 1442518 460004 31924.2012  150   82 31920.0000 31924.9986  0.02%   151 2117s
 1445851 461368 31922.6154  150   70 31920.0000 31924.9986  0.02%   151 2122s
 1450094 462319 31922.4937  159   92 31920.0000 31924.9985  0.02%   151 2127s
 1451772 462932 31921.2559  142   99 31920.0000 31924.9984  0.02%   151 2130s
 1457470 464679     cutoff  157      31920.0000 31924.9983  0.02%   151 2136s
 1461080 465831 31924.6488  135   89 31920.0000 31924.9982  0.02%   151 2140s
 1464644 467219 31923.5689  152   84 31920.0000 31924.9982  0.02%   151 2145s
 1468895 468327 31923.6103  154   87 31920.0000 31924.9981  0.02%   151 2151s
 1472596 469473 31924.0000  148   64 31920.0000 31924.9980  0.02%   151 2155s
 1477839 471120 31924.8324  163   79 31920.0000 31924.9979  0.02%   151 2161s
 1481501 472128 31924.0635  148   84 31920.0000 31924.9978  0.02%   151 2165s
 1485652 473510 31921.0000  155   59 31920.0000 31924.9977  0.02%   151 2170s
 1490856 475176 31924.5398  161  106 31920.0000 31924.9976  0.02%   150 2176s
 1494470 476262 31924.9283  143   90 31920.0000 31924.9975  0.02%   150 2181s
 1498228 477388 31921.9865  152   95 31920.0000 31924.9974  0.02%   150 2186s
 1501939 478683     cutoff  149      31920.0000 31924.9973  0.02%   150 2192s
 1504015 479359 31923.0054  143   75 31920.0000 31924.9972  0.02%   150 2195s
 1509910 481145     cutoff  144      31920.0000 31924.9971  0.02%   150 2201s
 1513929 482373     cutoff  159      31920.0000 31924.9970  0.02%   150 2206s
 1517617 483410 31923.3683  140  100 31920.0000 31924.9969  0.02%   150 2211s
 1521170 484738 31924.6708  160   72 31920.0000 31924.9968  0.02%   150 2216s
 1525532 485700 31924.4169  137  100 31920.0000 31924.9967  0.02%   150 2220s
 1528868 486758     cutoff  162      31920.0000 31924.9966  0.02%   150 2225s
 1532592 487966 31923.9002  135  104 31920.0000 31924.9965  0.02%   150 2230s
 1538022 489525     cutoff  146      31920.0000 31924.9963  0.02%   150 2236s
 1542316 490768 31921.7039  172   52 31920.0000 31924.9962  0.02%   150 2240s
 1545719 491891     cutoff  151      31920.0000 31924.9961  0.02%   149 2246s
 1549484 493187 31921.1398  143   79 31920.0000 31924.9960  0.02%   149 2251s
 1552610 494353     cutoff  167      31920.0000 31924.9960  0.02%   149 2255s
 1556327 495401     cutoff  158      31920.0000 31924.9959  0.02%   149 2260s
 1562356 497217 31924.8088  140   94 31920.0000 31924.9957  0.02%   149 2266s
 1565477 498133 31924.2013  147   69 31920.0000 31924.9956  0.02%   149 2271s
 1569131 499249     cutoff  150      31920.0000 31924.9955  0.02%   149 2275s
 1572852 500275     cutoff  153      31920.0000 31924.9954  0.02%   149 2281s
 1576353 501326 31921.0000  169   38 31920.0000 31924.9953  0.02%   149 2286s
 1580524 502433 31922.3258  181   75 31920.0000 31924.9951  0.02%   149 2290s
 1586073 504216     cutoff  138      31920.0000 31924.9949  0.02%   149 2297s
 1588043 504670     cutoff  187      31920.0000 31924.9948  0.02%   149 2300s
 1593156 506000 31924.5403  139   91 31920.0000 31924.9947  0.02%   149 2306s
 1597182 507093     cutoff  158      31920.0000 31924.9946  0.02%   149 2311s
 1600815 508077 31923.7673  152   95 31920.0000 31924.9944  0.02%   149 2317s
 1604674 509287 31924.9711  136   89 31920.0000 31924.9942  0.02%   149 2321s
 1608357 510170     cutoff  143      31920.0000 31924.9941  0.02%   149 2326s
 1611895 511053 31922.9924  149   61 31920.0000 31924.9940  0.02%   149 2330s
 1615924 512246 31924.2596  141   86 31920.0000 31924.9938  0.02%   148 2335s
 1621576 513890 31921.1327  154   81 31920.0000 31924.9936  0.02%   148 2340s
 1624917 514772 31924.9070  165   81 31920.0000 31924.9935  0.02%   148 2346s
 1628307 515742 31921.3975  168   71 31920.0000 31924.9933  0.02%   148 2350s
 1631670 516770 31923.6790  171  107 31920.0000 31924.9932  0.02%   148 2356s
 1635828 517862 31924.9170  178   78 31920.0000 31924.9930  0.02%   148 2360s
 1639373 518849     cutoff  170      31920.0000 31924.9929  0.02%   148 2365s
 1643047 519791 31922.0273  157   83 31920.0000 31924.9927  0.02%   148 2371s
 1646620 520747 31922.1166  142  109 31920.0000 31924.9926  0.02%   148 2375s
 1650263 521765     cutoff  146      31920.0000 31924.9924  0.02%   148 2380s
 1656257 523294 31921.8834  177   88 31920.0000 31924.9922  0.02%   148 2386s
 1659841 524174 31922.0473  157  105 31920.0000 31924.9920  0.02%   148 2390s
 1663345 525239 31923.7848  161   91 31920.0000 31924.9918  0.02%   148 2396s
 1667116 526240 31924.4440  152   98 31920.0000 31924.9917  0.02%   148 2400s
 1671034 527280 31922.6183  154   94 31920.0000 31924.9916  0.02%   148 2405s
 1674604 528309 31921.0000  145   60 31920.0000 31924.9914  0.02%   148 2410s
 1680435 529793 31923.1388  167   62 31920.0000 31924.9911  0.02%   148 2417s
 1684286 530802     cutoff  166      31920.0000 31924.9909  0.02%   148 2421s
 1687964 531839 31923.9987  157   71 31920.0000 31924.9907  0.02%   148 2426s
 1691959 532755 31924.2775  134  107 31920.0000 31924.9905  0.02%   148 2431s
 1695610 533536 31922.8408  145   53 31920.0000 31924.9903  0.02%   147 2436s
 1698782 534518 31921.4216  162   65 31920.0000 31924.9902  0.02%   148 2440s
 1702434 535415 31921.3126  162   81 31920.0000 31924.9900  0.02%   147 2447s
 1706205 536453     cutoff  159      31920.0000 31924.9898  0.02%   147 2451s
 1710282 537481 31923.9841  147   75 31920.0000 31924.9896  0.02%   147 2456s
 1714160 538607 31923.6462  163   76 31920.0000 31924.9894  0.02%   147 2460s
 1717657 539430     cutoff  170      31920.0000 31924.9892  0.02%   147 2465s
 1721005 540144 31923.9226  174   97 31920.0000 31924.9890  0.02%   147 2471s
 1724750 541340 31924.1301  180   71 31920.0000 31924.9888  0.02%   147 2475s
 1728724 542102 31923.7564  164   78 31920.0000 31924.9886  0.02%   147 2480s
 1734293 543436 31923.6741  159   78 31920.0000 31924.9882  0.02%   147 2486s
 1737437 544673 31924.3608  149  105 31920.0000 31924.9881  0.02%   147 2491s
 1740933 545589 31923.9866  130   88 31920.0000 31924.9880  0.02%   147 2496s
 1745034 546638     cutoff  167      31920.0000 31924.9878  0.02%   147 2501s
 1748314 547698 31922.2248  148   81 31920.0000 31924.9877  0.02%   147 2506s
 1751954 548533 31924.7466  148   85 31920.0000 31924.9874  0.02%   147 2510s
 1755877 549595 31924.8531  131   94 31920.0000 31924.9871  0.02%   147 2515s
 1759507 550455     cutoff  160      31920.0000 31924.9868  0.02%   147 2521s
 1763309 551508 31923.1621  154   76 31920.0000 31924.9866  0.02%   147 2526s
 1766823 552434 31923.2539  139   75 31920.0000 31924.9863  0.02%   147 2530s
 1770425 553422 31924.7674  145  108 31920.0000 31924.9861  0.02%   147 2535s
 1776197 554887 31924.9437  163   73 31920.0000 31924.9857  0.02%   147 2541s
 1777859 555303 31922.5556  171   67 31920.0000 31924.9857  0.02%   147 2545s
 1783528 556687     cutoff  176      31920.0000 31924.9852  0.02%   147 2552s
 1786910 557557 31923.1109  150   93 31920.0000 31924.9850  0.02%   147 2556s
 1790552 558510     cutoff  155      31920.0000 31924.9848  0.02%   147 2561s
 1793677 559395     cutoff  134      31920.0000 31924.9846  0.02%   147 2567s
 1795327 559942 31923.0726  164   74 31920.0000 31924.9846  0.02%   147 2570s
 1799514 560932 31924.4331  143   88 31920.0000 31924.9842  0.02%   147 2575s
 1805036 562278     cutoff  148      31920.0000 31924.9839  0.02%   147 2580s
 1808517 563203 31924.7066  143  100 31920.0000 31924.9835  0.02%   147 2586s
 1812213 564248 31924.7626  159   94 31920.0000 31924.9833  0.02%   147 2590s
 1815703 564980 31924.6242  139   93 31920.0000 31924.9830  0.02%   147 2596s
 1819692 566100 31923.5079  142  103 31920.0000 31924.9826  0.02%   147 2601s
 1823488 567000 31921.9713  159   71 31920.0000 31924.9823  0.02%   147 2606s
 1827433 567928 31921.8755  159   74 31920.0000 31924.9820  0.02%   147 2611s
 1830871 568892 31923.0000  156   80 31920.0000 31924.9817  0.02%   147 2616s
 1834618 570129 31924.0979  145  105 31920.0000 31924.9813  0.02%   147 2622s
 1838698 571114 31921.2670  148   90 31920.0000 31924.9808  0.02%   146 2626s
 1840474 571451 31924.8827  160   89 31920.0000 31924.9807  0.02%   146 2630s
 1845591 572853 31923.0000  132   53 31920.0000 31924.9802  0.02%   146 2636s
 1848877 573506 31924.1708  153   80 31920.0000 31924.9800  0.02%   146 2641s
 1852546 574468 31921.3306  150   49 31920.0000 31924.9796  0.02%   146 2645s
 1855954 575334     cutoff  167      31920.0000 31924.9792  0.02%   146 2651s
 1860233 576236 31924.8708  146  113 31920.0000 31924.9788  0.02%   146 2656s
 1864181 577134 31923.4880  151   80 31920.0000 31924.9784  0.02%   146 2661s
 1867813 578156 31923.0000  158   69 31920.0000 31924.9780  0.02%   146 2666s
 1869969 578614 31923.0000  142   88 31920.0000 31924.9777  0.02%   146 2670s
 1873858 579577     cutoff  145      31920.0000 31924.9774  0.02%   146 2675s
 1879557 580754 31921.9441  158   78 31920.0000 31924.9766  0.02%   146 2681s
 1882830 581528 31922.5449  139   94 31920.0000 31924.9762  0.02%   146 2687s
 1886172 582403 31924.0866  154  109 31920.0000 31924.9759  0.02%   146 2691s
 1890102 583250 31922.0000  145   52 31920.0000 31924.9754  0.02%   146 2697s
 1893907 584130 31923.9097  153   78 31920.0000 31924.9750  0.02%   146 2702s
 1897605 585097     cutoff  147      31920.0000 31924.9745  0.02%   146 2706s
 1899660 585661 31923.2423  156   70 31920.0000 31924.9744  0.02%   146 2710s
 1903410 586500 31921.3494  146  104 31920.0000 31924.9739  0.02%   146 2715s
 1908488 587994     cutoff  152      31920.0000 31924.9730  0.02%   146 2722s
 1912511 588798 31923.9997  164   75 31920.0000 31924.9725  0.02%   146 2726s
 1915938 589649     cutoff  164      31920.0000 31924.9720  0.02%   146 2731s
 1919860 590672 31923.7673  154   72 31920.0000 31924.9714  0.02%   146 2736s
 1923644 591735 31922.3753  148   82 31920.0000 31924.9707  0.02%   146 2741s
 1927122 592762 31921.6158  166   94 31920.0000 31924.9703  0.02%   146 2745s
 1932619 594016     cutoff  153      31920.0000 31924.9698  0.02%   146 2752s
 1934445 594390     cutoff  149      31920.0000 31924.9697  0.02%   146 2755s
 1939731 595736 31923.6724  157   78 31920.0000 31924.9688  0.02%   146 2761s
 1943028 596593 31922.9506  147   88 31920.0000 31924.9684  0.02%   146 2766s
 1947131 597678     cutoff  154      31920.0000 31924.9679  0.02%   146 2770s
 1948814 597993     cutoff  159      31920.0000 31924.9679  0.02%   146 2775s
 1952400 598911 31924.4908  131   95 31920.0000 31924.9670  0.02%   146 2780s
 1958163 600517 31921.0000  152   65 31920.0000 31924.9663  0.02%   146 2786s
 1962091 601268 31923.9527  154   78 31920.0000 31924.9659  0.02%   146 2790s
 1966023 602311     cutoff  147      31920.0000 31924.9654  0.02%   146 2795s
 1970892 603491 31923.7259  155   87 31920.0000 31924.9645  0.02%   146 2802s
 1974588 604392 31922.5332  142   99 31920.0000 31924.9638  0.02%   146 2807s
 1976680 604872 31924.4190  146   92 31920.0000 31924.9635  0.02%   146 2810s
 1980055 605852     cutoff  185      31920.0000 31924.9628  0.02%   145 2815s
 1984370 606902 31922.6876  160   88 31920.0000 31924.9623  0.02%   145 2820s
 1989726 608157 31923.2563  166   85 31920.0000 31924.9614  0.02%   145 2826s
 1993080 608967 31923.8062  159   97 31920.0000 31924.9609  0.02%   145 2832s
 1994905 609501 31922.6754  161   77 31920.0000 31924.9606  0.02%   145 2835s
 1998808 610390 31924.6077  144   99 31920.0000 31924.9600  0.02%   145 2840s
 2004631 611909 31921.5499  140  111 31920.0000 31924.9588  0.02%   145 2846s
 2008304 612780     cutoff  155      31920.0000 31924.9582  0.02%   145 2851s
 2011945 613768     cutoff  142      31920.0000 31924.9574  0.02%   145 2856s
 2017097 615107     cutoff  140      31920.0000 31924.9564  0.02%   145 2862s
 2019017 615640 31923.1366  159  122 31920.0000 31924.9561  0.02%   145 2865s
 2023070 616460 31921.0000  159   57 31920.0000 31924.9552  0.02%   145 2870s
 2028448 617679 31922.4392  138   74 31920.0000 31924.9548  0.02%   145 2878s
 2030112 618173     cutoff  151      31920.0000 31924.9541  0.02%   145 2880s
 2035685 619356 31923.5845  158   75 31920.0000 31924.9529  0.02%   145 2886s
 2039413 620270 31924.9106  155   97 31920.0000 31924.9521  0.02%   145 2892s
 2043356 621025 31923.5823  165   70 31920.0000 31924.9512  0.02%   145 2896s
 2046630 621731 31924.5921  132   98 31920.0000 31924.9503  0.02%   145 2901s
 2050104 622676 31921.6245  157   55 31920.0000 31924.9495  0.02%   145 2906s
 2053991 623539 31922.7705  152   81 31920.0000 31924.9486  0.02%   145 2910s
 2057982 624635     cutoff  151      31920.0000 31924.9479  0.02%   145 2916s
 2061644 625502 31921.7635  154   84 31920.0000 31924.9469  0.02%   145 2921s
 2065275 626339     cutoff  142      31920.0000 31924.9461  0.02%   145 2925s
 2070600 627775 31923.9720  159   99 31920.0000 31924.9451  0.02%   145 2933s
 2073842 628728 31924.0000  137   45 31920.0000 31924.9441  0.02%   145 2937s
 2077977 629589 31923.0000  139   66 31920.0000 31924.9428  0.02%   145 2941s
 2079925 630028     cutoff  145      31920.0000 31924.9424  0.02%   145 2945s
 2085236 631281 31923.7183  165   75 31920.0000 31924.9408  0.02%   145 2951s
 2088646 632050 31922.2785  172   79 31920.0000 31924.9398  0.02%   145 2955s
 2091997 632969 31921.5073  159  107 31920.0000 31924.9390  0.02%   144 2960s
 2095974 633895 31923.3878  147  105 31920.0000 31924.9379  0.02%   144 2966s
 2099298 634641 31922.7380  155   83 31920.0000 31924.9368  0.02%   144 2970s
 2104347 635861 31924.0185  167   87 31920.0000 31924.9353  0.02%   144 2977s
 2108112 636754 31921.0000  153   79 31920.0000 31924.9343  0.02%   144 2982s
 2110147 637367 31921.9673  157   74 31920.0000 31924.9335  0.02%   144 2985s
 2116196 638635     cutoff  159      31920.0000 31924.9318  0.02%   144 2990s
 2119607 639397 31922.5156  152   88 31920.0000 31924.9306  0.02%   144 2996s
 2123554 640249     cutoff  140      31920.0000 31924.9291  0.02%   144 3000s
 2128654 641801 31922.8039  136   63 31920.0000 31924.9275  0.02%   144 3006s
 2132713 642529 31923.8080  138   80 31920.0000 31924.9263  0.02%   144 3011s
 2136244 643252     cutoff  165      31920.0000 31924.9253  0.02%   144 3016s
 2140062 644167 31924.4395  152  107 31920.0000 31924.9237  0.02%   144 3021s
 2143765 644853 31923.1137  161   80 31920.0000 31924.9225  0.02%   144 3025s
 2149577 646236 31923.4441  159   90 31920.0000 31924.9205  0.02%   144 3031s
 2151307 646667 31921.4152  157   75 31920.0000 31924.9199  0.02%   144 3035s
 2156479 648087 31924.1110  154  108 31920.0000 31924.9183  0.02%   144 3042s
 2160096 648903 31921.3859  150   78 31920.0000 31924.9171  0.02%   144 3045s
 2165266 650028 31921.9127  152   86 31920.0000 31924.9154  0.02%   144 3052s
 2166448 651062 31924.7654  141  104 31920.0000 31924.9153  0.02%   144 3057s
 2170295 651466 31923.2653  140   90 31920.0000 31924.9135  0.02%   144 3060s
 2173695 652276 31922.0000  137   72 31920.0000 31924.9121  0.02%   144 3065s
 2177851 653077 31922.4117  143   83 31920.0000 31924.9109  0.02%   144 3071s
 2181905 653984 31922.0000  150   67 31920.0000 31924.9091  0.02%   144 3076s
 2186293 654966 31924.0487  154   79 31920.0000 31924.9075  0.02%   144 3081s
 2189712 655835 31923.6907  160   88 31920.0000 31924.9064  0.02%   143 3085s
 2193598 656736     cutoff  146      31920.0000 31924.9049  0.02%   143 3090s
 2199198 657968 31922.8655  160   67 31920.0000 31924.9028  0.02%   143 3096s
 2202868 658843 31923.7094  159   77 31920.0000 31924.9014  0.02%   143 3100s
 2206933 659770 31922.0000  164   59 31920.0000 31924.9001  0.02%   143 3105s
 2212554 661197     cutoff  169      31920.0000 31924.8976  0.02%   143 3110s
 2215877 661899 31921.0000  183   61 31920.0000 31924.8964  0.02%   143 3115s
 2221345 663209 31924.5851  142  109 31920.0000 31924.8946  0.02%   143 3122s
 2225268 664048     cutoff  157      31920.0000 31924.8931  0.02%   143 3127s
 2227132 664508     cutoff  156      31920.0000 31924.8923  0.02%   143 3130s
 2232768 665931     cutoff  151      31920.0000 31924.8900  0.02%   143 3136s
 2236794 666864 31920.9783  143   71 31920.0000 31924.8884  0.02%   143 3142s
 2240126 667737 31921.8598  136   77 31920.0000 31924.8871  0.02%   143 3146s
 2243741 668154     cutoff  152      31920.0000 31924.8861  0.02%   143 3153s
 2244359 668741 31921.5608  163   74 31920.0000 31924.8859  0.02%   143 3156s
 2248797 669678 31923.4936  149   81 31920.0000 31924.8842  0.02%   143 3163s
 2250906 670181 31922.8469  152   80 31920.0000 31924.8829  0.02%   143 3166s
 2254981 671215 31923.1652  176   96 31920.0000 31924.8811  0.02%   143 3171s
 2256821 671370     cutoff  177      31920.0000 31924.8807  0.02%   143 3176s
 2257371 671456 31923.7465  159   77 31920.0000 31924.8805  0.02%   143 3184s
 2257710 672024 31923.9688  154   87 31920.0000 31924.8799  0.02%   143 3188s
 2260177 672555 31923.9404  139   82 31920.0000 31924.8788  0.02%   143 3191s
 2264028 673322 31921.7368  160   95 31920.0000 31924.8774  0.02%   143 3197s
 2265637 673715 31923.7240  153   91 31920.0000 31924.8766  0.02%   143 3201s
 2269310 674531 31924.6832  169   88 31920.0000 31924.8754  0.02%   143 3205s
 2273277 675575 31921.2635  155   87 31920.0000 31924.8735  0.02%   143 3210s
 2279329 677197     cutoff  178      31920.0000 31924.8710  0.02%   143 3217s
 2283689 678096     cutoff  142      31920.0000 31924.8695  0.02%   143 3221s
 2287079 678827 31921.3447  158   40 31920.0000 31924.8678  0.02%   143 3225s
 2290467 679586 31923.5795  150   96 31920.0000 31924.8663  0.02%   143 3230s
 2293692 680345 31921.1388  153   99 31920.0000 31924.8649  0.02%   142 3235s
 2297420 681390     cutoff  142      31920.0000 31924.8633  0.02%   142 3240s
 2303320 682701 31922.6515  142   79 31920.0000 31924.8607  0.02%   142 3245s
 2306874 683446 31922.3101  149   85 31920.0000 31924.8591  0.02%   142 3251s
 2310310 684275 31923.6466  151   80 31920.0000 31924.8576  0.02%   142 3255s
 2315446 685447 31924.8413  142  102 31920.0000 31924.8557  0.02%   142 3261s
 2319483 686398 31921.2897  146   97 31920.0000 31924.8537  0.02%   142 3267s
 2321547 686852 31923.9086  138   96 31920.0000 31924.8528  0.02%   142 3270s
 2327312 688175 31923.5422  140   75 31920.0000 31924.8500  0.02%   142 3277s
 2329168 688589 31923.9128  157   87 31920.0000 31924.8492  0.02%   142 3280s
 2334530 689956     cutoff  151      31920.0000 31924.8466  0.02%   142 3287s
 2338729 690859     cutoff  145      31920.0000 31924.8447  0.02%   142 3290s
 2343877 692109     cutoff  144      31920.0000 31924.8423  0.02%   142 3297s
 2347436 692859 31921.4469  167   88 31920.0000 31924.8407  0.02%   142 3300s
 2350761 693613 31923.9181  134   96 31920.0000 31924.8389  0.02%   142 3305s
 2354593 694627 31923.8733  150  102 31920.0000 31924.8372  0.02%   142 3311s
 2358385 695482     cutoff  161      31920.0000 31924.8357  0.02%   142 3315s
 2362073 696478     cutoff  145      31920.0000 31924.8341  0.02%   142 3320s
 2365629 697301 31924.6734  152  101 31920.0000 31924.8323  0.02%   142 3325s
 2370888 698812     cutoff  171      31920.0000 31924.8296  0.02%   142 3332s
 2375090 699757 31923.1899  130  108 31920.0000 31924.8277  0.02%   142 3335s
 2378407 700447     cutoff  160      31920.0000 31924.8264  0.02%   142 3340s
 2381970 701262 31922.9236  142   98 31920.0000 31924.8248  0.02%   142 3345s
 2387177 702518 31922.0328  148   93 31920.0000 31924.8220  0.02%   142 3351s
 2391209 703432 infeasible  146      31920.0000 31924.8200  0.02%   142 3356s
 2394295 704323     cutoff  180      31920.0000 31924.8188  0.02%   142 3361s
 2398066 705203 31924.0000  159   65 31920.0000 31924.8168  0.02%   142 3365s
 2402173 706009     cutoff  153      31920.0000 31924.8149  0.02%   142 3370s
 2407051 707302     cutoff  148      31920.0000 31924.8123  0.02%   142 3375s
 2410755 708247 31924.7647  173   83 31920.0000 31924.8104  0.02%   142 3380s
 2414421 709083 31922.1805  148   81 31920.0000 31924.8085  0.02%   142 3385s
 2417997 709869     cutoff  147      31920.0000 31924.8064  0.02%   142 3391s
 2421511 710438 31921.2584  145   99 31920.0000 31924.8045  0.02%   142 3395s
 2424659 711374 31922.5385  148   80 31920.0000 31924.8027  0.02%   142 3401s
 2426662 711777 31923.4383  150   93 31920.0000 31924.8021  0.02%   142 3405s
 2430260 712673     cutoff  147      31920.0000 31924.8002  0.02%   142 3410s
 2434199 713518 31924.0000  149   77 31920.0000 31924.7983  0.02%   142 3415s
 2437969 714486 31921.5717  149   63 31920.0000 31924.7961  0.02%   141 3420s
 2443519 715583 31924.3978  147   78 31920.0000 31924.7931  0.02%   141 3428s
 2445306 716110 31921.0698  164   99 31920.0000 31924.7924  0.02%   141 3430s
 2449130 716932 31923.9211  181   66 31920.0000 31924.7903  0.02%   141 3435s
 2452314 717744     cutoff  149      31920.0000 31924.7892  0.02%   141 3440s
 2458104 718950 31922.7066  148   92 31920.0000 31924.7862  0.01%   141 3446s
 2462170 719909 31922.2811  144   78 31920.0000 31924.7837  0.01%   141 3451s
 2466617 720894 31921.3250  160   99 31920.0000 31924.7816  0.01%   141 3457s
 2468322 721269 31923.0000  161   83 31920.0000 31924.7807  0.01%   141 3460s
 2473530 722356 31921.0000  152   73 31920.0000 31924.7776  0.01%   141 3466s
 2478835 723476     cutoff  166      31920.0000 31924.7746  0.01%   141 3472s
 2482294 724489     cutoff  169      31920.0000 31924.7727  0.01%   141 3479s
 2484523 724931 31924.2806  165   66 31920.0000 31924.7712  0.01%   141 3481s
 2487839 725435 31923.8307  161   83 31920.0000 31924.7696  0.01%   141 3485s
 2490542 726132 31921.5673  155  111 31920.0000 31924.7696  0.01%   141 3490s
 2495310 727112 31921.9488  164   87 31920.0000 31924.7696  0.01%   141 3497s
 2498622 727814     cutoff  165      31920.0000 31924.7696  0.01%   141 3503s
 2500281 728153 31921.9708  159   76 31920.0000 31924.7696  0.01%   141 3505s
 2503722 728927 31924.2210  148  118 31920.0000 31924.7696  0.01%   141 3511s
 2507648 730050 31922.5209  149   80 31920.0000 31924.7693  0.01%   141 3517s
 2510252 730461     cutoff  165      31920.0000 31924.7681  0.01%   141 3521s
 2514511 731432 31921.0000  181   67 31920.0000 31924.7656  0.01%   141 3525s
 2518592 732320     cutoff  161      31920.0000 31924.7635  0.01%   141 3530s
 2522534 733239 31923.2079  140   99 31920.0000 31924.7613  0.01%   141 3535s
 2526486 734072 31923.7933  158   94 31920.0000 31924.7590  0.01%   141 3540s
 2532350 735378     cutoff  164      31920.0000 31924.7562  0.01%   141 3548s
 2534049 735838     cutoff  150      31920.0000 31924.7551  0.01%   141 3551s
 2537838 736707 31923.3060  156  100 31920.0000 31924.7531  0.01%   141 3555s
 2543446 737865 31921.7625  159   80 31920.0000 31924.7499  0.01%   141 3561s
 2546808 738850 31922.3231  137   78 31920.0000 31924.7479  0.01%   141 3566s
 2550842 739728 31921.2811  160   70 31920.0000 31924.7457  0.01%   141 3572s
 2554418 740494 31921.3983  162   89 31920.0000 31924.7440  0.01%   141 3576s
 2558288 741463     cutoff  161      31920.0000 31924.7419  0.01%   141 3580s
 2561815 742208     cutoff  155      31920.0000 31924.7400  0.01%   141 3585s
 2567189 743307 31923.1296  153  112 31920.0000 31924.7371  0.01%   141 3591s
 2570501 744171 31922.5060  153   92 31920.0000 31924.7357  0.01%   141 3595s

Cutting planes:
  Gomory: 32
  Cover: 602
  Clique: 5
  MIR: 93
  StrongCG: 80
  Flow cover: 11
  Zero half: 2
  RLT: 2

Explored 2575400 nodes (363089106 simplex iterations) in 3600.02 seconds
Thread count was 12 (of 12 available processors)

Solution count 10: 31920 31915 31911 ... 31893

Time limit reached
Best objective 3.192000000000e+04, best bound 3.192400000000e+04, gap 0.0125%
