
Gurobi 9.1.2 (win64, Java) logging started Fri Nov  5 20:02:46 2021

Academic license - for non-commercial use only - expires 2022-10-30
Gurobi Optimizer version 9.1.2 build v9.1.2rc0 (win64)
Thread count: 6 physical cores, 12 logical processors, using up to 12 threads
Optimize a model with 80 rows, 1200 columns and 2400 nonzeros
Model fingerprint: 0xe4fdba26
Variable types: 0 continuous, 1200 integer (1200 binary)
Coefficient statistics:
  Matrix range     [1e+00, 1e+03]
  Objective range  [6e+01, 1e+03]
  Bounds range     [1e+00, 1e+00]
  RHS range        [1e+00, 1e+03]
Found heuristic solution: objective 21808.000000
Presolve removed 0 rows and 359 columns
Presolve time: 0.01s
Presolved: 80 rows, 841 columns, 1682 nonzeros
Variable types: 0 continuous, 841 integer (841 binary)
Presolved: 80 rows, 841 columns, 1682 nonzeros


Root relaxation: objective 2.451418e+04, 312 iterations, 0.00 seconds

    Nodes    |    Current Node    |     Objective Bounds      |     Work
 Expl Unexpl |  Obj  Depth IntInf | Incumbent    BestBd   Gap | It/Node Time

     0     0 24514.1798    0   29 21808.0000 24514.1798  12.4%     -    0s
H    0     0                    23302.000000 24514.1798  5.20%     -    0s
H    0     0                    23690.000000 24514.1798  3.48%     -    0s
H    0     0                    23755.000000 24514.1798  3.20%     -    0s
     0     0 24514.1798    0   62 23755.0000 24514.1798  3.20%     -    0s
     0     0 24514.1798    0   30 23755.0000 24514.1798  3.20%     -    0s
H    0     0                    23815.000000 24514.1798  2.94%     -    0s
     0     2 24514.1798    0   30 23815.0000 24514.1798  2.94%     -    0s
H   31    42                    23956.000000 24514.1798  2.33%   119    0s
H   66    82                    24055.000000 24514.1798  1.91%  77.8    0s
H  562   591                    24092.000000 24514.1798  1.75%  29.6    1s
H  569   591                    24101.000000 24514.1798  1.71%  29.5    1s
H  592   597                    24171.000000 24514.1798  1.42%  29.4    1s
H 1672  1489                    24220.000000 24471.5518  1.04%  20.3    2s
H 1680  1420                    24310.000000 24470.9047  0.66%  20.2    3s
H 1682  1350                    24448.000000 24470.5957  0.09%  20.2    3s
  1793  1445 24467.9709   40  159 24448.0000 24469.2914  0.09%  31.5    5s
  6678  4057 24466.4086   63  131 24448.0000 24467.9608  0.08%  59.9   10s
 12258  8226 24452.0615   79   97 24448.0000 24467.1950  0.08%  66.8   15s
 15849 10763 24465.1201   57  140 24448.0000 24466.9303  0.08%  68.6   20s
 21994 15165 24461.3829   64   98 24448.0000 24466.5558  0.08%  71.0   25s
 29138 20083 24461.1591   48  133 24448.0000 24466.3111  0.07%  73.2   30s
 33930 22990 24459.5879   70  102 24448.0000 24466.0991  0.07%  74.7   35s
 37158 24039 24458.1015   74  176 24448.0000 24461.7837  0.06%  75.7   40s
 37198 24068 24460.7329   51  169 24448.0000 24460.8712  0.05%  75.9   45s
 37467 24141 24457.0482   66  163 24448.0000 24459.8076  0.05%  76.4   50s
 40189 25642 24450.5303  106   99 24448.0000 24456.7972  0.04%  80.3   55s
 44777 26426 24450.3806   69  121 24448.0000 24456.6181  0.04%  84.5   63s
 45879 27251 24449.5261   71  151 24448.0000 24456.5740  0.04%  85.7   65s
 48900 27946 24455.9197   77  166 24448.0000 24456.5098  0.03%  88.3   70s
 53829 28890 24452.3797   83  154 24448.0000 24456.4178  0.03%  91.8   76s
 56482 29146 24451.5865   80  114 24448.0000 24456.3898  0.03%  94.4   81s
 58602 30054 24453.9923   94  111 24448.0000 24456.3691  0.03%  97.9   87s
 61875 30788 24455.9202   80  116 24448.0000 24456.3373  0.03%   101   92s
 65763 31270 24455.8104   97  159 24448.0000 24456.3024  0.03%   103   97s
 67707 31719 24455.8887   96  137 24448.0000 24456.2918  0.03%   104  100s
 71736 32117     cutoff   91      24448.0000 24456.2678  0.03%   105  105s
 75521 32568 24451.7656   90  114 24448.0000 24456.2466  0.03%   107  110s
 79276 33041 24456.1691   75  142 24448.0000 24456.2301  0.03%   108  116s
 82716 33306 24456.0096   94  123 24448.0000 24456.2110  0.03%   110  121s
 86265 33337 24449.4946  100  112 24448.0000 24456.1950  0.03%   111  126s
 89343 33449 24455.7746   95   89 24448.0000 24456.1830  0.03%   113  132s
 90797 33511 24456.0200   92  135 24448.0000 24456.1778  0.03%   114  135s
 93861 33752 24449.7604   89  155 24448.0000 24456.1640  0.03%   116  141s
 97565 33788 24455.8126   90  111 24448.0000 24456.1524  0.03%   118  147s
 99453 33727 24449.0655   90  151 24448.0000 24456.1443  0.03%   119  150s
 102698 33681 24454.8963   96  156 24448.0000 24456.1322  0.03%   121  157s
 104330 33778 24452.0486   82  147 24448.0000 24456.1264  0.03%   122  160s
 107883 33867     cutoff   81      24448.0000 24456.1120  0.03%   124  167s
 109729 33940 24450.1885  108  139 24448.0000 24456.1049  0.03%   125  170s
 112967 35032 24455.8332   80  119 24448.0000 24456.0934  0.03%   127  176s
 114913 35617 24449.5293   95  115 24448.0000 24456.0859  0.03%   128  180s
 118829 36791     cutoff   98      24448.0000 24456.0736  0.03%   129  187s
 120847 37339 24451.3834   93  129 24448.0000 24456.0673  0.03%   130  190s
 124520 38261 24449.4849   94   97 24448.0000 24456.0576  0.03%   131  197s
 126350 38807 24448.9994  107  157 24448.0000 24456.0522  0.03%   132  200s
 130066 39797 24449.0603   98   88 24448.0000 24456.0426  0.03%   133  206s
 133621 40796 24451.0564   97  100 24448.0000 24456.0321  0.03%   134  213s
 135433 41273 24449.0678   97  133 24448.0000 24456.0273  0.03%   134  216s
 139028 42152     cutoff   89      24448.0000 24456.0185  0.03%   135  222s
 140970 42562     cutoff   99      24448.0000 24456.0145  0.03%   135  225s
 144673 43414 24449.0332   99  108 24448.0000 24456.0036  0.03%   136  231s
 146520 43867 24451.5865   88  110 24448.0000 24455.9977  0.03%   136  235s
 150017 44711     cutoff   94      24448.0000 24455.9880  0.03%   137  241s
 153623 45625 24451.5865   99  129 24448.0000 24455.9771  0.03%   138  247s
 155580 46089     cutoff   94      24448.0000 24455.9724  0.03%   138  250s
 159283 46822 24455.8102   85  103 24448.0000 24455.9610  0.03%   139  256s
 162678 47498 24455.3702   98  132 24448.0000 24455.9507  0.03%   139  262s
 164421 47877 24451.5784   91  150 24448.0000 24455.9460  0.03%   140  265s
 168070 48466 24450.6673   94  116 24448.0000 24455.9348  0.03%   140  271s
 171638 49011     cutoff  104      24448.0000 24455.9228  0.03%   141  277s
 173520 49284 24449.1752   92  106 24448.0000 24455.9163  0.03%   141  280s
 177241 49863 24449.4203   93  130 24448.0000 24455.9050  0.03%   141  286s
 180800 50340 24449.8509  110   95 24448.0000 24455.8927  0.03%   141  292s
 182654 50675     cutoff  107      24448.0000 24455.8854  0.03%   142  295s
 186446 51142 24451.6357   99  145 24448.0000 24455.8742  0.03%   142  301s
 190062 51573 24451.5865   85  116 24448.0000 24455.8603  0.03%   142  306s
 193799 51982 24450.2390   97  113 24448.0000 24455.8452  0.03%   142  312s
 195579 52152 24449.7591   96  124 24448.0000 24455.8369  0.03%   142  315s
 199220 52558     cutoff  103      24448.0000 24455.8208  0.03%   142  320s
 202934 52941 24449.6363  102  101 24448.0000 24455.8058  0.03%   142  326s
 206727 53225 24450.3362   95  111 24448.0000 24455.7832  0.03%   142  332s
 208369 53323     cutoff  104      24448.0000 24455.7765  0.03%   142  335s
 211962 53524 24451.4164   96  108 24448.0000 24455.7517  0.03%   142  340s
 215770 53720 24455.0719   85  104 24448.0000 24455.7240  0.03%   142  345s
 219697 53750 24450.6630   88  121 24448.0000 24455.6915  0.03%   142  351s
 223422 53695     cutoff   99      24448.0000 24455.6480  0.03%   142  356s
 227363 53627     cutoff   87      24448.0000 24455.5907  0.03%   141  361s
 230999 53275     cutoff   89      24448.0000 24455.5182  0.03%   141  366s
 234814 52943     cutoff   96      24448.0000 24455.4218  0.03%   141  371s
 238613 52724     cutoff   89      24448.0000 24455.2464  0.03%   140  376s
 242366 52415 24450.9141   96  105 24448.0000 24455.1052  0.03%   140  381s
 246225 52059 24449.0222   88   94 24448.0000 24454.9150  0.03%   140  386s
 250063 51680 24450.6902   96   94 24448.0000 24454.7029  0.03%   139  390s
 253912 51199     cutoff  101      24448.0000 24454.5284  0.03%   139  395s
 259812 50235     cutoff  110      24448.0000 24454.1106  0.02%   138  401s
 262528 49402     cutoff  104      24448.0000 24453.9782  0.02%   138  406s
 266795 48375 24449.4830   99   82 24448.0000 24453.6568  0.02%   137  411s
 270707 48176 24452.6945   76  130 24448.0000 24453.4102  0.02%   137  416s
 272316 48448     cutoff  100      24448.0000 24453.2163  0.02%   137  420s
 276871 49177 24449.7370  107  132 24448.0000 24452.9180  0.02%   137  426s
 281138 50279 24452.5007   87  142 24448.0000 24452.7230  0.02%   137  431s
 285504 51704 24449.7350   77  123 24448.0000 24452.5991  0.02%   137  437s
 287684 52384 24449.0976   91   84 24448.0000 24452.5489  0.02%   136  440s
 291855 53712 24449.0784   92   89 24448.0000 24452.4777  0.02%   136  446s
 296284 54889 24449.5591   80  115 24448.0000 24452.4086  0.02%   136  451s
 300384 56161     cutoff  103      24448.0000 24452.3576  0.02%   136  457s
 302619 56635     cutoff  102      24448.0000 24452.3358  0.02%   136  460s
 306817 57778 24449.0852   97   97 24448.0000 24452.2938  0.02%   135  465s
 310837 58923 24450.1248   91  115 24448.0000 24452.2618  0.02%   135  471s
 313261 59502     cutoff   95      24448.0000 24452.2415  0.02%   135  475s
 317394 59958     cutoff   98      24448.0000 24452.2076  0.02%   135  480s
 321330 60369 24452.0354   93  139 24448.0000 24452.1732  0.02%   135  485s
 325445 60602 24449.0687   91   71 24448.0000 24452.1440  0.02%   134  491s
 329492 60768     cutoff   89      24448.0000 24452.1107  0.02%   134  497s
 331500 60853     cutoff   91      24448.0000 24452.0957  0.02%   134  500s
 336120 60867 24449.7347   91  143 24448.0000 24452.0614  0.02%   134  506s
 340463 60899     cutoff   90      24448.0000 24452.0299  0.02%   134  511s
 344503 60864     cutoff   99      24448.0000 24452.0038  0.02%   134  517s
 346595 60816 24449.2604   94  111 24448.0000 24451.9897  0.02%   134  520s
 350832 60653     cutoff   98      24448.0000 24451.9606  0.02%   133  525s
 354892 60446 24449.5032   87  124 24448.0000 24451.9295  0.02%   133  531s
 359080 60147     cutoff  103      24448.0000 24451.9030  0.02%   133  536s
 362966 59778     cutoff   86      24448.0000 24451.8790  0.02%   133  541s
 367322 59348 24449.2365   95  131 24448.0000 24451.8457  0.02%   133  546s
 371191 58803 24449.2434   92  107 24448.0000 24451.8180  0.02%   132  552s
 373258 58489 24449.1424   96  121 24448.0000 24451.8054  0.02%   132  555s
 377523 57796 24450.4298   88  106 24448.0000 24451.7704  0.02%   132  560s
 381818 56957     cutoff   87      24448.0000 24451.7370  0.02%   132  565s
 385941 56036 24450.8954   89   79 24448.0000 24451.7050  0.02%   132  570s
 390341 55080 24449.8561  100  112 24448.0000 24451.6687  0.02%   131  576s
 394761 53939 24449.2328   91  132 24448.0000 24451.6312  0.01%   131  581s
 398889 53253     cutoff  105      24448.0000 24451.5928  0.01%   131  586s
 400380 53130 24451.5865   86  111 24448.0000 24451.5865  0.01%   132  592s
 401135 53087 24451.5865   96   81 24448.0000 24451.5865  0.01%   132  595s
 402707 52992 24449.7602   87  133 24448.0000 24451.5865  0.01%   133  601s
 403617 52971     cutoff   93      24448.0000 24451.5865  0.01%   134  605s
 405495 52693 24449.5523   88  113 24448.0000 24451.5865  0.01%   135  613s
 406560 52623 24449.0827   89  101 24448.0000 24451.5865  0.01%   136  618s
 407687 52611 24451.5865   82  123 24448.0000 24451.5865  0.01%   137  622s
 408832 52571 24449.0271   92  136 24448.0000 24451.5865  0.01%   138  627s
 410161 52553 24449.7217   84  143 24448.0000 24451.5865  0.01%   139  633s
 411319 52552     cutoff   90      24448.0000 24451.5865  0.01%   140  639s
 412705 52553 24449.0350   96   85 24448.0000 24451.5865  0.01%   141  642s
 413529 52624 24449.7966   81  129 24448.0000 24451.5865  0.01%   141  650s
 415762 52607 24449.8021   82  127 24448.0000 24451.5865  0.01%   142  657s
 417718 52497 24449.0576   85  127 24448.0000 24451.5865  0.01%   144  665s
 419572 52409 24450.9146   92   98 24448.0000 24451.5865  0.01%   145  673s
 421535 52027 24449.5443   86  142 24448.0000 24451.5865  0.01%   146  681s
 424398 51263     cutoff   89      24448.0000 24451.5865  0.01%   147  687s
 428111 50385 24449.3206   80  121 24448.0000 24451.4776  0.01%   147  691s
 431764 49478 24449.5822   95   69 24448.0000 24451.4001  0.01%   146  696s
 435211 48734     cutoff   94      24448.0000 24451.3157  0.01%   146  701s
 438475 47991 24449.7812   98  166 24448.0000 24451.2332  0.01%   146  705s
 445545 46341     cutoff   84      24448.0000 24451.0731  0.01%   145  713s
 449360 45832 24450.7938   81  137 24448.0000 24450.9787  0.01%   145  717s

Cutting planes:
  Gomory: 24
  Cover: 54
  Clique: 17
  MIR: 307
  StrongCG: 265
  Flow cover: 52
  Inf proof: 2
  Zero half: 4
  RLT: 6

Explored 452727 nodes (65482578 simplex iterations) in 717.77 seconds
Thread count was 12 (of 12 available processors)

Solution count 10: 24448 24310 24220 ... 23755

Optimal solution found (tolerance 1.00e-04)
Best objective 2.444800000000e+04, best bound 2.445000000000e+04, gap 0.0082%
