
Gurobi 9.1.2 (win64, Java) logging started Fri Nov  5 22:19:14 2021

Academic license - for non-commercial use only - expires 2022-10-30
Gurobi Optimizer version 9.1.2 build v9.1.2rc0 (win64)
Thread count: 6 physical cores, 12 logical processors, using up to 12 threads
Optimize a model with 80 rows, 1200 columns and 2400 nonzeros
Model fingerprint: 0x416b7601
Variable types: 0 continuous, 1200 integer (1200 binary)
Coefficient statistics:
  Matrix range     [1e+00, 1e+03]
  Objective range  [5e+00, 1e+03]
  Bounds range     [1e+00, 1e+00]
  RHS range        [1e+00, 1e+03]
Found heuristic solution: objective 22048.000000
Presolve removed 1 rows and 445 columns
Presolve time: 0.01s
Presolved: 79 rows, 755 columns, 1510 nonzeros
Variable types: 0 continuous, 755 integer (755 binary)
Presolved: 79 rows, 755 columns, 1510 nonzeros


Root relaxation: objective 2.699553e+04, 288 iterations, 0.00 seconds

    Nodes    |    Current Node    |     Objective Bounds      |     Work
 Expl Unexpl |  Obj  Depth IntInf | Incumbent    BestBd   Gap | It/Node Time

     0     0 26995.5299    0   26 22048.0000 26995.5299  22.4%     -    0s
H    0     0                    25329.000000 26995.5299  6.58%     -    0s
H    0     0                    25374.000000 26995.5299  6.39%     -    0s
H    0     0                    25763.000000 26995.5299  4.78%     -    0s
H    0     0                    25884.000000 26995.5299  4.29%     -    0s
     0     0 26991.7508    0   57 25884.0000 26991.7508  4.28%     -    0s
H    0     0                    25944.000000 26991.7508  4.04%     -    0s
H    0     0                    26126.000000 26991.7508  3.31%     -    0s
H    0     0                    26168.000000 26991.7508  3.15%     -    0s
     0     0 26991.7508    0   48 26168.0000 26991.7508  3.15%     -    0s
H    0     0                    26227.000000 26991.7508  2.92%     -    0s
H    0     0                    26317.000000 26991.7508  2.56%     -    0s
     0     0 26938.3965    0   36 26317.0000 26938.3965  2.36%     -    0s
H    0     0                    26408.000000 26938.3965  2.01%     -    0s
     0     0 26938.3776    0   45 26408.0000 26938.3776  2.01%     -    0s
H    0     0                    26419.000000 26938.3776  1.97%     -    0s
     0     0 26937.4254    0   64 26419.0000 26937.4254  1.96%     -    0s
     0     0 26937.3326    0   69 26419.0000 26937.3326  1.96%     -    0s
     0     0 26937.3326    0   66 26419.0000 26937.3326  1.96%     -    0s
     0     0 26936.7239    0   89 26419.0000 26936.7239  1.96%     -    0s
H    0     0                    26464.000000 26936.7239  1.79%     -    0s
     0     0 26936.7239    0   72 26464.0000 26936.7239  1.79%     -    0s
     0     2 26936.7239    0   70 26464.0000 26936.7239  1.79%     -    0s
H   41    44                    26585.000000 26934.4776  1.31%  68.3    0s
H  100   104                    26667.000000 26934.4776  1.00%  42.9    0s
H 1422  1179                    26727.000000 26927.0054  0.75%  19.0    3s
H 1436  1135                    26782.000000 26927.0054  0.54%  18.9    4s
  5450  3740 26884.9091   59   44 26782.0000 26926.1151  0.54%  19.5    5s
 17047 13746 26889.5596   74   47 26782.0000 26926.1151  0.54%  35.1   10s
 33421 26501 26816.4526   57   72 26782.0000 26926.1151  0.54%  40.8   16s
 38315 30087 26910.7737   69   23 26782.0000 26926.1151  0.54%  41.0   20s
 53518 37891 26922.7525   40   94 26782.0000 26926.1151  0.54%  38.1   25s
 55001 37618 26926.1151   43   31 26782.0000 26926.1151  0.54%  38.2   30s
 61414 41288 26926.1151   49   88 26782.0000 26926.1151  0.54%  39.6   35s
 70801 46793 26903.1806   72   72 26782.0000 26926.1151  0.54%  39.9   40s
 83209 53027 26926.1151   62   99 26782.0000 26926.1151  0.54%  39.7   45s
 97808 59394 26876.5588   87   82 26782.0000 26926.1151  0.54%  39.8   50s
 108931 65411 26923.8751   67   98 26782.0000 26926.1151  0.54%  40.7   55s
 119908 69519 26868.0935   67   55 26782.0000 26926.1151  0.54%  41.5   61s
 127266 73566 26877.0707   68   75 26782.0000 26926.1151  0.54%  42.5   65s
 137384 78841 26822.2234   93   78 26782.0000 26926.1151  0.54%  43.4   70s
 146171 85760 26924.1252   76   82 26782.0000 26926.1151  0.54%  44.2   75s
 159801 89664 26809.2436  138   94 26782.0000 26926.1151  0.54%  44.7   80s
 169048 94205 26845.5062   90   89 26782.0000 26926.1151  0.54%  45.3   85s
 178833 101094 26822.8147  121   91 26782.0000 26926.1151  0.54%  45.6   90s
 188501 109652 26926.1151   65  106 26782.0000 26926.1151  0.54%  46.1   95s
 199424 118556 26876.2423   73   84 26782.0000 26926.1151  0.54%  46.5  100s
 208268 124164 26926.1151   56  104 26782.0000 26926.1151  0.54%  46.8  106s
 218700 133360 26871.0480   86  102 26782.0000 26926.1151  0.54%  47.1  110s
 228371 141497 26822.9791  127   80 26782.0000 26926.1151  0.54%  47.4  115s
 242450 152451 26902.0451   66   88 26782.0000 26926.1151  0.54%  47.6  120s
 251938 159267 26853.3269   58   87 26782.0000 26926.1151  0.54%  47.8  125s
 262138 167439 26866.5457   88   99 26782.0000 26926.1151  0.54%  48.1  130s
 269944 174382 26868.3144   77  120 26782.0000 26926.1151  0.54%  48.2  135s
 278532 180983 26882.2772   72   80 26782.0000 26926.1151  0.54%  48.3  140s
 287693 186653 26798.7545   74   45 26782.0000 26926.1151  0.54%  48.4  145s
 294259 193063 26827.9300   99   54 26782.0000 26926.1151  0.54%  48.6  150s
 307561 203121 26866.7004   69   75 26782.0000 26926.1151  0.54%  48.6  155s
 322478 215143 26860.6034   87   80 26782.0000 26926.1151  0.54%  48.8  160s
 333631 223707 26848.3161   74   75 26782.0000 26926.1151  0.54%  48.8  165s
 345122 232441 26926.1151   61   99 26782.0000 26926.1151  0.54%  48.9  170s
 356069 239894 26905.7370   79   68 26782.0000 26926.1151  0.54%  48.9  175s
 365188 247164 26926.1151   59   85 26782.0000 26926.1151  0.54%  49.4  180s
 377873 256092     cutoff  109      26782.0000 26926.1151  0.54%  49.3  185s
 386857 263944 26871.5565   56   74 26782.0000 26926.1151  0.54%  49.5  190s
H392234 216938                    26827.000000 26926.1151  0.37%  49.6  192s
 398287 221703 26898.9919   78   98 26827.0000 26926.1151  0.37%  49.6  195s
 403844 224305 26841.5444   97  119 26827.0000 26926.1151  0.37%  49.7  200s
 405367 225173 26861.6300   97   45 26827.0000 26926.1151  0.37%  49.7  205s
 412885 229076 26866.0623   93   66 26827.0000 26926.1151  0.37%  50.0  210s
 421268 232428 26913.6640   85   86 26827.0000 26926.1151  0.37%  50.2  215s
 429632 235166 26899.3315   88   57 26827.0000 26926.1151  0.37%  50.3  220s
 436895 238715 26888.7832   76   93 26827.0000 26925.9468  0.37%  50.8  225s
 445292 242597 26869.3300  137   53 26827.0000 26925.9109  0.37%  51.3  230s
 455206 247480 26916.5824   80  107 26827.0000 26925.7033  0.37%  51.4  235s
 463948 250326 26900.7892  103   83 26827.0000 26925.5023  0.37%  51.6  240s
 471032 252776 26876.8966   93  104 26827.0000 26925.3562  0.37%  51.9  245s
 474924 254841 26851.5406   77   59 26827.0000 26925.2562  0.37%  52.1  250s
 485135 259719 26838.2761  108   74 26827.0000 26925.0896  0.37%  52.5  255s
 491485 262185 26906.9940   82  103 26827.0000 26924.9365  0.37%  52.7  260s
 497748 264726 26831.1931   91   76 26827.0000 26924.8161  0.36%  53.0  265s
 504331 267132 26867.0190   72   70 26827.0000 26924.7420  0.36%  53.4  270s
 512644 270792 26924.1642   57  120 26827.0000 26924.5767  0.36%  53.8  275s
 521928 273586 26897.4547   89   74 26827.0000 26924.3811  0.36%  53.9  280s
 530041 276788 26924.3141   82   73 26827.0000 26924.3141  0.36%  54.1  285s
 540767 280099 26876.1252  106   66 26827.0000 26924.3141  0.36%  54.1  290s
 546390 282856 26923.0735   82   78 26827.0000 26924.3141  0.36%  54.0  295s
 560761 287528 26897.3589   97   60 26827.0000 26924.3141  0.36%  54.0  300s
 564632 288626 26885.4358  102   85 26827.0000 26924.3141  0.36%  54.0  305s
 575478 292453 26875.1497   94   80 26827.0000 26924.3141  0.36%  54.0  310s
 584509 295398 26836.4250  137   36 26827.0000 26924.3141  0.36%  54.1  315s
 596332 299464 26838.5945   91   60 26827.0000 26924.3115  0.36%  54.1  320s
 608677 303447 26904.2034   96   65 26827.0000 26924.3010  0.36%  53.9  325s
 621846 307094 26919.9620   88   88 26827.0000 26924.2767  0.36%  53.7  330s
 627014 308770 26831.0564  117   36 26827.0000 26924.2750  0.36%  53.7  335s
 639797 312744 26898.3995   91   69 26827.0000 26924.1918  0.36%  53.5  340s
 647413 316090 26923.8961   72  127 26827.0000 26924.1642  0.36%  53.6  345s
 656598 319849 26921.7988   68  106 26827.0000 26924.1247  0.36%  53.6  350s
 665517 322461 26919.5279   79  112 26827.0000 26924.0789  0.36%  53.6  355s
 674432 325928 26912.2229   85   65 26827.0000 26924.0317  0.36%  53.6  360s
H677188 285183                    26851.000000 26924.0175  0.27%  53.6  363s
 680871 286656 26867.5100   99   82 26851.0000 26923.9938  0.27%  53.6  365s
 693634 290601 26918.6946   99   78 26851.0000 26923.9178  0.27%  53.6  370s
 707066 294956 26923.3850   80   62 26851.0000 26923.8722  0.27%  53.6  375s
 719155 298915 26916.2890   68   80 26851.0000 26923.8013  0.27%  53.6  380s
 732483 303237 26920.2869   97   81 26851.0000 26923.7297  0.27%  53.6  385s
 743052 306896 26890.2345  112   56 26851.0000 26923.6581  0.27%  53.7  390s
 752825 310037 26876.4901  100   70 26851.0000 26923.5922  0.27%  53.6  395s
 764037 313340 26913.5293   90  113 26851.0000 26923.5019  0.27%  53.6  400s
 775437 317063 26907.8197   61  102 26851.0000 26923.4156  0.27%  53.7  405s
 786650 322351 26914.7044   81   75 26851.0000 26923.4135  0.27%  53.8  410s
 794338 323969 26916.8643   99  112 26851.0000 26923.4135  0.27%  53.8  415s
 794390 324004 26903.6996  108  182 26851.0000 26923.4135  0.27%  53.8  420s
 794553 324107 26916.1289   64  134 26851.0000 26923.4135  0.27%  53.9  425s
 796952 325292 26894.6989   93  113 26851.0000 26923.4135  0.27%  54.0  430s
*800109 307271              76    26909.000000 26923.4135  0.05%  54.1  434s
 800812 306982 26921.2920   71  120 26909.0000 26923.4135  0.05%  54.1  435s
 806511 307975 26913.8266   93   72 26909.0000 26921.5882  0.05%  54.6  440s
 811764 308877 26910.2056   81  124 26909.0000 26921.5882  0.05%  55.2  445s

Cutting planes:
  Gomory: 24
  Cover: 28
  Clique: 3
  MIR: 96
  StrongCG: 74
  Flow cover: 18
  Zero half: 5
  RLT: 7

Explored 813213 nodes (44945366 simplex iterations) in 446.08 seconds
Thread count was 12 (of 12 available processors)

Solution count 10: 26909 26851 26827 ... 26408

Optimal solution found (tolerance 1.00e-04)
Best objective 2.690900000000e+04, best bound 2.690900000000e+04, gap 0.0000%
