
Gurobi 9.1.2 (win64, Java) logging started Fri Nov  5 22:28:29 2021

Academic license - for non-commercial use only - expires 2022-10-30
Gurobi Optimizer version 9.1.2 build v9.1.2rc0 (win64)
Thread count: 6 physical cores, 12 logical processors, using up to 12 threads
Optimize a model with 50 rows, 400 columns and 800 nonzeros
Model fingerprint: 0x3466d5ac
Variable types: 0 continuous, 400 integer (400 binary)
Coefficient statistics:
  Matrix range     [1e+00, 9e+02]
  Objective range  [1e+02, 9e+02]
  Bounds range     [1e+00, 1e+00]
  RHS range        [1e+00, 2e+03]
Found heuristic solution: objective 11979.000000
Presolve removed 0 rows and 84 columns
Presolve time: 0.00s
Presolved: 50 rows, 316 columns, 632 nonzeros
Variable types: 0 continuous, 316 integer (316 binary)
Presolved: 50 rows, 316 columns, 632 nonzeros


Root relaxation: objective 1.326198e+04, 90 iterations, 0.00 seconds

    Nodes    |    Current Node    |     Objective Bounds      |     Work
 Expl Unexpl |  Obj  Depth IntInf | Incumbent    BestBd   Gap | It/Node Time

     0     0 13261.9833    0   16 11979.0000 13261.9833  10.7%     -    0s
H    0     0                    12444.000000 13261.9833  6.57%     -    0s
H    0     0                    12502.000000 13261.9833  6.08%     -    0s
H    0     0                    12659.000000 13261.9833  4.76%     -    0s
     0     0 13261.9833    0   37 12659.0000 13261.9833  4.76%     -    0s
H    0     0                    12924.000000 13261.9833  2.62%     -    0s
     0     0 13261.8722    0   27 12924.0000 13261.8722  2.61%     -    0s
     0     0 13261.8722    0   27 12924.0000 13261.8722  2.61%     -    0s
     0     0 13261.6927    0   20 12924.0000 13261.6927  2.61%     -    0s
     0     0 13261.6381    0   27 12924.0000 13261.6381  2.61%     -    0s
     0     0 13261.5872    0   33 12924.0000 13261.5872  2.61%     -    0s
     0     0 13261.5846    0   32 12924.0000 13261.5846  2.61%     -    0s
     0     0 13261.5015    0   43 12924.0000 13261.5015  2.61%     -    0s
     0     0 13261.4423    0   35 12924.0000 13261.4423  2.61%     -    0s
     0     0 13261.4423    0   40 12924.0000 13261.4423  2.61%     -    0s
     0     0 13261.3832    0   33 12924.0000 13261.3832  2.61%     -    0s
     0     0 13261.3686    0   37 12924.0000 13261.3686  2.61%     -    0s
     0     0 13261.3686    0   35 12924.0000 13261.3686  2.61%     -    0s
     0     0 13261.1254    0   32 12924.0000 13261.1254  2.61%     -    0s
H    0     0                    13081.000000 13261.1254  1.38%     -    0s
     0     0 13261.1197    0   42 13081.0000 13261.1197  1.38%     -    0s
     0     0 13261.0845    0   54 13081.0000 13261.0845  1.38%     -    0s
     0     0 13261.0845    0   46 13081.0000 13261.0845  1.38%     -    0s
     0     2 13261.0845    0   38 13081.0000 13261.0845  1.38%     -    0s
H  201   220                    13108.000000 13260.6762  1.16%  24.4    0s
 38966 23135 13171.2692   41   61 13108.0000 13171.3753  0.48%   6.9    5s
 54280 27743 13136.0817   48   57 13108.0000 13171.3268  0.48%  16.0   10s
 59817 30496 13158.3754   81   36 13108.0000 13170.4358  0.48%  19.1   15s
 72042 34364     cutoff   71      13108.0000 13170.0966  0.47%  26.4   20s
 89656 39161 13157.6227   68   49 13108.0000 13169.8761  0.47%  34.3   25s
 103485 42374 13137.6319   85   65 13108.0000 13169.7047  0.47%  37.6   30s
H113886 27719                    13141.000000 13169.5355  0.22%  39.2   33s
 118389 27561 13145.1815   76   45 13141.0000 13168.9260  0.21%  40.8   35s
 128840 29968 13153.8463   77   56 13141.0000 13165.7096  0.19%  44.5   40s
 147822 35276 13149.6368   68   41 13141.0000 13163.0912  0.17%  47.7   45s
 168352 40607     cutoff   84      13141.0000 13159.9754  0.14%  49.5   50s
 186170 45641 13157.6758   67   34 13141.0000 13158.3425  0.13%  51.2   55s
 203308 50542 13156.7519   69   35 13141.0000 13158.3425  0.13%  54.2   60s
 221062 56260     cutoff   73      13141.0000 13158.3425  0.13%  56.7   65s
 241305 60613 infeasible   83      13141.0000 13157.6758  0.13%  57.1   70s
 260286 64353 infeasible   76      13141.0000 13157.6452  0.13%  58.1   75s
 277035 70037 13157.2246   66   36 13141.0000 13157.6289  0.13%  59.0   80s
 293966 75063 13152.1937   79   55 13141.0000 13157.6227  0.13%  59.9   85s
 309696 80371 13157.1025   83   57 13141.0000 13157.6227  0.13%  61.0   90s
 323346 84572     cutoff   86      13141.0000 13157.6048  0.13%  61.9   95s
 342485 87490 13157.2246   71   17 13141.0000 13157.2871  0.12%  62.2  100s
 362826 90611 13148.5412  100   54 13141.0000 13157.2246  0.12%  62.3  105s
 380356 93480     cutoff   70      13141.0000 13157.2246  0.12%  62.9  110s
 401178 97402 13157.1139   63   25 13141.0000 13157.1139  0.12%  62.7  115s
 420306 101805 13155.6991   74   52 13141.0000 13157.1139  0.12%  62.8  120s
 437823 105524 13150.0736   77   45 13141.0000 13157.1139  0.12%  63.1  125s
 457183 109318 13147.6188   79   30 13141.0000 13157.1139  0.12%  63.4  130s
 472583 112330 13156.7519   77   28 13141.0000 13157.1139  0.12%  63.7  135s
 486136 114858 13153.5316   72   36 13141.0000 13157.1139  0.12%  64.1  140s
 501762 117574 13149.0755   66   36 13141.0000 13157.1139  0.12%  64.5  145s
 518086 119705 13147.6549   94   33 13141.0000 13157.0855  0.12%  64.9  150s
 536580 120936 13155.9200   62   34 13141.0000 13156.9237  0.12%  64.8  155s
 555607 123065 13149.0000   71   41 13141.0000 13156.9237  0.12%  64.8  160s
 577872 125755 13156.9237   75   17 13141.0000 13156.9237  0.12%  64.7  165s
 596454 128105     cutoff   81      13141.0000 13156.9237  0.12%  64.7  170s
 615755 130566 13149.0000   70   38 13141.0000 13156.9237  0.12%  64.7  175s
 635672 133255     cutoff   93      13141.0000 13156.9237  0.12%  64.8  180s
 657526 135335 13149.0000   82   31 13141.0000 13156.9237  0.12%  64.7  185s
 678224 138206 13156.9237   78   41 13141.0000 13156.9237  0.12%  64.8  190s
 698371 140191 13156.9237   64   32 13141.0000 13156.9237  0.12%  64.9  195s
 717104 142629 13156.9237   79   33 13141.0000 13156.9237  0.12%  64.9  200s
 735657 145200     cutoff   68      13141.0000 13156.9237  0.12%  65.0  205s
 754059 147486 infeasible   85      13141.0000 13156.9237  0.12%  65.1  210s
 774201 149235 13156.9015   70   43 13141.0000 13156.9237  0.12%  65.1  215s
 790268 150970     cutoff   72      13141.0000 13156.9237  0.12%  65.1  220s
 810590 153235 13156.9237   76   40 13141.0000 13156.9237  0.12%  65.2  225s
 830685 155199 13156.9237   75   25 13141.0000 13156.9237  0.12%  65.2  230s
 844325 156317 13155.3482   70   54 13141.0000 13156.9237  0.12%  65.2  235s
 863804 158345 13156.9237   64   38 13141.0000 13156.9237  0.12%  65.2  240s
 881785 159980     cutoff   61      13141.0000 13156.9237  0.12%  65.3  245s
 901565 161599     cutoff   83      13141.0000 13156.9237  0.12%  65.3  250s
 915715 162990 13156.7332   76   32 13141.0000 13156.9237  0.12%  65.3  255s
 931841 164551 infeasible   86      13141.0000 13156.9237  0.12%  65.3  260s
 949480 166000 infeasible   75      13141.0000 13156.9237  0.12%  65.4  265s
 969639 167491 13156.8916   78   51 13141.0000 13156.9237  0.12%  65.4  270s
 984921 169013 13156.9237   70   44 13141.0000 13156.9237  0.12%  65.4  275s
 1004231 170900     cutoff   68      13141.0000 13156.9237  0.12%  65.4  280s
 1021724 172866     cutoff   63      13141.0000 13156.9237  0.12%  65.4  285s
 1043225 174102 13146.8159   79   45 13141.0000 13156.9161  0.12%  65.2  290s
 1065251 174150     cutoff   70      13141.0000 13156.8274  0.12%  64.9  295s
 1087516 176351 13154.1722   83   77 13141.0000 13156.5798  0.12%  64.5  300s
 1107501 179334 13147.0250   67   34 13141.0000 13156.4709  0.12%  64.3  305s
 1125407 179744 13155.8286   66   27 13141.0000 13156.4584  0.12%  64.1  310s
 1148651 178419 13156.3275   71   38 13141.0000 13156.3395  0.12%  63.6  315s
 1176492 181590 infeasible   66      13141.0000 13156.0131  0.11%  62.9  320s
 1204532 191292 13154.4225   60   50 13141.0000 13155.9761  0.11%  62.4  325s
 1222363 196174     cutoff   76      13141.0000 13155.9753  0.11%  62.5  330s
 1235883 199121 13149.5510   71   45 13141.0000 13155.9753  0.11%  62.5  335s
 1248995 202376     cutoff   83      13141.0000 13155.9753  0.11%  62.6  340s
 1263784 206229 13155.9753   64   68 13141.0000 13155.9753  0.11%  62.7  345s
 1280613 209202     cutoff   80      13141.0000 13155.9752  0.11%  62.7  350s
 1302859 210820     cutoff   78      13141.0000 13155.9751  0.11%  62.5  355s
 1327199 211220 13149.6811   86   39 13141.0000 13155.9748  0.11%  62.1  360s
 1353774 212154     cutoff   68      13141.0000 13155.9719  0.11%  61.7  365s
 1379573 213984 13146.0045   69   34 13141.0000 13155.9692  0.11%  61.2  370s
 1404553 212787 13145.9762   70   49 13141.0000 13155.9653  0.11%  60.7  375s
 1420711 213462     cutoff   89      13141.0000 13155.9613  0.11%  60.6  380s
 1444327 212344 13155.8286   69   47 13141.0000 13155.8501  0.11%  60.2  385s
 1471940 212620 13154.9581   79   48 13141.0000 13155.5864  0.11%  59.8  390s
 1492193 213660     cutoff   82      13141.0000 13155.3545  0.11%  59.4  395s
 1519594 214626     cutoff   77      13141.0000 13155.0637  0.11%  58.9  400s
 1550771 216643 infeasible   68      13141.0000 13154.7712  0.10%  58.4  405s
 1568121 217866 13146.8565   75   43 13141.0000 13154.5895  0.10%  58.1  410s
 1596601 220415 13149.8825   64   60 13141.0000 13154.3398  0.10%  57.7  415s
 1626822 222502 13148.6267   67   49 13141.0000 13154.0888  0.10%  57.3  420s
 1653263 222886     cutoff   67      13141.0000 13153.8907  0.10%  56.9  425s
 1681963 224512     cutoff   70      13141.0000 13153.6786  0.10%  56.6  430s
 1708798 225328 13142.4761   78   30 13141.0000 13153.5211  0.10%  56.3  435s
 1739137 226595 13146.4467   73   55 13141.0000 13153.3076  0.09%  55.9  440s
 1769152 227363     cutoff   89      13141.0000 13153.0825  0.09%  55.5  445s
 1779167 226815     cutoff   81      13141.0000 13153.0627  0.09%  55.9  450s
 1804238 226972     cutoff   64      13141.0000 13152.9010  0.09%  55.7  455s
 1833124 227339     cutoff   78      13141.0000 13152.6980  0.09%  55.4  460s
 1860440 228088     cutoff   75      13141.0000 13152.5262  0.09%  55.1  465s
 1880647 229124 13148.4477   76   39 13141.0000 13152.4351  0.09%  55.0  470s
 1897869 229293 13151.4865   70   47 13141.0000 13152.3664  0.09%  55.1  475s
 1928326 225133     cutoff   68      13141.0000 13152.2205  0.09%  54.7  480s
 1958791 219401 13143.5540   63   37 13141.0000 13152.0890  0.08%  54.3  485s
 1985800 220101 13149.6990   78   63 13141.0000 13151.9312  0.08%  54.1  490s
 2015866 220258     cutoff   74      13141.0000 13151.7468  0.08%  53.8  495s
 2032623 217206     cutoff   74      13141.0000 13151.7188  0.08%  53.9  500s
 2042959 213839     cutoff   74      13141.0000 13151.7188  0.08%  54.3  505s
 2063542 211393 13145.6028   67   27 13141.0000 13151.6321  0.08%  54.3  510s
 2097953 210837 13145.3156   62   48 13141.0000 13151.4072  0.08%  53.9  515s
 2115154 208582     cutoff   80      13141.0000 13151.3427  0.08%  54.0  520s
 2132620 210576     cutoff   73      13141.0000 13151.3250  0.08%  54.1  525s
 2162526 209469 13144.9420   68   50 13141.0000 13151.1262  0.08%  53.8  530s
 2189254 209888 13148.1872   81   59 13141.0000 13150.9845  0.08%  53.6  535s
 2217944 209136     cutoff   83      13141.0000 13150.8231  0.07%  53.3  540s
 2237285 201485 13149.0000   82   48 13141.0000 13150.7621  0.07%  53.5  545s
 2245950 195029 infeasible   73      13141.0000 13150.7621  0.07%  53.8  550s
 2254548 188257     cutoff   70      13141.0000 13150.7621  0.07%  54.0  555s
 2272191 181991 13149.0000   67   52 13141.0000 13150.6932  0.07%  54.1  561s
 2288621 179935 13143.0711   84   37 13141.0000 13150.6235  0.07%  54.1  565s
 2311952 177574     cutoff   85      13141.0000 13150.4269  0.07%  53.9  571s
 2330865 175737     cutoff   83      13141.0000 13150.2726  0.07%  53.7  575s
 2359066 172248     cutoff   72      13141.0000 13150.0339  0.07%  53.4  580s
 2388867 168939     cutoff   70      13141.0000 13149.7816  0.07%  53.1  585s
 2412234 165789     cutoff   85      13141.0000 13149.5765  0.07%  52.9  590s
 2445847 161318     cutoff   77      13141.0000 13149.2437  0.06%  52.6  595s
 2473742 158416 13149.0000   73   32 13141.0000 13149.0000  0.06%  52.4  600s
 2494152 157857 13149.0000   74   16 13141.0000 13149.0000  0.06%  52.5  605s
 2509838 157222 13149.0000   69   35 13141.0000 13149.0000  0.06%  52.7  610s
 2521403 156712 13149.0000   82   34 13141.0000 13149.0000  0.06%  52.9  615s
 2538684 155810 13149.0000   81   33 13141.0000 13149.0000  0.06%  53.2  621s
 2550364 155093 infeasible   78      13141.0000 13149.0000  0.06%  53.5  625s
 2564420 154058 13149.0000   65   48 13141.0000 13149.0000  0.06%  53.8  631s
 2581854 154420 13149.0000   60   45 13141.0000 13149.0000  0.06%  53.9  635s
 2601123 154780 13146.8557   78   32 13141.0000 13149.0000  0.06%  54.0  640s
 2620018 154845 infeasible   87      13141.0000 13149.0000  0.06%  54.1  645s
 2647596 154070 13149.0000   71   30 13141.0000 13149.0000  0.06%  54.0  650s
 2664601 153506 13149.0000   80   36 13141.0000 13149.0000  0.06%  54.1  655s
 2685982 152915 13148.3049   95   34 13141.0000 13149.0000  0.06%  54.1  660s
 2705751 152394 13149.0000   73   28 13141.0000 13149.0000  0.06%  54.2  665s
 2729793 152040 13149.0000   94   29 13141.0000 13149.0000  0.06%  54.2  670s
 2751086 151565 13149.0000   77   32 13141.0000 13149.0000  0.06%  54.3  675s
 2765031 151324     cutoff   74      13141.0000 13149.0000  0.06%  54.4  680s
 2789613 151078 13149.0000   89   43 13141.0000 13149.0000  0.06%  54.5  685s
 2806455 151467     cutoff   82      13141.0000 13149.0000  0.06%  54.6  690s
 2824840 151004 infeasible   76      13141.0000 13149.0000  0.06%  54.7  695s
 2840426 150732 infeasible   78      13141.0000 13149.0000  0.06%  54.8  702s
 2849691 150748 13148.7815   85   52 13141.0000 13149.0000  0.06%  54.9  705s
 2866648 150516 13149.0000   79   28 13141.0000 13149.0000  0.06%  55.0  710s
 2883305 150266 infeasible   63      13141.0000 13149.0000  0.06%  55.1  715s
 2902600 150196 13142.0544   95   45 13141.0000 13149.0000  0.06%  55.2  720s
 2919721 149822     cutoff   80      13141.0000 13149.0000  0.06%  55.4  725s
 2935152 149664     cutoff   66      13141.0000 13149.0000  0.06%  55.5  730s
 2953488 149522 13148.9032   88   41 13141.0000 13149.0000  0.06%  55.7  736s
 2969105 149458     cutoff   70      13141.0000 13149.0000  0.06%  55.8  740s
 2985574 149319 13149.0000   75   21 13141.0000 13149.0000  0.06%  55.9  745s
 3001200 148958 13149.0000   76   46 13141.0000 13149.0000  0.06%  56.0  751s
 3013501 148627 13148.7818   72   56 13141.0000 13149.0000  0.06%  56.2  755s
 3029852 148752 13144.0582   77   29 13141.0000 13149.0000  0.06%  56.3  760s
 3045349 148751 infeasible   89      13141.0000 13149.0000  0.06%  56.5  765s
 3061397 148680 13149.0000   64   46 13141.0000 13149.0000  0.06%  56.6  771s
 3072370 148664     cutoff   71      13141.0000 13149.0000  0.06%  56.7  775s
 3089592 148416 infeasible   77      13141.0000 13149.0000  0.06%  56.8  780s
 3101756 148225 infeasible   72      13141.0000 13149.0000  0.06%  57.0  785s
 3113134 148156 13148.8914   96   50 13141.0000 13149.0000  0.06%  57.1  790s
 3124817 148096 infeasible   66      13141.0000 13149.0000  0.06%  57.2  796s
 3137793 148061     cutoff   83      13141.0000 13149.0000  0.06%  57.3  801s
 3149345 148041     cutoff   65      13141.0000 13149.0000  0.06%  57.4  806s
 3157259 147758     cutoff   67      13141.0000 13149.0000  0.06%  57.5  810s
 3166967 147568 13144.5477   82   31 13141.0000 13149.0000  0.06%  57.6  815s
 3182034 147489 13149.0000   70   53 13141.0000 13149.0000  0.06%  57.8  821s
 3190051 147441 13149.0000   85   44 13141.0000 13149.0000  0.06%  57.8  826s
 3204088 147700 13144.1243   85   39 13141.0000 13149.0000  0.06%  58.0  831s
 3215192 147734 13149.0000   67   61 13141.0000 13149.0000  0.06%  58.0  836s
 3225238 147793 infeasible   71      13141.0000 13149.0000  0.06%  58.2  841s
 3236866 147514 13149.0000   88   28 13141.0000 13149.0000  0.06%  58.3  846s
 3248078 147032 13149.0000   67   56 13141.0000 13149.0000  0.06%  58.4  850s
 3266826 145433     cutoff   97      13141.0000 13149.0000  0.06%  58.5  855s
 3305866 142114 13148.5761   76   42 13141.0000 13148.9390  0.06%  58.1  860s
 3338979 138134     cutoff   85      13141.0000 13148.8865  0.06%  57.8  865s
 3376453 132624     cutoff   84      13141.0000 13148.8083  0.06%  57.4  870s
 3408262 128159     cutoff   70      13141.0000 13148.7124  0.06%  57.1  875s
 3445391 122763     cutoff   71      13141.0000 13148.5478  0.06%  56.8  880s
 3480421 117662 13144.1468   71   46 13141.0000 13148.3634  0.06%  56.5  885s
 3513439 114834 13147.2006   82   48 13141.0000 13148.1576  0.05%  56.2  890s
 3549432 111362 infeasible   84      13141.0000 13147.9501  0.05%  56.0  895s
 3579042 109439 13145.3914   65   53 13141.0000 13147.7952  0.05%  55.8  900s
 3612831 105704     cutoff   77      13141.0000 13147.6001  0.05%  55.5  905s
 3649179 101285 13146.6261   75   26 13141.0000 13147.3776  0.05%  55.2  910s
 3684706 90536 13147.1693   70   37 13141.0000 13147.1693  0.05%  54.9  915s
 3713498 85986     cutoff   70      13141.0000 13147.0072  0.05%  54.7  920s
 3744349 82350 13142.6866   84   41 13141.0000 13146.8372  0.04%  54.5  925s
 3779348 76224     cutoff   73      13141.0000 13146.6065  0.04%  54.3  930s
 3818591 69335     cutoff   80      13141.0000 13146.2849  0.04%  54.0  935s
 3852709 62027     cutoff   66      13141.0000 13145.9840  0.04%  53.7  940s
 3884038 55753 13145.1587   52   55 13141.0000 13145.7483  0.04%  53.5  945s
 3924947 45892     cutoff   82      13141.0000 13145.3350  0.03%  53.2  950s
 3959463 36162 13144.1512   56   36 13141.0000 13144.9430  0.03%  52.9  955s
 3998999 22993     cutoff   53      13141.0000 13144.3154  0.03%  52.6  960s

Cutting planes:
  Gomory: 90
  Cover: 89
  Clique: 6
  MIR: 110
  StrongCG: 69
  Flow cover: 15
  Zero half: 11
  RLT: 8

Explored 4046611 nodes (211581476 simplex iterations) in 964.97 seconds
Thread count was 12 (of 12 available processors)

Solution count 8: 13141 13108 13081 ... 11979

Optimal solution found (tolerance 1.00e-04)
Best objective 1.314100000000e+04, best bound 1.314200000000e+04, gap 0.0076%
