
Gurobi 9.1.2 (win64, Java) logging started Sat Nov  6 04:42:53 2021

Academic license - for non-commercial use only - expires 2022-10-30
Gurobi Optimizer version 9.1.2 build v9.1.2rc0 (win64)
Thread count: 6 physical cores, 12 logical processors, using up to 12 threads
Optimize a model with 70 rows, 600 columns and 1200 nonzeros
Model fingerprint: 0x48b95a95
Variable types: 0 continuous, 600 integer (600 binary)
Coefficient statistics:
  Matrix range     [1e+00, 1e+03]
  Objective range  [4e+01, 9e+02]
  Bounds range     [1e+00, 1e+00]
  RHS range        [1e+00, 2e+03]
Found heuristic solution: objective 15386.000000
Presolve removed 0 rows and 29 columns
Presolve time: 0.02s
Presolved: 70 rows, 571 columns, 1142 nonzeros
Variable types: 0 continuous, 571 integer (571 binary)
Presolved: 70 rows, 571 columns, 1142 nonzeros


Root relaxation: objective 1.812145e+04, 147 iterations, 0.00 seconds

    Nodes    |    Current Node    |     Objective Bounds      |     Work
 Expl Unexpl |  Obj  Depth IntInf | Incumbent    BestBd   Gap | It/Node Time

     0     0 18121.4485    0   12 15386.0000 18121.4485  17.8%     -    0s
H    0     0                    17234.000000 18121.4485  5.15%     -    0s
H    0     0                    17755.000000 18121.4485  2.06%     -    0s
H    0     0                    17757.000000 18121.4485  2.05%     -    0s
H    0     0                    17765.000000 18121.4485  2.01%     -    1s
     0     0 18121.4485    0   28 17765.0000 18121.4485  2.01%     -    1s
     0     0 18121.4485    0   23 17765.0000 18121.4485  2.01%     -    1s
H    0     0                    17884.000000 18121.4485  1.33%     -    1s
     0     0 18112.5393    0   18 17884.0000 18112.5393  1.28%     -    1s
H    0     0                    17921.000000 18112.5393  1.07%     -    1s
     0     0 18112.5393    0   22 17921.0000 18112.5393  1.07%     -    2s
     0     0 18112.5393    0   25 17921.0000 18112.5393  1.07%     -    2s
     0     0 18112.5393    0   16 17921.0000 18112.5393  1.07%     -    2s
     0     2 18112.5393    0   16 17921.0000 18112.5393  1.07%     -    3s
H   31    40                    17983.000000 18112.5393  0.72%  13.4    6s
H 1334  1228                    17998.000000 18112.5393  0.64%   4.5    8s
  1382  1294 18110.9329   39   21 17998.0000 18112.5393  0.64%   4.4   12s
  2425  2183 18098.5945   27   26 17998.0000 18109.6000  0.62%   4.7   15s
H 2430  2076                    18017.000000 18109.6000  0.51%   4.7   18s
  2435  2079 18058.0000  145   15 18017.0000 18109.6000  0.51%   4.7   20s
  2448  2089 18059.7806   74   18 18017.0000 18109.6000  0.51%   5.8   25s
H 2451  1986                    18058.000000 18109.6000  0.29%   5.8   27s
H 2456  1889                    18080.000000 18109.6000  0.16%   5.8   28s
  2458  1891 18087.5206  146   19 18080.0000 18109.6000  0.16%   5.8   30s
  2478  1906 18105.9962   40   13 18080.0000 18109.6000  0.16%   7.0   35s
  2571  1979 18108.9685   44   16 18080.0000 18109.2867  0.16%   7.8   44s
H 3101  2194                    18083.000000 18109.2867  0.15%   7.1   45s
 18433 12782 18104.0000   68   19 18083.0000 18108.9918  0.14%   4.8   53s
 18468 20921 18104.0000   88   17 18083.0000 18108.9918  0.14%   4.8   56s
 35326 25142 18108.8795  125   18 18083.0000 18108.9918  0.14%   5.1   60s
 37342 25146 18099.0266   94   17 18083.0000 18108.8414  0.14%   5.2   65s
 37351 25152 18092.8365   99   18 18083.0000 18108.8414  0.14%   5.2   70s
 37439 25211 18097.6347   55   16 18083.0000 18108.8414  0.14%   5.3   78s
 37476 25231 18108.8414   57   17 18083.0000 18108.8414  0.14%   5.3   83s
 39299 26351 18108.2903  129   17 18083.0000 18108.8414  0.14%   5.2   85s
 59757 35703 18101.2964  171   18 18083.0000 18108.8414  0.14%   5.3   90s
 81590 45596 18084.3582  182   14 18083.0000 18108.8414  0.14%   5.4   95s
 93615 50560 18090.7277  222   21 18083.0000 18108.8414  0.14%   5.7  100s
 100882 52955 18106.5384   89   26 18083.0000 18108.8414  0.14%   5.8  105s
 105286 54373 18099.5805  141   19 18083.0000 18108.8414  0.14%   5.9  112s
 105496 54770 18105.2692   93   32 18083.0000 18108.8414  0.14%   5.9  117s
 116055 61202 18106.5143   83   37 18083.0000 18108.8414  0.14%   6.1  120s
 137771 78126     cutoff  187      18083.0000 18108.8414  0.14%   6.6  125s
 156806 91551 18108.4066   75   28 18083.0000 18108.8414  0.14%   6.8  135s
 176331 108205 18098.8532  111   29 18083.0000 18108.8414  0.14%   7.1  140s
 181351 111869 18104.6346   70   31 18083.0000 18108.8414  0.14%   7.1  145s
 183075 111881 18105.9038   80   25 18083.0000 18108.8414  0.14%   7.1  153s
 185001 114233 18092.0089  119   29 18083.0000 18108.8414  0.14%   7.2  158s
 193596 121911 18089.1170  146   15 18083.0000 18108.8414  0.14%   7.3  160s
 217420 139156 18095.2809   95   18 18083.0000 18108.6716  0.14%   7.5  165s
 223219 144083 18105.8650  105   19 18083.0000 18108.6716  0.14%   7.6  170s
 238472 155360 18106.0000   92   33 18083.0000 18108.4906  0.14%   7.7  175s
 258046 170810 18104.2785   95   17 18083.0000 18108.4422  0.14%   7.9  180s
 274068 182488 18105.7603  110   21 18083.0000 18108.4422  0.14%   8.0  185s
 289402 193268 18102.1032   78   23 18083.0000 18108.4422  0.14%   8.1  190s
 304414 203894 18108.4422   88   29 18083.0000 18108.4422  0.14%   8.2  195s
 309937 206796 18104.9707  111   22 18083.0000 18108.4422  0.14%   8.2  203s
 313966 210532 18108.4422   90   29 18083.0000 18108.4422  0.14%   8.3  205s
 325179 217846 18105.9038  117   29 18083.0000 18108.4422  0.14%   8.4  210s
 335424 224417 18100.5093  139   25 18083.0000 18108.4422  0.14%   8.6  215s
 343290 229561 18104.0000  121   15 18083.0000 18108.4422  0.14%   8.7  220s
 353321 236196     cutoff  136      18083.0000 18108.4422  0.14%   8.8  225s
 361743 241032 18087.5206  108   24 18083.0000 18108.4422  0.14%   9.0  231s
 369461 246048 18085.0487  125   27 18083.0000 18108.4422  0.14%   9.1  235s
 375749 249803 18108.4422   89   28 18083.0000 18108.4422  0.14%   9.2  240s
 381714 253330 18084.2276  109   37 18083.0000 18108.4422  0.14%   9.4  245s
 387603 257039 18099.8801  139   29 18083.0000 18108.4422  0.14%   9.5  250s
 394612 260854 18105.9038   98   43 18083.0000 18108.4422  0.14%   9.6  256s
 398541 263000 18105.2692  105   43 18083.0000 18108.4422  0.14%   9.7  260s
 404092 265692 18098.7872  154   16 18083.0000 18108.4422  0.14%   9.8  265s
 408166 268513 18105.9038  123   39 18083.0000 18108.4422  0.14%  10.0  272s
 411647 269595 18104.0846  118   30 18083.0000 18108.4422  0.14%  10.1  275s
 413667 269693 18096.2882  152   27 18083.0000 18108.4422  0.14%  10.1  285s
 417953 272377 18083.9925  143   27 18083.0000 18108.4422  0.14%  10.2  298s
 419168 273327 18089.1685  144   19 18083.0000 18108.4422  0.14%  10.3  301s
 427226 276878 18108.4422  126   28 18083.0000 18108.4422  0.14%  10.5  307s
 432226 280240 18087.5206  116   25 18083.0000 18108.4422  0.14%  10.6  310s
 437841 282041 18092.2340  161   31 18083.0000 18108.4422  0.14%  10.8  322s
 441228 284521     cutoff  126      18083.0000 18108.4422  0.14%  10.9  325s
 451236 289070 18108.4422  119   31 18083.0000 18108.4422  0.14%  11.1  330s
 461848 294074 18108.2903  114   32 18083.0000 18108.4422  0.14%  11.4  335s
 471842 298748 infeasible  152      18083.0000 18108.4422  0.14%  11.6  340s
 480474 302606 18097.1760  116   36 18083.0000 18108.4422  0.14%  11.8  345s
 490848 307711 18101.4507  125   37 18083.0000 18108.4422  0.14%  12.0  350s
 496228 310109 18100.6952  123   39 18083.0000 18108.4422  0.14%  12.2  355s
 501466 312298     cutoff  120      18083.0000 18108.4422  0.14%  12.3  363s
 502444 312802     cutoff  120      18083.0000 18108.4422  0.14%  12.3  365s
 509265 316431     cutoff  110      18083.0000 18108.4422  0.14%  12.4  370s
 514458 319116 18091.1530  141   33 18083.0000 18108.4422  0.14%  12.5  375s
 525278 324136 18099.7017  116   32 18083.0000 18108.4422  0.14%  12.6  381s
 532789 326768 18108.4422  124   27 18083.0000 18108.4422  0.14%  12.7  395s
 540551 330723 18102.3521  125   23 18083.0000 18108.4422  0.14%  12.7  400s
 546130 332252 18097.1227  131   25 18083.0000 18108.4422  0.14%  12.8  409s
 546637 333325 18108.4422  109   27 18083.0000 18108.4422  0.14%  12.8  410s
 555106 336475 18108.4422  114   38 18083.0000 18108.4422  0.14%  12.9  415s
 562013 339146     cutoff  129      18083.0000 18108.4422  0.14%  12.9  420s
 573514 343864     cutoff  117      18083.0000 18108.4422  0.14%  13.0  425s
 580234 346776     cutoff  115      18083.0000 18108.4422  0.14%  13.1  430s
 586166 349104 18101.7895  132   36 18083.0000 18108.4422  0.14%  13.1  435s
 587694 349157 18087.5206  126    9 18083.0000 18108.4422  0.14%  13.2  443s
 589924 350887 18101.9256  114   33 18083.0000 18108.4422  0.14%  13.2  445s
 600572 355391 18099.0266  130   28 18083.0000 18108.4422  0.14%  13.3  453s
 604118 357086 18103.1929  132   47 18083.0000 18108.4422  0.14%  13.4  456s
 611158 360129 infeasible  126      18083.0000 18108.4422  0.14%  13.5  461s
 618846 363743 18085.3889  161   36 18083.0000 18108.4422  0.14%  13.6  465s
 622510 364515 18108.4000  107   37 18083.0000 18108.4422  0.14%  13.6  476s
 622526 364893 18105.8481  108   38 18083.0000 18108.4422  0.14%  13.6  480s
 630890 368417 18100.3544  132   20 18083.0000 18108.4422  0.14%  13.7  485s
 639636 372540 18108.4422  105   42 18083.0000 18108.4422  0.14%  13.8  490s
 649639 376225 18100.3544  120   27 18083.0000 18108.4422  0.14%  13.9  501s
 649900 381371 18096.0266  117   25 18083.0000 18108.4422  0.14%  13.9  506s
 663739 383041     cutoff  129      18083.0000 18108.4422  0.14%  14.1  510s
 672647 387185 18092.9588  133   25 18083.0000 18108.4422  0.14%  14.1  515s
 679230 390321     cutoff  123      18083.0000 18108.4422  0.14%  14.2  520s
 686084 393360 18098.6971  148   17 18083.0000 18108.4422  0.14%  14.3  525s
 691149 396009 18088.3536  123   40 18083.0000 18108.4422  0.14%  14.3  530s
 696366 398622 18108.4422  105   45 18083.0000 18108.4422  0.14%  14.4  535s
 704095 401988 18095.1985  137   13 18083.0000 18108.4422  0.14%  14.4  540s
 711392 405590 18089.1069  123   32 18083.0000 18108.4422  0.14%  14.5  546s
 716808 407801 18105.8481  134   30 18083.0000 18108.4422  0.14%  14.5  554s
 717493 408535 18103.1461  135   30 18083.0000 18108.4422  0.14%  14.5  555s
 724434 411582     cutoff  129      18083.0000 18108.4422  0.14%  14.6  560s
 729850 413902 18104.0000  129   24 18083.0000 18108.4422  0.14%  14.7  565s
 731630 413983 18085.0487  131   24 18083.0000 18108.4422  0.14%  14.7  572s
 736090 416636 18095.4033  130   23 18083.0000 18108.4422  0.14%  14.7  575s
 748550 421973 infeasible  128      18083.0000 18108.4422  0.14%  14.9  580s
 759848 426877 18108.4422  119   31 18083.0000 18108.4422  0.14%  15.0  585s
 768231 430575     cutoff  122      18083.0000 18108.4422  0.14%  15.0  592s
 771522 431575 18093.1388  118   30 18083.0000 18108.4422  0.14%  15.1  598s
 774269 433288 18101.1830  122   32 18083.0000 18108.4422  0.14%  15.1  600s
 780762 436338 18095.1985  124   36 18083.0000 18108.4422  0.14%  15.1  605s
 787885 439379 18107.1730  121   30 18083.0000 18108.4422  0.14%  15.2  610s
 794467 441932 18105.8481  136   29 18083.0000 18108.4422  0.14%  15.3  616s
 797575 443366 18108.1300  131   25 18083.0000 18108.4422  0.14%  15.3  620s
 806633 447103 18086.2846  127   24 18083.0000 18108.4422  0.14%  15.4  625s
 813812 450204 18096.0674  114   39 18083.0000 18108.4422  0.14%  15.4  630s
 818522 452128     cutoff  143      18083.0000 18108.4422  0.14%  15.5  637s
 824316 454751     cutoff  123      18083.0000 18108.4422  0.14%  15.5  642s
 830232 457361 18097.9823  127   15 18083.0000 18108.4422  0.14%  15.6  645s
 839045 460769 18089.9925  124   23 18083.0000 18108.4422  0.14%  15.6  656s
 843619 463208 18106.5384  120   36 18083.0000 18108.4422  0.14%  15.6  662s
 845167 464102 18108.2338  111   36 18083.0000 18108.4422  0.14%  15.6  665s
 851420 465901 18085.8727  126   26 18083.0000 18108.4422  0.14%  15.6  676s
 857569 469246 18087.6663  131   38 18083.0000 18108.4422  0.14%  15.7  680s
 866479 472940 18108.4422  107   32 18083.0000 18108.4422  0.14%  15.7  685s
 873376 475966 18108.4422   91   35 18083.0000 18108.4422  0.14%  15.7  690s
 880257 478930     cutoff  106      18083.0000 18108.4422  0.14%  15.7  695s
 887227 481904     cutoff  114      18083.0000 18108.4422  0.14%  15.7  701s
 894909 485166     cutoff  148      18083.0000 18108.4422  0.14%  15.7  705s
 902132 488015 18108.4422  104   33 18083.0000 18108.4422  0.14%  15.7  710s
 908777 490669 18095.7603  110   24 18083.0000 18108.4422  0.14%  15.8  715s
 917601 493576 18105.9038  119   38 18083.0000 18108.4422  0.14%  15.8  727s
 919569 495109 18094.5436  109   28 18083.0000 18108.4422  0.14%  15.8  730s
 926617 497880     cutoff  111      18083.0000 18108.4422  0.14%  15.8  735s
 933965 501102 18105.8481  116   23 18083.0000 18108.4422  0.14%  15.9  742s
 940910 504303 18086.9239  143   40 18083.0000 18108.4422  0.14%  15.9  748s
 946264 506476 18105.2692  132   31 18083.0000 18108.4422  0.14%  15.9  750s
 951835 508971     cutoff  134      18083.0000 18108.4422  0.14%  15.9  755s
 957733 511642 18103.1760  112   34 18083.0000 18108.4422  0.14%  16.0  760s
 964614 514505 18108.4422  121   45 18083.0000 18108.4422  0.14%  16.0  765s
 968330 516278 18084.2247  109   32 18083.0000 18108.4422  0.14%  16.1  770s
 971946 518034 18108.4422  123   40 18083.0000 18108.4422  0.14%  16.1  775s
 973946 518043 18108.4422  128   32 18083.0000 18108.4422  0.14%  16.1  783s
 973961 518829 18108.2942  128   34 18083.0000 18108.4422  0.14%  16.1  785s
 983010 522712 18104.2785  115   15 18083.0000 18108.4422  0.14%  16.2  790s
 988188 525297 18108.4000  123   37 18083.0000 18108.4422  0.14%  16.2  795s
 994004 528118     cutoff  101      18083.0000 18108.4422  0.14%  16.3  800s
 997764 529027 18105.9038  123   40 18083.0000 18108.4422  0.14%  16.3  809s
 998108 529828 18105.9038  124   33 18083.0000 18108.4422  0.14%  16.3  810s
 1003057 532098 18089.3856  115   22 18083.0000 18108.4422  0.14%  16.3  816s
 1010679 535286     cutoff  151      18083.0000 18108.4422  0.14%  16.4  822s
 1016212 537676     cutoff  120      18083.0000 18108.4422  0.14%  16.4  825s
 1020931 539976 18104.6346  104   28 18083.0000 18108.4422  0.14%  16.5  831s
 1025234 541824 18105.9038  116   50 18083.0000 18108.4422  0.14%  16.5  836s
 1032234 544750 18105.2692  119   33 18083.0000 18108.4422  0.14%  16.6  842s
 1037081 546758 18090.3015  116   20 18083.0000 18108.4422  0.14%  16.6  845s
 1040509 548367 18099.0262  135   19 18083.0000 18108.4422  0.14%  16.6  850s
 1050370 553102 18108.4422  126   42 18083.0000 18108.4422  0.14%  16.7  855s
 1052221 553351 18089.7603  131   15 18083.0000 18108.4422  0.14%  16.7  860s
 1054752 554771     cutoff  126      18083.0000 18108.4422  0.14%  16.7  865s
 1062226 558668 18104.9648  107   36 18083.0000 18108.4422  0.14%  16.7  870s
 1070014 561910     cutoff  135      18083.0000 18108.4422  0.14%  16.8  875s
 1077089 564994 18099.7017  145   18 18083.0000 18108.4422  0.14%  16.8  881s
 1084093 568052 18102.2807  130   29 18083.0000 18108.4422  0.14%  16.8  885s
 1088895 569507 18094.5436  112   22 18083.0000 18108.4422  0.14%  16.8  896s
 1092454 571636 18099.7017  151   14 18083.0000 18108.4422  0.14%  16.8  900s
 1097515 573792 18091.7196  115   40 18083.0000 18108.4422  0.14%  16.9  905s
 1104927 576942 18086.8736  126   23 18083.0000 18108.4422  0.14%  16.9  910s
 1109124 578805 18086.4644  125   22 18083.0000 18108.4422  0.14%  16.9  915s
 1114082 580929 18104.0000  108   24 18083.0000 18108.4422  0.14%  16.9  920s
 1119491 583239 18108.4422  116   36 18083.0000 18108.4422  0.14%  16.9  925s
 1126583 586428 18108.4000  128   26 18083.0000 18108.4422  0.14%  17.0  930s
 1133622 589720 infeasible  148      18083.0000 18108.4422  0.14%  17.0  935s
 1141139 593373 18108.4000  115   26 18083.0000 18108.4422  0.14%  17.0  941s
 1144897 594504 18084.2247  135    7 18083.0000 18108.4422  0.14%  17.0  950s
H1145062 155997                    18104.000000 18108.4422  0.02%  17.0  950s
 1148117 156621 18106.9441  104   26 18104.0000 18106.9441  0.02%  17.1  955s

Cutting planes:
  Gomory: 11
  Cover: 58
  Clique: 4
  MIR: 41
  StrongCG: 29
  Flow cover: 33
  Zero half: 4
  RLT: 6

Explored 1148117 nodes (19580118 simplex iterations) in 955.53 seconds
Thread count was 12 (of 12 available processors)

Solution count 10: 18104 18083 18080 ... 17765

Optimal solution found (tolerance 1.00e-04)
Best objective 1.810400000000e+04, best bound 1.810400000000e+04, gap 0.0000%
