
Gurobi 9.1.2 (win64, Java) logging started Mon Nov  8 23:35:20 2021

Academic license - for non-commercial use only - expires 2022-10-30
Gurobi Optimizer version 9.1.2 build v9.1.2rc0 (win64)
Thread count: 6 physical cores, 12 logical processors, using up to 12 threads
Optimize a model with 110 rows, 1000 columns and 2000 nonzeros
Model fingerprint: 0x882ffc7e
Variable types: 0 continuous, 1000 integer (1000 binary)
Coefficient statistics:
  Matrix range     [1e+00, 1e+03]
  Objective range  [3e+00, 1e+03]
  Bounds range     [1e+00, 1e+00]
  RHS range        [1e+00, 3e+03]
Found heuristic solution: objective 24306.000000
Presolve time: 0.00s
Presolved: 110 rows, 1000 columns, 2000 nonzeros
Variable types: 0 continuous, 1000 integer (1000 binary)
Presolved: 110 rows, 1000 columns, 2000 nonzeros


Root relaxation: objective 4.090597e+04, 176 iterations, 0.00 seconds

    Nodes    |    Current Node    |     Objective Bounds      |     Work
 Expl Unexpl |  Obj  Depth IntInf | Incumbent    BestBd   Gap | It/Node Time

     0     0 40905.9740    0   14 24306.0000 40905.9740  68.3%     -    0s
H    0     0                    39829.000000 40905.9740  2.70%     -    0s
H    0     0                    40670.000144 40905.9740  0.58%     -    0s
     0     0 40892.7543    0   25 40670.0001 40892.7543  0.55%     -    0s
     0     0 40892.7543    0   29 40670.0001 40892.7543  0.55%     -    0s
     0     0 40888.7230    0   25 40670.0001 40888.7230  0.54%     -    0s
     0     0 40888.7230    0   27 40670.0001 40888.7230  0.54%     -    0s
     0     0 40888.7230    0   33 40670.0001 40888.7230  0.54%     -    0s
     0     0 40888.7230    0   12 40670.0001 40888.7230  0.54%     -    0s
     0     0 40888.7230    0   14 40670.0001 40888.7230  0.54%     -    0s
     0     0 40888.7230    0   19 40670.0001 40888.7230  0.54%     -    0s
     0     0 40888.7230    0   22 40670.0001 40888.7230  0.54%     -    0s
     0     0 40888.7230    0   23 40670.0001 40888.7230  0.54%     -    0s
     0     0 40888.7230    0   13 40670.0001 40888.7230  0.54%     -    0s
H    0     2                    40709.000000 40888.7230  0.44%     -    0s
     0     2 40888.7230    0   13 40709.0000 40888.7230  0.44%     -    0s
H  601   619                    40771.000000 40888.7230  0.29%   7.6    0s
 37485 29506 40793.0000  104   30 40771.0000 40862.8563  0.23%   3.5    5s
 130845 82183 40800.0968  104   14 40771.0000 40856.1358  0.21%   3.2   10s
 267000 194731 40853.6737  192   19 40771.0000 40855.5461  0.21%   3.1   15s
 401629 310050 40855.2339  114   18 40771.0000 40855.5461  0.21%   3.1   20s
 526286 416385 40850.0000  230   14 40771.0000 40855.5461  0.21%   3.1   25s
 657596 529087 40850.0019  198   16 40771.0000 40855.2967  0.21%   3.2   30s
 768509 623542 40855.2340  130   18 40771.0000 40855.2967  0.21%   3.2   35s
 870393 710626 40852.4494  215   14 40771.0000 40855.2967  0.21%   3.3   40s
 978861 803555 40855.2339   93   17 40771.0000 40855.2967  0.21%   3.3   45s
 1071171 882509 40850.0000  151   15 40771.0000 40855.2967  0.21%   3.4   50s
 1154194 953798 40855.2339  279   16 40771.0000 40855.2967  0.21%   3.5   55s
 1252330 1038925 40855.2339   86   24 40771.0000 40855.2967  0.21%   3.5   60s
 1342613 1118708 40845.6887  103   12 40771.0000 40855.2967  0.21%   3.6   65s
 1429277 1189541 40850.0019  359   18 40771.0000 40855.2967  0.21%   3.6   70s
 1528970 1275876 40850.0019  310   16 40771.0000 40855.2967  0.21%   3.6   75s
 1612836 1346880 40855.2340  146   17 40771.0000 40855.2967  0.21%   3.7   80s
 1710082 1431193 40855.2340  102   19 40771.0000 40855.2967  0.21%   3.7   85s
 1800468 1504496 40855.2339  263   18 40771.0000 40855.2967  0.21%   3.7   90s
 1878962 1571309 40855.2340  100   19 40771.0000 40855.2967  0.21%   3.7   95s
 1968610 1647244 40855.2340  218   18 40771.0000 40855.2967  0.21%   3.8  100s
 2048770 1714377 40853.8851  301   15 40771.0000 40855.2967  0.21%   3.8  105s
 2123060 1778364 40850.0000  285   15 40771.0000 40855.2967  0.21%   3.8  110s
 2194868 1840220 40855.2339  143   16 40771.0000 40855.2967  0.21%   3.8  115s
 2282477 1914216 40783.0190  287   17 40771.0000 40855.2967  0.21%   3.9  120s
 2363092 1982807 40855.2339  203   17 40771.0000 40855.2967  0.21%   3.9  125s
 2437402 2046069 40855.2340  106   18 40771.0000 40855.2967  0.21%   3.9  130s
 2503139 2103818 40850.8165  203   16 40771.0000 40855.2967  0.21%   4.0  135s
 2573128 2163102 40855.2340  196   19 40771.0000 40855.2967  0.21%   4.0  140s
 2649845 2229134 40854.1337  241   19 40771.0000 40855.2967  0.21%   4.0  145s
 2717673 2287979 40774.0347  236   16 40771.0000 40855.2967  0.21%   4.0  150s
 2792996 2350294 40833.3065  120   18 40771.0000 40855.2967  0.21%   4.0  155s
 2866058 2410114 40855.2340  134   19 40771.0000 40855.2967  0.21%   4.1  160s
 2928900 2461802 40851.9511  215   15 40771.0000 40855.2967  0.21%   4.1  165s
 2994689 2514390 40855.2340  168   12 40771.0000 40855.2967  0.21%   4.1  170s
 3048112 2550989 40795.0001  246   10 40771.0000 40855.2967  0.21%   4.1  175s
 3093285 2581256 infeasible  190      40771.0000 40855.2967  0.21%   4.2  180s
 3130295 2603904     cutoff  199      40771.0000 40855.2967  0.21%   4.2  185s
 3172062 2628799 40854.8987  198   20 40771.0000 40855.2967  0.21%   4.2  190s
 3203970 2646424 40786.4806  184   15 40771.0000 40855.2967  0.21%   4.3  195s
 3230505 2662944 infeasible  189      40771.0000 40855.2967  0.21%   4.3  200s
 3256906 2678533 40806.6171  197   16 40771.0000 40855.2967  0.21%   4.3  205s
 3280319 2690303 40834.8585  163   14 40771.0000 40855.2967  0.21%   4.3  210s
 3308442 2705912 40832.6162  171   18 40771.0000 40855.2967  0.21%   4.4  215s
 3337818 2722940 40855.2340  186   13 40771.0000 40855.2967  0.21%   4.4  220s
 3366414 2737300 40801.8050  194   10 40771.0000 40855.2967  0.21%   4.4  225s
 3391801 2750917     cutoff  235      40771.0000 40855.2967  0.21%   4.4  230s
 3419029 2765635 40808.8883  187   14 40771.0000 40855.2967  0.21%   4.5  235s
 3450372 2782336 40782.4955  209   14 40771.0000 40855.2967  0.21%   4.5  240s
 3482716 2799783 40801.8951  190   16 40771.0000 40855.2967  0.21%   4.5  245s
 3513787 2815251 40822.2766  173   13 40771.0000 40855.2967  0.21%   4.5  250s
 3542572 2829593 40855.2967  171   15 40771.0000 40855.2967  0.21%   4.5  255s
 3574538 2844543 40806.6171  184   15 40771.0000 40855.2967  0.21%   4.5  260s
 3603474 2858485 40818.6037  180   14 40771.0000 40855.2967  0.21%   4.5  265s
 3634087 2873311 40799.9432  193   13 40771.0000 40855.2967  0.21%   4.6  270s
 3663117 2888029 40827.8238  182   17 40771.0000 40855.2967  0.21%   4.6  275s
 3692407 2902969 40855.2967  165   16 40771.0000 40855.2967  0.21%   4.6  280s
 3721929 2917173 40833.5577  172   16 40771.0000 40855.2967  0.21%   4.6  285s
 3744018 2932696 40855.2340  167   17 40771.0000 40855.2967  0.21%   4.6  291s
 3772313 2941357 40854.8987  175   15 40771.0000 40855.2967  0.21%   4.6  295s
 3799640 2954988 40840.0952  179   16 40771.0000 40855.2967  0.21%   4.6  300s
 3824770 2968546     cutoff  200      40771.0000 40855.2967  0.21%   4.6  305s
 3852578 2983090 40840.0952  165   18 40771.0000 40855.2967  0.21%   4.6  310s
 3874578 2995110 infeasible  163      40771.0000 40855.2967  0.21%   4.6  315s
 3900035 3011711     cutoff  221      40771.0000 40855.2967  0.21%   4.6  320s
 3927547 3029473 40787.3128  197   17 40771.0000 40855.2967  0.21%   4.7  325s
 3952868 3045967 40791.1919  185   13 40771.0000 40855.2967  0.21%   4.7  330s
 3976660 3062260     cutoff  212      40771.0000 40855.2967  0.21%   4.7  335s
 4001713 3079269 40848.1073  173   17 40771.0000 40855.2967  0.21%   4.7  340s
 4025235 3095437 40853.2658  159   15 40771.0000 40855.2967  0.21%   4.7  345s
 4048326 3110895 40823.2702  245   13 40771.0000 40855.2967  0.21%   4.7  350s
 4070012 3125605 40850.8165  208   13 40771.0000 40855.2967  0.21%   4.7  355s
 4093304 3139921     cutoff  203      40771.0000 40855.2967  0.21%   4.7  360s
 4112881 3151590     cutoff  187      40771.0000 40855.2967  0.21%   4.7  365s
 4136565 3165240 40819.4494  204   17 40771.0000 40855.2967  0.21%   4.8  370s
 4161333 3178368 40827.7519  175   19 40771.0000 40855.2967  0.21%   4.8  375s
 4183901 3191506 40831.6469  172   12 40771.0000 40855.2967  0.21%   4.8  380s
 4205928 3202963 40822.5851  188   14 40771.0000 40855.2967  0.21%   4.8  385s
 4228626 3213956 40855.2340  195   16 40771.0000 40855.2967  0.21%   4.8  390s
 4250516 3226658     cutoff  199      40771.0000 40855.2967  0.21%   4.8  395s
 4273664 3238986 40841.6182  168   18 40771.0000 40855.2967  0.21%   4.8  400s
 4293743 3250015 40855.2967  182   18 40771.0000 40855.2967  0.21%   4.8  405s
 4317621 3262012 40798.3856  173   12 40771.0000 40855.2967  0.21%   4.8  410s
 4344309 3275839 40812.9334  157   18 40771.0000 40855.2967  0.21%   4.8  415s
 4367866 3287898 40818.6894  189   15 40771.0000 40855.2967  0.21%   4.8  420s
 4390076 3299493     cutoff  188      40771.0000 40855.2967  0.21%   4.8  425s
 4412442 3310004     cutoff  184      40771.0000 40855.2967  0.21%   4.8  430s
 4439935 3323429 40788.3031  203   13 40771.0000 40855.2967  0.21%   4.8  435s
 4462003 3333970 40796.0201  192   18 40771.0000 40855.2967  0.21%   4.8  440s
 4481565 3343674 40777.8733  193   15 40771.0000 40855.2967  0.21%   4.8  445s
 4501109 3353203 40855.2340  180   18 40771.0000 40855.2967  0.21%   4.8  450s
 4528428 3365717 40813.5431  175   13 40771.0000 40855.2967  0.21%   4.8  455s
 4556429 3379472 40773.6898  179   10 40771.0000 40855.2967  0.21%   4.8  460s
 4577452 3388095 40775.9937  177   12 40771.0000 40855.2967  0.21%   4.8  465s
 4601661 3399687 40855.2967  161   18 40771.0000 40855.2967  0.21%   4.8  470s
 4629637 3413591 40847.0895  176   17 40771.0000 40855.2967  0.21%   4.8  475s
 4655704 3426551 40805.0607  188   13 40771.0000 40855.2967  0.21%   4.8  480s
 4678541 3438280     cutoff  195      40771.0000 40855.2967  0.21%   4.8  485s
 4703334 3448992 40855.2340  176   17 40771.0000 40855.2967  0.21%   4.8  490s
 4726047 3459224 40779.9520  200   10 40771.0000 40855.2967  0.21%   4.8  495s
 4745509 3469371 40855.2967  179   18 40771.0000 40855.2967  0.21%   4.8  500s
 4768411 3480204 40800.5489  177   16 40771.0000 40855.2967  0.21%   4.8  505s
 4795579 3493514 40812.3003  178   15 40771.0000 40855.2967  0.21%   4.8  510s
 4821083 3506895     cutoff  178      40771.0000 40855.2967  0.21%   4.8  515s
 4841993 3517437 40854.8987  166   15 40771.0000 40855.2967  0.21%   4.9  520s
 4861942 3526773 40855.2967  170   18 40771.0000 40855.2967  0.21%   4.9  525s
 4886424 3539737     cutoff  202      40771.0000 40855.2967  0.21%   4.9  530s
 4911206 3551906     cutoff  198      40771.0000 40855.2967  0.21%   4.9  535s
 4934954 3563232 40803.2255  179   15 40771.0000 40855.2967  0.21%   4.9  540s
 4958452 3574002 40796.5020  181   15 40771.0000 40855.2967  0.21%   4.9  545s
 4977445 3584642 40797.8058  177   16 40771.0000 40855.2967  0.21%   4.9  550s
 5003200 3596608 40800.6616  189   17 40771.0000 40855.2967  0.21%   4.9  555s
 5028122 3608691 40855.2967  164   16 40771.0000 40855.2967  0.21%   4.8  560s
 5054641 3621269 40796.6819  182   14 40771.0000 40855.2967  0.21%   4.8  565s
 5075511 3630731     cutoff  175      40771.0000 40855.2967  0.21%   4.8  570s
 5095537 3639788     cutoff  183      40771.0000 40855.2967  0.21%   4.8  575s
 5118817 3651161 40782.1562  171   13 40771.0000 40855.2967  0.21%   4.8  580s
 5144497 3663195 40820.9189  162   17 40771.0000 40855.2967  0.21%   4.8  585s
 5169998 3675527 40820.8144  205   15 40771.0000 40855.2967  0.21%   4.8  590s
 5188970 3683921     cutoff  203      40771.0000 40855.2967  0.21%   4.8  595s
 5212215 3694470 infeasible  216      40771.0000 40855.2967  0.21%   4.8  600s
 5235611 3705122 40818.6487  202   18 40771.0000 40855.2967  0.21%   4.9  605s
 5257173 3714857 infeasible  163      40771.0000 40855.2967  0.21%   4.9  610s
 5283047 3726420 40777.8544  169   13 40771.0000 40855.2967  0.21%   4.9  615s
 5299057 3734574 40836.9964  165   19 40771.0000 40855.2967  0.21%   4.9  620s
 5320582 3745495 40807.6755  175    9 40771.0000 40855.2967  0.21%   4.9  625s
 5345594 3757410 40781.8266  187   12 40771.0000 40855.2967  0.21%   4.9  630s
 5372228 3770620 40828.3423  171   17 40771.0000 40855.2967  0.21%   4.9  635s
 5391270 3779736 40807.6469  192   15 40771.0000 40855.2967  0.21%   4.9  640s
 5416212 3790629 40772.1392  178   12 40771.0000 40855.2967  0.21%   4.9  645s
 5438703 3801021     cutoff  202      40771.0000 40855.2967  0.21%   4.9  650s
 5462187 3811977 40855.1302  162   16 40771.0000 40855.2967  0.21%   4.9  655s
 5486822 3823828 40855.2339  157   16 40771.0000 40855.2967  0.21%   4.9  660s
 5506260 3832945 40797.2991  172   16 40771.0000 40855.2967  0.21%   4.9  665s
 5524121 3841453 40808.0654  182   17 40771.0000 40855.2967  0.21%   4.9  670s
 5545556 3851261 40814.9045  187   20 40771.0000 40855.2967  0.21%   4.9  675s
 5567907 3862017 40795.0001  200   12 40771.0000 40855.2967  0.21%   4.9  680s
 5589880 3872382     cutoff  174      40771.0000 40855.2967  0.21%   4.9  685s
 5607644 3881027 40780.0977  162   17 40771.0000 40855.2967  0.21%   4.9  690s
 5629939 3890844 40823.1901  177   20 40771.0000 40855.2967  0.21%   4.9  695s
 5649985 3900353     cutoff  189      40771.0000 40855.2967  0.21%   4.9  700s
 5669806 3909638     cutoff  191      40771.0000 40855.2967  0.21%   4.9  705s
 5690332 3919337     cutoff  201      40771.0000 40855.2967  0.21%   4.9  710s
 5710209 3928335 40817.5955  170   24 40771.0000 40855.2967  0.21%   4.9  715s
 5727682 3936490 40794.4186  183    9 40771.0000 40855.2967  0.21%   4.9  720s
 5749806 3946613 40811.4095  175   14 40771.0000 40855.2967  0.21%   4.9  725s
 5769220 3955374 40803.5630  202   21 40771.0000 40855.2967  0.21%   4.9  730s
 5789401 3965080 40782.3183  203   14 40771.0000 40855.2967  0.21%   4.9  735s
 5804482 3971302     cutoff  160      40771.0000 40855.2967  0.21%   4.9  740s
 5822037 3980217 40775.6730  197   13 40771.0000 40855.2967  0.21%   4.9  745s
 5845930 3990643 40815.0326  175   21 40771.0000 40855.2967  0.21%   4.9  750s
 5865797 3999194 40772.1700  174   15 40771.0000 40855.2967  0.21%   4.9  755s
 5882591 4007020     cutoff  179      40771.0000 40855.2967  0.21%   4.9  760s
 5901978 4016095 infeasible  166      40771.0000 40855.2967  0.21%   4.9  765s
 5923345 4025379 40798.0694  170   17 40771.0000 40855.2967  0.21%   4.9  770s
 5945659 4035796 40806.2577  219   11 40771.0000 40855.2967  0.21%   4.9  775s
 5965950 4045522 40816.3903  175   18 40771.0000 40855.2967  0.21%   4.9  780s
 5976935 4055157 40773.2023  185   11 40771.0000 40855.2967  0.21%   4.9  786s
 5994121 4058330     cutoff  199      40771.0000 40855.2967  0.21%   4.9  790s
 6015878 4068024     cutoff  191      40771.0000 40855.2967  0.21%   4.9  795s
 6038024 4077957 40805.7560  164   20 40771.0000 40855.2967  0.21%   4.9  800s
 6058760 4087681     cutoff  197      40771.0000 40855.2967  0.21%   4.9  805s
 6076932 4095575 40779.4873  181   13 40771.0000 40855.2967  0.21%   4.9  810s
 6094473 4104057 40781.4985  213   18 40771.0000 40855.2967  0.21%   4.9  815s
 6114596 4113483     cutoff  176      40771.0000 40855.2967  0.21%   4.9  820s
 6133285 4122431 40855.1302  166   17 40771.0000 40855.2967  0.21%   4.9  825s
 6147535 4128518 40840.3129  170   18 40771.0000 40855.2967  0.21%   4.9  830s
 6166371 4136773 40855.2967  152   21 40771.0000 40855.2967  0.21%   4.9  835s
 6188569 4146615 40802.6554  173   20 40771.0000 40855.2967  0.21%   4.9  840s
 6208680 4155638 40818.5238  210   15 40771.0000 40855.2967  0.21%   4.9  845s
 6227754 4164397 40826.4200  186   20 40771.0000 40855.2967  0.21%   4.9  850s
 6247496 4173348 40807.4290  203   12 40771.0000 40855.2967  0.21%   4.9  855s
 6261968 4179917 40797.0505  164   16 40771.0000 40855.2967  0.21%   4.9  860s
 6278481 4187488 infeasible  188      40771.0000 40855.2967  0.21%   4.9  865s
 6291025 4193058 40798.3856  183   15 40771.0000 40855.2967  0.21%   4.9  870s
 6314388 4204015 40824.7440  174   19 40771.0000 40855.2967  0.21%   4.9  875s
 6335303 4213423 40798.3183  194   18 40771.0000 40855.2967  0.21%   4.9  880s
 6353076 4221318 40786.0720  204   15 40771.0000 40855.2967  0.21%   4.9  885s
 6373504 4231110     cutoff  177      40771.0000 40855.2967  0.21%   5.0  890s
 6384460 4237281 40816.1949  177   18 40771.0000 40855.2967  0.21%   5.0  895s
 6395109 4242886 40833.8088  174   20 40771.0000 40855.2967  0.21%   5.0  900s
 6406606 4248317 40772.5347  187   14 40771.0000 40855.2967  0.21%   5.0  905s
 6423727 4255943     cutoff  167      40771.0000 40855.2967  0.21%   5.0  911s
 6436102 4263497     cutoff  182      40771.0000 40855.2967  0.21%   5.0  915s
 6452036 4272278     cutoff  176      40771.0000 40855.2967  0.21%   5.0  920s
 6467913 4280531 40808.0654  173   16 40771.0000 40855.2967  0.21%   5.0  925s
 6484232 4289331 40801.2008  172   18 40771.0000 40855.2967  0.21%   5.0  930s
 6498241 4296587 40778.2689  179   15 40771.0000 40855.2967  0.21%   5.0  935s
 6513396 4304549 40855.2967  164   18 40771.0000 40855.2967  0.21%   5.0  940s
 6528263 4312273 40813.5103  181   14 40771.0000 40855.2967  0.21%   5.0  945s
 6534162 4321072 40855.2967  159   20 40771.0000 40855.2967  0.21%   5.0  950s
 6560504 4329039 40782.0342  186   17 40771.0000 40855.2967  0.21%   5.0  955s
 6580706 4338973     cutoff  171      40771.0000 40855.2967  0.21%   5.0  960s
 6597403 4346580 40779.5647  176   15 40771.0000 40855.2967  0.21%   5.0  965s
 6613084 4354464 40825.5433  173   20 40771.0000 40855.2967  0.21%   5.0  970s
 6627885 4360970 40840.3129  169   18 40771.0000 40855.2967  0.21%   5.0  975s
 6638006 4365245 40833.5587  168   20 40771.0000 40855.2967  0.21%   5.0  980s
 6657086 4374642 40791.2956  200   19 40771.0000 40855.2967  0.21%   5.0  985s
 6672931 4382196     cutoff  188      40771.0000 40855.2967  0.21%   5.0  990s
 6689564 4390324 40821.5209  163   15 40771.0000 40855.2967  0.21%   5.0  995s
 6706755 4398720 40855.2967  153   16 40771.0000 40855.2967  0.21%   5.0 1000s
 6722224 4405986 40840.3129  164   17 40771.0000 40855.2967  0.21%   5.0 1005s
 6737149 4413128 40836.7119  176   20 40771.0000 40855.2967  0.21%   5.0 1010s
 6750529 4419963 40831.9502  173   19 40771.0000 40855.2967  0.21%   5.0 1015s
 6766726 4428191 40814.8606  176   17 40771.0000 40855.2967  0.21%   5.0 1020s
 6779551 4434554     cutoff  192      40771.0000 40855.2967  0.21%   5.0 1025s
 6791300 4440605 40772.5099  198   13 40771.0000 40855.2967  0.21%   5.0 1030s
 6809837 4449707 40839.0931  181   22 40771.0000 40855.2967  0.21%   5.0 1036s
 6824992 4457406 40849.9586  199   17 40771.0000 40855.2967  0.21%   5.0 1040s
 6841733 4466015 40796.5116  191   16 40771.0000 40855.2967  0.21%   5.0 1045s
 6857740 4474166 40788.4684  203   15 40771.0000 40855.2967  0.21%   5.0 1050s
 6874511 4482454 40851.7507  198   18 40771.0000 40855.2967  0.21%   5.0 1055s
 6886955 4488614 40819.4033  155   20 40771.0000 40855.2967  0.21%   5.0 1060s
 6906228 4498591 40855.2339  172   15 40771.0000 40855.2967  0.21%   5.0 1065s
 6923558 4508994 40835.3115  167   21 40771.0000 40855.2967  0.21%   5.0 1070s
 6943448 4520189     cutoff  199      40771.0000 40855.2967  0.21%   5.0 1075s
 6962756 4530217 40788.5882  230   19 40771.0000 40855.2967  0.21%   5.0 1080s
 6974164 4536373 40799.0747  232   16 40771.0000 40855.2967  0.21%   5.0 1085s
 6987128 4542599 40818.7159  176   19 40771.0000 40855.2967  0.21%   5.0 1090s
 6999163 4548999 40843.5117  194   18 40771.0000 40855.2967  0.21%   5.0 1095s
 7010980 4554365 40811.5640  224   17 40771.0000 40855.2967  0.21%   5.0 1100s
 7022612 4559579 40775.4753  218   15 40771.0000 40855.2967  0.21%   5.0 1105s
 7036836 4567348 40855.0235  174   16 40771.0000 40855.2967  0.21%   5.0 1110s
 7047836 4573531 40782.5512  239   13 40771.0000 40855.2967  0.21%   5.0 1115s
 7060880 4581122     cutoff  202      40771.0000 40855.2967  0.21%   5.0 1120s
 7075107 4588795 40817.5780  188   22 40771.0000 40855.2967  0.21%   5.0 1126s
 7087241 4596675     cutoff  208      40771.0000 40855.2967  0.21%   5.0 1130s
 7105775 4607983 40773.7992  230   15 40771.0000 40855.2967  0.21%   5.0 1135s
 7122079 4618239 40821.2724  199   20 40771.0000 40855.2967  0.21%   5.0 1140s
 7138556 4628039 infeasible  200      40771.0000 40855.2967  0.21%   5.1 1145s
 7151237 4635997 40855.2339  182   17 40771.0000 40855.2967  0.21%   5.1 1150s
 7166337 4645588 40824.2932  172   18 40771.0000 40855.2967  0.21%   5.1 1155s
 7179530 4653428 40807.5334  196   14 40771.0000 40855.2967  0.21%   5.1 1160s
 7195832 4663150 40820.4228  210   21 40771.0000 40855.2967  0.21%   5.1 1165s
 7212114 4672981 40855.2339  173   18 40771.0000 40855.2967  0.21%   5.1 1170s
 7228692 4683257 40800.5489  183   16 40771.0000 40855.2967  0.21%   5.1 1175s
 7240863 4690530 40790.9177  215   14 40771.0000 40855.2967  0.21%   5.1 1180s
 7255764 4698856     cutoff  185      40771.0000 40855.2967  0.21%   5.1 1185s
 7268534 4706771 40789.2848  198   15 40771.0000 40855.2967  0.21%   5.1 1190s
 7284785 4717041 40797.8058  182   16 40771.0000 40855.2967  0.21%   5.1 1195s
 7301485 4726754 40804.6997  201   18 40771.0000 40855.2967  0.21%   5.1 1200s
 7317933 4736999 40797.0024  214   18 40771.0000 40855.2967  0.21%   5.1 1205s
 7334654 4746788 40813.6197  218   17 40771.0000 40855.2967  0.21%   5.1 1210s
 7349781 4754869 40855.2967  173   19 40771.0000 40855.2967  0.21%   5.1 1215s
 7365022 4762949 40848.6670  198   18 40771.0000 40855.2967  0.21%   5.1 1221s
 7373880 4769033 40832.7888  191   17 40771.0000 40855.2967  0.21%   5.1 1225s
 7390680 4778507 40807.3875  221   18 40771.0000 40855.2967  0.21%   5.1 1230s
 7407166 4788098 40839.6475  180   19 40771.0000 40855.2967  0.21%   5.1 1235s
 7423100 4797911 40855.2967  195   18 40771.0000 40855.2967  0.21%   5.1 1240s
 7438795 4806725 infeasible  202      40771.0000 40855.2967  0.21%   5.1 1245s
 7455762 4817060 40812.3003  192   18 40771.0000 40855.2967  0.21%   5.1 1250s
 7472073 4825733     cutoff  168      40771.0000 40855.2967  0.21%   5.1 1255s
 7487948 4834779 40785.4569  204   17 40771.0000 40855.2967  0.21%   5.1 1260s
 7498695 4841221 40840.3129  187   21 40771.0000 40855.2967  0.21%   5.1 1265s
 7512131 4848175 40802.5641  174   15 40771.0000 40855.2967  0.21%   5.1 1270s
 7524462 4855889 40809.7189  217   15 40771.0000 40855.2967  0.21%   5.1 1275s
 7534628 4861961 40838.8435  190   24 40771.0000 40855.2967  0.21%   5.1 1280s
 7548274 4869365 40830.5835  180   17 40771.0000 40855.2967  0.21%   5.1 1285s
 7558475 4875508 infeasible  178      40771.0000 40855.2967  0.21%   5.1 1290s
 7569102 4881049 40797.8868  225   15 40771.0000 40855.2967  0.21%   5.1 1295s
 7580442 4888157 40855.2339  175   15 40771.0000 40855.2967  0.21%   5.1 1300s
 7593715 4896028 40825.5433  207   18 40771.0000 40855.2967  0.21%   5.1 1305s
 7609681 4904127 40795.0001  191   13 40771.0000 40855.2967  0.21%   5.1 1310s
 7620533 4909481 40849.2627  182   18 40771.0000 40855.2967  0.21%   5.1 1315s
 7633136 4916124 40814.1543  199   13 40771.0000 40855.2967  0.21%   5.1 1320s
 7647651 4924129 40823.2245  194   12 40771.0000 40855.2967  0.21%   5.1 1325s
 7660722 4931064 40812.3003  194   12 40771.0000 40855.2967  0.21%   5.1 1330s
 7672290 4937619     cutoff  247      40771.0000 40855.2967  0.21%   5.1 1335s
 7684457 4942885 40790.6971  207   12 40771.0000 40855.2967  0.21%   5.1 1340s
 7696028 4949798 40855.2339  192   16 40771.0000 40855.2967  0.21%   5.1 1345s
 7712289 4958057 40855.2967  167   18 40771.0000 40855.2967  0.21%   5.1 1350s
 7726298 4965009 40854.0823  188   17 40771.0000 40855.2967  0.21%   5.1 1355s
 7742827 4973016 40825.5433  183   20 40771.0000 40855.2967  0.21%   5.2 1360s
 7759118 4982280 40819.0500  219   11 40771.0000 40855.2967  0.21%   5.2 1365s
 7775793 4991460 40773.4734  227   21 40771.0000 40855.2967  0.21%   5.2 1370s
 7788386 4997798 40815.2915  221   22 40771.0000 40855.2967  0.21%   5.2 1375s
 7801012 5003745 40772.6971  204   18 40771.0000 40855.2967  0.21%   5.2 1380s
 7811945 5010469 40785.9890  207   15 40771.0000 40855.2967  0.21%   5.2 1385s
 7826384 5018044 40854.8987  194   10 40771.0000 40855.2967  0.21%   5.2 1390s
 7839159 5024567 40855.2339  189   15 40771.0000 40855.2967  0.21%   5.2 1395s
 7851481 5030809 40823.2675  208   18 40771.0000 40855.2967  0.21%   5.2 1400s
 7866600 5038495 40773.0584  198   14 40771.0000 40855.2967  0.21%   5.2 1405s
 7881118 5045724     cutoff  212      40771.0000 40855.2967  0.21%   5.2 1410s
 7894734 5053232     cutoff  187      40771.0000 40855.2967  0.21%   5.2 1415s
 7905082 5058646 40836.0297  185   18 40771.0000 40855.2967  0.21%   5.2 1420s
 7917801 5064832 40796.5435  203   13 40771.0000 40855.2967  0.21%   5.2 1425s
 7928581 5070271 40855.2339  175   14 40771.0000 40855.2967  0.21%   5.2 1430s
 7941108 5076489 40773.9766  194   19 40771.0000 40855.2967  0.21%   5.2 1435s
 7951707 5081859 40774.0291  226   11 40771.0000 40855.2967  0.21%   5.2 1440s
 7964720 5088201 40777.6474  197   15 40771.0000 40855.2967  0.21%   5.2 1446s
 7972473 5092028 40854.4288  182   19 40771.0000 40855.2967  0.21%   5.2 1450s
 7984996 5098959     cutoff  220      40771.0000 40855.2967  0.21%   5.2 1455s
 7999190 5106389     cutoff  219      40771.0000 40855.2967  0.21%   5.2 1460s
 8013709 5113624     cutoff  215      40771.0000 40855.2967  0.21%   5.2 1465s
 8021059 5117223     cutoff  202      40771.0000 40855.2967  0.21%   5.2 1470s
 8034225 5124236 40795.0001  194   12 40771.0000 40855.2967  0.21%   5.2 1475s
 8048936 5131854 40800.7860  209   18 40771.0000 40855.2967  0.21%   5.2 1480s
 8060341 5137961 40809.6126  209   17 40771.0000 40855.2967  0.21%   5.2 1485s
 8073182 5143288 40794.7152  202   11 40771.0000 40855.2967  0.21%   5.2 1490s
 8084351 5150129 40852.6370  198   16 40771.0000 40855.2967  0.21%   5.2 1495s
 8099561 5158169 40814.1770  214   20 40771.0000 40855.2967  0.21%   5.2 1500s
 8113804 5165800 40799.0759  210   16 40771.0000 40855.2967  0.21%   5.2 1505s
 8128283 5173204 40829.9893  189   16 40771.0000 40855.2967  0.21%   5.2 1510s
 8142555 5180778     cutoff  205      40771.0000 40855.2967  0.21%   5.2 1515s
 8155510 5187120 40809.5258  192   18 40771.0000 40855.2967  0.21%   5.2 1520s
 8168052 5193790 40839.8775  193   17 40771.0000 40855.2967  0.21%   5.2 1525s
 8180589 5200466 40806.5097  203   17 40771.0000 40855.2967  0.21%   5.2 1530s
 8193083 5206977 40800.8055  201   16 40771.0000 40855.2967  0.21%   5.2 1535s
 8204475 5212523 40793.6690  197   12 40771.0000 40855.2967  0.21%   5.2 1540s
 8211936 5216623 40840.3129  183   24 40771.0000 40855.2967  0.21%   5.2 1545s
 8226952 5223970 40853.6612  190   14 40771.0000 40855.2967  0.21%   5.2 1550s
 8240032 5230874 40838.5241  188   19 40771.0000 40855.2967  0.21%   5.2 1555s
 8250222 5236606 40840.0952  191   17 40771.0000 40855.2967  0.21%   5.2 1560s
 8265109 5244026 40814.7332  225   17 40771.0000 40855.2967  0.21%   5.2 1565s
 8279973 5251811 40838.1778  184   14 40771.0000 40855.2967  0.21%   5.2 1570s
 8294493 5259489 40809.7506  197   19 40771.0000 40855.2967  0.21%   5.2 1575s
 8303252 5263584 40775.1687  223   18 40771.0000 40855.2967  0.21%   5.2 1580s
 8314313 5270077 40796.0996  230   21 40771.0000 40855.2967  0.21%   5.2 1585s
 8329043 5277392 40794.1507  200   19 40771.0000 40855.2967  0.21%   5.2 1590s
 8341751 5283639 40790.5374  191   22 40771.0000 40855.2967  0.21%   5.2 1595s
 8354917 5290702 40789.3108  203   16 40771.0000 40855.2967  0.21%   5.2 1600s
 8367576 5297349 40795.0000  176   13 40771.0000 40855.2967  0.21%   5.2 1605s
 8382275 5305117 40850.0000  187   14 40771.0000 40855.2967  0.21%   5.2 1610s
 8394742 5311572 40855.2967  175   17 40771.0000 40855.2967  0.21%   5.2 1615s
 8408080 5319030 40818.7159  194   19 40771.0000 40855.2967  0.21%   5.2 1620s
 8420727 5325266 40820.4228  199   19 40771.0000 40855.2967  0.21%   5.2 1625s
 8428381 5329088     cutoff  216      40771.0000 40855.2967  0.21%   5.2 1630s
 8441530 5335482     cutoff  173      40771.0000 40855.2967  0.21%   5.2 1635s
 8454684 5341866 40830.3392  177   17 40771.0000 40855.2967  0.21%   5.2 1640s
 8466197 5348025 40840.3129  201   19 40771.0000 40855.2967  0.21%   5.2 1645s
 8480905 5356410 40855.2339  186   14 40771.0000 40855.2967  0.21%   5.2 1650s
 8493225 5362795     cutoff  187      40771.0000 40855.2967  0.21%   5.2 1655s
 8506171 5369242 40785.0943  212   19 40771.0000 40855.2967  0.21%   5.2 1660s
 8516794 5374705 40826.4200  181   17 40771.0000 40855.2967  0.21%   5.2 1665s
 8532034 5382878 40829.8493  195   13 40771.0000 40855.2967  0.21%   5.2 1670s
 8539063 5386479 40785.8403  211   17 40771.0000 40855.2967  0.21%   5.2 1675s
 8551310 5392968 40790.5539  189   20 40771.0000 40855.2967  0.21%   5.2 1680s
 8564052 5399824 40784.7639  192   22 40771.0000 40855.2967  0.21%   5.3 1685s
 8576739 5406654 40824.9744  195   18 40771.0000 40855.2967  0.21%   5.3 1690s
 8587819 5412311 40801.3183  245   15 40771.0000 40855.2967  0.21%   5.3 1695s
 8600374 5418712 40815.2915  226   21 40771.0000 40855.2967  0.21%   5.3 1700s
 8607869 5422669 40855.0157  204   15 40771.0000 40855.2967  0.21%   5.3 1705s
 8615681 5426377     cutoff  198      40771.0000 40855.2967  0.21%   5.3 1710s
 8624743 5431828 40795.5035  201   15 40771.0000 40855.2967  0.21%   5.3 1715s
 8635962 5437823 40798.0164  215   16 40771.0000 40855.2967  0.21%   5.3 1721s
 8641719 5441177 40781.7198  214   14 40771.0000 40855.2967  0.21%   5.3 1725s
 8655137 5448090 40780.0977  195   21 40771.0000 40855.2967  0.21%   5.3 1730s
 8663200 5451985 40776.8405  223   16 40771.0000 40855.2967  0.21%   5.3 1735s
 8675780 5458197 40855.2967  194   15 40771.0000 40855.2967  0.21%   5.3 1740s
 8686732 5464055     cutoff  182      40771.0000 40855.2967  0.21%   5.3 1745s
 8695586 5468386 40797.7328  221   16 40771.0000 40855.2967  0.21%   5.3 1750s
 8708135 5474788 40795.4615  197   17 40771.0000 40855.2967  0.21%   5.3 1755s
 8721351 5481121 infeasible  201      40771.0000 40855.2967  0.21%   5.3 1760s
 8731699 5486049     cutoff  188      40771.0000 40855.2967  0.21%   5.3 1765s
 8743084 5491226 40854.0773  205   21 40771.0000 40855.2967  0.21%   5.3 1770s
 8755716 5497911 40823.8724  190   14 40771.0000 40855.2967  0.21%   5.3 1775s
 8766753 5503467 40809.8804  215   17 40771.0000 40855.2967  0.21%   5.3 1780s
 8779891 5510813 40806.1989  208   16 40771.0000 40855.2967  0.21%   5.3 1785s
 8788960 5515746 40821.2724  233   18 40771.0000 40855.2967  0.21%   5.3 1790s
 8797407 5519086 40819.7496  217   15 40771.0000 40855.2967  0.21%   5.3 1795s
 8806193 5524647 40818.4295  194   20 40771.0000 40855.2967  0.21%   5.3 1800s
 8819516 5531420 40797.1539  206   16 40771.0000 40855.2967  0.21%   5.3 1805s
 8834330 5539007 40822.6986  215   18 40771.0000 40855.2967  0.21%   5.3 1810s
 8846910 5545215 40803.4235  195   15 40771.0000 40855.2967  0.21%   5.3 1815s
 8861569 5552463     cutoff  222      40771.0000 40855.2967  0.21%   5.3 1820s
 8874460 5559934 40802.4745  229   17 40771.0000 40855.2967  0.21%   5.3 1825s
 8889465 5567877 40837.8606  195   22 40771.0000 40855.2967  0.21%   5.3 1830s
 8900118 5573549 40791.8940  220   17 40771.0000 40855.2967  0.21%   5.3 1835s
 8911876 5579976 40794.1156  226   18 40771.0000 40855.2967  0.21%   5.3 1840s
 8921468 5584616 40784.5858  232   17 40771.0000 40855.2967  0.21%   5.3 1845s
 8928924 5588366 40782.0509  225   12 40771.0000 40855.2967  0.21%   5.3 1850s
 8936137 5591113 40825.5433  214   18 40771.0000 40855.2967  0.21%   5.3 1855s
 8944000 5596103 40802.6979  176   17 40771.0000 40855.2967  0.21%   5.3 1860s
 8956833 5602040     cutoff  227      40771.0000 40855.2967  0.21%   5.3 1865s
 8967926 5608232 40851.7550  195   17 40771.0000 40855.2967  0.21%   5.3 1870s
 8978755 5614136 40821.2724  238   18 40771.0000 40855.2967  0.21%   5.3 1875s
 8991704 5621189 40855.2967  174   17 40771.0000 40855.2967  0.21%   5.3 1880s
 9002487 5626638 40840.0952  203   19 40771.0000 40855.2967  0.21%   5.3 1885s
 9013662 5630689 40772.1778  222   16 40771.0000 40855.2967  0.21%   5.3 1891s
 9021293 5635486 40821.2724  219   20 40771.0000 40855.2967  0.21%   5.3 1895s
 9034010 5641313     cutoff  203      40771.0000 40855.2967  0.21%   5.3 1900s
 9039634 5644027 infeasible  196      40771.0000 40855.2967  0.21%   5.3 1905s
 9051572 5649870     cutoff  213      40771.0000 40855.2967  0.21%   5.3 1910s
 9064570 5656284 40807.6809  208   19 40771.0000 40855.2967  0.21%   5.3 1915s
 9075601 5661801 40855.0999  183   20 40771.0000 40855.2967  0.21%   5.3 1920s
 9088261 5668177 40831.3190  203   15 40771.0000 40855.2967  0.21%   5.3 1925s
 9100994 5674772 40779.4873  202   11 40771.0000 40855.2967  0.21%   5.3 1930s
 9109525 5679225     cutoff  204      40771.0000 40855.2967  0.21%   5.3 1935s
 9120595 5685409 40840.3129  212   20 40771.0000 40855.2967  0.21%   5.3 1940s
 9133781 5691525     cutoff  196      40771.0000 40855.2967  0.21%   5.3 1945s
 9142713 5696512 40811.0904  206   17 40771.0000 40855.2967  0.21%   5.3 1950s
 9156050 5703249     cutoff  204      40771.0000 40855.2967  0.21%   5.3 1956s
 9165216 5707493     cutoff  202      40771.0000 40855.2967  0.21%   5.3 1960s
 9176248 5713026 40817.4301  185   16 40771.0000 40855.2967  0.21%   5.3 1965s
 9185954 5717397 infeasible  213      40771.0000 40855.2967  0.21%   5.3 1970s
 9196587 5722960 40845.6887  197   18 40771.0000 40855.2967  0.21%   5.3 1975s
 9207973 5728250 40796.0201  205   19 40771.0000 40855.2967  0.21%   5.3 1980s
 9215462 5731594     cutoff  238      40771.0000 40855.2967  0.21%   5.3 1986s
 9225252 5736616     cutoff  239      40771.0000 40855.2967  0.21%   5.3 1990s
 9238286 5742682 40840.3129  190   18 40771.0000 40855.2967  0.21%   5.3 1996s
 9249194 5748359     cutoff  195      40771.0000 40855.2967  0.21%   5.3 2000s
 9258475 5753189 40801.0173  220   24 40771.0000 40855.2967  0.21%   5.3 2005s
 9268975 5758362 40855.2967  179   21 40771.0000 40855.2967  0.21%   5.3 2010s
 9281202 5764213 40801.0783  204   16 40771.0000 40855.2967  0.21%   5.3 2015s
 9292019 5769752 40802.2162  207   14 40771.0000 40855.2967  0.21%   5.3 2020s
 9304429 5776384 40794.8198  210   15 40771.0000 40855.2967  0.21%   5.3 2025s
 9317436 5783434 40855.2967  196   20 40771.0000 40855.2967  0.21%   5.3 2030s
 9329666 5790047 40795.5853  195   18 40771.0000 40855.2967  0.21%   5.3 2035s
 9335341 5793157 40855.0271  203   23 40771.0000 40855.2967  0.21%   5.3 2040s
 9348522 5799530 40855.2967  185   18 40771.0000 40855.2967  0.21%   5.3 2045s
 9361237 5805679     cutoff  197      40771.0000 40855.2967  0.21%   5.3 2050s
 9375072 5811999     cutoff  191      40771.0000 40855.2967  0.21%   5.3 2055s
 9387861 5818564 40785.2025  182   14 40771.0000 40855.2967  0.21%   5.3 2060s
 9398466 5823792 40830.3392  191   16 40771.0000 40855.2967  0.21%   5.3 2065s
 9411783 5830091 40812.4574  201   19 40771.0000 40855.2967  0.21%   5.3 2070s
 9422574 5835818     cutoff  200      40771.0000 40855.2967  0.21%   5.4 2075s
 9433756 5841452 40773.0712  205   14 40771.0000 40855.2967  0.21%   5.4 2080s
 9441332 5844319 40805.3291  206   14 40771.0000 40855.2967  0.21%   5.4 2085s
 9452695 5850820 40819.0500  205   15 40771.0000 40855.2967  0.21%   5.4 2090s
 9464064 5856610 40855.2339  186   14 40771.0000 40855.2967  0.21%   5.4 2095s
 9475064 5862332 40828.3796  182   14 40771.0000 40855.2967  0.21%   5.4 2100s
 9488275 5868958 40805.0405  211   12 40771.0000 40855.2967  0.21%   5.4 2105s
 9499615 5874796     cutoff  192      40771.0000 40855.2967  0.21%   5.4 2110s
 9510440 5880904 40838.4651  188   23 40771.0000 40855.2967  0.21%   5.4 2115s
 9524141 5887435 40813.0173  218   16 40771.0000 40855.2967  0.21%   5.4 2120s
 9535078 5893240 40854.6613  188   20 40771.0000 40855.2967  0.21%   5.4 2125s
 9546500 5898835 40787.6519  175   14 40771.0000 40855.2967  0.21%   5.4 2130s
 9557828 5904503 40785.5510  200   15 40771.0000 40855.2967  0.21%   5.4 2136s
 9566304 5908439 40833.0662  185   14 40771.0000 40855.2967  0.21%   5.4 2140s
 9577619 5914108 40832.7888  187   16 40771.0000 40855.2967  0.21%   5.4 2145s
 9587123 5918327 40824.9744  212   17 40771.0000 40855.2967  0.21%   5.4 2150s
 9598473 5923770 40787.0067  208   20 40771.0000 40855.2967  0.21%   5.4 2155s
 9603895 5927046 40847.1092  202   17 40771.0000 40855.2967  0.21%   5.4 2160s
 9615223 5932933 40782.3853  220   19 40771.0000 40855.2967  0.21%   5.4 2165s
 9626084 5939457 40855.2339  190   15 40771.0000 40855.2967  0.21%   5.4 2170s
 9638557 5946577     cutoff  194      40771.0000 40855.2967  0.21%   5.4 2175s
 9649573 5952837     cutoff  239      40771.0000 40855.2967  0.21%   5.4 2180s
 9660405 5959036 40775.6397  209   17 40771.0000 40855.2967  0.21%   5.4 2185s
 9673957 5966122 40810.7505  202   18 40771.0000 40855.2967  0.21%   5.4 2190s
 9687523 5973401 40836.4405  186   20 40771.0000 40855.2967  0.21%   5.4 2195s
 9697762 5977835 40820.4152  194   16 40771.0000 40855.2967  0.21%   5.4 2200s
 9709777 5983156 40855.2967  169   21 40771.0000 40855.2967  0.21%   5.4 2207s
 9709814 5989327 40855.2967  170   17 40771.0000 40855.2967  0.21%   5.4 2211s
 9727430 5992658 40821.9903  191   17 40771.0000 40855.2967  0.21%   5.4 2215s
 9738885 5998304 40821.2724  222   21 40771.0000 40855.2967  0.21%   5.4 2220s
 9747697 6002456 40788.5161  207    8 40771.0000 40855.2967  0.21%   5.4 2225s
 9760577 6008987 40794.8901  183   15 40771.0000 40855.2967  0.21%   5.4 2230s
 9771190 6014495 40855.2967  177   17 40771.0000 40855.2967  0.21%   5.4 2235s
 9784579 6020634 40817.5780  209   15 40771.0000 40855.2967  0.21%   5.4 2240s
 9793547 6024950     cutoff  226      40771.0000 40855.2967  0.21%   5.4 2245s
 9802398 6029804 40804.4920  207   13 40771.0000 40855.2967  0.21%   5.4 2250s
 9813551 6035534 40776.5765  222   15 40771.0000 40855.2967  0.21%   5.4 2255s
 9820887 6038069 40781.9367  192   12 40771.0000 40855.2967  0.21%   5.4 2260s
 9832913 6045158 40795.1259  198   13 40771.0000 40855.2967  0.21%   5.4 2266s
 9843658 6050565     cutoff  199      40771.0000 40855.2967  0.21%   5.4 2270s
 9856875 6056661 40786.0635  236   15 40771.0000 40855.2967  0.21%   5.4 2275s
 9867462 6061827 40784.1531  187   16 40771.0000 40855.2967  0.21%   5.4 2280s
 9878693 6067361 40822.6609  193   21 40771.0000 40855.2967  0.21%   5.4 2285s
 9893432 6074156 40840.3129  192   23 40771.0000 40855.2967  0.21%   5.4 2290s
 9902277 6078393     cutoff  202      40771.0000 40855.2967  0.21%   5.4 2295s
 9917353 6085656 40855.2967  177   18 40771.0000 40855.2967  0.21%   5.4 2300s
 9926593 6090751 40817.0090  213   19 40771.0000 40855.2967  0.21%   5.4 2305s
 9935865 6094859 40772.1392  202   10 40771.0000 40855.2967  0.21%   5.4 2310s
 9946675 6100216 40816.4401  219   13 40771.0000 40855.2967  0.21%   5.4 2316s
 9953798 6103421 40800.1523  201   16 40771.0000 40855.2967  0.21%   5.4 2320s
 9963585 6108510 40855.2967  195   19 40771.0000 40855.2967  0.21%   5.4 2325s
 9972346 6112676 40855.2967  193   21 40771.0000 40855.2967  0.21%   5.4 2330s
 9983471 6117858     cutoff  197      40771.0000 40855.2967  0.21%   5.4 2335s
 9992701 6122529 40782.6789  195   20 40771.0000 40855.2967  0.21%   5.4 2340s
 10002177 6126115 40824.9744  208   16 40771.0000 40855.2967  0.21%   5.4 2346s
 10007262 6129363 40855.2967  180   18 40771.0000 40855.2967  0.21%   5.4 2350s
 10016819 6134356 40855.2967  186   19 40771.0000 40855.2967  0.21%   5.4 2355s
 10027549 6139228 40812.6412  198   17 40771.0000 40855.2967  0.21%   5.4 2360s
 10040503 6145798 40832.2989  196   16 40771.0000 40855.2967  0.21%   5.4 2365s
 10052146 6151590 40785.4962  226   14 40771.0000 40855.2967  0.21%   5.4 2370s
 10063243 6157363 40845.5985  190   18 40771.0000 40855.2967  0.21%   5.4 2375s
 10078310 6164332 40809.1507  207   17 40771.0000 40855.2967  0.21%   5.4 2380s
 10090888 6170822 40794.8198  218   16 40771.0000 40855.2967  0.21%   5.4 2385s
 10101345 6176067 40796.9019  225   17 40771.0000 40855.2967  0.21%   5.4 2391s
 10108735 6180052 40792.6371  203   20 40771.0000 40855.2967  0.21%   5.4 2395s
 10117283 6184957     cutoff  202      40771.0000 40855.2967  0.21%   5.4 2401s
 10122546 6187515 40831.1616  191   18 40771.0000 40855.2967  0.21%   5.4 2405s
 10135122 6193268 40842.8996  192   16 40771.0000 40855.2967  0.21%   5.4 2410s
 10147836 6199838 40847.2381  190   19 40771.0000 40855.2967  0.21%   5.4 2415s
 10162330 6206731 40789.5811  234   12 40771.0000 40855.2967  0.21%   5.4 2420s
 10174983 6212793     cutoff  206      40771.0000 40855.2967  0.21%   5.4 2425s
 10184007 6217502 40781.4056  239   17 40771.0000 40855.2967  0.21%   5.4 2430s
 10194980 6223404 40839.8148  185   19 40771.0000 40855.2967  0.21%   5.4 2435s
 10206480 6229325 40790.2148  227   15 40771.0000 40855.2967  0.21%   5.4 2440s
 10215648 6233955 40774.0542  214   15 40771.0000 40855.2967  0.21%   5.4 2445s
 10221055 6236013     cutoff  196      40771.0000 40855.2967  0.21%   5.4 2450s
 10231749 6241286     cutoff  219      40771.0000 40855.2967  0.21%   5.4 2455s
 10245385 6247981 40824.4054  205   16 40771.0000 40855.2967  0.21%   5.4 2460s
 10258126 6254300 40855.2967  198   16 40771.0000 40855.2967  0.21%   5.4 2466s
 10266753 6258610 40855.2967  200   22 40771.0000 40855.2967  0.21%   5.4 2470s
 10278075 6263912     cutoff  194      40771.0000 40855.2967  0.21%   5.4 2475s
 10290509 6270426 40814.7332  209   18 40771.0000 40855.2967  0.21%   5.4 2480s
 10299784 6275069 40853.5475  190   22 40771.0000 40855.2967  0.21%   5.4 2485s
 10310329 6280936 40774.6340  201   12 40771.0000 40855.2967  0.21%   5.4 2490s
 10323135 6287562 40824.4054  210   17 40771.0000 40855.2967  0.21%   5.4 2495s
 10332614 6292297 40851.6329  185   15 40771.0000 40855.2967  0.21%   5.4 2500s
 10339795 6295633 40855.2967  190   17 40771.0000 40855.2967  0.21%   5.4 2505s
 10348978 6300211     cutoff  199      40771.0000 40855.2967  0.21%   5.4 2510s
 10355662 6303324 infeasible  209      40771.0000 40855.2967  0.21%   5.4 2515s
 10365627 6308948 40786.6311  191   12 40771.0000 40855.2967  0.21%   5.4 2520s
 10376687 6314067 40855.2967  192   19 40771.0000 40855.2967  0.21%   5.4 2527s
 10378613 6316184 40853.7634  195   16 40771.0000 40855.2967  0.21%   5.4 2530s
 10392484 6323446 40780.1840  222   16 40771.0000 40855.2967  0.21%   5.4 2535s
 10403804 6329541 40817.5780  205   17 40771.0000 40855.2967  0.21%   5.4 2540s
 10412724 6333799 40784.2491  202   14 40771.0000 40855.2967  0.21%   5.4 2545s
 10423918 6339995 40798.5737  214   21 40771.0000 40855.2967  0.21%   5.4 2550s
 10435005 6345583 40791.7995  208   17 40771.0000 40855.2967  0.21%   5.4 2555s
 10446378 6351423 40838.8435  193   21 40771.0000 40855.2967  0.21%   5.4 2560s
 10455422 6356201 40820.3070  193   20 40771.0000 40855.2967  0.21%   5.4 2565s
 10466128 6361671     cutoff  239      40771.0000 40855.2967  0.21%   5.4 2570s
 10475715 6366246 40816.7370  187   20 40771.0000 40855.2967  0.21%   5.4 2575s
 10484735 6370637 40815.0208  188   16 40771.0000 40855.2967  0.21%   5.4 2580s
 10494147 6375353 40811.0955  196   15 40771.0000 40855.2967  0.21%   5.4 2585s
 10500628 6378711 40842.3840  189   18 40771.0000 40855.2967  0.21%   5.4 2590s
 10511756 6384377     cutoff  231      40771.0000 40855.2967  0.21%   5.4 2595s
 10522270 6389924 40855.2967  180   20 40771.0000 40855.2967  0.21%   5.4 2600s
 10531670 6394902 40791.4060  197   18 40771.0000 40855.2967  0.21%   5.4 2605s
 10542487 6399852 40817.0090  202   17 40771.0000 40855.2967  0.21%   5.4 2610s
 10554060 6405727     cutoff  221      40771.0000 40855.2967  0.21%   5.4 2615s
 10565058 6411014 40840.3129  213   18 40771.0000 40855.2967  0.21%   5.4 2621s
 10570629 6413756 40845.2136  174   18 40771.0000 40855.2967  0.21%   5.4 2625s
 10580095 6418078     cutoff  207      40771.0000 40855.2967  0.21%   5.4 2631s
 10585815 6420778 40855.2339  203   17 40771.0000 40855.2967  0.21%   5.4 2635s
 10593174 6424134 40807.3368  216   15 40771.0000 40855.2967  0.21%   5.4 2641s
 10595904 6426174     cutoff  188      40771.0000 40855.2967  0.21%   5.4 2646s
 10604787 6429664 40795.5035  209   15 40771.0000 40855.2967  0.21%   5.4 2650s
 10614122 6433648 40792.5506  201   15 40771.0000 40855.2967  0.21%   5.4 2655s
 10616002 6434270 40772.6305  195   17 40771.0000 40855.2967  0.21%   5.4 2660s
 10626085 6439181     cutoff  200      40771.0000 40855.2967  0.21%   5.4 2665s
 10639413 6445252     cutoff  207      40771.0000 40855.2967  0.21%   5.4 2670s
 10652113 6451252 40824.7522  199   17 40771.0000 40855.2967  0.21%   5.4 2675s
 10663150 6456399 40853.3561  183   19 40771.0000 40855.2967  0.21%   5.4 2680s
 10672168 6460721 40827.7871  197   16 40771.0000 40855.2967  0.21%   5.4 2686s
 10681993 6465659 40806.9503  212   16 40771.0000 40855.2967  0.21%   5.4 2690s
 10693359 6471348 40840.3129  201   18 40771.0000 40855.2967  0.21%   5.4 2695s
 10702603 6476303 40855.2967  181   17 40771.0000 40855.2967  0.21%   5.4 2700s
 10716178 6483312     cutoff  219      40771.0000 40855.2967  0.21%   5.4 2705s
 10724954 6487541 40855.2339  207   12 40771.0000 40855.2967  0.21%   5.4 2710s
 10734071 6492979 40815.9848  193   19 40771.0000 40855.2967  0.21%   5.4 2715s
 10743987 6497236 40792.5506  191   11 40771.0000 40855.2967  0.21%   5.4 2720s
 10753764 6502825 40855.2967  195   18 40771.0000 40855.2967  0.21%   5.4 2725s
 10763132 6506278 40815.2915  237   20 40771.0000 40855.2967  0.21%   5.4 2730s
 10772402 6511842 40778.5123  220   16 40771.0000 40855.2967  0.21%   5.4 2735s
 10781535 6516332     cutoff  195      40771.0000 40855.2967  0.21%   5.4 2740s
 10793129 6522333 40798.1973  217   19 40771.0000 40855.2967  0.21%   5.4 2745s
 10803167 6527325 40781.5536  214   17 40771.0000 40855.2967  0.21%   5.4 2750s
 10814781 6532919 40815.2117  222   16 40771.0000 40855.2967  0.21%   5.4 2755s
 10825736 6538206 40788.7232  203   21 40771.0000 40855.2967  0.21%   5.4 2760s
 10836666 6543568 40774.4336  195   13 40771.0000 40855.2967  0.21%   5.4 2765s
 10849424 6549887 40776.5223  205   16 40771.0000 40855.2967  0.21%   5.4 2770s
 10858655 6554608 40809.1616  225   19 40771.0000 40855.2967  0.21%   5.4 2775s
 10868129 6558774     cutoff  213      40771.0000 40855.2967  0.21%   5.4 2781s
 10875052 6561556 40799.6183  201   16 40771.0000 40855.2967  0.21%   5.4 2787s
 10881004 6565652 40772.2416  210   18 40771.0000 40855.2967  0.21%   5.4 2790s
 10890189 6570173 40855.2339  186   16 40771.0000 40855.2967  0.21%   5.4 2795s
 10902792 6576733 40855.2967  197   16 40771.0000 40855.2967  0.21%   5.4 2800s
 10912650 6581520 40840.0952  196   19 40771.0000 40855.2967  0.21%   5.4 2805s
 10924314 6586740 40821.5542  227   17 40771.0000 40855.2967  0.21%   5.4 2810s
 10933751 6591008 40834.4837  206   16 40771.0000 40855.2967  0.21%   5.4 2815s
 10947321 6597124     cutoff  236      40771.0000 40855.2967  0.21%   5.4 2820s
 10957611 6601268 40810.2467  212   13 40771.0000 40855.2967  0.21%   5.4 2825s
 10971146 6607838 40855.2967  198   17 40771.0000 40855.2967  0.21%   5.4 2830s
 10983309 6613805 40788.6235  220   16 40771.0000 40855.2967  0.21%   5.4 2835s
 10994471 6618851     cutoff  227      40771.0000 40855.2967  0.21%   5.4 2840s
 11000118 6621831 40812.4574  207   13 40771.0000 40855.2967  0.21%   5.4 2845s
 11009410 6626056 40818.4054  232   18 40771.0000 40855.2967  0.21%   5.4 2851s
 11017050 6629751 40793.6819  232   16 40771.0000 40855.2967  0.21%   5.4 2855s
 11025634 6633599 40772.7184  221    9 40771.0000 40855.2967  0.21%   5.4 2860s
 11036880 6639280 40788.9350  198   15 40771.0000 40855.2967  0.21%   5.4 2865s
 11046228 6644152 40814.1642  199   15 40771.0000 40855.2967  0.21%   5.4 2871s
 11053696 6647746 40776.6254  215   20 40771.0000 40855.2967  0.21%   5.4 2875s
 11061002 6650338 40776.3306  196   15 40771.0000 40855.2967  0.21%   5.4 2882s
 11067209 6654285 40801.9172  208   17 40771.0000 40855.2967  0.21%   5.4 2885s
 11078241 6659243     cutoff  205      40771.0000 40855.2967  0.21%   5.5 2890s
 11091296 6665707 40842.0638  194   17 40771.0000 40855.2967  0.21%   5.5 2895s
 11102236 6670868 40777.3058  223   12 40771.0000 40855.2967  0.21%   5.5 2900s
 11115284 6677319 40778.3624  191   19 40771.0000 40855.2967  0.21%   5.5 2905s
 11128289 6683429 40778.4210  202   12 40771.0000 40855.2967  0.21%   5.5 2910s
 11141331 6689409 40840.0952  201   14 40771.0000 40855.2967  0.21%   5.5 2915s
 11152206 6694389 40849.4355  183   17 40771.0000 40855.2967  0.21%   5.5 2920s
 11165757 6701022 40855.2967  172   17 40771.0000 40855.2967  0.21%   5.5 2925s
 11175185 6705454 40853.2658  187   15 40771.0000 40855.2967  0.21%   5.5 2931s
 11182763 6709520     cutoff  194      40771.0000 40855.2967  0.21%   5.5 2935s
 11191779 6713240     cutoff  209      40771.0000 40855.2967  0.21%   5.5 2940s
 11201606 6717575 40794.5366  208   13 40771.0000 40855.2967  0.21%   5.5 2945s
 11212833 6722244 40839.7058  193   15 40771.0000 40855.2967  0.21%   5.5 2951s
 11218167 6725007 40818.0853  199   17 40771.0000 40855.2967  0.21%   5.5 2955s
 11223939 6727917     cutoff  182      40771.0000 40855.2967  0.21%   5.5 2960s
 11233158 6732096 40855.2967  190   18 40771.0000 40855.2967  0.21%   5.5 2965s
 11246090 6738386 40843.5813  192   19 40771.0000 40855.2967  0.21%   5.5 2971s
 11253443 6741855 40810.7694  180   20 40771.0000 40855.2967  0.21%   5.5 2975s
 11264276 6746482 40775.9951  228    8 40771.0000 40855.2967  0.21%   5.5 2980s
 11275304 6751783 40772.3346  216   16 40771.0000 40855.2967  0.21%   5.5 2985s
 11286115 6756702 40793.2426  199   13 40771.0000 40855.2967  0.21%   5.5 2990s
 11299976 6762596 40855.2967  183   18 40771.0000 40855.2967  0.21%   5.5 2995s
 11309447 6767572 40797.5164  176   14 40771.0000 40855.2967  0.21%   5.5 3000s
 11320659 6772555 40849.2547  198   13 40771.0000 40855.2967  0.21%   5.5 3005s
 11329456 6776640     cutoff  203      40771.0000 40855.2967  0.21%   5.5 3010s
 11334854 6779399 40803.9231  229   14 40771.0000 40855.2967  0.21%   5.5 3016s
 11343928 6783826 40832.6221  199   19 40771.0000 40855.2967  0.21%   5.5 3020s
 11354913 6788950 40782.0449  213   20 40771.0000 40855.2967  0.21%   5.5 3025s
 11365941 6794479 40791.8738  184   15 40771.0000 40855.2967  0.21%   5.5 3030s
 11374676 6798180 40805.7300  188   14 40771.0000 40855.2967  0.21%   5.5 3035s
 11388278 6805246 40853.1519  186   17 40771.0000 40855.2967  0.21%   5.5 3040s
 11398776 6810493 40839.1399  182   17 40771.0000 40855.2967  0.21%   5.5 3045s
 11410224 6815961     cutoff  219      40771.0000 40855.2967  0.21%   5.5 3050s
 11421019 6820807 40807.4819  195   14 40771.0000 40855.2967  0.21%   5.5 3055s
 11431941 6825947 40775.4051  203   11 40771.0000 40855.2967  0.21%   5.5 3060s
 11443286 6831053 40803.0205  207   17 40771.0000 40855.2967  0.21%   5.5 3065s
 11453813 6836644 40805.8181  199   18 40771.0000 40855.2967  0.21%   5.5 3070s
 11455898 6837736 40809.6126  194   17 40771.0000 40855.2967  0.21%   5.5 3075s
 11466111 6843031     cutoff  185      40771.0000 40855.2967  0.21%   5.5 3080s
 11476866 6848751 40789.9157  206   12 40771.0000 40855.2967  0.21%   5.5 3085s
 11486046 6852890 40835.0908  195   15 40771.0000 40855.2967  0.21%   5.5 3090s
 11499648 6859493     cutoff  184      40771.0000 40855.2967  0.21%   5.5 3095s
 11510178 6864373     cutoff  212      40771.0000 40855.2967  0.21%   5.5 3101s
 11519941 6868824     cutoff  213      40771.0000 40855.2967  0.21%   5.5 3105s
 11529039 6873308 40781.4459  216   17 40771.0000 40855.2967  0.21%   5.5 3110s
 11539114 6878321     cutoff  206      40771.0000 40855.2967  0.21%   5.5 3115s
 11551879 6884041 40818.8943  187   18 40771.0000 40855.2967  0.21%   5.5 3120s
 11562724 6888938 40799.9003  205   19 40771.0000 40855.2967  0.21%   5.5 3126s
 11570142 6891487 40799.1500  179   15 40771.0000 40855.2967  0.21%   5.5 3131s
 11573112 6893723 40774.0573  196   12 40771.0000 40855.2967  0.21%   5.5 3135s
 11582560 6897963     cutoff  203      40771.0000 40855.2967  0.21%   5.5 3140s
 11593905 6903450 40772.9142  195   23 40771.0000 40855.2967  0.21%   5.5 3145s
 11606706 6909505 40813.3261  208   12 40771.0000 40855.2967  0.21%   5.5 3150s
 11617694 6914641 40801.7249  189   17 40771.0000 40855.2967  0.21%   5.5 3155s
 11628920 6919891 40827.8897  184   16 40771.0000 40855.2967  0.21%   5.5 3160s
 11639911 6925039 40850.0000  180   12 40771.0000 40855.2967  0.21%   5.5 3165s
 11646694 6928779 40801.3707  198   22 40771.0000 40855.2967  0.21%   5.5 3170s
 11659995 6934435     cutoff  202      40771.0000 40855.2967  0.21%   5.5 3175s
 11671152 6939565 40820.7812  197   21 40771.0000 40855.2967  0.21%   5.5 3180s
 11681989 6945107     cutoff  205      40771.0000 40855.2967  0.21%   5.5 3185s
 11691263 6949707 40825.5206  182   16 40771.0000 40855.2967  0.21%   5.5 3190s
 11700455 6954357 40829.5079  192   19 40771.0000 40855.2967  0.21%   5.5 3195s
 11708192 6957348 40834.1411  185   18 40771.0000 40855.2967  0.21%   5.5 3200s
 11716533 6961782 40787.8511  183   16 40771.0000 40855.2967  0.21%   5.5 3205s
 11726341 6966156     cutoff  198      40771.0000 40855.2967  0.21%   5.5 3210s
 11729764 6968216 40817.4301  180   16 40771.0000 40855.2967  0.21%   5.5 3215s
 11741119 6974176 40813.0263  199   17 40771.0000 40855.2967  0.21%   5.5 3220s
 11752101 6979441 40796.9956  201   14 40771.0000 40855.2967  0.21%   5.5 3225s
 11763266 6984493     cutoff  181      40771.0000 40855.2967  0.21%   5.5 3230s
 11774397 6990150 40854.0650  193   15 40771.0000 40855.2967  0.21%   5.5 3235s
 11783418 6994489 40826.9099  184   15 40771.0000 40855.2967  0.21%   5.5 3240s
 11793079 6999174 40825.1111  192   20 40771.0000 40855.2967  0.21%   5.5 3245s
 11804465 7004653     cutoff  194      40771.0000 40855.2967  0.21%   5.5 3251s
 11811493 7008799 40855.0555  198   19 40771.0000 40855.2967  0.21%   5.5 3255s
 11822953 7014320 infeasible  196      40771.0000 40855.2967  0.21%   5.5 3260s
 11830534 7017701     cutoff  198      40771.0000 40855.2967  0.21%   5.5 3266s
 11837795 7021121 40824.4054  196   13 40771.0000 40855.2967  0.21%   5.5 3270s
 11845002 7023575 40774.4926  198   16 40771.0000 40855.2967  0.21%   5.5 3275s
 11852931 7028547 40855.2967  187   25 40771.0000 40855.2967  0.21%   5.5 3280s
 11861804 7032863 40840.3129  202   17 40771.0000 40855.2967  0.21%   5.5 3285s
 11871295 7037413 40795.0420  217   15 40771.0000 40855.2967  0.21%   5.5 3290s
 11880337 7042259 40839.8775  181   17 40771.0000 40855.2967  0.21%   5.5 3295s
 11891882 7047686 40816.7475  204   15 40771.0000 40855.2967  0.21%   5.5 3300s
 11900833 7052025 40855.2967  174   18 40771.0000 40855.2967  0.21%   5.5 3305s
 11908437 7055385     cutoff  194      40771.0000 40855.2967  0.21%   5.5 3310s
 11918751 7060389     cutoff  189      40771.0000 40855.2967  0.21%   5.5 3315s
 11929952 7065935 40854.2326  189   21 40771.0000 40855.2967  0.21%   5.5 3320s
 11940841 7071096     cutoff  221      40771.0000 40855.2967  0.21%   5.5 3325s
 11947988 7074324     cutoff  195      40771.0000 40855.2967  0.21%   5.5 3330s
 11957134 7078573 40800.8027  220   16 40771.0000 40855.2967  0.21%   5.5 3336s
 11962232 7080075 40831.8090  177   17 40771.0000 40855.2967  0.21%   5.5 3341s
 11967751 7083582 40855.2967  177   18 40771.0000 40855.2967  0.21%   5.5 3345s
 11977420 7087994 40840.0952  193   16 40771.0000 40855.2967  0.21%   5.5 3350s
 11988586 7093223     cutoff  213      40771.0000 40855.2967  0.21%   5.5 3356s
 11998336 7098039 40787.4958  211   18 40771.0000 40855.2967  0.21%   5.5 3360s
 12009016 7103180 40778.8645  217   11 40771.0000 40855.2967  0.21%   5.5 3365s
 12020091 7108501 40855.2967  182   24 40771.0000 40855.2967  0.21%   5.5 3370s
 12029346 7112340 40784.0096  207   15 40771.0000 40855.2967  0.21%   5.5 3375s
 12036459 7115889 40838.5308  185   17 40771.0000 40855.2967  0.21%   5.5 3380s
 12044465 7120009 40838.5607  187   17 40771.0000 40855.2967  0.21%   5.5 3385s
 12055395 7124800 40806.5506  187   18 40771.0000 40855.2967  0.21%   5.5 3390s
 12068665 7131036     cutoff  196      40771.0000 40855.2967  0.21%   5.5 3395s
 12075778 7134611 40855.2967  181   17 40771.0000 40855.2967  0.21%   5.5 3400s
 12085312 7138161 40773.7684  197   19 40771.0000 40855.2967  0.21%   5.5 3407s
 12089449 7141115     cutoff  186      40771.0000 40855.2967  0.21%   5.5 3410s
 12098967 7145544 40840.0952  206   16 40771.0000 40855.2967  0.21%   5.5 3415s
 12104777 7147234 40795.0001  213   12 40771.0000 40855.2967  0.21%   5.5 3420s
 12110222 7150705 40778.1287  213   16 40771.0000 40855.2967  0.21%   5.5 3425s
 12121296 7156080 40792.4438  209   15 40771.0000 40855.2967  0.21%   5.5 3431s
 12128849 7159520 40822.9906  196   13 40771.0000 40855.2967  0.21%   5.5 3435s
 12140504 7165705 40798.9906  199   16 40771.0000 40855.2967  0.21%   5.5 3440s
 12148165 7169372 40777.9221  218   15 40771.0000 40855.2967  0.21%   5.5 3445s
 12156276 7173395 40812.9334  176   16 40771.0000 40855.2967  0.21%   5.5 3450s
 12166826 7178386 40782.7532  203   13 40771.0000 40855.2967  0.21%   5.5 3455s
 12178323 7183615 40800.2267  231   17 40771.0000 40855.2967  0.21%   5.5 3460s
 12187538 7188525     cutoff  196      40771.0000 40855.2967  0.21%   5.5 3465s
 12194156 7191733 40814.1642  203   16 40771.0000 40855.2967  0.21%   5.5 3470s
 12203935 7196991     cutoff  194      40771.0000 40855.2967  0.21%   5.5 3475s
 12211261 7200627 40805.9104  205   16 40771.0000 40855.2967  0.21%   5.5 3480s
 12218664 7203991 40815.8711  206   15 40771.0000 40855.2967  0.21%   5.5 3485s
 12227579 7208077 40772.9557  196   11 40771.0000 40855.2967  0.21%   5.5 3491s
 12234994 7211350 40830.5618  196   19 40771.0000 40855.2967  0.21%   5.5 3495s
 12244052 7215487 40807.3368  209   17 40771.0000 40855.2967  0.21%   5.5 3500s
 12249264 7218200 40812.7489  193   15 40771.0000 40855.2967  0.21%   5.5 3505s
 12258086 7222109 40791.2794  196   18 40771.0000 40855.2967  0.21%   5.5 3511s
 12265706 7225783     cutoff  205      40771.0000 40855.2967  0.21%   5.5 3515s
 12273219 7229445 40802.6723  183   21 40771.0000 40855.2967  0.21%   5.5 3520s
 12281844 7233876 40850.0000  201   18 40771.0000 40855.2967  0.21%   5.5 3525s
 12291561 7238463 40813.5003  198   18 40771.0000 40855.2967  0.21%   5.5 3530s
 12298946 7241679     cutoff  235      40771.0000 40855.2967  0.21%   5.5 3535s
 12305992 7245324 40776.8711  195   17 40771.0000 40855.2967  0.21%   5.5 3540s
 12311098 7247814 40855.2967  188   19 40771.0000 40855.2967  0.21%   5.5 3545s
 12320947 7252259     cutoff  192      40771.0000 40855.2967  0.21%   5.5 3550s
 12328677 7255650 40798.5504  203   11 40771.0000 40855.2967  0.21%   5.5 3555s
 12335804 7258729 40840.3129  186   15 40771.0000 40855.2967  0.21%   5.5 3560s
 12339501 7261091 40783.8659  193   11 40771.0000 40855.2967  0.21%   5.5 3565s
 12348139 7265254 40781.1576  216   12 40771.0000 40855.2967  0.21%   5.5 3570s
 12357348 7269422 40833.2787  181   19 40771.0000 40855.2967  0.21%   5.5 3575s
 12366583 7274100     cutoff  193      40771.0000 40855.2967  0.21%   5.5 3580s
 12377878 7279795 40837.0549  194   18 40771.0000 40855.2967  0.21%   5.5 3585s
 12385336 7283684     cutoff  188      40771.0000 40855.2967  0.21%   5.5 3590s
 12394507 7287657 40828.2067  190   17 40771.0000 40855.2967  0.21%   5.5 3595s
 12403887 7292830     cutoff  226      40771.0000 40855.2967  0.21%   5.5 3600s

Cutting planes:
  Gomory: 6
  Cover: 639
  MIR: 1
  Flow cover: 1

Explored 12404610 nodes (68456102 simplex iterations) in 3600.06 seconds
Thread count was 12 (of 12 available processors)

Solution count 5: 40771 40709 40670 ... 24306

Time limit reached
Best objective 4.077100000000e+04, best bound 4.085500000000e+04, gap 0.2060%
