
Gurobi 9.1.2 (win64, Java) logging started Tue Nov  9 00:36:36 2021

Academic license - for non-commercial use only - expires 2022-10-30
Gurobi Optimizer version 9.1.2 build v9.1.2rc0 (win64)
Thread count: 6 physical cores, 12 logical processors, using up to 12 threads
Optimize a model with 110 rows, 1000 columns and 2000 nonzeros
Model fingerprint: 0x32aa38ab
Variable types: 0 continuous, 1000 integer (1000 binary)
Coefficient statistics:
  Matrix range     [1e+00, 1e+03]
  Objective range  [2e+01, 1e+03]
  Bounds range     [1e+00, 1e+00]
  RHS range        [1e+00, 3e+03]
Found heuristic solution: objective 27814.000000
Presolve time: 0.02s
Presolved: 110 rows, 1000 columns, 2000 nonzeros
Variable types: 0 continuous, 1000 integer (1000 binary)
Presolved: 110 rows, 1000 columns, 2000 nonzeros


Root relaxation: objective 3.732916e+04, 130 iterations, 0.00 seconds

    Nodes    |    Current Node    |     Objective Bounds      |     Work
 Expl Unexpl |  Obj  Depth IntInf | Incumbent    BestBd   Gap | It/Node Time

     0     0 37329.1556    0   12 27814.0000 37329.1556  34.2%     -    0s
H    0     0                    36673.000000 37329.1556  1.79%     -    0s
H    0     0                    36678.000000 37329.1556  1.78%     -    0s
     0     0 37313.2178    0   21 36678.0000 37313.2178  1.73%     -    0s
H    0     0                    36914.000000 37313.2178  1.08%     -    0s
H    0     0                    36919.000000 37313.2178  1.07%     -    0s
H    0     0                    37083.000000 37313.2178  0.62%     -    1s
     0     0 37313.2178    0   26 37083.0000 37313.2178  0.62%     -    1s
     0     0 37304.4466    0   25 37083.0000 37304.4466  0.60%     -    1s
     0     0 37304.4466    0   32 37083.0000 37304.4466  0.60%     -    2s
     0     0 37304.4466    0   24 37083.0000 37304.4466  0.60%     -    2s
     0     0 37304.4466    0   15 37083.0000 37304.4466  0.60%     -    2s
     0     2 37304.4466    0   15 37083.0000 37304.4466  0.60%     -    2s
H   38    43                    37110.000000 37304.4466  0.52%  14.1    2s
H  153   166                    37126.000000 37304.4466  0.48%   8.0    4s
   165   232 37304.4466   24   20 37126.0000 37304.4466  0.48%   7.8    5s
H 2965  2523                    37217.000000 37304.4466  0.23%   4.4    6s
  2979  2532 37250.9049   49   14 37217.0000 37304.4466  0.23%   4.4   10s
H 2988  2412                    37238.000000 37304.4466  0.18%   5.8   11s
H 2992  2294                    37255.000000 37304.2760  0.13%   5.8   12s
  4520  3008 37303.1558   93   15 37255.0000 37304.0779  0.13%   5.7   15s
H 4613  2728                    37260.000000 37304.0779  0.12%   5.7   15s
 18426 11195 37304.0444   69   15 37260.0000 37304.0444  0.12%   4.1   20s
 29368 16160 37295.7740   96   15 37260.0000 37304.0444  0.12%   3.7   25s
 50828 23179 37285.5748   83   18 37260.0000 37304.0444  0.12%   3.5   30s
 54733 24643 37277.2510   93   26 37260.0000 37300.8803  0.11%   3.5   35s
 54751 24655 37297.3518   89   24 37260.0000 37297.3518  0.10%   3.5   40s
 54770 24669 37297.3428   65   24 37260.0000 37297.3428  0.10%   3.6   45s
 55710 25221 37292.3206  111   20 37260.0000 37297.3093  0.10%   3.6   51s
 73244 34436 37295.2197  106   22 37260.0000 37296.8996  0.10%   3.7   55s
 100894 44079 37284.0000  139   15 37260.0000 37296.0530  0.10%   3.6   60s
 118324 47906 37289.6077  128   21 37260.0000 37295.7018  0.10%   3.7   65s
 125398 49677 37295.5906  123   20 37260.0000 37295.7018  0.10%   3.8   70s
 136287 55095 37286.4699  117   21 37260.0000 37295.7018  0.10%   4.0   75s
 154692 66824 37286.2439  157   22 37260.0000 37295.7018  0.10%   4.4   80s
 166486 75099 37290.6736  169   22 37260.0000 37295.6110  0.10%   4.6   85s
 180582 82892 37286.8505  114   27 37260.0000 37295.5906  0.10%   4.9   90s
 188783 87240 37286.8505  124   24 37260.0000 37295.5906  0.10%   5.0   95s
 195755 90221 37286.8505  130   28 37260.0000 37295.5906  0.10%   5.1  103s
 197501 92237 37286.8505  122   41 37260.0000 37295.5906  0.10%   5.2  105s
 205703 96990 37286.8505  135   23 37260.0000 37295.5906  0.10%   5.3  110s
H206997 59703                    37274.000000 37295.5906  0.06%   5.3  110s
 219793 66211 37286.8505  122   25 37274.0000 37295.5906  0.06%   5.5  115s
 222211 69617 37295.5539  112   32 37274.0000 37295.5539  0.06%   5.6  120s
 237988 75017 37295.5489  112   33 37274.0000 37295.5489  0.06%   6.0  125s
 248743 79082 37290.3449  129   23 37274.0000 37295.5489  0.06%   6.3  130s
 257176 83903 37280.9189  159   23 37274.0000 37295.5486  0.06%   6.4  135s
 266711 89317 37286.4699  128   24 37274.0000 37295.5486  0.06%   6.6  140s
 278231 95043 37281.5638  135   20 37274.0000 37295.5107  0.06%   6.8  145s
 289806 100499 37281.5638  134   25 37274.0000 37295.5107  0.06%   7.0  150s
 298659 104756     cutoff  112      37274.0000 37295.3842  0.06%   7.1  155s
 308926 111166 37295.2197  105   39 37274.0000 37295.2832  0.06%   7.2  160s
 320798 120093     cutoff  131      37274.0000 37295.2197  0.06%   7.4  165s
 331267 128351 37284.0000  216   20 37274.0000 37295.2197  0.06%   7.5  170s
 344488 138158     cutoff  130      37274.0000 37295.2197  0.06%   7.6  175s
 357453 147353     cutoff  148      37274.0000 37295.2197  0.06%   7.7  180s
 368270 155786 37284.0000  239   18 37274.0000 37295.2197  0.06%   7.8  185s
 377504 163206 37284.0000  290   13 37274.0000 37295.2197  0.06%   7.8  190s
 386906 169629 infeasible  158      37274.0000 37295.2197  0.06%   7.9  195s
 399050 178746 37281.0978  130   23 37274.0000 37295.0926  0.06%   8.0  200s
 415133 190006 37284.0000  180   16 37274.0000 37294.9618  0.06%   8.2  205s
 430698 202060 37289.8277  107   27 37274.0000 37294.9618  0.06%   8.4  211s
 444151 212437 37294.9618  122   22 37274.0000 37294.9618  0.06%   8.5  215s
 455664 221361 37284.0000  168   20 37274.0000 37294.9618  0.06%   8.6  220s
 469028 231204 37294.9618  126   27 37274.0000 37294.9618  0.06%   8.7  225s
 483624 241838 37284.0000  226   19 37274.0000 37294.9618  0.06%   8.8  230s
 498648 252830 37282.2973  118   24 37274.0000 37294.9618  0.06%   8.9  235s
 515130 264290 37294.9618   97   27 37274.0000 37294.9618  0.06%   9.0  242s
 523050 271412 37279.7717  154   21 37274.0000 37294.9618  0.06%   9.0  245s
 539970 283969 37284.0000  133   15 37274.0000 37294.9618  0.06%   9.1  250s
 556710 296243 37289.2699  130   28 37274.0000 37294.9618  0.06%   9.1  255s
 573695 308769 37275.1283  192   19 37274.0000 37294.9618  0.06%   9.2  260s
 590512 321830 37289.8277  111   25 37274.0000 37294.9618  0.06%   9.3  265s
 609226 335768 37280.9903  152   17 37274.0000 37294.9618  0.06%   9.3  270s
 627327 349306 37284.1886  151   21 37274.0000 37294.9618  0.06%   9.4  275s
 643781 361154 37289.8277  110   23 37274.0000 37294.9618  0.06%   9.4  280s
 661924 373834 37294.9618  104   27 37274.0000 37294.9618  0.06%   9.5  285s
 676279 385400 37276.1283  245   17 37274.0000 37294.9618  0.06%   9.5  290s
 694778 399555 37280.9903  236   19 37274.0000 37294.9618  0.06%   9.6  295s
 708968 410259 37280.9903  138   19 37274.0000 37294.9618  0.06%   9.6  300s
 723734 421940 37285.4748  110   30 37274.0000 37294.9618  0.06%   9.6  305s
 742075 436421 37280.9903  213   17 37274.0000 37294.9618  0.06%   9.7  310s
 757290 448594     cutoff   99      37274.0000 37294.9618  0.06%   9.7  315s
 771816 460239 37294.9618   98   33 37274.0000 37294.9618  0.06%   9.7  321s
 781237 467836 37280.9903  129   19 37274.0000 37294.9618  0.06%   9.7  325s
 792281 476286 37286.9324  223   19 37274.0000 37294.9618  0.06%   9.8  330s
 803048 484583 37282.8771  126   27 37274.0000 37294.9618  0.06%   9.8  335s
 814118 493194 37291.3438  119   26 37274.0000 37294.9618  0.06%   9.8  340s
 820069 497983 37288.3488  138   22 37274.0000 37294.9618  0.06%   9.8  345s
 830907 506401 37284.0000  127   16 37274.0000 37294.9618  0.06%   9.8  350s
 843897 517296 37290.2536  109   24 37274.0000 37294.8657  0.06%   9.8  355s
 855051 525358 37294.6347  119   23 37274.0000 37294.7062  0.06%   9.8  360s
 867302 534244 37284.0000  195   21 37274.0000 37294.6803  0.06%   9.9  365s
 881475 544334 37284.0000  185   17 37274.0000 37294.6803  0.06%   9.9  370s
 897643 555985 37291.6568  128   25 37274.0000 37294.6803  0.06%   9.9  375s
 911470 566500     cutoff  128      37274.0000 37294.6803  0.06%   9.9  380s
 929195 577828 37284.0000  144   21 37274.0000 37294.6803  0.06%  10.0  385s
 945929 590120 37284.0000  287   15 37274.0000 37294.6803  0.06%  10.0  390s
 960426 600160 37284.0000  131   20 37274.0000 37294.6803  0.06%  10.0  395s
 975579 612226 37284.0000  335   16 37274.0000 37294.6803  0.06%  10.0  400s
 987847 621222 37284.0000  150   23 37274.0000 37294.6803  0.06%  10.1  405s
 999661 629048 37289.2699  113   28 37274.0000 37294.6773  0.06%  10.1  410s
 1005846 632998 37280.9903  205   17 37274.0000 37294.6427  0.06%  10.1  415s
 1011682 636038 37293.0264  122   37 37274.0000 37294.6347  0.06%  10.1  420s
 1017003 639146 37280.9903  147   19 37274.0000 37294.6347  0.06%  10.1  425s
 1020915 640204 37280.3826  211   18 37274.0000 37294.6347  0.06%  10.2  430s
 1020929 647134 37280.3826  211   16 37274.0000 37294.6347  0.06%  10.2  439s
 1032941 648004 37289.2699  124   22 37274.0000 37294.6347  0.06%  10.2  442s
 1034474 649095 37275.1988  135   17 37274.0000 37294.6347  0.06%  10.2  446s
 1040112 652526 37282.7234  131   18 37274.0000 37294.6347  0.06%  10.2  451s
 1045787 655896 37294.6347  136   23 37274.0000 37294.6347  0.06%  10.2  456s
 1051517 659503 37289.2699  131   22 37274.0000 37294.6347  0.06%  10.3  461s
 1057484 662967 37289.2699  131   27 37274.0000 37294.6347  0.06%  10.3  465s
 1062808 667092 37283.6994  151   26 37274.0000 37294.6347  0.06%  10.3  470s
 1071380 672455 37282.4183  124   33 37274.0000 37294.6347  0.06%  10.3  476s
 1078563 677592 37289.2699  126   30 37274.0000 37294.6347  0.06%  10.3  481s
 1084760 681927 37275.5206  257   13 37274.0000 37294.6347  0.06%  10.3  485s
 1092922 688324 37284.0000  205   19 37274.0000 37294.6071  0.06%  10.3  490s
 1105622 697604 37284.0000  326   19 37274.0000 37294.5586  0.06%  10.4  495s
 1115487 705084 37284.0000  269   16 37274.0000 37294.5353  0.06%  10.4  501s
 1120455 707509 37287.0638  104   22 37274.0000 37294.5224  0.06%  10.4  505s
 1127677 711485 37280.9903  217   17 37274.0000 37294.5224  0.06%  10.4  510s
 1135349 716615 37289.2699  123   23 37274.0000 37294.5224  0.06%  10.4  516s
 1140828 719963 37294.5224  104   25 37274.0000 37294.5224  0.06%  10.5  520s
 1148952 725481 37289.2699  124   22 37274.0000 37294.5224  0.06%  10.5  526s
 1157009 730878     cutoff  128      37274.0000 37294.5224  0.06%  10.5  531s
 1162187 734582 37280.9903  266   17 37274.0000 37294.5224  0.06%  10.5  535s
 1169379 739508 37289.8277  110   23 37274.0000 37294.5224  0.06%  10.5  540s
 1178227 745790 37280.9903  182   23 37274.0000 37294.5224  0.06%  10.5  545s
 1185258 750144 37289.8277  105   27 37274.0000 37294.5224  0.06%  10.5  551s
 1188630 750973 37287.0638  108   35 37274.0000 37294.5224  0.06%  10.5  556s
 1188730 756763 37287.0638  109   41 37274.0000 37294.5224  0.06%  10.5  566s
 1203121 758855 37289.2699  120   23 37274.0000 37294.5224  0.06%  10.5  573s
 1204323 760021 37294.5224  102   25 37274.0000 37294.5224  0.06%  10.5  575s
 1214421 767544 37291.2162  170   18 37274.0000 37294.4854  0.05%  10.5  580s
 1228775 776088 37282.9923  111   28 37274.0000 37294.4536  0.05%  10.5  585s
 1236019 779716 37281.7556  146   18 37274.0000 37294.4536  0.05%  10.5  590s
 1243758 783222 37282.9923  105   22 37274.0000 37294.4536  0.05%  10.5  595s
 1252769 787771 37282.9923  109   26 37274.0000 37294.4536  0.05%  10.5  600s
 1260477 791518 37282.9923  111   21 37274.0000 37294.4536  0.05%  10.5  605s
 1265663 794254 37280.9903  106   20 37274.0000 37294.4536  0.05%  10.5  610s
 1274039 799164 37290.0806  101   27 37274.0000 37294.3448  0.05%  10.5  616s
 1279131 802516 37280.9903  107   26 37274.0000 37294.2605  0.05%  10.5  621s
 1286496 805865 37282.8771  117   24 37274.0000 37294.2462  0.05%  10.5  625s
 1294358 809832 37281.7556  157   20 37274.0000 37294.2462  0.05%  10.5  632s
 1298149 811875 37294.2462  129   22 37274.0000 37294.2462  0.05%  10.5  635s
 1305570 814718 37282.9923  120   29 37274.0000 37294.2462  0.05%  10.5  642s
 1307609 816793 37282.8771  137   23 37274.0000 37294.2462  0.05%  10.5  645s
 1315188 820927 37289.8277  125   24 37274.0000 37294.2462  0.05%  10.5  650s
 1322486 824775 37280.9903  122   20 37274.0000 37294.2462  0.05%  10.5  655s
 1328308 827994 37282.9923  113   33 37274.0000 37294.2462  0.05%  10.5  660s
 1336180 832614 37282.9923  115   24 37274.0000 37294.2462  0.05%  10.5  665s
 1343488 836538 37282.9923  117   21 37274.0000 37294.2462  0.05%  10.5  670s
 1353104 842142 37289.2699  127   25 37274.0000 37294.2462  0.05%  10.5  676s
 1358864 845157 37282.9923  117   23 37274.0000 37294.2462  0.05%  10.5  680s
 1366570 849693 37281.6614  133   23 37274.0000 37294.2462  0.05%  10.5  685s
 1374127 854298 37289.8277  118   25 37274.0000 37294.2462  0.05%  10.5  690s
 1381326 858625 37282.9923  119   22 37274.0000 37294.2462  0.05%  10.5  695s
 1385160 859648 37289.8277  132   30 37274.0000 37294.2462  0.05%  10.5  701s
 1391255 864388 37289.2699  131   21 37274.0000 37294.2462  0.05%  10.5  705s
 1399006 869232 37281.7556  152   18 37274.0000 37294.2462  0.05%  10.5  710s
 1406366 874068 37280.9903  156   18 37274.0000 37294.2462  0.05%  10.5  715s
 1414314 878192     cutoff  126      37274.0000 37294.2462  0.05%  10.5  721s
 1421490 882458 37285.4748  137   28 37274.0000 37294.2462  0.05%  10.5  725s
 1429322 887368 37289.8277  119   24 37274.0000 37294.2462  0.05%  10.5  730s
 1436727 891976     cutoff  163      37274.0000 37294.2462  0.05%  10.5  735s
 1443517 895651 37294.2462  109   23 37274.0000 37294.2462  0.05%  10.5  740s
 1449360 897418 37293.0546  120   26 37274.0000 37294.2462  0.05%  10.5  746s
 1453138 900213 37293.4842  115   30 37274.0000 37294.2462  0.05%  10.5  750s
 1460637 904618 37289.2699  130   32 37274.0000 37294.2462  0.05%  10.5  755s
 1468297 908639 37293.4842  117   27 37274.0000 37294.2462  0.05%  10.5  760s
 1475652 912769 37289.2275  130   18 37274.0000 37294.2462  0.05%  10.5  765s
 1484522 917020 37292.3206  147   22 37274.0000 37294.2358  0.05%  10.5  771s
 1495273 925574 37284.0000  176   26 37274.0000 37294.2119  0.05%  10.5  775s
 1503977 932133 37284.3830  114   21 37274.0000 37294.1164  0.05%  10.5  780s
 1515725 938765 37291.9580  112   26 37274.0000 37294.0524  0.05%  10.5  785s
 1529621 945778 37277.1124  144   29 37274.0000 37294.0402  0.05%  10.5  790s
 1542253 953353 37290.3467  108   27 37274.0000 37294.0330  0.05%  10.5  796s
 1551137 957932 37280.2981  122   23 37274.0000 37293.9901  0.05%  10.5  800s
 1557325 960632 37284.0398  117   46 37274.0000 37293.9901  0.05%  10.6  806s
 1562252 962915 37278.2441  129   25 37274.0000 37293.9901  0.05%  10.6  811s
 1571834 968964 37284.0000  238   17 37274.0000 37293.8360  0.05%  10.6  815s
 1579894 973723 37293.6912  125   24 37274.0000 37293.6912  0.05%  10.6  821s
 1584653 976278 37282.3228  123   26 37274.0000 37293.6912  0.05%  10.6  825s
 1590714 980066 37280.2809  132   29 37274.0000 37293.6912  0.05%  10.6  830s
 1601363 987547     cutoff  181      37274.0000 37293.6888  0.05%  10.6  835s
 1607926 991989 37292.6478  161   30 37274.0000 37293.6888  0.05%  10.6  840s
 1611615 992487     cutoff  158      37274.0000 37293.6607  0.05%  10.7  845s
 1618703 997237 37292.0181  122   21 37274.0000 37293.5918  0.05%  10.7  850s
 1628391 1003759 37291.2162  108   19 37274.0000 37293.5187  0.05%  10.7  855s
 1634051 1004881 37293.0546  126   26 37274.0000 37293.4842  0.05%  10.7  860s
 1644678 1012939 37277.7204  112   21 37274.0000 37293.4799  0.05%  10.7  865s
 1653497 1019964 37285.5913  127   22 37274.0000 37293.4579  0.05%  10.7  870s
 1664246 1027303 37291.4203   96   30 37274.0000 37293.3840  0.05%  10.7  875s
 1673414 1032099     cutoff  163      37274.0000 37293.2858  0.05%  10.8  880s
 1681011 1037537 37290.3467  111   25 37274.0000 37293.2716  0.05%  10.8  885s
 1690381 1044336     cutoff  232      37274.0000 37293.2716  0.05%  10.8  890s
 1700770 1052580 37291.2162  123   15 37274.0000 37293.2443  0.05%  10.8  895s
 1712989 1062189 37286.1494  143   26 37274.0000 37293.2225  0.05%  10.8  900s
 1727704 1073517 37277.0435  249   18 37274.0000 37293.2225  0.05%  10.8  905s
 1736326 1079989 37281.5301  159   18 37274.0000 37293.2048  0.05%  10.8  910s
 1745263 1086341 37292.0181  114   36 37274.0000 37293.1611  0.05%  10.8  916s
 1754548 1092305 37277.7402  136   21 37274.0000 37293.0749  0.05%  10.8  920s
 1757607 1093673 37281.6614  132   23 37274.0000 37293.0644  0.05%  10.8  925s
 1770286 1103421 infeasible  255      37274.0000 37293.0355  0.05%  10.8  930s
 1780633 1111514 37286.2576  136   19 37274.0000 37293.0355  0.05%  10.8  935s
 1790287 1118691 37289.5327  105   21 37274.0000 37293.0355  0.05%  10.8  940s
 1797153 1121086 37281.6462  119   21 37274.0000 37293.0264  0.05%  10.8  946s
 1803041 1123720 37281.6462  123   26 37274.0000 37293.0264  0.05%  10.8  950s
 1808593 1126002 37293.0264  119   26 37274.0000 37293.0264  0.05%  10.8  955s
 1817510 1129480 37281.1332  154   20 37274.0000 37292.9897  0.05%  10.8  960s
 1827010 1133017 37291.6628  113   23 37274.0000 37292.8586  0.05%  10.8  967s
 1830508 1136530 37277.0435  130   21 37274.0000 37292.7973  0.05%  10.8  971s
 1841421 1144803 37284.0000  161   13 37274.0000 37292.7229  0.05%  10.8  975s
 1854234 1155139 37284.0000  148   14 37274.0000 37292.7229  0.05%  10.8  980s
 1870652 1168188 37284.0000  244   16 37274.0000 37292.7229  0.05%  10.9  985s
 1883642 1178986 37284.0000  238   13 37274.0000 37292.7229  0.05%  10.9  990s
 1898660 1191493 37284.0000  152   15 37274.0000 37292.7229  0.05%  10.9  995s
 1911240 1202196 37284.0000  225   22 37274.0000 37292.7229  0.05%  10.9 1000s
 1924110 1212436 37284.0000  235   19 37274.0000 37292.7229  0.05%  10.9 1005s
 1939188 1224858 37284.0000  176   22 37274.0000 37292.7229  0.05%  10.9 1010s
 1953302 1236509 infeasible  251      37274.0000 37292.7229  0.05%  10.9 1015s
 1961947 1242128 37276.7288  135   17 37274.0000 37292.6667  0.05%  10.9 1020s
 1970181 1245128 37281.6614  115   22 37274.0000 37292.6155  0.05%  10.9 1025s
 1981372 1254294 37284.0000  147   22 37274.0000 37292.5750  0.05%  10.9 1030s
 1991740 1262524 37284.0000  153   15 37274.0000 37292.5712  0.05%  10.9 1037s
 1998083 1267887 37282.5671  132   19 37274.0000 37292.5581  0.05%  10.9 1040s
 2006610 1272773 37277.0435  159   41 37274.0000 37292.4651  0.05%  10.9 1045s
 2015055 1276481 37277.7402  160   21 37274.0000 37292.3784  0.05%  10.9 1050s
 2020699 1279659     cutoff  141      37274.0000 37292.3777  0.05%  10.9 1055s
 2029828 1287707 37284.0000  187   17 37274.0000 37292.3206  0.05%  10.9 1061s
 2038676 1295103 37284.0000  179   16 37274.0000 37292.3206  0.05%  10.9 1065s
 2050750 1304972 37284.0000  161   16 37274.0000 37292.3206  0.05%  11.0 1070s
 2063119 1315579 37284.0000  117   21 37274.0000 37292.3206  0.05%  11.0 1075s
 2072995 1322493 37284.0000  181   14 37274.0000 37292.3206  0.05%  10.9 1080s
 2086807 1335735 37284.0000  222   18 37274.0000 37292.3206  0.05%  11.0 1085s
 2101950 1348588 37284.0000  176   14 37274.0000 37292.3206  0.05%  11.0 1090s
 2116116 1359826 37284.0000  115   21 37274.0000 37292.3206  0.05%  11.0 1095s
 2128952 1370595 37284.0000  132   19 37274.0000 37292.3206  0.05%  11.0 1100s
 2141944 1381549 37287.1628  128   23 37274.0000 37292.3206  0.05%  11.0 1105s
 2155354 1393226 37284.0000  273   15 37274.0000 37292.3206  0.05%  11.0 1110s
 2161300 1397899 37284.0000  190   17 37274.0000 37292.3206  0.05%  11.0 1115s
 2174291 1408631 37284.0000  268   15 37274.0000 37292.3206  0.05%  11.0 1120s
 2189041 1420731 37284.0000  211   16 37274.0000 37292.3206  0.05%  11.0 1125s
 2201792 1431459 37284.0000  158   14 37274.0000 37292.3206  0.05%  11.0 1130s
 2216428 1443342 37284.0000  187   16 37274.0000 37292.3206  0.05%  11.0 1135s
 2231589 1456271 37284.0000  185   34 37274.0000 37292.3206  0.05%  11.0 1141s
 2243602 1466215 37284.0000  262   21 37274.0000 37292.3206  0.05%  11.0 1145s
 2256171 1476023 37285.2778  135   24 37274.0000 37292.3206  0.05%  11.0 1151s
 2266804 1484636 37282.6299  340   15 37274.0000 37292.3206  0.05%  11.0 1155s
 2273938 1490488 37292.3025  105   36 37274.0000 37292.3025  0.05%  11.0 1161s
 2281552 1493562 37283.4448  126   29 37274.0000 37292.1625  0.05%  11.0 1165s
 2290098 1498844 37284.0000  174   14 37274.0000 37292.0181  0.05%  11.0 1170s
 2300251 1502646     cutoff  129      37274.0000 37291.9580  0.05%  11.0 1176s
 2309980 1504099 37280.2981  115   20 37274.0000 37291.9580  0.05%  11.0 1182s
 2313605 1505247     cutoff  121      37274.0000 37291.9580  0.05%  11.0 1185s
 2327959 1508185 37280.9903  121   21 37274.0000 37291.9580  0.05%  11.0 1190s
 2337955 1510089 37280.9903  118   29 37274.0000 37291.9580  0.05%  11.0 1195s
 2350854 1515512 37281.6462  123   22 37274.0000 37291.9069  0.05%  11.1 1201s
 2359810 1522186 37284.0000  219   16 37274.0000 37291.9069  0.05%  11.1 1205s
 2373398 1532968 37278.1147  139   28 37274.0000 37291.9069  0.05%  11.1 1210s
 2384632 1541903 37284.0000  247   17 37274.0000 37291.9069  0.05%  11.1 1215s
 2398374 1552355 37285.5514  126   27 37274.0000 37291.9069  0.05%  11.1 1220s
 2409747 1561490 37284.0000  162   16 37274.0000 37291.9069  0.05%  11.1 1225s
 2424256 1573637 37284.0000  128   14 37274.0000 37291.9069  0.05%  11.1 1230s
 2439215 1585937 37278.0630  356   15 37274.0000 37291.9069  0.05%  11.1 1235s
 2449389 1594292 37284.0000  290   17 37274.0000 37291.9069  0.05%  11.1 1240s
 2464620 1606668 37284.0000  125   19 37274.0000 37291.9069  0.05%  11.1 1245s
 2479249 1619122 37285.5614  117   16 37274.0000 37291.9069  0.05%  11.1 1250s
 2491440 1629227 37284.0000  154   18 37274.0000 37291.9069  0.05%  11.1 1255s
 2503800 1638831 37284.0000  223   16 37274.0000 37291.9069  0.05%  11.1 1262s
 2512396 1646769 37284.0000  175   17 37274.0000 37291.9069  0.05%  11.1 1265s
 2527002 1658599 37284.0000  145   17 37274.0000 37291.9069  0.05%  11.1 1270s
 2542354 1671386 37284.0000  269   17 37274.0000 37291.9069  0.05%  11.1 1275s
 2555786 1682587 37284.0000  200   16 37274.0000 37291.9069  0.05%  11.0 1280s
 2572294 1695951 37285.9096  111   26 37274.0000 37291.9069  0.05%  11.0 1285s
 2583214 1708166 37284.0000  294   16 37274.0000 37291.9069  0.05%  11.1 1291s
 2597567 1715900 37284.0000  130   13 37274.0000 37291.9069  0.05%  11.0 1295s
 2607815 1724387 37284.0000  165   17 37274.0000 37291.9069  0.05%  11.0 1300s
 2621806 1734855 37290.1217  139   19 37274.0000 37291.9069  0.05%  11.0 1305s
 2633388 1743490 37282.6299  253   19 37274.0000 37291.7433  0.05%  11.0 1310s
 2644632 1750794 37283.6182  183   22 37274.0000 37291.7433  0.05%  11.0 1315s
 2655258 1758472 37284.8644  127   33 37274.0000 37291.7433  0.05%  11.0 1320s
 2664325 1763653 37283.6182  131   27 37274.0000 37291.7433  0.05%  11.0 1326s
 2670898 1768617     cutoff  146      37274.0000 37291.7433  0.05%  11.0 1330s
 2683917 1777090 37282.1876  169   20 37274.0000 37291.7433  0.05%  11.0 1335s
 2694516 1784808 infeasible  356      37274.0000 37291.7433  0.05%  11.0 1340s
 2709551 1795781 37281.3788  229   15 37274.0000 37291.7433  0.05%  11.0 1345s
 2713367 1798468 37284.8644  126   23 37274.0000 37291.7433  0.05%  11.0 1350s
 2726357 1807751 37284.0000  270   15 37274.0000 37291.7433  0.05%  11.0 1355s
 2735633 1814216 37284.8644  142   24 37274.0000 37291.7433  0.05%  11.0 1360s
 2741971 1819170 37282.1876  155   19 37274.0000 37291.7433  0.05%  11.1 1365s
 2753320 1826941 37280.0436  162   16 37274.0000 37291.7433  0.05%  11.1 1370s
 2766075 1836313 37275.6000  179   19 37274.0000 37291.7433  0.05%  11.0 1375s
 2777188 1844233 37284.0000  215   17 37274.0000 37291.7433  0.05%  11.0 1380s
 2787596 1851706 37284.0000  182   22 37274.0000 37291.7433  0.05%  11.1 1386s
 2798860 1860620 37284.0000  171   17 37274.0000 37291.7433  0.05%  11.1 1390s
 2808432 1867229 37291.7433  122   26 37274.0000 37291.7433  0.05%  11.1 1395s
 2820831 1876442 37284.0000  168   16 37274.0000 37291.7433  0.05%  11.1 1400s
 2829228 1882852 37284.0000  158   16 37274.0000 37291.7433  0.05%  11.1 1405s
 2838697 1889165 37284.0000  223   12 37274.0000 37291.7433  0.05%  11.1 1410s
 2849054 1896915 37284.0000  169   18 37274.0000 37291.7433  0.05%  11.1 1415s
 2859785 1905461 37284.0000  258   15 37274.0000 37291.7433  0.05%  11.1 1420s
 2869187 1911980 37285.5614  184   21 37274.0000 37291.7433  0.05%  11.1 1425s
 2878441 1918905 37282.1876  177   19 37274.0000 37291.7433  0.05%  11.1 1430s
 2885650 1923765 37284.0000  238   16 37274.0000 37291.7433  0.05%  11.1 1435s
 2894775 1930746 37282.1876  182   20 37274.0000 37291.7433  0.05%  11.1 1440s
 2905532 1938150 37284.0000  141   18 37274.0000 37291.7433  0.05%  11.1 1445s
 2912685 1942285 37284.0000  152   18 37274.0000 37291.7433  0.05%  11.1 1450s
 2920602 1949556 37284.0000  249   15 37274.0000 37291.7433  0.05%  11.1 1455s
 2934641 1959944     cutoff  162      37274.0000 37291.7433  0.05%  11.1 1460s
 2946006 1967812 37284.0000  235   12 37274.0000 37291.7433  0.05%  11.1 1465s
 2954809 1974324 37284.0000  168   15 37274.0000 37291.7433  0.05%  11.1 1470s
 2967371 1983593 37284.0000  253   16 37274.0000 37291.7433  0.05%  11.1 1475s
 2975001 1988978 37283.6182  254   21 37274.0000 37291.7433  0.05%  11.1 1480s
 2987761 1998202     cutoff  288      37274.0000 37291.7433  0.05%  11.1 1485s
 2998521 2005884 37284.0000  181   17 37274.0000 37291.7433  0.05%  11.1 1490s
 3009628 2013996 37284.8644  140   24 37274.0000 37291.7433  0.05%  11.1 1495s
 3020532 2022234 37282.1876  197   20 37274.0000 37291.7433  0.05%  11.1 1500s
 3033162 2031026 37282.1876  154   25 37274.0000 37291.7433  0.05%  11.1 1505s
 3041750 2036850 37276.0910  253   21 37274.0000 37291.7433  0.05%  11.1 1510s
 3052726 2045248 37280.3465  295   11 37274.0000 37291.7433  0.05%  11.1 1515s
 3063646 2052846 infeasible  174      37274.0000 37291.7433  0.05%  11.1 1520s
 3075133 2061419 37284.0000  174   23 37274.0000 37291.7433  0.05%  11.1 1526s
 3081627 2066335 37284.0000  167   18 37274.0000 37291.7433  0.05%  11.1 1530s
 3087315 2069317 37282.1876  203   18 37274.0000 37291.7433  0.05%  11.1 1535s
 3095369 2076133     cutoff  161      37274.0000 37291.7433  0.05%  11.1 1540s
 3108611 2086007 37284.0000  223   15 37274.0000 37291.7433  0.05%  11.1 1545s
 3120182 2094104 37291.7433  162   21 37274.0000 37291.7433  0.05%  11.1 1550s
 3133456 2103886 37284.0000  206   17 37274.0000 37291.7433  0.05%  11.1 1555s
 3146166 2113289 37284.8644  150   25 37274.0000 37291.7433  0.05%  11.1 1560s
 3157509 2121636 37284.0000  246   17 37274.0000 37291.7433  0.05%  11.1 1565s
 3166423 2127908 37284.0000  179   17 37274.0000 37291.7433  0.05%  11.1 1570s
 3179751 2138061 37282.1876  179   21 37274.0000 37291.7433  0.05%  11.1 1575s
 3192340 2147010 37277.1385  194   20 37274.0000 37291.7433  0.05%  11.1 1580s
 3203341 2155214 37282.1876  169   20 37274.0000 37291.7433  0.05%  11.1 1585s
 3211190 2159971 37284.0000  218   22 37274.0000 37291.7433  0.05%  11.1 1590s
 3219063 2167027 37282.1876  161   21 37274.0000 37291.7433  0.05%  11.1 1595s
 3228664 2173980 37285.5614  126   18 37274.0000 37291.7433  0.05%  11.1 1600s
 3241559 2183367 37284.0000  171   17 37274.0000 37291.7433  0.05%  11.1 1605s
 3254050 2192676 37284.0000  224   15 37274.0000 37291.7433  0.05%  11.1 1610s
 3267485 2202232 37284.0000  148   18 37274.0000 37291.7433  0.05%  11.1 1615s
 3278290 2210041 37284.8644  150   26 37274.0000 37291.7433  0.05%  11.1 1620s
 3287238 2216307 37283.6182  175   21 37274.0000 37291.7433  0.05%  11.1 1625s
 3291825 2220082 37284.0000  199   15 37274.0000 37291.7433  0.05%  11.1 1630s
 3297545 2222750 37282.1876  183   19 37274.0000 37291.7433  0.05%  11.1 1635s
 3307958 2231886 37291.7433  198   22 37274.0000 37291.7433  0.05%  11.2 1640s
 3321163 2241505 37283.6182  150   20 37274.0000 37291.7433  0.05%  11.2 1646s
 3330313 2248059 37282.1876  198   20 37274.0000 37291.7433  0.05%  11.2 1650s
 3344324 2258855 37283.6182  169   23 37274.0000 37291.7433  0.05%  11.2 1655s
 3356382 2267255 37282.1876  171   24 37274.0000 37291.7433  0.05%  11.2 1660s
 3369035 2276358 37284.0000  172   21 37274.0000 37291.7433  0.05%  11.2 1665s
 3379631 2284363 37284.0000  190   18 37274.0000 37291.7433  0.05%  11.2 1670s
 3390596 2292137 37291.7433  178   19 37274.0000 37291.7433  0.05%  11.2 1675s
 3405288 2302867 37284.0000  167   20 37274.0000 37291.7433  0.05%  11.2 1680s
 3415431 2310457 37284.0000  177   23 37274.0000 37291.7433  0.05%  11.2 1685s
 3428162 2319829 37283.6182  178   21 37274.0000 37291.7433  0.05%  11.2 1690s
 3438944 2328175 37284.0000  176   18 37274.0000 37291.7433  0.05%  11.2 1695s
 3450085 2336751 37284.0000  261   18 37274.0000 37291.7433  0.05%  11.2 1700s
 3459196 2343506 37284.0000  304   14 37274.0000 37291.7433  0.05%  11.2 1705s
 3472942 2352852 37285.5614  181   20 37274.0000 37291.7433  0.05%  11.2 1711s
 3480684 2359140 37284.0000  203   19 37274.0000 37291.7433  0.05%  11.2 1715s
 3486565 2362816 37284.0000  207   13 37274.0000 37291.7433  0.05%  11.2 1720s
 3496948 2370483 37284.0000  139   17 37274.0000 37291.7433  0.05%  11.2 1725s
 3501551 2373815 37285.5614  182   17 37274.0000 37291.7433  0.05%  11.2 1730s
 3515027 2383584 37283.6182  163   30 37274.0000 37291.7433  0.05%  11.2 1735s
 3525941 2391559 37284.0000  311   13 37274.0000 37291.7433  0.05%  11.2 1740s
 3537012 2400097 37281.3788  155   20 37274.0000 37291.7433  0.05%  11.2 1745s
 3547863 2408416 37282.1876  158   20 37274.0000 37291.7433  0.05%  11.2 1750s
 3563012 2419297 37284.0000  167   21 37274.0000 37291.7433  0.05%  11.2 1755s
 3574436 2427777 37284.0000  186   17 37274.0000 37291.7433  0.05%  11.2 1760s
 3585967 2436279 37291.7433  131   18 37274.0000 37291.7433  0.05%  11.2 1765s
 3598039 2445463 37284.0000  192   17 37274.0000 37291.7433  0.05%  11.2 1770s
 3605208 2451034 37284.0000  292   14 37274.0000 37291.7433  0.05%  11.2 1775s
 3618735 2460745 37291.7433  167   24 37274.0000 37291.7433  0.05%  11.2 1780s
 3621106 2466814 37284.0000  166   16 37274.0000 37291.7433  0.05%  11.2 1786s
 3632539 2471165 37284.0000  167   13 37274.0000 37291.7433  0.05%  11.2 1790s
 3643491 2479050     cutoff  208      37274.0000 37291.7433  0.05%  11.2 1795s
 3655275 2487882 37284.0000  215   16 37274.0000 37291.7433  0.05%  11.2 1800s
 3667984 2497168 37283.6182  180   20 37274.0000 37291.7433  0.05%  11.2 1805s
 3679362 2504834 37282.1876  164   21 37274.0000 37291.7433  0.05%  11.2 1811s
 3688941 2512793 37284.0000  179   18 37274.0000 37291.7433  0.05%  11.2 1815s
 3700030 2520830 37282.1876  187   19 37274.0000 37291.7433  0.05%  11.2 1820s
 3712246 2529635 37284.0000  208   17 37274.0000 37291.7433  0.05%  11.2 1825s
 3725505 2538093 37284.0000  176   19 37274.0000 37291.7433  0.05%  11.2 1832s
 3729259 2541906 37284.0000  268   15 37274.0000 37291.7433  0.05%  11.2 1835s
 3740179 2549779 37284.0000  185   32 37274.0000 37291.7433  0.05%  11.2 1840s
 3750549 2557389 37284.0000  193   16 37274.0000 37291.7433  0.05%  11.2 1845s
 3763298 2566773 37284.0000  159   14 37274.0000 37291.7433  0.05%  11.2 1850s
 3772788 2573882 37281.3788  199   19 37274.0000 37291.7433  0.05%  11.2 1855s
 3786545 2583533 37284.0000  214   17 37274.0000 37291.7433  0.05%  11.2 1861s
 3797221 2591514 37281.3788  253   18 37274.0000 37291.7433  0.05%  11.2 1865s
 3807455 2599464     cutoff  199      37274.0000 37291.7433  0.05%  11.2 1870s
 3818767 2607350 37284.0000  221   16 37274.0000 37291.7433  0.05%  11.2 1875s
 3831104 2616459 37284.0000  219   17 37274.0000 37291.7433  0.05%  11.2 1880s
 3839970 2623088 37280.6339  170   17 37274.0000 37291.7433  0.05%  11.2 1885s
 3848844 2629578 37284.0000  213   16 37274.0000 37291.7433  0.05%  11.2 1890s
 3857768 2635593 37281.3788  187   15 37274.0000 37291.7433  0.05%  11.2 1895s
 3866839 2642062 37282.1876  226   21 37274.0000 37291.7433  0.05%  11.2 1900s
 3875021 2648466 37281.3788  199   16 37274.0000 37291.7433  0.05%  11.2 1905s
 3884197 2655252 37281.3788  199   19 37274.0000 37291.7433  0.05%  11.2 1911s
 3891251 2660802 37284.0000  175   17 37274.0000 37291.7433  0.05%  11.2 1915s
 3900180 2667108 37291.7433  164   22 37274.0000 37291.7433  0.05%  11.2 1920s
 3907003 2672719 37285.5614  210   20 37274.0000 37291.7433  0.05%  11.2 1925s
 3919240 2680434 37283.6182  165   23 37274.0000 37291.7433  0.05%  11.2 1932s
 3924006 2685330 37284.0000  177   19 37274.0000 37291.7433  0.05%  11.2 1935s
 3936435 2694062 37284.0000  188   19 37274.0000 37291.7433  0.05%  11.2 1940s
 3947499 2702216 37284.0000  160   16 37274.0000 37291.7433  0.05%  11.2 1945s
 3958686 2710220 37282.1876  176   18 37274.0000 37291.7433  0.05%  11.2 1950s
 3971970 2719742 37284.0000  167   18 37274.0000 37291.7433  0.05%  11.2 1955s
 3985453 2730655 37284.0000  201   17 37274.0000 37291.7433  0.05%  11.2 1960s
 3998901 2740297 37282.1876  159   18 37274.0000 37291.7433  0.05%  11.2 1965s
 4011795 2749995 37277.5862  303   15 37274.0000 37291.7433  0.05%  11.2 1970s
 4013893 2751417 37284.0000  263   15 37274.0000 37291.7433  0.05%  11.2 1975s
 4023880 2759241 37285.5614  196   19 37274.0000 37291.7433  0.05%  11.2 1980s
 4035289 2767742 37285.5614  131   17 37274.0000 37291.7433  0.05%  11.2 1985s
 4046174 2775741     cutoff  135      37274.0000 37291.7433  0.05%  11.2 1990s
 4052701 2780396 37282.1876  151   18 37274.0000 37291.7433  0.05%  11.2 1996s
 4065355 2790003 37284.8644  184   20 37274.0000 37291.7433  0.05%  11.2 2000s
 4077951 2799108 37284.0000  128   18 37274.0000 37291.7433  0.05%  11.2 2005s
 4088614 2806887 37283.6182  145   23 37274.0000 37291.7433  0.05%  11.2 2010s
 4103053 2818084 37284.8644  166   27 37274.0000 37291.7433  0.05%  11.2 2015s
 4118225 2829282 37284.0000  216   19 37274.0000 37291.7433  0.05%  11.2 2020s
 4130535 2838422 37284.0000  145   21 37274.0000 37291.7433  0.05%  11.2 2025s
 4137071 2843683 37282.1876  157   24 37274.0000 37291.7433  0.05%  11.2 2030s
 4151823 2854286 37284.0000  192   19 37274.0000 37291.7433  0.05%  11.2 2035s
 4159320 2859090 37284.0000  137   16 37274.0000 37291.7433  0.05%  11.2 2040s
 4168546 2866221 37283.6182  155   21 37274.0000 37291.7433  0.05%  11.2 2045s
 4180249 2874829 infeasible  244      37274.0000 37291.7433  0.05%  11.2 2050s
 4191402 2883556 37275.6000  189   19 37274.0000 37291.7433  0.05%  11.2 2055s
 4206110 2894158 37284.0000  253   18 37274.0000 37291.7433  0.05%  11.2 2060s
 4215256 2900745 37284.0000  162   27 37274.0000 37291.7433  0.05%  11.2 2066s
 4224680 2908212 37284.0000  305   15 37274.0000 37291.7433  0.05%  11.2 2070s
 4239420 2917879 37283.6182  132   19 37274.0000 37291.7433  0.05%  11.2 2077s
 4244030 2922036 37290.3595  188   20 37274.0000 37291.7433  0.05%  11.2 2081s
 4252707 2928429 37284.0000  271   17 37274.0000 37291.7433  0.05%  11.2 2085s
 4266406 2938273 37284.0000  198   18 37274.0000 37291.7433  0.05%  11.2 2090s
 4278851 2947233 37284.0000  201   18 37274.0000 37291.7433  0.05%  11.2 2095s
 4287904 2954138 37275.6000  228   20 37274.0000 37291.7433  0.05%  11.2 2100s
 4298581 2961459 37284.0000  205   12 37274.0000 37291.7433  0.05%  11.2 2105s
 4308895 2969157 37283.6182  154   20 37274.0000 37291.7433  0.05%  11.2 2110s
 4323867 2980259 37284.0000  269   16 37274.0000 37291.7433  0.05%  11.2 2116s
 4331596 2986050 37284.0000  182   28 37274.0000 37291.7433  0.05%  11.2 2120s
 4340366 2992683 37284.0000  263   17 37274.0000 37291.7433  0.05%  11.2 2125s
 4349858 2999757 37284.0000  164   20 37274.0000 37291.7433  0.05%  11.2 2130s
 4359044 3006654 37275.6000  249   15 37274.0000 37291.7433  0.05%  11.2 2136s
 4368997 3013653 37284.0000  162   21 37274.0000 37291.7433  0.05%  11.2 2140s
 4377779 3019987 37284.0000  224   17 37274.0000 37291.7433  0.05%  11.2 2145s
 4386526 3026958 37284.0000  304   17 37274.0000 37291.7433  0.05%  11.2 2150s
 4394805 3032209 37275.6000  197   19 37274.0000 37291.7433  0.05%  11.2 2155s
 4401682 3037907 37284.0000  202   16 37274.0000 37291.7433  0.05%  11.2 2160s
 4412942 3046498 37284.0000  250   11 37274.0000 37291.7433  0.05%  11.2 2165s
 4419552 3051343 37284.0000  154   21 37274.0000 37291.7433  0.05%  11.2 2170s
 4432897 3061381 37284.0000  213   16 37274.0000 37291.7433  0.05%  11.2 2175s
 4445773 3070629 37284.0000  259   21 37274.0000 37291.7433  0.05%  11.2 2180s
 4456424 3079064 37283.6182  133   23 37274.0000 37291.7433  0.05%  11.2 2185s
 4467250 3087130 infeasible  284      37274.0000 37291.7433  0.05%  11.2 2190s
 4478807 3095419 37284.0000  182   24 37274.0000 37291.7433  0.05%  11.2 2195s
 4492834 3105923     cutoff  265      37274.0000 37291.7433  0.05%  11.2 2200s
 4504209 3114334 37282.1876  159   21 37274.0000 37291.7433  0.05%  11.2 2205s
 4513384 3120698 37284.0000  257   19 37274.0000 37291.7433  0.05%  11.2 2210s
 4522349 3127246 37284.0000  237   20 37274.0000 37291.7433  0.05%  11.2 2215s
 4535173 3136743 37284.0000  193   21 37274.0000 37291.7433  0.05%  11.2 2220s
 4543883 3143541 37283.6182  135   30 37274.0000 37291.7433  0.05%  11.2 2225s
 4550519 3149100 37284.0000  186   18 37274.0000 37291.7433  0.05%  11.2 2230s
 4563262 3157741 37284.0000  195   17 37274.0000 37291.7433  0.05%  11.2 2237s
 4571919 3164594 37285.5614  220   19 37274.0000 37291.7433  0.05%  11.2 2240s
 4584293 3173840 37284.0000  204   18 37274.0000 37291.7433  0.05%  11.2 2245s
 4588915 3177227 37281.3788  192   18 37274.0000 37291.7433  0.05%  11.2 2250s
 4599072 3184831 37284.0000  141   15 37274.0000 37291.7433  0.05%  11.2 2255s
 4608146 3191772 37284.0000  167   17 37274.0000 37291.7433  0.05%  11.2 2260s
 4618636 3199663 37281.3788  177   19 37274.0000 37291.7433  0.05%  11.2 2265s
 4629550 3208054 37284.0000  240   16 37274.0000 37291.7433  0.05%  11.2 2270s
 4637508 3213359 37284.0000  280   15 37274.0000 37291.7433  0.05%  11.2 2275s
 4648104 3221700     cutoff  184      37274.0000 37291.7433  0.05%  11.2 2280s
 4661857 3231942 37282.1876  219   20 37274.0000 37291.7433  0.05%  11.2 2285s
 4672433 3240117 37282.1876  163   21 37274.0000 37291.7433  0.05%  11.2 2290s
 4676837 3243213 37282.1876  213   19 37274.0000 37291.7433  0.05%  11.2 2296s
 4686590 3251021 37284.0000  173   15 37274.0000 37291.7433  0.05%  11.2 2300s
 4701804 3262420 37284.0000  222   16 37274.0000 37291.7433  0.05%  11.2 2305s
 4711804 3270253 37284.0000  167   15 37274.0000 37291.7433  0.05%  11.2 2310s
 4720671 3276986 37284.0000  187   18 37274.0000 37291.7433  0.05%  11.2 2315s
 4733236 3286800 37284.0000  187   19 37274.0000 37291.7433  0.05%  11.2 2320s
 4742362 3293741 37284.0000  194   20 37274.0000 37291.7433  0.05%  11.2 2325s
 4752903 3301875 37284.0000  167   16 37274.0000 37291.7433  0.05%  11.2 2331s
 4762359 3308954 37284.0000  208   15 37274.0000 37291.7433  0.05%  11.2 2335s
 4772421 3317031 37285.5614  168   20 37274.0000 37291.7433  0.05%  11.2 2340s
 4779470 3322299 37285.5614  172   18 37274.0000 37291.7433  0.05%  11.2 2345s
 4790929 3331043 37283.6182  160   23 37274.0000 37291.7433  0.05%  11.2 2350s
 4799871 3338039 37282.1876  178   22 37274.0000 37291.7433  0.05%  11.2 2355s
 4808405 3344451 37281.3788  238   21 37274.0000 37291.7433  0.05%  11.2 2360s
 4818326 3351743 37284.0000  255   13 37274.0000 37291.7433  0.05%  11.2 2365s
 4827424 3358736 37284.0000  223   16 37274.0000 37291.7433  0.05%  11.2 2370s
 4838588 3367262 37283.6182  152   25 37274.0000 37291.7433  0.05%  11.2 2375s
 4850193 3376207 37284.0000  283   18 37274.0000 37291.7433  0.05%  11.2 2380s
 4860571 3384121 37284.0000  170   25 37274.0000 37291.7433  0.05%  11.2 2386s
 4866353 3388655 37284.0000  270   14 37274.0000 37291.7433  0.05%  11.2 2390s
 4875905 3396074 37284.0000  180   18 37274.0000 37291.7433  0.05%  11.2 2395s
 4887109 3404409 37284.0000  188   20 37274.0000 37291.7433  0.05%  11.2 2400s
 4897415 3412476 37279.7241  282   17 37274.0000 37291.7433  0.05%  11.2 2405s
 4908202 3420042 37284.0000  163   22 37274.0000 37291.7433  0.05%  11.2 2411s
 4916622 3426843 37275.6000  249   16 37274.0000 37291.7433  0.05%  11.2 2415s
 4925658 3433288 37280.7931  218   16 37274.0000 37291.7433  0.05%  11.2 2420s
 4933697 3439393 37284.0000  227   12 37274.0000 37291.7433  0.05%  11.2 2425s
 4942766 3446376 37284.0000  233   16 37274.0000 37291.7433  0.05%  11.2 2430s
 4953953 3454750 37282.1876  244   19 37274.0000 37291.7433  0.05%  11.2 2435s
 4965211 3463371 37284.0000  228   20 37274.0000 37291.7433  0.05%  11.2 2440s
 4975973 3471542 37284.0000  199   17 37274.0000 37291.7433  0.05%  11.2 2446s
 4984726 3478585 37282.1876  158   24 37274.0000 37291.7433  0.05%  11.2 2450s
 4993692 3485341 37282.1876  240   18 37274.0000 37291.7433  0.05%  11.2 2455s
 5004910 3493835 37280.7931  278   17 37274.0000 37291.7433  0.05%  11.2 2461s
 5010323 3498061 37277.5862  224   16 37274.0000 37291.7433  0.05%  11.2 2465s
 5021224 3505475 37291.7433  135   24 37274.0000 37291.7433  0.05%  11.2 2471s
 5030160 3512603 37277.5862  260   15 37274.0000 37291.7433  0.05%  11.2 2475s
 5039112 3519221 37284.0000  138   19 37274.0000 37291.7433  0.05%  11.2 2480s
 5047745 3525773 37284.0000  255   20 37274.0000 37291.7433  0.05%  11.2 2485s
 5057307 3533082 37275.6000  237   22 37274.0000 37291.7433  0.05%  11.2 2490s
 5064695 3537431 37284.0000  203   21 37274.0000 37291.7433  0.05%  11.2 2497s
 5065062 3546561 37284.0000  204   21 37274.0000 37291.7433  0.05%  11.2 2503s
 5077050 3548004 37284.0000  240   18 37274.0000 37291.7433  0.05%  11.2 2506s
 5082872 3552490 37275.6000  272   18 37274.0000 37291.7433  0.05%  11.2 2510s
 5097255 3563295 37284.0000  241   18 37274.0000 37291.7433  0.05%  11.2 2515s
 5110750 3573250 37285.5582  234   19 37274.0000 37291.7433  0.05%  11.2 2520s
 5122155 3581171 37284.8644  193   27 37274.0000 37291.7433  0.05%  11.2 2525s
 5128987 3586306 37284.0000  266   15 37274.0000 37291.7433  0.05%  11.2 2530s
 5140093 3594636 37284.0000  195   19 37274.0000 37291.7433  0.05%  11.2 2535s
 5149173 3601804 37284.0000  220   16 37274.0000 37291.7433  0.05%  11.2 2540s
 5162125 3611306 infeasible  255      37274.0000 37291.7433  0.05%  11.2 2545s
 5172605 3619299 37282.1876  176   26 37274.0000 37291.7433  0.05%  11.2 2550s
 5183902 3628443 37280.7931  292   17 37274.0000 37291.7433  0.05%  11.2 2555s
 5190820 3632529 37291.7433  130   23 37274.0000 37291.7433  0.05%  11.2 2560s
 5196502 3638415 37283.6182  200   19 37274.0000 37291.7433  0.05%  11.2 2565s
 5202687 3643126 37284.0000  304   15 37274.0000 37291.7433  0.05%  11.2 2570s
 5216626 3653496 37284.0000  270   17 37274.0000 37291.7433  0.05%  11.2 2575s
 5227373 3661531 37284.0000  175   18 37274.0000 37291.7433  0.05%  11.2 2580s
 5238672 3669794 37284.0000  221   16 37274.0000 37291.7433  0.05%  11.2 2585s
 5251069 3679266 37281.3788  207   20 37274.0000 37291.7433  0.05%  11.2 2590s
 5262491 3688088 37284.0000  139   17 37274.0000 37291.7433  0.05%  11.2 2595s
 5269766 3693178 37284.0000  248   16 37274.0000 37291.7433  0.05%  11.2 2600s
 5282312 3702661 37284.0000  184   15 37274.0000 37291.7433  0.05%  11.2 2605s
 5293521 3711016 37291.7433  169   19 37274.0000 37291.7433  0.05%  11.2 2610s
 5304799 3719720 37284.0000  237   15 37274.0000 37291.7433  0.05%  11.2 2615s
 5315779 3727744 37284.0000  185   23 37274.0000 37291.7433  0.05%  11.2 2621s
 5320109 3731321 37283.6182  265   20 37274.0000 37291.7433  0.05%  11.2 2625s
 5332837 3740692 37283.3740  331   20 37274.0000 37291.7433  0.05%  11.2 2630s
 5342487 3748195 37284.0000  287   15 37274.0000 37291.7433  0.05%  11.2 2635s
 5353884 3756488 37284.0000  243   18 37274.0000 37291.7433  0.05%  11.2 2640s
 5364960 3764499 37284.0000  156   13 37274.0000 37291.7433  0.05%  11.2 2645s
 5375311 3772510 37284.0000  193   17 37274.0000 37291.7433  0.05%  11.2 2650s
 5386034 3780813 37282.1876  170   20 37274.0000 37291.7433  0.05%  11.2 2655s
 5399948 3790905 37284.0000  282   16 37274.0000 37291.7433  0.05%  11.2 2660s
 5406731 3795787 37282.1876  174   24 37274.0000 37291.7433  0.05%  11.2 2666s
 5416220 3802873 37284.0000  212   20 37274.0000 37291.7433  0.05%  11.2 2670s
 5425177 3809536 37285.5614  186   20 37274.0000 37291.7433  0.05%  11.2 2675s
 5438224 3819347 37284.0000  162   16 37274.0000 37291.7433  0.05%  11.2 2680s
 5447935 3825945     cutoff  246      37274.0000 37291.7433  0.05%  11.2 2685s
 5458835 3834582 37275.6000  201   15 37274.0000 37291.7433  0.05%  11.2 2690s
 5470227 3843505 37284.0000  163   17 37274.0000 37291.7433  0.05%  11.2 2695s
 5481952 3852850 37284.0000  186   16 37274.0000 37291.7433  0.05%  11.2 2700s
 5493160 3861477 37285.5614  207   17 37274.0000 37291.7433  0.05%  11.2 2705s
 5505891 3870762 37291.7433  131   22 37274.0000 37291.7433  0.05%  11.2 2711s
 5516800 3879241 37285.5614  142   24 37274.0000 37291.7433  0.05%  11.1 2715s
 5528468 3888672 37285.5614  136   21 37274.0000 37291.7433  0.05%  11.1 2721s
 5537991 3895836 37280.6339  165   22 37274.0000 37291.7433  0.05%  11.1 2726s
 5548575 3903295 37284.0000  229   20 37274.0000 37291.7433  0.05%  11.1 2733s
 5552068 3907324 37284.0000  174   18 37274.0000 37291.7433  0.05%  11.1 2735s
 5564575 3916513 37284.0000  199   15 37274.0000 37291.7433  0.05%  11.1 2740s
 5577509 3926390 37281.3788  191   17 37274.0000 37291.7433  0.05%  11.1 2745s
 5588773 3934858 37284.0000  176   22 37274.0000 37291.7433  0.05%  11.1 2750s
 5596325 3939768 37282.1876  154   18 37274.0000 37291.7433  0.05%  11.1 2755s
 5604517 3946923 37275.6000  251   22 37274.0000 37291.7433  0.05%  11.1 2760s
 5617485 3956770 37284.0000  185   16 37274.0000 37291.7433  0.05%  11.1 2765s
 5628273 3965535 37284.0000  174   16 37274.0000 37291.7433  0.05%  11.1 2770s
 5642120 3975684 37284.0000  171   18 37274.0000 37291.7433  0.05%  11.1 2775s
 5650712 3982578 37284.0000  198   21 37274.0000 37291.7433  0.05%  11.1 2780s
 5659711 3989668 37285.5614  128   19 37274.0000 37291.7433  0.05%  11.1 2785s
 5671378 3998670     cutoff  313      37274.0000 37291.7433  0.05%  11.1 2790s
 5674995 4009388 37284.0000  196   20 37274.0000 37291.7433  0.05%  11.1 2805s
 5691668 4015030 37284.0000  300   16 37274.0000 37291.7433  0.05%  11.1 2810s
 5704721 4024565 37284.0000  229   16 37274.0000 37291.7433  0.05%  11.1 2815s
 5716016 4033191 37283.6182  140   21 37274.0000 37291.7433  0.05%  11.1 2820s
 5728821 4042812 37278.6552  249   14 37274.0000 37291.7433  0.05%  11.1 2825s
 5741671 4052919 37281.8621  230   17 37274.0000 37291.7433  0.05%  11.1 2831s
 5753130 4061820 37285.5582  157   17 37274.0000 37291.7433  0.05%  11.1 2835s
 5763733 4070235 37281.8621  252   14 37274.0000 37291.7433  0.05%  11.1 2840s
 5775236 4079154 37284.0000  210   14 37274.0000 37291.7433  0.05%  11.1 2845s
 5787978 4089091 37282.1876  191   19 37274.0000 37291.7433  0.05%  11.1 2850s
 5802674 4100710 37284.0000  261   19 37274.0000 37291.7433  0.05%  11.1 2855s
 5808039 4105074 37284.0000  195   15 37274.0000 37291.7433  0.05%  11.1 2860s
 5821467 4115202 37284.0000  201   16 37274.0000 37291.7433  0.05%  11.1 2865s
 5834467 4124726     cutoff  185      37274.0000 37291.7433  0.05%  11.1 2871s
 5843583 4131911 37284.0000  259   23 37274.0000 37291.7433  0.05%  11.1 2875s
 5850597 4137380 37284.0000  177   20 37274.0000 37291.7433  0.05%  11.1 2880s
 5859948 4144462 37284.0000  245   16 37274.0000 37291.7433  0.05%  11.1 2885s
 5867268 4149531 37283.6182  137   25 37274.0000 37291.7433  0.05%  11.1 2890s
 5874508 4155473 37284.0000  195   13 37274.0000 37291.7433  0.05%  11.1 2895s
 5884197 4162668 37282.1876  194   19 37274.0000 37291.7433  0.05%  11.1 2900s
 5889854 4167521 37281.3788  228   16 37274.0000 37291.7433  0.05%  11.1 2905s
 5903849 4178061 37284.0000  145   20 37274.0000 37291.7433  0.05%  11.1 2910s
 5915104 4186913 37284.0000  188   14 37274.0000 37291.7433  0.05%  11.1 2916s
 5924089 4193936 37284.0000  271   15 37274.0000 37291.7433  0.05%  11.1 2921s
 5933774 4201512 infeasible  298      37274.0000 37291.7433  0.05%  11.1 2925s
 5943244 4208246 37284.8644  145   27 37274.0000 37291.7433  0.05%  11.1 2930s
 5956178 4217936 37282.1876  196   22 37274.0000 37291.7433  0.05%  11.1 2935s
 5969355 4227324 37280.0436  216   14 37274.0000 37291.7433  0.05%  11.1 2940s
 5979998 4235218 37282.1876  176   31 37274.0000 37291.7433  0.05%  11.1 2945s
 5988488 4241986 37282.1876  152   16 37274.0000 37291.7433  0.05%  11.1 2950s
 5999566 4250499 37284.0000  198   17 37274.0000 37291.7433  0.05%  11.1 2955s
 6006911 4256115 37284.0000  228   19 37274.0000 37291.7433  0.05%  11.1 2960s
 6015880 4263263 37284.0000  189   13 37274.0000 37291.7433  0.05%  11.1 2965s
 6026768 4271836 37285.5614  163   23 37274.0000 37291.7433  0.05%  11.1 2970s
 6037849 4280178 37284.0000  294   16 37274.0000 37291.7433  0.05%  11.1 2975s
 6046869 4286965 37284.0000  198   16 37274.0000 37291.7433  0.05%  11.1 2980s
 6057705 4294370 37284.0000  247   14 37274.0000 37291.7433  0.05%  11.1 2987s
 6061472 4298668 37284.0000  153   21 37274.0000 37291.7433  0.05%  11.1 2990s
 6063922 4306779 37284.0000  188   17 37274.0000 37291.7433  0.05%  11.1 2999s
 6073500 4308374 37283.6182  150   23 37274.0000 37291.7433  0.05%  11.1 3001s
 6083154 4315610 37282.1876  241   20 37274.0000 37291.7433  0.05%  11.1 3005s
 6094052 4324065 37284.0000  225   20 37274.0000 37291.7433  0.05%  11.1 3010s
 6105179 4332451 37282.1876  169   19 37274.0000 37291.7433  0.05%  11.1 3015s
 6119484 4343335 37284.0000  179   21 37274.0000 37291.7433  0.05%  11.1 3020s
 6130608 4351946 37291.3438  214   26 37274.0000 37291.7433  0.05%  11.1 3025s
 6142057 4360772 37284.0000  324   17 37274.0000 37291.7433  0.05%  11.1 3030s
 6154537 4370614 37284.0000  184   16 37274.0000 37291.7433  0.05%  11.1 3035s
 6165769 4378731 37285.5582  171   19 37274.0000 37291.7433  0.05%  11.1 3040s
 6178566 4388895     cutoff  164      37274.0000 37291.7433  0.05%  11.1 3045s
 6188889 4396743 37284.0000  179   16 37274.0000 37291.7433  0.05%  11.1 3050s
 6199960 4405709 37284.0000  260   15 37274.0000 37291.7433  0.05%  11.1 3055s
 6215381 4417511     cutoff  278      37274.0000 37291.7433  0.05%  11.1 3060s
 6224571 4424003 37282.1876  150   22 37274.0000 37291.7433  0.05%  11.1 3065s
 6235194 4432451 37275.3696  233   16 37274.0000 37291.7433  0.05%  11.1 3071s
 6245374 4440251 37282.1876  162   19 37274.0000 37291.7433  0.05%  11.1 3076s
 6256436 4449026 37282.1876  151   20 37274.0000 37291.7433  0.05%  11.1 3081s
 6265649 4456797 37284.0000  297   16 37274.0000 37291.7433  0.05%  11.1 3085s
 6277936 4465318 37284.0000  158   20 37274.0000 37291.6743  0.05%  11.1 3090s
 6288450 4473965 37284.0000  156   19 37274.0000 37291.6743  0.05%  11.1 3095s
 6299357 4482727 37285.5614  164   18 37274.0000 37291.6743  0.05%  11.1 3100s
 6310929 4491762 37285.5614  176   19 37274.0000 37291.6743  0.05%  11.1 3105s
 6317146 4496530 37285.5614  161   20 37274.0000 37291.6743  0.05%  11.1 3110s
 6330630 4506665 37284.0000  193   20 37274.0000 37291.6743  0.05%  11.1 3115s
 6347149 4519613 37285.5582  180   19 37274.0000 37291.6743  0.05%  11.1 3120s
 6363443 4532240     cutoff  272      37274.0000 37291.6743  0.05%  11.1 3125s
 6376033 4542293 37284.0000  279   16 37274.0000 37291.6743  0.05%  11.1 3130s
 6383209 4547135 37284.0000  270   17 37274.0000 37291.6743  0.05%  11.1 3136s
 6393418 4555362 37284.0000  227   15 37274.0000 37291.6743  0.05%  11.1 3140s
 6400831 4561338 37284.0000  251   16 37274.0000 37291.6743  0.05%  11.1 3145s
 6414717 4571912 37284.0000  218   18 37274.0000 37291.6743  0.05%  11.1 3150s
 6423782 4578825 37285.5614  147   18 37274.0000 37291.6743  0.05%  11.1 3155s
 6430560 4583634 37284.0000  299   22 37274.0000 37291.6743  0.05%  11.1 3160s
 6446736 4595647 37284.0000  185   21 37274.0000 37291.6743  0.05%  11.1 3165s
 6458023 4604368 37284.0000  357   14 37274.0000 37291.6743  0.05%  11.1 3170s
 6473021 4616345 37284.0000  228   17 37274.0000 37291.6743  0.05%  11.1 3175s
 6480448 4621952 37284.0000  136   17 37274.0000 37291.6743  0.05%  11.1 3180s
 6493229 4632267 37284.0000  280   13 37274.0000 37291.6743  0.05%  11.1 3185s
 6500796 4637595 37284.0000  211   14 37274.0000 37291.6743  0.05%  11.1 3190s
 6511659 4646036 37284.0000  241   15 37274.0000 37291.6743  0.05%  11.1 3195s
 6522309 4654663 37284.0000  184   14 37274.0000 37291.6743  0.05%  11.1 3200s
 6531498 4661480 37284.0000  241   13 37274.0000 37291.6743  0.05%  11.1 3205s
 6542145 4669394 37284.0000  201   19 37274.0000 37291.6743  0.05%  11.1 3210s
 6553301 4678179 37284.0000  222   17 37274.0000 37291.6743  0.05%  11.0 3215s
 6560170 4682704 37284.0000  183   16 37274.0000 37291.6743  0.05%  11.0 3222s
 6564346 4687427 37284.0000  248   21 37274.0000 37291.6743  0.05%  11.0 3225s
 6578780 4698195 37285.5614  180   19 37274.0000 37291.6743  0.05%  11.0 3230s
 6589206 4706331 37284.0000  219   17 37274.0000 37291.6743  0.05%  11.0 3235s
 6602105 4716178 37284.0000  233   17 37274.0000 37291.6743  0.05%  11.0 3241s
 6612168 4724017 37284.0000  185   12 37274.0000 37291.6743  0.05%  11.0 3245s
 6625355 4734271 37284.0000  174   15 37274.0000 37291.6743  0.05%  11.0 3250s
 6640232 4745750 37284.0000  176   17 37274.0000 37291.6743  0.05%  11.0 3256s
 6650684 4754089 37284.0000  201   15 37274.0000 37291.6743  0.05%  11.0 3260s
 6664342 4764414 37284.0000  141   18 37274.0000 37291.6743  0.05%  11.0 3265s
 6677888 4774455 37284.0000  237   17 37274.0000 37291.6743  0.05%  11.0 3270s
 6682868 4778666 37285.5582  200   15 37274.0000 37291.6743  0.05%  11.0 3275s
 6690525 4783490 37284.0000  261   18 37274.0000 37291.6743  0.05%  11.0 3280s
 6690543 4792905 37284.0000  262   17 37274.0000 37291.6743  0.05%  11.0 3286s
 6702555 4793502 37284.0000  210   17 37274.0000 37291.6743  0.05%  11.0 3291s
 6711486 4801017 37284.0000  207   15 37274.0000 37291.6743  0.05%  11.0 3295s
 6724316 4810665 37280.6339  174   17 37274.0000 37291.6743  0.05%  11.0 3300s
 6735462 4819438 37284.0000  220   26 37274.0000 37291.6743  0.05%  11.0 3305s
 6750537 4830964 37284.0000  151   16 37274.0000 37291.6743  0.05%  11.0 3310s
 6762262 4839988 37285.5614  232   18 37274.0000 37291.6743  0.05%  11.0 3315s
 6775327 4850195 37284.0000  182   21 37274.0000 37291.6743  0.05%  11.0 3320s
 6788460 4860807 37284.0000  262   16 37274.0000 37291.6743  0.05%  11.0 3325s
 6798892 4868644 37284.0000  199   18 37274.0000 37291.6743  0.05%  11.0 3330s
 6811960 4878960 37284.0000  210   19 37274.0000 37291.6743  0.05%  11.0 3335s
 6822705 4887896 37284.0000  188   20 37274.0000 37291.6743  0.05%  11.0 3340s
 6834161 4896419 37284.0000  215   22 37274.0000 37291.6743  0.05%  11.0 3346s
 6842628 4903661 37284.0000  186   16 37274.0000 37291.6743  0.05%  11.0 3350s
 6855781 4914098 37284.0000  223   16 37274.0000 37291.6743  0.05%  11.0 3355s
 6869027 4924228 37284.0000  143   18 37274.0000 37291.6743  0.05%  11.0 3361s
 6878184 4932410 37284.0000  182   16 37274.0000 37291.6743  0.05%  11.0 3365s
 6881397 4934661 37284.0000  256   17 37274.0000 37291.6743  0.05%  11.0 3370s
 6893335 4943108 37284.0000  213   18 37274.0000 37291.6743  0.05%  11.0 3376s
 6904399 4952808 37284.0000  214   16 37274.0000 37291.6743  0.05%  11.0 3380s
 6921880 4966845 infeasible  320      37274.0000 37291.6743  0.05%  11.0 3385s
 6938343 4980159 37284.0000  180   18 37274.0000 37291.6743  0.05%  11.0 3390s
 6953771 4991995 37284.0000  202   19 37274.0000 37291.6743  0.05%  11.0 3395s
 6963290 4997870 37284.0000  156   18 37274.0000 37291.6743  0.05%  11.0 3402s
 6970537 5005327 37284.0000  310   14 37274.0000 37291.6743  0.05%  11.0 3405s
 6986856 5017712 37276.6929  242   14 37274.0000 37291.6743  0.05%  11.0 3411s
 6997719 5026743 37275.6000  202   22 37274.0000 37291.6743  0.05%  11.0 3415s
 7015334 5041029 37284.0000  227   17 37274.0000 37291.6743  0.05%  11.0 3420s
 7025145 5049082 37284.0000  231   16 37274.0000 37291.6743  0.05%  11.0 3425s
 7040260 5061010     cutoff  224      37274.0000 37291.6743  0.05%  11.0 3430s
 7057065 5074504 37284.0000  215   18 37274.0000 37291.6743  0.05%  11.0 3435s
 7072543 5086836 37284.0000  221   16 37274.0000 37291.6743  0.05%  10.9 3440s
 7089809 5099637 37284.0000  134   18 37274.0000 37291.6743  0.05%  10.9 3445s
 7106202 5113879 37284.0000  310   14 37274.0000 37291.6743  0.05%  10.9 3450s
 7120653 5125403 37284.0000  163   18 37274.0000 37291.6743  0.05%  10.9 3455s
 7137027 5139650 37284.0000  187   15 37274.0000 37291.6743  0.05%  10.9 3460s
 7151438 5150265 37284.0000  190   18 37274.0000 37291.6743  0.05%  10.9 3466s
 7159280 5155274 37284.0000  139   19 37274.0000 37291.6743  0.05%  10.9 3471s
 7171129 5166010 37277.1496  223   16 37274.0000 37291.6743  0.05%  10.9 3475s
 7187083 5178847 37284.0000  229   15 37274.0000 37291.6743  0.05%  10.9 3480s
 7198498 5188372     cutoff  277      37274.0000 37291.6743  0.05%  10.9 3485s
 7211950 5198500 37276.2362  298   11 37274.0000 37291.6743  0.05%  10.9 3490s
 7230072 5212966 37284.0000  171   14 37274.0000 37291.6743  0.05%  10.9 3495s
 7242187 5222111 37284.0000  177   16 37274.0000 37291.6743  0.05%  10.9 3501s
 7258121 5235084 37284.0000  189   19 37274.0000 37291.6743  0.05%  10.9 3505s
 7270485 5245440 37284.0000  161   23 37274.0000 37291.6743  0.05%  10.9 3510s
 7285413 5257687 37284.0000  241   16 37274.0000 37291.6743  0.05%  10.9 3515s
 7296147 5266143 37278.0630  293   16 37274.0000 37291.6743  0.05%  10.9 3520s
 7307541 5275138 37284.0000  182   20 37274.0000 37291.6743  0.05%  10.9 3525s
 7317977 5284159 37284.0000  251   17 37274.0000 37291.6743  0.05%  10.9 3530s
 7325760 5288978 37283.5433  239   14 37274.0000 37291.6743  0.05%  10.9 3536s
 7336127 5299130     cutoff  309      37274.0000 37291.6743  0.05%  10.9 3540s
 7351134 5310865 37284.0000  254   15 37274.0000 37291.6743  0.05%  10.9 3545s
 7360307 5318290 37284.0000  182   17 37274.0000 37291.6743  0.05%  10.9 3550s
 7375724 5330555 37284.0000  276   18 37274.0000 37291.6743  0.05%  10.9 3555s
 7392050 5343315 37284.0000  234   18 37274.0000 37291.6743  0.05%  10.9 3562s
 7398697 5348717 37276.5172  208   16 37274.0000 37291.6743  0.05%  10.9 3565s
 7410007 5358205 37284.0000  202   16 37274.0000 37291.6743  0.05%  10.9 3570s
 7424769 5369842 37284.0000  176   16 37274.0000 37291.6743  0.05%  10.9 3575s
 7438943 5381064 37284.0000  166   13 37274.0000 37291.6743  0.05%  10.9 3580s
 7454388 5393187 37284.0000  203   21 37274.0000 37291.6743  0.05%  10.9 3585s
 7468677 5404617 37284.0000  212   14 37274.0000 37291.6743  0.05%  10.9 3590s
 7486516 5419056 37284.0000  180   18 37274.0000 37291.6743  0.05%  10.9 3595s
 7495648 5425490 37284.0000  237   16 37274.0000 37291.6743  0.05%  10.9 3600s

Cutting planes:
  Gomory: 8
  Cover: 967
  MIR: 4
  StrongCG: 7
  Flow cover: 1
  RLT: 3

Explored 7496262 nodes (81413426 simplex iterations) in 3600.12 seconds
Thread count was 12 (of 12 available processors)

Solution count 10: 37274 37260 37255 ... 36914

Time limit reached
Best objective 3.727400000000e+04, best bound 3.729100000000e+04, gap 0.0456%
