
Gurobi 9.1.2 (win64, Java) logging started Tue Nov  9 01:57:21 2021

Academic license - for non-commercial use only - expires 2022-10-30
Gurobi Optimizer version 9.1.2 build v9.1.2rc0 (win64)
Thread count: 6 physical cores, 12 logical processors, using up to 12 threads
Optimize a model with 110 rows, 1000 columns and 2000 nonzeros
Model fingerprint: 0xe56d7684
Variable types: 0 continuous, 1000 integer (1000 binary)
Coefficient statistics:
  Matrix range     [1e+00, 1e+03]
  Objective range  [4e+00, 1e+03]
  Bounds range     [1e+00, 1e+00]
  RHS range        [1e+00, 3e+03]
Found heuristic solution: objective 25696.000000
Presolve time: 0.02s
Presolved: 110 rows, 1000 columns, 2000 nonzeros
Variable types: 0 continuous, 1000 integer (1000 binary)
Presolved: 110 rows, 1000 columns, 2000 nonzeros


Root relaxation: objective 3.819268e+04, 184 iterations, 0.00 seconds

    Nodes    |    Current Node    |     Objective Bounds      |     Work
 Expl Unexpl |  Obj  Depth IntInf | Incumbent    BestBd   Gap | It/Node Time

     0     0 38192.6838    0    9 25696.0000 38192.6838  48.6%     -    0s
H    0     0                    37000.000000 38192.6838  3.22%     -    0s
H    0     0                    37883.000000 38192.6838  0.82%     -    1s
     0     0 38138.8262    0   17 37883.0000 38138.8262  0.68%     -    2s
H    0     0                    38043.000000 38138.8262  0.25%     -    3s
     0     0 38127.8812    0   20 38043.0000 38127.8812  0.22%     -    3s
     0     0 38127.8812    0   11 38043.0000 38127.8812  0.22%     -    3s
     0     0 38127.8812    0   11 38043.0000 38127.8812  0.22%     -    3s
     0     0 38126.4000    0   21 38043.0000 38126.4000  0.22%     -    4s
     0     0 38126.4000    0   26 38043.0000 38126.4000  0.22%     -    4s
     0     0 38126.4000    0   25 38043.0000 38126.4000  0.22%     -    4s
     0     0 38126.4000    0   15 38043.0000 38126.4000  0.22%     -    4s
     0     2 38126.4000    0   13 38043.0000 38126.4000  0.22%     -    4s
    31    41 38126.4000    7   25 38043.0000 38126.4000  0.22%  18.3    6s
H   35    41                    38073.000000 38126.4000  0.14%  16.3    6s
  2435  1911 38126.0000   23   16 38073.0000 38126.0000  0.14%   7.7   10s
H 2439  1817                    38089.000154 38126.0000  0.10%   7.7   12s
  2477  1850 38112.9096   15   16 38089.0002 38126.0000  0.10%   9.8   16s
  7537  4983 38119.0611  121   16 38089.0002 38126.0000  0.10%   6.6   20s
 17301 12285 38101.7353   98   13 38089.0002 38126.0000  0.10%   5.4   26s
 19136 20009 38126.0000   81   12 38089.0002 38126.0000  0.10%   5.3   32s
 33762 21882     cutoff  205      38089.0002 38126.0000  0.10%   4.8   35s
 37408 22834 38093.7405  217   13 38089.0002 38126.0000  0.10%   4.9   40s
 41715 25805 38126.0000  154   12 38089.0002 38126.0000  0.10%   5.0   45s
 48747 25490 38107.9744  168   12 38089.0002 38126.0000  0.10%   5.1   50s
 52767 25363     cutoff  185      38089.0002 38126.0000  0.10%   5.1   55s
 57082 24666 38126.0000  148   24 38089.0002 38126.0000  0.10%   5.0   60s
 57086 24669 38126.0000  173   15 38089.0002 38126.0000  0.10%   5.0   65s
 57127 24685 38126.0000   46   13 38089.0002 38126.0000  0.10%   5.1   70s
 64131 28732 38101.9184  199   12 38089.0002 38126.0000  0.10%   5.0   75s
 94918 46104 38126.0000  124   17 38089.0002 38126.0000  0.10%   4.6   80s
 120049 57572 38126.0000  107   14 38089.0002 38126.0000  0.10%   4.3   85s
 142549 72736 38126.0000  108   16 38089.0002 38126.0000  0.10%   4.2   90s
 168857 92886 38125.2408  104   15 38089.0002 38126.0000  0.10%   4.1   96s
 187906 110152 38126.0000  146   14 38089.0002 38126.0000  0.10%   4.0  100s
 204095 121877 38126.0000  131   13 38089.0002 38126.0000  0.10%   4.0  105s
 229542 144030 38126.0000  136   16 38089.0002 38126.0000  0.10%   3.9  110s
 257802 166187 38126.0000   94   16 38089.0002 38126.0000  0.10%   3.8  115s
 275590 181002 38126.0000  260   14 38089.0002 38126.0000  0.10%   3.8  120s
 301895 203252 38126.0000  219   15 38089.0002 38126.0000  0.10%   3.9  125s
 320918 215466 38126.0000  199   15 38089.0002 38126.0000  0.10%   3.9  130s
 331729 219587 38103.4484  238   10 38089.0002 38126.0000  0.10%   3.9  135s
 335350 223853     cutoff  246      38089.0002 38126.0000  0.10%   4.0  145s
 355001 227506 38126.0000  211   16 38089.0002 38126.0000  0.10%   4.0  150s
 362780 230149 38126.0000  193   23 38089.0002 38126.0000  0.10%   4.1  155s
 372596 233692 38120.7958  252   11 38089.0002 38126.0000  0.10%   4.2  161s
 374785 233698 38111.2547  210   12 38089.0002 38126.0000  0.10%   4.2  166s
 378395 235390 38126.0000  226   17 38089.0002 38126.0000  0.10%   4.2  171s
 384073 237122 38126.0000  192   20 38089.0002 38126.0000  0.10%   4.3  175s
 392354 239695 38099.1116  242   14 38089.0002 38126.0000  0.10%   4.3  181s
 398443 241989 38125.4308  211   16 38089.0002 38126.0000  0.10%   4.4  185s
 404381 243549 38126.0000  219   21 38089.0002 38126.0000  0.10%   4.4  192s
 404700 243975 38126.0000  220   21 38089.0002 38126.0000  0.10%   4.5  197s
 407864 244859 38126.0000  228   22 38089.0002 38126.0000  0.10%   4.5  200s
 415165 248167 38126.0000  222   24 38089.0002 38126.0000  0.10%   4.5  206s
 420740 250502     cutoff  231      38089.0002 38126.0000  0.10%   4.6  210s
 427040 252652 38126.0000  221   17 38089.0002 38126.0000  0.10%   4.6  215s
 429931 254272 38126.0000  203   19 38089.0002 38126.0000  0.10%   4.7  222s
 433065 255258 38126.0000  220   30 38089.0002 38126.0000  0.10%   4.7  226s
 441147 261480 38126.0000  272   14 38089.0002 38126.0000  0.10%   4.7  231s
 446759 267205 38126.0000  213   16 38089.0002 38126.0000  0.10%   4.7  236s
 454857 269639 38126.0000  191   19 38089.0002 38126.0000  0.10%   4.7  240s
 461142 271921 38126.0000  258   16 38089.0002 38126.0000  0.10%   4.7  245s
 468499 275994 38126.0000  185   20 38089.0002 38126.0000  0.10%   4.7  251s
 472800 279239 38126.0000  230   19 38089.0002 38126.0000  0.10%   4.7  256s
 482544 285380     cutoff  259      38089.0002 38126.0000  0.10%   4.7  260s
 491100 290444     cutoff  265      38089.0002 38126.0000  0.10%   4.7  265s
 498630 294046 38126.0000  240   17 38089.0002 38126.0000  0.10%   4.7  270s
 500455 294181 38126.0000  243   13 38089.0002 38126.0000  0.10%   4.7  276s
 512767 299726 38126.0000  224   14 38089.0002 38126.0000  0.10%   4.7  281s
 525274 303929 38095.1839  241    9 38089.0002 38126.0000  0.10%   4.7  285s
 530781 305807 38093.0400  258    9 38089.0002 38126.0000  0.10%   4.7  290s
 541496 308919 38118.9563  248   11 38089.0002 38126.0000  0.10%   4.7  295s
 552628 312095 38126.0000  243   14 38089.0002 38126.0000  0.10%   4.7  300s
 565000 315410     cutoff  279      38089.0002 38126.0000  0.10%   4.7  305s
 570531 316879     cutoff  259      38089.0002 38126.0000  0.10%   4.7  310s
 580938 319225     cutoff  274      38089.0002 38126.0000  0.10%   4.7  317s
 587632 321294 38126.0000  266   12 38089.0002 38126.0000  0.10%   4.7  320s
 598610 324268 38126.0000  274   14 38089.0002 38126.0000  0.10%   4.7  325s
 607724 325981 infeasible  264      38089.0002 38126.0000  0.10%   4.7  330s
 614783 327512 38123.3979  279   10 38089.0002 38126.0000  0.10%   4.7  336s
 624184 329713     cutoff  292      38089.0002 38126.0000  0.10%   4.7  341s
 631422 331171 38123.3979  277   10 38089.0002 38126.0000  0.10%   4.7  345s
 640570 332675 38126.0000  247   14 38089.0002 38126.0000  0.10%   4.7  350s
 649655 333890 38093.9074  270    9 38089.0002 38126.0000  0.10%   4.7  356s
 653861 335023 38126.0000  248   12 38089.0002 38126.0000  0.10%   4.7  360s
 660921 336674     cutoff  284      38089.0002 38126.0000  0.10%   4.7  366s
 668112 338063 38126.0000  252   13 38089.0002 38126.0000  0.10%   4.7  370s
 677497 339585 38126.0000  278   16 38089.0002 38126.0000  0.10%   4.7  377s
 683188 340945 38126.0000  277   13 38089.0002 38126.0000  0.10%   4.7  380s
 694051 343238 38126.0000  237   13 38089.0002 38126.0000  0.10%   4.6  385s
 704371 345553 38125.1326  249   10 38089.0002 38126.0000  0.10%   4.6  390s
 709968 346351     cutoff  284      38089.0002 38126.0000  0.10%   4.6  398s
 713857 347751 38116.4589  271    9 38089.0002 38126.0000  0.10%   4.6  400s
 724924 350474 38126.0000  272   13 38089.0002 38126.0000  0.10%   4.6  409s
 726508 351003 38126.0000  273   10 38089.0002 38126.0000  0.10%   4.6  410s
 737612 353251 38093.9074  254   12 38089.0002 38126.0000  0.10%   4.6  416s
 737736 355898     cutoff  255      38089.0002 38126.0000  0.10%   4.6  420s
 758580 358634     cutoff  284      38089.0002 38126.0000  0.10%   4.6  425s
 766043 359999 38108.6526  258   15 38089.0002 38126.0000  0.10%   4.6  430s
 780614 364199 infeasible  268      38089.0002 38126.0000  0.10%   4.6  435s
 796849 367832 38126.0000  254   14 38089.0002 38126.0000  0.10%   4.6  440s
 802551 368907 38111.9126  275   12 38089.0002 38126.0000  0.10%   4.6  445s
 820702 372202 38126.0000  270   14 38089.0002 38126.0000  0.10%   4.6  454s
 823084 372886     cutoff  274      38089.0002 38126.0000  0.10%   4.6  455s
 835818 374702 38108.6526  265   13 38089.0002 38126.0000  0.10%   4.6  461s
 848512 376757     cutoff  291      38089.0002 38126.0000  0.10%   4.6  465s
 865126 378834 38126.0000  265   14 38089.0002 38126.0000  0.10%   4.6  470s
 870340 379446 38126.0000  278   13 38089.0002 38126.0000  0.10%   4.6  475s
 885326 381174 38126.0000  272   13 38089.0002 38126.0000  0.10%   4.6  480s
 903242 382992 infeasible  261      38089.0002 38126.0000  0.10%   4.6  485s
 905018 383000 38126.0000  259   15 38089.0002 38126.0000  0.10%   4.6  490s
 916514 384140     cutoff  280      38089.0002 38126.0000  0.10%   4.6  496s
 927888 385520 38126.0000  288   13 38089.0002 38126.0000  0.10%   4.6  500s
 944045 387259 38102.2276  269    9 38089.0002 38126.0000  0.10%   4.5  507s
 951641 388350 38126.0000  274   12 38089.0002 38126.0000  0.10%   4.5  510s
 969708 390455     cutoff  277      38089.0002 38126.0000  0.10%   4.5  515s
 979610 391982 38126.0000  276   12 38089.0002 38126.0000  0.10%   4.6  520s
 985213 392853 38126.0000  282   12 38089.0002 38126.0000  0.10%   4.6  525s
 997640 395493 38126.0000  249   13 38089.0002 38126.0000  0.10%   4.6  530s
 1013806 399458 38121.6632  271    9 38089.0002 38126.0000  0.10%   4.6  535s
 1022926 401798 38100.4667  258   11 38089.0002 38126.0000  0.10%   4.6  540s
 1041108 406457     cutoff  284      38089.0002 38126.0000  0.10%   4.6  545s
 1048280 410827 38112.1221  266   11 38089.0002 38126.0000  0.10%   4.6  552s
 1062099 411796 38126.0000  248   12 38089.0002 38126.0000  0.10%   4.6  555s
 1069180 413362 infeasible  274      38089.0002 38126.0000  0.10%   4.6  561s
 1078670 416409 38126.0000  249   13 38089.0002 38126.0000  0.10%   4.6  565s
 1084341 417493 38126.0000  247   14 38089.0002 38126.0000  0.10%   4.6  570s
 1097456 420729     cutoff  284      38089.0002 38126.0000  0.10%   4.6  575s
 1110425 423089 38126.0000  251   14 38089.0002 38126.0000  0.10%   4.6  580s
 1117785 424162 38126.0000  276   14 38089.0002 38126.0000  0.10%   4.6  585s
 1125277 425179 38119.9284  269   11 38089.0002 38126.0000  0.10%   4.6  590s
 1136847 426942 38116.4589  260    9 38089.0002 38126.0000  0.10%   4.6  595s
 1149899 428688 38126.0000  271   16 38089.0002 38126.0000  0.10%   4.6  601s
 1159533 430434     cutoff  283      38089.0002 38126.0000  0.10%   4.6  605s
 1172122 432024 38119.0611  267   12 38089.0002 38126.0000  0.10%   4.6  613s
 1176746 432846     cutoff  281      38089.0002 38126.0000  0.10%   4.6  615s
 1182354 433562 38097.8253  251   13 38089.0002 38126.0000  0.10%   4.6  620s
 1189211 434922 38126.0000  260   15 38089.0002 38126.0000  0.10%   4.6  625s
 1197176 436024 38102.5811  273    8 38089.0002 38126.0000  0.10%   4.6  630s
 1199405 437728 38126.0000  254   16 38089.0002 38126.0000  0.10%   4.6  637s
 1211417 437762 38126.0000  253   13 38089.0002 38126.0000  0.10%   4.6  640s
 1224750 439571 38126.0000  283   12 38089.0002 38126.0000  0.10%   4.6  645s
 1231468 440311     cutoff  269      38089.0002 38126.0000  0.10%   4.6  650s
 1238990 440970 38126.0000  283   12 38089.0002 38126.0000  0.10%   4.6  655s
 1251195 442397 38126.0000  279   13 38089.0002 38126.0000  0.10%   4.6  660s
 1266074 444027     cutoff  280      38089.0002 38126.0000  0.10%   4.6  665s
 1271568 444624 38113.6736  281   11 38089.0002 38126.0000  0.10%   4.6  670s
 1286143 446398 38125.1326  267   12 38089.0002 38126.0000  0.10%   4.6  675s
 1297069 447911     cutoff  257      38089.0002 38126.0000  0.10%   4.6  680s
 1309865 450052 38113.6736  259    8 38089.0002 38126.0000  0.10%   4.6  687s
 1309888 452598 38113.6736  260    9 38089.0002 38126.0000  0.10%   4.6  691s
 1322597 453256 38108.6526  242    8 38089.0002 38126.0000  0.10%   4.6  695s
 1343328 457956     cutoff  253      38089.0002 38126.0000  0.10%   4.6  700s
 1354312 459608 38124.2653  251    8 38089.0002 38126.0000  0.10%   4.6  706s
 1370839 463322 38104.3158  256   10 38089.0002 38126.0000  0.10%   4.6  710s
 1385125 466318 38125.1326  268   13 38089.0002 38126.0000  0.10%   4.6  718s
 1388020 466986 38126.0000  242   14 38089.0002 38126.0000  0.10%   4.6  722s
 1396165 468935 38126.0000  257   12 38089.0002 38126.0000  0.10%   4.6  725s
 1411037 471738 38102.2276  269    9 38089.0002 38126.0000  0.10%   4.6  730s
 1423804 473898 38117.3263  266   14 38089.0002 38126.0000  0.10%   4.6  735s
 1435568 476782 38125.1326  249   12 38089.0002 38126.0000  0.10%   4.6  740s
 1451678 480664     cutoff  267      38089.0002 38126.0000  0.10%   4.5  745s
 1460707 482138 infeasible  266      38089.0002 38126.0000  0.10%   4.5  750s
 1473899 485093 38125.1326  252   11 38089.0002 38126.0000  0.10%   4.5  755s
 1490531 488233 38091.3053  261   12 38089.0002 38126.0000  0.10%   4.5  760s
 1498004 489414     cutoff  260      38089.0002 38126.0000  0.10%   4.5  765s
 1499827 489449 38125.1326  256   11 38089.0002 38126.0000  0.10%   4.5  770s
 1509932 491597     cutoff  258      38089.0002 38126.0000  0.10%   4.5  775s
 1523009 493481 38126.0000  253   17 38089.0002 38126.0000  0.10%   4.5  780s
 1528686 494276 38109.5200  266   10 38089.0002 38126.0000  0.10%   4.5  785s
 1541803 495862     cutoff  274      38089.0002 38126.0000  0.10%   4.5  790s
 1554786 497361     cutoff  260      38089.0002 38126.0000  0.10%   4.5  795s
 1560468 498093     cutoff  256      38089.0002 38126.0000  0.10%   4.5  800s
 1573830 499664 38126.0000  258   14 38089.0002 38126.0000  0.10%   4.5  805s
 1588299 501704     cutoff  250      38089.0002 38126.0000  0.10%   4.5  810s
 1594068 502491 38126.0000  240   18 38089.0002 38126.0000  0.10%   4.5  816s
 1607334 504708     cutoff  269      38089.0002 38126.0000  0.10%   4.5  820s
 1620034 506374 38124.2653  253   13 38089.0002 38126.0000  0.10%   4.5  826s
 1629252 507999 38100.4667  258    8 38089.0002 38126.0000  0.10%   4.5  830s
 1643746 510380 38105.1832  249   12 38089.0002 38126.0000  0.10%   4.5  835s
 1650289 512280 38126.0000  255   13 38089.0002 38126.0000  0.10%   4.5  840s
 1656561 513536     cutoff  269      38089.0002 38126.0000  0.10%   4.5  845s
 1675111 516440 38103.9885  256    8 38089.0002 38126.0000  0.10%   4.5  850s
 1689544 518759     cutoff  252      38089.0002 38126.0000  0.10%   4.5  857s
 1696836 520410 38107.7853  259   11 38089.0002 38126.0000  0.10%   4.5  860s
 1711339 522742 38095.6421  245   13 38089.0002 38126.0000  0.10%   4.5  865s
 1715598 524935 38126.0000  270   13 38089.0002 38126.0000  0.10%   4.5  872s
 1725945 524931 38126.0000  265   14 38089.0002 38126.0000  0.10%   4.5  876s
 1732104 525945 38100.8463  265   12 38089.0002 38126.0000  0.10%   4.5  880s
 1743401 528064     cutoff  262      38089.0002 38126.0000  0.10%   4.5  885s
 1758056 530491 38126.0000  272   12 38089.0002 38126.0000  0.10%   4.5  891s
 1769790 532847 38109.2713  260   13 38089.0002 38126.0000  0.10%   4.5  895s
 1782366 535333     cutoff  254      38089.0002 38126.0000  0.10%   4.5  900s
 1788322 536592 38114.7242  262   11 38089.0002 38126.0000  0.10%   4.5  905s
 1792154 537102 38126.0000  253   13 38089.0002 38126.0000  0.10%   4.5  910s
 1799811 538873 38126.0000  283   15 38089.0002 38126.0000  0.10%   4.5  915s
 1811551 540612 infeasible  252      38089.0002 38126.0000  0.10%   4.5  921s
 1821028 542787 38096.0644  273    9 38089.0002 38126.0000  0.10%   4.5  925s
 1835228 545603 38126.0000  248   14 38089.0002 38126.0000  0.10%   4.5  930s
 1846146 547246 38112.9895  278   13 38089.0002 38126.0000  0.10%   4.5  937s
 1846193 549552 38107.7853  278   11 38089.0002 38126.0000  0.10%   4.5  942s
 1862075 550714     cutoff  281      38089.0002 38126.0000  0.10%   4.5  945s
 1873121 552951 38113.8568  278   11 38089.0002 38126.0000  0.10%   4.5  950s
 1882420 554333 38102.5811  251    9 38089.0002 38126.0000  0.10%   4.5  955s
 1882584 556612     cutoff  252      38089.0002 38126.0000  0.10%   4.5  960s
 1903795 558717     cutoff  280      38089.0002 38126.0000  0.10%   4.5  968s
 1906702 559649     cutoff  254      38089.0002 38126.0000  0.10%   4.5  970s
 1912351 560747 38106.9179  258   11 38089.0002 38126.0000  0.10%   4.5  975s
 1922504 562654 38126.0000  253   13 38089.0002 38126.0000  0.10%   4.5  980s
 1933357 564494 38116.4589  252   11 38089.0002 38126.0000  0.10%   4.5  985s
 1944623 566208 38126.0000  272   13 38089.0002 38126.0000  0.10%   4.5  991s
 1950663 567731 38126.0000  264   15 38089.0002 38126.0000  0.10%   4.5  995s
 1960187 569081     cutoff  260      38089.0002 38126.0000  0.10%   4.5 1003s
 1964887 570150 38104.3158  277   10 38089.0002 38126.0000  0.10%   4.5 1006s
 1972607 571464     cutoff  254      38089.0002 38126.0000  0.10%   4.5 1010s
 1974474 573530     cutoff  247      38089.0002 38126.0000  0.10%   4.5 1017s
 1989998 574505 infeasible  269      38089.0002 38126.0000  0.10%   4.6 1020s
 1998940 576671 38126.0000  270   13 38089.0002 38126.0000  0.10%   4.6 1025s
 2011913 579548 38106.6299  272    8 38089.0002 38126.0000  0.10%   4.6 1031s
 2015937 580425 38114.7242  268   10 38089.0002 38126.0000  0.10%   4.6 1035s
 2023687 581943 38110.3874  254   12 38089.0002 38126.0000  0.10%   4.6 1040s
 2033027 583456 38119.0611  279   13 38089.0002 38126.0000  0.10%   4.6 1045s
 2042109 585313 38126.0000  253   14 38089.0002 38126.0000  0.10%   4.6 1050s
 2045820 585774 38099.1116  248   10 38089.0002 38126.0000  0.10%   4.6 1058s
 2048283 586726     cutoff  248      38089.0002 38126.0000  0.10%   4.6 1060s
 2057673 588636     cutoff  254      38089.0002 38126.0000  0.10%   4.6 1066s
 2067223 591002 38126.0000  252   15 38089.0002 38126.0000  0.10%   4.6 1070s
 2076517 592287     cutoff  256      38089.0002 38126.0000  0.10%   4.6 1077s
 2082346 593583 38126.0000  266   12 38089.0002 38126.0000  0.10%   4.6 1080s
 2093537 595525 38126.0000  241   15 38089.0002 38126.0000  0.10%   4.6 1085s
 2104629 597566     cutoff  261      38089.0002 38126.0000  0.10%   4.6 1090s
 2113835 599062 38126.0000  256   11 38089.0002 38126.0000  0.10%   4.6 1095s
 2123348 600598     cutoff  256      38089.0002 38126.0000  0.10%   4.6 1100s
 2130598 601826 infeasible  256      38089.0002 38126.0000  0.10%   4.6 1105s
 2141938 604154 38126.0000  244   16 38089.0002 38126.0000  0.10%   4.6 1110s
 2143980 606365 38107.7853  243   11 38089.0002 38126.0000  0.10%   4.6 1118s
 2157244 606830 38126.0000  237   15 38089.0002 38126.0000  0.10%   4.6 1120s
 2166713 608732     cutoff  254      38089.0002 38126.0000  0.10%   4.6 1125s
 2174133 609781 38126.0000  241   16 38089.0002 38126.0000  0.10%   4.6 1133s
 2174957 609787 38125.1326  280   13 38089.0002 38126.0000  0.10%   4.6 1136s
 2182777 611825     cutoff  273      38089.0002 38126.0000  0.10%   4.6 1140s
 2192284 614141 38126.0000  263   14 38089.0002 38126.0000  0.10%   4.6 1145s
 2203578 617127 38126.0000  258   12 38089.0002 38126.0000  0.10%   4.6 1150s
 2209089 618161 38126.0000  272   12 38089.0002 38126.0000  0.10%   4.6 1155s
 2212825 620000 38126.0000  244   14 38089.0002 38126.0000  0.10%   4.6 1160s
 2220101 621673 38097.3768  269   10 38089.0002 38126.0000  0.10%   4.6 1166s
 2226157 622868 infeasible  264      38089.0002 38126.0000  0.10%   4.6 1170s
 2232045 623626 38126.0000  253   13 38089.0002 38126.0000  0.10%   4.6 1175s
 2237884 625287 38111.2547  254   12 38089.0002 38126.0000  0.10%   4.6 1180s
 2243819 626111     cutoff  276      38089.0002 38126.0000  0.10%   4.6 1185s
 2249486 627475 38126.0000  253   16 38089.0002 38126.0000  0.10%   4.6 1191s
 2254019 628645 38126.0000  263   13 38089.0002 38126.0000  0.10%   4.6 1195s
 2265159 631250 38097.3768  242   12 38089.0002 38126.0000  0.10%   4.6 1200s
 2279539 633699     cutoff  269      38089.0002 38126.0000  0.10%   4.6 1206s
 2285340 635093 38098.2442  263   11 38089.0002 38126.0000  0.10%   4.6 1210s
 2298058 638091 38093.9074  262   12 38089.0002 38126.0000  0.10%   4.6 1215s
 2307672 640816 38106.9179  263    9 38089.0002 38126.0000  0.10%   4.6 1220s
 2309649 643540 38112.9895  250   11 38089.0002 38126.0000  0.10%   4.6 1226s
 2321661 643586 38125.1326  252   13 38089.0002 38126.0000  0.10%   4.6 1236s
 2330972 645652 infeasible  273      38089.0002 38126.0000  0.10%   4.6 1242s
 2339223 647947 infeasible  263      38089.0002 38126.0000  0.10%   4.6 1245s
 2354948 651826 38119.0611  264   11 38089.0002 38126.0000  0.10%   4.6 1250s
 2358700 652868 38100.4667  267   11 38089.0002 38126.0000  0.10%   4.6 1255s
 2369426 655468 38126.0000  248   12 38089.0002 38126.0000  0.10%   4.6 1260s
 2380645 658425     cutoff  280      38089.0002 38126.0000  0.10%   4.6 1265s
 2389717 660582     cutoff  265      38089.0002 38126.0000  0.10%   4.6 1270s
 2401988 664566 38125.1326  242   11 38089.0002 38126.0000  0.10%   4.6 1275s
 2406234 665760 38126.0000  279   12 38089.0002 38126.0000  0.10%   4.6 1280s
 2416526 667978 38096.5095  254   12 38089.0002 38126.0000  0.10%   4.6 1286s
 2422284 669884 38120.7958  248   12 38089.0002 38126.0000  0.10%   4.6 1290s
 2433055 672745 38126.0000  285   14 38089.0002 38126.0000  0.10%   4.6 1295s
 2446480 676543     cutoff  261      38089.0002 38126.0000  0.10%   4.6 1300s
 2452106 678286 38123.3979  236   11 38089.0002 38126.0000  0.10%   4.6 1305s
 2465646 682297     cutoff  283      38089.0002 38126.0000  0.10%   4.6 1310s
 2471127 683603 38126.0000  261   13 38089.0002 38126.0000  0.10%   4.6 1315s
 2479423 686679 38126.0000  253   13 38089.0002 38126.0000  0.10%   4.6 1321s
 2483447 688270     cutoff  265      38089.0002 38126.0000  0.10%   4.6 1326s
 2489274 689959 38126.0000  249   13 38089.0002 38126.0000  0.10%   4.6 1330s
 2502456 693940 38126.0000  250   13 38089.0002 38126.0000  0.10%   4.6 1335s
 2510832 696053 infeasible  254      38089.0002 38126.0000  0.10%   4.7 1340s
 2520153 700001 38106.0505  275   13 38089.0002 38126.0000  0.10%   4.7 1345s
 2525603 701421 38106.9179  271   12 38089.0002 38126.0000  0.10%   4.7 1350s
 2533976 705174     cutoff  256      38089.0002 38126.0000  0.10%   4.7 1355s
 2543485 708035     cutoff  251      38089.0002 38126.0000  0.10%   4.7 1361s
 2552738 712347 38125.1326  252   12 38089.0002 38126.0000  0.10%   4.7 1365s
 2564260 717123     cutoff  265      38089.0002 38126.0000  0.10%   4.7 1370s
 2575223 721165 38125.1326  269   12 38089.0002 38126.0000  0.10%   4.7 1376s
 2580870 722665 38122.5305  225   11 38089.0002 38126.0000  0.10%   4.7 1381s
 2586012 725926     cutoff  259      38089.0002 38126.0000  0.10%   4.7 1385s
 2595697 729004     cutoff  275      38089.0002 38126.0000  0.10%   4.7 1393s
 2600954 731631     cutoff  261      38089.0002 38126.0000  0.10%   4.7 1395s
 2608609 733989     cutoff  279      38089.0002 38126.0000  0.10%   4.7 1401s
 2617700 738827 38120.7958  280   12 38089.0002 38126.0000  0.10%   4.7 1405s
 2627089 742479     cutoff  251      38089.0002 38126.0000  0.10%   4.7 1410s
 2636241 744845 38126.0000  276   11 38089.0002 38126.0000  0.10%   4.7 1417s
 2636892 744950 38094.7747  272   10 38089.0002 38126.0000  0.10%   4.7 1420s
 2647203 747915 38126.0000  241   15 38089.0002 38126.0000  0.10%   4.7 1425s
 2658621 750414     cutoff  288      38089.0002 38126.0000  0.10%   4.7 1430s
 2666358 751137 38126.0000  268   12 38089.0002 38126.0000  0.10%   4.7 1437s
 2670097 752143 38126.0000  271   15 38089.0002 38126.0000  0.10%   4.7 1440s
 2681313 754209     cutoff  277      38089.0002 38126.0000  0.10%   4.7 1445s
 2685081 754953 38126.0000  270    9 38089.0002 38126.0000  0.10%   4.7 1450s
 2696050 757363 38126.0000  274   16 38089.0002 38126.0000  0.10%   4.7 1455s
 2707430 759438 38096.9448  248   11 38089.0002 38126.0000  0.10%   4.7 1460s
 2714616 760302     cutoff  278      38089.0002 38126.0000  0.10%   4.7 1467s
 2714982 760328 38126.0000  268   14 38089.0002 38126.0000  0.10%   4.7 1470s
 2724864 761795 38126.0000  263   14 38089.0002 38126.0000  0.10%   4.7 1475s
 2734335 763816 38126.0000  272   16 38089.0002 38126.0000  0.10%   4.7 1480s
 2743638 765292 38126.0000  283   15 38089.0002 38126.0000  0.10%   4.7 1485s
 2747429 765731     cutoff  272      38089.0002 38126.0000  0.10%   4.7 1490s
 2760685 767531     cutoff  288      38089.0002 38126.0000  0.10%   4.7 1495s
 2771754 769234 38126.0000  276   14 38089.0002 38126.0000  0.10%   4.7 1500s
 2777422 770074     cutoff  272      38089.0002 38126.0000  0.10%   4.7 1506s
 2788239 771732 38126.0000  270   15 38089.0002 38126.0000  0.10%   4.7 1510s
 2801506 773649     cutoff  279      38089.0002 38126.0000  0.10%   4.7 1515s
 2805380 774066     cutoff  272      38089.0002 38126.0000  0.10%   4.7 1525s
 2813358 775557     cutoff  264      38089.0002 38126.0000  0.10%   4.7 1530s
 2824449 777204     cutoff  285      38089.0002 38126.0000  0.10%   4.7 1536s
 2831766 778346 38126.0000  272   14 38089.0002 38126.0000  0.10%   4.7 1540s
 2831809 780549     cutoff  273      38089.0002 38126.0000  0.10%   4.7 1545s
 2850950 781998     cutoff  281      38089.0002 38126.0000  0.10%   4.7 1550s
 2861910 783858     cutoff  264      38089.0002 38126.0000  0.10%   4.7 1555s
 2867722 784807 38126.0000  275   12 38089.0002 38126.0000  0.10%   4.7 1560s
 2876808 786374     cutoff  282      38089.0002 38126.0000  0.10%   4.7 1565s
 2888267 788247 38126.0000  287   12 38089.0002 38126.0000  0.10%   4.7 1570s
 2890238 788729 infeasible  288      38089.0002 38126.0000  0.10%   4.7 1575s
 2903053 790874     cutoff  286      38089.0002 38126.0000  0.10%   4.7 1580s
 2912413 792234     cutoff  280      38089.0002 38126.0000  0.10%   4.7 1585s
 2918102 792974 38126.0000  271   14 38089.0002 38126.0000  0.10%   4.7 1590s
 2921943 793295     cutoff  282      38089.0002 38126.0000  0.10%   4.7 1596s
 2930033 794714 38126.0000  280   14 38089.0002 38126.0000  0.10%   4.7 1600s
 2939011 796097 38114.7242  274   12 38089.0002 38126.0000  0.10%   4.7 1605s
 2944766 796992 38126.0000  268   15 38089.0002 38126.0000  0.10%   4.7 1610s
 2955685 798524 38107.7853  273   11 38089.0002 38126.0000  0.10%   4.7 1615s
 2967235 800015 38126.0000  273   12 38089.0002 38126.0000  0.10%   4.7 1620s
 2972918 800673     cutoff  289      38089.0002 38126.0000  0.10%   4.7 1625s
 2983881 802272 38112.9895  275   10 38089.0002 38126.0000  0.10%   4.7 1631s
 2995201 803712 38105.7494  282   12 38089.0002 38126.0000  0.10%   4.7 1635s
 3002522 804608     cutoff  271      38089.0002 38126.0000  0.10%   4.7 1641s
 3004973 804983 38107.7853  272   11 38089.0002 38126.0000  0.10%   4.7 1647s
 3012585 806244 38125.1326  263   10 38089.0002 38126.0000  0.10%   4.7 1650s
 3024101 808235 38126.0000  260   15 38089.0002 38126.0000  0.10%   4.7 1655s
 3032077 809457     cutoff  277      38089.0002 38126.0000  0.10%   4.7 1660s
 3044743 811589 38125.1326  270   12 38089.0002 38126.0000  0.10%   4.7 1665s
 3055936 813683 38126.0000  276   15 38089.0002 38126.0000  0.10%   4.7 1670s
 3061969 814819     cutoff  284      38089.0002 38126.0000  0.10%   4.7 1675s
 3071680 816357 38105.1832  265    8 38089.0002 38126.0000  0.10%   4.7 1680s
 3077947 817671 38091.9763  277   10 38089.0002 38126.0000  0.10%   4.7 1685s
 3086759 818670 38106.0505  276   12 38089.0002 38126.0000  0.10%   4.7 1691s
 3094860 820200 infeasible  289      38089.0002 38126.0000  0.10%   4.7 1695s
 3105863 822038     cutoff  279      38089.0002 38126.0000  0.10%   4.7 1700s
 3115051 823430 38126.0000  263   14 38089.0002 38126.0000  0.10%   4.7 1706s
 3121760 825012 38126.0000  276   13 38089.0002 38126.0000  0.10%   4.7 1710s
 3131312 827163 38126.0000  271   12 38089.0002 38126.0000  0.10%   4.7 1715s
 3136058 828243 38126.0000  276   16 38089.0002 38126.0000  0.10%   4.7 1720s
 3140297 828709 38091.3053  287    7 38089.0002 38126.0000  0.10%   4.7 1725s
 3144759 830112 38126.0000  277   13 38089.0002 38126.0000  0.10%   4.7 1730s
 3154604 832098 38126.0000  269   13 38089.0002 38126.0000  0.10%   4.7 1735s
 3164001 834110 38126.0000  255   14 38089.0002 38126.0000  0.10%   4.7 1740s
 3173663 836350 38126.0000  277   13 38089.0002 38126.0000  0.10%   4.7 1745s
 3177492 836935 38092.5425  268   11 38089.0002 38126.0000  0.10%   4.7 1750s
 3180076 837590 38099.9789  281   11 38089.0002 38126.0000  0.10%   4.7 1755s
 3188028 839056 38122.5305  285   10 38089.0002 38126.0000  0.10%   4.7 1760s
 3197281 840948 38090.4379  292   10 38089.0002 38126.0000  0.10%   4.7 1765s
 3206828 842864     cutoff  263      38089.0002 38126.0000  0.10%   4.7 1770s
 3212642 844015     cutoff  268      38089.0002 38126.0000  0.10%   4.7 1775s
 3220227 845308     cutoff  270      38089.0002 38126.0000  0.10%   4.7 1780s
 3231394 847563 38099.9789  268   10 38089.0002 38126.0000  0.10%   4.7 1787s
 3235574 848892 38126.0000  254   11 38089.0002 38126.0000  0.10%   4.7 1790s
 3243303 850342     cutoff  269      38089.0002 38126.0000  0.10%   4.7 1795s
 3247760 851270 38126.0000  277   11 38089.0002 38126.0000  0.10%   4.7 1800s
 3258012 853206     cutoff  264      38089.0002 38126.0000  0.10%   4.7 1805s
 3267770 855262 38126.0000  262   14 38089.0002 38126.0000  0.10%   4.7 1811s
 3275362 856690 38126.0000  261   14 38089.0002 38126.0000  0.10%   4.7 1815s
 3279104 857460 38126.0000  269   14 38089.0002 38126.0000  0.10%   4.7 1820s
 3288716 859435     cutoff  279      38089.0002 38126.0000  0.10%   4.7 1825s
 3298064 861397     cutoff  271      38089.0002 38126.0000  0.10%   4.7 1831s
 3301846 861989     cutoff  265      38089.0002 38126.0000  0.10%   4.7 1835s
 3307159 863426 38126.0000  266   13 38089.0002 38126.0000  0.10%   4.7 1840s
 3311429 864293     cutoff  261      38089.0002 38126.0000  0.10%   4.7 1845s
 3323342 866580 38126.0000  276   12 38089.0002 38126.0000  0.10%   4.7 1850s
 3330640 867977     cutoff  265      38089.0002 38126.0000  0.10%   4.7 1855s
 3342047 870161     cutoff  273      38089.0002 38126.0000  0.10%   4.7 1860s
 3347430 871092 38126.0000  272   13 38089.0002 38126.0000  0.10%   4.7 1865s
 3356749 872766 38126.0000  275   14 38089.0002 38126.0000  0.10%   4.7 1871s
 3364564 874054     cutoff  277      38089.0002 38126.0000  0.10%   4.7 1875s
 3369021 875019 38126.0000  259   13 38089.0002 38126.0000  0.10%   4.7 1880s
 3374905 875583 38121.6632  268   11 38089.0002 38126.0000  0.10%   4.7 1885s
 3380606 876766     cutoff  267      38089.0002 38126.0000  0.10%   4.7 1890s
 3391870 878746 38102.5811  276   12 38089.0002 38126.0000  0.10%   4.7 1895s
 3401291 880410 38117.3263  266   11 38089.0002 38126.0000  0.10%   4.7 1900s
 3408728 881686     cutoff  276      38089.0002 38126.0000  0.10%   4.7 1905s
 3412621 882531     cutoff  284      38089.0002 38126.0000  0.10%   4.7 1910s
 3425215 884918 38119.0611  267   10 38089.0002 38126.0000  0.10%   4.7 1915s
 3429759 886924     cutoff  271      38089.0002 38126.0000  0.10%   4.7 1921s
 3444890 889015 38126.0000  258   14 38089.0002 38126.0000  0.10%   4.7 1925s
 3447023 891295 38126.0000  275   11 38089.0002 38126.0000  0.10%   4.7 1932s
 3464933 892698 38126.0000  278   10 38089.0002 38126.0000  0.10%   4.7 1935s
 3476289 894481 38107.7853  264   11 38089.0002 38126.0000  0.10%   4.7 1940s
 3478077 894603 38116.4589  267   12 38089.0002 38126.0000  0.10%   4.7 1945s
 3490127 896997 38125.1326  296   12 38089.0002 38126.0000  0.10%   4.7 1950s
 3501047 899164 38126.0000  275   14 38089.0002 38126.0000  0.10%   4.7 1955s
 3504983 899829 38126.0000  272   12 38089.0002 38126.0000  0.10%   4.7 1960s
 3516702 901977 38124.2653  280   13 38089.0002 38126.0000  0.10%   4.7 1965s
 3529736 904169     cutoff  275      38089.0002 38126.0000  0.10%   4.7 1970s
 3541062 905844 38126.0000  261   14 38089.0002 38126.0000  0.10%   4.7 1975s
 3543865 906415 38099.9789  250    8 38089.0002 38126.0000  0.10%   4.7 1980s
 3555937 907954     cutoff  284      38089.0002 38126.0000  0.10%   4.7 1985s
 3566995 909478 38126.0000  279   14 38089.0002 38126.0000  0.10%   4.7 1990s
 3572435 909921     cutoff  283      38089.0002 38126.0000  0.10%   4.7 1996s
 3579881 911010 38093.0400  264   13 38089.0002 38126.0000  0.10%   4.7 2000s
 3585899 911784 38126.0000  278   15 38089.0002 38126.0000  0.10%   4.7 2005s
 3599460 913912     cutoff  272      38089.0002 38126.0000  0.10%   4.7 2010s
 3605022 914826     cutoff  286      38089.0002 38126.0000  0.10%   4.7 2016s
 3614456 916248 38126.0000  262   14 38089.0002 38126.0000  0.10%   4.7 2020s
 3627456 918101 38126.0000  280   12 38089.0002 38126.0000  0.10%   4.7 2025s
 3637071 919328 38126.0000  262   16 38089.0002 38126.0000  0.10%   4.7 2032s
 3640841 920367     cutoff  265      38089.0002 38126.0000  0.10%   4.7 2035s
 3650454 922189 38094.3034  267   12 38089.0002 38126.0000  0.10%   4.7 2045s
 3658630 924147 38106.9179  261   11 38089.0002 38126.0000  0.10%   4.7 2050s
 3666888 925205     cutoff  268      38089.0002 38126.0000  0.10%   4.7 2057s
 3666991 927125 38125.1326  255   12 38089.0002 38126.0000  0.10%   4.7 2061s
 3682262 927876 38095.6421  259   11 38089.0002 38126.0000  0.10%   4.7 2065s
 3693778 929700     cutoff  286      38089.0002 38126.0000  0.10%   4.7 2071s
 3701115 930610 infeasible  267      38089.0002 38126.0000  0.10%   4.7 2076s
 3708724 932305     cutoff  254      38089.0002 38126.0000  0.10%   4.7 2081s
 3718043 934951 38126.0000  265   13 38089.0002 38126.0000  0.10%   4.7 2085s
 3727773 937503 38125.1326  257   12 38089.0002 38126.0000  0.10%   4.7 2091s
 3737078 939412 38122.5305  265   11 38089.0002 38126.0000  0.10%   4.7 2097s
 3741061 940517     cutoff  273      38089.0002 38126.0000  0.10%   4.7 2102s
 3747295 942371 infeasible  264      38089.0002 38126.0000  0.10%   4.7 2105s
 3756795 944514 38102.5811  264   11 38089.0002 38126.0000  0.10%   4.7 2110s
 3766296 946262     cutoff  268      38089.0002 38126.0000  0.10%   4.7 2116s
 3773802 948362 38097.3768  274   11 38089.0002 38126.0000  0.10%   4.7 2120s
 3783319 950300     cutoff  277      38089.0002 38126.0000  0.10%   4.7 2125s
 3794757 952815 38126.0000  263   16 38089.0002 38126.0000  0.10%   4.7 2130s
 3802362 954475 38119.0611  267   13 38089.0002 38126.0000  0.10%   4.7 2135s
 3807947 955757 infeasible  272      38089.0002 38126.0000  0.10%   4.7 2140s
 3819429 958628     cutoff  285      38089.0002 38126.0000  0.10%   4.7 2146s
 3827135 960518     cutoff  258      38089.0002 38126.0000  0.10%   4.7 2150s
 3838481 963561 38106.0505  261   11 38089.0002 38126.0000  0.10%   4.7 2155s
 3840441 963678 38125.1326  256   12 38089.0002 38126.0000  0.10%   4.7 2160s
 3841350 964678 38126.0000  253   14 38089.0002 38126.0000  0.10%   4.7 2165s
 3851900 967014 38090.4379  258   11 38089.0002 38126.0000  0.10%   4.7 2170s
 3860210 968793     cutoff  265      38089.0002 38126.0000  0.10%   4.7 2175s
 3869700 970822 38100.8463  265   11 38089.0002 38126.0000  0.10%   4.7 2181s
 3871629 971064 38118.1937  268   10 38089.0002 38126.0000  0.10%   4.7 2185s
 3880723 973164     cutoff  258      38089.0002 38126.0000  0.10%   4.7 2191s
 3886504 974537 38105.1832  253   13 38089.0002 38126.0000  0.10%   4.7 2195s
 3896185 976538 38125.1326  259   12 38089.0002 38126.0000  0.10%   4.7 2201s
 3903918 978063 38126.0000  267   13 38089.0002 38126.0000  0.10%   4.7 2205s
 3916094 980094 38125.1326  267   13 38089.0002 38126.0000  0.10%   4.7 2213s
 3917844 980838     cutoff  268      38089.0002 38126.0000  0.10%   4.7 2215s
 3923342 981594 38112.9895  272   10 38089.0002 38126.0000  0.10%   4.7 2221s
 3929654 983043     cutoff  269      38089.0002 38126.0000  0.10%   4.7 2225s
 3939094 984831 38125.1326  264   12 38089.0002 38126.0000  0.10%   4.7 2230s
 3948523 986323 38111.2547  266   12 38089.0002 38126.0000  0.10%   4.7 2236s
 3950397 986733     cutoff  273      38089.0002 38126.0000  0.10%   4.7 2240s
 3950884 988781     cutoff  271      38089.0002 38126.0000  0.10%   4.7 2245s
 3968339 990296 38125.1326  262   12 38089.0002 38126.0000  0.10%   4.7 2250s
 3979716 992510 38122.5305  256   12 38089.0002 38126.0000  0.10%   4.6 2255s
 3983760 993119 38126.0000  273   11 38089.0002 38126.0000  0.10%   4.6 2260s
 3996976 995562 38114.7242  272   13 38089.0002 38126.0000  0.10%   4.6 2265s
 4008129 997586 38111.2547  277   11 38089.0002 38126.0000  0.10%   4.6 2270s
 4010484 998011 38126.0000  262   11 38089.0002 38126.0000  0.10%   4.6 2275s
 4016873 998826     cutoff  266      38089.0002 38126.0000  0.10%   4.6 2281s
 4023946 1000365 38126.0000  266   12 38089.0002 38126.0000  0.10%   4.6 2285s
 4035210 1002291     cutoff  257      38089.0002 38126.0000  0.10%   4.6 2290s
 4046147 1004244 38121.6632  280   11 38089.0002 38126.0000  0.10%   4.6 2295s
 4053549 1005215 38126.0000  256   13 38089.0002 38126.0000  0.10%   4.6 2300s
 4063310 1007591 38098.2442  265   10 38089.0002 38126.0000  0.10%   4.6 2305s
 4072109 1009239     cutoff  265      38089.0002 38126.0000  0.10%   4.6 2313s
 4076963 1010502     cutoff  275      38089.0002 38126.0000  0.10%   4.6 2315s
 4086417 1012088 38126.0000  250   14 38089.0002 38126.0000  0.10%   4.6 2321s
 4093644 1013813 38097.3768  266    8 38089.0002 38126.0000  0.10%   4.6 2326s
 4103028 1015957 38126.0000  249   15 38089.0002 38126.0000  0.10%   4.6 2330s
 4112314 1017742     cutoff  274      38089.0002 38126.0000  0.10%   4.6 2335s
 4120029 1018993     cutoff  272      38089.0002 38126.0000  0.10%   4.6 2344s
 4120298 1019040 38126.0000  258   15 38089.0002 38126.0000  0.10%   4.6 2346s
 4126959 1020878 38126.0000  266   16 38089.0002 38126.0000  0.10%   4.6 2350s
 4138694 1023318     cutoff  260      38089.0002 38126.0000  0.10%   4.6 2355s
 4149721 1025101 38126.0000  257   15 38089.0002 38126.0000  0.10%   4.6 2362s
 4153602 1026055     cutoff  267      38089.0002 38126.0000  0.10%   4.6 2365s
 4163014 1027732 38107.7853  274   15 38089.0002 38126.0000  0.10%   4.6 2370s
 4174032 1029563 38109.5200  282   11 38089.0002 38126.0000  0.10%   4.6 2375s
 4179508 1030481 38126.0000  279   14 38089.0002 38126.0000  0.10%   4.6 2380s
 4191310 1032858 38126.0000  258   12 38089.0002 38126.0000  0.10%   4.6 2386s
 4200581 1036167 38125.1326  240   11 38089.0002 38126.0000  0.10%   4.6 2390s
 4208155 1038468     cutoff  253      38089.0002 38126.0000  0.10%   4.6 2395s
 4210189 1041442 38126.0000  264   10 38089.0002 38126.0000  0.10%   4.6 2404s
 4217196 1041442 38126.0000  242   11 38089.0002 38126.0000  0.10%   4.6 2405s
 4222915 1042029     cutoff  249      38089.0002 38126.0000  0.10%   4.6 2410s
 4231203 1043689 38126.0000  246   14 38089.0002 38126.0000  0.10%   4.6 2415s
 4242491 1045898 38117.3263  257    8 38089.0002 38126.0000  0.10%   4.6 2420s
 4248347 1046668     cutoff  256      38089.0002 38126.0000  0.10%   4.6 2425s
 4248704 1049327     cutoff  256      38089.0002 38126.0000  0.10%   4.6 2431s
 4264567 1050689 38126.0000  254   14 38089.0002 38126.0000  0.10%   4.6 2435s
 4274402 1052498 38126.0000  250   13 38089.0002 38126.0000  0.10%   4.6 2440s
 4278775 1053202     cutoff  244      38089.0002 38126.0000  0.10%   4.6 2446s
 4287393 1055332 infeasible  262      38089.0002 38126.0000  0.10%   4.6 2450s
 4296558 1057009 38126.0000  245   15 38089.0002 38126.0000  0.10%   4.6 2455s
 4309807 1059026 38126.0000  246   12 38089.0002 38126.0000  0.10%   4.6 2462s
 4311879 1059663 38118.1937  258    9 38089.0002 38126.0000  0.10%   4.6 2465s
 4319848 1060978 38126.0000  256   12 38089.0002 38126.0000  0.10%   4.6 2470s
 4333201 1063162     cutoff  257      38089.0002 38126.0000  0.10%   4.6 2475s
 4337070 1063576     cutoff  257      38089.0002 38126.0000  0.10%   4.6 2480s
 4341513 1064527 38126.0000  255   12 38089.0002 38126.0000  0.10%   4.6 2485s
 4352495 1066495 38126.0000  249   14 38089.0002 38126.0000  0.10%   4.6 2490s
 4365850 1068879 38126.0000  255   11 38089.0002 38126.0000  0.10%   4.6 2496s
 4371337 1070056     cutoff  242      38089.0002 38126.0000  0.10%   4.6 2500s
 4382254 1072337 38126.0000  247   14 38089.0002 38126.0000  0.10%   4.6 2505s
 4395479 1074940     cutoff  245      38089.0002 38126.0000  0.10%   4.6 2510s
 4403148 1075952 38126.0000  252   12 38089.0002 38126.0000  0.10%   4.6 2515s
 4412495 1077688 38126.0000  262   10 38089.0002 38126.0000  0.10%   4.6 2520s
 4418314 1078405     cutoff  258      38089.0002 38126.0000  0.10%   4.6 2525s
 4427595 1080543     cutoff  269      38089.0002 38126.0000  0.10%   4.6 2530s
 4435071 1081862     cutoff  259      38089.0002 38126.0000  0.10%   4.6 2535s
 4446375 1083758 38126.0000  242   14 38089.0002 38126.0000  0.10%   4.6 2540s
 4457822 1085612     cutoff  249      38089.0002 38126.0000  0.10%   4.6 2546s
 4463164 1086429 38117.3263  244    9 38089.0002 38126.0000  0.10%   4.6 2551s
 4472186 1088292 38125.1326  251   10 38089.0002 38126.0000  0.10%   4.6 2555s
 4483540 1090262 38114.7242  256   11 38089.0002 38126.0000  0.10%   4.6 2560s
 4489190 1091608 38091.3053  255    8 38089.0002 38126.0000  0.10%   4.6 2565s
 4500382 1093593 38117.1954  256   11 38089.0002 38126.0000  0.10%   4.6 2570s
 4509612 1095293 38091.6621  261   13 38089.0002 38126.0000  0.10%   4.6 2577s
 4510191 1097210 38111.2547  251    8 38089.0002 38126.0000  0.10%   4.6 2581s
 4522301 1097556 38126.0000  252   10 38089.0002 38126.0000  0.10%   4.6 2586s
 4532256 1099226 38123.3586  249   10 38089.0002 38126.0000  0.10%   4.6 2590s
 4543461 1101587 38125.1326  254    9 38089.0002 38126.0000  0.10%   4.6 2595s
 4551344 1103148 38118.0759  259    8 38089.0002 38126.0000  0.10%   4.6 2600s
 4565333 1105798 38126.0000  249   13 38089.0002 38126.0000  0.10%   4.6 2605s
 4576347 1107767     cutoff  251      38089.0002 38126.0000  0.10%   4.6 2610s
 4581658 1108767 38121.6632  252   11 38089.0002 38126.0000  0.10%   4.6 2615s
 4591142 1110855 38126.0000  258   11 38089.0002 38126.0000  0.10%   4.6 2620s
 4604546 1113251     cutoff  254      38089.0002 38126.0000  0.10%   4.6 2625s
 4613731 1115067 38105.7494  248    7 38089.0002 38126.0000  0.10%   4.6 2631s
 4617916 1115889 38099.1116  246   10 38089.0002 38126.0000  0.10%   4.6 2635s
 4628309 1117966     cutoff  248      38089.0002 38126.0000  0.10%   4.6 2640s
 4641514 1120752 38126.0000  243   13 38089.0002 38126.0000  0.10%   4.6 2645s
 4646888 1121901 38118.1937  250   11 38089.0002 38126.0000  0.10%   4.6 2650s
 4661829 1124961 38126.0000  250   15 38089.0002 38126.0000  0.10%   4.6 2655s
 4667423 1125716 38113.8568  257   11 38089.0002 38126.0000  0.10%   4.6 2662s
 4669547 1126127 38118.1937  258    7 38089.0002 38126.0000  0.10%   4.6 2665s
 4679566 1128361 38126.0000  247   14 38089.0002 38126.0000  0.10%   4.6 2670s
 4693882 1130809 38113.8568  247   11 38089.0002 38126.0000  0.10%   4.6 2675s
 4703402 1132001     cutoff  255      38089.0002 38126.0000  0.10%   4.6 2681s
 4714321 1133619 38126.0000  249   14 38089.0002 38126.0000  0.10%   4.6 2685s
 4729453 1136074 38118.1937  252   10 38089.0002 38126.0000  0.10%   4.6 2690s
 4744371 1138444 38126.0000  251   15 38089.0002 38126.0000  0.10%   4.6 2697s
 4749956 1139598     cutoff  259      38089.0002 38126.0000  0.10%   4.6 2700s
 4761290 1141369 infeasible  266      38089.0002 38126.0000  0.10%   4.6 2705s
 4774565 1143414 38126.0000  250   12 38089.0002 38126.0000  0.10%   4.6 2710s
 4781865 1144860 38126.0000  253   12 38089.0002 38126.0000  0.10%   4.6 2715s
 4793366 1147151     cutoff  254      38089.0002 38126.0000  0.10%   4.6 2720s
 4814582 1149498     cutoff  254      38089.0002 38126.0000  0.10%   4.6 2726s
 4823467 1150797 38126.0000  250   14 38089.0002 38126.0000  0.10%   4.6 2730s
 4832926 1151953 38126.0000  246   14 38089.0002 38126.0000  0.10%   4.6 2739s
 4835418 1152626     cutoff  254      38089.0002 38126.0000  0.10%   4.6 2741s
 4843873 1155131 38126.0000  250   10 38089.0002 38126.0000  0.10%   4.6 2749s
 4855885 1155371 38092.1726  252   11 38089.0002 38126.0000  0.10%   4.6 2750s
 4867272 1157538 38126.0000  246   12 38089.0002 38126.0000  0.10%   4.6 2755s
 4876612 1158754 38091.3053  242   12 38089.0002 38126.0000  0.10%   4.6 2760s
 4886734 1160837     cutoff  254      38089.0002 38126.0000  0.10%   4.6 2765s
 4899350 1163517     cutoff  249      38089.0002 38126.0000  0.10%   4.6 2770s
 4908717 1164975 38106.0505  246   11 38089.0002 38126.0000  0.10%   4.6 2777s
 4914408 1166355 38126.0000  257   10 38089.0002 38126.0000  0.10%   4.6 2780s
 4923903 1168003     cutoff  253      38089.0002 38126.0000  0.10%   4.6 2785s
 4935869 1169822 38125.1326  255   11 38089.0002 38126.0000  0.10%   4.6 2790s
 4945293 1171194 38108.6526  253    9 38089.0002 38126.0000  0.10%   4.6 2796s
 4947279 1171467 38126.0000  250    9 38089.0002 38126.0000  0.10%   4.6 2809s
 4949129 1172086     cutoff  245      38089.0002 38126.0000  0.10%   4.6 2810s
 4956955 1173129 38119.0611  259    9 38089.0002 38126.0000  0.10%   4.6 2815s
 4967990 1174831 38119.8368  260    6 38089.0002 38126.0000  0.10%   4.6 2820s
 4975813 1176167     cutoff  259      38089.0002 38126.0000  0.10%   4.6 2825s
 4988867 1178081     cutoff  252      38089.0002 38126.0000  0.10%   4.6 2830s
 5001866 1180295     cutoff  258      38089.0002 38126.0000  0.10%   4.6 2837s
 5007858 1181741 38126.0000  249   12 38089.0002 38126.0000  0.10%   4.6 2840s
 5020773 1183884     cutoff  255      38089.0002 38126.0000  0.10%   4.6 2845s
 5030158 1187138     cutoff  251      38089.0002 38126.0000  0.10%   4.5 2854s
 5042170 1187317 38126.0000  248   12 38089.0002 38126.0000  0.10%   4.5 2855s
 5057777 1189316     cutoff  254      38089.0002 38126.0000  0.10%   4.5 2860s
 5067993 1190279 38126.0000  246   12 38089.0002 38126.0000  0.10%   4.5 2865s
 5080210 1192803 38121.6632  255    9 38089.0002 38126.0000  0.10%   4.5 2871s
 5096322 1195296     cutoff  250      38089.0002 38126.0000  0.10%   4.5 2875s
 5100561 1195597 38126.0000  254   10 38089.0002 38126.0000  0.10%   4.5 2880s
 5112017 1197559     cutoff  253      38089.0002 38126.0000  0.10%   4.5 2885s
 5127093 1200030     cutoff  260      38089.0002 38126.0000  0.10%   4.5 2890s
 5135019 1201490 38112.7931  265    6 38089.0002 38126.0000  0.10%   4.5 2895s
 5151915 1203900     cutoff  266      38089.0002 38126.0000  0.10%   4.5 2900s
 5161311 1205340 38126.0000  250   14 38089.0002 38126.0000  0.10%   4.5 2905s
 5169702 1206481 38126.0000  265   16 38089.0002 38126.0000  0.10%   4.5 2910s
 5184934 1208769     cutoff  254      38089.0002 38126.0000  0.10%   4.5 2915s
 5194966 1210136 38126.0000  262   12 38089.0002 38126.0000  0.10%   4.5 2920s
 5209786 1212239     cutoff  266      38089.0002 38126.0000  0.10%   4.5 2925s
 5215942 1213722     cutoff  253      38089.0002 38126.0000  0.10%   4.5 2932s
 5222325 1213743     cutoff  248      38089.0002 38126.0000  0.10%   4.5 2935s
 5233436 1215764 38106.0505  260   11 38089.0002 38126.0000  0.10%   4.5 2940s
 5246361 1217586 38120.7958  265   11 38089.0002 38126.0000  0.10%   4.5 2945s
 5257701 1219298 38126.0000  243   13 38089.0002 38126.0000  0.10%   4.5 2950s
 5265200 1220195 38126.0000  243   14 38089.0002 38126.0000  0.10%   4.5 2957s
 5271828 1221339     cutoff  261      38089.0002 38126.0000  0.10%   4.5 2960s
 5284972 1223320 38126.0000  256   12 38089.0002 38126.0000  0.10%   4.5 2965s
 5288776 1225422 38126.0000  245   13 38089.0002 38126.0000  0.10%   4.5 2972s
 5306428 1226496     cutoff  255      38089.0002 38126.0000  0.10%   4.5 2975s
 5319619 1228302     cutoff  250      38089.0002 38126.0000  0.10%   4.5 2985s
 5326069 1229497     cutoff  261      38089.0002 38126.0000  0.10%   4.5 2990s
 5339318 1231452 38126.0000  249   16 38089.0002 38126.0000  0.10%   4.5 2995s
 5347013 1233078 38126.0000  246   13 38089.0002 38126.0000  0.10%   4.5 3000s
 5360378 1235438 38094.3034  258    9 38089.0002 38126.0000  0.10%   4.5 3005s
 5376862 1238610 38099.9789  246    9 38089.0002 38126.0000  0.10%   4.5 3010s
 5380510 1240886     cutoff  245      38089.0002 38126.0000  0.10%   4.5 3018s
 5394097 1241515 38099.9789  263    8 38089.0002 38126.0000  0.10%   4.5 3020s
 5409413 1244070     cutoff  260      38089.0002 38126.0000  0.10%   4.5 3025s
 5420882 1245512     cutoff  251      38089.0002 38126.0000  0.10%   4.5 3030s
 5430428 1247660     cutoff  260      38089.0002 38126.0000  0.10%   4.5 3035s
 5438825 1249897 38126.0000  249   15 38089.0002 38126.0000  0.10%   4.5 3040s
 5452445 1251333     cutoff  253      38089.0002 38126.0000  0.10%   4.5 3048s
 5454573 1252099 38126.0000  240   12 38089.0002 38126.0000  0.10%   4.5 3050s
 5463990 1253718     cutoff  255      38089.0002 38126.0000  0.10%   4.5 3055s
 5477109 1256488 38105.7494  250    9 38089.0002 38126.0000  0.10%   4.5 3060s
 5482618 1257179 38126.0000  247   13 38089.0002 38126.0000  0.10%   4.5 3070s
 5489938 1258962     cutoff  255      38089.0002 38126.0000  0.10%   4.5 3075s
 5507386 1260853 38106.6299  262    9 38089.0002 38126.0000  0.10%   4.5 3080s
 5520339 1262013 38126.0000  256   14 38089.0002 38126.0000  0.10%   4.5 3086s
 5529578 1263890 38126.0000  262   13 38089.0002 38126.0000  0.10%   4.5 3090s
 5545129 1266071 38096.5095  254    8 38089.0002 38126.0000  0.10%   4.5 3095s
 5558493 1267416     cutoff  251      38089.0002 38126.0000  0.10%   4.5 3100s
 5574477 1269777     cutoff  257      38089.0002 38126.0000  0.10%   4.5 3108s
 5577117 1270291     cutoff  255      38089.0002 38126.0000  0.10%   4.5 3110s
 5590668 1272081 38106.0505  258   10 38089.0002 38126.0000  0.10%   4.5 3115s
 5602398 1274206 38126.0000  262    8 38089.0002 38126.0000  0.10%   4.5 3120s
 5613671 1275434 38093.9074  259   12 38089.0002 38126.0000  0.10%   4.5 3125s
 5626591 1277200 38126.0000  249   13 38089.0002 38126.0000  0.10%   4.5 3131s
 5637692 1279358     cutoff  251      38089.0002 38126.0000  0.10%   4.5 3135s
 5656847 1282649 38126.0000  256   13 38089.0002 38126.0000  0.10%   4.5 3140s
 5659362 1282750 38122.5305  259    9 38089.0002 38126.0000  0.10%   4.5 3145s
 5670827 1284917 38126.0000  245   12 38089.0002 38126.0000  0.10%   4.5 3150s
 5683995 1287144 38114.7242  259    9 38089.0002 38126.0000  0.10%   4.5 3155s
 5693507 1288770     cutoff  257      38089.0002 38126.0000  0.10%   4.5 3160s
 5706454 1290754     cutoff  246      38089.0002 38126.0000  0.10%   4.5 3165s
 5717707 1292311     cutoff  250      38089.0002 38126.0000  0.10%   4.5 3171s
 5721120 1292968 38121.6632  254    9 38089.0002 38126.0000  0.10%   4.5 3177s
 5724309 1293834 38112.9895  248   10 38089.0002 38126.0000  0.10%   4.5 3180s
 5730866 1294650 infeasible  255      38089.0002 38126.0000  0.10%   4.5 3186s
 5739138 1296528     cutoff  255      38089.0002 38126.0000  0.10%   4.5 3190s
 5748075 1298746 38126.0000  248   13 38089.0002 38126.0000  0.10%   4.5 3195s
 5754175 1300056     cutoff  262      38089.0002 38126.0000  0.10%   4.5 3200s
 5762585 1303097     cutoff  264      38089.0002 38126.0000  0.10%   4.5 3206s
 5768461 1304110     cutoff  271      38089.0002 38126.0000  0.10%   4.5 3210s
 5777566 1307564 38126.0000  281   14 38089.0002 38126.0000  0.10%   4.5 3215s
 5784944 1310340 38126.0000  253   16 38089.0002 38126.0000  0.10%   4.5 3220s
 5796104 1313492 38126.0000  251   12 38089.0002 38126.0000  0.10%   4.5 3227s
 5798554 1314965 38126.0000  261   12 38089.0002 38126.0000  0.10%   4.5 3230s
 5806390 1317675     cutoff  281      38089.0002 38126.0000  0.10%   4.5 3235s
 5808915 1318694 38126.0000  259   12 38089.0002 38126.0000  0.10%   4.5 3240s
 5818628 1321273 38126.0000  266   14 38089.0002 38126.0000  0.10%   4.5 3245s
 5826567 1324692 38126.0000  254   13 38089.0002 38126.0000  0.10%   4.5 3250s
 5835648 1328354 38126.0000  280   14 38089.0002 38126.0000  0.10%   4.5 3255s
 5843610 1331702 38126.0000  277   12 38089.0002 38126.0000  0.10%   4.5 3260s
 5849570 1337476 38112.9895  236   13 38089.0002 38126.0000  0.10%   4.5 3269s
 5855576 1337476 38096.5095  240   13 38089.0002 38126.0000  0.10%   4.5 3270s
 5868035 1340344 38116.4589  268   12 38089.0002 38126.0000  0.10%   4.5 3275s
 5875436 1342397 38126.0000  262   13 38089.0002 38126.0000  0.10%   4.5 3281s
 5877732 1343190 38126.0000  240   16 38089.0002 38126.0000  0.10%   4.5 3285s
 5886147 1346920 38126.0000  241   13 38089.0002 38126.0000  0.10%   4.5 3290s
 5893747 1348976 38092.1726  260   11 38089.0002 38126.0000  0.10%   4.5 3296s
 5901264 1352246 38126.0000  260   13 38089.0002 38126.0000  0.10%   4.5 3300s
 5910603 1354835 38126.0000  232   14 38089.0002 38126.0000  0.10%   4.5 3306s
 5919816 1358621 38094.7747  266   12 38089.0002 38126.0000  0.10%   4.5 3311s
 5931168 1362165 38126.0000  252   12 38089.0002 38126.0000  0.10%   4.5 3315s
 5942461 1364998 38106.9179  254    8 38089.0002 38126.0000  0.10%   4.5 3320s
 5946622 1365558 38126.0000  236   11 38089.0002 38126.0000  0.10%   4.5 3327s
 5953038 1367181     cutoff  254      38089.0002 38126.0000  0.10%   4.5 3331s
 5965044 1369454 38092.1726  262   12 38089.0002 38126.0000  0.10%   4.5 3335s
 5974390 1371009     cutoff  253      38089.0002 38126.0000  0.10%   4.5 3340s
 5986142 1373706 38101.7137  267    8 38089.0002 38126.0000  0.10%   4.5 3345s
 5997046 1375506     cutoff  251      38089.0002 38126.0000  0.10%   4.5 3350s
 6002631 1376434 38126.0000  250   11 38089.0002 38126.0000  0.10%   4.5 3355s
 6015610 1378576 38126.0000  251   13 38089.0002 38126.0000  0.10%   4.5 3361s
 6025616 1380161 38102.5811  263    7 38089.0002 38126.0000  0.10%   4.5 3365s
 6034995 1382992 38126.0000  250   13 38089.0002 38126.0000  0.10%   4.5 3373s
 6048428 1383311 38125.1326  257   12 38089.0002 38126.0000  0.10%   4.5 3375s
 6054047 1384846 38122.5305  253   11 38089.0002 38126.0000  0.10%   4.5 3380s
 6065217 1385756 38126.0000  255   11 38089.0002 38126.0000  0.10%   4.5 3385s
 6078847 1387482 38126.0000  245   12 38089.0002 38126.0000  0.10%   4.5 3390s
 6093407 1389734     cutoff  258      38089.0002 38126.0000  0.10%   4.5 3395s
 6099485 1390777     cutoff  241      38089.0002 38126.0000  0.10%   4.5 3400s
 6109155 1391967     cutoff  253      38089.0002 38126.0000  0.10%   4.5 3406s
 6115458 1393854 38114.5540  257   10 38089.0002 38126.0000  0.10%   4.5 3410s
 6125328 1394882     cutoff  253      38089.0002 38126.0000  0.10%   4.5 3415s
 6141556 1397678 38115.5916  267    9 38089.0002 38126.0000  0.10%   4.5 3420s
 6154471 1399606 38126.0000  242   12 38089.0002 38126.0000  0.10%   4.5 3425s
 6161925 1400815 38117.3263  251   10 38089.0002 38126.0000  0.10%   4.5 3430s
 6174810 1402655 38126.0000  246   12 38089.0002 38126.0000  0.10%   4.5 3435s
 6178677 1403138     cutoff  258      38089.0002 38126.0000  0.10%   4.5 3440s
 6183010 1407931 38126.0000  249   12 38089.0002 38126.0000  0.10%   4.5 3449s
 6195022 1408401 38126.0000  254    9 38089.0002 38126.0000  0.10%   4.5 3450s
 6206118 1412520 38103.4484  238   10 38089.0002 38126.0000  0.10%   4.5 3455s
 6217259 1416428 38096.5095  250   13 38089.0002 38126.0000  0.10%   4.6 3461s
 6222322 1419276 38126.0000  244   13 38089.0002 38126.0000  0.10%   4.6 3465s
 6234972 1424290 38107.5103  246   12 38089.0002 38126.0000  0.10%   4.6 3470s
 6244214 1428167     cutoff  260      38089.0002 38126.0000  0.10%   4.6 3475s
 6251605 1430283 38126.0000  248   13 38089.0002 38126.0000  0.10%   4.6 3481s
 6259470 1433895 38100.4667  253   13 38089.0002 38126.0000  0.10%   4.6 3485s
 6263074 1434596 38108.6526  270   12 38089.0002 38126.0000  0.10%   4.6 3491s
 6269659 1437711 38093.0400  259   12 38089.0002 38126.0000  0.10%   4.6 3495s
 6277358 1439981     cutoff  256      38089.0002 38126.0000  0.10%   4.6 3501s
 6285672 1443382 38126.0000  238   14 38089.0002 38126.0000  0.10%   4.6 3505s
 6295237 1446797 38126.0000  259   13 38089.0002 38126.0000  0.10%   4.6 3510s
 6302822 1449590     cutoff  256      38089.0002 38126.0000  0.10%   4.6 3515s
 6312435 1451909 38126.0000  260   14 38089.0002 38126.0000  0.10%   4.6 3523s
 6312474 1455337 38126.0000  261   14 38089.0002 38126.0000  0.10%   4.6 3529s
 6324486 1455836     cutoff  252      38089.0002 38126.0000  0.10%   4.6 3532s
 6330247 1457454 38126.0000  251   14 38089.0002 38126.0000  0.10%   4.6 3536s
 6337962 1459396 38108.3908  259   11 38089.0002 38126.0000  0.10%   4.6 3540s
 6343536 1461079 38099.9789  260   11 38089.0002 38126.0000  0.10%   4.6 3545s
 6349283 1462064 38126.0000  248   13 38089.0002 38126.0000  0.10%   4.6 3550s
 6349327 1465380 38126.0000  249   13 38089.0002 38126.0000  0.10%   4.6 3557s
 6363413 1466425     cutoff  257      38089.0002 38126.0000  0.10%   4.6 3560s
 6365913 1467106 38117.3263  257   11 38089.0002 38126.0000  0.10%   4.6 3565s
 6373718 1469249 38108.6526  261   12 38089.0002 38126.0000  0.10%   4.6 3571s
 6377756 1470403 38126.0000  255   14 38089.0002 38126.0000  0.10%   4.6 3575s
 6383577 1471516 38124.2653  271   10 38089.0002 38126.0000  0.10%   4.6 3581s
 6387589 1473035     cutoff  263      38089.0002 38126.0000  0.10%   4.6 3586s
 6393532 1474423     cutoff  256      38089.0002 38126.0000  0.10%   4.6 3591s
 6399161 1475794 38099.1116  262    9 38089.0002 38126.0000  0.10%   4.6 3595s
 6406959 1477694     cutoff  265      38089.0002 38126.0000  0.10%   4.6 3600s

Cutting planes:
  Gomory: 4
  Cover: 696
  MIR: 1
  Inf proof: 1

Explored 6408161 nodes (29266058 simplex iterations) in 3600.12 seconds
Thread count was 12 (of 12 available processors)

Solution count 6: 38089 38073 38043 ... 25696

Time limit reached
Best objective 3.808900000000e+04, best bound 3.812600000000e+04, gap 0.0971%
