
Gurobi 9.1.2 (win64, Java) logging started Tue Nov  9 09:33:54 2021

Academic license - for non-commercial use only - expires 2022-10-30
Gurobi Optimizer version 9.1.2 build v9.1.2rc0 (win64)
Thread count: 6 physical cores, 12 logical processors, using up to 12 threads
Optimize a model with 110 rows, 1000 columns and 2000 nonzeros
Model fingerprint: 0x069e53b2
Variable types: 0 continuous, 1000 integer (1000 binary)
Coefficient statistics:
  Matrix range     [1e+00, 1e+03]
  Objective range  [2e+01, 1e+03]
  Bounds range     [1e+00, 1e+00]
  RHS range        [1e+00, 3e+03]
Found heuristic solution: objective 27011.000000
Presolve time: 0.00s
Presolved: 110 rows, 1000 columns, 2000 nonzeros
Variable types: 0 continuous, 1000 integer (1000 binary)
Presolved: 110 rows, 1000 columns, 2000 nonzeros


Root relaxation: objective 2.980909e+04, 275 iterations, 0.00 seconds

    Nodes    |    Current Node    |     Objective Bounds      |     Work
 Expl Unexpl |  Obj  Depth IntInf | Incumbent    BestBd   Gap | It/Node Time

     0     0 29809.0904    0   13 27011.0000 29809.0904  10.4%     -    0s
H    0     0                    29131.000000 29809.0904  2.33%     -    0s
H    0     0                    29142.000000 29809.0904  2.29%     -    0s
     0     0 29809.0904    0   23 29142.0000 29809.0904  2.29%     -    0s
H    0     0                    29341.000000 29809.0904  1.60%     -    0s
H    0     0                    29383.000000 29809.0904  1.45%     -    0s
     0     0 29809.0904    0   27 29383.0000 29809.0904  1.45%     -    0s
     0     0 29809.0904    0   26 29383.0000 29809.0904  1.45%     -    0s
     0     0 29809.0904    0   16 29383.0000 29809.0904  1.45%     -    0s
H    0     0                    29490.000000 29809.0904  1.08%     -    0s
H    0     0                    29567.000000 29809.0904  0.82%     -    0s
     0     2 29809.0904    0   16 29567.0000 29809.0904  0.82%     -    0s
H   31    38                    29704.000000 29809.0904  0.35%  18.4    0s
 67868 62433 29800.0000  578   15 29704.0000 29808.9339  0.35%   2.7    5s
H139032 101769                    29717.000000 29808.9339  0.31%   2.6    8s
 152732 110786 29745.2935  219   13 29717.0000 29808.2997  0.31%   2.7   10s
H199812 126714                    29724.000000 29808.2703  0.28%   2.6   12s
 215779 136634 29747.3138  390   19 29724.0000 29807.8936  0.28%   2.8   15s
 381309 164054 29730.9190  428    7 29724.0000 29807.8936  0.28%   3.5   20s
 507937 155502 29727.0267  428   11 29724.0000 29807.8936  0.28%   4.1   25s
H622293 151076                    29727.000000 29807.8936  0.27%   4.4   29s
 635838 154012 29807.8936  390   20 29727.0000 29807.8936  0.27%   4.4   30s
H661112 157900                    29729.000000 29807.8936  0.27%   4.5   31s
H672625 153352                    29736.000000 29807.8936  0.24%   4.5   32s
H673364 146225                    29743.000000 29807.8936  0.22%   4.5   33s
 699987 161543 29801.8467  142   17 29743.0000 29806.2510  0.21%   4.5   35s
H700024 153352                    29746.000000 29806.2510  0.20%   4.5   35s
 749087 182632 29800.0000  416   15 29746.0000 29806.2510  0.20%   4.4   40s
 899428 241072 29748.5393  194   10 29746.0000 29806.2510  0.20%   4.2   45s
 1050964 287170 29788.3937  181   10 29746.0000 29806.2510  0.20%   4.1   50s
 1200198 333946     cutoff  184      29746.0000 29806.2510  0.20%   4.2   55s
 1335989 419726 29750.9049  210   14 29746.0000 29806.2510  0.20%   4.1   60s
 1504689 523625 29752.1733  226   10 29746.0000 29806.2510  0.20%   4.1   65s
 1665116 620181 29748.1878  190   12 29746.0000 29806.2510  0.20%   4.1   70s
 1817926 708375 29772.0813  195   13 29746.0000 29806.2510  0.20%   4.2   75s
 1945929 787273 29770.7235  194   10 29746.0000 29806.2510  0.20%   4.2   80s
 2101604 880486 29769.8922  201   12 29746.0000 29806.2510  0.20%   4.2   85s
 2259174 970713     cutoff  184      29746.0000 29806.2510  0.20%   4.2   90s
 2394799 1048346 29806.2510  190   16 29746.0000 29806.2510  0.20%   4.2   95s
 2555428 1140120 29798.5561  179   11 29746.0000 29806.2510  0.20%   4.2  100s
 2694642 1220250 29757.3269  217   10 29746.0000 29806.2510  0.20%   4.2  105s
 2824817 1292553 29751.8513  205   12 29746.0000 29806.2510  0.20%   4.2  110s
 2990566 1388403 29781.7336  181   15 29746.0000 29806.2510  0.20%   4.2  115s
 3146294 1484887 29770.2922  214   13 29746.0000 29806.2510  0.20%   4.1  120s
 3326653 1595829 29777.9611  205   15 29746.0000 29806.2510  0.20%   4.1  125s
 3507241 1701502 29748.2817  195   12 29746.0000 29806.2510  0.20%   4.1  130s
 3665944 1791165     cutoff  204      29746.0000 29806.2510  0.20%   4.1  135s
 3825305 1883012 29763.3919  230   12 29746.0000 29806.2510  0.20%   4.1  140s
 4002298 1987524 29771.5688  193   14 29746.0000 29806.2510  0.20%   4.0  145s
H4004443 1884243                    29749.000000 29806.2510  0.19%   4.0  145s
H4012041 1793714                    29754.000448 29806.2510  0.18%   4.0  148s
 4058363 1820518 29793.9188  228   15 29754.0004 29806.2510  0.18%   4.0  150s
H4092696 1735923                    29764.000000 29806.2510  0.14%   4.0  150s
 4183135 1780508 29800.0000  391   16 29764.0000 29806.2510  0.14%   4.0  155s
 4373251 1791745 29791.0815  384   12 29764.0000 29806.2510  0.14%   4.0  160s
 4579759 1800460 29806.2510  333   15 29764.0000 29806.2510  0.14%   4.0  165s
 4809603 1826605 29806.2510  358   18 29764.0000 29806.2510  0.14%   3.9  170s
 4987924 1815829 29806.2510  354   15 29764.0000 29806.2510  0.14%   3.9  175s
H4997951 1665826                    29775.000000 29806.2510  0.10%   3.9  175s
 5062467 1692532 29800.0000  329   15 29775.0000 29806.2510  0.10%   3.9  180s
 5271049 1708189 29800.0000  326   14 29775.0000 29806.2510  0.10%   3.9  185s
 5497633 1736934 29797.9582  350   14 29775.0000 29806.2510  0.10%   3.9  190s
 5676417 1752974 29806.2510  381   16 29775.0000 29806.2510  0.10%   3.9  195s
 5872236 1732860 29806.2510  411   15 29775.0000 29806.2510  0.10%   3.9  200s
 6084072 1711203 29806.2510  383   17 29775.0000 29806.2510  0.10%   3.9  205s
 6273683 1686255     cutoff  397      29775.0000 29806.2510  0.10%   3.9  210s
 6444063 1658090     cutoff  358      29775.0000 29806.2510  0.10%   3.9  215s
 6591781 1648870     cutoff  361      29775.0000 29806.2510  0.10%   4.0  220s
 6720229 1624255 29777.1605  374   14 29775.0000 29806.2510  0.10%   4.0  225s
 6889446 1589251 29806.2510  374   15 29775.0000 29806.2510  0.10%   4.0  230s
 7074485 1561033     cutoff  383      29775.0000 29806.2510  0.10%   4.0  235s
 7285827 1529524 29806.2510  364   16 29775.0000 29806.2510  0.10%   4.0  240s
 7503449 1496502     cutoff  380      29775.0000 29806.2510  0.10%   4.0  245s
 7705650 1468526     cutoff  431      29775.0000 29806.2510  0.10%   4.0  250s
 7924657 1450123 29783.1414  380   14 29775.0000 29806.2510  0.10%   4.0  255s
 8146351 1413511 29806.2510  382   18 29775.0000 29806.2510  0.10%   4.0  260s
 8374737 1382026 29802.4485  346   17 29775.0000 29806.2510  0.10%   4.0  265s
 8530405 1359210 29806.2510  359   15 29775.0000 29806.2510  0.10%   4.0  270s
 8700390 1324652 29791.7922  344   13 29775.0000 29806.2510  0.10%   4.0  275s
 8879577 1296962 29806.2510  329   16 29775.0000 29806.2510  0.10%   4.0  280s
 9021263 1265455 29806.2510  328   13 29775.0000 29806.2510  0.10%   4.1  285s
 9201334 1228380 29806.2510  365   19 29775.0000 29806.2510  0.10%   4.1  290s
 9374628 1216893     cutoff  385      29775.0000 29806.2510  0.10%   4.1  295s
 9541203 1184896 29787.8737  390   17 29775.0000 29806.2510  0.10%   4.1  300s
 9708114 1172404 29800.7500  340   15 29775.0000 29806.2510  0.10%   4.2  305s
 9848513 1159230 29801.7744  371   13 29775.0000 29806.2510  0.10%   4.2  310s
