
Gurobi 9.1.2 (win64, Java) logging started Sun Nov  7 12:13:58 2021

Academic license - for non-commercial use only - expires 2022-10-30
Gurobi Optimizer version 9.1.2 build v9.1.2rc0 (win64)
Thread count: 6 physical cores, 12 logical processors, using up to 12 threads
Optimize a model with 110 rows, 1000 columns and 2000 nonzeros
Model fingerprint: 0x20bfbf0c
Variable types: 0 continuous, 1000 integer (1000 binary)
Coefficient statistics:
  Matrix range     [1e+00, 1e+03]
  Objective range  [1e+00, 1e+03]
  Bounds range     [1e+00, 1e+00]
  RHS range        [1e+00, 5e+03]
Found heuristic solution: objective 26795.000000
Presolve time: 0.03s
Presolved: 110 rows, 1000 columns, 2000 nonzeros
Variable types: 0 continuous, 1000 integer (1000 binary)
Presolved: 110 rows, 1000 columns, 2000 nonzeros


Root relaxation: objective 3.856597e+04, 107 iterations, 0.01 seconds

    Nodes    |    Current Node    |     Objective Bounds      |     Work
 Expl Unexpl |  Obj  Depth IntInf | Incumbent    BestBd   Gap | It/Node Time

     0     0 38565.9734    0   13 26795.0000 38565.9734  43.9%     -    0s
H    0     0                    37837.000000 38565.9734  1.93%     -    0s
H    0     0                    38417.000005 38565.9734  0.39%     -    1s
     0     0 38551.0400    0   15 38417.0000 38551.0400  0.35%     -    2s
     0     0 38551.0400    0   15 38417.0000 38551.0400  0.35%     -    2s
     0     0 38551.0400    0   24 38417.0000 38551.0400  0.35%     -    3s
     0     0 38551.0400    0   27 38417.0000 38551.0400  0.35%     -    3s
     0     0 38537.6459    0   23 38417.0000 38537.6459  0.31%     -    3s
     0     0 38537.6459    0   30 38417.0000 38537.6459  0.31%     -    3s
     0     0 38537.4965    0   29 38417.0000 38537.4965  0.31%     -    3s
     0     0 38537.4965    0   17 38417.0000 38537.4965  0.31%     -    3s
     0     2 38537.4965    0   16 38417.0000 38537.4965  0.31%     -    4s
   415   461 38482.2093   58   18 38417.0000 38533.7689  0.30%   6.0    5s
H  476   526                    38442.000046 38533.7689  0.24%   6.0    6s
  1709  1461 38462.8140   83   13 38442.0000 38526.7478  0.22%   6.4   10s
  4976  3315 38519.3741  122   18 38442.0000 38523.5823  0.21%   5.9   15s
H 5568  3715                    38479.000000 38523.5823  0.12%   5.9   16s
H18276 13239                    38489.000000 38523.5823  0.09%   4.8   19s
 18279 13241 38499.8214  192   31 38489.0000 38523.5823  0.09%   4.8   20s
H18282 12580                    38490.000000 38523.5823  0.09%   4.8   21s
 19924 13327 38523.2143  101   14 38490.0000 38523.2143  0.09%   5.0   26s
 23383 16658 38522.7162  172   19 38490.0000 38523.2143  0.09%   5.1   30s
 32422 17389     cutoff  200      38490.0000 38523.2143  0.09%   5.3   36s
 55411 15256 38523.0357  186   15 38490.0000 38523.2143  0.09%   6.1   40s
H55420 14498                    38499.000000 38523.2143  0.06%   6.1   44s
 55422 14499 38523.1072  165   17 38499.0000 38523.2143  0.06%   6.1   45s
 69699 20698 38523.0000  134   14 38499.0000 38523.2143  0.06%   5.8   52s
 81078 21572 38519.7477  236   13 38499.0000 38523.0000  0.06%   5.5   55s
 105368 21250 38518.1215  253   12 38499.0000 38523.0000  0.06%   5.1   60s
 130562 27537 38514.7806  255   10 38499.0000 38523.0000  0.06%   4.8   65s
 144136 31198 38523.0000  236   17 38499.0000 38523.0000  0.06%   4.7   70s
 170079 37389     cutoff  261      38499.0000 38523.0000  0.06%   4.6   75s
 191313 42920 38517.7613  252   11 38499.0000 38523.0000  0.06%   4.6   80s
 218404 49854 38502.9806  244   10 38499.0000 38523.0000  0.06%   4.5   85s
 250450 60409     cutoff  242      38499.0000 38523.0000  0.06%   4.4   90s
 275587 64905 38523.0000  222    9 38499.0000 38523.0000  0.06%   4.3   96s
 306034 69463 38522.8733  226    9 38499.0000 38523.0000  0.06%   4.1  100s
 370454 77613 38523.0000  219   10 38499.0000 38523.0000  0.06%   3.9  105s
 427307 84451 38521.9864  230    8 38499.0000 38523.0000  0.06%   3.8  112s
 457762 88762 38523.0000  228    9 38499.0000 38523.0000  0.06%   3.7  115s
 485868 92626 38521.3729  217   10 38499.0000 38523.0000  0.06%   3.8  120s
 545844 101774     cutoff  226      38499.0000 38523.0000  0.06%   3.8  125s
 600014 110422 38523.0000  230    9 38499.0000 38523.0000  0.06%   3.8  130s
 660873 120728 38523.0000  216    9 38499.0000 38523.0000  0.06%   3.7  135s
 716949 128782 38511.2801  235    6 38499.0000 38523.0000  0.06%   3.7  140s
 768687 135815 38523.0000  234    8 38499.0000 38523.0000  0.06%   3.7  145s
 819287 142411 infeasible  247      38499.0000 38523.0000  0.06%   3.7  150s
 848351 145057     cutoff  249      38499.0000 38523.0000  0.06%   3.7  155s
 898084 150407     cutoff  233      38499.0000 38523.0000  0.06%   3.7  160s
 907986 151792 38521.6063  225   10 38499.0000 38523.0000  0.06%   3.7  165s
 958327 160285 infeasible  227      38499.0000 38523.0000  0.06%   3.7  170s
 1008907 166372 38516.2851  222   10 38499.0000 38523.0000  0.06%   3.7  175s
 1069352 173928 38523.0000  213    8 38499.0000 38523.0000  0.06%   3.7  180s
 1121869 177781     cutoff  222      38499.0000 38523.0000  0.06%   3.7  185s
 1169769 179078     cutoff  216      38499.0000 38523.0000  0.06%   3.7  190s
 1199274 180076     cutoff  234      38499.0000 38523.0000  0.06%   3.7  195s
 1215764 180556 38522.8644  231    8 38499.0000 38523.0000  0.06%   3.7  200s
 1244357 181550 38519.2712  240    6 38499.0000 38523.0000  0.06%   3.7  205s
 1285307 183205 38516.8305  233    8 38499.0000 38523.0000  0.06%   3.7  210s
