
Gurobi 9.1.2 (win64, Java) logging started Sun Nov 14 00:19:11 2021

Academic license - for non-commercial use only - expires 2022-10-30
Gurobi Optimizer version 9.1.2 build v9.1.2rc0 (win64)
Thread count: 6 physical cores, 12 logical processors, using up to 12 threads
Optimize a model with 70 rows, 600 columns and 1200 nonzeros
Model fingerprint: 0xcc62f822
Variable types: 0 continuous, 600 integer (600 binary)
Coefficient statistics:
  Matrix range     [1e+00, 1e+03]
  Objective range  [4e+02, 1e+03]
  Bounds range     [1e+00, 1e+00]
  RHS range        [1e+00, 2e+03]
Found heuristic solution: objective 27848.000000
Presolve removed 0 rows and 23 columns
Presolve time: 0.02s
Presolved: 70 rows, 577 columns, 1154 nonzeros
Variable types: 0 continuous, 577 integer (577 binary)
Presolved: 70 rows, 577 columns, 1154 nonzeros


Root relaxation: objective 3.183207e+04, 253 iterations, 0.01 seconds

    Nodes    |    Current Node    |     Objective Bounds      |     Work
 Expl Unexpl |  Obj  Depth IntInf | Incumbent    BestBd   Gap | It/Node Time

     0     0 31832.0697    0   14 27848.0000 31832.0697  14.3%     -    0s
H    0     0                    30769.000000 31832.0697  3.46%     -    0s
H    0     0                    30866.000000 31832.0697  3.13%     -    0s
H    0     0                    31254.000000 31832.0697  1.85%     -    0s
     0     0 31815.0000    0   22 31254.0000 31815.0000  1.79%     -    0s
     0     0 31815.0000    0   26 31254.0000 31815.0000  1.79%     -    1s
H    0     0                    31273.000000 31815.0000  1.73%     -    1s
     0     0 31815.0000    0   25 31273.0000 31815.0000  1.73%     -    1s
     0     0 31815.0000    0   19 31273.0000 31815.0000  1.73%     -    1s
H    0     0                    31284.000000 31815.0000  1.70%     -    3s
     0     2 31815.0000    0   19 31284.0000 31815.0000  1.70%     -    3s
H   31    38                    31329.000000 31815.0000  1.55%  21.7    8s
H   33    38                    31335.000000 31815.0000  1.53%  20.9    8s
H   35    38                    31358.000000 31815.0000  1.46%  20.3    8s
  1302  1230 31785.5682   96   23 31358.0000 31815.0000  1.46%   8.1   12s
H 1313  1172                    31369.000000 31815.0000  1.42%   8.1   15s
  1324  1179 31812.6574   49   12 31369.0000 31815.0000  1.42%   8.0   20s
  1359  1215 31815.0000   20   15 31369.0000 31815.0000  1.42%  10.2   34s
H 1361  1155                    31379.000000 31815.0000  1.39%  10.1   34s
  5243  4948 31790.2566  134   16 31379.0000 31815.0000  1.39%   5.8   38s
H 5927  4942                    31384.000000 31815.0000  1.37%   5.5   38s
H 6058  4942                    31389.000000 31815.0000  1.36%   5.5   38s
 10790  8733 31807.1847  102   16 31389.0000 31815.0000  1.36%   4.7   47s
 22251 18579     cutoff  249      31389.0000 31815.0000  1.36%   4.3   63s
 25713 22974 31750.1024  190   16 31389.0000 31815.0000  1.36%   4.3   70s
 27219 23269 31815.0000   69   16 31389.0000 31815.0000  1.36%   4.2   81s
 37349 31904 31775.3865   74   19 31389.0000 31815.0000  1.36%   4.2   85s
 37356 31909 31513.8437  146   21 31389.0000 31815.0000  1.36%   4.2   90s
 37360 31911 31806.9204  112   24 31389.0000 31815.0000  1.36%   4.2   96s
 37362 31913 31785.8458  156   24 31389.0000 31815.0000  1.36%   4.2  100s
H37363 30317                    31396.000000 31815.0000  1.33%   4.2  102s
 37366 30319 31811.2664  117   15 31396.0000 31815.0000  1.33%   4.2  105s
 37393 30350 31815.0000   35   16 31396.0000 31815.0000  1.33%   4.3  110s
H37401 28831                    31399.000000 31815.0000  1.32%   4.3  110s
 37537 28963 31815.0000   41   13 31399.0000 31815.0000  1.32%   4.3  117s
 38117 29300 31815.0000   64   17 31399.0000 31815.0000  1.32%   4.3  124s
 42331 32948 31812.1550  141   16 31399.0000 31815.0000  1.32%   4.3  136s
 51869 37096 31815.0000   90   11 31399.0000 31815.0000  1.32%   4.3  147s
 55391 42395 31596.4200  156   14 31399.0000 31815.0000  1.32%   4.3  150s
 74755 51635 31607.0530  176   14 31399.0000 31815.0000  1.32%   4.4  165s
 105869 66436 31815.0000   81   15 31399.0000 31815.0000  1.32%   4.5  170s
 118156 71218 31746.9732  144   12 31399.0000 31815.0000  1.32%   4.6  184s
 118619 71293 31746.9732  145    9 31399.0000 31815.0000  1.32%   4.6  191s
H118752 36210                    31787.000000 31815.0000  0.09%   4.6  191s
H118815 33251                    31796.000000 31815.0000  0.06%   4.6  191s
 130862 42227 31802.0000  155   15 31796.0000 31815.0000  0.06%   4.7  195s
 130872 42234 31811.4861   89   33 31796.0000 31815.0000  0.06%   4.7  200s
H130910 40135                    31806.000000 31815.0000  0.03%   4.7  202s
 132388 41350 31814.0000  101   16 31806.0000 31815.0000  0.03%   4.7  205s
 136017 43187 31811.0000  144   19 31806.0000 31815.0000  0.03%   4.8  211s
 146915 47442 31807.0000  115   15 31806.0000 31815.0000  0.03%   4.8  215s
 186140 66886 31814.0000  183   15 31806.0000 31815.0000  0.03%   5.0  220s
 203802 71921 31814.4310  129   20 31806.0000 31815.0000  0.03%   5.1  225s
 230953 81628 31814.0000  100   18 31806.0000 31815.0000  0.03%   5.4  230s
 240314 85024 31814.0000  148   18 31806.0000 31815.0000  0.03%   5.5  235s
 252435 89739 31814.0000  133   18 31806.0000 31815.0000  0.03%   5.6  240s
 262612 96611 31814.0000  150   17 31806.0000 31815.0000  0.03%   5.6  248s
H262812 81753                    31809.000000 31815.0000  0.02%   5.6  250s
 302071 111389 31814.0000  157   21 31809.0000 31815.0000  0.02%   5.9  255s
 330719 131800 31814.0000  107   17 31809.0000 31815.0000  0.02%   6.0  260s
 347929 144123 31815.0000  162   23 31809.0000 31815.0000  0.02%   6.1  266s
 355372 150101     cutoff  230      31809.0000 31815.0000  0.02%   6.1  270s
 365956 155078 31814.0000  228   19 31809.0000 31815.0000  0.02%   6.2  276s
 369645 157276 31814.0000  165   21 31809.0000 31815.0000  0.02%   6.2  280s
 381703 163601 31814.0000  193   18 31809.0000 31815.0000  0.02%   6.3  288s
 385907 166159 31814.0000  229   25 31809.0000 31815.0000  0.02%   6.4  294s
 386329 167017 31814.0000  230   23 31809.0000 31815.0000  0.02%   6.4  296s
 390345 171773 31814.0000  206   18 31809.0000 31815.0000  0.02%   6.4  300s
 412899 182340     cutoff  224      31809.0000 31815.0000  0.02%   6.6  305s
 424660 189214     cutoff  196      31809.0000 31815.0000  0.02%   6.7  310s
 440814 197895 31814.0000  177   19 31809.0000 31815.0000  0.02%   6.8  315s
H447505 188676                    31811.000000 31815.0000  0.01%   6.9  316s
 459225 195682 31814.0000  207   26 31811.0000 31815.0000  0.01%   7.0  320s
 479120 206457     cutoff  222      31811.0000 31815.0000  0.01%   7.1  325s
 491172 212796     cutoff  187      31811.0000 31815.0000  0.01%   7.2  330s
 504595 220820     cutoff  216      31811.0000 31815.0000  0.01%   7.2  335s
 514963 226705 31814.0000  147   27 31811.0000 31815.0000  0.01%   7.3  342s
 515862 227224 31814.0000  215   19 31811.0000 31815.0000  0.01%   7.3  345s
 527486 235561     cutoff  175      31811.0000 31815.0000  0.01%   7.3  350s
 534908 239757 31814.0000  134   15 31811.0000 31815.0000  0.01%   7.3  356s
 542721 244475 31814.0000  162   16 31811.0000 31815.0000  0.01%   7.4  364s
 545809 247243 31814.0000  124   14 31811.0000 31815.0000  0.01%   7.4  365s
 552053 250566 31814.0000  154   16 31811.0000 31815.0000  0.01%   7.4  370s
 555924 251948 infeasible  105      31811.0000 31815.0000  0.01%   7.5  375s
H556029  9345                    31814.000000 31815.0000  0.00%   7.5  375s
 556392  8470     cutoff  117      31814.0000 31815.0000  0.00%   7.5  380s
 561843 11371 31815.0000  192   19 31814.0000 31815.0000  0.00%   7.5  385s
 569090 13137 infeasible  164      31814.0000 31815.0000  0.00%   7.5  395s
 575337 12920 31815.0000  108   17 31814.0000 31815.0000  0.00%   7.7  406s
 581781 17450 31815.0000  162   23 31814.0000 31815.0000  0.00%   7.8  410s
 599747 24647 31815.0000  204   27 31814.0000 31815.0000  0.00%   7.9  415s
 613280 30076 31815.0000  144   16 31814.0000 31815.0000  0.00%   8.0  420s
 626615 35059 31815.0000  156   29 31814.0000 31815.0000  0.00%   8.1  425s
 634083 38121 infeasible  174      31814.0000 31815.0000  0.00%   8.2  430s
 639597 39420     cutoff  182      31814.0000 31815.0000  0.00%   8.2  441s
 645667 42275 31815.0000  171   18 31814.0000 31815.0000  0.00%   8.2  446s
 651332 44002 31815.0000  197   23 31814.0000 31815.0000  0.00%   8.3  450s
 665605 49662 31815.0000  177   27 31814.0000 31815.0000  0.00%   8.4  461s
 674958 52954 infeasible  202      31814.0000 31815.0000  0.00%   8.4  465s
 685473 56680 31815.0000  181   28 31814.0000 31815.0000  0.00%   8.5  470s
 687307 56703 31815.0000  164   30 31814.0000 31815.0000  0.00%   8.5  481s
 713429 44150 31815.0000  148   15 31814.0000 31815.0000  0.00%   8.4  485s
 718466 46684 infeasible  184      31814.0000 31815.0000  0.00%   8.4  490s

Cutting planes:
  Gomory: 8
  Cover: 512
  Clique: 2
  MIR: 30
  StrongCG: 33
  Flow cover: 31
  Inf proof: 2
  Zero half: 8
  RLT: 4

Explored 727591 nodes (6104127 simplex iterations) in 491.50 seconds
Thread count was 12 (of 12 available processors)

Solution count 10: 31814 31811 31809 ... 31384

Optimal solution found (tolerance 1.00e-12)
Best objective 3.181400000000e+04, best bound 3.181400000000e+04, gap 0.0000%
