
Gurobi 9.1.2 (win64, Java) logging started Sun Nov 14 02:28:05 2021

Academic license - for non-commercial use only - expires 2022-10-30
Gurobi Optimizer version 9.1.2 build v9.1.2rc0 (win64)
Thread count: 6 physical cores, 12 logical processors, using up to 12 threads
Optimize a model with 80 rows, 1200 columns and 2400 nonzeros
Model fingerprint: 0x6056f5c8
Variable types: 0 continuous, 1200 integer (1200 binary)
Coefficient statistics:
  Matrix range     [1e+00, 1e+03]
  Objective range  [4e+02, 1e+03]
  Bounds range     [1e+00, 1e+00]
  RHS range        [1e+00, 1e+03]
Found heuristic solution: objective 26001.000000
Presolve removed 0 rows and 378 columns
Presolve time: 0.02s
Presolved: 80 rows, 822 columns, 1644 nonzeros
Variable types: 0 continuous, 822 integer (822 binary)
Presolved: 80 rows, 822 columns, 1644 nonzeros


Root relaxation: objective 3.244721e+04, 318 iterations, 0.01 seconds

    Nodes    |    Current Node    |     Objective Bounds      |     Work
 Expl Unexpl |  Obj  Depth IntInf | Incumbent    BestBd   Gap | It/Node Time

     0     0 32447.2058    0   27 26001.0000 32447.2058  24.8%     -    0s
H    0     0                    30331.000000 32447.2058  6.98%     -    0s
H    0     0                    30452.000000 32447.2058  6.55%     -    0s
H    0     0                    31074.000000 32447.2058  4.42%     -    0s
H    0     0                    31202.000000 32447.2058  3.99%     -    1s
     0     0 32447.2058    0   60 31202.0000 32447.2058  3.99%     -    1s
     0     0 32447.2058    0   37 31202.0000 32447.2058  3.99%     -    1s
H    0     0                    31289.000403 32447.2058  3.70%     -    2s
     0     2 32447.2058    0   31 31289.0004 32447.2058  3.70%     -    2s
H   31    43                    31478.000000 32447.2058  3.08%  90.2    4s
H   36    43                    31703.000000 32447.2058  2.35%  84.5    4s
   156   170 32059.2222   19   28 31703.0000 32447.2058  2.35%  48.1    6s
H  166   170                    31858.000000 32447.2058  1.85%  47.0    6s
H  175   195                    31936.000000 32447.2058  1.60%  45.2    7s
H  197   195                    31967.000000 32447.2058  1.50%  43.7    7s
   976   844 32315.7217  128   47 31967.0000 32445.7897  1.50%  41.2   11s
H  978   820                    31982.000009 32445.7897  1.45%  41.1   11s
H  979   818                    31988.000000 32445.7897  1.43%  41.1   11s
H  980   811                    32026.000000 32445.7897  1.31%  41.1   11s
  1309  1053 32192.0003  126   87 32026.0000 32192.0003  0.52%  39.8   15s
H 1316  1006                    32052.000000 32192.0000  0.44%  45.0   16s
  1386  1077 32192.0000   28   72 32052.0000 32192.0000  0.44%  51.7   20s
H 1409  1020                    32062.000000 32192.0000  0.41%  52.3   20s
  1620  1268 32192.0000   33  100 32062.0000 32192.0000  0.41%  55.1   25s
  2186  2152 32192.0000   51   79 32062.0000 32192.0000  0.41%  77.5   31s
H 3016  1942                    32091.000000 32192.0000  0.31%  80.8   36s
  4196  2680 32120.8064   72   57 32091.0000 32192.0000  0.31%  82.0   41s
  4826  3350 32188.1218   44  150 32091.0000 32192.0000  0.31%  83.3   45s
  5622  3867 32191.0023   41  159 32091.0000 32192.0000  0.31%  83.4   50s
  6792  4911 32188.4807   35  171 32091.0000 32192.0000  0.31%  84.5   56s
  7635  5503 32153.6705   67  121 32091.0000 32192.0000  0.31%  84.2   62s
  9347  7082 32191.7340   50  173 32091.0000 32192.0000  0.31%  84.8   68s
 10354  7578 32188.9118   73  158 32091.0000 32192.0000  0.31%  85.4   70s
 12081  9110     cutoff  132      32091.0000 32192.0000  0.31%  86.1   77s
 13113  9987 32192.0000   44  199 32091.0000 32192.0000  0.31%  87.2   80s
 14214 10666 32162.2485   94  119 32091.0000 32192.0000  0.31%  87.1   87s
 15009 11684 32113.7749   79   68 32091.0000 32192.0000  0.31%  85.6   90s
 16222 12493 32182.8537   64  154 32091.0000 32192.0000  0.31%  84.8   97s
 17285 13250 32170.0003   50  134 32091.0000 32192.0000  0.31%  86.6  129s
 18138 14096 32159.0003   90   91 32091.0000 32192.0000  0.31%  86.0  139s
 19349 15466 32191.0596   48  190 32091.0000 32192.0000  0.31%  84.5  148s
 21036 16127 32120.4125  106   61 32091.0000 32192.0000  0.31%  82.7  153s
*21841 15969             116    32096.000000 32192.0000  0.30%  82.3  153s
 21853 17084 32189.2027   52  147 32096.0000 32192.0000  0.30%  82.4  156s
H22187 15982                    32111.000000 32192.0000  0.25%  82.4  156s
 23170 16803 32191.1708   37  192 32111.0000 32192.0000  0.25%  82.1  167s
 24289 17793 32191.8617   36  186 32111.0000 32192.0000  0.25%  83.9  171s
H25072 17432                    32115.000000 32192.0000  0.24%  84.4  171s
H27237 19230                    32121.000000 32192.0000  0.22%  83.7  179s
 28255 19230 32153.7179  119  125 32121.0000 32192.0000  0.22%  84.8  180s
 30698 22297 32154.4330  104   96 32121.0000 32192.0000  0.22%  84.1  194s
 32565 23621 32185.2703   71  151 32121.0000 32192.0000  0.22%  82.9  204s
 34150 25387 32191.2501   49  177 32121.0000 32192.0000  0.22%  82.1  212s
 36330 25392 32187.7066   88  137 32121.0000 32192.0000  0.22%  81.0  215s
 36336 25399 32192.0000   34   85 32121.0000 32192.0000  0.22%  81.3  220s
 36362 25426 32192.0000   38  173 32121.0000 32192.0000  0.22%  81.8  225s
 36583 26016 32192.0000   44  149 32121.0000 32192.0000  0.22%  82.5  236s
 38212 27459 32191.3412   59  155 32121.0000 32192.0000  0.22%  82.4  244s
H38439 26080                    32129.000000 32192.0000  0.20%  82.5  244s
 39419 26539 32156.7105   88   95 32129.0000 32192.0000  0.20%  82.3  248s
 40497 27075 32190.9870   50  204 32129.0000 32192.0000  0.20%  82.2  252s
 41672 27117 32141.6264  151  100 32129.0000 32192.0000  0.20%  81.8  260s
 42917 28101 32180.2108   79  137 32129.0000 32192.0000  0.20%  82.8  270s
 43881 28450 32187.0090   72  182 32129.0000 32192.0000  0.20%  82.8  275s
 45607 29377 32188.4555   49  213 32129.0000 32192.0000  0.20%  83.6  285s
 47591 30008 32169.8193   70   95 32129.0000 32192.0000  0.20%  83.9  297s
 48186 30592 32142.2822   78   51 32129.0000 32192.0000  0.20%  84.9  301s
 50155 30734     cutoff  106      32129.0000 32192.0000  0.20%  85.7  305s
 51410 32528 32184.3188   88  189 32129.0000 32192.0000  0.20%  85.9  311s
 52902 32250 32183.8318  109  179 32129.0000 32192.0000  0.20%  85.4  397s
 53167 33163 32167.5011  132  155 32129.0000 32192.0000  0.20%  85.4  405s
 56281 34395 32191.9078   55  219 32129.0000 32192.0000  0.20%  85.5  417s
 57264 34894 32190.0938   61  196 32129.0000 32192.0000  0.20%  85.9  421s
 58393 35477 32192.0000   47  221 32129.0000 32192.0000  0.20%  86.6  425s
 59700 35610 32150.9013   61  161 32129.0000 32192.0000  0.20%  87.0  437s
H59901 34209                    32132.000000 32192.0000  0.19%  87.0  437s
 60396 35668 32187.0894   97  163 32132.0000 32192.0000  0.19%  87.3  446s
 62366 36373 32187.7514   91  178 32132.0000 32192.0000  0.19%  87.2  451s
 63922 37081 32191.4063   75  222 32132.0000 32192.0000  0.19%  87.6  456s
 65558 37775 32188.1986   65  179 32132.0000 32192.0000  0.19%  88.0  466s
 67148 39003 32148.6438  106  116 32132.0000 32192.0000  0.19%  88.5  471s
 69265 40051 32133.9060  110   86 32132.0000 32192.0000  0.19%  88.3  476s
 71351 40286 32187.9050   63  173 32132.0000 32192.0000  0.19%  88.2  487s
 72707 40743 32189.4451   55  220 32132.0000 32192.0000  0.19%  89.0  496s
 73994 42246 32190.7090   55  220 32132.0000 32192.0000  0.19%  89.9  502s
 76485 42575 32186.6305   99  151 32132.0000 32192.0000  0.19%  90.5  506s
 78176 43848 32189.6794   48  214 32132.0000 32192.0000  0.19%  91.3  518s
 80416 44606     cutoff  178      32132.0000 32192.0000  0.19%  91.5  528s
 82337 45829 32190.6204   60  196 32132.0000 32192.0000  0.19%  91.7  535s
 86561 47564 32190.9663   64  218 32132.0000 32192.0000  0.19%  91.8  549s
 88459 48634 32191.8389   84  235 32132.0000 32192.0000  0.19%  91.9  559s
 90515 49345 32173.7446   59  206 32132.0000 32192.0000  0.19%  91.9  563s
 92239 49857 32186.4698   82  169 32132.0000 32192.0000  0.19%  92.1  572s
 93741 50757 32179.5859   97  136 32132.0000 32192.0000  0.19%  92.6  580s
 95530 51290 32186.2811   60  140 32132.0000 32192.0000  0.19%  93.1  591s
 97082 52662 32163.5100  102  133 32132.0000 32192.0000  0.19%  93.3  602s
 99411 53594 32190.3298   75  204 32132.0000 32192.0000  0.19%  93.3  608s
H99573 47366                    32149.000000 32192.0000  0.13%  93.3  608s
 101486 48059 32192.0000   53  238 32149.0000 32192.0000  0.13%  93.4  615s
 103212 49649 32180.0619  117  150 32149.0000 32192.0000  0.13%  93.6  623s
 105200 51110 32185.1224   87  155 32149.0000 32192.0000  0.13%  93.7  627s
 106987 52234 32190.0585   84  204 32149.0000 32192.0000  0.13%  93.9  637s
 108498 53537 32178.8684   93  162 32149.0000 32192.0000  0.13%  94.3  643s
 110078 54954 32185.9762   56  182 32149.0000 32192.0000  0.13%  94.5  651s
 111931 56035 32186.8792   66  207 32149.0000 32192.0000  0.13%  94.7  657s
 113396 57106     cutoff   63      32149.0000 32192.0000  0.13%  95.3  663s
 115027 58527 32183.9881   78  149 32149.0000 32192.0000  0.13%  95.9  670s
 116987 59914 32179.6189   90  143 32149.0000 32192.0000  0.13%  96.2  681s
 118803 61633 32179.8026   94  146 32149.0000 32192.0000  0.13%  96.6  686s
 120872 63384 32187.6409   71  158 32149.0000 32192.0000  0.13%  96.7  693s
 123018 65125 32187.6995   70  178 32149.0000 32192.0000  0.13%  96.7  699s
 125082 66609 32182.3385   83  143 32149.0000 32192.0000  0.13%  96.7  708s
 126984 68183 32192.0000   53  212 32149.0000 32192.0000  0.13%  96.8  714s
 128838 69403 32191.0800   64  198 32149.0000 32192.0000  0.13%  96.9  719s
 130385 70890 32191.4990   62  241 32149.0000 32192.0000  0.13%  97.1  723s
 132178 72337 32191.4058   88  234 32149.0000 32192.0000  0.13%  97.1  738s
 133931 73739 32190.9447   66  219 32149.0000 32192.0000  0.13%  97.2  744s
 135759 75041 32187.8237   71  156 32149.0000 32192.0000  0.13%  97.2  750s
 137347 76015 32189.7768   76  200 32149.0000 32192.0000  0.13%  97.5  756s
 138842 77072 32191.7153   54  257 32149.0000 32192.0000  0.13%  97.9  765s
 140201 78777 32189.7309   53  246 32149.0000 32192.0000  0.13%  98.3  772s
 142281 79968 32189.9603   63  204 32149.0000 32192.0000  0.13%  98.4  779s
 143888 81589 32178.8353   56  127 32149.0000 32192.0000  0.13%  98.6  784s
 145919 82970 32172.5975  111  125 32149.0000 32192.0000  0.13%  98.7  795s
 147634 84541 32190.6000   75  221 32149.0000 32192.0000  0.13%  98.8  800s
 149564 86208     cutoff  123      32149.0000 32192.0000  0.13%  98.8  808s
 151576 87279 32192.0000   53  234 32149.0000 32192.0000  0.13%  98.8  812s
 152978 88666 32167.1358   81  104 32149.0000 32192.0000  0.13%  99.1  822s
 154728 90173 32187.8076  113  199 32149.0000 32192.0000  0.13%  99.1  828s
 156568 91776 32180.1217  128  146 32149.0000 32192.0000  0.13%  99.2  832s
 158521 93185     cutoff  146      32149.0000 32192.0000  0.13%  99.2  839s
 160295 94412 32190.1148   75  200 32149.0000 32192.0000  0.13%  99.2  847s
 161846 95816 32152.8298   62  135 32149.0000 32192.0000  0.13%  99.3  860s
 163678 97208 32190.3646   72  234 32149.0000 32192.0000  0.13%  99.4  866s
 165390 98770 32188.5120   90  221 32149.0000 32192.0000  0.13%  99.4  871s
 167291 100083 32158.3070  113  121 32149.0000 32192.0000  0.13%  99.5  884s
 168428 100083 32192.0000   59  231 32149.0000 32192.0000  0.13%  99.5  885s
 168979 101731 32191.2958   65  218 32149.0000 32192.0000  0.13%   100  891s
 171028 103230 32181.7895  129  151 32149.0000 32192.0000  0.13%   100  898s
 172818 104802 32164.0520   80  100 32149.0000 32192.0000  0.13%   100  903s
 174732 106255 32183.1650  123  154 32149.0000 32192.0000  0.13%   100  913s
 176523 107465 32185.7289   96  177 32149.0000 32192.0000  0.13%   100  919s
 178189 108834 32191.3758   81  217 32149.0000 32192.0000  0.13%   100  924s
 180080 110195 32190.5423   63  212 32149.0000 32192.0000  0.13%   100  928s
 181737 111617 32161.9169  116  141 32149.0000 32192.0000  0.13%   100  942s
 183484 113094 32192.0000   53  216 32149.0000 32192.0000  0.13%   100  956s
 185370 114390 32185.8140   89  172 32149.0000 32192.0000  0.13%   100  962s
 187024 115883 32187.9970   89  193 32149.0000 32192.0000  0.13%   100  973s
 188913 117338 32187.8465   89  171 32149.0000 32192.0000  0.13%   100  985s
 192280 119580 32190.3930   53  206 32149.0000 32192.0000  0.13%   100  997s
 193786 121073 32190.5244   70  225 32149.0000 32192.0000  0.13%   100 1010s
 195713 122505 32186.2570   61  178 32149.0000 32192.0000  0.13%   100 1024s
 197528 123974 32191.8332   84  230 32149.0000 32192.0000  0.13%   101 1031s
 199355 125409 32189.5029   95  209 32149.0000 32192.0000  0.13%   101 1036s
 201124 126629 32187.7362   61  178 32149.0000 32192.0000  0.13%   101 1047s
 202694 128432 32189.7481   67  222 32149.0000 32192.0000  0.13%   101 1057s
 204979 129827     cutoff  123      32149.0000 32192.0000  0.13%   101 1063s
 206740 130965 32190.9349   61  211 32149.0000 32192.0000  0.13%   101 1069s
 208312 132447 32154.2917   93   86 32149.0000 32192.0000  0.13%   101 1080s
 210090 133890 32191.2927   59  228 32149.0000 32192.0000  0.13%   101 1090s
 211874 135606 32183.0524   69  172 32149.0000 32192.0000  0.13%   101 1101s
 213890 137332 32167.1559  125  142 32149.0000 32192.0000  0.13%   101 1106s
 215976 138915 32191.2571   64  231 32149.0000 32192.0000  0.13%   101 1117s
 217921 140069 32182.2929  118  153 32149.0000 32192.0000  0.13%   101 1128s
 219431 141114 32175.1290   78  117 32149.0000 32192.0000  0.13%   101 1133s
 220899 142614 32191.9777   60  219 32149.0000 32192.0000  0.13%   101 1139s
 222830 144482 32172.9771   87   93 32149.0000 32192.0000  0.13%   101 1144s
 225218 145847 32191.4066   96  215 32149.0000 32192.0000  0.13%   101 1165s
 227032 147114 32182.1624  101  211 32149.0000 32192.0000  0.13%   101 1172s
 228731 148758 32187.7890   84  177 32149.0000 32192.0000  0.13%   102 1177s
 230789 150340 32191.1919   76  190 32149.0000 32192.0000  0.13%   102 1183s
 232847 151927 32191.2078   64  234 32149.0000 32192.0000  0.13%   102 1203s
 234744 153468 32191.3900   68  224 32149.0000 32192.0000  0.13%   102 1211s
 236598 154762 32185.4222   69  158 32149.0000 32192.0000  0.13%   102 1218s
 238467 156192 32180.3463  113  163 32149.0000 32192.0000  0.13%   102 1223s
 240225 157624     cutoff  122      32149.0000 32192.0000  0.13%   102 1232s
 241967 159188 32182.8394   74  195 32149.0000 32192.0000  0.13%   102 1242s
 243814 160726 32177.4643   86  169 32149.0000 32192.0000  0.13%   102 1250s
 245653 162316 32191.9621   79  233 32149.0000 32192.0000  0.13%   102 1261s
 247643 163654     cutoff   93      32149.0000 32192.0000  0.13%   102 1283s
 249310 165067 32190.2038   65  197 32149.0000 32192.0000  0.13%   102 1288s
 251151 166519 32189.0739   78  199 32149.0000 32192.0000  0.13%   102 1302s
 253055 167785 32176.9108   77  138 32149.0000 32192.0000  0.13%   102 1308s
 254702 169331 32190.3167   73  217 32149.0000 32192.0000  0.13%   102 1325s
 256534 170908 32191.4054   68  219 32149.0000 32192.0000  0.13%   102 1335s
 258421 172316 32179.7284   99  132 32149.0000 32192.0000  0.13%   102 1341s
 260208 173251     cutoff  137      32149.0000 32192.0000  0.13%   102 1362s
 261531 174923 32182.0165   85  169 32149.0000 32192.0000  0.13%   102 1376s
 263642 176091 32188.5344   84  203 32149.0000 32192.0000  0.13%   102 1381s
 265399 177591 32192.0000   48  230 32149.0000 32192.0000  0.13%   102 1386s
 267137 179120 32169.2112  122  138 32149.0000 32192.0000  0.13%   102 1393s
 269021 180762 32164.0369  115  153 32149.0000 32192.0000  0.13%   102 1404s
 271107 181883 32190.5465   95  211 32149.0000 32192.0000  0.13%   102 1410s
 272614 183254 32182.5170   67  148 32149.0000 32192.0000  0.13%   102 1416s
 274475 184789 32186.2963   96  189 32149.0000 32192.0000  0.13%   102 1420s
 276299 186183 32191.6556   71  226 32149.0000 32192.0000  0.13%   102 1435s
 278110 187644 32191.2917   78  228 32149.0000 32192.0000  0.13%   102 1440s
 279859 189217 32189.8227   70  186 32149.0000 32192.0000  0.13%   102 1460s
 281796 191109 32190.0527   86  216 32149.0000 32192.0000  0.13%   102 1467s
 283990 192311 32166.1042  148  106 32149.0000 32192.0000  0.13%   102 1475s
 285463 193706 32190.5831   62  189 32149.0000 32192.0000  0.13%   102 1486s
 287194 195309 32177.0140  114  157 32149.0000 32192.0000  0.13%   102 1490s
 289197 196670 32188.1147   78  180 32149.0000 32192.0000  0.13%   102 1497s
 290892 198190 32161.5319  126  108 32149.0000 32192.0000  0.13%   102 1506s
 292787 199645 32190.8209   69  225 32149.0000 32192.0000  0.13%   102 1512s
 294628 201144 32191.0365   65  224 32149.0000 32192.0000  0.13%   102 1520s
 296436 202660 32186.5194   64  210 32149.0000 32192.0000  0.13%   102 1526s
 298324 204086 32190.9199   70  221 32149.0000 32192.0000  0.13%   102 1536s
 300054 205389 32167.3383  109  114 32149.0000 32192.0000  0.13%   101 1553s
 301712 206962 32188.9426   77  183 32149.0000 32192.0000  0.13%   101 1558s
 303721 208368 32149.9891  155  120 32149.0000 32192.0000  0.13%   101 1564s
 305580 209739 32185.3598   99  154 32149.0000 32192.0000  0.13%   101 1574s
 307196 211247 32162.7620  116  117 32149.0000 32192.0000  0.13%   101 1585s
 309036 212843 32151.3341  128   69 32149.0000 32192.0000  0.13%   101 1593s
 311006 214440 32188.5970   89  184 32149.0000 32192.0000  0.13%   101 1598s
 312980 215700     cutoff   99      32149.0000 32192.0000  0.13%   101 1607s
 314577 217108 32190.4844   90  239 32149.0000 32192.0000  0.13%   101 1619s
 316356 218506 32164.9923  139  124 32149.0000 32192.0000  0.13%   101 1625s
 320043 221511 32163.6477   78   78 32149.0000 32192.0000  0.13%   101 1643s
 321871 223146 32169.0278  127  137 32149.0000 32192.0000  0.13%   101 1650s
 323799 224747 32189.6938   89  203 32149.0000 32192.0000  0.13%   101 1655s
 325726 226299 32156.3430  157  132 32149.0000 32192.0000  0.13%   101 1663s
 327658 227778 32189.2300   94  235 32149.0000 32192.0000  0.13%   101 1672s
 329473 229273 32189.8059   68  191 32149.0000 32192.0000  0.13%   101 1678s
 331474 230704 32190.8370   67  222 32149.0000 32192.0000  0.13%   101 1693s
 333269 232329 32186.9918   92  165 32149.0000 32192.0000  0.13%   101 1701s
 335244 233415 32167.5409  122  118 32149.0000 32192.0000  0.13%   101 1711s
 336676 234685 32176.1247   81  128 32149.0000 32192.0000  0.13%   101 1715s
 338339 235878 32162.6179  138  140 32149.0000 32192.0000  0.13%   101 1721s
 339905 237364 32188.5299   83  194 32149.0000 32192.0000  0.13%   101 1726s
 341787 238863 32183.4270   83  183 32149.0000 32192.0000  0.13%   101 1742s
 343628 240206 32191.4171   56  232 32149.0000 32192.0000  0.13%   101 1755s
 345348 241674 32190.4413   70  211 32149.0000 32192.0000  0.13%   101 1765s
 347238 243302 32185.8912   95  163 32149.0000 32192.0000  0.13%   101 1771s
 349366 244603 32172.0987  114  123 32149.0000 32192.0000  0.13%   101 1779s
 351095 245910 32184.0761   61  183 32149.0000 32192.0000  0.13%   101 1782s
 352679 247317 32183.3574   93  129 32149.0000 32192.0000  0.13%   101 1798s
 354382 248323 32192.0000   61  205 32149.0000 32192.0000  0.13%   101 1805s
 355749 249905 32160.6897   87  107 32149.0000 32192.0000  0.13%   101 1810s
 357714 251238 32191.2092   72  238 32149.0000 32192.0000  0.13%   101 1819s
 359398 252779 32188.9947   99  198 32149.0000 32192.0000  0.13%   101 1826s
 361263 254263 32189.6629   94  213 32149.0000 32192.0000  0.13%   101 1831s
 363086 255735 32188.8885   54  234 32149.0000 32192.0000  0.13%   101 1846s
 364885 257103 32187.9445   72  190 32149.0000 32191.9968  0.13%   101 1856s
 366731 258655 32172.8882   56  191 32149.0000 32191.9948  0.13%   101 1868s
 368700 260139 32190.7234   62  200 32149.0000 32191.9925  0.13%   101 1874s
 370539 261688 32158.8330  125   86 32149.0000 32191.9900  0.13%   101 1887s
 372450 262777 32186.2269   97  200 32149.0000 32191.9872  0.13%   101 1897s
 373879 264019 32189.7742   62  207 32149.0000 32191.9850  0.13%   101 1909s
 375609 265481 32174.7295   82  138 32149.0000 32191.9820  0.13%   101 1923s
 377462 267095 32190.5889   75  196 32149.0000 32191.9789  0.13%   101 1928s
 379478 268461 32166.8724  135  149 32149.0000 32191.9769  0.13%   101 1938s
 381292 269988 32188.3720   73  194 32149.0000 32191.9729  0.13%   101 1944s
 383168 271503 32181.0153   79  136 32149.0000 32191.9718  0.13%   100 1950s
 385054 273161 32166.6526   60  141 32149.0000 32191.9686  0.13%   100 1971s
 387149 274489 32175.2679  136  133 32149.0000 32191.9658  0.13%   100 1983s
 388919 275905 32174.7956   97  112 32149.0000 32191.9637  0.13%   100 1988s
 390708 277288 32180.8250   81  167 32149.0000 32191.9612  0.13%   100 1995s
 394182 279882 32182.0842  120  158 32149.0000 32191.9567  0.13%   100 2012s
 395941 281386 32189.4929   62  193 32149.0000 32191.9537  0.13%   100 2018s
 397951 282932 32187.8552  108  203 32149.0000 32191.9508  0.13%   100 2023s
 399876 284488 32187.0049  103  200 32149.0000 32191.9485  0.13%   100 2028s
 401735 285712 32190.4364   77  227 32149.0000 32191.9457  0.13%   100 2036s
 403258 287195 32187.9092   75  183 32149.0000 32191.9445  0.13%   100 2046s
 405205 288623 32188.2368   73  191 32149.0000 32191.9419  0.13%   100 2050s
 407210 289904 32185.3626  126  167 32149.0000 32191.9395  0.13%   100 2059s
 408773 291198 32189.6562   82  217 32149.0000 32191.9383  0.13%   100 2082s
 410407 292760 32189.8726   98  204 32149.0000 32191.9357  0.13%   100 2093s
 412360 294381 32190.4630   58  221 32149.0000 32191.9331  0.13%   100 2096s
 414341 295766 32158.4640  102  122 32149.0000 32191.9322  0.13%   100 2106s
 416077 297268 32180.5991  100  139 32149.0000 32191.9300  0.13%   100 2118s
 417901 298544 32189.5086   73  179 32149.0000 32191.9285  0.13%   100 2123s
 419723 299795 32182.0133   89  143 32149.0000 32191.9261  0.13%   100 2129s
 421372 301583 32188.8434   74  178 32149.0000 32191.9241  0.13%   100 2142s
 423538 302755 32157.3101  131  120 32149.0000 32191.9214  0.13%  99.4 2154s
 425097 303853 32177.8807   66  169 32149.0000 32191.9193  0.13%  99.4 2159s
 426684 305146 32179.0276   70  135 32149.0000 32191.9175  0.13%  99.5 2165s
 428389 306328 32187.4902   91  188 32149.0000 32191.9161  0.13%  99.4 2170s
 430064 307636 32185.6787   73  162 32149.0000 32191.9131  0.13%  99.5 2190s
 431938 308909 32191.7461   58  205 32149.0000 32191.9115  0.13%  99.5 2197s
 433625 310297 32190.9879   65  220 32149.0000 32191.9100  0.13%   100 2202s
 435319 312004 32190.4003   83  215 32149.0000 32191.9071  0.13%  99.5 2213s
 437398 313586 32166.8924   85  170 32149.0000 32191.9046  0.13%  99.4 2221s
 439412 315310 32188.0398   68  165 32149.0000 32191.9018  0.13%  99.3 2229s
 441746 316704 32186.6247  117  182 32149.0000 32191.9003  0.13%  99.2 2234s
 443479 318095 32183.8069   77  134 32149.0000 32191.8985  0.13%  99.2 2239s
 445165 319365 32170.2441  100  126 32149.0000 32191.8971  0.13%  99.1 2245s
 446730 320539 32189.4699   68  236 32149.0000 32191.8959  0.13%  99.1 2253s
 448177 321274 32171.9825   87  157 32149.0000 32191.8937  0.13%  99.1 2273s
 449463 322690 32191.0484   76  204 32149.0000 32191.8912  0.13%  99.1 2285s
 451342 324335 32157.9157   89  117 32149.0000 32191.8894  0.13%  99.1 2290s
 453400 325775 32184.3026   79  180 32149.0000 32191.8874  0.13%  99.0 2296s
 455154 327150 32186.7521   75  197 32149.0000 32191.8857  0.13%  99.0 2307s
 456871 328810 32186.6906   78  180 32149.0000 32191.8837  0.13%  98.9 2313s
 458817 330429 32189.3239   65  198 32149.0000 32191.8820  0.13%  98.8 2321s
 460850 331398     cutoff  162      32149.0000 32191.8799  0.13%  98.8 2327s
 462432 332289 32171.1322   65  155 32149.0000 32191.8799  0.13%  98.8 2352s
 463914 333722 32160.5069  109   79 32149.0000 32191.8777  0.13%  98.9 2361s
 465857 334949 32185.6173   60  176 32149.0000 32191.8758  0.13%  98.8 2365s
 467500 336411 32188.8280   95  189 32149.0000 32191.8748  0.13%  98.9 2372s
 469327 337954 32186.8753   87  175 32149.0000 32191.8729  0.13%  98.9 2384s
 471398 339542 32189.2212   73  199 32149.0000 32191.8697  0.13%  98.8 2389s
 473372 341128 32186.0194   75  184 32149.0000 32191.8673  0.13%  98.8 2394s
 475404 342441 32191.2576   69  215 32149.0000 32191.8655  0.13%  98.7 2403s
 477097 343972 32188.2936   55  195 32149.0000 32191.8635  0.13%  98.7 2408s
 479137 345654 32188.2309   70  211 32149.0000 32191.8613  0.13%  98.7 2413s
 481204 346765 32154.5444  115   65 32149.0000 32191.8600  0.13%  98.6 2417s
 482745 348167 32182.7222   69  138 32149.0000 32191.8578  0.13%  98.6 2423s
 484458 349697 32180.0802   83  134 32149.0000 32191.8562  0.13%  98.6 2433s
 486340 351075 32182.6501   78  134 32149.0000 32191.8547  0.13%  98.6 2438s
 488027 352606 32160.8876   71  163 32149.0000 32191.8527  0.13%  98.5 2449s
 489935 353576 32190.7509   74  217 32149.0000 32191.8518  0.13%  98.5 2456s
 491379 354906 32177.0234   68  145 32149.0000 32191.8496  0.13%  98.5 2465s
 493127 356090 32187.8926   63  193 32149.0000 32191.8476  0.13%  98.5 2471s
 494757 357649 32191.7047   66  220 32149.0000 32191.8461  0.13%  98.5 2476s
 496785 359125     cutoff  127      32149.0000 32191.8442  0.13%  98.4 2483s
 498664 360408 32190.8360   65  226 32149.0000 32191.8431  0.13%  98.4 2492s
 500406 361941 32187.6354   89  146 32149.0000 32191.8414  0.13%  98.4 2498s
 502355 363462 32190.9360   78  197 32149.0000 32191.8403  0.13%  98.4 2503s
 504291 364932 32175.7113   92  106 32149.0000 32191.8380  0.13%  98.3 2516s
 506187 366382 32189.1616   93  222 32149.0000 32191.8368  0.13%  98.3 2532s
 508037 367940 32190.5755   61  213 32149.0000 32191.8350  0.13%  98.3 2540s
 511951 370847 32191.7133   61  221 32149.0000 32191.8317  0.13%  98.2 2555s
 513801 372211 32185.1997   86  173 32149.0000 32191.8306  0.13%  98.1 2561s
 515519 373376 32186.7113   86  201 32149.0000 32191.8283  0.13%  98.1 2565s
 517197 374703 32159.4934   71  184 32149.0000 32191.8264  0.13%  98.2 2571s
 519141 376518 32153.2005  126  109 32149.0000 32191.8260  0.13%  98.2 2579s
 520661 376518 32183.0036  117  156 32149.0000 32191.8245  0.13%  98.1 2580s
 523329 379574 32187.6950   82  185 32149.0000 32191.8206  0.13%  98.1 2593s
 525305 380847 32183.4836  132  153 32149.0000 32191.8201  0.13%  98.0 2597s
 526914 382036 32186.6436   73  132 32149.0000 32191.8182  0.13%  98.0 2611s
 528560 383119 32150.4095  123   87 32149.0000 32191.8177  0.13%  98.0 2615s
 530139 384827 32182.7049   98  145 32149.0000 32191.8153  0.13%  98.1 2626s
 532244 386375 32188.0973   83  175 32149.0000 32191.8133  0.13%  98.0 2632s
 534200 387643 32191.6399   62  245 32149.0000 32191.8114  0.13%  98.0 2641s
 535842 389602 32189.1279   73  231 32149.0000 32191.8107  0.13%  97.9 2653s
 538186 391035 32160.6420  129  105 32149.0000 32191.8078  0.13%  97.9 2660s
 540093 392512 32188.9786   96  197 32149.0000 32191.8058  0.13%  97.9 2665s
 541980 393861 32188.6231   66  182 32149.0000 32191.8035  0.13%  97.8 2670s
 543681 395395 32190.6917   60  243 32149.0000 32191.8020  0.13%  97.8 2680s
 547628 398022 32188.3799   91  203 32149.0000 32191.7994  0.13%  97.7 2695s
 548980 399129 32186.8144   75  182 32149.0000 32191.7972  0.13%  97.8 2700s
 550603 400657 32190.0086   71  191 32149.0000 32191.7959  0.13%  97.8 2709s
 551528 400657 32180.3363   87  131 32149.0000 32191.7956  0.13%  97.8 2710s
 552542 402160 32185.1528   74  194 32149.0000 32191.7946  0.13%  97.7 2719s
 554594 403628 32187.6845   89  191 32149.0000 32191.7933  0.13%  97.7 2725s
 556367 405202 32191.3985   70  197 32149.0000 32191.7919  0.13%  97.7 2734s
 558297 406144 32187.8663   74  196 32149.0000 32191.7910  0.13%  97.6 2738s
 559631 407422 32156.2093   89  159 32149.0000 32191.7897  0.13%  97.7 2744s
 561441 408833 32189.2029   86  176 32149.0000 32191.7887  0.13%  97.7 2763s
 563263 410287 32184.2794   60  190 32149.0000 32191.7866  0.13%  97.7 2776s
 565005 411835 32190.0942   69  184 32149.0000 32191.7850  0.13%  97.6 2780s
 566981 412767 32186.8187   96  205 32149.0000 32191.7839  0.13%  97.6 2790s
 568438 414250 32188.4451   94  175 32149.0000 32191.7824  0.13%  97.6 2795s
 570348 415641 32188.2924   78  216 32149.0000 32191.7805  0.13%  97.6 2804s
 572091 417126 32187.6458   67  169 32149.0000 32191.7794  0.13%  97.6 2812s
 574173 418302 32188.1325   74  172 32149.0000 32191.7785  0.13%  97.6 2817s
 575699 419924 32187.4713   70  146 32149.0000 32191.7766  0.13%  97.7 2825s
 577893 421407 32190.4577   69  215 32149.0000 32191.7757  0.13%  97.7 2840s
 579908 422714 32184.5001   88  149 32149.0000 32191.7735  0.13%  97.6 2849s
 581699 424359 32185.6030   89  159 32149.0000 32191.7726  0.13%  97.6 2855s
 583703 425771 32172.9985  138  107 32149.0000 32191.7700  0.13%  97.5 2860s
 585494 427266 32190.0870   72  178 32149.0000 32191.7689  0.13%  97.5 2869s
 587363 428834 32166.7969   87  159 32149.0000 32191.7674  0.13%  97.5 2878s
 589334 430476 32165.1949  108  140 32149.0000 32191.7657  0.13%  97.5 2886s
 591411 431769 32188.3735   89  185 32149.0000 32191.7638  0.13%  97.4 2890s
 593112 432755 32177.5075  106  142 32149.0000 32191.7622  0.13%  97.4 2910s
 594537 434118 32164.6593  105  113 32149.0000 32191.7603  0.13%  97.4 2917s
 596335 435640 32188.9160   82  206 32149.0000 32191.7587  0.13%  97.4 2921s
 598301 437205 32190.7777   73  186 32149.0000 32191.7573  0.13%  97.4 2930s
 600209 438714 32189.5046   73  210 32149.0000 32191.7552  0.13%  97.4 2939s
 602109 440196 32189.4962   86  204 32149.0000 32191.7540  0.13%  97.3 2946s
 603978 441253 32174.0903  128   93 32149.0000 32191.7527  0.13%  97.3 2951s
 605364 442759 32184.9759  134  161 32149.0000 32191.7519  0.13%  97.4 2956s
 607373 443978 32188.1332   59  194 32149.0000 32191.7503  0.13%  97.3 2965s
 609080 445619 32180.4973   70  169 32149.0000 32191.7492  0.13%  97.4 2970s
 611176 447203 32187.9658   77  198 32149.0000 32191.7474  0.13%  97.3 2980s
 613114 448162 32189.8895   73  192 32149.0000 32191.7460  0.13%  97.3 3000s
 614580 449646 32155.9314   92  100 32149.0000 32191.7441  0.13%  97.3 3007s
 616418 451267 32169.1434  104  125 32149.0000 32191.7427  0.13%  97.3 3019s
 618502 452798 32189.7941   63  198 32149.0000 32191.7410  0.13%  97.3 3028s
 620387 454208 32188.1663  102  182 32149.0000 32191.7396  0.13%  97.2 3033s
 622324 455690 32178.9836  108  150 32149.0000 32191.7379  0.13%  97.2 3041s
 624211 457155 32190.3276   65  216 32149.0000 32191.7365  0.13%  97.2 3046s
 626080 458397 32188.4331   73  197 32149.0000 32191.7351  0.13%  97.2 3051s
 627779 460122 32187.9483   92  186 32149.0000 32191.7338  0.13%  97.2 3061s
 630013 461480 32188.7162   94  192 32149.0000 32191.7325  0.13%  97.1 3070s
 631779 462944 32154.8996   99   68 32149.0000 32191.7307  0.13%  97.1 3076s
 633724 464471 32181.0113   72  199 32149.0000 32191.7294  0.13%  97.1 3082s
 635667 466041 32188.8682   94  190 32149.0000 32191.7275  0.13%  97.1 3087s
 637632 467039     cutoff  111      32149.0000 32191.7259  0.13%  97.0 3108s
 639088 468123 32189.5142   81  165 32149.0000 32191.7243  0.13%  97.0 3117s
 640542 469784 32180.3435  112  139 32149.0000 32191.7229  0.13%  97.1 3121s
 642689 471154 32189.4860   86  197 32149.0000 32191.7217  0.13%  97.0 3127s
 644433 472850 32184.2429   78  132 32149.0000 32191.7210  0.13%  97.0 3135s
 646564 474200     cutoff  111      32149.0000 32191.7188  0.13%  97.0 3140s
 650112 476879 32184.7092   87  139 32149.0000 32191.7157  0.13%  96.9 3154s
 651744 478158 32189.9178   55  227 32149.0000 32191.7147  0.13%  96.9 3162s
 653395 479619 32169.2982   75  104 32149.0000 32191.7135  0.13%  96.9 3167s
 655152 481029 32164.2034  112   85 32149.0000 32191.7125  0.13%  96.9 3177s
 656989 482025 32191.3841   59  210 32149.0000 32191.7113  0.13%  96.9 3183s
 658465 483197 32181.8294   99  139 32149.0000 32191.7102  0.13%  96.9 3188s
 659977 484600 32188.1658   70  197 32149.0000 32191.7095  0.13%  96.9 3199s
 661861 485878 32185.6405   89  169 32149.0000 32191.7078  0.13%  96.9 3211s
 663562 487439 32162.6560  107  115 32149.0000 32191.7057  0.13%  96.9 3218s
 665561 488710 32152.0697  120   73 32149.0000 32191.7041  0.13%  96.8 3226s
 667312 490068 32189.5904   73  201 32149.0000 32191.7035  0.13%  96.8 3232s
 669198 491618 32163.8751  107  141 32149.0000 32191.7018  0.13%  96.8 3237s
 671161 493042 32189.6603   78  190 32149.0000 32191.7001  0.13%  96.8 3241s
 672990 494394     cutoff  100      32149.0000 32191.6986  0.13%  96.8 3247s
 674680 495552 32162.5965  117   80 32149.0000 32191.6977  0.13%  96.7 3255s
 676306 497079 32190.0346   90  191 32149.0000 32191.6967  0.13%  96.7 3269s
 678182 498384 32187.8417   79  182 32149.0000 32191.6949  0.13%  96.7 3280s
 679857 499795 32189.9206   67  205 32149.0000 32191.6940  0.13%  96.6 3291s
 681604 501217 32185.3732   71  182 32149.0000 32191.6922  0.13%  96.6 3295s
 683501 502635 32166.0624   93  107 32149.0000 32191.6905  0.13%  96.6 3301s
 685366 504121 32179.4699   87  128 32149.0000 32191.6893  0.13%  96.6 3307s
 687222 505631 32188.5476   70  206 32149.0000 32191.6872  0.13%  96.6 3316s
 691031 508361 32163.6085   96  168 32149.0000 32191.6845  0.13%  96.5 3329s
 692787 509643 32184.4250   84  177 32149.0000 32191.6825  0.13%  96.5 3336s
 694430 511143 32187.4050   70  189 32149.0000 32191.6815  0.13%  96.5 3340s
 696346 512424 32155.7159  108  100 32149.0000 32191.6801  0.13%  96.5 3350s
 697958 513940 32164.3960  106  112 32149.0000 32191.6785  0.13%  96.5 3355s
 699868 515573 32190.6292   67  210 32149.0000 32191.6773  0.13%  96.4 3361s
 702006 516931 32189.6371   69  215 32149.0000 32191.6757  0.13%  96.4 3371s
 703758 518346 32178.8306  104  146 32149.0000 32191.6747  0.13%  96.4 3378s
 705474 519765 32163.9663   88   78 32149.0000 32191.6734  0.13%  96.3 3389s
 707235 521082 32189.9222   63  226 32149.0000 32191.6728  0.13%  96.3 3393s
 708926 522425 32181.6684  125  139 32149.0000 32191.6718  0.13%  96.3 3410s
 710652 523920 32188.7914   67  197 32149.0000 32191.6703  0.13%  96.3 3417s
 712520 525394 32190.2778   66  186 32149.0000 32191.6694  0.13%  96.2 3421s
 714439 526315 32173.1068   69  190 32149.0000 32191.6681  0.13%  96.2 3438s
 715783 527457 32172.5048   89  130 32149.0000 32191.6674  0.13%  96.2 3447s
 717459 528979 32166.6964  117  108 32149.0000 32191.6662  0.13%  96.2 3452s
 719417 530173 32163.1141  125  115 32149.0000 32191.6650  0.13%  96.2 3458s
 721118 531250 32188.9096   74  225 32149.0000 32191.6642  0.13%  96.2 3463s
 722763 532889 32184.4492   91  142 32149.0000 32191.6630  0.13%  96.3 3473s
 725123 534500 32160.7177   91  146 32149.0000 32191.6615  0.13%  96.2 3480s
 729084 537474 32184.9699  108  175 32149.0000 32191.6593  0.13%  96.2 3490s
 731019 538918 32183.2221   95  147 32149.0000 32191.6581  0.13%  96.2 3509s
 732865 540326 32188.1045   71  167 32149.0000 32191.6568  0.13%  96.1 3513s
 734614 541555 32182.1644   89  140 32149.0000 32191.6556  0.13%  96.1 3523s
 736282 543126 32187.8404   70  213 32149.0000 32191.6548  0.13%  96.1 3529s
 738319 544747 32190.5805   68  226 32149.0000 32191.6532  0.13%  96.1 3537s
 740342 545923 32186.5044   80  185 32149.0000 32191.6521  0.13%  96.1 3542s
 742008 547276 32191.0180   49  252 32149.0000 32191.6516  0.13%  96.1 3548s
 743746 548717 32183.1247   94  149 32149.0000 32191.6498  0.13%  96.1 3554s
 745660 549991 32188.4885   84  163 32149.0000 32191.6489  0.13%  96.0 3561s
 747250 551186 32189.3318   64  212 32149.0000 32191.6478  0.13%  96.0 3572s
 748779 552451 32186.9566   72  155 32149.0000 32191.6462  0.13%  96.0 3596s
 750454 552462 32191.4595   69  241 32149.0000 32191.6449  0.13%  96.0 3600s

Cutting planes:
  Gomory: 42
  Cover: 448
  Clique: 14
  MIR: 205
  StrongCG: 164
  Flow cover: 27
  Zero half: 1
  RLT: 5

Explored 750467 nodes (72063026 simplex iterations) in 3600.88 seconds
Thread count was 12 (of 12 available processors)

Solution count 10: 32149 32132 32129 ... 32052

Time limit reached
Best objective 3.214900000000e+04, best bound 3.219100000000e+04, gap 0.1306%
