
Gurobi 9.1.2 (win64, Java) logging started Fri Nov 12 10:08:49 2021

Academic license - for non-commercial use only - expires 2022-10-30
Gurobi Optimizer version 9.1.2 build v9.1.2rc0 (win64)
Thread count: 6 physical cores, 12 logical processors, using up to 12 threads
Optimize a model with 70 rows, 600 columns and 1200 nonzeros
Model fingerprint: 0x48b95a95
Variable types: 0 continuous, 600 integer (600 binary)
Coefficient statistics:
  Matrix range     [1e+00, 1e+03]
  Objective range  [4e+01, 9e+02]
  Bounds range     [1e+00, 1e+00]
  RHS range        [1e+00, 2e+03]
Found heuristic solution: objective 15386.000000
Presolve removed 0 rows and 29 columns
Presolve time: 0.00s
Presolved: 70 rows, 571 columns, 1142 nonzeros
Variable types: 0 continuous, 571 integer (571 binary)
Presolved: 70 rows, 571 columns, 1142 nonzeros


Root relaxation: objective 1.812145e+04, 147 iterations, 0.00 seconds

    Nodes    |    Current Node    |     Objective Bounds      |     Work
 Expl Unexpl |  Obj  Depth IntInf | Incumbent    BestBd   Gap | It/Node Time

     0     0 18121.4485    0   12 15386.0000 18121.4485  17.8%     -    0s
H    0     0                    17234.000000 18121.4485  5.15%     -    0s
H    0     0                    17755.000000 18121.4485  2.06%     -    0s
H    0     0                    17757.000000 18121.4485  2.05%     -    0s
H    0     0                    17765.000000 18121.4485  2.01%     -    0s
     0     0 18121.4485    0   28 17765.0000 18121.4485  2.01%     -    0s
     0     0 18121.4485    0   23 17765.0000 18121.4485  2.01%     -    0s
H    0     0                    17884.000000 18121.4485  1.33%     -    0s
     0     0 18112.5393    0   18 17884.0000 18112.5393  1.28%     -    0s
H    0     0                    17921.000000 18112.5393  1.07%     -    0s
     0     0 18112.5393    0   22 17921.0000 18112.5393  1.07%     -    0s
     0     0 18112.5393    0   25 17921.0000 18112.5393  1.07%     -    0s
     0     0 18112.5393    0   16 17921.0000 18112.5393  1.07%     -    0s
     0     2 18112.5393    0   16 17921.0000 18112.5393  1.07%     -    0s
H   31    40                    17983.000000 18112.5393  0.72%  13.4    0s
H 1334  1228                    17998.000000 18112.5393  0.64%   4.5    0s
H 2430  2076                    18017.000000 18109.6000  0.51%   4.7    1s
H 2451  1986                    18058.000000 18109.6000  0.29%   5.8    2s
H 2456  1889                    18080.000000 18109.6000  0.16%   5.8    2s
H 3101  2194                    18083.000000 18109.2867  0.15%   7.1    4s
 18433 12782 18104.0000   68   19 18083.0000 18108.9918  0.14%   4.8    5s
 58513 34928 18108.4422   82   27 18083.0000 18108.8414  0.14%   5.3   10s
 117552 62476 18084.3060  141   11 18083.0000 18108.8414  0.14%   6.2   15s
 183075 111881 18105.9038   80   25 18083.0000 18108.8414  0.14%   7.1   21s
 219391 141083 18104.0000  144   15 18083.0000 18108.6716  0.14%   7.5   25s
 281894 188007 18108.2903  106   25 18083.0000 18108.4422  0.14%   8.1   30s
 330352 221265 18107.8076  121   30 18083.0000 18108.4422  0.14%   8.5   35s
 365678 243721 18108.4422   87   32 18083.0000 18108.4422  0.14%   9.0   40s
 394612 260854 18105.9038   98   43 18083.0000 18108.4422  0.14%   9.6   45s
 413667 269693 18096.2882  152   27 18083.0000 18108.4422  0.14%  10.1   50s
 427786 278230 18108.4422  123   32 18083.0000 18108.4422  0.14%  10.5   55s
 443070 285410     cutoff  118      18083.0000 18108.4422  0.14%  10.9   60s
 463789 294939 18108.4422  126   37 18083.0000 18108.4422  0.14%  11.4   65s
 484163 303897 18107.8007  122   43 18083.0000 18108.4422  0.14%  11.9   70s
 501466 312298     cutoff  120      18083.0000 18108.4422  0.14%  12.3   75s
 518802 320939 18092.8365  114   33 18083.0000 18108.4422  0.14%  12.5   80s
 535513 328722 18102.2624  126   24 18083.0000 18108.4422  0.14%  12.7   85s
 553138 335768 18098.0154  123   29 18083.0000 18108.4422  0.14%  12.8   90s
 573514 343864     cutoff  117      18083.0000 18108.4422  0.14%  13.0   95s
 591960 351673 18088.9492  115   28 18083.0000 18108.4422  0.14%  13.2  100s
 613856 361471     cutoff  115      18083.0000 18108.4422  0.14%  13.5  105s
 627077 367223 18104.0000  119   22 18083.0000 18108.4422  0.14%  13.7  110s
 647731 376152 18108.4422  118   38 18083.0000 18108.4422  0.14%  13.9  115s
 663739 383041     cutoff  129      18083.0000 18108.4422  0.14%  14.1  120s
 687359 394316 18090.5703  126   44 18083.0000 18108.4422  0.14%  14.3  125s
 709434 404885 18103.4937  120   28 18083.0000 18108.4422  0.14%  14.5  130s
 728100 413198     cutoff  132      18083.0000 18108.4422  0.14%  14.7  135s
 743179 419824     cutoff  124      18083.0000 18108.4422  0.14%  14.8  140s
 764737 429242 18108.4422  105   27 18083.0000 18108.4422  0.14%  15.0  145s
 782729 436949 18105.8481  120   33 18083.0000 18108.4422  0.14%  15.2  150s
 803124 445534 18087.8182  143   12 18083.0000 18108.4422  0.14%  15.3  155s
 822324 453985     cutoff  120      18083.0000 18108.4422  0.14%  15.5  160s
 839521 461534 18089.9925  125   24 18083.0000 18108.4422  0.14%  15.6  165s
 853862 467654 18105.9038  122   32 18083.0000 18108.4422  0.14%  15.6  170s
 875056 476805     cutoff  104      18083.0000 18108.4422  0.14%  15.7  175s
 898878 486717     cutoff  116      18083.0000 18108.4422  0.14%  15.7  180s
 919569 495109 18094.5436  109   28 18083.0000 18108.4422  0.14%  15.8  185s
 939220 503500 18088.1097  129   27 18083.0000 18108.4422  0.14%  15.9  190s
 959639 512525 18085.9013  133   30 18083.0000 18108.4422  0.14%  16.0  195s
 973946 518043 18108.4422  128   32 18083.0000 18108.4422  0.14%  16.1  200s
 991913 527108 18088.2788  124   33 18083.0000 18108.4422  0.14%  16.3  205s
 1006905 533621     cutoff  124      18083.0000 18108.4422  0.14%  16.4  210s
 1026817 542485     cutoff  134      18083.0000 18108.4422  0.14%  16.5  215s
 1044341 550287 18108.2903  123   25 18083.0000 18108.4422  0.14%  16.7  220s
 1060187 557885     cutoff  129      18083.0000 18108.4422  0.14%  16.7  225s
 1080836 566502 18098.0000  146   15 18083.0000 18108.4422  0.14%  16.8  230s
 1092454 571636 18099.7017  151   14 18083.0000 18108.4422  0.14%  16.8  235s
 1109124 578805 18086.4644  125   22 18083.0000 18108.4422  0.14%  16.9  240s
 1130064 587853 18108.4422  125   42 18083.0000 18108.4422  0.14%  17.0  245s
H1145062 155997                    18104.000000 18108.4422  0.02%  17.0  249s
 1145065 156195     cutoff  136      18104.0000 18108.4422  0.02%  17.0  250s

Cutting planes:
  Gomory: 11
  Cover: 58
  Clique: 4
  MIR: 41
  StrongCG: 29
  Flow cover: 33
  Zero half: 4
  RLT: 6

Explored 1148117 nodes (19580118 simplex iterations) in 251.58 seconds
Thread count was 12 (of 12 available processors)

Solution count 10: 18104 18083 18080 ... 17765

Optimal solution found (tolerance 1.00e-12)
Best objective 1.810400000000e+04, best bound 1.810400000000e+04, gap 0.0000%
