
Gurobi 9.1.2 (win64, Java) logging started Sat Nov 13 11:44:51 2021

Academic license - for non-commercial use only - expires 2022-10-30
Gurobi Optimizer version 9.1.2 build v9.1.2rc0 (win64)
Thread count: 6 physical cores, 12 logical processors, using up to 12 threads
Optimize a model with 80 rows, 1200 columns and 2400 nonzeros
Model fingerprint: 0x70e90b4d
Variable types: 0 continuous, 1200 integer (1200 binary)
Coefficient statistics:
  Matrix range     [1e+00, 9e+02]
  Objective range  [1e+02, 9e+02]
  Bounds range     [1e+00, 1e+00]
  RHS range        [1e+00, 1e+03]
Found heuristic solution: objective 16361.000000
Presolve removed 0 rows and 386 columns
Presolve time: 0.01s
Presolved: 80 rows, 814 columns, 1628 nonzeros
Variable types: 0 continuous, 814 integer (814 binary)
Presolved: 80 rows, 814 columns, 1628 nonzeros


Root relaxation: objective 1.983231e+04, 284 iterations, 0.00 seconds

    Nodes    |    Current Node    |     Objective Bounds      |     Work
 Expl Unexpl |  Obj  Depth IntInf | Incumbent    BestBd   Gap | It/Node Time

     0     0 19832.3098    0   27 16361.0000 19832.3098  21.2%     -    0s
H    0     0                    18445.000000 19832.3098  7.52%     -    0s
H    0     0                    18564.000000 19832.3098  6.83%     -    0s
H    0     0                    18717.000000 19832.3098  5.96%     -    0s
     0     0 19832.0447    0   59 18717.0000 19832.0447  5.96%     -    0s
     0     0 19832.0447    0   31 18717.0000 19832.0447  5.96%     -    0s
H    0     0                    18918.000000 19832.0447  4.83%     -    0s
H    0     0                    18970.000000 19832.0447  4.54%     -    0s
     0     2 19832.0447    0   31 18970.0000 19832.0447  4.54%     -    0s
H   31    40                    18972.000000 19831.5867  4.53%   118    0s
H   33    40                    19235.000000 19831.5867  3.10%   113    0s
H  153   274                    19300.000000 19831.5867  2.75%  50.9    0s
H  302   327                    19462.000000 19831.5867  1.90%  31.2    0s
H 1652  1399                    19581.000000 19788.4586  1.06%  16.6    1s
H 1668  1339                    19626.000000 19776.0790  0.76%  16.5    2s
  1847  1469 19767.8679   42  139 19626.0000 19768.3794  0.73%  30.9    5s
H 1853  1398                    19677.000000 19768.3794  0.46%  31.1    5s
  6534  3956 19750.9615   58  125 19677.0000 19764.8434  0.45%  63.4   10s
 12047  7958 19690.1961   82   66 19677.0000 19760.2870  0.42%  66.0   15s
 16857 11857     cutoff   90      19677.0000 19759.1343  0.42%  69.7   20s
 18056 11935 19759.0323   54  166 19677.0000 19759.0323  0.42%  70.0   25s
H18349 11510                    19691.000000 19759.0323  0.35%  70.2   27s
 22870 13454 19722.8845   84   82 19691.0000 19759.0323  0.35%  70.4   30s
 31335 17115 19738.3905   85  111 19691.0000 19757.1143  0.34%  71.6   35s
 36723 19179 19720.8375   87  121 19691.0000 19755.6016  0.33%  72.3   40s
 45526 22203 19704.6658   97   86 19691.0000 19753.7288  0.32%  74.0   45s
 51744 24120 19726.9989   73  126 19691.0000 19752.9046  0.31%  74.6   50s
 55331 25302 19709.2537   68  173 19691.0000 19752.5051  0.31%  74.9   55s
 55380 25340 19752.5051   63  173 19691.0000 19752.5051  0.31%  74.9   60s
 55538 25442 19724.2151   70  154 19691.0000 19752.5051  0.31%  75.1   65s
 58943 26949 19742.8387   72  161 19691.0000 19750.2901  0.30%  75.7   70s
 63417 28617 19736.6923   84  142 19691.0000 19745.6936  0.28%  76.6   75s
 67824 29870 19692.9124   90   97 19691.0000 19742.1983  0.26%  77.7   80s
 72140 31014 19700.1405  107   73 19691.0000 19740.1526  0.25%  78.7   85s
 75615 31992 19712.9918  115  116 19691.0000 19738.8416  0.24%  79.4   90s
 80595 33075 19708.9976  112  106 19691.0000 19737.2580  0.23%  80.3   96s
 84725 33984     cutoff  130      19691.0000 19736.1167  0.23%  81.1  101s
 87757 34600 19717.3793  103  127 19691.0000 19735.3713  0.23%  81.4  105s
 92863 35774 19696.1272  121  108 19691.0000 19734.3550  0.22%  82.1  111s
 96486 36508 19692.3447   85  147 19691.0000 19733.7836  0.22%  82.4  115s
 101890 37270 19719.2386  105  107 19691.0000 19733.0025  0.21%  82.9  121s
 105459 37635 19702.1957   93  119 19691.0000 19732.5487  0.21%  83.2  125s
 110367 38412 19723.0191   83  108 19691.0000 19731.8446  0.21%  83.7  131s
 114200 39114 19717.5190  110  161 19691.0000 19731.4284  0.21%  83.8  136s
 117769 39465 19695.3694   88  175 19691.0000 19730.9812  0.20%  83.9  140s
 122965 40185 19694.7128  102  120 19691.0000 19730.4864  0.20%  84.2  146s
 126456 40862 19715.4482   85  133 19691.0000 19730.0904  0.20%  84.4  150s
 131528 41530 19718.1964   94  129 19691.0000 19729.6682  0.20%  84.6  156s
 135185 43305 19702.4885  121  119 19691.0000 19729.3703  0.19%  84.8  160s
 140912 45956 19715.0819   86  123 19691.0000 19729.0003  0.19%  84.8  166s
 144548 47437 19726.6352   82  158 19691.0000 19728.6650  0.19%  84.9  171s
 147994 49026 19716.0104   81  118 19691.0000 19728.4757  0.19%  85.0  175s
 153442 51544 19695.6831   91  111 19691.0000 19728.0494  0.19%  85.2  181s
 157032 53193 19717.6390  105  135 19691.0000 19727.8106  0.19%  85.2  186s
 160359 54676 19708.2490   96  106 19691.0000 19727.6079  0.19%  85.3  190s
 165869 56882     cutoff  103      19691.0000 19727.2592  0.18%  85.3  196s
 169499 58268 19721.9318   88  126 19691.0000 19727.0599  0.18%  85.4  200s
 172846 59913 19722.1826   80  117 19691.0000 19726.8764  0.18%  85.4  205s
 178591 62354 19707.4271   81  128 19691.0000 19726.5857  0.18%  85.4  211s
 182268 63879 19715.0386   94  116 19691.0000 19726.3942  0.18%  85.4  215s
 185375 65142     cutoff   85      19691.0000 19726.2367  0.18%  85.4  220s
 190952 67255 19704.5593  114   91 19691.0000 19725.9946  0.18%  85.3  226s
 196348 69396 19709.0244  103   98 19691.0000 19725.7423  0.18%  85.3  231s
 199533 71046 19700.0775   95  115 19691.0000 19725.6147  0.18%  85.3  235s
 205065 73356 19701.9989  135  117 19691.0000 19725.3684  0.17%  85.3  241s
 208650 74795 19692.5410  102  105 19691.0000 19725.2287  0.17%  85.3  245s
 214075 76970 19719.0859   83  114 19691.0000 19725.0087  0.17%  85.2  251s
 219292 79060 19697.5722   76   91 19691.0000 19724.8183  0.17%  85.3  256s
 222974 80580 19706.5377  104  110 19691.0000 19724.6522  0.17%  85.2  260s
 228263 82723 19697.6640   95   46 19691.0000 19724.4483  0.17%  85.2  266s
 231818 84349 19710.9958   98  159 19691.0000 19724.2993  0.17%  85.1  270s
 237235 86448 19717.1773   78  129 19691.0000 19724.1134  0.17%  85.1  276s
 240923 87562 19714.8447  103  125 19691.0000 19723.9720  0.17%  85.0  280s
 246254 89686 19708.8701   90   82 19691.0000 19723.7970  0.17%  84.9  286s
 249915 90996     cutoff   93      19691.0000 19723.6686  0.17%  84.9  290s
 255469 93184     cutoff  108      19691.0000 19723.4870  0.16%  84.9  296s
 259245 94540 19703.4799  124  129 19691.0000 19723.3706  0.16%  84.9  300s
 264644 96574     cutoff  103      19691.0000 19723.2008  0.16%  84.8  306s
 269796 98349 19720.1323   82  120 19691.0000 19723.0444  0.16%  84.7  311s
 272627 99509 19696.8054  114   55 19691.0000 19722.9771  0.16%  84.6  315s
 278394 101810 19704.8588   82  105 19691.0000 19722.7971  0.16%  84.6  321s
 281951 103247 19692.3208   77  153 19691.0000 19722.6948  0.16%  84.5  325s
 287199 105119     cutoff  108      19691.0000 19722.5395  0.16%  84.4  331s
 292945 106970 19713.0770  100  104 19691.0000 19722.3527  0.16%  84.3  336s
 296654 108408 19715.2911   94  107 19691.0000 19722.2489  0.16%  84.3  340s
 302043 109877 19696.8180  106   86 19691.0000 19722.0923  0.16%  84.2  347s
 304561 111155 19717.0114  101  109 19691.0000 19722.0183  0.16%  84.2  350s
 310439 113245 19698.5701   95   97 19691.0000 19721.8865  0.16%  84.1  356s
 316110 115198 19709.5174   93   87 19691.0000 19721.7175  0.16%  84.0  361s
 319767 116452 19701.3205   84  118 19691.0000 19721.6339  0.16%  83.9  365s
 325049 118205 19704.7191   77  136 19691.0000 19721.4898  0.15%  83.9  370s
 330566 120064 19705.0546   98  104 19691.0000 19721.3578  0.15%  83.8  375s
 336213 121963     cutoff  109      19691.0000 19721.2166  0.15%  83.7  380s
 341346 123577 19705.7495   89  108 19691.0000 19721.0968  0.15%  83.6  385s
 346715 125401 19692.2196   85   92 19691.0000 19720.9731  0.15%  83.5  390s
 352136 127177     cutoff  107      19691.0000 19720.8401  0.15%  83.4  395s
 357472 128855 19715.4785   95  115 19691.0000 19720.7443  0.15%  83.3  401s
 362889 130498     cutoff   81      19691.0000 19720.6197  0.15%  83.3  406s
 368233 132190 19694.2774  100   54 19691.0000 19720.4871  0.15%  83.2  411s
 371926 133292 19695.8902   95   93 19691.0000 19720.4161  0.15%  83.1  415s
 377426 134989 19695.3316   96   90 19691.0000 19720.3016  0.15%  83.1  420s
 382806 136622     cutoff   91      19691.0000 19720.1857  0.15%  83.0  425s
 388510 138333 19714.8318   95   98 19691.0000 19720.0583  0.15%  82.9  431s
 393852 139740 19694.7045   79   78 19691.0000 19719.9465  0.15%  82.9  436s
 398814 141258 19711.1843   77   99 19691.0000 19719.8376  0.15%  82.8  441s
 402558 142341     cutoff   94      19691.0000 19719.7685  0.15%  82.7  445s
 408099 143897 19694.5788  100  100 19691.0000 19719.6771  0.15%  82.6  450s
 413454 145586     cutoff  101      19691.0000 19719.5767  0.15%  82.6  455s
 418863 146995 19697.1140   79   62 19691.0000 19719.4801  0.14%  82.5  460s
 424347 148577 19707.5755   92   83 19691.0000 19719.3846  0.14%  82.4  465s
 429624 150086 19703.3818   80  153 19691.0000 19719.2925  0.14%  82.4  471s
 434678 151499     cutoff  104      19691.0000 19719.1995  0.14%  82.3  476s
 440115 153126 19711.3572  101  135 19691.0000 19719.0928  0.14%  82.2  481s
 443988 153978 19711.4247   77  115 19691.0000 19719.0171  0.14%  82.2  485s
 449117 155717     cutoff   81      19691.0000 19718.9363  0.14%  82.1  490s
 454412 157123 19708.3607   87  118 19691.0000 19718.8447  0.14%  82.0  495s
 460143 158686 19713.8892  121  147 19691.0000 19718.7410  0.14%  81.9  500s
 465424 160234 19701.8204   80   62 19691.0000 19718.6525  0.14%  81.9  505s
 470631 161633 19695.3706   95  128 19691.0000 19718.5618  0.14%  81.8  510s
 475790 163136 19699.3388   87   70 19691.0000 19718.4714  0.14%  81.7  516s
 481432 164505 19704.6692   94  109 19691.0000 19718.3690  0.14%  81.7  520s
 486638 165888     cutoff   93      19691.0000 19718.2960  0.14%  81.6  525s
 491351 167197 19715.0661   91   84 19691.0000 19718.2292  0.14%  81.5  531s
 497170 168665 19709.3083   96   88 19691.0000 19718.1252  0.14%  81.5  536s
 502486 169991 19701.7505   97  111 19691.0000 19718.0381  0.14%  81.4  541s
 507677 171484 19696.3570   96   93 19691.0000 19717.9632  0.14%  81.3  545s
 512756 172912 19708.3310  107   73 19691.0000 19717.8790  0.14%  81.3  551s
 518396 174261     cutoff   85      19691.0000 19717.7932  0.14%  81.2  555s
 523291 175482     cutoff   79      19691.0000 19717.7322  0.14%  81.1  560s
 528684 176920     cutoff  101      19691.0000 19717.6502  0.14%  81.0  565s
 534392 178160     cutoff   97      19691.0000 19717.5612  0.13%  81.0  570s
 539811 179439 19703.2399  102  100 19691.0000 19717.4810  0.13%  80.9  575s
 544782 180762 19707.3347   95  104 19691.0000 19717.4080  0.13%  80.8  580s
 550392 182352     cutoff   83      19691.0000 19717.3398  0.13%  80.8  585s
 557499 184047     cutoff   98      19691.0000 19717.2312  0.13%  80.7  591s
 562756 185384 19708.1141   91   93 19691.0000 19717.1608  0.13%  80.7  596s
 568369 186557 19701.3451  120   77 19691.0000 19717.0911  0.13%  80.6  601s
 573504 187719 19702.6822  100  110 19691.0000 19717.0125  0.13%  80.5  606s
 578841 188940 19699.5695  115  121 19691.0000 19716.9369  0.13%  80.5  611s
 584315 190277 19711.0584   91   83 19691.0000 19716.8580  0.13%  80.4  616s
 589869 191525 19713.1079   94  108 19691.0000 19716.7907  0.13%  80.3  620s
 594638 192727     cutoff  122      19691.0000 19716.7356  0.13%  80.3  626s
 600370 194130 19706.1204   96   89 19691.0000 19716.6445  0.13%  80.2  631s
 606164 195341     cutoff   98      19691.0000 19716.5721  0.13%  80.1  635s
 611340 196546 19706.7627  117   96 19691.0000 19716.5050  0.13%  80.1  640s
 616679 197753 19707.5240   80  100 19691.0000 19716.4406  0.13%  80.0  645s
 622333 199021 19699.2233  114  118 19691.0000 19716.3719  0.13%  80.0  650s
 627412 200259 19709.0024   91   88 19691.0000 19716.3051  0.13%  79.9  656s
 632978 201328 19703.6294   87   91 19691.0000 19716.2296  0.13%  79.9  661s
 635831 202183     cutoff   93      19691.0000 19716.1968  0.13%  79.8  665s
 641502 203604     cutoff  100      19691.0000 19716.1214  0.13%  79.8  670s
 646955 204947 19702.5629   77   88 19691.0000 19716.0566  0.13%  79.7  675s
 652011 206169 19695.7299  107   64 19691.0000 19715.9961  0.13%  79.7  680s
 657593 207592 19707.6962   98  100 19691.0000 19715.9308  0.13%  79.6  685s
 665041 209367     cutoff   95      19691.0000 19715.8315  0.13%  79.5  691s
 670228 210540     cutoff  103      19691.0000 19715.7701  0.13%  79.5  696s
 674243 211499 19701.4388   93   84 19691.0000 19715.7292  0.13%  79.4  701s
 679941 212832     cutoff   99      19691.0000 19715.6542  0.13%  79.4  706s
 685371 213966 19711.8847   91  114 19691.0000 19715.5918  0.12%  79.3  710s
 690542 215000 19707.1839   99  109 19691.0000 19715.5305  0.12%  79.3  715s
 696062 216165 19711.2321   84   96 19691.0000 19715.4681  0.12%  79.2  720s
 701425 217180 19700.2557  110  103 19691.0000 19715.3992  0.12%  79.2  725s
 708734 218672     cutoff  109      19691.0000 19715.3120  0.12%  79.1  731s
 714166 219827     cutoff  104      19691.0000 19715.2500  0.12%  79.1  736s
 719613 220958     cutoff   87      19691.0000 19715.1955  0.12%  79.0  740s
 724897 222095 19698.4222  109   86 19691.0000 19715.1359  0.12%  79.0  745s
 730398 223043 19711.9879   96  118 19691.0000 19715.0731  0.12%  78.9  750s
 730987 224382     cutoff   92      19691.0000 19715.0684  0.12%  78.9  755s
 741244 225506 19702.3991   80  109 19691.0000 19714.9563  0.12%  78.9  760s
 747010 226528 19697.2033   93   88 19691.0000 19714.8912  0.12%  78.8  765s
 752842 227595 19706.3953  100   87 19691.0000 19714.8237  0.12%  78.7  770s
 759726 229033 19693.8627   85   47 19691.0000 19714.7447  0.12%  78.7  776s
 765100 230086 19700.6627  103  104 19691.0000 19714.6871  0.12%  78.6  780s
 770901 231164     cutoff  103      19691.0000 19714.6316  0.12%  78.6  785s
 776147 232244 19692.8567  111   64 19691.0000 19714.5776  0.12%  78.5  790s
 783277 233812 19695.2340  101  112 19691.0000 19714.5056  0.12%  78.4  796s
 789074 234901     cutoff   95      19691.0000 19714.4369  0.12%  78.4  800s
 794509 235924 19709.3738   91   81 19691.0000 19714.3823  0.12%  78.3  805s
 799861 236897     cutoff  106      19691.0000 19714.3266  0.12%  78.3  810s
 805095 237889 19695.1708   96  110 19691.0000 19714.2712  0.12%  78.3  815s
 810671 239042     cutoff  105      19691.0000 19714.2142  0.12%  78.2  820s
 817554 240340 19710.6273  115  104 19691.0000 19714.1392  0.12%  78.1  826s
 823455 241392     cutoff   99      19691.0000 19714.0730  0.12%  78.1  831s
 828780 242493 19700.8963  117  128 19691.0000 19714.0219  0.12%  78.0  835s
 834109 243463 19713.5480   98   84 19691.0000 19713.9668  0.12%  78.0  840s
 839487 244497 19692.3051   79   91 19691.0000 19713.9099  0.12%  77.9  845s
 844930 245364     cutoff   89      19691.0000 19713.8567  0.12%  77.9  850s
 850133 246246 19707.4182   96  114 19691.0000 19713.8051  0.12%  77.9  855s
 855314 247234 19692.9587   96   60 19691.0000 19713.7544  0.12%  77.8  860s
 862891 248511     cutoff   95      19691.0000 19713.6740  0.12%  77.8  866s
 868076 249596     cutoff  100      19691.0000 19713.6248  0.11%  77.7  871s
 873654 250455 19694.9776  101   89 19691.0000 19713.5707  0.11%  77.7  875s
 879233 251382     cutoff   88      19691.0000 19713.5123  0.11%  77.6  880s
 884463 252318     cutoff  100      19691.0000 19713.4586  0.11%  77.6  885s
 889300 253288     cutoff   88      19691.0000 19713.4217  0.11%  77.6  891s
 895096 254194     cutoff   85      19691.0000 19713.3603  0.11%  77.5  896s
 900740 255028 19707.3420   98   92 19691.0000 19713.3073  0.11%  77.5  900s
 906151 255894 19693.9469   82  127 19691.0000 19713.2549  0.11%  77.4  905s
 911335 256925 19701.3363  134   78 19691.0000 19713.2073  0.11%  77.4  910s
 917003 257869 19700.8285  102  126 19691.0000 19713.1522  0.11%  77.4  915s
 922278 258771 19704.7672  103  100 19691.0000 19713.1025  0.11%  77.3  920s
 929698 259950 19706.2998  105   96 19691.0000 19713.0383  0.11%  77.3  926s
 935001 260852 19709.7715   94  100 19691.0000 19712.9925  0.11%  77.3  931s
 940577 261901 19696.4627   83   75 19691.0000 19712.9449  0.11%  77.2  935s
 945951 262730 19696.0265  114  104 19691.0000 19712.8971  0.11%  77.2  940s
 953345 264087 19700.0925   95   32 19691.0000 19712.8318  0.11%  77.1  946s
 958455 265013 19702.4175   82  127 19691.0000 19712.7845  0.11%  77.1  951s
 963949 265773 19707.9891   86   97 19691.0000 19712.7376  0.11%  77.0  955s
 969440 266624 19692.3188  101   74 19691.0000 19712.6869  0.11%  77.0  960s
 975118 267300 19700.7584  105   98 19691.0000 19712.6346  0.11%  77.0  965s
 979830 268145     cutoff   82      19691.0000 19712.6034  0.11%  76.9  970s
 985433 268932     cutoff   92      19691.0000 19712.5432  0.11%  76.9  975s
 991146 269824     cutoff  100      19691.0000 19712.4881  0.11%  76.9  980s
 998404 270929 19705.2446   84   98 19691.0000 19712.4199  0.11%  76.8  986s
 1003597 271819 19709.1520   86   87 19691.0000 19712.3727  0.11%  76.8  990s
 1008791 272639 19700.9247   92   99 19691.0000 19712.3247  0.11%  76.8  995s
 1014698 273528 19694.1440   88   77 19691.0000 19712.2798  0.11%  76.7 1000s
 1022175 274674 19699.4622  106   91 19691.0000 19712.2054  0.11%  76.7 1006s
 1027768 275455     cutoff  102      19691.0000 19712.1636  0.11%  76.6 1011s
 1032894 276339 19702.4789   98   78 19691.0000 19712.1191  0.11%  76.6 1016s
 1038363 277230     cutoff  105      19691.0000 19712.0692  0.11%  76.6 1020s
 1044034 277913 19699.3801  129   82 19691.0000 19712.0256  0.11%  76.5 1025s
 1050972 278936 19699.3892  110  133 19691.0000 19711.9642  0.11%  76.5 1031s
 1056495 279815 19694.4955   97   65 19691.0000 19711.9186  0.11%  76.5 1035s
 1062219 280628 19692.4060   95   89 19691.0000 19711.8716  0.11%  76.4 1040s
 1067479 281401 19694.7794   87   96 19691.0000 19711.8261  0.11%  76.4 1045s
 1074242 282340 19701.8124   98  134 19691.0000 19711.7682  0.11%  76.3 1051s
 1078210 282836     cutoff   93      19691.0000 19711.7406  0.11%  76.3 1055s
 1083634 283562     cutoff  129      19691.0000 19711.6938  0.11%  76.3 1060s
 1088873 284291 19693.3529  149   79 19691.0000 19711.6541  0.10%  76.2 1065s
 1090749 284665     cutoff  102      19691.0000 19711.6418  0.10%  76.2 1070s
 1096447 285461 19692.3016  108   52 19691.0000 19711.5969  0.10%  76.2 1075s
 1103609 286464     cutoff   99      19691.0000 19711.5413  0.10%  76.1 1081s
 1108659 287135     cutoff  107      19691.0000 19711.5096  0.10%  76.1 1085s
 1113616 287851     cutoff   98      19691.0000 19711.4602  0.10%  76.1 1091s
 1119339 288631 19702.6134   91  106 19691.0000 19711.4128  0.10%  76.0 1096s
 1124879 289314     cutoff  102      19691.0000 19711.3718  0.10%  76.0 1100s
 1132290 290305 19706.4249  109  139 19691.0000 19711.3136  0.10%  76.0 1106s
 1137841 290995 19703.5765  108   95 19691.0000 19711.2681  0.10%  75.9 1110s
 1143224 291762     cutoff   98      19691.0000 19711.2307  0.10%  75.9 1115s
 1150507 292719     cutoff   76      19691.0000 19711.1739  0.10%  75.8 1121s
 1155856 293287 19706.6345  125  128 19691.0000 19711.1304  0.10%  75.8 1125s
 1161328 293994 19698.9612   93  107 19691.0000 19711.0846  0.10%  75.8 1130s
 1166729 294725 19708.7417  103  102 19691.0000 19711.0456  0.10%  75.8 1135s
 1174168 295636     cutoff   93      19691.0000 19710.9897  0.10%  75.7 1141s
 1179578 296270 19707.2386  100   53 19691.0000 19710.9469  0.10%  75.7 1145s
 1184833 296895 19702.5559  100  143 19691.0000 19710.9046  0.10%  75.7 1150s
 1192354 297854 19697.3572   81  119 19691.0000 19710.8468  0.10%  75.6 1156s
 1197613 298455 19700.6789  100   71 19691.0000 19710.8018  0.10%  75.6 1161s
 1202759 298888 19693.4069  102  110 19691.0000 19710.7546  0.10%  75.6 1165s
 1208388 299505 19696.3908   96  112 19691.0000 19710.7172  0.10%  75.5 1170s
 1213625 300242     cutoff   98      19691.0000 19710.6747  0.10%  75.5 1175s
 1220686 300906 19700.7030  112   93 19691.0000 19710.6232  0.10%  75.5 1180s
 1226362 301460     cutoff  101      19691.0000 19710.5768  0.10%  75.4 1185s
 1231821 301977     cutoff  111      19691.0000 19710.5345  0.10%  75.4 1190s
 1239122 302801 19700.8328   84  102 19691.0000 19710.4789  0.10%  75.4 1196s
 1244868 303403     cutoff  109      19691.0000 19710.4329  0.10%  75.3 1200s
 1252086 304046     cutoff  108      19691.0000 19710.3809  0.10%  75.3 1206s
 1257187 304487 19698.5889   90  138 19691.0000 19710.3376  0.10%  75.3 1210s
 1262836 305044     cutoff   93      19691.0000 19710.2975  0.10%  75.3 1215s
 1269959 305860 19701.0337   98   85 19691.0000 19710.2460  0.10%  75.2 1221s
 1275299 306369 19702.7878  104  101 19691.0000 19710.2082  0.10%  75.2 1225s
 1280933 307022 19702.2630   91   74 19691.0000 19710.1655  0.10%  75.1 1230s
 1286426 307654 19694.9333   83   97 19691.0000 19710.1241  0.10%  75.1 1235s
 1293890 308460 19702.6342   94  103 19691.0000 19710.0731  0.10%  75.1 1240s
 1299533 308910 19698.2980  105   86 19691.0000 19710.0331  0.10%  75.1 1245s
 1302210 309234 19693.6217   94   88 19691.0000 19710.0159  0.10%  75.0 1251s
 1308816 309861     cutoff  108      19691.0000 19709.9661  0.10%  75.0 1256s
 1314794 310424     cutoff   86      19691.0000 19709.9215  0.10%  75.0 1261s
 1320350 310866 19702.9337   92   71 19691.0000 19709.8847  0.10%  74.9 1265s
 1325423 311330     cutoff  100      19691.0000 19709.8506  0.10%  74.9 1270s
 1330942 311868 19706.1775  120  113 19691.0000 19709.8084  0.10%  74.9 1275s
 1336612 312425 19705.1573   97  115 19691.0000 19709.7679  0.10%  74.9 1280s
 1342226 312907 19692.6575  106   57 19691.0000 19709.7262  0.10%  74.8 1285s
 1349579 313367 19703.6196   80  115 19691.0000 19709.6713  0.09%  74.8 1291s
 1355197 313816 19702.3039   86   64 19691.0000 19709.6313  0.09%  74.8 1296s
 1359801 314174 19693.1672  110  108 19691.0000 19709.5966  0.09%  74.8 1301s
 1365813 314787 19702.9750  101  122 19691.0000 19709.5551  0.09%  74.7 1306s
 1371896 315263     cutoff  104      19691.0000 19709.5154  0.09%  74.7 1311s
 1376631 315676 19697.7687   97   69 19691.0000 19709.4843  0.09%  74.7 1315s
 1382350 316139 19693.8272  110   66 19691.0000 19709.4448  0.09%  74.6 1320s
 1387841 316597     cutoff  120      19691.0000 19709.4080  0.09%  74.6 1325s
 1395150 317114 19699.0314  118   79 19691.0000 19709.3556  0.09%  74.6 1331s
 1400627 317531 19697.0830   90   79 19691.0000 19709.3215  0.09%  74.6 1336s
 1406019 318019 19703.9918  105  111 19691.0000 19709.2851  0.09%  74.5 1341s
 1411595 318372     cutoff   98      19691.0000 19709.2445  0.09%  74.5 1345s
 1417270 318848 19695.8054   90   76 19691.0000 19709.2025  0.09%  74.5 1350s
 1424409 319470     cutoff  112      19691.0000 19709.1543  0.09%  74.4 1356s
 1430011 319888     cutoff   96      19691.0000 19709.1154  0.09%  74.4 1360s
 1435157 320281     cutoff  106      19691.0000 19709.0792  0.09%  74.4 1365s
 1442517 320899     cutoff  109      19691.0000 19709.0300  0.09%  74.4 1371s
 1448184 321340     cutoff   92      19691.0000 19708.9925  0.09%  74.3 1375s
 1455278 321643 19695.4292  104   83 19691.0000 19708.9423  0.09%  74.3 1381s
 1460393 322033 19699.8454   86  109 19691.0000 19708.9017  0.09%  74.3 1386s
 1466287 322440 19707.6614   96  122 19691.0000 19708.8658  0.09%  74.2 1390s
 1473441 323005 19703.2963   94  115 19691.0000 19708.8207  0.09%  74.2 1396s
 1478575 323323 19693.1262  110   75 19691.0000 19708.7852  0.09%  74.2 1400s
 1483627 323599 19704.6051   92   62 19691.0000 19708.7532  0.09%  74.2 1405s
 1491497 324201 19699.2340  103   94 19691.0000 19708.7025  0.09%  74.1 1411s
 1496832 324522 19699.9932  104   70 19691.0000 19708.6657  0.09%  74.1 1415s
 1502578 324918 19699.0881   91   73 19691.0000 19708.6314  0.09%  74.1 1420s
 1507863 325050 19698.2093  101   89 19691.0000 19708.5935  0.09%  74.1 1426s
 1512539 325438 19695.1284  106   57 19691.0000 19708.5662  0.09%  74.0 1430s
 1518444 325743 19701.4546  107  128 19691.0000 19708.5284  0.09%  74.0 1435s
 1525487 326250     cutoff  104      19691.0000 19708.4831  0.09%  74.0 1441s
 1530826 326504 19707.9693   96   78 19691.0000 19708.4466  0.09%  74.0 1445s
 1536599 326831 19698.6608  102  110 19691.0000 19708.4094  0.09%  73.9 1450s
 1541930 327095     cutoff  117      19691.0000 19708.3731  0.09%  73.9 1455s
 1548740 327379 19698.6373  102   51 19691.0000 19708.3288  0.09%  73.9 1460s
 1554497 327690 19705.0098  100  111 19691.0000 19708.2960  0.09%  73.8 1465s
 1559882 328081     cutoff   83      19691.0000 19708.2625  0.09%  73.8 1470s
 1566828 328414 19697.4471  107   91 19691.0000 19708.2200  0.09%  73.8 1475s
 1572747 328727     cutoff  103      19691.0000 19708.1820  0.09%  73.8 1480s
 1579887 329095 19699.3275   98   81 19691.0000 19708.1347  0.09%  73.7 1485s
 1586997 329507 19702.5106   96  116 19691.0000 19708.0870  0.09%  73.7 1491s
 1592463 329846 19700.8488   93   90 19691.0000 19708.0544  0.09%  73.7 1495s
 1597691 330141 19703.0235   96   89 19691.0000 19708.0224  0.09%  73.6 1500s
 1604775 330563 19695.6338   94   81 19691.0000 19707.9797  0.09%  73.6 1505s
 1610351 330932 19699.6016   97   68 19691.0000 19707.9483  0.09%  73.6 1510s
 1615936 331239 19700.1497   96   73 19691.0000 19707.9151  0.09%  73.5 1515s
 1622876 331419 19702.4260  100  104 19691.0000 19707.8681  0.09%  73.5 1521s
 1628338 331675 19696.6277   92  102 19691.0000 19707.8330  0.09%  73.5 1526s
 1634031 331912     cutoff  102      19691.0000 19707.7976  0.09%  73.5 1530s
 1641557 332231     cutoff  118      19691.0000 19707.7493  0.09%  73.4 1536s
 1646980 332420     cutoff   88      19691.0000 19707.7151  0.08%  73.4 1540s
 1652407 332678 19704.7623   94   75 19691.0000 19707.6787  0.08%  73.4 1545s
 1659822 332807     cutoff   91      19691.0000 19707.6332  0.08%  73.3 1550s
 1665274 332943 19693.6666   96   65 19691.0000 19707.5995  0.08%  73.3 1555s
 1672736 333131     cutoff  112      19691.0000 19707.5529  0.08%  73.3 1561s
 1678582 333396 19694.6121   85   70 19691.0000 19707.5150  0.08%  73.3 1565s
 1686115 333633     cutoff  100      19691.0000 19707.4695  0.08%  73.2 1571s
 1691247 333703 19693.2417  102   99 19691.0000 19707.4394  0.08%  73.2 1575s
 1696833 333969 19700.8066   99  116 19691.0000 19707.4035  0.08%  73.2 1580s
 1704255 334224 19692.1242   97   98 19691.0000 19707.3582  0.08%  73.2 1586s
 1709244 334236     cutoff   90      19691.0000 19707.3299  0.08%  73.1 1590s
 1716672 334409 19699.7967  113  143 19691.0000 19707.2826  0.08%  73.1 1595s
 1722423 334506 19696.5630  111   92 19691.0000 19707.2477  0.08%  73.1 1600s
 1729410 334810 19702.6314   77   96 19691.0000 19707.2064  0.08%  73.0 1605s
 1736941 335094 19701.2097  141   73 19691.0000 19707.1641  0.08%  73.0 1611s
 1742078 335224     cutoff  109      19691.0000 19707.1340  0.08%  73.0 1615s
 1749191 335304 19704.6763  100   98 19691.0000 19707.0882  0.08%  73.0 1621s
 1754834 335304 19694.3875  102  112 19691.0000 19707.0559  0.08%  72.9 1625s
 1761879 335430 19699.9951  124  111 19691.0000 19707.0128  0.08%  72.9 1631s
 1766869 335499 19693.2086  112  111 19691.0000 19706.9852  0.08%  72.9 1635s
 1774485 335720     cutoff  104      19691.0000 19706.9407  0.08%  72.9 1641s
 1779869 335798     cutoff  104      19691.0000 19706.9074  0.08%  72.8 1645s
 1787092 335868     cutoff   78      19691.0000 19706.8628  0.08%  72.8 1650s
 1792312 336052 19698.8505   98   81 19691.0000 19706.8334  0.08%  72.8 1655s
 1800154 336045 19698.0992  120  119 19691.0000 19706.7853  0.08%  72.7 1661s
 1805714 336092     cutoff  102      19691.0000 19706.7525  0.08%  72.7 1665s
 1813210 336240 infeasible  106      19691.0000 19706.7097  0.08%  72.7 1671s
 1818314 336298 19702.3969  101   62 19691.0000 19706.6806  0.08%  72.7 1675s
 1825821 336326 19706.4557   85   76 19691.0000 19706.6355  0.08%  72.6 1681s
 1831397 336268     cutoff  107      19691.0000 19706.6021  0.08%  72.6 1685s
 1838713 336348     cutoff   96      19691.0000 19706.5587  0.08%  72.6 1690s
 1844051 336334     cutoff   96      19691.0000 19706.5283  0.08%  72.6 1695s
 1850686 336453     cutoff  103      19691.0000 19706.4912  0.08%  72.5 1701s
 1856606 336363 19696.6598  118   65 19691.0000 19706.4571  0.08%  72.5 1705s
 1863620 336427 19692.1444  115   91 19691.0000 19706.4178  0.08%  72.5 1710s
 1868948 336507 19702.1309  101   80 19691.0000 19706.3874  0.08%  72.4 1715s
 1875996 336476 19702.4037  101   67 19691.0000 19706.3478  0.08%  72.4 1721s
 1881672 336497 19693.4622  126   58 19691.0000 19706.3127  0.08%  72.4 1725s
 1889060 336610 19694.4920  103  103 19691.0000 19706.2773  0.08%  72.4 1730s
 1896015 336680     cutoff  107      19691.0000 19706.2352  0.08%  72.3 1735s
 1903544 336637 19699.6000  101   90 19691.0000 19706.1915  0.08%  72.3 1740s
 1910626 336731     cutoff   99      19691.0000 19706.1523  0.08%  72.3 1745s
 1917846 336648 19694.7851  100  119 19691.0000 19706.1119  0.08%  72.2 1751s
 1923170 336631     cutoff  107      19691.0000 19706.0834  0.08%  72.2 1755s
 1930324 336629 19701.0772  102   74 19691.0000 19706.0465  0.08%  72.2 1760s
 1937506 336714     cutoff  102      19691.0000 19706.0060  0.08%  72.2 1766s
 1944913 336681     cutoff  106      19691.0000 19705.9681  0.08%  72.1 1771s
 1950257 336646     cutoff   92      19691.0000 19705.9368  0.08%  72.1 1775s
 1954193 336606 19703.0995  105   79 19691.0000 19705.9168  0.08%  72.1 1781s
 1959947 336618 19694.0570  103   62 19691.0000 19705.8830  0.08%  72.1 1785s
 1967052 336478 19702.7016  101   60 19691.0000 19705.8417  0.08%  72.0 1790s
 1974945 336410 19694.7888   91  105 19691.0000 19705.7994  0.08%  72.0 1796s
 1980015 336417 19697.2538  103   58 19691.0000 19705.7718  0.08%  72.0 1800s
 1987249 336360 19697.6822   89   88 19691.0000 19705.7312  0.07%  71.9 1806s
 1992542 336329 19691.9900  106   49 19691.0000 19705.7014  0.07%  71.9 1810s
 2000095 336238 19703.9714   92   79 19691.0000 19705.6611  0.07%  71.9 1815s
 2007101 336045 19695.0077  118   95 19691.0000 19705.6235  0.07%  71.9 1821s
 2012891 335971     cutoff  115      19691.0000 19705.5913  0.07%  71.8 1825s
 2019601 335832 19699.3719   95   95 19691.0000 19705.5530  0.07%  71.8 1830s
 2027001 335686 19694.0229  106   52 19691.0000 19705.5132  0.07%  71.8 1835s
 2033979 335526     cutoff   93      19691.0000 19705.4759  0.07%  71.8 1841s
 2039628 335446 19694.0423  118   84 19691.0000 19705.4435  0.07%  71.7 1845s
 2047145 335231 19696.7004   90  102 19691.0000 19705.4008  0.07%  71.7 1850s
 2054642 335074 19693.5449   94   87 19691.0000 19705.3607  0.07%  71.7 1855s
 2061856 334886 19695.1397   97   69 19691.0000 19705.3194  0.07%  71.6 1861s
 2067482 334632     cutoff  112      19691.0000 19705.2858  0.07%  71.6 1865s
 2075050 334334 19692.8351   97   90 19691.0000 19705.2415  0.07%  71.6 1871s
 2080835 334089     cutoff  104      19691.0000 19705.2090  0.07%  71.6 1875s
 2088034 333856 19693.8981  119   66 19691.0000 19705.1684  0.07%  71.5 1881s
 2093366 333608 19701.8414   94  109 19691.0000 19705.1412  0.07%  71.5 1885s
 2100933 333420 19700.0604   95  118 19691.0000 19705.0990  0.07%  71.5 1891s
 2106415 333326     cutoff  120      19691.0000 19705.0693  0.07%  71.5 1895s
 2113947 333220 19692.9545   98   54 19691.0000 19705.0286  0.07%  71.4 1900s
 2120925 332852     cutoff   98      19691.0000 19704.9889  0.07%  71.4 1906s
 2128366 332539 19696.5404  108   60 19691.0000 19704.9480  0.07%  71.4 1911s
 2133894 332378     cutoff   94      19691.0000 19704.9193  0.07%  71.3 1915s
 2141513 332062     cutoff  100      19691.0000 19704.8765  0.07%  71.3 1921s
 2147392 331766     cutoff  107      19691.0000 19704.8439  0.07%  71.3 1925s
 2155116 331522 infeasible  112      19691.0000 19704.7991  0.07%  71.3 1930s
 2162597 331118 19698.2526   87  101 19691.0000 19704.7582  0.07%  71.2 1935s
 2168032 330987 19695.5774   98   41 19691.0000 19704.7291  0.07%  71.2 1940s
 2175755 330642 19699.7460  109   91 19691.0000 19704.6870  0.07%  71.2 1945s
 2182796 330359 19698.4996  101   90 19691.0000 19704.6487  0.07%  71.1 1950s
 2190311 329970 19697.0121   90  118 19691.0000 19704.6104  0.07%  71.1 1955s
 2197639 329681     cutoff  101      19691.0000 19704.5708  0.07%  71.1 1960s
 2204814 329207 19700.1824   85  123 19691.0000 19704.5327  0.07%  71.1 1966s
 2208548 329147 19700.4003   86   67 19691.0000 19704.5129  0.07%  71.0 1971s
 2213021 328818 19694.0416   93   81 19691.0000 19704.4892  0.07%  71.0 1975s
 2220299 328519     cutoff   91      19691.0000 19704.4506  0.07%  71.0 1980s
 2227946 328151 19694.8181   90   78 19691.0000 19704.4101  0.07%  71.0 1985s
 2235095 327799 19699.1873  115  122 19691.0000 19704.3726  0.07%  70.9 1990s
 2242744 327408     cutoff  101      19691.0000 19704.3306  0.07%  70.9 1995s
 2249776 326897     cutoff   95      19691.0000 19704.2929  0.07%  70.9 2000s
 2256736 326433 19700.7734  101   88 19691.0000 19704.2543  0.07%  70.8 2005s
 2263642 325978     cutoff  110      19691.0000 19704.2165  0.07%  70.8 2010s
 2269931 325562 19695.6883  101   59 19691.0000 19704.1849  0.07%  70.8 2016s
 2277575 325087 19702.0792  101   89 19691.0000 19704.1424  0.07%  70.7 2021s
 2284872 324711 19698.4324  122   97 19691.0000 19704.1034  0.07%  70.7 2026s
 2292354 324283 19694.1396  105   94 19691.0000 19704.0617  0.07%  70.7 2030s
 2299491 323735 19700.5437   97  100 19691.0000 19704.0255  0.07%  70.7 2035s
 2306529 323291     cutoff  117      19691.0000 19703.9889  0.07%  70.6 2040s
 2313381 322784     cutoff   99      19691.0000 19703.9535  0.07%  70.6 2045s
 2320685 322110 19695.9534  116  115 19691.0000 19703.9094  0.07%  70.6 2050s
 2327580 321590 19698.7764  100   81 19691.0000 19703.8741  0.07%  70.6 2055s
 2335023 321128 19698.4421  103   90 19691.0000 19703.8358  0.07%  70.5 2060s
 2341613 320605 19697.1981  100   42 19691.0000 19703.8032  0.07%  70.5 2065s
 2349062 320068 19692.7027  115  116 19691.0000 19703.7583  0.06%  70.5 2070s
 2356375 319486 19693.3163   94   93 19691.0000 19703.7180  0.06%  70.4 2075s
 2363542 318864 19692.3314   97   85 19691.0000 19703.6830  0.06%  70.4 2080s
 2372605 318063     cutoff  105      19691.0000 19703.6341  0.06%  70.4 2086s
 2379961 317374 19693.9797  106   91 19691.0000 19703.5963  0.06%  70.3 2090s
 2386911 316678     cutoff  107      19691.0000 19703.5578  0.06%  70.3 2095s
 2394055 315970 19693.8299   99   96 19691.0000 19703.5177  0.06%  70.3 2100s
 2401094 315241 19697.6015   94   97 19691.0000 19703.4746  0.06%  70.3 2105s
 2408492 314702 infeasible   82      19691.0000 19703.4354  0.06%  70.2 2110s
 2415531 314064 19698.5560  113   68 19691.0000 19703.3984  0.06%  70.2 2115s
 2422238 313458 19697.3856   88   86 19691.0000 19703.3598  0.06%  70.2 2120s
 2429786 312671     cutoff   91      19691.0000 19703.3186  0.06%  70.1 2125s
 2437016 311937     cutoff   93      19691.0000 19703.2808  0.06%  70.1 2130s
 2444260 311284 19697.2045   94  108 19691.0000 19703.2412  0.06%  70.1 2135s
 2451387 310566 19702.0316  103  126 19691.0000 19703.2037  0.06%  70.1 2140s
 2458537 309846     cutoff  101      19691.0000 19703.1665  0.06%  70.0 2145s
 2465784 309134     cutoff   98      19691.0000 19703.1269  0.06%  70.0 2150s
 2472427 308481     cutoff   87      19691.0000 19703.0906  0.06%  70.0 2155s
 2480033 307685 19695.6328   81   99 19691.0000 19703.0490  0.06%  69.9 2160s
 2487244 306786 19699.7634   75  124 19691.0000 19703.0101  0.06%  69.9 2165s
 2494670 306103 19694.7697  111   85 19691.0000 19702.9719  0.06%  69.9 2170s
 2502299 305397 19695.9103  134   90 19691.0000 19702.9310  0.06%  69.9 2175s
 2509406 304671     cutoff   98      19691.0000 19702.8932  0.06%  69.8 2180s
 2516853 303745     cutoff   92      19691.0000 19702.8535  0.06%  69.8 2185s
 2526087 302659 19697.2382   97   91 19691.0000 19702.8029  0.06%  69.8 2191s
 2533337 301812 19693.9204   96  110 19691.0000 19702.7636  0.06%  69.7 2195s
 2540615 300928 19700.9821  103   94 19691.0000 19702.7245  0.06%  69.7 2201s
 2547718 300160 19697.6631   98   97 19691.0000 19702.6870  0.06%  69.7 2205s
 2554901 299357     cutoff  113      19691.0000 19702.6503  0.06%  69.6 2210s
 2562291 298581 19696.9890  107   93 19691.0000 19702.6126  0.06%  69.6 2215s
 2569525 297662 19697.2790  117  115 19691.0000 19702.5710  0.06%  69.6 2220s
 2576840 296851 19696.7574  105   63 19691.0000 19702.5318  0.06%  69.6 2225s
 2583744 296039 19698.2074  101   59 19691.0000 19702.4942  0.06%  69.5 2230s
 2590730 295221     cutoff  104      19691.0000 19702.4602  0.06%  69.5 2235s
 2598178 294374     cutoff  104      19691.0000 19702.4199  0.06%  69.5 2240s
 2605217 293414     cutoff  104      19691.0000 19702.3827  0.06%  69.4 2245s
 2612513 292629     cutoff  104      19691.0000 19702.3428  0.06%  69.4 2250s
 2619010 291580     cutoff  102      19691.0000 19702.3066  0.06%  69.4 2255s
 2626542 290717     cutoff   89      19691.0000 19702.2662  0.06%  69.3 2260s
 2634637 289549     cutoff   95      19691.0000 19702.2240  0.06%  69.3 2266s
 2642497 288472     cutoff  104      19691.0000 19702.1800  0.06%  69.3 2270s
 2650007 287488 19693.4706   85   73 19691.0000 19702.1409  0.06%  69.2 2275s
 2657691 286474 19694.6329   98  117 19691.0000 19702.1002  0.06%  69.2 2280s
 2664750 285465 19694.3859  104   77 19691.0000 19702.0599  0.06%  69.2 2286s
 2669743 284821     cutoff   95      19691.0000 19702.0333  0.06%  69.2 2290s
 2677937 283733     cutoff   89      19691.0000 19701.9899  0.06%  69.1 2295s
 2685867 282635     cutoff   98      19691.0000 19701.9496  0.06%  69.1 2300s
 2693661 281549     cutoff  107      19691.0000 19701.9051  0.06%  69.1 2305s
 2701601 280450     cutoff  113      19691.0000 19701.8634  0.06%  69.0 2310s
 2709354 279290     cutoff   86      19691.0000 19701.8220  0.05%  69.0 2315s
 2714258 278538     cutoff  101      19691.0000 19701.7972  0.05%  69.0 2320s
 2722719 277317     cutoff   99      19691.0000 19701.7543  0.05%  69.0 2325s
 2730916 276156 19692.3746   79  126 19691.0000 19701.7125  0.05%  68.9 2330s
 2738683 274888     cutoff  103      19691.0000 19701.6675  0.05%  68.9 2335s
 2746643 273646 19695.6485  126  101 19691.0000 19701.6251  0.05%  68.9 2340s
 2754624 272349     cutoff  119      19691.0000 19701.5799  0.05%  68.8 2345s
 2762603 271098     cutoff   88      19691.0000 19701.5354  0.05%  68.8 2350s
 2770520 269867 19699.8956   96   59 19691.0000 19701.4920  0.05%  68.8 2355s
 2778327 268498     cutoff   91      19691.0000 19701.4497  0.05%  68.7 2360s
 2786197 267165     cutoff  115      19691.0000 19701.4032  0.05%  68.7 2365s
 2794035 265798 19693.7903   95  124 19691.0000 19701.3611  0.05%  68.6 2370s
 2801513 264568 19700.7533   86  103 19691.0000 19701.3221  0.05%  68.6 2375s
 2809454 263288     cutoff  113      19691.0000 19701.2781  0.05%  68.6 2380s
 2819056 261610     cutoff  103      19691.0000 19701.2265  0.05%  68.5 2386s
 2826796 260389 19697.9727  105   71 19691.0000 19701.1845  0.05%  68.5 2391s
 2832687 259376     cutoff  119      19691.0000 19701.1507  0.05%  68.5 2395s
 2840284 257939     cutoff   99      19691.0000 19701.1084  0.05%  68.5 2400s
 2848196 256430 19694.9132   81   46 19691.0000 19701.0625  0.05%  68.4 2405s
 2856412 254909     cutoff  135      19691.0000 19701.0158  0.05%  68.4 2410s
 2864439 253452 19699.5227  103   68 19691.0000 19700.9715  0.05%  68.4 2416s
 2872362 251855     cutoff  100      19691.0000 19700.9245  0.05%  68.3 2421s
 2878109 250789 19697.7643  119   65 19691.0000 19700.8927  0.05%  68.3 2425s
 2886031 249368 19694.7931  107  111 19691.0000 19700.8486  0.05%  68.3 2430s
 2894174 247893     cutoff  128      19691.0000 19700.8022  0.05%  68.2 2435s
 2901235 246515 19694.9730  102   72 19691.0000 19700.7602  0.05%  68.2 2440s
 2909412 244819 19692.7445  105   72 19691.0000 19700.7115  0.05%  68.2 2445s
 2913848 243844     cutoff  116      19691.0000 19700.6883  0.05%  68.1 2450s
 2922483 241979     cutoff   90      19691.0000 19700.6373  0.05%  68.1 2455s
 2930784 240310 19696.9841   91  109 19691.0000 19700.5859  0.05%  68.1 2460s
 2939115 238757     cutoff   94      19691.0000 19700.5374  0.05%  68.0 2465s
 2946979 237158     cutoff  100      19691.0000 19700.4934  0.05%  68.0 2470s
 2957141 235101     cutoff  109      19691.0000 19700.4325  0.05%  68.0 2475s
 2965252 233415 19697.2865  108   67 19691.0000 19700.3860  0.05%  67.9 2480s
 2973118 231643 19692.6088  118   93 19691.0000 19700.3407  0.05%  67.9 2485s
 2981498 229877     cutoff   91      19691.0000 19700.2935  0.05%  67.8 2490s
 2989187 228162 19698.0558   94  102 19691.0000 19700.2473  0.05%  67.8 2495s
 2997838 226305     cutoff  104      19691.0000 19700.1931  0.05%  67.8 2500s
 3008224 224001 19694.9334  102   72 19691.0000 19700.1323  0.05%  67.7 2506s
 3016752 222075 19695.3770   90  154 19691.0000 19700.0779  0.05%  67.7 2511s
 3023056 220484     cutoff  111      19691.0000 19700.0395  0.05%  67.7 2515s
 3033748 218097     cutoff  100      19691.0000 19699.9766  0.05%  67.6 2521s
 3039869 216631     cutoff  116      19691.0000 19699.9451  0.05%  67.6 2525s
 3047991 214596 19693.0743  125   87 19691.0000 19699.8902  0.05%  67.5 2530s
 3056841 212508 19693.9549   99  148 19691.0000 19699.8370  0.04%  67.5 2535s
 3065525 210450 19694.4862  136   64 19691.0000 19699.7850  0.04%  67.5 2540s
 3073759 208402 19695.1828   98   94 19691.0000 19699.7328  0.04%  67.4 2545s
 3082290 206230     cutoff   98      19691.0000 19699.6786  0.04%  67.4 2550s
 3090985 204037 19694.4169  102  113 19691.0000 19699.6242  0.04%  67.4 2555s
 3099609 201930 19694.8519   89   92 19691.0000 19699.5691  0.04%  67.3 2561s
 3106422 200299 19693.7692  105   68 19691.0000 19699.5283  0.04%  67.3 2565s
 3115067 197994     cutoff  109      19691.0000 19699.4748  0.04%  67.2 2570s
 3123668 195718 19693.4254  133   71 19691.0000 19699.4172  0.04%  67.2 2575s
 3132175 193252 19692.0732  107   62 19691.0000 19699.3598  0.04%  67.2 2581s
 3139333 191435     cutoff   93      19691.0000 19699.3153  0.04%  67.1 2585s
 3148591 188836 19692.7406  113   82 19691.0000 19699.2538  0.04%  67.1 2590s
 3157789 186237     cutoff  104      19691.0000 19699.1902  0.04%  67.0 2595s
 3162681 184817 19697.2825  100   63 19691.0000 19699.1661  0.04%  67.0 2600s
 3172607 181990     cutoff  100      19691.0000 19699.0900  0.04%  67.0 2606s
 3180110 179841 19695.4728   86   88 19691.0000 19699.0386  0.04%  66.9 2611s
 3185017 178453     cutoff  118      19691.0000 19699.0041  0.04%  66.9 2615s
 3191966 176228 19692.2991   98   89 19691.0000 19698.9524  0.04%  66.9 2620s
 3199633 174116 19697.1646  101  137 19691.0000 19698.9020  0.04%  66.8 2625s
 3206828 171989 19693.5122  110   79 19691.0000 19698.8510  0.04%  66.8 2631s
 3214217 169724     cutoff  125      19691.0000 19698.8005  0.04%  66.8 2636s
 3221768 167464     cutoff   87      19691.0000 19698.7459  0.04%  66.7 2640s
 3231081 164368 19692.9881  111   43 19691.0000 19698.6781  0.04%  66.7 2645s
 3241186 161173 infeasible  102      19691.0000 19698.6004  0.04%  66.6 2650s
 3248634 158741 19695.0842  103   71 19691.0000 19698.5424  0.04%  66.6 2655s
 3258388 155472 19693.0973   88   59 19691.0000 19698.4706  0.04%  66.5 2660s
 3266963 152741     cutoff  109      19691.0000 19698.4063  0.04%  66.5 2666s
 3274784 149871     cutoff   97      19691.0000 19698.3452  0.04%  66.5 2670s
 3285512 146448     cutoff  107      19691.0000 19698.2595  0.04%  66.4 2676s
 3293273 143861     cutoff   95      19691.0000 19698.1985  0.04%  66.4 2680s
 3303498 140345     cutoff  115      19691.0000 19698.1190  0.04%  66.3 2685s
 3313724 136657     cutoff  108      19691.0000 19698.0338  0.04%  66.2 2690s
 3321694 133702     cutoff  116      19691.0000 19697.9695  0.04%  66.2 2695s
 3332202 129457 19696.2143   86  125 19691.0000 19697.8736  0.03%  66.2 2700s
 3341409 125980 19693.3923  102   85 19691.0000 19697.7941  0.03%  66.1 2705s
 3350232 122535 19692.4559   83   63 19691.0000 19697.7150  0.03%  66.1 2710s
 3361736 118036 19692.3669  133   63 19691.0000 19697.6187  0.03%  66.0 2716s
 3370703 114408 19694.8833  116   78 19691.0000 19697.5274  0.03%  65.9 2720s
 3379965 110657     cutoff  116      19691.0000 19697.4395  0.03%  65.9 2725s
 3392029 105617     cutoff   89      19691.0000 19697.3230  0.03%  65.8 2730s
 3403967 100790 19694.1984  102  102 19691.0000 19697.2016  0.03%  65.7 2736s
 3412631 96753 19693.4040  104  102 19691.0000 19697.1074  0.03%  65.7 2740s
 3424325 91303     cutoff   97      19691.0000 19696.9760  0.03%  65.6 2746s
 3434108 87046     cutoff   84      19691.0000 19696.8675  0.03%  65.6 2750s
 3443983 82852 infeasible  111      19691.0000 19696.7529  0.03%  65.5 2755s
 3453255 77796     cutoff   97      19691.0000 19696.6347  0.03%  65.4 2760s
 3467192 70828     cutoff  132      19691.0000 19696.4622  0.03%  65.3 2766s
 3478021 65491 19694.1178   83   69 19691.0000 19696.3052  0.03%  65.3 2771s
 3488679 59790     cutoff   91      19691.0000 19696.1348  0.03%  65.2 2775s
 3499760 53481     cutoff  117      19691.0000 19695.9569  0.03%  65.1 2780s
 3511821 46517     cutoff   84      19691.0000 19695.7394  0.02%  65.0 2785s
 3524884 38436 19693.2659  112   63 19691.0000 19695.4533  0.02%  64.9 2790s
 3539442 29074     cutoff  107      19691.0000 19695.0917  0.02%  64.8 2796s
 3549647 21637     cutoff  105      19691.0000 19694.7702  0.02%  64.7 2800s
 3568197  7101     cutoff  121      19691.0000 19693.8015  0.01%  64.5 2806s

Cutting planes:
  Gomory: 14
  Cover: 41
  Clique: 20
  MIR: 279
  StrongCG: 202
  Flow cover: 49
  Inf proof: 21
  Zero half: 3
  RLT: 6

Explored 3582748 nodes (230422722 simplex iterations) in 2808.06 seconds
Thread count was 12 (of 12 available processors)

Solution count 10: 19691 19677 19626 ... 18918

Optimal solution found (tolerance 1.00e-12)
Best objective 1.969100000000e+04, best bound 1.969100000000e+04, gap 0.0000%
