
Gurobi 9.1.2 (win64, Java) logging started Sat Nov 13 12:35:16 2021

Academic license - for non-commercial use only - expires 2022-10-30
Gurobi Optimizer version 9.1.2 build v9.1.2rc0 (win64)
Thread count: 6 physical cores, 12 logical processors, using up to 12 threads
Optimize a model with 80 rows, 1200 columns and 2400 nonzeros
Model fingerprint: 0xbbb65422
Variable types: 0 continuous, 1200 integer (1200 binary)
Coefficient statistics:
  Matrix range     [1e+00, 1e+03]
  Objective range  [2e+02, 9e+02]
  Bounds range     [1e+00, 1e+00]
  RHS range        [1e+00, 2e+03]
Found heuristic solution: objective 15940.000000
Presolve removed 4 rows and 496 columns
Presolve time: 0.01s
Presolved: 76 rows, 704 columns, 1408 nonzeros
Variable types: 0 continuous, 704 integer (704 binary)
Presolved: 76 rows, 704 columns, 1408 nonzeros


Root relaxation: objective 1.966365e+04, 274 iterations, 0.00 seconds

    Nodes    |    Current Node    |     Objective Bounds      |     Work
 Expl Unexpl |  Obj  Depth IntInf | Incumbent    BestBd   Gap | It/Node Time

     0     0 19663.6543    0   24 15940.0000 19663.6543  23.4%     -    0s
H    0     0                    18596.000000 19663.6543  5.74%     -    0s
H    0     0                    18712.000000 19663.6543  5.09%     -    0s
H    0     0                    19003.000000 19663.6543  3.48%     -    0s
H    0     0                    19058.000000 19663.6543  3.18%     -    0s
     0     0 19653.1755    0   39 19058.0000 19653.1755  3.12%     -    0s
H    0     0                    19257.000000 19653.1755  2.06%     -    0s
     0     0 19653.1755    0   41 19257.0000 19653.1755  2.06%     -    0s
H    0     0                    19258.000000 19653.1755  2.05%     -    0s
     0     0 19652.9525    0   51 19258.0000 19652.9525  2.05%     -    0s
     0     0 19652.9525    0   32 19258.0000 19652.9525  2.05%     -    0s
H    0     0                    19308.000000 19652.9525  1.79%     -    0s
     0     2 19652.9525    0   29 19308.0000 19652.9525  1.79%     -    0s
H   37    42                    19342.000000 19652.7730  1.61%  75.2    0s
H   37    42                    19407.000000 19652.7730  1.27%  75.2    0s
H  199   317                    19460.000000 19652.7730  0.99%  31.4    0s
H  823   857                    19468.000000 19652.7730  0.95%  18.8    0s
H  910   856                    19469.000000 19652.7730  0.94%  18.2    0s
H  911   818                    19486.000000 19652.7730  0.86%  18.2    0s
H  912   781                    19518.000000 19652.7730  0.69%  18.2    0s
H  913   781                    19519.000000 19652.7730  0.69%  18.3    0s
H  915   715                    19550.000000 19652.7730  0.53%  18.3    0s
H 2087  1557                    19554.000000 19650.9841  0.50%  30.9    2s
  4823  3043 19614.0742   68  119 19554.0000 19650.9841  0.50%  42.2    5s
 13857 10764 19644.9936   47   92 19554.0000 19650.3474  0.49%  43.6   10s
H23028 17459                    19557.000000 19650.1816  0.48%  44.8   14s
 24371 19280 19627.9825   61  102 19557.0000 19650.1297  0.48%  45.2   15s
 32749 26342 19641.1842   42  114 19557.0000 19649.9678  0.48%  48.7   20s
 37015 28412 19583.0473  125  159 19557.0000 19642.8334  0.44%  49.9   25s
 37095 28480 19638.0777   62  139 19557.0000 19638.0777  0.41%  50.1   30s
 42616 31547 19626.3652   72  132 19557.0000 19634.7459  0.40%  50.6   35s
 53370 37114 19588.3952   77  108 19557.0000 19631.9373  0.38%  52.9   40s
 65255 43382 19604.8558   86  102 19557.0000 19630.7095  0.38%  54.9   45s
 74796 47920 19623.7800   74  138 19557.0000 19630.0050  0.37%  56.6   50s
 81522 51012 19576.3378  139  104 19557.0000 19629.5546  0.37%  58.1   55s
H88281 48959                    19567.000000 19629.2701  0.32%  59.1   58s
 90122 50960 19610.1645   74  111 19567.0000 19629.1435  0.32%  59.5   60s
 98591 54819 19605.4759   92  112 19567.0000 19628.5776  0.31%  60.8   65s
 105204 57432 19587.6067  105   83 19567.0000 19628.2655  0.31%  62.0   70s
 113191 61480 19576.2941  122  109 19567.0000 19627.9074  0.31%  63.4   76s
 120511 65093 19588.7644  105   64 19567.0000 19627.6252  0.31%  64.4   80s
 127500 70294 19615.5118  100  135 19567.0000 19627.3700  0.31%  65.4   85s
 135952 76720 19615.7006   81  113 19567.0000 19627.0745  0.31%  66.3   91s
 142837 81847 19597.0938   86  117 19567.0000 19626.8572  0.31%  67.0   96s
 149925 87274 19615.4748   79  136 19567.0000 19626.6782  0.30%  67.5  100s
 156149 92151 19623.9021   81  127 19567.0000 19626.4924  0.30%  68.0  106s
 161585 96121 19569.3428   95   92 19567.0000 19626.3551  0.30%  68.6  110s
 168466 101281 19610.6998   72  120 19567.0000 19626.1455  0.30%  69.3  115s
 175877 106837 19580.5652   96   89 19567.0000 19625.9536  0.30%  69.9  121s
 181083 110839 19573.3016  109   93 19567.0000 19625.8357  0.30%  70.4  125s
 187682 115715 19571.9190  103   87 19567.0000 19625.6644  0.30%  70.9  130s
 192964 119133 19570.6745   87   71 19567.0000 19625.5553  0.30%  71.4  135s
 197640 122521 19617.8112   84  134 19567.0000 19625.4749  0.30%  72.0  140s
 202744 125722 19600.9252  102   97 19567.0000 19625.3659  0.30%  72.5  145s
 208180 130179 19612.8918   87  128 19567.0000 19625.2551  0.30%  72.9  150s
 215798 135584 19600.8864   92   76 19567.0000 19625.1184  0.30%  73.3  156s
 220953 138954 19618.0801   75  132 19567.0000 19625.0205  0.30%  73.7  160s
 225947 142881 19596.4448   83   92 19567.0000 19624.9192  0.30%  73.9  165s
 233107 147976 19604.5242   80  115 19567.0000 19624.7939  0.30%  74.3  171s
 238151 151449 19597.0858   95   95 19567.0000 19624.6932  0.29%  74.7  176s
 243289 154727     cutoff  106      19567.0000 19624.6020  0.29%  74.9  180s
 248459 158790 19609.3261   93  130 19567.0000 19624.5273  0.29%  75.2  185s
 253893 162863 19595.8948  110   83 19567.0000 19624.4468  0.29%  75.5  190s
 259526 166622 19610.1748   92  107 19567.0000 19624.3523  0.29%  75.6  195s
 264464 170396 19597.3454  104   81 19567.0000 19624.2731  0.29%  75.9  200s
 271627 175606 19595.1313   94  105 19567.0000 19624.1668  0.29%  76.2  206s
 276676 179160 19575.9572   86   88 19567.0000 19624.0937  0.29%  76.4  211s
 281919 182962     cutoff   99      19567.0000 19624.0080  0.29%  76.6  216s
 287304 186822 19605.0160   85  113 19567.0000 19623.9328  0.29%  76.9  221s
 292783 190931 19603.7836   90  107 19567.0000 19623.8691  0.29%  77.1  226s
 298019 194792 19602.0038   78  124 19567.0000 19623.7877  0.29%  77.3  231s
 303815 199000 19596.3892   94  102 19567.0000 19623.7211  0.29%  77.6  236s
 309622 203075 19600.9220   97  107 19567.0000 19623.6337  0.29%  77.7  241s
 314924 206264 19606.9951   80   99 19567.0000 19623.5631  0.29%  78.0  247s
 318920 209714 19611.6186   97  111 19567.0000 19623.5012  0.29%  78.1  251s
 324494 213784     cutoff   87      19567.0000 19623.4366  0.29%  78.3  256s
 330322 217804 19613.6944   84  120 19567.0000 19623.3588  0.29%  78.5  261s
 335389 221550 19614.5197   82  111 19567.0000 19623.3042  0.29%  78.7  266s
 341271 225614 19582.8601  122  109 19567.0000 19623.2184  0.29%  78.8  271s
 346747 229521 19570.0140   98  100 19567.0000 19623.1507  0.29%  78.9  276s
 352120 233163 19602.4397   86  122 19567.0000 19623.0872  0.29%  79.1  280s
 357370 237139 19579.4782  122   90 19567.0000 19623.0305  0.29%  79.2  285s
 362915 241194 19580.5767  106  124 19567.0000 19622.9633  0.29%  79.2  290s
 368271 244943 19608.3854   88  105 19567.0000 19622.8967  0.29%  79.3  295s
 373283 248584 19579.0463  103   91 19567.0000 19622.8451  0.29%  79.4  300s
 378337 252106 19595.2197   99  124 19567.0000 19622.7887  0.29%  79.5  305s
 383868 256097 19595.5715   90   90 19567.0000 19622.7283  0.28%  79.7  310s
 390800 260603 19587.9344  132  107 19567.0000 19622.6636  0.28%  79.8  316s
 394255 263444 19601.4380   83  102 19567.0000 19622.6158  0.28%  79.9  320s
 400051 267468 19600.1776   75   96 19567.0000 19622.5454  0.28%  80.0  325s
 404756 270741 19578.6276   89   81 19567.0000 19622.5042  0.28%  80.0  330s
 411979 275969 19608.4394   87  112 19567.0000 19622.4361  0.28%  80.2  336s
 417463 279974 19598.1627  103  122 19567.0000 19622.3801  0.28%  80.2  340s
 422538 283593 19596.2474   85  111 19567.0000 19622.3343  0.28%  80.3  345s
 427790 287140 19613.7884   86  125 19567.0000 19622.2825  0.28%  80.3  350s
 434976 292211 19569.6284  120  114 19567.0000 19622.2084  0.28%  80.5  356s
 440558 295874     cutoff  126      19567.0000 19622.1451  0.28%  80.5  361s
 445644 299220 19582.7200   85   96 19567.0000 19622.0992  0.28%  80.6  366s
 451055 303345 19618.0132   75  130 19567.0000 19622.0412  0.28%  80.6  371s
 456328 307116 19583.6244  110  125 19567.0000 19621.9929  0.28%  80.8  375s
 461666 310421 19612.1202   79  125 19567.0000 19621.9447  0.28%  80.9  380s
 467048 314105 19570.4801  114   91 19567.0000 19621.9011  0.28%  80.9  385s
 474397 318792 19613.9027   87  103 19567.0000 19621.8275  0.28%  80.9  391s
 479294 322054 19611.7093   84   59 19567.0000 19621.7903  0.28%  81.0  395s
 484601 325749 19617.7074   83  143 19567.0000 19621.7333  0.28%  81.1  400s
 489505 329087 19592.1233  107   91 19567.0000 19621.6967  0.28%  81.1  405s
 495267 332930     cutoff   85      19567.0000 19621.6503  0.28%  81.2  410s
 500527 336659 19573.8086   91   95 19567.0000 19621.6045  0.28%  81.2  415s
 507275 341251 19576.7943  111   95 19567.0000 19621.5417  0.28%  81.3  421s
 513053 345092 infeasible   99      19567.0000 19621.5017  0.28%  81.3  426s
 518427 348904 19612.4442   76  113 19567.0000 19621.4529  0.28%  81.3  430s
 523961 352992 19600.3357   85  112 19567.0000 19621.4112  0.28%  81.3  435s
 529266 356520 19582.7845  100   94 19567.0000 19621.3650  0.28%  81.4  440s
 536268 361469 19612.6157   84   77 19567.0000 19621.3085  0.28%  81.5  446s
 541929 365425 19588.1017   98   91 19567.0000 19621.2579  0.28%  81.5  451s
 547074 368961 19583.3425   86  114 19567.0000 19621.2223  0.28%  81.5  455s
 552424 371974 19604.5622   89   92 19567.0000 19621.1770  0.28%  81.5  461s
 553031 376102 19579.6213  118   80 19567.0000 19621.1746  0.28%  81.5  466s
 561152 378629 19572.3904   84   84 19567.0000 19621.1126  0.28%  81.6  470s
 566492 382374 19598.2489  100  103 19567.0000 19621.0723  0.28%  81.6  475s
 574350 387593     cutoff   96      19567.0000 19621.0150  0.28%  81.6  481s
 579430 391051 19598.6522  100   91 19567.0000 19620.9832  0.28%  81.6  485s
 586159 395569 19577.8602   91   87 19567.0000 19620.9374  0.28%  81.7  491s
 591806 399456     cutoff  106      19567.0000 19620.8969  0.28%  81.6  495s
 597059 403164 19595.1430  106  106 19567.0000 19620.8584  0.28%  81.7  500s
 604009 408065 19612.0624   82  106 19567.0000 19620.8137  0.28%  81.7  506s
 608823 411572 19601.9898   84  100 19567.0000 19620.7821  0.27%  81.7  511s
 615254 415796 19596.0684   97   74 19567.0000 19620.7299  0.27%  81.8  516s
 620926 419694 19602.7807  101  104 19567.0000 19620.6908  0.27%  81.8  521s
 626759 423421 19594.6042  100  129 19567.0000 19620.6542  0.27%  81.7  525s
 632174 427233 19589.7062  100   68 19567.0000 19620.6147  0.27%  81.8  530s
 637363 430894 19601.0394  109  111 19567.0000 19620.5814  0.27%  81.8  535s
 642877 434437 19605.6815   86  101 19567.0000 19620.5372  0.27%  81.8  540s
 649844 438859 19600.6807   82   96 19567.0000 19620.4971  0.27%  81.8  546s
 655254 442365 19609.8487   81  126 19567.0000 19620.4579  0.27%  81.9  551s
 660725 446147 19604.4422   89  115 19567.0000 19620.4185  0.27%  81.9  555s
 666341 449708 19594.6500  110  110 19567.0000 19620.3761  0.27%  81.8  560s
 673368 454651 19595.6201   89  106 19567.0000 19620.3328  0.27%  81.9  566s
 678516 458185 19580.6549   89   91 19567.0000 19620.3031  0.27%  81.9  570s
 685923 463148 19605.0615   93  109 19567.0000 19620.2553  0.27%  81.9  576s
 690906 466749 19609.6359   98  124 19567.0000 19620.2261  0.27%  81.9  580s
 695880 470218 19585.1193   85  104 19567.0000 19620.2001  0.27%  81.9  585s
 701373 473662 19606.5694   89  117 19567.0000 19620.1706  0.27%  81.9  590s
 708427 478246 19614.5122   81  113 19567.0000 19620.1296  0.27%  82.0  596s
 713686 481660 19570.7045  100   87 19567.0000 19620.0906  0.27%  82.0  600s
 718877 484954 19583.2850  100  105 19567.0000 19620.0636  0.27%  82.0  605s
 724176 488352 19589.4833   97   93 19567.0000 19620.0338  0.27%  82.0  610s
 731238 493093 19600.4638   80   61 19567.0000 19619.9935  0.27%  82.1  616s
 736649 496671 19607.9946   92  118 19567.0000 19619.9590  0.27%  82.1  621s
 741747 500509 19570.2265   92   79 19567.0000 19619.9289  0.27%  82.1  625s
 747341 504273 19592.6308  120   57 19567.0000 19619.8968  0.27%  82.0  630s
 753962 508762 19601.1534   85  100 19567.0000 19619.8543  0.27%  82.1  636s
 758470 511941 19600.9700   84  118 19567.0000 19619.8287  0.27%  82.1  641s
 763851 515381 19603.2373   89  108 19567.0000 19619.7975  0.27%  82.1  645s
 769397 518742 19609.9778   86  107 19567.0000 19619.7647  0.27%  82.1  650s
 774485 522332 19616.1440   85  110 19567.0000 19619.7328  0.27%  82.1  655s
 779899 526105 19574.7596   91   93 19567.0000 19619.7059  0.27%  82.1  660s
 786772 530288 19575.8578  118  105 19567.0000 19619.6703  0.27%  82.1  666s
 792138 533916 19609.4368   90  111 19567.0000 19619.6387  0.27%  82.1  670s
 797412 537470 19605.4726   85   96 19567.0000 19619.6110  0.27%  82.1  675s
 802741 541020 19572.5000   99   89 19567.0000 19619.5775  0.27%  82.2  680s
 808095 544400 19575.7951  103   73 19567.0000 19619.5485  0.27%  82.2  685s
 813693 548295 19609.9616   86  116 19567.0000 19619.5111  0.27%  82.2  690s
 820994 552939 19610.5852   95   89 19567.0000 19619.4728  0.27%  82.2  696s
 826196 556565 19607.6320   80  104 19567.0000 19619.4461  0.27%  82.2  700s
 833446 561296 19597.0262   87   98 19567.0000 19619.4105  0.27%  82.2  706s
 838916 564744 19571.7807   79  109 19567.0000 19619.3831  0.27%  82.2  710s
 843335 567652 19608.9808   81  112 19567.0000 19619.3639  0.27%  82.2  715s
 848802 571273 19599.0958   92  120 19567.0000 19619.3335  0.27%  82.2  720s
 856046 576136 19617.6129   86  105 19567.0000 19619.2953  0.27%  82.2  725s
 861496 579467 19607.4251   87   93 19567.0000 19619.2696  0.27%  82.2  730s
 868167 583645 19601.9883   89   88 19567.0000 19619.2375  0.27%  82.2  736s
 873683 587327     cutoff   97      19567.0000 19619.2090  0.27%  82.3  740s
 879227 590872 19585.6729  106   44 19567.0000 19619.1783  0.27%  82.2  745s
 886661 595805 19585.6402  111   69 19567.0000 19619.1407  0.27%  82.2  751s
 891841 599033 19599.6323   84  114 19567.0000 19619.1141  0.27%  82.2  755s
 897247 602291 19605.3525   88  101 19567.0000 19619.0879  0.27%  82.2  760s
 904233 607082 19602.5064   88   98 19567.0000 19619.0554  0.27%  82.2  766s
 909806 610560 19615.7785   86  122 19567.0000 19619.0335  0.27%  82.2  771s
 915259 613853 19611.3998   79  124 19567.0000 19619.0060  0.27%  82.2  775s
 920304 617250 19604.1037   90  123 19567.0000 19618.9807  0.27%  82.2  780s
 925482 621025 19585.5670  115   73 19567.0000 19618.9524  0.27%  82.2  785s
 931487 625078 19572.3846   99   89 19567.0000 19618.9240  0.27%  82.2  790s
 938558 629692     cutoff  104      19567.0000 19618.8900  0.27%  82.2  796s
 943510 632830 19603.2061  105   91 19567.0000 19618.8668  0.27%  82.3  801s
 949289 636041     cutoff  104      19567.0000 19618.8393  0.26%  82.3  805s
 954246 639684 19599.3536   79  117 19567.0000 19618.8161  0.26%  82.3  810s
 961307 644399 19579.1777   99   65 19567.0000 19618.7847  0.26%  82.3  816s
 966821 647789 19570.6481  111   46 19567.0000 19618.7628  0.26%  82.3  820s
 972183 651262 19573.2330  116  107 19567.0000 19618.7390  0.26%  82.3  825s
 979289 655435 19612.2520   82  104 19567.0000 19618.7024  0.26%  82.3  831s
 984139 658900 19582.4303  116   90 19567.0000 19618.6814  0.26%  82.3  835s
 989762 662598 19610.4033   85  132 19567.0000 19618.6569  0.26%  82.3  840s
 997174 667210 19580.5956  102   81 19567.0000 19618.6240  0.26%  82.2  846s
 1002308 670777 19592.7721   92   82 19567.0000 19618.6033  0.26%  82.3  850s
 1007389 674070 19576.1144  103   89 19567.0000 19618.5792  0.26%  82.3  855s
 1012896 677483 19592.3962   93  118 19567.0000 19618.5583  0.26%  82.3  860s
 1020308 682240 19605.1583   89   98 19567.0000 19618.5180  0.26%  82.3  866s
 1025711 685467 19579.6384   81  104 19567.0000 19618.4994  0.26%  82.3  870s
 1031383 689207 19599.6286  112  100 19567.0000 19618.4733  0.26%  82.3  875s
 1038512 693786 19601.7612  105   84 19567.0000 19618.4418  0.26%  82.3  881s
 1044217 697545 19584.6506   89  105 19567.0000 19618.4199  0.26%  82.2  886s
 1049610 700844 19607.6390   74  104 19567.0000 19618.3963  0.26%  82.2  890s
 1054994 704223 19615.4212   80   89 19567.0000 19618.3773  0.26%  82.3  895s
H1055755 512780                    19584.000000 19618.3754  0.18%  82.3  895s
 1062082 515962 19599.9642   81   91 19584.0000 19618.3350  0.18%  82.3  901s
 1066926 518459 19587.8716   90  109 19584.0000 19618.3100  0.18%  82.3  905s
 1070476 519991 19612.1010   97  147 19584.0000 19618.2901  0.18%  82.3  910s
 1075657 523110 19593.0752   92  113 19584.0000 19618.2628  0.17%  82.3  915s
 1081602 526307 19590.9134  103  113 19584.0000 19618.2323  0.17%  82.4  920s
 1087237 529465 19600.8742   91   69 19584.0000 19618.2002  0.17%  82.4  925s
 1094205 533090     cutoff   85      19584.0000 19618.1622  0.17%  82.4  931s
 1099672 535806 19597.1585   85   83 19584.0000 19618.1317  0.17%  82.4  935s
 1104939 538309     cutoff   87      19584.0000 19618.1003  0.17%  82.5  940s
 1110432 541355 19586.7776  101   81 19584.0000 19618.0739  0.17%  82.5  945s
 1116104 544383 19591.0332   91  104 19584.0000 19618.0430  0.17%  82.5  950s
 1122943 547830 19603.8020   74  116 19584.0000 19618.0112  0.17%  82.5  956s
 1128295 550813 19606.9872   91   98 19584.0000 19617.9823  0.17%  82.6  961s
 1133836 553684     cutoff  118      19584.0000 19617.9533  0.17%  82.6  965s
 1139357 556511 19588.4342   88  134 19584.0000 19617.9267  0.17%  82.6  970s
 1144686 559321 19607.3176   86   97 19584.0000 19617.8991  0.17%  82.6  975s
 1149924 561926 19604.9998   91  130 19584.0000 19617.8751  0.17%  82.6  980s
 1154625 564549 19604.9223  106  116 19584.0000 19617.8495  0.17%  82.7  985s
 1162183 568329 19597.8232   88  126 19584.0000 19617.8123  0.17%  82.7  991s
 1167439 571205 19610.3780   98   92 19584.0000 19617.7833  0.17%  82.7  996s
 1172717 573910 19609.6355   82   81 19584.0000 19617.7595  0.17%  82.7 1000s
 1178066 576618 19604.6225   89   99 19584.0000 19617.7328  0.17%  82.7 1005s
 1183454 579409 19601.4068   95  107 19584.0000 19617.7061  0.17%  82.7 1010s
 1190020 583275 19592.3131   88   99 19584.0000 19617.6769  0.17%  82.8 1016s
 1195697 586137 19585.1252   87  102 19584.0000 19617.6516  0.17%  82.8 1021s
 1201088 588947 19587.3664  116   93 19584.0000 19617.6228  0.17%  82.8 1025s
 1206310 591818 19604.7250   86  116 19584.0000 19617.6003  0.17%  82.8 1030s
 1211704 594566     cutoff   87      19584.0000 19617.5757  0.17%  82.8 1035s
 1219070 598344 19596.7575   80  141 19584.0000 19617.5401  0.17%  82.8 1041s
 1224035 600813 19605.1151   96   79 19584.0000 19617.5142  0.17%  82.8 1045s
 1229031 603418 19607.1895   95  102 19584.0000 19617.4929  0.17%  82.8 1050s
 1234715 606462     cutoff  121      19584.0000 19617.4697  0.17%  82.9 1055s
 1241673 610014 19602.5686   88  119 19584.0000 19617.4352  0.17%  82.9 1061s
 1247168 612900 19602.0800  105   93 19584.0000 19617.4076  0.17%  82.9 1066s
 1252451 615744 19595.9183   95   86 19584.0000 19617.3809  0.17%  82.9 1070s
 1257629 618332     cutoff  106      19584.0000 19617.3566  0.17%  82.9 1075s
 1263250 621344 19595.3806  111   72 19584.0000 19617.3308  0.17%  82.9 1080s
 1270336 624771 19594.5551  108   98 19584.0000 19617.3003  0.17%  82.9 1086s
 1275438 627546 19610.0796   83  120 19584.0000 19617.2762  0.17%  82.9 1091s
 1281014 630448 19591.1289  106   64 19584.0000 19617.2540  0.17%  83.0 1095s
 1286409 633325 19587.5294  100   89 19584.0000 19617.2322  0.17%  83.0 1100s
 1291759 635399     cutoff   90      19584.0000 19617.2078  0.17%  83.0 1105s
 1296700 638379 19591.3370   93   68 19584.0000 19617.1835  0.17%  83.0 1110s
 1302307 641387 19585.0099  100   83 19584.0000 19617.1584  0.17%  83.0 1115s
 1309567 645186 19592.2097  113  114 19584.0000 19617.1251  0.17%  83.0 1121s
 1315154 647796     cutoff   93      19584.0000 19617.1006  0.17%  83.0 1126s
 1320589 650427 19605.8722   96  122 19584.0000 19617.0793  0.17%  83.0 1130s
 1325440 653225 19591.3767   99  100 19584.0000 19617.0604  0.17%  83.0 1135s
 1332697 656992 19604.5276   94   85 19584.0000 19617.0268  0.17%  83.0 1140s
 1338029 659794 19605.4983   98   83 19584.0000 19617.0045  0.17%  83.1 1145s
 1343444 662598 19614.3239   88  122 19584.0000 19616.9815  0.17%  83.1 1150s
 1350594 666302     cutoff   84      19584.0000 19616.9531  0.17%  83.1 1156s
 1356060 668955 19588.9429   98   92 19584.0000 19616.9296  0.17%  83.1 1160s
 1361458 671359 19598.5614   83  112 19584.0000 19616.9078  0.17%  83.1 1165s
 1367038 674569 19604.4543   78  119 19584.0000 19616.8841  0.17%  83.1 1170s
 1372492 677177 19597.8985   94   72 19584.0000 19616.8627  0.17%  83.1 1175s
 1379784 680744 19599.2756   79  109 19584.0000 19616.8306  0.17%  83.1 1181s
 1385162 683451     cutoff   92      19584.0000 19616.8090  0.17%  83.1 1185s
 1390593 685998 19608.3029   86   88 19584.0000 19616.7873  0.17%  83.1 1190s
 1395830 688533 19590.0946   96   89 19584.0000 19616.7673  0.17%  83.1 1195s
 1402986 692087 19597.9913   82  122 19584.0000 19616.7436  0.17%  83.1 1201s
 1407977 694668 19588.4329   95   81 19584.0000 19616.7236  0.17%  83.1 1205s
 1413721 697143 19586.8969   92  119 19584.0000 19616.6987  0.17%  83.1 1210s
 1420808 700829 19611.6516   94  140 19584.0000 19616.6724  0.17%  83.1 1216s
 1426394 703546 19597.7982  114   82 19584.0000 19616.6511  0.17%  83.1 1221s
 1432109 706665 19586.6181   97   84 19584.0000 19616.6304  0.17%  83.1 1226s
 1437682 709533 19611.8874   84   96 19584.0000 19616.6070  0.17%  83.1 1230s
 1444048 712790 19608.6706   86  122 19584.0000 19616.5829  0.17%  83.1 1236s
 1449719 715855 19601.1572   91  101 19584.0000 19616.5672  0.17%  83.1 1241s
 1455202 718686 19605.5331  109   93 19584.0000 19616.5440  0.17%  83.1 1245s
 1461003 721512     cutoff   82      19584.0000 19616.5209  0.17%  83.1 1250s
 1466095 724122 19594.8409   97  112 19584.0000 19616.5055  0.17%  83.1 1255s
 1473534 727860 19601.3836   82  123 19584.0000 19616.4782  0.17%  83.1 1261s
 1478705 730258 19593.3506   90   70 19584.0000 19616.4589  0.17%  83.1 1265s
 1484266 732683 19603.2213   88   90 19584.0000 19616.4371  0.17%  83.1 1270s
 1491430 736226 19586.4237  106   97 19584.0000 19616.4095  0.17%  83.2 1276s
 1496688 738944 19591.5608  102   80 19584.0000 19616.3911  0.17%  83.2 1281s
 1501576 741406 19608.2193   86  107 19584.0000 19616.3713  0.17%  83.2 1285s
 1507287 744478 19602.6915   90  110 19584.0000 19616.3502  0.17%  83.2 1290s
 1514297 747916 19594.3915   87   91 19584.0000 19616.3266  0.17%  83.2 1295s
 1519760 750321 19600.0722   87   74 19584.0000 19616.3052  0.16%  83.2 1300s
 1527217 754052     cutoff   87      19584.0000 19616.2825  0.16%  83.1 1306s
 1532614 756531 19591.2009  105   87 19584.0000 19616.2597  0.16%  83.1 1310s
 1537390 758748 19600.3050   93  101 19584.0000 19616.2452  0.16%  83.1 1315s
 1544442 762350 19586.9737  100  109 19584.0000 19616.2219  0.16%  83.2 1321s
 1550018 765053 19596.7429   93   84 19584.0000 19616.2041  0.16%  83.2 1325s
 1555230 767788 19600.9720  107  110 19584.0000 19616.1864  0.16%  83.2 1330s
 1562517 771402 19603.4362   88   78 19584.0000 19616.1601  0.16%  83.2 1336s
 1567906 773950 19605.2486   93   82 19584.0000 19616.1414  0.16%  83.2 1340s
 1573371 776710 19611.4982   77   85 19584.0000 19616.1263  0.16%  83.2 1345s
 1580600 780622     cutoff  107      19584.0000 19616.1014  0.16%  83.2 1351s
 1586053 783194     cutoff  103      19584.0000 19616.0812  0.16%  83.1 1355s
 1592740 786441 19604.0594   80  122 19584.0000 19616.0615  0.16%  83.2 1361s
 1597711 788923 19615.0730   87  132 19584.0000 19616.0462  0.16%  83.1 1366s
 1603336 791670 19586.6255  101   67 19584.0000 19616.0273  0.16%  83.1 1370s
 1610467 795093 19599.1604   88  122 19584.0000 19616.0036  0.16%  83.1 1376s
 1615768 797731 19589.7000   94  107 19584.0000 19615.9869  0.16%  83.1 1381s
 1620981 800477 19599.2169   99   85 19584.0000 19615.9678  0.16%  83.1 1385s
 1626373 803105 19593.8300   78  121 19584.0000 19615.9505  0.16%  83.1 1390s
 1631936 806003 19589.1248  101   63 19584.0000 19615.9319  0.16%  83.1 1395s
 1638899 809349 19595.2680   98   99 19584.0000 19615.9095  0.16%  83.1 1401s
 1644286 812356 19612.1282   85  113 19584.0000 19615.8908  0.16%  83.1 1406s
 1649745 815034 19591.1488  105   61 19584.0000 19615.8733  0.16%  83.1 1410s
 1656749 818312 19590.6366  104  101 19584.0000 19615.8509  0.16%  83.1 1416s
 1662715 821381 19602.0800   94  116 19584.0000 19615.8284  0.16%  83.1 1421s
 1668721 824316 19603.4367   94  120 19584.0000 19615.8092  0.16%  83.1 1426s
 1674465 827101 19588.3705   97  112 19584.0000 19615.7907  0.16%  83.1 1430s
 1680030 829765 19609.0427   87  118 19584.0000 19615.7728  0.16%  83.1 1435s
 1687213 833385 19591.3787   95   74 19584.0000 19615.7505  0.16%  83.1 1441s
 1692641 836137 19593.7752   99   68 19584.0000 19615.7330  0.16%  83.1 1445s
 1698316 839178 19611.7439   86  103 19584.0000 19615.7169  0.16%  83.1 1450s
 1703563 841646 19590.9103  109   81 19584.0000 19615.7007  0.16%  83.1 1455s
 1709126 844332 19593.7156   88   90 19584.0000 19615.6843  0.16%  83.1 1460s
 1716206 847932 19605.4226   98   87 19584.0000 19615.6644  0.16%  83.1 1466s
 1721809 850538 19592.8253   88   68 19584.0000 19615.6471  0.16%  83.1 1470s
 1727099 853051     cutoff   95      19584.0000 19615.6315  0.16%  83.1 1475s
 1733989 856563 19593.0995  100   91 19584.0000 19615.6142  0.16%  83.1 1481s
 1737704 857917 19594.7938   87  117 19584.0000 19615.6028  0.16%  83.1 1485s
 1744775 861858 19605.9353   85   84 19584.0000 19615.5823  0.16%  83.1 1491s
 1750645 864392 19598.4160   75  119 19584.0000 19615.5662  0.16%  83.0 1495s
 1757710 867886 19599.2599  102   85 19584.0000 19615.5431  0.16%  83.0 1501s
 1763015 870474 19602.3113   97   90 19584.0000 19615.5259  0.16%  83.0 1505s
 1768471 873027 19589.7138   90   81 19584.0000 19615.5117  0.16%  83.0 1510s
 1775509 876458 19610.6512   88  102 19584.0000 19615.4924  0.16%  83.0 1515s
 1779975 878865 19593.5360  109   45 19584.0000 19615.4809  0.16%  83.0 1520s
 1787495 882641     cutoff   98      19584.0000 19615.4580  0.16%  83.0 1525s
 1792755 885073 19599.3121   96   67 19584.0000 19615.4438  0.16%  83.0 1530s
 1799586 888224 19603.5732   81  101 19584.0000 19615.4270  0.16%  83.0 1535s
 1805032 890950     cutoff  101      19584.0000 19615.4095  0.16%  83.0 1540s
 1810665 893582 19607.2368   82   83 19584.0000 19615.3949  0.16%  83.0 1545s
 1817692 897066 19602.8549   88  102 19584.0000 19615.3750  0.16%  83.0 1551s
 1823185 899738 19595.8265   86   96 19584.0000 19615.3578  0.16%  83.0 1555s
 1828607 902371 19591.4169   99   86 19584.0000 19615.3455  0.16%  83.0 1560s
 1836129 905931 19600.3879   88  103 19584.0000 19615.3221  0.16%  83.0 1566s
 1839183 907766 19591.2576   84   87 19584.0000 19615.3123  0.16%  83.0 1570s
 1847461 911513 19593.5714  116   84 19584.0000 19615.2860  0.16%  83.0 1576s
 1853135 914527     cutoff   88      19584.0000 19615.2670  0.16%  83.0 1580s
 1859124 916537 19605.9967   99   96 19584.0000 19615.2479  0.16%  83.0 1585s
 1865898 920183     cutoff   98      19584.0000 19615.2308  0.16%  83.0 1591s
 1871701 922839 19606.0308   87  122 19584.0000 19615.2173  0.16%  83.0 1595s
 1877163 925737 19601.2703   94   67 19584.0000 19615.2039  0.16%  83.0 1600s
 1884478 929482 19599.0841   77  120 19584.0000 19615.1832  0.16%  83.0 1605s
 1890018 932073 19603.1428  103   97 19584.0000 19615.1674  0.16%  83.0 1610s
 1896930 935439 19609.6058   78  122 19584.0000 19615.1515  0.16%  82.9 1616s
 1902503 938080     cutoff  110      19584.0000 19615.1363  0.16%  82.9 1621s
 1908110 940991 19608.8917   87  123 19584.0000 19615.1220  0.16%  82.9 1625s
 1914838 944474 19592.5793  102   73 19584.0000 19615.1062  0.16%  82.9 1631s
 1920665 947076 19586.4427  110   75 19584.0000 19615.0895  0.16%  82.9 1636s
 1926369 949916 19600.1697   88  102 19584.0000 19615.0742  0.16%  82.9 1640s
 1930861 951988 19601.9864   93  110 19584.0000 19615.0643  0.16%  82.9 1645s
 1938184 955336 19608.4610   95  113 19584.0000 19615.0452  0.16%  82.9 1651s
 1942537 957537 19585.3124   86  107 19584.0000 19615.0341  0.16%  82.9 1655s
 1950023 961144 19586.3686   87  104 19584.0000 19615.0157  0.16%  82.9 1660s
 1955381 963616 19597.4494   87  103 19584.0000 19615.0023  0.16%  82.9 1665s
 1962404 966638 19604.3265   83  126 19584.0000 19614.9837  0.16%  82.9 1671s
 1967508 969476 19591.5797   94   69 19584.0000 19614.9691  0.16%  82.9 1675s
 1974888 973053 19603.8352   92  101 19584.0000 19614.9491  0.16%  82.9 1680s
 1982146 976348     cutoff   95      19584.0000 19614.9301  0.16%  82.9 1686s
 1987117 979016 19591.6725  111   85 19584.0000 19614.9164  0.16%  82.9 1690s
 1994442 982362 19607.4863   86  104 19584.0000 19614.8966  0.16%  82.8 1696s
 1999818 984948 19593.8806   96   70 19584.0000 19614.8825  0.16%  82.8 1700s
 2006749 988633 19599.1153   88   70 19584.0000 19614.8636  0.16%  82.8 1706s
 2012484 991033 19589.3245  114   79 19584.0000 19614.8496  0.16%  82.8 1710s
 2019278 994097     cutoff  104      19584.0000 19614.8313  0.16%  82.8 1716s
 2024615 996899 19612.2579   85  102 19584.0000 19614.8196  0.16%  82.8 1720s
 2031950 1000445 19587.9616  102   85 19584.0000 19614.8012  0.16%  82.8 1726s
 2037495 1003312 19597.1143  102   79 19584.0000 19614.7879  0.16%  82.8 1730s
 2042982 1005858     cutoff   97      19584.0000 19614.7733  0.16%  82.8 1735s
 2050424 1009513     cutoff  101      19584.0000 19614.7540  0.16%  82.8 1741s
 2055841 1012039     cutoff   94      19584.0000 19614.7416  0.16%  82.8 1745s
 2063628 1015435 19600.0190   85   91 19584.0000 19614.7237  0.16%  82.8 1751s
 2068812 1017869 19612.0281   82  134 19584.0000 19614.7107  0.16%  82.8 1755s
 2075714 1021114 19602.5793   76  108 19584.0000 19614.6947  0.16%  82.8 1760s
 2080989 1023895 19610.1403   79  106 19584.0000 19614.6812  0.16%  82.8 1765s
 2087940 1027231 19598.4478   93   93 19584.0000 19614.6656  0.16%  82.8 1770s
 2092973 1029467 19599.2696   90  101 19584.0000 19614.6529  0.16%  82.7 1775s
 2100509 1032946     cutoff   84      19584.0000 19614.6339  0.16%  82.7 1781s
 2105672 1035506 19595.2347   98   88 19584.0000 19614.6222  0.16%  82.7 1785s
 2112733 1038810 19600.1455  102   99 19584.0000 19614.6067  0.16%  82.7 1790s
 2119854 1042513 19606.9966   90  119 19584.0000 19614.5894  0.16%  82.7 1796s
 2125135 1044986 19595.9797   82   81 19584.0000 19614.5790  0.16%  82.7 1800s
 2131776 1047353 19608.2378   86   76 19584.0000 19614.5640  0.16%  82.7 1805s
 2137224 1050633 19600.2476   84   75 19584.0000 19614.5493  0.16%  82.7 1810s
 2142588 1053113 19600.6199   85   75 19584.0000 19614.5371  0.16%  82.7 1815s
 2150132 1056756 19588.8126   97   91 19584.0000 19614.5197  0.16%  82.7 1821s
 2155630 1059508 19611.0802   89  113 19584.0000 19614.5073  0.16%  82.7 1825s
 2161369 1062049 19605.7479  107  110 19584.0000 19614.4924  0.16%  82.7 1830s
 2166983 1064690 19606.9179   90  111 19584.0000 19614.4805  0.16%  82.7 1835s
 2174492 1067992 19598.1069   84   80 19584.0000 19614.4648  0.16%  82.6 1840s
 2179368 1070090     cutoff   99      19584.0000 19614.4520  0.16%  82.6 1845s
 2185882 1073262 19601.4955   91  109 19584.0000 19614.4396  0.16%  82.6 1851s
 2191835 1075795 19590.4993  114   84 19584.0000 19614.4250  0.16%  82.6 1855s
 2196951 1078481 19607.7641   84   91 19584.0000 19614.4133  0.16%  82.6 1860s
 2204834 1081808 19598.7962   93   62 19584.0000 19614.3952  0.16%  82.6 1866s
 2209893 1084432 19602.6242   91  103 19584.0000 19614.3836  0.16%  82.6 1870s
 2215114 1086829 19589.7990  102  119 19584.0000 19614.3711  0.16%  82.6 1875s
 2222472 1090499 19602.8768   80   89 19584.0000 19614.3526  0.15%  82.6 1880s
 2227956 1093049     cutoff   99      19584.0000 19614.3404  0.15%  82.6 1885s
 2234898 1096240 19597.1477   81  101 19584.0000 19614.3258  0.15%  82.6 1891s
 2240555 1098748 19600.9201   92   65 19584.0000 19614.3130  0.15%  82.6 1895s
 2247957 1102050 19586.9667   93   70 19584.0000 19614.2977  0.15%  82.6 1901s
 2253453 1104578     cutoff   98      19584.0000 19614.2854  0.15%  82.6 1905s
 2260504 1107623 19602.5726   98  115 19584.0000 19614.2696  0.15%  82.6 1911s
 2265843 1110025 19595.6161   93  104 19584.0000 19614.2611  0.15%  82.6 1915s
 2273061 1113452 19600.7476   83   74 19584.0000 19614.2441  0.15%  82.6 1921s
 2278215 1116003 19601.3331   92  120 19584.0000 19614.2340  0.15%  82.6 1925s
 2285544 1119056     cutoff  139      19584.0000 19614.2183  0.15%  82.6 1931s
 2290574 1121866 19585.3497   85  100 19584.0000 19614.2085  0.15%  82.5 1935s
 2296024 1124035 19591.6620  109   86 19584.0000 19614.1960  0.15%  82.6 1940s
 2303076 1127584 19591.4232   96   80 19584.0000 19614.1788  0.15%  82.5 1946s
 2308418 1130190 19587.3796  112   86 19584.0000 19614.1670  0.15%  82.5 1951s
 2313578 1132732 19592.3633   86  107 19584.0000 19614.1550  0.15%  82.5 1955s
 2319191 1135326 19592.5388   97  127 19584.0000 19614.1416  0.15%  82.5 1960s
 2324401 1137839 19586.8342   88  109 19584.0000 19614.1311  0.15%  82.5 1965s
 2332076 1141543 19601.0734   94   99 19584.0000 19614.1129  0.15%  82.5 1971s
 2337492 1144292 19603.3848   81   95 19584.0000 19614.1010  0.15%  82.5 1976s
 2343383 1146664 19603.5308   84  124 19584.0000 19614.0876  0.15%  82.5 1981s
 2348971 1149213 19605.6960   85  116 19584.0000 19614.0743  0.15%  82.5 1986s
 2354517 1151984 19598.9514   93   83 19584.0000 19614.0625  0.15%  82.5 1990s
 2359537 1154246 19611.7759   93   95 19584.0000 19614.0527  0.15%  82.5 1995s
 2367078 1157739 19597.9190   88   84 19584.0000 19614.0364  0.15%  82.5 2001s
 2372452 1160266     cutoff   88      19584.0000 19614.0250  0.15%  82.5 2006s
 2377916 1162904     cutoff  113      19584.0000 19614.0126  0.15%  82.5 2010s
 2383538 1165290     cutoff  101      19584.0000 19613.9995  0.15%  82.5 2015s
 2390370 1168532 19603.5143   94   98 19584.0000 19613.9843  0.15%  82.4 2021s
 2395815 1171217 19589.8499  104   95 19584.0000 19613.9736  0.15%  82.4 2025s
 2401392 1173754 19599.9854   83   86 19584.0000 19613.9614  0.15%  82.4 2030s
 2407930 1176803 19591.0761  101   83 19584.0000 19613.9483  0.15%  82.4 2036s
 2413197 1179480 19591.3909   92  105 19584.0000 19613.9364  0.15%  82.4 2040s
 2419087 1181944 19609.2445   94   84 19584.0000 19613.9233  0.15%  82.4 2045s
 2425564 1184954     cutoff  108      19584.0000 19613.9094  0.15%  82.4 2051s
 2431080 1187614 19598.6682  109   85 19584.0000 19613.8973  0.15%  82.4 2055s
 2438451 1190900 19592.0880  108   88 19584.0000 19613.8823  0.15%  82.4 2061s
 2443892 1193290 19593.1026   87  100 19584.0000 19613.8714  0.15%  82.4 2065s
 2451252 1196844 19606.7134   87   84 19584.0000 19613.8575  0.15%  82.4 2071s
 2456321 1199037 19590.6798   93   85 19584.0000 19613.8470  0.15%  82.4 2075s
 2463815 1202429 19599.5954   83  106 19584.0000 19613.8318  0.15%  82.3 2081s
 2469073 1205028 19602.8298   74  103 19584.0000 19613.8211  0.15%  82.3 2085s
 2474946 1207556 19588.4325  104   62 19584.0000 19613.8093  0.15%  82.3 2090s
 2482120 1210721 19596.7064  102   99 19584.0000 19613.7940  0.15%  82.3 2096s
 2487619 1213493 19599.4383   85  119 19584.0000 19613.7830  0.15%  82.3 2100s
 2494713 1217066 19603.6839   96   87 19584.0000 19613.7699  0.15%  82.3 2106s
 2500019 1219506 19586.6560   87   80 19584.0000 19613.7590  0.15%  82.3 2110s
 2505807 1222232 19606.7143   82   91 19584.0000 19613.7484  0.15%  82.3 2115s
 2512994 1225544     cutoff  112      19584.0000 19613.7322  0.15%  82.3 2121s
 2518447 1228137 19598.7602   94  118 19584.0000 19613.7204  0.15%  82.3 2125s
 2523954 1230475 19592.6056   89  104 19584.0000 19613.7094  0.15%  82.3 2130s
 2530829 1233560 19611.8436   87  109 19584.0000 19613.6957  0.15%  82.3 2136s
 2536607 1236323 19608.2204   81   96 19584.0000 19613.6841  0.15%  82.3 2140s
 2543940 1239549 19585.0439   97   88 19584.0000 19613.6704  0.15%  82.3 2146s
 2549028 1241990 19592.9369  100   54 19584.0000 19613.6605  0.15%  82.3 2150s
 2555786 1245089 19597.1148   86   97 19584.0000 19613.6472  0.15%  82.3 2155s
 2563276 1248337 19598.1731   92  100 19584.0000 19613.6331  0.15%  82.2 2161s
 2568498 1250707 19609.2498   90   91 19584.0000 19613.6237  0.15%  82.2 2165s
 2575109 1253548 19602.9327   81  122 19584.0000 19613.6123  0.15%  82.2 2170s
 2580510 1256042 19601.8593   90  107 19584.0000 19613.6013  0.15%  82.2 2175s
 2587827 1259407 19598.9606  102   81 19584.0000 19613.5861  0.15%  82.2 2180s
 2593295 1261937 19598.9005  104  108 19584.0000 19613.5741  0.15%  82.2 2185s
 2600754 1265253 19591.2374  106   87 19584.0000 19613.5602  0.15%  82.2 2190s
 2606174 1267756 19600.3245  100  104 19584.0000 19613.5486  0.15%  82.2 2195s
 2613437 1271196 19607.3943   99  101 19584.0000 19613.5344  0.15%  82.2 2200s
 2620523 1274262 19597.1041   95   78 19584.0000 19613.5204  0.15%  82.2 2206s
 2625868 1276854 19594.9123   94   91 19584.0000 19613.5082  0.15%  82.2 2210s
 2633317 1280341 19597.5895   82   89 19584.0000 19613.4921  0.15%  82.2 2216s
 2638606 1282858 19605.0988   89  107 19584.0000 19613.4817  0.15%  82.1 2220s
 2645324 1286032 19595.4717   91  124 19584.0000 19613.4697  0.15%  82.1 2225s
 2651025 1288524 19606.2069   85   80 19584.0000 19613.4586  0.15%  82.1 2230s
 2658305 1291730 19591.9505  106   73 19584.0000 19613.4464  0.15%  82.1 2235s
 2665269 1294671     cutoff  104      19584.0000 19613.4351  0.15%  82.1 2241s
 2670991 1297409 19604.9690   94   68 19584.0000 19613.4231  0.15%  82.1 2246s
 2676625 1299883 19588.5025  111   74 19584.0000 19613.4130  0.15%  82.1 2250s
 2683977 1303236 19604.9029   96   77 19584.0000 19613.3985  0.15%  82.1 2256s
 2689350 1305774 19602.9438  104   99 19584.0000 19613.3899  0.15%  82.1 2260s
 2696599 1308996     cutoff   90      19584.0000 19613.3766  0.15%  82.1 2265s
 2701827 1311556 19603.9733   86  126 19584.0000 19613.3678  0.15%  82.1 2270s
 2709198 1314987 19607.1316   87  109 19584.0000 19613.3544  0.15%  82.1 2276s
 2714378 1317469 19589.3711  101   98 19584.0000 19613.3445  0.15%  82.0 2280s
 2721729 1320746 19595.7443   79  105 19584.0000 19613.3309  0.15%  82.0 2286s
 2727582 1323344 19586.3820   82  103 19584.0000 19613.3193  0.15%  82.0 2290s
 2732984 1325735 19593.7313   92  110 19584.0000 19613.3083  0.15%  82.0 2295s
 2740206 1329191     cutoff   92      19584.0000 19613.2963  0.15%  82.0 2300s
 2745833 1331468 19593.5984   93   69 19584.0000 19613.2853  0.15%  82.0 2305s
 2752842 1334741     cutoff  104      19584.0000 19613.2721  0.15%  82.0 2311s
 2758223 1337399 19586.5932  106   67 19584.0000 19613.2637  0.15%  82.0 2315s
 2763794 1339462 19596.3585   92   59 19584.0000 19613.2538  0.15%  82.0 2320s
 2770635 1342850 19597.0329  107   60 19584.0000 19613.2428  0.15%  82.0 2325s
 2776125 1345302     cutoff   89      19584.0000 19613.2340  0.15%  82.0 2330s
 2783547 1348517     cutoff   77      19584.0000 19613.2196  0.15%  82.0 2335s
 2790031 1351595 19600.6364   82  115 19584.0000 19613.2074  0.15%  82.0 2341s
 2795573 1354297 19589.5129   93  102 19584.0000 19613.1979  0.15%  81.9 2345s
 2802658 1357410 19602.7434   99   95 19584.0000 19613.1840  0.15%  81.9 2351s
 2808511 1359911 19596.4962   96   72 19584.0000 19613.1741  0.15%  81.9 2355s
 2814001 1362364 19591.2373   92   99 19584.0000 19613.1644  0.15%  81.9 2360s
 2821151 1365520 19607.5166  100   89 19584.0000 19613.1513  0.15%  81.9 2365s
 2826642 1367976 19602.1532   87  117 19584.0000 19613.1414  0.15%  81.9 2370s
 2831089 1370216 19603.0061  101   88 19584.0000 19613.1329  0.15%  81.9 2375s
 2838511 1373508 19605.8351   93  129 19584.0000 19613.1194  0.15%  81.9 2380s
 2843909 1375652 19590.3921  105  102 19584.0000 19613.1100  0.15%  81.9 2385s
 2850766 1378913     cutoff   96      19584.0000 19613.0983  0.15%  81.9 2390s
 2856291 1381065 19606.1089   80  115 19584.0000 19613.0888  0.15%  81.9 2395s
 2863757 1384463 19606.0675   94  116 19584.0000 19613.0765  0.15%  81.9 2400s
 2871237 1387744 19610.1849   92  100 19584.0000 19613.0638  0.15%  81.8 2406s
 2877001 1390167 19593.4530   89   94 19584.0000 19613.0539  0.15%  81.8 2410s
 2884033 1393405 19597.5374   85   87 19584.0000 19613.0423  0.15%  81.8 2416s
 2889417 1396043 19589.8197   90   81 19584.0000 19613.0337  0.15%  81.8 2420s
 2896504 1399108 19597.4570  100   69 19584.0000 19613.0219  0.15%  81.8 2426s
 2902206 1401535 19585.3460   96   84 19584.0000 19613.0112  0.15%  81.8 2430s
 2909701 1404943 19605.1037   92  111 19584.0000 19612.9991  0.15%  81.8 2436s
 2914985 1407106 19589.0984   93   95 19584.0000 19612.9911  0.15%  81.8 2440s
 2922260 1410587 19601.1465   87   74 19584.0000 19612.9802  0.15%  81.8 2445s
 2927784 1413069 19589.5121   86  111 19584.0000 19612.9713  0.15%  81.8 2450s
 2933224 1415703 19601.4885  103   91 19584.0000 19612.9624  0.15%  81.8 2455s
 2938133 1418080 19589.0673  114   85 19584.0000 19612.9549  0.15%  81.8 2460s
 2945896 1421293 19598.7989   91   96 19584.0000 19612.9396  0.15%  81.8 2465s
 2951423 1423760 19607.9520   89  110 19584.0000 19612.9306  0.15%  81.8 2470s
 2958432 1426872 19610.2910   95  114 19584.0000 19612.9172  0.15%  81.7 2475s
 2965380 1429761 19592.4710   92   90 19584.0000 19612.9055  0.15%  81.7 2481s
 2970916 1432252 19595.9128   86   90 19584.0000 19612.8975  0.15%  81.7 2485s
 2978102 1435353 19589.0489   91  103 19584.0000 19612.8865  0.15%  81.7 2490s
 2985215 1438535 19599.2678   87   98 19584.0000 19612.8757  0.15%  81.7 2496s
 2990615 1440859 19596.4961   86  125 19584.0000 19612.8656  0.15%  81.7 2500s
 2997935 1444126     cutoff   98      19584.0000 19612.8528  0.15%  81.7 2505s
 3003479 1446615 19609.6355   80   83 19584.0000 19612.8444  0.15%  81.7 2510s
 3010477 1450117     cutoff   97      19584.0000 19612.8329  0.15%  81.7 2515s
 3015901 1452644 19588.1701   83   90 19584.0000 19612.8246  0.15%  81.7 2520s
 3022973 1455744 19601.9779   94  107 19584.0000 19612.8129  0.15%  81.7 2526s
 3028406 1458306     cutoff  101      19584.0000 19612.8041  0.15%  81.7 2530s
 3034032 1460832 19594.1731   97   99 19584.0000 19612.7947  0.15%  81.6 2535s
 3041213 1464173     cutoff   96      19584.0000 19612.7829  0.15%  81.6 2540s
 3046644 1466212 19601.5269   88   79 19584.0000 19612.7740  0.15%  81.6 2545s
 3053751 1469547 19594.9502   90   93 19584.0000 19612.7616  0.15%  81.6 2551s
 3059387 1471991 19606.8471   96  111 19584.0000 19612.7525  0.15%  81.6 2555s
 3066753 1475104     cutoff  102      19584.0000 19612.7409  0.15%  81.6 2560s
 3074180 1478427 19585.3366  108   57 19584.0000 19612.7280  0.15%  81.6 2566s
 3079401 1480966 19599.1476   95  114 19584.0000 19612.7204  0.15%  81.6 2570s
 3086517 1484104 19609.6436   90  147 19584.0000 19612.7097  0.15%  81.6 2575s
 3092044 1486228 19595.0299  101   74 19584.0000 19612.7013  0.15%  81.6 2580s
 3097292 1488985 19590.4378  103  101 19584.0000 19612.6929  0.15%  81.6 2585s
 3104775 1492335 19595.5080   92   86 19584.0000 19612.6804  0.15%  81.6 2590s
 3110705 1494631     cutoff   95      19584.0000 19612.6716  0.15%  81.5 2595s
 3118202 1498050 19603.9439   91   91 19584.0000 19612.6598  0.15%  81.5 2601s
 3123465 1500138     cutoff   98      19584.0000 19612.6512  0.15%  81.5 2605s
 3130846 1503579 19599.4531   92   73 19584.0000 19612.6391  0.15%  81.5 2610s
 3137807 1506842 19606.2100  100   87 19584.0000 19612.6270  0.15%  81.5 2616s
 3143019 1509220 19605.9373   97   79 19584.0000 19612.6188  0.15%  81.5 2620s
 3149972 1512379 19606.7426   90  116 19584.0000 19612.6092  0.15%  81.5 2625s
 3155480 1514701 19602.8809   99   91 19584.0000 19612.6018  0.15%  81.5 2630s
 3162112 1517637 19602.0051   82  114 19584.0000 19612.5909  0.15%  81.5 2635s
 3169077 1520638 19602.0862   96  103 19584.0000 19612.5814  0.15%  81.5 2641s
 3174657 1522939 19589.1351   95   51 19584.0000 19612.5722  0.15%  81.5 2645s
 3182009 1526182 19594.8779  102   50 19584.0000 19612.5612  0.15%  81.5 2651s
 3187388 1528428 19589.7754   85  102 19584.0000 19612.5538  0.15%  81.5 2655s
 3193056 1530969 19592.4225  102   67 19584.0000 19612.5447  0.15%  81.5 2660s
 3200643 1534139 19593.8573   80   99 19584.0000 19612.5334  0.15%  81.5 2665s
 3207908 1537258 19589.7832  103   62 19584.0000 19612.5227  0.15%  81.5 2671s
 3212867 1539660     cutoff   94      19584.0000 19612.5160  0.15%  81.5 2675s
 3220039 1542963 19586.5708   98  102 19584.0000 19612.5049  0.15%  81.5 2681s
 3226329 1545129 19588.6793   90   81 19584.0000 19612.4960  0.15%  81.4 2685s
 3233324 1548148 19600.0253   76  108 19584.0000 19612.4848  0.15%  81.4 2691s
 3238532 1550277 19585.1692   84   82 19584.0000 19612.4774  0.15%  81.4 2695s
 3245522 1553506 19597.1905   94   99 19584.0000 19612.4667  0.15%  81.4 2700s
 3252926 1556433 19605.2991   83  113 19584.0000 19612.4555  0.15%  81.4 2706s
 3258068 1558815     cutoff   98      19584.0000 19612.4475  0.15%  81.4 2710s
 3265277 1562091 19588.0261  100   77 19584.0000 19612.4369  0.15%  81.4 2716s
 3270803 1564514 19596.1733  106   88 19584.0000 19612.4291  0.15%  81.4 2720s
 3278102 1567717 19598.2622   95   81 19584.0000 19612.4184  0.15%  81.4 2726s
 3283540 1570041 19586.6701   95  103 19584.0000 19612.4113  0.15%  81.4 2730s
 3290386 1572813 19599.1959   85  123 19584.0000 19612.4014  0.15%  81.4 2736s
 3295954 1574901 19587.5538   87   99 19584.0000 19612.3931  0.14%  81.4 2740s
 3303296 1578107 19586.1652  101   78 19584.0000 19612.3814  0.14%  81.4 2745s
 3308723 1580636 19601.1043   96   94 19584.0000 19612.3721  0.14%  81.3 2750s
 3315459 1583405 19606.7439  101  127 19584.0000 19612.3625  0.14%  81.3 2756s
 3320918 1585676 19601.9555   85  124 19584.0000 19612.3546  0.14%  81.3 2760s
 3328492 1589060 19593.3457  100   57 19584.0000 19612.3438  0.14%  81.3 2766s
 3334157 1591423     cutoff  102      19584.0000 19612.3360  0.14%  81.3 2770s
 3340682 1594346     cutoff  103      19584.0000 19612.3268  0.14%  81.3 2775s
 3348185 1597442 19596.9045   84  108 19584.0000 19612.3163  0.14%  81.3 2781s
 3353639 1599760 19586.0419  110  108 19584.0000 19612.3091  0.14%  81.3 2785s
 3360343 1602698 19606.8412   92  117 19584.0000 19612.2992  0.14%  81.3 2790s
 3367711 1605676     cutoff  104      19584.0000 19612.2887  0.14%  81.3 2795s
 3374672 1608595     cutoff   98      19584.0000 19612.2786  0.14%  81.3 2801s
 3379822 1610853 19595.9208   92  112 19584.0000 19612.2706  0.14%  81.2 2805s
 3387302 1614070 19595.7787   99   93 19584.0000 19612.2599  0.14%  81.2 2810s
 3394172 1617059 19592.5302  110   57 19584.0000 19612.2505  0.14%  81.2 2815s
 3399730 1619665 19601.2886   84  100 19584.0000 19612.2424  0.14%  81.2 2820s
 3406950 1622829 19585.0030  101   95 19584.0000 19612.2324  0.14%  81.2 2825s
 3413891 1625874 19601.1397   87   83 19584.0000 19612.2223  0.14%  81.2 2831s
 3419629 1628265 19585.5504  102   76 19584.0000 19612.2146  0.14%  81.2 2835s
 3426662 1631426 19599.3575   98   97 19584.0000 19612.2040  0.14%  81.2 2841s
 3432170 1633600 19599.9894   85  104 19584.0000 19612.1963  0.14%  81.2 2845s
 3439365 1636417 19602.2506   92  100 19584.0000 19612.1863  0.14%  81.2 2850s
 3444581 1638797 19606.2976  106  103 19584.0000 19612.1785  0.14%  81.2 2855s
 3451969 1641900 19609.1536   79  132 19584.0000 19612.1686  0.14%  81.2 2861s
 3457266 1644539 19604.2041   78  123 19584.0000 19612.1608  0.14%  81.2 2865s
 3463081 1646875 19591.5373   89  101 19584.0000 19612.1527  0.14%  81.1 2870s
 3470357 1650112 19606.8037   97   92 19584.0000 19612.1423  0.14%  81.1 2875s
 3475961 1652567 19592.2443  105   84 19584.0000 19612.1345  0.14%  81.1 2880s
 3482952 1655645 19589.7595  104   88 19584.0000 19612.1248  0.14%  81.1 2885s
 3487405 1657654 19599.0498   91  102 19584.0000 19612.1185  0.14%  81.1 2890s
 3495226 1660814 19595.8644   74  114 19584.0000 19612.1081  0.14%  81.1 2896s
 3500713 1663253 19600.2893   84  107 19584.0000 19612.1008  0.14%  81.1 2900s
 3507889 1666021 19598.3332   88   87 19584.0000 19612.0906  0.14%  81.1 2905s
 3515078 1669067 19603.1085   80  136 19584.0000 19612.0814  0.14%  81.1 2910s
 3522073 1672094 19596.2349  106   86 19584.0000 19612.0718  0.14%  81.1 2916s
 3527229 1674369 19586.8820  109   74 19584.0000 19612.0655  0.14%  81.1 2920s
 3534766 1677610 19597.4575   98   95 19584.0000 19612.0542  0.14%  81.1 2925s
 3540395 1680000 19604.3575   82  110 19584.0000 19612.0466  0.14%  81.0 2930s
 3547596 1683272     cutoff   92      19584.0000 19612.0375  0.14%  81.0 2935s
 3554643 1686325 19587.9749  100   70 19584.0000 19612.0274  0.14%  81.0 2940s
 3560080 1688734 19607.0910   86   82 19584.0000 19612.0190  0.14%  81.0 2945s
 3567613 1691996     cutoff  119      19584.0000 19612.0084  0.14%  81.0 2950s
 3574855 1694974 19605.5650   95  106 19584.0000 19611.9987  0.14%  81.0 2956s
 3580368 1697264 19586.0141  108   76 19584.0000 19611.9923  0.14%  81.0 2960s
 3587612 1700323     cutoff   96      19584.0000 19611.9820  0.14%  81.0 2965s
 3594998 1703400     cutoff   87      19584.0000 19611.9727  0.14%  81.0 2971s
 3600433 1705544 19599.0972   99  109 19584.0000 19611.9658  0.14%  81.0 2975s
 3607778 1708422 19606.6702   89  101 19584.0000 19611.9563  0.14%  81.0 2981s
 3613271 1710569 19603.5992  107   98 19584.0000 19611.9481  0.14%  81.0 2985s
 3620640 1713630 19602.6363   84  119 19584.0000 19611.9391  0.14%  81.0 2991s
 3625877 1715868 19591.4804  106   94 19584.0000 19611.9325  0.14%  81.0 2995s
 3633371 1719076 19585.1535   85   62 19584.0000 19611.9215  0.14%  80.9 3000s
 3639128 1721377 19606.2932   88   98 19584.0000 19611.9129  0.14%  80.9 3005s
 3646270 1724578 19601.8043  106   81 19584.0000 19611.9034  0.14%  80.9 3011s
 3651762 1726810 19596.4594   98  113 19584.0000 19611.8955  0.14%  80.9 3015s
 3658746 1729691 19593.6078  107   98 19584.0000 19611.8868  0.14%  80.9 3021s
 3664097 1732178 19594.4696   88   84 19584.0000 19611.8797  0.14%  80.9 3025s
 3671576 1735651     cutoff  104      19584.0000 19611.8689  0.14%  80.9 3030s
 3677243 1737960 19587.8898   95   86 19584.0000 19611.8619  0.14%  80.9 3035s
 3683856 1740652 19591.2437   97   87 19584.0000 19611.8533  0.14%  80.9 3040s
 3689192 1743004 19608.3292   96  113 19584.0000 19611.8445  0.14%  80.9 3045s
 3696684 1746280 19605.3504   83  107 19584.0000 19611.8356  0.14%  80.9 3050s
 3703588 1749175 19589.8314   96  102 19584.0000 19611.8258  0.14%  80.8 3056s
 3709064 1751339 19585.7821  111   58 19584.0000 19611.8181  0.14%  80.8 3060s
 3716527 1754482 19597.5258   85   98 19584.0000 19611.8083  0.14%  80.8 3066s
 3722048 1756621 19596.8695   88   95 19584.0000 19611.8009  0.14%  80.8 3070s
 3729090 1759477     cutoff  102      19584.0000 19611.7919  0.14%  80.8 3075s
 3736468 1762277 19603.9949  106   64 19584.0000 19611.7819  0.14%  80.8 3081s
 3741719 1764591 19602.0264   88   79 19584.0000 19611.7745  0.14%  80.8 3085s
 3749016 1767574 19593.1440   84   63 19584.0000 19611.7641  0.14%  80.8 3090s
 3755464 1770157     cutoff   96      19584.0000 19611.7556  0.14%  80.8 3096s
 3761141 1772521     cutoff   97      19584.0000 19611.7492  0.14%  80.8 3100s
 3768839 1775466 19594.7067   87   99 19584.0000 19611.7388  0.14%  80.8 3106s
 3774143 1777849     cutoff  103      19584.0000 19611.7316  0.14%  80.8 3110s
 3781033 1780652 19591.8552   96   47 19584.0000 19611.7236  0.14%  80.7 3115s
 3786430 1783016 19587.7813   95   79 19584.0000 19611.7169  0.14%  80.7 3120s
 3793773 1785794 19591.1975   88   74 19584.0000 19611.7076  0.14%  80.7 3125s
 3801229 1789071 19599.2507   98  107 19584.0000 19611.6975  0.14%  80.7 3131s
 3806660 1791306 19590.0032   98   97 19584.0000 19611.6902  0.14%  80.7 3135s
 3813856 1794134 19590.9753  101   98 19584.0000 19611.6812  0.14%  80.7 3140s
 3821590 1797219 19591.3818   94   84 19584.0000 19611.6721  0.14%  80.7 3145s
 3828481 1799968 19601.1879   86   98 19584.0000 19611.6622  0.14%  80.7 3150s
 3835674 1802829     cutoff   86      19584.0000 19611.6540  0.14%  80.7 3156s
 3841350 1805380 19601.8896   77  104 19584.0000 19611.6474  0.14%  80.7 3160s
 3848141 1808238 19595.4682   95   82 19584.0000 19611.6389  0.14%  80.7 3165s
 3855395 1811498 19593.6076   92   95 19584.0000 19611.6305  0.14%  80.7 3170s
 3862693 1814444 19600.5631   91  122 19584.0000 19611.6220  0.14%  80.6 3176s
 3867976 1816741 19600.5106   80   71 19584.0000 19611.6146  0.14%  80.6 3180s
 3875180 1819602 19605.7378   95   65 19584.0000 19611.6064  0.14%  80.6 3186s
 3880062 1821480 19607.8501   80   68 19584.0000 19611.6003  0.14%  80.6 3190s
 3887732 1824479 19602.4736  101   95 19584.0000 19611.5910  0.14%  80.6 3195s
 3893419 1826485 19608.8445  104   86 19584.0000 19611.5842  0.14%  80.6 3200s
 3899730 1829406 19595.2706   99   83 19584.0000 19611.5756  0.14%  80.6 3205s
 3905464 1831383 19600.0698   95   68 19584.0000 19611.5675  0.14%  80.6 3210s
 3912322 1834551 19600.6572  101  109 19584.0000 19611.5595  0.14%  80.6 3215s
 3919134 1837418 19596.0385  100  119 19584.0000 19611.5504  0.14%  80.6 3220s
 3926615 1840351 19590.6223   92   89 19584.0000 19611.5423  0.14%  80.6 3226s
 3932386 1842622     cutoff  114      19584.0000 19611.5358  0.14%  80.6 3230s
 3939282 1845416 19596.8522   93   95 19584.0000 19611.5259  0.14%  80.5 3235s
 3946420 1848401 19593.0953  103  126 19584.0000 19611.5170  0.14%  80.5 3240s
 3953966 1851369 19595.2149   84  125 19584.0000 19611.5081  0.14%  80.5 3245s
 3960637 1854061 19591.9348   91   81 19584.0000 19611.5000  0.14%  80.5 3250s
 3968232 1857174 19601.6778   83   96 19584.0000 19611.4904  0.14%  80.5 3256s
 3973730 1859387 19592.1770  103  128 19584.0000 19611.4836  0.14%  80.5 3260s
 3980612 1862240 19588.5610  101  104 19584.0000 19611.4750  0.14%  80.5 3265s
 3986065 1864504 19607.4174   95  105 19584.0000 19611.4686  0.14%  80.5 3270s
 3993486 1867511 19601.7403   86  107 19584.0000 19611.4595  0.14%  80.5 3275s
 4000487 1870499 19587.3146   82   94 19584.0000 19611.4510  0.14%  80.5 3281s
 4006109 1872709     cutoff  102      19584.0000 19611.4448  0.14%  80.5 3285s
 4012920 1875547     cutoff  113      19584.0000 19611.4371  0.14%  80.5 3290s
 4018573 1877868 19589.2054   90   60 19584.0000 19611.4290  0.14%  80.5 3295s
 4026272 1881209 19595.8149   87   59 19584.0000 19611.4202  0.14%  80.4 3300s
 4033709 1884166 19604.4080  100  106 19584.0000 19611.4112  0.14%  80.4 3305s
 4039224 1886459 19594.6449   86  117 19584.0000 19611.4053  0.14%  80.4 3310s
 4046853 1889503 19605.6854   81   98 19584.0000 19611.3958  0.14%  80.4 3315s
 4054075 1892388 19589.0719   98   70 19584.0000 19611.3880  0.14%  80.4 3321s
 4059542 1894635 19607.6484   89  107 19584.0000 19611.3817  0.14%  80.4 3325s
 4067016 1897675 19593.6977   92  106 19584.0000 19611.3731  0.14%  80.4 3330s
 4074157 1900588     cutoff   96      19584.0000 19611.3652  0.14%  80.4 3336s
 4079139 1902488     cutoff  100      19584.0000 19611.3591  0.14%  80.4 3340s
 4086615 1905682 19591.3957   93   81 19584.0000 19611.3502  0.14%  80.4 3345s
 4092356 1907993 19597.0347   93   70 19584.0000 19611.3428  0.14%  80.4 3350s
 4099663 1910907     cutoff   98      19584.0000 19611.3356  0.14%  80.3 3355s
 4106782 1913868 19586.0426   93   73 19584.0000 19611.3271  0.14%  80.3 3360s
 4114381 1916957 19588.8484   97  116 19584.0000 19611.3165  0.14%  80.3 3366s
 4119991 1919220 19601.4972   86  106 19584.0000 19611.3106  0.14%  80.3 3370s
 4127047 1922131 19596.8934  116   68 19584.0000 19611.3026  0.14%  80.3 3375s
 4134754 1925072 19591.3341  101   93 19584.0000 19611.2935  0.14%  80.3 3380s
 4139865 1927286     cutoff   91      19584.0000 19611.2875  0.14%  80.3 3385s
 4146454 1929905 19605.5888   84  107 19584.0000 19611.2805  0.14%  80.3 3390s
 4153845 1932784 19602.1926   90  115 19584.0000 19611.2715  0.14%  80.3 3395s
 4160786 1935732     cutoff  104      19584.0000 19611.2631  0.14%  80.3 3400s
 4167939 1938782 19594.7842   91   71 19584.0000 19611.2546  0.14%  80.3 3406s
 4173423 1940815 19587.0056   87   90 19584.0000 19611.2480  0.14%  80.3 3410s
 4180535 1943845 19585.7577   94   59 19584.0000 19611.2401  0.14%  80.2 3415s
 4186085 1946229 19594.1316   81  129 19584.0000 19611.2334  0.14%  80.2 3420s
 4193467 1948918 infeasible  108      19584.0000 19611.2247  0.14%  80.2 3425s
 4200558 1951847 19586.6512  105   88 19584.0000 19611.2164  0.14%  80.2 3430s
 4206145 1954282 19592.3789   81   89 19584.0000 19611.2106  0.14%  80.2 3435s
 4213344 1957353 19601.2927   82   91 19584.0000 19611.2022  0.14%  80.2 3441s
 4218738 1959607 19603.3801   95   87 19584.0000 19611.1965  0.14%  80.2 3445s
 4226063 1962905 19599.0829   91  112 19584.0000 19611.1887  0.14%  80.2 3450s
 4233652 1966042 19593.1111   86   63 19584.0000 19611.1797  0.14%  80.2 3456s
 4238804 1968169 19588.4968   98   96 19584.0000 19611.1744  0.14%  80.2 3460s
 4244720 1970735 19597.0148  109   80 19584.0000 19611.1691  0.14%  80.2 3465s
 4252183 1973815 19586.6089   94   93 19584.0000 19611.1615  0.14%  80.2 3470s
 4257708 1976172 19606.5214   80  120 19584.0000 19611.1558  0.14%  80.2 3475s
 4264763 1978827 19589.3043  111   71 19584.0000 19611.1478  0.14%  80.2 3480s
 4270352 1981193 19590.5031  102   89 19584.0000 19611.1415  0.14%  80.1 3485s
 4277955 1984166     cutoff   95      19584.0000 19611.1324  0.14%  80.1 3490s
 4283130 1986417 19597.3226   88   92 19584.0000 19611.1268  0.14%  80.1 3495s
 4290424 1989314 19594.0061   85   76 19584.0000 19611.1191  0.14%  80.1 3500s
 4297649 1992186 19591.1891  115   86 19584.0000 19611.1120  0.14%  80.1 3506s
 4302999 1994169 19587.7192   96   73 19584.0000 19611.1062  0.14%  80.1 3510s
 4309762 1997236     cutoff   95      19584.0000 19611.0984  0.14%  80.1 3515s
 4315360 1999488     cutoff   94      19584.0000 19611.0920  0.14%  80.1 3520s
 4322534 2002317 19585.5993   90   72 19584.0000 19611.0841  0.14%  80.1 3525s
 4329646 2005479     cutoff   82      19584.0000 19611.0757  0.14%  80.1 3530s
 4336766 2008171 19590.6184  101   45 19584.0000 19611.0681  0.14%  80.1 3535s
 4344359 2011138 19593.4582  102   86 19584.0000 19611.0586  0.14%  80.1 3541s
 4349944 2013359 19594.8251   93   94 19584.0000 19611.0523  0.14%  80.0 3545s
 4357129 2016336     cutoff   96      19584.0000 19611.0440  0.14%  80.0 3550s
 4364446 2019199 19594.9833  103  107 19584.0000 19611.0351  0.14%  80.0 3555s
 4371873 2021905 19594.7241  116   75 19584.0000 19611.0267  0.14%  80.0 3560s
 4378604 2024704 19594.6490   94   91 19584.0000 19611.0190  0.14%  80.0 3566s
 4384002 2027036 19597.3151   96  106 19584.0000 19611.0124  0.14%  80.0 3570s
 4391376 2029771     cutoff  102      19584.0000 19611.0036  0.14%  80.0 3575s
 4398119 2032492 19607.0494   87   98 19584.0000 19610.9965  0.14%  80.0 3580s
 4403211 2034770 19609.5213   86   80 19584.0000 19610.9904  0.14%  80.0 3585s
 4412400 2038176 19586.7899   94   77 19584.0000 19610.9792  0.14%  80.0 3591s
 4419271 2040985 19590.1175  103  102 19584.0000 19610.9722  0.14%  80.0 3596s
 4424864 2043120 19598.5295   90  126 19584.0000 19610.9671  0.14%  80.0 3600s

Cutting planes:
  Gomory: 8
  Cover: 582
  Clique: 9
  MIR: 169
  StrongCG: 108
  Flow cover: 24
  Zero half: 2
  RLT: 6

Explored 4426425 nodes (353888627 simplex iterations) in 3600.02 seconds
Thread count was 12 (of 12 available processors)

Solution count 10: 19584 19567 19557 ... 19468

Time limit reached
Best objective 1.958400000000e+04, best bound 1.961000000000e+04, gap 0.1328%
