
Gurobi 9.1.2 (win64, Java) logging started Sat Nov 13 11:31:33 2021

Academic license - for non-commercial use only - expires 2022-10-30
Gurobi Optimizer version 9.1.2 build v9.1.2rc0 (win64)
Thread count: 6 physical cores, 12 logical processors, using up to 12 threads
Optimize a model with 80 rows, 1200 columns and 2400 nonzeros
Model fingerprint: 0xc3cbace1
Variable types: 0 continuous, 1200 integer (1200 binary)
Coefficient statistics:
  Matrix range     [1e+00, 1e+03]
  Objective range  [5e+01, 9e+02]
  Bounds range     [1e+00, 1e+00]
  RHS range        [1e+00, 2e+03]
Found heuristic solution: objective 14992.000000
Presolve removed 0 rows and 406 columns
Presolve time: 0.01s
Presolved: 80 rows, 794 columns, 1588 nonzeros
Variable types: 0 continuous, 794 integer (794 binary)
Presolved: 80 rows, 794 columns, 1588 nonzeros


Root relaxation: objective 1.813936e+04, 252 iterations, 0.00 seconds

    Nodes    |    Current Node    |     Objective Bounds      |     Work
 Expl Unexpl |  Obj  Depth IntInf | Incumbent    BestBd   Gap | It/Node Time

     0     0 18139.3600    0   26 14992.0000 18139.3600  21.0%     -    0s
H    0     0                    16930.000000 18139.3600  7.14%     -    0s
H    0     0                    17387.000000 18139.3600  4.33%     -    0s
H    0     0                    17518.000000 18139.3600  3.55%     -    0s
     0     0 18118.8535    0   58 17518.0000 18118.8535  3.43%     -    0s
H    0     0                    17606.000000 18118.8535  2.91%     -    0s
     0     0 18118.8535    0   48 17606.0000 18118.8535  2.91%     -    0s
     0     0 18107.4440    0   53 17606.0000 18107.4440  2.85%     -    0s
H    0     0                    17673.000000 18107.4440  2.46%     -    0s
     0     0 18106.6976    0   45 17673.0000 18106.6976  2.45%     -    0s
     0     0 18106.6976    0   53 17673.0000 18106.6976  2.45%     -    0s
     0     0 18105.3962    0   68 17673.0000 18105.3962  2.45%     -    0s
     0     0 18105.3830    0   60 17673.0000 18105.3830  2.45%     -    0s
     0     0 18103.5059    0   68 17673.0000 18103.5059  2.44%     -    0s
     0     0 18102.9552    0   74 17673.0000 18102.9552  2.43%     -    0s
H    0     0                    17781.000000 18102.9552  1.81%     -    0s
     0     0 18102.9333    0   73 17781.0000 18102.9333  1.81%     -    0s
     0     0 18102.3206    0   91 17781.0000 18102.3206  1.81%     -    0s
     0     0 18102.2022    0  106 17781.0000 18102.2022  1.81%     -    0s
     0     0 18102.1919    0  110 17781.0000 18102.1919  1.81%     -    0s
     0     0 18101.4657    0  111 17781.0000 18101.4657  1.80%     -    0s
     0     0 18101.4657    0  111 17781.0000 18101.4657  1.80%     -    0s
     0     2 18101.4657    0  111 17781.0000 18101.4657  1.80%     -    0s
H  108   118                    17819.000000 18100.9661  1.58%  91.0    0s
H  143   165                    17876.000000 18100.9661  1.26%  81.3    0s
H 1304  1103                    17913.000000 18050.1063  0.77%  43.8    2s
H 1348  1076                    17980.000000 18034.3192  0.30%  47.3    3s
  1372  1103 18032.8485   30  125 17980.0000 18033.4435  0.30%  50.7    5s
  8856  5062     cutoff   54      17980.0000 18021.7066  0.23%  52.6   10s
 17897 10166 17996.7897   57   75 17980.0000 18018.0766  0.21%  56.0   15s
 28618 15818 17993.4535   51   70 17980.0000 18015.7445  0.20%  56.1   20s
 36690 18953 17993.3051   63  111 17980.0000 18014.2711  0.19%  56.3   25s
 36742 18997 18014.2711   42  126 17980.0000 18014.2711  0.19%  56.3   30s
 39226 19730 18000.6000   61   42 17980.0000 18014.2711  0.19%  57.4   35s
 44076 20487     cutoff   65      17980.0000 18012.8347  0.18%  58.6   40s
 48791 20813 17986.7699   71   60 17980.0000 18009.7527  0.17%  59.8   45s
 53742 20816 17992.2536   61   65 17980.0000 18006.9550  0.15%  60.5   50s
 58444 20753     cutoff   76      17980.0000 18005.0529  0.14%  61.2   55s
 62408 20554 17994.0733   69   71 17980.0000 18003.5065  0.13%  61.9   60s
 67746 19982 17986.8286   62   68 17980.0000 18001.7392  0.12%  62.2   65s
 73219 19241 17981.0769   51   38 17980.0000 18000.2840  0.11%  62.4   71s
 76908 18717 17986.0000   70   61 17980.0000 17999.5929  0.11%  62.8   75s
 82418 17699     cutoff   61      17980.0000 17998.3363  0.10%  63.0   80s
 87229 16776 17986.0000   61   55 17980.0000 17997.3583  0.10%  63.2   85s
 92977 15197 17991.5311   63   74 17980.0000 17996.2565  0.09%  63.4   91s
 98039 15292     cutoff   62      17980.0000 17995.4320  0.09%  63.6   96s
 102939 15426 17989.6949   54   89 17980.0000 17994.6262  0.08%  63.8  101s
 106637 15334     cutoff   67      17980.0000 17993.8004  0.08%  63.9  105s
 112547 15082 17986.0000   52   66 17980.0000 17992.6169  0.07%  63.8  110s
 118119 14667 17983.2062   71   38 17980.0000 17991.5310  0.06%  63.6  115s
 125658 13759     cutoff   63      17980.0000 17990.3461  0.06%  63.3  121s
 128380 14725 17985.0969   74   93 17980.0000 17989.7004  0.05%  63.8  125s
 131581 15641     cutoff   67      17980.0000 17989.7004  0.05%  64.6  130s
 135502 15636     cutoff   66      17980.0000 17989.6726  0.05%  65.4  135s
 139898 15860     cutoff   67      17980.0000 17989.2167  0.05%  65.8  140s
 144361 16107     cutoff   64      17980.0000 17989.0775  0.05%  66.2  145s
 150620 16418 17985.5884   66   51 17980.0000 17988.3375  0.05%  66.3  151s
 154434 16606 17986.0000   57   49 17980.0000 17988.0610  0.04%  66.4  155s
 160365 16950     cutoff   79      17980.0000 17987.8428  0.04%  66.7  161s
 167046 15777     cutoff   61      17980.0000 17987.2368  0.04%  66.4  166s
 171743 14741     cutoff   68      17980.0000 17986.8095  0.04%  66.1  170s
 177000 14932 17986.0000   76   57 17980.0000 17986.2404  0.03%  66.5  176s
 181045 15147     cutoff   59      17980.0000 17986.0248  0.03%  66.8  182s
 184962 15481 17986.0000   57   50 17980.0000 17986.0000  0.03%  67.5  187s
 186784 15707 17986.0000   65   71 17980.0000 17986.0000  0.03%  67.9  190s
 190524 16448 17984.6653   76   76 17980.0000 17986.0000  0.03%  68.7  196s
 194536 16851 17986.0000   64   18 17980.0000 17986.0000  0.03%  69.4  202s
 198342 17246     cutoff   68      17980.0000 17986.0000  0.03%  70.1  207s
 202650 17660 17983.9083   71   60 17980.0000 17986.0000  0.03%  70.6  212s
 204986 17884 17986.0000   54   57 17980.0000 17986.0000  0.03%  70.8  215s
 209281 18277 17986.0000   54   73 17980.0000 17986.0000  0.03%  71.3  221s
 213243 18680 17986.0000   61   37 17980.0000 17986.0000  0.03%  71.8  226s
 217245 19277     cutoff   60      17980.0000 17986.0000  0.03%  72.3  231s
 221541 19718 17986.0000   81   15 17980.0000 17986.0000  0.03%  72.8  236s
 225625 20005 17986.0000   57   54 17980.0000 17986.0000  0.03%  73.2  241s
 229830 20364 17986.0000   68   49 17980.0000 17986.0000  0.03%  73.6  246s
 233854 20859     cutoff   86      17980.0000 17986.0000  0.03%  74.1  252s
 237615 21478 17986.0000   54   62 17980.0000 17986.0000  0.03%  74.6  257s
 239720 21619 17982.7735   61   84 17980.0000 17986.0000  0.03%  74.8  260s
 243940 22057 17982.5307   73   54 17980.0000 17986.0000  0.03%  75.3  266s
 248392 22371 17986.0000   53   68 17980.0000 17986.0000  0.03%  75.6  271s
 252412 22815 17985.9822   70   57 17980.0000 17986.0000  0.03%  76.0  276s
 256235 23091     cutoff   70      17980.0000 17986.0000  0.03%  76.4  281s
 260056 23357     cutoff   62      17980.0000 17986.0000  0.03%  76.9  286s
 264114 23756     cutoff   53      17980.0000 17986.0000  0.03%  77.3  290s
 270863 24368 17986.0000   68   35 17980.0000 17986.0000  0.03%  77.8  296s
 274770 24630     cutoff   71      17980.0000 17986.0000  0.03%  78.1  300s
 280712 24972 17986.0000   62   53 17980.0000 17986.0000  0.03%  78.7  306s
 286389 25782 17986.0000   59   16 17980.0000 17986.0000  0.03%  79.2  311s
 290513 25979     cutoff   65      17980.0000 17986.0000  0.03%  79.6  315s
 296336 26659 17981.3133   85   39 17980.0000 17986.0000  0.03%  80.1  321s
 300376 26971 17982.6886   69   43 17980.0000 17986.0000  0.03%  80.4  325s
 306196 27637     cutoff   75      17980.0000 17986.0000  0.03%  81.0  331s
 310152 27942     cutoff   79      17980.0000 17986.0000  0.03%  81.3  335s
 315758 28432 17986.0000   61   61 17980.0000 17986.0000  0.03%  81.8  340s
 321748 29002 17986.0000   60   60 17980.0000 17986.0000  0.03%  82.3  346s
 327702 29667 17985.2266   67   54 17980.0000 17986.0000  0.03%  82.8  351s
 331648 30260 17986.0000   78   43 17980.0000 17986.0000  0.03%  83.0  355s
 337597 30769     cutoff   73      17980.0000 17986.0000  0.03%  83.4  360s
 343216 31029     cutoff   58      17980.0000 17986.0000  0.03%  83.9  366s
 348575 31566 17985.9121   70   78 17980.0000 17986.0000  0.03%  84.4  371s
 352865 31875     cutoff   64      17980.0000 17986.0000  0.03%  84.6  375s
 358610 32436     cutoff   62      17980.0000 17986.0000  0.03%  85.1  381s
 362557 32801 17982.0476   69   30 17980.0000 17986.0000  0.03%  85.4  386s
 367400 33145 17986.0000   60   60 17980.0000 17986.0000  0.03%  85.7  391s
 371472 33468     cutoff   63      17980.0000 17986.0000  0.03%  86.0  396s
 375442 33559     cutoff   76      17980.0000 17986.0000  0.03%  86.3  400s
 378824 33729 17986.0000   68   95 17980.0000 17986.0000  0.03%  86.5  407s
 380867 33815 17984.7525   59   57 17980.0000 17986.0000  0.03%  86.7  410s
 383953 34101 17986.0000   65   62 17980.0000 17986.0000  0.03%  86.9  415s
 387625 34336 17985.8351   64   74 17980.0000 17986.0000  0.03%  87.2  421s
 391689 34617 17984.8833   77   53 17980.0000 17986.0000  0.03%  87.4  426s
 395428 34802     cutoff   69      17980.0000 17986.0000  0.03%  87.7  431s
 397291 34890 17986.0000   60   68 17980.0000 17986.0000  0.03%  87.8  435s
 401041 34966     cutoff   81      17980.0000 17986.0000  0.03%  88.1  441s
 406495 35317 17982.3720   67   54 17980.0000 17986.0000  0.03%  88.5  446s
 410622 35455 17986.0000   72   40 17980.0000 17986.0000  0.03%  88.7  450s
 414244 35703     cutoff   72      17980.0000 17986.0000  0.03%  89.0  455s
 419760 36051     cutoff   72      17980.0000 17986.0000  0.03%  89.4  461s
 423271 36285     cutoff   81      17980.0000 17986.0000  0.03%  89.6  465s
 427134 36688     cutoff   78      17980.0000 17986.0000  0.03%  89.9  470s
 432973 36987 17986.0000   61   26 17980.0000 17986.0000  0.03%  90.3  476s
 436911 37215 17986.0000   75   87 17980.0000 17986.0000  0.03%  90.6  481s
 442334 37568 17982.8908   85   67 17980.0000 17986.0000  0.03%  90.9  486s
 446162 37814     cutoff   71      17980.0000 17986.0000  0.03%  91.1  491s
 450125 38015 17986.0000   72   29 17980.0000 17986.0000  0.03%  91.3  495s
 456008 38367 17981.3339   59   41 17980.0000 17986.0000  0.03%  91.7  501s
 460003 38626 17986.0000   67   80 17980.0000 17986.0000  0.03%  91.8  505s
 465361 38633     cutoff   63      17980.0000 17986.0000  0.03%  92.1  511s
 469300 38805     cutoff   84      17980.0000 17986.0000  0.03%  92.3  516s
 473305 38736     cutoff   63      17980.0000 17986.0000  0.03%  92.5  520s
 479179 38876 17986.0000   65   66 17980.0000 17986.0000  0.03%  92.8  526s
 482817 39025 17983.4376   67   87 17980.0000 17986.0000  0.03%  92.9  530s
 486556 39321 17986.0000   83   66 17980.0000 17986.0000  0.03%  93.1  535s
 489726 39428 17981.9644   88   70 17980.0000 17986.0000  0.03%  93.5  540s
 493605 39149     cutoff   75      17980.0000 17986.0000  0.03%  93.7  545s
 503461 37663     cutoff   72      17980.0000 17985.9734  0.03%  93.1  551s
 511910 36009     cutoff   70      17980.0000 17985.9447  0.03%  92.5  555s
 519248 34676 17985.8202   70   60 17980.0000 17985.9104  0.03%  92.0  560s
 528669 31977     cutoff   77      17980.0000 17985.8512  0.03%  91.3  566s
 535582 29108     cutoff   76      17980.0000 17985.7500  0.03%  91.0  570s
 543918 25066     cutoff   62      17980.0000 17985.4026  0.03%  90.3  575s
 549167 21127     cutoff   68      17980.0000 17985.2500  0.03%  90.5  580s
 554425 17030     cutoff   68      17980.0000 17985.0000  0.03%  90.5  585s
 568221 11744 17983.2295  110   61 17980.0000 17983.9035  0.02%  89.4  591s
 575654 10785 17983.8571   80   70 17980.0000 17983.8571  0.02%  89.2  596s
 583387 10058     cutoff   83      17980.0000 17983.8571  0.02%  89.0  600s
 590107  9485     cutoff   71      17980.0000 17983.8571  0.02%  89.0  605s
 596826  6406 17983.7824   87   73 17980.0000 17983.8571  0.02%  89.1  611s
 606982     0     cutoff   83      17980.0000 17982.4795  0.01%  88.5  615s

Cutting planes:
  Gomory: 14
  Cover: 42
  Clique: 8
  MIR: 303
  StrongCG: 197
  Flow cover: 35
  Inf proof: 9
  Zero half: 4
  RLT: 4

Explored 610847 nodes (53833657 simplex iterations) in 615.67 seconds
Thread count was 12 (of 12 available processors)

Solution count 10: 17980 17913 17876 ... 16930

Optimal solution found (tolerance 1.00e-12)
Best objective 1.798000000000e+04, best bound 1.798000000000e+04, gap 0.0000%
