
Gurobi 9.1.2 (win64, Java) logging started Sun Nov 14 07:28:08 2021

Academic license - for non-commercial use only - expires 2022-10-30
Gurobi Optimizer version 9.1.2 build v9.1.2rc0 (win64)
Thread count: 6 physical cores, 12 logical processors, using up to 12 threads
Optimize a model with 80 rows, 1200 columns and 2400 nonzeros
Model fingerprint: 0x1e3619a9
Variable types: 0 continuous, 1200 integer (1200 binary)
Coefficient statistics:
  Matrix range     [1e+00, 1e+03]
  Objective range  [4e+02, 1e+03]
  Bounds range     [1e+00, 1e+00]
  RHS range        [1e+00, 1e+03]
Found heuristic solution: objective 25327.000000
Presolve removed 0 rows and 409 columns
Presolve time: 0.03s
Presolved: 80 rows, 791 columns, 1582 nonzeros
Variable types: 0 continuous, 791 integer (791 binary)
Presolved: 80 rows, 791 columns, 1582 nonzeros


Root relaxation: objective 3.109451e+04, 256 iterations, 0.00 seconds

    Nodes    |    Current Node    |     Objective Bounds      |     Work
 Expl Unexpl |  Obj  Depth IntInf | Incumbent    BestBd   Gap | It/Node Time

     0     0 31094.5145    0   23 25327.0000 31094.5145  22.8%     -    0s
H    0     0                    29088.000000 31094.5145  6.90%     -    0s
H    0     0                    29372.000000 31094.5145  5.86%     -    0s
H    0     0                    29436.000000 31094.5145  5.63%     -    0s
H    0     0                    29783.000000 31094.5145  4.40%     -    0s
     0     0 31094.5145    0   68 29783.0000 31094.5145  4.40%     -    1s
     0     0 31094.5145    0   31 29783.0000 31094.5145  4.40%     -    1s
H    0     2                    30088.000000 31094.5145  3.35%     -    2s
     0     2 31094.5145    0   25 30088.0000 31094.5145  3.35%     -    2s
H   31    44                    30246.000000 31094.5145  2.81%  61.5    4s
H   85   148                    30307.000000 31094.5145  2.60%  33.0    6s
H  146   148                    30345.000000 31094.5145  2.47%  25.8    6s
   147   191 31038.9332   25   42 30345.0000 31094.5145  2.47%  25.7   10s
H  167   191                    30390.000000 31094.5145  2.32%  25.3   10s
H  189   191                    30422.000000 31094.5145  2.21%  24.5   10s
  1303  1112 30935.7627   76   32 30422.0000 30987.0000  1.86%  17.0   15s
  1313  1120 30806.0000   95   37 30422.0000 30987.0000  1.86%  21.2   20s
H 1318  1066                    30424.000000 30987.0000  1.85%  21.1   24s
  1346  1098 30987.0000   23   52 30424.0000 30987.0000  1.85%  25.7   26s
H 1349  1044                    30801.000000 30987.0000  0.60%  25.6   26s
  1454  1129 30955.7805   27   62 30801.0000 30987.0000  0.60%  27.1   31s
H 1487  1117                    30813.000000 30987.0000  0.56%  27.6   32s
  2565  2162 30987.0000   51   35 30813.0000 30987.0000  0.56%  33.2   35s
  3683  2633 30978.0000   74   40 30813.0000 30987.0000  0.56%  36.6   40s
  6991  5029 30987.0000   74   82 30813.0000 30987.0000  0.56%  37.1   67s
  8164  6411 30986.0000  126   56 30813.0000 30987.0000  0.56%  40.6   74s
  8777  6822 30898.7406  147   30 30813.0000 30987.0000  0.56%  40.7   76s
  9651  7845 30980.8941   83   69 30813.0000 30987.0000  0.56%  43.7   81s
 11124  8640 30945.8824  115   56 30813.0000 30987.0000  0.56%  44.7   87s
 12277  9742 30987.0000   56  107 30813.0000 30987.0000  0.56%  45.4  100s
 13506 10895 30847.6543  121   23 30813.0000 30987.0000  0.56%  47.3  113s
 14224 11551 30987.0000   67   95 30813.0000 30987.0000  0.56%  47.9  116s
H14980 11020                    30847.000000 30987.0000  0.45%  48.1  151s
H14981 10566                    30868.000000 30987.0000  0.39%  48.1  151s
 15000 10948 30987.0000   52   78 30868.0000 30987.0000  0.39%  48.1  157s
 16261 12353 30987.0000   75   86 30868.0000 30987.0000  0.39%  50.1  160s
 19047 15416 30977.2088   68  104 30868.0000 30987.0000  0.39%  52.7  168s
 21110 16168 30969.0279   51  116 30868.0000 30987.0000  0.39%  52.6  170s
 26135 20056 30987.0000   76   89 30868.0000 30987.0000  0.39%  56.1  176s
 29998 23540 30986.3089  105  114 30868.0000 30987.0000  0.39%  59.5  180s
 37827 28239 30984.6028  108   31 30868.0000 30987.0000  0.39%  61.6  186s
 37853 28269 30987.0000   31   84 30868.0000 30987.0000  0.39%  61.8  190s
 38326 29182 30986.4213   48  108 30868.0000 30987.0000  0.39%  62.7  196s
 42561 31353 30974.0000   75   90 30868.0000 30987.0000  0.39%  64.7  200s
 46960 33052 30986.6115   45  147 30868.0000 30987.0000  0.39%  65.1  205s
 52561 35556 30986.9617   61  134 30868.0000 30987.0000  0.39%  64.0  210s
 56831 37358 30952.4941   70   99 30868.0000 30987.0000  0.39%  63.7  215s
 62922 39579 30986.8567   51  163 30868.0000 30987.0000  0.39%  63.8  221s
 66086 40693 30980.5102   53  125 30868.0000 30987.0000  0.39%  63.8  226s
 69182 42220     cutoff   86      30868.0000 30987.0000  0.39%  64.3  231s
H73327 40048                    30890.000000 30987.0000  0.31%  64.7  234s
 74086 40907 30970.3857   48  130 30890.0000 30987.0000  0.31%  64.9  236s
H74371 38141                    30901.000000 30987.0000  0.28%  64.9  236s
 75848 37623 30958.1394   61  189 30901.0000 30987.0000  0.28%  65.0  240s
 75867 37649 30987.0000   44  172 30901.0000 30987.0000  0.28%  65.3  245s
 76224 38200 30986.8237   57  194 30901.0000 30987.0000  0.28%  66.0  251s
 78624 39473 30980.8006  109  141 30901.0000 30987.0000  0.28%  66.3  256s
 80833 40942 30969.0733  170   90 30901.0000 30987.0000  0.28%  66.4  260s
H83293 38569                    30936.000000 30986.9075  0.16%  66.8  264s
 83934 38986     cutoff  110      30936.0000 30986.8890  0.16%  67.0  265s
H84944 37486                    30940.000000 30986.7871  0.15%  67.3  266s
H85964 35679                    30945.000000 30986.7854  0.14%  67.6  268s
 86517 36340 30985.7059   81  187 30945.0000 30986.7716  0.13%  67.9  270s
H87031 33835                    30952.000000 30986.7656  0.11%  68.0  270s
 89091 35079 30986.0000   93  158 30952.0000 30986.7421  0.11%  69.1  275s
 91890 36720 30986.3100   61  217 30952.0000 30986.4959  0.11%  70.5  281s
 95021 38089 30981.6825   78  142 30952.0000 30986.2817  0.11%  70.7  285s
 97724 40057 30965.9799  122   88 30952.0000 30986.2499  0.11%  71.5  292s
 100216 40083 30985.7812   63  177 30952.0000 30986.2011  0.11%  71.4  295s
 101375 39890 30983.5480   76  173 30952.0000 30986.1979  0.11%  71.7  316s
 103999 42174 30985.8270   63  221 30952.0000 30986.1454  0.11%  71.8  322s
 105710 42904 30983.6164   59  177 30952.0000 30986.1313  0.11%  72.2  325s
 109467 44698 30964.7070  117  157 30952.0000 30986.1061  0.11%  72.8  330s
 113697 46571 30984.7785   72  176 30952.0000 30986.0764  0.11%  72.8  335s
 117673 48180 30976.9001   66  120 30952.0000 30986.0446  0.11%  72.9  340s
 122355 49924 30984.3541   65  184 30952.0000 30986.0234  0.11%  73.7  346s
 126203 50773 30969.0718   53  196 30952.0000 30986.0000  0.11%  73.7  351s
 128168 51893 30981.7789   66  184 30952.0000 30986.0000  0.11%  74.8  356s
 131157 53669 30979.6463  107  157 30952.0000 30986.0000  0.11%  75.7  361s
 134277 55331 30975.1462  108   94 30952.0000 30986.0000  0.11%  76.6  367s
 136313 56206 30980.7390  108  174 30952.0000 30986.0000  0.11%  77.1  370s
 140303 58067 30958.3841  168   60 30952.0000 30986.0000  0.11%  77.8  376s
 143940 59624 30986.0000   68  181 30952.0000 30986.0000  0.11%  78.7  382s
 147394 61125 30982.3108   79  174 30952.0000 30986.0000  0.11%  79.3  387s
 149101 62024 30985.5383   76  179 30952.0000 30986.0000  0.11%  79.7  390s
 151001 62362 30986.0000   72  165 30952.0000 30986.0000  0.11%  79.9  395s
H151726 55212                    30960.000000 30986.0000  0.08%  80.0  395s
 152250 56958 30986.0000   73  159 30960.0000 30986.0000  0.08%  80.0  400s
 156686 58079 30986.0000   64  157 30960.0000 30986.0000  0.08%  80.8  406s
 158417 58850 30985.5354   70  157 30960.0000 30986.0000  0.08%  81.2  410s
 162375 60437 30985.9640   71  183 30960.0000 30986.0000  0.08%  81.7  416s
 166043 63199 30985.6651   75  173 30960.0000 30986.0000  0.08%  82.3  422s
 168061 64705 30985.9274   51  187 30960.0000 30986.0000  0.08%  82.5  425s
 171428 66984     cutoff   66      30960.0000 30986.0000  0.08%  83.0  432s
 173269 68213 30975.0286   87  134 30960.0000 30986.0000  0.08%  83.4  435s
 177213 71018 30969.2251   83  138 30960.0000 30986.0000  0.08%  84.0  441s
 180956 73492     cutoff  127      30960.0000 30986.0000  0.08%  84.5  448s
 182468 74888 30986.0000   63  157 30960.0000 30986.0000  0.08%  84.8  452s
 184349 76182 30978.0000   68  167 30960.0000 30986.0000  0.08%  85.0  456s
 188115 78569 30982.0000   74  144 30960.0000 30986.0000  0.08%  85.4  463s
 189755 79665     cutoff  109      30960.0000 30986.0000  0.08%  85.6  466s
 191506 80944 30970.1298   73  151 30960.0000 30986.0000  0.08%  85.9  470s
 194791 83144 30971.0998   95  118 30960.0000 30986.0000  0.08%  86.5  476s
 196645 84582 30965.4826  107  112 30960.0000 30986.0000  0.08%  86.7  480s
 200377 87231 30986.0000   66  165 30960.0000 30986.0000  0.08%  87.1  486s
 202237 88517 30964.2445   99  137 30960.0000 30986.0000  0.08%  87.2  490s
 206071 91153 30986.0000   88  179 30960.0000 30986.0000  0.08%  87.6  495s
 209471 93552 30985.9793   62  188 30960.0000 30986.0000  0.08%  88.1  502s
 211093 94988 30984.0887   74  161 30960.0000 30986.0000  0.08%  88.4  506s
 215064 97863 30976.8019  119  161 30960.0000 30986.0000  0.08%  88.7  513s
 216694 98867     cutoff   72      30960.0000 30986.0000  0.08%  89.0  517s
 218296 100486 30982.7064   70  156 30960.0000 30986.0000  0.08%  89.3  520s
 222313 103096 30979.4761   74  161 30960.0000 30986.0000  0.08%  89.6  526s
 225990 105347 30983.6941  101  160 30960.0000 30986.0000  0.08%  89.8  532s
 227549 106971 30980.6405   92  147 30960.0000 30986.0000  0.08%  90.1  536s
 231571 109946 30981.6399  107  161 30960.0000 30986.0000  0.08%  90.4  542s
 233597 111556 30984.9472   73  175 30960.0000 30986.0000  0.08%  90.4  545s
 237592 114110 30982.3752   82  171 30960.0000 30986.0000  0.08%  90.5  551s
 239130 115442 30983.0000   79  158 30960.0000 30986.0000  0.08%  90.8  555s
 242614 117887 30982.3243   94  147 30960.0000 30986.0000  0.08%  91.0  560s
 246073 120729 30972.1840   68  158 30960.0000 30986.0000  0.08%  91.3  568s
 247985 122284 30977.3966   66  154 30960.0000 30986.0000  0.08%  91.4  571s
 251752 124425 30985.3342   71  165 30960.0000 30986.0000  0.08%  91.6  576s
 253572 125566 30983.3420  101  167 30960.0000 30986.0000  0.08%  91.7  580s
 257257 128285 30985.7594   70  181 30960.0000 30986.0000  0.08%  91.9  585s
 260824 130584 30979.2290   77  170 30960.0000 30986.0000  0.08%  92.0  591s
 262217 132314 30982.0511   78  157 30960.0000 30986.0000  0.08%  92.3  595s
 266496 134726 30971.9937  111  133 30960.0000 30986.0000  0.08%  92.4  601s
 267861 135989 30986.0000   82  159 30960.0000 30986.0000  0.08%  92.7  605s
 269581 136580 30984.4113   70  167 30960.0000 30986.0000  0.08%  92.8  611s
 270456 136652 30981.4776   58  180 30960.0000 30986.0000  0.08%  92.8  623s
 270546 137182 30981.4172   58  163 30960.0000 30986.0000  0.08%  92.8  632s
 271278 139079 30978.2002   72  160 30960.0000 30986.0000  0.08%  92.9  637s
 273744 140294 30986.0000   60  168 30960.0000 30986.0000  0.08%  92.9  641s
 275405 141688 30971.0007  109  157 30960.0000 30986.0000  0.08%  93.2  647s
 277470 143340 30975.5325   96  125 30960.0000 30986.0000  0.08%  93.3  651s
 281438 146010 30983.5605   64  171 30960.0000 30986.0000  0.08%  93.5  658s
 283432 147332 30975.8474   82  176 30960.0000 30986.0000  0.08%  93.5  661s
 286966 149615 30982.7607   87  147 30960.0000 30986.0000  0.08%  93.7  666s
 288632 150934 30982.1442   82  176 30960.0000 30986.0000  0.08%  93.9  670s
 291986 153001 30980.8110  114  165 30960.0000 30986.0000  0.08%  94.1  676s
 293298 154312 30985.9686   59  205 30960.0000 30986.0000  0.08%  94.2  680s
 297069 157032 30984.9465   64  192 30960.0000 30986.0000  0.08%  94.3  688s
 298838 158415 30982.3152   77  155 30960.0000 30986.0000  0.08%  94.4  692s
 302157 160660     cutoff  109      30960.0000 30986.0000  0.08%  94.6  697s
 304065 161700 30984.9850   86  177 30960.0000 30986.0000  0.08%  94.7  701s
 307481 164236 30986.0000   65  193 30960.0000 30986.0000  0.08%  94.9  709s
 309151 164380 30985.8913   72  167 30960.0000 30986.0000  0.08%  94.9  717s
 309343 165872 30985.7506   69  158 30960.0000 30986.0000  0.08%  94.9  721s
 311288 167042 30967.3546   92  115 30960.0000 30986.0000  0.08%  95.0  726s
 314998 169838 30982.4528   84  176 30960.0000 30986.0000  0.08%  95.2  733s
 316897 171208 30977.0722   76  118 30960.0000 30986.0000  0.08%  95.3  736s
 318864 172321     cutoff  131      30960.0000 30986.0000  0.08%  95.4  740s
 322388 175248 30985.9039   89  183 30960.0000 30986.0000  0.08%  95.5  746s
 326226 178380 30984.8324   82  183 30960.0000 30986.0000  0.08%  95.5  752s
 328284 179547 30975.0024   77  138 30960.0000 30986.0000  0.08%  95.4  755s
 331664 182364 30979.2243   91  137 30960.0000 30986.0000  0.08%  95.5  761s
 335368 184987 30969.7644   65  179 30960.0000 30986.0000  0.08%  95.5  767s
 337186 186024 30985.6496   58  174 30960.0000 30986.0000  0.08%  95.6  770s
 338791 186641 30962.3050   81  101 30960.0000 30986.0000  0.08%  95.6  775s
 341653 189567 30972.5263   77  154 30960.0000 30986.0000  0.08%  95.9  784s
 343870 191086 30968.4376  142  125 30960.0000 30986.0000  0.08%  95.9  787s
 345846 192354 30980.0000  148  120 30960.0000 30986.0000  0.08%  96.0  791s
 347819 193471 30970.9213   86   99 30960.0000 30986.0000  0.08%  96.1  795s
 351355 196473 30965.0000   81  125 30960.0000 30986.0000  0.08%  96.3  802s
 353516 197971 30985.0424   78  184 30960.0000 30986.0000  0.08%  96.3  805s
 356992 200478 30984.7375   82  184 30960.0000 30986.0000  0.08%  96.3  812s
 358791 201724 30976.4062  102  121 30960.0000 30986.0000  0.08%  96.3  816s
 360446 202005 30971.0000  113  139 30960.0000 30986.0000  0.08%  96.3  823s
 360836 202566 30971.0000  114  123 30960.0000 30986.0000  0.08%  96.4  830s
 361658 203923 30984.6535  113  147 30960.0000 30986.0000  0.08%  96.4  835s
 365765 206755 30980.1841   90  155 30960.0000 30986.0000  0.08%  96.5  845s
 369172 209247 30983.5072   78  150 30960.0000 30986.0000  0.08%  96.8  851s
 371673 210262 30986.0000   67  173 30960.0000 30986.0000  0.08%  96.8  855s
 375431 213472 30983.3161  116  179 30960.0000 30986.0000  0.08%  97.0  862s
 377457 214877 30984.8528  107  179 30960.0000 30986.0000  0.08%  97.0  866s
 379429 215971 30981.0000   92  138 30960.0000 30986.0000  0.08%  97.0  872s
 380904 217239 30982.3783   78  164 30960.0000 30986.0000  0.08%  97.0  875s
 384385 219817     cutoff  128      30960.0000 30986.0000  0.08%  97.2  881s
 388143 222299 30985.5703   70  182 30960.0000 30986.0000  0.08%  97.3  887s
 390031 223514 30977.6041   96  160 30960.0000 30986.0000  0.08%  97.3  890s
 393234 225921 30971.2423   90  145 30960.0000 30986.0000  0.08%  97.5  898s
 395297 227223 30966.6605   91  114 30960.0000 30986.0000  0.08%  97.6  901s
 397170 228507 30978.8164   77  130 30960.0000 30986.0000  0.08%  97.6  905s
 400961 231127 30983.6891   83  162 30960.0000 30986.0000  0.08%  97.8  911s
 402600 232267 30980.6022   88  172 30960.0000 30986.0000  0.08%  97.8  915s
 405635 234472 30981.6862  108  148 30960.0000 30986.0000  0.08%  98.1  921s
 409397 236779 30978.2355   99  143 30960.0000 30986.0000  0.08%  98.2  928s
 411110 238090 30986.0000   82  148 30960.0000 30986.0000  0.08%  98.3  932s
 412993 239601 30985.0919   88  176 30960.0000 30986.0000  0.08%  98.3  935s
 416772 242179 30985.6795   83  202 30960.0000 30986.0000  0.08%  98.4  942s
 418473 243466 30962.0099  101  106 30960.0000 30986.0000  0.08%  98.4  945s
 422241 246292 30986.0000   84  194 30960.0000 30986.0000  0.08%  98.5  951s
 425674 248758 30972.5781   87  121 30960.0000 30986.0000  0.08%  98.5  959s
 427361 249834 30977.5958   65  146 30960.0000 30986.0000  0.08%  98.5  963s
 428862 251635 30984.6355   87  167 30960.0000 30986.0000  0.08%  98.6  967s
 431237 252876 30974.0057  123  134 30960.0000 30986.0000  0.08%  98.5  971s
 434849 255678 30984.0139   81  166 30960.0000 30986.0000  0.08%  98.6  979s
 436604 256793 30982.7188  101  168 30960.0000 30986.0000  0.08%  98.6  983s
 438184 258280     cutoff   74      30960.0000 30986.0000  0.08%  98.7  986s
 441735 260691 30985.9521   94  207 30960.0000 30986.0000  0.08%  98.8  992s
 443577 262111 30978.9610   90  187 30960.0000 30986.0000  0.08%  98.8  996s
 447422 264736 30965.6975  110   98 30960.0000 30986.0000  0.08%  98.9 1002s
 448946 266087 30968.5734   67  149 30960.0000 30986.0000  0.08%  98.9 1005s
 452557 268734 30979.3728  104  165 30960.0000 30986.0000  0.08%  98.9 1012s
 454376 270099 30972.2073  119  145 30960.0000 30986.0000  0.08%  98.9 1015s
 457702 272367 30979.4790   86  145 30960.0000 30986.0000  0.08%  99.0 1022s
 459332 273675 30980.2780  100  153 30960.0000 30986.0000  0.08%  99.0 1025s
 463027 276530 30973.0000   78  147 30960.0000 30986.0000  0.08%  99.1 1032s
 464972 277990 30973.0000   65  170 30960.0000 30986.0000  0.08%  99.1 1035s
 468238 280068 30974.9917   77  106 30960.0000 30986.0000  0.08%  99.2 1042s
 469906 281419 30976.2340   92  154 30960.0000 30986.0000  0.08%  99.2 1046s
 473512 284093 30969.3996  103  113 30960.0000 30986.0000  0.08%  99.3 1053s
 475289 285293 30969.9979   89  180 30960.0000 30986.0000  0.08%  99.3 1057s
 476954 286583     cutoff  109      30960.0000 30986.0000  0.08%  99.4 1060s
 480753 289118 30976.9448   94  140 30960.0000 30986.0000  0.08%  99.5 1068s
 482509 290491 30979.9403  113  147 30960.0000 30986.0000  0.08%   100 1071s
 484380 291758 30985.0016   84  179 30960.0000 30986.0000  0.08%   100 1075s
 487967 294359 30980.9013  108  123 30960.0000 30986.0000  0.08%   100 1082s
 489711 295767 30981.0782  117  187 30960.0000 30986.0000  0.08%   100 1085s
 493242 298211 30964.2276  159  113 30960.0000 30986.0000  0.08%   100 1095s
 496877 301100 30973.0000   64  149 30960.0000 30986.0000  0.08%   100 1102s
 498806 302646 30964.1287  111  136 30960.0000 30986.0000  0.08%   100 1105s
 500678 303846     cutoff  150      30960.0000 30986.0000  0.08%   100 1110s
 504462 306719 30981.9496   85  143 30960.0000 30986.0000  0.08%   100 1116s
 508218 309538 30983.5822   67  156 30960.0000 30986.0000  0.08%   100 1122s
 509882 310797 30985.6016   76  174 30960.0000 30986.0000  0.08%   100 1125s
 512848 312958 30983.9875  103  165 30960.0000 30986.0000  0.08%   100 1131s
 516475 315916 30961.8892  106  111 30960.0000 30986.0000  0.08%   100 1137s
 518529 316819 30984.8486   95  192 30960.0000 30986.0000  0.08%   100 1141s
 520090 318031 30986.0000   67  178 30960.0000 30986.0000  0.08%   100 1145s
 523444 320627 30981.9018   93  179 30960.0000 30986.0000  0.08%   100 1151s
 525409 321928 30983.4847   81  169 30960.0000 30986.0000  0.08%   100 1155s
 529401 324674 30985.2927   77  186 30960.0000 30986.0000  0.08%   100 1161s
 531151 325644 30983.0000   64  183 30960.0000 30986.0000  0.08%   100 1166s
 532523 326977 30983.0540   92  162 30960.0000 30986.0000  0.08%   100 1170s
 536249 329909 30983.0157  100  181 30960.0000 30986.0000  0.08%   101 1177s
 538449 331468 30970.5409   95  165 30960.0000 30986.0000  0.08%   101 1181s
 542482 334142 30984.9236   80  183 30960.0000 30986.0000  0.08%   100 1186s
 545920 336875 30984.4373   71  163 30960.0000 30986.0000  0.08%   100 1192s
 547788 338304 30985.2424   83  174 30960.0000 30986.0000  0.08%   100 1195s
 551222 340763 30970.5343   90   90 30960.0000 30986.0000  0.08%   101 1201s
 554522 343098 30985.9000   81  213 30960.0000 30986.0000  0.08%   101 1207s
 556367 344330 30982.3941   90  173 30960.0000 30986.0000  0.08%   101 1210s
 559919 347075 30971.1892  131   90 30960.0000 30986.0000  0.08%   101 1218s
 561705 348123 30962.0580  101   90 30960.0000 30986.0000  0.08%   101 1221s
 565138 351009 30979.5916   74  168 30960.0000 30986.0000  0.08%   101 1227s
 567110 352483 30968.6811   87  160 30960.0000 30986.0000  0.08%   101 1231s
 570767 355004 30975.3425   83  141 30960.0000 30986.0000  0.08%   101 1237s
 572611 356332 30983.8531   75  163 30960.0000 30986.0000  0.08%   101 1240s
 576062 358819 30971.8779   88  115 30960.0000 30986.0000  0.08%   101 1247s
 577922 359887 30961.3252   99  105 30960.0000 30986.0000  0.08%   101 1250s
 581531 362618 30986.0000   93  197 30960.0000 30986.0000  0.08%   101 1257s
 583371 363810 30963.6931   88  142 30960.0000 30986.0000  0.08%   101 1261s
 584964 365233 30977.3146   94  154 30960.0000 30986.0000  0.08%   101 1265s
 588728 367600 30984.6041   81  156 30960.0000 30986.0000  0.08%   101 1273s
 590302 369330 30985.4834   77  189 30960.0000 30986.0000  0.08%   101 1277s
 592518 370879 30969.3784  102  132 30960.0000 30986.0000  0.08%   101 1280s
 596411 373170 30985.8535   60  188 30960.0000 30986.0000  0.08%   101 1286s
 598113 374423 30975.2182  115  118 30960.0000 30986.0000  0.08%   101 1290s
 601805 377140 30978.0607  101  150 30960.0000 30986.0000  0.08%   101 1296s
 605587 379750 30985.8761   76  198 30960.0000 30986.0000  0.08%   101 1303s
 607198 380914 30980.7382  108  171 30960.0000 30986.0000  0.08%   101 1306s
 608826 382262     cutoff   85      30960.0000 30986.0000  0.08%   101 1310s
 612678 385180 30985.2268   88  184 30960.0000 30986.0000  0.08%   101 1317s
 614643 386547 30984.9067   69  173 30960.0000 30986.0000  0.08%   101 1320s
 618098 388974 30983.7942   85  149 30960.0000 30986.0000  0.08%   101 1327s
 620042 390318 30986.0000   86  180 30960.0000 30986.0000  0.08%   101 1330s
 623324 392654 30984.0000   73  144 30960.0000 30986.0000  0.08%   101 1337s
 625215 394228 30970.0000   68  157 30960.0000 30986.0000  0.08%   101 1340s
 628925 396561 30985.3360   73  160 30960.0000 30986.0000  0.08%   101 1346s
 630903 397810 30977.4342   80  140 30960.0000 30986.0000  0.08%   101 1350s
 634234 400197 30964.4404   95  131 30960.0000 30986.0000  0.08%   101 1357s
 636028 401429 30982.2580  104  162 30960.0000 30986.0000  0.08%   101 1361s
 639440 403999 30985.8860   87  193 30960.0000 30986.0000  0.08%   102 1368s
 641636 405309 30984.1290  110  163 30960.0000 30986.0000  0.08%   102 1371s
 645296 408145 30986.0000   62  173 30960.0000 30986.0000  0.08%   102 1378s
 647373 409409 30963.6478   81  157 30960.0000 30986.0000  0.08%   102 1382s
 649060 410768 30978.1936   84  133 30960.0000 30986.0000  0.08%   102 1385s
 653007 413291 30971.3393   84  119 30960.0000 30986.0000  0.08%   102 1392s
 654351 414478 30984.7103   75  189 30960.0000 30986.0000  0.08%   102 1395s
 657979 417389 30970.4284  100  120 30960.0000 30986.0000  0.08%   102 1402s
 660127 418677 30984.1220   75  173 30960.0000 30986.0000  0.08%   102 1405s
 663825 421534 30985.5929   77  211 30960.0000 30986.0000  0.08%   102 1411s
 665732 423053 30980.6202  101  142 30960.0000 30986.0000  0.08%   102 1415s
 669621 425653 30985.7718   86  160 30960.0000 30986.0000  0.08%   102 1421s
 672682 426977 30981.0000   83  132 30960.0000 30986.0000  0.08%   102 1425s
 673121 427505 30978.0839   91  123 30960.0000 30986.0000  0.08%   102 1430s
 676255 430814 30969.7635  127  121 30960.0000 30986.0000  0.08%   102 1438s
 678291 432384 30983.0228  104  176 30960.0000 30986.0000  0.08%   102 1442s
 680348 433549 30981.6982  102  187 30960.0000 30986.0000  0.08%   102 1445s
 684101 436172 30983.3568   80  164 30960.0000 30986.0000  0.08%   102 1452s
 685904 437591 30980.0765   85  163 30960.0000 30986.0000  0.08%   102 1455s
 689571 440268 30973.0994   84  101 30960.0000 30986.0000  0.08%   102 1462s
 691274 441676 30981.7315   77  164 30960.0000 30986.0000  0.08%   102 1466s
 694994 444423     cutoff  101      30960.0000 30986.0000  0.08%   102 1472s
 696907 445738 30985.6327   75  167 30960.0000 30986.0000  0.08%   102 1475s
 700401 448017 30972.2877  127  143 30960.0000 30986.0000  0.08%   102 1481s
 702019 448942 30977.0000  119  128 30960.0000 30986.0000  0.08%   102 1485s
 705075 451218 30975.8491   85  179 30960.0000 30986.0000  0.08%   102 1491s
 706740 452470 30971.4344  113  127 30960.0000 30986.0000  0.08%   102 1495s
 710305 455404 30969.0000   69  170 30960.0000 30986.0000  0.08%   102 1502s
 712445 456673 30966.0244  115   75 30960.0000 30986.0000  0.08%   102 1505s
 715905 459260 30979.3871  100  132 30960.0000 30986.0000  0.08%   102 1511s
 719470 461777 30977.1066   89  167 30960.0000 30986.0000  0.08%   102 1518s
 721250 463119 30964.9048  111  112 30960.0000 30986.0000  0.08%   102 1521s
 725189 466081 30983.9850   72  180 30960.0000 30986.0000  0.08%   102 1528s
 727162 467513 30985.4465   86  187 30960.0000 30986.0000  0.08%   102 1531s
 730635 470114 30973.8622   73  147 30960.0000 30986.0000  0.08%   102 1537s
 732399 471265 30970.1015  100  143 30960.0000 30986.0000  0.08%   102 1540s
 735839 473897 30983.1045   78  175 30960.0000 30986.0000  0.08%   102 1546s
 739480 476550 30967.1774  104   93 30960.0000 30986.0000  0.08%   102 1552s
 741344 477937 30985.4547   87  180 30960.0000 30986.0000  0.08%   102 1555s
 744954 480396 30980.9423   82  148 30960.0000 30986.0000  0.08%   102 1562s
 746813 481615 30978.6461  103  144 30960.0000 30986.0000  0.08%   102 1565s
 750318 483949 30981.6993  117  149 30960.0000 30986.0000  0.08%   102 1572s
 751676 485014 30984.1357  105  191 30960.0000 30986.0000  0.08%   102 1575s
 753201 486342 30986.0000   68  164 30960.0000 30986.0000  0.08%   102 1580s
 756602 488839 30983.3870  106  152 30960.0000 30986.0000  0.08%   102 1588s
 758489 489910 30984.2102   65  182 30960.0000 30986.0000  0.08%   102 1591s
 760114 491326 30979.0202   86  144 30960.0000 30986.0000  0.08%   102 1595s
 763369 493711 30979.6597   91  141 30960.0000 30986.0000  0.08%   102 1603s
 765437 495068 infeasible  102      30960.0000 30986.0000  0.08%   102 1607s
 767315 496592 30981.2007   82  170 30960.0000 30986.0000  0.08%   102 1610s
 771346 499367 30980.0590  123  152 30960.0000 30986.0000  0.08%   102 1616s
 773244 500760 30983.5413   89  186 30960.0000 30986.0000  0.08%   102 1620s
 776897 503505 30986.0000   72  195 30960.0000 30986.0000  0.08%   102 1627s
 778719 504872 30985.8314   76  180 30960.0000 30986.0000  0.08%   102 1631s
 781954 507150 30979.2792   98  158 30960.0000 30986.0000  0.08%   102 1638s
 784070 508732 30978.2604   95  145 30960.0000 30986.0000  0.08%   102 1643s
 786250 510385 30985.4203   79  185 30960.0000 30986.0000  0.08%   102 1647s
 788453 512119 30982.2395   84  163 30960.0000 30986.0000  0.08%   102 1650s
 792454 514826 30970.7849   81  142 30960.0000 30986.0000  0.08%   102 1657s
 794400 516205 30970.0000   93  162 30960.0000 30986.0000  0.08%   102 1660s
 797960 518584 30986.0000   80  170 30960.0000 30986.0000  0.08%   102 1667s
 799756 519802 30984.0360   94  183 30960.0000 30986.0000  0.08%   102 1670s
 801446 520661 30985.2960   82  186 30960.0000 30986.0000  0.08%   102 1675s
 804817 523655 30980.0282   86  155 30960.0000 30986.0000  0.08%   102 1683s
 806774 525021 30979.0182   97  148 30960.0000 30986.0000  0.08%   102 1686s
 808763 526349     cutoff  139      30960.0000 30986.0000  0.08%   102 1690s
 812384 529135 30978.1281  121  162 30960.0000 30986.0000  0.08%   102 1697s
 814343 530525     cutoff  116      30960.0000 30986.0000  0.08%   102 1701s
 818106 533122 30983.8349   80  185 30960.0000 30986.0000  0.08%   102 1707s
 819728 534430 30979.8834  112  146 30960.0000 30986.0000  0.08%   102 1711s
 821773 535664 30982.7246   97  160 30960.0000 30986.0000  0.08%   102 1715s
 823575 536791 30980.4238   95  166 30960.0000 30986.0000  0.08%   102 1720s
 827140 539179 30973.1106  114  135 30960.0000 30986.0000  0.08%   103 1726s
 830716 541982 30963.7791  121   81 30960.0000 30986.0000  0.08%   103 1732s
 832646 543054 30981.0859  103  175 30960.0000 30986.0000  0.08%   103 1736s
 834155 544462 30984.7120   95  168 30960.0000 30986.0000  0.08%   103 1740s
 837664 546942 30966.7691   78  141 30960.0000 30986.0000  0.08%   103 1746s
 839622 548264 30985.7939   76  193 30960.0000 30986.0000  0.08%   103 1750s
 843260 551002 30963.7900   87  104 30960.0000 30986.0000  0.08%   103 1756s
 845207 552551 30985.5439   92  196 30960.0000 30986.0000  0.08%   103 1760s
 849107 554823 30984.9993   62  165 30960.0000 30986.0000  0.08%   103 1767s
 850739 556042     cutoff   99      30960.0000 30986.0000  0.08%   103 1770s
 854377 558777 30983.0000   79  181 30960.0000 30986.0000  0.08%   103 1776s
 857703 560769 30976.3734  102  131 30960.0000 30986.0000  0.08%   103 1783s
 859131 562031 30979.5171   98  150 30960.0000 30986.0000  0.08%   103 1786s
 860905 563110 30982.0167   73  177 30960.0000 30986.0000  0.08%   103 1790s
 864507 565888 30985.4867   79  191 30960.0000 30986.0000  0.08%   103 1797s
 866589 566900 30974.8912  107  111 30960.0000 30986.0000  0.08%   103 1801s
 868176 568227 30977.6973   74  174 30960.0000 30986.0000  0.08%   103 1805s
 871348 570705 30983.1499   79  169 30960.0000 30986.0000  0.08%   103 1814s
 873467 571785 30966.0111  146  138 30960.0000 30986.0000  0.08%   103 1818s
 875061 573180 30985.1029   84  205 30960.0000 30986.0000  0.08%   103 1821s
 876984 574449 30978.7242  124  159 30960.0000 30986.0000  0.08%   103 1826s
 878878 575941 30985.3135   79  190 30960.0000 30986.0000  0.08%   103 1830s
 882631 578087 30973.4098   86  123 30960.0000 30986.0000  0.08%   103 1837s
 883791 578632 30977.3940   75  141 30960.0000 30986.0000  0.08%   103 1842s
 884602 580101 30985.3950   83  203 30960.0000 30986.0000  0.08%   103 1846s
 886621 580856 30981.3406  103  160 30960.0000 30986.0000  0.08%   103 1850s
 889701 582963 30984.6691   82  196 30960.0000 30986.0000  0.08%   103 1860s
 890906 583234 30975.9187  103  155 30960.0000 30986.0000  0.08%   103 1868s
 891269 584645     cutoff  113      30960.0000 30986.0000  0.08%   103 1871s
 893189 586036 30978.1630   97  152 30960.0000 30986.0000  0.08%   103 1875s
 896550 588433     cutoff   86      30960.0000 30986.0000  0.08%   103 1882s
 898464 589608 30972.6319  109  120 30960.0000 30986.0000  0.08%   103 1885s
 901757 591930 30970.0281   78  122 30960.0000 30986.0000  0.08%   103 1891s
 905392 594433 30962.2754  108  121 30960.0000 30986.0000  0.08%   103 1897s
 906976 595340 30985.6404   67  206 30960.0000 30986.0000  0.08%   103 1900s
 909922 597655 30978.0606   93  169 30960.0000 30986.0000  0.08%   103 1907s
 911599 598472 30962.5063   76  174 30960.0000 30986.0000  0.08%   103 1911s
 913084 599664 30986.0000   48  182 30960.0000 30986.0000  0.08%   103 1915s
 916567 602471 30984.5657   65  164 30960.0000 30986.0000  0.08%   103 1922s
 918552 603777 30985.2090   69  175 30960.0000 30986.0000  0.08%   103 1925s
 922309 606734 30969.8402   65  106 30960.0000 30986.0000  0.08%   103 1933s
 924513 608318 30981.0026  105  152 30960.0000 30986.0000  0.08%   103 1936s
 928653 611222 30986.0000   75  162 30960.0000 30986.0000  0.08%   103 1943s
 930666 612060 30967.9645   87  128 30960.0000 30986.0000  0.08%   103 1945s
 933778 614721 30985.6901   82  193 30960.0000 30986.0000  0.08%   103 1952s
 935824 616200 30971.2446   60  160 30960.0000 30986.0000  0.08%   103 1955s
 939540 618843 30975.9267   96  123 30960.0000 30986.0000  0.08%   103 1961s
 943520 621266 30971.1009  124  146 30960.0000 30986.0000  0.08%   103 1967s
 945293 621871     cutoff   98      30960.0000 30986.0000  0.08%   103 1970s
 948068 624623 30985.6771   71  166 30960.0000 30986.0000  0.08%   103 1977s
 951658 626853 30978.0724   94  132 30960.0000 30986.0000  0.08%   103 1982s
 953415 628185 30983.9714   92  147 30960.0000 30986.0000  0.08%   103 1985s
 957100 630558 30973.8619  100  109 30960.0000 30986.0000  0.08%   103 1992s
 958482 631741 30970.9886   90  114 30960.0000 30986.0000  0.08%   103 1995s
 961922 634344 30980.7145  111  169 30960.0000 30986.0000  0.08%   103 2001s
 965252 636857 30983.1876  101  165 30960.0000 30986.0000  0.08%   103 2008s
 967042 638242 30986.0000   79  172 30960.0000 30986.0000  0.08%   103 2011s
 970255 640514 30985.2357   96  170 30960.0000 30986.0000  0.08%   103 2017s
 972229 641881 30985.7226   71  206 30960.0000 30986.0000  0.08%   104 2022s
 974127 642914 30986.0000   74  168 30960.0000 30986.0000  0.08%   103 2025s
 977500 645411 30976.9047   72  125 30960.0000 30986.0000  0.08%   104 2032s
 979310 646963 30981.4236  108  174 30960.0000 30986.0000  0.08%   104 2036s
 983181 649502 30985.5658   79  181 30960.0000 30986.0000  0.08%   104 2042s
 985085 650909 30977.0609   86  153 30960.0000 30986.0000  0.08%   104 2046s
 988725 653466 30965.9405   80   90 30960.0000 30986.0000  0.08%   104 2052s
 990479 654194 30986.0000   77  162 30960.0000 30986.0000  0.08%   104 2055s
 993506 656551 30963.1527  122   92 30960.0000 30986.0000  0.08%   104 2062s
 995237 658069 30981.1383  111  153 30960.0000 30986.0000  0.08%   104 2065s
 999332 660733 30972.3064  136  124 30960.0000 30986.0000  0.08%   104 2072s
 1001159 662146 30983.0743   76  165 30960.0000 30986.0000  0.08%   104 2076s
 1004793 664413 30979.0972   74  186 30960.0000 30986.0000  0.08%   104 2082s
 1006406 665396     cutoff   83      30960.0000 30986.0000  0.08%   104 2086s
 1007911 666150 30983.0324   90  172 30960.0000 30986.0000  0.08%   104 2091s
 1008870 667451 30980.2776   87  121 30960.0000 30986.0000  0.08%   104 2095s
 1012858 670208 30978.1646   63  160 30960.0000 30986.0000  0.08%   104 2105s
 1016925 673383 30979.2587   89  145 30960.0000 30986.0000  0.08%   104 2113s
 1019107 674967 30983.7578   82  175 30960.0000 30986.0000  0.08%   104 2116s
 1023106 677235 30982.0000   71  173 30960.0000 30986.0000  0.08%   104 2122s
 1024324 678301 30985.9215   84  194 30960.0000 30986.0000  0.08%   104 2127s
 1025881 679302 30972.1914   86  132 30960.0000 30986.0000  0.08%   104 2130s
 1029592 682060 30982.0805   84  179 30960.0000 30986.0000  0.08%   104 2138s
 1031650 683735 30971.7965   90  115 30960.0000 30986.0000  0.08%   104 2141s
 1035781 686579 30973.2633   88  147 30960.0000 30986.0000  0.08%   104 2147s
 1037761 687821 30974.4593  106  122 30960.0000 30986.0000  0.08%   104 2151s
 1039475 689141 30979.4585  108  142 30960.0000 30986.0000  0.08%   104 2155s
 1043249 691748 30984.7369   84  175 30960.0000 30986.0000  0.08%   104 2162s
 1044847 693154 30985.3176   78  184 30960.0000 30986.0000  0.08%   104 2165s
 1048611 695585 30985.3024   80  151 30960.0000 30986.0000  0.08%   104 2171s
 1050511 696432 30985.3569   76  188 30960.0000 30986.0000  0.08%   104 2175s
 1053390 698420 30979.8164   85  160 30960.0000 30986.0000  0.08%   104 2182s
 1054750 699786 30984.3168   90  170 30960.0000 30986.0000  0.08%   104 2185s
 1058505 702498 30985.8791   69  201 30960.0000 30986.0000  0.08%   104 2191s
 1061846 704311 30974.7413  113  146 30960.0000 30986.0000  0.08%   104 2197s
 1063330 705611 30979.9461   89  148 30960.0000 30986.0000  0.08%   104 2201s
 1067060 708387 30969.9022  122  119 30960.0000 30986.0000  0.08%   104 2208s
 1068652 709319 30980.2765  116  156 30960.0000 30986.0000  0.08%   104 2211s
 1071558 711888 30986.0000   53  160 30960.0000 30986.0000  0.08%   104 2218s
 1073562 713527 30983.7007   69  174 30960.0000 30986.0000  0.08%   104 2222s
 1075688 714691 30985.6756   62  176 30960.0000 30986.0000  0.08%   104 2226s
 1078949 717280 30986.0000   60  170 30960.0000 30986.0000  0.08%   104 2234s
 1081286 718756 30979.0549   85  152 30960.0000 30986.0000  0.08%   104 2237s
 1083231 719607 30980.7687  104  153 30960.0000 30986.0000  0.08%   104 2242s
 1084412 720995 30981.4896   69  159 30960.0000 30986.0000  0.08%   104 2246s
 1086415 722669 30963.6272   95   99 30960.0000 30986.0000  0.08%   104 2250s
 1090608 725723 30980.8254   94  143 30960.0000 30986.0000  0.08%   104 2258s
 1092649 727065 30967.9635   74   98 30960.0000 30986.0000  0.08%   104 2262s
 1094478 728294     cutoff  114      30960.0000 30986.0000  0.08%   104 2265s
 1097813 730892 30972.9128   77  136 30960.0000 30986.0000  0.08%   104 2272s
 1100016 732241 30970.9801   77  150 30960.0000 30986.0000  0.08%   104 2275s
 1103180 734475 30984.0849   62  176 30960.0000 30986.0000  0.08%   104 2283s
 1105019 735919 30982.3007   80  168 30960.0000 30986.0000  0.08%   104 2287s
 1106905 737434 30977.9487  119  140 30960.0000 30986.0000  0.08%   104 2290s
 1110939 740243 30983.2933   77  160 30960.0000 30986.0000  0.08%   104 2297s
 1112785 741372 30975.9611   80  153 30960.0000 30986.0000  0.08%   104 2301s
 1116372 744171 30975.2358  111  120 30960.0000 30986.0000  0.08%   104 2307s
 1118145 745229 30977.8564   98  171 30960.0000 30986.0000  0.08%   104 2310s
 1121326 747891 30979.2114   73  152 30960.0000 30986.0000  0.08%   104 2316s
 1124670 749880 30985.0523   61  196 30960.0000 30986.0000  0.08%   104 2324s
 1126151 751119 30984.9830   64  185 30960.0000 30986.0000  0.08%   104 2327s
 1127896 751890 30986.0000   65  178 30960.0000 30986.0000  0.08%   104 2332s
 1128890 753416 30985.7469   65  193 30960.0000 30986.0000  0.08%   104 2336s
 1130852 755122 30984.9972   66  142 30960.0000 30986.0000  0.08%   104 2340s
 1134898 758122 30981.2755   84  139 30960.0000 30986.0000  0.08%   104 2347s
 1138383 760281 30972.8086  110  117 30960.0000 30986.0000  0.08%   104 2353s
 1140003 761414 30963.1269  141  105 30960.0000 30986.0000  0.08%   104 2357s
 1141765 762559 30969.2725  102  128 30960.0000 30986.0000  0.08%   104 2360s
 1144894 764999     cutoff   86      30960.0000 30986.0000  0.08%   104 2367s
 1146914 766124 30985.5817   87  203 30960.0000 30986.0000  0.08%   104 2370s
 1150328 768446 30982.8680   61  137 30960.0000 30986.0000  0.08%   104 2376s
 1153681 770963 30973.0148   86  114 30960.0000 30986.0000  0.08%   104 2383s
 1155324 772077 30977.0000   81  110 30960.0000 30986.0000  0.08%   104 2387s
 1156963 773522 30985.5817   73  181 30960.0000 30986.0000  0.08%   105 2391s
 1160877 776088 30983.3475   79  155 30960.0000 30986.0000  0.08%   105 2397s
 1162702 777534 30981.9184   81  148 30960.0000 30986.0000  0.08%   105 2401s
 1166818 780247 30978.4306   85  142 30960.0000 30985.9964  0.08%   105 2408s
 1168626 781486 30976.9098   87  149 30960.0000 30985.9957  0.08%   105 2410s
 1172244 784265 30984.1925   74  177 30960.0000 30985.9942  0.08%   105 2417s
 1174494 785626 30982.2963   68  164 30960.0000 30985.9930  0.08%   104 2421s
 1178208 788304 30981.5842  103  150 30960.0000 30985.9910  0.08%   104 2427s
 1180100 789591 30984.6556   69  206 30960.0000 30985.9907  0.08%   104 2430s
 1183849 792377 30968.9019   89  148 30960.0000 30985.9892  0.08%   104 2435s
 1187677 795178 30984.8139   96  175 30960.0000 30985.9879  0.08%   104 2442s
 1189628 796557 30962.4927   97  100 30960.0000 30985.9871  0.08%   104 2445s
 1193623 799493 30985.0396   67  165 30960.0000 30985.9857  0.08%   104 2451s
 1197281 801420 30978.2041   82  149 30960.0000 30985.9845  0.08%   104 2456s
 1198728 802282 30980.6211   65  139 30960.0000 30985.9839  0.08%   104 2460s
 1202052 804451 30985.5227   97  181 30960.0000 30985.9824  0.08%   104 2466s
 1205414 807186 30967.5098  146  114 30960.0000 30985.9813  0.08%   104 2472s
 1207320 808726 30968.0134   96  122 30960.0000 30985.9805  0.08%   104 2475s
 1210888 810749 30978.3242   84  135 30960.0000 30985.9794  0.08%   104 2481s
 1214561 813542 30983.4548   78  160 30960.0000 30985.9784  0.08%   104 2487s
 1216410 814931 30979.2982   71  159 30960.0000 30985.9779  0.08%   104 2490s
 1219854 817217 30982.8725   77  148 30960.0000 30985.9764  0.08%   104 2497s
 1221560 818565 30966.4674   86  128 30960.0000 30985.9757  0.08%   104 2500s
 1225228 821261 30976.3849  111  137 30960.0000 30985.9743  0.08%   104 2506s
 1229198 823944 30965.5444  114  125 30960.0000 30985.9729  0.08%   104 2512s
 1230983 825167 30983.4570   82  167 30960.0000 30985.9723  0.08%   104 2515s
 1234446 827256 30966.0112   90  107 30960.0000 30985.9712  0.08%   104 2521s
 1237459 829344 30984.1806   73  196 30960.0000 30985.9703  0.08%   104 2527s
 1238722 830518 30965.6404   98   84 30960.0000 30985.9702  0.08%   104 2530s
 1242568 833298 30982.5451   96  165 30960.0000 30985.9689  0.08%   104 2536s
 1244563 834629 30980.9155   92  167 30960.0000 30985.9681  0.08%   104 2540s
 1248535 837390 30979.4753  113  141 30960.0000 30985.9670  0.08%   104 2547s
 1252009 839624 30979.2615   70  164 30960.0000 30985.9656  0.08%   104 2552s
 1253597 840855 30976.1072   86  133 30960.0000 30985.9652  0.08%   104 2555s
 1257358 843266 30983.4523   89  171 30960.0000 30985.9638  0.08%   104 2561s
 1261119 845977 30981.0697   63  149 30960.0000 30985.9624  0.08%   104 2567s
 1262996 847350 30981.0000  100  140 30960.0000 30985.9618  0.08%   104 2570s
 1266463 849772 30980.3345   97  151 30960.0000 30985.9608  0.08%   104 2576s
 1270159 852046 30985.4991   72  180 30960.0000 30985.9597  0.08%   104 2583s
 1271985 853361 30962.4321  116  115 30960.0000 30985.9589  0.08%   104 2586s
 1276064 856125 30984.4299   92  167 30960.0000 30985.9576  0.08%   104 2591s
 1279488 858289 30976.1615   82  128 30960.0000 30985.9566  0.08%   104 2597s
 1281292 859738 30978.4084   90  139 30960.0000 30985.9560  0.08%   104 2601s
 1285058 862113 30981.0000  102  159 30960.0000 30985.9549  0.08%   104 2607s
 1288736 864615 30970.8079   79  204 30960.0000 30985.9539  0.08%   104 2612s
 1290471 865388 30979.4328   82  140 30960.0000 30985.9533  0.08%   104 2615s
 1293268 867910 30984.4861   82  203 30960.0000 30985.9525  0.08%   104 2622s
 1295299 869181 30978.9162   76  126 30960.0000 30985.9517  0.08%   104 2625s
 1298995 871834 30981.5044   82  146 30960.0000 30985.9501  0.08%   104 2632s
 1300880 873101 30963.8750  117  120 30960.0000 30985.9497  0.08%   104 2635s
 1304662 875317 30985.2077   82  181 30960.0000 30985.9484  0.08%   104 2642s
 1306226 876356 30984.7610   77  195 30960.0000 30985.9480  0.08%   104 2645s
 1309799 879143 30985.5020   57  182 30960.0000 30985.9470  0.08%   104 2651s
 1313212 881149 30979.1849   80  152 30960.0000 30985.9459  0.08%   104 2657s
 1314954 882388 30982.1597  103  181 30960.0000 30985.9454  0.08%   104 2660s
 1318998 885216 30982.7620   77  164 30960.0000 30985.9441  0.08%   104 2665s
 1322431 887699 30971.0000   71  168 30960.0000 30985.9430  0.08%   103 2671s
 1325958 890007 30972.5000   82  156 30960.0000 30985.9419  0.08%   103 2677s
 1327490 890952 30984.7973   91  182 30960.0000 30985.9416  0.08%   103 2680s
 1330632 893162 30973.7023   82  149 30960.0000 30985.9404  0.08%   103 2685s
 1333867 895430 30978.8749   87  115 30960.0000 30985.9392  0.08%   103 2692s
 1335724 897039 30983.8791   78  193 30960.0000 30985.9388  0.08%   103 2695s
 1339586 899329 30974.5180   98  153 30960.0000 30985.9376  0.08%   103 2700s
 1342856 901650 30984.2935  103  171 30960.0000 30985.9367  0.08%   103 2706s
 1346175 904187 30978.1449   95  148 30960.0000 30985.9355  0.08%   103 2712s
 1348026 905306 30983.5376   91  182 30960.0000 30985.9351  0.08%   103 2715s
 1351299 907387     cutoff  113      30960.0000 30985.9342  0.08%   103 2721s
 1354649 909736 30976.7045   90  137 30960.0000 30985.9334  0.08%   103 2727s
 1356450 911029 30970.4502  109  132 30960.0000 30985.9327  0.08%   103 2730s
 1360369 913357 30985.3256   81  169 30960.0000 30985.9315  0.08%   103 2736s
 1363544 915404 30965.1275  105   84 30960.0000 30985.9304  0.08%   103 2742s
 1365251 916724 30978.7798   94  158 30960.0000 30985.9297  0.08%   103 2745s
 1368411 918075 30984.1648   81  181 30960.0000 30985.9291  0.08%   103 2755s
 1371488 920983     cutoff  120      30960.0000 30985.9278  0.08%   103 2763s
 1373357 922166 30974.6993   87  133 30960.0000 30985.9272  0.08%   103 2766s
 1377153 924307 30982.2796   94  160 30960.0000 30985.9260  0.08%   103 2771s
 1380482 926831 30964.8830   82  125 30960.0000 30985.9251  0.08%   103 2777s
 1383765 928902 30979.9026   71  139 30960.0000 30985.9241  0.08%   103 2783s
 1385555 930132 30981.0000   85  164 30960.0000 30985.9234  0.08%   103 2785s
 1389225 932730 30980.5858   89  133 30960.0000 30985.9220  0.08%   103 2792s
 1391117 934215 30979.2906   95  136 30960.0000 30985.9214  0.08%   103 2795s
 1394809 936563 30972.4429   88  111 30960.0000 30985.9203  0.08%   103 2800s
 1398439 938890 30975.9200   97  140 30960.0000 30985.9194  0.08%   103 2806s
 1401865 941424 30974.9085  118  119 30960.0000 30985.9185  0.08%   103 2812s
 1403723 942504 30983.1654   64  145 30960.0000 30985.9181  0.08%   103 2815s
 1407268 945288 30973.9249  111  139 30960.0000 30985.9171  0.08%   103 2821s
 1411471 947610 30964.5917  108  131 30960.0000 30985.9161  0.08%   103 2827s
 1414616 949914 30981.4912   88  160 30960.0000 30985.9152  0.08%   103 2832s
 1416304 951286 30974.8383   98  124 30960.0000 30985.9148  0.08%   103 2835s
 1420041 953760 30979.0056   79  178 30960.0000 30985.9136  0.08%   103 2841s
 1423580 956489 30983.8858   88  177 30960.0000 30985.9126  0.08%   103 2847s
 1427170 958751 30969.5678  132  131 30960.0000 30985.9114  0.08%   103 2853s
 1428889 959817 30983.5699   88  162 30960.0000 30985.9110  0.08%   103 2856s
 1432568 962602 30983.5644   78  159 30960.0000 30985.9097  0.08%   103 2863s
 1434592 964083     cutoff   80      30960.0000 30985.9092  0.08%   103 2866s
 1438486 966323 30983.6514   84  164 30960.0000 30985.9081  0.08%   103 2872s
 1440423 967649 30984.9557   94  190 30960.0000 30985.9080  0.08%   103 2876s
 1442354 968918 30978.9382  104  134 30960.0000 30985.9074  0.08%   103 2880s
 1446220 971570 30967.3040   96  126 30960.0000 30985.9062  0.08%   103 2888s
 1448021 973010 30966.9850   81  110 30960.0000 30985.9056  0.08%   103 2892s
 1449935 974263 30984.4455   74  170 30960.0000 30985.9051  0.08%   103 2897s
 1451727 975795 30973.5714  102  144 30960.0000 30985.9045  0.08%   103 2901s
 1455678 978016 30981.4931   86  154 30960.0000 30985.9030  0.08%   103 2908s
 1457216 979298 30971.1859  109  123 30960.0000 30985.9028  0.08%   103 2911s
 1459098 980303 30969.9778  106  121 30960.0000 30985.9022  0.08%   103 2916s
 1462704 982856     cutoff   78      30960.0000 30985.9013  0.08%   103 2923s
 1464451 983966 30961.0364   82  133 30960.0000 30985.9009  0.08%   103 2927s
 1466158 985499 30985.3752   67  194 30960.0000 30985.9003  0.08%   103 2931s
 1468278 986686 30985.1781   66  189 30960.0000 30985.8997  0.08%   103 2935s
 1471736 989150 30972.6999   81  166 30960.0000 30985.8987  0.08%   103 2943s
 1473634 990479 30984.4519   63  169 30960.0000 30985.8982  0.08%   103 2947s
 1475612 991960 30985.0425   65  177 30960.0000 30985.8977  0.08%   103 2951s
 1479566 994355 30984.1147  102  190 30960.0000 30985.8967  0.08%   103 2957s
 1481028 995799 30979.4785   81  136 30960.0000 30985.8962  0.08%   103 2961s
 1483063 997257 30977.7234   95  170 30960.0000 30985.8956  0.08%   103 2965s
 1486790 999704 30980.6232   71  187 30960.0000 30985.8947  0.08%   103 2970s
 1490350 1001801 30962.4488   83  130 30960.0000 30985.8936  0.08%   103 2976s
 1493642 1004352 30976.5820   89  156 30960.0000 30985.8928  0.08%   103 2982s
 1495492 1005625 30985.6485   93  178 30960.0000 30985.8922  0.08%   103 2985s
 1499067 1008152 30984.2856   70  201 30960.0000 30985.8913  0.08%   103 2991s
 1502705 1010695 30983.1821   85  167 30960.0000 30985.8901  0.08%   103 2997s
 1504880 1011917 30973.5971  109  124 30960.0000 30985.8894  0.08%   103 3000s
 1508567 1014364 30982.9737   69  167 30960.0000 30985.8884  0.08%   103 3006s
 1511984 1016525 30982.6138   83  146 30960.0000 30985.8874  0.08%   103 3012s
 1515190 1018732 30982.2763   75  157 30960.0000 30985.8866  0.08%   103 3017s
 1516816 1020128 30985.3109   69  190 30960.0000 30985.8863  0.08%   103 3020s
 1520927 1022914 30975.0525  112  116 30960.0000 30985.8852  0.08%   103 3027s
 1522739 1024032 30979.8699   76  188 30960.0000 30985.8848  0.08%   103 3030s
 1526045 1026544 30982.9786   80  174 30960.0000 30985.8840  0.08%   103 3035s
 1529232 1028591 30984.7405   86  199 30960.0000 30985.8829  0.08%   103 3041s
 1532732 1030805 30983.0958   74  141 30960.0000 30985.8820  0.08%   103 3047s
 1534368 1032098 30981.6381   63  135 30960.0000 30985.8817  0.08%   103 3050s
 1538001 1034395 30977.1495   84  143 30960.0000 30985.8805  0.08%   103 3056s
 1541418 1036638 30982.3188   85  168 30960.0000 30985.8795  0.08%   103 3062s
 1543230 1038069 30972.6013   92  108 30960.0000 30985.8791  0.08%   103 3067s
 1545287 1039559 30979.9817   73  152 30960.0000 30985.8784  0.08%   103 3070s
 1549078 1041765 30979.3684   77  135 30960.0000 30985.8773  0.08%   103 3076s
 1553100 1044423 30975.5127   80  150 30960.0000 30985.8763  0.08%   103 3081s
 1556786 1046903 30977.3074   83  139 30960.0000 30985.8751  0.08%   102 3087s
 1558741 1047889 30985.1056   85  175 30960.0000 30985.8745  0.08%   102 3090s
 1562229 1050431 30978.4466   76  136 30960.0000 30985.8736  0.08%   102 3097s
 1563874 1051626 30978.4459   78  117 30960.0000 30985.8731  0.08%   102 3100s
 1567291 1053295 30971.2636   93  131 30960.0000 30985.8722  0.08%   102 3106s
 1568526 1053531 30972.2735   74  132 30960.0000 30985.8718  0.08%   102 3112s
 1568876 1053788 30970.4830   75   97 30960.0000 30985.8718  0.08%   102 3119s
 1569245 1055411 30985.2469   69  187 30960.0000 30985.8718  0.08%   102 3123s
 1571601 1056362 30971.2817  110  106 30960.0000 30985.8710  0.08%   102 3128s
 1573002 1057679 30983.9891   76  163 30960.0000 30985.8707  0.08%   102 3132s
 1575169 1058887 30965.2598  147  133 30960.0000 30985.8702  0.08%   102 3136s
 1578930 1061233 30985.5119   57  166 30960.0000 30985.8691  0.08%   102 3142s
 1582264 1063570 30982.2588  109  171 30960.0000 30985.8682  0.08%   102 3147s
 1584098 1064697 30977.3178   95  141 30960.0000 30985.8678  0.08%   102 3150s
 1587733 1067220 30972.8034  105  115 30960.0000 30985.8669  0.08%   102 3157s
 1589464 1068496 30977.4116   95  155 30960.0000 30985.8664  0.08%   102 3160s
 1593316 1071324 30983.6022   90  185 30960.0000 30985.8652  0.08%   102 3166s
 1597069 1073643 30982.8767   73  157 30960.0000 30985.8641  0.08%   102 3172s
 1600766 1075537     cutoff   71      30960.0000 30985.8631  0.08%   102 3177s
 1601782 1076768 30976.7824   87  155 30960.0000 30985.8628  0.08%   102 3181s
 1605665 1079428 30980.4571   97  163 30960.0000 30985.8620  0.08%   102 3187s
 1609206 1081825 30975.0079  110  122 30960.0000 30985.8611  0.08%   102 3192s
 1610858 1083260 30973.0403   95  137 30960.0000 30985.8605  0.08%   102 3196s
 1614632 1085760 30980.5023   93  151 30960.0000 30985.8596  0.08%   102 3202s
 1616602 1087112 30965.3483   74  100 30960.0000 30985.8592  0.08%   102 3205s
 1620256 1089484 30974.5813   74  158 30960.0000 30985.8582  0.08%   102 3210s
 1624029 1091918 30983.3831   80  148 30960.0000 30985.8572  0.08%   102 3216s
 1627717 1094439     cutoff  134      30960.0000 30985.8562  0.08%   102 3222s
 1631401 1097041 30973.5890  123  147 30960.0000 30985.8555  0.08%   102 3228s
 1633210 1098310 30978.7333   87  124 30960.0000 30985.8550  0.08%   102 3231s
 1635129 1099667 30982.4429  101  180 30960.0000 30985.8545  0.08%   102 3235s
 1638614 1102082 30980.2414   82  136 30960.0000 30985.8534  0.08%   102 3241s
 1642373 1104511 30979.9889   89  162 30960.0000 30985.8526  0.08%   102 3247s
 1644328 1105810 30977.7811   75  132 30960.0000 30985.8519  0.08%   102 3250s
 1648046 1107862     cutoff  131      30960.0000 30985.8508  0.08%   102 3256s
 1649426 1108384 30977.6751   87  145 30960.0000 30985.8506  0.08%   102 3260s
 1650188 1111510 30972.8200  111  127 30960.0000 30985.8503  0.08%   102 3268s
 1654705 1112734 30970.7497   83  147 30960.0000 30985.8489  0.08%   102 3272s
 1656543 1114102 30981.2681   61  156 30960.0000 30985.8485  0.08%   102 3275s
 1660633 1116926 30979.8193   90  138 30960.0000 30985.8474  0.08%   102 3281s
 1664884 1119921 30962.1638  103  131 30960.0000 30985.8464  0.08%   102 3287s
 1666898 1121154 30980.5601   80  147 30960.0000 30985.8459  0.08%   102 3290s
 1670728 1123547 30983.5173   81  157 30960.0000 30985.8445  0.08%   102 3297s
 1673998 1125953 30973.3730   89  110 30960.0000 30985.8438  0.08%   102 3302s
 1676060 1127409 30984.3429   87  187 30960.0000 30985.8432  0.08%   102 3305s
 1679996 1129901 30983.7648   75  165 30960.0000 30985.8422  0.08%   102 3311s
 1683564 1132658 30979.6422   94  170 30960.0000 30985.8415  0.08%   102 3317s
 1685454 1134077 30980.1130   92  169 30960.0000 30985.8410  0.08%   102 3320s
 1689134 1136637 30967.0151  111  118 30960.0000 30985.8402  0.08%   102 3326s
 1692843 1139397 30979.1019   90  125 30960.0000 30985.8393  0.08%   102 3333s
 1694908 1140486 30967.2974  116  128 30960.0000 30985.8388  0.08%   102 3337s
 1696422 1141791 30975.2437  132  106 30960.0000 30985.8386  0.08%   102 3340s
 1700361 1143896 30983.2857   65  184 30960.0000 30985.8375  0.08%   102 3348s
 1701589 1145223 30965.5390  108  100 30960.0000 30985.8373  0.08%   102 3352s
 1703551 1146216 30966.6410   71  158 30960.0000 30985.8364  0.08%   102 3356s
 1704989 1147550 30975.8166  117  142 30960.0000 30985.8362  0.08%   102 3360s
 1706954 1148988 30981.6126   89  172 30960.0000 30985.8358  0.08%   102 3365s
 1710415 1151443 30969.5136   82  145 30960.0000 30985.8348  0.08%   102 3370s
 1714199 1153533     cutoff  125      30960.0000 30985.8340  0.08%   102 3376s
 1717776 1156060 30984.8652   59  159 30960.0000 30985.8332  0.08%   102 3381s
 1719396 1157007 30971.4742  102  133 30960.0000 30985.8326  0.08%   102 3385s
 1722748 1159759 30966.3425   74  171 30960.0000 30985.8319  0.08%   102 3392s
 1724583 1161131 30984.6330   85  204 30960.0000 30985.8314  0.08%   102 3395s
 1728518 1163765 30983.4451   94  168 30960.0000 30985.8302  0.08%   102 3401s
 1731980 1166161 30972.3010   87  149 30960.0000 30985.8294  0.08%   102 3407s
 1735152 1168537 30982.8162   87  171 30960.0000 30985.8287  0.08%   102 3413s
 1737032 1169908 30982.3262   79  144 30960.0000 30985.8280  0.08%   102 3416s
 1740766 1172391 30984.3236   87  204 30960.0000 30985.8272  0.08%   102 3422s
 1742487 1173616 30982.8031   74  186 30960.0000 30985.8268  0.08%   102 3426s
 1746275 1176480 30983.8940   86  164 30960.0000 30985.8258  0.08%   102 3431s
 1749748 1178586 30961.2318  111  114 30960.0000 30985.8248  0.08%   102 3437s
 1751412 1179867 30984.6512   72  168 30960.0000 30985.8244  0.08%   102 3440s
 1755135 1182530 30978.9207  113  142 30960.0000 30985.8237  0.08%   102 3445s
 1758854 1185095 30978.7334   68  164 30960.0000 30985.8227  0.08%   102 3451s
 1762386 1187701 30984.1621   74  160 30960.0000 30985.8220  0.08%   102 3457s
 1764351 1188343 30984.7168   81  183 30960.0000 30985.8215  0.08%   102 3461s
 1765253 1189914 30965.4079   98  127 30960.0000 30985.8214  0.08%   102 3465s
 1769081 1192047 30983.1932   85  163 30960.0000 30985.8206  0.08%   102 3471s
 1770927 1193552 30975.0209   93  117 30960.0000 30985.8202  0.08%   102 3475s
 1774997 1196305 30979.2026   80  150 30960.0000 30985.8194  0.08%   102 3481s
 1779109 1198876 30985.3883   62  192 30960.0000 30985.8178  0.08%   102 3487s
 1780969 1200463 30969.3890  112  159 30960.0000 30985.8174  0.08%   102 3490s
 1784794 1202541 30967.7307   77  169 30960.0000 30985.8162  0.08%   101 3495s
 1788136 1204645 30964.3469   85  126 30960.0000 30985.8151  0.08%   101 3501s
 1791467 1207350 30973.8011  113  121 30960.0000 30985.8144  0.08%   101 3507s
 1793281 1208380 30970.0261   89  133 30960.0000 30985.8138  0.08%   101 3510s
 1796709 1211065 30962.6691  153  116 30960.0000 30985.8131  0.08%   101 3516s
 1800432 1213524 30985.6323   83  183 30960.0000 30985.8122  0.08%   101 3523s
 1802530 1214832 30974.8004   99  128 30960.0000 30985.8115  0.08%   101 3526s
 1806072 1217092 30980.8801   64  151 30960.0000 30985.8106  0.08%   101 3532s
 1807813 1218333 30981.7901  109  144 30960.0000 30985.8103  0.08%   101 3535s
 1811222 1220601 30981.1623   86  132 30960.0000 30985.8093  0.08%   101 3541s
 1814907 1223041 30979.8025   89  148 30960.0000 30985.8083  0.08%   101 3547s
 1816737 1224030 30981.0457   76  136 30960.0000 30985.8078  0.08%   101 3551s
 1820562 1226858 30984.7687   81  189 30960.0000 30985.8068  0.08%   101 3557s
 1822440 1228131 30969.7982  110  110 30960.0000 30985.8063  0.08%   101 3560s
 1826103 1230582 30984.7026   95  173 30960.0000 30985.8056  0.08%   101 3566s
 1829517 1232914 30976.5243   71  146 30960.0000 30985.8052  0.08%   101 3572s
 1831330 1234136 30977.3304   71  147 30960.0000 30985.8046  0.08%   101 3575s
 1835072 1236704 30973.9066  100  126 30960.0000 30985.8038  0.08%   101 3581s
 1838652 1239303 30980.5191   99  181 30960.0000 30985.8029  0.08%   101 3588s
 1840546 1240623 30965.9428   86   79 30960.0000 30985.8023  0.08%   101 3590s
 1843930 1242808 30984.7372   81  177 30960.0000 30985.8014  0.08%   101 3597s
 1845717 1243028 30984.7444   87  184 30960.0000 30985.8010  0.08%   101 3600s

Cutting planes:
  Gomory: 33
  Cover: 84
  Clique: 18
  MIR: 339
  StrongCG: 253
  Flow cover: 69
  Zero half: 6
  RLT: 11
  Relax-and-lift: 1

Explored 1846004 nodes (187069941 simplex iterations) in 3600.02 seconds
Thread count was 12 (of 12 available processors)

Solution count 10: 30960 30952 30945 ... 30813

Time limit reached
Best objective 3.096000000000e+04, best bound 3.098500000000e+04, gap 0.0807%
