
Gurobi 9.1.2 (win64, Java) logging started Sat Nov 13 19:19:10 2021

Academic license - for non-commercial use only - expires 2022-10-30
Gurobi Optimizer version 9.1.2 build v9.1.2rc0 (win64)
Thread count: 6 physical cores, 12 logical processors, using up to 12 threads
Optimize a model with 70 rows, 600 columns and 1200 nonzeros
Model fingerprint: 0x91a52ee1
Variable types: 0 continuous, 600 integer (600 binary)
Coefficient statistics:
  Matrix range     [1e+00, 1e+03]
  Objective range  [4e+02, 1e+03]
  Bounds range     [1e+00, 1e+00]
  RHS range        [1e+00, 4e+03]
Found heuristic solution: objective 28983.000000
Presolve removed 0 rows and 155 columns
Presolve time: 0.01s
Presolved: 70 rows, 445 columns, 890 nonzeros
Variable types: 0 continuous, 445 integer (445 binary)
Presolved: 70 rows, 445 columns, 890 nonzeros


Root relaxation: objective 3.197804e+04, 212 iterations, 0.00 seconds

    Nodes    |    Current Node    |     Objective Bounds      |     Work
 Expl Unexpl |  Obj  Depth IntInf | Incumbent    BestBd   Gap | It/Node Time

     0     0 31978.0385    0   11 28983.0000 31978.0385  10.3%     -    0s
H    0     0                    31138.000000 31978.0385  2.70%     -    0s
H    0     0                    31233.000000 31978.0385  2.39%     -    0s
     0     0 31978.0385    0   24 31233.0000 31978.0385  2.39%     -    0s
H    0     0                    31283.000000 31978.0385  2.22%     -    0s
H    0     0                    31301.000000 31978.0385  2.16%     -    0s
     0     0 31978.0385    0   24 31301.0000 31978.0385  2.16%     -    0s
H    0     0                    31661.000017 31978.0385  1.00%     -    0s
     0     0 31978.0385    0   22 31661.0000 31978.0385  1.00%     -    0s
     0     0 31978.0385    0   22 31661.0000 31978.0385  1.00%     -    0s
H    0     2                    31738.000000 31978.0385  0.76%     -    1s
     0     2 31978.0385    0   11 31738.0000 31978.0385  0.76%     -    1s
   218   273 31937.7932   36   20 31738.0000 31978.0385  0.76%   6.0    5s
H  244   273                    31759.000000 31978.0385  0.69%   5.6    5s
H 1342   927                    31778.000000 31978.0385  0.63%   5.5    6s
  1359   940 31803.0000    8   15 31778.0000 31803.0000  0.08%   6.9   10s
H 1359   892                    31784.000000 31803.0000  0.06%   6.9   10s
  1461   944 31803.0000   31   17 31784.0000 31803.0000  0.06%   8.8   18s
  1476   956 31803.0000   31   17 31784.0000 31803.0000  0.06%   8.9   20s
 16067  9077     cutoff  155      31784.0000 31803.0000  0.06%   8.2   25s
 22886 12073 31803.0000  117   12 31784.0000 31803.0000  0.06%   8.1   30s
 38662 16409 31786.4163  133   22 31784.0000 31803.0000  0.06%   8.5   35s
H38663 15589                    31789.000106 31803.0000  0.04%   8.5   35s
 38674 15596 31801.8526   88   22 31789.0001 31803.0000  0.04%   8.5   40s
 40379 16229 31791.0000  113   13 31789.0001 31803.0000  0.04%   8.5   46s
 52410 19909 31796.0000  103   10 31789.0001 31803.0000  0.04%   8.6   53s
 57160 22752 31790.7083  106   12 31789.0001 31803.0000  0.04%   8.6   55s
 75175 27826 31802.7590   57   43 31789.0001 31803.0000  0.04%   8.7   60s
 87863 31721 31802.6784   70   29 31789.0001 31803.0000  0.04%   8.9   65s
 96924 37695 31797.0000   58   10 31789.0001 31803.0000  0.04%   8.9   70s
H97322 26697                    31794.000000 31803.0000  0.03%   8.9   70s
 102109 29661     cutoff   57      31794.0000 31803.0000  0.03%   9.0   75s
 111428 36099 31797.0000   65   14 31794.0000 31803.0000  0.03%   8.9   80s
 121018 40279 31797.0000   77   14 31794.0000 31803.0000  0.03%   8.8   87s
 134420 47666 31802.6419  109   14 31794.0000 31803.0000  0.03%   8.9   94s
 137110 49515 31803.0000  143    9 31794.0000 31803.0000  0.03%   8.9   95s
 140690 50451     cutoff  111      31794.0000 31803.0000  0.03%   8.9  100s
 147375 52390 31803.0000  106    6 31794.0000 31803.0000  0.03%   8.9  108s
 153824 54254 31798.0000  111    8 31794.0000 31803.0000  0.03%   8.9  111s
 160298 56085     cutoff  107      31794.0000 31803.0000  0.03%   8.9  115s
 164283 56798 31800.9660  103   23 31794.0000 31803.0000  0.03%   9.0  120s
 169251 57449     cutoff   97      31794.0000 31803.0000  0.03%   9.0  125s
 174782 58123     cutoff  106      31794.0000 31803.0000  0.03%   9.1  132s
 180148 58672     cutoff  110      31794.0000 31803.0000  0.03%   9.2  135s
 181914 58707     cutoff   96      31794.0000 31803.0000  0.03%   9.2  140s
 189715 59633     cutoff  111      31794.0000 31803.0000  0.03%   9.3  145s
 195808 60143     cutoff  110      31794.0000 31803.0000  0.03%   9.4  150s
 202790 61166     cutoff  114      31794.0000 31803.0000  0.03%   9.4  155s
 207917 61865 31800.0000  113    7 31794.0000 31803.0000  0.03%   9.4  161s
 211829 62383     cutoff  107      31794.0000 31803.0000  0.03%   9.4  165s
 219786 64059 31800.0686  107   10 31794.0000 31803.0000  0.03%   9.3  170s
H224452 36826                    31798.000000 31803.0000  0.02%   9.3  171s
 225891 36832 31803.0000   93    5 31798.0000 31803.0000  0.02%   9.3  177s
 233482 37610 31802.5579  102   27 31798.0000 31803.0000  0.02%   9.3  181s
 238559 37970 31802.1298  105   14 31798.0000 31803.0000  0.02%   9.3  185s
 239953 37978 31800.8880   72   17 31798.0000 31803.0000  0.02%   9.3  191s
 240022 38006 31803.0000   55   12 31798.0000 31803.0000  0.02%   9.3  195s
 240821 38361 31803.0000  107   15 31798.0000 31803.0000  0.02%   9.3  201s
 264118 47166 31803.0000  126   10 31798.0000 31803.0000  0.02%   9.3  205s
 282093 51782     cutoff  168      31798.0000 31803.0000  0.02%   9.3  211s
 291119 53883 31799.4733  153   15 31798.0000 31803.0000  0.02%   9.4  216s
 299831 56430 31803.0000  151   35 31798.0000 31803.0000  0.02%   9.5  220s
 321718 62265 31803.0000  160   15 31798.0000 31803.0000  0.02%   9.6  225s
 337732 65916     cutoff  189      31798.0000 31803.0000  0.02%   9.8  230s
 349437 65885 31802.2465  169   38 31798.0000 31803.0000  0.02%  10.0  236s
 365804 72424 31799.0431  129   43 31798.0000 31803.0000  0.02%  10.2  240s
 380347 79135 31799.4064  119   11 31798.0000 31803.0000  0.02%  10.4  245s
 385911 80099 31801.2032  123   24 31798.0000 31803.0000  0.02%  10.7  255s
 419073 87255 31801.1684  126   13 31798.0000 31803.0000  0.02%  12.1  260s
 427062 89369     cutoff  119      31798.0000 31803.0000  0.02%  12.2  266s
 427621 89366     cutoff  120      31798.0000 31803.0000  0.02%  12.3  272s
 440223 93290 31799.8450  110   13 31798.0000 31803.0000  0.02%  12.5  276s
 460415 102804 31799.5359  153   38 31798.0000 31803.0000  0.02%  12.7  280s
 479525 112974 31803.0000  126   20 31798.0000 31803.0000  0.02%  12.8  285s
 489185 117117 31801.1886  117   15 31798.0000 31803.0000  0.02%  12.8  290s
 513747 131181 31802.0000  153   11 31798.0000 31803.0000  0.02%  12.9  295s
 526002 134121 31802.9689  122   34 31798.0000 31803.0000  0.02%  12.9  300s
 543839 142666 31802.0000  122   12 31798.0000 31803.0000  0.02%  13.0  310s
 570693 156839 31802.0338  125   41 31798.0000 31803.0000  0.02%  13.2  315s
 584291 162897 31799.1050  102   36 31798.0000 31803.0000  0.02%  13.3  320s
 604207 169932 31802.1078  115   35 31798.0000 31803.0000  0.02%  13.4  327s
 616829 175177 31799.0000  124   12 31798.0000 31803.0000  0.02%  13.5  330s
 632483 181230     cutoff  135      31798.0000 31803.0000  0.02%  13.5  336s
 638713 184089 31801.0000  109   12 31798.0000 31803.0000  0.02%  13.6  340s
 647223 186617 31802.5712  127   42 31798.0000 31803.0000  0.02%  13.6  345s
 678831 197594 31801.3333  116   20 31798.0000 31803.0000  0.02%  13.8  352s
 694791 203896     cutoff  121      31798.0000 31803.0000  0.02%  13.9  355s
 700668 205403 31802.8193  122   37 31798.0000 31803.0000  0.02%  13.9  360s
 705792 207678 31802.8959  116   36 31798.0000 31803.0000  0.02%  14.0  365s
 733546 216656 31803.0000  116    8 31798.0000 31803.0000  0.02%  14.1  372s
 747990 221690 31802.5170  116   40 31798.0000 31803.0000  0.02%  14.1  375s
 766395 227513     cutoff  111      31798.0000 31803.0000  0.02%  14.2  381s
 766885 227631 31802.0486  126   39 31798.0000 31803.0000  0.02%  14.2  385s
 781230 232758     cutoff  117      31798.0000 31803.0000  0.02%  14.2  390s
 796545 237769 31799.0000  128   12 31798.0000 31803.0000  0.02%  14.3  397s
 796877 238044 31799.0000  122   15 31798.0000 31803.0000  0.02%  14.3  401s
 819398 245561     cutoff  124      31798.0000 31803.0000  0.02%  14.4  407s
 832402 249949 31802.0000  120   19 31798.0000 31803.0000  0.02%  14.4  410s
 834163 249983     cutoff  127      31798.0000 31803.0000  0.02%  14.4  415s
 838442 251326 31802.0000  128   31 31798.0000 31803.0000  0.02%  14.4  421s
 860292 258247 31800.9674  123   31 31798.0000 31803.0000  0.02%  14.5  425s
 875457 262580 31801.6840  117   36 31798.0000 31803.0000  0.02%  14.6  432s
 892953 268496 31802.4000  115   18 31798.0000 31803.0000  0.02%  14.6  435s
 909105 273397     cutoff  135      31798.0000 31803.0000  0.02%  14.7  440s
 916694 276071 31803.0000  136   15 31798.0000 31803.0000  0.02%  14.7  445s
 950575 286314     cutoff  116      31798.0000 31803.0000  0.02%  14.8  452s
 951129 286559     cutoff  115      31798.0000 31803.0000  0.02%  14.8  456s
 973240 293213     cutoff  118      31798.0000 31803.0000  0.02%  14.9  463s
 981578 296090     cutoff  145      31798.0000 31803.0000  0.02%  14.9  465s
 1003635 302598 31802.0000  126   22 31798.0000 31803.0000  0.02%  15.0  471s
 1018664 307604 31803.0000  105   12 31798.0000 31803.0000  0.02%  15.0  475s
 1032469 311759 31803.0000   93   15 31798.0000 31803.0000  0.02%  15.1  481s
 1049141 317502 31802.1139  107   19 31798.0000 31803.0000  0.02%  15.1  485s
 1058435 320109 31803.0000  116   15 31798.0000 31803.0000  0.02%  15.2  491s
 1058818 320443 31803.0000  117   12 31798.0000 31803.0000  0.02%  15.2  495s
 1081270 327650 31802.0000  142   27 31798.0000 31803.0000  0.02%  15.2  502s
 1095486 333149     cutoff  123      31798.0000 31803.0000  0.02%  15.3  505s
 1114156 339125     cutoff  120      31798.0000 31803.0000  0.02%  15.3  510s
 1136648 346779 31799.6232  116   25 31798.0000 31803.0000  0.02%  15.4  515s
 1143243 348773 31799.0991  110   27 31798.0000 31803.0000  0.02%  15.4  520s
 1148970 354350     cutoff  139      31798.0000 31803.0000  0.02%  15.4  526s
 1181385 361225 31803.0000  110   13 31798.0000 31803.0000  0.02%  15.5  531s
 1187616 363160 31803.0000  127   35 31798.0000 31803.0000  0.02%  15.5  536s
 1204878 368201 31802.6471  117   31 31798.0000 31803.0000  0.02%  15.5  543s
 1213345 370601 31802.4958  124   42 31798.0000 31803.0000  0.02%  15.6  545s
 1229284 374435     cutoff  129      31798.0000 31803.0000  0.02%  15.6  550s
 1243695 377831 31802.0000  112   32 31798.0000 31803.0000  0.02%  15.7  557s
 1259438 383008 31802.2776  126   33 31798.0000 31803.0000  0.02%  15.7  562s
 1273895 389733 31803.0000  122   14 31798.0000 31803.0000  0.02%  15.7  565s
 1282028 392500 31800.5504  152   33 31798.0000 31803.0000  0.02%  15.7  570s
 1303858 400806 31803.0000  121   12 31798.0000 31803.0000  0.02%  15.7  576s
 1323690 407232 31801.0000  143   22 31798.0000 31803.0000  0.02%  15.8  583s
 1331551 410543     cutoff  164      31798.0000 31803.0000  0.02%  15.8  585s
 1351475 417884 31800.9298  143   33 31798.0000 31803.0000  0.02%  15.8  591s
 1359254 420612 31802.7519  144   39 31798.0000 31803.0000  0.02%  15.9  597s
 1359556 420823 31802.5845  147   30 31798.0000 31803.0000  0.02%  15.9  601s
 1375061 427328 31801.0000  148   17 31798.0000 31803.0000  0.02%  15.9  605s
 1394655 433061     cutoff  160      31798.0000 31803.0000  0.02%  15.9  610s
 1409377 438819 31801.4813  115   33 31798.0000 31803.0000  0.02%  15.9  617s
 1419762 443425     cutoff  150      31798.0000 31803.0000  0.02%  16.0  620s
 1445435 451977     cutoff  151      31798.0000 31803.0000  0.02%  16.0  627s
 1460805 458371 31803.0000  168   35 31798.0000 31803.0000  0.02%  16.0  630s
 1464697 463703     cutoff  149      31798.0000 31803.0000  0.02%  16.0  640s
 1498472 470554 31803.0000  168   39 31798.0000 31803.0000  0.02%  16.0  647s
 1512298 475385 31803.0000  162   36 31798.0000 31803.0000  0.02%  16.0  650s
 1528134 480473 31803.0000  165   30 31798.0000 31803.0000  0.02%  16.1  656s
 1532085 482041 31803.0000  156   10 31798.0000 31803.0000  0.02%  16.1  660s
 1550975 487700 31803.0000  137   11 31798.0000 31803.0000  0.02%  16.1  666s
 1556937 489230 31802.0613  171   35 31798.0000 31803.0000  0.02%  16.1  670s
 1582179 497373 31800.9692  165   21 31798.0000 31803.0000  0.02%  16.2  677s
 1582751 497506 31800.0000  166   14 31798.0000 31803.0000  0.02%  16.2  680s
 1610854 506473 31801.3404  146   30 31798.0000 31803.0000  0.02%  16.1  685s
 1625819 511810 31801.9900  179   20 31798.0000 31803.0000  0.02%  16.1  690s
 1643261 517582 infeasible  166      31798.0000 31803.0000  0.02%  16.1  695s
 1660670 523397 31802.8056  160   40 31798.0000 31803.0000  0.02%  16.2  703s
 1666683 525519 31803.0000  156   13 31798.0000 31803.0000  0.02%  16.2  706s
 1688150 533128 31803.0000  166    7 31798.0000 31803.0000  0.02%  16.2  710s
 1706458 539277 31800.9028  158   13 31798.0000 31803.0000  0.02%  16.2  715s
 1714343 541704     cutoff  171      31798.0000 31803.0000  0.02%  16.2  720s
 1742727 551589     cutoff  174      31798.0000 31803.0000  0.02%  16.2  725s
 1758506 557232 31802.0000  149   20 31798.0000 31803.0000  0.02%  16.2  730s
 1770721 560749 31802.0000  189   18 31798.0000 31803.0000  0.02%  16.2  737s
 1781535 565213 31803.0000  153   15 31798.0000 31803.0000  0.02%  16.2  740s
 1803336 572021 31802.0000  156   17 31798.0000 31803.0000  0.02%  16.2  748s
 1813826 576263 31799.0000  158   19 31798.0000 31803.0000  0.02%  16.2  750s
 1824275 580081 31802.0000  186   21 31798.0000 31803.0000  0.02%  16.2  755s
 1845042 587962 31803.0000  147   13 31798.0000 31803.0000  0.02%  16.2  760s
 1857899 592932 31800.0000  154   10 31798.0000 31803.0000  0.02%  16.2  765s
 1880401 600119 31802.0000  171   23 31798.0000 31803.0000  0.02%  16.2  772s
 1895974 606471 31799.0000  163   12 31798.0000 31803.0000  0.02%  16.2  775s
 1908097 610731 31803.0000  162   15 31798.0000 31803.0000  0.02%  16.2  781s
 1926209 616828     cutoff  178      31798.0000 31803.0000  0.02%  16.2  786s
 1938969 621049 31803.0000  155   11 31798.0000 31803.0000  0.02%  16.2  792s
 1954275 627614     cutoff  156      31798.0000 31803.0000  0.02%  16.2  795s
 1973908 635102 31803.0000  151   20 31798.0000 31803.0000  0.02%  16.2  800s
 1996086 643700     cutoff  189      31798.0000 31803.0000  0.02%  16.3  805s
 1998444 644096     cutoff  185      31798.0000 31803.0000  0.02%  16.3  813s
 2010903 649260 31803.0000  159   11 31798.0000 31803.0000  0.02%  16.3  815s
 2027875 655216 31802.8858  165   40 31798.0000 31803.0000  0.02%  16.3  822s
 2039844 660602 31803.0000  164   11 31798.0000 31803.0000  0.02%  16.3  825s
 2071133 672202     cutoff  176      31798.0000 31803.0000  0.02%  16.3  833s
 2077646 674964 31801.8868  158   31 31798.0000 31803.0000  0.02%  16.3  835s
 2083663 676526     cutoff  182      31798.0000 31803.0000  0.02%  16.3  840s
 2094586 681370 31803.0000  160   12 31798.0000 31803.0000  0.02%  16.3  845s
 2107689 685512 31803.0000  167   28 31798.0000 31803.0000  0.02%  16.3  852s
 2125074 693000 31801.0000  166   15 31798.0000 31803.0000  0.02%  16.4  855s
 2150347 703817 31801.9407  159   40 31798.0000 31803.0000  0.02%  16.3  860s
 2158303 705531 31801.2857  187   15 31798.0000 31803.0000  0.02%  16.3  865s
 2159436 706494 31801.2857  189   20 31798.0000 31803.0000  0.02%  16.3  870s
 2188702 715228 31800.9311  162   27 31798.0000 31803.0000  0.02%  16.3  875s
 2197530 718475 31803.0000  148   12 31798.0000 31803.0000  0.02%  16.3  880s
 2211893 723444 31803.0000  129   15 31798.0000 31803.0000  0.02%  16.3  887s
 2216359 725372 31803.0000  150   13 31798.0000 31803.0000  0.02%  16.3  891s
 2231786 731504 31802.2478  151   43 31798.0000 31803.0000  0.02%  16.3  896s
 2249853 737942 31801.9952  167   27 31798.0000 31803.0000  0.02%  16.3  900s
 2258992 741230 31801.2857  169   21 31798.0000 31803.0000  0.02%  16.3  905s
 2300072 750768 31802.9840  127   51 31798.0000 31803.0000  0.02%  16.2  910s
 2314400 757428 31802.8187  126   18 31798.0000 31803.0000  0.02%  16.2  915s
 2324043 761396 31803.0000  121   35 31798.0000 31803.0000  0.02%  16.2  923s
 2324140 761521 31803.0000  122   27 31798.0000 31803.0000  0.02%  16.2  928s
 2336194 766324 31803.0000  119   10 31798.0000 31803.0000  0.02%  16.2  930s
 2358722 775451 31802.0000  145   19 31798.0000 31803.0000  0.02%  16.2  935s
 2367752 779415 31803.0000  125   11 31798.0000 31803.0000  0.02%  16.2  940s
 2382538 785034 31802.6606  129   20 31798.0000 31803.0000  0.02%  16.2  945s
 2387513 786525 31799.4286  119   23 31798.0000 31803.0000  0.02%  16.2  954s
 2392377 789080 31802.0000  128   19 31798.0000 31803.0000  0.02%  16.3  955s
 2419440 797822 31803.0000  140   15 31798.0000 31803.0000  0.02%  16.3  962s
 2435510 804806 31801.2206  156   28 31798.0000 31803.0000  0.02%  16.3  965s
 2445989 809204     cutoff  142      31798.0000 31803.0000  0.02%  16.3  970s
 2457977 814343 31800.4406  180   14 31798.0000 31803.0000  0.02%  16.3  975s
 2469787 819181 31803.0000  140   11 31798.0000 31803.0000  0.02%  16.3  980s
 2489871 825605     cutoff  156      31798.0000 31803.0000  0.02%  16.3  989s
 2490133 826045 31802.3003  153   44 31798.0000 31803.0000  0.02%  16.3  993s
 2497373 827972 31801.2792  161   35 31798.0000 31803.0000  0.02%  16.3  995s
 2517118 832590 31801.7488  158   43 31798.0000 31803.0000  0.02%  16.4 1000s
 2532602 836844 31803.0000  153   10 31798.0000 31803.0000  0.02%  16.4 1007s
 2545109 840224 31801.6099  154   43 31798.0000 31803.0000  0.02%  16.3 1010s
 2576499 846876     cutoff  179      31798.0000 31803.0000  0.02%  16.4 1015s
 2588797 849130 infeasible  167      31798.0000 31803.0000  0.02%  16.4 1024s
 2590852 849994 31801.6406  160   36 31798.0000 31803.0000  0.02%  16.4 1025s
 2600165 851643 31802.2601  151   44 31798.0000 31803.0000  0.02%  16.4 1030s
 2629024 859669 31801.2262  149   40 31798.0000 31803.0000  0.02%  16.4 1035s
 2637083 861630 31801.6519  145   43 31798.0000 31803.0000  0.02%  16.4 1040s
 2657539 867021 31799.2869  168    5 31798.0000 31803.0000  0.02%  16.5 1047s
 2664784 870011 31803.0000  155   24 31798.0000 31803.0000  0.02%  16.5 1050s
 2690739 877801 31803.0000  161   30 31798.0000 31803.0000  0.02%  16.4 1058s
 2690904 878147     cutoff  172      31798.0000 31803.0000  0.02%  16.4 1061s
 2714284 885573     cutoff  156      31798.0000 31803.0000  0.02%  16.4 1065s
 2721732 887339 31802.7989  151   30 31798.0000 31803.0000  0.02%  16.4 1070s
 2749803 896476 31803.0000  156   13 31798.0000 31803.0000  0.02%  16.4 1075s
 2771395 902712     cutoff  169      31798.0000 31803.0000  0.02%  16.4 1080s
 2785734 906492 31802.0000  166   23 31798.0000 31803.0000  0.02%  16.4 1086s
 2785940 906581     cutoff  167      31798.0000 31803.0000  0.02%  16.4 1090s
 2815276 915221 31803.0000  160   13 31798.0000 31803.0000  0.02%  16.5 1100s
 2842838 923716 31802.0042  160   39 31798.0000 31803.0000  0.02%  16.5 1105s
 2873500 931991 31802.1998  159   39 31798.0000 31803.0000  0.02%  16.5 1114s
 2873826 932143 31802.1062  160   41 31798.0000 31803.0000  0.02%  16.5 1118s
 2880134 934333 31802.9835  160   29 31798.0000 31803.0000  0.02%  16.5 1120s
 2909959 942330 31802.9319  157   14 31798.0000 31803.0000  0.02%  16.5 1125s
 2926349 947015 31802.0009  158   38 31798.0000 31803.0000  0.02%  16.5 1130s
 2937947 950228     cutoff  176      31798.0000 31803.0000  0.02%  16.5 1135s
 2946164 955544 31802.8578  162   13 31798.0000 31803.0000  0.02%  16.5 1141s
 2958176 955715 31802.1485  156   43 31798.0000 31803.0000  0.02%  16.5 1145s
 2979659 961981     cutoff  173      31798.0000 31803.0000  0.02%  16.5 1153s
 2987120 964071 31801.4703  175   24 31798.0000 31803.0000  0.02%  16.5 1155s
 3013059 970183     cutoff  155      31798.0000 31803.0000  0.02%  16.6 1163s
 3013586 970443 31802.7549  160   34 31798.0000 31803.0000  0.02%  16.6 1166s
 3031360 975114     cutoff  165      31798.0000 31803.0000  0.02%  16.6 1174s
 3035131 976734 31802.2482  157   39 31798.0000 31803.0000  0.02%  16.6 1175s
 3061100 983126 31803.0000  159    7 31798.0000 31803.0000  0.02%  16.6 1180s
 3068794 984793 31801.0000  162    9 31798.0000 31803.0000  0.02%  16.6 1188s
 3076957 987450     cutoff  166      31798.0000 31803.0000  0.02%  16.6 1190s
 3086294 989352 31802.0000  170   14 31798.0000 31803.0000  0.02%  16.6 1196s
 3103637 994083 31802.7867  162   12 31798.0000 31803.0000  0.02%  16.6 1200s
 3117204 997218     cutoff  168      31798.0000 31803.0000  0.02%  16.6 1206s
 3135349 1002000     cutoff  154      31798.0000 31803.0000  0.02%  16.6 1213s
 3141108 1003941 31799.5847  161   38 31798.0000 31803.0000  0.02%  16.6 1215s
 3155832 1007685 31802.2927  175   40 31798.0000 31803.0000  0.02%  16.6 1220s
 3164568 1009796 31799.6190  161   14 31798.0000 31803.0000  0.02%  16.6 1225s
 3187607 1016535 31802.8184  164   35 31798.0000 31803.0000  0.02%  16.6 1230s
 3202512 1020290 31802.0147  161   36 31798.0000 31803.0000  0.02%  16.6 1236s
 3214958 1023595 31801.4541  169   25 31798.0000 31803.0000  0.02%  16.6 1242s
 3221487 1025480 31800.0000  162   21 31798.0000 31803.0000  0.02%  16.6 1247s
 3235670 1030288 31802.3758  168   33 31798.0000 31803.0000  0.02%  16.6 1250s
 3253997 1035030     cutoff  168      31798.0000 31803.0000  0.02%  16.6 1257s
 3265848 1039034 31802.0037  162   39 31798.0000 31803.0000  0.02%  16.6 1260s
 3291082 1046028 31799.2545  165   23 31798.0000 31803.0000  0.02%  16.6 1265s
 3299966 1048169 31801.0000  167   11 31798.0000 31803.0000  0.02%  16.6 1270s
 3305830 1049632     cutoff  163      31798.0000 31803.0000  0.02%  16.6 1278s
 3312544 1052023 31803.0000  153   40 31798.0000 31803.0000  0.02%  16.6 1280s
 3338464 1059118     cutoff  174      31798.0000 31803.0000  0.02%  16.6 1288s
 3350738 1063028     cutoff  161      31798.0000 31803.0000  0.02%  16.6 1290s
 3359990 1065085 31802.0000  165   25 31798.0000 31803.0000  0.02%  16.6 1296s
 3371741 1068327 31802.6099  160   23 31798.0000 31803.0000  0.02%  16.6 1303s
 3377671 1070731 31803.0000  152   13 31798.0000 31803.0000  0.02%  16.6 1305s
 3405027 1078507 31803.0000  165    8 31798.0000 31803.0000  0.02%  16.6 1310s
 3414209 1081052 31801.0935  167   21 31798.0000 31803.0000  0.02%  16.6 1315s
 3424271 1084427 31802.2465  164   44 31798.0000 31803.0000  0.02%  16.6 1320s
 3437822 1087901     cutoff  170      31798.0000 31803.0000  0.02%  16.6 1327s
 3451813 1092594 31801.3706  160   28 31798.0000 31803.0000  0.02%  16.6 1330s
 3474135 1098893 31800.0596  154   40 31798.0000 31803.0000  0.02%  16.6 1337s
 3480993 1101062 31803.0000  151    8 31798.0000 31803.0000  0.02%  16.6 1343s
 3493126 1105064 31801.0000  175   12 31798.0000 31803.0000  0.02%  16.6 1345s
 3517206 1111680 31802.3387  152   42 31798.0000 31803.0000  0.02%  16.6 1353s
 3525695 1114659 31800.8341  171   19 31798.0000 31803.0000  0.02%  16.6 1355s
 3536940 1117770     cutoff  165      31798.0000 31803.0000  0.02%  16.6 1360s
 3545994 1120554 31802.0057  169   34 31798.0000 31803.0000  0.02%  16.6 1366s
 3564825 1126102 31802.7352  169   31 31798.0000 31803.0000  0.02%  16.6 1370s
 3581352 1130083 31802.5991  159   28 31798.0000 31803.0000  0.02%  16.6 1376s
 3586009 1131689     cutoff  163      31798.0000 31803.0000  0.02%  16.6 1383s
 3597225 1135282     cutoff  172      31798.0000 31803.0000  0.02%  16.6 1385s
 3623866 1142747 31802.0000  163   20 31798.0000 31803.0000  0.02%  16.6 1390s
 3647891 1148843 31801.0000  161   17 31798.0000 31803.0000  0.02%  16.6 1395s
 3658593 1151723 31803.0000  156    8 31798.0000 31803.0000  0.02%  16.6 1401s
 3659001 1151768 31799.3509  166   25 31798.0000 31803.0000  0.02%  16.6 1406s
 3679872 1158619 31803.0000  158   29 31798.0000 31803.0000  0.02%  16.6 1410s
 3693723 1162474 31802.6409  157   39 31798.0000 31803.0000  0.02%  16.6 1415s
 3709028 1166666     cutoff  181      31798.0000 31803.0000  0.02%  16.6 1420s
 3734266 1174906 31801.6312  156   28 31798.0000 31803.0000  0.02%  16.6 1425s
 3744903 1177970 31803.0000  153   26 31798.0000 31803.0000  0.02%  16.6 1430s
 3768312 1185650 infeasible  174      31798.0000 31803.0000  0.02%  16.6 1435s
 3781407 1189447 31803.0000  154   29 31798.0000 31803.0000  0.02%  16.6 1443s
 3789908 1192727 31802.0000  163    8 31798.0000 31803.0000  0.02%  16.6 1445s
 3810018 1198915 31799.5902  171   29 31798.0000 31803.0000  0.02%  16.6 1450s
 3818030 1201278 31800.1391  168   29 31798.0000 31803.0000  0.02%  16.6 1455s
 3829516 1205128     cutoff  174      31798.0000 31803.0000  0.02%  16.6 1461s
 3846696 1210625     cutoff  163      31798.0000 31803.0000  0.02%  16.6 1465s
 3871762 1218074 31799.6190  166   25 31798.0000 31803.0000  0.02%  16.6 1474s
 3871978 1218184 31800.7810  166   26 31798.0000 31803.0000  0.02%  16.6 1479s
 3872383 1219152 31802.2491  166   41 31798.0000 31803.0000  0.02%  16.6 1480s
 3905271 1228734     cutoff  161      31798.0000 31803.0000  0.02%  16.6 1485s
 3927180 1235179 31802.0554  174   39 31798.0000 31803.0000  0.02%  16.6 1491s
 3940753 1239308 31802.0000  157   11 31798.0000 31803.0000  0.02%  16.6 1497s
 3947546 1241495 31802.2146  160   43 31798.0000 31803.0000  0.02%  16.6 1503s
 3958408 1245511     cutoff  173      31798.0000 31803.0000  0.02%  16.6 1505s
 3969555 1248433 31803.0000  157   31 31798.0000 31803.0000  0.02%  16.6 1513s
 3975249 1250712 31801.9284  166   10 31798.0000 31803.0000  0.02%  16.6 1515s
 4002060 1258604     cutoff  172      31798.0000 31803.0000  0.02%  16.6 1525s
 4002162 1258844 31802.0000  170   22 31798.0000 31803.0000  0.02%  16.6 1530s
 4026890 1267253 31803.0000  155   20 31798.0000 31803.0000  0.02%  16.6 1535s
 4039471 1270551 31802.2189  164   39 31798.0000 31803.0000  0.02%  16.6 1541s
 4058892 1276641 31803.0000  160   31 31798.0000 31803.0000  0.02%  16.6 1547s
 4069720 1280589 31800.0986  171   29 31798.0000 31803.0000  0.02%  16.6 1550s
 4083102 1284537 31802.9470  164   39 31798.0000 31803.0000  0.02%  16.6 1556s
 4104223 1292204 31801.0973  163   27 31798.0000 31803.0000  0.02%  16.6 1560s
 4111785 1297779 31802.2434  157   41 31798.0000 31803.0000  0.02%  16.6 1566s
 4123797 1297977 31803.0000  151   10 31798.0000 31803.0000  0.02%  16.6 1570s
 4151698 1306680 31803.0000  153    9 31798.0000 31803.0000  0.02%  16.6 1575s
 4166786 1311596 31801.2850  165   29 31798.0000 31803.0000  0.02%  16.6 1580s
 4172375 1313361 31800.9020  169   34 31798.0000 31803.0000  0.02%  16.6 1585s
 4174796 1313442 31800.5333  165   25 31798.0000 31803.0000  0.02%  16.6 1590s
 4198843 1321369 31803.0000  163   34 31798.0000 31803.0000  0.02%  16.6 1595s
 4227073 1329582     cutoff  166      31798.0000 31803.0000  0.02%  16.6 1600s
 4230328 1330195 31801.1608  169   27 31798.0000 31803.0000  0.02%  16.6 1605s
 4247052 1335478 31802.4873  163   29 31798.0000 31803.0000  0.02%  16.6 1610s
 4272675 1342902     cutoff  170      31798.0000 31803.0000  0.02%  16.6 1618s
 4274788 1343744 31802.4912  163   38 31798.0000 31803.0000  0.02%  16.6 1622s
 4287546 1347957 31800.1875  169   18 31798.0000 31803.0000  0.02%  16.6 1625s
 4296652 1350419 31803.0000  154   30 31798.0000 31803.0000  0.02%  16.6 1630s
 4321797 1358461 31800.0000  175    9 31798.0000 31803.0000  0.02%  16.6 1635s
 4352625 1366995 31803.0000  158    8 31798.0000 31803.0000  0.02%  16.6 1646s
 4364778 1370415 31802.2804  170   41 31798.0000 31803.0000  0.02%  16.6 1650s
 4389043 1377846 31802.1960  170   37 31798.0000 31803.0000  0.02%  16.6 1655s
 4405185 1382481 31801.3976  171   33 31798.0000 31803.0000  0.02%  16.6 1661s
 4414068 1385098 31800.8793  160   23 31798.0000 31803.0000  0.02%  16.6 1668s
 4422589 1387888     cutoff  171      31798.0000 31803.0000  0.02%  16.6 1670s
 4444911 1394137 31803.0000  156   11 31798.0000 31803.0000  0.02%  16.6 1679s
 4445399 1397658 31803.0000  157   12 31798.0000 31803.0000  0.02%  16.6 1681s
 4481434 1405428 31802.4363  147   36 31798.0000 31803.0000  0.02%  16.6 1685s
 4493580 1408847 31799.0000  179   14 31798.0000 31803.0000  0.02%  16.6 1691s
 4513960 1414575 31803.0000  169   35 31798.0000 31803.0000  0.02%  16.6 1695s
 4522233 1416478 31801.4775  158   41 31798.0000 31803.0000  0.02%  16.6 1703s
 4529361 1418928 31802.0267  161   25 31798.0000 31803.0000  0.02%  16.6 1705s
 4533191 1419732 31802.0398  156   40 31798.0000 31803.0000  0.02%  16.6 1710s
 4557963 1427592     cutoff  164      31798.0000 31803.0000  0.02%  16.6 1715s
 4587100 1436726     cutoff  167      31798.0000 31803.0000  0.02%  16.6 1720s
 4604020 1441064 31802.0732  151   42 31798.0000 31803.0000  0.02%  16.6 1729s
 4604243 1441655 31802.0492  161   34 31798.0000 31803.0000  0.02%  16.6 1730s
 4616086 1444893 31800.0000  166   17 31798.0000 31803.0000  0.02%  16.6 1735s
 4637914 1450937     cutoff  169      31798.0000 31803.0000  0.02%  16.6 1744s
 4644982 1453564     cutoff  155      31798.0000 31803.0000  0.02%  16.6 1745s
 4668769 1460333 31802.8905  157   36 31798.0000 31803.0000  0.02%  16.6 1750s
 4692842 1467107 31803.0000  160   27 31798.0000 31803.0000  0.02%  16.6 1758s
 4699144 1469229 31802.0000  167   27 31798.0000 31803.0000  0.02%  16.6 1760s
 4705696 1471097 31802.5550  162   35 31798.0000 31803.0000  0.02%  16.6 1765s
 4729734 1477755 31802.0000  159   26 31798.0000 31803.0000  0.02%  16.6 1772s
 4745804 1482681 31801.8783  173   25 31798.0000 31803.0000  0.02%  16.6 1775s
 4764234 1487762 31803.0000  165   27 31798.0000 31803.0000  0.02%  16.6 1782s
 4778993 1492727 31802.0205  162   41 31798.0000 31803.0000  0.02%  16.6 1785s
 4783195 1494017     cutoff  166      31798.0000 31803.0000  0.02%  16.6 1790s
 4801355 1498834     cutoff  174      31798.0000 31803.0000  0.02%  16.6 1797s
 4816554 1503265 31802.0000  163   20 31798.0000 31803.0000  0.02%  16.6 1800s
 4834651 1507741     cutoff  169      31798.0000 31803.0000  0.02%  16.7 1807s
 4851696 1512628     cutoff  164      31798.0000 31803.0000  0.02%  16.7 1810s
 4854163 1516153 31803.0000  161   29 31798.0000 31803.0000  0.02%  16.7 1815s
 4872833 1518672 31803.0000  153   13 31798.0000 31803.0000  0.02%  16.7 1820s
 4898601 1526221 31801.0000  169   10 31798.0000 31803.0000  0.02%  16.7 1828s
 4901244 1527150 31803.0000  156   38 31798.0000 31803.0000  0.02%  16.7 1834s
 4905981 1528915 31802.7709  159   32 31798.0000 31803.0000  0.02%  16.7 1835s
 4910955 1532230     cutoff  161      31798.0000 31803.0000  0.02%  16.7 1840s
 4939506 1538073     cutoff  162      31798.0000 31803.0000  0.02%  16.7 1847s
 4949850 1541375     cutoff  161      31798.0000 31803.0000  0.02%  16.7 1850s
 4961266 1544888 31800.6667  163   27 31798.0000 31803.0000  0.02%  16.7 1855s
 4971378 1547028     cutoff  160      31798.0000 31803.0000  0.02%  16.7 1860s
 4996300 1554306 31801.0000  178   10 31798.0000 31803.0000  0.02%  16.7 1865s
 5002486 1558465     cutoff  165      31798.0000 31803.0000  0.02%  16.7 1875s
 5033162 1564773 31802.3130  157   42 31798.0000 31803.0000  0.02%  16.7 1882s
 5048878 1569478 31803.0000  155   12 31798.0000 31803.0000  0.02%  16.7 1885s
 5060659 1572667 31802.0000  153   12 31798.0000 31803.0000  0.02%  16.7 1890s
 5066610 1574546     cutoff  170      31798.0000 31803.0000  0.02%  16.7 1895s
 5072477 1575734 31803.0000  154   40 31798.0000 31803.0000  0.02%  16.7 1900s
 5095772 1582306     cutoff  161      31798.0000 31803.0000  0.02%  16.7 1905s
 5110259 1585918     cutoff  160      31798.0000 31803.0000  0.02%  16.7 1912s
 5125828 1590061 31801.0000  167    7 31798.0000 31803.0000  0.02%  16.7 1917s
 5137826 1592920 31801.0000  168   21 31798.0000 31803.0000  0.02%  16.7 1923s
 5146188 1595216 31802.9125  155   39 31798.0000 31803.0000  0.02%  16.7 1925s
 5173612 1602343 31803.0000  152    9 31798.0000 31803.0000  0.02%  16.7 1930s
 5179379 1603936 31801.0000  165   10 31798.0000 31803.0000  0.02%  16.7 1935s
 5189393 1605932 31799.0632  163   23 31798.0000 31803.0000  0.02%  16.7 1942s
 5199194 1608427 31800.7931  177   20 31798.0000 31803.0000  0.02%  16.7 1948s
 5209474 1611512 31801.4864  164   19 31798.0000 31803.0000  0.02%  16.7 1950s
 5237705 1619061 31802.1935  158   39 31798.0000 31803.0000  0.02%  16.7 1955s
 5246813 1621138 31802.2305  168   44 31798.0000 31803.0000  0.02%  16.7 1961s
 5269331 1627186 31801.9706  158   27 31798.0000 31803.0000  0.02%  16.7 1965s
 5271171 1627224 infeasible  157      31798.0000 31803.0000  0.02%  16.7 1971s
 5277534 1628892 31801.0000  168   11 31798.0000 31803.0000  0.02%  16.7 1976s
 5296135 1633976 31803.0000  159   10 31798.0000 31803.0000  0.02%  16.7 1980s
 5311396 1637354 31799.8407  173   38 31798.0000 31803.0000  0.02%  16.7 1987s
 5322866 1640717 31802.0579  164   42 31798.0000 31803.0000  0.02%  16.7 1990s
 5350385 1648976 31802.9469  168   37 31798.0000 31803.0000  0.02%  16.7 1995s
 5355961 1650079 31803.0000  151    9 31798.0000 31803.0000  0.02%  16.7 2000s
 5362865 1652593 31802.0686  164   38 31798.0000 31803.0000  0.02%  16.7 2005s
 5390931 1660071 31802.3311  152   37 31798.0000 31803.0000  0.02%  16.7 2010s
 5402310 1663101 31802.0000  160    9 31798.0000 31803.0000  0.02%  16.7 2018s
 5414721 1667300     cutoff  171      31798.0000 31803.0000  0.02%  16.7 2020s
 5416490 1667360 31800.0634  166   22 31798.0000 31803.0000  0.02%  16.7 2026s
 5433293 1672573 31802.9233  163   31 31798.0000 31803.0000  0.02%  16.7 2030s
 5458912 1679811 31799.6190  175   11 31798.0000 31803.0000  0.02%  16.7 2035s
 5467986 1682541 31802.0000  164   19 31798.0000 31803.0000  0.02%  16.7 2040s
 5489106 1687739     cutoff  164      31798.0000 31803.0000  0.02%  16.7 2047s
 5502280 1691554 31799.5086  167   35 31798.0000 31803.0000  0.02%  16.7 2050s
 5520321 1695956 31802.0000  161   18 31798.0000 31803.0000  0.02%  16.7 2057s
 5520621 1696264 31801.3022  162   23 31798.0000 31803.0000  0.02%  16.7 2061s
 5538079 1700952 31802.0325  167   45 31798.0000 31803.0000  0.02%  16.7 2067s
 5551886 1705559 31803.0000  164   34 31798.0000 31803.0000  0.02%  16.7 2070s
 5561203 1707597     cutoff  180      31798.0000 31803.0000  0.02%  16.7 2076s
 5580222 1713240 31802.0000  174   13 31798.0000 31803.0000  0.02%  16.7 2080s
 5588124 1715436     cutoff  165      31798.0000 31803.0000  0.02%  16.7 2085s
 5612453 1721801 31803.0000  147    9 31798.0000 31803.0000  0.02%  16.7 2095s
 5635283 1728396 31803.0000  162   28 31798.0000 31803.0000  0.02%  16.7 2103s
 5641904 1730749 31803.0000  163   33 31798.0000 31803.0000  0.02%  16.7 2105s
 5655050 1734373     cutoff  169      31798.0000 31803.0000  0.02%  16.7 2110s
 5671581 1738824     cutoff  155      31798.0000 31803.0000  0.02%  16.7 2121s
 5694039 1745446 31800.0000  171   16 31798.0000 31803.0000  0.02%  16.7 2125s
 5710462 1749533 31801.6232  164   30 31798.0000 31803.0000  0.02%  16.7 2132s
 5713137 1750355 31803.0000  168   26 31798.0000 31803.0000  0.02%  16.7 2135s
 5722191 1752846     cutoff  168      31798.0000 31803.0000  0.02%  16.7 2143s
 5734735 1756347     cutoff  164      31798.0000 31803.0000  0.02%  16.7 2145s
 5763760 1764372 31802.0305  172   50 31798.0000 31803.0000  0.02%  16.8 2150s
 5772155 1766375     cutoff  168      31798.0000 31803.0000  0.02%  16.8 2155s
 5784677 1769956 31801.0962  170   21 31798.0000 31803.0000  0.02%  16.8 2160s
 5807128 1775519 31801.3174  162   32 31798.0000 31803.0000  0.02%  16.8 2170s
 5810760 1776698     cutoff  168      31798.0000 31803.0000  0.02%  16.8 2175s
 5831586 1783108 31802.1793  164   36 31798.0000 31803.0000  0.02%  16.8 2180s
 5856439 1790757 31801.6667  171   30 31798.0000 31803.0000  0.02%  16.8 2188s
 5861806 1792762 31801.3019  170   27 31798.0000 31803.0000  0.02%  16.8 2190s
 5883641 1799281 31801.0000  171   11 31798.0000 31803.0000  0.02%  16.8 2198s
 5884050 1799395     cutoff  183      31798.0000 31803.0000  0.02%  16.8 2203s
 5890897 1801901 31800.7830  175   28 31798.0000 31803.0000  0.02%  16.8 2205s
 5905409 1805781     cutoff  174      31798.0000 31803.0000  0.02%  16.8 2210s
 5920896 1810318 31803.0000  151    6 31798.0000 31803.0000  0.02%  16.8 2216s
 5935725 1815010 31802.6063  166   37 31798.0000 31803.0000  0.02%  16.8 2220s
 5951572 1820085 31803.0000  162   27 31798.0000 31803.0000  0.02%  16.8 2225s
 5968619 1824588 31801.2701  168   39 31798.0000 31803.0000  0.02%  16.8 2233s
 5968792 1824671     cutoff  169      31798.0000 31803.0000  0.02%  16.8 2237s
 5978971 1827856 31802.0941  166   32 31798.0000 31803.0000  0.02%  16.8 2240s
 6003930 1835400 31802.1709  162   38 31798.0000 31803.0000  0.02%  16.8 2245s
 6017067 1838473     cutoff  159      31798.0000 31803.0000  0.02%  16.8 2251s
 6020340 1839347 31802.1061  169   43 31798.0000 31803.0000  0.02%  16.9 2255s
 6039347 1844089 31799.0000  171    8 31798.0000 31803.0000  0.02%  16.9 2264s
 6039648 1844500 31799.0000  172    9 31798.0000 31803.0000  0.02%  16.9 2265s
 6066846 1851247 31800.7506  166   28 31798.0000 31803.0000  0.02%  16.9 2270s
 6078723 1853761     cutoff  165      31798.0000 31803.0000  0.02%  16.9 2277s
 6087821 1856228 31801.7027  160   17 31798.0000 31803.0000  0.02%  16.9 2281s
 6103647 1859956 31801.8549  161   27 31798.0000 31803.0000  0.02%  16.9 2289s
 6105697 1860873 31800.9762  163   20 31798.0000 31803.0000  0.02%  16.9 2290s
 6123670 1865065 31803.0000  158   11 31798.0000 31803.0000  0.02%  16.9 2299s
 6123859 1865329 31803.0000  159   21 31798.0000 31803.0000  0.02%  16.9 2300s
 6134318 1867866 31799.0000  174   10 31798.0000 31803.0000  0.02%  16.9 2306s
 6147670 1871567 31802.3641  158   32 31798.0000 31803.0000  0.02%  16.9 2310s
 6158398 1874481 31802.7279  166   38 31798.0000 31803.0000  0.02%  16.9 2315s
 6172853 1877941 31800.6040  160   26 31798.0000 31803.0000  0.02%  16.9 2323s
 6182762 1881433 31803.0000  159   33 31798.0000 31803.0000  0.02%  16.9 2325s
 6200126 1885946 31801.5987  150    7 31798.0000 31803.0000  0.02%  16.9 2330s
 6219910 1889732 31802.0000  160   14 31798.0000 31803.0000  0.02%  16.9 2341s
 6240317 1893472     cutoff  163      31798.0000 31803.0000  0.02%  16.9 2349s
 6244721 1894575     cutoff  157      31798.0000 31803.0000  0.02%  16.9 2350s
 6270563 1899197     cutoff  173      31798.0000 31803.0000  0.02%  16.9 2355s
 6278188 1900250 31801.0000  167   10 31798.0000 31803.0000  0.02%  16.9 2361s
 6297602 1903908 31802.0000  158   11 31798.0000 31803.0000  0.02%  16.9 2365s
 6321073 1908036 31803.0000  152    9 31798.0000 31803.0000  0.02%  16.9 2375s
 6332349 1910191 31803.0000  154    9 31798.0000 31803.0000  0.02%  16.9 2382s
 6341917 1912034 31802.0000  162    6 31798.0000 31803.0000  0.02%  16.9 2385s
 6366421 1916730 31800.5095  160   36 31798.0000 31803.0000  0.02%  16.9 2390s
 6373583 1917696 31801.0000  157   11 31798.0000 31803.0000  0.02%  16.9 2395s
 6392974 1920770     cutoff  154      31798.0000 31803.0000  0.02%  16.9 2400s
 6407787 1923003 31802.0000  163   18 31798.0000 31803.0000  0.02%  16.9 2408s
 6412641 1923742     cutoff  156      31798.0000 31803.0000  0.02%  16.9 2413s
 6417493 1924654 31801.9899  158   12 31798.0000 31803.0000  0.02%  16.9 2415s
 6439491 1928105 31799.6190  160   23 31798.0000 31803.0000  0.02%  16.9 2420s
 6452795 1929880 31802.0000  157   23 31798.0000 31803.0000  0.02%  16.9 2428s
 6457460 1930895 31802.9883  161   35 31798.0000 31803.0000  0.02%  16.9 2430s
 6479305 1934273     cutoff  161      31798.0000 31803.0000  0.02%  16.9 2437s
 6490924 1936363 31803.0000  157   10 31798.0000 31803.0000  0.02%  16.9 2440s
 6493474 1936755 31800.0000  161    9 31798.0000 31803.0000  0.02%  16.9 2445s
 6504910 1938766 31802.0000  157   20 31798.0000 31803.0000  0.02%  16.9 2451s
 6521065 1942105 31802.0000  160   10 31798.0000 31803.0000  0.02%  16.9 2455s
 6535964 1944974     cutoff  160      31798.0000 31803.0000  0.02%  16.9 2462s
 6546055 1947176     cutoff  160      31798.0000 31803.0000  0.02%  16.9 2465s
 6549926 1947608 infeasible  158      31798.0000 31803.0000  0.02%  16.9 2470s
 6574172 1952272 31803.0000  154    7 31798.0000 31803.0000  0.02%  16.9 2475s
 6585445 1953839     cutoff  165      31798.0000 31803.0000  0.02%  16.9 2480s
 6603715 1956547 31803.0000  155    8 31798.0000 31803.0000  0.02%  16.9 2489s
 6604141 1958477 31803.0000  156    8 31798.0000 31803.0000  0.02%  16.9 2491s
 6629922 1961051 31800.0000  160    6 31798.0000 31803.0000  0.02%  16.8 2496s
 6645622 1963816     cutoff  156      31798.0000 31803.0000  0.02%  16.8 2502s
 6658351 1966222     cutoff  165      31798.0000 31803.0000  0.02%  16.8 2505s
 6669697 1968088     cutoff  174      31798.0000 31803.0000  0.02%  16.8 2511s
 6680204 1970736     cutoff  176      31798.0000 31803.0000  0.02%  16.8 2515s
 6689314 1974084 31799.4615  156   15 31798.0000 31803.0000  0.02%  16.8 2520s
 6697989 1976219     cutoff  171      31798.0000 31803.0000  0.02%  16.8 2525s
 6717682 1984650 31802.8768  144   46 31798.0000 31803.0000  0.02%  16.9 2532s
 6725378 1987277 31799.6190  160   24 31798.0000 31803.0000  0.02%  16.9 2538s
 6730960 1990082 31801.8415  161   31 31798.0000 31803.0000  0.02%  16.9 2540s
 6739175 1992486 31802.6083  156   10 31798.0000 31803.0000  0.02%  16.9 2546s
 6755983 1999329 31803.0000  161   29 31798.0000 31803.0000  0.02%  16.9 2550s
 6777282 2006494 31800.1994  164   21 31798.0000 31803.0000  0.02%  16.9 2557s
 6778343 2006808 31802.6374  152   27 31798.0000 31803.0000  0.02%  16.9 2561s
 6792259 2012165 31803.0000  159   31 31798.0000 31803.0000  0.02%  16.9 2565s
 6797931 2013706 31800.7159  159   22 31798.0000 31803.0000  0.02%  16.9 2574s
 6798231 2014469 31803.0000  160   31 31798.0000 31803.0000  0.02%  16.9 2575s
 6817835 2020783 31803.0000  159   30 31798.0000 31803.0000  0.02%  16.9 2583s
 6824225 2022829 31803.0000  159    8 31798.0000 31803.0000  0.02%  16.9 2590s
 6843220 2029553 31801.7873  156   32 31798.0000 31803.0000  0.02%  16.9 2595s
 6864262 2036723     cutoff  153      31798.0000 31803.0000  0.02%  16.9 2600s
 6868135 2037615 31803.0000  158   37 31798.0000 31803.0000  0.02%  16.9 2605s
 6869522 2038815 31803.0000  164   33 31798.0000 31803.0000  0.02%  16.9 2610s
 6893224 2046977 31803.0000  155   12 31798.0000 31803.0000  0.02%  17.0 2615s
 6896655 2047694 31803.0000  153   11 31798.0000 31803.0000  0.02%  17.0 2621s
 6913080 2053785 31801.8469  175   27 31798.0000 31803.0000  0.02%  17.0 2625s
 6914951 2053947 31803.0000  156   32 31798.0000 31803.0000  0.02%  17.0 2630s
 6931553 2060237 31802.0000  171   13 31798.0000 31803.0000  0.02%  17.0 2639s
 6936471 2062194 31803.0000  157   31 31798.0000 31803.0000  0.02%  17.0 2640s
 6955815 2069031 31801.3927  157   14 31798.0000 31803.0000  0.02%  17.0 2645s
 6964483 2071560 31803.0000  158    8 31798.0000 31803.0000  0.02%  17.0 2650s
 6970904 2073585 31802.1835  169   39 31798.0000 31803.0000  0.02%  17.0 2657s
 6984139 2078679 31802.9372  157   20 31798.0000 31803.0000  0.02%  17.0 2660s
 6993124 2081064     cutoff  160      31798.0000 31803.0000  0.02%  17.0 2669s
 6993220 2085087 31799.0000  160   13 31798.0000 31803.0000  0.02%  17.0 2671s
 7017990 2089674 31803.0000  164   16 31798.0000 31803.0000  0.02%  17.0 2677s
 7030092 2094336 31802.2261  160   40 31798.0000 31803.0000  0.02%  17.1 2680s
 7054554 2102873 31803.0000  160   13 31798.0000 31803.0000  0.02%  17.1 2685s
 7062761 2105333 31802.0000  157   33 31798.0000 31803.0000  0.02%  17.1 2691s
 7074148 2109394 31802.9257  162   45 31798.0000 31803.0000  0.02%  17.1 2698s
 7083454 2112417 31803.0000  157    9 31798.0000 31803.0000  0.02%  17.1 2700s
 7090422 2114325 31802.0000  162   29 31798.0000 31803.0000  0.02%  17.1 2707s
 7090579 2114446 31802.0000  163   29 31798.0000 31803.0000  0.02%  17.1 2713s
 7099386 2118078 31799.6190  165   36 31798.0000 31803.0000  0.02%  17.1 2715s
 7121161 2125437 31803.0000  150    8 31798.0000 31803.0000  0.02%  17.1 2720s
 7138259 2131024     cutoff  177      31798.0000 31803.0000  0.02%  17.1 2725s
 7152663 2135865 31801.7193  163   29 31798.0000 31803.0000  0.02%  17.1 2733s
 7157367 2137457 31799.0000  164   14 31798.0000 31803.0000  0.02%  17.1 2741s
 7175785 2144936 31803.0000  161   23 31798.0000 31803.0000  0.02%  17.1 2745s
 7186568 2148552 31801.7901  169   32 31798.0000 31803.0000  0.02%  17.2 2750s
 7209075 2156890     cutoff  166      31798.0000 31803.0000  0.02%  17.2 2755s
 7226380 2162516     cutoff  159      31798.0000 31803.0000  0.02%  17.2 2760s
 7228113 2162559 31803.0000  160   30 31798.0000 31803.0000  0.02%  17.2 2767s
 7228256 2162719 31803.0000  161   36 31798.0000 31803.0000  0.02%  17.2 2770s
 7245133 2168984 31802.3329  157   43 31798.0000 31803.0000  0.02%  17.2 2775s
 7270094 2177785     cutoff  168      31798.0000 31803.0000  0.02%  17.2 2780s
 7283959 2182273     cutoff  158      31798.0000 31803.0000  0.02%  17.2 2786s
 7289975 2184345 31802.9406  168   39 31798.0000 31803.0000  0.02%  17.2 2790s
 7309005 2191759     cutoff  169      31798.0000 31803.0000  0.02%  17.2 2795s
 7319312 2195136 31799.0218  152   32 31798.0000 31803.0000  0.02%  17.2 2802s
 7319654 2195393 31800.7068  165   25 31798.0000 31803.0000  0.02%  17.2 2806s
 7333192 2200509 31801.3803  159   11 31798.0000 31803.0000  0.02%  17.2 2810s
 7356080 2208194 31800.6838  167   31 31798.0000 31803.0000  0.02%  17.3 2815s
 7362964 2210209 31801.0000  158   23 31798.0000 31803.0000  0.02%  17.3 2820s
 7368132 2212530 31803.0000  157   14 31798.0000 31803.0000  0.02%  17.3 2825s
 7388173 2218698 31803.0000  153   37 31798.0000 31803.0000  0.02%  17.3 2831s
 7405654 2225288 31803.0000  159   34 31798.0000 31803.0000  0.02%  17.3 2835s
 7416165 2228463 31802.0000  166   37 31798.0000 31803.0000  0.02%  17.3 2841s
 7416642 2231856 31802.0000  167   27 31798.0000 31803.0000  0.02%  17.3 2847s
 7437738 2235999 31801.0000  164   14 31798.0000 31803.0000  0.02%  17.3 2855s
 7459626 2243956 31802.0000  170   24 31798.0000 31803.0000  0.02%  17.3 2860s
 7468564 2246553     cutoff  161      31798.0000 31803.0000  0.02%  17.3 2865s
 7485415 2252101 31803.0000  158   39 31798.0000 31803.0000  0.02%  17.3 2875s
 7505957 2259751 31799.6190  162   25 31798.0000 31803.0000  0.02%  17.3 2880s
 7516246 2263010 31802.0000  175   25 31798.0000 31803.0000  0.02%  17.4 2887s
 7527269 2267234 31799.6250  172   20 31798.0000 31803.0000  0.02%  17.4 2890s
 7537890 2270327 31802.3898  158   42 31798.0000 31803.0000  0.02%  17.4 2897s
 7551662 2275686     cutoff  167      31798.0000 31803.0000  0.02%  17.4 2900s
 7565332 2280025     cutoff  152      31798.0000 31803.0000  0.02%  17.4 2907s
 7574549 2283269 31800.8945  181   29 31798.0000 31803.0000  0.02%  17.4 2911s
 7587534 2287262     cutoff  155      31798.0000 31803.0000  0.02%  17.4 2917s
 7599483 2291492 31802.1088  155   36 31798.0000 31803.0000  0.02%  17.4 2920s
 7609074 2294659 31800.0000  155   12 31798.0000 31803.0000  0.02%  17.4 2925s
 7624284 2299529 31803.0000  155    9 31798.0000 31803.0000  0.02%  17.4 2933s
 7630678 2302406     cutoff  173      31798.0000 31803.0000  0.02%  17.4 2935s
 7634378 2303272 31800.0000  166   26 31798.0000 31803.0000  0.02%  17.4 2940s
 7635683 2304205 31801.0536  166   43 31798.0000 31803.0000  0.02%  17.4 2945s
 7657649 2311657 31799.3043  162   25 31798.0000 31803.0000  0.02%  17.4 2950s
 7665629 2314272     cutoff  163      31798.0000 31803.0000  0.02%  17.4 2955s
 7685678 2320801 31803.0000  160   32 31798.0000 31803.0000  0.02%  17.5 2960s
 7690210 2321790 31799.0000  166   22 31798.0000 31803.0000  0.02%  17.5 2970s
 7710607 2328674 31803.0000  149   12 31798.0000 31803.0000  0.02%  17.5 2975s
 7715595 2329963 31802.3121  160   43 31798.0000 31803.0000  0.02%  17.5 2980s
 7733408 2336320 31803.0000  153   32 31798.0000 31803.0000  0.02%  17.5 2985s
 7747619 2340411     cutoff  156      31798.0000 31803.0000  0.02%  17.5 2994s
 7747789 2341035 31803.0000  148   10 31798.0000 31803.0000  0.02%  17.5 2995s
 7749898 2341823     cutoff  156      31798.0000 31803.0000  0.02%  17.5 3000s
 7769763 2348247 31802.0000  167   16 31798.0000 31803.0000  0.02%  17.5 3005s
 7790937 2356257 31803.0000  155   33 31798.0000 31803.0000  0.02%  17.5 3010s
 7797571 2358846 31803.0000  163   31 31798.0000 31803.0000  0.02%  17.5 3015s
 7801716 2359780 31800.6296  154   42 31798.0000 31803.0000  0.02%  17.5 3020s
 7809933 2362626 31799.3333  167   13 31798.0000 31803.0000  0.02%  17.5 3027s
 7822226 2367618     cutoff  168      31798.0000 31803.0000  0.02%  17.5 3030s
 7842474 2373970 31803.0000  153   11 31798.0000 31803.0000  0.02%  17.5 3035s
 7852949 2377623 31803.0000  152   14 31798.0000 31803.0000  0.02%  17.5 3040s
 7857189 2378458 31799.3002  165   36 31798.0000 31803.0000  0.02%  17.6 3045s
 7863742 2380836 31800.0000  160   37 31798.0000 31803.0000  0.02%  17.6 3051s
 7878878 2386291     cutoff  166      31798.0000 31803.0000  0.02%  17.6 3055s
 7892993 2391175     cutoff  167      31798.0000 31803.0000  0.02%  17.6 3060s
 7900281 2393488     cutoff  169      31798.0000 31803.0000  0.02%  17.6 3065s
 7914383 2398339 31802.0000  169   29 31798.0000 31803.0000  0.02%  17.6 3072s
 7922685 2401696 31800.0000  163   33 31798.0000 31803.0000  0.02%  17.6 3075s
 7931605 2403992 31799.0218  165   31 31798.0000 31803.0000  0.02%  17.6 3082s
 7944111 2408623 31801.9407  163   38 31798.0000 31803.0000  0.02%  17.6 3085s
 7965905 2415860 31800.2226  158   23 31798.0000 31803.0000  0.02%  17.6 3090s
 7975208 2421542 31802.8095  159   41 31798.0000 31803.0000  0.02%  17.6 3096s
 7991000 2424133 31802.0000  169   16 31798.0000 31803.0000  0.02%  17.6 3100s
 8003602 2428095 31802.4028  162   29 31798.0000 31803.0000  0.02%  17.6 3109s
 8004952 2428388 31803.0000  155   14 31798.0000 31803.0000  0.02%  17.6 3113s
 8010773 2430846 31802.0000  162   24 31798.0000 31803.0000  0.02%  17.6 3115s
 8034149 2439272 31803.0000  154    7 31798.0000 31803.0000  0.02%  17.7 3120s
 8045412 2442508 31801.8960  166   38 31798.0000 31803.0000  0.02%  17.7 3127s
 8055027 2446208 31803.0000  161   38 31798.0000 31803.0000  0.02%  17.7 3130s
 8067041 2449685 31799.8529  169   29 31798.0000 31803.0000  0.02%  17.7 3139s
 8067453 2453549 31803.0000  169   14 31798.0000 31803.0000  0.02%  17.7 3141s
 8094139 2459337 31803.0000  154   20 31798.0000 31803.0000  0.02%  17.7 3145s
 8096336 2460126 31803.0000  167   33 31798.0000 31803.0000  0.02%  17.7 3150s
 8104656 2466393 31803.0000  155   30 31798.0000 31803.0000  0.02%  17.7 3156s
 8127965 2470720 31803.0000  164   41 31798.0000 31803.0000  0.02%  17.7 3160s
 8137238 2472980 31802.9536  160   42 31798.0000 31803.0000  0.02%  17.7 3168s
 8144692 2475880 31802.0004  155   46 31798.0000 31803.0000  0.02%  17.7 3170s
 8149379 2477308 31803.0000  164   34 31798.0000 31803.0000  0.02%  17.7 3175s
 8168213 2483272     cutoff  173      31798.0000 31803.0000  0.02%  17.7 3180s
 8193643 2490539 31799.1250  174   14 31798.0000 31803.0000  0.02%  17.7 3185s
 8197322 2491408 31799.6190  158   27 31798.0000 31803.0000  0.02%  17.7 3190s
 8209102 2495531     cutoff  170      31798.0000 31803.0000  0.02%  17.7 3195s
 8231109 2502388 31800.1267  158   27 31798.0000 31803.0000  0.02%  17.7 3200s
 8236756 2503652 31801.4983  156   15 31798.0000 31803.0000  0.02%  17.8 3206s
 8236874 2503796 31802.9092  157   15 31798.0000 31803.0000  0.02%  17.8 3211s
 8256517 2507984     cutoff  155      31798.0000 31803.0000  0.02%  17.8 3215s
 8267081 2509479 31801.8363  165   25 31798.0000 31803.0000  0.02%  17.8 3220s
 8278346 2512613     cutoff  166      31798.0000 31803.0000  0.02%  17.8 3227s
 8287145 2515528 31802.9061  155   37 31798.0000 31803.0000  0.02%  17.8 3233s
 8292720 2517190 31803.0000  146    7 31798.0000 31803.0000  0.02%  17.8 3235s
 8307203 2521436 31802.0183  160   12 31798.0000 31803.0000  0.02%  17.8 3240s
 8330038 2527202     cutoff  155      31798.0000 31803.0000  0.02%  17.8 3250s
 8338891 2529751 31799.0218  156   10 31798.0000 31803.0000  0.02%  17.8 3256s
 8356903 2535374 31802.1209  159   35 31798.0000 31803.0000  0.02%  17.8 3260s
 8373145 2540812     cutoff  167      31798.0000 31803.0000  0.02%  17.8 3267s
 8386722 2545696 31801.2255  154   29 31798.0000 31803.0000  0.02%  17.8 3270s
 8397179 2548618     cutoff  154      31798.0000 31803.0000  0.02%  17.8 3275s
 8409291 2553582 31801.9218  146   43 31798.0000 31803.0000  0.02%  17.8 3283s
 8409784 2553751 31803.0000  152   10 31798.0000 31803.0000  0.02%  17.8 3287s
 8417356 2557684 31802.8011  162   49 31798.0000 31803.0000  0.02%  17.8 3290s
 8439464 2566574 31802.9644  164   44 31798.0000 31803.0000  0.02%  17.8 3295s
 8450687 2569903 infeasible  155      31798.0000 31803.0000  0.02%  17.8 3302s
 8462365 2574056 31801.3991  134   23 31798.0000 31803.0000  0.02%  17.8 3305s
 8477149 2578095 31799.0218  161   12 31798.0000 31803.0000  0.02%  17.8 3312s
 8486295 2581034 31803.0000  129   16 31798.0000 31803.0000  0.02%  17.8 3315s
 8497787 2584024     cutoff  167      31798.0000 31803.0000  0.02%  17.8 3320s
 8513861 2587489 31803.0000  154   34 31798.0000 31803.0000  0.02%  17.7 3328s
 8517362 2588846 31803.0000  158    7 31798.0000 31803.0000  0.02%  17.7 3330s
 8538439 2594662 31799.7539  157   13 31798.0000 31803.0000  0.02%  17.7 3335s
 8548085 2598715 31803.0000  176   24 31798.0000 31803.0000  0.02%  17.7 3341s
 8549065 2599985 31799.0218  189   16 31798.0000 31803.0000  0.02%  17.7 3347s
 8558314 2603332     cutoff  197      31798.0000 31803.0000  0.02%  17.8 3350s
 8576507 2610199 31803.0000  165    7 31798.0000 31803.0000  0.02%  17.8 3355s
 8586632 2613167 31803.0000  163   17 31798.0000 31803.0000  0.02%  17.8 3362s
 8592919 2615483 31803.0000  176   26 31798.0000 31803.0000  0.02%  17.8 3369s
 8595883 2617115 31802.2222  181   42 31798.0000 31803.0000  0.02%  17.8 3370s
 8614662 2623361     cutoff  173      31798.0000 31803.0000  0.02%  17.8 3380s
 8630926 2629971 31802.0000  202   19 31798.0000 31803.0000  0.02%  17.8 3385s
 8647460 2635936 infeasible  179      31798.0000 31803.0000  0.02%  17.8 3393s
 8650420 2637088 31801.2515  195   25 31798.0000 31803.0000  0.02%  17.8 3398s
 8653450 2638923     cutoff  192      31798.0000 31803.0000  0.02%  17.8 3400s
 8658409 2640597 31800.3651  189   23 31798.0000 31803.0000  0.02%  17.8 3405s
 8672626 2645591 31802.9703  173   39 31798.0000 31803.0000  0.02%  17.8 3413s
 8680678 2649064     cutoff  211      31798.0000 31803.0000  0.02%  17.8 3415s
 8692692 2653397     cutoff  177      31798.0000 31803.0000  0.02%  17.8 3421s
 8698893 2655682 31799.0000  193   11 31798.0000 31803.0000  0.02%  17.8 3426s
 8704755 2657422 31802.9611  177   35 31798.0000 31803.0000  0.02%  17.8 3432s
 8711902 2660136 31802.0000  192   13 31798.0000 31803.0000  0.02%  17.8 3435s
 8733514 2667794 31803.0000  178   34 31798.0000 31803.0000  0.02%  17.8 3440s
 8737113 2668649     cutoff  195      31798.0000 31803.0000  0.02%  17.8 3446s
 8749454 2673989 31803.0000  181    7 31798.0000 31803.0000  0.02%  17.8 3450s
 8751190 2674085 31799.8571  186   32 31798.0000 31803.0000  0.02%  17.8 3455s
 8763419 2678622 31801.0000  186   22 31798.0000 31803.0000  0.02%  17.8 3461s
 8768973 2680939 31803.0000  182   29 31798.0000 31803.0000  0.02%  17.8 3465s
 8779771 2684780 31801.8034  188   33 31798.0000 31803.0000  0.02%  17.8 3473s
 8784633 2687058 31802.6656  176   28 31798.0000 31803.0000  0.02%  17.8 3475s
 8800840 2692856 31802.8585  177   32 31798.0000 31803.0000  0.02%  17.8 3480s
 8811222 2696177 31802.1167  191   40 31798.0000 31803.0000  0.02%  17.8 3485s
 8812749 2697570 31801.3996  193   34 31798.0000 31803.0000  0.02%  17.8 3490s
 8830259 2703266 31799.6190  188   25 31798.0000 31803.0000  0.02%  17.8 3495s
 8835736 2704852 31801.0000  185   10 31798.0000 31803.0000  0.02%  17.8 3500s
 8845737 2708398 31800.5205  182   24 31798.0000 31803.0000  0.02%  17.8 3507s
 8858252 2712648 31800.9273  181   29 31798.0000 31803.0000  0.02%  17.8 3512s
 8865263 2715184 31801.8505  195   31 31798.0000 31803.0000  0.02%  17.8 3515s
 8872374 2717674 31801.8649  181   18 31798.0000 31803.0000  0.02%  17.8 3520s
 8894104 2726386     cutoff  186      31798.0000 31803.0000  0.02%  17.8 3525s
 8895838 2726424 31799.9954  186   27 31798.0000 31803.0000  0.02%  17.8 3533s
 8901575 2728982 31802.5762  172    7 31798.0000 31803.0000  0.02%  17.9 3535s
 8926492 2737911     cutoff  188      31798.0000 31803.0000  0.02%  17.9 3540s
 8931672 2739338     cutoff  183      31798.0000 31803.0000  0.02%  17.9 3546s
 8932052 2739553 infeasible  186      31798.0000 31803.0000  0.02%  17.9 3550s
 8949280 2746246 31799.6190  189   28 31798.0000 31803.0000  0.02%  17.9 3555s
 8958382 2748708 infeasible  181      31798.0000 31803.0000  0.02%  17.9 3563s
 8964489 2751574     cutoff  180      31798.0000 31803.0000  0.02%  17.9 3565s
 8987735 2759770     cutoff  183      31798.0000 31803.0000  0.02%  17.9 3574s
 8990547 2761193 31801.7314  189   31 31798.0000 31803.0000  0.02%  17.9 3575s
 8999712 2763812     cutoff  195      31798.0000 31803.0000  0.02%  17.9 3589s
 9002139 2765328 31803.0000  184    9 31798.0000 31803.0000  0.02%  17.9 3590s
 9021170 2772023 31803.0000  182   32 31798.0000 31803.0000  0.02%  17.9 3595s
 9035817 2777037     cutoff  184      31798.0000 31803.0000  0.02%  17.9 3600s

Cutting planes:
  Gomory: 16
  Cover: 70
  Clique: 7
  MIR: 96
  StrongCG: 82
  Flow cover: 33
  Inf proof: 102
  Zero half: 7
  RLT: 8

Explored 9036790 nodes (161602969 simplex iterations) in 3600.07 seconds
Thread count was 12 (of 12 available processors)

Solution count 10: 31798 31794 31789 ... 31283

Time limit reached
Best objective 3.179800000000e+04, best bound 3.180300000000e+04, gap 0.0157%
