
Gurobi 9.1.2 (win64, Java) logging started Thu Nov 11 18:23:08 2021

Academic license - for non-commercial use only - expires 2022-10-30
Gurobi Optimizer version 9.1.2 build v9.1.2rc0 (win64)
Thread count: 6 physical cores, 12 logical processors, using up to 12 threads
Optimize a model with 70 rows, 600 columns and 1200 nonzeros
Model fingerprint: 0x69805b11
Variable types: 0 continuous, 600 integer (600 binary)
Coefficient statistics:
  Matrix range     [1e+00, 1e+03]
  Objective range  [2e+01, 1e+03]
  Bounds range     [1e+00, 1e+00]
  RHS range        [1e+00, 3e+03]
Found heuristic solution: objective 21840.000000
Presolve removed 0 rows and 84 columns
Presolve time: 0.00s
Presolved: 70 rows, 516 columns, 1032 nonzeros
Variable types: 0 continuous, 516 integer (516 binary)
Presolved: 70 rows, 516 columns, 1032 nonzeros


Root relaxation: objective 2.671650e+04, 89 iterations, 0.00 seconds

    Nodes    |    Current Node    |     Objective Bounds      |     Work
 Expl Unexpl |  Obj  Depth IntInf | Incumbent    BestBd   Gap | It/Node Time

     0     0 26716.4985    0   11 21840.0000 26716.4985  22.3%     -    0s
H    0     0                    25961.000000 26716.4985  2.91%     -    0s
H    0     0                    26071.000000 26716.4985  2.48%     -    0s
H    0     0                    26098.000000 26716.4985  2.37%     -    0s
     0     0 26714.2132    0   26 26098.0000 26714.2132  2.36%     -    0s
H    0     0                    26502.000000 26714.2132  0.80%     -    0s
     0     0 26714.2132    0   27 26502.0000 26714.2132  0.80%     -    0s
     0     0 26714.2132    0   22 26502.0000 26714.2132  0.80%     -    0s
H    0     0                    26526.000000 26714.2132  0.71%     -    0s
     0     0 26714.2132    0   12 26526.0000 26714.2132  0.71%     -    0s
     0     0 26707.2760    0   35 26526.0000 26707.2760  0.68%     -    0s
     0     0 26707.2760    0   30 26526.0000 26707.2760  0.68%     -    0s
     0     0 26686.7447    0   28 26526.0000 26686.7447  0.61%     -    0s
     0     0 26686.7447    0   31 26526.0000 26686.7447  0.61%     -    0s
     0     0 26686.7447    0   27 26526.0000 26686.7447  0.61%     -    0s
     0     0 26686.7447    0   21 26526.0000 26686.7447  0.61%     -    0s
     0     2 26686.7447    0   21 26526.0000 26686.7447  0.61%     -    0s
H 1532  1217                    26593.000000 26646.0166  0.20%   8.7    0s
 121307 70494 26596.0000  114   14 26593.0000 26605.1961  0.05%   5.2    5s
 277138 149959 26605.1961   97   14 26593.0000 26605.1961  0.05%   5.2   10s
 398317 215312 26603.8340   92   14 26593.0000 26605.1961  0.05%   5.6   15s
 553085 293564 26596.0000  125   12 26593.0000 26605.1961  0.05%   5.7   20s
 680387 357324 26596.0000  106   20 26593.0000 26605.1961  0.05%   5.9   25s
 796583 413691 26596.0000  126   19 26593.0000 26605.1961  0.05%   6.1   30s
 910130 467590     cutoff   94      26593.0000 26605.1961  0.05%   6.1   35s
 1016540 522068 26603.8824   85   19 26593.0000 26605.1961  0.05%   6.2   40s
 1152614 597782 26602.5686   79   28 26593.0000 26605.1961  0.05%   6.2   45s
 1295829 676061 26596.0000  100   17 26593.0000 26605.1961  0.05%   6.3   50s
 1451658 766088 26594.6553  130   17 26593.0000 26605.1961  0.05%   6.2   55s
 1581081 832400 26596.0000   94   12 26593.0000 26605.1961  0.05%   6.2   60s
 1707765 900940 26596.0000   96   16 26593.0000 26605.1961  0.05%   6.2   65s
 1844809 979899 26605.1961  108   24 26593.0000 26605.1961  0.05%   6.3   70s
 1962710 1043960 26605.1961   82   27 26593.0000 26605.1961  0.05%   6.3   75s
 2094018 1109631 26596.0000  113   13 26593.0000 26605.1961  0.05%   6.4   80s
 2235730 1181728 26594.6553  121   12 26593.0000 26605.1961  0.05%   6.4   85s
 2377099 1247255     cutoff  100      26593.0000 26605.1961  0.05%   6.4   90s
 2518781 1318363 26596.0000  100   16 26593.0000 26605.1961  0.05%   6.3   95s
 2650558 1384663     cutoff  132      26593.0000 26605.1961  0.05%   6.3  100s
 2799629 1463699 26596.0000  137   16 26593.0000 26605.1961  0.05%   6.3  105s
 2946939 1536522 26604.8403   77   23 26593.0000 26605.1961  0.05%   6.2  110s
 3090649 1602499 26605.1961   86   20 26593.0000 26605.1961  0.05%   6.2  115s
 3221750 1664728 26596.0000   86   13 26593.0000 26605.1961  0.05%   6.2  120s
 3355099 1723730 26596.0000  101   12 26593.0000 26605.1961  0.05%   6.2  125s
 3488697 1782093 26595.3277   84   18 26593.0000 26605.1961  0.05%   6.2  130s
 3624073 1847856 26597.3137   93   20 26593.0000 26605.1961  0.05%   6.1  135s
 3758636 1910545     cutoff   90      26593.0000 26605.1961  0.05%   6.1  140s
 3904544 1980915 26605.1961   89   15 26593.0000 26605.1961  0.05%   6.1  145s
 4037690 2044060 26599.3680   83   15 26593.0000 26605.1961  0.05%   6.1  150s
 4161704 2106810 26596.0000  112   13 26593.0000 26605.1961  0.05%   6.1  155s
 4287815 2166550 26596.6569  125   14 26593.0000 26605.1961  0.05%   6.1  160s
 4424300 2236363 26596.0000  100   15 26593.0000 26605.1961  0.05%   6.1  165s
 4560514 2304548     cutoff  124      26593.0000 26605.1961  0.05%   6.1  170s
 4686038 2369292 26597.1754   89   24 26593.0000 26605.1961  0.05%   6.1  175s
 4800644 2429709 26596.0000  124   18 26593.0000 26605.1961  0.05%   6.1  180s
 4922475 2496091 infeasible  111      26593.0000 26605.1961  0.05%   6.1  185s
 5042912 2561354 26600.7821   94   16 26593.0000 26605.1961  0.05%   6.1  190s
 5152276 2620337 26593.9830  134   20 26593.0000 26605.1961  0.05%   6.1  195s
 5267013 2681251 infeasible  145      26593.0000 26605.1961  0.05%   6.1  200s
 5387425 2741653 26605.1961   75   16 26593.0000 26605.1961  0.05%   6.1  205s
 5513742 2808564 26596.0000  129   15 26593.0000 26605.1961  0.05%   6.1  210s
 5642497 2867254     cutoff  105      26593.0000 26605.1961  0.05%   6.1  215s
 5769782 2926927 26596.0000  118   14 26593.0000 26605.1961  0.05%   6.1  220s
 5899753 2989655 26596.0000  111   11 26593.0000 26605.1961  0.05%   6.1  225s
 6033620 3052102 26601.1447  100   15 26593.0000 26605.1961  0.05%   6.1  230s
 6159076 3110273     cutoff   97      26593.0000 26605.1961  0.05%   6.1  235s
 6284407 3166866     cutoff   96      26593.0000 26605.1961  0.05%   6.1  240s
 6401781 3216660 26605.1961   77   15 26593.0000 26605.1961  0.05%   6.1  245s
 6505402 3253963 26600.5203   75   20 26593.0000 26605.1961  0.05%   6.1  250s
 6623830 3304340 26605.1961   94   17 26593.0000 26605.1961  0.05%   6.1  255s
 6749490 3364926 26605.1961   90   15 26593.0000 26605.1961  0.05%   6.1  260s
 6879221 3424351 26596.1336  101   20 26593.0000 26605.1961  0.05%   6.1  265s
 6985786 3476102 26596.0000  145   10 26593.0000 26605.1961  0.05%   6.1  270s
 7107829 3530389     cutoff   99      26593.0000 26605.1961  0.05%   6.1  275s
 7234271 3589638 26596.0000   98   22 26593.0000 26605.1961  0.05%   6.1  280s
 7366348 3651411     cutoff  102      26593.0000 26605.1961  0.05%   6.1  285s
 7491536 3705973 26597.3137  103   12 26593.0000 26605.1961  0.05%   6.1  290s
 7614764 3759641 26600.7821   94   18 26593.0000 26605.1961  0.05%   6.1  295s
 7748497 3818229 26597.3137   93   16 26593.0000 26605.1961  0.05%   6.0  300s
 7866132 3865903     cutoff  113      26593.0000 26605.1961  0.05%   6.1  305s
 7950767 3897376 26596.0000  110   13 26593.0000 26605.1961  0.05%   6.1  310s
 8053720 3946927     cutoff   79      26593.0000 26605.1961  0.05%   6.1  315s
 8177915 4005086 26595.3277   87   18 26593.0000 26605.1961  0.05%   6.0  320s
 8308785 4065729     cutoff   87      26593.0000 26605.1961  0.05%   6.0  325s
 8436052 4123887 26596.0000   91   12 26593.0000 26605.1961  0.05%   6.0  330s
 8558687 4179529 26594.5860  129   16 26593.0000 26605.1961  0.05%   6.0  335s
 8686245 4236484 infeasible  101      26593.0000 26605.1961  0.05%   6.0  340s
 8804251 4289456 26601.9118   79   14 26593.0000 26605.1961  0.05%   6.0  345s
 8917334 4340042 26605.1961   88   26 26593.0000 26605.1961  0.05%   6.0  350s
 9026418 4386620 26595.0936   87   13 26593.0000 26605.1961  0.05%   6.0  355s
 9140104 4435602 26599.9412  106   16 26593.0000 26605.1961  0.05%   6.0  360s
 9252337 4480425 26596.0000  122   17 26593.0000 26605.1961  0.05%   6.0  365s
 9367076 4528649     cutoff   96      26593.0000 26605.1961  0.05%   6.0  370s
 9472552 4575167 26600.7821   90   15 26593.0000 26605.1961  0.05%   6.0  375s
 9588813 4625641 26597.9706  103   15 26593.0000 26605.1961  0.05%   6.0  380s
 9708570 4671556 26595.0127  111   12 26593.0000 26605.1961  0.05%   6.0  385s
 9832083 4719050 26597.3137  103   11 26593.0000 26605.1961  0.05%   6.0  390s
 9946567 4768714 26597.3137  100   19 26593.0000 26605.1961  0.05%   6.0  395s
 10069905 4821479     cutoff   98      26593.0000 26605.1961  0.05%   6.0  400s
 10185680 4864720 26597.9706   98   14 26593.0000 26605.1961  0.05%   6.0  405s
 10294503 4911465 26605.1961  108   14 26593.0000 26605.1961  0.05%   6.0  410s
 10417597 4959923 26605.1961   69   22 26593.0000 26605.1961  0.05%   6.0  415s
 10539552 5008805 26593.9830  108   12 26593.0000 26605.1961  0.05%   6.0  420s
 10654124 5051075     cutoff  108      26593.0000 26605.1961  0.05%   6.0  425s
 10757855 5085148     cutoff  119      26593.0000 26605.1961  0.05%   6.0  430s
 10879697 5136629 26596.0000  140   12 26593.0000 26605.1961  0.05%   6.0  435s
 10989839 5180106 26596.0000  155    8 26593.0000 26605.1961  0.05%   6.0  440s
 11104424 5220772 26596.0000  131    8 26593.0000 26605.1961  0.05%   6.0  445s
 11219494 5269402 26596.0000  104   11 26593.0000 26605.1961  0.05%   6.0  450s
 11330714 5312215 26594.6553  121   14 26593.0000 26605.1961  0.05%   6.0  455s
 11450429 5360171 26598.4553   78   19 26593.0000 26605.1961  0.05%   6.0  460s
 11561662 5404351 26596.0000  111    9 26593.0000 26605.1961  0.05%   6.0  465s
 11673497 5454134 26596.0000  103   17 26593.0000 26605.1961  0.05%   6.0  470s
 11794776 5509766 26596.0000  131   13 26593.0000 26605.1961  0.05%   6.0  475s
 11913127 5557657     cutoff  131      26593.0000 26605.1961  0.05%   6.0  480s
 12026322 5605923 26596.0000  113   19 26593.0000 26605.1961  0.05%   6.0  485s
 12140806 5658849 26596.0000  147   16 26593.0000 26605.1961  0.05%   6.0  490s
 12243791 5701742     cutoff   92      26593.0000 26605.1961  0.05%   6.0  495s
 12344721 5737858     cutoff  122      26593.0000 26605.1961  0.05%   6.0  500s
 12446758 5778412 26594.5860  128   13 26593.0000 26605.1961  0.05%   6.0  505s
 12530732 5819121 26605.1961   98   20 26593.0000 26605.1961  0.05%   6.0  510s
 12636347 5864092     cutoff  110      26593.0000 26605.1961  0.05%   6.0  515s
 12747590 5920014 infeasible   96      26593.0000 26605.1961  0.05%   6.0  520s
 12849490 5969372 26600.7821  106   14 26593.0000 26605.1961  0.05%   6.0  525s
 12944623 6008720 26598.6275   92   18 26593.0000 26605.1961  0.05%   6.0  530s
H12959188 2004126                    26596.000000 26605.1961  0.03%   6.0  532s
 12997855 2013186     cutoff   83      26596.0000 26605.1961  0.03%   6.0  535s
 13082893 2037832     cutoff  106      26596.0000 26605.1961  0.03%   6.0  540s
 13173396 2065916 26605.1961   98   40 26596.0000 26605.1961  0.03%   6.0  545s
 13253735 2084070     cutoff  108      26596.0000 26605.1961  0.03%   6.0  550s
 13339417 2100766     cutoff  109      26596.0000 26605.1961  0.03%   6.0  555s
 13432550 2119967 26605.1961   94   17 26596.0000 26605.1961  0.03%   6.0  560s
 13526300 2140247 26605.1961   90   27 26596.0000 26605.1961  0.03%   6.0  565s
 13613945 2162712 26605.1961   96   20 26596.0000 26605.1961  0.03%   6.0  570s
 13692403 2179947 26605.1088  105   34 26596.0000 26605.1961  0.03%   6.0  575s
 13779107 2198252 26599.2843   67   25 26596.0000 26605.1961  0.03%   6.1  580s
 13864780 2218691     cutoff   96      26596.0000 26605.1961  0.03%   6.1  585s
 13954409 2239762 26604.6825  106   15 26596.0000 26605.1961  0.03%   6.1  590s
 14039538 2261270     cutoff  121      26596.0000 26605.1961  0.03%   6.1  595s
 14113026 2279481     cutoff  107      26596.0000 26605.1961  0.03%   6.1  600s
 14193487 2299752 26599.8000   92   14 26596.0000 26605.1961  0.03%   6.1  605s
 14269040 2320446 26605.1961   68   33 26596.0000 26605.1961  0.03%   6.1  610s
 14347578 2339610 26605.1961  100   24 26596.0000 26605.1961  0.03%   6.1  615s
 14420294 2357400     cutoff   93      26596.0000 26605.1961  0.03%   6.1  620s
 14493614 2373879 26605.1961  109   21 26596.0000 26605.1961  0.03%   6.1  625s
 14568274 2393317 26604.8776   89   34 26596.0000 26605.1961  0.03%   6.1  630s
 14645689 2415970 26605.1961   90   15 26596.0000 26605.1961  0.03%   6.1  635s
 14723021 2435364     cutoff  108      26596.0000 26605.1961  0.03%   6.1  640s
 14796970 2452477     cutoff  108      26596.0000 26605.1961  0.03%   6.1  645s
 14860985 2468129 26605.1961  100   22 26596.0000 26605.1961  0.03%   6.1  650s
 14926942 2484363 26605.1961   91   20 26596.0000 26605.1961  0.03%   6.1  655s
 14993259 2500304 26604.5392   73   19 26596.0000 26605.1961  0.03%   6.1  660s
 15068710 2518252 26603.8340   90   10 26596.0000 26605.1961  0.03%   6.1  665s
 15136533 2534437 26603.0000   93   21 26596.0000 26605.1961  0.03%   6.1  670s
 15215719 2551923 26603.0000   97   23 26596.0000 26605.1961  0.03%   6.1  675s
 15291951 2572850 26599.9412  106   16 26596.0000 26605.1961  0.03%   6.1  680s
 15372686 2592099 26603.8340  105   20 26596.0000 26605.1961  0.03%   6.1  685s
 15448850 2613415 26605.1745   99   29 26596.0000 26605.1961  0.03%   6.1  690s
 15526428 2633212 26605.1961   81   33 26596.0000 26605.1961  0.03%   6.1  695s
 15602915 2652157 26599.1277   78   17 26596.0000 26605.1961  0.03%   6.1  700s
 15680433 2674424 26605.1961   81   17 26596.0000 26605.1961  0.03%   6.1  705s
 15760129 2700241 26605.1961   85   23 26596.0000 26605.1961  0.03%   6.1  710s
 15822830 2716365 26597.9706   92   17 26596.0000 26605.1961  0.03%   6.1  715s
 15905043 2736496 26605.1961  111   16 26596.0000 26605.1961  0.03%   6.1  720s
 15988136 2756877     cutoff  107      26596.0000 26605.1961  0.03%   6.1  725s
 16071128 2776425 26603.8824  115   20 26596.0000 26605.1961  0.03%   6.1  730s
 16144131 2794484 26597.3137  136   14 26596.0000 26605.1961  0.03%   6.1  735s
 16214292 2807985 26605.1961  112   18 26596.0000 26605.1961  0.03%   6.1  740s
 16293234 2824903     cutoff  109      26596.0000 26605.1961  0.03%   6.1  745s
 16371056 2841688 26598.6275   97   18 26596.0000 26605.1961  0.03%   6.1  750s
 16449068 2859033 26597.3137  114   17 26596.0000 26605.1961  0.03%   6.1  755s
 16521917 2878099 26605.1961   86   17 26596.0000 26605.1961  0.03%   6.1  760s
 16599546 2895999 26603.3006   95   21 26596.0000 26605.1961  0.03%   6.1  765s
 16678004 2916718 26598.6275   93   13 26596.0000 26605.1961  0.03%   6.1  770s
 16755944 2940456     cutoff   93      26596.0000 26605.1961  0.03%   6.1  775s
 16833697 2959057 26601.2549  103   19 26596.0000 26605.1961  0.03%   6.1  780s
 16909774 2976640     cutoff  112      26596.0000 26605.1961  0.03%   6.1  785s
 16989320 2995807     cutoff  105      26596.0000 26605.1961  0.03%   6.1  790s
 17059339 3013726 26605.1961  112   16 26596.0000 26605.1961  0.03%   6.1  795s
 17139745 3034858     cutoff  131      26596.0000 26605.1961  0.03%   6.1  800s
 17223046 3054764     cutoff  108      26596.0000 26605.1961  0.03%   6.1  805s
 17307065 3072956 26605.1961  110   27 26596.0000 26605.1961  0.03%   6.1  810s
 17392049 3094093 26604.5678   74   32 26596.0000 26605.1961  0.03%   6.1  815s
 17475266 3120768 26599.9412  116   13 26596.0000 26605.1961  0.03%   6.1  820s
 17548131 3140386 26598.6275  120   13 26596.0000 26605.1961  0.03%   6.1  825s
 17632174 3156905 26602.5686  108   15 26596.0000 26605.1961  0.03%   6.1  830s
 17714819 3171818 26603.8340  117   17 26596.0000 26605.1961  0.03%   6.1  835s
 17792674 3191279 26600.7821   97   14 26596.0000 26605.1961  0.03%   6.1  840s
 17878918 3211549     cutoff   90      26596.0000 26605.1961  0.03%   6.1  845s
 17953165 3229750     cutoff   97      26596.0000 26605.1961  0.03%   6.1  850s
 18042628 3251476 26604.1588  110   25 26596.0000 26605.1961  0.03%   6.1  855s
 18120649 3269415 26605.1961  111   21 26596.0000 26605.1961  0.03%   6.1  860s
 18189194 3284225 26600.8671   90   26 26596.0000 26605.1961  0.03%   6.1  865s
 18243165 3298388 26599.7393   94   39 26596.0000 26605.1961  0.03%   6.1  870s
 18314995 3316342 26605.1961   82   20 26596.0000 26605.1961  0.03%   6.1  875s
 18397082 3334641 26605.1961  104   13 26596.0000 26605.1961  0.03%   6.1  880s
 18477402 3353640     cutoff  107      26596.0000 26605.1961  0.03%   6.1  885s
 18551196 3374044 26603.8824  109   12 26596.0000 26605.1961  0.03%   6.1  890s
 18612144 3389606     cutoff  107      26596.0000 26605.1961  0.03%   6.1  895s
 18690008 3409550     cutoff   90      26596.0000 26605.1961  0.03%   6.1  900s
 18770343 3430385 26604.4662   80   33 26596.0000 26605.1961  0.03%   6.1  905s
 18835303 3447779 26603.8340   85   24 26596.0000 26605.1961  0.03%   6.1  910s
 18902040 3463047 26605.1961   79   20 26596.0000 26605.1961  0.03%   6.1  915s
 18979052 3484078 26605.1961   86   26 26596.0000 26605.1961  0.03%   6.1  920s
 19059526 3504539 26597.9706  100   12 26596.0000 26605.1961  0.03%   6.1  925s
 19133742 3523289 26605.1961  107   16 26596.0000 26605.1961  0.03%   6.1  930s
 19215844 3541305 26605.1961  110   17 26596.0000 26605.1961  0.03%   6.1  935s
 19297760 3557071 26605.1961   94   17 26596.0000 26605.1961  0.03%   6.1  940s
 19380568 3574503 26599.2843  108   13 26596.0000 26605.1961  0.03%   6.1  945s
 19463468 3590036 26597.3137  102   10 26596.0000 26605.1961  0.03%   6.1  950s
 19535058 3609425 26598.6275   89   25 26596.0000 26605.1961  0.03%   6.1  955s
 19615960 3628230 26602.4894   93   12 26596.0000 26605.1961  0.03%   6.1  960s
 19693900 3648106 26605.0949   73   41 26596.0000 26605.1961  0.03%   6.1  965s
 19768032 3668224 26605.1961  122   20 26596.0000 26605.1961  0.03%   6.1  970s
 19845647 3689941 26601.2549  116   15 26596.0000 26605.1961  0.03%   6.1  975s
 19918016 3708192 26601.6781  103   32 26596.0000 26605.1961  0.03%   6.1  980s
 19984342 3723628 26598.6275   99   18 26596.0000 26605.1961  0.03%   6.1  985s
 20056427 3741588 26605.1961   91   13 26596.0000 26605.1961  0.03%   6.1  990s
 20142105 3762262 26604.4819   94   39 26596.0000 26605.1961  0.03%   6.1  995s
 20228664 3779687 26601.9118  102   14 26596.0000 26605.1961  0.03%   6.1 1000s
 20311368 3792497     cutoff  102      26596.0000 26605.1961  0.03%   6.1 1005s
 20389692 3805109     cutoff  110      26596.0000 26605.1961  0.03%   6.1 1010s
 20475605 3819861 26605.1961   83   14 26596.0000 26605.1961  0.03%   6.1 1015s
 20562412 3833019 26605.1961  101   17 26596.0000 26605.1961  0.03%   6.1 1020s
 20651714 3846950 26603.8824   95   19 26596.0000 26605.1961  0.03%   6.1 1025s
 20724149 3859337 26605.1961   92   18 26596.0000 26605.1961  0.03%   6.1 1030s
 20809548 3874647     cutoff   92      26596.0000 26605.1961  0.03%   6.1 1035s
 20897542 3887532 infeasible  126      26596.0000 26605.1961  0.03%   6.1 1040s
 20988599 3901393 26597.9706   89   18 26596.0000 26605.1961  0.03%   6.1 1045s
 21076749 3916113 26598.3369   77   24 26596.0000 26605.1961  0.03%   6.1 1050s
 21164978 3931849     cutoff  108      26596.0000 26605.1961  0.03%   6.1 1055s
 21247349 3945250     cutoff  101      26596.0000 26605.1961  0.03%   6.1 1060s
 21332263 3960194 26605.1961   78   16 26596.0000 26605.1961  0.03%   6.1 1065s
 21418917 3973435     cutoff   94      26596.0000 26605.1961  0.03%   6.1 1070s
 21500664 3987911 26598.6275  105   13 26596.0000 26605.1961  0.03%   6.1 1075s
 21583570 4003463 26603.8660   93   26 26596.0000 26605.1961  0.03%   6.1 1080s
 21658962 4020452 26603.8340   94   12 26596.0000 26605.1961  0.03%   6.1 1085s
 21739828 4036245 26603.8824   85   27 26596.0000 26605.1961  0.03%   6.1 1090s
 21817795 4050385 26605.1961   91   22 26596.0000 26605.1961  0.03%   6.1 1095s
 21898851 4062610 26602.5686   99   11 26596.0000 26605.1961  0.03%   6.1 1100s
 21978453 4075777 26603.2255  106   17 26596.0000 26605.1961  0.03%   6.1 1105s
 22062719 4089798 26601.9118  117    9 26596.0000 26605.1961  0.03%   6.1 1110s
 22139338 4106285 26605.1961   97   21 26596.0000 26605.1961  0.03%   6.1 1115s
 22215188 4116562 26605.1961  103   19 26596.0000 26605.1961  0.03%   6.1 1120s
 22281273 4125168 26605.1961   98   19 26596.0000 26605.1961  0.03%   6.1 1125s
 22354980 4136782 26605.0438  111   24 26596.0000 26605.1961  0.03%   6.1 1130s
 22453679 4150250 26605.1961  101   15 26596.0000 26605.1961  0.03%   6.1 1135s
 22544647 4161854 26599.9412  101   12 26596.0000 26605.1961  0.03%   6.1 1140s
 22596399 4167921 26605.1961   89   24 26596.0000 26605.1961  0.03%   6.1 1145s
 22685796 4180722     cutoff  105      26596.0000 26605.1961  0.03%   6.1 1150s
 22778417 4190852     cutoff  102      26596.0000 26605.1961  0.03%   6.1 1155s
 22871579 4204657 26603.0761  104   26 26596.0000 26605.1961  0.03%   6.1 1160s
 22952311 4217830     cutoff  103      26596.0000 26605.1961  0.03%   6.1 1165s
 23030038 4235207 26598.6275  145   15 26596.0000 26605.1961  0.03%   6.1 1170s
 23105417 4252914 26605.1961  105   16 26596.0000 26605.1961  0.03%   6.1 1175s
 23179387 4268477 26597.9706  114   10 26596.0000 26605.1961  0.03%   6.1 1180s
 23265181 4287593 26605.1961   99   17 26596.0000 26605.1961  0.03%   6.1 1185s
 23346969 4310759     cutoff  113      26596.0000 26605.1961  0.03%   6.1 1190s
 23430491 4329528     cutoff  115      26596.0000 26605.1961  0.03%   6.1 1195s
 23519209 4347632 26597.9706  125   18 26596.0000 26605.1961  0.03%   6.1 1200s
 23603861 4366703 26599.1277  113   10 26596.0000 26605.1961  0.03%   6.1 1205s
 23687798 4383129 26598.6275  123   11 26596.0000 26605.1961  0.03%   6.1 1210s
 23770083 4399017 26603.2255   94   20 26596.0000 26605.1961  0.03%   6.0 1215s
 23833233 4411941     cutoff  129      26596.0000 26605.1961  0.03%   6.0 1220s
 23879954 4420961 26603.2255  121   11 26596.0000 26605.1961  0.03%   6.0 1225s
 23935935 4431931 26602.2804  111   17 26596.0000 26605.1961  0.03%   6.0 1230s
 23999020 4443889 26604.5392   97   15 26596.0000 26605.1961  0.03%   6.0 1235s
 24075541 4464314 26601.9118  100   15 26596.0000 26605.1961  0.03%   6.0 1240s
 24155996 4483544 26597.3137  108   11 26596.0000 26605.1961  0.03%   6.0 1245s
 24228395 4497809     cutoff   98      26596.0000 26605.1961  0.03%   6.0 1250s
 24304874 4512335 26599.9412  113   13 26596.0000 26605.1961  0.03%   6.0 1255s
 24385486 4527184 26597.9706  104   16 26596.0000 26605.1961  0.03%   6.0 1260s
 24464978 4543607 26605.1961   99   15 26596.0000 26605.1961  0.03%   6.0 1265s
 24550974 4563603 26601.2549  120   15 26596.0000 26605.1961  0.03%   6.0 1270s
 24632165 4582566 26600.8196   76   26 26596.0000 26605.1961  0.03%   6.0 1275s
 24716131 4604856     cutoff  124      26596.0000 26605.1961  0.03%   6.0 1280s
 24799390 4621932 26605.1961  104   15 26596.0000 26605.1961  0.03%   6.0 1285s
 24880294 4638773     cutoff  104      26596.0000 26605.1961  0.03%   6.0 1290s
 24957810 4655599 26605.1961   97   15 26596.0000 26605.1961  0.03%   6.0 1295s
 25033263 4671472 26599.2843  106   14 26596.0000 26605.1961  0.03%   6.0 1300s
 25116118 4687596     cutoff  112      26596.0000 26605.1961  0.03%   6.0 1305s
 25204614 4705079     cutoff  109      26596.0000 26605.1961  0.03%   6.0 1310s
 25287061 4720454 26598.6275   95   15 26596.0000 26605.1961  0.03%   6.0 1315s
 25362601 4738820 26603.8824  100   16 26596.0000 26605.1961  0.03%   6.0 1320s
 25442482 4758652 26597.3137  109   24 26596.0000 26605.1961  0.03%   6.0 1325s
 25513975 4778944 26605.0641   97   19 26596.0000 26605.1961  0.03%   6.0 1330s
 25587901 4795995 26598.6275  124   17 26596.0000 26605.1961  0.03%   6.0 1335s
 25665737 4808261     cutoff  119      26596.0000 26605.1961  0.03%   6.0 1340s
 25732924 4822348     cutoff  141      26596.0000 26605.1961  0.03%   6.0 1345s
 25813007 4839170     cutoff  124      26596.0000 26605.1961  0.03%   6.0 1350s
 25895262 4854300 26600.0751  118   15 26596.0000 26605.1961  0.03%   6.0 1355s
 25968763 4869709     cutoff   87      26596.0000 26605.1961  0.03%   6.0 1360s
 26041536 4889054     cutoff  107      26596.0000 26605.1961  0.03%   6.0 1365s
 26120546 4907682 26597.3561   85   22 26596.0000 26605.1961  0.03%   6.0 1370s
 26183926 4930541 26603.8341   95   24 26596.0000 26605.1961  0.03%   6.0 1375s
 26252829 4952551 26597.3137  106   17 26596.0000 26605.1961  0.03%   6.0 1380s
 26317888 4969869     cutoff  117      26596.0000 26605.1961  0.03%   6.0 1385s
 26385289 4987405     cutoff  117      26596.0000 26605.1961  0.03%   6.0 1390s
 26459475 5007742     cutoff  101      26596.0000 26605.1961  0.03%   6.0 1395s
 26526536 5026890     cutoff  106      26596.0000 26605.1961  0.03%   6.0 1400s
 26595630 5043167 26597.3137  104   14 26596.0000 26605.1961  0.03%   6.0 1405s
 26660446 5056744 26605.1961  104   17 26596.0000 26605.1961  0.03%   6.0 1410s
 26728986 5073416 26605.1961  106   19 26596.0000 26605.1961  0.03%   6.0 1415s
 26798875 5090104 26599.9412  119   13 26596.0000 26605.1961  0.03%   6.1 1420s
 26870177 5107581 26597.3137  108   13 26596.0000 26605.1961  0.03%   6.1 1425s
 26935795 5121615 26602.5686  108   16 26596.0000 26605.1961  0.03%   6.1 1430s
 26963130 5127053     cutoff  102      26596.0000 26605.1961  0.03%   6.1 1435s
 27042847 5146024 26605.1961  113   17 26596.0000 26605.1961  0.03%   6.1 1440s
 27120995 5158808 26599.9412  119   13 26596.0000 26605.1961  0.03%   6.1 1445s
 27203908 5172578 26599.2843  119    9 26596.0000 26605.1961  0.03%   6.1 1450s
 27279393 5184291 26604.4531  101   13 26596.0000 26605.1961  0.03%   6.0 1455s
 27361472 5195971     cutoff  120      26596.0000 26605.1961  0.03%   6.0 1460s
 27441792 5208013 26602.5686  101   10 26596.0000 26605.1961  0.03%   6.0 1465s
 27523703 5219747     cutoff  123      26596.0000 26605.1961  0.03%   6.0 1470s
 27593951 5235812 26598.6275   85   20 26596.0000 26605.1961  0.03%   6.0 1475s
 27659358 5252952     cutoff   78      26596.0000 26605.1961  0.03%   6.0 1480s
 27739952 5272931     cutoff  114      26596.0000 26605.1961  0.03%   6.0 1485s
 27820419 5290556 26604.1591  109   17 26596.0000 26605.1961  0.03%   6.0 1490s
 27896751 5307204 26601.9118   96   14 26596.0000 26605.1961  0.03%   6.0 1495s
 27978089 5322867 26605.1961  112   16 26596.0000 26605.1961  0.03%   6.0 1500s
 28056852 5346345 26603.8340  112   11 26596.0000 26605.1961  0.03%   6.0 1505s
 28144495 5372268 26605.1961  113   15 26596.0000 26605.1961  0.03%   6.0 1510s
 28237837 5397311 26603.8340  102   14 26596.0000 26605.1961  0.03%   6.0 1515s
 28322642 5418558 26597.3137  122   13 26596.0000 26605.1961  0.03%   6.0 1520s
 28409708 5440131 26604.6780  118   25 26596.0000 26605.1961  0.03%   6.0 1525s
 28493028 5461794     cutoff  116      26596.0000 26605.1961  0.03%   6.0 1530s
 28580411 5486010 26601.2549  123   10 26596.0000 26605.1961  0.03%   6.0 1535s
 28670156 5506994 26597.9706  125   13 26596.0000 26605.1961  0.03%   6.0 1540s
 28763239 5527015 26605.1961  103   19 26596.0000 26605.1961  0.03%   6.0 1545s
 28850745 5545116 26598.6275  110   14 26596.0000 26605.1961  0.03%   6.0 1550s
 28945031 5564977 26597.9706  113   12 26596.0000 26605.1961  0.03%   6.0 1555s
 29025102 5577807     cutoff  107      26596.0000 26605.1961  0.03%   6.0 1560s
 29111988 5598552 26597.3137  157   11 26596.0000 26605.1961  0.03%   6.0 1565s
 29199573 5619131 26605.1961   97   15 26596.0000 26605.1961  0.03%   6.0 1570s
 29288331 5640145 26598.6641  100   22 26596.0000 26605.1961  0.03%   5.9 1575s
 29365366 5656792 26605.1961  118   16 26596.0000 26605.1961  0.03%   5.9 1580s
 29430359 5667980 26604.9068   93   28 26596.0000 26605.1961  0.03%   5.9 1585s
 29501104 5680193 26601.9118  101   22 26596.0000 26605.1961  0.03%   6.0 1590s
 29571255 5694432 26599.5228   99   22 26596.0000 26605.1961  0.03%   6.0 1595s
 29647401 5708496 26605.1961   99   20 26596.0000 26605.1961  0.03%   6.0 1600s
 29717444 5721699 26599.9412  129   10 26596.0000 26605.1961  0.03%   6.0 1605s
 29789291 5736676 26599.2455  116   15 26596.0000 26605.1961  0.03%   6.0 1610s
 29867555 5755959 26599.9412  115   18 26596.0000 26605.1961  0.03%   6.0 1615s
 29950829 5771471 26605.1961  116   18 26596.0000 26605.1961  0.03%   6.0 1620s
 30029372 5785698 26605.1961   89   31 26596.0000 26605.1961  0.03%   6.0 1625s
 30095411 5798228 26605.1961  108   20 26596.0000 26605.1961  0.03%   6.0 1630s
 30172114 5812992 26603.4791   89   23 26596.0000 26605.1961  0.03%   6.0 1635s
 30246267 5829476 26605.1961   85   19 26596.0000 26605.1961  0.03%   6.0 1640s
 30316961 5842114 26605.1767   98   22 26596.0000 26605.1961  0.03%   6.0 1645s
 30386805 5852490 26605.1961   96   11 26596.0000 26605.1961  0.03%   6.0 1650s
 30448302 5863028 26599.2843  101   12 26596.0000 26605.1961  0.03%   6.0 1655s
 30513758 5875782 26601.2549   85   11 26596.0000 26605.1961  0.03%   6.0 1660s
 30587343 5889016     cutoff  107      26596.0000 26605.1961  0.03%   5.9 1665s
 30655904 5899516 26597.9706  100   10 26596.0000 26605.1961  0.03%   5.9 1670s
 30738113 5913842 26605.1961  129   17 26596.0000 26605.1961  0.03%   5.9 1675s
 30817141 5927406 26605.1961  106   26 26596.0000 26605.1961  0.03%   5.9 1680s
 30894116 5938724 26604.5473   92   26 26596.0000 26605.1961  0.03%   5.9 1685s
 30972297 5953205 infeasible  101      26596.0000 26605.1961  0.03%   5.9 1690s
 31044219 5969059     cutoff  135      26596.0000 26605.1961  0.03%   5.9 1695s
 31124674 5982386 26605.1961  146    9 26596.0000 26605.1961  0.03%   5.9 1700s
 31205588 5994602 26599.2843  131   10 26596.0000 26605.1961  0.03%   5.9 1705s
 31282201 6007235 26605.1961  121   13 26596.0000 26605.1961  0.03%   5.9 1710s
 31353288 6018289     cutoff  123      26596.0000 26605.1961  0.03%   5.9 1715s
 31427177 6029203     cutoff  118      26596.0000 26605.1961  0.03%   5.9 1720s
 31503182 6040477 26599.9412  133    9 26596.0000 26605.1961  0.03%   5.9 1725s
 31570581 6052499 26600.5980  116   21 26596.0000 26605.1961  0.03%   5.9 1730s
 31640236 6066187 26605.1961  143   15 26596.0000 26605.1961  0.03%   5.9 1735s
 31712988 6077535 26597.9706  122    8 26596.0000 26605.1961  0.03%   5.9 1740s
 31784174 6088447     cutoff  120      26596.0000 26605.1961  0.03%   5.9 1745s
 31862458 6101643 26603.8824  128   17 26596.0000 26605.1961  0.03%   5.9 1750s
 31938571 6114660 26605.1961  121   12 26596.0000 26605.1961  0.03%   5.9 1755s
 32012921 6125293     cutoff  116      26596.0000 26605.1961  0.03%   5.9 1760s
 32088132 6136651     cutoff  115      26596.0000 26605.1961  0.03%   5.9 1765s
 32165475 6148428 26605.1961  115   16 26596.0000 26605.1961  0.03%   5.9 1770s
 32230021 6158907 26605.1961  103   15 26596.0000 26605.1961  0.03%   5.9 1775s
 32306659 6174631     cutoff  116      26596.0000 26605.1961  0.03%   5.9 1780s
 32394543 6190286 26599.2843  107   14 26596.0000 26605.1961  0.03%   5.9 1785s
 32471135 6205473 26597.3137  100   27 26596.0000 26605.1961  0.03%   5.9 1790s
 32540383 6216353 26597.3398   84   27 26596.0000 26605.1961  0.03%   5.9 1795s
 32607584 6227645 26605.1961   81   18 26596.0000 26605.1961  0.03%   5.9 1800s
 32670701 6239178 infeasible  106      26596.0000 26605.1961  0.03%   5.9 1805s
 32749721 6252735 26600.5980  125   13 26596.0000 26605.1961  0.03%   5.9 1810s
 32828551 6265975 26605.1961   94   18 26596.0000 26605.1961  0.03%   5.9 1815s
 32915319 6280347 26599.9412  112   11 26596.0000 26605.1961  0.03%   5.9 1820s
 32999162 6289915 26605.1961  101   18 26596.0000 26605.1961  0.03%   5.9 1825s
 33044970 6299349 26605.1961   80   18 26596.0000 26605.1961  0.03%   5.9 1830s
 33103357 6310908     cutoff  106      26596.0000 26605.1961  0.03%   5.9 1835s
 33164700 6323249     cutoff   95      26596.0000 26605.1961  0.03%   5.9 1840s
 33224502 6335143 26605.1961  113   17 26596.0000 26605.1961  0.03%   5.9 1845s
 33266033 6343825 26605.1961  131   16 26596.0000 26605.1961  0.03%   5.9 1850s
 33311565 6350841     cutoff  123      26596.0000 26605.1961  0.03%   5.9 1855s
 33373389 6362640 26597.9706  102   12 26596.0000 26605.1961  0.03%   5.9 1860s
 33434352 6370739 26605.1961  132   14 26596.0000 26605.1961  0.03%   5.9 1865s
 33492068 6378650 26605.1961   87   19 26596.0000 26605.1961  0.03%   5.9 1870s
 33543604 6389538     cutoff  113      26596.0000 26605.1961  0.03%   5.9 1875s
 33589008 6399274 26605.1961   86   18 26596.0000 26605.1961  0.03%   5.9 1880s
 33645438 6411636     cutoff  113      26596.0000 26605.1961  0.03%   5.9 1885s
 33693894 6419848 26605.1961  105   20 26596.0000 26605.1961  0.03%   5.9 1890s
 33741485 6430139 26602.5686  108    9 26596.0000 26605.1961  0.03%   5.9 1895s
 33795244 6441691     cutoff  113      26596.0000 26605.1961  0.03%   5.9 1900s
 33851834 6451505 26597.3137  113    9 26596.0000 26605.1961  0.03%   5.9 1905s
 33914438 6461906 26598.9559  134   20 26596.0000 26605.1961  0.03%   5.9 1910s
 33971837 6472060 26599.2843  124   15 26596.0000 26605.1961  0.03%   5.9 1915s
 34025585 6480124 26598.6275  123    8 26596.0000 26605.1961  0.03%   5.9 1920s
 34076544 6487764 26605.1961  100   15 26596.0000 26605.1961  0.03%   5.9 1925s
 34130795 6496009     cutoff  131      26596.0000 26605.1961  0.03%   5.9 1930s
 34180643 6503977 26598.6275  125    9 26596.0000 26605.1961  0.03%   5.9 1935s
 34233235 6510703 26605.1961  112   11 26596.0000 26605.1961  0.03%   5.9 1940s
 34286579 6516495 26605.1961  118   11 26596.0000 26605.1961  0.03%   5.9 1945s
 34340026 6521399 26605.1961  118   14 26596.0000 26605.1961  0.03%   5.9 1950s
 34395648 6529665     cutoff  101      26596.0000 26605.1961  0.03%   5.9 1955s
 34444117 6535653     cutoff  117      26596.0000 26605.1961  0.03%   5.9 1960s
 34497782 6540850 26603.8340  122   12 26596.0000 26605.1961  0.03%   5.9 1965s
 34534356 6545210 26597.9706  123   13 26596.0000 26605.1961  0.03%   5.9 1972s
 34560331 6549688     cutoff  107      26596.0000 26605.1961  0.03%   5.9 1975s
 34613919 6556898 26598.6275  135   13 26596.0000 26605.1961  0.03%   5.9 1980s
 34659342 6561028 26605.1961   93   18 26596.0000 26605.1961  0.03%   5.9 1985s
 34712271 6569428 26602.5686  117   11 26596.0000 26605.1961  0.03%   5.9 1990s
 34764057 6577068 26600.7821  124   13 26596.0000 26605.1961  0.03%   5.9 1995s
 34810217 6582884 26605.1961  125   12 26596.0000 26605.1961  0.03%   5.9 2000s
 34862013 6590242     cutoff  116      26596.0000 26605.1961  0.03%   5.9 2005s
 34907425 6596517     cutoff  126      26596.0000 26605.1961  0.03%   5.9 2010s
 34954706 6602351     cutoff  118      26596.0000 26605.1961  0.03%   5.9 2015s
 35003724 6608742     cutoff  120      26596.0000 26605.1961  0.03%   5.9 2020s
 35048885 6614421 26605.1961  127   14 26596.0000 26605.1961  0.03%   5.9 2025s
 35090506 6619998 26605.1961  102   16 26596.0000 26605.1961  0.03%   5.9 2030s
 35132059 6627712 26605.1961  117   16 26596.0000 26605.1961  0.03%   5.9 2035s
 35178323 6632695 26605.1961  123   17 26596.0000 26605.1961  0.03%   5.9 2040s
 35222424 6638254 26597.3137  129    9 26596.0000 26605.1961  0.03%   5.9 2045s
 35264502 6643767 26605.1961  119    9 26596.0000 26605.1961  0.03%   5.9 2050s
 35308535 6649417     cutoff  108      26596.0000 26605.1961  0.03%   5.9 2055s
 35350286 6654672 26605.1961  110   21 26596.0000 26605.1961  0.03%   5.9 2060s
 35390492 6660044     cutoff  116      26596.0000 26605.1961  0.03%   5.9 2065s
 35428996 6664724     cutoff  118      26596.0000 26605.1961  0.03%   5.9 2070s
 35470595 6669890     cutoff  121      26596.0000 26605.1961  0.03%   5.9 2075s
 35509517 6677337 26605.1961   85   19 26596.0000 26605.1961  0.03%   5.9 2080s
 35555314 6686708 26602.5686  112   11 26596.0000 26605.1961  0.03%   5.9 2085s
 35596624 6693663 26603.8824  102   16 26596.0000 26605.1961  0.03%   5.9 2090s
 35644811 6700173 26605.1961  100   13 26596.0000 26605.1961  0.03%   5.9 2095s
 35688913 6707311 26599.2843  120    9 26596.0000 26605.1961  0.03%   5.9 2100s
 35737410 6713652 26605.1961  107   15 26596.0000 26605.1961  0.03%   5.9 2105s
 35783958 6720000 26604.9010  112   18 26596.0000 26605.1961  0.03%   5.9 2110s
 35831192 6727186     cutoff  107      26596.0000 26605.1961  0.03%   5.9 2115s
 35878111 6734161 26602.2784  109   15 26596.0000 26605.1961  0.03%   5.9 2120s
 35924795 6740193     cutoff  113      26596.0000 26605.1961  0.03%   5.9 2125s
 35971325 6747390 26597.7516  112   15 26596.0000 26605.1961  0.03%   5.9 2130s
 36013513 6753668 26600.5980  116    7 26596.0000 26605.1961  0.03%   5.9 2135s
 36058496 6760373     cutoff  142      26596.0000 26605.1961  0.03%   5.9 2140s
 36104460 6766233     cutoff  112      26596.0000 26605.1961  0.03%   5.9 2145s
 36144213 6772237     cutoff   97      26596.0000 26605.1961  0.03%   5.9 2150s
 36185186 6778947 26605.1961   94   11 26596.0000 26605.1961  0.03%   5.9 2155s
 36228111 6785519     cutoff   86      26596.0000 26605.1961  0.03%   5.9 2160s
 36265677 6793313 26601.8024  115   18 26596.0000 26605.1961  0.03%   5.9 2165s
 36307323 6799906     cutoff  102      26596.0000 26605.1961  0.03%   5.9 2170s
 36347493 6806845     cutoff  107      26596.0000 26605.1961  0.03%   5.9 2175s
 36389637 6815019 26601.9118   94   12 26596.0000 26605.1961  0.03%   5.9 2180s
 36427574 6821954 26603.8340   95   12 26596.0000 26605.1961  0.03%   5.9 2185s
 36469939 6828243     cutoff  102      26596.0000 26605.1961  0.03%   5.9 2190s
 36509450 6833911     cutoff   94      26596.0000 26605.1961  0.03%   5.9 2195s
 36548222 6838971 26599.9412  106   10 26596.0000 26605.1961  0.03%   5.9 2200s
 36584391 6842980 26605.1961   96   15 26596.0000 26605.1961  0.03%   5.9 2205s
 36622709 6846939 26599.2843  111   17 26596.0000 26605.1961  0.03%   5.9 2210s
 36662042 6851311 26605.1961   89   19 26596.0000 26605.1961  0.03%   5.9 2215s
 36703483 6857130 26599.1277   97   14 26596.0000 26605.1961  0.03%   5.9 2220s
 36741416 6861102 26605.1961   98   17 26596.0000 26605.1961  0.03%   5.9 2225s
 36780789 6865716 26605.1961  102   17 26596.0000 26605.1961  0.03%   5.9 2230s
 36822061 6869308     cutoff   96      26596.0000 26605.1961  0.03%   5.9 2235s
 36858659 6872409 26605.1961  109   15 26596.0000 26605.1961  0.03%   5.9 2240s
 36899857 6877003 26604.7225   85   31 26596.0000 26605.1961  0.03%   5.9 2245s
 36939786 6882790 26605.1961   84   14 26596.0000 26605.1961  0.03%   5.9 2250s
 36979220 6887450 26605.1961  116   13 26596.0000 26605.1961  0.03%   5.9 2255s
 37016900 6891604 26601.2549  112   13 26596.0000 26605.1961  0.03%   5.9 2260s
 37053844 6896429     cutoff   94      26596.0000 26605.1961  0.03%   5.9 2265s
 37090997 6899512     cutoff  107      26596.0000 26605.1961  0.03%   5.9 2270s
 37125851 6902619 26605.1961   92   18 26596.0000 26605.1961  0.03%   5.9 2275s
 37164118 6905680 26602.6604  111   26 26596.0000 26605.1961  0.03%   6.0 2280s
 37196822 6907742     cutoff  107      26596.0000 26605.1961  0.03%   6.0 2285s
 37240970 6911086     cutoff   88      26596.0000 26605.1961  0.03%   6.0 2290s
 37280642 6913917 26597.3137  100   14 26596.0000 26605.1961  0.03%   6.0 2295s
 37317674 6917769 26605.1961   98   21 26596.0000 26605.1961  0.03%   6.0 2300s
 37355083 6921654 26597.9706  137   11 26596.0000 26605.1961  0.03%   6.0 2305s
 37394734 6925010 26599.2843  105   11 26596.0000 26605.1961  0.03%   6.0 2310s
 37438747 6929452 26598.6275  116    6 26596.0000 26605.1961  0.03%   6.0 2315s
 37474505 6938974 26604.2997  100   34 26596.0000 26605.1961  0.03%   6.0 2320s
 37504674 6946419     cutoff  128      26596.0000 26605.1961  0.03%   6.0 2325s
 37538640 6951298 26604.9831  111   18 26596.0000 26605.1961  0.03%   6.0 2330s
 37574924 6955573     cutoff  113      26596.0000 26605.1961  0.03%   6.0 2335s
 37610626 6962672     cutoff  131      26596.0000 26605.1961  0.03%   6.0 2340s
 37642629 6966672     cutoff  130      26596.0000 26605.1961  0.03%   6.0 2345s
 37681921 6971600 26605.1961  117   16 26596.0000 26605.1961  0.03%   6.0 2350s
 37718962 6976185 26603.3079  113   26 26596.0000 26605.1961  0.03%   6.0 2355s
 37756588 6981012 26602.9389  125   13 26596.0000 26605.1961  0.03%   6.0 2360s
 37795264 6985875     cutoff  127      26596.0000 26605.1961  0.03%   6.0 2365s
 37828338 6989848 26605.1961  119   16 26596.0000 26605.1961  0.03%   6.0 2370s
 37863909 6994633 26604.5311  112   13 26596.0000 26605.1961  0.03%   6.0 2375s
 37898574 7000086 26605.1961  128   13 26596.0000 26605.1961  0.03%   6.0 2380s
 37933263 7005078 infeasible  120      26596.0000 26605.1961  0.03%   6.0 2385s
 37965506 7009513 26599.3131  137   10 26596.0000 26605.1961  0.03%   6.0 2390s
 37997889 7013324     cutoff  128      26596.0000 26605.1961  0.03%   6.0 2395s
 38027633 7017059     cutoff  124      26596.0000 26605.1961  0.03%   6.0 2400s
 38056976 7023607 26604.3664   98   31 26596.0000 26605.1961  0.03%   6.0 2405s
 38093748 7028226 26597.3137  129   10 26596.0000 26605.1961  0.03%   6.0 2410s
 38131244 7033377 26605.1961  105   16 26596.0000 26605.1961  0.03%   6.0 2415s
 38167533 7039098 26598.6275  102   13 26596.0000 26605.1961  0.03%   6.0 2420s
 38204825 7043988 26600.7821  119   13 26596.0000 26605.1961  0.03%   6.0 2425s
 38236766 7051591 26600.7821  118   13 26596.0000 26605.1961  0.03%   6.0 2430s
 38276899 7058276 26604.5392  119   14 26596.0000 26605.1961  0.03%   6.0 2435s
 38319546 7065500     cutoff  127      26596.0000 26605.1961  0.03%   6.0 2440s
 38363141 7071670 26597.9706  153   12 26596.0000 26605.1961  0.03%   6.0 2445s
 38400999 7077869 26605.1961  112   14 26596.0000 26605.1961  0.03%   6.0 2450s
 38437931 7084940 26605.1557  124   25 26596.0000 26605.1961  0.03%   6.0 2455s
 38479735 7091728 26605.1238  118   29 26596.0000 26605.1961  0.03%   6.0 2460s
 38520368 7098149 26602.5686  107   15 26596.0000 26605.1961  0.03%   6.0 2465s
 38560920 7104718     cutoff  116      26596.0000 26605.1961  0.03%   6.0 2470s
 38602882 7112133     cutoff  110      26596.0000 26605.1961  0.03%   6.0 2475s
 38642736 7117794 infeasible  129      26596.0000 26605.1961  0.03%   6.0 2480s
 38682360 7124343 infeasible  125      26596.0000 26605.1961  0.03%   6.0 2485s
 38720439 7129474 26602.5686  129   18 26596.0000 26605.1961  0.03%   6.0 2490s
 38755978 7134784     cutoff  127      26596.0000 26605.1961  0.03%   6.0 2495s
 38793528 7140158 26605.1961  129   14 26596.0000 26605.1961  0.03%   6.0 2500s
 38829610 7145827     cutoff  123      26596.0000 26605.1961  0.03%   6.0 2505s
 38867364 7151203 26602.4178  137   18 26596.0000 26605.1961  0.03%   6.0 2510s
 38904889 7157637 26597.9706  130   11 26596.0000 26605.1961  0.03%   6.0 2515s
 38944369 7163283     cutoff  135      26596.0000 26605.1961  0.03%   6.0 2520s
 38982072 7169178 26602.6444  118   25 26596.0000 26605.1961  0.03%   6.1 2525s
 39021222 7176507     cutoff  128      26596.0000 26605.1961  0.03%   6.1 2530s
 39056327 7181711 26602.5686  125   16 26596.0000 26605.1961  0.03%   6.1 2535s
 39077099 7185134     cutoff  133      26596.0000 26605.1961  0.03%   6.1 2544s
 39082494 7186100 26605.1961  122   16 26596.0000 26605.1961  0.03%   6.1 2545s
 39122598 7191131 26605.1961  111   14 26596.0000 26605.1961  0.03%   6.1 2550s
 39162087 7196582 26604.7064  127   16 26596.0000 26605.1961  0.03%   6.1 2555s
 39200126 7201665     cutoff  117      26596.0000 26605.1961  0.03%   6.1 2560s
 39239450 7207329 26597.9706  125   17 26596.0000 26605.1961  0.03%   6.1 2565s
 39278830 7212962     cutoff  135      26596.0000 26605.1961  0.03%   6.1 2570s
 39317461 7218360 26600.9731  130   13 26596.0000 26605.1961  0.03%   6.1 2575s
 39355470 7223858     cutoff  142      26596.0000 26605.1961  0.03%   6.1 2580s
 39390298 7229984 26605.0858  124   28 26596.0000 26605.1961  0.03%   6.1 2585s
 39429318 7236022 26600.5980   98   12 26596.0000 26605.1961  0.03%   6.1 2590s
 39468444 7244085 26605.1961   90   20 26596.0000 26605.1961  0.03%   6.1 2595s
 39510541 7255611 26600.5980  108   14 26596.0000 26605.1961  0.03%   6.1 2600s
 39556939 7264805     cutoff  111      26596.0000 26605.1961  0.03%   6.1 2605s
 39599259 7273190     cutoff  129      26596.0000 26605.1961  0.03%   6.1 2610s
 39647865 7281124     cutoff  119      26596.0000 26605.1961  0.03%   6.1 2615s
 39690317 7289216 26605.1961  119   17 26596.0000 26605.1961  0.03%   6.1 2620s
 39738387 7299485 26600.7773  117   14 26596.0000 26605.1961  0.03%   6.1 2625s
 39783741 7308997 26603.8824  106   16 26596.0000 26605.1961  0.03%   6.1 2630s
 39830780 7321364 26601.2549  119   15 26596.0000 26605.1961  0.03%   6.1 2635s
 39875329 7333344 26605.1961   81   17 26596.0000 26605.1961  0.03%   6.1 2640s
 39922275 7344704     cutoff  110      26596.0000 26605.1961  0.03%   6.1 2645s
 39966304 7355642 26600.5980  114   16 26596.0000 26605.1961  0.03%   6.1 2650s
 40012898 7366976 26604.5392  105   14 26596.0000 26605.1961  0.03%   6.1 2655s
 40060864 7374529 26605.1961  109   16 26596.0000 26605.1961  0.03%   6.1 2660s
 40105486 7380563 26599.9249  112   13 26596.0000 26605.1961  0.03%   6.1 2665s
 40151333 7389511 26597.3137  107    9 26596.0000 26605.1961  0.03%   6.1 2670s
 40201472 7398580 26605.1961   94   24 26596.0000 26605.1961  0.03%   6.1 2675s
 40246341 7408457 26605.1961   81   14 26596.0000 26605.1961  0.03%   6.1 2680s
 40289842 7416105 infeasible  104      26596.0000 26605.1961  0.03%   6.1 2685s
 40334791 7423762     cutoff   90      26596.0000 26605.1961  0.03%   6.1 2690s
 40375265 7431214 26605.1961   87   17 26596.0000 26605.1961  0.03%   6.1 2695s
 40421336 7438211     cutoff   97      26596.0000 26605.1961  0.03%   6.1 2700s
 40466782 7445118     cutoff  106      26596.0000 26605.1961  0.03%   6.1 2705s
 40514249 7451217     cutoff  114      26596.0000 26605.1961  0.03%   6.1 2710s
 40557052 7458245     cutoff  100      26596.0000 26605.1961  0.03%   6.1 2715s
 40598113 7464822 26605.1961  109   25 26596.0000 26605.1961  0.03%   6.1 2720s
 40639515 7472069 26605.1961   99   24 26596.0000 26605.1961  0.03%   6.1 2725s
 40685120 7479995 26605.1961  102   22 26596.0000 26605.1961  0.03%   6.1 2730s
 40732877 7489024 26605.1961   96   21 26596.0000 26605.1961  0.03%   6.1 2735s
 40779571 7496738 26605.1961   88   19 26596.0000 26605.1961  0.03%   6.1 2740s
 40822046 7503166     cutoff   97      26596.0000 26605.1961  0.03%   6.1 2745s
 40865376 7511091 26604.3446   93   20 26596.0000 26605.1961  0.03%   6.1 2750s
 40907779 7518931 26605.1961  102   23 26596.0000 26605.1961  0.03%   6.1 2755s
 40951603 7527103 26600.5980  105   20 26596.0000 26605.1961  0.03%   6.1 2760s
 40996281 7534840 26602.5686  110   14 26596.0000 26605.1961  0.03%   6.1 2765s
 41039931 7542596 26597.1454  111   15 26596.0000 26605.1961  0.03%   6.1 2770s
 41088972 7551433     cutoff  100      26596.0000 26605.1961  0.03%   6.1 2775s
 41131177 7558481 26603.8824  110   16 26596.0000 26605.1961  0.03%   6.1 2780s
 41178725 7566658 26602.6577  103   29 26596.0000 26605.1961  0.03%   6.1 2785s
 41228894 7575481 26597.3137  137    9 26596.0000 26605.1961  0.03%   6.1 2790s
 41273803 7583490 26598.6275  100   16 26596.0000 26605.1961  0.03%   6.1 2795s
 41316050 7591423 26605.1961   99   21 26596.0000 26605.1961  0.03%   6.1 2800s
 41360914 7598458 26605.1961  106   13 26596.0000 26605.1961  0.03%   6.1 2805s
 41404095 7606425 26602.7245  111   18 26596.0000 26605.1961  0.03%   6.1 2810s
 41449598 7614377 26605.1961  103   20 26596.0000 26605.1961  0.03%   6.1 2815s
 41493126 7622017     cutoff   98      26596.0000 26605.1961  0.03%   6.1 2820s
 41539850 7630795 26597.3137  106   19 26596.0000 26605.1961  0.03%   6.1 2825s
 41583074 7637341     cutoff  102      26596.0000 26605.1961  0.03%   6.1 2830s
 41625212 7644551 26601.2549  103   14 26596.0000 26605.1961  0.03%   6.0 2835s
 41668962 7653024 26599.2843  103    9 26596.0000 26605.1961  0.03%   6.0 2840s
 41709710 7662447 26605.1961   99   19 26596.0000 26605.1961  0.03%   6.0 2845s
 41757680 7673498     cutoff   98      26596.0000 26605.1961  0.03%   6.0 2850s
 41802895 7683368 26597.9706  110   13 26596.0000 26605.1961  0.03%   6.0 2855s
 41848660 7692107     cutoff  110      26596.0000 26605.1961  0.03%   6.0 2860s
 41891676 7701408 26605.1961   94   16 26596.0000 26605.1961  0.03%   6.0 2865s
 41935361 7710011     cutoff   90      26596.0000 26605.1961  0.03%   6.0 2870s
 41978841 7718024 26599.2843  101   11 26596.0000 26605.1961  0.03%   6.0 2875s
 42024652 7724337     cutoff   94      26596.0000 26605.1961  0.03%   6.0 2880s
 42065029 7731840 26605.1961  106   14 26596.0000 26605.1961  0.03%   6.0 2885s
 42110767 7743119 26599.9412   89   14 26596.0000 26605.1961  0.03%   6.0 2890s
 42157651 7753276 26599.9412  105   17 26596.0000 26605.1961  0.03%   6.0 2895s
 42199902 7761340 26602.7482  103   26 26596.0000 26605.1961  0.03%   6.0 2900s
 42242149 7769022 26601.9118  103   18 26596.0000 26605.1961  0.03%   6.0 2905s
 42275773 7775664 26605.1961  105   20 26596.0000 26605.1961  0.03%   6.0 2910s
 42323823 7783325 26598.6275  111   14 26596.0000 26605.1961  0.03%   6.0 2915s
 42368846 7790068     cutoff  101      26596.0000 26605.1961  0.03%   6.0 2920s
 42411631 7796595 26605.0282  105   25 26596.0000 26605.1961  0.03%   6.0 2925s
 42457722 7803070 26605.1961   98   18 26596.0000 26605.1961  0.03%   6.0 2930s
 42501440 7810278 26599.5150  112   16 26596.0000 26605.1961  0.03%   6.0 2935s
 42546114 7817389 26605.1961   98   20 26596.0000 26605.1961  0.03%   6.0 2940s
 42589198 7825264 26597.9706  110   17 26596.0000 26605.1961  0.03%   6.0 2945s
 42633997 7834382     cutoff  109      26596.0000 26605.1961  0.03%   6.0 2950s
 42677465 7841519     cutoff   95      26596.0000 26605.1961  0.03%   6.0 2955s
 42720176 7850114 26603.2255   96   19 26596.0000 26605.1961  0.03%   6.0 2960s
 42764912 7859424     cutoff  100      26596.0000 26605.1961  0.03%   6.0 2965s
 42805007 7865949     cutoff  111      26596.0000 26605.1961  0.03%   6.0 2970s
 42840005 7871968     cutoff  102      26596.0000 26605.1961  0.03%   6.0 2975s
 42881663 7878913 26605.1961  103   17 26596.0000 26605.1961  0.03%   6.0 2980s
 42925285 7885490 26600.5980  104   19 26596.0000 26605.1961  0.03%   6.0 2985s
 42969523 7893695 26597.3137  112   12 26596.0000 26605.1961  0.03%   6.0 2990s
 43010423 7901525 26599.9412  101   19 26596.0000 26605.1961  0.03%   6.0 2995s
 43056891 7909564     cutoff  115      26596.0000 26605.1961  0.03%   6.0 3000s
 43097709 7914838 26600.4629  104   21 26596.0000 26605.1961  0.03%   6.0 3005s
 43140438 7921719     cutoff  104      26596.0000 26605.1961  0.03%   6.0 3010s
 43181946 7927788 26604.5837   96   22 26596.0000 26605.1961  0.03%   6.0 3015s
 43222926 7933728 26605.1961  104   24 26596.0000 26605.1961  0.03%   6.0 3020s
 43262577 7938927 26597.9706   94   15 26596.0000 26605.1961  0.03%   6.0 3025s
 43304339 7946887 26605.1961  100   21 26596.0000 26605.1961  0.03%   6.0 3030s
 43348517 7956133 26605.1961   84   19 26596.0000 26605.1961  0.03%   6.0 3035s
 43393278 7964018     cutoff  111      26596.0000 26605.1961  0.03%   6.0 3040s
 43436386 7972727 26601.9118  114   22 26596.0000 26605.1961  0.03%   6.0 3045s
 43480165 7980570     cutoff   90      26596.0000 26605.1961  0.03%   6.0 3050s
 43522326 7986867 26601.9118   98   16 26596.0000 26605.1961  0.03%   6.0 3055s
 43559730 7992948     cutoff   96      26596.0000 26605.1961  0.03%   6.0 3060s
 43603790 7999712 26603.8824   91   17 26596.0000 26605.1961  0.03%   6.0 3065s
 43643786 8007190 26605.1961   90   18 26596.0000 26605.1961  0.03%   6.0 3070s
 43688392 8016223 26605.1961   88   23 26596.0000 26605.1961  0.03%   6.0 3075s
 43734507 8024288 26601.9118   91   13 26596.0000 26605.1961  0.03%   6.0 3080s
 43779276 8032709     cutoff  116      26596.0000 26605.1961  0.03%   6.0 3085s
 43823771 8042425     cutoff  111      26596.0000 26605.1961  0.03%   6.0 3090s
 43865111 8051116 26599.9833  103   18 26596.0000 26605.1961  0.03%   6.0 3095s
 43906813 8059738 26597.3137  115   10 26596.0000 26605.1961  0.03%   6.0 3100s
 43947850 8067421 26600.5980  106   19 26596.0000 26605.1961  0.03%   6.0 3105s
 43990442 8074432 26602.8971  102   18 26596.0000 26605.1961  0.03%   6.0 3110s
 44038330 8082852 infeasible   91      26596.0000 26605.1961  0.03%   6.0 3115s
 44084050 8090701 26605.1961  112   12 26596.0000 26605.1961  0.03%   6.0 3120s
 44129709 8098920 26605.1961  101   14 26596.0000 26605.1961  0.03%   6.0 3125s
 44172147 8105617     cutoff   99      26596.0000 26605.1961  0.03%   6.0 3130s
 44208840 8111468     cutoff  115      26596.0000 26605.1961  0.03%   6.0 3135s
 44252637 8120817 26605.1961   89   23 26596.0000 26605.1961  0.03%   6.0 3140s
 44294009 8130224 infeasible   97      26596.0000 26605.1961  0.03%   6.0 3145s
 44338515 8140535 26600.5980  106   22 26596.0000 26605.1961  0.03%   6.0 3150s
 44380368 8148901 26601.9118   99   12 26596.0000 26605.1961  0.03%   6.0 3155s
 44422203 8157145 26603.5764  107   28 26596.0000 26605.1961  0.03%   6.0 3160s
 44464645 8165937     cutoff   96      26596.0000 26605.1961  0.03%   6.0 3165s
 44497432 8172020     cutoff  106      26596.0000 26605.1961  0.03%   6.0 3170s
 44539389 8180780     cutoff  101      26596.0000 26605.1961  0.03%   6.0 3175s
 44579258 8187598     cutoff  106      26596.0000 26605.1961  0.03%   6.0 3180s
 44616762 8196082 26598.8019  109   22 26596.0000 26605.1961  0.03%   6.0 3185s
 44656813 8204770 26605.1371  111   20 26596.0000 26605.1961  0.03%   6.0 3190s
 44697654 8213803 26602.8065   98   23 26596.0000 26605.1961  0.03%   6.0 3195s
 44735846 8222273 26605.1961   96   19 26596.0000 26605.1961  0.03%   6.0 3200s
 44779619 8229266 26605.1961   92   20 26596.0000 26605.1961  0.03%   6.0 3205s
 44811510 8235981     cutoff  103      26596.0000 26605.1961  0.03%   6.0 3210s
 44856606 8242570     cutoff  110      26596.0000 26605.1961  0.03%   6.0 3215s
 44900883 8250919 26597.3137  110   10 26596.0000 26605.1961  0.03%   6.0 3220s
 44945254 8258844 26600.5980   96   10 26596.0000 26605.1961  0.03%   6.0 3225s
 44989785 8267035 26601.9118  119   17 26596.0000 26605.1961  0.03%   6.0 3230s
 45032377 8274564     cutoff  101      26596.0000 26605.1961  0.03%   6.0 3235s
 45076753 8282266 26605.1961   99   17 26596.0000 26605.1961  0.03%   6.0 3240s
 45115902 8290235 26599.2843  100   11 26596.0000 26605.1961  0.03%   6.0 3245s
 45153525 8296279 26605.1140  130   18 26596.0000 26605.1961  0.03%   6.0 3250s
 45194126 8300333 26605.1961  119   18 26596.0000 26605.1961  0.03%   6.0 3255s
 45229612 8303965 26603.8824  128   11 26596.0000 26605.1961  0.03%   6.0 3260s
 45268178 8308336 26605.1961  140   11 26596.0000 26605.1961  0.03%   6.0 3265s
 45311482 8313998     cutoff  137      26596.0000 26605.1961  0.03%   6.0 3270s
 45343778 8318040 26605.1961  110   17 26596.0000 26605.1961  0.03%   6.0 3275s
 45376586 8321461 26597.3137  113   22 26596.0000 26605.1961  0.03%   6.0 3280s
 45412301 8326110     cutoff  110      26596.0000 26605.1961  0.03%   6.0 3285s
 45445871 8333046     cutoff   89      26596.0000 26605.1961  0.03%   6.0 3290s
 45483262 8338902     cutoff  122      26596.0000 26605.1961  0.03%   6.0 3295s
 45504932 8341225 26604.5392  123   11 26596.0000 26605.1961  0.03%   6.0 3300s
 45534073 8344786 26605.1961  106   19 26596.0000 26605.1961  0.03%   6.0 3305s
 45558396 8347664     cutoff  118      26596.0000 26605.1961  0.03%   6.0 3310s
 45590866 8351013 26597.3137  128   10 26596.0000 26605.1961  0.03%   6.0 3315s
 45627966 8353384 26605.0481  114   23 26596.0000 26605.1961  0.03%   6.0 3320s
 45661246 8358529     cutoff   83      26596.0000 26605.1961  0.03%   6.0 3325s
 45696023 8366756 26603.3792   91   21 26596.0000 26605.1961  0.03%   6.0 3330s
 45728538 8373365 26605.1961   93   22 26596.0000 26605.1961  0.03%   6.0 3335s
 45761712 8379965 26600.5980   84   17 26596.0000 26605.1961  0.03%   6.0 3340s
 45797929 8387226 26605.1961   96   16 26596.0000 26605.1961  0.03%   6.0 3345s
 45837025 8394264 26602.5097   94   32 26596.0000 26605.1961  0.03%   6.0 3350s
 45872898 8400805 26605.1961   95   14 26596.0000 26605.1961  0.03%   6.0 3355s
 45912581 8409741 26605.1961  109   12 26596.0000 26605.1961  0.03%   6.0 3360s
 45953372 8415285 26602.6332   91   33 26596.0000 26605.1961  0.03%   6.0 3365s
 45989569 8421813 26598.6275  142   19 26596.0000 26605.1961  0.03%   6.0 3370s
 46029632 8427753 26604.9870   90   19 26596.0000 26605.1961  0.03%   6.0 3375s
 46073074 8437941 26598.6275  118   15 26596.0000 26605.1961  0.03%   6.0 3380s
 46112905 8447547 26602.5686  105   15 26596.0000 26605.1961  0.03%   6.0 3385s
 46156581 8454376 26597.9706  108   13 26596.0000 26605.1961  0.03%   6.0 3390s
 46199193 8460236 26605.1961  122   11 26596.0000 26605.1961  0.03%   6.0 3395s
 46233639 8466390 26602.5686  127   14 26596.0000 26605.1961  0.03%   6.0 3400s
 46274321 8472502     cutoff  131      26596.0000 26605.1961  0.03%   6.0 3405s
 46316668 8478795 26597.3137  123    9 26596.0000 26605.1961  0.03%   6.0 3410s
 46355717 8483624     cutoff  127      26596.0000 26605.1961  0.03%   6.0 3415s
 46394553 8489206     cutoff  123      26596.0000 26605.1961  0.03%   6.0 3420s
 46434585 8495012 26605.0343  113   23 26596.0000 26605.1961  0.03%   6.0 3425s
 46469948 8499934     cutoff  103      26596.0000 26605.1961  0.03%   6.0 3430s
 46505038 8505348     cutoff  130      26596.0000 26605.1961  0.03%   6.0 3435s
 46543454 8512924 26603.8217  113   33 26596.0000 26605.1961  0.03%   6.0 3440s
 46583081 8520553 26605.1650  123   33 26596.0000 26605.1961  0.03%   6.0 3445s
 46622880 8527412 26604.9921  126   34 26596.0000 26605.1961  0.03%   6.0 3450s
 46660745 8533557 26598.6275  121   10 26596.0000 26605.1961  0.03%   6.0 3455s
 46696707 8538755 26602.5686  127   17 26596.0000 26605.1961  0.03%   6.0 3460s
 46730204 8543934 26605.1961  129   11 26596.0000 26605.1961  0.03%   6.0 3465s
 46763934 8548734 26597.9706  134   21 26596.0000 26605.1961  0.03%   6.0 3470s
 46803112 8553839 26599.2843  123   10 26596.0000 26605.1961  0.03%   6.0 3475s
 46838627 8558832 26604.4462  112   28 26596.0000 26605.1961  0.03%   6.0 3480s
 46883417 8567913     cutoff  115      26596.0000 26605.1961  0.03%   6.0 3485s
 46922068 8574993     cutoff  113      26596.0000 26605.1961  0.03%   6.0 3490s
 46968549 8581427 26597.9540  123   12 26596.0000 26605.1961  0.03%   6.0 3495s
 47017770 8586879 26599.2843  114   10 26596.0000 26605.1961  0.03%   6.0 3500s
 47056582 8592609 26597.9706  123   13 26596.0000 26605.1961  0.03%   6.0 3505s
 47097442 8600747     cutoff  121      26596.0000 26605.1961  0.03%   6.0 3510s
 47134797 8605990     cutoff  127      26596.0000 26605.1961  0.03%   6.0 3515s
 47168565 8611194     cutoff  136      26596.0000 26605.1961  0.03%   6.0 3520s
 47200893 8617413 26605.1961  123   14 26596.0000 26605.1961  0.03%   6.0 3525s
 47233163 8623900 26605.1961  107   16 26596.0000 26605.1961  0.03%   6.0 3530s
 47267625 8631147 26601.2837  106   12 26596.0000 26605.1961  0.03%   6.0 3535s
 47305173 8637432     cutoff  125      26596.0000 26605.1961  0.03%   6.0 3540s
 47339380 8642860 26605.1961  108   17 26596.0000 26605.1961  0.03%   6.0 3545s
 47372965 8648030     cutoff  118      26596.0000 26605.1961  0.03%   6.0 3550s
 47402086 8652390 26605.1961  124   11 26596.0000 26605.1961  0.03%   6.0 3555s
 47421203 8654813     cutoff  142      26596.0000 26605.1961  0.03%   6.0 3561s
 47429255 8655786 26605.1961   98   12 26596.0000 26605.1961  0.03%   6.0 3565s
 47440480 8657125 infeasible  119      26596.0000 26605.1961  0.03%   6.0 3570s
 47452485 8658022 26605.1961  120   11 26596.0000 26605.1961  0.03%   6.0 3575s
 47464055 8658828     cutoff  127      26596.0000 26605.1961  0.03%   6.0 3589s
 47464080 8658960 26603.6796  120   18 26596.0000 26605.1961  0.03%   6.0 3590s
 47475931 8659757 26599.2843  128    9 26596.0000 26605.1961  0.03%   6.0 3595s
 47485774 8660238     cutoff  124      26596.0000 26605.1961  0.03%   6.0 3600s

Cutting planes:
  Gomory: 20
  Cover: 86
  Clique: 4
  MIR: 89
  StrongCG: 81
  Flow cover: 25
  Inf proof: 386
  Zero half: 5
  RLT: 7

Explored 47485843 nodes (285849482 simplex iterations) in 3600.06 seconds
Thread count was 12 (of 12 available processors)

Solution count 8: 26596 26593 26526 ... 21840

Time limit reached
Best objective 2.659600000000e+04, best bound 2.660500000000e+04, gap 0.0338%
