
Gurobi 9.1.2 (win64, Java) logging started Sun Nov 14 00:28:04 2021

Academic license - for non-commercial use only - expires 2022-10-30
Gurobi Optimizer version 9.1.2 build v9.1.2rc0 (win64)
Thread count: 6 physical cores, 12 logical processors, using up to 12 threads
Optimize a model with 80 rows, 1200 columns and 2400 nonzeros
Model fingerprint: 0xae35496f
Variable types: 0 continuous, 1200 integer (1200 binary)
Coefficient statistics:
  Matrix range     [1e+00, 1e+03]
  Objective range  [4e+02, 1e+03]
  Bounds range     [1e+00, 1e+00]
  RHS range        [1e+00, 1e+03]
Found heuristic solution: objective 26148.000000
Presolve removed 2 rows and 444 columns
Presolve time: 0.02s
Presolved: 78 rows, 756 columns, 1512 nonzeros
Variable types: 0 continuous, 756 integer (756 binary)
Presolved: 78 rows, 756 columns, 1512 nonzeros


Root relaxation: objective 3.117160e+04, 313 iterations, 0.00 seconds

    Nodes    |    Current Node    |     Objective Bounds      |     Work
 Expl Unexpl |  Obj  Depth IntInf | Incumbent    BestBd   Gap | It/Node Time

     0     0 31171.5955    0   27 26148.0000 31171.5955  19.2%     -    0s
H    0     0                    29304.000000 31171.5955  6.37%     -    0s
H    0     0                    29503.000000 31171.5955  5.66%     -    0s
H    0     0                    29943.000000 31171.5955  4.10%     -    0s
H    0     0                    30148.000000 31171.5955  3.40%     -    1s
     0     0 30797.9043    0   58 30148.0000 30797.9043  2.16%     -    1s
     0     0 30797.9043    0   45 30148.0000 30797.9043  2.16%     -    2s
     0     0 30797.0004    0   72 30148.0000 30797.0004  2.15%     -    2s
     0     0 30797.0004    0   37 30148.0000 30797.0004  2.15%     -    2s
H    0     0                    30155.000000 30797.0004  2.13%     -    3s
     0     2 30797.0004    0   37 30155.0000 30797.0004  2.13%     -    3s
H   31    42                    30557.000077 30797.0004  0.79%   126    5s
H   40    42                    30576.000000 30797.0004  0.72%   111    5s
   125   254 30796.3532   15   53 30576.0000 30797.0004  0.72%  81.3   13s
   275   449 30781.6497   30   38 30576.0000 30797.0004  0.72%  57.4   15s
H  589   580                    30615.000334 30797.0004  0.59%  44.3   17s
H  634   577                    30630.000000 30797.0004  0.55%  44.6   17s
  1310   887 30792.0004   51  120 30630.0000 30796.6165  0.54%  46.2   20s
H 1313   844                    30641.000000 30796.4854  0.51%  46.1   21s
H 1320   806                    30669.000000 30796.0312  0.41%  45.8   22s
  1331   813 30756.3012   23  208 30669.0000 30795.3229  0.41%  45.5   25s
  1347   824 30794.3806   19  230 30669.0000 30794.3806  0.41%  44.9   30s
H 1349   783                    30681.000000 30794.3688  0.37%  44.9   30s
H 1361   752                    30698.000000 30794.0843  0.31%  59.0   33s
  1366   756 30794.0843   19  192 30698.0000 30794.0843  0.31%  58.7   35s
H 1371   721                    30705.000000 30794.0843  0.29%  58.5   35s
  1391   736 30782.8031   28  119 30705.0000 30793.7514  0.29%  63.1   40s
  1405   745 30712.0579   22  249 30705.0000 30793.6474  0.29%  62.5   45s
  1427   762 30784.1919   49  248 30705.0000 30793.4879  0.29%  65.6   50s
  1441   772 30764.9148   31  130 30705.0000 30793.4248  0.29%  68.8   55s
  1458   783 30793.3850   10  245 30705.0000 30793.3850  0.29%  68.0   60s
H 1469   752                    30721.000000 30793.3499  0.24%  71.2   63s
H 1471   716                    30722.000000 30793.3499  0.23%  71.1   64s
  1478   720 30793.3499   26  236 30722.0000 30793.3499  0.23%  70.7   65s
  1496   733 30793.3472   19  187 30722.0000 30793.3472  0.23%  73.1   70s
  1517   749 30777.4092   25  197 30722.0000 30793.3311  0.23%  75.2   75s
H 1528   717                    30764.000000 30793.3311  0.10%  74.7   79s
  1544   741 30793.3162  100  241 30764.0000 30793.3162  0.10%  78.9   80s
  1749   953 30793.2225  108  234 30764.0000 30793.2225  0.09%  87.3   85s
  1854  1022 30793.2079  110  224 30764.0000 30793.2155  0.09%  89.9   91s
H 1947   955                    30769.000361 30793.2155  0.08%  93.0   91s
  2672  1655 30792.1349  132  163 30769.0004 30793.2155  0.08%   101   96s
  3907  2604 30789.5060  163  140 30769.0004 30793.2155  0.08%   108  101s
  5564  3986 30787.8156  131  160 30769.0004 30793.1044  0.08%   108  106s
  6469  4426 30786.2954  128  144 30769.0004 30793.0011  0.08%   107  115s
  8036  5785 30790.8447  115  128 30769.0004 30792.7098  0.08%   107  120s
  9709  6935 30791.0582  127  180 30769.0004 30792.6570  0.08%   112  130s
H 9818  6385                    30773.000376 30792.6570  0.06%   112  130s
 11290  7708 30788.1308  129  135 30773.0004 30792.5957  0.06%   114  136s
H12948  8212                    30774.000000 30792.5263  0.06%   116  138s
 13290  8941 30788.8854  136  101 30774.0000 30792.5211  0.06%   116  150s
H13363  8727                    30775.000000 30792.5211  0.06%   116  150s
 15273 10021 30791.0418  119  148 30775.0000 30792.4560  0.06%   119  155s
 18267 12226 30778.0004  142   83 30775.0000 30792.3830  0.06%   124  161s
 20717 14167 30791.3319  124  138 30775.0000 30792.3291  0.06%   129  172s
 21994 15082 30782.5886  123  151 30775.0000 30792.3058  0.06%   132  179s
 23453 16304 30789.5994  118  171 30775.0000 30792.2837  0.06%   133  187s
 25159 17377 30780.4753  123  112 30775.0000 30792.2478  0.06%   134  191s
 26682 18561 30789.5817  130  158 30775.0000 30792.2281  0.06%   135  210s
H28241 18138                    30776.000000 30792.2149  0.05%   135  210s
 28411 18621 30786.6367  137  122 30776.0000 30792.2100  0.05%   135  468s
 29211 19631 30789.4388  126  125 30776.0000 30792.1789  0.05%   135  473s
 30730 20822 30785.2010  149  128 30776.0000 30792.1642  0.05%   138  483s
 32415 22143 30788.7663  132  130 30776.0000 30792.1435  0.05%   140  488s
 34604 23346 30779.8027  122  116 30776.0000 30792.1295  0.05%   141  494s
 36434 23347 30791.4809  126   37 30776.0000 30792.1027  0.05%   142  498s
 36438 23350 30785.7558  154  184 30776.0000 30792.1027  0.05%   142  500s
 36447 23356 30782.6444  156  227 30776.0000 30792.1027  0.05%   142  505s
 36454 23360 30790.2190  131  232 30776.0000 30792.1027  0.05%   142  510s
 36461 23365 30789.4823  116  253 30776.0000 30792.1027  0.05%   142  515s
 36467 23369 30789.5527  131  257 30776.0000 30792.1027  0.05%   142  520s
 36473 23373 30790.7141  117  242 30776.0000 30792.1027  0.05%   142  526s
 36476 23375 30791.4647  117  241 30776.0000 30792.1027  0.05%   142  530s
 36485 23390 30792.1027  111  230 30776.0000 30792.1027  0.05%   142  535s
 36541 23436 30792.1027  114  175 30776.0000 30792.1027  0.05%   142  540s
 36640 23496 30792.1027  119  182 30776.0000 30792.1027  0.05%   142  545s
 36834 23657 30792.1027  126  175 30776.0000 30792.1027  0.05%   142  554s
 36951 23771 30792.1027  127  186 30776.0000 30792.1027  0.05%   142  556s
 37433 24324 30791.9170  140  210 30776.0000 30792.1027  0.05%   142  563s
 38811 25248 30787.1689  164  151 30776.0000 30792.1027  0.05%   141  583s
 39866 25482 30785.4666  192  141 30776.0000 30792.1027  0.05%   140  592s
 40630 25847 30789.9762  123  141 30776.0000 30792.1027  0.05%   140  595s
H41434 24050                    30781.000365 30792.1027  0.04%   140  612s
 42013 24751 30783.3405  188   68 30781.0004 30792.1027  0.04%   140  617s
 43348 25062 30784.5343  137  153 30781.0004 30792.1027  0.04%   138  622s
 45192 25599 30789.6778  134  210 30781.0004 30792.0945  0.04%   138  627s
 46141 26203 30787.1306  126  156 30781.0004 30792.0397  0.04%   138  630s
 48467 26924 30786.3290  137  142 30781.0004 30791.9188  0.04%   137  637s
 49679 27283 30790.1042  130  197 30781.0004 30791.8662  0.04%   137  642s
 50759 27435 30791.3926  134  152 30781.0004 30791.8192  0.04%   137  653s
 51442 28143 30789.7466  122  162 30781.0004 30791.8157  0.04%   136  655s
 54027 28918     cutoff  139      30781.0004 30791.7124  0.03%   136  662s
 55258 29693 30789.6429  134  185 30781.0004 30791.6838  0.03%   136  667s
 56869 30105 30788.2008  153  185 30781.0004 30791.6492  0.03%   136  671s
 58226 30670 30785.0850  137  109 30781.0004 30791.5995  0.03%   136  675s
 59802 31203 30787.4650  134  118 30781.0004 30791.5736  0.03%   135  680s
 62991 32411 30788.5540  133  185 30781.0004 30791.4962  0.03%   135  688s
 64428 32974 30785.0082  164   62 30781.0004 30791.4859  0.03%   135  692s
 66126 33521 30785.4292  142  135 30781.0004 30791.4425  0.03%   135  697s
 67758 34103 30784.7325  152  109 30781.0004 30791.4143  0.03%   135  703s
 69473 34651 30789.5672  139  177 30781.0004 30791.3881  0.03%   135  707s
 71142 35063 30790.8029  129  193 30781.0004 30791.3632  0.03%   135  711s
 72725 35741     cutoff  142      30781.0004 30791.3437  0.03%   136  716s
 74466 36301 30782.1394  157  149 30781.0004 30791.3181  0.03%   136  722s
 76241 36813 30782.8836  137  178 30781.0004 30791.2906  0.03%   136  727s
 78176 37184 30782.1492  138  133 30781.0004 30791.2677  0.03%   136  732s
 79890 37503     cutoff  148      30781.0004 30791.2424  0.03%   136  737s
 81418 38038 30789.8534  132  192 30781.0004 30791.2243  0.03%   136  742s
 83088 38343 30785.5449  138  152 30781.0004 30791.2028  0.03%   136  747s
 84587 38948 30788.2920  150  215 30781.0004 30791.1896  0.03%   137  753s
 86387 39402 30788.0004  158  122 30781.0004 30791.1664  0.03%   137  758s
 88139 39796 30786.1671  152  155 30781.0004 30791.1546  0.03%   138  770s
 89804 40522 30789.0996  126  165 30781.0004 30791.1373  0.03%   138  776s
 91680 41046 30783.1097  182  181 30781.0004 30791.1209  0.03%   138  782s
 93516 41545 30786.2520  156  121 30781.0004 30791.1023  0.03%   138  788s
 95269 42023     cutoff  142      30781.0004 30791.0823  0.03%   138  798s
 96891 42594 30788.7201  144  163 30781.0004 30791.0724  0.03%   138  804s
 98767 42895 30785.8776  145  166 30781.0004 30791.0469  0.03%   138  809s
 100411 43460 30786.3280  140  162 30781.0004 30791.0369  0.03%   138  815s
 102245 44046 30786.7032  133  157 30781.0004 30791.0162  0.03%   138  820s
 104335 44654 30782.9356  164  111 30781.0004 30791.0059  0.03%   138  825s
 106069 45698 30786.6800  149  167 30781.0004 30791.0004  0.03%   139  830s
 107848 46687 30789.4019  144  147 30781.0004 30790.9828  0.03%   139  837s
 109554 47826 30788.5430  136  179 30781.0004 30790.9724  0.03%   139  843s
 111325 48987 30784.7581  136  179 30781.0004 30790.9573  0.03%   139  849s
 113118 49924 30786.9140  147  145 30781.0004 30790.9459  0.03%   139  854s
 114706 50807 30782.4005  154  155 30781.0004 30790.9346  0.03%   139  861s
 116464 51773 30789.5810  129  171 30781.0004 30790.9203  0.03%   140  870s
 118037 52840 30783.7131  158  150 30781.0004 30790.9089  0.03%   140  877s
 119814 54095 30788.4444  128  189 30781.0004 30790.8982  0.03%   140  883s
 121810 55080 30788.2792  138  199 30781.0004 30790.8820  0.03%   140  891s
 123415 56131     cutoff  133      30781.0004 30790.8697  0.03%   140  898s
 125248 57339 30783.2535  142  115 30781.0004 30790.8555  0.03%   140  904s
 127223 58471 30782.2999  138  136 30781.0004 30790.8414  0.03%   140  920s
 128930 59435 30783.0866  178  136 30781.0004 30790.8315  0.03%   140  926s
 130629 60419 30783.5494  148  137 30781.0004 30790.8197  0.03%   140  931s
 132277 61405 30785.9434  142  162 30781.0004 30790.8073  0.03%   140  938s
 133995 62456     cutoff  144      30781.0004 30790.7955  0.03%   141  945s
 135856 63642 30785.5396  155   98 30781.0004 30790.7864  0.03%   141  951s
 137775 64751 30786.7348  153  149 30781.0004 30790.7760  0.03%   141  957s
 139626 65654 30785.2958  137  119 30781.0004 30790.7644  0.03%   141  962s
 141329 66571 30789.4700  134  122 30781.0004 30790.7539  0.03%   141  969s
 143006 67548     cutoff  138      30781.0004 30790.7406  0.03%   141  976s
 144799 68673 30789.3087  142  188 30781.0004 30790.7319  0.03%   142  982s
 146582 69676 30782.5069  169  191 30781.0004 30790.7244  0.03%   142  991s
 148325 70619 30785.5460  156  165 30781.0004 30790.7158  0.03%   142  997s
 149985 71336     cutoff  137      30781.0004 30790.7101  0.03%   142 1003s
 151526 72504     cutoff  164      30781.0004 30790.7019  0.03%   142 1010s
 153470 73584 30789.4155  128  175 30781.0004 30790.6908  0.03%   142 1031s
 155482 74693 30783.2372  132  165 30781.0004 30790.6826  0.03%   142 1038s
 157337 75827 30783.7089  138  135 30781.0004 30790.6696  0.03%   142 1044s
 159255 77047 30788.8447  133  169 30781.0004 30790.6562  0.03%   142 1050s
 161186 78209 30788.5443  157  163 30781.0004 30790.6461  0.03%   142 1057s
 163083 79271 30788.9724  139  133 30781.0004 30790.6359  0.03%   142 1069s
 164876 80102 30787.3989  132  157 30781.0004 30790.6266  0.03%   142 1075s
 166455 80965 30784.9418  130  150 30781.0004 30790.6171  0.03%   142 1081s
 168160 81935 30789.8712  136  164 30781.0004 30790.6096  0.03%   142 1087s
 169924 82884     cutoff  149      30781.0004 30790.6006  0.03%   142 1093s
 171669 83604 30789.4995  134  116 30781.0004 30790.5928  0.03%   143 1114s
H172151 51727                    30785.000369 30790.5913  0.02%   143 1114s
 173055 52090     cutoff  161      30785.0004 30790.5877  0.02%   143 1141s
 174942 52811 30786.2755  136  143 30785.0004 30790.5751  0.02%   143 1154s
 176707 53583 30786.4840  143  152 30785.0004 30790.5640  0.02%   143 1160s
 178530 54401 30789.8888  138  163 30785.0004 30790.5513  0.02%   143 1172s
 180328 55201 30787.7968  137  191 30785.0004 30790.5429  0.02%   143 1178s
 182101 55889 30789.9583  131  167 30785.0004 30790.5323  0.02%   143 1187s
 183829 56601     cutoff  133      30785.0004 30790.5253  0.02%   143 1192s
 185535 57363 30786.7266  123  133 30785.0004 30790.5083  0.02%   143 1210s
 187273 58009 30789.2347  143  142 30785.0004 30790.4953  0.02%   143 1233s
 188825 58755 30788.1900  130  178 30785.0004 30790.4873  0.02%   144 1428s
 190381 59574 30786.2491  155  125 30785.0004 30790.4785  0.02%   144 1435s
 192258 60225 30787.5953  153  133 30785.0004 30790.4673  0.02%   144 1450s
 194060 60949 30789.4013  132  195 30785.0004 30790.4567  0.02%   144 1456s
 195957 61572 30786.3033  145  161 30785.0004 30790.4485  0.02%   144 1464s
 197700 62277 30788.8795  140  138 30785.0004 30790.4363  0.02%   144 1469s
 199549 63036 30788.5443  125  182 30785.0004 30790.4258  0.02%   144 1476s
 201439 63706 30787.4050  142  107 30785.0004 30790.4189  0.02%   144 1482s
 203128 64407 30786.5659  144  138 30785.0004 30790.4079  0.02%   144 1512s
 204872 65139 30788.2323  135  186 30785.0004 30790.4005  0.02%   144 1537s
 206505 65885 30786.9183  134  146 30785.0004 30790.3904  0.02%   145 1552s
 208321 66530 30787.3438  141  145 30785.0004 30790.3798  0.02%   145 1558s
 210083 67326 30789.0716  128  170 30785.0004 30790.3724  0.02%   145 1565s
 211905 68059 30787.9662  133  145 30785.0004 30790.3630  0.02%   145 1571s
 213787 68596     cutoff  156      30785.0004 30790.3536  0.02%   145 1584s
 215496 69452 30789.1534  137  143 30785.0004 30790.3421  0.02%   145 1590s
 217424 70196     cutoff  137      30785.0004 30790.3338  0.02%   145 1595s
 219264 70959 30786.9775  139  141 30785.0004 30790.3257  0.02%   145 1603s
 221083 71647     cutoff  148      30785.0004 30790.3130  0.02%   145 1646s
 222811 72300     cutoff  134      30785.0004 30790.3083  0.02%   145 1668s
 224468 73117 30787.3617  129  155 30785.0004 30790.2959  0.02%   145 1677s
 226384 73886 30786.8705  138  168 30785.0004 30790.2871  0.02%   145 1681s
 228207 74514 30789.3102  137  178 30785.0004 30790.2805  0.02%   145 1700s
 229830 75166 30787.2454  137  180 30785.0004 30790.2725  0.02%   145 1706s
 231720 75892 30789.4289  131  170 30785.0004 30790.2630  0.02%   146 1715s
 233430 76578 30788.9543  123  185 30785.0004 30790.2544  0.02%   146 1721s
 235329 77282 30788.7507  141  183 30785.0004 30790.2486  0.02%   146 1727s
 237042 77968     cutoff  138      30785.0004 30790.2405  0.02%   146 1752s
 238772 78710     cutoff  142      30785.0004 30790.2336  0.02%   146 1761s
 240596 79454     cutoff  153      30785.0004 30790.2258  0.02%   146 1766s
 242341 80156 30787.8020  138  135 30785.0004 30790.2188  0.02%   146 1780s
 244178 80782 30787.8440  138  169 30785.0004 30790.2110  0.02%   146 1786s
 245847 81550 30787.7137  144  143 30785.0004 30790.2060  0.02%   146 1793s
 247676 82353 30787.0156  157  175 30785.0004 30790.2000  0.02%   146 1800s
 249604 83045 30787.4951  130  112 30785.0004 30790.1929  0.02%   146 1806s
 251299 83719 30788.4250  147  148 30785.0004 30790.1870  0.02%   146 1812s
 253055 84390 30788.8490  147  144 30785.0004 30790.1810  0.02%   146 1842s
 254804 85090 30789.1042  139  131 30785.0004 30790.1765  0.02%   146 1847s
 256494 85694     cutoff  127      30785.0004 30790.1682  0.02%   146 1855s
 258061 86459 30788.8335  142  167 30785.0004 30790.1638  0.02%   146 1892s
 259915 87211 30789.6899  138  135 30785.0004 30790.1576  0.02%   146 1924s
 261722 87995 30786.6037  138  125 30785.0004 30790.1518  0.02%   146 1941s
 263466 88674 30787.2998  123  197 30785.0004 30790.1439  0.02%   147 1952s
 265203 89418 30788.0643  155  179 30785.0004 30790.1403  0.02%   147 1958s
 267005 90014 30787.1223  141  138 30785.0004 30790.1343  0.02%   147 1966s
 268826 90681 30786.5928  128  142 30785.0004 30790.1290  0.02%   147 1971s
 270721 91331 30787.2764  149  131 30785.0004 30790.1203  0.02%   147 1984s
 272529 92126 30786.9232  144  141 30785.0004 30790.1127  0.02%   147 1989s
 274286 92823 30788.8040  125  139 30785.0004 30790.1077  0.02%   147 1998s
 276034 93500 30786.5578  145  165 30785.0004 30790.1028  0.02%   147 2004s
 277848 94067 30786.0004  150  110 30785.0004 30790.0974  0.02%   147 2047s
 279473 94737     cutoff  133      30785.0004 30790.0914  0.02%   147 2053s
 281436 95412     cutoff  146      30785.0004 30790.0843  0.02%   147 2062s
 283263 96107     cutoff  143      30785.0004 30790.0784  0.02%   147 2067s
 285152 96870 30789.2325  142  153 30785.0004 30790.0726  0.02%   147 2082s
 287063 97617 30786.3089  125  150 30785.0004 30790.0670  0.02%   147 2087s
 288806 98338 30789.4759  134  171 30785.0004 30790.0609  0.02%   147 2095s
 290630 99002 30786.6844  171  147 30785.0004 30790.0565  0.02%   147 2102s
 292465 99656 30786.7601  127  134 30785.0004 30790.0488  0.02%   147 2140s
 296124 101100     cutoff  163      30785.0004 30790.0381  0.02%   147 2149s
 297941 101774 30789.5847  136  156 30785.0004 30790.0328  0.02%   147 2176s
 299672 102375 30788.0004  141   77 30785.0004 30790.0264  0.02%   147 2192s
 301462 103099     cutoff  139      30785.0004 30790.0227  0.02%   147 2198s
 303291 103762     cutoff  142      30785.0004 30790.0165  0.02%   147 2236s
 305080 104371 30788.4545  159  164 30785.0004 30790.0131  0.02%   147 2242s
 306893 104963 30787.4065  151  157 30785.0004 30790.0074  0.02%   147 2254s
 308649 105862     cutoff  144      30785.0004 30790.0028  0.02%   147 2258s
 310968 106754 30786.9095  152   80 30785.0004 30790.0004  0.02%   147 2276s
 313223 107467 30789.0264  152  126 30785.0004 30790.0004  0.02%   147 2282s
 315211 108085     cutoff  160      30785.0004 30790.0004  0.02%   147 2296s
 317149 108754 30786.4978  146  174 30785.0004 30789.9961  0.02%   147 2300s
 318890 109278 30788.0434  132  130 30785.0004 30789.9906  0.02%   147 2309s
 320482 109934     cutoff  133      30785.0004 30789.9869  0.02%   147 2318s
 322234 110656 30788.9112  137  146 30785.0004 30789.9815  0.02%   147 2324s
 323588 110656 30787.3244  141  143 30785.0004 30789.9805  0.02%   147 2325s
 323979 111368     cutoff  150      30785.0004 30789.9775  0.02%   147 2331s
 325803 111992     cutoff  156      30785.0004 30789.9731  0.02%   147 2363s
 327573 112687 30788.3043  138  122 30785.0004 30789.9672  0.02%   147 2383s
 329451 113385 30789.2282  135  148 30785.0004 30789.9627  0.02%   147 2395s
 331226 114124 30786.5772  138  112 30785.0004 30789.9585  0.02%   147 2412s
 333004 114786 30788.3520  133  198 30785.0004 30789.9528  0.02%   147 2417s
 334711 115412 30787.0694  157  116 30785.0004 30789.9491  0.02%   148 2439s
 336653 116158 30788.3596  129  185 30785.0004 30789.9448  0.02%   147 2453s
 338521 116863 30787.7763  144  144 30785.0004 30789.9390  0.02%   147 2470s
 340386 117605 30788.4472  147  189 30785.0004 30789.9338  0.02%   147 2478s
 342191 118293 30786.7191  148   93 30785.0004 30789.9297  0.02%   147 2483s
 344127 119160 30787.3061  159  142 30785.0004 30789.9255  0.02%   147 2505s
 348093 120475 30787.4389  154   77 30785.0004 30789.9169  0.02%   147 2517s
 349820 120971     cutoff  144      30785.0004 30789.9133  0.02%   147 2524s
 351446 121546 30787.9600  130  142 30785.0004 30789.9094  0.02%   147 2572s
 353183 122229 30786.8280  133  169 30785.0004 30789.9056  0.02%   147 2577s
 355168 122937 30789.0141  145  126 30785.0004 30789.8996  0.02%   147 2586s
 356879 123500 30787.3969  157  182 30785.0004 30789.8956  0.02%   147 2591s
 358681 124202     cutoff  150      30785.0004 30789.8908  0.02%   147 2605s
 360497 124860 30786.3266  159  157 30785.0004 30789.8862  0.02%   147 2611s
 362219 125610 30786.8092  142  135 30785.0004 30789.8826  0.02%   147 2616s
 364081 126220     cutoff  148      30785.0004 30789.8777  0.02%   147 2636s
 365807 126812 30787.6536  155  175 30785.0004 30789.8729  0.02%   148 2650s
 367526 127416     cutoff  142      30785.0004 30789.8681  0.02%   148 2655s
 369389 128169     cutoff  157      30785.0004 30789.8630  0.02%   148 2660s
 371224 128729     cutoff  133      30785.0004 30789.8586  0.02%   148 2667s
 372735 129424 30786.4520  157  160 30785.0004 30789.8540  0.02%   148 2711s
 374556 130149 30787.5118  138  155 30785.0004 30789.8499  0.02%   148 2734s
 376410 130659 30787.1013  150  159 30785.0004 30789.8463  0.02%   148 2743s
 378127 131334 30787.3289  124  198 30785.0004 30789.8402  0.02%   148 2749s
 379989 131969 30789.7468  131  145 30785.0004 30789.8368  0.02%   148 2754s
 381714 132539     cutoff  147      30785.0004 30789.8322  0.02%   148 2760s
 383505 133232 30787.7446  150  129 30785.0004 30789.8269  0.02%   148 2797s
 385503 133834 30787.6055  144  182 30785.0004 30789.8231  0.02%   148 2815s
 387333 134432 30786.5051  157  132 30785.0004 30789.8168  0.02%   148 2828s
 389178 135237     cutoff  149      30785.0004 30789.8139  0.02%   148 2833s
 391104 135764 30787.8773  139  161 30785.0004 30789.8090  0.02%   148 2839s
 392573 136438 30788.1642  145  157 30785.0004 30789.8045  0.02%   148 2859s
 394413 137100     cutoff  158      30785.0004 30789.8014  0.02%   148 2870s
 396204 137748 30788.1942  142  182 30785.0004 30789.7977  0.02%   148 2875s
 398047 138403 30788.0004  144   80 30785.0004 30789.7932  0.02%   148 2885s
 399711 139024     cutoff  146      30785.0004 30789.7895  0.02%   148 2893s
 401468 139654     cutoff  141      30785.0004 30789.7852  0.02%   148 2904s
 403178 140218 30787.1190  146  174 30785.0004 30789.7803  0.02%   148 2909s
 404732 140749     cutoff  156      30785.0004 30789.7779  0.02%   148 2957s
 406420 141442     cutoff  160      30785.0004 30789.7742  0.02%   148 2963s
 408361 142023 30787.0332  150  181 30785.0004 30789.7689  0.02%   148 2975s
 410043 142716 30786.7491  134  125 30785.0004 30789.7655  0.02%   148 2981s
 411833 143240     cutoff  149      30785.0004 30789.7612  0.02%   148 2988s
 413482 143789 30788.5313  130  148 30785.0004 30789.7578  0.02%   148 2993s
 415246 144230 30788.9045  141  122 30785.0004 30789.7534  0.02%   148 3007s
 417078 144863 30787.3153  128  140 30785.0004 30789.7505  0.02%   148 3013s
 419011 145426     cutoff  140      30785.0004 30789.7466  0.02%   148 3020s
 420659 145981 30787.0546  151  125 30785.0004 30789.7437  0.02%   148 3025s
 422383 146522     cutoff  141      30785.0004 30789.7397  0.02%   148 3041s
 423903 147160     cutoff  161      30785.0004 30789.7356  0.02%   148 3048s
 425789 147770 30786.0572  150  171 30785.0004 30789.7314  0.02%   148 3055s
 427468 148388     cutoff  154      30785.0004 30789.7271  0.02%   148 3076s
 429300 149126 30788.2902  138  162 30785.0004 30789.7239  0.02%   148 3089s
 431326 149770 30787.0684  161  164 30785.0004 30789.7176  0.02%   148 3095s
 433199 150325 30787.7952  132  123 30785.0004 30789.7142  0.02%   148 3100s
 435089 150869 30786.7219  148  135 30785.0004 30789.7099  0.02%   148 3106s
 436725 151466 30787.4738  146  133 30785.0004 30789.7062  0.02%   148 3146s
 438433 152102 30786.3226  141  140 30785.0004 30789.7028  0.02%   148 3166s
 440231 152636 30787.0051  145  169 30785.0004 30789.7000  0.02%   148 3174s
 442109 153333 30786.4315  146  163 30785.0004 30789.6951  0.02%   148 3178s
 443966 153955 30787.6286  145  141 30785.0004 30789.6926  0.02%   148 3194s
 445606 154568 30789.3701  146  169 30785.0004 30789.6890  0.02%   148 3213s
 447532 155146 30788.2316  154  141 30785.0004 30789.6852  0.02%   148 3220s
 449380 155768 30786.4006  152  152 30785.0004 30789.6812  0.02%   148 3226s
 451315 156415 30786.2585  159  135 30785.0004 30789.6774  0.02%   149 3255s
 453222 157039 30786.0390  135  158 30785.0004 30789.6742  0.02%   149 3260s
 455058 157595     cutoff  156      30785.0004 30789.6699  0.02%   149 3267s
 456794 158191 30788.5280  150  141 30785.0004 30789.6664  0.02%   149 3272s
 458693 158696 30788.0004  147   47 30785.0004 30789.6634  0.02%   149 3291s
 460451 159207 30787.8692  156  142 30785.0004 30789.6598  0.02%   149 3307s
 462246 159844 30786.4386  153  139 30785.0004 30789.6560  0.02%   149 3314s
 463970 160471 30788.8917  145  130 30785.0004 30789.6534  0.02%   149 3320s
 465892 161021 30786.1590  166  140 30785.0004 30789.6507  0.02%   149 3343s
 467602 161537     cutoff  151      30785.0004 30789.6474  0.02%   149 3347s
 469389 162187 30788.9324  152  128 30785.0004 30789.6438  0.02%   149 3352s
 471230 162746 30788.7039  155  132 30785.0004 30789.6391  0.02%   149 3415s
 473002 163438 30787.4841  122  168 30785.0004 30789.6365  0.02%   149 3428s
 474889 164044 30786.1199  158  136 30785.0004 30789.6326  0.02%   149 3433s
 476682 164613 30786.1067  146  154 30785.0004 30789.6298  0.02%   149 3439s
 478516 165096     cutoff  174      30785.0004 30789.6255  0.02%   149 3446s
 480272 165806 30788.5264  130  171 30785.0004 30789.6215  0.02%   149 3456s
 482193 166441     cutoff  141      30785.0004 30789.6178  0.01%   149 3461s
 483874 167002 30786.5071  136  173 30785.0004 30789.6152  0.01%   149 3466s
 485565 167488 30788.4581  148  155 30785.0004 30789.6108  0.01%   149 3535s
 487152 168114     cutoff  137      30785.0004 30789.6072  0.01%   149 3547s
 488935 168704 30787.8179  139  141 30785.0004 30789.6049  0.01%   149 3552s
 490730 169347 30786.9928  147  158 30785.0004 30789.6020  0.01%   149 3559s
 492509 169894 30788.4426  152  129 30785.0004 30789.5982  0.01%   149 3564s
 494206 170525 30788.5899  150  166 30785.0004 30789.5954  0.01%   149 3580s
 496065 171064 30786.0004  173  143 30785.0004 30789.5921  0.01%   149 3586s
 497878 171647 30788.2141  128  193 30785.0004 30789.5900  0.01%   149 3596s
 499647 171987 30786.8274  143  174 30785.0004 30789.5855  0.01%   149 3600s

Cutting planes:
  Gomory: 6
  Cover: 390
  Clique: 15
  MIR: 262
  StrongCG: 194
  Flow cover: 28
  Zero half: 5
  RLT: 1

Explored 500781 nodes (74628906 simplex iterations) in 3600.16 seconds
Thread count was 12 (of 12 available processors)

Solution count 10: 30785 30781 30776 ... 30721

Time limit reached
Best objective 3.078500000000e+04, best bound 3.078900000000e+04, gap 0.0130%
