
Gurobi 9.1.2 (win64, Java) logging started Fri Nov 12 00:35:21 2021

Academic license - for non-commercial use only - expires 2022-10-30
Gurobi Optimizer version 9.1.2 build v9.1.2rc0 (win64)
Thread count: 6 physical cores, 12 logical processors, using up to 12 threads
Optimize a model with 80 rows, 1200 columns and 2400 nonzeros
Model fingerprint: 0x9309a8ae
Variable types: 0 continuous, 1200 integer (1200 binary)
Coefficient statistics:
  Matrix range     [1e+00, 1e+03]
  Objective range  [6e+01, 1e+03]
  Bounds range     [1e+00, 1e+00]
  RHS range        [1e+00, 2e+03]
Found heuristic solution: objective 20979.000000
Presolve removed 0 rows and 439 columns
Presolve time: 0.01s
Presolved: 80 rows, 761 columns, 1522 nonzeros
Variable types: 0 continuous, 761 integer (761 binary)
Presolved: 80 rows, 761 columns, 1522 nonzeros


Root relaxation: objective 2.446416e+04, 185 iterations, 0.00 seconds

    Nodes    |    Current Node    |     Objective Bounds      |     Work
 Expl Unexpl |  Obj  Depth IntInf | Incumbent    BestBd   Gap | It/Node Time

     0     0 24464.1581    0   27 20979.0000 24464.1581  16.6%     -    0s
H    0     0                    23280.000000 24464.1581  5.09%     -    0s
H    0     0                    23335.000000 24464.1581  4.84%     -    0s
     0     0 24435.1551    0   71 23335.0000 24435.1551  4.71%     -    0s
H    0     0                    23569.000000 24435.1551  3.67%     -    0s
     0     0 24434.9508    0   72 23569.0000 24434.9508  3.67%     -    0s
     0     0 24422.3670    0   66 23569.0000 24422.3670  3.62%     -    0s
     0     0 24420.4779    0   61 23569.0000 24420.4779  3.61%     -    0s
     0     0 24420.2130    0   64 23569.0000 24420.2130  3.61%     -    0s
     0     0 24420.2130    0   67 23569.0000 24420.2130  3.61%     -    0s
     0     0 24414.5547    0   72 23569.0000 24414.5547  3.59%     -    0s
H    0     0                    23717.000000 24414.5547  2.94%     -    0s
     0     0 24413.7456    0   72 23717.0000 24413.7456  2.94%     -    0s
     0     0 24412.3502    0   76 23717.0000 24412.3502  2.93%     -    0s
H    0     0                    23867.000000 24412.3502  2.28%     -    0s
     0     0 24412.1374    0   77 23867.0000 24412.1374  2.28%     -    0s
     0     0 24412.1374    0   78 23867.0000 24412.1374  2.28%     -    0s
     0     0 24404.9785    0   58 23867.0000 24404.9785  2.25%     -    0s
H    0     0                    23874.000000 24404.9785  2.22%     -    0s
     0     0 24404.9385    0   77 23874.0000 24404.9385  2.22%     -    0s
     0     0 24404.5109    0   67 23874.0000 24404.5109  2.22%     -    0s
     0     0 24404.5109    0   57 23874.0000 24404.5109  2.22%     -    0s
H    0     0                    23942.000000 24404.5109  1.93%     -    0s
     0     2 24404.5109    0   53 23942.0000 24404.5109  1.93%     -    0s
H   40    43                    23955.000000 24397.6297  1.85%  85.3    0s
H   69    81                    24023.000000 24397.6297  1.56%  64.1    1s
H  736   812                    24080.000000 24397.6297  1.32%  19.0    1s
H  812   780                    24160.000000 24397.6297  0.98%  17.8    1s
H 1353  1077                    24217.000000 24383.2905  0.69%  27.2    2s
  1924  1392 24382.0952   32   77 24217.0000 24383.2809  0.69%  40.7    5s
  6816  4454 24345.0789   54   77 24217.0000 24383.0179  0.69%  40.7   10s
 14775 10654 24291.7331   63   44 24217.0000 24380.1358  0.67%  41.7   16s
H14813  8414                    24261.000000 24380.1358  0.49%  41.8   16s
 20984 12531 24267.6526   58   48 24261.0000 24378.4402  0.48%  44.2   20s
 34563 21161 24351.9069   46   68 24261.0000 24375.1512  0.47%  46.8   25s
 36389 21192 24355.8836   36  134 24261.0000 24355.8836  0.39%  46.9   30s
 36600 21340 24329.9152   34   90 24261.0000 24345.9473  0.35%  47.3   35s
 42195 22890     cutoff   61      24261.0000 24330.3469  0.29%  48.8   40s
 49487 24282     cutoff   55      24261.0000 24323.3857  0.26%  51.1   45s
 57208 25595 24295.4546   50   69 24261.0000 24318.5012  0.24%  52.8   50s
 63448 26407 24287.0622   52   70 24261.0000 24316.0941  0.23%  53.8   55s
 71772 27060     cutoff   42      24261.0000 24313.4284  0.22%  54.4   60s
 78645 27583     cutoff   48      24261.0000 24311.6919  0.21%  54.7   65s
 88683 28248 24286.1604   43   76 24261.0000 24309.4645  0.20%  54.6   70s
 99862 28637 24264.2308   54   51 24261.0000 24307.5473  0.19%  54.6   75s
 108734 32099 24264.2605   47   37 24261.0000 24306.1530  0.19%  54.5   80s
 119814 35953     cutoff   44      24261.0000 24304.7309  0.18%  54.2   85s
 128799 39349 24270.1570   53   84 24261.0000 24303.8056  0.18%  54.0   90s
 140603 43337     cutoff   51      24261.0000 24302.3992  0.17%  53.6   95s
*141173 33617              47    24274.000000 24302.3686  0.12%  53.6   95s
 147848 34755 24284.2118   49   61 24274.0000 24301.4990  0.11%  53.5  100s
 159007 36852 24279.5397   52   54 24274.0000 24300.1154  0.11%  53.1  105s
 170426 38610 24293.4102   47   37 24274.0000 24298.8066  0.10%  52.6  110s
 183380 40566     cutoff   39      24274.0000 24297.5960  0.10%  52.1  115s
 193904 41496 24287.3286   42   52 24274.0000 24297.0800  0.10%  51.4  120s
 205997 42818     cutoff   52      24274.0000 24296.0068  0.09%  51.0  126s
 212690 43505 24285.3042   56   69 24274.0000 24295.5000  0.09%  50.8  130s
 226267 44719     cutoff   49      24274.0000 24294.5140  0.08%  50.2  135s
 237532 45236 24284.6552   56   24 24274.0000 24293.7965  0.08%  49.7  140s
 250603 45818 24282.2050   64   41 24274.0000 24292.9690  0.08%  49.3  145s
 260976 46199     cutoff   59      24274.0000 24292.3221  0.08%  49.0  150s
 275482 46417 24277.6899   62   58 24274.0000 24291.4164  0.07%  48.5  155s
 288762 46330 24283.5246   56   66 24274.0000 24290.5599  0.07%  48.1  160s
 301266 46084 24279.5373   45   60 24274.0000 24289.8358  0.07%  47.7  165s
 313596 45428     cutoff   52      24274.0000 24289.1326  0.06%  47.3  170s
 326443 44386 24277.3585   46   76 24274.0000 24288.4032  0.06%  47.0  175s
 340808 42993 24281.8535   62   91 24274.0000 24287.5930  0.06%  46.6  180s
 354048 41318 24275.9457   61   43 24274.0000 24286.8563  0.05%  46.2  185s
 365007 39569     cutoff   57      24274.0000 24286.2231  0.05%  45.9  190s
 376461 37358 24280.0276   49   56 24274.0000 24285.5501  0.05%  45.6  195s
 388405 34594     cutoff   51      24274.0000 24284.7975  0.04%  45.3  200s
 400051 31421     cutoff   63      24274.0000 24284.0372  0.04%  45.0  205s
 416508 25977 24276.6424   63   54 24274.0000 24282.8655  0.04%  44.6  210s
 429898 20338 24277.2581   52   38 24274.0000 24281.8219  0.03%  44.2  215s
 446240 11260 24277.3743   59   67 24274.0000 24280.0432  0.02%  43.6  220s

Cutting planes:
  Gomory: 15
  Cover: 78
  Clique: 13
  MIR: 313
  StrongCG: 220
  Flow cover: 58
  Inf proof: 13
  Zero half: 5
  RLT: 4

Explored 464929 nodes (19841449 simplex iterations) in 224.71 seconds
Thread count was 12 (of 12 available processors)

Solution count 10: 24274 24261 24217 ... 23867

Optimal solution found (tolerance 1.00e-12)
Best objective 2.427400000000e+04, best bound 2.427400000000e+04, gap 0.0000%
