
Gurobi 9.1.2 (win64, Java) logging started Mon Nov 15 13:10:18 2021

Academic license - for non-commercial use only - expires 2022-10-30
Gurobi Optimizer version 9.1.2 build v9.1.2rc0 (win64)
Thread count: 6 physical cores, 12 logical processors, using up to 12 threads
Optimize a model with 110 rows, 1000 columns and 2000 nonzeros
Model fingerprint: 0x7ba62a1c
Variable types: 0 continuous, 1000 integer (1000 binary)
Coefficient statistics:
  Matrix range     [1e+00, 1e+03]
  Objective range  [7e+00, 1e+03]
  Bounds range     [1e+00, 1e+00]
  RHS range        [1e+00, 3e+03]
Found heuristic solution: objective 27885.000000
Presolve time: 0.02s
Presolved: 110 rows, 1000 columns, 2000 nonzeros
Variable types: 0 continuous, 1000 integer (1000 binary)
Presolved: 110 rows, 1000 columns, 2000 nonzeros


Root relaxation: objective 3.931134e+04, 194 iterations, 0.00 seconds

    Nodes    |    Current Node    |     Objective Bounds      |     Work
 Expl Unexpl |  Obj  Depth IntInf | Incumbent    BestBd   Gap | It/Node Time

     0     0 39311.3364    0   13 27885.0000 39311.3364  41.0%     -    0s
H    0     0                    38605.000000 39311.3364  1.83%     -    0s
H    0     0                    39020.000000 39311.3364  0.75%     -    0s
H    0     0                    39033.000000 39311.3364  0.71%     -    1s
     0     0 39297.4678    0   19 39033.0000 39297.4678  0.68%     -    1s
     0     0 39288.6948    0   29 39033.0000 39288.6948  0.66%     -    2s
     0     0 39288.6948    0   24 39033.0000 39288.6948  0.66%     -    2s
     0     0 39288.6948    0   23 39033.0000 39288.6948  0.66%     -    2s
     0     0 39288.6948    0   32 39033.0000 39288.6948  0.66%     -    2s
     0     0 39288.6948    0   11 39033.0000 39288.6948  0.66%     -    2s
     0     0 39288.6948    0    8 39033.0000 39288.6948  0.66%     -    3s
H    0     0                    39121.000000 39288.6948  0.43%     -    3s
     0     0 39288.6948    0   21 39121.0000 39288.6948  0.43%     -    3s
H    0     0                    39174.000000 39288.6948  0.29%     -    4s
     0     0 39288.6948    0   25 39174.0000 39288.6948  0.29%     -    4s
     0     0 39288.6948    0   31 39174.0000 39288.6948  0.29%     -    4s
     0     0 39288.6948    0   12 39174.0000 39288.6948  0.29%     -    4s
     0     0 39288.6948    0   13 39174.0000 39288.6948  0.29%     -    5s
H    0     0                    39187.000000 39288.6948  0.26%     -    5s
H    0     0                    39192.000000 39288.6948  0.25%     -    5s
     0     0 39288.6345    0   20 39192.0000 39288.6345  0.25%     -    5s
     0     0 39288.6345    0   27 39192.0000 39288.6345  0.25%     -    5s
     0     0 39288.6345    0   25 39192.0000 39288.6345  0.25%     -    5s
     0     0 39288.6345    0   15 39192.0000 39288.6345  0.25%     -    5s
H    0     2                    39220.000141 39288.6345  0.17%     -    6s
     0     2 39288.6345    0   15 39220.0001 39288.6345  0.17%     -    6s
H   35    43                    39251.000000 39288.6345  0.10%  13.6    6s
  3143  2612 39287.0000  184   14 39251.0000 39288.1330  0.09%   4.8   10s
 10304  6671 39287.0000  155   13 39251.0000 39288.1330  0.09%   4.4   15s
 20689 13634 39287.3390  104   20 39251.0000 39287.3474  0.09%   3.9   20s
 34563 18721 39273.2692  355   12 39251.0000 39287.0000  0.09%   4.0   25s
 36685 18729 39253.7443   51   15 39251.0000 39287.0000  0.09%   4.0   30s
 41840 22526 39264.1429  227   15 39251.0000 39287.0000  0.09%   4.0   35s
 52492 26242     cutoff  248      39251.0000 39287.0000  0.09%   3.9   40s
 65051 26926     cutoff  253      39251.0000 39287.0000  0.09%   4.0   45s
 74685 25642 39267.5891  270   17 39251.0000 39287.0000  0.09%   4.2   50s
 81074 24529 39287.0000  248   12 39251.0000 39287.0000  0.09%   4.4   55s
 85526 24407     cutoff  253      39251.0000 39287.0000  0.09%   4.5   60s
 95869 25146     cutoff  256      39251.0000 39287.0000  0.09%   4.7   66s
 101917 26817 39287.0000  254    8 39251.0000 39287.0000  0.09%   4.8   70s
 109597 27939     cutoff  255      39251.0000 39287.0000  0.09%   4.9   75s
 118275 29525 39257.8107  278   21 39251.0000 39287.0000  0.09%   5.0   83s
 120833 30426     cutoff  256      39251.0000 39287.0000  0.09%   5.1   85s
 126922 31573     cutoff  243      39251.0000 39287.0000  0.09%   5.1   92s
 129589 32294 39287.0000  259   23 39251.0000 39287.0000  0.09%   5.1   95s
 135093 33551     cutoff  279      39251.0000 39287.0000  0.09%   5.2  100s
 143438 35957 39270.2274  248   12 39251.0000 39287.0000  0.09%   5.2  108s
 149326 37409     cutoff  246      39251.0000 39287.0000  0.09%   5.3  110s
 171762 40265 39287.0000  239   12 39251.0000 39287.0000  0.09%   5.6  115s
 180541 41336 39287.0000  247   12 39251.0000 39287.0000  0.09%   5.7  120s
 185029 44229 39283.0774  273   15 39251.0000 39287.0000  0.09%   5.7  125s
 201034 55166 39287.0000  218   11 39251.0000 39287.0000  0.09%   5.7  131s
 216054 64287 39287.0000  215    9 39251.0000 39287.0000  0.09%   5.5  135s
 228355 71156 39287.0000  260   12 39251.0000 39287.0000  0.09%   5.4  140s
 241976 78904 39287.0000  225    9 39251.0000 39287.0000  0.09%   5.4  145s
 263132 90168 39287.0000  233   16 39251.0000 39287.0000  0.09%   5.2  150s
 277717 97005 39257.9558  221    9 39251.0000 39287.0000  0.09%   5.2  156s
 285299 101612 infeasible  256      39251.0000 39287.0000  0.09%   5.1  160s
 309130 111957 39287.0000  230   14 39251.0000 39287.0000  0.09%   5.0  167s
 317887 116893 39287.0000  215   11 39251.0000 39287.0000  0.09%   5.0  170s
 340119 127603 39286.2381  250   14 39251.0000 39287.0000  0.09%   4.9  175s
 347989 129851 39270.3150  259   13 39251.0000 39287.0000  0.09%   4.9  184s
 348545 130549 39270.3150  260   11 39251.0000 39287.0000  0.09%   4.9  185s
 366414 137196 39287.0000  239    9 39251.0000 39287.0000  0.09%   4.8  190s
 381384 139065 39287.0000  263    7 39251.0000 39287.0000  0.09%   4.8  196s
 398737 145123 39280.9048  270    9 39251.0000 39287.0000  0.09%   4.7  200s
 410910 150514 39267.8432  270   11 39251.0000 39287.0000  0.09%   4.7  205s
 421541 153943 39280.9048  262   10 39251.0000 39287.0000  0.09%   4.7  210s
 435650 157938 39287.0000  246    8 39251.0000 39287.0000  0.09%   4.7  215s
 460190 165640 39254.3077  275    7 39251.0000 39287.0000  0.09%   4.6  220s
 473009 167326 39287.0000  275    8 39251.0000 39287.0000  0.09%   4.6  227s
 475663 167395 39287.0000  279    9 39251.0000 39287.0000  0.09%   4.6  230s
 487410 169276 39280.2024  266   15 39251.0000 39287.0000  0.09%   4.5  235s
 501155 172963 39287.0000  256    8 39251.0000 39287.0000  0.09%   4.5  240s
 523881 179104 39287.0000  246   13 39251.0000 39287.0000  0.09%   4.5  245s
 541332 182969 39280.9048  258    9 39251.0000 39287.0000  0.09%   4.4  250s
 552029 185788 39277.1126  271   11 39251.0000 39287.0000  0.09%   4.4  255s
 567747 190233 39287.0000  265   16 39251.0000 39287.0000  0.09%   4.4  261s
 575040 192428 39287.0000  252   14 39251.0000 39287.0000  0.09%   4.4  267s
 582473 195798 39287.0000  249   13 39251.0000 39287.0000  0.09%   4.4  271s
 591128 199629     cutoff  260      39251.0000 39287.0000  0.09%   4.4  275s
 604545 204875     cutoff  227      39251.0000 39287.0000  0.09%   4.4  280s
 615660 208408 infeasible  271      39251.0000 39287.0000  0.09%   4.3  285s
 630912 213896 infeasible  263      39251.0000 39287.0000  0.09%   4.3  290s
 645958 218111     cutoff  282      39251.0000 39287.0000  0.09%   4.3  295s
 662400 223883 39287.0000  256   10 39251.0000 39287.0000  0.09%   4.3  300s
 678902 230401 39285.1461  280   13 39251.0000 39287.0000  0.09%   4.3  305s
 691813 235073     cutoff  239      39251.0000 39287.0000  0.09%   4.3  310s
 699618 238039 39287.0000  267   11 39251.0000 39287.0000  0.09%   4.3  315s
 720424 245261 39275.2587  253   14 39251.0000 39287.0000  0.09%   4.3  320s
 735294 251125 39277.0952  267   14 39251.0000 39287.0000  0.09%   4.2  325s
 752923 260128 39280.1429  256   14 39251.0000 39287.0000  0.09%   4.2  330s
 775437 270170 39287.0000  229    8 39251.0000 39287.0000  0.09%   4.2  335s
 779970 272470     cutoff  264      39251.0000 39287.0000  0.09%   4.2  340s
 797154 279679 39270.3150  262    6 39251.0000 39287.0000  0.09%   4.2  346s
 809214 285417 39287.0000  256   15 39251.0000 39287.0000  0.09%   4.2  350s
 822593 291264 39267.1905  251   13 39251.0000 39287.0000  0.09%   4.2  355s
 840753 298014 39256.5238  255   12 39251.0000 39287.0000  0.09%   4.2  360s
 858371 304351 infeasible  258      39251.0000 39287.0000  0.09%   4.2  365s
 866762 306718     cutoff  261      39251.0000 39287.0000  0.09%   4.2  370s
 882204 309136 39280.1429  259   11 39251.0000 39287.0000  0.09%   4.1  377s
 893345 311882     cutoff  276      39251.0000 39287.0000  0.09%   4.1  381s
 904161 314814 39257.9558  263    9 39251.0000 39287.0000  0.09%   4.1  385s
 917928 318402 39287.0000  243   13 39251.0000 39287.0000  0.09%   4.1  390s
 936714 322392 39269.0791  271    7 39251.0000 39287.0000  0.09%   4.1  395s
 952552 325229 39255.0000  264   10 39251.0000 39287.0000  0.09%   4.1  400s
 974971 329189 39261.6635  269   10 39251.0000 39287.0000  0.09%   4.1  406s
 985923 331256 39287.0000  265    8 39251.0000 39287.0000  0.09%   4.1  410s
 996642 333296 39285.1461  273    8 39251.0000 39287.0000  0.09%   4.1  416s
 1020160 338717 39287.0000  250   12 39251.0000 39287.0000  0.09%   4.1  424s
 1020461 341781     cutoff  250      39251.0000 39287.0000  0.09%   4.1  427s
 1032473 342026 39287.0000  268   12 39251.0000 39287.0000  0.09%   4.1  430s
 1052511 348386 39287.0000  251   12 39251.0000 39287.0000  0.09%   4.0  436s
 1075662 357994 39287.0000  263   12 39251.0000 39287.0000  0.09%   4.0  440s
 1080898 359387 infeasible  275      39251.0000 39287.0000  0.09%   4.0  446s
 1089138 362674 39287.0000  256    9 39251.0000 39287.0000  0.09%   4.1  450s
 1091368 363200 39287.0000  269    9 39251.0000 39287.0000  0.09%   4.1  455s
 1103591 368105 39287.0000  264   17 39251.0000 39287.0000  0.09%   4.1  460s
 1116003 372598 39287.0000  235   13 39251.0000 39287.0000  0.09%   4.1  465s
 1139154 379130     cutoff  254      39251.0000 39287.0000  0.09%   4.1  470s
 1149368 382708 39280.1429  264    8 39251.0000 39287.0000  0.09%   4.1  475s
 1170281 388508 39287.0000  269   12 39251.0000 39287.0000  0.09%   4.1  480s
 1185108 393263 39287.0000  261   12 39251.0000 39287.0000  0.09%   4.1  486s
 1199805 399066 39282.0563  278   12 39251.0000 39287.0000  0.09%   4.1  490s
 1213439 404782 39267.3846  277   12 39251.0000 39287.0000  0.09%   4.1  495s
 1229926 410536     cutoff  281      39251.0000 39287.0000  0.09%   4.1  500s
 1246224 414115 39287.0000  270   10 39251.0000 39287.0000  0.09%   4.1  505s
 1264748 419662 39283.2922  271   12 39251.0000 39287.0000  0.09%   4.1  512s
 1273638 421743     cutoff  259      39251.0000 39287.0000  0.09%   4.1  515s
 1282113 424495 39287.0000  256   13 39251.0000 39287.0000  0.09%   4.1  520s
 1298454 430993 39261.5000  214    9 39251.0000 39287.0000  0.09%   4.1  526s
 1314903 436847 39264.1354  268    5 39251.0000 39287.0000  0.09%   4.1  531s
 1325612 439579 39261.8571  264    9 39251.0000 39287.0000  0.09%   4.1  536s
 1333877 442740 39280.1429  267   12 39251.0000 39287.0000  0.09%   4.1  540s
 1355312 447913 39282.6743  266   10 39251.0000 39287.0000  0.09%   4.1  545s
 1371981 451811 39287.0000  219   10 39251.0000 39287.0000  0.09%   4.1  550s
 1391791 461774 39287.0000  246   13 39251.0000 39287.0000  0.09%   4.1  555s
 1404840 467718 39287.0000  288    8 39251.0000 39287.0000  0.09%   4.1  560s
 1416042 472347 39287.0000  257   16 39251.0000 39287.0000  0.09%   4.1  565s
 1424966 476152 39266.4286  287   13 39251.0000 39287.0000  0.09%   4.1  572s
 1438382 481269 39287.0000  270   10 39251.0000 39287.0000  0.09%   4.1  575s
 1450777 484722 39282.6743  285   12 39251.0000 39287.0000  0.09%   4.1  580s
 1469085 491548 39287.0000  241   12 39251.0000 39287.0000  0.09%   4.1  585s
 1479990 495386     cutoff  290      39251.0000 39287.0000  0.09%   4.1  590s
 1501123 500725 39283.9102  295   12 39251.0000 39287.0000  0.09%   4.1  595s
 1514913 505947 39272.1689  288    8 39251.0000 39287.0000  0.09%   4.1  600s
 1529839 511322 39282.0563  282   10 39251.0000 39287.0000  0.09%   4.1  605s
 1546681 514153 39276.4946  298   12 39251.0000 39287.0000  0.09%   4.2  610s
 1551206 515389 39287.0000  291   10 39251.0000 39287.0000  0.09%   4.2  615s
 1564935 519106 39287.0000  293   11 39251.0000 39287.0000  0.09%   4.2  620s
 1580450 522655 39287.0000  295    8 39251.0000 39287.0000  0.09%   4.2  625s
 1601145 527223 39283.9524  245   14 39251.0000 39287.0000  0.09%   4.2  630s
 1617855 530213 39282.0563  289   13 39251.0000 39287.0000  0.09%   4.2  635s
 1637664 534942 infeasible  282      39251.0000 39287.0000  0.09%   4.3  640s
 1653643 540087 infeasible  257      39251.0000 39287.0000  0.09%   4.3  645s
 1660315 542021 39281.4383  242   11 39251.0000 39287.0000  0.09%   4.3  652s
 1672373 546333 39287.0000  260    8 39251.0000 39287.0000  0.09%   4.3  655s
 1686451 552725 39287.0000  219   14 39251.0000 39287.0000  0.09%   4.3  660s
 1703679 558585 39287.0000  252   10 39251.0000 39287.0000  0.09%   4.3  665s
 1712832 561106 39275.2587  270    8 39251.0000 39287.0000  0.09%   4.3  670s
 1734947 568102 39287.0000  250   13 39251.0000 39287.0000  0.09%   4.3  676s
 1751347 574660 39282.0563  264   11 39251.0000 39287.0000  0.09%   4.3  680s
 1765059 579302 39287.0000  287   11 39251.0000 39287.0000  0.09%   4.3  685s
 1770965 581537 39287.0000  257    9 39251.0000 39287.0000  0.09%   4.3  690s
 1782794 584814 39287.0000  282    9 39251.0000 39287.0000  0.09%   4.3  696s
 1796631 588324     cutoff  292      39251.0000 39287.0000  0.09%   4.3  700s
 1816762 592996 39287.0000  286   10 39251.0000 39287.0000  0.09%   4.4  705s
 1829379 595462 39256.7198  286    6 39251.0000 39287.0000  0.09%   4.4  710s
 1845678 597938 39287.0000  294    9 39251.0000 39287.0000  0.09%   4.4  715s
 1855583 599132     cutoff  299      39251.0000 39287.0000  0.09%   4.4  720s
 1878774 601703 39287.0000  296   11 39251.0000 39287.0000  0.09%   4.4  732s
 1890276 603404 39257.2857  307   11 39251.0000 39287.0000  0.09%   4.4  735s
 1904977 605969 39287.0000  285   11 39251.0000 39287.0000  0.09%   4.4  740s
 1920632 608798 39287.0000  259   13 39251.0000 39287.0000  0.09%   4.4  745s
 1939248 611377     cutoff  246      39251.0000 39287.0000  0.09%   4.4  750s
 1961767 614959 39287.0000  270   12 39251.0000 39287.0000  0.09%   4.4  755s
 1976601 617714 39287.0000  260   11 39251.0000 39287.0000  0.09%   4.4  760s
 1998217 621437     cutoff  290      39251.0000 39287.0000  0.09%   4.5  765s
 2015157 623872 39287.0000  289   10 39251.0000 39287.0000  0.09%   4.5  770s
 2034405 626946 39287.0000  286    9 39251.0000 39287.0000  0.09%   4.5  776s
 2051689 629373 39287.0000  264   13 39251.0000 39287.0000  0.09%   4.5  780s
 2056122 629802 39287.0000  286   11 39251.0000 39287.0000  0.09%   4.5  786s
 2069231 631178 39287.0000  262   12 39251.0000 39287.0000  0.09%   4.5  791s
 2090934 633304 39287.0000  283   14 39251.0000 39287.0000  0.09%   4.5  795s
 2101614 633968 39287.0000  292    9 39251.0000 39287.0000  0.09%   4.5  800s
 2122297 635341 39282.6743  293   12 39251.0000 39287.0000  0.09%   4.5  806s
 2127636 636074 39282.0563  280   11 39251.0000 39287.0000  0.09%   4.5  812s
 2140269 637885     cutoff  269      39251.0000 39287.0000  0.09%   4.5  815s
 2157439 640561 infeasible  244      39251.0000 39287.0000  0.09%   4.6  820s
 2173342 643795     cutoff  283      39251.0000 39287.0000  0.09%   4.6  825s
 2190793 646953     cutoff  274      39251.0000 39287.0000  0.09%   4.6  830s
 2203272 648994 39287.0000  254   12 39251.0000 39287.0000  0.09%   4.6  837s
 2215385 650797     cutoff  288      39251.0000 39287.0000  0.09%   4.6  841s
 2234367 652962     cutoff  278      39251.0000 39287.0000  0.09%   4.6  846s
 2251794 655473 39283.2922  291   12 39251.0000 39287.0000  0.09%   4.6  850s
 2255697 655807 39254.8660  287   11 39251.0000 39287.0000  0.09%   4.6  855s
 2264207 656752 39280.8204  283    8 39251.0000 39287.0000  0.09%   4.6  860s
 2277980 658468 39287.0000  280   12 39251.0000 39287.0000  0.09%   4.6  865s
 2294688 660429 39264.7534  295    6 39251.0000 39287.0000  0.09%   4.7  870s
 2317523 663215     cutoff  282      39251.0000 39287.0000  0.09%   4.7  876s
 2322019 663686 39287.0000  280    9 39251.0000 39287.0000  0.09%   4.7  882s
 2337336 664890 39261.6635  286    8 39251.0000 39287.0000  0.09%   4.7  887s
 2348394 666642 39287.0000  254   12 39251.0000 39287.0000  0.09%   4.7  890s
 2368348 670512 infeasible  289      39251.0000 39287.0000  0.09%   4.7  895s
 2382762 673170 infeasible  288      39251.0000 39287.0000  0.09%   4.7  900s
 2396256 675959 39275.2587  284   11 39251.0000 39287.0000  0.09%   4.7  905s
 2410731 680420 39287.0000  288   11 39251.0000 39287.0000  0.09%   4.7  910s
 2415755 682248 39287.0000  282    9 39251.0000 39287.0000  0.09%   4.7  915s
 2428943 686055     cutoff  236      39251.0000 39287.0000  0.09%   4.7  920s
 2453846 695627 39278.9665  286   10 39251.0000 39287.0000  0.09%   4.8  925s
 2465962 700602 infeasible  288      39251.0000 39287.0000  0.09%   4.8  930s
 2490244 709433     cutoff  258      39251.0000 39287.0000  0.09%   4.8  936s
 2505849 714564 39279.5845  290   12 39251.0000 39287.0000  0.09%   4.8  942s
 2506443 714856     cutoff  250      39251.0000 39287.0000  0.09%   4.8  945s
 2520700 719081 39287.0000  238   12 39251.0000 39287.0000  0.09%   4.8  950s
 2536630 724338 39272.7869  263   14 39251.0000 39287.0000  0.09%   4.8  955s
 2548510 728688     cutoff  263      39251.0000 39287.0000  0.09%   4.8  960s
 2558354 731736 39287.0000  271   12 39251.0000 39287.0000  0.09%   4.8  969s
 2560986 733449 39272.1689  262   10 39251.0000 39287.0000  0.09%   4.8  970s
 2575859 738776 39287.0000  238   15 39251.0000 39287.0000  0.09%   4.8  976s
 2583160 741397 39267.8432  274    8 39251.0000 39287.0000  0.09%   4.8  980s
 2599208 746670 39287.0000  266   14 39251.0000 39287.0000  0.09%   4.8  986s
 2617071 752669 39287.0000  241   13 39251.0000 39287.0000  0.09%   4.8  992s
 2630247 756669 39287.0000  271    9 39251.0000 39287.0000  0.09%   4.8  995s
 2636265 758262 infeasible  279      39251.0000 39287.0000  0.09%   4.8 1001s
 2648887 762879     cutoff  287      39251.0000 39287.0000  0.09%   4.8 1005s
 2661896 767258 39287.0000  254   13 39251.0000 39287.0000  0.09%   4.8 1010s
 2673981 773814 39256.1019  223   15 39251.0000 39287.0000  0.09%   4.8 1015s
 2685693 779229 39287.0000  252   11 39251.0000 39287.0000  0.09%   4.8 1020s
 2693876 783442 39287.0000  262   14 39251.0000 39287.0000  0.09%   4.8 1025s
 2703508 787390     cutoff  273      39251.0000 39287.0000  0.09%   4.8 1033s
 2705818 789274     cutoff  279      39251.0000 39287.0000  0.09%   4.8 1036s
 2710356 791622 infeasible  266      39251.0000 39287.0000  0.09%   4.8 1040s
 2732561 800194     cutoff  263      39251.0000 39287.0000  0.09%   4.8 1045s
 2743599 804409 39287.0000  272   12 39251.0000 39287.0000  0.09%   4.8 1050s
 2762593 811644 39287.0000  261   11 39251.0000 39287.0000  0.09%   4.8 1055s
 2778597 816927     cutoff  279      39251.0000 39287.0000  0.09%   4.8 1060s
 2792929 820788 39282.0563  271   10 39251.0000 39287.0000  0.09%   4.8 1065s
 2813701 825252 39287.0000  276   13 39251.0000 39287.0000  0.09%   4.8 1071s
 2819403 826693 39287.0000  270    9 39251.0000 39287.0000  0.09%   4.8 1077s
 2837061 831209 infeasible  278      39251.0000 39287.0000  0.09%   4.8 1080s
 2846174 835996     cutoff  274      39251.0000 39287.0000  0.09%   4.8 1086s
 2870947 839613     cutoff  281      39251.0000 39287.0000  0.09%   4.8 1090s
 2883862 842613 39287.0000  268   13 39251.0000 39287.0000  0.09%   4.8 1095s
 2908154 847658     cutoff  276      39251.0000 39287.0000  0.09%   4.8 1101s
 2925917 851636 39287.0000  211   13 39251.0000 39287.0000  0.09%   4.8 1105s
 2930061 852259 39254.8660  280    5 39251.0000 39287.0000  0.09%   4.8 1110s
 2949679 856326     cutoff  275      39251.0000 39287.0000  0.09%   4.8 1115s
 2965078 859104     cutoff  268      39251.0000 39287.0000  0.09%   4.8 1120s
 2984991 862999 39256.7198  259    9 39251.0000 39287.0000  0.09%   4.8 1126s
 2987306 863583 39287.0000  268   12 39251.0000 39287.0000  0.09%   4.8 1130s
 3009529 868133 39287.0000  279   11 39251.0000 39287.0000  0.09%   4.8 1137s
 3022871 871399 39264.7534  260   10 39251.0000 39287.0000  0.09%   4.8 1140s
 3041867 875269 39255.7619  265   15 39251.0000 39287.0000  0.09%   4.8 1145s
 3064446 879615 39282.6743  272   12 39251.0000 39287.0000  0.09%   4.8 1151s
 3079042 883680 39287.0000  285   12 39251.0000 39287.0000  0.09%   4.8 1155s
 3086732 885813 39287.0000  258   10 39251.0000 39287.0000  0.09%   4.8 1160s
 3100118 889526 39287.0000  269   12 39251.0000 39287.0000  0.09%   4.8 1165s
 3113685 892561     cutoff  256      39251.0000 39287.0000  0.09%   4.8 1170s
 3126473 896625 39287.0000  270   13 39251.0000 39287.0000  0.09%   4.8 1175s
 3141925 901388 39287.0000  270   10 39251.0000 39287.0000  0.09%   4.8 1180s
 3155777 905097 39287.0000  266   12 39251.0000 39287.0000  0.09%   4.8 1185s
 3169631 908651     cutoff  278      39251.0000 39287.0000  0.09%   4.8 1190s
 3171695 908827 39287.0000  265   18 39251.0000 39287.0000  0.09%   4.8 1196s
 3182290 911939     cutoff  281      39251.0000 39287.0000  0.09%   4.8 1200s
 3199030 916470 39266.6072  245   14 39251.0000 39287.0000  0.09%   4.8 1206s
 3213394 919749 39287.0000  274   10 39251.0000 39287.0000  0.09%   4.8 1210s
 3229635 924676 39275.2587  293   11 39251.0000 39287.0000  0.09%   4.8 1215s
 3246216 932113 39256.7198  292   11 39251.0000 39287.0000  0.09%   4.8 1221s
 3256789 936756 39287.0000  250   14 39251.0000 39287.0000  0.09%   4.8 1225s
 3273708 944637 39283.9524  251   12 39251.0000 39287.0000  0.09%   4.8 1230s
 3275721 947929 39287.0000  222   13 39251.0000 39287.0000  0.09%   4.8 1236s
 3285226 950591     cutoff  271      39251.0000 39287.0000  0.09%   4.8 1240s
 3307763 959988     cutoff  227      39251.0000 39287.0000  0.09%   4.8 1245s
 3326795 967820 39287.0000  232   13 39251.0000 39287.0000  0.09%   4.8 1250s
 3340028 972908     cutoff  266      39251.0000 39287.0000  0.09%   4.8 1255s
 3350700 977247 39287.0000  232   12 39251.0000 39287.0000  0.09%   4.8 1260s
 3366298 983424 39287.0000  228   15 39251.0000 39287.0000  0.09%   4.8 1265s
 3379779 988881     cutoff  251      39251.0000 39287.0000  0.09%   4.8 1270s
 3394660 994361 39287.0000  232   10 39251.0000 39287.0000  0.09%   4.8 1275s
 3410706 1000576 39287.0000  237    9 39251.0000 39287.0000  0.09%   4.8 1280s
 3422422 1004050 39287.0000  255   15 39251.0000 39287.0000  0.09%   4.8 1286s
 3433244 1007971 39287.0000  258   15 39251.0000 39287.0000  0.09%   4.8 1290s
 3447437 1012914     cutoff  243      39251.0000 39287.0000  0.09%   4.8 1295s
 3463110 1017363 39287.0000  282    9 39251.0000 39287.0000  0.09%   4.8 1300s
 3480235 1023547 39287.0000  256   14 39251.0000 39287.0000  0.09%   4.8 1305s
 3484888 1024567 39266.6072  253   13 39251.0000 39287.0000  0.09%   4.8 1311s
 3490150 1026330 39275.8767  292   13 39251.0000 39287.0000  0.09%   4.8 1315s
 3509117 1035752 39287.0000  261   14 39251.0000 39287.0000  0.09%   4.9 1320s
 3520088 1041934 39287.0000  234   10 39251.0000 39287.0000  0.09%   4.9 1325s
 3536776 1050174 39263.5174  253   15 39251.0000 39287.0000  0.09%   4.9 1330s
 3549215 1056397 39270.6538  273    9 39251.0000 39287.0000  0.09%   4.9 1335s
 3562406 1062504 39287.0000  229   11 39251.0000 39287.0000  0.09%   4.9 1340s
 3574699 1069158 39287.0000  237   14 39251.0000 39287.0000  0.09%   4.9 1345s
 3587779 1074334 39287.0000  242   12 39251.0000 39287.0000  0.09%   4.9 1350s
 3604914 1081744 39287.0000  243   14 39251.0000 39287.0000  0.09%   4.9 1355s
 3616046 1087178     cutoff  260      39251.0000 39287.0000  0.09%   4.9 1363s
 3616441 1087411 39287.0000  243    8 39251.0000 39287.0000  0.09%   4.9 1365s
 3626486 1090980 39287.0000  276   12 39251.0000 39287.0000  0.09%   4.9 1370s
 3637043 1095383 39287.0000  272   11 39251.0000 39287.0000  0.09%   4.9 1375s
 3651233 1100802     cutoff  252      39251.0000 39287.0000  0.09%   4.9 1380s
 3663273 1105642     cutoff  263      39251.0000 39287.0000  0.09%   4.9 1385s
 3680221 1112698     cutoff  282      39251.0000 39287.0000  0.09%   4.9 1390s
 3699522 1122663 39287.0000  243   16 39251.0000 39287.0000  0.09%   4.9 1396s
 3706383 1125783 39287.0000  254   16 39251.0000 39287.0000  0.09%   4.9 1402s
 3715511 1130439 39277.1126  257   13 39251.0000 39287.0000  0.09%   4.9 1406s
 3730053 1137877 39287.0000  245   14 39251.0000 39287.0000  0.09%   4.9 1410s
 3739901 1142615 39268.4611  234   15 39251.0000 39287.0000  0.09%   4.9 1415s
 3757533 1150786 39287.0000  226   15 39251.0000 39287.0000  0.09%   4.9 1420s
 3770401 1155967 39287.0000  244   13 39251.0000 39287.0000  0.09%   4.9 1425s
 3787870 1163663 39271.9615  250   14 39251.0000 39287.0000  0.09%   4.9 1430s
 3788578 1163805     cutoff  262      39251.0000 39287.0000  0.09%   4.9 1437s
 3801073 1170661 39287.0000  230   13 39251.0000 39287.0000  0.09%   4.9 1440s
 3816787 1178094 39287.0000  227   12 39251.0000 39287.0000  0.09%   4.9 1445s
 3834910 1186848 39287.0000  259   15 39251.0000 39287.0000  0.09%   4.9 1450s
 3847313 1192949 39287.0000  233   15 39251.0000 39287.0000  0.09%   4.9 1455s
 3869401 1202027 39287.0000  255   12 39251.0000 39287.0000  0.09%   4.9 1460s
 3884812 1208175     cutoff  261      39251.0000 39287.0000  0.09%   4.9 1466s
 3902737 1213720 39287.0000  236   10 39251.0000 39287.0000  0.09%   4.9 1470s
 3913097 1217396 infeasible  273      39251.0000 39287.0000  0.09%   4.9 1479s
 3913432 1221988     cutoff  272      39251.0000 39287.0000  0.09%   4.9 1482s
 3926015 1223267 39287.0000  268   12 39251.0000 39287.0000  0.09%   4.9 1485s
 3935759 1227550     cutoff  283      39251.0000 39287.0000  0.09%   4.9 1490s
 3949876 1234821 39287.0000  250   12 39251.0000 39287.0000  0.09%   4.9 1495s
 3966158 1241950     cutoff  232      39251.0000 39287.0000  0.09%   4.9 1501s
 3976913 1247404 39287.0000  261   14 39251.0000 39287.0000  0.09%   4.9 1505s
 3992910 1254969 39287.0000  227   16 39251.0000 39287.0000  0.09%   4.9 1510s
 4010781 1262622     cutoff  254      39251.0000 39287.0000  0.09%   4.9 1516s
 4024957 1268325 infeasible  263      39251.0000 39287.0000  0.09%   4.9 1521s
 4039921 1273963     cutoff  267      39251.0000 39287.0000  0.09%   4.9 1526s
 4046566 1277544 infeasible  288      39251.0000 39287.0000  0.09%   4.9 1531s
 4056175 1281852 39287.0000  232   11 39251.0000 39287.0000  0.09%   4.9 1535s
 4068714 1287625 39287.0000  256   15 39251.0000 39287.0000  0.09%   4.9 1540s
 4087299 1295455     cutoff  260      39251.0000 39287.0000  0.09%   4.9 1546s
 4099127 1300618 39287.0000  260   14 39251.0000 39287.0000  0.09%   4.9 1550s
 4104532 1302694     cutoff  251      39251.0000 39287.0000  0.09%   4.9 1555s
 4115008 1307550 39262.6190  267   11 39251.0000 39287.0000  0.09%   4.9 1560s
 4128348 1313762     cutoff  253      39251.0000 39287.0000  0.09%   4.9 1565s
 4140103 1318214 39287.0000  238   11 39251.0000 39287.0000  0.09%   4.9 1570s
 4149093 1321228 39272.7869  282   10 39251.0000 39287.0000  0.09%   4.9 1575s
 4161607 1325747 39287.0000  256   13 39251.0000 39287.0000  0.09%   4.9 1581s
 4180728 1332299 39278.3485  263   13 39251.0000 39287.0000  0.09%   4.9 1586s
 4191187 1335303 39279.5845  261   11 39251.0000 39287.0000  0.09%   4.9 1590s
 4204246 1339535 39287.0000  258   15 39251.0000 39287.0000  0.09%   4.9 1596s
 4211301 1341363 39287.0000  250   10 39251.0000 39287.0000  0.09%   4.9 1604s
 4211536 1341777 39287.0000  251   10 39251.0000 39287.0000  0.09%   4.9 1606s
 4229169 1347618 39256.1019  281    6 39251.0000 39287.0000  0.09%   4.9 1611s
 4241395 1351907 39287.0000  268   12 39251.0000 39287.0000  0.09%   4.9 1615s
 4257009 1358783 39287.0000  241   10 39251.0000 39287.0000  0.09%   4.9 1620s
 4271456 1365234 39283.9102  260   13 39251.0000 39287.0000  0.09%   4.9 1625s
 4285707 1371172 39265.6667  255   13 39251.0000 39287.0000  0.09%   4.9 1630s
 4298551 1375441 39287.0000  255    9 39251.0000 39287.0000  0.09%   4.9 1636s
 4317976 1382348 39256.1019  272   14 39251.0000 39287.0000  0.09%   4.9 1640s
 4332538 1387176     cutoff  250      39251.0000 39287.0000  0.09%   4.9 1645s
 4354093 1394033     cutoff  263      39251.0000 39287.0000  0.09%   4.9 1650s
 4367303 1397199 infeasible  252      39251.0000 39287.0000  0.09%   4.9 1655s
 4374538 1399751 39287.0000  250   12 39251.0000 39287.0000  0.09%   4.9 1660s
 4391216 1404745 39285.1461  257   13 39251.0000 39287.0000  0.09%   4.9 1665s
 4405903 1408380 39287.0000  238   11 39251.0000 39287.0000  0.09%   4.9 1670s
 4418373 1412175     cutoff  275      39251.0000 39287.0000  0.09%   4.9 1675s
 4437276 1417784     cutoff  282      39251.0000 39287.0000  0.09%   4.9 1680s
 4451999 1421546 39287.0000  274   12 39251.0000 39287.0000  0.09%   4.9 1685s
 4467425 1426097 39287.0000  265   10 39251.0000 39287.0000  0.09%   4.9 1691s
 4481319 1430051 infeasible  251      39251.0000 39287.0000  0.09%   4.9 1699s
 4483720 1431143     cutoff  283      39251.0000 39287.0000  0.09%   4.9 1701s
 4492859 1433455     cutoff  283      39251.0000 39287.0000  0.09%   4.9 1705s
 4507072 1436100     cutoff  249      39251.0000 39287.0000  0.09%   4.9 1710s
 4525376 1439840 infeasible  236      39251.0000 39287.0000  0.09%   4.9 1715s
 4532297 1441243     cutoff  280      39251.0000 39287.0000  0.09%   4.9 1720s
 4543345 1444111 39256.7198  238   13 39251.0000 39287.0000  0.09%   4.9 1725s
 4557979 1447800 39255.7619  290   11 39251.0000 39287.0000  0.09%   4.9 1730s
 4572358 1451035     cutoff  287      39251.0000 39287.0000  0.09%   4.9 1738s
 4572973 1451192     cutoff  280      39251.0000 39287.0000  0.09%   4.9 1740s
 4589573 1454544 39287.0000  227   13 39251.0000 39287.0000  0.09%   4.9 1745s
 4601946 1456854 39257.9558  280   13 39251.0000 39287.0000  0.09%   4.9 1750s
 4614307 1459111 39287.0000  265   13 39251.0000 39287.0000  0.09%   4.9 1755s
 4624602 1460543 39278.3485  296   11 39251.0000 39287.0000  0.09%   5.0 1760s
 4637042 1463014     cutoff  281      39251.0000 39287.0000  0.09%   5.0 1765s
 4638643 1463067 39278.3485  285   11 39251.0000 39287.0000  0.09%   5.0 1770s
 4649596 1464953 39287.0000  273   11 39251.0000 39287.0000  0.09%   5.0 1775s
 4663448 1467270 39271.0000  289   11 39251.0000 39287.0000  0.09%   5.0 1780s
 4686706 1471155 39287.0000  289   11 39251.0000 39287.0000  0.09%   5.0 1786s
 4700040 1474544 39287.0000  279    8 39251.0000 39287.0000  0.09%   5.0 1790s
 4712782 1477828 infeasible  290      39251.0000 39287.0000  0.09%   5.0 1795s
 4728717 1480286 infeasible  282      39251.0000 39287.0000  0.09%   5.0 1800s
 4742389 1482161 39279.5845  278   10 39251.0000 39287.0000  0.09%   5.0 1808s
 4742732 1482193 39263.5174  279    6 39251.0000 39287.0000  0.09%   5.0 1811s
 4760962 1485670 39287.0000  263   10 39251.0000 39287.0000  0.09%   5.0 1815s
 4775384 1488503 39287.0000  268   12 39251.0000 39287.0000  0.09%   5.0 1820s
 4792267 1491569 39266.6072  280    9 39251.0000 39287.0000  0.09%   5.0 1825s
 4804135 1494181     cutoff  297      39251.0000 39287.0000  0.09%   5.0 1830s
 4822041 1498360     cutoff  287      39251.0000 39287.0000  0.09%   5.0 1835s
 4838036 1501296 39252.7143  244   10 39251.0000 39287.0000  0.09%   5.0 1841s
 4846004 1503501 39287.0000  278    8 39251.0000 39287.0000  0.09%   5.0 1845s
 4865029 1508430 39263.0682  293   10 39251.0000 39287.0000  0.09%   5.0 1850s
 4880668 1513006 39276.4946  276   13 39251.0000 39287.0000  0.09%   5.0 1855s
 4887871 1514718     cutoff  268      39251.0000 39287.0000  0.09%   5.0 1861s
 4895991 1517505 39287.0000  286   13 39251.0000 39287.0000  0.09%   5.0 1866s
 4904697 1519781     cutoff  285      39251.0000 39287.0000  0.09%   5.0 1870s
 4923205 1523925 infeasible  277      39251.0000 39287.0000  0.09%   5.0 1875s
 4937094 1528135     cutoff  288      39251.0000 39287.0000  0.09%   5.0 1880s
 4952041 1532178 39279.5845  286   11 39251.0000 39287.0000  0.09%   5.0 1885s
 4962774 1535436     cutoff  273      39251.0000 39287.0000  0.09%   5.0 1890s
 4979830 1541383 39257.9558  296   10 39251.0000 39287.0000  0.09%   5.0 1895s
 4986855 1543393 39287.0000  237   12 39251.0000 39287.0000  0.09%   5.0 1900s
 5002044 1549492     cutoff  245      39251.0000 39287.0000  0.09%   5.0 1905s
 5014527 1553349 39287.0000  259   12 39251.0000 39287.0000  0.09%   5.0 1910s
 5030270 1557696     cutoff  262      39251.0000 39287.0000  0.09%   5.0 1917s
 5035707 1560153 39287.0000  252    8 39251.0000 39287.0000  0.09%   5.0 1920s
 5039695 1560808 39287.0000  247   10 39251.0000 39287.0000  0.09%   5.0 1925s
 5052329 1565247     cutoff  268      39251.0000 39287.0000  0.09%   5.0 1930s
 5064623 1569604 39272.7869  270   12 39251.0000 39287.0000  0.09%   5.0 1935s
 5078574 1574973 39287.0000  283   12 39251.0000 39287.0000  0.09%   5.0 1940s
 5089855 1578089 infeasible  288      39251.0000 39287.0000  0.09%   5.0 1945s
 5104255 1582188     cutoff  280      39251.0000 39287.0000  0.09%   5.0 1951s
 5113273 1584613 39255.7619  254   11 39251.0000 39287.0000  0.09%   5.0 1956s
 5123765 1588120 39282.6743  291   11 39251.0000 39287.0000  0.09%   5.0 1960s
 5141921 1592904     cutoff  286      39251.0000 39287.0000  0.09%   5.0 1966s
 5150399 1595456 39287.0000  263   12 39251.0000 39287.0000  0.09%   5.0 1970s
 5156488 1596540     cutoff  294      39251.0000 39287.0000  0.09%   5.0 1976s
 5165853 1599417 39282.6743  276   15 39251.0000 39287.0000  0.09%   5.0 1980s
 5182455 1603443 39267.2252  289   15 39251.0000 39287.0000  0.09%   5.0 1985s
 5198630 1607380     cutoff  239      39251.0000 39287.0000  0.09%   5.0 1990s
 5212761 1611268 39287.0000  277   14 39251.0000 39287.0000  0.09%   5.0 1996s
 5225157 1615396     cutoff  289      39251.0000 39287.0000  0.09%   5.0 2001s
 5235597 1618158 39287.0000  262   11 39251.0000 39287.0000  0.09%   5.0 2008s
 5242732 1620661     cutoff  281      39251.0000 39287.0000  0.09%   5.0 2010s
 5254679 1624710 39287.0000  280   12 39251.0000 39287.0000  0.09%   5.0 2016s
 5269114 1629095 39287.0000  287   11 39251.0000 39287.0000  0.09%   5.0 2020s
 5281083 1633002 39284.7143  285   13 39251.0000 39287.0000  0.09%   5.0 2025s
 5295639 1637260 39257.9558  277   13 39251.0000 39287.0000  0.09%   5.0 2030s
 5307915 1640642 39264.7534  287   13 39251.0000 39287.0000  0.09%   5.0 2035s
 5324258 1646047 39277.7306  282   11 39251.0000 39287.0000  0.09%   5.0 2040s
 5331687 1647893 39287.0000  277   11 39251.0000 39287.0000  0.09%   5.0 2045s
 5341730 1651331 infeasible  288      39251.0000 39287.0000  0.09%   5.0 2050s
 5355657 1655295 39266.6072  288   11 39251.0000 39287.0000  0.09%   5.0 2055s
 5371225 1660234 39287.0000  285   13 39251.0000 39287.0000  0.09%   5.0 2060s
 5389563 1665395 39287.0000  237   12 39251.0000 39287.0000  0.09%   5.0 2065s
 5395664 1666692     cutoff  287      39251.0000 39287.0000  0.09%   5.0 2071s
 5407884 1669881     cutoff  297      39251.0000 39287.0000  0.09%   5.0 2077s
 5416267 1672229 39280.8204  288   12 39251.0000 39287.0000  0.09%   5.0 2080s
 5429588 1675885     cutoff  249      39251.0000 39287.0000  0.09%   5.0 2085s
 5444597 1679582 39287.0000  283   14 39251.0000 39287.0000  0.09%   5.1 2090s
 5460551 1683626 39275.8767  262   12 39251.0000 39287.0000  0.09%   5.1 2095s
 5476370 1688088 39287.0000  255   16 39251.0000 39287.0000  0.09%   5.1 2100s
 5487252 1691367     cutoff  304      39251.0000 39287.0000  0.09%   5.1 2105s
 5497239 1693611 39282.0563  273   11 39251.0000 39287.0000  0.09%   5.1 2110s
 5513389 1697301 39287.0000  231   14 39251.0000 39287.0000  0.09%   5.1 2116s
 5516107 1697729 39287.0000  294   10 39251.0000 39287.0000  0.09%   5.1 2120s
 5519094 1698658 39287.0000  279   12 39251.0000 39287.0000  0.09%   5.1 2125s
 5529975 1700797 39287.0000  292    9 39251.0000 39287.0000  0.09%   5.1 2130s
 5542632 1703871 39287.0000  274   11 39251.0000 39287.0000  0.09%   5.1 2135s
 5554247 1706356 39287.0000  250   16 39251.0000 39287.0000  0.09%   5.1 2140s
 5573551 1712411 39287.0000  255   10 39251.0000 39287.0000  0.09%   5.1 2146s
 5584990 1716927 39287.0000  257   13 39251.0000 39287.0000  0.09%   5.1 2152s
 5590150 1718948 39270.3150  262    8 39251.0000 39287.0000  0.09%   5.1 2156s
 5603889 1722504 39277.1126  269   11 39251.0000 39287.0000  0.09%   5.1 2161s
 5612946 1725516 39267.8432  281   10 39251.0000 39287.0000  0.09%   5.1 2165s
 5625660 1729185 39287.0000  260   14 39251.0000 39287.0000  0.09%   5.1 2170s
 5633511 1731441 39287.0000  215   14 39251.0000 39287.0000  0.09%   5.1 2176s
 5641094 1734858 39287.0000  245   16 39251.0000 39287.0000  0.09%   5.1 2180s
 5655778 1742746 39268.4611  227   11 39251.0000 39287.0000  0.09%   5.1 2185s
 5668218 1747907     cutoff  264      39251.0000 39287.0000  0.09%   5.1 2190s
 5683089 1753228 39264.7534  267    8 39251.0000 39287.0000  0.09%   5.1 2195s
 5698815 1759761 39287.0000  228   11 39251.0000 39287.0000  0.09%   5.1 2200s
 5713019 1765127 39287.0000  249   15 39251.0000 39287.0000  0.09%   5.1 2205s
 5724291 1768903 39287.0000  245   10 39251.0000 39287.0000  0.09%   5.1 2210s
 5731432 1772340     cutoff  261      39251.0000 39287.0000  0.09%   5.1 2215s
 5743728 1776267 39287.0000  252   14 39251.0000 39287.0000  0.09%   5.1 2220s
 5763121 1782333     cutoff  261      39251.0000 39287.0000  0.09%   5.1 2226s
 5780698 1787971     cutoff  275      39251.0000 39287.0000  0.09%   5.1 2230s
 5794439 1791867     cutoff  274      39251.0000 39287.0000  0.09%   5.1 2235s
 5804846 1795913 39287.0000  257   12 39251.0000 39287.0000  0.09%   5.1 2240s
 5810969 1796699 39287.0000  236   13 39251.0000 39287.0000  0.09%   5.1 2245s
 5823606 1799226     cutoff  259      39251.0000 39287.0000  0.09%   5.1 2250s
 5842344 1804868 39287.0000  264    8 39251.0000 39287.0000  0.09%   5.1 2255s
 5851238 1808365 39282.0563  258   12 39251.0000 39287.0000  0.09%   5.1 2260s
 5870327 1814495 39268.4611  237   10 39251.0000 39287.0000  0.09%   5.1 2266s
 5885779 1819956 39262.2815  257   11 39251.0000 39287.0000  0.09%   5.1 2270s
 5897742 1825009 39287.0000  233   12 39251.0000 39287.0000  0.09%   5.1 2275s
 5901846 1826181 39287.0000  269   11 39251.0000 39287.0000  0.09%   5.1 2280s
 5908049 1829804 39287.0000  240   14 39251.0000 39287.0000  0.09%   5.1 2285s
 5923793 1835905 39277.0952  253    9 39251.0000 39287.0000  0.09%   5.1 2291s
 5933008 1839778     cutoff  275      39251.0000 39287.0000  0.09%   5.1 2295s
 5937250 1845472 39287.0000  226   13 39251.0000 39287.0000  0.09%   5.1 2300s
 5962373 1851368 39271.5509  268    9 39251.0000 39287.0000  0.09%   5.1 2305s
 5974597 1855738 39256.7198  245   15 39251.0000 39287.0000  0.09%   5.1 2310s
 5987982 1860913 39268.4611  229   12 39251.0000 39287.0000  0.09%   5.1 2315s
 5995740 1862748 39287.0000  224   11 39251.0000 39287.0000  0.09%   5.1 2320s
 6006132 1866547 39287.0000  231   11 39251.0000 39287.0000  0.09%   5.1 2325s
 6019216 1869536 39287.0000  248   11 39251.0000 39287.0000  0.09%   5.1 2330s
 6028866 1871585 39287.0000  247   11 39251.0000 39287.0000  0.09%   5.1 2335s
 6031943 1872108 39287.0000  255   12 39251.0000 39287.0000  0.09%   5.1 2340s
 6042663 1874890     cutoff  261      39251.0000 39287.0000  0.09%   5.1 2345s
 6048593 1875715 39287.0000  255   13 39251.0000 39287.0000  0.09%   5.1 2356s
 6058794 1878250 39287.0000  246   13 39251.0000 39287.0000  0.09%   5.1 2360s
 6069769 1880079 39287.0000  240    8 39251.0000 39287.0000  0.09%   5.1 2365s
 6080359 1883328 39287.0000  241   13 39251.0000 39287.0000  0.09%   5.1 2370s
 6095398 1887903     cutoff  255      39251.0000 39287.0000  0.09%   5.1 2375s
 6109419 1891065 39287.0000  241   10 39251.0000 39287.0000  0.09%   5.1 2380s
 6121092 1894079     cutoff  260      39251.0000 39287.0000  0.09%   5.1 2385s
 6132980 1896533 39282.4286  241   10 39251.0000 39287.0000  0.09%   5.1 2392s
 6138909 1897814     cutoff  254      39251.0000 39287.0000  0.09%   5.1 2395s
 6153310 1901247     cutoff  247      39251.0000 39287.0000  0.09%   5.1 2400s
 6166262 1902922     cutoff  248      39251.0000 39287.0000  0.09%   5.1 2411s
 6174613 1904368     cutoff  261      39251.0000 39287.0000  0.09%   5.1 2415s
 6190895 1906769 39287.0000  244   14 39251.0000 39287.0000  0.09%   5.1 2420s
 6201870 1908286 39287.0000  258    9 39251.0000 39287.0000  0.09%   5.1 2425s
 6215419 1910618 39287.0000  247   14 39251.0000 39287.0000  0.09%   5.1 2430s
 6234600 1914244 39284.7143  263   13 39251.0000 39287.0000  0.09%   5.1 2436s
 6247942 1917073 39287.0000  264   10 39251.0000 39287.0000  0.09%   5.1 2440s
 6257966 1918511     cutoff  263      39251.0000 39287.0000  0.09%   5.1 2448s
 6260190 1919214 39287.0000  247   15 39251.0000 39287.0000  0.09%   5.2 2450s
 6270267 1921803     cutoff  264      39251.0000 39287.0000  0.09%   5.2 2455s
 6283432 1925734 39287.0000  265   12 39251.0000 39287.0000  0.09%   5.2 2461s
 6297980 1930262     cutoff  260      39251.0000 39287.0000  0.09%   5.2 2466s
 6309789 1934395 39287.0000  270   12 39251.0000 39287.0000  0.09%   5.2 2471s
 6321022 1937938 39287.0000  257   10 39251.0000 39287.0000  0.09%   5.2 2476s
 6333696 1941912 39287.0000  275   12 39251.0000 39287.0000  0.09%   5.2 2480s
 6342957 1944175 39287.0000  244   13 39251.0000 39287.0000  0.09%   5.2 2485s
 6357062 1947476 39287.0000  283   12 39251.0000 39287.0000  0.09%   5.2 2490s
 6369385 1950624 39282.0563  265   10 39251.0000 39287.0000  0.09%   5.2 2495s
 6378584 1952798 39287.0000  265   13 39251.0000 39287.0000  0.09%   5.2 2501s
 6387284 1955473 39287.0000  256   10 39251.0000 39287.0000  0.09%   5.2 2505s
 6399416 1959253 39274.8095  273    9 39251.0000 39287.0000  0.09%   5.2 2510s
 6413183 1963936 infeasible  251      39251.0000 39287.0000  0.09%   5.2 2515s
 6428162 1968609 39265.3713  263    6 39251.0000 39287.0000  0.09%   5.2 2525s
 6437245 1972089 39287.0000  263    9 39251.0000 39287.0000  0.09%   5.2 2530s
 6449628 1976672 39287.0000  243   11 39251.0000 39287.0000  0.09%   5.2 2535s
 6468541 1982738 infeasible  246      39251.0000 39287.0000  0.09%   5.2 2540s
 6481307 1987115     cutoff  265      39251.0000 39287.0000  0.09%   5.2 2545s
 6494965 1991236 infeasible  281      39251.0000 39287.0000  0.09%   5.2 2550s
 6507377 1994305 39267.9524  272   13 39251.0000 39287.0000  0.09%   5.2 2555s
 6526197 1998588 39276.4946  274   15 39251.0000 39287.0000  0.09%   5.2 2562s
 6535742 2001217 39274.6408  250   13 39251.0000 39287.0000  0.09%   5.2 2565s
 6554262 2005647     cutoff  267      39251.0000 39287.0000  0.09%   5.2 2570s
 6559933 2007050 39287.0000  253   15 39251.0000 39287.0000  0.09%   5.2 2576s
 6569476 2010537     cutoff  269      39251.0000 39287.0000  0.09%   5.2 2583s
 6572483 2011732     cutoff  286      39251.0000 39287.0000  0.09%   5.2 2585s
 6584083 2014736 infeasible  267      39251.0000 39287.0000  0.09%   5.2 2590s
 6603155 2019963 39287.0000  239   16 39251.0000 39287.0000  0.09%   5.2 2595s
 6615854 2023344 39285.1461  275   13 39251.0000 39287.0000  0.09%   5.2 2601s
 6631342 2027694 39287.0000  255   11 39251.0000 39287.0000  0.09%   5.2 2605s
 6643268 2030561 39287.0000  265   12 39251.0000 39287.0000  0.09%   5.2 2610s
 6654276 2032507 39282.6743  264   12 39251.0000 39287.0000  0.09%   5.2 2615s
 6659905 2033336 infeasible  267      39251.0000 39287.0000  0.09%   5.2 2621s
 6672235 2035977 39281.4383  278   11 39251.0000 39287.0000  0.09%   5.2 2625s
 6685859 2038427 39253.6300  262    8 39251.0000 39287.0000  0.09%   5.2 2630s
 6699537 2040542     cutoff  274      39251.0000 39287.0000  0.09%   5.2 2635s
 6714053 2042472 39261.0952  266   11 39251.0000 39287.0000  0.09%   5.2 2640s
 6728246 2044443 39287.0000  260   12 39251.0000 39287.0000  0.09%   5.2 2645s
 6749804 2048009     cutoff  278      39251.0000 39287.0000  0.09%   5.2 2652s
 6763377 2050445 39278.3485  271   10 39251.0000 39287.0000  0.09%   5.2 2655s
 6777075 2052738 39287.0000  272   10 39251.0000 39287.0000  0.09%   5.2 2660s
 6796968 2056120     cutoff  267      39251.0000 39287.0000  0.09%   5.2 2665s
 6800916 2056571 39287.0000  275   12 39251.0000 39287.0000  0.09%   5.2 2672s
 6816530 2059621 39280.2024  270   10 39251.0000 39287.0000  0.09%   5.2 2675s
 6827290 2061614 39274.8095  280    7 39251.0000 39287.0000  0.09%   5.2 2680s
 6853619 2065028 39257.9558  267    7 39251.0000 39287.0000  0.09%   5.2 2685s
 6867613 2067771 39287.0000  225   11 39251.0000 39287.0000  0.09%   5.2 2690s
 6875237 2070898 39287.0000  240   12 39251.0000 39287.0000  0.09%   5.2 2695s
 6893569 2076414 39284.5282  241   15 39251.0000 39287.0000  0.09%   5.2 2701s
 6909100 2081733 39287.0000  266   10 39251.0000 39287.0000  0.09%   5.2 2706s
 6914429 2083010 39287.0000  253   12 39251.0000 39287.0000  0.09%   5.2 2711s
 6930264 2086836 39282.0563  271   12 39251.0000 39287.0000  0.09%   5.2 2716s
 6942238 2090616 39261.6635  239    8 39251.0000 39287.0000  0.09%   5.2 2720s
 6954114 2093666 39287.0000  257   11 39251.0000 39287.0000  0.09%   5.2 2725s
 6969424 2097168     cutoff  270      39251.0000 39287.0000  0.09%   5.2 2730s
 6990545 2102109 39287.0000  258   12 39251.0000 39287.0000  0.09%   5.2 2735s
 6992521 2102188     cutoff  261      39251.0000 39287.0000  0.09%   5.2 2740s
 7000865 2104295 39287.0000  268   11 39251.0000 39287.0000  0.09%   5.2 2745s
 7004867 2105218 39287.0000  241   12 39251.0000 39287.0000  0.09%   5.2 2750s
 7014407 2109974 39287.0000  262   11 39251.0000 39287.0000  0.09%   5.2 2756s
 7037584 2112893 infeasible  265      39251.0000 39287.0000  0.09%   5.2 2760s
 7057055 2117143     cutoff  263      39251.0000 39287.0000  0.09%   5.2 2765s
 7072559 2120376 39264.1429  254   10 39251.0000 39287.0000  0.09%   5.2 2770s
 7087503 2122846     cutoff  271      39251.0000 39287.0000  0.09%   5.2 2775s
 7105294 2127720     cutoff  269      39251.0000 39287.0000  0.09%   5.2 2781s
 7107480 2128452 infeasible  273      39251.0000 39287.0000  0.09%   5.2 2786s
 7118735 2131235 39287.0000  258   13 39251.0000 39287.0000  0.09%   5.2 2790s
 7131408 2134069 39287.0000  229   13 39251.0000 39287.0000  0.09%   5.2 2795s
 7150256 2137447 39287.0000  276   10 39251.0000 39287.0000  0.09%   5.2 2801s
 7166604 2140995     cutoff  269      39251.0000 39287.0000  0.09%   5.2 2805s
 7179984 2143648 39281.4383  270   11 39251.0000 39287.0000  0.09%   5.2 2810s
 7194767 2146042 39264.1354  278    7 39251.0000 39287.0000  0.09%   5.2 2815s
 7195403 2146127 39260.4276  262   11 39251.0000 39287.0000  0.09%   5.2 2821s
 7209428 2148995     cutoff  264      39251.0000 39287.0000  0.09%   5.2 2826s
 7225220 2152184 39287.0000  275   11 39251.0000 39287.0000  0.09%   5.2 2830s
 7235602 2154178 infeasible  244      39251.0000 39287.0000  0.09%   5.2 2835s
 7258319 2159403     cutoff  260      39251.0000 39287.0000  0.09%   5.2 2840s
 7270074 2161544 39282.4286  268   13 39251.0000 39287.0000  0.09%   5.2 2845s
 7283185 2164244 infeasible  263      39251.0000 39287.0000  0.09%   5.2 2850s
 7297080 2168468 39287.0000  259    9 39251.0000 39287.0000  0.09%   5.2 2856s
 7311764 2172731 39285.7641  254   11 39251.0000 39287.0000  0.09%   5.2 2860s
 7321866 2175369     cutoff  274      39251.0000 39287.0000  0.09%   5.2 2865s
 7327632 2176530 39255.4839  261    8 39251.0000 39287.0000  0.09%   5.2 2870s
 7336412 2179079 39258.0476  269   13 39251.0000 39287.0000  0.09%   5.2 2875s
 7352524 2183115 39287.0000  263   11 39251.0000 39287.0000  0.09%   5.2 2880s
 7365669 2186337     cutoff  281      39251.0000 39287.0000  0.09%   5.2 2885s
 7389492 2191330 39262.2815  271    9 39251.0000 39287.0000  0.09%   5.2 2890s
 7403951 2194199     cutoff  268      39251.0000 39287.0000  0.09%   5.2 2895s
 7415433 2196105 infeasible  267      39251.0000 39287.0000  0.09%   5.2 2900s
 7419365 2196616 39287.0000  260   10 39251.0000 39287.0000  0.09%   5.2 2905s
 7432926 2198690 39287.0000  273    9 39251.0000 39287.0000  0.09%   5.2 2910s
 7436878 2199375 39287.0000  263   11 39251.0000 39287.0000  0.09%   5.2 2915s
 7455269 2201962 39287.0000  271   11 39251.0000 39287.0000  0.09%   5.2 2921s
 7468597 2204130     cutoff  260      39251.0000 39287.0000  0.09%   5.2 2925s
 7483458 2206036 39287.0000  274   11 39251.0000 39287.0000  0.09%   5.2 2930s
 7500755 2209336     cutoff  281      39251.0000 39287.0000  0.09%   5.2 2935s
 7508935 2210400 39276.4946  276    6 39251.0000 39287.0000  0.09%   5.2 2945s
 7523155 2213115 39287.0000  272   13 39251.0000 39287.0000  0.09%   5.2 2951s
 7540223 2216997 39287.0000  269   11 39251.0000 39287.0000  0.09%   5.2 2955s
 7551578 2218800 39284.5282  285   10 39251.0000 39287.0000  0.09%   5.2 2960s
 7566876 2221091 39268.4611  261   11 39251.0000 39287.0000  0.09%   5.2 2965s
 7584139 2223869 39287.0000  265   11 39251.0000 39287.0000  0.09%   5.2 2970s
 7598943 2226110 infeasible  270      39251.0000 39287.0000  0.09%   5.2 2975s
 7613346 2228286     cutoff  257      39251.0000 39287.0000  0.09%   5.2 2980s
 7625249 2229563 39287.0000  275   12 39251.0000 39287.0000  0.09%   5.2 2985s
 7639472 2231527     cutoff  267      39251.0000 39287.0000  0.09%   5.2 2990s
 7655264 2233874     cutoff  280      39251.0000 39287.0000  0.09%   5.2 2997s
 7667503 2236159 39267.8432  279   11 39251.0000 39287.0000  0.09%   5.2 3000s
 7669707 2236204 infeasible  268      39251.0000 39287.0000  0.09%   5.2 3007s
 7674899 2237319     cutoff  274      39251.0000 39287.0000  0.09%   5.2 3010s
 7687111 2239166     cutoff  272      39251.0000 39287.0000  0.09%   5.2 3015s
 7708744 2242870     cutoff  267      39251.0000 39287.0000  0.09%   5.2 3022s
 7721354 2245890     cutoff  285      39251.0000 39287.0000  0.09%   5.2 3025s
 7733684 2248921 39287.0000  252   13 39251.0000 39287.0000  0.09%   5.2 3030s
 7753926 2253041 39269.6971  261    9 39251.0000 39287.0000  0.09%   5.2 3037s
 7762481 2255313     cutoff  247      39251.0000 39287.0000  0.09%   5.2 3040s
 7780845 2259587     cutoff  269      39251.0000 39287.0000  0.09%   5.2 3046s
 7796404 2264757 39282.0563  253   11 39251.0000 39287.0000  0.09%   5.2 3050s
 7811641 2268566 39287.0000  268    9 39251.0000 39287.0000  0.09%   5.2 3060s
 7824686 2272099 infeasible  290      39251.0000 39287.0000  0.09%   5.2 3065s
 7840425 2275319 infeasible  239      39251.0000 39287.0000  0.09%   5.2 3070s
 7856757 2280185 39287.0000  269    9 39251.0000 39287.0000  0.09%   5.2 3075s
 7871012 2283929 39287.0000  286   14 39251.0000 39287.0000  0.09%   5.2 3080s
 7882236 2286198 39287.0000  222   13 39251.0000 39287.0000  0.09%   5.2 3086s
 7893113 2289172 39271.5509  266    7 39251.0000 39287.0000  0.09%   5.2 3090s
 7903633 2291907 infeasible  264      39251.0000 39287.0000  0.09%   5.2 3098s
 7910688 2293980 39278.9665  265    9 39251.0000 39287.0000  0.09%   5.2 3100s
 7920632 2296691 39287.0000  239   16 39251.0000 39287.0000  0.09%   5.2 3105s
 7938046 2301162     cutoff  243      39251.0000 39287.0000  0.09%   5.2 3110s
 7951464 2304187 39282.0563  275   10 39251.0000 39287.0000  0.09%   5.2 3115s
 7962539 2306660 39287.0000  255    9 39251.0000 39287.0000  0.09%   5.2 3120s
 7977656 2311852 39287.0000  255    9 39251.0000 39287.0000  0.09%   5.2 3125s
 7979905 2312367 39287.0000  269   10 39251.0000 39287.0000  0.09%   5.2 3132s
 7990305 2316506     cutoff  262      39251.0000 39287.0000  0.09%   5.2 3135s
 8000331 2319703 39287.0000  272   12 39251.0000 39287.0000  0.09%   5.2 3140s
 8019277 2324372 infeasible  259      39251.0000 39287.0000  0.09%   5.2 3146s
 8030982 2327524     cutoff  277      39251.0000 39287.0000  0.09%   5.2 3150s
 8041893 2329791     cutoff  254      39251.0000 39287.0000  0.09%   5.2 3155s
 8058385 2334615 39284.5282  271   11 39251.0000 39287.0000  0.09%   5.2 3160s
 8075497 2339987 39283.9102  266   10 39251.0000 39287.0000  0.09%   5.2 3165s
 8084487 2342102 infeasible  272      39251.0000 39287.0000  0.09%   5.2 3171s
 8100302 2346196 39287.0000  261   12 39251.0000 39287.0000  0.09%   5.2 3176s
 8115218 2350999 39285.7641  275    9 39251.0000 39287.0000  0.09%   5.2 3180s
 8119881 2351750 39262.8995  280   12 39251.0000 39287.0000  0.09%   5.2 3186s
 8133717 2354869     cutoff  274      39251.0000 39287.0000  0.09%   5.2 3191s
 8146977 2358806 39287.0000  263   11 39251.0000 39287.0000  0.09%   5.2 3195s
 8163103 2362660     cutoff  265      39251.0000 39287.0000  0.09%   5.2 3200s
 8178084 2365424 39260.4276  284    7 39251.0000 39287.0000  0.09%   5.2 3207s
 8179127 2365923 39280.8204  269   12 39251.0000 39287.0000  0.09%   5.2 3210s
 8199352 2370168 39278.3485  255   10 39251.0000 39287.0000  0.09%   5.2 3215s
 8213279 2374486 39287.0000  258   12 39251.0000 39287.0000  0.09%   5.2 3220s
 8224805 2377998 39287.0000  230   13 39251.0000 39287.0000  0.09%   5.2 3225s
 8238341 2379905 39287.0000  261   10 39251.0000 39287.0000  0.09%   5.2 3230s
 8258633 2388505 39287.0000  211   10 39251.0000 39287.0000  0.09%   5.2 3235s
 8271607 2394368 39282.0563  258   14 39251.0000 39287.0000  0.09%   5.2 3240s
 8284386 2399230 39287.0000  253   11 39251.0000 39287.0000  0.09%   5.2 3245s
 8297248 2403180     cutoff  270      39251.0000 39287.0000  0.09%   5.2 3251s
 8304005 2406447 39287.0000  248   10 39251.0000 39287.0000  0.09%   5.2 3255s
 8313611 2409871 infeasible  276      39251.0000 39287.0000  0.09%   5.2 3260s
 8328276 2413794 39282.0563  259   11 39251.0000 39287.0000  0.09%   5.2 3265s
 8340102 2417655     cutoff  241      39251.0000 39287.0000  0.09%   5.2 3270s
 8359035 2422689 39287.0000  269   13 39251.0000 39287.0000  0.09%   5.2 3275s
 8371859 2425617 39287.0000  266   11 39251.0000 39287.0000  0.09%   5.2 3283s
 8372070 2425672 39287.0000  267   12 39251.0000 39287.0000  0.09%   5.2 3285s
 8389447 2430342 39287.0000  269   11 39251.0000 39287.0000  0.09%   5.2 3290s
 8399156 2432111 39287.0000  258   11 39251.0000 39287.0000  0.09%   5.2 3296s
 8399309 2434361     cutoff  262      39251.0000 39287.0000  0.09%   5.2 3300s
 8422711 2436807 39287.0000  268   13 39251.0000 39287.0000  0.09%   5.2 3305s
 8437616 2438926     cutoff  268      39251.0000 39287.0000  0.09%   5.2 3310s
 8457965 2443567 39266.6072  276    9 39251.0000 39287.0000  0.09%   5.2 3315s
 8472022 2446799 39287.0000  213   15 39251.0000 39287.0000  0.09%   5.2 3320s
 8485053 2449212 39281.4383  260    5 39251.0000 39287.0000  0.09%   5.2 3325s
 8493109 2450732 39287.0000  264   10 39251.0000 39287.0000  0.09%   5.2 3331s
 8503137 2452893 39287.0000  253    9 39251.0000 39287.0000  0.09%   5.2 3335s
 8515224 2454955 39287.0000  252    9 39251.0000 39287.0000  0.09%   5.2 3340s
 8531707 2458870 39287.0000  237   12 39251.0000 39287.0000  0.09%   5.2 3346s
 8546724 2461806 39277.7306  280    9 39251.0000 39287.0000  0.09%   5.2 3350s
 8556250 2463350 39287.0000  265    9 39251.0000 39287.0000  0.09%   5.2 3355s
 8576190 2466640 39287.0000  248   12 39251.0000 39287.0000  0.09%   5.2 3360s
 8594152 2469307     cutoff  273      39251.0000 39287.0000  0.09%   5.2 3367s
 8607965 2472748 39287.0000  272   12 39251.0000 39287.0000  0.09%   5.2 3370s
 8613648 2473728     cutoff  274      39251.0000 39287.0000  0.09%   5.2 3378s
 8618705 2474855 39278.9665  273    9 39251.0000 39287.0000  0.09%   5.2 3380s
 8632349 2477780 infeasible  274      39251.0000 39287.0000  0.09%   5.2 3385s
 8648532 2480900 39287.0000  264   11 39251.0000 39287.0000  0.09%   5.2 3391s
 8658730 2483244     cutoff  273      39251.0000 39287.0000  0.09%   5.2 3395s
 8671794 2486554 39287.0000  252   15 39251.0000 39287.0000  0.09%   5.2 3400s
 8686692 2494082 39278.9665  251   14 39251.0000 39287.0000  0.09%   5.3 3406s
 8699350 2499209 39287.0000  254    9 39251.0000 39287.0000  0.09%   5.3 3410s
 8710753 2501883 infeasible  275      39251.0000 39287.0000  0.09%   5.2 3415s
 8718742 2504162     cutoff  266      39251.0000 39287.0000  0.09%   5.2 3421s
 8731309 2507036     cutoff  268      39251.0000 39287.0000  0.09%   5.2 3425s
 8740447 2509270 39283.2922  270    9 39251.0000 39287.0000  0.09%   5.2 3430s
 8761215 2514915 39287.0000  255    9 39251.0000 39287.0000  0.09%   5.2 3435s
 8775456 2518695 39270.2381  260   11 39251.0000 39287.0000  0.09%   5.2 3442s
 8785480 2521871 39279.3810  261   10 39251.0000 39287.0000  0.09%   5.2 3445s
 8800600 2525284 39287.0000  258   12 39251.0000 39287.0000  0.09%   5.2 3451s
 8805760 2526880 39262.2815  279   10 39251.0000 39287.0000  0.09%   5.2 3455s
 8827824 2531269 39266.8313  280   13 39251.0000 39287.0000  0.09%   5.2 3462s
 8832554 2532266 39287.0000  256   12 39251.0000 39287.0000  0.09%   5.2 3466s
 8838344 2533647 39287.0000  259   13 39251.0000 39287.0000  0.09%   5.3 3471s
 8844625 2536159 39276.3333  238   15 39251.0000 39287.0000  0.09%   5.3 3475s
 8853250 2540362 39287.0000  246   11 39251.0000 39287.0000  0.09%   5.3 3480s
 8866741 2545454 39287.0000  245   14 39251.0000 39287.0000  0.09%   5.3 3486s
 8883322 2551639 39277.1126  253   15 39251.0000 39287.0000  0.09%   5.3 3490s
 8898210 2557900 39281.7692  248   11 39251.0000 39287.0000  0.09%   5.3 3495s
 8917448 2562177 39287.0000  244   11 39251.0000 39287.0000  0.09%   5.3 3501s
 8928190 2564284 39284.5282  277    8 39251.0000 39287.0000  0.09%   5.3 3507s
 8930667 2564717 39287.0000  267   10 39251.0000 39287.0000  0.09%   5.3 3510s
 8954348 2569314 39281.7692  263    9 39251.0000 39287.0000  0.09%   5.2 3516s
 8969323 2572977 39283.9102  266   10 39251.0000 39287.0000  0.09%   5.2 3520s
 8987435 2575518     cutoff  283      39251.0000 39287.0000  0.09%   5.2 3527s
 8995390 2576744 infeasible  295      39251.0000 39287.0000  0.09%   5.2 3532s
 9010391 2581388 39282.6743  222   11 39251.0000 39287.0000  0.09%   5.2 3535s
 9012641 2586791 39287.0000  223   16 39251.0000 39287.0000  0.09%   5.2 3540s
 9039503 2595878 39287.0000  232   12 39251.0000 39287.0000  0.09%   5.2 3546s
 9053863 2602260 39259.8097  280   13 39251.0000 39287.0000  0.09%   5.2 3551s
 9068200 2607547 39287.0000  235   13 39251.0000 39287.0000  0.09%   5.2 3559s
 9068567 2607939 39287.0000  236   13 39251.0000 39287.0000  0.09%   5.2 3561s
 9079992 2613167     cutoff  255      39251.0000 39287.0000  0.09%   5.2 3565s
 9088620 2616661 39287.0000  246   14 39251.0000 39287.0000  0.09%   5.2 3570s
 9104285 2622937 39277.7306  266    9 39251.0000 39287.0000  0.09%   5.2 3576s
 9115372 2627435 39274.6408  268    9 39251.0000 39287.0000  0.09%   5.2 3580s
 9124485 2631413 39257.2857  255   12 39251.0000 39287.0000  0.09%   5.2 3585s
 9144395 2639963 infeasible  254      39251.0000 39287.0000  0.09%   5.3 3592s
 9153171 2643984 39282.0563  249   12 39251.0000 39287.0000  0.09%   5.3 3595s
 9164422 2647602 39287.0000  246   10 39251.0000 39287.0000  0.09%   5.3 3600s

Cutting planes:
  Gomory: 4
  Cover: 581
  StrongCG: 1
  Inf proof: 7

Explored 9164555 nodes (48141556 simplex iterations) in 3600.19 seconds
Thread count was 12 (of 12 available processors)

Solution count 10: 39251 39220 39192 ... 27885

Time limit reached
Best objective 3.925100000000e+04, best bound 3.928700000000e+04, gap 0.0917%
