
Gurobi 9.1.2 (win64, Java) logging started Mon Nov 15 17:10:22 2021

Academic license - for non-commercial use only - expires 2022-10-30
Gurobi Optimizer version 9.1.2 build v9.1.2rc0 (win64)
Thread count: 6 physical cores, 12 logical processors, using up to 12 threads
Optimize a model with 110 rows, 1000 columns and 2000 nonzeros
Model fingerprint: 0xc3650fe4
Variable types: 0 continuous, 1000 integer (1000 binary)
Coefficient statistics:
  Matrix range     [1e+00, 1e+03]
  Objective range  [4e+00, 1e+03]
  Bounds range     [1e+00, 1e+00]
  RHS range        [1e+00, 3e+03]
Found heuristic solution: objective 25095.000000
Presolve time: 0.04s
Presolved: 110 rows, 1000 columns, 2000 nonzeros
Variable types: 0 continuous, 1000 integer (1000 binary)
Presolved: 110 rows, 1000 columns, 2000 nonzeros


Root relaxation: objective 2.782515e+04, 365 iterations, 0.01 seconds

    Nodes    |    Current Node    |     Objective Bounds      |     Work
 Expl Unexpl |  Obj  Depth IntInf | Incumbent    BestBd   Gap | It/Node Time

     0     0 27825.1537    0   12 25095.0000 27825.1537  10.9%     -    0s
H    0     0                    27107.000000 27825.1537  2.65%     -    0s
H    0     0                    27505.000000 27825.1537  1.16%     -    1s
H    0     0                    27522.000000 27825.1537  1.10%     -    3s
     0     0 27825.1537    0   16 27522.0000 27825.1537  1.10%     -    5s
H    0     0                    27672.000000 27825.1537  0.55%     -    8s
     0     0 27823.5801    0   26 27672.0000 27823.5801  0.55%     -    8s
     0     0 27823.5801    0    9 27672.0000 27823.5801  0.55%     -    8s
     0     0 27823.5801    0   17 27672.0000 27823.5801  0.55%     -    8s
     0     0 27823.5801    0   14 27672.0000 27823.5801  0.55%     -    8s
     0     2 27823.5801    0   14 27672.0000 27823.5801  0.55%     -    8s
    31    39 27823.5801    7   25 27672.0000 27823.5801  0.55%  13.5   12s
H   33    39                    27715.000000 27823.5801  0.39%  13.2   12s
    50    57 27823.5801   10   17 27715.0000 27823.5801  0.39%  10.7   21s
H 2751  2443                    27731.000077 27823.5801  0.33%   4.8   25s
  2756  2446 27815.4239   29   14 27731.0001 27817.9989  0.31%   4.8   34s
  2757  2447 27787.7367  114   17 27731.0001 27817.9989  0.31%   4.7   35s
  2768  2456 27813.0801   64   20 27731.0001 27817.9320  0.31%   5.9   40s
  2776  2464 27817.9320   30   16 27731.0001 27817.9320  0.31%   6.6   47s
  2802  2491 27817.9320   34   17 27731.0001 27817.9320  0.31%   6.6   50s
 11432  7785 27815.1787  285   18 27731.0001 27817.0781  0.31%   4.5   66s
 11493  7851 27815.1787  285   18 27731.0001 27817.0781  0.31%   4.5   72s
 16444 12052 27732.1875  387   16 27731.0001 27817.0781  0.31%   4.4   88s
 17771 15308 27812.0722  430   15 27731.0001 27817.0781  0.31%   4.3   91s
 30913 26130 27751.4393  233   10 27731.0001 27816.9498  0.31%   3.7   95s
 37692 30404 27742.5000  127   14 27731.0001 27816.9498  0.31%   3.5  101s
 37695 30406 27804.9094  114   14 27731.0001 27816.9498  0.31%   3.5  108s
 37698 30408 27778.0000  422   15 27731.0001 27816.8520  0.31%   3.5  110s
 37702 30411 27804.9239  185   17 27731.0001 27815.5273  0.30%   3.5  116s
 37705 30413 27804.8417  127   15 27731.0001 27815.0313  0.30%   3.5  120s
 37708 30415 27757.3857  164   17 27731.0001 27815.0313  0.30%   3.5  125s
 37711 30417 27753.4167  134   20 27731.0001 27815.0313  0.30%   3.5  131s
 37712 30420 27815.0313   44   20 27731.0001 27815.0313  0.30%   3.6  135s
 37738 30448 27815.0313   48   20 27731.0001 27815.0313  0.30%   3.6  140s
 39028 31547 27815.0164  104   18 27731.0001 27815.0313  0.30%   3.6  154s
 39309 31531 27815.0158  112   18 27731.0001 27815.0313  0.30%   3.6  162s
 46785 36682 27769.3943  287   16 27731.0001 27815.0313  0.30%   3.5  165s
 65416 47845 27743.9812  226   15 27731.0001 27815.0313  0.30%   3.3  170s
 71325 49708 27780.0475  261    8 27731.0001 27815.0313  0.30%   3.3  177s
 75891 55441 27784.9774  147   15 27731.0001 27815.0313  0.30%   3.3  180s
 100383 67114 27814.0000  567   18 27731.0001 27815.0313  0.30%   3.0  185s
 119114 78556 27814.5143  113   18 27731.0001 27815.0313  0.30%   2.8  190s
 131989 86407 27815.0313  100   21 27731.0001 27815.0313  0.30%   2.9  195s
 134255 87261 27814.9544  313   20 27731.0001 27815.0313  0.30%   2.9  204s
 135329 90065 27814.9531  314   20 27731.0001 27815.0313  0.30%   2.9  205s
 149901 102332 27736.7734  284   11 27731.0001 27815.0313  0.30%   2.9  211s
 156802 106203 27815.0313  117   17 27731.0001 27815.0313  0.30%   2.8  218s
 158408 108781 27745.1200  158    9 27731.0001 27815.0313  0.30%   2.8  221s
 168408 118223 27738.8180  314   13 27731.0001 27815.0313  0.30%   2.8  225s
 179189 124610 27779.5916  229   12 27731.0001 27815.0313  0.30%   2.8  247s
H179247 123533                    27732.000000 27815.0313  0.30%   2.8  247s
 180804 126057     cutoff  202      27732.0000 27815.0313  0.30%   2.8  250s
 192908 135897 27784.5443  241   13 27732.0000 27815.0313  0.30%   2.9  256s
 200588 141277 27807.2667  213   13 27732.0000 27815.0313  0.30%   2.9  260s
 208309 147000 27767.2134  190   13 27732.0000 27815.0313  0.30%   2.9  265s
 215813 152531 27775.6575  230   15 27732.0000 27815.0313  0.30%   3.0  270s
 221424 156549 27734.8174  214   10 27732.0000 27815.0313  0.30%   3.0  275s
 226782 160661 27776.0293  244    8 27732.0000 27815.0313  0.30%   3.1  280s
 230541 163017 27780.0412  192   11 27732.0000 27815.0313  0.30%   3.1  287s
 235661 167197 27811.6766  184   15 27732.0000 27815.0313  0.30%   3.2  291s
 237529 168283 27808.7524  184   20 27732.0000 27815.0313  0.30%   3.2  296s
 240951 169818 27812.6529  183   16 27732.0000 27815.0313  0.30%   3.2  309s
H240953 133160                    27752.000000 27815.0313  0.23%   3.2  309s
 240966 141427 27812.5768  184   15 27752.0000 27815.0313  0.23%   3.2  317s
 252978 142104 27802.1240  215   16 27752.0000 27815.0313  0.23%   3.4  327s
 257503 145879 27815.0313  160   22 27752.0000 27815.0313  0.23%   3.4  331s
 259201 145882 27761.7420  344   18 27752.0000 27815.0313  0.23%   3.4  335s
 259205 145885 27778.4548  273   32 27752.0000 27815.0313  0.23%   3.4  340s
H259205 138590                    27784.000000 27815.0313  0.11%   3.4  342s
 259208 138592 27815.0309  125   17 27784.0000 27815.0313  0.11%   3.4  347s
 259213 138596 27794.3446  214   13 27784.0000 27815.0313  0.11%   3.5  350s
 259220 138601 27784.0000  208   28 27784.0000 27815.0313  0.11%   3.5  355s
 259224 138604 27800.8517   96   18 27784.0000 27815.0313  0.11%   3.5  360s
 259395 138726 27815.0309   83   18 27784.0000 27815.0309  0.11%   3.5  368s
 259407 138736 27812.1781   83   19 27784.0000 27815.0309  0.11%   3.5  375s
 269335 145037 27814.0000  203   14 27784.0000 27815.0168  0.11%   3.5  380s
 274928 145614 27814.0000  205   15 27784.0000 27814.8577  0.11%   3.5  388s
 277065 148945 27810.9581  297   15 27784.0000 27814.8577  0.11%   3.5  391s
 294221 155465 27805.8882  242   15 27784.0000 27814.8577  0.11%   3.4  395s
 311337 162822 27798.4948  300   13 27784.0000 27814.8577  0.11%   3.4  400s
 317415 164665 27803.1053  262   13 27784.0000 27814.8577  0.11%   3.4  405s
 326949 167418 27804.0593  272   12 27784.0000 27814.8577  0.11%   3.5  411s
 335095 168834 27808.0512  288   15 27784.0000 27814.8577  0.11%   3.5  417s
 340977 170695 27807.3942  265   15 27784.0000 27814.8577  0.11%   3.5  421s
 345356 170779 27814.8577  236   14 27784.0000 27814.8577  0.11%   3.5  426s
 350994 172338 27814.1564  278   15 27784.0000 27814.8577  0.11%   3.5  430s
 352863 171939 27809.9054  296   13 27784.0000 27814.8577  0.11%   3.5  437s
 356229 172896 27802.8274  307   13 27784.0000 27814.8577  0.11%   3.6  440s
 360282 172988 27814.8577  274   16 27784.0000 27814.8577  0.11%   3.6  446s
 368405 174655     cutoff  307      27784.0000 27814.8577  0.11%   3.6  451s
 374086 173955 27814.8577  286   10 27784.0000 27814.8577  0.11%   3.6  458s
 377524 173506 27787.5646  294    6 27784.0000 27814.8577  0.11%   3.6  461s
 383490 172315 27814.8577  292   11 27784.0000 27814.8577  0.11%   3.7  469s
 384871 172148 27805.7622  289   15 27784.0000 27814.8577  0.11%   3.7  471s
 389894 171514 27797.0199  302   10 27784.0000 27814.8577  0.11%   3.7  476s
 392030 170883 27787.1153  298   11 27784.0000 27814.8577  0.11%   3.7  484s
 392626 170985     cutoff  299      27784.0000 27814.8577  0.11%   3.8  492s
 393790 171244 27785.9523  299   15 27784.0000 27814.8577  0.11%   3.8  495s
 399249 170540 27787.6584  300   22 27784.0000 27814.8577  0.11%   3.8  501s
 403546 170346 27814.8577  297   17 27784.0000 27814.8577  0.11%   3.9  505s
 407396 169639 27803.8593  279   24 27784.0000 27814.8577  0.11%   3.9  513s
 407774 171983 27786.8867  288   14 27784.0000 27814.8577  0.11%   3.9  523s
 418018 168812 27798.9027  291   13 27784.0000 27814.8577  0.11%   4.1  532s
 418998 168782 27813.6720  284   28 27784.0000 27814.8577  0.11%   4.1  538s
 420138 169341 27804.4444  272   21 27784.0000 27814.8577  0.11%   4.1  541s
 425105 169203 27814.0000  303   15 27784.0000 27814.8577  0.11%   4.1  551s
 425581 173907 27792.2287  282   19 27784.0000 27814.8577  0.11%   4.2  563s
 437337 170324     cutoff  307      27784.0000 27814.8577  0.11%   4.2  571s
 438097 170298 27814.8577  304   15 27784.0000 27814.8577  0.11%   4.2  577s
 439156 170538 infeasible  307      27784.0000 27814.8577  0.11%   4.2  583s
 440767 171082 27814.8577  274   16 27784.0000 27814.8577  0.11%   4.2  587s
 444887 171682 27806.2674  290   11 27784.0000 27814.8577  0.11%   4.2  591s
 448935 171693 27795.5234  289   10 27784.0000 27814.8577  0.11%   4.3  601s
 451759 172428     cutoff  307      27784.0000 27814.8577  0.11%   4.3  607s
 455309 172650 27812.2441  293   28 27784.0000 27814.8577  0.11%   4.3  611s
 456879 172558 27814.5139  294   26 27784.0000 27814.8577  0.11%   4.3  619s
 457748 173130 27814.5139  295   29 27784.0000 27814.8577  0.11%   4.3  621s
 461501 173325 27811.0901  286   17 27784.0000 27814.8577  0.11%   4.4  625s
 464607 173901 27800.8858  302   15 27784.0000 27814.8577  0.11%   4.4  634s
 465558 174573 27808.4704  284   17 27784.0000 27814.8577  0.11%   4.4  639s
 467450 174927 27806.8769  290   28 27784.0000 27814.8577  0.11%   4.4  643s
 469748 175444 27805.6786  299   20 27784.0000 27814.8577  0.11%   4.4  646s
 472310 175465     cutoff  294      27784.0000 27814.8577  0.11%   4.4  652s
 473980 175791 27814.8577  272   14 27784.0000 27814.8577  0.11%   4.5  655s
 478199 176137 27809.7884  273   15 27784.0000 27814.8577  0.11%   4.5  663s
 480161 175895 27803.6084  299   30 27784.0000 27814.8577  0.11%   4.5  671s
 480954 178332     cutoff  295      27784.0000 27814.8577  0.11%   4.5  682s
 486185 177270     cutoff  307      27784.0000 27814.8577  0.11%   4.6  691s
 487914 177321 27807.4309  299   12 27784.0000 27814.8577  0.11%   4.6  705s
 491975 178320 27795.9377  302   26 27784.0000 27814.8577  0.11%   4.6  713s
 494490 178026 27813.0334  319   16 27784.0000 27814.8577  0.11%   4.6  722s
 496318 178130 27800.9206  299   20 27784.0000 27814.8577  0.11%   4.6  727s
 500118 177768     cutoff  316      27784.0000 27814.8577  0.11%   4.7  732s
 501843 177715 27792.7066  320   15 27784.0000 27814.8577  0.11%   4.7  739s
 503040 177972     cutoff  282      27784.0000 27814.8577  0.11%   4.7  742s
 505185 178032 27814.8577  294   11 27784.0000 27814.8577  0.11%   4.7  745s
 507364 178193     cutoff  302      27784.0000 27814.8577  0.11%   4.7  750s
 509434 177964     cutoff  323      27784.0000 27814.8577  0.11%   4.7  763s
 510882 178147     cutoff  307      27784.0000 27814.8577  0.11%   4.8  767s
 513142 177992 27806.3961  323   24 27784.0000 27814.8577  0.11%   4.8  772s
 515556 177727 infeasible  332      27784.0000 27814.8577  0.11%   4.8  777s
 517704 177333     cutoff  308      27784.0000 27814.8577  0.11%   4.8  786s
 518278 178553 27810.3642  319   13 27784.0000 27814.8577  0.11%   4.8  810s
 521421 179048 27814.8577  306   14 27784.0000 27814.8577  0.11%   4.8  818s
 525653 178270 27796.7454  313   12 27784.0000 27814.8577  0.11%   4.9  827s
 527830 178821 27804.5625  291   16 27784.0000 27814.8577  0.11%   4.9  832s
 530746 178687 27811.4869  309   17 27784.0000 27814.8577  0.11%   4.9  836s
 533335 178010 27814.8577  308   15 27784.0000 27814.8577  0.11%   4.9  853s
 533849 178845 27814.8577  309   15 27784.0000 27814.8577  0.11%   4.9  857s
 536415 178554 27802.4554  280   19 27784.0000 27814.8577  0.11%   4.9  860s
 539664 178728 27794.9148  300   20 27784.0000 27814.8577  0.11%   5.0  866s
 543490 178788 27805.3481  313   10 27784.0000 27814.8577  0.11%   5.0  872s
 545696 178488 27814.8577  306   19 27784.0000 27814.8577  0.11%   5.0  876s
 547772 178488 27814.8577  301   12 27784.0000 27814.8577  0.11%   5.0  880s
 551827 178593 27814.8577  283   25 27784.0000 27814.8577  0.11%   5.0  887s
 553794 178411 27812.2932  302   12 27784.0000 27814.8577  0.11%   5.0  891s
 557254 178005     cutoff  296      27784.0000 27814.8577  0.11%   5.1  905s
 558118 178828 27814.8577  281   25 27784.0000 27814.8577  0.11%   5.1  912s
 561067 177905 27814.3409  282   24 27784.0000 27814.8577  0.11%   5.1  929s
 561300 178804 27814.3409  282   26 27784.0000 27814.8577  0.11%   5.1  935s
 563794 178707     cutoff  303      27784.0000 27814.8577  0.11%   5.1  942s
 565474 178887 27814.8577  302   17 27784.0000 27814.8577  0.11%   5.1  947s
 567943 178770 27807.4154  308   14 27784.0000 27814.8577  0.11%   5.1  951s
 570230 178431 27786.7233  301   10 27784.0000 27814.8577  0.11%   5.1  959s
 572058 178424 27814.8577  287   13 27784.0000 27814.8577  0.11%   5.1  964s
 574526 178122     cutoff  299      27784.0000 27814.8577  0.11%   5.2  966s
 578083 178004 27797.4231  301   15 27784.0000 27814.8577  0.11%   5.2  981s
 579248 178280 27795.4576  297    8 27784.0000 27814.8577  0.11%   5.2  987s
 581631 178336 27814.8577  309   14 27784.0000 27814.8577  0.11%   5.2  990s
 585814 178231 27814.8577  274   23 27784.0000 27814.8577  0.11%   5.2 1000s
 587089 178653 27814.0006  292   26 27784.0000 27814.8577  0.11%   5.2 1005s
 591405 178945 27814.8577  293   20 27784.0000 27814.8577  0.11%   5.2 1012s
 593377 178624 27814.8577  303   14 27784.0000 27814.8577  0.11%   5.3 1019s
 594539 179212 27804.5241  269   23 27784.0000 27814.8577  0.11%   5.3 1024s
 597698 178159 27812.7240  319   21 27784.0000 27814.8577  0.11%   5.3 1025s
 600609 178075 27814.8577  307   18 27784.0000 27814.8577  0.11%   5.3 1039s
 601764 178371     cutoff  314      27784.0000 27814.8577  0.11%   5.3 1042s
 603939 178446     cutoff  324      27784.0000 27814.8577  0.11%   5.3 1046s
 606136 178303 27810.9817  298   17 27784.0000 27814.8577  0.11%   5.3 1052s
 608245 177961 27814.8577  301   13 27784.0000 27814.8577  0.11%   5.3 1059s
 609801 178230 27800.8834  299   19 27784.0000 27814.8577  0.11%   5.3 1063s
 612141 177898     cutoff  316      27784.0000 27814.8577  0.11%   5.3 1068s
 613766 177961     cutoff  308      27784.0000 27814.8577  0.11%   5.3 1071s
 615846 177594 27799.7786  323   17 27784.0000 27814.8577  0.11%   5.3 1080s
 619363 177586 27814.8577  307   14 27784.0000 27814.8577  0.11%   5.3 1087s
 621525 177816 27786.4455  316   24 27784.0000 27814.8577  0.11%   5.4 1090s
 623554 177337 27814.8577  299   15 27784.0000 27814.8577  0.11%   5.4 1107s
 624317 177700 27814.8577  308   16 27784.0000 27814.8577  0.11%   5.4 1111s
 626739 177517 27792.1732  301   13 27784.0000 27814.8577  0.11%   5.4 1115s
 630943 176993 27800.9846  275   15 27784.0000 27814.8577  0.11%   5.4 1123s
 632124 177510 27789.6388  283   14 27784.0000 27814.8577  0.11%   5.4 1127s
 635442 177108     cutoff  303      27784.0000 27814.8577  0.11%   5.4 1130s
 637608 176806     cutoff  316      27784.0000 27814.8577  0.11%   5.4 1136s
 641518 176570 27811.6992  281   24 27784.0000 27814.8577  0.11%   5.4 1142s
 643776 176090     cutoff  300      27784.0000 27814.8577  0.11%   5.4 1151s
 644828 176045 27814.8577  297   13 27784.0000 27814.8577  0.11%   5.4 1157s
 645878 176377     cutoff  309      27784.0000 27814.8577  0.11%   5.5 1161s
 648261 176090 27812.5855  313   19 27784.0000 27814.8577  0.11%   5.5 1166s
 650786 175594     cutoff  306      27784.0000 27814.8577  0.11%   5.5 1171s
 651756 176777 27814.8577  299   20 27784.0000 27814.8577  0.11%   5.5 1179s
 656338 176119 27793.3793  302   21 27784.0000 27814.8577  0.11%   5.5 1182s
 658607 175861 27814.8577  302   15 27784.0000 27814.8577  0.11%   5.5 1188s
 660185 176422 27794.4025  293   15 27784.0000 27814.8577  0.11%   5.5 1191s
 664847 176417     cutoff  300      27784.0000 27814.8577  0.11%   5.5 1198s
 667084 176302 27802.1954  301   20 27784.0000 27814.8577  0.11%   5.5 1203s
 668720 176292 27814.8577  267   21 27784.0000 27814.8577  0.11%   5.5 1206s
 672274 175807 27793.6661  310    9 27784.0000 27814.8577  0.11%   5.6 1220s
 675691 175906 27807.9754  306   16 27784.0000 27814.8577  0.11%   5.6 1231s
 676950 176820 27795.4023  287   12 27784.0000 27814.8577  0.11%   5.6 1236s
 681519 178278 27788.3253  310    9 27784.0000 27814.8577  0.11%   5.6 1243s
 683745 178452 27808.8573  301   16 27784.0000 27814.8577  0.11%   5.6 1253s
 684531 179033 27808.8573  302   16 27784.0000 27814.8577  0.11%   5.6 1256s
 686849 179425 27786.1808  288   14 27784.0000 27814.8577  0.11%   5.6 1260s
 690535 180092 27814.8577  289   14 27784.0000 27814.8577  0.11%   5.6 1273s
 691538 180736     cutoff  301      27784.0000 27814.8577  0.11%   5.6 1277s
 693871 181422     cutoff  309      27784.0000 27814.8577  0.11%   5.6 1281s
 696150 181933     cutoff  305      27784.0000 27814.8577  0.11%   5.6 1285s
 698489 182191     cutoff  308      27784.0000 27814.8577  0.11%   5.7 1293s
 699451 182386     cutoff  309      27784.0000 27814.8577  0.11%   5.7 1306s
 699975 183128 27812.3848  297   14 27784.0000 27814.8577  0.11%   5.7 1310s
 702747 183781 27814.8577  305   15 27784.0000 27814.8577  0.11%   5.7 1315s
 705151 184095     cutoff  325      27784.0000 27814.8577  0.11%   5.7 1321s
 706288 185600 27814.8577  274   18 27784.0000 27814.8577  0.11%   5.7 1326s
 710365 186398     cutoff  285      27784.0000 27814.8577  0.11%   5.7 1330s
 712671 186914 27814.8577  281   16 27784.0000 27814.8577  0.11%   5.7 1336s
 714233 187546 27814.8577  282   15 27784.0000 27814.8577  0.11%   5.7 1340s
 718287 188615 27814.8577  278   29 27784.0000 27814.8577  0.11%   5.7 1347s
 720462 188952 27814.8577  273   15 27784.0000 27814.8577  0.11%   5.7 1352s
 721904 189654 27810.0136  279   15 27784.0000 27814.8577  0.11%   5.7 1356s
 726031 190716 27814.8577  295   14 27784.0000 27814.8577  0.11%   5.7 1362s
 728018 191011 27792.1016  281   13 27784.0000 27814.8577  0.11%   5.7 1369s
 729097 191692 27797.0182  307   18 27784.0000 27814.8577  0.11%   5.8 1373s
 731600 192398     cutoff  300      27784.0000 27814.8577  0.11%   5.8 1376s
 733688 192918 27814.8577  280   15 27784.0000 27814.8577  0.11%   5.8 1380s
 735598 193129     cutoff  292      27784.0000 27814.8577  0.11%   5.8 1388s
 736682 193603 27806.4186  289   30 27784.0000 27814.8577  0.11%   5.8 1393s
 738534 194268     cutoff  305      27784.0000 27814.8577  0.11%   5.8 1396s
 740644 194736 27814.8577  308   14 27784.0000 27814.8577  0.11%   5.8 1401s
 742661 195183     cutoff  310      27784.0000 27814.8577  0.11%   5.8 1405s
 743794 195926 27814.8577  284   18 27784.0000 27814.8577  0.11%   5.8 1410s
 746686 196263 27794.8177  283   19 27784.0000 27814.8577  0.11%   5.8 1417s
 748322 196951 27814.8577  304   19 27784.0000 27814.8577  0.11%   5.8 1420s
 750390 197183     cutoff  298      27784.0000 27814.8577  0.11%   5.9 1428s
 751272 197334 27793.6973  295   13 27784.0000 27814.8577  0.11%   5.9 1441s
 751800 198073 27814.8577  297   13 27784.0000 27814.8577  0.11%   5.9 1445s
 757169 198619 27813.2077  302   13 27784.0000 27814.8577  0.11%   5.9 1458s
 757807 199046 27813.2077  303   14 27784.0000 27814.8577  0.11%   5.9 1462s
 760572 199297 27814.8577  294   12 27784.0000 27814.8577  0.11%   5.9 1465s
 764162 199827 27814.8577  290   16 27784.0000 27814.8577  0.11%   5.9 1470s
 767933 200318 27814.8577  312   15 27784.0000 27814.8577  0.11%   5.9 1475s
 769793 200454 27795.2147  310   10 27784.0000 27814.8577  0.11%   5.9 1482s
 770531 200676 27814.8577  305   18 27784.0000 27814.8577  0.11%   6.0 1485s
 774637 201105     cutoff  314      27784.0000 27814.8577  0.11%   6.0 1493s
 776652 201424 27814.8577  308   12 27784.0000 27814.8577  0.11%   6.0 1496s
 780096 202001 27791.2201  320    6 27784.0000 27814.8577  0.11%   6.0 1506s
 781387 202465 27791.2201  321    7 27784.0000 27814.8577  0.11%   6.0 1510s
 786518 203086 27814.8577  312   17 27784.0000 27814.8577  0.11%   6.0 1517s
 788666 203349     cutoff  312      27784.0000 27814.8577  0.11%   6.0 1520s
 790882 203423 27803.2006  300   11 27784.0000 27814.8577  0.11%   6.0 1530s
 793971 203794     cutoff  303      27784.0000 27814.8577  0.11%   6.1 1541s
 797449 204374     cutoff  319      27784.0000 27814.8577  0.11%   6.1 1546s
 800934 204705     cutoff  304      27784.0000 27814.8577  0.11%   6.1 1551s
 804879 205037 27790.8022  308   15 27784.0000 27814.8577  0.11%   6.1 1562s
 805735 205255 27814.8577  318   13 27784.0000 27814.8577  0.11%   6.1 1565s
 809708 205661     cutoff  315      27784.0000 27814.8577  0.11%   6.1 1572s
 811804 206063     cutoff  310      27784.0000 27814.8577  0.11%   6.1 1575s
 815848 206505     cutoff  312      27784.0000 27814.8577  0.11%   6.2 1588s
 816513 207281 27803.3020  297   16 27784.0000 27814.8577  0.11%   6.2 1600s
 824158 207432 27803.6903  302   16 27784.0000 27814.8577  0.11%   6.2 1608s
 825383 207521 27814.8577  292   15 27784.0000 27814.8577  0.11%   6.2 1620s
 828913 208019     cutoff  306      27784.0000 27814.8577  0.11%   6.2 1627s
 831263 208279 27814.8577  306   14 27784.0000 27814.8577  0.11%   6.2 1631s
 833480 208468     cutoff  301      27784.0000 27814.8577  0.11%   6.2 1636s
 837283 208935     cutoff  309      27784.0000 27814.8577  0.11%   6.3 1642s
 839224 208980 27814.8577  301   13 27784.0000 27814.8577  0.11%   6.3 1650s
 839877 209122 27814.8577  302   12 27784.0000 27814.8577  0.11%   6.3 1657s
 841113 209383 27814.8577  306   13 27784.0000 27814.8577  0.11%   6.3 1661s
 843680 209515 27814.8577  315   15 27784.0000 27814.8577  0.11%   6.3 1666s
 845953 209707 27801.1035  305   11 27784.0000 27814.8577  0.11%   6.3 1670s
 848234 209937 27814.8577  303   12 27784.0000 27814.8577  0.11%   6.3 1680s
 851920 210649 27813.4929  311   13 27784.0000 27814.8577  0.11%   6.3 1687s
 854085 210900     cutoff  290      27784.0000 27814.8577  0.11%   6.3 1690s
 857712 211304     cutoff  310      27784.0000 27814.8577  0.11%   6.3 1714s
 857835 211700     cutoff  307      27784.0000 27814.8577  0.11%   6.3 1717s
 859926 212048 27803.1474  291   16 27784.0000 27814.8577  0.11%   6.4 1721s
 864088 212698 infeasible  289      27784.0000 27814.8577  0.11%   6.4 1727s
 866125 212770 infeasible  315      27784.0000 27814.8577  0.11%   6.4 1738s
 866735 212971     cutoff  306      27784.0000 27814.8577  0.11%   6.4 1741s
 871016 213645 27812.7934  309   20 27784.0000 27814.8577  0.11%   6.4 1747s
 873086 213978 27798.4258  304   18 27784.0000 27814.8577  0.11%   6.4 1750s
 876925 214657     cutoff  313      27784.0000 27814.8577  0.11%   6.4 1756s
 881190 215381 27798.0192  291   14 27784.0000 27814.8577  0.11%   6.4 1763s
 883323 215575 27814.8577  309   12 27784.0000 27814.8577  0.11%   6.4 1771s
 886475 216304 27813.6064  311   27 27784.0000 27814.8577  0.11%   6.4 1777s
 888647 216624 27799.7478  307   13 27784.0000 27814.8577  0.11%   6.4 1781s
 892929 217136 27808.8353  315   14 27784.0000 27814.8577  0.11%   6.4 1787s
 894753 217313 27806.9202  301   12 27784.0000 27814.8577  0.11%   6.4 1796s
 895936 217475 27814.8577  293   20 27784.0000 27814.8577  0.11%   6.4 1804s
 896919 218010 27814.8577  294   16 27784.0000 27814.8577  0.11%   6.4 1809s
 899942 218402 27787.1864  320   16 27784.0000 27814.8577  0.11%   6.5 1813s
 902531 218588     cutoff  312      27784.0000 27814.8577  0.11%   6.5 1820s
 906560 219216 27796.6735  310   14 27784.0000 27814.8577  0.11%   6.5 1831s
 910534 219914     cutoff  311      27784.0000 27814.8577  0.11%   6.5 1843s
 911549 221059     cutoff  311      27784.0000 27814.8577  0.11%   6.5 1851s
 917355 221332 27814.8577  261   20 27784.0000 27814.8577  0.11%   6.5 1860s
 918667 221965 27814.8577  262   18 27784.0000 27814.8577  0.11%   6.5 1869s
 920917 222426 27814.8577  285   14 27784.0000 27814.8577  0.11%   6.5 1873s
 923612 222988 27795.4023  298   14 27784.0000 27814.8577  0.11%   6.5 1877s
 926104 223490 27814.8577  259   17 27784.0000 27814.8577  0.11%   6.5 1882s
 928182 223710     cutoff  306      27784.0000 27814.8577  0.11%   6.5 1890s
 931760 224693 27814.8577  293   15 27784.0000 27814.8577  0.11%   6.5 1897s
 933620 224840 27814.8577  311   14 27784.0000 27814.8577  0.11%   6.5 1909s
 934011 225487     cutoff  293      27784.0000 27814.8577  0.11%   6.5 1913s
 936375 225854 27814.8577  266   17 27784.0000 27814.8577  0.11%   6.5 1923s
 937289 226748 27812.0580  267   18 27784.0000 27814.8577  0.11%   6.5 1926s
 942055 227812 27795.1857  301    9 27784.0000 27814.8577  0.11%   6.5 1934s
 944309 228250 27814.1564  275   19 27784.0000 27814.8577  0.11%   6.5 1942s
 946376 228866 27806.0267  286   21 27784.0000 27814.8577  0.11%   6.5 1945s
 950719 229811     cutoff  298      27784.0000 27814.8577  0.11%   6.6 1950s
 954363 230350 27814.8577  255   15 27784.0000 27814.8577  0.11%   6.6 1958s
 955976 230580     cutoff  300      27784.0000 27814.8577  0.11%   6.6 1961s
 959745 231196 27813.3094  305   25 27784.0000 27814.8577  0.11%   6.6 1967s
 961781 231469 27814.4201  286   23 27784.0000 27814.8577  0.11%   6.6 1975s
 964958 232245     cutoff  304      27784.0000 27814.8577  0.11%   6.6 1983s
 966866 232695 27786.1297  288    8 27784.0000 27814.8577  0.11%   6.6 1986s
 968806 232911 27814.8577  303   14 27784.0000 27814.8577  0.11%   6.6 1993s
 969894 233322 27792.4809  306   13 27784.0000 27814.8577  0.11%   6.6 1997s
 972504 233668 27814.8577  296   12 27784.0000 27814.8577  0.11%   6.6 2001s
 974723 233855 27814.8577  304   14 27784.0000 27814.8577  0.11%   6.6 2011s
 975848 234177 27801.8023  301   10 27784.0000 27814.8577  0.11%   6.6 2017s
 977710 234494     cutoff  296      27784.0000 27814.8577  0.11%   6.6 2020s
 982465 235316 27794.6520  314   14 27784.0000 27814.8577  0.11%   6.6 2027s
 986697 236172 27814.8577  281   12 27784.0000 27814.8577  0.11%   6.6 2032s
 990247 236618 27797.1209  284   10 27784.0000 27814.8577  0.11%   6.6 2042s
 991200 237116 27797.1209  285   10 27784.0000 27814.8577  0.11%   6.6 2045s
 993773 237122 27807.5317  304   26 27784.0000 27814.8577  0.11%   6.6 2059s
 993790 237705 infeasible  305      27784.0000 27814.8577  0.11%   6.6 2062s
 996169 237967 27814.8577  291   20 27784.0000 27814.8577  0.11%   6.6 2069s
 997631 238557 27808.0512  297   14 27784.0000 27814.8577  0.11%   6.6 2071s
 1002031 239674 27813.1194  289   15 27784.0000 27814.8577  0.11%   6.6 2077s
 1004270 240023 27793.4674  291   22 27784.0000 27814.8577  0.11%   6.6 2082s
 1007827 240785 27814.8577  237   18 27784.0000 27814.8577  0.11%   6.7 2087s
 1011546 241486 27794.0059  296   13 27784.0000 27814.8577  0.11%   6.7 2095s
 1014856 242309     cutoff  295      27784.0000 27814.8577  0.11%   6.7 2102s
 1016823 242701 27814.8577  300   16 27784.0000 27814.8577  0.11%   6.7 2105s
 1018840 242873     cutoff  300      27784.0000 27814.8577  0.11%   6.7 2112s
 1019777 243276 27814.8577  284   14 27784.0000 27814.8577  0.11%   6.7 2115s
 1024181 244048     cutoff  305      27784.0000 27814.8577  0.11%   6.7 2121s
 1026137 244241     cutoff  295      27784.0000 27814.8577  0.11%   6.7 2128s
 1027182 244908 27803.6903  296   13 27784.0000 27814.8577  0.11%   6.7 2131s
 1032294 245705     cutoff  295      27784.0000 27814.8577  0.11%   6.7 2139s
 1033982 246215     cutoff  292      27784.0000 27814.8577  0.11%   6.7 2142s
 1036311 246746 27796.9128  298   12 27784.0000 27814.8577  0.11%   6.7 2145s
 1040708 247816 27796.8638  300   25 27784.0000 27814.8577  0.11%   6.7 2153s
 1042414 248312 27814.8577  291   16 27784.0000 27814.8577  0.11%   6.7 2155s
 1048043 249706     cutoff  287      27784.0000 27814.8577  0.11%   6.7 2167s
 1048496 250295     cutoff  286      27784.0000 27814.8577  0.11%   6.7 2171s
 1050717 250469 27814.8577  284   20 27784.0000 27814.8577  0.11%   6.7 2180s
 1053866 251744     cutoff  298      27784.0000 27814.8577  0.11%   6.7 2189s
 1055399 252168 27803.2066  290   20 27784.0000 27814.8577  0.11%   6.7 2192s
 1058073 252664     cutoff  294      27784.0000 27814.8577  0.11%   6.7 2195s
 1060610 252796 27814.8577  285   12 27784.0000 27814.8577  0.11%   6.7 2201s
 1061848 253534 27794.2366  300   17 27784.0000 27814.8577  0.11%   6.7 2205s
 1067732 254298     cutoff  304      27784.0000 27814.8577  0.11%   6.7 2215s
 1071473 255056 27814.8577  283   16 27784.0000 27814.8577  0.11%   6.7 2220s
 1075585 255710     cutoff  292      27784.0000 27814.8577  0.11%   6.7 2229s
 1077055 256173 27814.8577  275   14 27784.0000 27814.8577  0.11%   6.7 2232s
 1079249 256595 27806.3068  296   16 27784.0000 27814.8577  0.11%   6.7 2235s
 1083367 257287 27814.8577  273   17 27784.0000 27814.8577  0.11%   6.8 2245s
 1086832 257865     cutoff  293      27784.0000 27814.8577  0.11%   6.8 2258s
 1087393 258335 27802.9900  268   12 27784.0000 27814.8577  0.11%   6.8 2261s
 1089713 258765 27811.5030  297   16 27784.0000 27814.8577  0.11%   6.8 2266s
 1093463 259811 27794.3767  290   20 27784.0000 27814.8577  0.11%   6.8 2272s
 1095674 260258 27806.3723  284   17 27784.0000 27814.8577  0.11%   6.8 2276s
 1097729 260442 27792.6620  296   14 27784.0000 27814.8577  0.11%   6.8 2282s
 1098942 261180 27794.5217  312   17 27784.0000 27814.8577  0.11%   6.8 2287s
 1102339 261698 27803.2414  288   14 27784.0000 27814.8577  0.11%   6.8 2290s
 1104582 261912 27795.1056  292   11 27784.0000 27814.8577  0.11%   6.8 2296s
 1108194 263029 infeasible  312      27784.0000 27814.8577  0.11%   6.8 2302s
 1110345 263531 27791.9565  311   11 27784.0000 27814.8577  0.11%   6.8 2306s
 1112543 263707 27814.8577  274   13 27784.0000 27814.8577  0.11%   6.8 2314s
 1113298 264264 27814.8577  275   13 27784.0000 27814.8577  0.11%   6.8 2317s
 1115667 264791 27814.1564  282   20 27784.0000 27814.8577  0.11%   6.8 2320s
 1119643 265463 27805.0027  285   16 27784.0000 27814.8577  0.11%   6.8 2327s
 1121324 265558 infeasible  301      27784.0000 27814.8577  0.11%   6.8 2338s
 1122135 266045     cutoff  311      27784.0000 27814.8577  0.11%   6.8 2341s
 1126980 266601     cutoff  310      27784.0000 27814.8577  0.11%   6.8 2352s
 1127865 267010     cutoff  279      27784.0000 27814.8577  0.11%   6.8 2355s
 1132413 267800     cutoff  323      27784.0000 27814.8577  0.11%   6.8 2362s
 1134616 268027 27793.2848  311   18 27784.0000 27814.8577  0.11%   6.8 2372s
 1135561 268922 27814.8577  309   14 27784.0000 27814.8577  0.11%   6.8 2379s
 1140563 269168 27813.7812  278   18 27784.0000 27814.8577  0.11%   6.8 2388s
 1141641 269821 27813.5940  279   12 27784.0000 27814.8577  0.11%   6.8 2391s
 1144099 270091     cutoff  316      27784.0000 27814.8577  0.11%   6.8 2398s
 1145701 270538 27810.4073  306   15 27784.0000 27814.8577  0.11%   6.8 2401s
 1148365 270857 27807.3942  283   17 27784.0000 27814.8577  0.11%   6.8 2407s
 1152497 271616     cutoff  295      27784.0000 27814.8577  0.11%   6.8 2413s
 1154593 271956 27814.8577  263   18 27784.0000 27814.8577  0.11%   6.8 2415s
 1156583 271990     cutoff  296      27784.0000 27814.8577  0.11%   6.9 2430s
 1159165 272988 27814.8577  277   13 27784.0000 27814.8577  0.11%   6.9 2436s
 1163370 273508 27788.9885  302   24 27784.0000 27814.8577  0.11%   6.9 2446s
 1167142 274249     cutoff  316      27784.0000 27814.8577  0.11%   6.9 2451s
 1171214 274908 27814.8577  283   16 27784.0000 27814.8577  0.11%   6.9 2460s
 1175669 275853 infeasible  307      27784.0000 27814.8577  0.11%   6.9 2466s
 1177979 276083 27804.7843  301   24 27784.0000 27814.8577  0.11%   6.9 2473s
 1179290 276490     cutoff  302      27784.0000 27814.8577  0.11%   6.9 2477s
 1181686 276928 27798.2729  293   18 27784.0000 27814.8577  0.11%   6.9 2480s
 1185916 277582     cutoff  298      27784.0000 27814.8577  0.11%   6.9 2488s
 1187259 278102 27795.1056  315   14 27784.0000 27814.8577  0.11%   6.9 2492s
 1191657 278850 27814.8577  314   17 27784.0000 27814.8577  0.11%   6.9 2497s
 1193576 278996 27805.0604  276   22 27784.0000 27814.8577  0.11%   6.9 2510s
 1196958 279575 27808.8573  300   17 27784.0000 27814.8577  0.11%   6.9 2516s
 1199331 279861     cutoff  296      27784.0000 27814.8577  0.11%   6.9 2520s
 1203659 280552 27814.8577  316   14 27784.0000 27814.8577  0.11%   6.9 2526s
 1205720 280753 27814.8577  306   15 27784.0000 27814.8577  0.11%   6.9 2532s
 1209184 281159 27814.8577  320   17 27784.0000 27814.8577  0.11%   6.9 2543s
 1210155 282052     cutoff  292      27784.0000 27814.8577  0.11%   6.9 2550s
 1215492 282360 infeasible  307      27784.0000 27814.8577  0.11%   6.9 2556s
 1219359 283406     cutoff  295      27784.0000 27814.8577  0.11%   6.9 2563s
 1221706 283776 27814.8577  284   21 27784.0000 27814.8577  0.11%   6.9 2570s
 1226022 284628 27813.2720  289   21 27784.0000 27814.8577  0.11%   6.9 2575s
 1230234 285177 27814.8577  279   18 27784.0000 27814.8577  0.11%   6.9 2585s
 1233658 285812 27802.7895  313    9 27784.0000 27814.8577  0.11%   6.9 2596s
 1235188 286086 27809.1879  304   18 27784.0000 27814.8577  0.11%   6.9 2601s
 1237630 286161 infeasible  308      27784.0000 27814.8577  0.11%   7.0 2613s
 1238936 286634 27814.8577  306   14 27784.0000 27814.8577  0.11%   7.0 2617s
 1241512 287095 27801.1151  327   17 27784.0000 27814.8577  0.11%   7.0 2621s
 1244054 287567 27812.4120  307   12 27784.0000 27814.8577  0.11%   7.0 2627s
 1246151 287967 27811.3605  296   16 27784.0000 27814.8577  0.11%   7.0 2632s
 1248307 288277 27805.7578  311   14 27784.0000 27814.8577  0.11%   7.0 2635s
 1252525 288664 27799.7034  292   11 27784.0000 27814.8577  0.11%   7.0 2658s
 1252660 289022 27799.7034  293   10 27784.0000 27814.8577  0.11%   7.0 2661s
 1254687 289403     cutoff  307      27784.0000 27814.8577  0.11%   7.0 2665s
 1258654 290158 27794.0059  284   14 27784.0000 27814.8577  0.11%   7.0 2680s
 1261523 291130     cutoff  310      27784.0000 27814.8577  0.11%   7.0 2687s
 1263761 291601 27812.4120  302   16 27784.0000 27814.8577  0.11%   7.0 2691s
 1265909 291773 27794.8177  306   10 27784.0000 27814.8577  0.11%   7.0 2701s
 1266770 292674 27794.2479  302   17 27784.0000 27814.8577  0.11%   7.0 2710s
 1272729 292858 27786.1250  318    9 27784.0000 27814.8577  0.11%   7.0 2718s
 1274027 293228     cutoff  312      27784.0000 27814.8577  0.11%   7.0 2722s
 1276557 293533     cutoff  304      27784.0000 27814.8577  0.11%   7.0 2726s
 1278999 293855 27807.9832  316   14 27784.0000 27814.8577  0.11%   7.0 2734s
 1280761 294216 27812.4120  311   14 27784.0000 27814.8577  0.11%   7.0 2738s
 1283163 294574 27814.8577  293   13 27784.0000 27814.8577  0.11%   7.0 2743s
 1285532 294960 27814.8577  311   14 27784.0000 27814.8577  0.11%   7.0 2746s
 1287605 295108 27799.3118  302   14 27784.0000 27814.8577  0.11%   7.0 2754s
 1288733 295497 27814.8577  317   16 27784.0000 27814.8577  0.11%   7.0 2759s
 1291600 295777     cutoff  299      27784.0000 27814.8577  0.11%   7.0 2763s
 1293898 295983 27814.8577  300   18 27784.0000 27814.8577  0.11%   7.0 2775s
 1297659 296819 27814.8577  304   11 27784.0000 27814.8577  0.11%   7.0 2782s
 1299930 297068 27806.3068  287   18 27784.0000 27814.8577  0.11%   7.0 2789s
 1301316 297378     cutoff  305      27784.0000 27814.8577  0.11%   7.0 2795s
 1305385 298063     cutoff  309      27784.0000 27814.8577  0.11%   7.0 2802s
 1307340 298277 27798.5396  314   16 27784.0000 27814.8577  0.11%   7.0 2805s
 1309061 298448 27814.8577  285   18 27784.0000 27814.8577  0.11%   7.0 2813s
 1310274 298544 27805.5860  301   22 27784.0000 27814.8577  0.11%   7.0 2823s
 1310808 298978 27803.3459  293   21 27784.0000 27814.8577  0.11%   7.0 2826s
 1313392 299316 27814.8577  295   14 27784.0000 27814.8577  0.11%   7.0 2830s
 1315669 299579 27812.1634  282   19 27784.0000 27814.8577  0.11%   7.0 2836s
 1317214 299880 27811.5399  296   16 27784.0000 27814.8577  0.11%   7.0 2841s
 1319749 300193 27814.8577  288   20 27784.0000 27814.8577  0.11%   7.0 2845s
 1324073 300880 27814.8577  301   15 27784.0000 27814.8577  0.11%   7.0 2855s
 1325416 301223 27801.1035  299   14 27784.0000 27814.8577  0.11%   7.0 2861s
 1330449 301825 27796.0095  303   10 27784.0000 27814.8577  0.11%   7.0 2869s
 1332378 302152 infeasible  302      27784.0000 27814.8577  0.11%   7.0 2872s
 1337009 302532 infeasible  305      27784.0000 27814.8577  0.11%   7.0 2876s
 1338984 302704     cutoff  304      27784.0000 27814.8577  0.11%   7.0 2883s
 1340279 302813 27814.8577  315   10 27784.0000 27814.8577  0.11%   7.0 2885s
 1344502 303079     cutoff  297      27784.0000 27814.8577  0.11%   7.0 2891s
 1346483 303164 27792.8180  306   11 27784.0000 27814.8577  0.11%   7.0 2896s
 1349849 303350     cutoff  315      27784.0000 27814.8577  0.11%   7.0 2903s
 1351739 303366 27806.3002  297   17 27784.0000 27814.8577  0.11%   7.0 2912s
 1352581 303512 27806.3002  298   18 27784.0000 27814.8577  0.11%   7.0 2915s
 1354745 303668 27814.8577  317   13 27784.0000 27814.8577  0.11%   7.0 2923s
 1356026 303910 27813.5064  294   19 27784.0000 27814.8577  0.11%   7.0 2926s
 1358088 304045     cutoff  317      27784.0000 27814.8577  0.11%   7.0 2930s
 1362161 304478 27814.8577  300   16 27784.0000 27814.8577  0.11%   7.0 2943s
 1363328 304779     cutoff  307      27784.0000 27814.8577  0.11%   7.0 2946s
 1365559 305166 27800.1494  315   24 27784.0000 27814.8577  0.11%   7.0 2950s
 1369991 305552 27802.1899  310   15 27784.0000 27814.8577  0.11%   7.1 2962s
 1370731 305914 27810.2418  313   14 27784.0000 27814.8577  0.11%   7.1 2967s
 1372867 306205     cutoff  298      27784.0000 27814.8577  0.11%   7.1 2971s
 1374946 306629 27790.7871  310   11 27784.0000 27814.8577  0.11%   7.1 2975s
 1377010 306754     cutoff  316      27784.0000 27814.8577  0.11%   7.1 2989s
 1377722 308076 27814.8577  309   11 27784.0000 27814.8577  0.11%   7.1 3004s
 1386170 308187 27800.8768  312   14 27784.0000 27814.8577  0.11%   7.1 3012s
 1387431 308383 infeasible  303      27784.0000 27814.8577  0.11%   7.1 3016s
 1389595 308414 27814.8577  303   15 27784.0000 27814.8577  0.11%   7.1 3030s
 1391907 308683 27814.8577  303   14 27784.0000 27814.8577  0.11%   7.1 3035s
 1394459 309188 27814.8577  294   14 27784.0000 27814.8577  0.11%   7.1 3047s
 1395731 309463 27796.3144  295   12 27784.0000 27814.8577  0.11%   7.1 3051s
 1397655 309715 27797.7664  315   11 27784.0000 27814.8577  0.11%   7.1 3055s
 1401617 310094 27814.8577  304   14 27784.0000 27814.8577  0.11%   7.1 3064s
 1403032 310436 27810.4640  311   14 27784.0000 27814.8577  0.11%   7.1 3067s
 1407209 310959 27796.9834  316   10 27784.0000 27814.8577  0.11%   7.1 3072s
 1409263 311282     cutoff  301      27784.0000 27814.8577  0.11%   7.1 3077s
 1410937 311614     cutoff  296      27784.0000 27814.8577  0.11%   7.1 3080s
 1414758 312308 27814.8577  280   16 27784.0000 27814.8577  0.11%   7.1 3085s
 1416603 312534     cutoff  289      27784.0000 27814.8577  0.11%   7.1 3092s
 1417692 312804 27800.6471  315   23 27784.0000 27814.8577  0.11%   7.1 3096s
 1419914 313077     cutoff  321      27784.0000 27814.8577  0.11%   7.1 3100s
 1424094 313749 27811.9871  295   21 27784.0000 27814.8577  0.11%   7.1 3108s
 1425803 314209 27814.8577  296   11 27784.0000 27814.8577  0.11%   7.1 3112s
 1428062 314703 27814.8577  314   16 27784.0000 27814.8577  0.11%   7.1 3115s
 1432573 315207 27805.4346  246   19 27784.0000 27814.8577  0.11%   7.1 3124s
 1433949 315646 27791.7589  294   11 27784.0000 27814.8577  0.11%   7.1 3127s
 1436943 315780     cutoff  294      27784.0000 27814.8577  0.11%   7.2 3132s
 1438495 316059 27801.0211  290   17 27784.0000 27814.8577  0.11%   7.2 3135s
 1440597 316104 27806.3068  286   12 27784.0000 27814.8577  0.11%   7.2 3143s
 1441443 316247 27806.3068  287   11 27784.0000 27814.8577  0.11%   7.2 3151s
 1442362 316657 27814.8577  296   15 27784.0000 27814.8577  0.11%   7.2 3155s
 1447286 317308     cutoff  297      27784.0000 27814.8577  0.11%   7.2 3164s
 1448909 317677     cutoff  314      27784.0000 27814.8577  0.11%   7.2 3168s
 1451270 317934 27814.8577  281   16 27784.0000 27814.8577  0.11%   7.2 3170s
 1455037 318285 infeasible  287      27784.0000 27814.8577  0.11%   7.2 3180s
 1458061 318873 27814.8577  299   13 27784.0000 27814.8577  0.11%   7.2 3187s
 1462082 319576 27814.8577  276   22 27784.0000 27814.8577  0.11%   7.2 3197s
 1463142 319959 27811.3786  292   14 27784.0000 27814.8577  0.11%   7.2 3201s
 1467520 320289     cutoff  294      27784.0000 27814.8577  0.11%   7.2 3217s
 1468683 320484     cutoff  305      27784.0000 27814.8577  0.11%   7.2 3223s
 1470265 320716     cutoff  317      27784.0000 27814.8577  0.11%   7.2 3226s
 1473898 321261 27814.8577  312   15 27784.0000 27814.8577  0.11%   7.2 3233s
 1475819 321503 27814.8577  296   20 27784.0000 27814.8577  0.11%   7.2 3238s
 1477357 321867 27814.8577  265   21 27784.0000 27814.8577  0.11%   7.2 3242s
 1479516 322270 27814.8577  278   16 27784.0000 27814.8577  0.11%   7.2 3245s
 1483701 322997 27797.4778  312   16 27784.0000 27814.8577  0.11%   7.2 3255s
 1487267 323951 infeasible  303      27784.0000 27814.8577  0.11%   7.3 3262s
 1489443 324184     cutoff  309      27784.0000 27814.8577  0.11%   7.3 3265s
 1491149 324247 27814.8577  301   12 27784.0000 27814.8577  0.11%   7.3 3274s
 1491956 324571 27804.4319  307   20 27784.0000 27814.8577  0.11%   7.3 3278s
 1494804 324774 27814.8577  308   11 27784.0000 27814.8577  0.11%   7.3 3283s
 1497096 325005 27814.8577  299   15 27784.0000 27814.8577  0.11%   7.3 3290s
 1501098 325321 27803.3222  309   11 27784.0000 27814.8577  0.11%   7.3 3299s
 1503242 325572 27814.8577  300   15 27784.0000 27814.8577  0.11%   7.3 3303s
 1505395 325666     cutoff  311      27784.0000 27814.8577  0.11%   7.3 3312s
 1506687 325924 27813.5733  312   17 27784.0000 27814.8577  0.11%   7.3 3316s
 1508931 326281     cutoff  315      27784.0000 27814.8577  0.11%   7.3 3320s
 1510725 326485 27805.4346  277   21 27784.0000 27814.8577  0.11%   7.3 3327s
 1511914 326709 27805.1976  316   16 27784.0000 27814.8577  0.11%   7.3 3335s
 1516202 327521 27814.8577  280   14 27784.0000 27814.8577  0.11%   7.3 3343s
 1518457 327648 27814.8577  307   14 27784.0000 27814.8577  0.11%   7.3 3355s
 1519224 327864 27790.7390  314    9 27784.0000 27814.8577  0.11%   7.3 3360s
 1521756 328204 27791.4221  297   17 27784.0000 27814.8577  0.11%   7.3 3365s
 1526234 328858 27794.9655  309   15 27784.0000 27814.8577  0.11%   7.3 3377s
 1527997 329113     cutoff  310      27784.0000 27814.8577  0.11%   7.3 3384s
 1529470 329414     cutoff  309      27784.0000 27814.8577  0.11%   7.3 3388s
 1531868 329702     cutoff  304      27784.0000 27814.8577  0.11%   7.3 3391s
 1533954 330085     cutoff  299      27784.0000 27814.8577  0.11%   7.3 3400s
 1537664 330940 27814.1486  306   15 27784.0000 27814.8577  0.11%   7.4 3407s
 1539917 331272     cutoff  311      27784.0000 27814.8577  0.11%   7.4 3411s
 1541874 331494 27814.8577  257   22 27784.0000 27814.8577  0.11%   7.4 3419s
 1543189 331837 27814.8577  258   23 27784.0000 27814.8577  0.11%   7.4 3424s
 1545408 331949     cutoff  310      27784.0000 27814.8577  0.11%   7.4 3433s
 1546405 332186 27814.8577  293   12 27784.0000 27814.8577  0.11%   7.4 3436s
 1548260 332233 27814.8577  280   15 27784.0000 27814.8577  0.11%   7.4 3446s
 1549345 332574 27812.4174  303   15 27784.0000 27814.8577  0.11%   7.4 3450s
 1551933 332920 27802.9759  312   17 27784.0000 27814.8577  0.11%   7.4 3455s
 1556315 333826 27814.8577  287   16 27784.0000 27814.8577  0.11%   7.4 3464s
 1558446 334266     cutoff  277      27784.0000 27814.8577  0.11%   7.4 3467s
 1560565 334555 27806.1391  297   22 27784.0000 27814.8577  0.11%   7.4 3473s
 1562090 334921     cutoff  323      27784.0000 27814.8577  0.11%   7.4 3477s
 1564362 335115 27810.0136  297   16 27784.0000 27814.8577  0.11%   7.4 3480s
 1568177 335464 27789.6355  304   13 27784.0000 27814.8577  0.11%   7.4 3500s
 1570930 336428 27810.6855  305   21 27784.0000 27814.8577  0.11%   7.4 3506s
 1573094 337158 27803.7855  294   12 27784.0000 27814.8577  0.11%   7.4 3510s
 1575188 337643 27814.8577  272   14 27784.0000 27814.8577  0.11%   7.4 3519s
 1576368 338850     cutoff  294      27784.0000 27814.8577  0.11%   7.4 3521s
 1580954 340692 27800.6889  293   17 27784.0000 27814.8577  0.11%   7.4 3527s
 1583189 341332 27814.8577  291   17 27784.0000 27814.8577  0.11%   7.4 3534s
 1584626 342394     cutoff  299      27784.0000 27814.8577  0.11%   7.4 3538s
 1587480 343007 27796.9219  309   26 27784.0000 27814.8577  0.11%   7.4 3540s
 1589630 343180 infeasible  303      27784.0000 27814.8577  0.11%   7.4 3553s
 1590147 343863 27798.2703  303   12 27784.0000 27814.8577  0.11%   7.4 3556s
 1592255 344313 27797.6570  299   20 27784.0000 27814.8577  0.11%   7.4 3564s
 1593295 345536 27806.1629  297   13 27784.0000 27814.8577  0.11%   7.4 3567s
 1595973 345959 27814.8577  311   28 27784.0000 27814.8577  0.11%   7.5 3575s
 1599963 347472 27814.8577  297   20 27784.0000 27814.8577  0.11%   7.5 3580s
 1602304 347895     cutoff  315      27784.0000 27814.8577  0.11%   7.5 3589s
 1604098 349178 27814.8577  297   16 27784.0000 27814.8577  0.11%   7.5 3595s
 1608140 349234     cutoff  317      27784.0000 27814.8577  0.11%   7.5 3600s

Cutting planes:
  Gomory: 5
  Cover: 947
  MIR: 1
  StrongCG: 1
  Flow cover: 1
  Inf proof: 6

Explored 1608271 nodes (12017188 simplex iterations) in 3600.37 seconds
Thread count was 12 (of 12 available processors)

Solution count 10: 27784 27752 27732 ... 25095

Time limit reached
Best objective 2.778400000000e+04, best bound 2.781400000000e+04, gap 0.1080%
