
Gurobi 9.1.2 (win64, Java) logging started Mon Nov 15 20:10:22 2021

Academic license - for non-commercial use only - expires 2022-10-30
Gurobi Optimizer version 9.1.2 build v9.1.2rc0 (win64)
Thread count: 6 physical cores, 12 logical processors, using up to 12 threads
Optimize a model with 110 rows, 1000 columns and 2000 nonzeros
Model fingerprint: 0xf7edce32
Variable types: 0 continuous, 1000 integer (1000 binary)
Coefficient statistics:
  Matrix range     [1e+00, 1e+03]
  Objective range  [3e+01, 1e+03]
  Bounds range     [1e+00, 1e+00]
  RHS range        [1e+00, 3e+03]
Found heuristic solution: objective 27191.000000
Presolve removed 0 rows and 10 columns
Presolve time: 0.04s
Presolved: 110 rows, 990 columns, 1980 nonzeros
Variable types: 0 continuous, 990 integer (990 binary)
Presolved: 110 rows, 990 columns, 1980 nonzeros


Root relaxation: objective 2.949840e+04, 311 iterations, 0.01 seconds

    Nodes    |    Current Node    |     Objective Bounds      |     Work
 Expl Unexpl |  Obj  Depth IntInf | Incumbent    BestBd   Gap | It/Node Time

     0     0 29498.3986    0   12 27191.0000 29498.3986  8.49%     -    0s
H    0     0                    29097.000000 29498.3986  1.38%     -    0s
H    0     0                    29166.000000 29498.3986  1.14%     -    0s
     0     0 29496.7412    0   27 29166.0000 29496.7412  1.13%     -    2s
H    0     0                    29172.000000 29496.7412  1.11%     -    3s
     0     0 29496.7412    0   27 29172.0000 29496.7412  1.11%     -    5s
H    0     0                    29341.000000 29496.7412  0.53%     -    6s
     0     0 29496.7412    0   24 29341.0000 29496.7412  0.53%     -    6s
     0     0 29496.7412    0   25 29341.0000 29496.7412  0.53%     -    7s
     0     0 29496.7412    0   19 29341.0000 29496.7412  0.53%     -    8s
     0     0 29496.7412    0   26 29341.0000 29496.7412  0.53%     -    8s
     0     0 29496.7412    0   13 29341.0000 29496.7412  0.53%     -    9s
     0     0 29496.7412    0   20 29341.0000 29496.7412  0.53%     -    9s
     0     0 29496.7412    0   22 29341.0000 29496.7412  0.53%     -    9s
     0     0 29496.7412    0   18 29341.0000 29496.7412  0.53%     -    9s
     0     2 29496.7412    0   18 29341.0000 29496.7412  0.53%     -   12s
    31    42 29496.7412    6   23 29341.0000 29496.7412  0.53%  20.5   15s
   969  1116 29480.9026  127   14 29341.0000 29496.7412  0.53%   8.8   26s
H 1119  1586                    29351.000000 29496.7412  0.50%   8.3   29s
H 1335  1584                    29366.000000 29496.7412  0.45%   7.7   29s
  1614  2569 29477.2884  187   13 29366.0000 29496.7412  0.45%   7.3   30s
  3714  3451 29494.0235   63   14 29366.0000 29496.7412  0.45%   6.3   36s
H 3715  3279                    29379.000000 29496.7412  0.40%   6.3   39s
H 3717  3116                    29391.000000 29496.7412  0.36%   6.3   39s
  3720  3118 29495.6687   87   22 29391.0000 29496.7412  0.36%   6.3   40s
  3749  3150 29496.7412   14   19 29391.0000 29496.7412  0.36%   7.0   49s
H 3753  2993                    29398.000000 29496.7412  0.34%   7.0   49s
 13745 10154 29462.5908  227   16 29398.0000 29496.6331  0.34%   3.8   56s
 14704 10181 29400.2162  402   11 29398.0000 29496.6331  0.34%   3.7   67s
 18683 13891 29493.5610  220   16 29398.0000 29496.2644  0.33%   3.5   83s
 18746 19367 29493.5610  222   17 29398.0000 29496.2644  0.33%   3.5   85s
 37672 31239 29446.7471  391   15 29398.0000 29496.2644  0.33%   2.8   90s
 37675 31241 29436.5714  243   19 29398.0000 29496.2644  0.33%   2.8   95s
 37678 31243 29437.6768  237   19 29398.0000 29496.1096  0.33%   2.8  101s
 37680 31245 29450.2207  392   21 29398.0000 29495.8337  0.33%   2.8  105s
H37680 29682                    29415.000000 29495.8337  0.27%   2.8  105s
 37683 29684 29474.2131  406   17 29415.0000 29495.8337  0.27%   2.8  110s
 37688 29687 29435.8431  298   15 29415.0000 29495.8337  0.27%   2.8  115s
 37692 29695 29495.8337   22   14 29415.0000 29495.8337  0.27%   2.8  122s
 37716 29719 29495.8337   25   14 29415.0000 29495.8337  0.27%   2.8  129s
H37723 28231                    29416.000000 29495.8337  0.27%   2.8  129s
H37726 26820                    29425.000000 29495.8337  0.24%   2.8  129s
 41216 29838 29459.8164  156   15 29425.0000 29495.8337  0.24%   2.9  130s
 56083 36760 29482.7055   92   11 29425.0000 29495.8337  0.24%   2.8  135s
 56089 36764 29477.5695  427   19 29425.0000 29494.4027  0.24%   2.8  140s
 56093 36767 29446.2700  348   18 29425.0000 29494.0024  0.23%   2.8  145s
 56099 36771 29430.0329  500   21 29425.0000 29493.8285  0.23%   2.8  150s
 56103 36774 29462.0357  342   18 29425.0000 29493.8285  0.23%   2.8  157s
 56105 36775 29467.6453  204   19 29425.0000 29493.8285  0.23%   2.8  171s
 56108 36777 29481.0221  147   19 29425.0000 29493.8285  0.23%   2.8  176s
 56135 36808 29493.8285   34   19 29425.0000 29493.8285  0.23%   2.9  182s
 57269 37557 29491.6084   57   18 29425.0000 29493.3721  0.23%   2.9  193s
 57287 37563 29493.3386   58   23 29425.0000 29493.3721  0.23%   2.9  202s
 57955 38375 29482.5933   84   17 29425.0000 29493.3721  0.23%   2.9  209s
 64926 42589 29485.9298  317   16 29425.0000 29493.3721  0.23%   3.0  210s
 106722 66427 29490.5497  136   17 29425.0000 29493.3721  0.23%   2.9  215s
 118102 70998 29434.4449  470   17 29425.0000 29493.3721  0.23%   2.8  231s
 123931 74391 29483.9304  433   17 29425.0000 29493.3721  0.23%   2.8  244s
 123943 75042 29483.9304  434   16 29425.0000 29493.3721  0.23%   2.8  245s
 132605 79117 29468.6335  324   14 29425.0000 29493.3721  0.23%   2.8  254s
 132714 80531 29468.6335  325   15 29425.0000 29493.3721  0.23%   2.8  255s
 149303 89125 29485.0432  131   18 29425.0000 29493.3721  0.23%   2.9  260s
 171417 101809 29488.7294  183   16 29425.0000 29493.3721  0.23%   3.0  265s
 197259 125569 29459.5805  174   15 29425.0000 29493.3721  0.23%   2.9  270s
 223511 148834 29463.0870  157   15 29425.0000 29493.3721  0.23%   3.0  275s
 225183 148846 29492.9449  118   19 29425.0000 29493.3721  0.23%   3.0  288s
 226858 152057 29486.6923  253   16 29425.0000 29493.3721  0.23%   3.0  290s
 246015 169003 29492.9449  115   20 29425.0000 29493.3721  0.23%   3.0  295s
 248801 171078 29426.9141  150   13 29425.0000 29493.3721  0.23%   3.0  300s
 270083 189794 29455.0439  195   14 29425.0000 29493.3721  0.23%   3.0  305s
 276834 194027 29493.3721   82   26 29425.0000 29493.3721  0.23%   3.0  314s
 276879 195291 29493.3721   83   24 29425.0000 29493.3721  0.23%   3.0  315s
 287332 204691 29492.9449  118   15 29425.0000 29493.3721  0.23%   3.0  324s
 289544 206494 29464.0602  352   13 29425.0000 29493.3721  0.23%   3.0  325s
 302945 217619 29428.4491  164   12 29425.0000 29493.3721  0.23%   3.1  331s
 315502 228624 29482.9545  191   10 29425.0000 29493.3721  0.23%   3.1  335s
 333916 243590 29493.3721  110   22 29425.0000 29493.3721  0.23%   3.1  341s
 340479 247900 29487.6808  366   15 29425.0000 29493.3721  0.23%   3.1  355s
 347986 256024 29480.8571  126   24 29425.0000 29493.3721  0.23%   3.1  360s
 368278 273377 29486.6410  133   20 29425.0000 29493.3721  0.23%   3.1  365s
 385815 287687 29430.4413  202   10 29425.0000 29493.3721  0.23%   3.1  373s
 393472 295241 29447.5388  237   14 29425.0000 29493.3721  0.23%   3.1  375s
 399307 298519 29473.3078  256   17 29425.0000 29493.3721  0.23%   3.1  385s
 408063 307008 29429.5330  237   11 29425.0000 29493.3721  0.23%   3.1  390s
 415509 313222 29457.4537  188   15 29425.0000 29493.3721  0.23%   3.1  395s
 419656 315094 29493.3721  130   20 29425.0000 29493.3721  0.23%   3.1  415s
 428388 323976 29493.1112  134   19 29425.0000 29493.3721  0.23%   3.2  420s
 444214 337155 29492.0543  150   19 29425.0000 29493.3721  0.23%   3.2  425s
 457769 348076 29469.3348  126   17 29425.0000 29493.3721  0.23%   3.2  430s
 473369 361400 29426.8327  166   13 29425.0000 29493.3721  0.23%   3.2  435s
 483944 368718 29490.3010  188   17 29425.0000 29493.3721  0.23%   3.3  455s
 485530 370118 29445.6793  271   18 29425.0000 29493.3721  0.23%   3.3  470s
 491975 377054 29473.9231  390   19 29425.0000 29493.3721  0.23%   3.3  476s
 500673 383826 29493.3721  119   21 29425.0000 29493.3721  0.23%   3.3  480s
 514233 395332 29476.7295  169   14 29425.0000 29493.3721  0.23%   3.3  485s
 526369 405483 29426.8599  275   14 29425.0000 29493.3721  0.23%   3.4  492s
 532148 410630 29468.8920  287   11 29425.0000 29493.3721  0.23%   3.4  495s
 541570 418386 29492.9449  141   22 29425.0000 29493.3721  0.23%   3.4  500s
 549324 423075     cutoff  151      29425.0000 29493.3721  0.23%   3.4  521s
 549458 423530 29450.3167  157    9 29425.0000 29493.3721  0.23%   3.4  531s
 553742 427748 29493.3721  145   21 29425.0000 29493.3721  0.23%   3.5  536s
 563503 435746 29469.7422  155   17 29425.0000 29493.3721  0.23%   3.5  540s
 570803 440557 29492.7070  159   19 29425.0000 29493.3721  0.23%   3.5  552s
 574877 445165 29490.4620  208   14 29425.0000 29493.3721  0.23%   3.5  555s
 585901 453969 29484.4638  264   15 29425.0000 29493.3721  0.23%   3.5  561s
 595228 461291 29427.7584  487   13 29425.0000 29493.3721  0.23%   3.6  565s
 605948 468939 29484.4848  240   15 29425.0000 29493.3721  0.23%   3.6  584s
 605960 469690 29483.9493  241   16 29425.0000 29493.3721  0.23%   3.6  593s
 608745 472976 29460.5252  220   16 29425.0000 29493.3721  0.23%   3.6  595s
 614569 476349 29490.4637  163   18 29425.0000 29493.3721  0.23%   3.6  606s
 614630 486355 29490.4637  164   18 29425.0000 29493.3721  0.23%   3.6  613s
 626642 487909 29493.3721  165   21 29425.0000 29493.3721  0.23%   3.6  615s
 637744 497061 29443.1813  278   13 29425.0000 29493.3721  0.23%   3.7  621s
 645268 503382 29486.1609  272   18 29425.0000 29493.3721  0.23%   3.7  625s
 654813 511276 29435.8738  211   14 29425.0000 29493.3721  0.23%   3.7  630s
 656822 511284 29490.8931  205   18 29425.0000 29493.3721  0.23%   3.7  647s
 656837 511965 29490.8931  206   16 29425.0000 29493.3721  0.23%   3.7  655s
 661723 517168 29490.8644  223   15 29425.0000 29493.3721  0.23%   3.7  660s
 672290 524983 29490.2478  275   17 29425.0000 29493.3721  0.23%   3.7  665s
 679235 530415 29490.3010  190   16 29425.0000 29493.3721  0.23%   3.8  670s
 681153 531310     cutoff  261      29425.0000 29493.3721  0.23%   3.8  676s
 688732 538096     cutoff  363      29425.0000 29493.3721  0.23%   3.8  680s
 696164 544462 29488.5636  182   23 29425.0000 29493.3721  0.23%   3.8  685s
 705516 550974 29486.2619  220   15 29425.0000 29493.3721  0.23%   3.8  696s
 707420 553466 29488.5302  214   16 29425.0000 29493.3721  0.23%   3.8  700s
 712951 556996 29490.4620  248   15 29425.0000 29493.3721  0.23%   3.8  719s
 712963 558542 29490.4620  249   14 29425.0000 29493.3721  0.23%   3.8  720s
 718419 562872 29460.0210  299   15 29425.0000 29493.3721  0.23%   3.8  725s
 725822 568533 29469.6178  299   14 29425.0000 29493.3721  0.23%   3.9  731s
 733169 575199 29487.0528  323   11 29425.0000 29493.3721  0.23%   3.9  735s
 740890 580444 29436.6021  237   17 29425.0000 29493.3721  0.23%   3.9  744s
 741765 581772 29461.7159  237   16 29425.0000 29493.3721  0.23%   3.9  746s
 748970 587962 29475.1960  284   18 29425.0000 29493.3721  0.23%   3.9  750s
 754395 591236 29489.1720  191   18 29425.0000 29493.3721  0.23%   3.9  760s
H754610 582737                    29426.000000 29493.3721  0.23%   3.9  760s
H754865 472089                    29441.000000 29493.3721  0.18%   3.9  760s
 758337 476352     cutoff  278      29441.0000 29493.3721  0.18%   3.9  766s
 764158 478916 29454.0397  227   18 29441.0000 29493.3721  0.18%   4.0  771s
 764164 478920 29466.0075  265   20 29441.0000 29493.3721  0.18%   4.0  776s
 764168 478923 29470.9753  173   20 29441.0000 29493.3721  0.18%   4.0  781s
 764170 478924 29490.7365   66   17 29441.0000 29493.3721  0.18%   4.0  787s
 764173 478926 29490.8931  160   19 29441.0000 29493.3721  0.18%   4.0  792s
 764175 478927 29491.4899  123   18 29441.0000 29493.3721  0.18%   4.0  796s
 764178 478929 29483.9433   60   20 29441.0000 29493.3721  0.18%   4.0  801s
 764180 478931 29490.5102  169   19 29441.0000 29493.3721  0.18%   4.0  806s
 764182 478932 29475.1370  219   29 29441.0000 29493.3721  0.18%   4.0  811s
 764185 478934 29490.2426  268   35 29441.0000 29493.3721  0.18%   4.0  815s
 764248 479001 29490.7628   50   25 29441.0000 29493.3721  0.18%   4.0  820s
 764342 479052 29493.3721   54   25 29441.0000 29493.3721  0.18%   4.0  827s
 765685 480139 29489.8368   82   17 29441.0000 29493.2470  0.18%   4.0  830s
 766789 480473 29489.6974  118   18 29441.0000 29493.2470  0.18%   4.0  837s
 768043 481656 29487.2095  184   16 29441.0000 29493.2470  0.18%   4.0  840s
 770314 482756 29480.1239  277   16 29441.0000 29493.2470  0.18%   4.0  846s
 770913 483377 29452.5597  308   15 29441.0000 29493.2470  0.18%   4.0  850s
 776704 486722 29487.8344  164   17 29441.0000 29493.2470  0.18%   3.9  856s
 782852 491261 29491.7641  116   17 29441.0000 29493.2470  0.18%   3.9  864s
 785193 492465 29481.2734  299   14 29441.0000 29493.2161  0.18%   3.9  865s
 790499 494484 29489.7093  256   19 29441.0000 29492.9530  0.18%   3.9  873s
 797093 499043 29455.2505  444   16 29441.0000 29492.9530  0.18%   3.9  875s
 812517 507610 29490.1768  186   22 29441.0000 29492.9530  0.18%   3.9  880s
 832367 517419 29451.2647  417   18 29441.0000 29492.9530  0.18%   3.9  885s
 854538 529788 29491.8764  132   17 29441.0000 29492.9530  0.18%   3.8  890s
 872623 538687 29490.5656  152   16 29441.0000 29492.9530  0.18%   3.8  895s
 876681 540552 29452.4098  489   17 29441.0000 29492.9530  0.18%   3.8  900s
 888360 547607 29490.4601  206   17 29441.0000 29492.9530  0.18%   3.8  905s
 891714 548484 29468.3060  489   13 29441.0000 29492.9530  0.18%   3.8  910s
 894543 550494 29445.9848  301   15 29441.0000 29492.9530  0.18%   3.8  915s
 905192 555921 29491.8764  113   16 29441.0000 29492.9530  0.18%   3.8  921s
 910171 557757 29454.3028  145   14 29441.0000 29492.9530  0.18%   3.8  927s
 914638 559768 29490.9548  161   16 29441.0000 29492.9530  0.18%   3.8  935s
 926346 566340 29492.8028  136   21 29441.0000 29492.9530  0.18%   3.8  943s
 933879 570732 29490.9548  222   17 29441.0000 29492.9530  0.18%   3.8  946s
 939204 573425 29485.1020  181   19 29441.0000 29492.9530  0.18%   3.8  951s
 946547 578166 29490.5890  166   19 29441.0000 29492.9530  0.18%   3.8  955s
 949561 578986 29483.8909  391   18 29441.0000 29492.9530  0.18%   3.8  963s
 950760 581112 29467.5541  432   17 29441.0000 29492.9530  0.18%   3.8  965s
 962976 585468 29459.8650  297   17 29441.0000 29492.9530  0.18%   3.8  970s
 974322 592597 29481.0671  298   17 29441.0000 29492.9530  0.18%   3.8  975s
 976502 592019 29492.8028  151   19 29441.0000 29492.9530  0.18%   3.8  980s
 989458 599516 29447.4308  243   15 29441.0000 29492.9530  0.18%   3.8  987s
 995834 604088 29480.4438  173   19 29441.0000 29492.9530  0.18%   3.8  990s
 999640 604521 29481.4807  244   17 29441.0000 29492.9530  0.18%   3.8 1004s
 1001533 607315 29455.0000  427   15 29441.0000 29492.9530  0.18%   3.8 1005s
 1008835 610287 29490.9548  161   14 29441.0000 29492.9530  0.18%   3.8 1010s
 1016866 614370 29488.4799  243   16 29441.0000 29492.9530  0.18%   3.8 1016s
 1024931 618869     cutoff  210      29441.0000 29492.9530  0.18%   3.8 1020s
 1034082 622802 29460.1263  259   19 29441.0000 29492.9530  0.18%   3.8 1028s
 1038998 626605 29489.1827  138   21 29441.0000 29492.9530  0.18%   3.8 1030s
 1044756 630628 29485.7813  200   21 29441.0000 29492.9530  0.18%   3.8 1035s
 1050524 632291 29454.9909  285   16 29441.0000 29492.9530  0.18%   3.8 1040s
 1063619 638881 29490.9498  168   17 29441.0000 29492.9530  0.18%   3.8 1047s
 1072117 644548 29484.2037  289   18 29441.0000 29492.9530  0.18%   3.8 1050s
 1077446 647478 29491.7971  210   15 29441.0000 29492.9530  0.18%   3.8 1055s
 1085036 651206 29490.6012  202   19 29441.0000 29492.9530  0.18%   3.8 1061s
 1093133 655484 29459.0851  215   16 29441.0000 29492.9530  0.18%   3.8 1065s
 1098432 658360 29492.6665  157   20 29441.0000 29492.9530  0.18%   3.8 1070s
 1108132 662740 29475.0706  171   17 29441.0000 29492.9530  0.18%   3.8 1075s
 1119122 668112 29483.0257  300   18 29441.0000 29492.9530  0.18%   3.8 1084s
 1120121 670807 29475.6150  379   18 29441.0000 29492.9530  0.18%   3.8 1085s
 1130252 673946 29492.9530  111   25 29441.0000 29492.9530  0.18%   3.8 1091s
 1138560 678750 29446.0092  212   16 29441.0000 29492.9530  0.18%   3.8 1096s
 1141838 681034 29489.0181  133   20 29441.0000 29492.9530  0.18%   3.8 1100s
 1148511 684028     cutoff  241      29441.0000 29492.9530  0.18%   3.8 1106s
 1156585 687390 29485.7407  268   16 29441.0000 29492.9530  0.18%   3.8 1116s
 1161056 690555 29464.9078  470   14 29441.0000 29492.9530  0.18%   3.8 1122s
 1167608 694536 29446.1690  292   13 29441.0000 29492.9530  0.18%   3.8 1125s
 1179163 699314 29491.8728  215   17 29441.0000 29492.9530  0.18%   3.8 1130s
 1182962 700148 29492.8028  140   19 29441.0000 29492.9530  0.18%   3.8 1135s
 1194272 705989 29491.8764  209   18 29441.0000 29492.9530  0.18%   3.8 1143s
 1197793 708149 29483.5498  191   20 29441.0000 29492.9530  0.18%   3.8 1145s
 1206626 711904 29481.4307  149   16 29441.0000 29492.9530  0.18%   3.8 1153s
 1207922 712297 29442.4791  245   15 29441.0000 29492.9530  0.18%   3.8 1159s
 1208904 713795 29442.4791  312   15 29441.0000 29492.9530  0.18%   3.8 1160s
 1212260 715671 29477.7767  222   17 29441.0000 29492.9530  0.18%   3.8 1166s
 1214830 714849 29490.9548  184   16 29441.0000 29492.9530  0.18%   3.8 1181s
 1219241 718398 29451.5562  207   11 29441.0000 29492.9530  0.18%   3.9 1185s
 1223066 720394 29490.9548  180   17 29441.0000 29492.9530  0.18%   3.9 1190s
 1233332 725169 29490.8371  181   21 29441.0000 29492.9530  0.18%   3.9 1195s
 1239546 727818 29490.0924  161   18 29441.0000 29492.9530  0.18%   3.9 1200s
 1245350 730122 29474.1222  233   14 29441.0000 29492.9530  0.18%   3.9 1205s
 1252364 734007 29459.2222  241   15 29441.0000 29492.9530  0.18%   3.9 1211s
 1256317 735255 29451.5965  212   10 29441.0000 29492.9530  0.18%   3.9 1215s
H1257314 659009                    29448.000000 29492.9530  0.15%   3.9 1215s
 1262999 661516 29477.7767  190   14 29448.0000 29492.9530  0.15%   3.9 1222s
 1268005 662593 29449.4082  233   18 29448.0000 29492.9530  0.15%   3.9 1225s
 1268010 662596 29490.4519  237   15 29448.0000 29492.9530  0.15%   3.9 1231s
 1268014 662599 29453.7830  316   19 29448.0000 29492.9530  0.15%   3.9 1235s
 1268020 662603 29492.7362   90   22 29448.0000 29492.9530  0.15%   3.9 1242s
 1268022 662604 29485.5043  263   21 29448.0000 29492.9530  0.15%   3.9 1246s
 1268026 662607 29476.8019  275   20 29448.0000 29492.9530  0.15%   3.9 1250s
 1268032 662611 29449.1124  271   28 29448.0000 29492.9530  0.15%   3.9 1257s
 1268034 662612 29483.9650  242   31 29448.0000 29492.9530  0.15%   3.9 1260s
 1268051 662637 29492.9530   61   21 29448.0000 29492.9530  0.15%   3.9 1265s
 1268063 662645 29492.9530   62   21 29448.0000 29492.9530  0.15%   3.9 1272s
 1270620 664330 29491.8094  160   17 29448.0000 29492.8095  0.15%   3.9 1280s
 1273354 665713 29449.1916  262   17 29448.0000 29492.8095  0.15%   3.9 1287s
 1280025 670960 29463.4607  221   16 29448.0000 29492.8095  0.15%   3.9 1290s
 1281810 671274 29452.1622  217   15 29448.0000 29492.8095  0.15%   3.9 1295s
H1293178 644161                    29450.000000 29492.8095  0.15%   3.9 1299s
 1296843 646479 29492.7514  103   18 29450.0000 29492.8095  0.15%   3.9 1300s
 1298734 645987 29487.5056  243   16 29450.0000 29492.8095  0.15%   3.9 1307s
 1307381 650172 29455.5538  285   12 29450.0000 29492.8095  0.15%   3.9 1311s
 1307385 650175 29485.0374  119   20 29450.0000 29492.8095  0.15%   3.9 1315s
 1307388 650177 29491.7659  194   21 29450.0000 29492.8095  0.15%   3.9 1321s
 1307391 650179 29491.7640  149   20 29450.0000 29492.8095  0.15%   3.9 1326s
 1307393 650180 29461.8824  211   19 29450.0000 29492.8095  0.15%   3.9 1332s
 1307394 650181 29451.7951  236   20 29450.0000 29492.8095  0.15%   3.9 1336s
 1307396 650182 29482.4721  116   25 29450.0000 29492.8095  0.15%   3.9 1342s
 1307398 650184 29491.7621  365   25 29450.0000 29492.8095  0.15%   3.9 1346s
 1308208 651028 29492.6907   97   19 29450.0000 29492.8095  0.15%   3.9 1351s
 1312612 653214 29492.8095   93   18 29450.0000 29492.8095  0.15%   3.9 1361s
 1312624 653343 29492.8095   93   18 29450.0000 29492.8095  0.15%   3.9 1365s
 1322577 659856 29485.2686  201   13 29450.0000 29492.8095  0.15%   3.9 1373s
 1331436 663977 29472.2990  379   15 29450.0000 29492.8095  0.15%   3.9 1378s
 1336376 668334 29491.4820  315   15 29450.0000 29492.8095  0.15%   3.9 1380s
 1344713 671095 29491.5290  292   18 29450.0000 29492.8095  0.15%   3.9 1385s
 1344719 671099 29487.5989  327   18 29450.0000 29492.8095  0.15%   3.9 1392s
 1344722 671101 29490.6267  117   25 29450.0000 29492.8095  0.15%   3.9 1395s
 1344723 671102 29489.4486  144   21 29450.0000 29492.8095  0.15%   3.9 1400s
 1344726 671104 29485.5742  147   27 29450.0000 29492.8095  0.15%   3.9 1405s
H1344726 637548                    29463.000000 29492.8095  0.10%   3.9 1406s
 1344730 637550 29490.4024  270   27 29463.0000 29492.8095  0.10%   3.9 1410s
 1344732 637552 29491.6990  133   22 29463.0000 29492.8095  0.10%   3.9 1419s
 1344733 637552 29470.0811  152   22 29463.0000 29492.8095  0.10%   3.9 1422s
 1344735 637554 29466.0199  150   23 29463.0000 29492.8095  0.10%   3.9 1426s
 1344739 637559 29492.8095   81   20 29463.0000 29492.8095  0.10%   3.9 1431s
 1344849 637646 29491.5810   88   14 29463.0000 29492.3602  0.10%   3.9 1438s
 1347776 640432 29490.5064  181   19 29463.0000 29492.2837  0.10%   3.9 1440s
 1349005 640402 29471.6111  223   15 29463.0000 29492.2837  0.10%   3.9 1446s
 1360891 645653 29486.0029  167   16 29463.0000 29492.1276  0.10%   3.9 1457s
 1360907 645659 29486.0029  168   16 29463.0000 29492.1276  0.10%   3.9 1466s
 1368271 651100 29490.3086  234   16 29463.0000 29492.1211  0.10%   3.8 1470s
 1382092 660145 29487.1758  247   16 29463.0000 29492.1211  0.10%   3.8 1475s
 1400161 665696 29477.8868  200   18 29463.0000 29492.1211  0.10%   3.8 1480s
 1400169 665701 29489.8333  116   20 29463.0000 29492.1211  0.10%   3.8 1487s
 1400172 665703 29487.2806  351   20 29463.0000 29492.1211  0.10%   3.8 1490s
 1400174 665705 29476.6293  182   17 29463.0000 29492.1211  0.10%   3.8 1496s
 1400176 665706 29487.4635  324   15 29463.0000 29492.1211  0.10%   3.8 1500s
 1400180 665709 29490.5962  168   28 29463.0000 29492.1211  0.10%   3.8 1507s
 1400182 665710 29466.9603  350   17 29463.0000 29492.1211  0.10%   3.8 1511s
 1400183 665711 29468.9270  271   24 29463.0000 29492.1211  0.10%   3.8 1517s
 1400187 665713 29486.1111  145   21 29463.0000 29492.1211  0.10%   3.8 1520s
 1400298 665800 29491.5787  102   20 29463.0000 29492.1211  0.10%   3.8 1531s
 1400870 666665 29492.1211  116   19 29463.0000 29492.1211  0.10%   3.8 1538s
 1405914 670469 29486.9831  287   19 29463.0000 29492.1211  0.10%   3.8 1540s
 1413269 674050 29492.0505  157   19 29463.0000 29492.1042  0.10%   3.8 1545s
 1431891 683901 29490.1756  165   17 29463.0000 29492.1042  0.10%   3.8 1550s
 1456520 697369 29488.0163  163   18 29463.0000 29492.0768  0.10%   3.8 1556s
 1472061 704432 29483.5449  202   17 29463.0000 29492.0766  0.10%   3.8 1560s
 1488279 713000 29477.9086  343   15 29463.0000 29492.0766  0.10%   3.8 1565s
 1507365 722813 29472.0000  462   13 29463.0000 29492.0766  0.10%   3.7 1570s
 1522978 730374 29464.4369  226   16 29463.0000 29492.0766  0.10%   3.7 1575s
 1529067 732155 29476.0390  247   15 29463.0000 29492.0766  0.10%   3.7 1582s
 1532244 735968 29486.9545  220   18 29463.0000 29492.0766  0.10%   3.7 1585s
 1548749 743099 29478.1098  195   17 29463.0000 29492.0766  0.10%   3.7 1590s
 1562605 748711 29484.4837  208   17 29463.0000 29492.0766  0.10%   3.7 1601s
 1564156 749957 29478.3645  211   15 29463.0000 29492.0766  0.10%   3.7 1608s
 1566056 751791     cutoff  214      29463.0000 29492.0766  0.10%   3.7 1610s
 1576246 756906 29474.0000  322   15 29463.0000 29492.0766  0.10%   3.7 1615s
 1590113 762796 29481.9761  182   17 29463.0000 29492.0766  0.10%   3.7 1620s
 1604630 770496 29487.0043  189   19 29463.0000 29492.0766  0.10%   3.7 1625s
 1618822 777663 29476.7595  264   16 29463.0000 29492.0766  0.10%   3.7 1630s
 1633176 784844     cutoff  219      29463.0000 29492.0766  0.10%   3.7 1635s
 1644843 791264 29473.9335  257   15 29463.0000 29492.0766  0.10%   3.7 1640s
 1657863 797509 29477.8719  299   15 29463.0000 29492.0766  0.10%   3.7 1645s
 1671220 804137 29490.3351  166   20 29463.0000 29492.0766  0.10%   3.7 1650s
 1683752 809681 29483.6610  231   17 29463.0000 29492.0766  0.10%   3.7 1655s
 1696431 816441 29488.6497  196   16 29463.0000 29492.0766  0.10%   3.7 1660s
 1706099 820986 29489.2923  183   18 29463.0000 29492.0766  0.10%   3.7 1665s
 1708268 820398 29490.7948  152   22 29463.0000 29492.0766  0.10%   3.7 1676s
 1708405 821083 29492.0766  162   19 29463.0000 29492.0766  0.10%   3.7 1681s
 1713248 824269 29479.4811  204   13 29463.0000 29492.0766  0.10%   3.7 1685s
 1723229 829116 29490.2816  237   17 29463.0000 29492.0766  0.10%   3.7 1690s
 1738810 835224 29489.9415  165   21 29463.0000 29492.0766  0.10%   3.7 1695s
 1753979 843802 29465.5686  221   15 29463.0000 29492.0766  0.10%   3.7 1700s
 1759684 845081 29477.6181  207   16 29463.0000 29492.0766  0.10%   3.7 1709s
 1759696 845262     cutoff  208      29463.0000 29492.0766  0.10%   3.7 1715s
 1766862 850709 29477.7778  272   19 29463.0000 29492.0766  0.10%   3.7 1720s
 1778257 856137 29475.3333  228   20 29463.0000 29492.0766  0.10%   3.7 1725s
 1790686 862476 29473.8155  173   16 29463.0000 29492.0766  0.10%   3.6 1730s
 1803176 868576 29473.7096  203   20 29463.0000 29492.0766  0.10%   3.6 1735s
 1819049 875988 29490.3351  167   24 29463.0000 29492.0766  0.10%   3.6 1740s
 1829010 881489 29478.3645  219   16 29463.0000 29492.0766  0.10%   3.6 1745s
 1841583 887380     cutoff  216      29463.0000 29492.0766  0.10%   3.6 1750s
 1845786 888026 29490.3351  164   20 29463.0000 29492.0766  0.10%   3.6 1762s
 1845956 898006 29489.4486  165   19 29463.0000 29492.0766  0.10%   3.6 1771s
 1871974 902358 29481.5932  237   18 29463.0000 29492.0766  0.10%   3.6 1775s
 1884095 908074 infeasible  352      29463.0000 29492.0766  0.10%   3.6 1780s
 1899415 915933 29492.0766  162   19 29463.0000 29492.0766  0.10%   3.6 1785s
 1915215 922850 29489.0040  172   18 29463.0000 29492.0766  0.10%   3.6 1791s
 1927644 929496 29473.4957  191   21 29463.0000 29492.0766  0.10%   3.6 1795s
 1939524 935249 29492.0766  151   29 29463.0000 29492.0766  0.10%   3.6 1800s
 1954511 942907 29468.3878  279   14 29463.0000 29492.0766  0.10%   3.6 1805s
 1962361 945568 29483.2623  188   18 29463.0000 29492.0766  0.10%   3.6 1811s
 1968252 949737 29483.8551  192   16 29463.0000 29492.0766  0.10%   3.6 1815s
 1982945 956724 29481.0294  247   16 29463.0000 29492.0766  0.10%   3.6 1821s
 1993244 961748 29492.0766  174   28 29463.0000 29492.0766  0.10%   3.6 1825s
 2006748 968598 29490.3351  175   21 29463.0000 29492.0766  0.10%   3.6 1830s
 2008376 968159     cutoff  275      29463.0000 29492.0766  0.10%   3.6 1840s
 2015528 973387 29477.5354  197   17 29463.0000 29492.0766  0.10%   3.6 1845s
 2025482 978177 29481.5932  265   17 29463.0000 29492.0766  0.10%   3.6 1850s
 2037379 984220 29488.9943  194   22 29463.0000 29492.0766  0.10%   3.6 1855s
 2050134 989072 29481.9817  192   20 29463.0000 29492.0766  0.10%   3.6 1865s
 2050500 998934 29481.9817  193   19 29463.0000 29492.0766  0.10%   3.6 1873s
 2065429 998663 29490.7948  166   22 29463.0000 29492.0766  0.10%   3.6 1875s
 2084394 1007445 29483.2231  250   16 29463.0000 29492.0766  0.10%   3.6 1880s
 2097931 1014051 29489.2923  185   16 29463.0000 29492.0766  0.10%   3.6 1885s
 2111742 1020871 29490.7727  174   25 29463.0000 29492.0766  0.10%   3.6 1890s
 2121867 1025215 29484.4932  178   17 29463.0000 29492.0766  0.10%   3.6 1895s
 2135521 1032690 29489.2923  174   21 29463.0000 29492.0766  0.10%   3.6 1900s
 2141173 1033755 29476.1844  241   19 29463.0000 29492.0766  0.10%   3.6 1911s
 2141203 1043573 29476.1844  242   18 29463.0000 29492.0766  0.10%   3.6 1921s
 2164751 1046915 29477.2647  293   14 29463.0000 29492.0766  0.10%   3.6 1925s
 2176491 1052502 29471.8824  238   16 29463.0000 29492.0766  0.10%   3.6 1930s
 2190107 1059788 29492.0766  163   21 29463.0000 29492.0766  0.10%   3.6 1935s
 2203849 1066369 29488.6497  205   20 29463.0000 29492.0766  0.10%   3.6 1940s
 2210099 1068148 29488.7292  197   17 29463.0000 29492.0766  0.10%   3.6 1947s
 2215271 1071564 29467.4865  227   14 29463.0000 29492.0766  0.10%   3.6 1950s
 2226299 1076501 29491.0130  172   23 29463.0000 29492.0766  0.10%   3.6 1955s
 2240097 1083670 29484.0149  285   23 29463.0000 29492.0766  0.10%   3.6 1960s
 2247378 1085703 29468.8989  265   18 29463.0000 29492.0766  0.10%   3.6 1970s
 2253388 1089629 29483.7267  194   17 29463.0000 29492.0766  0.10%   3.6 1975s
 2263055 1094699 29488.6321  208   18 29463.0000 29492.0766  0.10%   3.6 1980s
 2276009 1101146 29480.2488  247   19 29463.0000 29492.0766  0.10%   3.6 1986s
 2285075 1104293 29481.8397  210   17 29463.0000 29492.0766  0.10%   3.6 1995s
 2293561 1109317 29488.6497  202   18 29463.0000 29492.0766  0.10%   3.6 2000s
 2302493 1113553 29477.7157  199   20 29463.0000 29492.0766  0.10%   3.6 2005s
 2314375 1119517 29482.9864  220   20 29463.0000 29492.0766  0.10%   3.6 2010s
 2322900 1122876 29479.6954  211   17 29463.0000 29492.0766  0.10%   3.6 2015s
 2332950 1128031 29475.1937  228   16 29463.0000 29492.0766  0.10%   3.6 2020s
 2342897 1130863 29488.0091  181   19 29463.0000 29492.0766  0.10%   3.6 2033s
 2344875 1132855 29479.2865  180   15 29463.0000 29492.0766  0.10%   3.6 2036s
 2348553 1133557 29492.0766  159   25 29463.0000 29492.0766  0.10%   3.6 2043s
 2348875 1142847 29492.0766  160   24 29463.0000 29492.0766  0.10%   3.6 2053s
 2365912 1143260 29477.8719  265   18 29463.0000 29492.0766  0.10%   3.6 2055s
 2375329 1147095 29464.3596  194   18 29463.0000 29492.0766  0.10%   3.6 2060s
 2385144 1151909 29474.8950  174   19 29463.0000 29492.0766  0.10%   3.6 2065s
 2395971 1157386 29488.6497  194   23 29463.0000 29492.0766  0.10%   3.7 2070s
 2403313 1160859 29477.3560  184   16 29463.0000 29492.0766  0.10%   3.7 2075s
 2412322 1165487 29485.0104  204   19 29463.0000 29492.0766  0.10%   3.7 2080s
 2421843 1170112 29466.0390  214   23 29463.0000 29492.0766  0.10%   3.7 2085s
 2428888 1172424 29488.9943  192   19 29463.0000 29492.0766  0.10%   3.7 2094s
 2429690 1172445     cutoff  195      29463.0000 29492.0766  0.10%   3.7 2107s
 2432759 1175600 29483.0348  188   16 29463.0000 29492.0766  0.10%   3.7 2111s
 2440216 1179202 29472.9323  397   15 29463.0000 29492.0766  0.10%   3.7 2115s
 2451760 1183920 29484.2066  186   22 29463.0000 29492.0766  0.10%   3.7 2120s
 2458848 1186886 29476.2432  197   14 29463.0000 29492.0766  0.10%   3.7 2125s
 2468151 1190803 29490.7727  172   23 29463.0000 29492.0766  0.10%   3.7 2130s
 2475496 1194480 29473.4763  258   16 29463.0000 29492.0766  0.10%   3.7 2135s
 2484752 1198852     cutoff  269      29463.0000 29492.0766  0.10%   3.7 2140s
 2494348 1203157 29483.9726  246   21 29463.0000 29492.0766  0.10%   3.7 2145s
 2500926 1206528 29467.7195  347   11 29463.0000 29492.0766  0.10%   3.7 2150s
 2509040 1209380 29478.6408  204   17 29463.0000 29492.0766  0.10%   3.7 2160s
 2516811 1214365 29465.6831  215   17 29463.0000 29492.0766  0.10%   3.7 2165s
 2518994 1213649 29488.4294  220   18 29463.0000 29492.0766  0.10%   3.7 2177s
 2520793 1215874 29470.8984  357   16 29463.0000 29492.0766  0.10%   3.7 2180s
 2528585 1219123 29470.3829  180   19 29463.0000 29492.0766  0.10%   3.7 2186s
 2535014 1222017     cutoff  332      29463.0000 29492.0766  0.10%   3.7 2191s
 2544419 1226180 29473.1719  253   16 29463.0000 29492.0766  0.10%   3.7 2195s
 2552930 1229522 29489.0040  173   22 29463.0000 29492.0766  0.10%   3.7 2200s
 2560033 1233291 29469.4268  252   20 29463.0000 29492.0766  0.10%   3.8 2205s
 2567839 1235656 29472.1982  205   16 29463.0000 29492.0766  0.10%   3.8 2214s
 2568385 1236821 29483.7267  203   17 29463.0000 29492.0766  0.10%   3.8 2215s
 2573205 1239256 29481.3514  246   17 29463.0000 29492.0766  0.10%   3.8 2220s
 2582645 1243970 29472.6048  327   14 29463.0000 29492.0766  0.10%   3.8 2225s
 2588549 1246404 29488.6497  223   16 29463.0000 29492.0766  0.10%   3.8 2230s
 2595124 1249166 29484.6091  191   20 29463.0000 29492.0766  0.10%   3.8 2235s
 2602705 1253098 29490.7727  194   18 29463.0000 29492.0766  0.10%   3.8 2240s
 2609627 1256340 29471.5976  244   14 29463.0000 29492.0766  0.10%   3.8 2245s
 2611342 1255853 29478.3859  191   19 29463.0000 29492.0766  0.10%   3.8 2257s
 2613425 1257949     cutoff  245      29463.0000 29492.0766  0.10%   3.8 2261s
 2620019 1260862 29481.0451  204   20 29463.0000 29492.0766  0.10%   3.8 2267s
 2623970 1262289 29489.0040  206   22 29463.0000 29492.0766  0.10%   3.8 2271s
 2625784 1262286     cutoff  199      29463.0000 29492.0766  0.10%   3.8 2278s
 2627530 1264079 29469.9138  340   17 29463.0000 29492.0766  0.10%   3.8 2281s
 2631870 1265856 29478.2135  213   16 29463.0000 29492.0766  0.10%   3.8 2285s
 2639654 1269482     cutoff  283      29463.0000 29492.0766  0.10%   3.8 2291s
 2645622 1271638 29477.8465  213   20 29463.0000 29492.0766  0.10%   3.8 2295s
 2650528 1274822 29477.9780  287   14 29463.0000 29492.0766  0.10%   3.8 2300s
 2656683 1277835 29464.2753  202   17 29463.0000 29492.0766  0.10%   3.8 2305s
 2662892 1280565 29486.9256  206   20 29463.0000 29492.0766  0.10%   3.8 2310s
 2668096 1282915 29479.0346  238   20 29463.0000 29492.0766  0.10%   3.8 2315s
 2675396 1286094 29490.3351  215   26 29463.0000 29492.0766  0.10%   3.8 2320s
 2679378 1286512 29489.0040  200   23 29463.0000 29492.0766  0.10%   3.8 2334s
 2679390 1287829 29489.0040  201   21 29463.0000 29492.0766  0.10%   3.8 2336s
 2684145 1289826 29484.2056  225   22 29463.0000 29492.0766  0.10%   3.8 2340s
 2687841 1291527 29488.9943  222   22 29463.0000 29492.0766  0.10%   3.8 2346s
 2691239 1292034 29489.4486  198   21 29463.0000 29492.0766  0.10%   3.8 2356s
 2693622 1294985 29489.0040  195   28 29463.0000 29492.0766  0.10%   3.9 2360s
 2700132 1297391     cutoff  268      29463.0000 29492.0766  0.10%   3.9 2365s
 2704977 1299574 29490.7727  181   24 29463.0000 29492.0766  0.10%   3.9 2370s
 2710948 1301888 29487.6011  206   17 29463.0000 29492.0766  0.10%   3.9 2375s
 2716569 1304479 29466.8427  273   14 29463.0000 29492.0766  0.10%   3.9 2380s
 2720856 1306847 29489.4486  196   21 29463.0000 29492.0766  0.10%   3.9 2385s
 2727035 1309340 29464.8932  265   19 29463.0000 29492.0766  0.10%   3.9 2390s
 2730650 1310658 29488.6497  212   17 29463.0000 29492.0766  0.10%   3.9 2395s
 2736467 1313739 29486.5250  239   17 29463.0000 29492.0766  0.10%   3.9 2400s
 2743462 1317216 29472.3750  287   16 29463.0000 29492.0766  0.10%   3.9 2406s
 2747043 1318258 29476.1051  290   16 29463.0000 29492.0766  0.10%   3.9 2421s
 2750519 1321042 29484.8403  316   16 29463.0000 29492.0766  0.10%   3.9 2426s
 2754833 1322904 29489.0040  202   22 29463.0000 29492.0766  0.10%   3.9 2431s
 2759794 1325156 29477.8260  280   20 29463.0000 29492.0766  0.10%   3.9 2435s
 2765555 1327328 29488.9943  220   20 29463.0000 29492.0766  0.10%   3.9 2442s
 2771131 1330078 29469.5722  198   19 29463.0000 29492.0766  0.10%   3.9 2446s
 2775231 1330650 29481.0000  253   22 29463.0000 29492.0766  0.10%   3.9 2454s
 2775586 1336295 29481.0000  254   16 29463.0000 29492.0766  0.10%   3.9 2461s
 2785325 1336255 29489.2056  181   21 29463.0000 29492.0766  0.10%   3.9 2465s
 2791919 1339202 29468.6034  258   19 29463.0000 29492.0766  0.10%   3.9 2471s
 2796543 1340858 29483.7267  223   20 29463.0000 29492.0766  0.10%   3.9 2476s
 2802273 1343840 29465.0337  259   17 29463.0000 29492.0766  0.10%   3.9 2481s
 2806157 1345630 29492.0766  152   29 29463.0000 29492.0766  0.10%   3.9 2485s
 2810369 1346303 29464.1308  195   20 29463.0000 29492.0766  0.10%   4.0 2495s
 2813109 1347006 29470.2921  272   15 29463.0000 29492.0766  0.10%   4.0 2512s
 2813122 1356593 29470.2921  273   15 29463.0000 29492.0766  0.10%   4.0 2525s
 2826804 1354696 29489.0040  202   18 29463.0000 29492.0766  0.10%   4.0 2531s
 2830561 1356505 29474.3672  227   14 29463.0000 29492.0766  0.10%   4.0 2535s
 2835365 1357849 29478.3645  221   22 29463.0000 29492.0766  0.10%   4.0 2542s
 2839198 1360102 29487.0686  260   18 29463.0000 29492.0766  0.10%   4.0 2546s
 2843414 1361780     cutoff  250      29463.0000 29492.0766  0.10%   4.0 2551s
 2847372 1363454 29472.2476  234   18 29463.0000 29492.0766  0.10%   4.0 2556s
 2852256 1365335     cutoff  351      29463.0000 29492.0766  0.10%   4.0 2561s
 2857595 1367851 29487.0062  210   20 29463.0000 29492.0766  0.10%   4.0 2566s
 2862821 1370273 29492.0766  190   18 29463.0000 29492.0766  0.10%   4.0 2571s
 2866315 1372017 29492.0766  198   20 29463.0000 29492.0766  0.10%   4.0 2575s
 2870795 1372528 29488.9943  222   19 29463.0000 29492.0766  0.10%   4.0 2588s
 2871202 1375625 29488.9943  223   20 29463.0000 29492.0766  0.10%   4.0 2594s
 2875467 1376306 29490.7269  185   24 29463.0000 29492.0766  0.10%   4.0 2596s
 2878090 1375663 29490.9630  196   33 29463.0000 29492.0766  0.10%   4.0 2609s
 2878410 1375568 29490.9141  197   32 29463.0000 29492.0766  0.10%   4.0 2620s
 2880714 1378551 29488.6206  223   17 29463.0000 29492.0766  0.10%   4.0 2625s
 2885080 1380322 29471.4146  209   17 29463.0000 29492.0766  0.10%   4.0 2630s
 2889083 1381199 29482.2643  245   17 29463.0000 29492.0766  0.10%   4.0 2635s
 2893943 1384232 29492.0766  218   26 29463.0000 29492.0766  0.10%   4.0 2642s
 2897419 1385985 29489.0040  202   21 29463.0000 29492.0766  0.10%   4.0 2646s
 2901352 1387621 29488.7785  216   21 29463.0000 29492.0766  0.10%   4.0 2651s
 2905173 1389454 29480.2620  316   21 29463.0000 29492.0766  0.10%   4.0 2657s
 2907936 1390806 29485.2274  189   19 29463.0000 29492.0766  0.10%   4.0 2660s
 2913859 1393587 29476.0615  333   18 29463.0000 29492.0766  0.10%   4.0 2666s
 2917475 1395831 29470.1608  294   17 29463.0000 29492.0766  0.10%   4.0 2670s
 2923885 1398498 29477.0656  205   25 29463.0000 29492.0766  0.10%   4.0 2675s
 2930276 1401656 29489.0040  208   19 29463.0000 29492.0766  0.10%   4.1 2681s
 2934231 1403197 29488.1096  230   16 29463.0000 29492.0766  0.10%   4.1 2685s
 2939309 1405736 29469.5424  249   15 29463.0000 29492.0766  0.10%   4.1 2690s
 2941525 1405046 29490.3351  205   16 29463.0000 29492.0766  0.10%   4.1 2704s
 2941603 1406532 29490.3351  206   16 29463.0000 29492.0766  0.10%   4.1 2706s
 2946506 1408735 29489.0040  221   21 29463.0000 29492.0766  0.10%   4.1 2714s
 2947991 1409687     cutoff  364      29463.0000 29492.0766  0.10%   4.1 2717s
 2951866 1411234     cutoff  203      29463.0000 29492.0766  0.10%   4.1 2722s
 2955492 1412664 29487.6011  220   16 29463.0000 29492.0766  0.10%   4.1 2725s
 2962500 1416024     cutoff  423      29463.0000 29492.0766  0.10%   4.1 2731s
 2967944 1417238 29483.5051  296   14 29463.0000 29492.0766  0.10%   4.1 2742s
 2970217 1419387 29466.8096  220   20 29463.0000 29492.0766  0.10%   4.1 2746s
 2973610 1421157 29488.6497  218   20 29463.0000 29492.0766  0.10%   4.1 2751s
 2978698 1423278 29487.6011  214   17 29463.0000 29492.0766  0.10%   4.1 2755s
 2983282 1425862 29483.9726  290   16 29463.0000 29492.0766  0.10%   4.1 2760s
 2989197 1428426 29488.7292  229   16 29463.0000 29492.0766  0.10%   4.1 2766s
 2995049 1431237 29482.5063  225   18 29463.0000 29492.0766  0.10%   4.1 2771s
 2999875 1433045 29487.1843  199   20 29463.0000 29492.0766  0.10%   4.1 2776s
 3005324 1436034 29465.6831  229   15 29463.0000 29492.0766  0.10%   4.1 2781s
 3010974 1438729 29480.4727  215   19 29463.0000 29492.0766  0.10%   4.1 2785s
 3012835 1439142 29490.7556  199   25 29463.0000 29492.0766  0.10%   4.1 2799s
 3014032 1440290 29483.7785  254   16 29463.0000 29492.0766  0.10%   4.1 2801s
 3019086 1442186 29478.4369  276   19 29463.0000 29492.0766  0.10%   4.1 2806s
 3024680 1445124 29479.5825  299   18 29463.0000 29492.0766  0.10%   4.1 2811s
 3028575 1446969 29467.3021  219   20 29463.0000 29492.0766  0.10%   4.1 2815s
 3033890 1449483 29464.1236  261   20 29463.0000 29492.0766  0.10%   4.1 2820s
 3039058 1451755 29488.7292  239   18 29463.0000 29492.0766  0.10%   4.1 2826s
 3042528 1453456 29489.0040  236   21 29463.0000 29492.0766  0.10%   4.1 2831s
 3048216 1455845 29491.0130  204   17 29463.0000 29492.0766  0.10%   4.1 2836s
 3052156 1457632 29488.7292  232   19 29463.0000 29492.0766  0.10%   4.1 2840s
 3054057 1457258 29478.3782  178   24 29463.0000 29492.0766  0.10%   4.1 2847s
 3054369 1466475 29474.5706  217   25 29463.0000 29492.0766  0.10%   4.1 2861s
 3066381 1464489 29469.9035  258   17 29463.0000 29492.0766  0.10%   4.2 2865s
 3074292 1467981 29489.4486  233   18 29463.0000 29492.0766  0.10%   4.2 2870s
 3078032 1468458 29489.9916  221   17 29463.0000 29492.0766  0.10%   4.2 2884s
 3078228 1469800 29489.9916  222   17 29463.0000 29492.0766  0.10%   4.2 2886s
 3081992 1471745 29489.2923  235   15 29463.0000 29492.0766  0.10%   4.2 2890s
 3088086 1474498 29480.9249  257   15 29463.0000 29492.0766  0.10%   4.2 2896s
 3092825 1476559 29488.0212  248   20 29463.0000 29492.0766  0.10%   4.2 2900s
 3098787 1479475 29484.1520  270   16 29463.0000 29492.0766  0.10%   4.2 2905s
 3103969 1481628 29489.0040  242   19 29463.0000 29492.0766  0.10%   4.2 2910s
 3110637 1484762     cutoff  293      29463.0000 29492.0766  0.10%   4.2 2917s
 3116740 1487644     cutoff  297      29463.0000 29492.0766  0.10%   4.2 2921s
 3118678 1487332 29465.9266  373   16 29463.0000 29492.0766  0.10%   4.2 2929s
 3119120 1488515 29484.7136  274   18 29463.0000 29492.0766  0.10%   4.2 2932s
 3122806 1489023 29487.0143  231   19 29463.0000 29492.0766  0.10%   4.2 2945s
 3127263 1491569 29484.8517  225   17 29463.0000 29492.0766  0.10%   4.2 2950s
 3132059 1494208 29488.7785  242   18 29463.0000 29492.0766  0.10%   4.2 2955s
 3139665 1497259 29468.7015  255   16 29463.0000 29492.0766  0.10%   4.2 2961s
 3143171 1498717 29482.9147  275   20 29463.0000 29492.0766  0.10%   4.2 2965s
 3148115 1500983 29475.9748  313   20 29463.0000 29492.0766  0.10%   4.2 2970s
 3153506 1503107 29481.5932  295   19 29463.0000 29492.0766  0.10%   4.2 2975s
 3160765 1506554 29489.0040  259   19 29463.0000 29492.0766  0.10%   4.2 2981s
 3164004 1507610 29489.0040  215   18 29463.0000 29492.0766  0.10%   4.2 2985s
 3165123 1507264 29488.6497  294   20 29463.0000 29492.0766  0.10%   4.2 2999s
 3165164 1508665 29488.6497  295   23 29463.0000 29492.0766  0.10%   4.2 3000s
 3171159 1511456 29464.4369  273   13 29463.0000 29492.0766  0.10%   4.2 3006s
 3174830 1512739 29466.3096  205   16 29463.0000 29492.0766  0.10%   4.2 3010s
 3180865 1515119 29467.8155  335   18 29463.0000 29492.0766  0.10%   4.2 3016s
 3185621 1517266 29483.7267  248   14 29463.0000 29492.0766  0.10%   4.2 3020s
 3191508 1519679 29487.9171  260   17 29463.0000 29492.0766  0.10%   4.2 3025s
 3197204 1522383 29492.0766  184   35 29463.0000 29492.0766  0.10%   4.2 3030s
 3202377 1524710 29491.0130  184   19 29463.0000 29492.0766  0.10%   4.2 3035s
 3204325 1524660 29482.8883  235   18 29463.0000 29492.0766  0.10%   4.2 3041s
 3207410 1527056 29474.0560  186   17 29463.0000 29492.0766  0.10%   4.2 3045s
 3214019 1529833 29480.9635  274   15 29463.0000 29492.0766  0.10%   4.2 3051s
 3217943 1531185 29474.0560  233   16 29463.0000 29492.0766  0.10%   4.2 3055s
 3224420 1533873 29483.5432  244   16 29463.0000 29492.0766  0.10%   4.2 3061s
 3230000 1536557 29466.6279  270   17 29463.0000 29492.0766  0.10%   4.3 3066s
 3231935 1535919 29470.6853  225   22 29463.0000 29492.0766  0.10%   4.3 3079s
 3231951 1537464 29470.6853  226   21 29463.0000 29492.0766  0.10%   4.3 3081s
 3237332 1539851 29478.7280  283   17 29463.0000 29492.0766  0.10%   4.3 3087s
 3240159 1541071 29488.6321  235   18 29463.0000 29492.0766  0.10%   4.3 3091s
 3244022 1542623 29469.5506  232   21 29463.0000 29492.0766  0.10%   4.3 3096s
 3248030 1544210 29465.7329  275   14 29463.0000 29492.0766  0.10%   4.3 3100s
 3250139 1544025 29488.7292  253   15 29463.0000 29492.0766  0.10%   4.3 3108s
 3250829 1545628 29483.5432  257   20 29463.0000 29492.0766  0.10%   4.3 3111s
 3255034 1547278 29490.5857  208   18 29463.0000 29492.0766  0.10%   4.3 3116s
 3260301 1549689 29490.5857  218   19 29463.0000 29492.0766  0.10%   4.3 3121s
 3264262 1551253 29482.0399  194   19 29463.0000 29492.0766  0.10%   4.3 3125s
 3269980 1553626 29465.0225  251   22 29463.0000 29492.0766  0.10%   4.3 3131s
 3275441 1555553 29464.2526  241   18 29463.0000 29492.0766  0.10%   4.3 3135s
 3280089 1557837 29465.0297  253   18 29463.0000 29492.0766  0.10%   4.3 3140s
 3287505 1561056 29468.0447  266   18 29463.0000 29492.0766  0.10%   4.3 3147s
 3291417 1562762 29467.6408  226   17 29463.0000 29492.0766  0.10%   4.3 3150s
 3296249 1564764     cutoff  243      29463.0000 29492.0766  0.10%   4.3 3155s
 3300116 1565045 29483.9649  262   19 29463.0000 29492.0766  0.10%   4.3 3169s
 3300129 1566589 29483.9649  263   20 29463.0000 29492.0766  0.10%   4.3 3171s
 3305801 1569145 29483.5920  245   15 29463.0000 29492.0766  0.10%   4.3 3177s
 3310096 1571051 29485.8438  219   16 29463.0000 29492.0766  0.10%   4.3 3180s
 3315022 1572187 29488.9943  234   19 29463.0000 29492.0766  0.10%   4.3 3192s
 3318130 1574994 29484.8913  282   16 29463.0000 29492.0766  0.10%   4.3 3196s
 3324159 1577570 29479.7123  266   19 29463.0000 29492.0766  0.10%   4.3 3200s
 3327946 1578974 29478.2174  263   15 29463.0000 29492.0766  0.10%   4.3 3205s
 3335139 1582395 29490.2229  224   19 29463.0000 29492.0766  0.10%   4.3 3210s
 3340804 1584998 29491.0740  212   16 29463.0000 29492.0766  0.10%   4.3 3215s
 3349668 1588913 29488.6329  273   17 29463.0000 29492.0766  0.10%   4.3 3221s
 3355328 1591587     cutoff  273      29463.0000 29492.0766  0.10%   4.3 3225s
 3360852 1593086 29489.0040  220   17 29463.0000 29492.0766  0.10%   4.3 3239s
 3361052 1594371 29489.0040  221   16 29463.0000 29492.0766  0.10%   4.3 3241s
 3364192 1595958 29483.1154  268   18 29463.0000 29492.0766  0.10%   4.3 3245s
 3369416 1597644 29478.1839  250   22 29463.0000 29492.0766  0.10%   4.3 3250s
 3376898 1600385 29487.0062  232   17 29463.0000 29492.0766  0.10%   4.3 3256s
 3380815 1601848 29477.2151  202   22 29463.0000 29492.0766  0.10%   4.3 3260s
 3387400 1604839 29473.0498  203   16 29463.0000 29492.0766  0.10%   4.3 3265s
 3394747 1607796 29492.0766  193   22 29463.0000 29492.0766  0.10%   4.3 3272s
 3400000 1611060 29492.0766  199   19 29463.0000 29492.0766  0.10%   4.4 3276s
 3403288 1613015 29490.7727  209   16 29463.0000 29492.0766  0.10%   4.4 3280s
 3409886 1618445 29473.2739  317   17 29463.0000 29492.0766  0.10%   4.4 3286s
 3411432 1618583 29479.5627  224   16 29463.0000 29492.0766  0.10%   4.4 3297s
 3411607 1619884 29488.6285  225   22 29463.0000 29492.0766  0.10%   4.4 3300s
 3417123 1624102 29485.3450  208   19 29463.0000 29492.0766  0.10%   4.4 3306s
 3422061 1627797 29477.4801  204   16 29463.0000 29492.0766  0.10%   4.4 3310s
 3426113 1629612 29486.1472  210   19 29463.0000 29492.0766  0.10%   4.4 3321s
 3428363 1632703 29474.0244  236   16 29463.0000 29492.0766  0.10%   4.4 3325s
 3434360 1637204 29483.2459  207   21 29463.0000 29492.0766  0.10%   4.4 3331s
 3438168 1640016 29488.6296  224   22 29463.0000 29492.0766  0.10%   4.4 3335s
 3442914 1643319 29473.6517  220   19 29463.0000 29492.0766  0.10%   4.4 3340s
 3446374 1646216 29485.3450  231   22 29463.0000 29492.0766  0.10%   4.4 3345s
 3452160 1650471 29485.3450  222   24 29463.0000 29492.0766  0.10%   4.4 3351s
 3455999 1653240 29488.9943  236   18 29463.0000 29492.0766  0.10%   4.4 3356s
 3461251 1657061 29483.5432  226   20 29463.0000 29492.0766  0.10%   4.4 3361s
 3465440 1658833 29488.9943  212   19 29463.0000 29492.0766  0.10%   4.4 3375s
 3467274 1661931 29472.9548  391   16 29463.0000 29492.0766  0.10%   4.4 3380s
 3473330 1666269 29489.0040  189   21 29463.0000 29492.0766  0.10%   4.4 3386s
 3478347 1670391 29478.9488  243   15 29463.0000 29492.0766  0.10%   4.4 3391s
 3484301 1674539 29464.1181  284   15 29463.0000 29492.0766  0.10%   4.4 3396s
 3488126 1677366 29481.4298  242   21 29463.0000 29492.0766  0.10%   4.4 3400s
 3493382 1680888 29488.9124  195   18 29463.0000 29492.0766  0.10%   4.4 3406s
 3495981 1683360 29489.0040  227   24 29463.0000 29492.0766  0.10%   4.4 3410s
 3502499 1688204 29481.0265  234   17 29463.0000 29492.0766  0.10%   4.4 3416s
 3506078 1690632 29472.1613  372   16 29463.0000 29492.0766  0.10%   4.4 3420s
 3512562 1695726 29483.5432  257   19 29463.0000 29492.0766  0.10%   4.4 3426s
 3515984 1697909 29487.6517  231   21 29463.0000 29492.0766  0.10%   4.4 3430s
 3517746 1698053 29488.6273  221   20 29463.0000 29492.0766  0.10%   4.4 3440s
 3521766 1702811 29481.5773  276   16 29463.0000 29492.0766  0.10%   4.4 3447s
 3526097 1705491 29468.3371  209   16 29463.0000 29492.0766  0.10%   4.4 3451s
 3528082 1706188 29478.5819  228   19 29463.0000 29492.0766  0.10%   4.4 3458s
 3528939 1707849 29478.0724  241   21 29463.0000 29492.0766  0.10%   4.4 3461s
 3534399 1711995 29491.0130  217   18 29463.0000 29492.0766  0.10%   4.4 3465s
 3538275 1714521 29475.1499  256   21 29463.0000 29492.0766  0.10%   4.4 3470s
 3543556 1718667 29468.2809  340   19 29463.0000 29492.0766  0.10%   4.4 3475s
 3549181 1722382 29489.0040  222   21 29463.0000 29492.0766  0.10%   4.4 3480s
 3554036 1726123 29484.3404  228   22 29463.0000 29492.0766  0.10%   4.4 3485s
 3559601 1729319 29483.1154  259   19 29463.0000 29492.0766  0.10%   4.5 3501s
 3560762 1731594 29484.8913  232   15 29463.0000 29492.0766  0.10%   4.5 3505s
 3566805 1735910 29465.5296  236   17 29463.0000 29492.0766  0.10%   4.5 3511s
 3572160 1739499 29484.8913  234   19 29463.0000 29492.0766  0.10%   4.5 3516s
 3575620 1742580 29465.1992  234   23 29463.0000 29492.0766  0.10%   4.5 3520s
 3579509 1744652     cutoff  227      29463.0000 29492.0766  0.10%   4.5 3527s
 3582381 1747450 29476.0683  208   18 29463.0000 29492.0766  0.10%   4.5 3532s
 3586165 1750168 29464.4272  241   16 29463.0000 29492.0766  0.10%   4.5 3536s
 3590666 1753639 29489.0040  212   20 29463.0000 29492.0766  0.10%   4.5 3541s
 3596175 1757657 29464.3820  312   16 29463.0000 29492.0766  0.10%   4.5 3547s
 3599831 1760652 29471.2041  266   19 29463.0000 29492.0766  0.10%   4.5 3550s
 3601706 1760949 29473.4172  242   18 29463.0000 29492.0766  0.10%   4.5 3561s
 3603782 1763864     cutoff  206      29463.0000 29492.0766  0.10%   4.5 3566s
 3607706 1766064 29479.2527  272   20 29463.0000 29492.0766  0.10%   4.5 3570s
 3612932 1770433 29464.2809  283   17 29463.0000 29492.0766  0.10%   4.5 3575s
 3619541 1774254 29471.1283  217   15 29463.0000 29492.0766  0.10%   4.5 3587s
 3620023 1775492 29471.3980  204   15 29463.0000 29492.0766  0.10%   4.5 3590s
 3625818 1779225 29465.2584  243   18 29463.0000 29492.0766  0.10%   4.5 3595s
 3630136 1781479 29488.1330  196   23 29463.0000 29492.0766  0.10%   4.5 3600s

Cutting planes:
  Gomory: 8
  Cover: 745
  Clique: 2
  MIR: 2
  StrongCG: 1
  Inf proof: 2
  Zero half: 1

Explored 3630148 nodes (16321299 simplex iterations) in 3600.21 seconds
Thread count was 12 (of 12 available processors)

Solution count 10: 29463 29450 29448 ... 29391

Time limit reached
Best objective 2.946300000000e+04, best bound 2.949200000000e+04, gap 0.0984%
