
Gurobi 9.1.2 (win64, Java) logging started Sat Nov 13 11:43:32 2021

Academic license - for non-commercial use only - expires 2022-10-30
Gurobi Optimizer version 9.1.2 build v9.1.2rc0 (win64)
Thread count: 6 physical cores, 12 logical processors, using up to 12 threads
Optimize a model with 80 rows, 1200 columns and 2400 nonzeros
Model fingerprint: 0x974e9df1
Variable types: 0 continuous, 1200 integer (1200 binary)
Coefficient statistics:
  Matrix range     [1e+00, 1e+03]
  Objective range  [4e+01, 1e+03]
  Bounds range     [1e+00, 1e+00]
  RHS range        [1e+00, 1e+03]
Found heuristic solution: objective 14833.000000
Presolve removed 0 rows and 362 columns
Presolve time: 0.01s
Presolved: 80 rows, 838 columns, 1676 nonzeros
Variable types: 0 continuous, 838 integer (838 binary)
Presolved: 80 rows, 838 columns, 1676 nonzeros


Root relaxation: objective 1.859529e+04, 332 iterations, 0.00 seconds

    Nodes    |    Current Node    |     Objective Bounds      |     Work
 Expl Unexpl |  Obj  Depth IntInf | Incumbent    BestBd   Gap | It/Node Time

     0     0 18595.2929    0   30 14833.0000 18595.2929  25.4%     -    0s
H    0     0                    16735.000000 18595.2929  11.1%     -    0s
H    0     0                    17041.000000 18595.2929  9.12%     -    0s
H    0     0                    17361.000000 18595.2929  7.11%     -    0s
H    0     0                    17609.000000 18595.2929  5.60%     -    0s
     0     0 18590.2072    0   62 17609.0000 18590.2072  5.57%     -    0s
H    0     0                    17889.000000 18590.2072  3.92%     -    0s
     0     0 18589.9827    0   83 17889.0000 18589.9827  3.92%     -    0s
     0     0 18589.9827    0   67 17889.0000 18589.9827  3.92%     -    0s
H    0     0                    17898.000000 18589.9827  3.87%     -    0s
     0     2 18589.9827    0   56 17898.0000 18589.9827  3.87%     -    0s
H   31    40                    18112.000000 18587.1193  2.62%   200    0s
H   63    78                    18163.000000 18587.1193  2.34%   142    0s
H   64    78                    18212.000000 18587.1193  2.06%   142    0s
H   70    78                    18226.000000 18587.1193  1.98%   133    0s
H  117   127                    18282.000000 18587.1193  1.67%   110    0s
H  123   127                    18329.000000 18587.1193  1.41%   107    0s
H 1406  1207                    18396.000000 18571.9756  0.96%  31.4    1s
H 1421  1156                    18402.000000 18553.1623  0.82%  33.0    1s
H 1423  1099                    18463.000000 18552.5436  0.48%  33.0    1s
H 1425  1046                    18501.000000 18547.8542  0.25%  32.9    1s
  3055  1718 18535.5270   46  169 18501.0000 18537.1227  0.20%  65.0    5s
  8317  4601 18521.7563   55  152 18501.0000 18529.8406  0.16%  77.5   10s
 13177  7556 18517.4019   61  111 18501.0000 18528.0067  0.15%  82.3   15s
 17561  9834 18519.5033   57  126 18501.0000 18526.4057  0.14%  82.7   20s
 24588 13242 18520.8616   52  151 18501.0000 18524.6978  0.13%  84.9   25s
 30985 16378 18514.4246   61  135 18501.0000 18523.7302  0.12%  85.8   30s
 36412 18188 18508.4422   73   67 18501.0000 18522.9977  0.12%  85.8   36s
 36481 18234 18515.3839   72  159 18501.0000 18522.9977  0.12%  85.6   40s
 36565 18284 18516.2249   55  132 18501.0000 18521.9240  0.11%  85.9   45s
 40399 18985 18508.7744   70  123 18501.0000 18514.6738  0.07%  85.7   50s
 43689 18838 18505.1471   68  149 18501.0000 18512.9449  0.06%  86.2   55s
 48169 18373     cutoff   72      18501.0000 18511.2583  0.06%  86.9   60s
 54569 16852 18504.9919   70   69 18501.0000 18509.5543  0.05%  87.3   66s
 60495 14593     cutoff  102      18501.0000 18508.0962  0.04%  87.6   71s
 67296 10591 18503.2680   70  126 18501.0000 18506.2544  0.03%  87.4   76s

Cutting planes:
  Gomory: 8
  Cover: 42
  Clique: 11
  MIR: 247
  StrongCG: 189
  Flow cover: 23
  Zero half: 3
  RLT: 1

Explored 73383 nodes (6272273 simplex iterations) in 78.43 seconds
Thread count was 12 (of 12 available processors)

Solution count 10: 18501 18463 18402 ... 18112

Optimal solution found (tolerance 1.00e-12)
Best objective 1.850100000000e+04, best bound 1.850100000000e+04, gap 0.0000%
