
Gurobi 9.1.2 (win64, Java) logging started Sat Nov 13 18:19:09 2021

Academic license - for non-commercial use only - expires 2022-10-30
Gurobi Optimizer version 9.1.2 build v9.1.2rc0 (win64)
Thread count: 6 physical cores, 12 logical processors, using up to 12 threads
Optimize a model with 70 rows, 600 columns and 1200 nonzeros
Model fingerprint: 0x0173625d
Variable types: 0 continuous, 600 integer (600 binary)
Coefficient statistics:
  Matrix range     [1e+00, 1e+03]
  Objective range  [5e+02, 1e+03]
  Bounds range     [1e+00, 1e+00]
  RHS range        [1e+00, 3e+03]
Found heuristic solution: objective 29284.000000
Presolve removed 0 rows and 32 columns
Presolve time: 0.01s
Presolved: 70 rows, 568 columns, 1136 nonzeros
Variable types: 0 continuous, 568 integer (568 binary)
Presolved: 70 rows, 568 columns, 1136 nonzeros


Root relaxation: objective 3.226935e+04, 184 iterations, 0.00 seconds

    Nodes    |    Current Node    |     Objective Bounds      |     Work
 Expl Unexpl |  Obj  Depth IntInf | Incumbent    BestBd   Gap | It/Node Time

     0     0 32269.3516    0    7 29284.0000 32269.3516  10.2%     -    0s
H    0     0                    31659.000000 32269.3516  1.93%     -    0s
H    0     0                    31703.000000 32269.3516  1.79%     -    1s
     0     0 32269.3516    0   15 31703.0000 32269.3516  1.79%     -    1s
H    0     0                    32102.000000 32269.3516  0.52%     -    1s
     0     0 32269.3516    0   17 32102.0000 32269.3516  0.52%     -    1s
     0     0 32195.0001    0   12 32102.0000 32195.0001  0.29%     -    2s
     0     0 32195.0001    0   17 32102.0000 32195.0001  0.29%     -    2s
     0     0 32195.0001    0   21 32102.0000 32195.0001  0.29%     -    2s
     0     0 32195.0001    0   15 32102.0000 32195.0001  0.29%     -    2s
     0     2 32195.0001    0   15 32102.0000 32195.0001  0.29%     -    2s
H   33    44                    32123.000000 32195.0001  0.22%  24.0    3s
    97    96 32195.0001   14   17 32123.0000 32195.0001  0.22%  13.9    5s
H  115   117                    32168.000043 32195.0001  0.08%  12.5    6s
H 1450   941                    32180.000000 32195.0001  0.05%   8.3    7s
  1475   958 32180.0000  127   15 32180.0000 32195.0000  0.05%  10.2   10s
  1583  1035 32195.0000   34   15 32180.0000 32195.0000  0.05%  11.7   17s
H 1595  1021                    32183.000000 32195.0000  0.04%  11.6   19s
  1882  1932 32195.0000   51   13 32183.0000 32195.0000  0.04%  10.5   22s
 28677 19687 32195.0000  111   19 32183.0000 32195.0000  0.04%   4.7   25s
 37593 23423 32187.3899  187   18 32183.0000 32195.0000  0.04%   5.2   30s
 37728 23497 32195.0000   50   18 32183.0000 32195.0000  0.04%   5.3   37s
 45402 26017 32195.0000  135   11 32183.0000 32195.0000  0.04%   5.1   40s
 57183 24933 32190.0000  151   23 32183.0000 32195.0000  0.04%   5.4   45s
 61789 24464 32195.0000  125   12 32183.0000 32195.0000  0.04%   5.8   50s
 63861 24448     cutoff  129      32183.0000 32195.0000  0.04%   6.0   55s
 69421 24508 infeasible  139      32183.0000 32195.0000  0.04%   6.5   60s
 77339 24005 32195.0000  122   17 32183.0000 32195.0000  0.04%   7.3   68s
 77519 24096 32195.0000  121   23 32183.0000 32195.0000  0.04%   7.3   71s
 83890 24958 32184.0000  132   27 32183.0000 32195.0000  0.04%   7.6   75s
 92813 25767 32195.0000  112   29 32183.0000 32195.0000  0.04%   7.9   80s
 101695 25978     cutoff  140      32183.0000 32195.0000  0.04%   8.0   85s
 110925 27862 32195.0000  100   28 32183.0000 32195.0000  0.04%   8.3   90s
 113639 29150     cutoff  157      32183.0000 32195.0000  0.04%   8.3   95s
 123149 34220     cutoff  191      32183.0000 32195.0000  0.04%   8.4  100s
 126516 35454 32186.0000  146   14 32183.0000 32195.0000  0.04%   8.3  105s
 138990 38900     cutoff  236      32183.0000 32195.0000  0.04%   8.3  110s
 140696 38948     cutoff  156      32183.0000 32195.0000  0.04%   8.3  115s
 145943 40544     cutoff  147      32183.0000 32195.0000  0.04%   8.2  120s
 152531 41858 32195.0000  200   19 32183.0000 32195.0000  0.04%   8.2  125s
 161846 44071 32186.0000  141   14 32183.0000 32195.0000  0.04%   8.1  130s
 169998 45841 32195.0000  144   15 32183.0000 32195.0000  0.04%   8.1  137s
 170470 45866     cutoff  145      32183.0000 32195.0000  0.04%   8.1  142s
 175877 47724 32187.6044  229   21 32183.0000 32195.0000  0.04%   8.1  145s
 184697 49596 32195.0000  142   19 32183.0000 32195.0000  0.04%   8.0  150s
 189271 50187 32195.0000  142   14 32183.0000 32195.0000  0.04%   8.0  155s
 197015 52437     cutoff  154      32183.0000 32195.0000  0.04%   7.9  160s
 203672 53929     cutoff  223      32183.0000 32195.0000  0.04%   7.8  166s
 210394 55381 32195.0000  194   15 32183.0000 32195.0000  0.04%   7.8  170s
 216189 56240     cutoff  244      32183.0000 32195.0000  0.04%   7.7  179s
 216216 56599     cutoff  197      32183.0000 32195.0000  0.04%   7.7  181s
 222596 57910 32195.0000  185   18 32183.0000 32195.0000  0.04%   7.6  186s
 227399 58681 32195.0000  211   13 32183.0000 32195.0000  0.04%   7.6  190s
 233471 59467     cutoff  215      32183.0000 32195.0000  0.04%   7.5  195s
 239769 59816     cutoff  231      32183.0000 32195.0000  0.04%   7.5  201s
 243129 60388 32195.0000  205   17 32183.0000 32195.0000  0.04%   7.4  205s
 249601 61136     cutoff  203      32183.0000 32195.0000  0.04%   7.4  210s
 255497 61488 32195.0000  211   12 32183.0000 32195.0000  0.04%   7.3  217s
 259337 61819     cutoff  218      32183.0000 32195.0000  0.04%   7.3  221s
 264101 62130     cutoff  218      32183.0000 32195.0000  0.04%   7.3  225s
 265744 62131     cutoff  216      32183.0000 32195.0000  0.04%   7.3  230s
 270523 62393 32188.0000  221    9 32183.0000 32195.0000  0.04%   7.2  236s
 277035 62872     cutoff  221      32183.0000 32195.0000  0.04%   7.2  242s
 281279 63198     cutoff  223      32183.0000 32195.0000  0.04%   7.2  246s
 287867 63550 32188.0000  206   11 32183.0000 32195.0000  0.04%   7.1  251s
 294029 64079 32195.0000  219   12 32183.0000 32195.0000  0.04%   7.1  257s
 298074 64235 32195.0000  210   12 32183.0000 32195.0000  0.04%   7.1  263s
 298231 64451 32195.0000  211   13 32183.0000 32195.0000  0.04%   7.1  265s
 304981 64898 32195.0000  212   14 32183.0000 32195.0000  0.04%   7.0  271s
 308505 65174     cutoff  210      32183.0000 32195.0000  0.04%   7.0  276s
 313028 65277 32195.0000  217   14 32183.0000 32195.0000  0.04%   7.0  284s
 313056 65427 32195.0000  218   14 32183.0000 32195.0000  0.04%   7.0  286s
 317226 65733 32188.0000  210   10 32183.0000 32195.0000  0.04%   7.0  290s
 323888 66235     cutoff  211      32183.0000 32195.0000  0.04%   6.9  296s
 327891 66385     cutoff  213      32183.0000 32195.0000  0.04%   6.9  302s
 329996 66671     cutoff  195      32183.0000 32195.0000  0.04%   6.9  305s
 334132 66929 32195.0000  214   14 32183.0000 32195.0000  0.04%   6.9  310s
 338392 67459     cutoff  211      32183.0000 32195.0000  0.04%   6.9  316s
 342806 67973     cutoff  201      32183.0000 32195.0000  0.04%   6.9  321s
 346942 68374 32195.0000  214   14 32183.0000 32195.0000  0.04%   6.9  326s
 350886 68926 32195.0000  200   15 32183.0000 32195.0000  0.04%   6.8  330s
 357407 69785 32193.9311  218   16 32183.0000 32195.0000  0.04%   6.8  336s
 359884 69864     cutoff  213      32183.0000 32195.0000  0.04%   6.8  340s
 363232 70258 32195.0000  180   16 32183.0000 32195.0000  0.04%   6.8  348s
 363268 70570 32195.0000  181   16 32183.0000 32195.0000  0.04%   6.8  350s
 370616 71188 32195.0000  217   15 32183.0000 32195.0000  0.04%   6.7  356s
 375128 71986 32195.0000  208   17 32183.0000 32195.0000  0.04%   6.7  360s
 381790 72835     cutoff  221      32183.0000 32195.0000  0.04%   6.7  366s
 385969 73238 32195.0000  231   13 32183.0000 32195.0000  0.04%   6.7  370s
 392365 74326 32195.0000  205   11 32183.0000 32195.0000  0.04%   6.7  375s
 395115 76033     cutoff  213      32183.0000 32195.0000  0.04%   6.7  386s
 407778 76209     cutoff  211      32183.0000 32195.0000  0.04%   6.6  393s
 408785 76399     cutoff  222      32183.0000 32195.0000  0.04%   6.6  395s
 414206 77263 32195.0000  216   17 32183.0000 32195.0000  0.04%   6.6  400s
 422221 78541 32195.0000  231   15 32183.0000 32195.0000  0.04%   6.6  406s
H424319 61576                    32188.000000 32195.0000  0.02%   6.6  409s
 424629 61803 32195.0000  188   13 32188.0000 32195.0000  0.02%   6.6  411s
 429018 62334 32195.0000  216   12 32188.0000 32195.0000  0.02%   6.6  415s
 435364 62946 32190.0000  206   11 32188.0000 32195.0000  0.02%   6.6  420s
 439333 63409 32195.0000  220   14 32188.0000 32195.0000  0.02%   6.6  425s
 443230 63675     cutoff  207      32188.0000 32195.0000  0.02%   6.6  432s
 445720 64123 32195.0000  211   14 32188.0000 32195.0000  0.02%   6.6  436s
 452261 64688 32195.0000  205   13 32188.0000 32195.0000  0.02%   6.7  441s
 456503 65021     cutoff  219      32188.0000 32195.0000  0.02%   6.7  445s
 458973 65180 32195.0000  196   13 32188.0000 32195.0000  0.02%   6.7  451s
 464769 65805 32195.0000  205   13 32188.0000 32195.0000  0.02%   6.7  455s
 469468 66212 32195.0000  179   13 32188.0000 32195.0000  0.02%   6.7  460s
 475861 66456     cutoff  209      32188.0000 32195.0000  0.02%   6.7  468s
 477482 66569     cutoff  219      32188.0000 32195.0000  0.02%   6.7  470s
 479860 66599 32195.0000  211   15 32188.0000 32195.0000  0.02%   6.7  476s
 484468 66929 infeasible  207      32188.0000 32195.0000  0.02%   6.7  481s
 488910 67417 32195.0000  214   14 32188.0000 32195.0000  0.02%   6.7  485s
 495322 68284     cutoff  232      32188.0000 32195.0000  0.02%   6.7  490s
 501289 68775 32195.0000  213   12 32188.0000 32195.0000  0.02%   6.7  496s
 505413 69040 32195.0000  220   12 32188.0000 32195.0000  0.02%   6.7  501s
 508295 69266 32195.0000  227   17 32188.0000 32195.0000  0.02%   6.7  507s
 510337 69286 32195.0000  216   13 32188.0000 32195.0000  0.02%   6.7  512s
 510517 70148 32194.3158  217   11 32188.0000 32195.0000  0.02%   6.7  521s
 524700 70570 32195.0000  219   13 32188.0000 32195.0000  0.02%   6.7  526s
 529068 71268     cutoff  211      32188.0000 32195.0000  0.02%   6.7  531s
 535372 72031     cutoff  205      32188.0000 32195.0000  0.02%   6.7  538s
 536049 72619     cutoff  222      32188.0000 32195.0000  0.02%   6.7  540s
 543305 73927 32195.0000  215   17 32188.0000 32195.0000  0.02%   6.7  545s
 549824 74804     cutoff  218      32188.0000 32195.0000  0.02%   6.7  551s
 553914 75167 32195.0000  200   13 32188.0000 32195.0000  0.02%   6.7  556s
 557443 75689 32195.0000  219   17 32188.0000 32195.0000  0.02%   6.7  560s
 559675 75676     cutoff  214      32188.0000 32195.0000  0.02%   6.7  565s
 564331 77127     cutoff  226      32188.0000 32195.0000  0.02%   6.7  570s
 567739 78132     cutoff  211      32188.0000 32195.0000  0.02%   6.7  577s
 575437 78670 32189.0000  214   13 32188.0000 32195.0000  0.02%   6.7  581s
 580056 79169 32195.0000  194   15 32188.0000 32195.0000  0.02%   6.7  585s
 586448 79713     cutoff  215      32188.0000 32195.0000  0.02%   6.7  591s
 592663 80583 32195.0000  214   14 32188.0000 32195.0000  0.02%   6.7  596s
 594745 80613     cutoff  219      32188.0000 32195.0000  0.02%   6.7  600s
 597322 80850 32191.0000  207   14 32188.0000 32195.0000  0.02%   6.7  607s
 597460 81288 32191.0000  208   14 32188.0000 32195.0000  0.02%   6.7  610s
 599534 81317 32195.0000  209   15 32188.0000 32195.0000  0.02%   6.7  615s
 604301 82273     cutoff  209      32188.0000 32195.0000  0.02%   6.7  621s
 610564 82915     cutoff  232      32188.0000 32195.0000  0.02%   6.7  626s
 615683 83722 32195.0000  179   16 32188.0000 32195.0000  0.02%   6.7  631s
 620580 84340     cutoff  195      32188.0000 32195.0000  0.02%   6.7  635s
 627224 85278     cutoff  216      32188.0000 32195.0000  0.02%   6.7  640s
 633553 86086     cutoff  227      32188.0000 32195.0000  0.02%   6.7  646s
 635261 86085 32195.0000  220   14 32188.0000 32195.0000  0.02%   6.7  651s
 637391 86414     cutoff  209      32188.0000 32195.0000  0.02%   6.7  655s
 640088 87785 32195.0000  181   18 32188.0000 32195.0000  0.02%   6.7  667s
 652100 88112 32195.0000  206   16 32188.0000 32195.0000  0.02%   6.7  670s
 659019 88675 32195.0000  201   16 32188.0000 32195.0000  0.02%   6.6  676s
 663694 89282 32195.0000  208   17 32188.0000 32195.0000  0.02%   6.6  680s
 669915 89892     cutoff  215      32188.0000 32195.0000  0.02%   6.6  687s
 674152 90285 32195.0000  195   13 32188.0000 32195.0000  0.02%   6.6  690s
 680880 91242 32195.0000  198   12 32188.0000 32195.0000  0.02%   6.6  696s
 684861 91518 32195.0000  210   17 32188.0000 32195.0000  0.02%   6.6  704s
 684987 91717 32195.0000  211   16 32188.0000 32195.0000  0.02%   6.6  706s
 691667 92536 32190.0000  209   12 32188.0000 32195.0000  0.02%   6.6  711s
 696099 93001 32195.0000  207   13 32188.0000 32195.0000  0.02%   6.6  716s
 702791 93866 32195.0000  215   14 32188.0000 32195.0000  0.02%   6.6  720s
 708921 94556     cutoff  222      32188.0000 32195.0000  0.02%   6.5  727s
 712172 95167     cutoff  213      32188.0000 32195.0000  0.02%   6.5  730s
 718900 96074     cutoff  211      32188.0000 32195.0000  0.02%   6.5  735s
 724999 96831 32195.0000  207   18 32188.0000 32195.0000  0.02%   6.5  740s
 731206 97993 32195.0000  212   12 32188.0000 32195.0000  0.02%   6.5  746s
 735512 98480 32195.0000  212   13 32188.0000 32195.0000  0.02%   6.5  753s
 737729 99077     cutoff  210      32188.0000 32195.0000  0.02%   6.5  756s
 741796 99604     cutoff  234      32188.0000 32195.0000  0.02%   6.5  762s
 744586 100798     cutoff  218      32188.0000 32195.0000  0.02%   6.5  765s
 751367 102286 32195.0000  191   16 32188.0000 32195.0000  0.02%   6.5  770s
 757949 103491 32190.0000  213   18 32188.0000 32195.0000  0.02%   6.5  775s
 764342 104249 32194.0000  204   13 32188.0000 32195.0000  0.02%   6.4  780s
 770552 105228 32195.0000  208   17 32188.0000 32195.0000  0.02%   6.4  786s
 772826 105237 32195.0000  210   14 32188.0000 32195.0000  0.02%   6.4  791s
 775097 105785     cutoff  212      32188.0000 32195.0000  0.02%   6.4  795s
 781626 106589     cutoff  229      32188.0000 32195.0000  0.02%   6.4  801s
 787933 107478     cutoff  234      32188.0000 32195.0000  0.02%   6.4  806s
 794500 108690 32195.0000  199   14 32188.0000 32195.0000  0.02%   6.4  811s
 798684 109453 32195.0000  206   17 32188.0000 32195.0000  0.02%   6.4  815s
 802963 109927 32195.0000  208   15 32188.0000 32195.0000  0.02%   6.4  820s
 808008 111154     cutoff  222      32188.0000 32195.0000  0.02%   6.4  826s
 812509 111827 32195.0000  209   14 32188.0000 32195.0000  0.02%   6.4  830s
 816622 112191 32195.0000  205   17 32188.0000 32195.0000  0.02%   6.4  837s
 819129 113015 32195.0000  198   16 32188.0000 32195.0000  0.02%   6.4  840s
 825635 114203 32195.0000  213   14 32188.0000 32195.0000  0.02%   6.4  846s
 830333 115013 32195.0000  216   13 32188.0000 32195.0000  0.02%   6.4  850s
 836343 115856 32194.8236  199   16 32188.0000 32195.0000  0.02%   6.4  855s
 842466 116751 32193.8000  206   16 32188.0000 32195.0000  0.02%   6.3  861s
 848983 117685 32195.0000  205   18 32188.0000 32195.0000  0.02%   6.3  866s
 853255 118219     cutoff  202      32188.0000 32195.0000  0.02%   6.3  870s
 859495 118924     cutoff  224      32188.0000 32195.0000  0.02%   6.3  877s
 862514 119166     cutoff  239      32188.0000 32195.0000  0.02%   6.3  884s
 862651 119445 32195.0000  218   19 32188.0000 32195.0000  0.02%   6.3  886s
 867599 120110 32195.0000  205   21 32188.0000 32195.0000  0.02%   6.3  890s
 873726 120745     cutoff  212      32188.0000 32195.0000  0.02%   6.3  896s
 880105 121091     cutoff  206      32188.0000 32195.0000  0.02%   6.3  903s
 880836 121343 32195.0000  205   15 32188.0000 32195.0000  0.02%   6.3  905s
 887825 121882 32195.0000  211   13 32188.0000 32195.0000  0.02%   6.3  911s
 892142 122203 32195.0000  206   16 32188.0000 32195.0000  0.02%   6.3  915s
 898243 122713 32195.0000  210   14 32188.0000 32195.0000  0.02%   6.3  920s
 902417 123075 32195.0000  227   15 32188.0000 32195.0000  0.02%   6.3  925s
 904717 123130     cutoff  212      32188.0000 32195.0000  0.02%   6.3  930s
 910040 123693 32195.0000  241   17 32188.0000 32195.0000  0.02%   6.3  936s
 916607 124175 32195.0000  147   15 32188.0000 32195.0000  0.02%   6.3  942s
 919822 124680 32195.0000  157   24 32188.0000 32195.0000  0.02%   6.3  945s
 929868 125659 32195.0000  155   16 32188.0000 32195.0000  0.02%   6.3  950s
 939317 126578     cutoff  219      32188.0000 32195.0000  0.02%   6.3  955s
 947272 127300 32191.0000  146   14 32188.0000 32195.0000  0.02%   6.3  960s
 948898 127289     cutoff  145      32188.0000 32195.0000  0.02%   6.3  965s
 952941 127933     cutoff  147      32188.0000 32195.0000  0.02%   6.3  971s
 959901 128705     cutoff  157      32188.0000 32195.0000  0.02%   6.3  975s
 967867 129355     cutoff  163      32188.0000 32195.0000  0.02%   6.3  980s
 977025 130312 32195.0000  152   22 32188.0000 32195.0000  0.02%   6.3  985s
 983021 130902 32195.0000  144   16 32188.0000 32195.0000  0.02%   6.3  990s
 992637 131874 32195.0000  148   17 32188.0000 32195.0000  0.02%   6.3  995s
 995258 131935 32195.0000  140   19 32188.0000 32195.0000  0.02%   6.3 1004s
 995270 132187 32195.0000  141   23 32188.0000 32195.0000  0.02%   6.3 1005s
 1005338 133101     cutoff  147      32188.0000 32195.0000  0.02%   6.3 1010s
 1015103 134185 32195.0000  139   17 32188.0000 32195.0000  0.02%   6.3 1015s
 1022920 134972     cutoff  147      32188.0000 32195.0000  0.02%   6.3 1023s
 1025150 135410     cutoff  149      32188.0000 32195.0000  0.02%   6.3 1025s
 1032935 136340 32195.0000  155   16 32188.0000 32195.0000  0.02%   6.3 1030s
 1039007 136671 32195.0000  150   21 32188.0000 32195.0000  0.02%   6.3 1038s
 1041064 136977 32195.0000  154   15 32188.0000 32195.0000  0.02%   6.3 1041s
 1048860 137956 32195.0000  146   15 32188.0000 32195.0000  0.02%   6.3 1046s
 1054720 138586     cutoff  164      32188.0000 32195.0000  0.02%   6.3 1050s
 1060665 138999 32195.0000  146   14 32188.0000 32195.0000  0.02%   6.3 1055s
 1068433 139856 32195.0000  146   17 32188.0000 32195.0000  0.02%   6.3 1060s
 1078062 141181 32192.0000  148   14 32188.0000 32195.0000  0.02%   6.3 1065s
 1081737 141351     cutoff  200      32188.0000 32195.0000  0.02%   6.3 1072s
 1084362 141716     cutoff  208      32188.0000 32195.0000  0.02%   6.3 1076s
 1087380 142200     cutoff  203      32188.0000 32195.0000  0.02%   6.3 1081s
 1092491 142483 32195.0000  215   12 32188.0000 32195.0000  0.02%   6.3 1086s
 1096755 142820     cutoff  217      32188.0000 32195.0000  0.02%   6.3 1090s
 1102841 143128     cutoff  217      32188.0000 32195.0000  0.02%   6.3 1096s
 1107247 143725 32195.0000  209   15 32188.0000 32195.0000  0.02%   6.3 1100s
 1113949 144439     cutoff  227      32188.0000 32195.0000  0.02%   6.3 1105s
 1126399 148889 32192.0149  219   16 32188.0000 32195.0000  0.02%   6.3 1110s
 1134180 150847 32195.0000  206   17 32188.0000 32195.0000  0.02%   6.3 1115s
 1136295 150848     cutoff  210      32188.0000 32195.0000  0.02%   6.3 1122s
 1140558 152152     cutoff  247      32188.0000 32195.0000  0.02%   6.3 1125s
 1149158 153865     cutoff  215      32188.0000 32195.0000  0.02%   6.3 1130s
 1151751 154537 32195.0000  205   15 32188.0000 32195.0000  0.02%   6.3 1135s
 1160947 155714     cutoff  220      32188.0000 32195.0000  0.02%   6.3 1140s
 1173437 157685     cutoff  210      32188.0000 32195.0000  0.02%   6.2 1146s
 1176888 157923     cutoff  212      32188.0000 32195.0000  0.02%   6.2 1152s
 1183064 159569 32195.0000  208   17 32188.0000 32195.0000  0.02%   6.2 1155s
 1193107 161126 32195.0000  240   13 32188.0000 32195.0000  0.02%   6.2 1160s
 1203370 162479 32195.0000  207   17 32188.0000 32195.0000  0.02%   6.2 1165s
 1214755 164210 32195.0000  222   14 32188.0000 32195.0000  0.02%   6.2 1170s
 1221194 164886     cutoff  215      32188.0000 32195.0000  0.02%   6.2 1181s
 1227668 166214     cutoff  211      32188.0000 32195.0000  0.02%   6.2 1185s
 1237470 167943 32194.4825  224   15 32188.0000 32195.0000  0.02%   6.2 1191s
 1247531 169498 32195.0000  205   19 32188.0000 32195.0000  0.02%   6.2 1195s
 1255102 171097 32194.3333  216   15 32188.0000 32195.0000  0.02%   6.2 1200s
 1264942 172521 32195.0000  194   17 32188.0000 32195.0000  0.02%   6.1 1209s
 1264960 172643 32195.0000  193   15 32188.0000 32195.0000  0.02%   6.1 1213s
 1268011 173561 32195.0000  207   16 32188.0000 32195.0000  0.02%   6.1 1215s
 1280669 176130 32194.9894  207   13 32188.0000 32195.0000  0.02%   6.1 1220s
 1290258 177790 32193.2009  198   17 32188.0000 32195.0000  0.02%   6.1 1225s
 1302027 179835 32195.0000  218   16 32188.0000 32195.0000  0.02%   6.1 1230s
 1305696 180090     cutoff  213      32188.0000 32195.0000  0.02%   6.1 1237s
 1309820 180799     cutoff  227      32188.0000 32195.0000  0.02%   6.1 1240s
 1319017 181638 32195.0000  226   17 32188.0000 32195.0000  0.02%   6.1 1246s
 1324799 182237     cutoff  229      32188.0000 32195.0000  0.02%   6.1 1250s
 1332615 182649 32195.0000  218   15 32188.0000 32195.0000  0.02%   6.1 1256s
 1337014 182730     cutoff  239      32188.0000 32195.0000  0.02%   6.1 1260s
 1343354 182777 32193.7518  202   18 32188.0000 32195.0000  0.02%   6.1 1268s
 1343979 182910 32192.2212  203   18 32188.0000 32195.0000  0.02%   6.1 1270s
 1346193 182909 32190.1510  141   18 32188.0000 32195.0000  0.02%   6.1 1275s
 1349096 182948     cutoff  230      32188.0000 32195.0000  0.02%   6.1 1280s
 1355904 183508 32190.1510  164   20 32188.0000 32195.0000  0.02%   6.1 1285s
 1361635 184123     cutoff  150      32188.0000 32195.0000  0.02%   6.1 1290s
 1367982 184581 32194.7444  202   20 32188.0000 32195.0000  0.02%   6.1 1295s
 1374542 184911     cutoff  204      32188.0000 32195.0000  0.02%   6.1 1301s
 1378768 185032     cutoff  210      32188.0000 32195.0000  0.02%   6.1 1305s
 1382763 185487 32195.0000  125   16 32188.0000 32195.0000  0.02%   6.1 1310s
 1388440 186435 32189.0000  211   13 32188.0000 32195.0000  0.02%   6.1 1319s
 1388535 189870     cutoff  210      32188.0000 32195.0000  0.02%   6.1 1323s
 1404238 190459 32195.0000  205   13 32188.0000 32195.0000  0.02%   6.1 1327s
 1412561 192232 32189.0000  217   12 32188.0000 32195.0000  0.02%   6.1 1330s
 1425248 194281 32189.0000  193   13 32188.0000 32195.0000  0.02%   6.1 1335s
 1427438 194650 32194.7595  200   17 32188.0000 32195.0000  0.02%   6.1 1340s
 1439651 196460     cutoff  205      32188.0000 32195.0000  0.02%   6.1 1345s
 1450923 197527 32195.0000  182   17 32188.0000 32195.0000  0.02%   6.1 1353s
 1453618 198003 32195.0000  183   16 32188.0000 32195.0000  0.02%   6.1 1355s
 1461533 198874 32195.0000  185   16 32188.0000 32195.0000  0.02%   6.1 1360s
 1465360 199166     cutoff  217      32188.0000 32195.0000  0.02%   6.1 1367s
 1470368 199666 infeasible  175      32188.0000 32195.0000  0.02%   6.1 1371s
 1474637 199812 32190.0000  215   11 32188.0000 32195.0000  0.02%   6.1 1375s
 1481742 199981 32195.0000  182   16 32188.0000 32195.0000  0.02%   6.1 1381s
 1485881 199933     cutoff  205      32188.0000 32195.0000  0.02%   6.1 1386s
 1490126 200085 32193.6903  195   16 32188.0000 32195.0000  0.02%   6.1 1390s
 1494326 200200 32195.0000  212   12 32188.0000 32195.0000  0.02%   6.1 1396s
 1498218 200372 32195.0000  219   13 32188.0000 32195.0000  0.02%   6.1 1400s
 1504705 200715     cutoff  212      32188.0000 32195.0000  0.02%   6.1 1405s
 1510827 200986 32195.0000  209   14 32188.0000 32195.0000  0.02%   6.1 1410s
 1512646 201005     cutoff  210      32188.0000 32195.0000  0.02%   6.1 1415s
 1517113 201272 32195.0000  205   15 32188.0000 32195.0000  0.02%   6.1 1421s
 1521378 201414     cutoff  214      32188.0000 32195.0000  0.02%   6.1 1425s
 1527958 201634 32195.0000  216   14 32188.0000 32195.0000  0.02%   6.1 1430s
 1532100 201870 32195.0000  209   17 32188.0000 32195.0000  0.02%   6.1 1436s
 1534629 202535 32195.0000  207   16 32188.0000 32195.0000  0.02%   6.1 1440s
 1541274 203133 infeasible  196      32188.0000 32195.0000  0.02%   6.1 1445s
 1547323 203657 32195.0000  208   14 32188.0000 32195.0000  0.02%   6.1 1451s
 1551226 203868 32195.0000  194   14 32188.0000 32195.0000  0.02%   6.1 1456s
 1553385 203878     cutoff  207      32188.0000 32195.0000  0.02%   6.1 1461s
 1556301 204263 32195.0000  202   14 32188.0000 32195.0000  0.02%   6.1 1466s
 1562927 204725 32195.0000  202   14 32188.0000 32195.0000  0.02%   6.1 1471s
 1567152 204940 32195.0000  199   15 32188.0000 32195.0000  0.02%   6.1 1475s
 1573161 205418     cutoff  200      32188.0000 32195.0000  0.02%   6.1 1481s
 1577716 205748 32195.0000  212   16 32188.0000 32195.0000  0.02%   6.1 1485s
 1584007 206147 32195.0000  214   14 32188.0000 32195.0000  0.02%   6.1 1490s
 1588055 206341 32195.0000  208   18 32188.0000 32195.0000  0.02%   6.1 1495s
 1593321 206743 32195.0000  220   19 32188.0000 32195.0000  0.02%   6.1 1501s
 1597865 206835 32195.0000  214   16 32188.0000 32195.0000  0.02%   6.1 1506s
 1598426 206846 32193.0000  198   16 32188.0000 32195.0000  0.02%   6.1 1511s
 1601718 207472 32195.0000  202   14 32188.0000 32195.0000  0.02%   6.1 1515s
 1609172 208089 32193.0000  224   17 32188.0000 32195.0000  0.02%   6.1 1521s
 1613981 208496 32192.0149  215   14 32188.0000 32195.0000  0.02%   6.1 1525s
 1620174 208959 32195.0000  217   15 32188.0000 32195.0000  0.02%   6.1 1530s
 1626641 209463     cutoff  209      32188.0000 32195.0000  0.02%   6.1 1536s
 1630724 209868 32195.0000  211   17 32188.0000 32195.0000  0.02%   6.1 1540s
 1637173 210275 32195.0000  204   14 32188.0000 32195.0000  0.02%   6.1 1546s
 1639396 210302 infeasible  218      32188.0000 32195.0000  0.02%   6.1 1551s
 1641941 210609 32194.4079  201   17 32188.0000 32195.0000  0.02%   6.1 1555s
 1646402 210702 32195.0000  223   16 32188.0000 32195.0000  0.02%   6.1 1561s
 1649575 210974     cutoff  231      32188.0000 32195.0000  0.02%   6.1 1565s
 1656015 211200     cutoff  208      32188.0000 32195.0000  0.02%   6.0 1571s
 1660160 211507 32192.0149  199   19 32188.0000 32195.0000  0.02%   6.0 1575s
 1666788 211792 32194.9168  210   16 32188.0000 32195.0000  0.02%   6.0 1581s
 1671084 212122     cutoff  204      32188.0000 32195.0000  0.02%   6.0 1585s
 1677718 212688 32195.0000  203   13 32188.0000 32195.0000  0.02%   6.0 1590s
 1681907 213014 32190.0000  234   11 32188.0000 32195.0000  0.02%   6.0 1595s
 1685647 213110 32195.0000  207   14 32188.0000 32195.0000  0.02%   6.0 1602s
 1687944 213533 32195.0000  221   18 32188.0000 32195.0000  0.02%   6.0 1606s
 1694678 214049 32190.0000  220   13 32188.0000 32195.0000  0.02%   6.0 1611s
 1696772 214089 32195.0000  216   16 32188.0000 32195.0000  0.02%   6.0 1615s
 1702240 214755     cutoff  198      32188.0000 32195.0000  0.02%   6.0 1622s
 1706807 215003 32195.0000  212   20 32188.0000 32195.0000  0.02%   6.0 1626s
 1711380 215318 32195.0000  221   15 32188.0000 32195.0000  0.02%   6.0 1630s
 1715575 215569     cutoff  203      32188.0000 32195.0000  0.02%   6.0 1635s
 1720315 215910     cutoff  219      32188.0000 32195.0000  0.02%   6.0 1643s
 1720440 216145     cutoff  213      32188.0000 32195.0000  0.02%   6.0 1645s
 1727336 216611     cutoff  202      32188.0000 32195.0000  0.02%   6.0 1651s
 1734279 217243 32192.0149  215   12 32188.0000 32195.0000  0.02%   6.0 1656s
 1740786 217341     cutoff  231      32188.0000 32195.0000  0.02%   6.0 1661s
 1744733 217490 32195.0000  221   13 32188.0000 32195.0000  0.02%   6.0 1665s
 1749941 217692 32195.0000  216   14 32188.0000 32195.0000  0.02%   6.0 1670s
 1756106 218042 32190.0000  194   13 32188.0000 32195.0000  0.02%   6.0 1675s
 1759415 218123 32195.0000  205   14 32188.0000 32195.0000  0.02%   6.0 1680s
 1763613 218166 32195.0000  218   14 32188.0000 32195.0000  0.02%   6.0 1687s
 1763645 218608     cutoff  219      32188.0000 32195.0000  0.02%   6.0 1695s
 1777463 218814 32194.1244  206   14 32188.0000 32195.0000  0.02%   6.0 1700s
 1784384 219248 32195.0000  213   16 32188.0000 32195.0000  0.02%   6.0 1706s
 1787737 219539 32194.1534  210   21 32188.0000 32195.0000  0.02%   6.0 1711s
 1792733 219771     cutoff  224      32188.0000 32195.0000  0.02%   6.0 1715s
 1799620 220028 32192.0149  218   16 32188.0000 32195.0000  0.02%   6.0 1721s
 1801928 220059 32195.0000  205   15 32188.0000 32195.0000  0.02%   6.0 1725s
 1807523 220519     cutoff  228      32188.0000 32195.0000  0.02%   6.0 1731s
 1811974 220628     cutoff  202      32188.0000 32195.0000  0.02%   6.0 1735s
 1818875 221072 32195.0000  210   16 32188.0000 32195.0000  0.02%   6.0 1741s
 1823529 221305 32194.7014  212   14 32188.0000 32195.0000  0.02%   6.0 1745s
 1831875 221796 32195.0000  202   17 32188.0000 32195.0000  0.02%   6.0 1752s
 1835215 222164     cutoff  213      32188.0000 32195.0000  0.02%   6.0 1756s
 1838797 222620     cutoff  212      32188.0000 32195.0000  0.02%   6.0 1761s
 1843070 222734 32195.0000  220   13 32188.0000 32195.0000  0.02%   6.0 1766s
 1847778 223249     cutoff  229      32188.0000 32195.0000  0.02%   6.0 1771s
 1854317 223580 32195.0000  216   17 32188.0000 32195.0000  0.02%   6.0 1778s
 1855464 223697 32195.0000  206   15 32188.0000 32195.0000  0.02%   6.0 1780s
 1862376 224094 32193.3459  205   17 32188.0000 32195.0000  0.02%   6.0 1785s
 1869646 224264 32195.0000  219   16 32188.0000 32195.0000  0.02%   6.0 1794s
 1869716 224289 32195.0000  220   16 32188.0000 32195.0000  0.02%   6.0 1795s
 1876122 224601 32194.7222  222   16 32188.0000 32195.0000  0.02%   6.0 1800s
 1879080 224958     cutoff  211      32188.0000 32195.0000  0.02%   6.0 1805s
 1887448 225353 32195.0000  215   19 32188.0000 32195.0000  0.02%   6.0 1810s
 1890586 225458 32195.0000  211   16 32188.0000 32195.0000  0.02%   6.0 1816s
 1895281 225700     cutoff  180      32188.0000 32195.0000  0.02%   6.0 1823s
 1895492 226785     cutoff  181      32188.0000 32195.0000  0.02%   6.0 1830s
 1912855 227558 32194.7988  188   18 32188.0000 32195.0000  0.02%   6.0 1835s
 1917887 228011     cutoff  214      32188.0000 32195.0000  0.02%   6.0 1840s
 1925061 228504     cutoff  219      32188.0000 32195.0000  0.02%   6.0 1845s
 1930958 229170     cutoff  210      32188.0000 32195.0000  0.02%   6.0 1853s
 1931118 229348 32195.0000  209   13 32188.0000 32195.0000  0.02%   6.0 1855s
 1939011 229786 32195.0000  197   17 32188.0000 32195.0000  0.02%   6.0 1862s
 1942356 230186 32195.0000  215   16 32188.0000 32195.0000  0.02%   6.0 1865s
 1950990 230776     cutoff  217      32188.0000 32195.0000  0.02%   6.0 1870s
 1956906 231330 32195.0000  193   17 32188.0000 32195.0000  0.02%   6.1 1875s
 1961971 231691     cutoff  223      32188.0000 32195.0000  0.02%   6.1 1882s
 1966395 231999 32195.0000  207   17 32188.0000 32195.0000  0.02%   6.1 1885s
 1968833 232915 32195.0000  195   17 32188.0000 32195.0000  0.02%   6.1 1896s
 1980691 232952 32195.0000  203   13 32188.0000 32195.0000  0.02%   6.1 1900s
 1987975 234059 32195.0000  202   14 32188.0000 32195.0000  0.02%   6.1 1907s
 1992050 234621 32195.0000  215   15 32188.0000 32195.0000  0.02%   6.1 1910s
 1995546 235020     cutoff  186      32188.0000 32195.0000  0.02%   6.1 1915s
 1997769 235278 32195.0000  172   18 32188.0000 32195.0000  0.02%   6.1 1920s
 2004783 236286     cutoff  185      32188.0000 32195.0000  0.02%   6.1 1925s
 2014089 237378 32192.0149  227   15 32188.0000 32195.0000  0.02%   6.1 1931s
 2020602 238017     cutoff  219      32188.0000 32195.0000  0.02%   6.1 1935s
 2022968 238348 32195.0000  162   12 32188.0000 32195.0000  0.02%   6.1 1941s
 2027023 238503 32195.0000  182   14 32188.0000 32195.0000  0.02%   6.1 1947s
 2029551 239007 32190.0000  186   14 32188.0000 32195.0000  0.02%   6.1 1950s
 2039290 240615 32192.0149  223   14 32188.0000 32195.0000  0.02%   6.1 1955s
 2049194 241818     cutoff  217      32188.0000 32195.0000  0.02%   6.1 1960s
 2056748 242713     cutoff  208      32188.0000 32195.0000  0.02%   6.1 1965s
 2064376 243240 32189.0000  189   11 32188.0000 32195.0000  0.02%   6.1 1970s
 2069634 243939 infeasible  175      32188.0000 32195.0000  0.02%   6.1 1975s
 2071638 243941 32190.0000  195   13 32188.0000 32195.0000  0.02%   6.1 1981s
 2075561 244361 32195.0000  216   15 32188.0000 32195.0000  0.02%   6.1 1988s
 2078436 245002     cutoff  197      32188.0000 32195.0000  0.02%   6.1 1990s
 2088045 246957 32195.0000  155   12 32188.0000 32195.0000  0.02%   6.2 1995s
 2095414 247965     cutoff  212      32188.0000 32195.0000  0.02%   6.2 2000s
 2104634 249712 32195.0000  215   16 32188.0000 32195.0000  0.02%   6.2 2005s
 2110220 250324 32195.0000  173   14 32188.0000 32195.0000  0.02%   6.2 2012s
 2114262 250962 32191.9605  211   16 32188.0000 32195.0000  0.02%   6.2 2016s
 2121534 251518 32195.0000  207   19 32188.0000 32195.0000  0.02%   6.2 2023s
 2124455 251830 32195.0000  210   22 32188.0000 32195.0000  0.02%   6.2 2026s
 2133007 252735     cutoff  209      32188.0000 32195.0000  0.02%   6.2 2030s
 2139964 253460 32195.0000  191   18 32188.0000 32195.0000  0.02%   6.2 2039s
 2142007 253910     cutoff  204      32188.0000 32195.0000  0.02%   6.2 2041s
 2150049 254769     cutoff  220      32188.0000 32195.0000  0.02%   6.2 2046s
 2157782 255535 32195.0000  204   16 32188.0000 32195.0000  0.02%   6.2 2050s
 2166183 256724 32192.0149  201   17 32188.0000 32195.0000  0.02%   6.2 2055s
 2172778 257648     cutoff  202      32188.0000 32195.0000  0.02%   6.2 2060s
 2179064 258045 32195.0000  206   14 32188.0000 32195.0000  0.02%   6.2 2068s
 2179157 258301 32195.0000  207   19 32188.0000 32195.0000  0.02%   6.2 2070s
 2181771 258542     cutoff  209      32188.0000 32195.0000  0.02%   6.2 2076s
 2189043 258979     cutoff  210      32188.0000 32195.0000  0.02%   6.2 2081s
 2195495 259266 32195.0000  193   15 32188.0000 32195.0000  0.02%   6.2 2086s
 2199405 259330     cutoff  220      32188.0000 32195.0000  0.02%   6.2 2090s
 2205811 259733     cutoff  194      32188.0000 32195.0000  0.02%   6.2 2095s
 2212373 260063 32195.0000  154   13 32188.0000 32195.0000  0.02%   6.2 2101s
 2218910 260271     cutoff  213      32188.0000 32195.0000  0.02%   6.2 2106s
 2222978 260409     cutoff  213      32188.0000 32195.0000  0.02%   6.2 2112s
 2225937 260680 32195.0000  144   17 32188.0000 32195.0000  0.02%   6.2 2115s
 2232877 261076     cutoff  211      32188.0000 32195.0000  0.02%   6.2 2120s
 2238951 261328     cutoff  198      32188.0000 32195.0000  0.02%   6.2 2126s
 2244192 261454 32195.0000  193   13 32188.0000 32195.0000  0.02%   6.2 2133s
 2244474 261517 32195.0000  194   13 32188.0000 32195.0000  0.02%   6.2 2136s
 2247860 261758     cutoff  222      32188.0000 32195.0000  0.02%   6.2 2140s
 2254978 261991 32194.1152  203   15 32188.0000 32195.0000  0.02%   6.2 2145s
 2262877 262903 32190.4179  225   18 32188.0000 32195.0000  0.02%   6.2 2150s
 2269070 263447     cutoff  220      32188.0000 32195.0000  0.02%   6.2 2155s
 2275376 263660     cutoff  206      32188.0000 32195.0000  0.02%   6.2 2161s
 2275701 263675 32195.0000  196   16 32188.0000 32195.0000  0.02%   6.2 2166s
 2278578 264173     cutoff  205      32188.0000 32195.0000  0.02%   6.2 2170s
 2287108 265134     cutoff  186      32188.0000 32195.0000  0.02%   6.2 2175s
 2293344 265593 32189.0000  204   12 32188.0000 32195.0000  0.02%   6.2 2180s
 2301894 266300     cutoff  206      32188.0000 32195.0000  0.02%   6.2 2185s
 2303923 266275     cutoff  199      32188.0000 32195.0000  0.02%   6.2 2190s
 2308433 266929 32195.0000  215   15 32188.0000 32195.0000  0.02%   6.2 2200s
 2314098 267845 32194.0000  197   11 32188.0000 32195.0000  0.02%   6.2 2205s
 2321653 268337     cutoff  197      32188.0000 32195.0000  0.02%   6.2 2213s
 2324279 268718 32195.0000  192   16 32188.0000 32195.0000  0.02%   6.2 2215s
 2334775 269629     cutoff  224      32188.0000 32195.0000  0.02%   6.2 2220s
 2342723 270066 32195.0000  209   15 32188.0000 32195.0000  0.02%   6.2 2225s
 2351120 270528 32195.0000  220   14 32188.0000 32195.0000  0.02%   6.2 2230s
 2353049 270514     cutoff  205      32188.0000 32195.0000  0.02%   6.2 2235s
 2359360 271205     cutoff  222      32188.0000 32195.0000  0.02%   6.2 2240s
 2365719 271568 32194.7420  220   14 32188.0000 32195.0000  0.02%   6.2 2245s
 2373444 272176     cutoff  215      32188.0000 32195.0000  0.02%   6.2 2250s
 2379332 272632     cutoff  192      32188.0000 32195.0000  0.02%   6.2 2256s
 2380528 272933 32195.0000  192   14 32188.0000 32195.0000  0.02%   6.2 2261s
 2392651 273383     cutoff  229      32188.0000 32195.0000  0.02%   6.2 2265s
 2394672 273387     cutoff  240      32188.0000 32195.0000  0.02%   6.2 2272s
 2399099 273950 32194.6774  211   12 32188.0000 32195.0000  0.02%   6.2 2276s
 2405567 274287 32195.0000  226   14 32188.0000 32195.0000  0.02%   6.2 2280s
 2411690 274514 32194.7420  212   13 32188.0000 32195.0000  0.02%   6.1 2286s
 2417522 274893     cutoff  209      32188.0000 32195.0000  0.02%   6.1 2290s
 2421958 275029 32195.0000  215   15 32188.0000 32195.0000  0.02%   6.1 2296s
 2425076 275266 32189.0000  209   13 32188.0000 32195.0000  0.02%   6.1 2300s
 2434470 275899     cutoff  220      32188.0000 32195.0000  0.02%   6.1 2306s
 2441153 276201     cutoff  209      32188.0000 32195.0000  0.02%   6.1 2311s
 2445267 276296 32195.0000  210   17 32188.0000 32195.0000  0.02%   6.1 2317s
 2447740 276570 32190.0000  202   14 32188.0000 32195.0000  0.02%   6.1 2320s
 2455946 277280 32189.0000  227   14 32188.0000 32195.0000  0.02%   6.1 2325s
 2465947 277816     cutoff  213      32188.0000 32195.0000  0.02%   6.1 2330s
 2473955 278080 32195.0000  217   14 32188.0000 32195.0000  0.02%   6.1 2335s
 2482348 278336 32195.0000  223   17 32188.0000 32195.0000  0.02%   6.1 2342s
 2485442 278467 32195.0000  200   15 32188.0000 32195.0000  0.02%   6.1 2349s
 2485586 278649 32195.0000  201   15 32188.0000 32195.0000  0.02%   6.1 2350s
 2492459 278838     cutoff  210      32188.0000 32195.0000  0.02%   6.1 2356s
 2501078 279359 32195.0000  226   15 32188.0000 32195.0000  0.02%   6.1 2360s
 2509431 279775     cutoff  213      32188.0000 32195.0000  0.02%   6.1 2365s
 2515890 280071 32195.0000  212   13 32188.0000 32195.0000  0.02%   6.1 2370s
 2523694 280417 32195.0000  230   13 32188.0000 32195.0000  0.02%   6.1 2375s
 2528962 280578 32195.0000  213   15 32188.0000 32195.0000  0.02%   6.1 2380s
 2535678 280852 32195.0000  224   15 32188.0000 32195.0000  0.02%   6.1 2385s
 2541604 281093 32195.0000  216   14 32188.0000 32195.0000  0.02%   6.1 2393s
 2543866 281290 32194.9864  200   18 32188.0000 32195.0000  0.02%   6.1 2396s
 2550161 281518     cutoff  224      32188.0000 32195.0000  0.02%   6.1 2401s
 2552580 281522 32193.9439  193   12 32188.0000 32195.0000  0.02%   6.1 2405s
 2558190 281916     cutoff  220      32188.0000 32195.0000  0.02%   6.1 2411s
 2565081 282236     cutoff  199      32188.0000 32195.0000  0.02%   6.1 2415s
 2571785 282423 32195.0000  204   15 32188.0000 32195.0000  0.02%   6.1 2420s
 2580101 282965     cutoff  213      32188.0000 32195.0000  0.02%   6.1 2427s
 2581862 282960     cutoff  210      32188.0000 32195.0000  0.02%   6.1 2432s
 2586041 283502 32195.0000  196   16 32188.0000 32195.0000  0.02%   6.1 2436s
 2590563 283792     cutoff  224      32188.0000 32195.0000  0.02%   6.1 2440s
 2601023 284937 32195.0000  220   15 32188.0000 32195.0000  0.02%   6.1 2446s
 2606789 285464     cutoff  204      32188.0000 32195.0000  0.02%   6.1 2450s
 2615334 286318     cutoff  192      32188.0000 32195.0000  0.02%   6.1 2455s
 2623507 287081 32195.0000  215   16 32188.0000 32195.0000  0.02%   6.1 2460s
 2630070 287340     cutoff  204      32188.0000 32195.0000  0.02%   6.1 2466s
 2633708 287439     cutoff  217      32188.0000 32195.0000  0.02%   6.0 2474s
 2633728 287553 32195.0000  191   14 32188.0000 32195.0000  0.02%   6.0 2475s
 2639905 287908 32195.0000  200   13 32188.0000 32195.0000  0.02%   6.0 2481s
 2644634 288121 32195.0000  178   14 32188.0000 32195.0000  0.02%   6.0 2486s
 2651147 288387     cutoff  214      32188.0000 32195.0000  0.02%   6.0 2490s
 2657155 288539 infeasible  196      32188.0000 32195.0000  0.02%   6.0 2495s
 2665768 289043 32195.0000  197   18 32188.0000 32195.0000  0.02%   6.0 2500s
 2671798 289543 32195.0000  210   15 32188.0000 32195.0000  0.02%   6.0 2505s
 2677775 290048 32195.0000  206   14 32188.0000 32195.0000  0.02%   6.0 2510s
 2681737 290250 32194.6859  209   12 32188.0000 32195.0000  0.02%   6.0 2516s
 2681983 290918 32194.6859  210   13 32188.0000 32195.0000  0.02%   6.0 2521s
 2698130 291301     cutoff  219      32188.0000 32195.0000  0.02%   6.0 2526s
 2706682 292108 32195.0000  204   14 32188.0000 32195.0000  0.02%   6.0 2531s
 2712600 292949 32195.0000  200   14 32188.0000 32195.0000  0.02%   6.0 2535s
 2720781 293473     cutoff  233      32188.0000 32195.0000  0.02%   6.0 2541s
 2723551 293975     cutoff  205      32188.0000 32195.0000  0.02%   6.0 2546s
 2729349 294294     cutoff  208      32188.0000 32195.0000  0.02%   6.0 2550s
 2734069 294545     cutoff  207      32188.0000 32195.0000  0.02%   6.0 2555s
 2739752 294919 32195.0000  214   16 32188.0000 32195.0000  0.02%   6.0 2562s
 2742519 295366 32190.0000  210   13 32188.0000 32195.0000  0.02%   6.0 2565s
 2751342 295980 32195.0000  221   14 32188.0000 32195.0000  0.02%   6.0 2571s
 2757960 296608 32193.6085  219   13 32188.0000 32195.0000  0.02%   6.0 2575s
 2762698 297224 32195.0000  217   16 32188.0000 32195.0000  0.02%   6.0 2580s
 2771524 298612     cutoff  218      32188.0000 32195.0000  0.02%   6.0 2586s
 2773580 298734 32190.4179  213   14 32188.0000 32195.0000  0.02%   6.0 2592s
 2774644 299509 32195.0000  207   16 32188.0000 32195.0000  0.02%   6.0 2599s
 2786001 299650 32195.0000  219   12 32188.0000 32195.0000  0.02%   6.0 2601s
 2790796 299929     cutoff  227      32188.0000 32195.0000  0.02%   6.0 2605s
 2797801 300311 32195.0000  214   16 32188.0000 32195.0000  0.02%   6.0 2610s
 2799913 300364 32194.7815  218   14 32188.0000 32195.0000  0.02%   6.0 2615s
 2805281 300758 32194.9181  202   16 32188.0000 32195.0000  0.02%   6.0 2620s
 2812166 301064 32195.0000  251   17 32188.0000 32195.0000  0.02%   6.0 2625s
 2816755 301306 32194.7222  212   14 32188.0000 32195.0000  0.02%   6.0 2632s
 2818974 301564 32195.0000  200   16 32188.0000 32195.0000  0.02%   6.0 2635s
 2825135 301962     cutoff  229      32188.0000 32195.0000  0.02%   6.0 2640s
 2831508 302243     cutoff  191      32188.0000 32195.0000  0.02%   6.0 2646s
 2838297 302498 32195.0000  216   15 32188.0000 32195.0000  0.02%   6.0 2651s
 2844228 302806 32194.0000  195   10 32188.0000 32195.0000  0.02%   6.0 2656s
 2847744 302805 32195.0000  191   12 32188.0000 32195.0000  0.02%   6.0 2661s
 2852691 302820     cutoff  225      32188.0000 32195.0000  0.02%   6.0 2665s
 2858971 302914 32195.0000  196   15 32188.0000 32195.0000  0.02%   6.0 2670s
 2865278 302945 32195.0000  130   16 32188.0000 32195.0000  0.02%   6.0 2679s
 2865308 302925 32195.0000  143   21 32188.0000 32195.0000  0.02%   6.0 2683s
 2865987 302882 32191.7673  144   38 32188.0000 32195.0000  0.02%   6.0 2685s
 2873196 303211     cutoff  239      32188.0000 32195.0000  0.02%   6.0 2690s
 2881324 303557 32195.0000  186   18 32188.0000 32195.0000  0.02%   6.0 2696s
 2885590 304029 32191.9892  214   12 32188.0000 32195.0000  0.02%   6.0 2700s
 2894453 304922 32194.0000  219   17 32188.0000 32195.0000  0.02%   6.0 2706s
 2900396 305301 32195.0000  202   15 32188.0000 32195.0000  0.02%   6.0 2710s
 2904118 305292     cutoff  207      32188.0000 32195.0000  0.02%   6.0 2717s
 2906404 305560 32195.0000  222   17 32188.0000 32195.0000  0.02%   6.0 2720s
 2913046 305699 32195.0000  197   15 32188.0000 32195.0000  0.02%   6.0 2728s
 2916344 305679     cutoff  219      32188.0000 32195.0000  0.02%   6.0 2732s
 2921129 305801 32195.0000  209   14 32188.0000 32195.0000  0.02%   6.0 2736s
 2927735 306471 32190.0000  219   15 32188.0000 32195.0000  0.02%   6.0 2741s
 2934164 307668 32195.0000  168   20 32188.0000 32195.0000  0.02%   6.0 2745s
 2942179 308694     cutoff  132      32188.0000 32195.0000  0.02%   6.0 2750s
 2945984 309066 32195.0000  203   13 32188.0000 32195.0000  0.02%   6.0 2757s
 2946004 310851     cutoff  203      32188.0000 32195.0000  0.02%   6.0 2763s
 2958016 311321     cutoff  191      32188.0000 32195.0000  0.02%   5.9 2765s
 2969833 312911 32195.0000  180   15 32188.0000 32195.0000  0.02%   5.9 2770s
 2983354 313626     cutoff  182      32188.0000 32195.0000  0.02%   5.9 2775s
 2991642 313933     cutoff  179      32188.0000 32195.0000  0.02%   5.9 2780s
 2999601 314240     cutoff  210      32188.0000 32195.0000  0.02%   5.9 2785s
 3006025 314558     cutoff  182      32188.0000 32195.0000  0.02%   5.9 2792s
 3010231 315050     cutoff  181      32188.0000 32195.0000  0.02%   5.9 2795s
 3019552 315789     cutoff  235      32188.0000 32195.0000  0.02%   5.9 2800s
 3026173 316298 32195.0000  172   16 32188.0000 32195.0000  0.02%   5.9 2805s
 3034395 316657 32195.0000  203   15 32188.0000 32195.0000  0.02%   5.9 2814s
 3034891 316804     cutoff  203      32188.0000 32195.0000  0.02%   5.9 2816s
 3041842 317029     cutoff  161      32188.0000 32195.0000  0.02%   5.9 2821s
 3047498 317311     cutoff  156      32188.0000 32195.0000  0.02%   5.9 2825s
 3056432 317990 infeasible  157      32188.0000 32195.0000  0.02%   5.9 2830s
 3058132 317995     cutoff  153      32188.0000 32195.0000  0.02%   5.9 2835s
 3058150 318780 32195.0000  150   14 32188.0000 32195.0000  0.02%   5.9 2841s
 3074125 319086 32195.0000  133   16 32188.0000 32195.0000  0.02%   5.9 2845s
 3080374 319658 32195.0000  151   15 32188.0000 32195.0000  0.02%   5.9 2850s
 3088899 320916     cutoff  153      32188.0000 32195.0000  0.02%   5.9 2855s
 3095041 321480     cutoff  149      32188.0000 32195.0000  0.02%   5.9 2860s
 3102388 321959 32195.0000  156   19 32188.0000 32195.0000  0.02%   5.9 2866s
 3111379 322548 32195.0000  150   20 32188.0000 32195.0000  0.02%   5.9 2870s
 3115752 322677     cutoff  166      32188.0000 32195.0000  0.02%   5.9 2877s
 3120007 323795 32195.0000  154   22 32188.0000 32195.0000  0.02%   5.9 2880s
 3124168 324111 32195.0000  151   15 32188.0000 32195.0000  0.02%   5.9 2885s
 3133521 325062     cutoff  146      32188.0000 32195.0000  0.02%   5.9 2891s
 3139388 325494     cutoff  149      32188.0000 32195.0000  0.02%   5.9 2895s
 3149339 326145     cutoff  150      32188.0000 32195.0000  0.02%   5.9 2900s
 3157438 326844 32195.0000  149   19 32188.0000 32195.0000  0.02%   5.9 2905s
 3165206 327469     cutoff  151      32188.0000 32195.0000  0.02%   5.9 2910s
 3172954 328133     cutoff  155      32188.0000 32195.0000  0.02%   5.9 2918s
 3172969 328307 32195.0000  131   15 32188.0000 32195.0000  0.02%   5.9 2921s
 3182186 330784 32195.0000  138   19 32188.0000 32195.0000  0.02%   5.9 2925s
 3191764 332032 32195.0000  147   19 32188.0000 32195.0000  0.02%   6.0 2933s
 3193633 332344 32195.0000  142   17 32188.0000 32195.0000  0.02%   6.0 2937s
 3196287 332880 32195.0000  134   15 32188.0000 32195.0000  0.02%   6.0 2940s
 3208686 334332     cutoff  145      32188.0000 32195.0000  0.02%   6.0 2945s
 3210490 334341 32195.0000  137   17 32188.0000 32195.0000  0.02%   6.0 2950s
 3220784 335475     cutoff  138      32188.0000 32195.0000  0.02%   6.0 2955s
 3230331 337461 32195.0000  114   22 32188.0000 32195.0000  0.02%   6.0 2960s
 3239894 340212 32195.0000  116   14 32188.0000 32195.0000  0.02%   6.0 2965s
 3247914 341361     cutoff  148      32188.0000 32195.0000  0.02%   6.0 2973s
 3248283 341594 32195.0000  103   21 32188.0000 32195.0000  0.02%   6.0 2975s
 3255119 341959     cutoff  153      32188.0000 32195.0000  0.02%   6.0 2984s
 3255184 342261 32195.0000  151   12 32188.0000 32195.0000  0.02%   6.0 2987s
 3261665 343500     cutoff  139      32188.0000 32195.0000  0.02%   6.0 2991s
 3269627 345129     cutoff  157      32188.0000 32195.0000  0.02%   6.0 2996s
 3278715 349269 32195.0000  176   17 32188.0000 32195.0000  0.02%   6.0 3000s
 3290157 353257 32195.0000  174   21 32188.0000 32195.0000  0.02%   6.0 3005s
 3298869 356308 32194.9412  187   19 32188.0000 32195.0000  0.02%   6.0 3012s
 3299576 359437 32195.0000  166   16 32188.0000 32195.0000  0.02%   6.0 3016s
 3308138 359432 infeasible  182      32188.0000 32195.0000  0.02%   6.0 3022s
 3314490 361970 32195.0000  197   17 32188.0000 32195.0000  0.02%   6.0 3026s
 3322264 364453 32194.9295  197   19 32188.0000 32195.0000  0.02%   6.0 3030s
 3327836 365988 32195.0000  190   19 32188.0000 32195.0000  0.02%   6.0 3035s
 3335055 368115 infeasible  178      32188.0000 32195.0000  0.02%   6.0 3040s
 3343090 369282     cutoff  185      32188.0000 32195.0000  0.02%   6.0 3045s
 3352807 370442 32195.0000  177   15 32188.0000 32195.0000  0.02%   6.0 3051s
 3358639 371179 32195.0000  176   14 32188.0000 32195.0000  0.02%   6.0 3055s
 3362531 371461     cutoff  204      32188.0000 32195.0000  0.02%   6.0 3062s
 3362554 371500     cutoff  203      32188.0000 32195.0000  0.02%   6.0 3065s
 3369094 372626 32194.0000  164   17 32188.0000 32195.0000  0.02%   6.0 3071s
 3374908 373623 32195.0000  186   17 32188.0000 32195.0000  0.02%   6.0 3075s
 3385342 375270     cutoff  211      32188.0000 32195.0000  0.02%   6.0 3081s
 3393272 376271     cutoff  194      32188.0000 32195.0000  0.02%   6.0 3085s
 3400779 377355     cutoff  193      32188.0000 32195.0000  0.02%   6.0 3090s
 3408543 378526     cutoff  203      32188.0000 32195.0000  0.02%   6.0 3095s
 3412383 378824 32190.0000  197   16 32188.0000 32195.0000  0.02%   6.0 3102s
 3412402 379065     cutoff  198      32188.0000 32195.0000  0.02%   6.0 3105s
 3420295 380459     cutoff  183      32188.0000 32195.0000  0.02%   6.0 3110s
 3426647 381351     cutoff  190      32188.0000 32195.0000  0.02%   6.1 3115s
 3434377 383205 32190.0000  189   15 32188.0000 32195.0000  0.02%   6.1 3120s
 3443944 385145 32195.0000  179   18 32188.0000 32195.0000  0.02%   6.1 3125s
 3449683 386102 32190.0000  189   19 32188.0000 32195.0000  0.02%   6.1 3130s
 3457436 387829     cutoff  186      32188.0000 32195.0000  0.02%   6.1 3135s
 3463652 388667 32195.0000  168   14 32188.0000 32195.0000  0.02%   6.1 3146s
 3463747 390772 32195.0000  169   17 32188.0000 32195.0000  0.02%   6.1 3151s
 3479843 391510 32195.0000  186   18 32188.0000 32195.0000  0.02%   6.1 3155s
 3487837 392698 32195.0000  185   18 32188.0000 32195.0000  0.02%   6.1 3160s
 3495396 393848     cutoff  193      32188.0000 32195.0000  0.02%   6.1 3165s
 3503336 394482     cutoff  188      32188.0000 32195.0000  0.02%   6.1 3173s
 3503513 394567 32190.0000  178   14 32188.0000 32195.0000  0.02%   6.1 3177s
 3507954 395160     cutoff  192      32188.0000 32195.0000  0.02%   6.1 3180s
 3517342 396007 32195.0000  182   14 32188.0000 32195.0000  0.02%   6.1 3185s
 3525344 397147     cutoff  189      32188.0000 32195.0000  0.02%   6.1 3191s
 3527984 397499 32195.0000  175   17 32188.0000 32195.0000  0.02%   6.1 3195s
 3536666 398478     cutoff  175      32188.0000 32195.0000  0.02%   6.1 3200s
 3538786 398480 32195.0000  179   14 32188.0000 32195.0000  0.02%   6.1 3206s
 3538805 399797     cutoff  180      32188.0000 32195.0000  0.02%   6.1 3212s
 3552833 400244 32195.0000  183   17 32188.0000 32195.0000  0.02%   6.1 3215s
 3560684 401542 32194.3333  190   18 32188.0000 32195.0000  0.02%   6.1 3220s
 3570801 402574 32195.0000  173   24 32188.0000 32195.0000  0.02%   6.1 3228s
 3573898 402937     cutoff  192      32188.0000 32195.0000  0.02%   6.1 3231s
 3580296 403290     cutoff  203      32188.0000 32195.0000  0.02%   6.1 3235s
 3587877 403962 32195.0000  188   22 32188.0000 32195.0000  0.02%   6.1 3240s
 3595896 404820 32195.0000  190   19 32188.0000 32195.0000  0.02%   6.1 3245s
 3603865 405506     cutoff  192      32188.0000 32195.0000  0.02%   6.1 3254s
 3603890 405687 32195.0000  172   16 32188.0000 32195.0000  0.02%   6.1 3255s
 3611877 406533     cutoff  177      32188.0000 32195.0000  0.02%   6.1 3260s
 3615571 406791 32195.0000  183   17 32188.0000 32195.0000  0.02%   6.1 3265s
 3620997 408042 32189.0000  183   11 32188.0000 32195.0000  0.02%   6.1 3270s
 3627038 409059 32191.0000  182    9 32188.0000 32195.0000  0.02%   6.1 3275s
 3637166 410340 32195.0000  192   19 32188.0000 32195.0000  0.02%   6.1 3280s
 3644877 411437 infeasible  193      32188.0000 32195.0000  0.02%   6.1 3286s
 3650711 411834 32195.0000  189   14 32188.0000 32195.0000  0.02%   6.1 3294s
 3650829 413018 32195.0000  190   13 32188.0000 32195.0000  0.02%   6.1 3302s
 3664971 413469     cutoff  192      32188.0000 32195.0000  0.02%   6.1 3305s
 3667738 413699     cutoff  194      32188.0000 32195.0000  0.02%   6.1 3310s
 3677975 414704     cutoff  192      32188.0000 32195.0000  0.02%   6.1 3315s
 3683984 415402     cutoff  167      32188.0000 32195.0000  0.02%   6.1 3320s
 3692396 416082     cutoff  193      32188.0000 32195.0000  0.02%   6.1 3325s
 3699881 416726     cutoff  189      32188.0000 32195.0000  0.02%   6.1 3330s
 3705425 416999 32195.0000  177   19 32188.0000 32195.0000  0.02%   6.1 3338s
 3707397 417479 32195.0000  173   20 32188.0000 32195.0000  0.02%   6.1 3342s
 3708150 418271 32195.0000  174   20 32188.0000 32195.0000  0.02%   6.1 3346s
 3720483 419303     cutoff  184      32188.0000 32195.0000  0.02%   6.1 3351s
 3727081 420054 32195.0000  176   16 32188.0000 32195.0000  0.02%   6.1 3356s
 3733427 420707 32195.0000  176   24 32188.0000 32195.0000  0.02%   6.1 3361s
 3739419 421315     cutoff  189      32188.0000 32195.0000  0.02%   6.1 3365s
 3741444 421342 32195.0000  174   13 32188.0000 32195.0000  0.02%   6.1 3370s
 3748382 422204 32195.0000  178   15 32188.0000 32195.0000  0.02%   6.1 3376s
 3755940 423035 32195.0000  189   17 32188.0000 32195.0000  0.02%   6.1 3381s
 3761815 423980     cutoff  188      32188.0000 32195.0000  0.02%   6.1 3385s
 3765434 424271 32195.0000  187   17 32188.0000 32195.0000  0.02%   6.1 3391s
 3765510 426180 32195.0000  188   17 32188.0000 32195.0000  0.02%   6.1 3397s
 3778689 426530 32195.0000  168   14 32188.0000 32195.0000  0.02%   6.1 3400s
 3788671 428210 32190.0000  189   17 32188.0000 32195.0000  0.02%   6.1 3406s
 3796440 429643     cutoff  201      32188.0000 32195.0000  0.02%   6.1 3411s
 3802227 430510 32195.0000  187   15 32188.0000 32195.0000  0.02%   6.1 3417s
 3806602 431510 32195.0000  180   17 32188.0000 32195.0000  0.02%   6.1 3420s
 3816195 433381 32195.0000  171   22 32188.0000 32195.0000  0.02%   6.1 3426s
 3821525 434165     cutoff  174      32188.0000 32195.0000  0.02%   6.2 3434s
 3821616 436377 32195.0000  162   15 32188.0000 32195.0000  0.02%   6.2 3440s
 3839481 437614 32195.0000  144   13 32188.0000 32195.0000  0.02%   6.2 3447s
 3840058 439905 32195.0000  145   13 32188.0000 32195.0000  0.02%   6.2 3453s
 3852070 440471     cutoff  184      32188.0000 32195.0000  0.02%   6.2 3455s
 3858324 441629 32195.0000  165   17 32188.0000 32195.0000  0.02%   6.2 3462s
 3858349 444296 32195.0000  166   17 32188.0000 32195.0000  0.02%   6.2 3467s
 3872443 445049 32195.0000  142   16 32188.0000 32195.0000  0.02%   6.2 3470s
 3882430 446497 32195.0000  153   13 32188.0000 32195.0000  0.02%   6.2 3475s
 3887304 447151     cutoff  163      32188.0000 32195.0000  0.02%   6.2 3480s
 3895479 448104 32195.0000  167   18 32188.0000 32195.0000  0.02%   6.2 3485s
 3903401 448957 32193.1477  171   22 32188.0000 32195.0000  0.02%   6.2 3490s
 3909430 449384     cutoff  151      32188.0000 32195.0000  0.02%   6.2 3495s
 3916110 450204     cutoff  155      32188.0000 32195.0000  0.02%   6.2 3500s
 3917835 450211 32195.0000  163   17 32188.0000 32195.0000  0.02%   6.2 3506s
 3923950 451092 32195.0000  153   16 32188.0000 32195.0000  0.02%   6.2 3510s
 3933999 452429 32195.0000  157   21 32188.0000 32195.0000  0.02%   6.2 3515s
 3943530 453070     cutoff  158      32188.0000 32195.0000  0.02%   6.2 3520s
 3951254 453626 32191.0000  149   15 32188.0000 32195.0000  0.02%   6.2 3527s
 3952070 454546     cutoff  150      32188.0000 32195.0000  0.02%   6.2 3531s
 3967646 455403     cutoff  159      32188.0000 32195.0000  0.02%   6.2 3536s
 3973706 455960     cutoff  153      32188.0000 32195.0000  0.02%   6.2 3543s
 3975691 456737 32195.0000  155   17 32188.0000 32195.0000  0.02%   6.2 3545s
 3985644 457711 32192.0000  161   11 32188.0000 32195.0000  0.02%   6.2 3551s
 3989327 458340 32195.0000  154   16 32188.0000 32195.0000  0.02%   6.2 3555s
 3997826 460040     cutoff  164      32188.0000 32195.0000  0.02%   6.2 3561s
 4006291 462387     cutoff  168      32188.0000 32195.0000  0.02%   6.2 3565s
 4015865 465224 32195.0000  131   16 32188.0000 32195.0000  0.02%   6.2 3571s
 4021968 465980 32195.0000  154   21 32188.0000 32195.0000  0.02%   6.2 3580s
 4022320 466374 32195.0000  155   19 32188.0000 32195.0000  0.02%   6.2 3585s
 4028660 467407     cutoff  157      32188.0000 32195.0000  0.02%   6.2 3590s
 4038006 469224 32190.0000  171   28 32188.0000 32195.0000  0.02%   6.2 3596s
 4043787 469991     cutoff  157      32188.0000 32195.0000  0.02%   6.2 3600s

Cutting planes:
  Gomory: 5
  Cover: 491
  Clique: 1
  MIR: 8
  StrongCG: 2
  Flow cover: 2
  Zero half: 1
  RLT: 2

Explored 4044387 nodes (25075808 simplex iterations) in 3600.11 seconds
Thread count was 12 (of 12 available processors)

Solution count 9: 32188 32183 32180 ... 29284

Time limit reached
Best objective 3.218800000000e+04, best bound 3.219500000000e+04, gap 0.0217%
