
Gurobi 9.1.2 (win64, Java) logging started Sat Nov 13 23:19:11 2021

Academic license - for non-commercial use only - expires 2022-10-30
Gurobi Optimizer version 9.1.2 build v9.1.2rc0 (win64)
Thread count: 6 physical cores, 12 logical processors, using up to 12 threads
Optimize a model with 70 rows, 600 columns and 1200 nonzeros
Model fingerprint: 0xad6fd5cf
Variable types: 0 continuous, 600 integer (600 binary)
Coefficient statistics:
  Matrix range     [1e+00, 1e+03]
  Objective range  [4e+02, 1e+03]
  Bounds range     [1e+00, 1e+00]
  RHS range        [1e+00, 2e+03]
Found heuristic solution: objective 28823.000000
Presolve removed 0 rows and 59 columns
Presolve time: 0.02s
Presolved: 70 rows, 541 columns, 1082 nonzeros
Variable types: 0 continuous, 541 integer (541 binary)
Presolved: 70 rows, 541 columns, 1082 nonzeros


Root relaxation: objective 3.191460e+04, 188 iterations, 0.00 seconds

    Nodes    |    Current Node    |     Objective Bounds      |     Work
 Expl Unexpl |  Obj  Depth IntInf | Incumbent    BestBd   Gap | It/Node Time

     0     0 31914.6018    0   15 28823.0000 31914.6018  10.7%     -    0s
H    0     0                    30876.000000 31914.6018  3.36%     -    0s
H    0     0                    30897.000000 31914.6018  3.29%     -    0s
H    0     0                    31295.000000 31914.6018  1.98%     -    1s
     0     0 31883.3333    0   29 31295.0000 31883.3333  1.88%     -    1s
H    0     0                    31317.000000 31883.3333  1.81%     -    2s
     0     0 31883.3333    0   26 31317.0000 31883.3333  1.81%     -    2s
     0     0 31883.3333    0   34 31317.0000 31883.3333  1.81%     -    2s
     0     0 31883.3333    0   20 31317.0000 31883.3333  1.81%     -    2s
     0     2 31883.3333    0   13 31317.0000 31883.3333  1.81%     -    4s
H   35    44                    31324.000000 31883.3333  1.79%  22.7    4s
   241   473 31883.3333   36   20 31324.0000 31883.3333  1.79%   7.9    5s
H  472   518                    31333.000000 31883.3333  1.76%   6.8   11s
H  516   518                    31335.999947 31883.3333  1.75%   6.5   11s
H 2864  1678                    31715.000000 31883.3333  0.53%   5.1   13s
  2870  1674 31883.3333   29   21 31715.0000 31883.3333  0.53%   5.1   15s
H 2873  1592                    31722.000000 31883.3333  0.51%   5.1   17s
  2882  1598 31870.6667   57   21 31722.0000 31883.3333  0.51%   5.1   20s
H 2887  1521                    31731.000000 31883.3333  0.48%   5.0   22s
  2916  1552 31883.3333   15   19 31731.0000 31883.3333  0.48%   6.1   27s
  4175  2459 31806.4103   67   20 31731.0000 31883.3333  0.48%   5.8   31s
  8908  5834 31845.5128   55   20 31731.0000 31883.3333  0.48%   5.5   36s
 14092  9369 31774.3279   71   15 31731.0000 31883.3333  0.48%   5.4   44s
 16165 12400 31837.8789   83   13 31731.0000 31883.3333  0.48%   5.4   45s
 17732 12820 31883.3333   59   18 31731.0000 31883.3333  0.48%   5.4   54s
 18260 17630 31862.1429  106   18 31731.0000 31883.3333  0.48%   5.4   56s
 36837 27864 31831.0059   79   20 31731.0000 31883.3333  0.48%   5.8   60s
 36846 27870 31750.0000  105   27 31731.0000 31750.0000  0.06%   5.8   67s
 36855 27878 31750.0000   87   17 31731.0000 31750.0000  0.06%   5.8   70s
H36859 26485                    31746.000000 31750.0000  0.01%   5.8   75s
 36864 26489 31750.0000  142   23 31746.0000 31750.0000  0.01%   5.8   80s
 36952 26528 31750.0000   40   17 31746.0000 31750.0000  0.01%   5.9   91s
 43595 29780 31750.0000  156   15 31746.0000 31750.0000  0.01%   6.5   95s
 52182 30889 31747.9626  249   17 31746.0000 31750.0000  0.01%   7.0  100s
 55042 32258 31749.9908  146   33 31746.0000 31750.0000  0.01%   7.1  105s
 67662 34866 31750.0000  189   13 31746.0000 31750.0000  0.01%   8.0  110s
 77165 34361 31750.0000  219   14 31746.0000 31750.0000  0.01%   8.6  115s
 83212 34409     cutoff  220      31746.0000 31750.0000  0.01%   9.0  120s
 90971 34123 31750.0000  211   22 31746.0000 31750.0000  0.01%   9.7  125s
 94976 33873     cutoff  192      31746.0000 31750.0000  0.01%  10.4  135s
 95449 33825     cutoff  193      31746.0000 31750.0000  0.01%  10.5  146s
 99610 35142 31750.0000  228   23 31746.0000 31750.0000  0.01%  11.0  151s
 105232 35774 31750.0000   73   34 31746.0000 31750.0000  0.01%  11.5  156s
 110058 36296 31749.0000  198   20 31746.0000 31750.0000  0.01%  11.8  160s
 111740 35909     cutoff  260      31746.0000 31750.0000  0.01%  11.9  167s
 112356 36648     cutoff  259      31746.0000 31750.0000  0.01%  12.0  173s
 114506 38370     cutoff  245      31746.0000 31750.0000  0.01%  12.1  176s
 120162 39403 31750.0000   91   20 31746.0000 31750.0000  0.01%  12.3  180s
 124072 41505 31750.0000  212   20 31746.0000 31750.0000  0.01%  12.6  186s
 127810 43160 31750.0000  112   26 31746.0000 31750.0000  0.01%  12.8  190s
 132924 46286 31750.0000  194   28 31746.0000 31750.0000  0.01%  13.1  196s
 138431 48985     cutoff  117      31746.0000 31750.0000  0.01%  13.4  200s
 140277 49164     cutoff  218      31746.0000 31750.0000  0.01%  13.5  209s
 140578 50113     cutoff  219      31746.0000 31750.0000  0.01%  13.5  211s
 144478 51899 31750.0000  246   15 31746.0000 31750.0000  0.01%  13.7  216s
 149790 55146 31747.0000  159   14 31746.0000 31750.0000  0.01%  13.9  221s
 153412 56821     cutoff  216      31746.0000 31750.0000  0.01%  14.0  226s
 157301 58081     cutoff  208      31746.0000 31750.0000  0.01%  14.1  231s
 161363 59318 31750.0000  145   27 31746.0000 31750.0000  0.01%  14.2  235s
 163325 59492 31750.0000  204   12 31746.0000 31750.0000  0.01%  14.2  245s
 169995 60293 31750.0000  222   12 31746.0000 31750.0000  0.01%  14.2  250s
 175927 60417     cutoff  187      31746.0000 31750.0000  0.01%  14.2  255s
 184149 61420     cutoff  219      31746.0000 31750.0000  0.01%  14.1  260s
 185649 61526 31747.0000  163   22 31746.0000 31750.0000  0.01%  14.1  267s
 188006 62536 31750.0000  176   33 31746.0000 31750.0000  0.01%  14.1  271s
 193987 63718 31750.0000  168   24 31746.0000 31750.0000  0.01%  14.2  276s
 199649 65147     cutoff  212      31746.0000 31750.0000  0.01%  14.2  282s
 204150 65713 31750.0000  210   10 31746.0000 31750.0000  0.01%  14.2  285s
 210561 66120 31750.0000  223   17 31746.0000 31750.0000  0.01%  14.1  292s
 214328 66500 31750.0000  218   15 31746.0000 31750.0000  0.01%  14.1  296s
 218335 66812 31750.0000  218   12 31746.0000 31750.0000  0.01%  14.0  301s
 222728 67078 31750.0000  208   10 31746.0000 31750.0000  0.01%  14.0  305s
 228663 67228 31750.0000  210   12 31746.0000 31750.0000  0.01%  14.0  310s
 232157 67253     cutoff  208      31746.0000 31750.0000  0.01%  13.9  322s
 232484 67278 31750.0000  207   13 31746.0000 31750.0000  0.01%  13.9  325s
 238880 67518 31750.0000  240   13 31746.0000 31750.0000  0.01%  13.9  331s
 243626 67520 31750.0000  215   11 31746.0000 31750.0000  0.01%  13.9  335s
 248825 67874 31750.0000  200   12 31746.0000 31750.0000  0.01%  13.9  340s
 254471 68317     cutoff  224      31746.0000 31750.0000  0.01%  13.8  346s
 258078 69172 31750.0000  214   16 31746.0000 31750.0000  0.01%  13.8  350s
 264380 70164     cutoff  211      31746.0000 31750.0000  0.01%  13.8  355s
 268199 70522 31750.0000  206   11 31746.0000 31750.0000  0.01%  13.8  360s
 272439 70932 31750.0000  206   13 31746.0000 31750.0000  0.01%  13.8  365s
 277136 71529     cutoff  190      31746.0000 31750.0000  0.01%  13.8  372s
 280812 72391 31750.0000  211    9 31746.0000 31750.0000  0.01%  13.9  378s
 281852 72860     cutoff  216      31746.0000 31750.0000  0.01%  13.9  380s
 286988 74243 31750.0000  206   12 31746.0000 31750.0000  0.01%  13.9  387s
 289683 74752     cutoff  210      31746.0000 31750.0000  0.01%  13.9  390s
 292510 74893     cutoff  206      31746.0000 31750.0000  0.01%  13.9  398s
 293364 75403     cutoff  206      31746.0000 31750.0000  0.01%  13.8  402s
 298494 76716     cutoff  195      31746.0000 31750.0000  0.01%  13.8  406s
 302357 78167 31750.0000  170   19 31746.0000 31750.0000  0.01%  13.9  410s
 306353 79791 31750.0000  179   15 31746.0000 31750.0000  0.01%  13.9  415s
 310454 81002 31750.0000  182   11 31746.0000 31750.0000  0.01%  13.9  420s
 314284 82257     cutoff  173      31746.0000 31750.0000  0.01%  13.9  425s
 318635 83465     cutoff  168      31746.0000 31750.0000  0.01%  13.9  431s
 320596 83542 31750.0000  164   19 31746.0000 31750.0000  0.01%  13.9  438s
 320912 84026 31750.0000  165   19 31746.0000 31750.0000  0.01%  13.9  442s
 323102 84216 31750.0000  180   14 31746.0000 31750.0000  0.01%  13.9  448s
 323816 84800 31750.0000  181   12 31746.0000 31750.0000  0.01%  13.8  452s
 326463 85533 31750.0000  194   15 31746.0000 31750.0000  0.01%  13.8  456s
 331155 86696 31750.0000  184    9 31746.0000 31750.0000  0.01%  13.8  462s
 333590 87138     cutoff  220      31746.0000 31750.0000  0.01%  13.8  466s
 335945 87582 31750.0000  150   11 31746.0000 31750.0000  0.01%  13.8  470s
 339955 88360     cutoff  186      31746.0000 31750.0000  0.01%  13.8  476s
 343659 89335 31750.0000  172   13 31746.0000 31750.0000  0.01%  13.8  481s
 347606 90166 31749.9308  155   19 31746.0000 31750.0000  0.01%  13.8  487s
 349641 90604 31750.0000  186   14 31746.0000 31750.0000  0.01%  13.8  490s
 353909 91760 31750.0000  176   17 31746.0000 31750.0000  0.01%  13.8  495s
 357690 92781     cutoff  169      31746.0000 31750.0000  0.01%  13.8  500s
 360858 93270     cutoff  177      31746.0000 31750.0000  0.01%  13.8  507s
 362890 93925     cutoff  185      31746.0000 31750.0000  0.01%  13.8  510s
 367111 94496 31750.0000  203   18 31746.0000 31750.0000  0.01%  13.8  524s
 367139 94973 31750.0000  204   22 31746.0000 31750.0000  0.01%  13.8  526s
 371531 95966     cutoff  185      31746.0000 31750.0000  0.01%  13.8  533s
 373851 96259 31750.0000  170   10 31746.0000 31750.0000  0.01%  13.8  536s
 378028 96898     cutoff  159      31746.0000 31750.0000  0.01%  13.8  541s
 382015 97481     cutoff  187      31746.0000 31750.0000  0.01%  13.8  546s
 386154 98171     cutoff  183      31746.0000 31750.0000  0.01%  13.7  552s
 390059 98926 31750.0000  174   20 31746.0000 31750.0000  0.01%  13.7  557s
 392206 99305 31748.0000  175   13 31746.0000 31750.0000  0.01%  13.7  560s
 396478 100006 31750.0000  154   25 31746.0000 31750.0000  0.01%  13.7  565s
 400493 100382     cutoff  177      31746.0000 31750.0000  0.01%  13.7  571s
 404572 100838 31748.0000  162   19 31746.0000 31750.0000  0.01%  13.7  583s
 404909 101234     cutoff  163      31746.0000 31750.0000  0.01%  13.7  586s
 409290 102462 31750.0000  150   11 31746.0000 31750.0000  0.01%  13.7  592s
 411738 102989 31750.0000  191   10 31746.0000 31750.0000  0.01%  13.7  595s
 415822 103654     cutoff  199      31746.0000 31750.0000  0.01%  13.7  601s
 419515 104331     cutoff  172      31746.0000 31750.0000  0.01%  13.7  607s
 421616 104702 31750.0000  184   15 31746.0000 31750.0000  0.01%  13.6  610s
 425542 105367 31747.0000  188   11 31746.0000 31750.0000  0.01%  13.6  616s
 427576 105698 31750.0000  171   14 31746.0000 31750.0000  0.01%  13.6  620s
 432215 106250     cutoff  164      31746.0000 31750.0000  0.01%  13.6  625s
 436043 106567 31750.0000  188   16 31746.0000 31750.0000  0.01%  13.5  631s
 440069 106811 31750.0000  169   12 31746.0000 31750.0000  0.01%  13.5  637s
 441977 107053 31750.0000  178   13 31746.0000 31750.0000  0.01%  13.5  640s
 445905 107495     cutoff  190      31746.0000 31750.0000  0.01%  13.5  646s
 450252 107896     cutoff  175      31746.0000 31750.0000  0.01%  13.5  660s
 451959 108678 31750.0000  158   13 31746.0000 31750.0000  0.01%  13.5  666s
 456084 109615 31750.0000  171   17 31746.0000 31750.0000  0.01%  13.5  671s
 458229 110092     cutoff  170      31746.0000 31750.0000  0.01%  13.5  675s
 463696 110761     cutoff  171      31746.0000 31750.0000  0.01%  13.5  683s
 466375 111128 31750.0000  166   15 31746.0000 31750.0000  0.01%  13.4  686s
 470315 112039 31750.0000  163   12 31746.0000 31750.0000  0.01%  13.4  691s
 474203 112821     cutoff  185      31746.0000 31750.0000  0.01%  13.4  697s
 476100 113074 31748.0000  189   13 31746.0000 31750.0000  0.01%  13.4  700s
 479997 113820 31750.0000  173   13 31746.0000 31750.0000  0.01%  13.4  705s
 484254 114907     cutoff  202      31746.0000 31750.0000  0.01%  13.4  711s
 488413 115717     cutoff  171      31746.0000 31750.0000  0.01%  13.3  717s
 490540 115945     cutoff  190      31746.0000 31750.0000  0.01%  13.3  720s
 494482 116304     cutoff  175      31746.0000 31750.0000  0.01%  13.3  726s
 496428 116360 31749.0000  170   14 31746.0000 31750.0000  0.01%  13.3  737s
 496657 116709     cutoff  171      31746.0000 31750.0000  0.01%  13.3  740s
 500793 117161 31750.0000  173   10 31746.0000 31750.0000  0.01%  13.3  747s
 503354 117674     cutoff  195      31746.0000 31750.0000  0.01%  13.3  750s
 507304 118149     cutoff  163      31746.0000 31750.0000  0.01%  13.3  756s
 511019 118681 31748.0000  151   13 31746.0000 31750.0000  0.01%  13.3  762s
 512987 119101 31750.0000  185   14 31746.0000 31750.0000  0.01%  13.3  765s
 516913 119779 31750.0000  152   16 31746.0000 31750.0000  0.01%  13.3  770s
 521307 120548 31750.0000  182   18 31746.0000 31750.0000  0.01%  13.3  776s
 525083 121116 31750.0000  194   11 31746.0000 31750.0000  0.01%  13.3  782s
 529015 121863 infeasible  175      31746.0000 31750.0000  0.01%  13.3  787s
 530726 121949 31750.0000  143   16 31746.0000 31750.0000  0.01%  13.3  797s
 530954 122472 31750.0000  144   17 31746.0000 31750.0000  0.01%  13.3  800s
 535498 123305     cutoff  176      31746.0000 31750.0000  0.01%  13.3  805s
 539548 124731 31750.0000  190   18 31746.0000 31750.0000  0.01%  13.3  810s
 543434 125897 31750.0000  162   14 31746.0000 31750.0000  0.01%  13.3  815s
 547357 127012 31750.0000  174   20 31746.0000 31750.0000  0.01%  13.3  820s
 553540 128311 31749.0000  176   11 31746.0000 31750.0000  0.01%  13.3  827s
 555338 128807 31750.0000  187   13 31746.0000 31750.0000  0.01%  13.3  830s
 561726 129899     cutoff  171      31746.0000 31750.0000  0.01%  13.3  836s
 565435 130675     cutoff  194      31746.0000 31750.0000  0.01%  13.3  841s
 569481 131447     cutoff  191      31746.0000 31750.0000  0.01%  13.3  846s
 573165 132388     cutoff  179      31746.0000 31750.0000  0.01%  13.3  852s
 577392 133262 31749.4731  180   17 31746.0000 31750.0000  0.01%  13.3  856s
 581479 133818 31750.0000  175   15 31746.0000 31750.0000  0.01%  13.3  862s
 583232 134101 31750.0000  176   17 31746.0000 31750.0000  0.01%  13.3  866s
 587364 134822 31748.0000  184   12 31746.0000 31750.0000  0.01%  13.2  871s
 591256 136058 31750.0000  151   16 31746.0000 31750.0000  0.01%  13.2  876s
 595779 137176 31749.0000  190   11 31746.0000 31750.0000  0.01%  13.2  881s
 599945 137960     cutoff  170      31746.0000 31750.0000  0.01%  13.2  887s
 603775 138391     cutoff  161      31746.0000 31750.0000  0.01%  13.2  895s
 607258 139402 31750.0000  171   12 31746.0000 31750.0000  0.01%  13.2  901s
 611572 140511 31750.0000  152   16 31746.0000 31750.0000  0.01%  13.2  907s
 613482 140976     cutoff  160      31746.0000 31750.0000  0.01%  13.2  910s
 617679 141762 31749.0000  178   10 31746.0000 31750.0000  0.01%  13.2  916s
 619599 142073     cutoff  170      31746.0000 31750.0000  0.01%  13.2  920s
 621734 142135     cutoff  170      31746.0000 31750.0000  0.01%  13.2  928s
 621995 142181 31750.0000  164   16 31746.0000 31750.0000  0.01%  13.2  944s
 622287 142706 31750.0000  165   11 31746.0000 31750.0000  0.01%  13.2  947s
 624882 142960     cutoff  175      31746.0000 31750.0000  0.01%  13.2  951s
 627092 143327     cutoff  159      31746.0000 31750.0000  0.01%  13.2  955s
 631474 143703     cutoff  214      31746.0000 31750.0000  0.01%  13.2  961s
 635436 144271     cutoff  164      31746.0000 31750.0000  0.01%  13.2  967s
 637566 144656 31750.0000  162   17 31746.0000 31750.0000  0.01%  13.2  970s
 641577 145305 31750.0000  184   14 31746.0000 31750.0000  0.01%  13.2  976s
 645493 145882 31749.0000  177   22 31746.0000 31750.0000  0.01%  13.2  982s
 647679 145937     cutoff  170      31746.0000 31750.0000  0.01%  13.1  985s
 651883 146347     cutoff  181      31746.0000 31750.0000  0.01%  13.1  993s
 653965 146358 31749.0000  189   16 31746.0000 31750.0000  0.01%  13.1  998s
 656158 146456     cutoff  169      31746.0000 31750.0000  0.01%  13.1 1001s
 658393 146543     cutoff  177      31746.0000 31750.0000  0.01%  13.1 1005s
 662819 146764     cutoff  163      31746.0000 31750.0000  0.01%  13.1 1012s
 665065 146850 31749.0000  182   12 31746.0000 31750.0000  0.01%  13.1 1017s
 667546 146906 31750.0000  159   14 31746.0000 31750.0000  0.01%  13.1 1022s
 669314 146904     cutoff  174      31746.0000 31750.0000  0.01%  13.1 1033s
 669340 146943     cutoff  165      31746.0000 31750.0000  0.01%  13.1 1037s
 671416 147007 31747.0000  183   13 31746.0000 31750.0000  0.01%  13.1 1041s
 674100 146905 infeasible  157      31746.0000 31750.0000  0.01%  13.1 1045s
 678956 147231 31748.0000  185    9 31746.0000 31750.0000  0.01%  13.1 1054s
 681410 147211     cutoff  185      31746.0000 31750.0000  0.01%  13.1 1059s
 683575 147281 31750.0000  180   14 31746.0000 31750.0000  0.01%  13.1 1062s
 685948 147227     cutoff  183      31746.0000 31750.0000  0.01%  13.1 1067s
 688436 147035     cutoff  185      31746.0000 31750.0000  0.01%  13.0 1071s
 690586 147162     cutoff  172      31746.0000 31750.0000  0.01%  13.0 1075s
 695088 147395 31747.0000  172    9 31746.0000 31750.0000  0.01%  13.0 1083s
 697463 147553 31750.0000  181   13 31746.0000 31750.0000  0.01%  13.0 1087s
 699514 147897     cutoff  177      31746.0000 31750.0000  0.01%  13.0 1091s
 704234 148946     cutoff  172      31746.0000 31750.0000  0.01%  13.0 1097s
 706660 149126 31750.0000  158   17 31746.0000 31750.0000  0.01%  13.0 1101s
 708903 149344     cutoff  158      31746.0000 31750.0000  0.01%  13.0 1105s
 713562 149678     cutoff  155      31746.0000 31750.0000  0.01%  13.0 1112s
 715780 149992 31750.0000  163   14 31746.0000 31750.0000  0.01%  13.0 1116s
 720303 150794 31748.0000  176    9 31746.0000 31750.0000  0.01%  13.0 1122s
 722500 151526 31749.0000  166   10 31746.0000 31750.0000  0.01%  13.0 1125s
 726990 152761     cutoff  154      31746.0000 31750.0000  0.01%  13.0 1131s
 729134 153239 31748.0000  170   11 31746.0000 31750.0000  0.01%  13.0 1135s
 733536 154357     cutoff  164      31746.0000 31750.0000  0.01%  13.1 1141s
 737747 155105     cutoff  236      31746.0000 31750.0000  0.01%  13.1 1147s
 739954 155298 31750.0000   67   25 31746.0000 31750.0000  0.01%  13.1 1151s
 743715 156046 31750.0000  227   19 31746.0000 31750.0000  0.01%  13.1 1156s
 745755 156936 31750.0000  200   18 31746.0000 31750.0000  0.01%  13.1 1160s
 751777 158241 31749.0000  191   11 31746.0000 31750.0000  0.01%  13.1 1166s
 753860 158850 31750.0000  198   22 31746.0000 31750.0000  0.01%  13.2 1171s
 757416 160068     cutoff  177      31746.0000 31750.0000  0.01%  13.2 1176s
 759599 160121     cutoff  154      31746.0000 31750.0000  0.01%  13.2 1184s
 759926 162781     cutoff  154      31746.0000 31750.0000  0.01%  13.2 1196s
 771938 163053 31750.0000  219   11 31746.0000 31750.0000  0.01%  13.3 1201s
 774478 163242 31750.0000  161   14 31746.0000 31750.0000  0.01%  13.3 1210s
 777750 164195 31748.0000  172    9 31746.0000 31750.0000  0.01%  13.3 1216s
 781577 165447     cutoff  157      31746.0000 31750.0000  0.01%  13.3 1222s
 784086 165731 31749.0000   54   17 31746.0000 31750.0000  0.01%  13.3 1225s
 788224 166985 31750.0000  156   23 31746.0000 31750.0000  0.01%  13.3 1230s
 792302 167764 31749.0000  135   24 31746.0000 31750.0000  0.01%  13.3 1235s
 796316 168445     cutoff  245      31746.0000 31750.0000  0.01%  13.3 1241s
 800620 168947 31750.0000  208   14 31746.0000 31750.0000  0.01%  13.3 1252s
 801087 169255     cutoff  208      31746.0000 31750.0000  0.01%  13.3 1255s
 806728 169399     cutoff  212      31746.0000 31750.0000  0.01%  13.4 1261s
 810539 170113 31750.0000  107   28 31746.0000 31750.0000  0.01%  13.4 1266s
 814481 171282     cutoff  230      31746.0000 31750.0000  0.01%  13.4 1272s
 816274 171865     cutoff  210      31746.0000 31750.0000  0.01%  13.4 1275s
 820574 173007     cutoff  176      31746.0000 31750.0000  0.01%  13.4 1281s
 825089 174197 31750.0000  181   14 31746.0000 31750.0000  0.01%  13.4 1286s
 829791 175519 31750.0000  148   23 31746.0000 31750.0000  0.01%  13.4 1291s
 834106 177284 31750.0000  145   14 31746.0000 31750.0000  0.01%  13.4 1296s
 838344 177941 31750.0000  219   21 31746.0000 31750.0000  0.01%  13.5 1302s
 840532 178351 31750.0000  141   15 31746.0000 31750.0000  0.01%  13.5 1305s
 844908 178944     cutoff  159      31746.0000 31750.0000  0.01%  13.5 1311s
 848265 179864 31748.0000  236   15 31746.0000 31750.0000  0.01%  13.5 1315s
 852195 181009 31750.0000  143   20 31746.0000 31750.0000  0.01%  13.5 1320s
 854539 181124 31750.0000  149   17 31746.0000 31750.0000  0.01%  13.5 1328s
 855074 181761 31750.0000  150   16 31746.0000 31750.0000  0.01%  13.5 1332s
 858013 181782 31750.0000  146   22 31746.0000 31750.0000  0.01%  13.5 1346s
 858336 182360 31750.0000  158   20 31746.0000 31750.0000  0.01%  13.5 1350s
 863666 183102 31750.0000  224   13 31746.0000 31750.0000  0.01%  13.5 1357s
 866141 183272 31750.0000  148   17 31746.0000 31750.0000  0.01%  13.5 1360s
 871063 184102 31750.0000  238   18 31746.0000 31750.0000  0.01%  13.5 1366s
 875282 184448 infeasible  183      31746.0000 31750.0000  0.01%  13.5 1372s
 878548 185069 31750.0000  157   10 31746.0000 31750.0000  0.01%  13.5 1377s
 880821 185283 31750.0000  212   20 31746.0000 31750.0000  0.01%  13.5 1383s
 881618 185656 31750.0000  177   14 31746.0000 31750.0000  0.01%  13.5 1386s
 885725 186478     cutoff  168      31746.0000 31750.0000  0.01%  13.6 1392s
 887845 187055 31749.0000  195   20 31746.0000 31750.0000  0.01%  13.6 1395s
 894140 188174     cutoff  173      31746.0000 31750.0000  0.01%  13.6 1407s
 895285 188382     cutoff  195      31746.0000 31750.0000  0.01%  13.6 1415s
 897006 188654 31750.0000  212    9 31746.0000 31750.0000  0.01%  13.6 1421s
 901342 188847 31750.0000  186   16 31746.0000 31750.0000  0.01%  13.6 1426s
 906876 189519     cutoff  210      31746.0000 31750.0000  0.01%  13.6 1432s
 908916 189757 31750.0000  148   22 31746.0000 31750.0000  0.01%  13.6 1435s
 912887 190504     cutoff  213      31746.0000 31750.0000  0.01%  13.6 1440s
 919309 193077 31750.0000  146   16 31746.0000 31750.0000  0.01%  13.6 1446s
 923307 193911 31750.0000  178   10 31746.0000 31750.0000  0.01%  13.6 1458s
 923488 194597 31750.0000  179   12 31746.0000 31750.0000  0.01%  13.6 1460s
 928159 195734     cutoff  179      31746.0000 31750.0000  0.01%  13.6 1465s
 932499 196435     cutoff  183      31746.0000 31750.0000  0.01%  13.6 1471s
 936856 197431 31750.0000   40   30 31746.0000 31750.0000  0.01%  13.6 1475s
 942085 198639 31750.0000  177   13 31746.0000 31750.0000  0.01%  13.6 1480s
 947899 199836     cutoff  188      31746.0000 31750.0000  0.01%  13.6 1485s
 953391 200984     cutoff  182      31746.0000 31750.0000  0.01%  13.7 1490s
 959358 202036     cutoff  158      31746.0000 31750.0000  0.01%  13.7 1496s
 963427 202611 31750.0000  184   17 31746.0000 31750.0000  0.01%  13.7 1500s
 969556 203310     cutoff  183      31746.0000 31750.0000  0.01%  13.7 1505s
 975453 204248 31749.0311  181   21 31746.0000 31750.0000  0.01%  13.7 1511s
 977151 204261 31750.0000  172   11 31746.0000 31750.0000  0.01%  13.7 1522s
 979208 204846 31750.0000  182   19 31746.0000 31750.0000  0.01%  13.7 1525s
 981018 204893     cutoff  167      31746.0000 31750.0000  0.01%  13.7 1531s
 983937 205619 31750.0000  180   18 31746.0000 31750.0000  0.01%  13.7 1536s
 987709 206326 31750.0000  153   14 31746.0000 31750.0000  0.01%  13.7 1540s
 993471 207191 31750.0000  155   15 31746.0000 31750.0000  0.01%  13.7 1546s
 997412 208198 31750.0000  170   19 31746.0000 31750.0000  0.01%  13.7 1550s
 1001830 209007 31749.1333  167   15 31746.0000 31750.0000  0.01%  13.7 1555s
 1006258 209896     cutoff  163      31746.0000 31750.0000  0.01%  13.7 1560s
 1009895 210528 31750.0000  168   17 31746.0000 31750.0000  0.01%  13.7 1565s
 1013715 211129 31750.0000  167   16 31746.0000 31750.0000  0.01%  13.7 1570s
 1017940 211594     cutoff  184      31746.0000 31750.0000  0.01%  13.7 1576s
 1022071 212202     cutoff  140      31746.0000 31750.0000  0.01%  13.7 1581s
 1025444 213087 31749.0000  189   15 31746.0000 31750.0000  0.01%  13.7 1585s
 1029367 213571     cutoff  166      31746.0000 31750.0000  0.01%  13.7 1591s
 1031021 213603     cutoff  162      31746.0000 31750.0000  0.01%  13.7 1602s
 1031166 213705 31750.0000  162   18 31746.0000 31750.0000  0.01%  13.7 1609s
 1031733 213986 31750.0000  160   11 31746.0000 31750.0000  0.01%  13.7 1612s
 1033686 214230 31747.0000  178   10 31746.0000 31750.0000  0.01%  13.7 1615s
 1038319 214667 31750.0000  147   14 31746.0000 31750.0000  0.01%  13.7 1621s
 1042368 215264     cutoff  172      31746.0000 31750.0000  0.01%  13.7 1626s
 1045871 215705 31750.0000  165   15 31746.0000 31750.0000  0.01%  13.7 1631s
 1049720 216552 31750.0000  167   27 31746.0000 31750.0000  0.01%  13.7 1635s
 1055179 217934 infeasible  144      31746.0000 31750.0000  0.01%  13.7 1642s
 1059025 218926     cutoff  212      31746.0000 31750.0000  0.01%  13.8 1647s
 1062613 220056 31749.0000  190   18 31746.0000 31750.0000  0.01%  13.8 1651s
 1066704 221303 31750.0000  228   21 31746.0000 31750.0000  0.01%  13.8 1658s
 1068837 221601 31748.0000  187   13 31746.0000 31750.0000  0.01%  13.8 1661s
 1073016 222532     cutoff  235      31746.0000 31750.0000  0.01%  13.8 1665s
 1077180 223232     cutoff  177      31746.0000 31750.0000  0.01%  13.8 1671s
 1081359 224070 31750.0000  170   40 31746.0000 31750.0000  0.01%  13.8 1676s
 1084945 224727 31750.0000  195   13 31746.0000 31750.0000  0.01%  13.8 1681s
 1086706 225073 31749.0000  191   30 31746.0000 31750.0000  0.01%  13.8 1685s
 1088696 225116 31747.0000  136   15 31746.0000 31750.0000  0.01%  13.8 1694s
 1088937 225195     cutoff  137      31746.0000 31750.0000  0.01%  13.8 1707s
 1089442 225668 31747.0000   76   21 31746.0000 31750.0000  0.01%  13.8 1710s
 1094460 226438 31750.0000  230   24 31746.0000 31750.0000  0.01%  13.8 1716s
 1098228 227282 31750.0000   82   34 31746.0000 31750.0000  0.01%  13.8 1721s
 1101889 228255 31749.0000  218   15 31746.0000 31750.0000  0.01%  13.8 1726s
 1106337 229011     cutoff  179      31746.0000 31750.0000  0.01%  13.8 1731s
 1110580 229813 31750.0000   75   32 31746.0000 31750.0000  0.01%  13.8 1736s
 1115206 230254     cutoff  222      31746.0000 31750.0000  0.01%  13.8 1741s
 1118772 230845 31749.0000  193   13 31746.0000 31750.0000  0.01%  13.8 1746s
 1124528 231819 31748.0000  173   10 31746.0000 31750.0000  0.01%  13.8 1752s
 1127888 232754 31750.0000  108   36 31746.0000 31750.0000  0.01%  13.8 1755s
 1131825 233543 infeasible  218      31746.0000 31750.0000  0.01%  13.8 1760s
 1136286 234125 31750.0000  173   11 31746.0000 31750.0000  0.01%  13.8 1765s
 1140603 234406 31750.0000  202   12 31746.0000 31750.0000  0.01%  13.8 1771s
 1144508 234836     cutoff  191      31746.0000 31750.0000  0.01%  13.8 1777s
 1146538 234949 31750.0000  202   14 31746.0000 31750.0000  0.01%  13.8 1781s
 1150681 235030 31750.0000  204   11 31746.0000 31750.0000  0.01%  13.8 1788s
 1152202 235230     cutoff  186      31746.0000 31750.0000  0.01%  13.8 1792s
 1154614 235429     cutoff  217      31746.0000 31750.0000  0.01%  13.8 1795s
 1156634 235453     cutoff  186      31746.0000 31750.0000  0.01%  13.8 1806s
 1158910 235783     cutoff  191      31746.0000 31750.0000  0.01%  13.8 1811s
 1164213 235940 31750.0000  185   10 31746.0000 31750.0000  0.01%  13.7 1818s
 1166568 235924     cutoff  197      31746.0000 31750.0000  0.01%  13.7 1821s
 1171083 236073 31750.0000  190   12 31746.0000 31750.0000  0.01%  13.7 1827s
 1173182 236165 31750.0000  189   12 31746.0000 31750.0000  0.01%  13.7 1832s
 1175489 236164 31750.0000  205   12 31746.0000 31750.0000  0.01%  13.7 1835s
 1179674 236457     cutoff  193      31746.0000 31750.0000  0.01%  13.7 1840s
 1183647 236862     cutoff  183      31746.0000 31750.0000  0.01%  13.7 1845s
 1187856 237159 31750.0000  194   14 31746.0000 31750.0000  0.01%  13.7 1850s
 1191765 237224     cutoff  212      31746.0000 31750.0000  0.01%  13.7 1856s
 1195895 237428 31750.0000  204   15 31746.0000 31750.0000  0.01%  13.7 1861s
 1199863 237699 31750.0000  178   17 31746.0000 31750.0000  0.01%  13.7 1866s
 1204269 238245 31750.0000  197   10 31746.0000 31750.0000  0.01%  13.7 1872s
 1206302 238606 31750.0000  182   16 31746.0000 31750.0000  0.01%  13.7 1875s
 1210204 239276 31748.0000  199   12 31746.0000 31750.0000  0.01%  13.7 1880s
 1214630 239464     cutoff  193      31746.0000 31750.0000  0.01%  13.7 1893s
 1214779 239611     cutoff  208      31746.0000 31750.0000  0.01%  13.7 1896s
 1219341 240266     cutoff  183      31746.0000 31750.0000  0.01%  13.7 1900s
 1223222 240702     cutoff  191      31746.0000 31750.0000  0.01%  13.7 1906s
 1227310 241090     cutoff  226      31746.0000 31750.0000  0.01%  13.7 1914s
 1228590 241642     cutoff  208      31746.0000 31750.0000  0.01%  13.7 1917s
 1232878 242295 31750.0000  194   16 31746.0000 31750.0000  0.01%  13.7 1922s
 1236854 242526 31750.0000  203   11 31746.0000 31750.0000  0.01%  13.7 1936s
 1238936 243032 31750.0000  188   13 31746.0000 31750.0000  0.01%  13.7 1940s
 1242894 243388 31750.0000  187   12 31746.0000 31750.0000  0.01%  13.7 1945s
 1246772 243813 31747.0000  194    9 31746.0000 31750.0000  0.01%  13.7 1951s
 1250993 244097     cutoff  191      31746.0000 31750.0000  0.01%  13.7 1956s
 1254917 244473 31750.0000  183   11 31746.0000 31750.0000  0.01%  13.7 1962s
 1257113 244668 31747.0000  215   10 31746.0000 31750.0000  0.01%  13.7 1965s
 1261159 244845     cutoff  207      31746.0000 31750.0000  0.01%  13.7 1972s
 1264972 245290     cutoff  203      31746.0000 31750.0000  0.01%  13.7 1977s
 1267463 245420 31748.0000  200   16 31746.0000 31750.0000  0.01%  13.7 1980s
 1273378 245872     cutoff  203      31746.0000 31750.0000  0.01%  13.7 1987s
 1275432 245938     cutoff  208      31746.0000 31750.0000  0.01%  13.7 1991s
 1279161 246211 31750.0000  212   12 31746.0000 31750.0000  0.01%  13.7 1996s
 1282707 246663 31748.0000  206   11 31746.0000 31750.0000  0.01%  13.7 2002s
 1284843 246945 31748.0000  208   10 31746.0000 31750.0000  0.01%  13.7 2005s
 1288949 247073 31750.0000  195   10 31746.0000 31750.0000  0.01%  13.7 2013s
 1291111 247184     cutoff  207      31746.0000 31750.0000  0.01%  13.7 2017s
 1293042 247230 31747.0000  216   13 31746.0000 31750.0000  0.01%  13.7 2021s
 1297125 247690     cutoff  206      31746.0000 31750.0000  0.01%  13.7 2028s
 1299565 247654 31750.0000  205   12 31746.0000 31750.0000  0.01%  13.7 2032s
 1301579 247502 31750.0000  197   16 31746.0000 31750.0000  0.01%  13.7 2037s
 1304376 247542     cutoff  205      31746.0000 31750.0000  0.01%  13.6 2040s
 1306120 247541     cutoff  188      31746.0000 31750.0000  0.01%  13.6 2050s
 1308428 247646 31750.0000  188   19 31746.0000 31750.0000  0.01%  13.6 2056s
 1312695 247809     cutoff  194      31746.0000 31750.0000  0.01%  13.6 2062s
 1314801 247865     cutoff  186      31746.0000 31750.0000  0.01%  13.6 2066s
 1316970 248041     cutoff  194      31746.0000 31750.0000  0.01%  13.6 2070s
 1320919 248298     cutoff  197      31746.0000 31750.0000  0.01%  13.6 2076s
 1325210 248479 31750.0000  177   10 31746.0000 31750.0000  0.01%  13.6 2081s
 1327360 248487     cutoff  184      31746.0000 31750.0000  0.01%  13.6 2094s
 1327539 248714     cutoff  185      31746.0000 31750.0000  0.01%  13.6 2098s
 1329713 248969     cutoff  211      31746.0000 31750.0000  0.01%  13.6 2101s
 1334101 249187     cutoff  185      31746.0000 31750.0000  0.01%  13.6 2106s
 1338485 249649 31750.0000  185   17 31746.0000 31750.0000  0.01%  13.6 2111s
 1342550 250195     cutoff  171      31746.0000 31750.0000  0.01%  13.6 2116s
 1347247 250623     cutoff  202      31746.0000 31750.0000  0.01%  13.6 2120s
 1353563 251225     cutoff  224      31746.0000 31750.0000  0.01%  13.6 2125s
 1355357 251363 31750.0000  200   18 31746.0000 31750.0000  0.01%  13.6 2130s
 1359422 252166     cutoff  153      31746.0000 31750.0000  0.01%  13.6 2137s
 1363132 252684 31750.0000  175   20 31746.0000 31750.0000  0.01%  13.6 2142s
 1367154 253155     cutoff  194      31746.0000 31750.0000  0.01%  13.6 2147s
 1369303 253150 31750.0000  172    9 31746.0000 31750.0000  0.01%  13.6 2157s
 1371555 253754     cutoff  166      31746.0000 31750.0000  0.01%  13.6 2162s
 1373898 254021 31749.0000  207   12 31746.0000 31750.0000  0.01%  13.6 2165s
 1378091 254650     cutoff  153      31746.0000 31750.0000  0.01%  13.6 2170s
 1383903 255589 31750.0000  171   14 31746.0000 31750.0000  0.01%  13.6 2176s
 1388043 256453 31748.0000  192   10 31746.0000 31750.0000  0.01%  13.6 2181s
 1390366 256647     cutoff  215      31746.0000 31750.0000  0.01%  13.6 2185s
 1394327 257012 31750.0000  177   15 31746.0000 31750.0000  0.01%  13.6 2190s
 1398364 257225 31750.0000  203   13 31746.0000 31750.0000  0.01%  13.6 2196s
 1402278 257679 31750.0000  173   16 31746.0000 31750.0000  0.01%  13.6 2203s
 1404600 257965     cutoff  191      31746.0000 31750.0000  0.01%  13.6 2206s
 1408728 258323     cutoff  163      31746.0000 31750.0000  0.01%  13.6 2213s
 1410886 258394 31749.5601  180   19 31746.0000 31750.0000  0.01%  13.6 2216s
 1415410 258586 31750.0000  183   11 31746.0000 31750.0000  0.01%  13.6 2221s
 1417816 258549 31750.0000  172   10 31746.0000 31750.0000  0.01%  13.6 2228s
 1418680 258785     cutoff  172      31746.0000 31750.0000  0.01%  13.6 2232s
 1421113 259071     cutoff  178      31746.0000 31750.0000  0.01%  13.6 2235s
 1425932 259385     cutoff  183      31746.0000 31750.0000  0.01%  13.6 2240s
 1432488 259838     cutoff  190      31746.0000 31750.0000  0.01%  13.6 2246s
 1436086 260313 31749.0000  163   13 31746.0000 31750.0000  0.01%  13.6 2253s
 1437431 260689 31750.0000  170   12 31746.0000 31750.0000  0.01%  13.6 2256s
 1442299 261174 31750.0000  184   14 31746.0000 31750.0000  0.01%  13.6 2261s
 1446907 261572     cutoff  153      31746.0000 31750.0000  0.01%  13.6 2274s
 1448340 261612 31750.0000  173   11 31746.0000 31750.0000  0.01%  13.6 2290s
 1451395 262293 31750.0000  207   20 31746.0000 31750.0000  0.01%  13.6 2296s
 1455914 263057 31750.0000  172   16 31746.0000 31750.0000  0.01%  13.6 2300s
 1461698 263978     cutoff  168      31746.0000 31750.0000  0.01%  13.6 2306s
 1465523 264596 31750.0000  180   17 31746.0000 31750.0000  0.01%  13.6 2312s
 1469523 264945 31749.6949  177   19 31746.0000 31750.0000  0.01%  13.7 2317s
 1473415 265434     cutoff  180      31746.0000 31750.0000  0.01%  13.7 2322s
 1475371 265613     cutoff  181      31746.0000 31750.0000  0.01%  13.7 2325s
 1481192 266449 31750.0000  148   13 31746.0000 31750.0000  0.01%  13.7 2332s
 1483310 266465 31750.0000  154   12 31746.0000 31750.0000  0.01%  13.7 2342s
 1483616 267010 31750.0000  155   11 31746.0000 31750.0000  0.01%  13.7 2345s
 1490601 269151     cutoff  163      31746.0000 31750.0000  0.01%  13.7 2351s
 1495355 269957     cutoff  174      31746.0000 31750.0000  0.01%  13.7 2357s
 1499447 270420 31750.0000  152   11 31746.0000 31750.0000  0.01%  13.7 2362s
 1503080 271056     cutoff  228      31746.0000 31750.0000  0.01%  13.7 2366s
 1506428 271575 31748.0000  173    9 31746.0000 31750.0000  0.01%  13.7 2370s
 1512042 272924     cutoff  150      31746.0000 31750.0000  0.01%  13.7 2375s
 1516042 273576 31750.0000  229   21 31746.0000 31750.0000  0.01%  13.7 2380s
 1522230 274686     cutoff  147      31746.0000 31750.0000  0.01%  13.7 2386s
 1526558 275103 31747.8653  159   18 31746.0000 31750.0000  0.01%  13.7 2391s
 1531230 275436     cutoff  175      31746.0000 31750.0000  0.01%  13.7 2396s
 1535737 275519 31750.0000  175    9 31746.0000 31750.0000  0.01%  13.7 2409s
 1535780 275546 31750.0000  176    9 31746.0000 31750.0000  0.01%  13.7 2411s
 1539369 275524 31749.4785  174   14 31746.0000 31750.0000  0.01%  13.7 2416s
 1543073 275565     cutoff  199      31746.0000 31750.0000  0.01%  13.7 2421s
 1546480 276085     cutoff  166      31746.0000 31750.0000  0.01%  13.7 2425s
 1551743 276882     cutoff  198      31746.0000 31750.0000  0.01%  13.7 2431s
 1557711 277477 31750.0000  186   14 31746.0000 31750.0000  0.01%  13.7 2435s
 1563419 277647     cutoff  166      31746.0000 31750.0000  0.01%  13.7 2440s
 1568411 278416 31748.0000  188   15 31746.0000 31750.0000  0.01%  13.7 2445s
 1572235 279192 31748.0000  152   11 31746.0000 31750.0000  0.01%  13.7 2450s
 1575864 280385 31749.9799  199   34 31746.0000 31750.0000  0.01%  13.7 2455s
 1582745 282195 31750.0000  173   19 31746.0000 31750.0000  0.01%  13.7 2460s
 1588869 283426 31750.0000  183   14 31746.0000 31750.0000  0.01%  13.7 2465s
 1594973 284269 31748.0000  175    6 31746.0000 31750.0000  0.01%  13.7 2472s
 1596866 284409 31750.0000  164   13 31746.0000 31750.0000  0.01%  13.7 2479s
 1597688 284880 31750.0000  165   13 31746.0000 31750.0000  0.01%  13.7 2482s
 1600009 285323     cutoff  162      31746.0000 31750.0000  0.01%  13.7 2486s
 1604996 286052 31750.0000  174   11 31746.0000 31750.0000  0.01%  13.7 2492s
 1607449 286212 31750.0000  164   13 31746.0000 31750.0000  0.01%  13.7 2496s
 1611298 286599     cutoff  173      31746.0000 31750.0000  0.01%  13.7 2501s
 1615311 287264     cutoff  176      31746.0000 31750.0000  0.01%  13.7 2506s
 1617760 287335     cutoff  175      31746.0000 31750.0000  0.01%  13.7 2515s
 1620684 287976     cutoff  191      31746.0000 31750.0000  0.01%  13.6 2522s
 1623133 288431 31750.0000  184   10 31746.0000 31750.0000  0.01%  13.6 2525s
 1628030 288958 31750.0000  186   15 31746.0000 31750.0000  0.01%  13.6 2530s
 1631912 289260     cutoff  194      31746.0000 31750.0000  0.01%  13.6 2539s
 1632607 289274     cutoff  201      31746.0000 31750.0000  0.01%  13.6 2542s
 1634925 289218     cutoff  199      31746.0000 31750.0000  0.01%  13.6 2546s
 1638934 289518     cutoff  190      31746.0000 31750.0000  0.01%  13.6 2551s
 1640920 289510 31750.0000  194    7 31746.0000 31750.0000  0.01%  13.6 2556s
 1645289 289906 31750.0000  164   16 31746.0000 31750.0000  0.01%  13.6 2561s
 1649486 290087 31749.0000  163   11 31746.0000 31750.0000  0.01%  13.6 2566s
 1653177 290212     cutoff  200      31746.0000 31750.0000  0.01%  13.6 2571s
 1657249 290362 31750.0000  184   16 31746.0000 31750.0000  0.01%  13.6 2576s
 1661157 290887 31750.0000   63   29 31746.0000 31750.0000  0.01%  13.6 2582s
 1662832 290969     cutoff  154      31746.0000 31750.0000  0.01%  13.6 2592s
 1663098 291300 31750.0000  172   10 31746.0000 31750.0000  0.01%  13.6 2596s
 1668023 291968     cutoff  194      31746.0000 31750.0000  0.01%  13.6 2602s
 1670116 292147 31750.0000  201   43 31746.0000 31750.0000  0.01%  13.6 2605s
 1673429 292920 31747.0000  147   19 31746.0000 31750.0000  0.01%  13.6 2611s
 1677210 293612 31750.0000  149   15 31746.0000 31750.0000  0.01%  13.6 2615s
 1680553 294493 31749.6584  188   30 31746.0000 31750.0000  0.01%  13.6 2621s
 1682677 294711     cutoff  181      31746.0000 31750.0000  0.01%  13.6 2625s
 1686748 295865 31750.0000  132   29 31746.0000 31750.0000  0.01%  13.6 2630s
 1691381 296791 31750.0000  160   17 31746.0000 31750.0000  0.01%  13.6 2637s
 1693783 297089 31750.0000  161   10 31746.0000 31750.0000  0.01%  13.6 2641s
 1697546 297917     cutoff   99      31746.0000 31750.0000  0.01%  13.6 2646s
 1699226 297989 31750.0000  148   21 31746.0000 31750.0000  0.01%  13.7 2664s
 1699446 298835 31750.0000  136   18 31746.0000 31750.0000  0.01%  13.7 2667s
 1702312 299047 31750.0000  177   24 31746.0000 31750.0000  0.01%  13.7 2674s
 1703324 299512 31750.0000  178   21 31746.0000 31750.0000  0.01%  13.7 2678s
 1706082 299988 31750.0000  127   24 31746.0000 31750.0000  0.01%  13.7 2681s
 1711089 301009 31750.0000  177   19 31746.0000 31750.0000  0.01%  13.7 2687s
 1713670 301315     cutoff  184      31746.0000 31750.0000  0.01%  13.7 2690s
 1717631 301850 31750.0000  129   24 31746.0000 31750.0000  0.01%  13.7 2696s
 1719722 302121 31750.0000  136   14 31746.0000 31750.0000  0.01%  13.7 2700s
 1723842 302783 31750.0000  120   17 31746.0000 31750.0000  0.01%  13.7 2705s
 1725668 302852 31750.0000  171   20 31746.0000 31750.0000  0.01%  13.7 2713s
 1726292 303413 31750.0000  172   19 31746.0000 31750.0000  0.01%  13.7 2717s
 1728747 303925     cutoff  166      31746.0000 31750.0000  0.01%  13.7 2720s
 1733087 304811     cutoff  210      31746.0000 31750.0000  0.01%  13.7 2725s
 1736757 305793 31750.0000  158   15 31746.0000 31750.0000  0.01%  13.7 2733s
 1739037 306389     cutoff  150      31746.0000 31750.0000  0.01%  13.7 2735s
 1746715 306904 31750.0000  241   26 31746.0000 31750.0000  0.01%  13.7 2742s
 1748932 307288 31750.0000  219   33 31746.0000 31750.0000  0.01%  13.7 2745s
 1752316 307925 31748.0000  174   15 31746.0000 31750.0000  0.01%  13.7 2750s
 1756312 308509     cutoff  183      31746.0000 31750.0000  0.01%  13.7 2755s
 1760440 309039 31750.0000  181   19 31746.0000 31750.0000  0.01%  13.7 2762s
 1762456 309428 31750.0000  170   16 31746.0000 31750.0000  0.01%  13.7 2765s
 1766421 310256 31749.0000  166   11 31746.0000 31750.0000  0.01%  13.7 2770s
 1770201 310896 31750.0000  154   17 31746.0000 31750.0000  0.01%  13.7 2775s
 1772172 311107     cutoff  158      31746.0000 31750.0000  0.01%  13.7 2780s
 1776189 311785 31749.0000  158   10 31746.0000 31750.0000  0.01%  13.7 2794s
 1777463 312136     cutoff  165      31746.0000 31750.0000  0.01%  13.7 2799s
 1780264 312695 31750.0000  151   18 31746.0000 31750.0000  0.01%  13.7 2802s
 1783213 313083 31750.0000  176   16 31746.0000 31750.0000  0.01%  13.7 2806s
 1785791 313319     cutoff  172      31746.0000 31750.0000  0.01%  13.7 2810s
 1790470 313964 31749.0000  182   10 31746.0000 31750.0000  0.01%  13.7 2817s
 1792377 314390 31750.0000  197   18 31746.0000 31750.0000  0.01%  13.7 2820s
 1796712 314785 31749.0000  185   13 31746.0000 31750.0000  0.01%  13.7 2828s
 1798929 315002 31750.0000  172   12 31746.0000 31750.0000  0.01%  13.7 2831s
 1802807 315550 31750.0000  181   15 31746.0000 31750.0000  0.01%  13.7 2837s
 1804657 315725     cutoff  251      31746.0000 31750.0000  0.01%  13.7 2840s
 1808820 316181 31750.0000  187   28 31746.0000 31750.0000  0.01%  13.7 2847s
 1810888 316613 31749.0000  161   12 31746.0000 31750.0000  0.01%  13.7 2850s
 1815043 317204     cutoff  132      31746.0000 31750.0000  0.01%  13.7 2856s
 1818866 317574 31748.0000  172    6 31746.0000 31750.0000  0.01%  13.7 2862s
 1820676 317840     cutoff  182      31746.0000 31750.0000  0.01%  13.7 2865s
 1824489 318302     cutoff  177      31746.0000 31750.0000  0.01%  13.7 2870s
 1828223 318780     cutoff  180      31746.0000 31750.0000  0.01%  13.7 2876s
 1830584 318833 31750.0000  164   13 31746.0000 31750.0000  0.01%  13.7 2885s
 1833525 319193     cutoff  165      31746.0000 31750.0000  0.01%  13.7 2896s
 1834459 319550 31750.0000  161   19 31746.0000 31750.0000  0.01%  13.7 2900s
 1839796 320103 31750.0000  158   13 31746.0000 31750.0000  0.01%  13.7 2907s
 1842124 320119 31749.0000  199   20 31746.0000 31750.0000  0.01%  13.7 2920s
 1844198 320546 31750.0000  164   18 31746.0000 31750.0000  0.01%  13.7 2925s
 1848176 321030 31750.0000  158    9 31746.0000 31750.0000  0.01%  13.7 2931s
 1852515 321617     cutoff  179      31746.0000 31750.0000  0.01%  13.7 2936s
 1857062 322185 31747.0000  203   21 31746.0000 31750.0000  0.01%  13.7 2942s
 1861093 322714 31750.0000  174   15 31746.0000 31750.0000  0.01%  13.7 2946s
 1863216 322781 31750.0000  192   18 31746.0000 31750.0000  0.01%  13.7 2952s
 1864150 323137 31750.0000  201   15 31746.0000 31750.0000  0.01%  13.7 2956s
 1869224 324006 31749.0000  186   10 31746.0000 31750.0000  0.01%  13.7 2963s
 1871581 324584     cutoff  206      31746.0000 31750.0000  0.01%  13.7 2965s
 1875647 325337     cutoff  152      31746.0000 31750.0000  0.01%  13.7 2970s
 1879777 325796     cutoff  162      31746.0000 31750.0000  0.01%  13.7 2978s
 1880719 327030 31750.0000  185   14 31746.0000 31750.0000  0.01%  13.7 2987s
 1889204 327130     cutoff  161      31746.0000 31750.0000  0.01%  13.7 2991s
 1893580 328021 31750.0000  160   18 31746.0000 31750.0000  0.01%  13.8 2995s
 1900204 329225 31750.0000  161   14 31746.0000 31750.0000  0.01%  13.8 3001s
 1904130 329444     cutoff  196      31746.0000 31750.0000  0.01%  13.7 3013s
 1904394 329724 31750.0000  194   10 31746.0000 31750.0000  0.01%  13.7 3015s
 1911038 330403 31748.0000  178   14 31746.0000 31750.0000  0.01%  13.7 3022s
 1913159 330578     cutoff  188      31746.0000 31750.0000  0.01%  13.7 3025s
 1919045 331120     cutoff  177      31746.0000 31750.0000  0.01%  13.7 3032s
 1920802 331432     cutoff  164      31746.0000 31750.0000  0.01%  13.7 3035s
 1924678 331922     cutoff  162      31746.0000 31750.0000  0.01%  13.7 3040s
 1928675 332234     cutoff  193      31746.0000 31750.0000  0.01%  13.7 3045s
 1932602 332959     cutoff  169      31746.0000 31750.0000  0.01%  13.8 3050s
 1939373 334098 31750.0000  179   11 31746.0000 31750.0000  0.01%  13.7 3055s
 1945210 334690 31749.0000  177   12 31746.0000 31750.0000  0.01%  13.7 3061s
 1948657 334963     cutoff  161      31746.0000 31750.0000  0.01%  13.7 3065s
 1953412 335320 31750.0000  158   18 31746.0000 31750.0000  0.01%  13.7 3074s
 1954646 336029 31750.0000  159   17 31746.0000 31750.0000  0.01%  13.7 3082s
 1960627 336360 31750.0000  155   16 31746.0000 31750.0000  0.01%  13.7 3085s
 1965073 337010 31750.0000  223   16 31746.0000 31750.0000  0.01%  13.7 3091s
 1969303 337661     cutoff  172      31746.0000 31750.0000  0.01%  13.7 3096s
 1971388 337704 31750.0000  145   16 31746.0000 31750.0000  0.01%  13.7 3105s
 1971930 339102 31750.0000  146   14 31746.0000 31750.0000  0.01%  13.7 3128s
 1981521 339571     cutoff  153      31746.0000 31750.0000  0.01%  13.7 3133s
 1985697 340313     cutoff  160      31746.0000 31750.0000  0.01%  13.7 3138s
 1990985 340506 31748.9050  229   31 31746.0000 31750.0000  0.01%  13.7 3141s
 1995804 340701     cutoff  173      31746.0000 31750.0000  0.01%  13.7 3145s
 2001327 341269     cutoff  160      31746.0000 31750.0000  0.01%  13.7 3150s
 2006230 342437 31749.0000  148   17 31746.0000 31750.0000  0.01%  13.7 3155s
 2011382 343397 31750.0000  141   13 31746.0000 31750.0000  0.01%  13.7 3162s
 2015221 344049 31750.0000  170   10 31746.0000 31750.0000  0.01%  13.7 3166s
 2017445 344068 31750.0000  165   11 31746.0000 31750.0000  0.01%  13.7 3175s
 2019921 344632     cutoff  161      31746.0000 31750.0000  0.01%  13.7 3181s
 2023956 345348 31748.5882  152   25 31746.0000 31750.0000  0.01%  13.7 3186s
 2027528 346196     cutoff  160      31746.0000 31750.0000  0.01%  13.7 3190s
 2033251 347187 31750.0000  131   14 31746.0000 31750.0000  0.01%  13.7 3196s
 2036828 347924 31750.0000  147   18 31746.0000 31750.0000  0.01%  13.7 3201s
 2040656 348544 31750.0000  144   16 31746.0000 31750.0000  0.01%  13.7 3206s
 2044189 349713 31750.0000  138   15 31746.0000 31750.0000  0.01%  13.8 3210s
 2049944 350871 31750.0000  172   12 31746.0000 31750.0000  0.01%  13.8 3216s
 2051866 351111     cutoff  149      31746.0000 31750.0000  0.01%  13.8 3223s
 2052741 351604 31750.0000  153   14 31746.0000 31750.0000  0.01%  13.8 3225s
 2057440 352586 31750.0000  152    8 31746.0000 31750.0000  0.01%  13.8 3231s
 2061996 353197 31750.0000  154   18 31746.0000 31750.0000  0.01%  13.8 3237s
 2065897 353848     cutoff  156      31746.0000 31750.0000  0.01%  13.8 3241s
 2069927 354428     cutoff  176      31746.0000 31750.0000  0.01%  13.8 3246s
 2075880 355536 31750.0000  128   12 31746.0000 31750.0000  0.01%  13.8 3251s
 2077913 355648     cutoff  152      31746.0000 31750.0000  0.01%  13.8 3258s
 2078806 355966 31750.0000  153   12 31746.0000 31750.0000  0.01%  13.8 3260s
 2082831 356673 31750.0000  140   15 31746.0000 31750.0000  0.01%  13.8 3265s
 2086893 357128 31750.0000  163   11 31746.0000 31750.0000  0.01%  13.8 3270s
 2092346 358795 31750.0000  147   19 31746.0000 31750.0000  0.01%  13.8 3276s
 2096474 359636 31750.0000  123   17 31746.0000 31750.0000  0.01%  13.8 3280s
 2100516 360009 31750.0000  148   13 31746.0000 31750.0000  0.01%  13.8 3298s
 2100725 362859 31750.0000  149   14 31746.0000 31750.0000  0.01%  13.8 3314s
 2112737 362940     cutoff  202      31746.0000 31750.0000  0.01%  13.8 3322s
 2116516 364480 infeasible  181      31746.0000 31750.0000  0.01%  13.8 3327s
 2119145 364917     cutoff  179      31746.0000 31750.0000  0.01%  13.8 3330s
 2125291 365816     cutoff  126      31746.0000 31750.0000  0.01%  13.8 3335s
 2130989 366602 31748.0000  169   10 31746.0000 31750.0000  0.01%  13.8 3341s
 2135017 367169 31750.0000  203   14 31746.0000 31750.0000  0.01%  13.8 3345s
 2139258 367515 31748.0000  172   11 31746.0000 31750.0000  0.01%  13.8 3350s
 2144944 368153 31750.0000  162   12 31746.0000 31750.0000  0.01%  13.8 3356s
 2148757 368663 31750.0000  178   15 31746.0000 31750.0000  0.01%  13.8 3361s
 2152511 369171     cutoff  178      31746.0000 31750.0000  0.01%  13.7 3365s
 2156142 369355     cutoff  181      31746.0000 31750.0000  0.01%  13.7 3370s
 2158303 369353 31750.0000  189   12 31746.0000 31750.0000  0.01%  13.7 3375s
 2162195 369947     cutoff  171      31746.0000 31750.0000  0.01%  13.7 3382s
 2164750 370270     cutoff  179      31746.0000 31750.0000  0.01%  13.7 3385s
 2169436 371090 31750.0000  188   16 31746.0000 31750.0000  0.01%  13.7 3391s
 2174204 371517 31750.0000  204   13 31746.0000 31750.0000  0.01%  13.7 3397s
 2176639 371704 31748.0000  187   15 31746.0000 31750.0000  0.01%  13.7 3400s
 2180354 371731     cutoff  188      31746.0000 31750.0000  0.01%  13.7 3408s
 2180844 371771 31750.0000  178   15 31746.0000 31750.0000  0.01%  13.7 3411s
 2185377 372000 31750.0000  172   17 31746.0000 31750.0000  0.01%  13.7 3418s
 2187441 372163 31750.0000  156   21 31746.0000 31750.0000  0.01%  13.7 3421s
 2191390 372569 31750.0000  179   14 31746.0000 31750.0000  0.01%  13.7 3426s
 2195385 372809 31750.0000  166   15 31746.0000 31750.0000  0.01%  13.7 3433s
 2197213 373070 31750.0000  177   14 31746.0000 31750.0000  0.01%  13.7 3435s
 2201122 373429     cutoff  183      31746.0000 31750.0000  0.01%  13.7 3441s
 2204716 373960 infeasible  236      31746.0000 31750.0000  0.01%  13.7 3445s
 2208545 374611     cutoff  189      31746.0000 31750.0000  0.01%  13.7 3450s
 2212468 375411 31750.0000  151   12 31746.0000 31750.0000  0.01%  13.7 3455s
 2218385 376345     cutoff  160      31746.0000 31750.0000  0.01%  13.7 3462s
 2220253 376681 31750.0000  145   14 31746.0000 31750.0000  0.01%  13.7 3466s
 2224246 377096 31750.0000  202   15 31746.0000 31750.0000  0.01%  13.7 3472s
 2226321 377125 31750.0000  141   13 31746.0000 31750.0000  0.01%  13.7 3480s
 2228856 377664 31750.0000  162   11 31746.0000 31750.0000  0.01%  13.7 3485s
 2233215 378287 31748.0000  158    9 31746.0000 31750.0000  0.01%  13.7 3491s
 2237172 378791     cutoff  131      31746.0000 31750.0000  0.01%  13.7 3496s
 2241064 379539 31750.0000  180   22 31746.0000 31750.0000  0.01%  13.7 3501s
 2244965 380123     cutoff  189      31746.0000 31750.0000  0.01%  13.7 3506s
 2248741 380392     cutoff  149      31746.0000 31750.0000  0.01%  13.7 3514s
 2249265 380611 31748.4290  150   19 31746.0000 31750.0000  0.01%  13.7 3517s
 2251294 380874 31747.3466  230   26 31746.0000 31750.0000  0.01%  13.7 3520s
 2255671 381070     cutoff  187      31746.0000 31750.0000  0.01%  13.7 3525s
 2260110 381121 31748.0000  182    9 31746.0000 31750.0000  0.01%  13.7 3530s
 2265478 381792 31750.0000  189   17 31746.0000 31750.0000  0.01%  13.7 3537s
 2267237 382009 31749.0000  165   15 31746.0000 31750.0000  0.01%  13.7 3540s
 2269339 382082     cutoff  223      31746.0000 31750.0000  0.01%  13.7 3546s
 2269817 382400 31750.0000  222   12 31746.0000 31750.0000  0.01%  13.7 3550s
 2275050 383066 31750.0000  158   16 31746.0000 31750.0000  0.01%  13.7 3556s
 2277135 383180 infeasible  196      31746.0000 31750.0000  0.01%  13.7 3560s
 2281680 383475 31750.0000  192   15 31746.0000 31750.0000  0.01%  13.7 3565s
 2285828 383612 31748.6262  165   21 31746.0000 31750.0000  0.01%  13.7 3570s
 2291731 384069 31750.0000  142   23 31746.0000 31750.0000  0.01%  13.7 3576s
 2295361 384465 31750.0000  170   14 31746.0000 31750.0000  0.01%  13.7 3580s
 2299044 384808     cutoff  158      31746.0000 31750.0000  0.01%  13.7 3585s
 2303162 384961 31750.0000  164   15 31746.0000 31750.0000  0.01%  13.7 3590s
 2304947 385020     cutoff  168      31746.0000 31750.0000  0.01%  13.7 3596s
 2306608 385036 31750.0000  161   15 31746.0000 31750.0000  0.01%  13.7 3600s

Cutting planes:
  Gomory: 6
  Cover: 606
  Clique: 1
  MIR: 30
  StrongCG: 23
  Flow cover: 26
  Inf proof: 1
  Zero half: 8
  RLT: 6

Explored 2306915 nodes (31624453 simplex iterations) in 3600.17 seconds
Thread count was 12 (of 12 available processors)

Solution count 10: 31746 31731 31722 ... 30897

Time limit reached
Best objective 3.174600000000e+04, best bound 3.175000000000e+04, gap 0.0126%
