
Gurobi 9.1.2 (win64, Java) logging started Sun Nov 14 05:28:06 2021

Academic license - for non-commercial use only - expires 2022-10-30
Gurobi Optimizer version 9.1.2 build v9.1.2rc0 (win64)
Thread count: 6 physical cores, 12 logical processors, using up to 12 threads
Optimize a model with 80 rows, 1200 columns and 2400 nonzeros
Model fingerprint: 0x0d811e7d
Variable types: 0 continuous, 1200 integer (1200 binary)
Coefficient statistics:
  Matrix range     [1e+00, 1e+03]
  Objective range  [4e+02, 1e+03]
  Bounds range     [1e+00, 1e+00]
  RHS range        [1e+00, 1e+03]
Found heuristic solution: objective 26529.000000
Presolve removed 1 rows and 399 columns
Presolve time: 0.03s
Presolved: 79 rows, 801 columns, 1602 nonzeros
Variable types: 0 continuous, 801 integer (801 binary)
Presolved: 79 rows, 801 columns, 1602 nonzeros


Root relaxation: objective 3.231505e+04, 391 iterations, 0.00 seconds

    Nodes    |    Current Node    |     Objective Bounds      |     Work
 Expl Unexpl |  Obj  Depth IntInf | Incumbent    BestBd   Gap | It/Node Time

     0     0 32315.0504    0   20 26529.0000 32315.0504  21.8%     -    0s
H    0     0                    30744.000000 32315.0504  5.11%     -    0s
H    0     0                    30769.000000 32315.0504  5.02%     -    0s
H    0     0                    31158.000000 32315.0504  3.71%     -    0s
     0     0 32233.3066    0   43 31158.0000 32233.3066  3.45%     -    1s
H    0     0                    31163.000000 32233.3066  3.43%     -    2s
     0     0 32227.5493    0   50 31163.0000 32227.5493  3.42%     -    2s
H    0     0                    31213.000000 32227.5493  3.25%     -    3s
     0     0 32227.5493    0   51 31213.0000 32227.5493  3.25%     -    3s
     0     0 32224.0502    0   53 31213.0000 32224.0502  3.24%     -    3s
     0     0 32224.0502    0   37 31213.0000 32224.0502  3.24%     -    4s
     0     0 32224.0502    0   56 31213.0000 32224.0502  3.24%     -    4s
     0     0 32224.0502    0   34 31213.0000 32224.0502  3.24%     -    4s
     0     2 32224.0502    0   15 31213.0000 32224.0502  3.24%     -    5s
H   31    43                    31739.000000 32224.0502  1.53%  62.9    6s
    66    91 32224.0502   13   27 31739.0000 32224.0502  1.53%  43.6   10s
H   71    91                    31760.000000 32224.0502  1.46%  41.8   10s
H   75    91                    31775.000000 32224.0502  1.41%  40.8   10s
   129   136 32212.3533   22   27 31775.0000 32224.0502  1.41%  35.0   15s
H  130   136                    31842.000000 32224.0502  1.20%  34.7   15s
H 1375  1178                    31861.000000 31925.0003  0.20%  18.2   20s
  1387  1186 31925.0003  123   30 31861.0000 31925.0003  0.20%  18.0   25s
H 1397  1134                    31867.000000 31925.0003  0.18%  24.0   29s
  1398  1135 31925.0003   31   34 31867.0000 31925.0003  0.18%  24.0   30s
  1409  1142 31925.0003  142   18 31867.0000 31925.0003  0.18%  23.8   35s
  1417  1148 31925.0003   32   42 31867.0000 31925.0003  0.18%  23.7   40s
  1446  1177 31925.0003   26   28 31867.0000 31925.0003  0.18%  30.8   45s
H 1448  1118                    31871.000329 31925.0003  0.17%  30.8   45s
H 1487  1082                    31877.000653 31925.0003  0.15%  30.9   49s
  1506  1086 31924.6838   28   44 31877.0007 31925.0003  0.15%  31.1   57s
H 5907  2964                    31885.000000 31925.0003  0.13%  20.1   68s
  8808  5923 31923.0003  150   25 31885.0000 31925.0003  0.13%  18.4   70s
 16336 11203 31920.0773   58   35 31885.0000 31925.0003  0.13%  23.8   75s
 20199 13639 31895.0003  130   45 31885.0000 31925.0003  0.13%  27.3   89s
 20527 14660 31915.0003   69   48 31885.0000 31925.0003  0.13%  27.6   90s
 24683 16572     cutoff   95      31885.0000 31925.0003  0.13%  31.8  105s
 26485 17871 31925.0003   66   61 31885.0000 31925.0003  0.13%  32.9  116s
H26641 14845                    31893.000000 31925.0003  0.10%  33.1  116s
H26651 13852                    31896.000000 31925.0003  0.09%  33.2  116s
 30024 17309 31903.0003   98   33 31896.0000 31925.0003  0.09%  36.1  120s
 35887 19763 31909.0003   54   34 31896.0000 31925.0003  0.09%  41.2  125s
H35889 18775                    31900.000000 31925.0003  0.08%  41.2  126s
 35895 18779 31924.9564   68   22 31900.0000 31925.0000  0.08%  41.2  130s
 35905 18786 31915.4884  138   24 31900.0000 31925.0000  0.08%  41.2  136s
 35980 18828 31925.0000   43   35 31900.0000 31925.0000  0.08%  41.5  143s
 36002 18829 31925.0000   43   27 31900.0000 31925.0000  0.08%  41.5  150s
H36006 17887                    31912.000000 31925.0000  0.04%  41.5  150s
 36885 18266 31925.0000   62   38 31912.0000 31925.0000  0.04%  41.1  162s
 40784 19730 31914.0003   87   42 31912.0000 31925.0000  0.04%  41.4  165s
 42208 19681 31916.5003   70   41 31912.0000 31925.0000  0.04%  42.4  173s
 42861 20011 31924.6313   74   64 31912.0000 31925.0000  0.04%  43.3  175s
 43436 19969 31922.6212   54   91 31912.0000 31925.0000  0.04%  43.9  182s
 44981 20496 31919.7421   67   70 31912.0000 31925.0000  0.04%  46.0  185s
 48014 20962 31918.9485   75   79 31912.0000 31925.0000  0.04%  48.9  200s
H48071 19076                    31914.000000 31925.0000  0.03%  48.9  200s
 49554 19765 31919.8465  140   58 31914.0000 31925.0000  0.03%  51.2  205s
 50449 19556 31917.4133  100   64 31914.0000 31925.0000  0.03%  52.0  210s
 52800 20762 31916.0003  100   63 31914.0000 31925.0000  0.03%  54.3  216s
 53935 20390 31921.0003  171   32 31914.0000 31925.0000  0.03%  55.1  220s
 53943 20396 31919.0003   73   26 31914.0000 31925.0000  0.03%  55.1  225s
 53953 20402 31920.7260   77   38 31914.0000 31925.0000  0.03%  55.1  230s
 53963 20410 31915.0003  124   30 31914.0000 31925.0000  0.03%  55.3  235s
 53975 20418 31917.8660   94   12 31914.0000 31925.0000  0.03%  55.3  240s
 54084 20480 31925.0000   71   17 31914.0000 31925.0000  0.03%  55.3  245s
 54108 20494 31925.0000   72   17 31914.0000 31925.0000  0.03%  55.3  253s
 56797 21261     cutoff   94      31914.0000 31925.0000  0.03%  53.4  258s
 59342 22072     cutoff  129      31914.0000 31925.0000  0.03%  53.6  260s
 61278 22355 31925.0000   74   33 31914.0000 31925.0000  0.03%  54.2  268s
 61344 22470     cutoff   77      31914.0000 31925.0000  0.03%  54.2  271s
 63737 23190 31925.0000   80   57 31914.0000 31925.0000  0.03%  55.2  288s
 64804 23601 31924.0000  107   55 31914.0000 31925.0000  0.03%  55.7  290s
 68651 24955 31921.0000  105   53 31914.0000 31925.0000  0.03%  58.1  295s
 71528 25541 31925.0000   92   64 31914.0000 31925.0000  0.03%  59.6  304s
H71745 23739                    31915.000000 31925.0000  0.03%  59.8  304s
 71747 23731 31916.6730  116   34 31915.0000 31925.0000  0.03%  59.8  307s
 71754 23736 31924.0000   92   25 31915.0000 31925.0000  0.03%  59.8  311s
 71756 23737 31925.0000  103   56 31915.0000 31925.0000  0.03%  59.8  316s
 71797 23758 31925.0000   79   36 31915.0000 31925.0000  0.03%  59.9  320s
 72252 24353 31922.3057  101   46 31915.0000 31925.0000  0.03%  60.1  334s
 72955 24904     cutoff   87      31915.0000 31925.0000  0.03%  60.0  341s
 75300 25637 31921.0877  105   62 31915.0000 31925.0000  0.03%  60.0  348s
 76505 25880 31921.8653  101   70 31915.0000 31925.0000  0.03%  59.8  351s
 77482 26062 31920.9971  117   69 31915.0000 31925.0000  0.03%  59.8  357s
 79183 26582 31924.8594  108   81 31915.0000 31925.0000  0.03%  60.1  364s
 79860 26817 31921.7314  104   87 31915.0000 31925.0000  0.03%  60.3  368s
 81394 27163 31923.7854   95   87 31915.0000 31925.0000  0.03%  60.8  371s
 82004 27104 31923.3044  130   59 31915.0000 31925.0000  0.03%  61.2  381s
H82215 25700                    31916.000000 31925.0000  0.03%  61.3  381s
 82247 26012 31924.3187  110   67 31916.0000 31925.0000  0.03%  61.3  390s
H82263 24634                    31917.000000 31925.0000  0.03%  61.3  390s
H82731 22934                    31918.000000 31925.0000  0.02%  61.6  390s
 82935 23189 31921.8839  109   84 31918.0000 31925.0000  0.02%  61.7  396s
 83658 23292 31925.0000  110   54 31918.0000 31925.0000  0.02%  62.1  404s
 84369 23493 31919.3363  101   81 31918.0000 31925.0000  0.02%  62.5  406s
 85964 23540 31919.5662  103   84 31918.0000 31925.0000  0.02%  63.6  412s
 86585 23743 31922.1603  100   69 31918.0000 31925.0000  0.02%  63.8  422s
 87294 23691     cutoff  112      31918.0000 31925.0000  0.02%  64.3  428s
 87746 23947 31920.0000  101   78 31918.0000 31925.0000  0.02%  64.7  436s
 88645 24150 31921.6308  117   82 31918.0000 31925.0000  0.02%  65.4  443s
 89402 24484 31919.0000  130   62 31918.0000 31925.0000  0.02%  66.1  454s
 90351 24172 31925.0000   96   15 31918.0000 31925.0000  0.02%  66.6  456s
 90355 24175 31924.8944   93   44 31918.0000 31925.0000  0.02%  66.6  460s
 90357 24176 31924.9973   95   57 31918.0000 31925.0000  0.02%  66.6  466s
 90359 24177 31924.0000  101   53 31918.0000 31925.0000  0.02%  66.6  471s
 90364 24183 31925.0000   86   33 31918.0000 31925.0000  0.02%  66.7  475s
 90482 24260 31925.0000   95   41 31918.0000 31925.0000  0.02%  66.7  480s
 90768 24459 31921.6066  101   65 31918.0000 31925.0000  0.02%  66.7  485s
 91814 25188 31924.6527  130   58 31918.0000 31925.0000  0.02%  67.1  491s
 92723 25413 31919.0000  115   74 31918.0000 31925.0000  0.02%  67.3  495s
 94462 25954 31922.0000  103   60 31918.0000 31925.0000  0.02%  68.1  501s
 96516 26041 31922.1832  119   78 31918.0000 31925.0000  0.02%  68.1  505s
 96787 26310     cutoff  115      31918.0000 31925.0000  0.02%  68.2  516s
 97362 26586 31925.0000  107   66 31918.0000 31925.0000  0.02%  68.5  523s
 98194 26677 31923.9744  122   90 31918.0000 31925.0000  0.02%  68.9  527s
 98945 26768 31921.9536  115   83 31918.0000 31925.0000  0.02%  69.2  531s
 101073 27195 31919.0000  116   47 31918.0000 31925.0000  0.02%  70.7  545s
 101963 27277     cutoff  120      31918.0000 31925.0000  0.02%  71.0  558s
 102766 27611 31924.8919  112   63 31918.0000 31925.0000  0.02%  71.4  560s
 103774 27671     cutoff  148      31918.0000 31925.0000  0.02%  71.9  570s
 105569 28038 31925.0000  130   62 31918.0000 31925.0000  0.02%  72.7  583s
 106487 28136     cutoff  134      31918.0000 31925.0000  0.02%  73.4  589s
 107409 28469 31924.9452  119   71 31918.0000 31925.0000  0.02%  74.0  594s
 108649 28811 31925.0000  117   68 31918.0000 31925.0000  0.02%  74.3  606s
 110142 28787     cutoff  165      31918.0000 31925.0000  0.02%  74.8  611s
 111262 28966 31924.9724  112  101 31918.0000 31925.0000  0.02%  75.6  618s
 112478 29219 31922.9652  113  107 31918.0000 31925.0000  0.02%  76.0  623s
 113941 29402 31919.7805  124   83 31918.0000 31925.0000  0.02%  76.9  626s
 115320 29594 31924.9974  100   96 31918.0000 31925.0000  0.02%  77.3  640s
 118149 30058 31923.6031  118   83 31918.0000 31925.0000  0.02%  78.8  653s
 119513 30222 31924.2146  122   97 31918.0000 31925.0000  0.02%  79.4  661s
 122401 30502 31922.0000  113   65 31918.0000 31925.0000  0.02%  81.5  668s
 123811 30666     cutoff  113      31918.0000 31925.0000  0.02%  82.8  673s
 125139 30826 31921.9133  144   52 31918.0000 31925.0000  0.02%  83.4  689s
 126568 31062 31920.0000  113   62 31918.0000 31925.0000  0.02%  84.2  702s
 128003 31754 31919.4214  114   77 31918.0000 31925.0000  0.02%  85.3  714s
 130219 31609 31919.0000  103   69 31918.0000 31925.0000  0.02%  86.3  723s
 131713 31824 31924.7778  107   81 31918.0000 31925.0000  0.02%  87.0  734s
 133447 31935 31925.0000  107   81 31918.0000 31925.0000  0.02%  88.2  737s
 134910 32311 31924.2858  116   96 31918.0000 31925.0000  0.02%  88.9  747s
 136687 32652     cutoff  110      31918.0000 31925.0000  0.02%  90.3  763s
 138335 32805     cutoff  104      31918.0000 31925.0000  0.02%  91.4  772s
 139743 33122 31920.2367  117  115 31918.0000 31925.0000  0.02%  92.2  782s
 141316 33189 31925.0000  108   78 31918.0000 31925.0000  0.02%  93.5  785s
 142506 33584 31920.0000  127   75 31918.0000 31925.0000  0.02%  94.3  791s
 143985 33866 31925.0000   96   79 31918.0000 31925.0000  0.02%  95.5  809s
 145604 33764     cutoff  117      31918.0000 31925.0000  0.02%  96.1  819s
 146653 34440     cutoff  110      31918.0000 31925.0000  0.02%  97.2  829s
 148635 34796 31924.7816  127  113 31918.0000 31925.0000  0.02%  98.2  835s
 150644 35161 31923.8992  107  121 31918.0000 31925.0000  0.02%   100  858s
 152554 35590 31920.0000  107   72 31918.0000 31925.0000  0.02%   101  866s
 154597 35757 31924.6673  112  109 31918.0000 31925.0000  0.02%   102  872s
 156333 36212 31924.3581  119  101 31918.0000 31925.0000  0.02%   103  927s
 158219 36246 31920.0000  106   79 31918.0000 31925.0000  0.02%   104  940s
 159774 36650 31919.0916  124   97 31918.0000 31925.0000  0.02%   105  947s
 161706 36857 31919.4102  111   82 31918.0000 31925.0000  0.02%   106  951s
 163583 37057 31920.0000  123   43 31918.0000 31925.0000  0.02%   107  962s
 164874 37945 31924.9878  116   79 31918.0000 31925.0000  0.02%   108  975s
 166837 38876 31919.9693  120   76 31918.0000 31925.0000  0.02%   109  982s
 168743 39648 31921.0000  119   72 31918.0000 31925.0000  0.02%   110  988s
 170404 40389 31925.0000  122   67 31918.0000 31925.0000  0.02%   111  997s
 172115 41210 31920.0000  139   71 31918.0000 31925.0000  0.02%   112 1007s
 173852 42074 31924.0000  104   93 31918.0000 31925.0000  0.02%   112 1042s
 175800 43246 31924.0000  113   89 31918.0000 31925.0000  0.02%   114 1049s
 177794 44134     cutoff  107      31918.0000 31925.0000  0.02%   114 1055s
 179660 45020 31924.5549  117  115 31918.0000 31925.0000  0.02%   115 1064s
 181372 45744 31924.0564  102   97 31918.0000 31925.0000  0.02%   116 1071s
 182834 46694 31924.9016  123   95 31918.0000 31925.0000  0.02%   117 1077s
 184872 47543 31923.8404  117   87 31918.0000 31925.0000  0.02%   117 1085s
 186522 48436 31924.5733  107  101 31918.0000 31925.0000  0.02%   118 1126s
 188415 49144 31919.9251  141   79 31918.0000 31925.0000  0.02%   119 1136s
 190110 50105 31920.0000  135   54 31918.0000 31925.0000  0.02%   120 1142s
 192047 50850 31924.3888  127  121 31918.0000 31925.0000  0.02%   120 1148s
 193759 51692 31920.6421  125   97 31918.0000 31925.0000  0.02%   121 1157s
 195683 52497 31919.7613  172   49 31918.0000 31925.0000  0.02%   122 1162s
 197428 53388 31923.9947  124   87 31918.0000 31925.0000  0.02%   122 1170s
 199195 54058 31924.6089  110  122 31918.0000 31925.0000  0.02%   123 1190s
 200688 55038 31921.8083  105  112 31918.0000 31925.0000  0.02%   123 1201s
 202517 56105 31921.7996  106  101 31918.0000 31925.0000  0.02%   124 1208s
 204768 56797 31919.0000  130   65 31918.0000 31925.0000  0.02%   124 1215s
 206617 57543 31921.0286  128   77 31918.0000 31925.0000  0.02%   125 1221s
 208655 58383 31924.6303  141  111 31918.0000 31925.0000  0.02%   126 1270s
 210555 59386     cutoff  144      31918.0000 31925.0000  0.02%   126 1278s
 212834 60050 31919.9226  136   67 31918.0000 31925.0000  0.02%   127 1285s
 214752 60640 31919.0000  167   52 31918.0000 31925.0000  0.02%   127 1290s
 216348 61269 31924.9891  112  105 31918.0000 31925.0000  0.02%   128 1301s
 217989 61882 31920.6010  109   66 31918.0000 31925.0000  0.02%   129 1306s
 219709 62537     cutoff  117      31918.0000 31925.0000  0.02%   129 1314s
 221115 63362 31923.3090  139   98 31918.0000 31925.0000  0.02%   130 1320s
 222957 64089 31925.0000  106   82 31918.0000 31925.0000  0.02%   130 1332s
 224772 64983 31919.0000  143   44 31918.0000 31925.0000  0.02%   131 1338s
 226788 65707 31920.7192  115   88 31918.0000 31925.0000  0.02%   132 1346s
 228496 66481 31920.2412  126   86 31918.0000 31925.0000  0.02%   132 1354s
 230322 67323 31921.0000  117   86 31918.0000 31925.0000  0.02%   133 1366s
 232119 68083     cutoff  126      31918.0000 31925.0000  0.02%   134 1372s
 234027 68864 31924.9540  116   76 31918.0000 31925.0000  0.02%   134 1380s
 236010 69546     cutoff  130      31918.0000 31925.0000  0.02%   135 1385s
 237659 70132 31922.4062  115   91 31918.0000 31925.0000  0.02%   135 1395s
 239349 70725     cutoff  128      31918.0000 31925.0000  0.02%   136 1401s
 240936 71493 31922.4312  129   69 31918.0000 31925.0000  0.02%   136 1405s
 242794 72293     cutoff  130      31918.0000 31925.0000  0.02%   137 1416s
 244547 73210 31921.6016  110  100 31918.0000 31925.0000  0.02%   138 1428s
 246300 73919 31924.5425  113   85 31918.0000 31925.0000  0.02%   138 1432s
 248128 74581 31920.5248  133  113 31918.0000 31925.0000  0.02%   139 1464s
 249960 75385 31921.6111  131   60 31918.0000 31925.0000  0.02%   140 1470s
 251899 75968 31922.5821  117   90 31918.0000 31925.0000  0.02%   140 1482s
 253300 76534 31918.9881  127   77 31918.0000 31925.0000  0.02%   140 1487s
 254936 77302 31924.7808  115  110 31918.0000 31925.0000  0.02%   141 1491s
 256746 78217 31924.2439  137  103 31918.0000 31925.0000  0.02%   141 1496s
 258685 79072     cutoff  126      31918.0000 31925.0000  0.02%   141 1516s
 260430 79880 31921.7427  126   84 31918.0000 31924.9990  0.02%   141 1528s
 262369 80568 31922.0000  119   73 31918.0000 31924.9981  0.02%   141 1536s
 264142 81475     cutoff  128      31918.0000 31924.9977  0.02%   141 1550s
 266184 82329 31924.4809  116   86 31918.0000 31924.9968  0.02%   141 1564s
 268123 83112 31924.9957  120  105 31918.0000 31924.9959  0.02%   141 1570s
 269979 83780     cutoff  138      31918.0000 31924.9953  0.02%   141 1586s
 271747 84465     cutoff  129      31918.0000 31924.9946  0.02%   141 1591s
 273368 85227     cutoff  125      31918.0000 31924.9943  0.02%   141 1604s
 274983 86049 31922.9560  125   88 31918.0000 31924.9935  0.02%   141 1611s
 277092 86691 31924.5311  128   90 31918.0000 31924.9927  0.02%   141 1639s
 278745 87717 31924.8050  124   91 31918.0000 31924.9926  0.02%   141 1644s
 280731 88603 31921.4721  139   87 31918.0000 31924.9912  0.02%   141 1648s
 282689 89429 31921.4010  127   69 31918.0000 31924.9898  0.02%   141 1660s
 284622 90280 31920.0000  118   33 31918.0000 31924.9886  0.02%   141 1669s
 286616 91118 31919.8171  115   65 31918.0000 31924.9873  0.02%   141 1673s
 288512 91795 31922.0000  127   68 31918.0000 31924.9860  0.02%   141 1687s
 290179 92612 31924.0718  124  110 31918.0000 31924.9845  0.02%   141 1692s
 291996 93405 31923.9903  116  107 31918.0000 31924.9830  0.02%   141 1696s
 293736 94089 31924.6658  116  111 31918.0000 31924.9814  0.02%   141 1701s
 295477 95009 31922.6765  127   86 31918.0000 31924.9803  0.02%   141 1721s
 297704 95742 31920.5890  110   82 31918.0000 31924.9781  0.02%   140 1731s
 299489 96294 31923.5000  109   94 31918.0000 31924.9760  0.02%   140 1740s
 301018 96923 31924.1449  133   96 31918.0000 31924.9747  0.02%   140 1745s
 302725 97632 31922.9682  116   80 31918.0000 31924.9727  0.02%   141 1757s
 304486 98283     cutoff  131      31918.0000 31924.9709  0.02%   141 1761s
 306292 99046 31922.9877  117  107 31918.0000 31924.9687  0.02%   141 1772s
 308261 99890 31924.7854  123   83 31918.0000 31924.9659  0.02%   141 1776s
 310352 100541 31924.6967  113   88 31918.0000 31924.9629  0.02%   141 1791s
 312082 101270 31924.8586  116   90 31918.0000 31924.9604  0.02%   141 1796s
 313951 101940     cutoff  107      31918.0000 31924.9578  0.02%   141 1801s
 315793 102669 31922.4623  123   77 31918.0000 31924.9559  0.02%   141 1811s
 317506 103243 31924.8714  118   99 31918.0000 31924.9530  0.02%   141 1815s
 319278 103860 31921.1172  116   99 31918.0000 31924.9505  0.02%   141 1827s
 320982 104605 31921.0098  133   76 31918.0000 31924.9481  0.02%   141 1838s
 322867 105247 31919.0000  159   50 31918.0000 31924.9453  0.02%   141 1858s
 324623 105847 31919.8772  126   90 31918.0000 31924.9422  0.02%   141 1872s
 326392 106614 31924.3765  134   95 31918.0000 31924.9394  0.02%   141 1877s
 328528 107123 31923.8316  132   88 31918.0000 31924.9361  0.02%   141 1885s
 330020 107809     cutoff  132      31918.0000 31924.9314  0.02%   141 1890s
 331926 108447     cutoff  118      31918.0000 31924.9277  0.02%   141 1896s
 333778 109139 31919.4000  122   67 31918.0000 31924.9265  0.02%   141 1907s
 335782 109883 31921.8725  125   80 31918.0000 31924.9211  0.02%   141 1917s
 337893 110602 31920.0000  130   73 31918.0000 31924.9178  0.02%   141 1922s
 339829 111261 31921.8959  129   66 31918.0000 31924.9123  0.02%   141 1932s
 341768 111828 31924.5588  137   89 31918.0000 31924.9092  0.02%   141 1937s
 343604 112551     cutoff  133      31918.0000 31924.9044  0.02%   141 1944s
 345690 113095     cutoff  113      31918.0000 31924.9005  0.02%   141 1950s
 347398 113710 31923.7429  106   88 31918.0000 31924.8963  0.02%   142 1962s
 349064 114243 31922.9791  107   64 31918.0000 31924.8930  0.02%   142 1979s
 350636 114990 31924.3765  117   88 31918.0000 31924.8899  0.02%   142 1983s
 352625 115535 31923.0602  115   94 31918.0000 31924.8858  0.02%   142 1994s
 354435 116077     cutoff  131      31918.0000 31924.8810  0.02%   142 2006s
 356165 116839 31922.4065  133   65 31918.0000 31924.8757  0.02%   142 2030s
 358203 117472 31923.0585  135  110 31918.0000 31924.8711  0.02%   142 2039s
 360116 118088 31920.0000  132   67 31918.0000 31924.8673  0.02%   142 2043s
 361974 118696 31921.3473  112   82 31918.0000 31924.8609  0.02%   142 2057s
 363708 119241     cutoff  119      31918.0000 31924.8553  0.02%   142 2063s
 365575 119688 31924.1079  121   93 31918.0000 31924.8495  0.02%   142 2080s
 367157 120430     cutoff  123      31918.0000 31924.8443  0.02%   142 2087s
 369193 121104 31923.0381  130   97 31918.0000 31924.8382  0.02%   143 2098s
 371244 121678 31921.7753  123   74 31918.0000 31924.8322  0.02%   143 2121s
 373085 122123 31923.9368  132   93 31918.0000 31924.8271  0.02%   143 2129s
 374707 122790 31924.1868  114   89 31918.0000 31924.8200  0.02%   143 2135s
 376774 123252     cutoff  131      31918.0000 31924.8151  0.02%   143 2145s
 380124 124447 31922.0000  122   78 31918.0000 31924.8026  0.02%   144 2169s
 382161 125018     cutoff  119      31918.0000 31924.7947  0.02%   144 2173s
 384188 125723 31918.9865  123   84 31918.0000 31924.7862  0.02%   144 2187s
 386269 126040 31921.8180  118   85 31918.0000 31924.7813  0.02%   144 2193s
 387756 126589 31921.0000  140   61 31918.0000 31924.7738  0.02%   145 2197s
 389554 127053     cutoff  131      31918.0000 31924.7691  0.02%   145 2218s
 391274 127397 31920.7849  124   96 31918.0000 31924.7583  0.02%   145 2228s
 392941 127852 31920.1882  115   87 31918.0000 31924.7503  0.02%   146 2231s
 394708 128480 31919.8287  120   76 31918.0000 31924.7426  0.02%   146 2242s
 396669 128949 31924.6369  114   93 31918.0000 31924.7322  0.02%   146 2249s
 398406 129438     cutoff  131      31918.0000 31924.7227  0.02%   146 2252s
 400220 129887 31922.7719  116   90 31918.0000 31924.7146  0.02%   147 2262s
 401885 130342 31919.0000  144   65 31918.0000 31924.7079  0.02%   147 2282s
 403628 130903 31924.6443  119   62 31918.0000 31924.6987  0.02%   147 2290s
 405554 131375     cutoff  115      31918.0000 31924.6902  0.02%   147 2301s
 407261 131954 31923.2905  121  101 31918.0000 31924.6825  0.02%   148 2305s
 409056 132369 31921.0000  139   80 31918.0000 31924.6707  0.02%   148 2310s
 410558 132853 31920.0000  112   75 31918.0000 31924.6668  0.02%   148 2322s
 412383 133492 31919.5366  123   53 31918.0000 31924.6621  0.02%   149 2334s
 414362 134078 31922.2197  123  104 31918.0000 31924.6477  0.02%   149 2341s
 418115 134924 31919.0000  134   56 31918.0000 31924.6255  0.02%   149 2353s
 419732 135299 31919.8667  111   66 31918.0000 31924.6175  0.02%   150 2361s
 421042 136044 31922.3071  130   85 31918.0000 31924.6042  0.02%   150 2369s
 423257 136498 31922.7654  128  120 31918.0000 31924.5938  0.02%   150 2379s
 425147 137107 31921.0000  130   64 31918.0000 31924.5861  0.02%   150 2387s
 426806 137820 31921.8390  136   94 31918.0000 31924.5808  0.02%   150 2395s
 431378 138789 31919.8163  128   76 31918.0000 31924.5753  0.02%   151 2409s
 433273 139120     cutoff  130      31918.0000 31924.5742  0.02%   151 2418s
 435160 139612 31919.0000  136   69 31918.0000 31924.5649  0.02%   151 2427s
 437058 140031     cutoff  160      31918.0000 31924.5519  0.02%   152 2435s
 438774 140500 31923.0000  123   62 31918.0000 31924.5421  0.02%   152 2440s
 440539 140942 31922.1570  115  113 31918.0000 31924.5312  0.02%   152 2448s
 442220 141549 31924.0388  128  102 31918.0000 31924.5207  0.02%   152 2458s
 443950 141981     cutoff  135      31918.0000 31924.5133  0.02%   153 2465s
 447515 142424     cutoff  120      31918.0000 31924.4857  0.02%   153 2470s
 447647 142833     cutoff  134      31918.0000 31924.4857  0.02%   153 2488s
 449178 143365 31918.9887  146   84 31918.0000 31924.4857  0.02%   153 2497s
 451335 143740 31919.9403  128   93 31918.0000 31924.4732  0.02%   153 2505s
 453284 144332     cutoff  113      31918.0000 31924.4594  0.02%   154 2526s
 455423 144784 31920.8171  130   58 31918.0000 31924.4473  0.02%   154 2534s
 457287 145229     cutoff  125      31918.0000 31924.4312  0.02%   154 2543s
 459174 145616     cutoff  121      31918.0000 31924.4222  0.02%   154 2551s
 460826 145993 31919.0000  132   82 31918.0000 31924.4139  0.02%   154 2555s
 462169 146494 31922.9475  131  104 31918.0000 31924.4088  0.02%   155 2565s
 464167 146937 31919.0000  128   60 31918.0000 31924.4018  0.02%   155 2589s
 466091 147170 31920.0000  124   74 31918.0000 31924.3772  0.02%   155 2593s
 467706 147552 31924.2990  118   94 31918.0000 31924.3665  0.02%   155 2598s
 469418 147951     cutoff  125      31918.0000 31924.3506  0.02%   156 2613s
 471041 148290 31923.2286  128  106 31918.0000 31924.3402  0.02%   156 2619s
 472539 148625     cutoff  124      31918.0000 31924.3308  0.02%   156 2651s
 474483 149091 31922.0000  112   77 31918.0000 31924.3133  0.02%   156 2662s
 476254 149588 31923.8806  123  104 31918.0000 31924.2969  0.02%   156 2671s
 477949 149935 infeasible  120      31918.0000 31924.2864  0.02%   157 2680s
 481306 150684 31920.5459  114  107 31918.0000 31924.2595  0.02%   157 2688s
 482827 151089 31922.3795  135   93 31918.0000 31924.2498  0.02%   157 2702s
 484387 151560 31919.0000  125   73 31918.0000 31924.2464  0.02%   157 2716s
 486472 151948     cutoff  126      31918.0000 31924.2298  0.02%   157 2727s
 488831 152363 31919.0000  125   80 31918.0000 31924.2016  0.02%   158 2731s
 490879 152620     cutoff  137      31918.0000 31924.1787  0.02%   158 2770s
 492430 153080     cutoff  129      31918.0000 31924.1581  0.02%   158 2780s
 494000 153457 31921.0000  133   65 31918.0000 31924.1481  0.02%   158 2786s
 495237 153961     cutoff  123      31918.0000 31924.1481  0.02%   159 2793s
 497503 154347 31920.6041  130   86 31918.0000 31924.1304  0.02%   159 2805s
 499411 154758 31923.6262  130   83 31918.0000 31924.1134  0.02%   159 2811s
 501561 155191 31920.8178  127   82 31918.0000 31924.0915  0.02%   159 2815s
 503552 155473     cutoff  130      31918.0000 31924.0714  0.02%   160 2827s
 505213 155983 31919.8705  115   80 31918.0000 31924.0496  0.02%   160 2836s
 507315 156471     cutoff  111      31918.0000 31924.0365  0.02%   160 2848s
 509423 157238     cutoff  112      31918.0000 31924.0196  0.02%   160 2856s
 511699 158013 31922.7602  118   90 31918.0000 31924.0000  0.02%   160 2860s
 513999 158559 31922.9938  126   74 31918.0000 31924.0000  0.02%   160 2891s
 517248 159727 31920.0000  128   46 31918.0000 31924.0000  0.02%   161 2904s
 519086 160122 31921.7357  134   87 31918.0000 31924.0000  0.02%   161 2906s
 520613 160310 31920.2470  137   67 31918.0000 31924.0000  0.02%   161 2916s
 521987 160514 31922.9930  119  100 31918.0000 31924.0000  0.02%   161 2922s
 523475 160677     cutoff  128      31918.0000 31924.0000  0.02%   161 2931s
 526501 161060     cutoff  129      31918.0000 31924.0000  0.02%   162 2936s
 527944 161313     cutoff  117      31918.0000 31924.0000  0.02%   162 2951s
 529317 161522 31919.8567  118  105 31918.0000 31924.0000  0.02%   162 2961s
 530870 161920 31920.6964  136   66 31918.0000 31924.0000  0.02%   162 2981s
 532737 162296 31920.1304  123   51 31918.0000 31924.0000  0.02%   162 2990s
 536423 162653 31920.4366  111   92 31918.0000 31924.0000  0.02%   163 3001s
 538019 162770 31922.0542  123   90 31918.0000 31924.0000  0.02%   163 3006s
 539685 162992 31921.0000  122   89 31918.0000 31924.0000  0.02%   163 3036s
 541355 163613 31921.9608  113  124 31918.0000 31924.0000  0.02%   163 3045s
 543815 164127 31923.8455  116   88 31918.0000 31924.0000  0.02%   163 3053s
 546012 164633 31919.0000  127   59 31918.0000 31924.0000  0.02%   163 3058s
 548501 165150 31923.4652  133   95 31918.0000 31924.0000  0.02%   163 3061s
 550710 165943 31922.9379  125   70 31918.0000 31924.0000  0.02%   163 3071s
 555192 166992     cutoff  132      31918.0000 31924.0000  0.02%   163 3083s
 557046 167450 31923.5173  123   96 31918.0000 31924.0000  0.02%   163 3085s
 558812 167899 31923.4392  144   47 31918.0000 31924.0000  0.02%   163 3109s
 560481 168399     cutoff  113      31918.0000 31924.0000  0.02%   163 3111s
 562267 168864 31919.0000  130   69 31918.0000 31924.0000  0.02%   163 3121s
 563977 169340 31919.0000  115   47 31918.0000 31924.0000  0.02%   163 3133s
 565858 169808 31919.0000  137   66 31918.0000 31924.0000  0.02%   163 3137s
 567712 170362 31920.9658  116   85 31918.0000 31924.0000  0.02%   163 3143s
 569611 171088 31923.2593  114   82 31918.0000 31924.0000  0.02%   163 3146s
 572444 171403     cutoff  127      31918.0000 31924.0000  0.02%   163 3160s
 575849 172370 31921.9441  121   63 31918.0000 31924.0000  0.02%   163 3171s
 579580 173331 31923.7135  133   82 31918.0000 31924.0000  0.02%   162 3195s
 583243 174437 31919.0000  148   43 31918.0000 31924.0000  0.02%   162 3211s
 585144 175060     cutoff  135      31918.0000 31924.0000  0.02%   162 3216s
 587052 175534 31922.3555  130   76 31918.0000 31924.0000  0.02%   162 3227s
 588970 176083     cutoff  148      31918.0000 31924.0000  0.02%   162 3232s
 591672 176310     cutoff  114      31918.0000 31924.0000  0.02%   162 3238s
 592725 176495 31923.0000  123   86 31918.0000 31924.0000  0.02%   162 3246s
 593935 176698 31922.0000  121   90 31918.0000 31924.0000  0.02%   162 3254s
 595114 176903 31920.7206  136   77 31918.0000 31924.0000  0.02%   162 3258s
 596648 177208     cutoff  132      31918.0000 31924.0000  0.02%   163 3264s
 598284 177445 31921.0000  121   89 31918.0000 31924.0000  0.02%   163 3277s
 599738 177664     cutoff  125      31918.0000 31924.0000  0.02%   163 3284s
 601298 177936 31923.0000  120   97 31918.0000 31924.0000  0.02%   163 3290s
 602802 178165 31922.5112  128  116 31918.0000 31924.0000  0.02%   163 3305s
 605913 178776 31921.9685  128   92 31918.0000 31924.0000  0.02%   164 3317s
 607714 179037     cutoff  125      31918.0000 31924.0000  0.02%   164 3324s
 608987 179638 31921.8958  124   51 31918.0000 31924.0000  0.02%   164 3355s
 610961 180765 31919.4372  114   90 31918.0000 31924.0000  0.02%   164 3361s
 614274 181654     cutoff  133      31918.0000 31924.0000  0.02%   164 3373s
 616622 182566 31923.0000  111   44 31918.0000 31924.0000  0.02%   164 3381s
 619249 183439 31921.0000  144   39 31918.0000 31924.0000  0.02%   164 3390s
 621820 184099 31923.0000  120   54 31918.0000 31924.0000  0.02%   164 3397s
 623797 184883 31920.0000  140   50 31918.0000 31924.0000  0.02%   164 3406s
 626094 185716 31923.4000  106   67 31918.0000 31924.0000  0.02%   164 3413s
 628564 186366 31919.0000  146   26 31918.0000 31924.0000  0.02%   164 3423s
 630387 187062 31920.0000  136   32 31918.0000 31924.0000  0.02%   164 3428s
 632202 187954 31921.4195  113   83 31918.0000 31924.0000  0.02%   164 3436s
 634669 188435 31920.0000  133   34 31918.0000 31924.0000  0.02%   164 3441s
 636355 188996 31923.9220  106   86 31918.0000 31924.0000  0.02%   164 3452s
 637894 189622     cutoff  126      31918.0000 31924.0000  0.02%   164 3457s
 639639 190149 31924.0000  129   87 31918.0000 31924.0000  0.02%   164 3484s
 641200 190803     cutoff  105      31918.0000 31924.0000  0.02%   164 3491s
 643013 191305 31923.8482  133   57 31918.0000 31924.0000  0.02%   164 3499s
 644860 192169 31923.6198  118   69 31918.0000 31924.0000  0.02%   164 3508s
 647463 192726 31919.0000  115   69 31918.0000 31924.0000  0.02%   164 3513s
 649379 193343 31919.0000  143   38 31918.0000 31924.0000  0.02%   164 3520s
 651195 193908     cutoff  119      31918.0000 31924.0000  0.02%   164 3531s
 653001 194473 31923.7088  106  124 31918.0000 31924.0000  0.02%   164 3535s
 654567 195002 31922.0000  107   89 31918.0000 31924.0000  0.02%   164 3544s
 656326 195628 31923.2077  122   72 31918.0000 31924.0000  0.02%   164 3548s
 658238 196289 31923.9055  134   47 31918.0000 31924.0000  0.02%   164 3565s
 660093 197004 31923.7622  130   59 31918.0000 31924.0000  0.02%   164 3574s
 662102 197569 31921.9474  139   54 31918.0000 31924.0000  0.02%   164 3578s
 663743 198441 31924.0000  130   56 31918.0000 31924.0000  0.02%   164 3589s
 666406 198960     cutoff  126      31918.0000 31924.0000  0.02%   164 3594s
 668022 198989 31922.4065  130   68 31918.0000 31924.0000  0.02%   164 3601s

Cutting planes:
  Gomory: 25
  Cover: 626
  Clique: 4
  MIR: 95
  StrongCG: 69
  Flow cover: 15
  Zero half: 5
  RLT: 1

Explored 668126 nodes (109491072 simplex iterations) in 3601.26 seconds
Thread count was 12 (of 12 available processors)

Solution count 10: 31918 31917 31916 ... 31893

Time limit reached
Best objective 3.191800000000e+04, best bound 3.192400000000e+04, gap 0.0188%
