
Gurobi 9.1.2 (win64, Java) logging started Sat Nov 13 13:46:26 2021

Academic license - for non-commercial use only - expires 2022-10-30
Gurobi Optimizer version 9.1.2 build v9.1.2rc0 (win64)
Thread count: 6 physical cores, 12 logical processors, using up to 12 threads
Optimize a model with 50 rows, 400 columns and 800 nonzeros
Model fingerprint: 0x3d24182a
Variable types: 0 continuous, 400 integer (400 binary)
Coefficient statistics:
  Matrix range     [1e+00, 1e+03]
  Objective range  [4e+02, 1e+03]
  Bounds range     [1e+00, 1e+00]
  RHS range        [1e+00, 2e+03]
Found heuristic solution: objective 19114.000000
Presolve removed 1 rows and 118 columns
Presolve time: 0.00s
Presolved: 49 rows, 282 columns, 564 nonzeros
Variable types: 0 continuous, 282 integer (282 binary)
Presolved: 49 rows, 282 columns, 564 nonzeros


Root relaxation: objective 2.149092e+04, 130 iterations, 0.00 seconds

    Nodes    |    Current Node    |     Objective Bounds      |     Work
 Expl Unexpl |  Obj  Depth IntInf | Incumbent    BestBd   Gap | It/Node Time

     0     0 21490.9218    0   16 19114.0000 21490.9218  12.4%     -    0s
H    0     0                    19984.000000 21490.9218  7.54%     -    0s
H    0     0                    20183.000000 21490.9218  6.48%     -    0s
     0     0 21241.0002    0   16 20183.0000 21241.0002  5.24%     -    0s
H    0     0                    20189.000000 21241.0002  5.21%     -    0s
H    0     0                    20204.000000 21241.0002  5.13%     -    0s
     0     0 21241.0002    0   18 20204.0000 21241.0002  5.13%     -    0s
H    0     0                    21007.000000 21241.0002  1.11%     -    0s
     0     0 21241.0002    0   24 21007.0000 21241.0002  1.11%     -    0s
H    0     0                    21074.000000 21241.0002  0.79%     -    0s
     0     0 21241.0002    0   22 21074.0000 21241.0002  0.79%     -    0s
     0     2 21241.0002    0   21 21074.0000 21241.0002  0.79%     -    0s
H  460   642                    21083.000000 21241.0002  0.75%  10.0    0s
H 1659   976                    21104.000000 21241.0002  0.65%  10.0    0s
H 1708   971                    21109.000000 21241.0000  0.63%  11.7    1s
H 1776   963                    21116.000000 21241.0000  0.59%  11.6    1s
H 1782   932                    21123.000061 21241.0000  0.56%  11.6    1s
H 1783   888                    21130.000000 21241.0000  0.53%  11.6    1s
H 1790   845                    21163.000000 21241.0000  0.37%  11.5    1s
H14467  9295                    21183.000213 21241.0000  0.27%  10.0    2s
H14811  9158                    21189.000000 21241.0000  0.25%  10.1    3s
H19772 12093                    21206.000000 21241.0000  0.17%  11.5    4s
H19916 10847                    21219.000000 21241.0000  0.10%  11.5    4s
H21660 11864                    21222.000000 21241.0000  0.09%  12.1    5s
H21682 10855                    21230.000000 21241.0000  0.05%  12.1    5s
 40773 21767 21240.5905   52   20 21230.0000 21241.0000  0.05%  18.4   10s
 55095 24668 21241.0000   43   15 21230.0000 21241.0000  0.05%  20.1   15s
H58018 24447                    21232.000000 21241.0000  0.04%  19.8   15s
 71684 27717 21241.0000   61   41 21232.0000 21241.0000  0.04%  21.5   20s
H73571 26319                    21234.000000 21241.0000  0.03%  21.8   22s
 79796 27633 21240.9678   89   60 21234.0000 21241.0000  0.03%  22.2   25s
H82373 25920                    21237.000000 21241.0000  0.02%  22.9   26s
 90567 27461 21240.7502   77   54 21237.0000 21241.0000  0.02%  25.8   30s
 97172 28539     cutoff   98      21237.0000 21241.0000  0.02%  28.1   35s
 106687 30136 21239.0000   94   36 21237.0000 21241.0000  0.02%  31.2   40s
 110312 29959 21241.0000   81   32 21237.0000 21241.0000  0.02%  32.3   45s
 125042 32147 21240.6929   83   62 21237.0000 21241.0000  0.02%  33.7   50s
 132675 34186 21238.0000  106   31 21237.0000 21241.0000  0.02%  35.8   55s
 141677 34751 21240.8982   88   68 21237.0000 21241.0000  0.02%  38.1   60s
 149540 36174 21238.0000   88   34 21237.0000 21241.0000  0.02%  40.1   65s
 158240 37054     cutoff  132      21237.0000 21241.0000  0.02%  42.1   71s
 164407 38334 21241.0000   76   43 21237.0000 21241.0000  0.02%  43.4   75s
 175282 39718 21238.5000  106   32 21237.0000 21241.0000  0.02%  45.4   80s
 180583 40330     cutoff  104      21237.0000 21241.0000  0.02%  46.5   85s
 189584 41081 21241.0000   98   66 21237.0000 21241.0000  0.02%  47.9   90s
 194190 41797 21240.8828   97   58 21237.0000 21241.0000  0.02%  48.8   95s
 200898 43668 21238.8902  103   49 21237.0000 21241.0000  0.02%  49.8  102s
 208887 46464 21238.0000   86   40 21237.0000 21241.0000  0.02%  50.9  105s
 217199 49707 21238.0000   99   33 21237.0000 21241.0000  0.02%  51.9  111s
 224590 52443 21238.6158   96   34 21237.0000 21241.0000  0.02%  53.0  115s
 229077 54470 21238.0000  127   19 21237.0000 21241.0000  0.02%  53.5  120s
 236286 57388     cutoff   88      21237.0000 21241.0000  0.02%  54.4  125s
 242239 59939 21239.9142   92   53 21237.0000 21241.0000  0.02%  55.2  130s
 248273 61851 21241.0000   80   48 21237.0000 21241.0000  0.02%  56.0  135s
 254738 64545 21240.9267   84   66 21237.0000 21241.0000  0.02%  56.6  141s
 260638 67332 21238.1210  108   39 21237.0000 21241.0000  0.02%  57.3  145s
 268291 70276 21239.0000   97   41 21237.0000 21241.0000  0.02%  58.3  151s
 274855 72292 21238.9719   82   53 21237.0000 21241.0000  0.02%  58.9  157s
 277433 73128     cutoff   97      21237.0000 21241.0000  0.02%  59.1  160s
 282479 74079     cutoff   86      21237.0000 21241.0000  0.02%  60.0  167s
 285074 75003 21240.0000   79   35 21237.0000 21241.0000  0.02%  60.4  171s
 290733 76182 21238.6232   94   42 21237.0000 21241.0000  0.02%  61.4  176s
 291945 76418 21240.1439   91   59 21237.0000 21241.0000  0.02%  61.6  180s
 295903 77631 21240.8969   77   79 21237.0000 21241.0000  0.02%  62.3  185s
 302592 79649 21239.2761   98   68 21237.0000 21241.0000  0.02%  63.1  191s
 304365 79806 21240.8387   92   59 21237.0000 21241.0000  0.02%  63.3  195s
 308044 81311 21239.0000  111   41 21237.0000 21241.0000  0.02%  63.8  201s
 312029 82486 21240.9754   95   65 21237.0000 21241.0000  0.02%  64.3  205s
 318688 84946     cutoff   95      21237.0000 21241.0000  0.02%  64.9  210s
 325654 86793 21239.0000   82   47 21237.0000 21241.0000  0.02%  65.4  217s
 328192 88126 21239.0000   99   46 21237.0000 21241.0000  0.02%  65.6  220s
 334008 89442     cutoff  102      21237.0000 21241.0000  0.02%  66.0  228s
 334369 90143 21239.0000  102   33 21237.0000 21241.0000  0.02%  66.1  230s
 342248 92171 21238.0000   79   53 21237.0000 21241.0000  0.02%  66.9  236s
 346689 93119 21241.0000   76   73 21237.0000 21241.0000  0.02%  67.2  245s
 351968 95508 21241.0000   83   66 21237.0000 21241.0000  0.02%  67.7  252s
 356848 96319 21239.0000   90   42 21237.0000 21241.0000  0.02%  68.2  255s
 361322 97636 21239.0000   89   33 21237.0000 21241.0000  0.02%  68.7  261s
 367013 99289 21240.9975   79   80 21237.0000 21241.0000  0.02%  69.2  266s
 371446 101222 21240.0000   91   38 21237.0000 21241.0000  0.02%  69.8  272s
 374207 101404 21240.6636   90   71 21237.0000 21241.0000  0.02%  69.9  277s
 377054 102873 21238.5126   86   51 21237.0000 21241.0000  0.02%  70.0  281s
 381920 104069     cutoff   96      21237.0000 21241.0000  0.02%  70.1  285s
 388498 105712 21239.0000   93   41 21237.0000 21241.0000  0.02%  70.6  290s
 395971 107077 21240.0532   77   77 21237.0000 21241.0000  0.02%  70.8  295s
 401418 108306 21240.7695  100   61 21237.0000 21241.0000  0.02%  71.1  303s
 404681 109114 21240.8543   81   62 21237.0000 21241.0000  0.02%  71.2  306s
 407662 111228 21241.0000   93   35 21237.0000 21241.0000  0.02%  71.3  317s
 420131 111904 21240.0000  114   32 21237.0000 21241.0000  0.02%  71.8  320s
 429271 113926 21240.0000   97   32 21237.0000 21241.0000  0.02%  72.1  325s
 434650 114644 21240.9957   85   57 21237.0000 21241.0000  0.02%  72.3  331s
 437484 115391 21240.0000   87   18 21237.0000 21241.0000  0.02%  72.4  335s
 446585 117008 21241.0000   96   31 21237.0000 21241.0000  0.02%  72.5  340s
H449839 97726                    21238.000000 21241.0000  0.01%  72.6  341s
*449976 52384              83    21239.000000 21241.0000  0.01%  72.6  341s
 453636 52575 infeasible   95      21239.0000 21241.0000  0.01%  73.0  345s
 461163 53450     cutoff  105      21239.0000 21241.0000  0.01%  73.6  351s
 463403 53586 21241.0000   93   40 21239.0000 21241.0000  0.01%  73.6  355s
 472004 52893 21240.3686   82   43 21239.0000 21241.0000  0.01%  73.5  360s
 480420 51666 21240.0000   83   30 21239.0000 21241.0000  0.01%  73.8  365s
 486572 50857     cutoff   91      21239.0000 21241.0000  0.01%  74.1  370s
 495346 50325     cutoff  100      21239.0000 21241.0000  0.01%  74.4  375s
 503881 49240     cutoff  117      21239.0000 21241.0000  0.01%  74.5  380s
 508498 48478     cutoff   98      21239.0000 21241.0000  0.01%  74.7  385s
 516293 47313 21240.6058   99   60 21239.0000 21241.0000  0.01%  75.0  391s
 523432 45066 21240.0000  110   53 21239.0000 21240.9018  0.01%  75.4  396s
 531646 41980     cutoff  104      21239.0000 21240.0000  0.00%  75.5  401s
 540150 40430 21240.0000  122    6 21239.0000 21240.0000  0.00%  75.7  405s
 549303 37021     cutoff   96      21239.0000 21240.0000  0.00%  75.6  410s
 558179 33630     cutoff  111      21239.0000 21240.0000  0.00%  75.6  415s
 566946 30493     cutoff   90      21239.0000 21240.0000  0.00%  75.6  420s
 576117 27275     cutoff  110      21239.0000 21240.0000  0.00%  75.5  425s
 584924 24231     cutoff  109      21239.0000 21240.0000  0.00%  75.3  430s
 593032 21283     cutoff  101      21239.0000 21240.0000  0.00%  75.4  435s
 598607 19230 21240.0000   97   33 21239.0000 21240.0000  0.00%  75.5  440s
 605703 16882     cutoff  104      21239.0000 21240.0000  0.00%  75.7  445s
 612387 15255 21240.0000  109   25 21239.0000 21240.0000  0.00%  75.9  450s
 621776 12061     cutoff  104      21239.0000 21240.0000  0.00%  75.9  455s
 628010 11467 21240.0000  103   32 21239.0000 21240.0000  0.00%  76.0  460s
 635680 11353 21240.0000  118   27 21239.0000 21240.0000  0.00%  76.2  466s
 641519 11247 21240.0000  114   33 21239.0000 21240.0000  0.00%  76.4  470s
 646872 11096     cutoff  115      21239.0000 21240.0000  0.00%  76.6  475s
 652922 10903     cutoff   90      21239.0000 21240.0000  0.00%  76.8  480s
 659130 10939 21240.0000   89   32 21239.0000 21240.0000  0.00%  77.0  485s
 665381 10883     cutoff   99      21239.0000 21240.0000  0.00%  77.2  490s
 671070 10713 21240.0000   93   44 21239.0000 21240.0000  0.00%  77.5  495s
 678615 10591     cutoff   96      21239.0000 21240.0000  0.00%  77.8  501s
 684076 10401     cutoff  101      21239.0000 21240.0000  0.00%  78.1  505s
 689641 10197     cutoff   98      21239.0000 21240.0000  0.00%  78.3  510s
 695826  9986 21240.0000  105   43 21239.0000 21240.0000  0.00%  78.6  516s
 701336  9851 21240.0000  106   37 21239.0000 21240.0000  0.00%  78.8  520s
 706776  9729     cutoff  104      21239.0000 21240.0000  0.00%  79.0  525s
 712666  9405     cutoff  103      21239.0000 21240.0000  0.00%  79.3  530s
 718349  9539     cutoff  102      21239.0000 21240.0000  0.00%  79.6  536s
 723723  9436     cutoff  110      21239.0000 21240.0000  0.00%  79.8  541s
 727387  9292 21240.0000  105   45 21239.0000 21240.0000  0.00%  79.9  545s
 733013  9000     cutoff  111      21239.0000 21240.0000  0.00%  80.2  550s
 738653  8694 21240.0000   92   45 21239.0000 21240.0000  0.00%  80.4  555s
 744466  8446 infeasible  100      21239.0000 21240.0000  0.00%  80.6  560s
 750322  8047 21240.0000  104   34 21239.0000 21240.0000  0.00%  80.9  566s
 756205  7644 21240.0000   99   16 21239.0000 21240.0000  0.00%  81.1  571s
 761738  7253 infeasible   97      21239.0000 21240.0000  0.00%  81.4  576s
 767453  6985     cutoff   96      21239.0000 21240.0000  0.00%  81.6  581s
 771067  6904 21240.0000   96   38 21239.0000 21240.0000  0.00%  81.9  585s
 776483  6613 21240.0000   97   27 21239.0000 21240.0000  0.00%  82.1  590s
 782206  6692     cutoff   95      21239.0000 21240.0000  0.00%  82.4  596s
 788814  6491     cutoff  119      21239.0000 21240.0000  0.00%  82.4  601s
 794515  6170     cutoff   94      21239.0000 21240.0000  0.00%  82.6  606s
 798761  5755     cutoff   99      21239.0000 21240.0000  0.00%  82.9  610s
 803596  5402     cutoff  102      21239.0000 21240.0000  0.00%  83.2  615s
 808890  4942     cutoff   98      21239.0000 21240.0000  0.00%  83.4  621s
 814271  4459     cutoff  104      21239.0000 21240.0000  0.00%  83.6  626s
 818203  4117     cutoff  100      21239.0000 21240.0000  0.00%  83.7  630s
 823971  3687 21240.0000   96   37 21239.0000 21240.0000  0.00%  84.0  636s
 829116  3118 21240.0000   99   52 21239.0000 21240.0000  0.00%  84.2  641s
 834367  2495 21240.0000  106   39 21239.0000 21240.0000  0.00%  84.5  646s
 838262  2041 21240.0000  103   30 21239.0000 21240.0000  0.00%  84.6  650s
 844486  1407     cutoff  104      21239.0000 21240.0000  0.00%  84.8  656s
 850323   932 21240.0000   98   41 21239.0000 21240.0000  0.00%  85.0  661s
 855705   818     cutoff   91      21239.0000 21240.0000  0.00%  85.2  666s
 860990   589     cutoff  115      21239.0000 21240.0000  0.00%  85.3  671s
 866102   411 21240.0000  101   42 21239.0000 21240.0000  0.00%  85.5  676s

Cutting planes:
  Gomory: 8
  Cover: 845
  Clique: 5
  MIR: 115
  StrongCG: 72
  Flow cover: 15
  Zero half: 1

Explored 870108 nodes (74527111 simplex iterations) in 678.21 seconds
Thread count was 12 (of 12 available processors)

Solution count 10: 21239 21238 21237 ... 21189

Optimal solution found (tolerance 1.00e-12)
Best objective 2.123900000000e+04, best bound 2.123900000000e+04, gap 0.0000%
