
Gurobi 9.1.2 (win64, Java) logging started Mon Nov 15 10:52:28 2021

Academic license - for non-commercial use only - expires 2022-10-30
Gurobi Optimizer version 9.1.2 build v9.1.2rc0 (win64)
Thread count: 6 physical cores, 12 logical processors, using up to 12 threads
Optimize a model with 110 rows, 1000 columns and 2000 nonzeros
Model fingerprint: 0x3e43e5e6
Variable types: 0 continuous, 1000 integer (1000 binary)
Coefficient statistics:
  Matrix range     [1e+00, 1e+03]
  Objective range  [4e+00, 1e+03]
  Bounds range     [1e+00, 1e+00]
  RHS range        [1e+00, 3e+03]
Found heuristic solution: objective 31619.000000
Presolve time: 0.01s
Presolved: 110 rows, 1000 columns, 2000 nonzeros
Variable types: 0 continuous, 1000 integer (1000 binary)
Presolved: 110 rows, 1000 columns, 2000 nonzeros


Root relaxation: objective 4.350619e+04, 142 iterations, 0.00 seconds

    Nodes    |    Current Node    |     Objective Bounds      |     Work
 Expl Unexpl |  Obj  Depth IntInf | Incumbent    BestBd   Gap | It/Node Time

     0     0 43506.1913    0   12 31619.0000 43506.1913  37.6%     -    0s
H    0     0                    42829.000000 43506.1913  1.58%     -    0s
H    0     0                    42959.000000 43506.1913  1.27%     -    0s
     0     0 43481.0023    0   32 42959.0000 43481.0023  1.22%     -    0s
H    0     0                    43229.000000 43481.0023  0.58%     -    0s
     0     0 43469.6372    0   16 43229.0000 43469.6372  0.56%     -    0s
     0     0 43469.6372    0   14 43229.0000 43469.6372  0.56%     -    0s
H    0     0                    43246.000000 43469.6372  0.52%     -    0s
H    0     0                    43255.000000 43469.6372  0.50%     -    0s
     0     0 43469.6372    0   20 43255.0000 43469.6372  0.50%     -    0s
     0     0 43469.6372    0   26 43255.0000 43469.6372  0.50%     -    0s
     0     0 43469.6372    0   27 43255.0000 43469.6372  0.50%     -    0s
     0     0 43469.6372    0   14 43255.0000 43469.6372  0.50%     -    0s
     0     2 43469.6372    0   13 43255.0000 43469.6372  0.50%     -    0s
H   37    43                    43351.000091 43469.6372  0.27%  12.6    0s
H 3164  2524                    43431.000000 43469.6372  0.09%   5.7    1s
  6004  5921 43465.5000  153   17 43431.0000 43466.3845  0.08%   5.8    5s
 37568 26620 43453.2786   78   33 43431.0000 43454.4386  0.05%   3.6   10s
 37602 26644 43450.1573  120   35 43431.0000 43450.1573  0.04%   3.6   15s
 37636 26680 43450.1573   48   20 43431.0000 43450.1573  0.04%   3.7   20s
 104586 61777 43434.0099  256   11 43431.0000 43447.0000  0.04%   3.7   25s
 176647 110500 43447.0000  208   11 43431.0000 43447.0000  0.04%   3.6   30s
 248949 155910 43441.0066  271   11 43431.0000 43447.0000  0.04%   3.6   35s
H283611 118539                    43443.000000 43447.0000  0.01%   3.7   37s
 296585 121641 43447.0000  270   26 43443.0000 43447.0000  0.01%   3.8   40s
 312210 122267 43447.0000  241   14 43443.0000 43447.0000  0.01%   3.9   45s
 352514 114799 43447.0000  292   13 43443.0000 43447.0000  0.01%   4.0   50s
 383720 111498     cutoff  359      43443.0000 43447.0000  0.01%   4.1   55s
 405231 108975 43444.0033  359   13 43443.0000 43447.0000  0.01%   4.3   60s
 456504 98181 43445.8268  346   15 43443.0000 43447.0000  0.01%   4.2   65s
 495089 91230 43447.0000  341   15 43443.0000 43447.0000  0.01%   4.2   70s
 530209 84928 43447.0000  322   10 43443.0000 43447.0000  0.01%   4.2   75s
 568700 79237 43447.0000  333   20 43443.0000 43447.0000  0.01%   4.2   80s
 598969 74426     cutoff  356      43443.0000 43447.0000  0.01%   4.3   85s
 643187 65160     cutoff  352      43443.0000 43447.0000  0.01%   4.3   90s
 680963 64048 43445.5017  350   12 43443.0000 43447.0000  0.01%   4.3   95s
 718260 68383 43447.0000  352   13 43443.0000 43447.0000  0.01%   4.3  100s
 769412 76682     cutoff  265      43443.0000 43447.0000  0.01%   4.3  105s
 803416 80355 43447.0000  256   12 43443.0000 43447.0000  0.01%   4.3  110s
 853483 83546 43447.0000  269   11 43443.0000 43447.0000  0.01%   4.3  115s
 898198 86597 43447.0000  262   12 43443.0000 43447.0000  0.01%   4.4  120s
 925010 88912 43447.0000  252   12 43443.0000 43447.0000  0.01%   4.4  125s
 964952 93086     cutoff  260      43443.0000 43447.0000  0.01%   4.4  130s
 1002394 95343     cutoff  256      43443.0000 43447.0000  0.01%   4.4  135s
 1043074 103937 43447.0000  267   11 43443.0000 43447.0000  0.01%   4.4  140s
 1099276 109016     cutoff  259      43443.0000 43447.0000  0.01%   4.4  145s
 1134534 110537     cutoff  256      43443.0000 43447.0000  0.01%   4.4  150s
 1187090 114610     cutoff  266      43443.0000 43447.0000  0.01%   4.3  155s
 1249570 119551 43447.0000  276   11 43443.0000 43447.0000  0.01%   4.3  160s
 1286227 123506 43447.0000  257   15 43443.0000 43447.0000  0.01%   4.3  165s
 1330307 133174 43447.0000  273   13 43443.0000 43447.0000  0.01%   4.3  170s
 1376368 142350     cutoff  265      43443.0000 43447.0000  0.01%   4.3  175s
 1420938 150567 43447.0000  265   13 43443.0000 43447.0000  0.01%   4.3  180s
 1480007 161623     cutoff  242      43443.0000 43447.0000  0.01%   4.3  185s
 1496637 163945     cutoff  269      43443.0000 43447.0000  0.01%   4.3  190s
 1551054 172966     cutoff  259      43443.0000 43447.0000  0.01%   4.3  195s
 1578496 177824 43447.0000  264   11 43443.0000 43447.0000  0.01%   4.3  200s
 1613484 182129     cutoff  276      43443.0000 43447.0000  0.01%   4.4  205s
 1646652 185716 43447.0000  255   12 43443.0000 43447.0000  0.01%   4.4  210s
 1665156 187640 43447.0000  255   14 43443.0000 43447.0000  0.01%   4.4  218s
 1674402 189517     cutoff  251      43443.0000 43447.0000  0.01%   4.4  220s
 1701482 194322 43447.0000  255   11 43443.0000 43447.0000  0.01%   4.4  225s
 1729016 198960     cutoff  265      43443.0000 43447.0000  0.01%   4.4  230s
 1758983 203365 43447.0000  272   13 43443.0000 43447.0000  0.01%   4.4  235s
 1775349 205220     cutoff  260      43443.0000 43447.0000  0.01%   4.4  240s
 1790235 207980 43447.0000  246   13 43443.0000 43447.0000  0.01%   4.4  245s
 1813504 212374     cutoff  273      43443.0000 43447.0000  0.01%   4.4  250s
 1833549 214204     cutoff  255      43443.0000 43447.0000  0.01%   4.4  255s
 1849994 215993     cutoff  281      43443.0000 43447.0000  0.01%   4.4  260s
 1864646 217355 43447.0000  275   11 43443.0000 43447.0000  0.01%   4.4  265s
 1881281 219293     cutoff  266      43443.0000 43447.0000  0.01%   4.5  270s
 1914207 223886     cutoff  265      43443.0000 43447.0000  0.01%   4.5  275s
 1954007 227347     cutoff  251      43443.0000 43447.0000  0.01%   4.5  280s
 1993648 231234     cutoff  265      43443.0000 43447.0000  0.01%   4.5  285s
 2046746 235708 43447.0000  263   10 43443.0000 43447.0000  0.01%   4.5  290s
 2078022 239617 43447.0000  247   10 43443.0000 43447.0000  0.01%   4.5  295s
 2118244 243716     cutoff  256      43443.0000 43447.0000  0.01%   4.5  300s
 2157275 246970     cutoff  274      43443.0000 43447.0000  0.01%   4.5  305s
 2192431 248552 43447.0000  267   11 43443.0000 43447.0000  0.01%   4.5  310s
 2237762 252799 43447.0000  272    9 43443.0000 43447.0000  0.01%   4.6  315s
 2256414 254280 43447.0000  262   13 43443.0000 43447.0000  0.01%   4.6  320s
 2305814 261434 43447.0000  263   14 43443.0000 43447.0000  0.01%   4.6  325s
 2346420 269969 43447.0000  255   14 43443.0000 43447.0000  0.01%   4.6  330s
 2379663 275938 43447.0000  251   11 43443.0000 43447.0000  0.01%   4.6  336s
 2416207 279092     cutoff  267      43443.0000 43447.0000  0.01%   4.6  340s
 2439589 280991     cutoff  271      43443.0000 43447.0000  0.01%   4.6  345s
 2463113 283996 43447.0000  260   15 43443.0000 43447.0000  0.01%   4.6  350s
 2509730 289879 43447.0000  252   11 43443.0000 43447.0000  0.01%   4.6  355s
 2564319 295767 43447.0000  256   12 43443.0000 43447.0000  0.01%   4.6  360s
 2626952 301875 43447.0000  248   12 43443.0000 43447.0000  0.01%   4.7  365s
 2652468 305274 43446.2085  251   14 43443.0000 43447.0000  0.01%   4.7  370s
 2702385 312955     cutoff  272      43443.0000 43447.0000  0.01%   4.7  375s
 2738492 317833 43447.0000  253   12 43443.0000 43447.0000  0.01%   4.7  380s
 2779467 326108     cutoff  260      43443.0000 43447.0000  0.01%   4.7  385s
 2830338 336353     cutoff  254      43443.0000 43447.0000  0.01%   4.7  390s
 2856975 341650     cutoff  262      43443.0000 43447.0000  0.01%   4.7  395s
 2907327 350070     cutoff  264      43443.0000 43447.0000  0.01%   4.8  400s
 2948862 355010 43447.0000  261   10 43443.0000 43447.0000  0.01%   4.8  405s
 2979796 357090 43447.0000  253   13 43443.0000 43447.0000  0.01%   4.8  412s
 3015043 361710 43447.0000  267   16 43443.0000 43447.0000  0.01%   4.8  415s
 3042278 365350 43445.4170  257   13 43443.0000 43447.0000  0.01%   4.8  420s
 3096375 368244     cutoff  263      43443.0000 43447.0000  0.01%   4.8  425s
 3124264 368295 43447.0000  260   11 43443.0000 43447.0000  0.01%   4.8  430s
 3167105 371589 43447.0000  270   11 43443.0000 43447.0000  0.01%   4.8  435s
 3190457 374993 43447.0000  243   14 43443.0000 43447.0000  0.01%   4.8  440s
 3224151 379900 43447.0000  241   11 43443.0000 43447.0000  0.01%   4.8  445s
 3253909 382692     cutoff  245      43443.0000 43447.0000  0.01%   4.8  450s
 3279640 384664 43447.0000  233   14 43443.0000 43447.0000  0.01%   4.8  455s
 3303916 386934     cutoff  254      43443.0000 43447.0000  0.01%   4.8  460s
 3342686 389272 43447.0000  244   11 43443.0000 43447.0000  0.01%   4.8  465s
 3401212 393417 43447.0000  242   14 43443.0000 43447.0000  0.01%   4.9  470s
 3426893 395176     cutoff  250      43443.0000 43447.0000  0.01%   4.9  475s
 3476528 404325 43444.6255  255   15 43443.0000 43447.0000  0.01%   4.9  480s
 3512570 410664     cutoff  270      43443.0000 43447.0000  0.01%   4.9  485s
 3557633 418864 43445.4170  267   13 43443.0000 43447.0000  0.01%   4.9  490s
 3603126 425105 43445.4170  267   14 43443.0000 43447.0000  0.01%   4.9  495s
 3640733 430494 43447.0000  257   14 43443.0000 43447.0000  0.01%   4.9  500s
 3694895 436138 43446.2085  263   11 43443.0000 43447.0000  0.01%   4.9  505s
 3723571 436416     cutoff  266      43443.0000 43447.0000  0.01%   4.9  510s
 3775877 437281     cutoff  259      43443.0000 43447.0000  0.01%   4.9  515s
 3820440 437419 43444.6255  268   11 43443.0000 43447.0000  0.01%   4.9  520s
 3855356 438269     cutoff  247      43443.0000 43447.0000  0.01%   4.9  525s
 3910009 439627     cutoff  261      43443.0000 43447.0000  0.01%   4.9  530s
 3939085 442196 43447.0000  270   13 43443.0000 43447.0000  0.01%   4.9  535s
 3970553 443009     cutoff  258      43443.0000 43447.0000  0.01%   5.0  540s
 3990526 443482     cutoff  265      43443.0000 43447.0000  0.01%   5.0  545s
 4026544 445471     cutoff  255      43443.0000 43447.0000  0.01%   5.0  550s
 4051813 448123     cutoff  254      43443.0000 43447.0000  0.01%   5.0  555s
 4088058 451798     cutoff  256      43443.0000 43447.0000  0.01%   5.0  560s
 4126020 455332 43447.0000  258   14 43443.0000 43447.0000  0.01%   5.0  565s
 4154217 457346 infeasible  256      43443.0000 43447.0000  0.01%   5.0  570s
 4195967 459906 43447.0000  256   13 43443.0000 43447.0000  0.01%   5.0  575s
 4225998 462049     cutoff  281      43443.0000 43447.0000  0.01%   5.0  580s
 4260983 464402 43447.0000  275   13 43443.0000 43447.0000  0.01%   5.0  585s
 4294606 466533     cutoff  274      43443.0000 43447.0000  0.01%   5.1  590s
 4321447 467884 43447.0000  241   14 43443.0000 43447.0000  0.01%   5.1  595s
 4364611 469509 43447.0000  262   14 43443.0000 43447.0000  0.01%   5.1  600s
 4387980 471032 43447.0000  258   14 43443.0000 43447.0000  0.01%   5.1  605s
 4427599 473840     cutoff  263      43443.0000 43447.0000  0.01%   5.1  610s
 4452994 475101     cutoff  275      43443.0000 43447.0000  0.01%   5.1  615s
 4488252 476603 43447.0000  284   11 43443.0000 43447.0000  0.01%   5.1  620s
 4518796 477063 43447.0000  278   11 43443.0000 43447.0000  0.01%   5.1  625s
 4551194 477163 infeasible  279      43443.0000 43447.0000  0.01%   5.1  630s
 4590586 478236 43447.0000  271    9 43443.0000 43447.0000  0.01%   5.1  635s
 4614942 478542 infeasible  279      43443.0000 43447.0000  0.01%   5.1  640s
 4651544 478428     cutoff  273      43443.0000 43447.0000  0.01%   5.1  645s
 4685546 479080 43447.0000  282   12 43443.0000 43447.0000  0.01%   5.1  650s
 4718420 480156 43447.0000  268   11 43443.0000 43447.0000  0.01%   5.1  655s
 4757653 481299 43447.0000  277   12 43443.0000 43447.0000  0.01%   5.1  660s
 4784881 481386     cutoff  267      43443.0000 43447.0000  0.01%   5.1  665s
 4825821 482744 43447.0000  258   11 43443.0000 43447.0000  0.01%   5.1  670s
 4851009 483354 infeasible  266      43443.0000 43447.0000  0.01%   5.1  675s
 4890777 483868     cutoff  276      43443.0000 43447.0000  0.01%   5.1  680s
 4916844 484126 43447.0000  270   12 43443.0000 43447.0000  0.01%   5.1  685s
 4951703 484465     cutoff  269      43443.0000 43447.0000  0.01%   5.1  690s
 4982940 485353     cutoff  276      43443.0000 43447.0000  0.01%   5.1  695s
 5005321 485912     cutoff  263      43443.0000 43447.0000  0.01%   5.1  700s
 5039314 489158 43447.0000  252    9 43443.0000 43447.0000  0.01%   5.1  705s
 5064280 489776 43447.0000  263   10 43443.0000 43447.0000  0.01%   5.1  710s
 5096753 490505     cutoff  269      43443.0000 43447.0000  0.01%   5.1  715s
 5116820 491872 infeasible  271      43443.0000 43447.0000  0.01%   5.1  720s
 5155817 493588 43447.0000  276    8 43443.0000 43447.0000  0.01%   5.1  725s
 5177151 494819     cutoff  355      43443.0000 43447.0000  0.01%   5.1  730s
 5210582 497629     cutoff  361      43443.0000 43447.0000  0.01%   5.1  735s
 5232246 498911     cutoff  278      43443.0000 43447.0000  0.01%   5.1  740s
 5256169 500738     cutoff  249      43443.0000 43447.0000  0.01%   5.1  745s
 5292048 504295 43447.0000  257   13 43443.0000 43447.0000  0.01%   5.1  750s
 5320713 508519 43447.0000  276   12 43443.0000 43447.0000  0.01%   5.1  755s
 5351340 509889 43447.0000  258   12 43443.0000 43447.0000  0.01%   5.1  760s
 5372575 513705     cutoff  370      43443.0000 43447.0000  0.01%   5.1  765s
 5403669 518676 43447.0000  360   14 43443.0000 43447.0000  0.01%   5.1  770s
 5420413 520874 43447.0000  362   11 43443.0000 43447.0000  0.01%   5.1  775s
 5451984 524305     cutoff  356      43443.0000 43447.0000  0.01%   5.1  780s
 5471869 527267 43447.0000  352   12 43443.0000 43447.0000  0.01%   5.1  785s
 5495193 529869 43447.0000  254   10 43443.0000 43447.0000  0.01%   5.2  790s
 5523321 532962 43447.0000  358   12 43443.0000 43447.0000  0.01%   5.2  795s
 5537327 538022 43447.0000  251   11 43443.0000 43447.0000  0.01%   5.2  800s
 5589499 551279 43447.0000  285   14 43443.0000 43447.0000  0.01%   5.2  805s
 5612598 555667     cutoff  300      43443.0000 43447.0000  0.01%   5.1  810s
 5634488 559606 43447.0000  288   11 43443.0000 43447.0000  0.01%   5.1  815s
 5677723 565333 43447.0000  301   13 43443.0000 43447.0000  0.01%   5.1  820s
 5709028 569352 43447.0000  299    9 43443.0000 43447.0000  0.01%   5.1  825s
 5753192 575887     cutoff  302      43443.0000 43447.0000  0.01%   5.1  830s
 5793326 581450 43447.0000  296   13 43443.0000 43447.0000  0.01%   5.1  835s
 5821566 586220 43447.0000  308   11 43443.0000 43447.0000  0.01%   5.1  840s
 5866682 592810 43444.6255  303   11 43443.0000 43447.0000  0.01%   5.1  845s
 5891436 596978     cutoff  287      43443.0000 43447.0000  0.01%   5.1  850s
 5929118 602767     cutoff  294      43443.0000 43447.0000  0.01%   5.1  855s
 5967406 608997     cutoff  304      43443.0000 43447.0000  0.01%   5.1  860s
 6004336 615567     cutoff  293      43443.0000 43447.0000  0.01%   5.1  865s
 6037074 620997 43447.0000  294   14 43443.0000 43447.0000  0.01%   5.1  870s
 6079073 628486 43447.0000  291   13 43443.0000 43447.0000  0.01%   5.1  875s
 6106136 632410 43447.0000  296   12 43443.0000 43447.0000  0.01%   5.1  880s
 6145821 639422     cutoff  271      43443.0000 43447.0000  0.01%   5.1  885s
 6166777 643546 43447.0000  283   14 43443.0000 43447.0000  0.01%   5.1  890s
 6193497 648885     cutoff  272      43443.0000 43447.0000  0.01%   5.1  895s
 6234955 656433 43446.2085  298   14 43443.0000 43447.0000  0.01%   5.1  900s
 6267019 665377 43447.0000  288   13 43443.0000 43447.0000  0.01%   5.1  905s
 6287820 672874 43447.0000  272   16 43443.0000 43447.0000  0.01%   5.1  910s
 6316404 682809 43447.0000  311   14 43443.0000 43447.0000  0.01%   5.1  915s
 6354474 695563 43447.0000  296   13 43443.0000 43447.0000  0.01%   5.1  920s
 6374850 701780 43447.0000  310   11 43443.0000 43447.0000  0.01%   5.1  925s
 6413184 713799     cutoff  301      43443.0000 43447.0000  0.01%   5.1  930s
 6450958 723752 43447.0000  299   13 43443.0000 43447.0000  0.01%   5.1  935s
 6488294 730338 43447.0000  271   15 43443.0000 43447.0000  0.01%   5.1  940s
 6531281 734905     cutoff  280      43443.0000 43447.0000  0.01%   5.1  945s
 6573955 738521 43447.0000  335   12 43443.0000 43447.0000  0.01%   5.1  950s
 6617681 742480     cutoff  248      43443.0000 43447.0000  0.01%   5.1  955s
 6660632 746758 infeasible  265      43443.0000 43447.0000  0.01%   5.1  960s
 6700639 750639     cutoff  262      43443.0000 43447.0000  0.01%   5.1  965s
 6724541 753484 infeasible  255      43443.0000 43447.0000  0.01%   5.1  970s
 6747424 756074 43446.2085  247   12 43443.0000 43447.0000  0.01%   5.1  975s
 6774402 758834     cutoff  275      43443.0000 43447.0000  0.01%   5.1  980s
 6813213 765351 43447.0000  250   13 43443.0000 43447.0000  0.01%   5.1  985s
 6852153 770526     cutoff  259      43443.0000 43447.0000  0.01%   5.1  990s
 6892966 776986     cutoff  265      43443.0000 43447.0000  0.01%   5.1  995s
 6933495 780594 43447.0000  240   14 43443.0000 43447.0000  0.01%   5.1 1000s
 6971846 786912 43447.0000  269   11 43443.0000 43447.0000  0.01%   5.1 1005s
 6996053 789177     cutoff  267      43443.0000 43447.0000  0.01%   5.1 1010s
 7017274 792423 43447.0000  260   14 43443.0000 43447.0000  0.01%   5.1 1015s
 7054674 799831 43447.0000  256   12 43443.0000 43447.0000  0.01%   5.1 1020s
 7092318 805433 43447.0000  267   13 43443.0000 43447.0000  0.01%   5.2 1025s
 7130513 809404 43447.0000  263   12 43443.0000 43447.0000  0.01%   5.2 1030s
 7165493 812861 43447.0000  255   13 43443.0000 43447.0000  0.01%   5.2 1035s
 7201602 816811 43447.0000  253   12 43443.0000 43447.0000  0.01%   5.2 1040s
 7241378 821622 43447.0000  267   14 43443.0000 43447.0000  0.01%   5.2 1045s
 7282159 827029 43447.0000  255   12 43443.0000 43447.0000  0.01%   5.2 1050s
 7323370 830348 43447.0000  272   12 43443.0000 43447.0000  0.01%   5.2 1055s
 7364326 833183 infeasible  279      43443.0000 43447.0000  0.01%   5.2 1060s
 7404392 837824     cutoff  266      43443.0000 43447.0000  0.01%   5.2 1065s
 7430098 842047     cutoff  276      43443.0000 43447.0000  0.01%   5.2 1070s
 7468515 845496 43447.0000  255   13 43443.0000 43447.0000  0.01%   5.2 1075s
 7508366 849820     cutoff  279      43443.0000 43447.0000  0.01%   5.2 1080s
 7554342 852365     cutoff  270      43443.0000 43447.0000  0.01%   5.2 1085s
 7578630 853581 43447.0000  270   13 43443.0000 43447.0000  0.01%   5.2 1090s
 7617282 855953 43447.0000  269   13 43443.0000 43447.0000  0.01%   5.3 1095s
 7656429 862461 43444.6255  242   15 43443.0000 43447.0000  0.01%   5.3 1100s
 7693527 871172 43447.0000  246   13 43443.0000 43447.0000  0.01%   5.3 1105s
 7738121 878345 43447.0000  266   15 43443.0000 43447.0000  0.01%   5.3 1110s
 7799128 889743     cutoff  263      43443.0000 43447.0000  0.01%   5.3 1115s
 7862515 900276 43447.0000  260   14 43443.0000 43447.0000  0.01%   5.3 1120s
 7927990 909947     cutoff  233      43443.0000 43447.0000  0.01%   5.3 1125s
 7991545 918864     cutoff  262      43443.0000 43447.0000  0.01%   5.3 1130s
 8050722 928569     cutoff  250      43443.0000 43447.0000  0.01%   5.4 1135s
 8106217 936353     cutoff  272      43443.0000 43447.0000  0.01%   5.4 1140s
 8165334 944933     cutoff  268      43443.0000 43447.0000  0.01%   5.4 1145s
 8219257 949596 43447.0000  265   16 43443.0000 43447.0000  0.01%   5.4 1150s
 8282586 955107 43447.0000  257   13 43443.0000 43447.0000  0.01%   5.4 1155s
 8345615 960494 43447.0000  261   11 43443.0000 43447.0000  0.01%   5.4 1160s
 8412517 968989     cutoff  267      43443.0000 43447.0000  0.01%   5.4 1165s
 8479167 975312     cutoff  260      43443.0000 43447.0000  0.01%   5.4 1170s
 8545515 982218 43447.0000  253   13 43443.0000 43447.0000  0.01%   5.5 1175s
 8614501 989800 43446.2085  273   12 43443.0000 43447.0000  0.01%   5.5 1180s
 8680848 996217     cutoff  250      43443.0000 43447.0000  0.01%   5.5 1185s
 8745061 1002542 infeasible  255      43443.0000 43447.0000  0.01%   5.5 1190s
 8812875 1007929     cutoff  265      43443.0000 43447.0000  0.01%   5.5 1195s
 8862026 1011924 43447.0000  260   13 43443.0000 43447.0000  0.01%   5.5 1200s
 8917930 1017284     cutoff  273      43443.0000 43447.0000  0.01%   5.5 1205s
 8982742 1024924 43447.0000  266   12 43443.0000 43447.0000  0.01%   5.5 1210s
 9050702 1033613     cutoff  277      43443.0000 43447.0000  0.01%   5.5 1215s
 9112808 1044105 43447.0000  247   11 43443.0000 43447.0000  0.01%   5.5 1220s
 9173948 1058643 infeasible  246      43443.0000 43447.0000  0.01%   5.5 1225s
 9230944 1071368 43447.0000  255   16 43443.0000 43447.0000  0.01%   5.6 1230s
 9292816 1083190     cutoff  262      43443.0000 43447.0000  0.01%   5.6 1235s
 9354556 1092995 43447.0000  269   12 43443.0000 43447.0000  0.01%   5.6 1240s
 9421264 1102391     cutoff  271      43443.0000 43447.0000  0.01%   5.6 1245s
 9484914 1110915     cutoff  272      43443.0000 43447.0000  0.01%   5.6 1250s
 9546967 1123970 43447.0000  254   13 43443.0000 43447.0000  0.01%   5.6 1255s
 9607891 1135611 43447.0000  269   13 43443.0000 43447.0000  0.01%   5.6 1260s
 9639166 1138044     cutoff  250      43443.0000 43447.0000  0.01%   5.6 1265s
 9696652 1145154 43447.0000  215   10 43443.0000 43447.0000  0.01%   5.6 1270s
 9764135 1158609 43447.0000  332   12 43443.0000 43447.0000  0.01%   5.6 1275s
 9827899 1166241 43447.0000  369   14 43443.0000 43447.0000  0.01%   5.6 1280s
 9876669 1169029     cutoff  255      43443.0000 43447.0000  0.01%   5.6 1285s
 9947006 1173001 43447.0000  255   12 43443.0000 43447.0000  0.01%   5.6 1290s
 10016753 1177567     cutoff  276      43443.0000 43447.0000  0.01%   5.6 1295s
 10081841 1185050 43447.0000  258   13 43443.0000 43447.0000  0.01%   5.6 1300s
 10143597 1189946     cutoff  248      43443.0000 43447.0000  0.01%   5.6 1305s
 10199107 1194861     cutoff  267      43443.0000 43447.0000  0.01%   5.6 1310s
 10254851 1199475 43447.0000  248   14 43443.0000 43447.0000  0.01%   5.6 1315s
 10313116 1201912 43447.0000  242   15 43443.0000 43447.0000  0.01%   5.6 1320s
 10349901 1203865 infeasible  270      43443.0000 43447.0000  0.01%   5.6 1325s
 10397874 1207903     cutoff  343      43443.0000 43447.0000  0.01%   5.6 1330s
 10448036 1211374 43447.0000  337   13 43443.0000 43447.0000  0.01%   5.6 1336s
 10489144 1215984     cutoff  237      43443.0000 43447.0000  0.01%   5.6 1340s
 10544394 1219741 43447.0000  250   12 43443.0000 43447.0000  0.01%   5.6 1345s
 10600053 1222751 43447.0000  287   11 43443.0000 43447.0000  0.01%   5.6 1350s
 10653657 1228586     cutoff  369      43443.0000 43447.0000  0.01%   5.6 1355s
 10702880 1234012 43447.0000  364   11 43443.0000 43447.0000  0.01%   5.6 1360s
 10754194 1239380 43447.0000  331   13 43443.0000 43447.0000  0.01%   5.6 1365s
 10805755 1244658     cutoff  353      43443.0000 43447.0000  0.01%   5.6 1370s
 10856788 1249584 43447.0000  241   13 43443.0000 43447.0000  0.01%   5.6 1375s
 10908425 1254354 43447.0000  241   15 43443.0000 43447.0000  0.01%   5.6 1380s
 10965577 1265490 43447.0000  272   12 43443.0000 43447.0000  0.01%   5.6 1385s
 11025053 1270746 43447.0000  273   11 43443.0000 43447.0000  0.01%   5.6 1390s
 11071738 1273477 43447.0000  283    9 43443.0000 43447.0000  0.01%   5.6 1395s
 11132927 1277078     cutoff  271      43443.0000 43447.0000  0.01%   5.6 1400s
 11193723 1279570     cutoff  281      43443.0000 43447.0000  0.01%   5.6 1405s
 11257999 1282880     cutoff  294      43443.0000 43447.0000  0.01%   5.6 1410s
 11320757 1285525     cutoff  282      43443.0000 43447.0000  0.01%   5.6 1415s
 11381831 1287902 43445.9767  275   12 43443.0000 43447.0000  0.01%   5.6 1420s
 11442209 1291129     cutoff  294      43443.0000 43447.0000  0.01%   5.6 1425s
 11497521 1293834 43447.0000  273   10 43443.0000 43447.0000  0.01%   5.6 1430s
 11561462 1297032 43447.0000  289   11 43443.0000 43447.0000  0.01%   5.6 1435s
 11632594 1297620     cutoff  288      43443.0000 43447.0000  0.01%   5.6 1440s
 11705368 1297495     cutoff  274      43443.0000 43447.0000  0.01%   5.6 1445s
 11775949 1298357     cutoff  292      43443.0000 43447.0000  0.01%   5.6 1450s
 11848606 1298010     cutoff  288      43443.0000 43447.0000  0.01%   5.6 1455s
 11919116 1297448 43447.0000  274   12 43443.0000 43447.0000  0.01%   5.6 1460s
 11990008 1296526 43447.0000  287   11 43443.0000 43447.0000  0.01%   5.6 1465s
 12058309 1295197 43447.0000  281   11 43443.0000 43447.0000  0.01%   5.6 1470s
 12120568 1294201     cutoff  281      43443.0000 43447.0000  0.01%   5.6 1475s
 12191537 1292477 43447.0000  292    8 43443.0000 43447.0000  0.01%   5.6 1480s
 12257948 1290598 43447.0000  290    7 43443.0000 43447.0000  0.01%   5.6 1485s
 12316407 1289396 43447.0000  282    9 43443.0000 43447.0000  0.01%   5.6 1490s
 12377617 1287707 43447.0000  292    9 43443.0000 43447.0000  0.01%   5.6 1495s
 12435526 1286489     cutoff  285      43443.0000 43447.0000  0.01%   5.6 1500s
 12497318 1290126 43447.0000  282    9 43443.0000 43447.0000  0.01%   5.6 1505s
 12549194 1289630 43447.0000  266   10 43443.0000 43447.0000  0.01%   5.6 1510s
 12603259 1293495 43447.0000  272   12 43443.0000 43447.0000  0.01%   5.6 1515s
 12656172 1296259     cutoff  292      43443.0000 43447.0000  0.01%   5.6 1520s
 12702294 1298650 43447.0000  286   10 43443.0000 43447.0000  0.01%   5.6 1525s
 12767855 1302816 43447.0000  264   11 43443.0000 43447.0000  0.01%   5.6 1530s
 12834638 1305625 43447.0000  281   12 43443.0000 43447.0000  0.01%   5.6 1535s
 12905589 1307270 43447.0000  286   10 43443.0000 43447.0000  0.01%   5.6 1540s
 12974166 1309174 43446.2085  280   10 43443.0000 43447.0000  0.01%   5.6 1545s
 13041825 1311425 43447.0000  278   12 43443.0000 43447.0000  0.01%   5.6 1550s
 13107919 1313776     cutoff  273      43443.0000 43447.0000  0.01%   5.6 1555s
 13179207 1315516 43447.0000  275    9 43443.0000 43447.0000  0.01%   5.6 1560s
 13244568 1318703     cutoff  263      43443.0000 43447.0000  0.01%   5.6 1565s
 13303086 1321074     cutoff  292      43443.0000 43447.0000  0.01%   5.6 1570s
 13347250 1323242     cutoff  268      43443.0000 43447.0000  0.01%   5.6 1575s
 13403996 1325902     cutoff  287      43443.0000 43447.0000  0.01%   5.6 1580s
 13467788 1329069     cutoff  286      43443.0000 43447.0000  0.01%   5.6 1585s
 13536611 1331883 43447.0000  279   12 43443.0000 43447.0000  0.01%   5.6 1590s
 13603227 1333816 43447.0000  282   12 43443.0000 43447.0000  0.01%   5.6 1595s
 13667042 1336597 43447.0000  277    9 43443.0000 43447.0000  0.01%   5.6 1600s
 13724044 1339592 43447.0000  274   11 43443.0000 43447.0000  0.01%   5.6 1605s
 13786474 1343755     cutoff  300      43443.0000 43447.0000  0.01%   5.6 1610s
 13850801 1345729 43447.0000  286   11 43443.0000 43447.0000  0.01%   5.6 1615s
 13914922 1347703 43447.0000  290   12 43443.0000 43447.0000  0.01%   5.6 1620s
 13963072 1349221 43445.4170  284   11 43443.0000 43447.0000  0.01%   5.6 1625s
 14023203 1351241     cutoff  288      43443.0000 43447.0000  0.01%   5.6 1630s
 14087815 1353938     cutoff  275      43443.0000 43447.0000  0.01%   5.6 1635s
 14147489 1355407 43447.0000  284   11 43443.0000 43447.0000  0.01%   5.6 1640s
 14209178 1357403 43447.0000  297   11 43443.0000 43447.0000  0.01%   5.6 1645s
 14278342 1359949     cutoff  280      43443.0000 43447.0000  0.01%   5.6 1650s
 14350741 1362059     cutoff  297      43443.0000 43447.0000  0.01%   5.6 1655s
 14421160 1364778 43447.0000  284   12 43443.0000 43447.0000  0.01%   5.6 1660s
 14486905 1366748 43447.0000  284   11 43443.0000 43447.0000  0.01%   5.6 1665s
 14536350 1369993     cutoff  282      43443.0000 43447.0000  0.01%   5.6 1670s
 14589110 1372140     cutoff  288      43443.0000 43447.0000  0.01%   5.6 1675s
 14640146 1373521     cutoff  273      43443.0000 43447.0000  0.01%   5.6 1680s
 14691232 1374821 43447.0000  293   10 43443.0000 43447.0000  0.01%   5.6 1685s
 14735720 1375996     cutoff  293      43443.0000 43447.0000  0.01%   5.6 1690s
 14778184 1376919     cutoff  272      43443.0000 43447.0000  0.01%   5.6 1696s
 14805319 1378224 43447.0000  285   10 43443.0000 43447.0000  0.01%   5.6 1700s
 14854900 1380210     cutoff  293      43443.0000 43447.0000  0.01%   5.6 1705s
 14911766 1381678 43447.0000  286   11 43443.0000 43447.0000  0.01%   5.6 1710s
 14972008 1383683     cutoff  281      43443.0000 43447.0000  0.01%   5.6 1715s
 15033376 1384795 43447.0000  277   11 43443.0000 43447.0000  0.01%   5.6 1720s
 15093941 1386939     cutoff  299      43443.0000 43447.0000  0.01%   5.6 1725s
 15154902 1387911     cutoff  291      43443.0000 43447.0000  0.01%   5.6 1730s
 15213795 1388729 43447.0000  269   11 43443.0000 43447.0000  0.01%   5.6 1735s
 15273819 1390540     cutoff  268      43443.0000 43447.0000  0.01%   5.6 1740s
 15333435 1391855 43447.0000  277    8 43443.0000 43447.0000  0.01%   5.6 1745s
 15390498 1393367 43447.0000  271   10 43443.0000 43447.0000  0.01%   5.6 1750s
 15448730 1395257 43447.0000  276   11 43443.0000 43447.0000  0.01%   5.6 1755s
 15505761 1397115 43447.0000  273   10 43443.0000 43447.0000  0.01%   5.6 1760s
 15563576 1398857 43447.0000  289   10 43443.0000 43447.0000  0.01%   5.6 1765s
 15618940 1400488 43447.0000  277   12 43443.0000 43447.0000  0.01%   5.6 1770s
 15675264 1401521     cutoff  281      43443.0000 43447.0000  0.01%   5.6 1775s
 15723927 1404312 43447.0000  292   10 43443.0000 43447.0000  0.01%   5.6 1780s
 15772674 1405624 43447.0000  280   11 43443.0000 43447.0000  0.01%   5.6 1785s
 15814975 1406069     cutoff  293      43443.0000 43447.0000  0.01%   5.6 1790s
 15863101 1407060     cutoff  281      43443.0000 43447.0000  0.01%   5.6 1795s
 15912253 1408135 43447.0000  274   12 43443.0000 43447.0000  0.01%   5.6 1800s
 15960455 1409205 43447.0000  276   11 43443.0000 43447.0000  0.01%   5.6 1805s
 16005210 1411219 43447.0000  285   12 43443.0000 43447.0000  0.01%   5.6 1810s
 16053476 1412151 43447.0000  284    8 43443.0000 43447.0000  0.01%   5.6 1815s
 16104088 1413359     cutoff  301      43443.0000 43447.0000  0.01%   5.6 1820s
 16154282 1414106     cutoff  286      43443.0000 43447.0000  0.01%   5.6 1825s
 16202945 1414677 43447.0000  267   10 43443.0000 43447.0000  0.01%   5.6 1830s
 16241188 1416236     cutoff  287      43443.0000 43447.0000  0.01%   5.6 1835s
 16290138 1417362     cutoff  295      43443.0000 43447.0000  0.01%   5.6 1840s
 16337309 1418051     cutoff  291      43443.0000 43447.0000  0.01%   5.6 1845s
 16386719 1420208 43447.0000  289   10 43443.0000 43447.0000  0.01%   5.6 1850s
 16436610 1420921     cutoff  290      43443.0000 43447.0000  0.01%   5.6 1855s
 16494025 1421767     cutoff  283      43443.0000 43447.0000  0.01%   5.6 1860s
 16551420 1422673     cutoff  268      43443.0000 43447.0000  0.01%   5.6 1865s
 16607160 1424749     cutoff  280      43443.0000 43447.0000  0.01%   5.6 1870s
 16664017 1426236     cutoff  284      43443.0000 43447.0000  0.01%   5.6 1875s
 16719933 1427174     cutoff  289      43443.0000 43447.0000  0.01%   5.6 1880s
 16776589 1427817     cutoff  294      43443.0000 43447.0000  0.01%   5.6 1885s
 16831949 1429387 43447.0000  291    9 43443.0000 43447.0000  0.01%   5.6 1890s
 16887584 1433646     cutoff  278      43443.0000 43447.0000  0.01%   5.6 1895s
 16931228 1435262     cutoff  288      43443.0000 43447.0000  0.01%   5.6 1900s
 16977339 1436817 43447.0000  289    9 43443.0000 43447.0000  0.01%   5.6 1905s
 17039352 1437712 43447.0000  289   10 43443.0000 43447.0000  0.01%   5.6 1910s
 17097004 1439131     cutoff  290      43443.0000 43447.0000  0.01%   5.6 1915s
 17153355 1440995 43447.0000  287   11 43443.0000 43447.0000  0.01%   5.6 1920s
 17209012 1442360     cutoff  293      43443.0000 43447.0000  0.01%   5.6 1925s
 17264686 1443812 43447.0000  284   13 43443.0000 43447.0000  0.01%   5.6 1930s
 17322390 1446168 43447.0000  278   12 43443.0000 43447.0000  0.01%   5.6 1935s
 17380932 1447262 43447.0000  270    9 43443.0000 43447.0000  0.01%   5.6 1940s
 17436452 1448469 43447.0000  287   12 43443.0000 43447.0000  0.01%   5.6 1945s
 17493198 1449874     cutoff  295      43443.0000 43447.0000  0.01%   5.6 1950s
 17529670 1451356     cutoff  266      43443.0000 43447.0000  0.01%   5.6 1955s
 17578563 1453270 43447.0000  266   12 43443.0000 43447.0000  0.01%   5.6 1960s
 17625541 1454650     cutoff  292      43443.0000 43447.0000  0.01%   5.6 1965s
 17672957 1456020 43447.0000  285   12 43443.0000 43447.0000  0.01%   5.6 1970s
 17728102 1457872 infeasible  273      43443.0000 43447.0000  0.01%   5.6 1975s
 17772762 1459778 43447.0000  277   12 43443.0000 43447.0000  0.01%   5.6 1980s
 17826238 1462393 43447.0000  274   10 43443.0000 43447.0000  0.01%   5.6 1985s
 17876425 1465085     cutoff  284      43443.0000 43447.0000  0.01%   5.6 1990s
 17925501 1469870     cutoff  273      43443.0000 43447.0000  0.01%   5.6 1995s
 17972943 1473986     cutoff  300      43443.0000 43447.0000  0.01%   5.6 2000s
 18014900 1474776 infeasible  299      43443.0000 43447.0000  0.01%   5.6 2005s
 18060780 1475239     cutoff  269      43443.0000 43447.0000  0.01%   5.6 2010s
 18107680 1475865     cutoff  280      43443.0000 43447.0000  0.01%   5.6 2015s
 18156606 1476783     cutoff  278      43443.0000 43447.0000  0.01%   5.6 2020s
 18197800 1477481     cutoff  292      43443.0000 43447.0000  0.01%   5.6 2025s
 18245800 1478643     cutoff  291      43443.0000 43447.0000  0.01%   5.6 2030s
 18295374 1479098 43447.0000  292    9 43443.0000 43447.0000  0.01%   5.6 2035s
 18343630 1479513     cutoff  298      43443.0000 43447.0000  0.01%   5.6 2040s
 18383344 1479714     cutoff  295      43443.0000 43447.0000  0.01%   5.6 2045s
 18431642 1480326 43447.0000  286   11 43443.0000 43447.0000  0.01%   5.6 2050s
 18478965 1480812     cutoff  291      43443.0000 43447.0000  0.01%   5.6 2055s
 18525876 1481550     cutoff  283      43443.0000 43447.0000  0.01%   5.6 2060s
 18573829 1482368 43447.0000  262   11 43443.0000 43447.0000  0.01%   5.6 2065s
 18623054 1483368 43447.0000  281   12 43443.0000 43447.0000  0.01%   5.6 2070s
 18671234 1484039 43447.0000  268   10 43443.0000 43447.0000  0.01%   5.6 2075s
 18720296 1485646     cutoff  293      43443.0000 43447.0000  0.01%   5.6 2080s
 18767912 1486374 43447.0000  289   11 43443.0000 43447.0000  0.01%   5.6 2085s
 18807620 1486769     cutoff  277      43443.0000 43447.0000  0.01%   5.6 2090s
 18855512 1487837     cutoff  270      43443.0000 43447.0000  0.01%   5.6 2095s
 18902847 1488558 43447.0000  265   10 43443.0000 43447.0000  0.01%   5.6 2100s
 18950366 1489403 43447.0000  280   10 43443.0000 43447.0000  0.01%   5.7 2105s
 18984966 1489865 43447.0000  279   11 43443.0000 43447.0000  0.01%   5.7 2110s
 19033399 1490984     cutoff  276      43443.0000 43447.0000  0.01%   5.7 2115s
 19081545 1493670 43447.0000  275   11 43443.0000 43447.0000  0.01%   5.7 2120s
 19121879 1494838 43447.0000  279   12 43443.0000 43447.0000  0.01%   5.7 2125s
 19171428 1496448     cutoff  266      43443.0000 43447.0000  0.01%   5.7 2130s
 19220913 1497477     cutoff  285      43443.0000 43447.0000  0.01%   5.7 2135s
 19273109 1497933 43447.0000  290    8 43443.0000 43447.0000  0.01%   5.7 2140s
 19323372 1499111 43447.0000  286   11 43443.0000 43447.0000  0.01%   5.7 2145s
 19371728 1500368     cutoff  285      43443.0000 43447.0000  0.01%   5.7 2150s
 19421395 1501343 43446.2085  284    9 43443.0000 43447.0000  0.01%   5.7 2155s
 19473848 1501791 43447.0000  274   11 43443.0000 43447.0000  0.01%   5.7 2160s
 19523609 1502707     cutoff  286      43443.0000 43447.0000  0.01%   5.7 2165s
 19570937 1503802 43447.0000  284   10 43443.0000 43447.0000  0.01%   5.7 2170s
 19620933 1505208 43447.0000  294   12 43443.0000 43447.0000  0.01%   5.7 2175s
 19671472 1506205     cutoff  283      43443.0000 43447.0000  0.01%   5.7 2180s
 19723548 1506889     cutoff  287      43443.0000 43447.0000  0.01%   5.7 2185s
 19762405 1507021 43447.0000  287    9 43443.0000 43447.0000  0.01%   5.7 2190s
 19807963 1508545 43447.0000  274   13 43443.0000 43447.0000  0.01%   5.7 2195s
 19849010 1510092 43447.0000  272   10 43443.0000 43447.0000  0.01%   5.7 2200s
 19882496 1512851 infeasible  273      43443.0000 43447.0000  0.01%   5.7 2205s
 19923831 1515599 43447.0000  274   11 43443.0000 43447.0000  0.01%   5.7 2210s
 19965472 1517917 43447.0000  270   12 43443.0000 43447.0000  0.01%   5.7 2215s
 20009485 1521428     cutoff  280      43443.0000 43447.0000  0.01%   5.7 2220s
 20050287 1526238 43447.0000  272   14 43443.0000 43447.0000  0.01%   5.7 2225s
 20091765 1530444 43447.0000  273   12 43443.0000 43447.0000  0.01%   5.7 2230s
 20130910 1533136 43447.0000  286   10 43443.0000 43447.0000  0.01%   5.7 2235s
 20170502 1535730 43447.0000  268   11 43443.0000 43447.0000  0.01%   5.7 2240s
 20211590 1539065 43447.0000  266   14 43443.0000 43447.0000  0.01%   5.7 2245s
 20253004 1541589     cutoff  273      43443.0000 43447.0000  0.01%   5.7 2250s
 20294539 1543693 43447.0000  270   13 43443.0000 43447.0000  0.01%   5.7 2255s
 20336826 1546451 infeasible  262      43443.0000 43447.0000  0.01%   5.7 2260s
 20379578 1548693     cutoff  284      43443.0000 43447.0000  0.01%   5.7 2265s
 20420323 1551205 infeasible  287      43443.0000 43447.0000  0.01%   5.8 2270s
 20463981 1553166 infeasible  272      43443.0000 43447.0000  0.01%   5.8 2275s
 20503492 1556613     cutoff  277      43443.0000 43447.0000  0.01%   5.8 2280s
 20541105 1558881 infeasible  273      43443.0000 43447.0000  0.01%   5.8 2285s
 20579472 1561333 43447.0000  277   13 43443.0000 43447.0000  0.01%   5.8 2290s
 20618971 1564380 infeasible  271      43443.0000 43447.0000  0.01%   5.8 2295s
 20658662 1566359 infeasible  271      43443.0000 43447.0000  0.01%   5.8 2300s
 20697782 1568455 43447.0000  271   11 43443.0000 43447.0000  0.01%   5.8 2305s
 20741601 1571488     cutoff  274      43443.0000 43447.0000  0.01%   5.8 2310s
 20785421 1573006 43447.0000  272   12 43443.0000 43447.0000  0.01%   5.8 2315s
 20833088 1573194     cutoff  282      43443.0000 43447.0000  0.01%   5.8 2320s
 20878030 1573696 43447.0000  284   11 43443.0000 43447.0000  0.01%   5.8 2325s
 20917171 1573791     cutoff  287      43443.0000 43447.0000  0.01%   5.8 2330s
 20964012 1573787 43447.0000  279   10 43443.0000 43447.0000  0.01%   5.8 2335s
 21009894 1574608     cutoff  291      43443.0000 43447.0000  0.01%   5.8 2340s
 21056642 1576684 43447.0000  273   11 43443.0000 43447.0000  0.01%   5.8 2345s
 21107372 1577383 43447.0000  289   11 43443.0000 43447.0000  0.01%   5.8 2350s
 21157354 1577864     cutoff  289      43443.0000 43447.0000  0.01%   5.8 2355s
 21204065 1578641 43447.0000  286   12 43443.0000 43447.0000  0.01%   5.8 2360s
 21254044 1579348     cutoff  290      43443.0000 43447.0000  0.01%   5.8 2365s
 21299122 1579895     cutoff  281      43443.0000 43447.0000  0.01%   5.8 2370s
 21349434 1580910     cutoff  276      43443.0000 43447.0000  0.01%   5.8 2375s
 21399249 1581761 43447.0000  297    9 43443.0000 43447.0000  0.01%   5.8 2380s
 21445965 1583192 43447.0000  297   10 43443.0000 43447.0000  0.01%   5.8 2385s
 21493978 1583838 43446.2085  282   10 43443.0000 43447.0000  0.01%   5.8 2390s
 21532668 1584144 43447.0000  305   10 43443.0000 43447.0000  0.01%   5.8 2395s
 21573397 1584441 43447.0000  303   12 43443.0000 43447.0000  0.01%   5.8 2400s
 21628263 1584847     cutoff  290      43443.0000 43447.0000  0.01%   5.8 2405s
 21675233 1585186 43447.0000  294   12 43443.0000 43447.0000  0.01%   5.8 2410s
 21722140 1585260 43447.0000  297    8 43443.0000 43447.0000  0.01%   5.8 2415s
 21768975 1585527 43446.2085  292   13 43443.0000 43447.0000  0.01%   5.8 2420s
 21818857 1585770     cutoff  281      43443.0000 43447.0000  0.01%   5.8 2425s
 21865981 1585889     cutoff  284      43443.0000 43447.0000  0.01%   5.8 2430s
 21912049 1586461     cutoff  289      43443.0000 43447.0000  0.01%   5.8 2435s
 21954701 1587388 43447.0000  292   10 43443.0000 43447.0000  0.01%   5.8 2440s
 22003406 1587996 infeasible  278      43443.0000 43447.0000  0.01%   5.8 2445s
 22049362 1588833     cutoff  277      43443.0000 43447.0000  0.01%   5.8 2450s
 22096807 1589679 43447.0000  279   12 43443.0000 43447.0000  0.01%   5.8 2455s
 22139768 1590134 43447.0000  290   11 43443.0000 43447.0000  0.01%   5.8 2460s
 22179431 1590341     cutoff  297      43443.0000 43447.0000  0.01%   5.8 2465s
 22226116 1592333     cutoff  280      43443.0000 43447.0000  0.01%   5.8 2470s
 22272701 1592592 43447.0000  292   10 43443.0000 43447.0000  0.01%   5.8 2475s
 22318170 1592108 43447.0000  291   10 43443.0000 43447.0000  0.01%   5.8 2480s
 22368169 1592164     cutoff  303      43443.0000 43447.0000  0.01%   5.8 2485s
 22414858 1592493     cutoff  297      43443.0000 43447.0000  0.01%   5.8 2490s
 22461091 1592838 43447.0000  274   12 43443.0000 43447.0000  0.01%   5.8 2495s
 22507817 1593163     cutoff  311      43443.0000 43447.0000  0.01%   5.8 2500s
 22548364 1593796     cutoff  276      43443.0000 43447.0000  0.01%   5.8 2505s
 22590186 1593792     cutoff  298      43443.0000 43447.0000  0.01%   5.8 2510s
 22638940 1593493 43447.0000  290   10 43443.0000 43447.0000  0.01%   5.8 2515s
 22688841 1593800 43447.0000  290   10 43443.0000 43447.0000  0.01%   5.8 2520s
 22735349 1593585     cutoff  309      43443.0000 43447.0000  0.01%   5.8 2525s
 22784158 1593916     cutoff  294      43443.0000 43447.0000  0.01%   5.8 2530s
 22831080 1594105 43447.0000  302   11 43443.0000 43447.0000  0.01%   5.8 2535s
 22869261 1594652     cutoff  300      43443.0000 43447.0000  0.01%   5.8 2540s
 22915758 1594279 43447.0000  286   12 43443.0000 43447.0000  0.01%   5.8 2545s
 22970051 1594444     cutoff  304      43443.0000 43447.0000  0.01%   5.8 2550s
 23016921 1595086 43447.0000  295   11 43443.0000 43447.0000  0.01%   5.8 2555s
 23078175 1596111     cutoff  294      43443.0000 43447.0000  0.01%   5.8 2560s
 23138989 1597091 43447.0000  298   10 43443.0000 43447.0000  0.01%   5.8 2565s
 23202971 1598230     cutoff  291      43443.0000 43447.0000  0.01%   5.8 2570s
 23269216 1598212 43447.0000  283   12 43443.0000 43447.0000  0.01%   5.8 2575s
 23332824 1598461     cutoff  279      43443.0000 43447.0000  0.01%   5.8 2580s
 23397852 1599123 43447.0000  268   10 43443.0000 43447.0000  0.01%   5.8 2585s
 23463011 1599700 43447.0000  281   11 43443.0000 43447.0000  0.01%   5.8 2590s
 23522340 1601317 43447.0000  261   12 43443.0000 43447.0000  0.01%   5.8 2595s
 23583856 1603221     cutoff  271      43443.0000 43447.0000  0.01%   5.8 2600s
 23648868 1604316     cutoff  275      43443.0000 43447.0000  0.01%   5.8 2605s
 23709555 1604753     cutoff  294      43443.0000 43447.0000  0.01%   5.8 2610s
 23772905 1605972 43447.0000  273   10 43443.0000 43447.0000  0.01%   5.8 2615s
 23837886 1606287 43445.4170  275   14 43443.0000 43447.0000  0.01%   5.8 2620s
 23898391 1607842 43447.0000  270   12 43443.0000 43447.0000  0.01%   5.8 2625s
 23959202 1608943     cutoff  292      43443.0000 43447.0000  0.01%   5.8 2630s
 24020934 1609236 43447.0000  278   12 43443.0000 43447.0000  0.01%   5.8 2635s
 24093179 1610889     cutoff  271      43443.0000 43447.0000  0.01%   5.8 2640s
 24164217 1610926     cutoff  287      43443.0000 43447.0000  0.01%   5.8 2645s
 24234580 1611400     cutoff  302      43443.0000 43447.0000  0.01%   5.8 2650s
 24298345 1611293 43447.0000  292   10 43443.0000 43447.0000  0.01%   5.8 2655s
 24350478 1611005     cutoff  268      43443.0000 43447.0000  0.01%   5.8 2660s
 24398475 1610884     cutoff  295      43443.0000 43447.0000  0.01%   5.8 2665s
 24460766 1610338     cutoff  274      43443.0000 43447.0000  0.01%   5.8 2670s
 24522886 1610362     cutoff  303      43443.0000 43447.0000  0.01%   5.8 2675s
 24565711 1611066 43446.2085  280    8 43443.0000 43447.0000  0.01%   5.8 2680s
 24623609 1611940     cutoff  275      43443.0000 43447.0000  0.01%   5.8 2685s
 24680351 1612687     cutoff  289      43443.0000 43447.0000  0.01%   5.8 2690s
 24739699 1613108     cutoff  279      43443.0000 43447.0000  0.01%   5.8 2695s
 24801139 1614077     cutoff  281      43443.0000 43447.0000  0.01%   5.8 2700s
 24860437 1616810 43447.0000  283   10 43443.0000 43447.0000  0.01%   5.8 2705s
 24917539 1617072 43447.0000  286   12 43443.0000 43447.0000  0.01%   5.8 2710s
 24973414 1619370 43447.0000  291   10 43443.0000 43447.0000  0.01%   5.8 2715s
 25033045 1619890 infeasible  296      43443.0000 43447.0000  0.01%   5.8 2720s
 25092025 1620090     cutoff  284      43443.0000 43447.0000  0.01%   5.8 2725s
 25152153 1620983     cutoff  288      43443.0000 43447.0000  0.01%   5.8 2730s
 25202545 1622832 43447.0000  296    9 43443.0000 43447.0000  0.01%   5.8 2735s
 25265726 1625428 43447.0000  295   12 43443.0000 43447.0000  0.01%   5.8 2740s
 25339424 1626408     cutoff  284      43443.0000 43447.0000  0.01%   5.8 2745s
 25405217 1627056 43447.0000  290   11 43443.0000 43447.0000  0.01%   5.8 2750s
 25480729 1628356 43447.0000  278   11 43443.0000 43447.0000  0.01%   5.8 2755s
 25555963 1629108 43447.0000  294   10 43443.0000 43447.0000  0.01%   5.8 2760s
 25626236 1630652 43447.0000  299   11 43443.0000 43447.0000  0.01%   5.8 2765s
 25692614 1630910     cutoff  285      43443.0000 43447.0000  0.01%   5.8 2770s
 25765545 1632436 43447.0000  280   10 43443.0000 43447.0000  0.01%   5.8 2775s
 25841083 1632827 43447.0000  282    9 43443.0000 43447.0000  0.01%   5.8 2780s
 25914951 1633963 43447.0000  303   10 43443.0000 43447.0000  0.01%   5.8 2785s
 25990338 1636155 43447.0000  295   10 43443.0000 43447.0000  0.01%   5.8 2790s
 26063568 1635722 43447.0000  279   13 43443.0000 43447.0000  0.01%   5.8 2795s
 26120625 1637906     cutoff  301      43443.0000 43447.0000  0.01%   5.8 2800s
 26191455 1638988     cutoff  292      43443.0000 43447.0000  0.01%   5.8 2805s
 26264314 1641335 43447.0000  289   11 43443.0000 43447.0000  0.01%   5.8 2810s
 26333530 1645393     cutoff  298      43443.0000 43447.0000  0.01%   5.8 2815s
 26402798 1645926 43447.0000  289    8 43443.0000 43447.0000  0.01%   5.8 2820s
 26484253 1646329 43446.2085  286    8 43443.0000 43447.0000  0.01%   5.8 2825s
 26564486 1647061     cutoff  285      43443.0000 43447.0000  0.01%   5.7 2830s
 26645882 1646762     cutoff  292      43443.0000 43447.0000  0.01%   5.7 2835s
 26728653 1647587 43447.0000  301    8 43443.0000 43447.0000  0.01%   5.7 2840s
 26813251 1646886 43447.0000  285    9 43443.0000 43447.0000  0.01%   5.7 2845s
 26895706 1648025 43447.0000  290    8 43443.0000 43447.0000  0.01%   5.7 2850s
 26979405 1647576 43447.0000  293    8 43443.0000 43447.0000  0.01%   5.7 2855s
 27065287 1647545     cutoff  296      43443.0000 43447.0000  0.01%   5.7 2860s
 27146585 1647660     cutoff  290      43443.0000 43447.0000  0.01%   5.7 2865s
 27229277 1649284     cutoff  302      43443.0000 43447.0000  0.01%   5.7 2870s
 27313785 1649882 43447.0000  295   10 43443.0000 43447.0000  0.01%   5.7 2875s
 27360920 1649620 43447.0000  287   10 43443.0000 43447.0000  0.01%   5.7 2880s
 27447589 1649728 43447.0000  284    9 43443.0000 43447.0000  0.01%   5.7 2885s
 27532153 1649947 43446.2085  293    9 43443.0000 43447.0000  0.01%   5.7 2890s
 27614385 1650186     cutoff  296      43443.0000 43447.0000  0.01%   5.7 2895s
 27698599 1650143 43447.0000  282    9 43443.0000 43447.0000  0.01%   5.7 2900s
 27775388 1650644 43447.0000  278   10 43443.0000 43447.0000  0.01%   5.7 2905s
 27851666 1651007 43447.0000  294    6 43443.0000 43447.0000  0.01%   5.7 2910s
 27928925 1651159     cutoff  284      43443.0000 43447.0000  0.01%   5.7 2915s
 28006637 1651511 43445.4170  282    9 43443.0000 43447.0000  0.01%   5.7 2920s
 28087419 1653188 43446.2085  294    9 43443.0000 43447.0000  0.01%   5.6 2925s
 28165252 1653568 43447.0000  289    8 43443.0000 43447.0000  0.01%   5.6 2930s
 28229754 1653775     cutoff  286      43443.0000 43447.0000  0.01%   5.6 2935s
 28311034 1655111 43447.0000  282    9 43443.0000 43447.0000  0.01%   5.6 2940s
 28387219 1655137     cutoff  294      43443.0000 43447.0000  0.01%   5.6 2945s
 28465176 1655960 43447.0000  282    9 43443.0000 43447.0000  0.01%   5.6 2950s
 28547237 1657335 43447.0000  287    7 43443.0000 43447.0000  0.01%   5.6 2955s
 28629064 1657690 43447.0000  290    9 43443.0000 43447.0000  0.01%   5.6 2960s
 28704504 1658080     cutoff  283      43443.0000 43447.0000  0.01%   5.6 2965s
 28778978 1658528 43447.0000  276   10 43443.0000 43447.0000  0.01%   5.6 2970s
 28856109 1660981     cutoff  291      43443.0000 43447.0000  0.01%   5.6 2975s
 28929537 1660819     cutoff  295      43443.0000 43447.0000  0.01%   5.6 2980s
 29005434 1661124 43446.2085  283    9 43443.0000 43447.0000  0.01%   5.6 2985s
 29084217 1662139 43447.0000  281    8 43443.0000 43447.0000  0.01%   5.6 2990s
 29162867 1662170     cutoff  280      43443.0000 43447.0000  0.01%   5.6 2995s
 29242187 1662461 43447.0000  281    9 43443.0000 43447.0000  0.01%   5.6 3000s
 29324361 1662826 43446.2085  295    8 43443.0000 43447.0000  0.01%   5.6 3005s
 29403986 1663257     cutoff  287      43443.0000 43447.0000  0.01%   5.6 3010s
 29481771 1664875 43447.0000  299    9 43443.0000 43447.0000  0.01%   5.6 3015s
 29561714 1665062 43447.0000  293    8 43443.0000 43447.0000  0.01%   5.6 3020s
 29643234 1664678 43447.0000  291    8 43443.0000 43447.0000  0.01%   5.6 3025s
 29707064 1664999 43447.0000  288    9 43443.0000 43447.0000  0.01%   5.6 3030s
 29784981 1665561     cutoff  290      43443.0000 43447.0000  0.01%   5.6 3035s
 29861342 1665744     cutoff  296      43443.0000 43447.0000  0.01%   5.6 3040s
 29941224 1666777     cutoff  292      43443.0000 43447.0000  0.01%   5.6 3045s
 30011186 1666866     cutoff  292      43443.0000 43447.0000  0.01%   5.5 3050s
 30085963 1666931 43447.0000  283    9 43443.0000 43447.0000  0.01%   5.5 3055s
 30164830 1667232     cutoff  294      43443.0000 43447.0000  0.01%   5.5 3060s
 30225127 1667769     cutoff  288      43443.0000 43447.0000  0.01%   5.5 3065s
 30297845 1667899     cutoff  288      43443.0000 43447.0000  0.01%   5.5 3070s
 30361802 1668960 43447.0000  272    8 43443.0000 43447.0000  0.01%   5.5 3075s
 30437060 1669072 43447.0000  293    9 43443.0000 43447.0000  0.01%   5.5 3080s
 30510380 1669961     cutoff  278      43443.0000 43447.0000  0.01%   5.5 3085s
 30590171 1670411 43447.0000  285    9 43443.0000 43447.0000  0.01%   5.5 3090s
 30670287 1670385 43447.0000  285    9 43443.0000 43447.0000  0.01%   5.5 3095s
 30744933 1673373     cutoff  295      43443.0000 43447.0000  0.01%   5.5 3100s
 30823007 1673471 43447.0000  289    8 43443.0000 43447.0000  0.01%   5.5 3105s
 30899245 1673672     cutoff  284      43443.0000 43447.0000  0.01%   5.5 3110s
 30975230 1673828 infeasible  292      43443.0000 43447.0000  0.01%   5.5 3115s
 31051700 1674901     cutoff  284      43443.0000 43447.0000  0.01%   5.5 3120s
 31127565 1675743     cutoff  284      43443.0000 43447.0000  0.01%   5.5 3125s
 31201605 1676089 43446.2085  284    8 43443.0000 43447.0000  0.01%   5.5 3130s
 31267053 1676935 43447.0000  288   10 43443.0000 43447.0000  0.01%   5.5 3135s
 31334388 1677486     cutoff  293      43443.0000 43447.0000  0.01%   5.5 3140s
 31416643 1677486 43447.0000  280   10 43443.0000 43447.0000  0.01%   5.5 3145s
 31480632 1677512 43447.0000  282   10 43443.0000 43447.0000  0.01%   5.5 3150s
 31559071 1677805     cutoff  293      43443.0000 43447.0000  0.01%   5.5 3155s
 31635708 1678988 43447.0000  284    9 43443.0000 43447.0000  0.01%   5.5 3160s
 31715768 1678579 43447.0000  282    9 43443.0000 43447.0000  0.01%   5.5 3165s
 31788220 1678561     cutoff  296      43443.0000 43447.0000  0.01%   5.5 3170s
 31863334 1679519     cutoff  283      43443.0000 43447.0000  0.01%   5.5 3175s
 31936762 1679663     cutoff  291      43443.0000 43447.0000  0.01%   5.5 3180s
 32010270 1679848 43447.0000  278   10 43443.0000 43447.0000  0.01%   5.5 3185s
 32091669 1681661     cutoff  279      43443.0000 43447.0000  0.01%   5.5 3190s
 32177888 1682934 43447.0000  294    9 43443.0000 43447.0000  0.01%   5.4 3195s
 32265521 1683837     cutoff  285      43443.0000 43447.0000  0.01%   5.4 3200s
 32347071 1685187 43447.0000  281   10 43443.0000 43447.0000  0.01%   5.4 3205s
 32409658 1685107 43447.0000  292    8 43443.0000 43447.0000  0.01%   5.4 3210s
 32488121 1686023     cutoff  300      43443.0000 43447.0000  0.01%   5.4 3215s
 32568167 1685866 43447.0000  295   10 43443.0000 43447.0000  0.01%   5.4 3220s
 32628952 1685736     cutoff  302      43443.0000 43447.0000  0.01%   5.4 3225s
 32709399 1685902     cutoff  286      43443.0000 43447.0000  0.01%   5.4 3230s
 32789797 1685837     cutoff  293      43443.0000 43447.0000  0.01%   5.4 3235s
 32869913 1687002     cutoff  284      43443.0000 43447.0000  0.01%   5.4 3240s
 32945968 1687244     cutoff  296      43443.0000 43447.0000  0.01%   5.4 3245s
 33025017 1686750 43447.0000  285    9 43443.0000 43447.0000  0.01%   5.4 3250s
 33105828 1686678 43447.0000  291    7 43443.0000 43447.0000  0.01%   5.4 3255s
 33181956 1687176 43447.0000  294    9 43443.0000 43447.0000  0.01%   5.4 3260s
 33260287 1688192 43446.2085  304   14 43443.0000 43447.0000  0.01%   5.4 3265s
 33341042 1687608     cutoff  281      43443.0000 43447.0000  0.01%   5.4 3270s
 33420101 1687422     cutoff  292      43443.0000 43447.0000  0.01%   5.4 3275s
 33484835 1687308     cutoff  291      43443.0000 43447.0000  0.01%   5.4 3280s
 33565150 1687812 43447.0000  285    9 43443.0000 43447.0000  0.01%   5.4 3285s
 33637685 1687746     cutoff  283      43443.0000 43447.0000  0.01%   5.4 3290s
 33705616 1687504     cutoff  298      43443.0000 43447.0000  0.01%   5.4 3295s
 33783302 1689560     cutoff  285      43443.0000 43447.0000  0.01%   5.4 3300s
 33863865 1689934     cutoff  280      43443.0000 43447.0000  0.01%   5.4 3305s
 33946480 1689881 43447.0000  279    8 43443.0000 43447.0000  0.01%   5.4 3310s
 34025123 1690749     cutoff  275      43443.0000 43447.0000  0.01%   5.4 3315s
 34101877 1690969 43447.0000  269   10 43443.0000 43447.0000  0.01%   5.4 3320s
 34179319 1691594     cutoff  290      43443.0000 43447.0000  0.01%   5.4 3325s
 34232195 1691746 43447.0000  284    8 43443.0000 43447.0000  0.01%   5.4 3330s
 34299545 1692075     cutoff  280      43443.0000 43447.0000  0.01%   5.4 3335s
 34366367 1692285 43447.0000  277   10 43443.0000 43447.0000  0.01%   5.4 3340s
 34434717 1692696     cutoff  276      43443.0000 43447.0000  0.01%   5.4 3345s
 34505385 1692898     cutoff  274      43443.0000 43447.0000  0.01%   5.4 3350s
 34576633 1693278 43447.0000  284   10 43443.0000 43447.0000  0.01%   5.4 3355s
 34645734 1693112 43447.0000  287    9 43443.0000 43447.0000  0.01%   5.3 3360s
 34717025 1693434     cutoff  283      43443.0000 43447.0000  0.01%   5.3 3365s
 34777248 1693418 43446.2085  296    8 43443.0000 43447.0000  0.01%   5.3 3370s
 34846835 1694877     cutoff  282      43443.0000 43447.0000  0.01%   5.3 3375s
 34916959 1695306     cutoff  284      43443.0000 43447.0000  0.01%   5.3 3380s
 34989332 1695596     cutoff  290      43443.0000 43447.0000  0.01%   5.3 3385s
 35062275 1696448 43447.0000  268   10 43443.0000 43447.0000  0.01%   5.3 3390s
 35133129 1696848     cutoff  282      43443.0000 43447.0000  0.01%   5.3 3395s
 35199917 1696480     cutoff  281      43443.0000 43447.0000  0.01%   5.3 3400s
 35272402 1696397 43447.0000  285    9 43443.0000 43447.0000  0.01%   5.3 3405s
 35342678 1696864     cutoff  278      43443.0000 43447.0000  0.01%   5.3 3410s
 35412395 1696974 43447.0000  280   10 43443.0000 43447.0000  0.01%   5.3 3415s
 35477812 1698261     cutoff  296      43443.0000 43447.0000  0.01%   5.3 3420s
 35548743 1698459     cutoff  290      43443.0000 43447.0000  0.01%   5.3 3425s
 35605078 1698374     cutoff  287      43443.0000 43447.0000  0.01%   5.3 3430s
 35676008 1698442     cutoff  285      43443.0000 43447.0000  0.01%   5.3 3435s
 35745821 1698793     cutoff  285      43443.0000 43447.0000  0.01%   5.3 3440s
 35813548 1698783 43447.0000  291    6 43443.0000 43447.0000  0.01%   5.3 3445s
 35884907 1698600 43446.2085  279   10 43443.0000 43447.0000  0.01%   5.3 3450s
 35935645 1699085 43447.0000  292    7 43443.0000 43447.0000  0.01%   5.3 3455s
 36002810 1699074 43447.0000  278   10 43443.0000 43447.0000  0.01%   5.3 3460s
 36057180 1699287 43447.0000  286    9 43443.0000 43447.0000  0.01%   5.3 3465s
 36125714 1699210     cutoff  289      43443.0000 43447.0000  0.01%   5.3 3470s
 36194510 1700153     cutoff  283      43443.0000 43447.0000  0.01%   5.3 3475s
 36266477 1699570 43447.0000  304    8 43443.0000 43447.0000  0.01%   5.3 3480s
 36337724 1700207 43447.0000  298   10 43443.0000 43447.0000  0.01%   5.3 3485s
 36408096 1699688 43446.2085  293   14 43443.0000 43447.0000  0.01%   5.3 3490s
 36479250 1700687 43447.0000  284    9 43443.0000 43447.0000  0.01%   5.3 3495s
 36547436 1702768 infeasible  293      43443.0000 43447.0000  0.01%   5.3 3500s
 36617064 1702803 43447.0000  275    7 43443.0000 43447.0000  0.01%   5.3 3505s
 36682973 1703448 43447.0000  296    8 43443.0000 43447.0000  0.01%   5.3 3510s
 36754458 1704655     cutoff  291      43443.0000 43447.0000  0.01%   5.3 3515s
 36823778 1705028     cutoff  287      43443.0000 43447.0000  0.01%   5.3 3520s
 36890894 1706005 43447.0000  287    8 43443.0000 43447.0000  0.01%   5.3 3525s
 36961243 1706179     cutoff  276      43443.0000 43447.0000  0.01%   5.3 3530s
 37029112 1706448 43447.0000  284    8 43443.0000 43447.0000  0.01%   5.3 3535s
 37098513 1706762     cutoff  287      43443.0000 43447.0000  0.01%   5.3 3540s
 37157413 1708167 43446.2085  292    9 43443.0000 43447.0000  0.01%   5.3 3545s
 37226360 1708551 43446.2085  289    9 43443.0000 43447.0000  0.01%   5.3 3550s
 37297358 1709056     cutoff  287      43443.0000 43447.0000  0.01%   5.2 3555s
 37367268 1709281     cutoff  281      43443.0000 43447.0000  0.01%   5.2 3560s
 37440369 1709504 43447.0000  284    6 43443.0000 43447.0000  0.01%   5.2 3565s
 37513166 1710003 43447.0000  269    9 43443.0000 43447.0000  0.01%   5.2 3570s
 37589851 1711508     cutoff  293      43443.0000 43447.0000  0.01%   5.2 3575s
 37643753 1712206     cutoff  286      43443.0000 43447.0000  0.01%   5.2 3580s
 37707643 1712358     cutoff  287      43443.0000 43447.0000  0.01%   5.2 3585s
 37777041 1712191     cutoff  276      43443.0000 43447.0000  0.01%   5.2 3590s
 37848480 1712168     cutoff  287      43443.0000 43447.0000  0.01%   5.2 3595s
 37919485 1712720 43447.0000  294   10 43443.0000 43447.0000  0.01%   5.2 3600s

Cutting planes:
  Gomory: 6
  Cover: 485
  Clique: 1
  MIR: 3
  StrongCG: 6
  Flow cover: 1
  Inf proof: 3
  RLT: 2

Explored 37920866 nodes (197979768 simplex iterations) in 3600.02 seconds
Thread count was 12 (of 12 available processors)

Solution count 9: 43443 43431 43351 ... 31619

Time limit reached
Best objective 4.344300000000e+04, best bound 4.344700000000e+04, gap 0.0092%
