
Gurobi 9.1.2 (win64, Java) logging started Sun Nov 14 10:52:23 2021

Academic license - for non-commercial use only - expires 2022-10-30
Gurobi Optimizer version 9.1.2 build v9.1.2rc0 (win64)
Thread count: 6 physical cores, 12 logical processors, using up to 12 threads
Optimize a model with 110 rows, 1000 columns and 2000 nonzeros
Model fingerprint: 0x9aa86a08
Variable types: 0 continuous, 1000 integer (1000 binary)
Coefficient statistics:
  Matrix range     [1e+00, 1e+03]
  Objective range  [2e+01, 1e+03]
  Bounds range     [1e+00, 1e+00]
  RHS range        [1e+00, 3e+03]
Found heuristic solution: objective 28680.000000
Presolve time: 0.01s
Presolved: 110 rows, 1000 columns, 2000 nonzeros
Variable types: 0 continuous, 1000 integer (1000 binary)
Presolved: 110 rows, 1000 columns, 2000 nonzeros


Root relaxation: objective 4.411529e+04, 143 iterations, 0.00 seconds

    Nodes    |    Current Node    |     Objective Bounds      |     Work
 Expl Unexpl |  Obj  Depth IntInf | Incumbent    BestBd   Gap | It/Node Time

     0     0 44115.2853    0   13 28680.0000 44115.2853  53.8%     -    0s
H    0     0                    43003.000000 44115.2853  2.59%     -    0s
H    0     0                    43812.000000 44115.2853  0.69%     -    0s
     0     0 44115.2853    0   14 43812.0000 44115.2853  0.69%     -    0s
     0     0 44115.2853    0   14 43812.0000 44115.2853  0.69%     -    0s
     0     0 44089.5334    0   16 43812.0000 44089.5334  0.63%     -    0s
     0     0 44089.5334    0   25 43812.0000 44089.5334  0.63%     -    0s
     0     0 44089.5334    0   26 43812.0000 44089.5334  0.63%     -    0s
     0     0 44089.5334    0   26 43812.0000 44089.5334  0.63%     -    0s
     0     2 44089.5334    0   15 43812.0000 44089.5334  0.63%     -    0s
H   38    50                    43899.000000 44089.5334  0.43%  15.8    0s
H 1676  1323                    43937.000000 44089.5334  0.35%   7.5    1s
H 1682  1260                    43983.000000 44089.5334  0.24%   7.5    1s
 30807 22355 44007.3125  108   15 43983.0000 44089.1891  0.24%   4.5    5s
 51931 34542 44055.2118  138   14 43983.0000 44074.5790  0.21%   4.5   10s
 55735 35629 44055.4282  117   15 43983.0000 44056.3879  0.17%   4.6   15s
 60854 38810 44002.4400  339   18 43983.0000 44056.1360  0.17%   4.8   20s
 117858 64980 44038.7403  161   17 43983.0000 44056.1360  0.17%   4.8   25s
 191772 104814 44043.0107  164   17 43983.0000 44055.3548  0.16%   4.9   30s
 276562 168176 44050.0389  130   20 43983.0000 44052.7385  0.16%   4.9   35s
 341889 215776 44041.1494  162   19 43983.0000 44052.7385  0.16%   4.9   40s
 400696 260721 44028.2049  166   15 43983.0000 44052.7385  0.16%   4.9   45s
 465330 308958 44009.0000  209   14 43983.0000 44052.7385  0.16%   4.9   50s
 523623 351519 44046.2101  133   21 43983.0000 44052.7385  0.16%   5.0   55s
 576193 398048 43986.0000  144   17 43983.0000 44052.7385  0.16%   5.0   60s
 639670 437811 44035.1413  128   19 43983.0000 44052.7385  0.16%   5.0   65s
 693469 475702 44041.1494  145   17 43983.0000 44052.7385  0.16%   5.0   70s
 745542 513558 44028.2049  166   17 43983.0000 44052.7385  0.16%   5.0   75s
 803080 554692 43987.7500  191   14 43983.0000 44052.7385  0.16%   5.0   80s
 861852 597380 43997.9072  163   16 43983.0000 44052.7385  0.16%   5.0   85s
 910725 631397 44035.1413  131   16 43983.0000 44052.7385  0.16%   5.0   90s
 969563 672640 44035.1413  147   15 43983.0000 44052.7385  0.16%   5.0   95s
 1021488 707542 44043.0107  143   14 43983.0000 44052.7385  0.16%   5.0  100s
 1065489 739311 44046.2101  139   20 43983.0000 44052.7385  0.16%   5.1  105s
 1116845 771957 44035.1413  140   20 43983.0000 44052.7385  0.16%   5.1  110s
 1167481 805721 44035.1413  149   19 43983.0000 44052.7385  0.16%   5.1  115s
 1216640 839403 44041.3583  132   18 43983.0000 44052.7385  0.16%   5.1  120s
 1259910 870883 44035.1053  153   16 43983.0000 44052.7385  0.16%   5.1  125s
 1300880 898609 44012.2172  141   18 43983.0000 44052.7385  0.16%   5.1  130s
 1355017 939005 43995.8650  189   14 43983.0000 44052.7385  0.16%   5.1  135s
 1405339 975796 44049.9544  142   18 43983.0000 44052.7385  0.16%   5.1  140s
 1458179 1015322 44037.0000  165   17 43983.0000 44052.7385  0.16%   5.2  145s
 1507896 1051474 44035.1053  136   19 43983.0000 44052.7385  0.16%   5.2  150s
 1548828 1081934 44052.7385  136   19 43983.0000 44052.7385  0.16%   5.2  155s
 1600679 1121446 44049.9544  123   19 43983.0000 44052.7385  0.16%   5.2  160s
 1647576 1157717 44052.7385  135   20 43983.0000 44052.7385  0.16%   5.2  165s
 1709050 1203101 44012.2172  162   17 43983.0000 44052.7385  0.16%   5.2  170s
 1755577 1237532 44021.3646  156   17 43983.0000 44052.7385  0.16%   5.2  176s
 1794018 1266604 43987.0000  197   17 43983.0000 44052.7385  0.16%   5.2  180s
 1847823 1303156 44027.2620  151   18 43983.0000 44052.7385  0.16%   5.2  185s
 1894930 1338331 44048.2661  136   20 43983.0000 44052.7385  0.16%   5.2  190s
 1937756 1369184 44002.4400  168   17 43983.0000 44052.7385  0.16%   5.2  195s
 1988534 1404509     cutoff  178      43983.0000 44052.7385  0.16%   5.2  200s
 2026063 1430826 44009.0001  159   15 43983.0000 44052.7385  0.16%   5.2  205s
 2078503 1465971     cutoff  180      43983.0000 44052.7385  0.16%   5.2  210s
 2128485 1501586 43986.4000  203   15 43983.0000 44052.7385  0.16%   5.2  215s
 2176812 1538591 44035.1053  146   17 43983.0000 44052.7385  0.16%   5.2  220s
 2225590 1572288 43987.7544  154   18 43983.0000 44052.7385  0.16%   5.2  225s
 2268291 1602215 44052.7385  131   21 43983.0000 44052.7385  0.16%   5.2  230s
 2308613 1631031     cutoff  154      43983.0000 44052.7385  0.16%   5.2  235s
 2353830 1663172 44035.1053  144   16 43983.0000 44052.7385  0.16%   5.2  240s
 2398274 1694395 44013.0985  148   23 43983.0000 44052.7385  0.16%   5.2  245s
 2442163 1723426 44016.3333  162   17 43983.0000 44052.7385  0.16%   5.2  250s
 2483050 1751289 44040.6159  135   20 43983.0000 44052.7385  0.16%   5.2  255s
 2525787 1783276 44006.8684  188   14 43983.0000 44052.7385  0.16%   5.2  260s
 2568933 1813516 44050.2780  175   20 43983.0000 44052.7385  0.16%   5.2  265s
 2611017 1844308 44040.0727  146   19 43983.0000 44052.7385  0.16%   5.2  270s
 2650880 1871744 44037.7142  140   17 43983.0000 44052.7385  0.16%   5.2  275s
 2696781 1904745 44012.0067  156   16 43983.0000 44052.7385  0.16%   5.2  280s
 2729667 1927797 44003.1063  161   15 43983.0000 44052.7385  0.16%   5.2  285s
 2768762 1956843 44046.2101  130   20 43983.0000 44052.7385  0.16%   5.2  290s
 2810048 1985036 44002.8684  175   15 43983.0000 44052.7385  0.16%   5.2  295s
 2848100 2013077 44043.0107  153   16 43983.0000 44052.7385  0.16%   5.2  300s
 2893326 2044395 43986.0000  271   16 43983.0000 44052.7385  0.16%   5.3  305s
 2932621 2076024 44035.1053  156   18 43983.0000 44052.7385  0.16%   5.3  310s
 2958416 2094287 44035.1413  140   16 43983.0000 44052.7385  0.16%   5.3  315s
 2992258 2120978 44040.6159  128   20 43983.0000 44052.7385  0.16%   5.3  320s
 3041346 2157220 44045.0209  136   21 43983.0000 44052.7385  0.16%   5.3  325s
 3071853 2178959 44012.2172  139   18 43983.0000 44052.7385  0.16%   5.3  330s
 3117504 2211791 44052.7385  109   22 43983.0000 44052.7385  0.16%   5.3  335s
 3153851 2237621 44052.7385  121   18 43983.0000 44052.7385  0.16%   5.3  340s
 3193500 2266842 44002.2017  195   10 43983.0000 44052.7385  0.16%   5.3  345s
 3231062 2294015 44040.6159  128   18 43983.0000 44052.7385  0.16%   5.3  350s
 3264400 2318033 44052.7385  123   21 43983.0000 44052.7385  0.16%   5.3  355s
 3307444 2348926 43995.3333  186   16 43983.0000 44052.7385  0.16%   5.3  360s
 3334648 2369622 44052.7385  127   18 43983.0000 44052.7385  0.16%   5.3  365s
 3381586 2403555 43995.6951  171   16 43983.0000 44052.7385  0.16%   5.3  370s
 3420363 2432510 44052.7385  144   20 43983.0000 44052.7385  0.16%   5.3  375s
 3456481 2458723 44040.6159  127   22 43983.0000 44052.7385  0.16%   5.3  380s
 3489653 2482360 44052.7385  122   18 43983.0000 44052.7385  0.16%   5.3  385s
 3524764 2507283 44050.2780  136   20 43983.0000 44052.7385  0.16%   5.3  390s
 3559256 2532420 44040.6159  147   18 43983.0000 44052.7385  0.16%   5.3  395s
 3580156 2555756 44052.7385  135   19 43983.0000 44052.7385  0.16%   5.3  400s
 3626696 2580438 44052.7385  125   18 43983.0000 44052.7385  0.16%   5.3  405s
 3655301 2602381 44041.1494  157   18 43983.0000 44052.7385  0.16%   5.3  410s
 3684897 2624085 44040.6159  137   19 43983.0000 44052.7385  0.16%   5.3  415s
 3725749 2653022 44040.6159  137   21 43983.0000 44052.7385  0.16%   5.3  420s
 3747223 2668504 44012.2172  151   17 43983.0000 44052.7385  0.16%   5.3  425s
 3787468 2696474 44009.0000  220   16 43983.0000 44052.7385  0.16%   5.3  430s
 3826153 2722702     cutoff  170      43983.0000 44052.7385  0.16%   5.3  436s
 3853431 2745004 44002.2017  285   12 43983.0000 44052.7385  0.16%   5.3  440s
 3885989 2768034 44006.6843  153   16 43983.0000 44052.7385  0.16%   5.4  445s
 3915625 2790474 44028.2049  144   16 43983.0000 44052.7385  0.16%   5.4  450s
 3950738 2816291 44040.6159  138   22 43983.0000 44052.7385  0.16%   5.4  455s
 3981328 2839082 43986.0000  271   14 43983.0000 44052.7385  0.16%   5.4  460s
 4009729 2866312 44050.5155  125   21 43983.0000 44052.7385  0.16%   5.4  465s
 4034258 2879085 44045.0209  132   20 43983.0000 44052.7385  0.16%   5.4  470s
 4072472 2907447 44030.6842  161   17 43983.0000 44052.7385  0.16%   5.4  475s
 4094850 2924320 44040.6159  141   19 43983.0000 44052.7385  0.16%   5.4  480s
 4124006 2943755 44009.0000  279   16 43983.0000 44052.7385  0.16%   5.4  485s
 4147218 2961131 44028.2049  163   19 43983.0000 44052.7385  0.16%   5.4  490s
 4183321 2988549 44048.4459  157   20 43983.0000 44052.7385  0.16%   5.4  495s
 4215882 3010536 44037.9681  151   15 43983.0000 44052.7385  0.16%   5.4  500s
 4247950 3033169 44035.1053  160   18 43983.0000 44052.7385  0.16%   5.4  505s
 4274481 3050561 44027.2620  186   16 43983.0000 44052.7385  0.16%   5.4  510s
 4306916 3074468 44049.9544  106   25 43983.0000 44052.7385  0.16%   5.5  515s
 4335596 3095417 43988.6669  140   17 43983.0000 44052.7385  0.16%   5.5  520s
 4375562 3124492 44041.1494  159   17 43983.0000 44052.7385  0.16%   5.5  525s
 4395729 3138292 44012.0000  158   18 43983.0000 44052.7385  0.16%   5.5  530s
 4434057 3165183 44021.3646  157   17 43983.0000 44052.7385  0.16%   5.5  535s
 4463643 3185375 44052.7385  125   19 43983.0000 44052.7385  0.16%   5.5  540s
 4494266 3206862     cutoff  191      43983.0000 44052.7385  0.16%   5.5  545s
 4522647 3228411 44035.1053  143   20 43983.0000 44052.7385  0.16%   5.5  550s
 4553529 3249825 44031.5379  149   17 43983.0000 44052.7385  0.16%   5.5  555s
 4584525 3272548 44040.6159  151   21 43983.0000 44052.7385  0.16%   5.5  560s
 4612627 3293024 44020.0706  169   15 43983.0000 44052.7385  0.16%   5.5  565s
 4651556 3321907 44052.7385  136   20 43983.0000 44052.7385  0.16%   5.5  570s
 4673195 3337107 44052.7385  117   18 43983.0000 44052.7385  0.16%   5.5  575s
 4712003 3365656 44052.7385  125   21 43983.0000 44052.7385  0.16%   5.5  580s
 4739185 3385607 44031.5379  170   17 43983.0000 44052.7385  0.16%   5.5  585s
 4770018 3408255 44050.7532  142   23 43983.0000 44052.7385  0.16%   5.6  590s
 4800417 3428861 44009.0000  159   15 43983.0000 44052.7385  0.16%   5.6  595s
 4836393 3454745 44040.6159  150   17 43983.0000 44052.7385  0.16%   5.6  600s
 4865724 3476480 44012.0000  159   17 43983.0000 44052.7385  0.16%   5.6  605s
 4890546 3499332 44027.0000  171   15 43983.0000 44052.7385  0.16%   5.6  610s
 4925079 3519476 44026.9200  207   15 43983.0000 44052.7385  0.16%   5.6  615s
 4959540 3543051 44052.7385  118   20 43983.0000 44052.7385  0.16%   5.6  620s
 4985746 3562380     cutoff  141      43983.0000 44052.7385  0.16%   5.6  625s
 5011270 3581803 44028.2049  166   18 43983.0000 44052.7385  0.16%   5.6  630s
 5035266 3598613 44043.0107  144   16 43983.0000 44052.7385  0.16%   5.6  635s
 5059965 3623801 44052.7385  148   21 43983.0000 44052.7385  0.16%   5.6  641s
 5093905 3640414 44002.4810  210   15 43983.0000 44052.7385  0.16%   5.6  645s
 5116353 3656968 44009.0001  184   16 43983.0000 44052.7385  0.16%   5.6  650s
 5146690 3677817 44009.0000  189   18 43983.0000 44052.7385  0.16%   5.6  656s
 5175507 3699416 44038.9776  141   22 43983.0000 44052.7385  0.16%   5.6  660s
 5201624 3718919 44028.2049  177   17 43983.0000 44052.7385  0.16%   5.6  665s
 5239950 3746286     cutoff  171      43983.0000 44052.7385  0.16%   5.6  670s
 5263652 3770829 44024.7599  144   17 43983.0000 44052.7385  0.16%   5.6  676s
 5289129 3782255 44052.7385  121   20 43983.0000 44052.7385  0.16%   5.7  680s
 5314805 3801438 44050.5155  126   20 43983.0000 44052.7385  0.16%   5.7  685s
 5350113 3828701 43995.0195  171   11 43983.0000 44052.7385  0.16%   5.7  690s
 5380557 3851390 43986.4000  210   17 43983.0000 44052.7385  0.16%   5.7  695s
 5411581 3874175 44043.0107  148   15 43983.0000 44052.7385  0.16%   5.7  700s
 5440739 3896609 43986.4000  214   16 43983.0000 44052.7385  0.16%   5.7  705s
 5470272 3918916 43990.7999  142   15 43983.0000 44052.7385  0.16%   5.7  710s
 5490359 3933229 44026.9200  141   18 43983.0000 44052.7385  0.16%   5.7  715s
 5518381 3954307 43987.0000  201   17 43983.0000 44052.7385  0.16%   5.7  720s
 5554625 3981171 43994.3571  183   16 43983.0000 44052.7385  0.16%   5.7  725s
 5572854 3993314 43994.3571  192   14 43983.0000 44052.7385  0.16%   5.7  730s
 5602550 4016448 44026.9200  168   15 43983.0000 44052.7385  0.16%   5.7  735s
 5636714 4040650 44015.3937  160   15 43983.0000 44052.7385  0.16%   5.7  740s
 5662309 4058677 44009.0001  154   15 43983.0000 44052.7385  0.16%   5.7  745s
 5693800 4082008 44052.7385  138   25 43983.0000 44052.7385  0.16%   5.7  750s
 5723317 4104079 44002.2017  192   12 43983.0000 44052.7385  0.16%   5.7  755s
 5749142 4122520     cutoff  177      43983.0000 44052.7385  0.16%   5.7  760s
 5772617 4140151 44003.1895  360   15 43983.0000 44052.7385  0.16%   5.7  765s
 5797416 4159042 43987.0000  211   15 43983.0000 44052.7385  0.16%   5.7  770s
 5817169 4171971 43987.0000  215   15 43983.0000 44052.7385  0.16%   5.8  775s
 5848050 4195710 44033.1503  156   16 43983.0000 44052.7385  0.16%   5.8  780s
 5873753 4214907 43999.6250  180   16 43983.0000 44052.7385  0.16%   5.8  785s
 5898037 4232857 44047.6486  125   21 43983.0000 44052.7385  0.16%   5.8  790s
 5929678 4255562 44050.7532  129   22 43983.0000 44052.7385  0.16%   5.8  795s
 5950154 4269968 44002.2017  180   14 43983.0000 44052.7385  0.16%   5.8  800s
 5978229 4291280     cutoff  336      43983.0000 44052.7385  0.16%   5.8  805s
 6007447 4311428 infeasible  156      43983.0000 44052.7385  0.16%   5.8  810s
 6025106 4325282 44041.3583  134   15 43983.0000 44052.7385  0.16%   5.8  815s
 6054333 4347098 43987.0000  182   14 43983.0000 44052.7385  0.16%   5.8  820s
 6077467 4364622 44035.1053  181   16 43983.0000 44052.7385  0.16%   5.8  825s
 6100634 4381884 44041.3583  147   20 43983.0000 44052.7385  0.16%   5.8  830s
 6125975 4400168 43987.7500  192   17 43983.0000 44052.7385  0.16%   5.8  835s
 6157054 4422129 44003.1063  175   17 43983.0000 44052.7385  0.16%   5.8  841s
 6174365 4436382 44052.7385  119   25 43983.0000 44052.7385  0.16%   5.8  845s
 6206016 4460527 44027.2620  149   18 43983.0000 44052.7385  0.16%   5.8  850s
 6230846 4477865 44006.3197  159   17 43983.0000 44052.7385  0.16%   5.8  855s
 6246340 4490977 44009.0001  255   15 43983.0000 44052.7385  0.16%   5.8  860s
 6276176 4514370 44041.3583  123   18 43983.0000 44052.7385  0.16%   5.8  865s
 6309731 4539597 44003.1063  163   19 43983.0000 44052.7385  0.16%   5.8  870s
 6331913 4556328 44007.7824  187   15 43983.0000 44052.7385  0.16%   5.8  875s
 6353631 4573090 44048.4459  136   21 43983.0000 44052.7385  0.16%   5.8  880s
 6374286 4587531 44037.7142  155   20 43983.0000 44052.7385  0.16%   5.8  886s
 6390104 4600667 44010.1667  194   18 43983.0000 44052.7385  0.16%   5.8  890s
 6420946 4623983 43987.0000  217   18 43983.0000 44052.7385  0.16%   5.9  895s
 6439971 4638757 44009.0001  152   17 43983.0000 44052.7385  0.16%   5.9  900s
 6465130 4657606 44052.7385  120   21 43983.0000 44052.7385  0.16%   5.9  905s
 6494177 4680103 44052.7385  121   21 43983.0000 44052.7385  0.16%   5.9  910s
 6517416 4695447 44040.0727  146   17 43983.0000 44052.7385  0.16%   5.9  915s
 6545896 4717245 44050.7532  127   20 43983.0000 44052.7385  0.16%   5.9  920s
 6558067 4725822     cutoff  142      43983.0000 44052.7385  0.16%   5.9  926s
 6579550 4743230 44046.1061  156   19 43983.0000 44052.7385  0.16%   5.9  930s
 6610635 4766352 44049.9544  120   20 43983.0000 44052.7385  0.16%   5.9  935s
 6626559 4778551 44013.0000  174   15 43983.0000 44052.7385  0.16%   5.9  940s
 6650681 4796737 44026.9200  176   19 43983.0000 44052.7385  0.16%   5.9  945s
 6668115 4809500 44040.6159  133   19 43983.0000 44052.7385  0.16%   5.9  950s
 6692870 4827091 44038.7403  130   19 43983.0000 44052.7385  0.16%   5.9  955s
 6710790 4840500 44012.2172  155   17 43983.0000 44052.7385  0.16%   5.9  960s
 6739939 4861765 44034.8101  145   19 43983.0000 44052.7385  0.16%   5.9  965s
 6770969 4883801 44037.7142  142   20 43983.0000 44052.7385  0.16%   5.9  970s
 6786302 4894172 44009.0001  307   14 43983.0000 44052.7385  0.16%   5.9  975s
 6809319 4910835 44027.2620  168   17 43983.0000 44052.7385  0.16%   5.9  980s
 6841821 4935010 44040.6159  135   22 43983.0000 44052.7385  0.16%   5.9  985s
 6864768 4952281 44052.7385  131   22 43983.0000 44052.7385  0.16%   5.9  990s
 6882475 4972863 44047.6486  139   21 43983.0000 44052.7385  0.16%   6.0  997s
 6911013 4985471 44016.3333  168   16 43983.0000 44052.7385  0.16%   6.0 1001s
 6929107 5000359 44027.2620  154   17 43983.0000 44052.7385  0.16%   6.0 1005s
 6952704 5016247 44052.7385  144   19 43983.0000 44052.7385  0.16%   6.0 1010s
 6978399 5036811 44048.4459  136   25 43983.0000 44052.7385  0.16%   6.0 1015s
 7007291 5057830 44048.4459  129   20 43983.0000 44052.7385  0.16%   6.0 1020s
 7019348 5066045 44016.3333  189   17 43983.0000 44052.7385  0.16%   6.0 1025s
 7041923 5083956 44052.7385  144   20 43983.0000 44052.7385  0.16%   6.0 1030s
 7070533 5105196 44003.9072  170   15 43983.0000 44052.7385  0.16%   6.0 1035s
 7086926 5117666 43989.9072  172   16 43983.0000 44052.7385  0.16%   6.0 1040s
 7110067 5134690 44049.9544  135   18 43983.0000 44052.7385  0.16%   6.0 1045s
 7133654 5151772 44052.7385  130   20 43983.0000 44052.7385  0.16%   6.0 1050s
 7151240 5165739 44001.6034  151   16 43983.0000 44052.7385  0.16%   6.0 1055s
 7177988 5186018 44028.2049  143   16 43983.0000 44052.7385  0.16%   6.0 1060s
 7191623 5196603 43985.8891  194   14 43983.0000 44052.7385  0.16%   6.0 1065s
 7208312 5208126 43994.3571  187   16 43983.0000 44052.7385  0.16%   6.0 1070s
 7224543 5220747 44052.7385  121   18 43983.0000 44052.7385  0.16%   6.0 1075s
 7251962 5242757 44016.3333  178   17 43983.0000 44052.7385  0.16%   6.0 1080s
 7273313 5257677 44047.6486  144   18 43983.0000 44052.7385  0.16%   6.0 1085s
 7299607 5278052 44021.3646  157   18 43983.0000 44052.7385  0.16%   6.0 1090s
 7327498 5298687 44052.7385  124   21 43983.0000 44052.7385  0.16%   6.0 1095s
 7339426 5307654 44047.6486  127   18 43983.0000 44052.7385  0.16%   6.0 1100s
 7369121 5329774 44048.4459  150   21 43983.0000 44052.7385  0.16%   6.0 1105s
 7386493 5342859 44049.9544  127   20 43983.0000 44052.7385  0.16%   6.0 1110s
 7414520 5362662 43994.0002  170   15 43983.0000 44052.7385  0.16%   6.1 1116s
 7430641 5374999 44016.3333  164   15 43983.0000 44052.7385  0.16%   6.1 1120s
 7455281 5393851 infeasible  183      43983.0000 44052.7385  0.16%   6.1 1125s
 7484511 5415676 44026.9200  172   16 43983.0000 44052.7385  0.16%   6.1 1130s
 7501006 5428772 44015.3937  177   17 43983.0000 44052.7385  0.16%   6.1 1135s
 7518131 5441608 43997.2400  157   15 43983.0000 44052.7385  0.16%   6.1 1140s
 7546072 5462881 44046.2101  129   19 43983.0000 44052.7385  0.16%   6.1 1145s
 7566641 5477761 44008.2168  147   17 43983.0000 44052.7385  0.16%   6.1 1150s
 7583129 5491057 44037.7032  145   18 43983.0000 44052.7385  0.16%   6.1 1155s
 7610592 5510612 43986.4000  215   17 43983.0000 44052.7385  0.16%   6.1 1161s
 7617581 5521699 44027.2620  162   15 43983.0000 44052.7385  0.16%   6.1 1166s
 7645247 5537279 infeasible  190      43983.0000 44052.7385  0.16%   6.1 1170s
 7670499 5556196 44046.2101  127   19 43983.0000 44052.7385  0.16%   6.1 1175s
 7686925 5567203 44009.0000  324   17 43983.0000 44052.7385  0.16%   6.1 1181s
 7703855 5581329 43995.3333  185   18 43983.0000 44052.7385  0.16%   6.1 1185s
 7729776 5601064 44052.7385  137   19 43983.0000 44052.7385  0.16%   6.1 1190s
 7755410 5620190 44009.0001  161   16 43983.0000 44052.7385  0.16%   6.1 1195s
 7762922 5625606 44047.6486  151   17 43983.0000 44052.7385  0.16%   6.1 1200s
 7786454 5642894 43994.3571  195   19 43983.0000 44052.7385  0.16%   6.1 1205s
 7803040 5662874 44040.6159  132   19 43983.0000 44052.7385  0.16%   6.1 1212s
 7829393 5675023 43988.2638  179   16 43983.0000 44052.7385  0.16%   6.1 1215s
 7843303 5684910 44052.7385  122   20 43983.0000 44052.7385  0.16%   6.1 1220s
 7868939 5704170 43987.0000  204   15 43983.0000 44052.7385  0.16%   6.1 1225s
 7894837 5723399 44003.9072  167   15 43983.0000 44052.7385  0.16%   6.1 1230s
 7912820 5735671 44047.6486  120   25 43983.0000 44052.7385  0.16%   6.1 1235s
 7923568 5745824 43987.0000  199   15 43983.0000 44052.7385  0.16%   6.2 1240s
 7950486 5764981 44035.1413  153   19 43983.0000 44052.7385  0.16%   6.2 1245s
 7962925 5774048 44027.2620  166   16 43983.0000 44052.7385  0.16%   6.2 1250s
 7988707 5792669 44047.6486  137   18 43983.0000 44052.7385  0.16%   6.2 1255s
 8007370 5806498 44025.6723  153   20 43983.0000 44052.7385  0.16%   6.2 1260s
 8023042 5818675 44031.2057  140   19 43983.0000 44052.7385  0.16%   6.2 1265s
 8044825 5834702 44052.7385  122   21 43983.0000 44052.7385  0.16%   6.2 1270s
 8064039 5848158 44052.7385  126   18 43983.0000 44052.7385  0.16%   6.2 1275s
 8083679 5864203 44052.7385  127   19 43983.0000 44052.7385  0.16%   6.2 1280s
 8097800 5874830 44049.9544  128   27 43983.0000 44052.7385  0.16%   6.2 1285s
 8122902 5893684 44021.3646  172   17 43983.0000 44052.7385  0.16%   6.2 1290s
 8144369 5908784 44003.9072  165   13 43983.0000 44052.7385  0.16%   6.2 1296s
 8161481 5922420 44028.2049  174   17 43983.0000 44052.7385  0.16%   6.2 1300s
 8177503 5941836 44003.9072  155   16 43983.0000 44052.7385  0.16%   6.2 1307s
 8200059 5951254 44026.9200  166   16 43983.0000 44052.7385  0.16%   6.2 1310s
 8215370 5962308 44008.2168  142   18 43983.0000 44052.7385  0.16%   6.2 1315s
 8240819 5981131 infeasible  206      43983.0000 44052.7385  0.16%   6.2 1320s
 8254628 5991673 44050.7532  133   24 43983.0000 44052.7385  0.16%   6.2 1325s
 8280087 6010001 44041.1494  130   20 43983.0000 44052.7385  0.16%   6.2 1330s
 8297089 6022849 43997.9072  177   15 43983.0000 44052.7385  0.16%   6.2 1335s
 8306930 6037202 44038.2800  122   18 43983.0000 44052.7385  0.16%   6.2 1341s
 8321825 6040928 44003.3955  184   15 43983.0000 44052.7385  0.16%   6.2 1345s
 8344533 6056944 44052.7385  142   21 43983.0000 44052.7385  0.16%   6.2 1351s
 8360627 6068263 44050.7532  118   22 43983.0000 44052.7385  0.16%   6.2 1355s
 8379395 6080866 44026.9200  178   17 43983.0000 44052.7385  0.16%   6.2 1361s
 8395461 6094051 44031.5379  163   18 43983.0000 44052.7385  0.16%   6.2 1365s
 8413684 6106040 44040.6159  146   20 43983.0000 44052.7385  0.16%   6.2 1370s
 8436313 6124187 44043.0030  125   19 43983.0000 44052.7385  0.16%   6.3 1375s
 8461698 6142425 44052.7385  130   19 43983.0000 44052.7385  0.16%   6.3 1380s
 8479257 6154340 44010.8246  179   16 43983.0000 44052.7385  0.16%   6.3 1385s
 8495399 6164635 44040.6159  141   21 43983.0000 44052.7385  0.16%   6.3 1390s
 8505795 6172358 44002.2017  171   16 43983.0000 44052.7385  0.16%   6.3 1395s
 8531403 6190840     cutoff  152      43983.0000 44052.7385  0.16%   6.3 1400s
 8550634 6204468 44003.1063  145   19 43983.0000 44052.7385  0.16%   6.3 1405s
 8574678 6221930 44026.9200  193   16 43983.0000 44052.7385  0.16%   6.3 1410s
 8588606 6232725 44021.3646  155   16 43983.0000 44052.7385  0.16%   6.3 1415s
 8608013 6246654 44041.1494  158   17 43983.0000 44052.7385  0.16%   6.3 1420s
 8632411 6265527 43985.5431  175   19 43983.0000 44052.7385  0.16%   6.3 1425s
 8644852 6274078 44002.4400  173   20 43983.0000 44052.7385  0.16%   6.3 1430s
 8656765 6283086 44006.3955  163   15 43983.0000 44052.7385  0.16%   6.3 1435s
 8680765 6300835     cutoff  134      43983.0000 44052.7385  0.16%   6.3 1440s
 8707915 6321597 44009.0000  156   18 43983.0000 44052.7385  0.16%   6.3 1445s
 8723842 6333492 44028.2049  183   15 43983.0000 44052.7385  0.16%   6.3 1450s
 8749105 6352940 44043.0107  139   17 43983.0000 44052.7385  0.16%   6.3 1455s
 8761205 6369532 44049.3399  124   18 43983.0000 44052.7385  0.16%   6.3 1461s
 8787590 6380931 44035.1053  152   17 43983.0000 44052.7385  0.16%   6.3 1466s
 8804223 6395439 44037.7142  153   18 43983.0000 44052.7385  0.16%   6.3 1470s
 8829436 6413747 44043.0030  135   17 43983.0000 44052.7385  0.16%   6.3 1475s
 8855732 6433792 44024.7599  136   15 43983.0000 44052.4925  0.16%   6.3 1480s
 8880763 6452240 44004.3411  121   20 43983.0000 44052.4925  0.16%   6.3 1485s
 8905202 6471508 44002.4400  178   14 43983.0000 44052.4413  0.16%   6.3 1490s
 8929107 6489946 44015.4024  152   15 43983.0000 44052.4413  0.16%   6.3 1495s
 8949824 6504669 44048.0078  135   22 43983.0000 44051.8663  0.16%   6.3 1500s
 8975524 6525221 44015.5000  154   16 43983.0000 44051.8331  0.16%   6.3 1505s
 9000221 6543583 44027.2620  186   18 43983.0000 44051.6605  0.16%   6.3 1510s
 9022594 6560729 44042.1132  147   22 43983.0000 44051.6605  0.16%   6.4 1515s
 9045826 6577183 44038.4786  147   18 43983.0000 44051.6605  0.16%   6.4 1520s
 9068419 6594079 44051.4213  129   20 43983.0000 44051.6605  0.16%   6.4 1525s
 9091715 6611095 44028.2049  178   17 43983.0000 44051.6605  0.16%   6.4 1530s
 9112944 6627604 44051.4213  129   24 43983.0000 44051.6605  0.16%   6.4 1535s
 9132353 6642254 44049.4671  144   21 43983.0000 44051.6605  0.16%   6.4 1540s
 9152103 6657251 44028.2049  194   21 43983.0000 44051.6605  0.16%   6.4 1545s
 9173319 6673198 44002.6283  167   20 43983.0000 44051.6605  0.16%   6.4 1550s
 9194526 6689147 44026.9200  177   15 43983.0000 44051.6605  0.16%   6.4 1555s
 9217509 6706841 44051.6605  125   18 43983.0000 44051.6605  0.16%   6.4 1560s
 9238506 6723121 44042.8684  149   21 43983.0000 44051.6605  0.16%   6.4 1565s
 9257969 6737659 44028.2049  197   17 43983.0000 44051.6605  0.16%   6.4 1570s
 9279310 6754303 44003.4272  186   16 43983.0000 44051.6605  0.16%   6.4 1575s
 9298519 6768558 44033.1503  160   17 43983.0000 44051.6605  0.16%   6.4 1580s
 9320137 6784954 44042.1132  140   18 43983.0000 44051.6605  0.16%   6.4 1585s
 9339566 6799239 44051.4213  147   23 43983.0000 44051.6605  0.16%   6.4 1590s
 9358666 6813097 44047.0432  156   20 43983.0000 44051.6605  0.16%   6.4 1595s
 9379914 6828873 44026.9200  212   18 43983.0000 44051.6605  0.16%   6.4 1600s
 9396437 6841560 44042.1132  149   20 43983.0000 44051.6605  0.16%   6.4 1605s
 9416153 6855830 44041.9154  148   19 43983.0000 44051.6605  0.16%   6.4 1610s
 9435356 6869572 44051.6605  133   24 43983.0000 44051.6605  0.16%   6.4 1615s
 9456225 6885313 44031.3077  175   14 43983.0000 44051.6605  0.16%   6.4 1620s
 9475795 6899875 44040.8749  151   18 43983.0000 44051.6605  0.16%   6.4 1625s
 9497226 6915623 44032.0665  168   20 43983.0000 44051.6605  0.16%   6.4 1630s
 9516627 6930222 44051.4213  124   23 43983.0000 44051.6605  0.16%   6.4 1635s
 9538409 6946570 44027.2620  201   17 43983.0000 44051.6605  0.16%   6.5 1640s
 9557986 6961159 44042.1132  150   20 43983.0000 44051.6605  0.16%   6.5 1645s
 9575740 6974077 44034.8101  170   18 43983.0000 44051.6605  0.16%   6.5 1650s
 9594657 6987751     cutoff  153      43983.0000 44051.4708  0.16%   6.5 1655s
 9616091 7002856 43988.6668  145   15 43983.0000 44051.4708  0.16%   6.5 1660s
 9637274 7018115 44027.2620  141   16 43983.0000 44051.4708  0.16%   6.5 1665s
 9658543 7034103 43987.0000  210   18 43983.0000 44051.4708  0.16%   6.5 1670s
 9678234 7048165 44039.8519  133   16 43983.0000 44051.4708  0.16%   6.5 1675s
 9699380 7063931 44048.2661  138   28 43983.0000 44051.4708  0.16%   6.5 1680s
 9719135 7077978 44046.2101  142   20 43983.0000 44051.4708  0.16%   6.5 1685s
 9737793 7090875 44047.6486  127   25 43983.0000 44051.4708  0.16%   6.5 1690s
 9756952 7105431 44046.2101  129   25 43983.0000 44051.4708  0.16%   6.5 1695s
 9778369 7120877 44049.9544  136   19 43983.0000 44051.4708  0.16%   6.5 1700s
 9799787 7136583 44046.2101  120   21 43983.0000 44051.4708  0.16%   6.5 1705s
 9820742 7151907 44028.2049  154   18 43983.0000 44051.4708  0.16%   6.5 1710s
 9845846 7170641 44048.4459  120   21 43983.0000 44051.4708  0.16%   6.5 1715s
 9866740 7186082 44016.5200  181   16 43983.0000 44051.4708  0.16%   6.5 1720s
 9886218 7200429 44026.9200  142   18 43983.0000 44051.4708  0.16%   6.5 1725s
 9906076 7215033 44035.1413  148   18 43983.0000 44051.4708  0.16%   6.5 1730s
 9917037 7222421 43987.7500  193   19 43983.0000 44051.4708  0.16%   6.5 1735s
 9940318 7239195 44035.1413  148   16 43983.0000 44051.4708  0.16%   6.5 1740s
 9959748 7253161 44046.3352  122   20 43983.0000 44051.4708  0.16%   6.5 1745s
 9978989 7267454 infeasible  194      43983.0000 44051.4708  0.16%   6.5 1750s
 10001379 7284295 44047.6486  136   20 43983.0000 44051.4708  0.16%   6.6 1755s
 10023137 7300217 44049.9544  133   21 43983.0000 44051.4708  0.16%   6.6 1760s
 10046525 7317730 44010.1667  187   15 43983.0000 44051.4708  0.16%   6.6 1765s
 10067471 7333342 43988.2638  200   17 43983.0000 44051.4708  0.16%   6.6 1770s
 10089026 7348908 44047.6486  142   17 43983.0000 44051.4708  0.16%   6.6 1775s
 10108350 7363212 44027.2620  151   17 43983.0000 44051.4708  0.16%   6.6 1780s
 10132095 7380113 44047.6486  127   13 43983.0000 44051.4708  0.16%   6.6 1785s
 10157139 7397896 44019.0754  144   16 43983.0000 44051.4708  0.16%   6.6 1790s
 10180655 7414644 43991.3955  187   15 43983.0000 44051.4708  0.16%   6.6 1795s
 10203563 7430896 44045.0209  127   21 43983.0000 44051.4708  0.16%   6.6 1800s
 10224846 7446298 44041.3583  139   20 43983.0000 44051.4708  0.16%   6.6 1805s
 10250157 7464092 44035.1413  137   16 43983.0000 44051.4708  0.16%   6.6 1810s
 10269715 7478066 44028.2049  143   16 43983.0000 44051.4708  0.16%   6.6 1815s
 10293272 7495553 44013.0000  174   16 43983.0000 44051.4708  0.16%   6.6 1820s
 10316246 7512259 44046.2101  153   19 43983.0000 44051.4708  0.16%   6.6 1825s
 10338567 7528528 44028.2049  151   19 43983.0000 44051.4708  0.16%   6.6 1830s
 10361627 7544839 44041.3583  142   24 43983.0000 44051.4708  0.16%   6.6 1835s
 10384307 7561290 44048.4459  140   22 43983.0000 44051.4708  0.16%   6.6 1840s
 10408993 7579455 44049.9544  129   24 43983.0000 44051.4708  0.16%   6.6 1845s
 10430386 7594992 44043.0107  148   16 43983.0000 44051.4708  0.16%   6.6 1850s
 10452039 7609834 44003.4272  166   16 43983.0000 44051.4708  0.16%   6.6 1855s
 10473417 7625825 44041.1494  146   20 43983.0000 44051.4708  0.16%   6.6 1860s
 10496126 7642483 44046.2101  124   21 43983.0000 44051.4708  0.16%   6.6 1865s
 10519211 7658432 43987.0000  190   16 43983.0000 44051.4708  0.16%   6.6 1870s
 10540240 7673798 43986.0000  302   13 43983.0000 44051.4708  0.16%   6.6 1875s
 10561765 7689457 44013.0000  176   16 43983.0000 44051.4708  0.16%   6.6 1880s
 10585316 7706282 44049.9544  125   20 43983.0000 44051.4708  0.16%   6.6 1885s
 10604996 7720172 44047.6486  136   22 43983.0000 44051.4708  0.16%   6.7 1890s
 10626636 7735500 43987.0000  189   18 43983.0000 44051.4708  0.16%   6.7 1895s
 10648056 7750992 44048.4459  129   22 43983.0000 44051.4708  0.16%   6.7 1900s
 10669498 7766986 43994.3571  200   16 43983.0000 44051.4708  0.16%   6.7 1905s
 10691211 7782092 44047.6486  128   20 43983.0000 44051.4708  0.16%   6.7 1910s
 10706128 7792906 44047.6486  132   24 43983.0000 44051.4708  0.16%   6.7 1915s
 10727691 7808179 infeasible  198      43983.0000 44051.4708  0.16%   6.7 1920s
 10749104 7823950 44046.5542  134   20 43983.0000 44051.4708  0.16%   6.7 1925s
 10771498 7839920 44043.0107  149   15 43983.0000 44051.4708  0.16%   6.7 1930s
 10792934 7855238 44047.6486  119   20 43983.0000 44051.4708  0.16%   6.7 1935s
 10812177 7869867 44011.7450  155   15 43983.0000 44051.4708  0.16%   6.7 1940s
 10834157 7885574 44043.0107  135   18 43983.0000 44051.4708  0.16%   6.7 1945s
 10851665 7897620 44046.3352  131   21 43983.0000 44051.4708  0.16%   6.7 1950s
 10868157 7910012 44048.4459  136   17 43983.0000 44051.4708  0.16%   6.7 1955s
 10890088 7925918 43995.0195  190   15 43983.0000 44051.4708  0.16%   6.7 1960s
 10910871 7940867 44048.4459  122   19 43983.0000 44051.4708  0.16%   6.7 1965s
 10934037 7958684 44045.0209  132   20 43983.0000 44051.4708  0.16%   6.7 1970s
 10955386 7974136 44048.4459  126   18 43983.0000 44051.4708  0.16%   6.7 1975s
 10976446 7989706 44021.3646  148   17 43983.0000 44051.4708  0.16%   6.7 1980s
 10999927 8006144 44016.3333  158   17 43983.0000 44051.4708  0.16%   6.7 1985s
 11017449 8019466 44026.9200  175   18 43983.0000 44051.4708  0.16%   6.7 1990s
 11039590 8035612 44048.4459  138   27 43983.0000 44051.4708  0.16%   6.7 1995s
 11060456 8050782 44031.2057  140   18 43983.0000 44051.4708  0.16%   6.7 2000s
 11083717 8068118 44025.2073  145   17 43983.0000 44051.4708  0.16%   6.7 2005s
 11102629 8082001 44050.0389  124   21 43983.0000 44051.4708  0.16%   6.7 2010s
 11125328 8098708 44048.4459  120   18 43983.0000 44051.4708  0.16%   6.7 2015s
 11146150 8113906 44016.3333  149   17 43983.0000 44051.4708  0.16%   6.7 2020s
 11167912 8130030 43995.7532  194   14 43983.0000 44051.4708  0.16%   6.7 2025s
 11188082 8144524 44024.7599  139   18 43983.0000 44051.4708  0.16%   6.7 2030s
 11210578 8161376 44016.3333  165   15 43983.0000 44051.4708  0.16%   6.7 2035s
 11231831 8177170 43986.4000  217   17 43983.0000 44051.4708  0.16%   6.7 2040s
 11253024 8192694 43988.2638  172   13 43983.0000 44051.4708  0.16%   6.7 2045s
 11274080 8208012 44048.4459  135   21 43983.0000 44051.4708  0.16%   6.7 2050s
 11293607 8222433 44047.6486  128   20 43983.0000 44051.4708  0.16%   6.7 2055s
 11314953 8237419 43989.9072  185   13 43983.0000 44051.4708  0.16%   6.7 2060s
 11329483 8248110 44041.3583  141   22 43983.0000 44051.4708  0.16%   6.8 2065s
 11350831 8264415 43989.9072  182   13 43983.0000 44051.4708  0.16%   6.8 2070s
 11373103 8280423 44047.6486  128   21 43983.0000 44051.4708  0.16%   6.8 2075s
 11394302 8295720 44043.0107  145   18 43983.0000 44051.4708  0.16%   6.8 2080s
 11417332 8312684 44002.4810  172   18 43983.0000 44051.4708  0.16%   6.8 2085s
 11437051 8326536 43995.3333  196   19 43983.0000 44051.4708  0.16%   6.8 2090s
 11456232 8340869 44047.6486  131   17 43983.0000 44051.4708  0.16%   6.8 2095s
 11477367 8355261 44035.1413  125   22 43983.0000 44051.4708  0.16%   6.8 2102s
 11487691 8363609 44048.4459  137   16 43983.0000 44051.4708  0.16%   6.8 2105s
 11505505 8376360 44048.4459  126   24 43983.0000 44051.4708  0.16%   6.8 2110s
 11524947 8390493 44031.2057  157   14 43983.0000 44051.4708  0.16%   6.8 2115s
 11543787 8404144 43987.0000  207   17 43983.0000 44051.4708  0.16%   6.8 2120s
 11562783 8418256 44041.3583  130   23 43983.0000 44051.4708  0.16%   6.8 2125s
 11581965 8432233 44026.9200  176   17 43983.0000 44051.4708  0.16%   6.8 2130s
 11601093 8446109 44016.3333  156   16 43983.0000 44051.4708  0.16%   6.8 2135s
 11622566 8461819 44001.6034  152   19 43983.0000 44051.4708  0.16%   6.8 2140s
 11641703 8475781 44026.9200  148   19 43983.0000 44051.4708  0.16%   6.8 2145s
 11661057 8489094 44043.0575  168   17 43983.0000 44051.4708  0.16%   6.8 2150s
 11681435 8503558 44026.9200  151   20 43983.0000 44051.4708  0.16%   6.8 2155s
 11702937 8518242 44041.3583  145   23 43983.0000 44051.4708  0.16%   6.8 2160s
 11720296 8530272 44035.1413  135   20 43983.0000 44051.4708  0.16%   6.8 2165s
 11739455 8544176 44031.2057  132   19 43983.0000 44051.4708  0.16%   6.8 2170s
 11758136 8557901 44008.2168  154   19 43983.0000 44051.4708  0.16%   6.8 2175s
 11777543 8571418 44043.0107  133   16 43983.0000 44051.4708  0.16%   6.8 2180s
 11796751 8585389 infeasible  148      43983.0000 44051.4708  0.16%   6.8 2185s
 11817825 8600674 44045.0209  133   20 43983.0000 44051.4708  0.16%   6.8 2190s
 11837064 8614341 44026.9200  133   18 43983.0000 44051.4708  0.16%   6.8 2195s
 11854389 8627351 44006.0088  173   13 43983.0000 44051.4708  0.16%   6.8 2200s
 11875507 8643061 43987.7500  201   19 43983.0000 44051.4708  0.16%   6.8 2205s
 11895186 8657162 infeasible  159      43983.0000 44051.4708  0.16%   6.8 2210s
 11914510 8671301 44011.1905  162   17 43983.0000 44051.4708  0.16%   6.8 2215s
 11931899 8683823 44047.6486  133   23 43983.0000 44051.4708  0.16%   6.8 2220s
 11951528 8698261 44036.5002  146   18 43983.0000 44051.4708  0.16%   6.8 2225s
 11972500 8713351 44035.1413  123   22 43983.0000 44051.4708  0.16%   6.9 2230s
 11991703 8726690 44043.0107  144   16 43983.0000 44051.4708  0.16%   6.9 2235s
 12011424 8740013 44041.3583  132   22 43983.0000 44051.4708  0.16%   6.9 2240s
 12032338 8754389 44021.3646  153   18 43983.0000 44051.4708  0.16%   6.9 2245s
 12049985 8766931 44047.6486  131   18 43983.0000 44051.4708  0.16%   6.9 2250s
 12069952 8780535 43994.3571  199   18 43983.0000 44051.4708  0.16%   6.9 2255s
 12088966 8793355 44003.4272  162   21 43983.0000 44051.4708  0.16%   6.9 2260s
 12109947 8807191 44048.4459  135   21 43983.0000 44051.4708  0.16%   6.9 2265s
 12130934 8821229 44050.0389  144   19 43983.0000 44051.4708  0.16%   6.9 2270s
 12149071 8833603 44011.1837  146   20 43983.0000 44051.4708  0.16%   6.9 2275s
 12170285 8848140 44006.0088  161   15 43983.0000 44051.4708  0.16%   6.9 2280s
 12188142 8860908 44036.5002  161   18 43983.0000 44051.4708  0.16%   6.9 2285s
 12206719 8872880 44028.2049  158   16 43983.0000 44051.4708  0.16%   6.9 2290s
 12223735 8885600 44003.4272  173   17 43983.0000 44051.4708  0.16%   6.9 2295s
 12244684 8899287 44041.1494  144   20 43983.0000 44051.4708  0.16%   6.9 2300s
 12263332 8912307 43995.3333  203   15 43983.0000 44051.4708  0.16%   6.9 2305s
 12283251 8925823 44003.4272  150   19 43983.0000 44051.4708  0.16%   6.9 2310s
 12301198 8938535 44047.6486  132   18 43983.0000 44051.4708  0.16%   6.9 2315s
 12318857 8950925 44023.5576  136   19 43983.0000 44051.4708  0.16%   6.9 2320s
 12335535 8962205 44047.6486  127   23 43983.0000 44051.4708  0.16%   6.9 2325s
 12355936 8975327 44028.2049  156   17 43983.0000 44051.4708  0.16%   6.9 2330s
 12374637 8988155 44027.2620  174   17 43983.0000 44051.4708  0.16%   6.9 2335s
 12392966 9000543 44047.6486  130   18 43983.0000 44051.4708  0.16%   6.9 2340s
 12409736 9012882 44027.2620  159   17 43983.0000 44051.4708  0.16%   6.9 2345s
 12427156 9023931 44031.8901  148   18 43983.0000 44051.4708  0.16%   6.9 2350s
 12443826 9034845 44041.3583  136   25 43983.0000 44051.4708  0.16%   6.9 2355s
 12455295 9041805 44028.2049  145   17 43983.0000 44051.4708  0.16%   6.9 2360s
 12469537 9052687 44047.6486  143   16 43983.0000 44051.4708  0.16%   6.9 2365s
 12488242 9066327 44050.0389  144   24 43983.0000 44051.4708  0.16%   6.9 2370s
 12503744 9077654 43986.0000  328   13 43983.0000 44051.4708  0.16%   6.9 2375s
 12522804 9091172 infeasible  190      43983.0000 44051.4708  0.16%   6.9 2380s
 12540679 9103728 43994.3571  193   18 43983.0000 44051.4708  0.16%   6.9 2385s
 12559810 9116766 43990.6079  154   15 43983.0000 44051.4708  0.16%   6.9 2390s
 12576822 9129159     cutoff  164      43983.0000 44051.4708  0.16%   6.9 2395s
 12595494 9141233 44049.9544  129   18 43983.0000 44051.4708  0.16%   6.9 2400s
 12612904 9153668 44003.4272  167   17 43983.0000 44051.4708  0.16%   6.9 2405s
 12628736 9164924 44027.2620  138   22 43983.0000 44051.4708  0.16%   6.9 2410s
 12644104 9175514 44013.0000  168   16 43983.0000 44051.4708  0.16%   6.9 2415s
 12661587 9187969 44003.4272  174   18 43983.0000 44051.4708  0.16%   6.9 2420s
 12677188 9198141 44047.6486  133   19 43983.0000 44051.4708  0.16%   6.9 2425s
 12696243 9211644     cutoff  169      43983.0000 44051.4708  0.16%   6.9 2430s
 12713633 9223645 44048.4459  140   20 43983.0000 44051.4708  0.16%   6.9 2435s
 12729120 9234630     cutoff  203      43983.0000 44051.4708  0.16%   6.9 2440s
 12746320 9246771 infeasible  184      43983.0000 44051.4708  0.16%   6.9 2445s
 12761380 9257446 44021.3646  171   20 43983.0000 44051.4708  0.16%   6.9 2450s
 12777231 9268341 44047.6486  138   17 43983.0000 44051.4708  0.16%   6.9 2455s
 12791605 9277622 44048.4459  135   16 43983.0000 44051.4708  0.16%   6.9 2460s
 12809097 9289758 44013.9622  172   14 43983.0000 44051.4708  0.16%   6.9 2465s
 12825765 9301303 44011.1905  164   17 43983.0000 44051.4708  0.16%   6.9 2470s
 12841286 9311600 44011.1905  168   16 43983.0000 44051.4708  0.16%   7.0 2475s
 12859115 9323666 44041.3583  133   18 43983.0000 44051.4708  0.16%   7.0 2480s
 12875778 9335178 44027.2620  158   16 43983.0000 44051.4708  0.16%   7.0 2485s
 12891409 9345934 43987.0000  212   18 43983.0000 44051.4708  0.16%   7.0 2490s
 12908205 9357537 44035.1413  123   20 43983.0000 44051.4708  0.16%   7.0 2495s
 12925324 9369745 43987.0000  212   15 43983.0000 44051.4708  0.16%   7.0 2500s
 12942529 9382118 44003.1063  150   17 43983.0000 44051.4708  0.16%   7.0 2505s
 12959115 9393438 44003.4272  163   18 43983.0000 44051.4708  0.16%   7.0 2510s
 12978285 9406268 43986.4000  199   17 43983.0000 44051.4708  0.16%   7.0 2515s
 12995325 9418513 44006.0088  171   20 43983.0000 44051.4708  0.16%   7.0 2520s
 13010450 9429057 44003.4272  185   16 43983.0000 44051.4708  0.16%   7.0 2525s
 13024104 9438848 43994.3571  182   17 43983.0000 44051.4708  0.16%   7.0 2530s
 13040356 9450567 44047.6486  140   22 43983.0000 44051.4708  0.16%   7.0 2535s
 13058328 9462809 44008.2168  131   15 43983.0000 44051.4708  0.16%   7.0 2540s
 13072919 9472501 44047.6486  135   19 43983.0000 44051.4708  0.16%   7.0 2545s
 13090345 9484594 44003.1063  161   16 43983.0000 44051.4708  0.16%   7.0 2550s
 13107672 9496287 44028.2049  153   16 43983.0000 44051.4708  0.16%   7.0 2555s
 13122515 9506538 44027.8869  151   17 43983.0000 44051.4708  0.16%   7.0 2560s
 13139515 9518623 44047.6486  142   20 43983.0000 44051.4708  0.16%   7.0 2565s
 13158759 9532571     cutoff  174      43983.0000 44051.4708  0.16%   7.0 2570s
 13174969 9544403 44047.6486  134   20 43983.0000 44051.4708  0.16%   7.0 2575s
 13190412 9555157 44027.8869  148   16 43983.0000 44051.4708  0.16%   7.0 2580s
 13205173 9565498 44049.9544  130   22 43983.0000 44051.4708  0.16%   7.0 2585s
 13219206 9575487 44047.6486  130   22 43983.0000 44051.4708  0.16%   7.0 2590s
 13234058 9585891 44049.9544  125   19 43983.0000 44051.4708  0.16%   7.0 2595s
 13251472 9597788 44031.2057  154   17 43983.0000 44051.4708  0.16%   7.0 2600s
 13267257 9608771     cutoff  181      43983.0000 44051.4708  0.16%   7.0 2605s
 13285740 9621662 43995.3333  176   16 43983.0000 44051.4708  0.16%   7.0 2610s
 13298659 9631374 44031.5379  163   18 43983.0000 44051.4708  0.16%   7.0 2615s
 13315219 9642724 44033.1503  141   20 43983.0000 44051.4708  0.16%   7.0 2620s
 13328585 9651444 44019.3580  174   20 43983.0000 44051.4708  0.16%   7.0 2625s
 13346405 9663525 43995.3333  188   17 43983.0000 44051.4708  0.16%   7.0 2630s
 13361296 9673926     cutoff  158      43983.0000 44051.4708  0.16%   7.0 2635s
 13376549 9684439 44015.3937  153   18 43983.0000 44051.4708  0.16%   7.0 2640s
 13382703 9688653 44001.6034  127   16 43983.0000 44051.4708  0.16%   7.0 2645s
 13399194 9699724 44010.1667  172   16 43983.0000 44051.4708  0.16%   7.0 2650s
 13416302 9711311 44016.3333  176   18 43983.0000 44051.4708  0.16%   7.0 2655s
 13431436 9722016 44043.0107  160   17 43983.0000 44051.4708  0.16%   7.0 2660s
 13448449 9734428 43998.2277  190   17 43983.0000 44051.4708  0.16%   7.0 2665s
 13464355 9745038 44027.2620  161   16 43983.0000 44051.4708  0.16%   7.0 2670s
 13479792 9756596 44011.6706  152   17 43983.0000 44051.4708  0.16%   7.0 2675s
 13496763 9768099 44028.2049  158   16 43983.0000 44051.4708  0.16%   7.0 2680s
 13513183 9779718 44027.2620  182   16 43983.0000 44051.4708  0.16%   7.0 2685s
 13529011 9790570 43988.5001  150   17 43983.0000 44051.4708  0.16%   7.0 2690s
 13548544 9803433 44043.0107  136   17 43983.0000 44051.4708  0.16%   7.0 2695s
 13560971 9812777 44047.6486  151   15 43983.0000 44051.4708  0.16%   7.0 2700s
 13580036 9824866 44035.1413  154   18 43983.0000 44051.4708  0.16%   7.0 2705s
 13595109 9835098 44049.9544  128   21 43983.0000 44051.4708  0.16%   7.0 2710s
 13612343 9846811 44016.3333  173   17 43983.0000 44051.4708  0.16%   7.0 2715s
 13627571 9857898     cutoff  170      43983.0000 44051.4708  0.16%   7.0 2720s
 13643908 9868990 43987.0000  213   17 43983.0000 44051.4708  0.16%   7.0 2725s
 13660917 9881174 44027.2620  171   15 43983.0000 44051.4708  0.16%   7.0 2730s
 13676468 9891956 43987.0000  209   15 43983.0000 44051.4708  0.16%   7.0 2735s
 13691387 9901970 44021.3646  171   18 43983.0000 44051.4708  0.16%   7.0 2740s
 13706695 9912471 44002.4400  166   18 43983.0000 44051.4708  0.16%   7.0 2745s
 13721693 9922860     cutoff  153      43983.0000 44051.4708  0.16%   7.0 2750s
 13736397 9933837 44048.4459  137   20 43983.0000 44051.4708  0.16%   7.0 2755s
 13753703 9945798 44035.1053  144   17 43983.0000 44051.4708  0.16%   7.0 2760s
 13769080 9956781 44049.9544  129   21 43983.0000 44051.4708  0.16%   7.0 2765s
 13784786 9968114 44043.0030  141   21 43983.0000 44051.4708  0.16%   7.0 2770s
 13798938 9978338 44016.3333  170   17 43983.0000 44051.4708  0.16%   7.0 2775s
 13814656 9988668 44028.2049  177   18 43983.0000 44051.4708  0.16%   7.0 2780s
 13827515 9997089 44047.6486  144   20 43983.0000 44051.4708  0.16%   7.0 2785s
 13843023 10007602 44031.2057  156   16 43983.0000 44051.4708  0.16%   7.1 2790s
 13856270 10017265 44047.6486  150   19 43983.0000 44051.4708  0.16%   7.1 2795s
 13870248 10027378 44035.1413  146   20 43983.0000 44051.4708  0.16%   7.1 2800s
 13885604 10037713 43987.7500  196   14 43983.0000 44051.4708  0.16%   7.1 2805s
 13900807 10048178 44020.8575  160   15 43983.0000 44051.4708  0.16%   7.1 2810s
 13915785 10058908 44027.2620  169   18 43983.0000 44051.4708  0.16%   7.1 2815s
 13933245 10071200 44049.9544  132   21 43983.0000 44051.4708  0.16%   7.1 2820s
 13947990 10082304 44027.2620  170   17 43983.0000 44051.4708  0.16%   7.1 2825s
 13961726 10092113 44013.0000  177   15 43983.0000 44051.4708  0.16%   7.1 2830s
 13975812 10101989 43987.0000  191   19 43983.0000 44051.4708  0.16%   7.1 2835s
 13993423 10113876 44031.8901  138   18 43983.0000 44051.4708  0.16%   7.1 2840s
 14008753 10125262 44011.6706  139   17 43983.0000 44051.4708  0.16%   7.1 2845s
 14021889 10134523     cutoff  177      43983.0000 44051.4708  0.16%   7.1 2850s
 14037734 10145764 44021.3646  159   17 43983.0000 44051.4708  0.16%   7.1 2855s
 14051328 10155641 44027.2620  147   15 43983.0000 44051.4708  0.16%   7.1 2860s
 14066659 10165923 43987.7500  198   15 43983.0000 44051.4708  0.16%   7.1 2865s
 14079156 10175080 44015.3937  157   17 43983.0000 44051.4708  0.16%   7.1 2870s
 14094420 10185288 44016.3333  171   15 43983.0000 44051.4708  0.16%   7.1 2875s
 14108103 10194626 43987.7500  201   19 43983.0000 44051.4708  0.16%   7.1 2880s
 14123494 10204676 43995.3333  192   18 43983.0000 44051.4708  0.16%   7.1 2885s
 14137037 10214234 43991.3955  171   17 43983.0000 44051.4708  0.16%   7.1 2890s
 14147957 10222383 44046.5307  128   22 43983.0000 44051.4708  0.16%   7.1 2895s
 14163331 10233064 44015.3937  152   18 43983.0000 44051.4708  0.16%   7.1 2900s
 14176513 10242429 43988.8684  149   18 43983.0000 44051.4708  0.16%   7.1 2905s
 14191464 10252448 44046.3352  148   23 43983.0000 44051.4708  0.16%   7.1 2910s
 14203175 10260804 44047.6486  141   18 43983.0000 44051.4708  0.16%   7.1 2915s
 14217154 10269813 44043.0107  154   15 43983.0000 44051.4708  0.16%   7.1 2920s
 14226415 10275790 44016.3333  180   19 43983.0000 44051.4708  0.16%   7.1 2925s
 14239649 10285003     cutoff  158      43983.0000 44051.4708  0.16%   7.1 2930s
 14253726 10294816 44041.1494  140   19 43983.0000 44051.4708  0.16%   7.1 2935s
 14269080 10304597 43991.3955  181   15 43983.0000 44051.4708  0.16%   7.1 2940s
 14284179 10315389 44015.3937  149   22 43983.0000 44051.4708  0.16%   7.1 2945s
 14299909 10326480 44041.1494  135   18 43983.0000 44051.4708  0.16%   7.1 2950s
 14306491 10330569 44049.3399  129   23 43983.0000 44051.4708  0.16%   7.1 2955s
 14318984 10340221 44016.3333  169   16 43983.0000 44051.4708  0.16%   7.1 2960s
 14331943 10349252 44021.3646  150   19 43983.0000 44051.4708  0.16%   7.1 2965s
 14347556 10359824     cutoff  213      43983.0000 44051.4708  0.16%   7.1 2970s
 14360689 10369436 44041.1494  143   22 43983.0000 44051.4708  0.16%   7.1 2975s
 14375628 10379768 44043.0107  145   16 43983.0000 44051.4708  0.16%   7.1 2980s
 14389254 10389668 44011.1905  157   16 43983.0000 44051.4708  0.16%   7.1 2985s
 14402623 10398902 44048.4459  130   21 43983.0000 44051.4708  0.16%   7.1 2990s
 14417425 10409410 44028.2049  152   15 43983.0000 44051.4708  0.16%   7.1 2995s
 14432943 10420428 44035.1413  143   19 43983.0000 44051.4708  0.16%   7.1 3000s
 14448331 10430535 44048.4459  126   21 43983.0000 44051.4708  0.16%   7.1 3005s
 14463088 10441601 44031.2057  147   18 43983.0000 44051.4708  0.16%   7.1 3010s
 14476783 10451650 43986.4000  207   16 43983.0000 44051.4708  0.16%   7.1 3015s
 14490957 10462290 43994.3571  192   17 43983.0000 44051.4708  0.16%   7.1 3020s
 14505870 10472114 44049.9544  126   20 43983.0000 44051.4708  0.16%   7.1 3025s
 14519199 10481388 44046.2101  128   21 43983.0000 44051.4708  0.16%   7.1 3030s
 14532185 10490772     cutoff  161      43983.0000 44051.4708  0.16%   7.1 3035s
 14545346 10499690 43987.7500  178   16 43983.0000 44051.4708  0.16%   7.1 3040s
 14558119 10508530 44047.6486  119   19 43983.0000 44051.4708  0.16%   7.1 3045s
 14573366 10518968 44027.2620  171   17 43983.0000 44051.4708  0.16%   7.1 3050s
 14589195 10530235 44043.0107  157   15 43983.0000 44051.4708  0.16%   7.1 3055s
 14603650 10540166 43996.9575  129   19 43983.0000 44051.4708  0.16%   7.1 3060s
 14619510 10551769 43992.2687  191   17 43983.0000 44051.4708  0.16%   7.1 3065s
 14634616 10562901 44046.2101  138   21 43983.0000 44051.4708  0.16%   7.1 3070s
 14647493 10571950 44047.6486  139   20 43983.0000 44051.4708  0.16%   7.1 3075s
 14659437 10580271 44049.9544  127   23 43983.0000 44051.4708  0.16%   7.1 3080s
 14672796 10588946 43988.2857  196   17 43983.0000 44051.4708  0.16%   7.1 3085s
 14686089 10598373 43987.7500  213   17 43983.0000 44051.4708  0.16%   7.1 3090s
 14701761 10609716 44033.1503  142   18 43983.0000 44051.4708  0.16%   7.1 3095s
 14716840 10621317 44016.3333  179   15 43983.0000 44051.4708  0.16%   7.1 3100s
 14728545 10629526 44015.3937  153   15 43983.0000 44051.4708  0.16%   7.1 3105s
 14742154 10639522 44016.3333  154   19 43983.0000 44051.4708  0.16%   7.1 3110s
 14757901 10650205 43995.3333  189   15 43983.0000 44051.4708  0.16%   7.1 3115s
 14770711 10659035 44050.0389  136   21 43983.0000 44051.4708  0.16%   7.1 3120s
 14784389 10669271 44048.4459  133   20 43983.0000 44051.4708  0.16%   7.1 3125s
 14801764 10681568 44043.0107  140   15 43983.0000 44051.4708  0.16%   7.1 3130s
 14814372 10689891 44027.8869  152   17 43983.0000 44051.4708  0.16%   7.1 3135s
 14829437 10700076 44050.0389  132   20 43983.0000 44051.4708  0.16%   7.1 3140s
 14843078 10709993 43987.7500  207   12 43983.0000 44051.4708  0.16%   7.1 3145s
 14860276 10722266 44021.3646  164   18 43983.0000 44051.4708  0.16%   7.1 3150s
 14874634 10732936 44031.5379  143   16 43983.0000 44051.4708  0.16%   7.1 3155s
 14888722 10742118 43994.3571  173   16 43983.0000 44051.4708  0.16%   7.2 3160s
 14902734 10752267 44049.3399  123   21 43983.0000 44051.4708  0.16%   7.2 3165s
 14914734 10760413 44049.9544  111   21 43983.0000 44051.4708  0.16%   7.2 3170s
 14929571 10770500 44037.7032  145   19 43983.0000 44051.4708  0.16%   7.2 3175s
 14942638 10779709 44048.4459  123   24 43983.0000 44051.4708  0.16%   7.2 3180s
 14957661 10789844 44035.5313  163   20 43983.0000 44051.4708  0.16%   7.2 3185s
 14973025 10801084 43994.3571  196   16 43983.0000 44051.4708  0.16%   7.2 3190s
 14986345 10811049 44011.5386  152   14 43983.0000 44051.4708  0.16%   7.2 3195s
 14999797 10820063 44035.1053  147   18 43983.0000 44051.4708  0.16%   7.2 3200s
 15013481 10829715 44035.1413  137   18 43983.0000 44051.4708  0.16%   7.2 3205s
 15028634 10838871 43997.2400  168   16 43983.0000 44051.4708  0.16%   7.2 3210s
 15039950 10847567 44028.2049  168   21 43983.0000 44051.4708  0.16%   7.2 3215s
 15053404 10857697 44049.9544  121   25 43983.0000 44051.4708  0.16%   7.2 3220s
 15066393 10866258 43994.0002  170   15 43983.0000 44051.4708  0.16%   7.2 3225s
 15079206 10876099 43995.6951  179   15 43983.0000 44051.4708  0.16%   7.2 3230s
 15092822 10885440 44048.4459  127   22 43983.0000 44051.4708  0.16%   7.2 3235s
 15106254 10895204 43994.3571  195   15 43983.0000 44051.4708  0.16%   7.2 3240s
 15119786 10905700 43995.3333  179   18 43983.0000 44051.4708  0.16%   7.2 3245s
 15135012 10915856 43987.7500  183   18 43983.0000 44051.4708  0.16%   7.2 3250s
 15147849 10924280 43987.7500  181   17 43983.0000 44051.4708  0.16%   7.2 3255s
 15162082 10934327 44024.7599  147   14 43983.0000 44051.4708  0.16%   7.2 3260s
 15174838 10943162     cutoff  171      43983.0000 44051.4708  0.16%   7.2 3265s
 15188083 10951625 44031.2057  137   18 43983.0000 44051.4708  0.16%   7.2 3270s
 15201312 10960690     cutoff  157      43983.0000 44051.4708  0.16%   7.2 3275s
 15214972 10970110     cutoff  184      43983.0000 44051.4708  0.16%   7.2 3280s
 15229027 10979607 44049.9544  125   17 43983.0000 44051.4708  0.16%   7.2 3285s
 15241468 10988618 44047.6486  138   18 43983.0000 44051.4708  0.16%   7.2 3290s
 15256929 10999133 44006.6843  159   18 43983.0000 44051.4708  0.16%   7.2 3295s
 15268923 11006652 44007.8270  171   14 43983.0000 44051.4708  0.16%   7.2 3300s
 15283940 11016094 43996.9575  140   18 43983.0000 44051.4708  0.16%   7.2 3305s
 15296971 11025076 44002.4400  161   21 43983.0000 44051.4708  0.16%   7.2 3310s
 15309505 11033064 43987.7500  185   16 43983.0000 44051.4708  0.16%   7.2 3315s
 15323382 11042540 44047.6486  121   17 43983.0000 44051.4708  0.16%   7.2 3320s
 15337503 11052693 44013.0985  159   22 43983.0000 44051.4708  0.16%   7.2 3325s
 15349096 11060257 44006.6843  159   18 43983.0000 44051.4708  0.16%   7.2 3330s
 15362319 11068701 44035.1413  146   21 43983.0000 44051.4708  0.16%   7.2 3337s
 15368713 11074207 44041.3583  123   18 43983.0000 44051.4708  0.16%   7.2 3340s
 15378546 11080723 44019.0754  154   19 43983.0000 44051.4708  0.16%   7.2 3345s
 15390611 11089168     cutoff  158      43983.0000 44051.4708  0.16%   7.2 3350s
 15403506 11098456 44008.2168  141   19 43983.0000 44051.4708  0.16%   7.2 3355s
 15418818 11109221 44048.4459  124   22 43983.0000 44051.4708  0.16%   7.2 3360s
 15434040 11119639     cutoff  191      43983.0000 44051.4708  0.16%   7.2 3365s
 15448870 11130095 43998.5798  171   17 43983.0000 44051.4708  0.16%   7.2 3370s
 15461411 11139725 44016.3333  173   17 43983.0000 44051.4708  0.16%   7.2 3376s
 15475068 11148788 43987.0000  192   14 43983.0000 44051.4708  0.16%   7.2 3380s
 15488671 11158157 44013.0000  194   16 43983.0000 44051.4708  0.16%   7.2 3385s
 15500067 11165911 43994.3571  201   17 43983.0000 44051.4708  0.16%   7.2 3390s
 15513634 11175180 44049.9544  134   25 43983.0000 44051.4708  0.16%   7.2 3395s
 15529105 11185618 44001.2049  199   19 43983.0000 44051.4213  0.16%   7.2 3400s
 15539884 11192908 44032.4337  149   18 43983.0000 44051.4213  0.16%   7.2 3405s
 15551531 11200597 44047.0432  139   17 43983.0000 44051.4213  0.16%   7.2 3410s
 15560150 11206638 44041.9154  158   14 43983.0000 44051.4213  0.16%   7.2 3415s
 15572021 11215006 44033.1503  159   17 43983.0000 44051.4213  0.16%   7.2 3420s
 15582918 11222386 44027.2620  205   18 43983.0000 44051.4213  0.16%   7.2 3425s
 15593783 11230922 43989.1809  180   16 43983.0000 44051.4213  0.16%   7.2 3430s
 15605675 11238711 44051.4213  127   21 43983.0000 44051.4213  0.16%   7.2 3435s
 15617949 11246739 44031.5823  161   15 43983.0000 44051.4213  0.16%   7.2 3441s
 15626204 11252280 44031.5823  164   17 43983.0000 44051.4213  0.16%   7.2 3445s
 15639486 11260957 44019.6400  176   16 43983.0000 44051.4213  0.16%   7.2 3450s
 15651958 11269326 44032.4337  164   16 43983.0000 44051.4213  0.16%   7.2 3455s
 15663491 11277397 44029.9628  187   17 43983.0000 44051.4213  0.16%   7.2 3460s
 15674942 11284080 44010.2994  154   18 43983.0000 44051.4213  0.16%   7.2 3465s
 15687671 11292794 44003.9072  165   14 43983.0000 44051.4213  0.16%   7.2 3470s
 15699007 11300467 44049.8885  157   26 43983.0000 44051.4213  0.16%   7.2 3475s
 15709584 11307634 44027.8869  201   18 43983.0000 44051.4213  0.16%   7.2 3480s
 15719823 11314674 44051.4213  147   21 43983.0000 44051.4213  0.16%   7.2 3485s
 15731006 11322363 44047.0432  151   20 43983.0000 44051.4213  0.16%   7.2 3490s
 15742471 11329283 44034.8101  159   17 43983.0000 44051.4213  0.16%   7.2 3495s
 15753820 11337260 44040.0727  157   20 43983.0000 44051.4213  0.16%   7.2 3500s
 15766653 11346353 44032.4337  132   21 43983.0000 44051.4213  0.16%   7.2 3505s
 15778060 11354115 infeasible  217      43983.0000 44051.4213  0.16%   7.2 3510s
 15789551 11361383 44047.0432  151   19 43983.0000 44051.4213  0.16%   7.2 3515s
 15800625 11368507 44026.0427  167   15 43983.0000 44051.4213  0.16%   7.2 3520s
 15810957 11376308 44029.9628  168   17 43983.0000 44051.4213  0.16%   7.2 3525s
 15822598 11384333 44026.0427  166   16 43983.0000 44051.4213  0.16%   7.2 3530s
 15832013 11390915 44034.8101  149   16 43983.0000 44051.4213  0.16%   7.2 3535s
 15843206 11398646 44000.3600  192   17 43983.0000 44051.4213  0.16%   7.2 3540s
 15853461 11405374     cutoff  180      43983.0000 44051.4213  0.16%   7.2 3545s
 15867120 11414277 44029.9628  152   17 43983.0000 44051.4213  0.16%   7.2 3550s
 15877484 11421473 44034.8101  164   16 43983.0000 44051.4213  0.16%   7.2 3555s
 15888897 11429277 44012.0466  184   18 43983.0000 44051.4213  0.16%   7.2 3560s
 15900355 11437589 44047.0432  139   19 43983.0000 44051.4213  0.16%   7.2 3565s
 15912979 11445953 44022.7074  159   18 43983.0000 44051.4213  0.16%   7.2 3570s
 15924894 11454060 44012.0466  165   19 43983.0000 44051.4213  0.16%   7.2 3575s
 15937335 11462720 44034.8101  150   18 43983.0000 44051.4213  0.16%   7.2 3580s
 15947724 11469907 43998.5726  155   16 43983.0000 44051.4213  0.16%   7.2 3585s
 15960972 11478879 44004.0178  162   15 43983.0000 44051.4213  0.16%   7.2 3591s
 15969087 11485005 44028.2049  156   16 43983.0000 44051.4213  0.16%   7.2 3595s
 15981113 11492716 44011.1837  159   19 43983.0000 44051.4213  0.16%   7.2 3600s

Cutting planes:
  Gomory: 7
  Cover: 96
  MIR: 3
  StrongCG: 4
  Flow cover: 5
  Zero half: 2
  RLT: 1

Explored 15982268 nodes (115827221 simplex iterations) in 3600.08 seconds
Thread count was 12 (of 12 available processors)

Solution count 6: 43983 43937 43899 ... 28680

Time limit reached
Best objective 4.398300000000e+04, best bound 4.405100000000e+04, gap 0.1546%
