
Gurobi 9.1.2 (win64, Java) logging started Mon Nov 15 11:52:31 2021

Academic license - for non-commercial use only - expires 2022-10-30
Gurobi Optimizer version 9.1.2 build v9.1.2rc0 (win64)
Thread count: 6 physical cores, 12 logical processors, using up to 12 threads
Optimize a model with 110 rows, 1000 columns and 2000 nonzeros
Model fingerprint: 0x32aa38ab
Variable types: 0 continuous, 1000 integer (1000 binary)
Coefficient statistics:
  Matrix range     [1e+00, 1e+03]
  Objective range  [2e+01, 1e+03]
  Bounds range     [1e+00, 1e+00]
  RHS range        [1e+00, 3e+03]
Found heuristic solution: objective 27814.000000
Presolve time: 0.01s
Presolved: 110 rows, 1000 columns, 2000 nonzeros
Variable types: 0 continuous, 1000 integer (1000 binary)
Presolved: 110 rows, 1000 columns, 2000 nonzeros


Root relaxation: objective 3.732916e+04, 130 iterations, 0.00 seconds

    Nodes    |    Current Node    |     Objective Bounds      |     Work
 Expl Unexpl |  Obj  Depth IntInf | Incumbent    BestBd   Gap | It/Node Time

     0     0 37329.1556    0   12 27814.0000 37329.1556  34.2%     -    0s
H    0     0                    36673.000000 37329.1556  1.79%     -    0s
H    0     0                    36678.000000 37329.1556  1.78%     -    0s
     0     0 37313.2178    0   21 36678.0000 37313.2178  1.73%     -    0s
H    0     0                    36914.000000 37313.2178  1.08%     -    0s
H    0     0                    36919.000000 37313.2178  1.07%     -    0s
H    0     0                    37083.000000 37313.2178  0.62%     -    0s
     0     0 37313.2178    0   26 37083.0000 37313.2178  0.62%     -    0s
     0     0 37304.4466    0   25 37083.0000 37304.4466  0.60%     -    0s
     0     0 37304.4466    0   32 37083.0000 37304.4466  0.60%     -    0s
     0     0 37304.4466    0   24 37083.0000 37304.4466  0.60%     -    0s
     0     0 37304.4466    0   15 37083.0000 37304.4466  0.60%     -    0s
     0     2 37304.4466    0   15 37083.0000 37304.4466  0.60%     -    0s
H   38    43                    37110.000000 37304.4466  0.52%  14.1    0s
H  153   166                    37126.000000 37304.4466  0.48%   8.0    1s
H 2965  2523                    37217.000000 37304.4466  0.23%   4.4    1s
H 2988  2412                    37238.000000 37304.4466  0.18%   5.8    2s
H 2992  2294                    37255.000000 37304.2760  0.13%   5.8    3s
H 4613  2728                    37260.000000 37304.0779  0.12%   5.7    4s
 10569  6627 37303.6986  121   18 37260.0000 37304.0779  0.12%   4.5    5s
 46535 21875 37302.3584   82   16 37260.0000 37304.0444  0.12%   3.5   10s
 54766 24666 37288.4828  139   17 37260.0000 37297.3428  0.10%   3.6   15s
 95856 41980 37295.2197   98   19 37260.0000 37296.0530  0.10%   3.6   20s
 134576 53867 37262.1756  149   17 37260.0000 37295.7018  0.10%   4.0   25s
 170490 77804 37295.5489  107   25 37260.0000 37295.6110  0.10%   4.7   30s
 195755 90221 37286.8505  130   28 37260.0000 37295.5906  0.10%   5.1   35s
H206997 59703                    37274.000000 37295.5906  0.06%   5.3   38s
 212904 62832 37295.5539  112   41 37274.0000 37295.5906  0.06%   5.4   40s
 237988 75017 37295.5489  112   33 37274.0000 37295.5489  0.06%   6.0   45s
 262603 86976 37290.3449  135   22 37274.0000 37295.5486  0.06%   6.5   50s
 289806 100499 37281.5638  134   25 37274.0000 37295.5107  0.06%   7.0   55s
 313100 115053 37284.0000  170   20 37274.0000 37295.2197  0.06%   7.3   60s
 340672 135204 37291.6628  116   29 37274.0000 37295.2197  0.06%   7.5   65s
 368270 155786 37284.0000  239   18 37274.0000 37295.2197  0.06%   7.8   70s
 393855 174717 37294.8754   96   41 37274.0000 37295.0926  0.06%   8.0   75s
 417066 191806 37289.2699  128   25 37274.0000 37294.9618  0.06%   8.3   80s
 444151 212437 37294.9618  122   22 37274.0000 37294.9618  0.06%   8.5   85s
 469028 231204 37294.9618  126   27 37274.0000 37294.9618  0.06%   8.7   90s
 494876 250098     cutoff  243      37274.0000 37294.9618  0.06%   8.9   95s
 517234 267286 37280.9903  154   19 37274.0000 37294.9618  0.06%   9.0  100s
 543460 286798 37291.7433  144   29 37274.0000 37294.9618  0.06%   9.1  105s
 571596 307246 37284.0000  183   19 37274.0000 37294.9618  0.06%   9.2  110s
 597973 327234     cutoff  126      37274.0000 37294.9618  0.06%   9.3  115s
 625317 348187 37280.9903  182   18 37274.0000 37294.9618  0.06%   9.4  120s
 651283 366686 37285.4748  123   20 37274.0000 37294.9618  0.06%   9.5  125s
 678031 386825 37280.9903  153   18 37274.0000 37294.9618  0.06%   9.5  130s
 704327 406453 37291.7433  151   21 37274.0000 37294.9618  0.06%   9.6  135s
 731311 428025 37291.7433  160   18 37274.0000 37294.9618  0.06%   9.6  140s
 757290 448594     cutoff   99      37274.0000 37294.9618  0.06%   9.7  145s
 777496 464794 37291.3061  126   23 37274.0000 37294.9618  0.06%   9.7  150s
 799702 482102 37284.6712  176   18 37274.0000 37294.9618  0.06%   9.8  155s
 818359 496384 37291.7433  114   27 37274.0000 37294.9618  0.06%   9.8  160s
 839958 514022 37280.3913  167   28 37274.0000 37294.8754  0.06%   9.8  165s
 862898 531414 37290.1217  121   22 37274.0000 37294.6803  0.06%   9.8  170s
 886827 548202 37284.0000  224   18 37274.0000 37294.6803  0.06%   9.9  175s
 911470 566500     cutoff  128      37274.0000 37294.6803  0.06%   9.9  180s
 936477 583392 37284.0000  176   15 37274.0000 37294.6803  0.06%  10.0  185s
 963774 603426 37284.0000  282   16 37274.0000 37294.6803  0.06%  10.0  190s
 987847 621222 37284.0000  150   23 37274.0000 37294.6803  0.06%  10.1  195s
 1007857 634006 37282.3373  125   26 37274.0000 37294.6347  0.06%  10.1  200s
 1020915 640204 37280.3826  211   18 37274.0000 37294.6347  0.06%  10.2  205s
 1032941 648004 37289.2699  124   22 37274.0000 37294.6347  0.06%  10.2  210s
 1045787 655896 37294.6347  136   23 37274.0000 37294.6347  0.06%  10.2  215s
 1058669 664480 37289.2699  130   22 37274.0000 37294.6347  0.06%  10.3  220s
 1074953 675520 37280.9903  231   18 37274.0000 37294.6347  0.06%  10.3  225s
 1090609 686460 37284.0000  262   18 37274.0000 37294.6193  0.06%  10.3  230s
 1112842 703006 37284.0000  236   17 37274.0000 37294.5353  0.06%  10.4  235s
 1125742 710359 37294.5224  125   28 37274.0000 37294.5224  0.06%  10.4  240s
 1142753 721808 37280.9903  292   20 37274.0000 37294.5224  0.06%  10.5  245s
 1158569 732205 37289.2699  128   28 37274.0000 37294.5224  0.06%  10.5  250s
 1174825 743401 37294.5224  107   29 37274.0000 37294.5224  0.06%  10.5  255s
 1188630 750973 37287.0638  108   35 37274.0000 37294.5224  0.06%  10.5  260s
 1200742 758159 37291.1184  121   22 37274.0000 37294.5224  0.06%  10.5  265s
 1214421 767544 37291.2162  170   18 37274.0000 37294.4854  0.05%  10.5  270s
 1232067 777475 37285.4748  123   26 37274.0000 37294.4536  0.05%  10.5  275s
 1249194 785808 37282.9923  105   26 37274.0000 37294.4536  0.05%  10.5  280s
 1265663 794254 37280.9903  106   20 37274.0000 37294.4536  0.05%  10.5  285s
 1281448 803209 37285.4748  118   26 37274.0000 37294.2605  0.05%  10.5  290s
 1296064 810879 37280.9903  144   22 37274.0000 37294.2462  0.05%  10.5  295s
 1309460 817695 37282.8771  128   34 37274.0000 37294.2462  0.05%  10.5  300s
 1324479 825922 37286.5548  144   23 37274.0000 37294.2462  0.05%  10.5  305s
 1340050 834453 37281.7556  134   18 37274.0000 37294.2462  0.05%  10.5  310s
 1355025 843192 37289.2699  126   25 37274.0000 37294.2462  0.05%  10.5  315s
 1370101 851806 37289.2699  125   26 37274.0000 37294.2462  0.05%  10.5  320s
 1385160 859648 37289.8277  132   30 37274.0000 37294.2462  0.05%  10.5  325s
 1397326 868025 37281.7556  118   34 37274.0000 37294.2462  0.05%  10.5  330s
 1412692 877334 37285.4748  132   25 37274.0000 37294.2462  0.05%  10.5  335s
 1427346 886264 37285.4748  142   22 37274.0000 37294.2462  0.05%  10.5  340s
 1441766 894643 37286.2783  142   21 37274.0000 37294.2462  0.05%  10.5  345s
 1453138 900213 37293.4842  115   30 37274.0000 37294.2462  0.05%  10.5  350s
 1468297 908639 37293.4842  117   27 37274.0000 37294.2462  0.05%  10.5  355s
 1482757 915720 37279.6772  133   18 37274.0000 37294.2375  0.05%  10.5  360s
 1502330 930479 37285.6148  129   19 37274.0000 37294.1164  0.05%  10.5  365s
 1521083 941623 37280.9903  123   21 37274.0000 37294.0524  0.05%  10.5  370s
 1538467 950438 37285.4189  106   39 37274.0000 37294.0402  0.05%  10.5  375s
 1554284 959209 37284.0398  118   39 37274.0000 37293.9901  0.05%  10.5  380s
 1566253 965120 37288.8849  100   38 37274.0000 37293.8658  0.05%  10.6  385s
 1581652 974572 37280.2809  142   20 37274.0000 37293.6912  0.05%  10.6  390s
 1597108 984481 37282.1876  146   21 37274.0000 37293.6888  0.05%  10.6  395s
 1610471 992413 37292.6074  152   22 37274.0000 37293.6607  0.05%  10.7  400s
 1624151 1000724 37291.2162   99   19 37274.0000 37293.5187  0.05%  10.7  405s
 1639360 1008296 37291.2162  107   17 37274.0000 37293.4799  0.05%  10.7  410s
 1655498 1021873 37293.4579  114   30 37274.0000 37293.4579  0.05%  10.7  415s
 1671991 1030805 37275.8762  124   24 37274.0000 37293.2858  0.05%  10.8  420s
 1686572 1041524 37293.2716  102   34 37274.0000 37293.2716  0.05%  10.8  425s
 1705650 1056327     cutoff  119      37274.0000 37293.2225  0.05%  10.8  430s
 1723978 1070801 37277.0435  288   17 37274.0000 37293.2225  0.05%  10.8  435s
 1741955 1084021 37285.6148  133   23 37274.0000 37293.2048  0.05%  10.8  440s
 1757607 1093673 37281.6614  132   23 37274.0000 37293.0644  0.05%  10.8  445s
 1771965 1104761 37290.0132  117   24 37274.0000 37293.0355  0.05%  10.8  450s
 1782545 1113032 37277.0435  190   17 37274.0000 37293.0355  0.05%  10.8  455s
 1795562 1120392 37280.2981  112   26 37274.0000 37293.0264  0.05%  10.8  460s
 1808593 1126002 37293.0264  119   26 37274.0000 37293.0264  0.05%  10.8  465s
 1820415 1130581 37278.4846  114   26 37274.0000 37292.9897  0.05%  10.8  470s
 1832672 1138377 37291.0685  108   30 37274.0000 37292.7973  0.05%  10.8  475s
 1852599 1153703 37284.0000  269   13 37274.0000 37292.7229  0.05%  10.8  480s
 1872305 1169647 37284.0000  265   17 37274.0000 37292.7229  0.05%  10.9  485s
 1891513 1185320 37284.0000  138   18 37274.0000 37292.7229  0.05%  10.9  490s
 1913218 1203780 37290.1217  124   24 37274.0000 37292.7229  0.05%  10.9  495s
 1934711 1221732 37284.0000  226   14 37274.0000 37292.7229  0.05%  10.9  500s
 1954992 1237815 37284.0000  132   16 37274.0000 37292.7229  0.05%  10.9  505s
 1970181 1245128 37281.6614  115   22 37274.0000 37292.6155  0.05%  10.9  510s
 1984720 1257092 37281.8621  249   15 37274.0000 37292.5750  0.05%  10.9  515s
 2001651 1269330     cutoff  127      37274.0000 37292.4783  0.05%  10.9  520s
 2016706 1277239     cutoff  159      37274.0000 37292.3784  0.05%  10.9  525s
 2031914 1289320 37284.0000  194   20 37274.0000 37292.3206  0.05%  10.9  530s
 2054375 1308222 37281.7165  212   17 37274.0000 37292.3206  0.05%  11.0  535s
 2073154 1324123 37284.0000  182   17 37274.0000 37292.3206  0.05%  11.0  540s
 2094844 1342408 infeasible  315      37274.0000 37292.3206  0.05%  10.9  545s
 2117876 1361917 37281.1915  168   18 37274.0000 37292.3206  0.05%  11.0  550s
 2140170 1379924 37284.0000  182   24 37274.0000 37292.3206  0.05%  11.0  555s
 2159385 1396230 37284.0000  155   24 37274.0000 37292.3206  0.05%  11.0  560s
 2180271 1413385 37284.0000  137   19 37274.0000 37292.3206  0.05%  11.0  565s
 2201792 1431459 37284.0000  158   14 37274.0000 37292.3206  0.05%  11.0  570s
 2224017 1449797 37284.0000  224   19 37274.0000 37292.3206  0.05%  11.0  575s
 2245653 1467715 37284.0000  215   20 37274.0000 37292.3206  0.05%  11.0  580s
 2266804 1484636 37282.6299  340   15 37274.0000 37292.3206  0.05%  11.0  585s
 2281552 1493562 37283.4448  126   29 37274.0000 37292.1625  0.05%  11.0  590s
 2295242 1501302 37280.9903   93   34 37274.0000 37291.9580  0.05%  11.0  595s
 2309980 1504099 37280.2981  115   20 37274.0000 37291.9580  0.05%  11.0  600s
 2322460 1506815 37280.9903  161   17 37274.0000 37291.9580  0.05%  11.0  605s
 2337955 1510089 37280.9903  118   29 37274.0000 37291.9580  0.05%  11.0  610s
 2352942 1517503 37285.9096  114   35 37274.0000 37291.9069  0.05%  11.1  615s
 2366945 1528085 37285.5514  116   29 37274.0000 37291.9069  0.05%  11.1  620s
 2386731 1543390 37284.0000  185   16 37274.0000 37291.9069  0.05%  11.1  625s
 2406429 1559022 37283.6182  127   22 37274.0000 37291.9069  0.05%  11.1  630s
 2426066 1575145 37284.0000  165   14 37274.0000 37291.9069  0.05%  11.1  635s
 2446500 1591208 37284.0000  173   21 37274.0000 37291.9069  0.05%  11.1  640s
 2466235 1608029 37284.0000  228   13 37274.0000 37291.9069  0.05%  11.1  645s
 2487597 1625967 37284.0000  152   21 37274.0000 37291.9069  0.05%  11.0  650s
 2504585 1640435 37284.0000  224   17 37274.0000 37291.9069  0.05%  11.1  655s
 2527002 1658599 37284.0000  145   17 37274.0000 37291.9069  0.05%  11.1  660s
 2547963 1676349 37284.0000  158   16 37274.0000 37291.9069  0.05%  11.0  665s
 2568765 1692807     cutoff  285      37274.0000 37291.9069  0.05%  11.1  670s
 2589444 1710003 37284.0000  210   17 37274.0000 37291.9069  0.05%  11.0  675s
 2607815 1724387 37284.0000  165   17 37274.0000 37291.9069  0.05%  11.0  680s
 2626756 1738270 37279.7717  128   22 37274.0000 37291.8958  0.05%  11.0  685s
 2646341 1751829 37281.3788  168   22 37274.0000 37291.7433  0.05%  11.0  690s
 2664325 1763653 37283.6182  131   27 37274.0000 37291.7433  0.05%  11.0  695s
 2679962 1774921 37284.0000  203   17 37274.0000 37291.7433  0.05%  11.0  700s
 2698159 1787525 37282.1876  182   17 37274.0000 37291.7433  0.05%  11.0  705s
 2715252 1799508 37291.7433  171   20 37274.0000 37291.7433  0.05%  11.0  710s
 2731791 1811626 37276.0910  204   24 37274.0000 37291.7433  0.05%  11.0  715s
 2747365 1822776 37284.0000  129   23 37274.0000 37291.7433  0.05%  11.1  720s
 2766075 1836313 37275.6000  179   19 37274.0000 37291.7433  0.05%  11.0  725s
 2784482 1849330     cutoff  147      37274.0000 37291.7433  0.05%  11.0  730s
 2803081 1863426 37282.1876  162   28 37274.0000 37291.7433  0.05%  11.1  735s
 2820831 1876442 37284.0000  168   16 37274.0000 37291.7433  0.05%  11.1  740s
 2836881 1888362 37284.0000  166   21 37274.0000 37291.7433  0.05%  11.1  745s
 2852814 1899846 37275.2609  218   15 37274.0000 37291.7433  0.05%  11.1  750s
 2869187 1911980 37285.5614  184   21 37274.0000 37291.7433  0.05%  11.1  755s
 2885650 1923765 37284.0000  238   16 37274.0000 37291.7433  0.05%  11.1  760s
 2902173 1935371 37282.1876  174   17 37274.0000 37291.7433  0.05%  11.1  765s
 2916816 1946511 37283.6182  159   22 37274.0000 37291.7433  0.05%  11.1  770s
 2934641 1959944     cutoff  162      37274.0000 37291.7433  0.05%  11.1  775s
 2951118 1971541 37282.6299  208   19 37274.0000 37291.7433  0.05%  11.1  780s
 2971422 1986117 37284.8644  160   27 37274.0000 37291.7433  0.05%  11.1  785s
 2989531 1999587 37284.0000  237   15 37274.0000 37291.7433  0.05%  11.1  790s
 3007731 2012749 37282.1876  177   19 37274.0000 37291.7433  0.05%  11.1  795s
 3028296 2027628 37282.1876  188   20 37274.0000 37291.7433  0.05%  11.1  800s
 3044898 2039390     cutoff  320      37274.0000 37291.7433  0.05%  11.1  805s
 3063646 2052846 infeasible  174      37274.0000 37291.7433  0.05%  11.1  810s
 3079925 2064933 37284.0000  237   15 37274.0000 37291.7433  0.05%  11.1  815s
 3093560 2074990 37282.1876  184   21 37274.0000 37291.7433  0.05%  11.1  820s
 3110539 2087475 37284.0000  277   13 37274.0000 37291.7433  0.05%  11.1  825s
 3129649 2101192 37280.7931  187   17 37274.0000 37291.7433  0.05%  11.1  830s
 3148113 2114754 37282.1876  168   20 37274.0000 37291.7433  0.05%  11.1  835s
 3164820 2126592 37280.7931  271   15 37274.0000 37291.7433  0.05%  11.1  840s
 3183269 2140527     cutoff  194      37274.0000 37291.7433  0.05%  11.1  845s
 3201517 2153943 37284.0000  229   13 37274.0000 37291.7433  0.05%  11.1  850s
 3215458 2163759 37284.0000  145   20 37274.0000 37291.7433  0.05%  11.1  855s
 3232416 2176770 37291.7433  184   23 37274.0000 37291.7433  0.05%  11.1  860s
 3250405 2189756 37284.0000  166   16 37274.0000 37291.7433  0.05%  11.1  865s
 3267485 2202232 37284.0000  148   18 37274.0000 37291.7433  0.05%  11.1  870s
 3283410 2213792     cutoff  217      37274.0000 37291.7433  0.05%  11.1  875s
 3297545 2222750 37282.1876  183   19 37274.0000 37291.7433  0.05%  11.1  881s
 3311836 2234748 37284.0000  177   23 37274.0000 37291.7433  0.05%  11.2  885s
 3328633 2247053 37284.0000  142   17 37274.0000 37291.7433  0.05%  11.2  890s
 3348192 2261455 37284.0000  223   16 37274.0000 37291.7433  0.05%  11.2  895s
 3365359 2273968 37284.0000  188   16 37274.0000 37291.7433  0.05%  11.2  900s
 3383409 2286830 37283.5433  253   15 37274.0000 37291.7433  0.05%  11.2  905s
 3401501 2300116 37284.0000  216   16 37274.0000 37291.7433  0.05%  11.2  910s
 3417305 2311880 37284.0000  222   16 37274.0000 37291.7433  0.05%  11.2  915s
 3437169 2326702 37282.1876  221   19 37274.0000 37291.7433  0.05%  11.2  920s
 3452190 2338043     cutoff  156      37274.0000 37291.7433  0.05%  11.2  925s
 3469126 2350562 37283.6182  178   20 37274.0000 37291.7433  0.05%  11.2  930s
 3482901 2360615     cutoff  256      37274.0000 37291.7433  0.05%  11.2  935s
 3496948 2370483 37284.0000  139   17 37274.0000 37291.7433  0.05%  11.2  940s
 3509737 2379670 37284.0000  230   17 37274.0000 37291.7433  0.05%  11.2  945s
 3524163 2390191     cutoff  294      37274.0000 37291.7433  0.05%  11.2  950s
 3539033 2401281 37284.0000  231   18 37274.0000 37291.7433  0.05%  11.2  955s
 3554371 2412922 37282.1876  186   21 37274.0000 37291.7433  0.05%  11.2  960s
 3570374 2424752     cutoff  181      37274.0000 37291.7433  0.05%  11.2  965s
 3585967 2436279 37291.7433  131   18 37274.0000 37291.7433  0.05%  11.2  970s
 3603516 2449226 37284.0000  195   13 37274.0000 37291.7433  0.05%  11.2  975s
 3618735 2460745 37291.7433  167   24 37274.0000 37291.7433  0.05%  11.2  980s
 3628657 2468308 37284.8644  149   25 37274.0000 37291.7433  0.05%  11.2  985s
 3643491 2479050     cutoff  208      37274.0000 37291.7433  0.05%  11.2  990s
 3660730 2492030 37284.0000  231   18 37274.0000 37291.7433  0.05%  11.2  995s
 3677559 2503879 37282.1876  202   20 37274.0000 37291.7433  0.05%  11.2 1000s
 3690884 2514267 37284.0000  184   16 37274.0000 37291.7433  0.05%  11.2 1005s
 3705303 2524686 37285.1864  189   14 37274.0000 37291.7433  0.05%  11.2 1010s
 3719887 2535210 37281.3788  208   18 37274.0000 37291.7433  0.05%  11.2 1015s
 3730866 2543081 37275.6000  229   20 37274.0000 37291.7433  0.05%  11.2 1020s
 3743723 2552352 37284.0000  227   15 37274.0000 37291.7433  0.05%  11.2 1025s
 3755972 2561578 37284.0000  162   16 37274.0000 37291.7433  0.05%  11.2 1030s
 3770658 2572413 37284.0000  153   19 37274.0000 37291.7433  0.05%  11.2 1035s
 3786545 2583533 37284.0000  214   17 37274.0000 37291.7433  0.05%  11.2 1040s
 3800479 2594114 37275.4483  181   16 37274.0000 37291.7433  0.05%  11.2 1045s
 3816966 2606242 37284.8644  156   23 37274.0000 37291.7433  0.05%  11.2 1050s
 3829047 2615096 37282.1876  203   20 37274.0000 37291.7433  0.05%  11.2 1055s
 3843225 2625498 37284.8644  151   34 37274.0000 37291.7433  0.05%  11.2 1060s
 3857768 2635593 37281.3788  187   15 37274.0000 37291.7433  0.05%  11.2 1065s
 3870167 2644684 37284.0000  147   15 37274.0000 37291.7433  0.05%  11.2 1070s
 3882008 2654053 37283.6182  195   22 37274.0000 37291.7433  0.05%  11.2 1075s
 3894967 2663348 37284.0000  212   18 37274.0000 37291.7433  0.05%  11.2 1080s
 3904110 2669327 37284.0000  233   15 37274.0000 37291.7433  0.05%  11.2 1085s
 3919240 2680434 37283.6182  165   23 37274.0000 37291.7433  0.05%  11.2 1090s
 3930890 2689994 37284.0000  152   24 37274.0000 37291.7433  0.05%  11.2 1095s
 3945208 2700958 37284.0000  236   17 37274.0000 37291.7433  0.05%  11.2 1100s
 3960511 2711836 37284.0000  283   15 37274.0000 37291.7433  0.05%  11.2 1105s
 3977152 2723905 infeasible  215      37274.0000 37291.7433  0.05%  11.2 1110s
 3991281 2734707 37282.1876  148   24 37274.0000 37291.7433  0.05%  11.2 1115s
 4008059 2747172 37284.0000  206   16 37274.0000 37291.7433  0.05%  11.2 1120s
 4018210 2755048 37284.0000  210   18 37274.0000 37291.7433  0.05%  11.2 1125s
 4031629 2764796 37282.1876  174   25 37274.0000 37291.7433  0.05%  11.2 1130s
 4048024 2777120 37284.0000  208   24 37274.0000 37291.7433  0.05%  11.2 1135s
 4059178 2785282 37284.0000  187   16 37274.0000 37291.7433  0.05%  11.2 1140s
 4076036 2797698 37282.1876  146   25 37274.0000 37291.7433  0.05%  11.2 1145s
 4092030 2809755 37284.0000  173   19 37274.0000 37291.7433  0.05%  11.2 1150s
 4108801 2822315 37284.0000  195   18 37274.0000 37291.7433  0.05%  11.2 1155s
 4125520 2834540 37284.0000  198   17 37274.0000 37291.7433  0.05%  11.2 1160s
 4139066 2845025 37284.8644  147   26 37274.0000 37291.7433  0.05%  11.2 1165s
 4155537 2857135 37284.0000  234   17 37274.0000 37291.7433  0.05%  11.2 1170s
 4166405 2864740 37283.6182  212   22 37274.0000 37291.7433  0.05%  11.2 1175s
 4181958 2876334 37284.8644  120   36 37274.0000 37291.7433  0.05%  11.2 1180s
 4196938 2887524 37282.8822  220   21 37274.0000 37291.7433  0.05%  11.2 1185s
 4213322 2899721 37284.0000  224   19 37274.0000 37291.7433  0.05%  11.2 1190s
 4226540 2909610 37291.7433  145   21 37274.0000 37291.7433  0.05%  11.2 1195s
 4240095 2919327 37281.3788  166   18 37274.0000 37291.7433  0.05%  11.2 1200s
 4252707 2928429 37284.0000  271   17 37274.0000 37291.7433  0.05%  11.2 1205s
 4268198 2939461 infeasible  255      37274.0000 37291.7433  0.05%  11.2 1210s
 4284182 2951446 37285.5614  168   18 37274.0000 37291.7433  0.05%  11.2 1215s
 4298581 2961459 37284.0000  205   12 37274.0000 37291.7433  0.05%  11.2 1220s
 4312642 2972141 37284.0000  241   12 37274.0000 37291.7433  0.05%  11.2 1225s
 4326975 2983259 37283.6182  125   24 37274.0000 37291.7433  0.05%  11.2 1230s
 4340366 2992683 37284.0000  263   17 37274.0000 37291.7433  0.05%  11.2 1235s
 4353669 3002829 37284.0000  213   20 37274.0000 37291.7433  0.05%  11.2 1240s
 4367387 3012348 37284.0000  169   15 37274.0000 37291.7433  0.05%  11.2 1245s
 4380969 3022836 37275.6000  202   16 37274.0000 37291.7433  0.05%  11.2 1250s
 4394805 3032209 37275.6000  197   19 37274.0000 37291.7433  0.05%  11.2 1255s
 4407121 3042316 37284.0000  196   15 37274.0000 37291.7433  0.05%  11.2 1260s
 4419552 3051343 37284.0000  154   21 37274.0000 37291.7433  0.05%  11.2 1265s
 4434681 3062706 37284.0000  221   17 37274.0000 37291.7433  0.05%  11.2 1270s
 4450861 3074602 37283.6182  145   27 37274.0000 37291.7433  0.05%  11.2 1275s
 4465510 3085695 37279.4358  275   18 37274.0000 37291.7433  0.05%  11.2 1280s
 4480472 3096675 37291.7433  164   21 37274.0000 37291.7433  0.05%  11.2 1285s
 4494749 3107275 37284.0000  178   18 37274.0000 37291.7433  0.05%  11.2 1290s
 4509648 3118183 37285.5614  196   17 37274.0000 37291.7433  0.05%  11.2 1295s
 4524305 3128581 37282.1876  175   21 37274.0000 37291.7433  0.05%  11.2 1300s
 4538889 3139391 37284.0000  195   14 37274.0000 37291.7433  0.05%  11.2 1305s
 4550519 3149100 37284.0000  186   18 37274.0000 37291.7433  0.05%  11.2 1310s
 4563262 3157741 37284.0000  195   17 37274.0000 37291.7433  0.05%  11.2 1315s
 4578843 3169656 37281.3788  266   18 37274.0000 37291.7433  0.05%  11.2 1320s
 4588915 3177227 37281.3788  192   18 37274.0000 37291.7433  0.05%  11.2 1325s
 4604639 3189039 37284.0000  245   15 37274.0000 37291.7433  0.05%  11.2 1330s
 4618636 3199663 37281.3788  177   19 37274.0000 37291.7433  0.05%  11.2 1335s
 4631627 3209410 37278.2203  174   17 37274.0000 37291.7433  0.05%  11.2 1340s
 4644310 3218788 37284.0000  173   17 37274.0000 37291.7433  0.05%  11.2 1345s
 4659729 3230650 37281.3788  297   18 37274.0000 37291.7433  0.05%  11.2 1350s
 4674170 3240741 37284.0000  285   22 37274.0000 37291.7433  0.05%  11.2 1355s
 4684739 3249612 37284.0000  274   15 37274.0000 37291.7433  0.05%  11.2 1360s
 4701804 3262420 37284.0000  222   16 37274.0000 37291.7433  0.05%  11.2 1365s
 4715189 3273028 37284.0000  242   17 37274.0000 37291.7433  0.05%  11.2 1370s
 4729858 3283955 37282.1876  166   19 37274.0000 37291.7433  0.05%  11.2 1375s
 4742362 3293741 37284.0000  194   20 37274.0000 37291.7433  0.05%  11.2 1380s
 4754621 3303270 37284.0000  177   19 37274.0000 37291.7433  0.05%  11.2 1385s
 4768825 3314269 37283.6182  158   26 37274.0000 37291.7433  0.05%  11.2 1390s
 4781197 3323807 37284.0000  139   18 37274.0000 37291.7433  0.05%  11.2 1395s
 4796267 3334931 37284.0000  302   17 37274.0000 37291.7433  0.05%  11.2 1400s
 4808405 3344451 37281.3788  238   21 37274.0000 37291.7433  0.05%  11.2 1405s
 4821676 3354371 37284.0000  262   17 37274.0000 37291.7433  0.05%  11.2 1410s
 4836604 3366015 37284.0000  193   20 37274.0000 37291.7433  0.05%  11.2 1415s
 4850193 3376207 37284.0000  283   18 37274.0000 37291.7433  0.05%  11.2 1420s
 4862066 3385553     cutoff  220      37274.0000 37291.7433  0.05%  11.2 1425s
 4874093 3394323 37284.0000  127   17 37274.0000 37291.7433  0.05%  11.2 1430s
 4883348 3401674 37285.5614  171   20 37274.0000 37291.7433  0.05%  11.2 1435s
 4893622 3409540 37284.0000  213   17 37274.0000 37291.7433  0.05%  11.2 1440s
 4906644 3418901 37284.0000  273   16 37274.0000 37291.7433  0.05%  11.2 1445s
 4916622 3426843 37275.6000  249   16 37274.0000 37291.7433  0.05%  11.2 1450s
 4929115 3435849 37284.0000  209   15 37274.0000 37291.7433  0.05%  11.2 1455s
 4939024 3443617 37282.1876  162   24 37274.0000 37291.7433  0.05%  11.2 1460s
 4946590 3449406 37284.0000  269   18 37274.0000 37291.7433  0.05%  11.2 1465s
 4955756 3456265 37284.8644  140   36 37274.0000 37291.7433  0.05%  11.2 1470s
 4967039 3464474 37284.8644  134   25 37274.0000 37291.7433  0.05%  11.2 1476s
 4972168 3468736 37284.0000  171   20 37274.0000 37291.7433  0.05%  11.2 1480s
 4979317 3474235 37280.6339  168   26 37274.0000 37291.7433  0.05%  11.2 1485s
 4988753 3481126 37282.1876  173   18 37274.0000 37291.7433  0.05%  11.2 1490s
 5001224 3491008 37284.0000  291   14 37274.0000 37291.7433  0.05%  11.2 1495s
 5012410 3499459 37275.6000  176   16 37274.0000 37291.7433  0.05%  11.2 1500s
 5022820 3506572 37284.0000  136   16 37274.0000 37291.7433  0.05%  11.2 1505s
 5037424 3517965 37282.1876  201   23 37274.0000 37291.7433  0.05%  11.2 1510s
 5051702 3528763 37284.0000  304   19 37274.0000 37291.7433  0.05%  11.2 1515s
 5064695 3537431 37284.0000  203   21 37274.0000 37291.7433  0.05%  11.2 1521s
 5065062 3546561 37284.0000  204   21 37274.0000 37291.7433  0.05%  11.2 1526s
 5081031 3550912 37281.3788  218   17 37274.0000 37291.7433  0.05%  11.2 1530s
 5097255 3563295 37284.0000  241   18 37274.0000 37291.7433  0.05%  11.2 1535s
 5110750 3573250 37285.5582  234   19 37274.0000 37291.7433  0.05%  11.2 1540s
 5120065 3580063 37283.6182  204   24 37274.0000 37291.7433  0.05%  11.2 1545s
 5125543 3583408 37282.1876  228   24 37274.0000 37291.7433  0.05%  11.2 1550s
 5140093 3594636 37284.0000  195   19 37274.0000 37291.7433  0.05%  11.2 1555s
 5152737 3604480     cutoff  338      37274.0000 37291.7433  0.05%  11.2 1560s
 5167392 3615077 infeasible  223      37274.0000 37291.7433  0.05%  11.2 1565s
 5178245 3624196 37284.0000  208   14 37274.0000 37291.7433  0.05%  11.2 1570s
 5190820 3632529 37291.7433  130   23 37274.0000 37291.7433  0.05%  11.2 1575s
 5202090 3641420 37285.5614  168   18 37274.0000 37291.7433  0.05%  11.2 1581s
 5212634 3650455 37282.1876  194   24 37274.0000 37291.7433  0.05%  11.2 1585s
 5223786 3658765 37284.0000  196   22 37274.0000 37291.7433  0.05%  11.2 1590s
 5233118 3665479 37284.0000  212   18 37274.0000 37291.7433  0.05%  11.2 1595s
 5242414 3672829 37275.2609  195   24 37274.0000 37291.7433  0.05%  11.2 1600s
 5252881 3680663 37285.5614  149   17 37274.0000 37291.7433  0.05%  11.2 1605s
 5262491 3688088 37284.0000  139   17 37274.0000 37291.7433  0.05%  11.2 1610s
 5269766 3693178 37284.0000  248   16 37274.0000 37291.7433  0.05%  11.2 1616s
 5278454 3699702 37275.6000  219   17 37274.0000 37291.7433  0.05%  11.2 1620s
 5289874 3708332 37283.6182  138   25 37274.0000 37291.7433  0.05%  11.2 1625s
 5300905 3716690 37284.0000  156   18 37274.0000 37291.7433  0.05%  11.2 1630s
 5312224 3725309 37283.6182  145   22 37274.0000 37291.7433  0.05%  11.2 1635s
 5322034 3732418 37281.3788  172   19 37274.0000 37291.7433  0.05%  11.2 1640s
 5334516 3742177 37275.6000  178   16 37274.0000 37291.7433  0.05%  11.2 1645s
 5344279 3749783 37284.0000  154   16 37274.0000 37291.7433  0.05%  11.2 1650s
 5357296 3759311 37284.0000  263   13 37274.0000 37291.7433  0.05%  11.2 1655s
 5369937 3768619     cutoff  158      37274.0000 37291.7433  0.05%  11.2 1660s
 5382703 3777877 37284.0000  182   16 37274.0000 37291.7433  0.05%  11.2 1665s
 5399948 3790905 37284.0000  282   16 37274.0000 37291.7433  0.05%  11.2 1670s
 5408568 3797337 37285.5614  141   22 37274.0000 37291.7433  0.05%  11.2 1675s
 5421842 3806997 37284.0000  153   18 37274.0000 37291.7433  0.05%  11.2 1681s
 5434653 3816550 37284.0000  184   14 37274.0000 37291.7433  0.05%  11.2 1685s
 5447935 3825945     cutoff  246      37274.0000 37291.7433  0.05%  11.2 1691s
 5458835 3834582 37275.6000  201   15 37274.0000 37291.7433  0.05%  11.2 1695s
 5468338 3842125 37284.0000  225   15 37274.0000 37291.7433  0.05%  11.2 1700s
 5483892 3854047     cutoff  159      37274.0000 37291.7433  0.05%  11.2 1705s
 5495078 3862832 37275.6000  321   14 37274.0000 37291.7433  0.05%  11.2 1710s
 5509133 3873589 37284.0000  240   15 37274.0000 37291.7433  0.05%  11.2 1715s
 5523551 3884599 37284.0000  165   14 37274.0000 37291.7433  0.05%  11.1 1720s
 5536334 3894396 37284.0000  174   17 37274.0000 37291.7433  0.05%  11.1 1725s
 5548575 3903295 37284.0000  229   20 37274.0000 37291.7433  0.05%  11.1 1731s
 5556643 3910607 37275.6000  187   16 37274.0000 37291.7433  0.05%  11.1 1735s
 5574032 3923603 37284.0000  203   23 37274.0000 37291.7433  0.05%  11.1 1740s
 5586870 3933555 37275.6000  244   17 37274.0000 37291.7433  0.05%  11.1 1745s
 5596325 3939768 37282.1876  154   18 37274.0000 37291.7433  0.05%  11.1 1750s
 5608375 3949738 37275.6000  162   26 37274.0000 37291.7433  0.05%  11.1 1755s
 5622793 3961143 37275.6000  253   17 37274.0000 37291.7433  0.05%  11.1 1760s
 5638172 3972910 37284.0000  196   20 37274.0000 37291.7433  0.05%  11.1 1765s
 5650712 3982578 37284.0000  198   21 37274.0000 37291.7433  0.05%  11.1 1770s
 5665769 3994238 37282.9310  307   16 37274.0000 37291.7433  0.05%  11.1 1775s
 5674820 4000082 37284.0000  197   15 37274.0000 37291.7433  0.05%  11.1 1780s
 5674995 4009388 37284.0000  196   20 37274.0000 37291.7433  0.05%  11.1 1787s
 5689330 4013067 37284.0000  173   15 37274.0000 37291.7433  0.05%  11.1 1790s
 5703268 4023499 37285.5582  157   22 37274.0000 37291.7433  0.05%  11.1 1795s
 5716016 4033191 37283.6182  140   21 37274.0000 37291.7433  0.05%  11.1 1800s
 5730550 4044378 37284.0000  234   22 37274.0000 37291.7433  0.05%  11.1 1805s
 5744994 4055922 37284.0000  178   21 37274.0000 37291.7433  0.05%  11.1 1810s
 5759811 4067159 37284.0000  204   13 37274.0000 37291.7433  0.05%  11.1 1815s
 5775236 4079154 37284.0000  210   14 37274.0000 37291.7433  0.05%  11.1 1820s
 5787978 4089091 37282.1876  191   19 37274.0000 37291.7433  0.05%  11.1 1825s
 5804604 4102085 37284.0000  273   18 37274.0000 37291.7433  0.05%  11.1 1831s
 5817906 4112373 37285.5614  149   21 37274.0000 37291.7433  0.05%  11.1 1835s
 5832742 4123678 37284.0000  148   19 37274.0000 37291.7433  0.05%  11.1 1840s
 5845333 4133025 37284.0000  188   14 37274.0000 37291.7433  0.05%  11.1 1845s
 5857830 4143006 infeasible  283      37274.0000 37291.7433  0.05%  11.1 1850s
 5870880 4152516 37278.9764  211   17 37274.0000 37291.7433  0.05%  11.1 1855s
 5882210 4161319 37284.0000  247   15 37274.0000 37291.7433  0.05%  11.1 1860s
 5893884 4170460 37284.0000  273   13 37274.0000 37291.7433  0.05%  11.1 1865s
 5910364 4183046 37284.0000  204   18 37274.0000 37291.7433  0.05%  11.1 1870s
 5924089 4193936 37284.0000  271   15 37274.0000 37291.7433  0.05%  11.1 1875s
 5937680 4204400 37285.5614  142   22 37274.0000 37291.7433  0.05%  11.1 1880s
 5952124 4215342 37284.0000  162   20 37274.0000 37291.7433  0.05%  11.1 1885s
 5969355 4227324 37280.0436  216   14 37274.0000 37291.7433  0.05%  11.1 1890s
 5981605 4236699 37277.1385  139   19 37274.0000 37291.7433  0.05%  11.1 1895s
 5993882 4246358 37281.7120  246   17 37274.0000 37291.7433  0.05%  11.1 1900s
 6006911 4256115 37284.0000  228   19 37274.0000 37291.7433  0.05%  11.1 1905s
 6023241 4268879     cutoff  177      37274.0000 37291.7433  0.05%  11.1 1910s
 6037849 4280178 37284.0000  294   16 37274.0000 37291.7433  0.05%  11.1 1915s
 6052252 4291314 37275.6000  193   18 37274.0000 37291.7433  0.05%  11.1 1920s
 6063310 4299169 37285.5614  138   21 37274.0000 37291.7433  0.05%  11.1 1926s
 6063922 4306779 37284.0000  188   17 37274.0000 37291.7433  0.05%  11.1 1930s
 6084808 4317223 37284.0000  205   16 37274.0000 37291.7433  0.05%  11.1 1935s
 6099375 4328436 37282.1876  153   18 37274.0000 37291.7433  0.05%  11.1 1940s
 6117642 4341829 infeasible  150      37274.0000 37291.7433  0.05%  11.1 1945s
 6134296 4355007 37284.0000  280   12 37274.0000 37291.7433  0.05%  11.1 1950s
 6151246 4367903 37284.0000  269   21 37274.0000 37291.7433  0.05%  11.1 1955s
 6167570 4380263 37284.0000  183   15 37274.0000 37291.7433  0.05%  11.1 1960s
 6184111 4392715 infeasible  245      37274.0000 37291.7433  0.05%  11.1 1965s
 6198329 4403859 37284.0000  212   16 37274.0000 37291.7433  0.05%  11.1 1970s
 6215381 4417511     cutoff  278      37274.0000 37291.7433  0.05%  11.1 1975s
 6231958 4429785 infeasible  253      37274.0000 37291.7433  0.05%  11.1 1980s
 6245374 4440251 37282.1876  162   19 37274.0000 37291.7433  0.05%  11.1 1985s
 6261760 4453693 37284.0000  219   24 37274.0000 37291.7433  0.05%  11.1 1990s
 6277936 4465318 37284.0000  158   20 37274.0000 37291.6743  0.05%  11.1 1995s
 6293620 4478378 37284.0000  183   19 37274.0000 37291.6743  0.05%  11.1 2000s
 6310929 4491762 37285.5614  176   19 37274.0000 37291.6743  0.05%  11.1 2005s
 6322816 4500709 37284.0000  212   21 37274.0000 37291.6743  0.05%  11.1 2010s
 6343272 4516556 37285.5614  169   15 37274.0000 37291.6743  0.05%  11.1 2015s
 6361621 4530909 37281.7047  312   14 37274.0000 37291.6743  0.05%  11.1 2020s
 6379876 4544952 37284.0000  222   16 37274.0000 37291.6743  0.05%  11.1 2025s
 6391913 4554109 37285.5614  162   19 37274.0000 37291.6743  0.05%  11.1 2030s
 6407086 4566120 37284.0000  212   17 37274.0000 37291.6743  0.05%  11.1 2035s
 6423782 4578825 37285.5614  147   18 37274.0000 37291.6743  0.05%  11.1 2040s
 6438378 4589266 37284.0000  183   20 37274.0000 37291.6743  0.05%  11.1 2045s
 6454280 4601794 37284.0000  167   14 37274.0000 37291.6743  0.05%  11.1 2050s
 6471103 4614920     cutoff  193      37274.0000 37291.6743  0.05%  11.1 2055s
 6485966 4626546 37284.0000  247   15 37274.0000 37291.6743  0.05%  11.1 2060s
 6500796 4637595 37284.0000  211   14 37274.0000 37291.6743  0.05%  11.1 2065s
 6515569 4649013 37284.0000  174   17 37274.0000 37291.6743  0.05%  11.1 2070s
 6528003 4658524 37284.0000  232   12 37274.0000 37291.6743  0.05%  11.1 2075s
 6543826 4671088 37284.0000  185   16 37274.0000 37291.6743  0.05%  11.1 2080s
 6558568 4682108 37284.0000  206   14 37274.0000 37291.6743  0.05%  11.0 2085s
 6569177 4690831 37284.0000  230   17 37274.0000 37291.6743  0.05%  11.0 2090s
 6584262 4702020 37284.0000  231   14 37274.0000 37291.6743  0.05%  11.0 2095s
 6602105 4716178 37284.0000  233   17 37274.0000 37291.6743  0.05%  11.0 2100s
 6617923 4728547 37284.0000  182   20 37274.0000 37291.6743  0.05%  11.0 2105s
 6634471 4741752 37284.0000  228   13 37274.0000 37291.6743  0.05%  11.0 2110s
 6652713 4755422 37275.6000  237   16 37274.0000 37291.6743  0.05%  11.0 2115s
 6670037 4768891 37285.5614  189   18 37274.0000 37291.6743  0.05%  11.0 2120s
 6682868 4778666 37285.5582  200   15 37274.0000 37291.6743  0.05%  11.0 2125s
 6690543 4792905 37284.0000  262   17 37274.0000 37291.6743  0.05%  11.0 2133s
 6702555 4793502 37284.0000  210   17 37274.0000 37291.6743  0.05%  11.0 2136s
 6717241 4805245 37282.9310  297   15 37274.0000 37291.6743  0.05%  11.0 2140s
 6733501 4818004 37285.5614  247   18 37274.0000 37291.6743  0.05%  11.0 2145s
 6750537 4830964 37284.0000  151   16 37274.0000 37291.6743  0.05%  11.0 2150s
 6768188 4844146 37284.0000  181   19 37274.0000 37291.6743  0.05%  11.0 2156s
 6784530 4857641 37284.0000  204   14 37274.0000 37291.6743  0.05%  11.0 2160s
 6797177 4867268 37284.0000  289   20 37274.0000 37291.6743  0.05%  11.0 2165s
 6815711 4881959 37284.0000  247   18 37274.0000 37291.6743  0.05%  11.0 2170s
 6830713 4893633 37284.0000  282   16 37274.0000 37291.6743  0.05%  11.0 2175s
 6847362 4907379 37284.0000  221   15 37274.0000 37291.6743  0.05%  11.0 2180s
 6862800 4919780 37284.0000  221   16 37274.0000 37291.6743  0.05%  11.0 2185s
 6880705 4932966 37284.0000  199   21 37274.0000 37291.6743  0.05%  11.0 2191s
 6893335 4943108 37284.0000  213   18 37274.0000 37291.6743  0.05%  11.0 2195s
 6910315 4957469 37284.0000  195   16 37274.0000 37291.6743  0.05%  11.0 2200s
 6931255 4974305 37284.0000  160   23 37274.0000 37291.6743  0.05%  11.0 2205s
 6949666 4988833 37284.0000  191   21 37274.0000 37291.6743  0.05%  11.0 2210s
 6963290 4997870 37284.0000  156   18 37274.0000 37291.6743  0.05%  11.0 2215s
 6983175 5014875 37280.8031  257   15 37274.0000 37291.6743  0.05%  11.0 2220s
 7003738 5031574 37284.0000  250   16 37274.0000 37291.6743  0.05%  11.0 2225s
 7022368 5046656 37284.0000  187   18 37274.0000 37291.6743  0.05%  11.0 2230s
 7035027 5056483 37284.0000  167   19 37274.0000 37291.6743  0.05%  11.0 2235s
 7055131 5072870 37284.0000  278   14 37274.0000 37291.6743  0.05%  11.0 2240s
 7072543 5086836 37284.0000  221   16 37274.0000 37291.6743  0.05%  10.9 2245s
 7090853 5101220 37284.0000  217   16 37274.0000 37291.6743  0.05%  10.9 2250s
 7109866 5116117 37284.0000  195   15 37274.0000 37291.6743  0.05%  10.9 2255s
 7125479 5129782 37284.0000  178   14 37274.0000 37291.6743  0.05%  10.9 2260s
 7144602 5145101 37284.0000  263   15 37274.0000 37291.6743  0.05%  10.9 2265s
 7159280 5155274 37284.0000  139   19 37274.0000 37291.6743  0.05%  10.9 2271s
 7171129 5166010 37277.1496  223   16 37274.0000 37291.6743  0.05%  10.9 2275s
 7188989 5180483 37275.7795  258   12 37274.0000 37291.6743  0.05%  10.9 2280s
 7204071 5192758 37282.6299  295   16 37274.0000 37291.6743  0.05%  10.9 2285s
 7223812 5207950 37284.0000  261   14 37274.0000 37291.6743  0.05%  10.9 2290s
 7240786 5221123 37284.0000  223   14 37274.0000 37291.6743  0.05%  10.9 2295s
 7258121 5235084 37284.0000  189   19 37274.0000 37291.6743  0.05%  10.9 2300s
 7274151 5248525 37284.0000  200   15 37274.0000 37291.6743  0.05%  10.9 2305s
 7289247 5259881 37284.0000  255   24 37274.0000 37291.6743  0.05%  10.9 2310s
 7304028 5272442 37284.0000  246   16 37274.0000 37291.6743  0.05%  10.9 2315s
 7320125 5285504     cutoff  159      37274.0000 37291.6743  0.05%  10.9 2320s
 7330454 5294043 37284.0000  218   17 37274.0000 37291.6743  0.05%  10.9 2325s
 7347249 5307730 37284.0000  186   14 37274.0000 37291.6743  0.05%  10.9 2330s
 7362031 5319893 37284.0000  208   16 37274.0000 37291.6743  0.05%  10.9 2335s
 7379531 5333746 37284.0000  201   16 37274.0000 37291.6743  0.05%  10.9 2340s
 7393489 5345801     cutoff  235      37274.0000 37291.6743  0.05%  10.9 2345s
 7410007 5358205 37284.0000  202   16 37274.0000 37291.6743  0.05%  10.9 2350s
 7426646 5371149 37284.0000  215   16 37274.0000 37291.6743  0.05%  10.9 2355s
 7445141 5385797 37284.0000  181   18 37274.0000 37291.6743  0.05%  10.9 2360s
 7462539 5399626 37284.0000  219   18 37274.0000 37291.6743  0.05%  10.9 2365s
 7480208 5414010 37284.0000  131   20 37274.0000 37291.6743  0.05%  10.9 2370s
 7495648 5426278 37284.0000  237   16 37274.0000 37291.6743  0.05%  10.9 2375s
 7511478 5438515 37284.0000  227   16 37274.0000 37291.6743  0.05%  10.9 2380s
 7523146 5448788 37284.0000  268   15 37274.0000 37291.6743  0.05%  10.9 2385s
 7537733 5459980 37284.0000  130   17 37274.0000 37291.6743  0.05%  10.9 2390s
 7552459 5471825 37284.0000  229   19 37274.0000 37291.6743  0.05%  10.9 2395s
 7567814 5483512 37284.0000  191   14 37274.0000 37291.6743  0.05%  10.8 2400s
 7582539 5495311 37284.0000  180   20 37274.0000 37291.6743  0.05%  10.8 2405s
 7587194 5499147 37284.0000  202   17 37274.0000 37291.6743  0.05%  10.8 2410s
 7605033 5512950 37283.0866  210   16 37274.0000 37291.6743  0.05%  10.8 2415s
 7619915 5525273 37284.0000  223   23 37274.0000 37291.6743  0.05%  10.8 2420s
 7637569 5539378 37284.0000  206   16 37274.0000 37291.6743  0.05%  10.8 2425s
 7651864 5550601 37282.6299  274   16 37274.0000 37291.6743  0.05%  10.8 2430s
 7668144 5564607 37278.9764  220   15 37274.0000 37291.6743  0.05%  10.8 2435s
 7686590 5578987 37284.0000  160   17 37274.0000 37291.6743  0.05%  10.8 2440s
 7703927 5592654 37277.6063  231   15 37274.0000 37291.6743  0.05%  10.8 2445s
 7715020 5601642 37284.0000  161   19 37274.0000 37291.6743  0.05%  10.8 2450s
 7732265 5616053 37284.0000  162   20 37274.0000 37291.6743  0.05%  10.8 2455s
 7751532 5631417 37278.9764  333   11 37274.0000 37291.6743  0.05%  10.8 2460s
 7766143 5643375     cutoff  249      37274.0000 37291.6743  0.05%  10.8 2465s
 7782951 5655799 37284.0000  179   23 37274.0000 37291.6743  0.05%  10.8 2470s
 7795034 5665926 infeasible  246      37274.0000 37291.6743  0.05%  10.8 2475s
 7805417 5674285 37281.2598  179   17 37274.0000 37291.6743  0.05%  10.8 2480s
 7818893 5684280 37284.0000  159   20 37274.0000 37291.6743  0.05%  10.8 2485s
 7835714 5697662 37284.0000  147   15 37274.0000 37291.6743  0.05%  10.8 2490s
 7848646 5707991 37284.0000  229   15 37274.0000 37291.6743  0.05%  10.8 2495s
 7860745 5717658 37284.0000  171   30 37274.0000 37291.6743  0.05%  10.8 2500s
 7874376 5728051 37277.5862  255   13 37274.0000 37291.6743  0.05%  10.8 2505s
 7886878 5738115 37284.0000  252   15 37274.0000 37291.6743  0.05%  10.8 2510s
 7899626 5748198 37284.0000  246   17 37274.0000 37291.6743  0.05%  10.8 2515s
 7911860 5757106 37284.0000  307   15 37274.0000 37291.6743  0.05%  10.8 2521s
 7921847 5765638 37284.0000  182   17 37274.0000 37291.6743  0.05%  10.8 2525s
 7936396 5776888 37284.0000  205   13 37274.0000 37291.6743  0.05%  10.8 2530s
 7951306 5789096 infeasible  237      37274.0000 37291.6743  0.05%  10.8 2535s
 7960668 5796216 37275.6000  271   19 37274.0000 37291.6743  0.05%  10.8 2540s
 7971979 5805042 37275.6000  276   16 37274.0000 37291.6743  0.05%  10.8 2545s
 7986966 5817103 infeasible  295      37274.0000 37291.6743  0.05%  10.8 2550s
 8003781 5830497 37275.6000  257   18 37274.0000 37291.6743  0.05%  10.8 2555s
 8016509 5840443 37284.0000  283   14 37274.0000 37291.6743  0.05%  10.8 2560s
 8033472 5854009 37284.0000  321   13 37274.0000 37291.6743  0.05%  10.8 2565s
 8049093 5866152 37284.0000  196   19 37274.0000 37291.6743  0.05%  10.8 2570s
 8061454 5876100 37284.0000  276   15 37274.0000 37291.6743  0.05%  10.8 2575s
 8068944 5881759 37284.0000  155   15 37274.0000 37291.6743  0.05%  10.8 2580s
 8082180 5891023 37284.0000  340   16 37274.0000 37291.6743  0.05%  10.8 2586s
 8093291 5901025 37284.0000  207   16 37274.0000 37291.6743  0.05%  10.8 2590s
 8108686 5913227 37284.0000  320   20 37274.0000 37291.6743  0.05%  10.8 2595s
 8123118 5924557 37284.0000  204   14 37274.0000 37291.6743  0.05%  10.8 2600s
 8138862 5936926 37284.0000  260   20 37274.0000 37291.6743  0.05%  10.8 2605s
 8152728 5947912 37284.0000  203   17 37274.0000 37291.6743  0.05%  10.8 2610s
 8165407 5957652 37285.5614  166   16 37274.0000 37291.6743  0.05%  10.8 2615s
 8180642 5969930 37284.0000  251   18 37274.0000 37291.6743  0.05%  10.8 2620s
 8197614 5982887 37284.0000  176   22 37274.0000 37291.6743  0.05%  10.8 2625s
 8212082 5994616 37279.7241  308   16 37274.0000 37291.6743  0.05%  10.8 2630s
 8225013 6004676 37284.0000  214   16 37274.0000 37291.6743  0.05%  10.8 2635s
 8234800 6012376 37284.0000  200   16 37274.0000 37291.6743  0.05%  10.8 2640s
 8249991 6024220 37285.5614  156   18 37274.0000 37291.6743  0.05%  10.8 2645s
 8263525 6033812 37276.5172  292   17 37274.0000 37291.6743  0.05%  10.7 2650s
 8277936 6045878 37284.0000  165   19 37274.0000 37291.6743  0.05%  10.7 2655s
 8294096 6058447 37280.6339  150   20 37274.0000 37291.6743  0.05%  10.7 2660s
 8310827 6071844     cutoff  338      37274.0000 37291.6743  0.05%  10.7 2665s
 8327166 6085082 37284.0000  218   27 37274.0000 37291.6743  0.05%  10.7 2670s
 8341996 6096675 37284.0000  325   13 37274.0000 37291.6743  0.05%  10.7 2675s
 8353812 6105804 37284.0000  217   16 37274.0000 37291.6743  0.05%  10.7 2680s
 8366207 6115910 37284.0000  294   16 37274.0000 37291.6743  0.05%  10.7 2685s
 8381314 6127622 infeasible  160      37274.0000 37291.6743  0.05%  10.7 2690s
 8394484 6137896 37275.6000  208   15 37274.0000 37291.6743  0.05%  10.7 2695s
 8404688 6145711 37281.8621  235   19 37274.0000 37291.6743  0.05%  10.7 2700s
 8417392 6155735 37281.8621  183   18 37274.0000 37291.6743  0.05%  10.7 2705s
 8428352 6164290 37278.6713  271   14 37274.0000 37291.6743  0.05%  10.7 2710s
 8441450 6174527 37279.7241  255   21 37274.0000 37291.6743  0.05%  10.7 2715s
 8458070 6186927 37285.5614  205   20 37274.0000 37291.6743  0.05%  10.7 2720s
 8471366 6197248 37285.5614  157   19 37274.0000 37291.6743  0.05%  10.7 2725s
 8479682 6203698 37285.5582  176   20 37274.0000 37291.6743  0.05%  10.7 2730s
 8497697 6218419     cutoff  256      37274.0000 37291.6743  0.05%  10.7 2735s
 8512022 6229352 37284.0000  213   14 37274.0000 37291.6743  0.05%  10.7 2740s
 8529146 6242487 37284.0000  142   12 37274.0000 37291.6743  0.05%  10.7 2745s
 8540618 6251599 37284.0000  236   13 37274.0000 37291.6743  0.05%  10.7 2750s
 8551832 6260346     cutoff  224      37274.0000 37291.6743  0.05%  10.7 2755s
 8562760 6268054 37284.0000  158   18 37274.0000 37291.6743  0.05%  10.7 2760s
 8575086 6278247 37284.0000  170   15 37274.0000 37291.6743  0.05%  10.7 2765s
 8589461 6289704 37284.0000  259   16 37274.0000 37291.6743  0.05%  10.7 2770s
 8605432 6302897 37284.0000  275   23 37274.0000 37291.6743  0.05%  10.7 2775s
 8620153 6313563 37275.6000  275   19 37274.0000 37291.6743  0.05%  10.7 2780s
 8633281 6324377 37284.0000  280   23 37274.0000 37291.6743  0.05%  10.7 2785s
 8647786 6335787 37275.6000  224   19 37274.0000 37291.6743  0.05%  10.7 2790s
 8662031 6347013 37284.0000  217   18 37274.0000 37291.6743  0.05%  10.7 2795s
 8676855 6357397 37284.0000  227   15 37274.0000 37291.6743  0.05%  10.7 2802s
 8682336 6363216 37284.0000  217   17 37274.0000 37291.6743  0.05%  10.7 2805s
 8698796 6375628 37284.0000  241   16 37274.0000 37291.6743  0.05%  10.7 2810s
 8711728 6385760 infeasible  322      37274.0000 37291.6743  0.05%  10.7 2815s
 8724249 6396092 37284.0000  329   18 37274.0000 37291.6743  0.05%  10.7 2820s
 8736624 6405590 37285.5614  223   18 37274.0000 37291.6743  0.05%  10.7 2825s
 8753263 6418721 37284.0000  230   17 37274.0000 37291.6743  0.05%  10.7 2830s
 8768544 6431263 37284.0000  200   17 37274.0000 37291.6743  0.05%  10.7 2835s
 8781267 6440881 37275.6000  188   21 37274.0000 37291.6743  0.05%  10.7 2840s
 8793626 6450147 37284.0000  192   22 37274.0000 37291.6743  0.05%  10.7 2845s
 8808214 6461617 37280.6339  156   19 37274.0000 37291.6743  0.05%  10.7 2850s
 8817319 6468812 37284.0000  234   17 37274.0000 37291.6743  0.05%  10.7 2855s
 8832401 6480418 37275.4483  262   16 37274.0000 37291.6743  0.05%  10.7 2860s
 8849200 6492803 37285.5614  151   19 37274.0000 37291.6743  0.05%  10.7 2867s
 8853573 6497140 37284.0000  181   15 37274.0000 37291.6743  0.05%  10.7 2870s
 8869874 6509957 infeasible  338      37274.0000 37291.6743  0.05%  10.7 2875s
 8884272 6521316 37275.6000  297   15 37274.0000 37291.6743  0.05%  10.7 2880s
 8895969 6530291 37277.5862  314   13 37274.0000 37291.6743  0.05%  10.7 2885s
 8910682 6541819 37275.6000  220   15 37274.0000 37291.6743  0.05%  10.7 2890s
 8920826 6550537 37284.0000  169   17 37274.0000 37291.6743  0.05%  10.7 2895s
 8936635 6561960 37284.0000  250   20 37274.0000 37291.6743  0.05%  10.7 2901s
 8951039 6573412 37285.5582  201   19 37274.0000 37291.6743  0.05%  10.7 2905s
 8967192 6586591 infeasible  311      37274.0000 37291.6743  0.05%  10.7 2910s
 8981657 6597355 37285.5614  165   19 37274.0000 37291.6743  0.05%  10.7 2915s
 8993289 6606813 37284.0000  219   17 37274.0000 37291.6743  0.05%  10.7 2920s
 9001251 6612956 37284.0000  148   19 37274.0000 37291.6743  0.05%  10.7 2925s
 9015667 6624450 37284.0000  274   17 37274.0000 37291.6743  0.05%  10.7 2930s
 9029982 6635550 37275.6000  224   20 37274.0000 37291.6743  0.05%  10.7 2935s
 9039333 6642644 37284.0000  131   18 37274.0000 37291.6743  0.05%  10.7 2940s
 9053909 6654258 37275.6000  213   19 37274.0000 37291.6743  0.05%  10.7 2945s
 9065039 6662615 37284.0000  202   26 37274.0000 37291.6743  0.05%  10.7 2950s
 9078867 6673723 37284.0000  192   10 37274.0000 37291.6743  0.05%  10.7 2955s
 9089628 6681978 37284.0000  227   15 37274.0000 37291.6743  0.05%  10.7 2960s
 9102561 6692210 37284.0000  230   17 37274.0000 37291.6743  0.05%  10.7 2965s
 9113510 6700510 37275.6000  237   18 37274.0000 37291.6743  0.05%  10.7 2970s
 9125079 6709720 37284.0000  265   21 37274.0000 37291.6743  0.05%  10.7 2975s
 9137768 6719594 37284.0000  219   16 37274.0000 37291.6743  0.05%  10.7 2981s
 9148073 6728507 37284.0000  248   15 37274.0000 37291.6743  0.05%  10.7 2985s
 9161374 6738143 37284.0000  153   15 37274.0000 37291.6743  0.05%  10.7 2990s
 9173729 6748493 37280.7931  241   16 37274.0000 37291.6743  0.05%  10.7 2995s
 9185670 6757004 37281.8621  244   15 37274.0000 37291.6743  0.05%  10.7 3002s
 9194589 6765078 37285.5614  193   23 37274.0000 37291.6743  0.05%  10.7 3005s
 9210686 6776955 37285.5614  160   19 37274.0000 37291.6743  0.05%  10.7 3010s
 9224577 6788285 37284.0000  150   30 37274.0000 37291.6743  0.05%  10.7 3015s
 9240586 6800915 37284.0000  234   17 37274.0000 37291.6743  0.05%  10.6 3020s
 9253122 6810968 37284.0000  203   20 37274.0000 37291.6743  0.05%  10.6 3025s
 9267124 6821730 37285.5614  127   17 37274.0000 37291.6743  0.05%  10.6 3030s
 9277717 6830405 37284.0000  286   15 37274.0000 37291.6743  0.05%  10.6 3035s
 9290005 6839310 37284.0000  286   14 37274.0000 37291.6743  0.05%  10.6 3040s
 9303532 6849786 37282.5090  253   20 37274.0000 37291.6743  0.05%  10.6 3045s
 9314660 6857921 37275.6000  262   14 37274.0000 37291.6743  0.05%  10.6 3050s
 9326610 6867969 37284.0000  182   17 37274.0000 37291.6743  0.05%  10.6 3055s
 9341984 6879887 37284.0000  188   12 37274.0000 37291.6743  0.05%  10.6 3060s
 9358191 6892641 37275.6000  244   18 37274.0000 37291.6743  0.05%  10.6 3065s
 9372735 6903914     cutoff  260      37274.0000 37291.6743  0.05%  10.6 3070s
 9389135 6917130 37284.0000  156   18 37274.0000 37291.6743  0.05%  10.6 3075s
 9401883 6926294 infeasible  277      37274.0000 37291.6743  0.05%  10.6 3080s
 9414758 6936513 37284.0000  197   16 37274.0000 37291.6743  0.05%  10.6 3085s
 9431390 6949170     cutoff  222      37274.0000 37291.6743  0.05%  10.6 3090s
 9443023 6958201 37284.0000  273   17 37274.0000 37291.6743  0.05%  10.6 3095s
 9450215 6962857     cutoff  148      37274.0000 37291.6743  0.05%  10.6 3101s
 9460552 6972408 infeasible  258      37274.0000 37291.6743  0.05%  10.6 3105s
 9476405 6983926 37284.0000  164   20 37274.0000 37291.6743  0.05%  10.6 3111s
 9488904 6994146 37284.0000  250   18 37274.0000 37291.6743  0.05%  10.6 3115s
 9502833 7004852 37284.0000  194   19 37274.0000 37291.6743  0.05%  10.6 3120s
 9515719 7015179 37284.0000  247   16 37274.0000 37291.6743  0.05%  10.6 3125s
 9531704 7027939 37284.0000  179   17 37274.0000 37291.6743  0.05%  10.6 3130s
 9545760 7038255 37285.5614  156   21 37274.0000 37291.6743  0.05%  10.6 3137s
 9553071 7044891 37284.0000  193   18 37274.0000 37291.6743  0.05%  10.6 3140s
 9568956 7057136 37275.6000  250   13 37274.0000 37291.6743  0.05%  10.6 3145s
 9585378 7070366 37285.5614  136   18 37274.0000 37291.6743  0.05%  10.6 3151s
 9597171 7079613 37284.0000  299   16 37274.0000 37291.6743  0.05%  10.6 3155s
 9609928 7089488 37275.6000  194   19 37274.0000 37291.6743  0.05%  10.6 3160s
 9622021 7099174 37275.6000  184   17 37274.0000 37291.6743  0.05%  10.6 3165s
 9636225 7110550 37282.9310  220   11 37274.0000 37291.6743  0.05%  10.6 3170s
 9649060 7120343 37284.0000  228   15 37274.0000 37291.6743  0.05%  10.6 3175s
 9663878 7132477 37285.5614  173   20 37274.0000 37291.6743  0.05%  10.6 3180s
 9678410 7144182 37284.0000  301   16 37274.0000 37291.6743  0.05%  10.6 3185s
 9688908 7152604 37284.0000  193   18 37274.0000 37291.6743  0.05%  10.6 3191s
 9700040 7160914 37275.6000  188   17 37274.0000 37291.6743  0.05%  10.6 3196s
 9704799 7165052 37284.0000  229   19 37274.0000 37291.6743  0.05%  10.6 3200s
 9710636 7170234 37284.0000  220   16 37274.0000 37291.6743  0.05%  10.6 3205s
 9725302 7181699 infeasible  249      37274.0000 37291.6743  0.05%  10.6 3210s
 9742131 7194923 37284.0000  265   14 37274.0000 37291.6743  0.05%  10.6 3215s
 9759171 7208250 37284.0000  202   18 37274.0000 37291.6743  0.05%  10.6 3220s
 9773900 7219956 37284.0000  284   13 37274.0000 37291.6743  0.05%  10.6 3225s
 9790563 7233471 37284.0000  252   20 37274.0000 37291.6743  0.05%  10.6 3230s
 9803138 7243520 37284.0000  160   15 37274.0000 37291.6743  0.05%  10.6 3235s
 9819798 7256307 37284.0000  149   12 37274.0000 37291.6743  0.05%  10.6 3240s
 9834604 7268158 37284.0000  168   15 37274.0000 37291.6743  0.05%  10.6 3245s
 9848888 7279976 37285.5614  130   22 37274.0000 37291.6743  0.05%  10.6 3250s
 9858217 7287188 37285.5614  147   17 37274.0000 37291.6743  0.05%  10.6 3255s
 9872145 7297496 37284.0000  233   16 37274.0000 37291.6743  0.05%  10.6 3261s
 9880883 7305409 37285.5582  163   17 37274.0000 37291.6743  0.05%  10.6 3265s
 9894403 7316400 37284.0000  220   16 37274.0000 37291.6743  0.05%  10.6 3270s
 9910047 7328778 37284.0000  176   14 37274.0000 37291.6743  0.05%  10.6 3275s
 9928636 7343847     cutoff  190      37274.0000 37291.6743  0.05%  10.6 3280s
 9945700 7357256 37284.0000  267   17 37274.0000 37291.6743  0.05%  10.6 3285s
 9962066 7370191 37285.5614  165   21 37274.0000 37291.6743  0.05%  10.6 3290s
 9974537 7380212 37284.0000  159   17 37274.0000 37291.6743  0.05%  10.6 3295s
 9985850 7389222 37284.0000  189   18 37274.0000 37291.6743  0.05%  10.6 3300s
 9997356 7398517 37284.0000  248   17 37274.0000 37291.6743  0.05%  10.6 3305s
 10008254 7407158 37285.5614  186   31 37274.0000 37291.6743  0.05%  10.6 3310s
 10020906 7417455 37285.5614  205   16 37274.0000 37291.6743  0.05%  10.6 3315s
 10033448 7427534 37275.6000  322   14 37274.0000 37291.6743  0.05%  10.6 3320s
 10047089 7438315 37284.0000  271   16 37274.0000 37291.6743  0.05%  10.6 3325s
 10061066 7449614 37285.5614  133   20 37274.0000 37291.6743  0.05%  10.6 3330s
 10073551 7459526 37285.5614  239   23 37274.0000 37291.6743  0.05%  10.6 3335s
 10087049 7470049 37285.5614  167   22 37274.0000 37291.6743  0.05%  10.6 3340s
 10097521 7478239 37275.6000  258   15 37274.0000 37291.6743  0.05%  10.6 3345s
 10107187 7485523 37284.0000  187   15 37274.0000 37291.6743  0.05%  10.6 3350s
 10124830 7499899 37284.0000  211   19 37274.0000 37291.6743  0.05%  10.6 3355s
 10141257 7512505 infeasible  262      37274.0000 37291.6743  0.05%  10.6 3360s
 10159121 7526979 37284.0000  193   17 37274.0000 37291.6743  0.05%  10.6 3365s
 10169049 7534910 37284.0000  214   15 37274.0000 37291.6743  0.05%  10.6 3370s
 10184099 7546520 37284.0000  189   19 37274.0000 37291.6743  0.05%  10.6 3375s
 10195394 7555890 37284.0000  219   18 37274.0000 37291.6743  0.05%  10.6 3380s
 10206635 7563792 37284.0000  186   20 37274.0000 37291.6743  0.05%  10.5 3385s
 10221805 7576812 37284.0000  245   15 37274.0000 37291.6743  0.05%  10.5 3390s
 10238203 7589689 37275.6000  193   21 37274.0000 37291.6743  0.05%  10.5 3395s
 10256690 7604864 37284.0000  207   21 37274.0000 37291.6743  0.05%  10.5 3400s
 10271845 7616725 37284.0000  194   16 37274.0000 37291.6743  0.05%  10.5 3405s
 10285436 7627712 infeasible  245      37274.0000 37291.6743  0.05%  10.5 3410s
 10301973 7640901 37284.0000  200   13 37274.0000 37291.6743  0.05%  10.5 3416s
 10316670 7652423 37284.0000  163   19 37274.0000 37291.6743  0.05%  10.5 3420s
 10331815 7664401 37285.5582  136   14 37274.0000 37291.6743  0.05%  10.5 3425s
 10348681 7677622 37284.0000  200   17 37274.0000 37291.6743  0.05%  10.5 3430s
 10361331 7687673 37275.6000  267   13 37274.0000 37291.6743  0.05%  10.5 3435s
 10372597 7696426 37285.5614  170   20 37274.0000 37291.6743  0.05%  10.5 3440s
 10385123 7706737 37284.0000  142   23 37274.0000 37291.6743  0.05%  10.5 3445s
 10394715 7713206 37284.0000  128   39 37274.0000 37291.6743  0.05%  10.5 3450s
 10394944 7723140 37284.0000  129   39 37274.0000 37291.6743  0.05%  10.5 3455s
 10413139 7729703 37284.0000  184   24 37274.0000 37291.6743  0.05%  10.5 3460s
 10429687 7742279 37284.0000  216   13 37274.0000 37291.6743  0.05%  10.5 3465s
 10446016 7755605 37284.0000  281   17 37274.0000 37291.6743  0.05%  10.5 3470s
 10455052 7762990 37284.0000  198   17 37274.0000 37291.6743  0.05%  10.5 3475s
 10467395 7772615 37284.0000  165   16 37274.0000 37291.6743  0.05%  10.5 3480s
 10484682 7785522 37285.5614  200   21 37274.0000 37291.6743  0.05%  10.5 3485s
 10500289 7798204 37284.0000  231   13 37274.0000 37291.6743  0.05%  10.5 3490s
 10515275 7809777 infeasible  273      37274.0000 37291.6743  0.05%  10.5 3495s
 10528499 7820697 37275.6000  172   21 37274.0000 37291.6743  0.05%  10.5 3500s
 10546483 7834853 37284.0000  190   17 37274.0000 37291.6743  0.05%  10.5 3505s
 10560732 7845902 37285.5614  203   19 37274.0000 37291.6743  0.05%  10.5 3511s
 10571830 7855014 37284.0000  144   17 37274.0000 37291.6743  0.05%  10.5 3515s
 10578036 7859350 infeasible  292      37274.0000 37291.6743  0.05%  10.5 3520s
 10594298 7872494 37284.0000  246   17 37274.0000 37291.6743  0.05%  10.5 3525s
 10609826 7884816 37284.0000  215   17 37274.0000 37291.6743  0.05%  10.5 3530s
 10622991 7895333 37284.0000  287   16 37274.0000 37291.6743  0.05%  10.5 3535s
 10639355 7908450 37284.0000  193   17 37274.0000 37291.6743  0.05%  10.5 3540s
 10651313 7917783 37284.0000  212   16 37274.0000 37291.6743  0.05%  10.5 3545s
 10666163 7929139 37285.5582  188   20 37274.0000 37291.6743  0.05%  10.5 3550s
 10680295 7940544 37284.0000  197   16 37274.0000 37291.6743  0.05%  10.5 3555s
 10694900 7952278 37284.0000  231   16 37274.0000 37291.6743  0.05%  10.5 3560s
 10710648 7964458 37275.6000  292   16 37274.0000 37291.6743  0.05%  10.5 3567s
 10719566 7972146 37284.0000  254   18 37274.0000 37291.6743  0.05%  10.5 3570s
 10732786 7981930 37284.0000  186   17 37274.0000 37291.6743  0.05%  10.5 3575s
 10743099 7990256 37284.0000  243   20 37274.0000 37291.6743  0.05%  10.5 3580s
 10756617 8000241 37285.5582  146   19 37274.0000 37291.6743  0.05%  10.5 3585s
 10769744 8010815     cutoff  261      37274.0000 37291.6743  0.05%  10.5 3590s
 10784739 8022737 37284.0000  188   16 37274.0000 37291.6743  0.05%  10.5 3595s
 10797034 8031974 37284.0000  222   15 37274.0000 37291.6743  0.05%  10.5 3600s

Cutting planes:
  Gomory: 8
  Cover: 967
  MIR: 4
  StrongCG: 7
  Flow cover: 1
  RLT: 3

Explored 10798247 nodes (113382229 simplex iterations) in 3600.13 seconds
Thread count was 12 (of 12 available processors)

Solution count 10: 37274 37260 37255 ... 36914

Time limit reached
Best objective 3.727400000000e+04, best bound 3.729100000000e+04, gap 0.0456%
