
Gurobi 9.1.2 (win64, Java) logging started Mon Nov 15 16:10:20 2021

Academic license - for non-commercial use only - expires 2022-10-30
Gurobi Optimizer version 9.1.2 build v9.1.2rc0 (win64)
Thread count: 6 physical cores, 12 logical processors, using up to 12 threads
Optimize a model with 110 rows, 1000 columns and 2000 nonzeros
Model fingerprint: 0x4bb0a8b1
Variable types: 0 continuous, 1000 integer (1000 binary)
Coefficient statistics:
  Matrix range     [1e+00, 1e+03]
  Objective range  [1e+00, 1e+03]
  Bounds range     [1e+00, 1e+00]
  RHS range        [1e+00, 3e+03]
Found heuristic solution: objective 23457.000000
Presolve time: 0.03s
Presolved: 110 rows, 1000 columns, 2000 nonzeros
Variable types: 0 continuous, 1000 integer (1000 binary)
Presolved: 110 rows, 1000 columns, 2000 nonzeros


Root relaxation: objective 2.566843e+04, 294 iterations, 0.01 seconds

    Nodes    |    Current Node    |     Objective Bounds      |     Work
 Expl Unexpl |  Obj  Depth IntInf | Incumbent    BestBd   Gap | It/Node Time

     0     0 25668.4270    0   14 23457.0000 25668.4270  9.43%     -    0s
H    0     0                    25393.000000 25668.4270  1.08%     -    1s
     0     0 25665.9913    0   20 25393.0000 25665.9913  1.08%     -    2s
     0     0 25665.9913    0   23 25393.0000 25665.9913  1.08%     -    5s
     0     0 25661.9256    0   24 25393.0000 25661.9256  1.06%     -    6s
H    0     0                    25418.000005 25661.9256  0.96%     -    6s
     0     0 25661.9256    0   22 25418.0000 25661.9256  0.96%     -    6s
     0     0 25661.9256    0   34 25418.0000 25661.9256  0.96%     -    6s
     0     0 25661.9256    0   25 25418.0000 25661.9256  0.96%     -    6s
H    0     0                    25524.000000 25661.9256  0.54%     -    8s
     0     2 25661.9256    0   14 25524.0000 25661.9256  0.54%     -    8s
    31    38 25661.9256    7   22 25524.0000 25661.9256  0.54%  35.5   17s
H   32    38                    25544.000041 25661.9256  0.46%  34.4   17s
H 2399  2187                    25560.000102 25661.9256  0.40%   6.4   20s
H 2400  2134                    25569.000000 25661.9256  0.36%   6.4   20s
  2422  2142 25629.1091  130   15 25569.0000 25661.9256  0.36%   6.4   25s
  2455  2177 25661.9256   20   14 25569.0000 25661.9256  0.36%   8.1   33s
H 2456  2068                    25583.000000 25661.9256  0.31%   8.1   33s
  8118  5196 25628.0000  271   13 25583.0000 25661.5730  0.31%   5.1   41s
 16638 12410 25624.5431  100   15 25583.0000 25661.5730  0.31%   4.3   54s
H16641 10951                    25593.000000 25661.5730  0.27%   4.3   54s
 16657 11972 25624.5431  101   15 25593.0000 25661.5730  0.27%   4.3   55s
 17980 11960 25641.0000  110   15 25593.0000 25661.5730  0.27%   4.3   60s
 18012 11994 25661.5730   34   13 25593.0000 25661.5730  0.27%   4.4   66s
 18024 12002 25661.0004   34   10 25593.0000 25661.5730  0.27%   4.4   78s
 27796 18945 25629.5960  356   15 25593.0000 25661.5730  0.27%   3.9   80s
 30852 19328 25621.0000  464   12 25593.0000 25661.5730  0.27%   3.8   88s
 30864 19405 25621.0000  465   12 25593.0000 25661.5730  0.27%   3.8   93s
 36479 26344 25657.0000   53   13 25593.0000 25661.5730  0.27%   3.6   96s
 51847 32712 25646.8942  227   17 25593.0000 25661.5730  0.27%   3.2  100s
 55495 34272 25647.8618   91   25 25593.0000 25661.5730  0.27%   3.1  106s
 55500 34275 25647.0000  537   15 25593.0000 25660.8074  0.26%   3.1  110s
 55506 34279 25651.6440  144   17 25593.0000 25654.6077  0.24%   3.1  118s
 55509 34281 25648.6233   77   23 25593.0000 25654.6077  0.24%   3.1  120s
 55514 34285 25630.7668   92   22 25593.0000 25654.6077  0.24%   3.1  125s
H55520 32575                    25605.000000 25654.6077  0.19%   3.2  128s
 55523 32577 25631.7411  196   18 25605.0000 25654.6077  0.19%   3.2  130s
 55527 32580 25636.1942  113   20 25605.0000 25653.9149  0.19%   3.2  135s
H55530 30953                    25627.000000 25653.3287  0.10%   3.2  139s
 55531 30954 25653.3287   77   17 25627.0000 25653.3287  0.10%   3.2  140s
 55539 30959 25647.0000  402   19 25627.0000 25652.3557  0.10%   3.2  145s
 55544 30962 25647.0000  565   18 25627.0000 25652.3557  0.10%   3.2  150s
H55549 29418                    25638.000000 25652.3557  0.06%   3.3  152s
 55553 29420 25651.5681  103   21 25638.0000 25651.8136  0.05%   3.3  155s
 55558 29424 25638.0000  266   20 25638.0000 25650.6107  0.05%   3.3  160s
 55563 29427 25647.0000  440   18 25638.0000 25650.6107  0.05%   3.3  165s
 55606 29445 25650.6107   74   23 25638.0000 25650.6107  0.05%   3.4  171s
 55671 29451 25650.6107   77   23 25638.0000 25650.6107  0.05%   3.4  179s
 57515 30283 25639.0000  164   15 25638.0000 25650.6107  0.05%   3.4  180s
 71111 35794 25647.0000  199   16 25638.0000 25649.9135  0.05%   3.4  185s
 74592 36926 25644.6316   92   33 25638.0000 25649.9135  0.05%   3.5  190s
 74597 36929 25647.0000  310   29 25638.0000 25649.9135  0.05%   3.5  195s
 74603 36933 25641.0000  386   21 25638.0000 25649.9135  0.05%   3.5  200s
 78918 39176 25647.0000  243   13 25638.0000 25649.9135  0.05%   3.5  205s
 96196 46740 25647.0000  236   15 25638.0000 25649.9135  0.05%   3.5  212s
 97198 49115 25643.1519  121   19 25638.0000 25649.9135  0.05%   3.5  215s
 122629 59200 25648.7835  173   19 25638.0000 25649.9091  0.05%   3.5  220s
 149804 73888 25647.8205  210   15 25638.0000 25649.9091  0.05%   3.4  225s
 178840 86727 25639.2378  138   20 25638.0000 25649.9091  0.05%   3.4  230s
 190349 93016 25648.0197  171   19 25638.0000 25649.9091  0.05%   3.4  235s
 215214 111835 25649.7273  136   23 25638.0000 25649.9091  0.05%   3.5  240s
 241600 131795 25647.2715  178   19 25638.0000 25649.9091  0.05%   3.5  245s
 256932 143417 25649.7273  135   23 25638.0000 25649.9091  0.05%   3.5  250s
 273022 156942 25640.8534  155   17 25638.0000 25649.9091  0.05%   3.5  255s
 290537 170440 25644.0439  196   16 25638.0000 25649.7809  0.05%   3.5  262s
 298612 177864     cutoff  197      25638.0000 25649.7809  0.05%   3.6  265s
 322587 197318 25647.0000  329   15 25638.0000 25649.7809  0.05%   3.6  270s
 344118 214438 25647.6664  176   17 25638.0000 25649.7809  0.05%   3.6  275s
 369720 235143 25645.2792  201   17 25638.0000 25649.7809  0.05%   3.7  280s
 374033 246974 25647.0877  290   22 25638.0000 25649.7809  0.05%   3.7  288s
 392787 253426     cutoff  164      25638.0000 25649.7809  0.05%   3.7  290s
 404142 261827 25642.6274  202   17 25638.0000 25649.7809  0.05%   3.7  296s
 417091 272042 25646.0062  157   21 25638.0000 25649.7809  0.05%   3.7  300s
 436316 286888 25648.0356  238   19 25638.0000 25649.7809  0.05%   3.8  305s
 458662 304140 25645.0081  220   17 25638.0000 25649.7809  0.05%   3.8  310s
 477391 317945 25648.0177  222   20 25638.0000 25649.7809  0.05%   3.9  315s
 499925 334308 infeasible  330      25638.0000 25649.7809  0.05%   3.9  320s
 523998 353257 25648.7835  199   18 25638.0000 25649.7809  0.05%   4.0  325s
 540831 365258 25648.0356  269   18 25638.0000 25649.7809  0.05%   4.0  332s
 550780 373927 25643.0000  246   18 25638.0000 25649.7809  0.05%   4.0  335s
 573082 391200 25648.0219  231   21 25638.0000 25649.7809  0.05%   4.1  340s
 588685 402670 25645.3010  258   18 25638.0000 25649.7809  0.05%   4.1  348s
 592988 407763 25643.3446  245   18 25638.0000 25649.7809  0.05%   4.1  350s
 606071 416227 25649.6364  175   18 25638.0000 25649.7809  0.05%   4.1  355s
 620047 427249 25644.9314  198   17 25638.0000 25649.7809  0.05%   4.2  360s
 641565 443729 25648.0219  233   19 25638.0000 25649.7809  0.05%   4.2  365s
 662431 459853     cutoff  324      25638.0000 25649.7809  0.05%   4.3  370s
 681630 474783 25644.9314  243   18 25638.0000 25649.7607  0.05%   4.3  375s
 704078 492499 25641.7849  216   19 25638.0000 25649.7607  0.05%   4.4  380s
 708753 495635 25644.7183  182   19 25638.0000 25649.7607  0.05%   4.4  385s
 716075 500389 25649.5116  135   19 25638.0000 25649.7607  0.05%   4.4  391s
 727681 510662 25648.1861  189   20 25638.0000 25649.7607  0.05%   4.4  395s
 744242 524847 25648.0632  308   20 25638.0000 25649.7607  0.05%   4.4  400s
 766228 542800 25648.0567  166   19 25638.0000 25649.7607  0.05%   4.4  405s
 775183 549598 25639.3435  358   17 25638.0000 25649.7607  0.05%   4.4  412s
 785897 559545 25649.7607  151   27 25638.0000 25649.7607  0.05%   4.4  415s
 803426 572168     cutoff  231      25638.0000 25649.7607  0.05%   4.4  423s
 803949 582347 25649.6364  143   19 25638.0000 25649.7607  0.05%   4.4  426s
 828142 594427 25648.0632  334   21 25638.0000 25649.7607  0.05%   4.5  430s
 850845 612727 25649.6490  136   19 25638.0000 25649.7607  0.05%   4.5  435s
 869129 628053 25644.9798  174   19 25638.0000 25649.7607  0.05%   4.5  440s
 888326 643844 25647.0000  255   16 25638.0000 25649.7607  0.05%   4.5  445s
 894228 646725 25644.3597  182   21 25638.0000 25649.7607  0.05%   4.5  451s
 905048 656913 25640.9351  204   17 25638.0000 25649.7607  0.05%   4.5  455s
 923691 671797 25641.2916  271   17 25638.0000 25649.7607  0.05%   4.6  460s
 935432 680883 25639.8214  266   18 25638.0000 25649.7607  0.05%   4.6  465s
 952231 695037 25647.8205  268   16 25638.0000 25649.7607  0.05%   4.6  470s
 973021 711299 25643.0990  149   19 25638.0000 25649.7607  0.05%   4.6  475s
 990434 726090 25641.7158  290   17 25638.0000 25649.7607  0.05%   4.7  480s
 1003317 735727 25648.7835  176   23 25638.0000 25649.7607  0.05%   4.7  488s
 1005864 738369 25639.3435  350   17 25638.0000 25649.7607  0.05%   4.7  492s
 1012240 744420 25645.2792  236   17 25638.0000 25649.7607  0.05%   4.7  495s
 1030875 759851 25648.0632  254   21 25638.0000 25649.7607  0.05%   4.7  500s
 1050450 775030 25647.8205  265   17 25638.0000 25649.7607  0.05%   4.7  505s
 1054345 776683 25646.0661  227   17 25638.0000 25649.7607  0.05%   4.7  511s
 1066692 787600 25649.6364  161   27 25638.0000 25649.7607  0.05%   4.7  515s
 1079717 797174     cutoff  200      25638.0000 25649.7607  0.05%   4.8  523s
 1086215 803280 25647.6735  259   17 25638.0000 25649.7607  0.05%   4.8  525s
 1102150 815160 25639.7162  209   16 25638.0000 25649.7607  0.05%   4.8  531s
 1114605 825646 25639.2286  218   15 25638.0000 25649.7607  0.05%   4.8  535s
 1127168 835672 25644.6389  243   17 25638.0000 25649.7607  0.05%   4.8  540s
 1142769 846865 25645.9955  187   14 25638.0000 25649.7607  0.05%   4.9  545s
 1158851 859251 25649.7607  157   22 25638.0000 25649.7607  0.05%   4.9  550s
 1167684 865020 25648.0212  190   22 25638.0000 25649.7607  0.05%   4.9  556s
 1178423 874296 25645.3010  288   18 25638.0000 25649.7607  0.05%   4.9  560s
 1185846 878777 25645.2792  218   17 25638.0000 25649.7607  0.05%   4.9  566s
 1197904 889158 25643.6987  290   17 25638.0000 25649.7607  0.05%   4.9  570s
 1215583 903561 25647.5316  334   16 25638.0000 25649.7607  0.05%   5.0  575s
 1231970 916112 25642.8438  213   20 25638.0000 25649.7607  0.05%   5.0  580s
 1239231 920762 25649.1111  185   24 25638.0000 25649.7607  0.05%   5.0  585s
 1256206 934070     cutoff  171      25638.0000 25649.7607  0.05%   5.0  590s
 1271361 946221 25648.0632  231   20 25638.0000 25649.7607  0.05%   5.0  595s
 1282466 953417 25648.1861  191   24 25638.0000 25649.7607  0.05%   5.0  602s
 1291640 961133 25648.0119  196   20 25638.0000 25649.7607  0.05%   5.0  605s
 1304778 972087 25639.8377  255   15 25638.0000 25649.7607  0.05%   5.1  610s
 1324926 987739 25649.1111  160   21 25638.0000 25649.7607  0.05%   5.1  619s
 1325466 989450 25648.0095  204   20 25638.0000 25649.7607  0.05%   5.1  620s
 1327500 990079 25649.5217  175   22 25638.0000 25649.7607  0.05%   5.1  625s
 1341591 1002302 25649.7372  148   23 25638.0000 25649.7607  0.05%   5.1  630s
 1357652 1014908 25648.0119  266   19 25638.0000 25649.7607  0.05%   5.1  635s
 1373707 1028055 25647.6795  292   14 25638.0000 25649.7607  0.05%   5.1  640s
 1377362 1029741 25649.7372  151   27 25638.0000 25649.7607  0.05%   5.1  646s
 1385080 1036464 25648.5749  190   18 25638.0000 25649.7607  0.05%   5.2  650s
 1398675 1047000 25649.1111  157   25 25638.0000 25649.7607  0.05%   5.2  656s
 1409609 1055796 25649.4333  167   21 25638.0000 25649.7607  0.05%   5.2  660s
 1422725 1065749 25648.7835  199   19 25638.0000 25649.7607  0.05%   5.2  665s
 1439695 1078491 25647.9484  259   18 25638.0000 25649.7607  0.05%   5.2  670s
 1456398 1091176 25649.5116  168   19 25638.0000 25649.7607  0.05%   5.2  675s
 1462995 1095423 25647.9436  278   19 25638.0000 25649.7607  0.05%   5.2  682s
 1470452 1102170 25647.7883  251   22 25638.0000 25649.7607  0.05%   5.2  685s
 1474229 1104576 25643.9305  270   14 25638.0000 25649.7607  0.05%   5.3  690s
 1488405 1115256 25648.0212  211   19 25638.0000 25649.7607  0.05%   5.3  696s
 1496958 1122704 25647.9436  294   19 25638.0000 25649.7607  0.05%   5.3  700s
 1510061 1132546 25648.0197  224   18 25638.0000 25649.7607  0.05%   5.3  705s
 1519285 1138949 25643.7779  179   19 25638.0000 25649.7607  0.05%   5.3  712s
 1528330 1146834 25648.0219  250   20 25638.0000 25649.7607  0.05%   5.3  715s
 1539248 1154546 25647.9484  282   19 25638.0000 25649.7607  0.05%   5.3  723s
 1544034 1159408 25639.0465  216   21 25638.0000 25649.7607  0.05%   5.3  725s
 1557308 1168721 25640.6325  254   17 25638.0000 25649.7607  0.05%   5.3  730s
 1566010 1174542 25644.6054  206   20 25638.0000 25649.7607  0.05%   5.4  739s
 1566700 1176005 25642.1738  159   26 25638.0000 25649.7607  0.05%   5.4  740s
 1581549 1188044 25639.4345  238   18 25638.0000 25649.7607  0.05%   5.4  745s
 1588472 1191974 25648.0165  184   19 25638.0000 25649.7607  0.05%   5.4  752s
 1594659 1197888 25642.6986  238   18 25638.0000 25649.7607  0.05%   5.4  755s
 1608396 1208414 25648.0165  191   23 25638.0000 25649.7607  0.05%   5.4  760s
 1625768 1221278 25639.0709  231   18 25638.0000 25649.7607  0.05%   5.4  765s
 1638690 1231384 25648.0141  230   21 25638.0000 25649.7607  0.05%   5.4  770s
 1654899 1243904 25649.7607  168   28 25638.0000 25649.7607  0.05%   5.4  775s
 1671377 1255514 25648.0212  295   20 25638.0000 25649.7607  0.05%   5.5  783s
 1673491 1258274 25645.3010  221   18 25638.0000 25649.7607  0.05%   5.5  785s
 1690174 1271360 25648.0171  200   22 25638.0000 25649.7607  0.05%   5.5  790s
 1706589 1283060 25649.6490  168   20 25638.0000 25649.7607  0.05%   5.5  795s
 1722869 1295612 25649.7607  170   24 25638.0000 25649.7607  0.05%   5.5  800s
 1726399 1297242 25640.3204  179   23 25638.0000 25649.7607  0.05%   5.5  805s
 1733332 1302673 25645.3663  183   18 25638.0000 25649.7607  0.05%   5.5  811s
 1743077 1309739 25644.2343  289   19 25638.0000 25649.7607  0.05%   5.5  815s
 1759835 1322317     cutoff  157      25638.0000 25649.7607  0.05%   5.5  820s
 1774731 1332652 25643.4440  382   15 25638.0000 25649.7607  0.05%   5.6  828s
 1777444 1336162 25649.6490  181   25 25638.0000 25649.7607  0.05%   5.6  830s
 1793468 1347563 25644.8968  296   15 25638.0000 25649.7607  0.05%   5.6  835s
 1806590 1357558 25647.9307  299   20 25638.0000 25649.7607  0.05%   5.6  840s
 1819940 1367551 25649.6490  175   25 25638.0000 25649.7607  0.05%   5.6  845s
 1831988 1377134 25642.2070  235   22 25638.0000 25649.7607  0.05%   5.6  850s
 1845362 1386979 25640.4957  207   18 25638.0000 25649.7607  0.05%   5.6  855s
 1855953 1394617 25640.4957  204   21 25638.0000 25649.7607  0.05%   5.6  863s
 1858691 1397871 25644.6054  187   25 25638.0000 25649.7607  0.05%   5.6  865s
 1869646 1405107 25649.5116  187   22 25638.0000 25649.7607  0.05%   5.7  874s
 1870894 1406548 25645.3010  193   18 25638.0000 25649.7607  0.05%   5.7  875s
 1883129 1415167 25647.9661  227   18 25638.0000 25649.7607  0.05%   5.7  880s
 1894700 1424172 25649.4333  183   20 25638.0000 25649.7607  0.05%   5.7  885s
 1900484 1427339 25645.2593  218   24 25638.0000 25649.7607  0.05%   5.7  890s
 1909995 1435917 25647.9436  276   20 25638.0000 25649.7607  0.05%   5.7  895s
 1922818 1445659 25647.8523  220   17 25638.0000 25649.7607  0.05%   5.7  900s
 1932252 1452423 25639.8502  206   20 25638.0000 25649.7607  0.05%   5.7  907s
 1938143 1455962 25639.9648  192   20 25638.0000 25649.7607  0.05%   5.7  910s
 1947399 1464092 25648.0379  266   23 25638.0000 25649.7607  0.05%   5.7  915s
 1960581 1473452 25648.0232  256   23 25638.0000 25649.7607  0.05%   5.8  920s
 1974529 1484281 25645.3010  194   16 25638.0000 25649.7607  0.05%   5.8  925s
 1987250 1493551 25644.8296  199   24 25638.0000 25649.7607  0.05%   5.8  930s
 1994822 1497578 25647.9937  218   19 25638.0000 25649.7607  0.05%   5.8  937s
 1994984 1506255 25647.9937  218   18 25638.0000 25649.7607  0.05%   5.8  941s
 2010691 1510502 25645.9440  178   22 25638.0000 25649.7607  0.05%   5.8  945s
 2021964 1518883 25648.0212  266   24 25638.0000 25649.7607  0.05%   5.8  950s
 2031902 1526523 25646.0062  187   21 25638.0000 25649.7607  0.05%   5.8  955s
 2037325 1530349 25645.3010  181   23 25638.0000 25649.7607  0.05%   5.8  960s
 2048045 1538108 25639.2329  242   19 25638.0000 25649.7607  0.05%   5.9  965s
 2050594 1544731 25640.1282  260   16 25638.0000 25649.7607  0.05%   5.9  973s
 2061615 1547884 25642.2070  324   20 25638.0000 25649.7607  0.05%   5.9  975s
 2071119 1554574 25647.9825  190   20 25638.0000 25649.7607  0.05%   5.9  980s
 2082267 1562921 25640.2945  211   20 25638.0000 25649.7607  0.05%   5.9  985s
 2087894 1565741 25649.6490  182   22 25638.0000 25649.7607  0.05%   5.9  993s
 2087998 1574581 25649.6490  183   25 25638.0000 25649.7607  0.05%   5.9 1005s
 2100010 1575603 25648.0197  213   18 25638.0000 25649.7607  0.05%   5.9 1010s
 2109521 1583607 25647.9853  225   21 25638.0000 25649.7607  0.05%   5.9 1015s
 2119619 1590975 25649.7607  177   31 25638.0000 25649.7607  0.05%   5.9 1020s
 2128391 1597683 25642.6986  256   20 25638.0000 25649.7607  0.05%   5.9 1025s
 2137259 1604747 25648.0212  273   24 25638.0000 25649.7607  0.05%   5.9 1030s
 2147802 1612579 25649.7607  168   26 25638.0000 25649.7607  0.05%   6.0 1035s
 2157435 1620339 25648.0171  245   20 25638.0000 25649.7607  0.05%   6.0 1040s
 2166795 1626962 25643.0000  282   15 25638.0000 25649.7607  0.05%   6.0 1045s
 2170076 1628863 25647.9436  251   24 25638.0000 25649.7607  0.05%   6.0 1051s
 2176955 1635153 25645.3010  212   15 25638.0000 25649.7607  0.05%   6.0 1055s
 2179173 1635763 25647.9825  210   24 25638.0000 25649.7607  0.05%   6.0 1060s
 2187229 1642937 25647.9937  249   18 25638.0000 25649.7607  0.05%   6.0 1066s
 2195132 1649034     cutoff  322      25638.0000 25649.7607  0.05%   6.0 1070s
 2207983 1658778 25648.0165  229   20 25638.0000 25649.7607  0.05%   6.0 1075s
 2211951 1660611 25647.9825  213   25 25638.0000 25649.7607  0.05%   6.0 1081s
 2218701 1666073 25647.0000  283   16 25638.0000 25649.7607  0.05%   6.0 1085s
 2229238 1674291 25644.0209  196   19 25638.0000 25649.7607  0.05%   6.0 1091s
 2238132 1681022 25645.4593  199   23 25638.0000 25649.7607  0.05%   6.0 1095s
 2247864 1688408 25649.6490  175   23 25638.0000 25649.7607  0.05%   6.1 1100s
 2259129 1696747     cutoff  180      25638.0000 25649.7607  0.05%   6.1 1105s
 2269891 1704407 25647.9436  232   22 25638.0000 25649.7607  0.05%   6.1 1114s
 2270447 1706214 25645.0846  278   17 25638.0000 25649.7607  0.05%   6.1 1116s
 2279932 1713264 25645.1857  196   20 25638.0000 25649.7607  0.05%   6.1 1120s
 2287784 1718916 25647.8468  199   22 25638.0000 25649.7607  0.05%   6.1 1125s
 2298226 1726817 25647.9825  195   22 25638.0000 25649.7607  0.05%   6.1 1130s
 2308240 1733884 25647.9825  227   23 25638.0000 25649.7607  0.05%   6.1 1135s
 2318140 1741628 25649.7607  178   25 25638.0000 25649.7607  0.05%   6.1 1140s
 2323375 1744815 25645.9440  172   16 25638.0000 25649.7607  0.05%   6.1 1145s
 2331790 1751650 25647.9825  185   19 25638.0000 25649.7607  0.05%   6.1 1150s
 2338946 1757199 25639.0465  217   21 25638.0000 25649.7607  0.05%   6.1 1155s
 2341465 1759511 25649.6490  172   22 25638.0000 25649.7607  0.05%   6.1 1160s
 2354050 1769444     cutoff  183      25638.0000 25649.7607  0.05%   6.1 1165s
 2363010 1775742 25648.0282  205   30 25638.0000 25649.7607  0.05%   6.2 1170s
 2369726 1780921 25649.7607  153   26 25638.0000 25649.7607  0.05%   6.2 1175s
 2379243 1788366 25647.9661  212   20 25638.0000 25649.7607  0.05%   6.2 1180s
 2388238 1793810     cutoff  246      25638.0000 25649.7607  0.05%   6.2 1188s
 2388610 1795725 25643.0000  245   15 25638.0000 25649.7607  0.05%   6.2 1190s
 2397168 1801071 25641.3639  211   19 25638.0000 25649.7607  0.05%   6.2 1195s
 2405462 1805837 25647.9861  225   24 25638.0000 25649.7607  0.05%   6.2 1204s
 2405584 1815127 25647.9861  226   24 25638.0000 25649.7607  0.05%   6.2 1210s
 2419684 1818522 25647.0000  307   16 25638.0000 25649.7607  0.05%   6.2 1215s
 2429080 1824923 25646.0062  198   22 25638.0000 25649.7607  0.05%   6.2 1220s
 2440176 1833538 25641.1640  255   20 25638.0000 25649.7607  0.05%   6.2 1225s
 2449014 1839445 25649.4333  199   22 25638.0000 25649.7607  0.05%   6.2 1234s
 2449744 1841145 25639.9648  190   18 25638.0000 25649.7607  0.05%   6.2 1235s
 2458191 1847437 25648.0567  221   20 25638.0000 25649.7607  0.05%   6.2 1240s
 2466697 1853670 25648.0379  278   24 25638.0000 25649.7607  0.05%   6.2 1245s
 2472497 1858190 25648.0232  179   29 25638.0000 25649.7607  0.05%   6.3 1250s
 2482613 1865610 25644.9763  185   23 25638.0000 25649.7607  0.05%   6.3 1255s
 2491904 1872765 25647.8523  268   17 25638.0000 25649.7607  0.05%   6.3 1260s
 2500838 1879286 25647.9861  174   24 25638.0000 25649.7607  0.05%   6.3 1265s
 2506363 1882565 25640.9768  261   21 25638.0000 25649.7607  0.05%   6.3 1274s
 2507118 1883966 25649.7607  167   38 25638.0000 25649.7607  0.05%   6.3 1275s
 2515711 1890522 25647.8523  255   19 25638.0000 25649.7607  0.05%   6.3 1280s
 2527444 1899540 25645.4520  287   21 25638.0000 25649.7607  0.05%   6.3 1285s
 2534030 1904545 25647.7650  211   26 25638.0000 25649.7607  0.05%   6.3 1290s
 2541934 1910735 25647.9825  234   22 25638.0000 25649.7607  0.05%   6.3 1295s
 2549336 1915733 25645.1857  183   18 25638.0000 25649.7607  0.05%   6.3 1300s
 2556334 1919971 25646.0062  173   24 25638.0000 25649.7607  0.05%   6.3 1310s
 2563404 1925383     cutoff  190      25638.0000 25649.7607  0.05%   6.4 1317s
 2570020 1930700 25644.8879  213   18 25638.0000 25649.7607  0.05%   6.4 1321s
 2579778 1938166 25639.6787  312   19 25638.0000 25649.7607  0.05%   6.4 1326s
 2588013 1944274 25645.3347  203   19 25638.0000 25649.7607  0.05%   6.4 1330s
 2595414 1949890 25645.5812  301   19 25638.0000 25649.7607  0.05%   6.4 1335s
 2605707 1957601 25648.0379  226   21 25638.0000 25649.7607  0.05%   6.4 1340s
 2613206 1962277 25648.0379  185   30 25638.0000 25649.7607  0.05%   6.4 1348s
 2615524 1965040 25645.2800  190   21 25638.0000 25649.7607  0.05%   6.4 1350s
 2624744 1971980     cutoff  303      25638.0000 25649.7607  0.05%   6.4 1355s
 2634466 1979112 25648.0379  180   19 25638.0000 25649.7607  0.05%   6.4 1360s
 2638258 1980623     cutoff  232      25638.0000 25649.7607  0.05%   6.4 1369s
 2638503 1982122 25649.7607  158   29 25638.0000 25649.7607  0.05%   6.4 1370s
 2647677 1988826 25639.0709  265   20 25638.0000 25649.7607  0.05%   6.4 1376s
 2653818 1992502 25645.3010  319   19 25638.0000 25649.7607  0.05%   6.4 1384s
 2654548 1994058 25649.7607  145   39 25638.0000 25649.7607  0.05%   6.4 1385s
 2663821 2001068     cutoff  268      25638.0000 25649.7607  0.05%   6.4 1390s
 2672585 2007848 25648.0379  195   23 25638.0000 25649.7607  0.05%   6.5 1395s
 2680944 2013589 25647.9436  267   20 25638.0000 25649.7607  0.05%   6.5 1400s
 2690125 2020813 25639.2223  260   15 25638.0000 25649.7607  0.05%   6.5 1405s
 2699042 2027678 25646.0062  166   22 25638.0000 25649.7607  0.05%   6.5 1410s
 2706102 2033241     cutoff  266      25638.0000 25649.7607  0.05%   6.5 1415s
 2711724 2036856 25645.9440  243   21 25638.0000 25649.7607  0.05%   6.5 1424s
 2712694 2038344 25648.0567  218   26 25638.0000 25649.7607  0.05%   6.5 1426s
 2719646 2043192     cutoff  183      25638.0000 25649.7607  0.05%   6.5 1430s
 2728893 2050849 25647.8523  232   24 25638.0000 25649.7607  0.05%   6.5 1435s
 2740004 2059398 25647.9825  194   32 25638.0000 25649.7607  0.05%   6.5 1440s
 2749427 2066852 25647.9825  242   23 25638.0000 25649.7607  0.05%   6.5 1445s
 2751287 2067521 25639.4194  250   20 25638.0000 25649.7607  0.05%   6.5 1451s
 2759060 2074356 25642.6986  208   18 25638.0000 25649.7607  0.05%   6.5 1455s
 2766372 2079655 25647.9436  215   27 25638.0000 25649.7607  0.05%   6.5 1460s
 2775298 2086674 25642.6602  226   17 25638.0000 25649.7607  0.05%   6.5 1465s
 2782657 2090864 25640.3853  267   19 25638.0000 25649.7607  0.05%   6.6 1474s
 2782904 2092348 25645.3347  201   24 25638.0000 25649.7607  0.05%   6.6 1476s
 2788588 2096477 25640.3588  211   21 25638.0000 25649.7607  0.05%   6.6 1480s
 2795408 2101924 25647.9436  228   18 25638.0000 25649.7607  0.05%   6.6 1485s
 2799034 2103765 25648.0282  199   22 25638.0000 25649.7607  0.05%   6.6 1493s
 2799554 2105332 25648.0282  200   23 25638.0000 25649.7607  0.05%   6.6 1495s
 2805510 2109962 25646.0062  198   25 25638.0000 25649.7607  0.05%   6.6 1501s
 2812179 2115163 25642.9073  281   15 25638.0000 25649.7607  0.05%   6.6 1505s
 2821851 2122505 25645.9440  177   15 25638.0000 25649.7607  0.05%   6.6 1510s
 2830889 2129866 25649.7607  171   27 25638.0000 25649.7607  0.05%   6.6 1515s
 2838049 2134496 25647.9307  268   22 25638.0000 25649.7607  0.05%   6.6 1520s
 2847409 2141471 25648.0567  211   33 25638.0000 25649.7607  0.05%   6.6 1526s
 2854094 2146915     cutoff  294      25638.0000 25649.7607  0.05%   6.6 1530s
 2862149 2151770 25647.9825  197   22 25638.0000 25649.7607  0.05%   6.6 1539s
 2862928 2153532 25646.2394  196   22 25638.0000 25649.7607  0.05%   6.6 1540s
 2868571 2156476 25648.0282  217   17 25638.0000 25649.7607  0.05%   6.6 1548s
 2871236 2159113 25648.0567  229   28 25638.0000 25649.7607  0.05%   6.6 1551s
 2875461 2162352 25647.9825  232   24 25638.0000 25649.7607  0.05%   6.6 1555s
 2884214 2170075 25647.9825  198   26 25638.0000 25649.7607  0.05%   6.6 1562s
 2891318 2174148 25648.0379  205   21 25638.0000 25649.7607  0.05%   6.6 1565s
 2897210 2178607 25647.3845  302   18 25638.0000 25649.7607  0.05%   6.6 1571s
 2902636 2181420 25644.2974  252   17 25638.0000 25649.7607  0.05%   6.6 1580s
 2902873 2190506 25643.8416  198   22 25638.0000 25649.7607  0.05%   6.6 1586s
 2915862 2192579 25648.3257  212   22 25638.0000 25649.7607  0.05%   6.7 1590s
 2925248 2199423 25641.5947  186   26 25638.0000 25649.7607  0.05%   6.7 1595s
 2933319 2205745     cutoff  215      25638.0000 25649.7607  0.05%   6.7 1600s
 2940565 2210791 25645.9440  168   18 25638.0000 25649.7607  0.05%   6.7 1605s
 2946921 2216611 25639.2749  264   19 25638.0000 25649.7607  0.05%   6.7 1610s
 2954806 2222673 25647.9825  199   24 25638.0000 25649.7607  0.05%   6.7 1616s
 2960036 2226414 25647.5142  191   18 25638.0000 25649.7607  0.05%   6.7 1620s
 2964751 2230715 25649.7607  155   28 25638.0000 25649.7607  0.05%   6.7 1625s
 2971189 2235650 25647.9937  202   15 25638.0000 25649.7607  0.05%   6.7 1631s
 2977207 2238649     cutoff  204      25638.0000 25649.7607  0.05%   6.7 1639s
 2977360 2248253 25646.8426  195   22 25638.0000 25649.7607  0.05%   6.7 1645s
 2991910 2251478 25639.0709  333   20 25638.0000 25649.7607  0.05%   6.7 1650s
 2998982 2257242 25647.8395  276   22 25638.0000 25649.7607  0.05%   6.7 1656s
 3005015 2261980 25647.8523  255   24 25638.0000 25649.7607  0.05%   6.7 1660s
 3008306 2263364 25639.1406  270   16 25638.0000 25649.7607  0.05%   6.7 1667s
 3008932 2264900 25648.0165  209   28 25638.0000 25649.7607  0.05%   6.7 1670s
 3014927 2268809 25644.8670  213   20 25638.0000 25649.7607  0.05%   6.7 1675s
 3020102 2273597 25648.0282  252   22 25638.0000 25649.7607  0.05%   6.7 1680s
 3025886 2277192 25639.2749  213   24 25638.0000 25649.7607  0.05%   6.7 1688s
 3026818 2278946 25639.2749  213   29 25638.0000 25649.7607  0.05%   6.7 1690s
 3033998 2284154 25648.0379  226   22 25638.0000 25649.7607  0.05%   6.7 1695s
 3040866 2289618 25645.3010  226   18 25638.0000 25649.7607  0.05%   6.7 1700s
 3048324 2295439 25639.0502  305   16 25638.0000 25649.7607  0.05%   6.7 1705s
 3054819 2300288 25640.4198  198   26 25638.0000 25649.7607  0.05%   6.7 1710s
 3062060 2305759 25642.8010  220   21 25638.0000 25649.7607  0.05%   6.7 1716s
 3063941 2306215 25642.3086  239   19 25638.0000 25649.7607  0.05%   6.8 1722s
 3066657 2309464 25644.8446  290   22 25638.0000 25649.7607  0.05%   6.8 1726s
 3071200 2314527 25646.0062  205   29 25638.0000 25649.7607  0.05%   6.8 1730s
 3078634 2318728 25648.0567  201   23 25638.0000 25649.7607  0.05%   6.8 1735s
 3084280 2322598     cutoff  199      25638.0000 25649.7607  0.05%   6.8 1740s
 3092743 2329231 25645.3010  185   20 25638.0000 25649.7607  0.05%   6.8 1746s
 3098317 2333405 25649.7607  159   23 25638.0000 25649.7607  0.05%   6.8 1750s
 3105844 2338934 25640.3446  204   19 25638.0000 25649.7607  0.05%   6.8 1755s
 3114446 2345222 25649.7607  163   23 25638.0000 25649.7607  0.05%   6.8 1760s
 3118147 2347132 25648.0282  253   19 25638.0000 25649.7607  0.05%   6.8 1768s
 3119995 2349596 25649.6490  182   27 25638.0000 25649.7607  0.05%   6.8 1770s
 3127577 2354741 25643.6216  213   15 25638.0000 25649.7607  0.05%   6.8 1776s
 3134924 2360469 25648.0632  333   17 25638.0000 25649.7607  0.05%   6.8 1781s
 3141708 2365352 25648.0232  174   27 25638.0000 25649.7607  0.05%   6.8 1785s
 3148179 2370607 25649.6490  154   26 25638.0000 25649.7607  0.05%   6.8 1790s
 3153334 2374583     cutoff  219      25638.0000 25649.7607  0.05%   6.8 1795s
 3160888 2380240 25644.8296  191   22 25638.0000 25649.7607  0.05%   6.8 1801s
 3166074 2383561 25647.9825  194   29 25638.0000 25649.7607  0.05%   6.8 1809s
 3167813 2385393 infeasible  205      25638.0000 25649.7607  0.05%   6.8 1811s
 3172481 2387603 25648.0282  201   22 25638.0000 25649.7607  0.05%   6.8 1819s
 3173225 2389367 25648.0282  202   28 25638.0000 25649.7607  0.05%   6.8 1821s
 3178055 2392966 25639.9648  190   21 25638.0000 25649.7607  0.05%   6.8 1825s
 3184522 2397083 25647.0001  198   17 25638.0000 25649.7607  0.05%   6.8 1830s
 3189365 2401188 25641.3658  272   17 25638.0000 25649.7607  0.05%   6.8 1835s
 3196882 2407083 25639.1290  308   17 25638.0000 25649.7607  0.05%   6.8 1840s
 3200828 2409703 infeasible  304      25638.0000 25649.7607  0.05%   6.9 1847s
 3204909 2413423 25647.9825  202   24 25638.0000 25649.7607  0.05%   6.9 1851s
 3211052 2417986 25645.4071  282   21 25638.0000 25649.7607  0.05%   6.9 1855s
 3218635 2423829 25648.0232  202   31 25638.0000 25649.7607  0.05%   6.9 1860s
 3224900 2428554 25648.0379  240   31 25638.0000 25649.7607  0.05%   6.9 1866s
 3229303 2431740 25647.9436  224   23 25638.0000 25649.7607  0.05%   6.9 1870s
 3235330 2436278 25641.7628  221   20 25638.0000 25649.7607  0.05%   6.9 1875s
 3241763 2441850 25647.9861  169   25 25638.0000 25649.7607  0.05%   6.9 1881s
 3245987 2444396 25646.0062  174   24 25638.0000 25649.7607  0.05%   6.9 1889s
 3247481 2445781 25648.0212  271   22 25638.0000 25649.7607  0.05%   6.9 1891s
 3253378 2449667 25647.9825  203   28 25638.0000 25649.7607  0.05%   6.9 1895s
 3260378 2454914 25648.0212  207   23 25638.0000 25649.7607  0.05%   6.9 1901s
 3266086 2458944 25649.4333  162   25 25638.0000 25649.7607  0.05%   6.9 1906s
 3271452 2462829 25647.8523  214   17 25638.0000 25649.7607  0.05%   6.9 1910s
 3276335 2466495 25646.0062  168   19 25638.0000 25649.7607  0.05%   6.9 1915s
 3284109 2472165 25641.1307  289   23 25638.0000 25649.7607  0.05%   6.9 1921s
 3289833 2476262 25648.0171  242   21 25638.0000 25649.7607  0.05%   6.9 1925s
 3293323 2477593     cutoff  251      25638.0000 25649.7607  0.05%   6.9 1934s
 3293444 2486244 25647.8975  253   23 25638.0000 25649.7607  0.05%   6.9 1951s
 3305456 2487507 25645.9440  183   26 25638.0000 25649.7607  0.05%   6.9 1955s
 3309879 2490848 25647.9937  215   19 25638.0000 25649.7607  0.05%   6.9 1960s
 3316868 2495827 25645.1857  207   18 25638.0000 25649.7607  0.05%   6.9 1965s
 3322329 2499821 25645.3010  268   23 25638.0000 25649.7607  0.05%   6.9 1970s
 3329910 2504831 25649.3300  187   38 25638.0000 25649.7607  0.05%   6.9 1976s
 3333024 2507599 25645.8224  213   20 25638.0000 25649.7607  0.05%   7.0 1980s
 3338798 2512174 25646.0062  196   23 25638.0000 25649.7607  0.05%   7.0 1986s
 3344256 2515688 25647.0000  215   17 25638.0000 25649.7607  0.05%   7.0 1991s
 3349223 2519615 25648.0165  179   24 25638.0000 25649.7607  0.05%   7.0 1995s
 3354577 2523309 25640.1235  206   20 25638.0000 25649.7607  0.05%   7.0 2000s
 3360213 2527279 25642.3086  168   15 25638.0000 25649.7607  0.05%   7.0 2005s
 3365847 2530634 25646.0062  162   26 25638.0000 25649.7607  0.05%   7.0 2010s
 3366730 2531387 25645.3010  213   18 25638.0000 25649.7607  0.05%   7.0 2019s
 3367980 2533620 25644.8296  216   18 25638.0000 25649.7607  0.05%   7.0 2021s
 3373848 2537101     cutoff  300      25638.0000 25649.7607  0.05%   7.0 2027s
 3378127 2540227 25647.2995  218   22 25638.0000 25649.7607  0.05%   7.0 2030s
 3384149 2543475 25648.0282  171   35 25638.0000 25649.7607  0.05%   7.0 2035s
 3389165 2547801 25646.0062  183   23 25638.0000 25649.7607  0.05%   7.0 2040s
 3396897 2553237     cutoff  247      25638.0000 25649.7607  0.05%   7.0 2046s
 3403029 2557383 25644.4103  218   20 25638.0000 25649.7607  0.05%   7.0 2050s
 3407702 2561061 25645.9440  202   22 25638.0000 25649.7607  0.05%   7.0 2055s
 3411098 2562745 25648.0212  187   25 25638.0000 25649.7607  0.05%   7.0 2064s
 3411578 2564100 25648.0212  192   27 25638.0000 25649.7607  0.05%   7.0 2066s
 3417364 2568077 25649.6490  172   26 25638.0000 25649.7607  0.05%   7.0 2071s
 3424000 2572802 25645.2800  182   23 25638.0000 25649.7607  0.05%   7.0 2076s
 3429869 2577437 25649.6490  167   26 25638.0000 25649.7607  0.05%   7.0 2081s
 3435772 2581604 25640.8052  169   20 25638.0000 25649.7607  0.05%   7.0 2086s
 3440506 2584634 25639.0709  281   19 25638.0000 25649.7607  0.05%   7.0 2091s
 3446260 2588061 25639.4117  207   24 25638.0000 25649.7607  0.05%   7.0 2100s
 3451531 2592719 25646.0062  192   28 25638.0000 25649.7607  0.05%   7.0 2107s
 3453456 2594128 25648.0282  186   28 25638.0000 25649.7607  0.05%   7.0 2110s
 3458575 2597522 25648.0379  187   30 25638.0000 25649.7607  0.05%   7.0 2115s
 3462072 2598769 25648.0282  221   20 25638.0000 25649.7607  0.05%   7.0 2126s
 3462281 2599516 25648.0282  222   21 25638.0000 25649.7607  0.05%   7.0 2134s
 3462879 2599516 25647.9937  243   27 25638.0000 25649.7607  0.05%   7.1 2135s
 3467698 2604134 25645.3010  190   18 25638.0000 25649.7607  0.05%   7.1 2141s
 3472056 2607465     cutoff  211      25638.0000 25649.7607  0.05%   7.1 2145s
 3477550 2611338 25643.9749  285   18 25638.0000 25649.7607  0.05%   7.1 2150s
 3483080 2615454 25645.1857  194   16 25638.0000 25649.7607  0.05%   7.1 2155s
 3488502 2619049 25639.2749  203   23 25638.0000 25649.7607  0.05%   7.1 2161s
 3491611 2621639 25646.0062  174   23 25638.0000 25649.7607  0.05%   7.1 2165s
 3496347 2625228     cutoff  235      25638.0000 25649.7607  0.05%   7.1 2171s
 3500316 2628096 25648.0282  165   22 25638.0000 25649.7607  0.05%   7.1 2176s
 3504297 2631251 25646.0062  186   28 25638.0000 25649.7607  0.05%   7.1 2181s
 3507982 2633817 25645.1857  182   19 25638.0000 25649.7607  0.05%   7.1 2185s
 3509808 2634191 25648.0282  191   28 25638.0000 25649.7607  0.05%   7.1 2194s
 3510405 2635705 25648.0282  191   20 25638.0000 25649.7607  0.05%   7.1 2197s
 3514558 2638126 25645.3010  194   20 25638.0000 25649.7607  0.05%   7.1 2200s
 3519352 2642046 25646.2437  250   22 25638.0000 25649.7607  0.05%   7.1 2205s
 3524124 2645833 25647.9825  196   23 25638.0000 25649.7607  0.05%   7.1 2210s
 3530121 2650466 25649.6490  190   23 25638.0000 25649.7607  0.05%   7.1 2215s
 3535138 2653968 25648.0212  185   20 25638.0000 25649.7607  0.05%   7.1 2221s
 3539095 2657264     cutoff  198      25638.0000 25649.7607  0.05%   7.1 2225s
 3544963 2660317 25647.9825  211   22 25638.0000 25649.7607  0.05%   7.1 2237s
 3547626 2663446 25649.7607  182   46 25638.0000 25649.7607  0.05%   7.1 2241s
 3553058 2667370 25640.7447  225   20 25638.0000 25649.7607  0.05%   7.1 2246s
 3558278 2670746 25648.0379  183   21 25638.0000 25649.7607  0.05%   7.1 2251s
 3561827 2673919 25639.0709  248   19 25638.0000 25649.7607  0.05%   7.1 2255s
 3564022 2674339 25649.6490  174   37 25638.0000 25649.7607  0.05%   7.1 2262s
 3566665 2677549 25647.9490  272   22 25638.0000 25649.7607  0.05%   7.1 2266s
 3571789 2681015 25642.0000  200   14 25638.0000 25649.7607  0.05%   7.1 2270s
 3577645 2684846 25639.0717  349   18 25638.0000 25649.7607  0.05%   7.1 2275s
 3580749 2687428 25649.7372  154   27 25638.0000 25649.7607  0.05%   7.1 2280s
 3586767 2691654 25647.9511  240   25 25638.0000 25649.7607  0.05%   7.1 2285s
 3591389 2695251 25641.1948  188   20 25638.0000 25649.7607  0.05%   7.1 2290s
 3596673 2699304 25641.0250  285   29 25638.0000 25649.7607  0.05%   7.2 2295s
 3602287 2703020 25645.3347  192   25 25638.0000 25649.7607  0.05%   7.2 2300s
 3607698 2705847 25647.9825  240   27 25638.0000 25649.7607  0.05%   7.2 2312s
 3607850 2714163 25647.9825  241   26 25638.0000 25649.7607  0.05%   7.2 2323s
 3617860 2714163 25646.0062  171   21 25638.0000 25649.7607  0.05%   7.2 2325s
 3621960 2717261 25645.3890  225   21 25638.0000 25649.7607  0.05%   7.2 2330s
 3627162 2720984 25646.0062  204   40 25638.0000 25649.7607  0.05%   7.2 2335s
 3632539 2724908 25640.8860  232   22 25638.0000 25649.7607  0.05%   7.2 2340s
 3638046 2728936 25647.8860  234   25 25638.0000 25649.7607  0.05%   7.2 2346s
 3643451 2732990 25649.6490  170   21 25638.0000 25649.7607  0.05%   7.2 2351s
 3648089 2736336 25645.3010  240   19 25638.0000 25649.7607  0.05%   7.2 2355s
 3653725 2740431 25644.0791  187   22 25638.0000 25649.7607  0.05%   7.2 2360s
 3659322 2744222 25639.8879  243   15 25638.0000 25649.7607  0.05%   7.2 2365s
 3664113 2747960 25648.0282  171   24 25638.0000 25649.7607  0.05%   7.2 2370s
 3670022 2751190 25648.0165  186   32 25638.0000 25649.7607  0.05%   7.2 2380s
 3672816 2754110 infeasible  277      25638.0000 25649.7607  0.05%   7.2 2385s
 3674618 2754636 25642.6816  203   28 25638.0000 25649.7607  0.05%   7.2 2393s
 3677776 2757767 25644.6929  224   21 25638.0000 25649.7607  0.05%   7.2 2397s
 3679948 2759254 25645.4524  164   20 25638.0000 25649.7607  0.05%   7.2 2400s
 3686894 2764345 25646.0062  193   21 25638.0000 25649.7607  0.05%   7.2 2407s
 3690737 2767036 25649.7607  163   29 25638.0000 25649.7607  0.05%   7.2 2410s
 3696499 2771118 25649.6490  162   21 25638.0000 25649.7607  0.05%   7.2 2415s
 3701207 2775151 25642.0000  266   19 25638.0000 25649.7607  0.05%   7.2 2420s
 3707245 2779021     cutoff  236      25638.0000 25649.7607  0.05%   7.2 2426s
 3711103 2781632 25647.9825  193   26 25638.0000 25649.7607  0.05%   7.2 2430s
 3717100 2785942 25647.9825  222   22 25638.0000 25649.7607  0.05%   7.2 2435s
 3721761 2789560 25648.0212  223   22 25638.0000 25649.7607  0.05%   7.2 2440s
 3727293 2793315 25645.3010  238   16 25638.0000 25649.7607  0.05%   7.2 2446s
 3730944 2795092 25649.1111  169   23 25638.0000 25649.7607  0.05%   7.2 2455s
 3735537 2799840 25645.2988  275   20 25638.0000 25649.7607  0.05%   7.3 2461s
 3740842 2803553 25649.7607  175   29 25638.0000 25649.7607  0.05%   7.3 2466s
 3744472 2806122 25647.9436  322   21 25638.0000 25649.7607  0.05%   7.3 2470s
 3750122 2810559 25647.9436  232   23 25638.0000 25649.7607  0.05%   7.3 2475s
 3755890 2813688 25647.9825  210   20 25638.0000 25649.7607  0.05%   7.3 2481s
 3760634 2817678     cutoff  269      25638.0000 25649.7607  0.05%   7.3 2487s
 3764213 2820496 25647.4913  212   24 25638.0000 25649.7607  0.05%   7.3 2490s
 3770034 2824774 25648.0212  286   19 25638.0000 25649.7607  0.05%   7.3 2495s
 3772983 2826499 25646.0062  179   24 25638.0000 25649.7607  0.05%   7.3 2501s
 3774716 2826600 25642.1757  210   19 25638.0000 25649.7607  0.05%   7.3 2510s
 3774892 2835466 25641.5738  224   22 25638.0000 25649.7607  0.05%   7.3 2522s
 3786904 2837258 25645.9440  194   21 25638.0000 25649.7607  0.05%   7.3 2527s
 3793019 2840564 25639.4536  187   17 25638.0000 25649.7607  0.05%   7.3 2530s
 3796543 2843976 25645.3010  222   22 25638.0000 25649.7607  0.05%   7.3 2536s
 3800096 2846524 25643.1303  215   17 25638.0000 25649.7607  0.05%   7.3 2540s
 3806360 2851368 25649.6490  176   29 25638.0000 25649.7607  0.05%   7.3 2546s
 3810486 2854458 25646.6667  241   20 25638.0000 25649.7607  0.05%   7.3 2551s
 3815002 2857854 25645.1857  213   17 25638.0000 25649.7607  0.05%   7.3 2556s
 3820612 2862240 25648.0282  215   23 25638.0000 25649.7607  0.05%   7.3 2560s
 3822297 2862602 25640.2074  191   26 25638.0000 25649.7607  0.05%   7.3 2567s
 3824684 2865145 25639.2329  222   22 25638.0000 25649.7607  0.05%   7.3 2571s
 3828740 2868294     cutoff  291      25638.0000 25649.7607  0.05%   7.3 2575s
 3833609 2871831 25646.0062  177   28 25638.0000 25649.7607  0.05%   7.3 2580s
 3837754 2874405 25648.0212  177   26 25638.0000 25649.7607  0.05%   7.3 2585s
 3841412 2876839 25642.3555  201   18 25638.0000 25649.7607  0.05%   7.3 2590s
 3845421 2879103 25639.8377  203   27 25638.0000 25649.7607  0.05%   7.3 2601s
 3848116 2882114 25647.8523  284   21 25638.0000 25649.7607  0.05%   7.3 2605s
 3853267 2885687 25639.7760  274   18 25638.0000 25649.7607  0.05%   7.3 2610s
 3858679 2890050 25648.0379  215   24 25638.0000 25649.7607  0.05%   7.3 2615s
 3862332 2892379 25645.9440  160   24 25638.0000 25649.7607  0.05%   7.3 2620s
 3867914 2895768 25647.9484  275   25 25638.0000 25649.7607  0.05%   7.3 2625s
 3873151 2899709 25642.2505  227   20 25638.0000 25649.7607  0.05%   7.3 2636s
 3876294 2902899 25647.9436  193   31 25638.0000 25649.7607  0.05%   7.3 2641s
 3880585 2906050 25647.9861  281   20 25638.0000 25649.7607  0.05%   7.3 2645s
 3886562 2910068 25645.3010  220   19 25638.0000 25649.7607  0.05%   7.3 2650s
 3891330 2914043 25648.0282  216   27 25638.0000 25649.7607  0.05%   7.3 2655s
 3896488 2918005 25646.0062  156   25 25638.0000 25649.7607  0.05%   7.3 2660s
 3902101 2922168 25645.9440  190   28 25638.0000 25649.7607  0.05%   7.3 2666s
 3906751 2925655 25645.3010  226   24 25638.0000 25649.7607  0.05%   7.3 2671s
 3910458 2928402 25649.6490  171   26 25638.0000 25649.7607  0.05%   7.3 2675s
 3916258 2931032 25645.3010  188   22 25638.0000 25649.7607  0.05%   7.4 2686s
 3920449 2935307 25645.3010  217   22 25638.0000 25649.7607  0.05%   7.4 2691s
 3925360 2938999 25645.3010  219   22 25638.0000 25649.7607  0.05%   7.4 2695s
 3930575 2943242 25647.9436  264   17 25638.0000 25649.7607  0.05%   7.4 2701s
 3936562 2947663 25649.7607  167   27 25638.0000 25649.7607  0.05%   7.4 2706s
 3940497 2950556 25649.7607  174   27 25638.0000 25649.7607  0.05%   7.4 2710s
 3946944 2955158 25647.4347  240   18 25638.0000 25649.7607  0.05%   7.4 2716s
 3950866 2958103 25647.9825  196   33 25638.0000 25649.7607  0.05%   7.4 2722s
 3952851 2958471     cutoff  201      25638.0000 25649.7607  0.05%   7.4 2731s
 3957184 2963004 25646.0062  176   28 25638.0000 25649.7607  0.05%   7.4 2736s
 3962515 2967034 25645.3010  235   24 25638.0000 25649.7607  0.05%   7.4 2741s
 3966014 2969559 25647.9853  231   24 25638.0000 25649.7607  0.05%   7.4 2745s
 3971148 2973287 25646.6413  183   23 25638.0000 25649.7607  0.05%   7.4 2750s
 3974636 2975973 25640.8609  246   17 25638.0000 25649.7607  0.05%   7.4 2755s
 3978384 2977751 25643.3204  223   23 25638.0000 25649.7607  0.05%   7.4 2764s
 3979112 2978394 25643.3204  224   24 25638.0000 25649.7607  0.05%   7.4 2765s
 3982068 2981024 25646.0062  170   25 25638.0000 25649.7607  0.05%   7.4 2770s
 3988138 2985238 25647.9825  210   22 25638.0000 25649.7607  0.05%   7.4 2776s
 3991540 2987863 25645.9440  192   20 25638.0000 25649.7607  0.05%   7.4 2781s
 3995615 2990740 25645.3010  225   27 25638.0000 25649.7607  0.05%   7.4 2786s
 4000427 2994307 25645.3010  272   23 25638.0000 25649.7607  0.05%   7.4 2790s
 4007390 2999627 25647.9825  188   27 25638.0000 25649.7607  0.05%   7.4 2796s
 4012899 3003538 25639.9648  194   24 25638.0000 25649.7607  0.05%   7.4 2802s
 4016183 3005627 25642.4659  210   23 25638.0000 25649.7607  0.05%   7.4 2805s
 4020887 3009186 25642.0994  189   20 25638.0000 25649.7607  0.05%   7.4 2810s
 4026207 3013298 25639.2854  186   17 25638.0000 25649.7607  0.05%   7.4 2815s
 4028071 3013824 25647.9825  189   27 25638.0000 25649.7607  0.05%   7.4 2824s
 4028856 3015105 25647.9825  189   26 25638.0000 25649.7607  0.05%   7.4 2826s
 4032609 3018119 25648.0379  215   27 25638.0000 25649.7607  0.05%   7.4 2830s
 4039285 3023228 25648.0212  187   27 25638.0000 25649.7607  0.05%   7.4 2835s
 4044281 3026501     cutoff  187      25638.0000 25649.7607  0.05%   7.4 2840s
 4049876 3030470 25649.6490  171   21 25638.0000 25649.7607  0.05%   7.4 2845s
 4054605 3034419 25645.3010  197   19 25638.0000 25649.7607  0.05%   7.4 2852s
 4059088 3037460     cutoff  320      25638.0000 25649.7607  0.05%   7.4 2856s
 4062996 3040275 25649.6490  165   27 25638.0000 25649.7607  0.05%   7.4 2860s
 4068342 3044514 25647.9825  265   26 25638.0000 25649.7607  0.05%   7.4 2866s
 4073185 3046951 25642.3086  208   18 25638.0000 25649.7607  0.05%   7.4 2876s
 4076792 3050839 25647.8208  226   20 25638.0000 25649.7607  0.05%   7.4 2881s
 4081215 3054071 25645.1700  225   17 25638.0000 25649.7607  0.05%   7.4 2885s
 4087527 3058743     cutoff  203      25638.0000 25649.7607  0.05%   7.4 2891s
 4091361 3060788 25645.6976  256   26 25638.0000 25649.7607  0.05%   7.4 2895s
 4094234 3062692     cutoff  210      25638.0000 25649.7607  0.05%   7.4 2902s
 4097728 3066115 25649.1111  167   21 25638.0000 25649.7607  0.05%   7.4 2906s
 4102131 3068810 25645.1857  218   22 25638.0000 25649.7607  0.05%   7.4 2910s
 4107856 3073427 infeasible  307      25638.0000 25649.7607  0.05%   7.5 2916s
 4112817 3077227 25645.3010  206   24 25638.0000 25649.7607  0.05%   7.5 2920s
 4118442 3081001 25648.0567  182   26 25638.0000 25649.7607  0.05%   7.5 2925s
 4120064 3081199 25649.4333  162   29 25638.0000 25649.7607  0.05%   7.5 2933s
 4122359 3084160 25642.9073  218   17 25638.0000 25649.7607  0.05%   7.5 2936s
 4126535 3087293 25647.8100  231   21 25638.0000 25649.7607  0.05%   7.5 2941s
 4129465 3089460 25649.7607  172   39 25638.0000 25649.7607  0.05%   7.5 2945s
 4134952 3093618 25646.0062  182   24 25638.0000 25649.7607  0.05%   7.5 2950s
 4140717 3098169 25648.0212  183   23 25638.0000 25649.7607  0.05%   7.5 2955s
 4146168 3101388 25648.0282  184   29 25638.0000 25649.7607  0.05%   7.5 2960s
 4151055 3105579 25644.9536  192   17 25638.0000 25649.7607  0.05%   7.5 2965s
 4156455 3109449 25647.9436  248   21 25638.0000 25649.7607  0.05%   7.5 2973s
 4158112 3111045 25647.9853  228   24 25638.0000 25649.7607  0.05%   7.5 2975s
 4161959 3113753 25646.0062  174   29 25638.0000 25649.7607  0.05%   7.5 2980s
 4163812 3114278     cutoff  215      25638.0000 25649.7607  0.05%   7.5 2997s
 4165487 3116596 25647.9853  197   22 25638.0000 25649.7607  0.05%   7.5 3002s
 4169555 3119852 25645.1629  243   20 25638.0000 25649.7607  0.05%   7.5 3006s
 4173413 3122664 25645.9440  169   25 25638.0000 25649.7607  0.05%   7.5 3012s
 4175194 3123812 25646.0062  175   35 25638.0000 25649.7607  0.05%   7.5 3017s
 4178687 3126643 25645.9440  230   16 25638.0000 25649.7607  0.05%   7.5 3021s
 4182522 3128898     cutoff  263      25638.0000 25649.7607  0.05%   7.5 3025s
 4187323 3132873 25647.9825  198   29 25638.0000 25649.7607  0.05%   7.5 3033s
 4189115 3134122 25641.6166  240   19 25638.0000 25649.7607  0.05%   7.5 3035s
 4194810 3138805 25649.7607  162   36 25638.0000 25649.7607  0.05%   7.5 3041s
 4196869 3139337 25648.0212  172   26 25638.0000 25649.7607  0.05%   7.5 3050s
 4197569 3139749 25648.0212  173   27 25638.0000 25649.7607  0.05%   7.5 3061s
 4200345 3142120 25643.7818  254   23 25638.0000 25649.7607  0.05%   7.5 3067s
 4201223 3143717 25649.6490  168   26 25638.0000 25649.7607  0.05%   7.5 3070s
 4205359 3146667 25645.3010  261   22 25638.0000 25649.7607  0.05%   7.5 3075s
 4211635 3151045     cutoff  265      25638.0000 25649.7607  0.05%   7.5 3080s
 4217281 3154990     cutoff  285      25638.0000 25649.7607  0.05%   7.5 3087s
 4220179 3157343 25649.5116  166   20 25638.0000 25649.7607  0.05%   7.5 3094s
 4222218 3158460 25646.0062  181   31 25638.0000 25649.7607  0.05%   7.5 3099s
 4223635 3160182 25649.6490  173   32 25638.0000 25649.7607  0.05%   7.5 3101s
 4227653 3163261 25645.3010  221   18 25638.0000 25649.7607  0.05%   7.5 3106s
 4231722 3165846 25644.8296  240   18 25638.0000 25649.7607  0.05%   7.5 3111s
 4234985 3168358     cutoff  258      25638.0000 25649.7607  0.05%   7.5 3116s
 4236839 3168804 25641.9440  254   17 25638.0000 25649.7607  0.05%   7.5 3125s
 4237454 3173313 25646.0062  176   25 25638.0000 25649.7607  0.05%   7.5 3133s
 4243553 3174935 25649.6490  162   23 25638.0000 25649.7607  0.05%   7.5 3137s
 4247994 3178069 25648.0212  283   20 25638.0000 25649.7607  0.05%   7.5 3141s
 4251939 3181030 25642.0000  243   14 25638.0000 25649.7607  0.05%   7.5 3145s
 4256882 3184703 25647.9825  190   26 25638.0000 25649.7607  0.05%   7.5 3150s
 4262351 3188471 25649.4333  171   28 25638.0000 25649.7607  0.05%   7.5 3156s
 4266233 3191255 25643.1921  314   22 25638.0000 25649.7607  0.05%   7.5 3161s
 4269734 3193754 25645.9440  180   24 25638.0000 25649.7607  0.05%   7.5 3167s
 4271774 3195089 25645.1857  197   18 25638.0000 25649.7607  0.05%   7.5 3170s
 4276625 3198486 25647.0000  207   21 25638.0000 25649.7607  0.05%   7.5 3176s
 4278495 3198881 25646.0062  169   29 25638.0000 25649.7607  0.05%   7.5 3190s
 4281149 3201988 25639.2749  207   23 25638.0000 25649.7607  0.05%   7.5 3196s
 4285258 3204639 infeasible  287      25638.0000 25649.7607  0.05%   7.5 3200s
 4289074 3207042 25642.0000  199   22 25638.0000 25649.7607  0.05%   7.5 3206s
 4292906 3209504 25645.4524  179   20 25638.0000 25649.7607  0.05%   7.5 3210s
 4297467 3212768 25644.6160  175   22 25638.0000 25649.7607  0.05%   7.5 3216s
 4299009 3214255 25648.0282  195   20 25638.0000 25649.7607  0.05%   7.5 3220s
 4302784 3217177     cutoff  284      25638.0000 25649.7607  0.05%   7.5 3226s
 4306875 3220424 25645.9190  180   25 25638.0000 25649.7607  0.05%   7.5 3231s
 4311975 3224321 25645.3010  245   18 25638.0000 25649.7607  0.05%   7.6 3237s
 4315408 3227245 25646.0062  174   28 25638.0000 25649.7607  0.05%   7.6 3241s
 4317320 3227705 25649.1111  176   21 25638.0000 25649.7607  0.05%   7.6 3249s
 4317885 3229199 25649.1111  177   19 25638.0000 25649.7607  0.05%   7.6 3252s
 4319849 3230827 25648.0232  168   28 25638.0000 25649.7607  0.05%   7.6 3255s
 4321919 3231588 25645.4524  221   24 25638.0000 25649.7607  0.05%   7.6 3266s
 4325332 3235330 25641.8482  173   29 25638.0000 25649.7607  0.05%   7.6 3271s
 4330133 3238344 25645.1857  191   20 25638.0000 25649.7607  0.05%   7.6 3275s
 4334753 3241844 25640.4957  222   16 25638.0000 25649.7607  0.05%   7.6 3280s
 4340250 3246080 25645.9079  173   19 25638.0000 25649.7534  0.05%   7.6 3285s
 4346060 3250983 25649.0611  144   22 25638.0000 25649.7534  0.05%   7.6 3291s
 4351192 3255020 25639.0000  156   15 25638.0000 25649.7534  0.05%   7.6 3295s
 4356469 3259839 25649.0611  203   23 25638.0000 25649.7534  0.05%   7.6 3301s
 4362209 3264720 25641.0024  349   20 25638.0000 25649.7534  0.05%   7.6 3305s
 4367220 3268813 25639.0000  162   16 25638.0000 25649.7534  0.05%   7.6 3310s
 4372757 3273380 25649.0611  176   23 25638.0000 25649.7534  0.05%   7.6 3315s
 4379428 3279680 25644.3737  243   19 25638.0000 25649.7534  0.05%   7.6 3321s
 4384609 3283522 25649.0611  253   26 25638.0000 25649.7534  0.05%   7.6 3325s
 4387737 3286474 25647.9387  249   18 25638.0000 25649.7534  0.05%   7.6 3330s
 4393210 3291191 25643.5338  357   17 25638.0000 25649.7534  0.05%   7.6 3342s
 4394713 3292670 25648.4595  170   18 25638.0000 25649.7534  0.05%   7.6 3346s
 4400589 3297903 25649.7534  121   25 25638.0000 25649.7534  0.05%   7.6 3352s
 4405911 3302293 25642.0560  281   20 25638.0000 25649.7534  0.05%   7.6 3356s
 4409428 3305598 25649.0559  255   21 25638.0000 25649.7534  0.05%   7.6 3360s
 4414899 3310546     cutoff  308      25638.0000 25649.7534  0.05%   7.6 3365s
 4418465 3313279 25647.3042  121   23 25638.0000 25649.7534  0.05%   7.6 3370s
 4423380 3317048 25639.1343  184   14 25638.0000 25649.7534  0.05%   7.6 3375s
 4428436 3321573 25649.3379  123   22 25638.0000 25649.7534  0.05%   7.6 3382s
 4432443 3324928 25641.6756  141   22 25638.0000 25649.7534  0.05%   7.6 3385s
 4438171 3329339 25640.0224  131   16 25638.0000 25649.7534  0.05%   7.6 3396s
 4442972 3333796 25649.0559  174   21 25638.0000 25649.7534  0.05%   7.6 3401s
 4448580 3338461 25649.0559  144   20 25638.0000 25649.7534  0.05%   7.6 3407s
 4450186 3339801 25640.5532  289   20 25638.0000 25649.7534  0.05%   7.6 3412s
 4453646 3343059 25648.4297  251   19 25638.0000 25649.7534  0.05%   7.6 3416s
 4457125 3346092 25649.0559  262   20 25638.0000 25649.7534  0.05%   7.6 3421s
 4462439 3350374 25649.0559  206   22 25638.0000 25649.7534  0.05%   7.6 3426s
 4464080 3351505 25649.0559  142   21 25638.0000 25649.7534  0.05%   7.6 3432s
 4465450 3353073 25649.0559  143   23 25638.0000 25649.7534  0.05%   7.6 3435s
 4471346 3357939 25649.7534  113   23 25638.0000 25649.7534  0.05%   7.6 3440s
 4477274 3362662 25642.6354  212   17 25638.0000 25649.7534  0.05%   7.6 3445s
 4482303 3367366 25642.5484  287   20 25638.0000 25649.7534  0.05%   7.6 3451s
 4485919 3370518 25649.0611  210   24 25638.0000 25649.7534  0.05%   7.6 3456s
 4489389 3373288 25649.3379  140   26 25638.0000 25649.7534  0.05%   7.6 3460s
 4494400 3377202 25641.5556  289   22 25638.0000 25649.7534  0.05%   7.6 3466s
 4496260 3377535 25649.0559  236   20 25638.0000 25649.7534  0.05%   7.6 3475s
 4496596 3385564 25649.0559  237   24 25638.0000 25649.7534  0.05%   7.6 3484s
 4505613 3385899 25641.1671  373   18 25638.0000 25649.7534  0.05%   7.6 3498s
 4505990 3387838 25649.0559  206   20 25638.0000 25649.7534  0.05%   7.6 3500s
 4510326 3391080 25646.5990  184   18 25638.0000 25649.7534  0.05%   7.6 3505s
 4515651 3395313 25649.7534  115   27 25638.0000 25649.7534  0.05%   7.6 3510s
 4520810 3399386 25648.6667  230   20 25638.0000 25649.7534  0.05%   7.6 3521s
 4524010 3402349     cutoff  253      25638.0000 25649.7534  0.05%   7.6 3525s
 4529762 3407164     cutoff  375      25638.0000 25649.7534  0.05%   7.5 3531s
 4534883 3411687 25644.5534  269   19 25638.0000 25649.7534  0.05%   7.5 3535s
 4540780 3416605 25649.0611  174   28 25638.0000 25649.7534  0.05%   7.5 3540s
 4542544 3417833 25639.2290  317   21 25638.0000 25649.7534  0.05%   7.5 3545s
 4547683 3422726 25648.4595  291   16 25638.0000 25649.7534  0.05%   7.5 3550s
 4552896 3427075 25646.5765  254   22 25638.0000 25649.7534  0.05%   7.5 3555s
 4560338 3433485 25649.0559  246   19 25638.0000 25649.7534  0.05%   7.5 3561s
 4565810 3437684 25649.0559  263   20 25638.0000 25649.7534  0.05%   7.5 3570s
 4570618 3442275 25640.1808  336   19 25638.0000 25649.7534  0.05%   7.5 3575s
 4573660 3445223 25643.7980  130   23 25638.0000 25649.7534  0.05%   7.5 3580s
 4581262 3451174 25649.0611  149   20 25638.0000 25649.7534  0.05%   7.5 3586s
 4584643 3453953 25649.0611  154   21 25638.0000 25649.7534  0.05%   7.5 3590s
 4588072 3457119 25649.0559  227   20 25638.0000 25649.7534  0.05%   7.5 3595s
 4589932 3457374 25641.4434  380   20 25638.0000 25649.7534  0.05%   7.5 3601s

Cutting planes:
  Gomory: 8
  Cover: 942
  MIR: 10
  StrongCG: 7
  Flow cover: 2
  Inf proof: 5
  Zero half: 2

Explored 4590320 nodes (34624009 simplex iterations) in 3601.66 seconds
Thread count was 12 (of 12 available processors)

Solution count 10: 25638 25627 25605 ... 25418

Time limit reached
Best objective 2.563800000000e+04, best bound 2.564900000000e+04, gap 0.0429%
