
Gurobi 9.1.2 (win64, Java) logging started Tue Nov  9 15:40:10 2021

Academic license - for non-commercial use only - expires 2022-10-30
Gurobi Optimizer version 9.1.2 build v9.1.2rc0 (win64)
Thread count: 6 physical cores, 12 logical processors, using up to 12 threads
Optimize a model with 210 rows, 5400 columns and 10800 nonzeros
Model fingerprint: 0xe29c0010
Variable types: 0 continuous, 5400 integer (5400 binary)
Coefficient statistics:
  Matrix range     [1e+00, 1e+03]
  Objective range  [9e+00, 1e+03]
  Bounds range     [1e+00, 1e+00]
  RHS range        [1e+00, 2e+03]
Found heuristic solution: objective 54043.000000
Presolve time: 0.05s
Presolved: 210 rows, 5400 columns, 10800 nonzeros
Variable types: 0 continuous, 5400 integer (5400 binary)
Presolved: 210 rows, 5400 columns, 10800 nonzeros


Root relaxation: objective 7.350285e+04, 609 iterations, 0.01 seconds

    Nodes    |    Current Node    |     Objective Bounds      |     Work
 Expl Unexpl |  Obj  Depth IntInf | Incumbent    BestBd   Gap | It/Node Time

     0     0 73502.8514    0   36 54043.0000 73502.8514  36.0%     -    0s
H    0     0                    71080.000000 73502.8514  3.41%     -    0s
H    0     0                    71873.000000 73502.8514  2.27%     -    0s
     0     0 73502.8514    0   88 71873.0000 73502.8514  2.27%     -    0s
     0     0 73502.8514    0   52 71873.0000 73502.8514  2.27%     -    0s
H    0     0                    72116.000000 73502.8514  1.92%     -    0s
H    0     0                    72210.000000 73502.8514  1.79%     -    1s
     0     2 73502.8514    0   45 72210.0000 73502.8514  1.79%     -    1s
H  177   183                    72510.000000 73502.8514  1.37%  28.5    1s
H  180   183                    72759.000000 73502.8514  1.02%  28.2    1s
H  185   189                    72813.000000 73502.8514  0.95%  27.8    2s
H  186   189                    72860.000000 73502.8514  0.88%  27.7    2s
  4499  4883 73492.0921  156   48 72860.0000 73502.8514  0.88%  10.1    5s
H 5006  4640                    72914.000000 73502.8514  0.81%  10.6    5s
H 5013  4413                    72971.000000 73490.6421  0.71%  10.6    6s
H 5027  4202                    73016.000000 73487.3798  0.65%  14.3    8s
  5060  4237 73487.3798   29   51 73016.0000 73487.3798  0.65%  17.6   10s
H 5062  4026                    73079.000000 73487.3798  0.56%  17.6   10s
  7795  6739 73487.3798  112   53 73079.0000 73487.3798  0.56%  14.8   15s
H 7873  6513                    73139.000000 73487.3798  0.48%  14.7   15s
 17941 12297 73480.1540  204   41 73139.0000 73487.3798  0.48%  10.9   20s
 18697 13113 73486.4541   63   51 73139.0000 73487.3798  0.48%  11.8   25s
 24664 18394 73487.3798  134   50 73139.0000 73487.3798  0.48%  10.9   30s
H37158 25240                    73187.000000 73487.3798  0.41%   9.5   34s
 40275 25609 73480.4308  117   49 73187.0000 73487.3798  0.41%   9.2   35s
 54441 34673 73487.3091  145   47 73187.0000 73487.3798  0.41%   8.3   40s
 56785 34718 73487.3798   48   43 73187.0000 73487.3798  0.41%   8.5   47s
H56788 32982                    73204.000000 73487.3798  0.39%   8.5   47s
 58706 34816 73486.0479  114   45 73204.0000 73487.3798  0.39%   8.4   50s
 64936 39855 73374.1048  360   38 73204.0000 73487.3798  0.39%   8.1   55s
 74787 44550 73240.8970 1176   52 73204.0000 73487.3798  0.39%   8.1   61s
 74799 44558 73241.9481  740   62 73204.0000 73481.5764  0.38%   8.1   65s
 74808 44564 73474.4000  318   60 73204.0000 73481.3343  0.38%   8.1   70s
 74818 44571 73400.3568  418   59 73204.0000 73481.3343  0.38%   8.1   75s
H74819 42341                    73294.000000 73481.3343  0.26%   8.1   76s
 75361 42953 73475.9336   75   50 73294.0000 73481.3343  0.26%   8.5   80s
 76813 43655 73481.3343  119   48 73294.0000 73481.3343  0.26%   8.5   85s
 80533 46977 73471.4765  237   51 73294.0000 73481.3343  0.26%   8.4   90s
 89306 53676 73450.6995  600   53 73294.0000 73481.3343  0.26%   8.3   95s
 93742 54150 73460.7350   94   59 73294.0000 73479.7324  0.25%   8.3  100s
 93751 54156 73411.7684  466   62 73294.0000 73479.7324  0.25%   8.3  105s
 93869 54255 73479.7324   79   48 73294.0000 73479.7324  0.25%   8.6  110s
 96707 56121 73479.7324  129   46 73294.0000 73479.7324  0.25%   8.5  115s
 106389 64119 73458.0970  467   48 73294.0000 73479.7324  0.25%   8.3  120s
 118183 70475 73451.1969  793   48 73294.0000 73479.7324  0.25%   8.0  125s
 129003 77566 73437.8057 1219   50 73294.0000 73479.7324  0.25%   7.8  130s
 140746 84510 73437.0195  357   49 73294.0000 73479.7324  0.25%   7.7  135s
 151120 92754 73472.7820  644   46 73294.0000 73479.7324  0.25%   7.4  140s
 167695 100360 73388.0990  213   41 73294.0000 73479.7324  0.25%   7.2  145s
 180388 108275 73454.1712  539   49 73294.0000 73479.7324  0.25%   7.0  150s
 194247 116404 73438.3815  190   49 73294.0000 73479.7324  0.25%   7.0  155s
 206634 125501 73472.2358  641   47 73294.0000 73479.7324  0.25%   6.9  160s
 220609 132335 73442.0226  845   43 73294.0000 73479.7324  0.25%   6.8  165s
 235646 141379 73450.9669  568   47 73294.0000 73479.7324  0.25%   6.6  170s
 249463 149437 73451.1777  457   46 73294.0000 73479.7324  0.25%   6.5  175s
 260713 158320 73466.2468  182   46 73294.0000 73479.7324  0.25%   6.4  180s
 269747 167072 73428.0000 1033   44 73294.0000 73479.7324  0.25%   6.3  185s
 281388 178351 73458.0621  821   44 73294.0000 73479.7324  0.25%   6.2  190s
 292658 188344 73377.6228  256   46 73294.0000 73479.7324  0.25%   6.2  195s
 296323 192081 73476.4533  263   44 73294.0000 73479.7324  0.25%   6.1  200s
 308631 203895 73319.0000 1429   42 73294.0000 73479.7324  0.25%   6.0  205s
 320660 214636 73307.4437  554   38 73294.0000 73479.7324  0.25%   6.0  210s
 331893 225606 73447.3188  798   50 73294.0000 73479.7324  0.25%   5.9  215s
 343126 235941 73449.3613  605   44 73294.0000 73479.7324  0.25%   5.9  220s
 355212 248308 73476.4533  317   46 73294.0000 73479.7324  0.25%   5.8  225s
 369767 261019 73381.5282 1533   39 73294.0000 73479.7324  0.25%   5.7  230s
 380030 271232 73471.4074  627   45 73294.0000 73479.7324  0.25%   5.6  235s
 391805 282955 73416.8873  424   48 73294.0000 73479.7324  0.25%   5.6  240s
 404484 294180 73468.2305  701   47 73294.0000 73479.7324  0.25%   5.5  245s
 417108 306035 73443.3758  700   49 73294.0000 73479.7324  0.25%   5.4  250s
 427880 315737 73477.6300  290   48 73294.0000 73479.7324  0.25%   5.4  255s
 438034 325588 73462.2115  510   50 73294.0000 73479.7324  0.25%   5.4  260s
 450158 336742 73449.6471  806   46 73294.0000 73479.7324  0.25%   5.4  265s
 462520 347825 73453.6117  558   47 73294.0000 73479.7324  0.25%   5.3  270s
 473111 358211 73452.5896  589   45 73294.0000 73479.7324  0.25%   5.4  275s
 485197 368218 73435.0000 1118   39 73294.0000 73479.7324  0.25%   5.4  280s
 495827 378245 73439.3789 1040   45 73294.0000 73479.7324  0.25%   5.4  285s
 508429 389963 73440.3041 1228   45 73294.0000 73479.7324  0.25%   5.3  290s
 519172 400543 73462.0000 1060   45 73294.0000 73479.7324  0.25%   5.3  295s
 531593 411591 73477.3978  359   49 73294.0000 73479.7324  0.25%   5.3  300s
 542581 418714 73471.7561  565   47 73294.0000 73479.7324  0.25%   5.4  305s
 550975 428565 73466.8812  601   49 73294.0000 73479.7324  0.25%   5.4  310s
 561743 438227 73398.6319  590   42 73294.0000 73479.7324  0.25%   5.4  315s
 575037 450441 73466.4137  954   49 73294.0000 73479.7324  0.25%   5.4  320s
 586879 461243 73469.1812  779   46 73294.0000 73479.7324  0.25%   5.4  325s
 597885 471763 73302.3750  510   49 73294.0000 73479.7324  0.25%   5.4  330s
 609148 482268 73472.4828  228   44 73294.0000 73479.7324  0.25%   5.4  335s
 622089 493297 73479.6720  219   45 73294.0000 73479.7324  0.25%   5.4  340s
 633700 505067 73416.7822 1039   40 73294.0000 73479.7324  0.25%   5.4  345s
 646933 516997 73332.9125 1219   42 73294.0000 73479.7324  0.25%   5.3  350s
 658087 528159 73462.0000 1044   45 73294.0000 73479.7324  0.25%   5.3  355s
 669356 538319 73477.8242  267   47 73294.0000 73479.7324  0.25%   5.3  360s
 682875 549889 73460.0530  435   48 73294.0000 73479.7324  0.25%   5.3  365s
 694197 561316 73472.5882  683   52 73294.0000 73479.7324  0.25%   5.3  370s
 705911 571732 73405.3492  713   44 73294.0000 73479.7324  0.25%   5.3  375s
 717430 582435 73462.0000 1036   43 73294.0000 73479.7324  0.25%   5.3  380s
 729192 594084 73475.5099  509   48 73294.0000 73479.7324  0.25%   5.3  386s
 739526 602387 73388.2500  415   51 73294.0000 73479.7324  0.25%   5.3  390s
 751416 613007 73470.2486  810   48 73294.0000 73479.7324  0.25%   5.4  395s
 759038 619748 73444.2762  626   47 73294.0000 73479.7324  0.25%   5.4  400s
 769552 629669 73453.3524  861   50 73294.0000 73479.7324  0.25%   5.4  405s
 781587 640678 73479.7324  201   45 73294.0000 73479.7324  0.25%   5.4  410s
 793941 651985 73477.2217  405   47 73294.0000 73479.7324  0.25%   5.3  415s
 802764 662240 73472.4828  250   50 73294.0000 73479.7324  0.25%   5.3  420s
 815541 672796 73468.3030  813   49 73294.0000 73479.7324  0.25%   5.3  425s
 825246 681517 73459.2339  682   49 73294.0000 73479.7324  0.25%   5.3  430s
 835797 689628 73467.0000  248   47 73294.0000 73479.7324  0.25%   5.3  435s
 845065 699981 73305.2574  472   48 73294.0000 73479.7324  0.25%   5.3  440s
 853714 707599 73468.1029  887   47 73294.0000 73479.7324  0.25%   5.3  445s
 864845 717618 73476.4186  363   46 73294.0000 73479.7324  0.25%   5.3  450s
 875607 727031 73468.9231  590   47 73294.0000 73479.7324  0.25%   5.3  455s
 883585 735303 73442.1599  353   44 73294.0000 73479.7324  0.25%   5.3  460s
 892934 743693 73477.1212  396   48 73294.0000 73479.7324  0.25%   5.4  465s
 903407 752541 73478.1482  259   49 73294.0000 73479.7324  0.25%   5.4  470s
 914054 762298 73479.7324  223   49 73294.0000 73479.7324  0.25%   5.4  475s
 922553 770650 73470.3073  922   51 73294.0000 73479.7324  0.25%   5.3  480s
 932778 779698 73469.9349  385   44 73294.0000 73479.7324  0.25%   5.3  485s
 941109 787463     cutoff  499      73294.0000 73479.7324  0.25%   5.4  490s
 951194 795549 73454.2370  352   48 73294.0000 73479.7324  0.25%   5.4  495s
 961365 804864 73475.3647  294   46 73294.0000 73479.7324  0.25%   5.4  500s
 972235 814270 infeasible  964      73294.0000 73479.7324  0.25%   5.4  505s
 979448 822969 73469.6108  401   50 73294.0000 73479.7324  0.25%   5.4  510s
 985996 827993 73478.1482  291   47 73294.0000 73479.7324  0.25%   5.4  515s
 994448 836264 73431.7647  279   45 73294.0000 73479.7324  0.25%   5.4  520s
 1005843 846850 73297.1178  434   51 73294.0000 73479.7324  0.25%   5.4  526s
 1015212 854905 73476.4186  438   44 73294.0000 73479.7324  0.25%   5.4  530s
 1024339 863987 73478.1516  240   44 73294.0000 73479.7324  0.25%   5.4  535s
 1034059 872340 73472.0930  603   51 73294.0000 73479.7324  0.25%   5.4  540s
 1043196 881372 73474.8393  360   46 73294.0000 73479.7324  0.25%   5.4  545s
 1052639 889961 73475.7662  704   50 73294.0000 73479.7324  0.25%   5.4  551s
 1060208 897225 73477.2217  408   48 73294.0000 73479.7324  0.25%   5.4  555s
 1070496 906541 73478.1482  327   47 73294.0000 73479.7324  0.25%   5.4  560s
 1079557 914181 73462.0000 1009   43 73294.0000 73479.7324  0.25%   5.4  565s
 1086725 921246 73414.3909  791   45 73294.0000 73479.7324  0.25%   5.4  570s
 1095884 930093 73360.1863  779   46 73294.0000 73479.7324  0.25%   5.4  575s
 1105356 938256 73469.0504  360   46 73294.0000 73479.7324  0.25%   5.4  580s
 1115004 947200 73461.3281  530   49 73294.0000 73479.7324  0.25%   5.4  585s
 1124775 955715 73450.2470  435   46 73294.0000 73479.7324  0.25%   5.4  590s
 1133829 965070 73448.7500  615   51 73294.0000 73479.7324  0.25%   5.4  595s
 1143675 974108 73445.6711  880   51 73294.0000 73479.7324  0.25%   5.4  600s
 1153606 983371 73311.0000  871   35 73294.0000 73479.7324  0.25%   5.4  605s
 1163639 991857 73477.8242  279   49 73294.0000 73479.7324  0.25%   5.4  610s
 1172808 1000925 73477.8242  264   48 73294.0000 73479.7324  0.25%   5.3  615s
 1182921 1010415 73478.1481  288   49 73294.0000 73479.7324  0.25%   5.3  621s
 1192001 1019097 73473.3409  355   49 73294.0000 73479.7324  0.25%   5.3  625s
 1201781 1027454 73472.4828  328   45 73294.0000 73479.7324  0.25%   5.3  630s
 1210133 1035646 73465.0436  604   46 73294.0000 73479.7324  0.25%   5.3  635s
 1219966 1044593 73477.0112  569   50 73294.0000 73479.7324  0.25%   5.3  641s
 1227629 1051542 73468.8498  469   47 73294.0000 73479.7324  0.25%   5.3  645s
 1235462 1059422 73432.7881  703   49 73294.0000 73479.7324  0.25%   5.3  650s
 1244646 1067586 73476.4186  549   47 73294.0000 73479.7324  0.25%   5.3  655s
 1254930 1076734 73477.1212  363   46 73294.0000 73479.7324  0.25%   5.3  660s
 1263706 1085266 73472.4828  246   48 73294.0000 73479.7324  0.25%   5.3  665s
 1271022 1092409 73401.9905  889   48 73294.0000 73479.7324  0.25%   5.3  670s
 1281456 1102193 73377.0603  674   43 73294.0000 73479.7324  0.25%   5.3  676s
 1289288 1108889 73477.1051  284   49 73294.0000 73479.7324  0.25%   5.3  680s
 1297144 1116026 73475.7662  535   41 73294.0000 73479.7324  0.25%   5.3  685s
 1305728 1124022 73460.3256  519   47 73294.0000 73479.7324  0.25%   5.3  690s
 1307681 1135002 73454.6909  676   48 73294.0000 73479.7324  0.25%   5.3  708s
 1319693 1135011 73477.1212  280   47 73294.0000 73479.7324  0.25%   5.3  710s
 1325109 1141455 73418.9707  474   33 73294.0000 73479.7324  0.25%   5.3  715s
 1334253 1150282 73438.9310  251   49 73294.0000 73479.7324  0.25%   5.3  720s
 1341663 1156996 73446.4117  255   37 73294.0000 73479.7324  0.25%   5.3  725s
 1349469 1164356 73468.3297  391   48 73294.0000 73479.7324  0.25%   5.3  730s
 1358018 1172068 73454.8725  410   49 73294.0000 73479.7324  0.25%   5.3  735s
 1365068 1179577 73424.4806  425   40 73294.0000 73479.7324  0.25%   5.3  741s
 1372027 1184544 73303.7770  454   38 73294.0000 73479.7324  0.25%   5.3  745s
 1379628 1191662 73343.8079  813   40 73294.0000 73479.7324  0.25%   5.3  750s
 1388129 1199962 73467.5172  324   46 73294.0000 73479.7324  0.25%   5.3  756s
 1393238 1204220 73454.4285  479   46 73294.0000 73479.7324  0.25%   5.3  760s
 1401478 1211924 73361.5633  386   47 73294.0000 73479.7324  0.25%   5.3  765s
 1409140 1218348 73470.1770  314   45 73294.0000 73479.7324  0.25%   5.3  770s
 1417035 1225269 73478.1516  272   48 73294.0000 73479.7324  0.25%   5.3  776s
 1422365 1230924 73471.7573  620   49 73294.0000 73479.7324  0.25%   5.3  780s
 1430521 1238133 73477.1051  356   48 73294.0000 73479.7324  0.25%   5.3  785s
 1438221 1245211 73476.4533  557   49 73294.0000 73479.7324  0.25%   5.3  790s
 1444257 1251289 73311.5346  325   44 73294.0000 73479.7324  0.25%   5.4  795s
 1452393 1258538 73472.4828  642   50 73294.0000 73479.7324  0.25%   5.4  800s
 1459955 1265511 73477.8242  262   50 73294.0000 73479.7324  0.25%   5.4  805s
 1467669 1272858 73445.4245  939   50 73294.0000 73479.7324  0.25%   5.3  810s
 1475520 1280079 73316.5325  755   48 73294.0000 73479.7324  0.25%   5.3  815s
 1482990 1286743 73439.2159  767   47 73294.0000 73479.7324  0.25%   5.3  820s
 1490384 1293420 73335.9000  546   40 73294.0000 73479.7324  0.25%   5.4  825s
 1499101 1301187 73468.0390  333   47 73294.0000 73479.7324  0.25%   5.4  830s
 1505338 1306824 73478.1516  229   49 73294.0000 73479.7324  0.25%   5.4  835s
 1513855 1314873 73295.0332  852   45 73294.0000 73479.7324  0.25%   5.4  840s
 1520847 1321177 73478.1482  322   49 73294.0000 73479.7324  0.25%   5.4  845s
 1527986 1328094 73328.4652  925   49 73294.0000 73479.7324  0.25%   5.4  850s
 1537712 1336022 73407.4073  893   44 73294.0000 73479.7324  0.25%   5.4  855s
 1544304 1343022 73477.1212  439   47 73294.0000 73479.7324  0.25%   5.4  860s
 1552342 1350340 73340.0412  979   46 73294.0000 73479.7324  0.25%   5.4  865s
 1558838 1356681 73463.2904  621   48 73294.0000 73479.7324  0.25%   5.4  870s
 1566993 1363760 73472.5079  734   49 73294.0000 73479.7324  0.25%   5.4  875s
 1574810 1371288 73468.8045  511   51 73294.0000 73479.7324  0.25%   5.4  880s
 1582437 1378456 73457.8952  366   44 73294.0000 73479.7324  0.25%   5.4  885s
 1592616 1387316 73439.2159  590   47 73294.0000 73479.7324  0.25%   5.4  891s
 1596055 1390803     cutoff  900      73294.0000 73479.7324  0.25%   5.4  895s
 1605046 1399040 73460.3256  365   46 73294.0000 73479.7324  0.25%   5.4  900s
 1612687 1405784 73379.8926  360   45 73294.0000 73479.7324  0.25%   5.4  905s
 1620549 1411093 73432.1766  438   36 73294.0000 73479.7324  0.25%   5.4  910s
 1625819 1417992 73415.3945  369   47 73294.0000 73479.7324  0.25%   5.4  915s
 1636131 1427347 73479.7324  210   51 73294.0000 73479.7324  0.25%   5.4  921s
 1643880 1434543 73467.0000  479   49 73294.0000 73479.7324  0.25%   5.4  926s
 1649463 1439325 73450.8750  371   50 73294.0000 73479.7324  0.25%   5.4  930s
 1657271 1446594     cutoff 1012      73294.0000 73479.7324  0.25%   5.4  935s
 1661361 1452131 73367.4429  262   42 73294.0000 73479.7324  0.25%   5.4  940s
 1669820 1457975 73418.4996  722   46 73294.0000 73479.7324  0.25%   5.4  945s
 1677582 1465171 73471.4727  279   47 73294.0000 73479.7324  0.25%   5.4  950s
 1684848 1471528 73463.5158  423   41 73294.0000 73479.7324  0.25%   5.4  955s
 1692888 1479081 73472.5848  566   50 73294.0000 73479.7324  0.25%   5.4  961s
 1699258 1484528 73477.8242  283   48 73294.0000 73479.7324  0.25%   5.4  965s
 1705381 1490528 73325.7181  804   50 73294.0000 73479.7324  0.25%   5.4  970s
 1713304 1497758 73472.4828  316   45 73294.0000 73479.7324  0.25%   5.4  975s
 1720800 1505030 73403.1949  763   48 73294.0000 73479.7324  0.25%   5.4  981s
 1727207 1510316 73478.1482  280   49 73294.0000 73479.7324  0.25%   5.4  985s
 1734608 1517209 73317.8917  908   43 73294.0000 73479.7324  0.25%   5.4  990s
 1742198 1524722 73476.4533  699   50 73294.0000 73479.7324  0.25%   5.4  996s
 1747452 1529262 73477.8242  238   47 73294.0000 73479.7324  0.25%   5.4 1000s
 1755462 1536633 73463.9709  314   43 73294.0000 73479.7324  0.25%   5.4 1005s
 1761538 1541751 73476.1096  364   44 73294.0000 73479.7324  0.25%   5.4 1010s
 1767874 1547755 73472.5848  440   48 73294.0000 73479.7324  0.25%   5.4 1015s
 1775863 1554824 73477.1212  365   50 73294.0000 73479.7324  0.25%   5.4 1021s
 1781894 1560587 73432.7261  916   46 73294.0000 73479.7324  0.25%   5.4 1025s
 1788969 1566252 73479.7324  225   50 73294.0000 73479.7324  0.25%   5.4 1030s
 1796291 1573286 73457.9484  729   42 73294.0000 73479.7324  0.25%   5.4 1035s
 1802923 1579626 73477.1212  452   51 73294.0000 73479.7324  0.25%   5.4 1040s
 1810256 1586342 73301.3463  489   46 73294.0000 73479.7324  0.25%   5.4 1045s
 1815920 1591543 73472.2203  499   49 73294.0000 73479.7324  0.25%   5.4 1051s
 1822133 1596580 73432.6973  324   49 73294.0000 73479.7324  0.25%   5.4 1056s
 1827578 1601665 73479.7324  235   53 73294.0000 73479.7324  0.25%   5.4 1060s
 1834135 1607612 73468.6471  389   46 73294.0000 73479.7324  0.25%   5.5 1065s
 1842292 1615017 73477.2217  388   48 73294.0000 73479.7324  0.25%   5.5 1071s
 1848482 1620229 73371.9893  956   51 73294.0000 73479.7324  0.25%   5.5 1075s
 1854660 1626504 73435.3448  453   43 73294.0000 73479.7324  0.25%   5.5 1080s
 1860827 1632107 73463.1155  515   47 73294.0000 73479.7324  0.25%   5.5 1085s
 1868797 1638661 73455.7009  497   44 73294.0000 73479.7324  0.25%   5.5 1090s
 1876380 1646192 73325.0045  657   47 73294.0000 73479.7324  0.25%   5.5 1096s
 1880279 1649635 73355.6023  389   42 73294.0000 73479.7324  0.25%   5.5 1100s
 1887186 1656516 73463.3794  257   49 73294.0000 73479.7324  0.25%   5.5 1105s
 1894910 1663655 73404.3220  579   40 73294.0000 73479.7324  0.25%   5.5 1111s
 1901346 1669390 73364.2015  511   43 73294.0000 73479.7324  0.25%   5.5 1116s
 1908896 1676764 73477.2217  359   48 73294.0000 73479.7324  0.25%   5.5 1121s
 1914727 1680712 73418.3333  841   46 73294.0000 73479.7324  0.25%   5.5 1125s
 1921498 1687324 73477.1212  586   49 73294.0000 73479.7324  0.25%   5.5 1130s
 1927630 1693439 73369.6242  981   42 73294.0000 73479.7324  0.25%   5.5 1135s
 1935387 1700685 73477.1212  640   51 73294.0000 73479.7324  0.25%   5.5 1140s
 1943185 1707794 73322.6709 1463   47 73294.0000 73479.7324  0.25%   5.5 1146s
 1949408 1712775 73441.2414  275   44 73294.0000 73479.7324  0.25%   5.5 1150s
 1956992 1719699     cutoff  570      73294.0000 73479.7324  0.25%   5.5 1156s
 1962436 1725410 73463.3953  591   47 73294.0000 73479.7324  0.25%   5.5 1160s
 1969605 1730118 73478.1482  293   48 73294.0000 73479.7324  0.25%   5.5 1165s
 1974870 1737069 73346.8429  755   45 73294.0000 73479.7324  0.25%   5.5 1171s
 1980327 1742300 73473.5627  486   45 73294.0000 73479.7324  0.25%   5.5 1175s
 1988222 1749183 73479.7324  227   50 73294.0000 73479.7324  0.25%   5.5 1181s
 1994124 1754840 73401.0735  678   49 73294.0000 73479.7324  0.25%   5.5 1185s
 2001466 1761828 73460.6309  363   45 73294.0000 73479.7324  0.25%   5.5 1190s
 2007887 1768055 73448.6343  834   45 73294.0000 73479.7324  0.25%   5.5 1195s
 2015512 1774999 73410.5625  510   47 73294.0000 73479.7324  0.25%   5.5 1201s
 2020884 1780343 73460.6309  519   49 73294.0000 73479.7324  0.25%   5.5 1205s
 2028840 1787220 73478.1516  248   48 73294.0000 73479.7324  0.25%   5.5 1211s
 2034175 1793254 73439.2606  699   46 73294.0000 73479.7324  0.25%   5.5 1216s
 2040892 1798822 73477.2217  508   47 73294.0000 73479.7324  0.25%   5.5 1221s
 2047135 1803859 73396.0533  926   49 73294.0000 73479.7324  0.25%   5.5 1225s
 2053584 1809564 73454.6688  238   43 73294.0000 73479.7324  0.25%   5.5 1230s
 2059016 1815535 73477.1212  402   51 73294.0000 73479.7324  0.25%   5.5 1235s
 2066597 1822204 73462.7553  551   47 73294.0000 73479.7324  0.25%   5.5 1240s
 2071724 1827245 73432.7932  283   42 73294.0000 73479.7324  0.25%   5.5 1245s
 2079815 1835005 73456.6514  539   49 73294.0000 73479.7324  0.25%   5.5 1251s
 2085912 1840386 73419.4358  463   46 73294.0000 73479.7324  0.25%   5.5 1255s
 2092932 1845996 73472.4828  331   47 73294.0000 73479.7324  0.25%   5.5 1260s
 2098044 1851499 73472.4828  698   49 73294.0000 73479.7324  0.25%   5.5 1265s
 2104610 1857330 73479.6720  240   47 73294.0000 73479.7324  0.25%   5.5 1270s
 2110271 1862827 73468.0390  361   48 73294.0000 73479.7324  0.25%   5.5 1275s
 2118232 1869762 73477.2217  435   45 73294.0000 73479.7324  0.25%   5.5 1281s
 2124510 1875487 73478.1481  261   50 73294.0000 73479.7324  0.25%   5.5 1286s
 2128191 1879101 73460.3256  554   49 73294.0000 73479.7324  0.25%   5.5 1290s
 2134600 1885155 73478.1516  237   47 73294.0000 73479.7324  0.25%   5.5 1295s
 2141248 1891670 73348.5116  778   40 73294.0000 73479.7324  0.25%   5.5 1301s
 2147281 1897562 73460.6309  347   48 73294.0000 73479.7324  0.25%   5.5 1306s
 2151793 1901095 73461.0342  384   45 73294.0000 73479.7324  0.25%   5.5 1310s
 2159466 1908642 73445.9848  314   47 73294.0000 73479.7324  0.25%   5.5 1316s
 2163518 1912386 73477.1212  363   49 73294.0000 73479.7324  0.25%   5.5 1320s
 2169154 1917632 73307.9250  907   46 73294.0000 73479.7324  0.25%   5.5 1325s
 2176739 1924520 73473.4427  332   47 73294.0000 73479.7324  0.25%   5.5 1331s
 2182396 1929991 73426.0515  829   49 73294.0000 73479.7324  0.25%   5.5 1336s
 2186560 1933876 73384.5534  495   52 73294.0000 73479.7324  0.25%   5.5 1340s
 2192644 1938885 73380.9758  511   51 73294.0000 73479.7324  0.25%   5.5 1345s
 2197902 1944204 73472.4828  517   48 73294.0000 73479.7324  0.25%   5.5 1350s
 2204075 1949138 73303.6512 1035   44 73294.0000 73479.7324  0.25%   5.5 1355s
 2209366 1954730 73460.7361  572   51 73294.0000 73479.7324  0.25%   5.5 1360s
 2216759 1961438 73477.1212  656   50 73294.0000 73479.7324  0.25%   5.5 1366s
 2220415 1965331 73467.0864  921   47 73294.0000 73479.7324  0.25%   5.5 1370s
 2227026 1970896 73368.2145  524   46 73294.0000 73479.7324  0.25%   5.5 1375s
 2232982 1976639 73349.1510 1055   45 73294.0000 73479.7324  0.25%   5.5 1380s
 2238351 1981390 73380.8953  548   45 73294.0000 73479.7324  0.25%   5.5 1385s
 2244088 1986659 73464.5974  545   45 73294.0000 73479.7324  0.25%   5.5 1390s
 2250248 1991933 73477.1212  361   50 73294.0000 73479.7324  0.25%   5.5 1395s
 2256220 1997990 73477.2217  394   48 73294.0000 73479.7324  0.25%   5.5 1401s
 2261624 2003003 73460.3256  464   46 73294.0000 73479.7324  0.25%   5.5 1406s
 2267254 2008024 73384.1995  877   49 73294.0000 73479.7324  0.25%   5.5 1411s
 2273193 2012731 73302.3744  636   34 73294.0000 73479.7324  0.25%   5.5 1416s
 2278480 2017929 73331.8148  335   52 73294.0000 73479.7324  0.25%   5.5 1421s
 2283076 2022750 73474.1111  263   48 73294.0000 73479.7324  0.25%   5.5 1426s
 2287411 2026018 73390.6103  284   44 73294.0000 73479.7324  0.25%   5.5 1430s
 2292914 2031450 73477.2217  317   50 73294.0000 73479.7324  0.25%   5.5 1435s
 2298135 2036724 73474.2853  724   49 73294.0000 73479.7324  0.25%   5.5 1441s
 2304054 2041668 73473.3409  336   49 73294.0000 73479.7324  0.25%   5.5 1446s
 2307967 2046108 73317.9564  669   44 73294.0000 73479.7324  0.25%   5.5 1450s
 2313182 2051350 73314.0000 1089   43 73294.0000 73479.7324  0.25%   5.5 1457s
 2318621 2055425 73464.6967  583   51 73294.0000 73479.7324  0.25%   5.5 1461s
 2322798 2059452 73460.5562  878   41 73294.0000 73479.7324  0.25%   5.5 1465s
 2328653 2065000 73299.7267  522   36 73294.0000 73479.7324  0.25%   5.5 1471s
 2332651 2068654 73295.2424  470   50 73294.0000 73479.7324  0.25%   5.5 1475s
 2339535 2073134 73476.4186  447   48 73294.0000 73479.7324  0.25%   5.5 1481s
 2341147 2075450 73320.8919  509   34 73294.0000 73479.7324  0.25%   5.5 1486s
 2344212 2079419 73454.6688  343   47 73294.0000 73479.7324  0.25%   5.5 1490s
 2349920 2084699 73468.2471  592   46 73294.0000 73479.7324  0.25%   5.5 1496s
 2354834 2088305 73456.8184  332   47 73294.0000 73479.7324  0.25%   5.5 1500s
 2360672 2094135 73479.7324  230   47 73294.0000 73479.7324  0.25%   5.5 1506s
 2364545 2098238 73477.1212  492   48 73294.0000 73479.7324  0.25%   5.5 1510s
 2370914 2103025 73302.4352 1050   44 73294.0000 73479.7324  0.25%   5.5 1515s
 2376091 2108438 73360.7811  639   45 73294.0000 73479.7324  0.25%   5.5 1521s
 2379319 2111495     cutoff 1037      73294.0000 73479.7324  0.25%   5.5 1525s
 2385283 2116420 73313.3636  604   47 73294.0000 73479.7324  0.25%   5.5 1530s
 2389434 2121077 73402.7674  552   44 73294.0000 73479.7324  0.25%   5.5 1535s
 2395261 2126025 73472.4828  292   49 73294.0000 73479.7324  0.25%   5.5 1541s
 2399236 2129351 73379.0923  399   43 73294.0000 73479.7324  0.25%   5.5 1545s
 2404894 2134568 73460.7361  413   49 73294.0000 73479.7324  0.25%   5.5 1550s
 2409925 2138839 73295.1788  841   47 73294.0000 73479.7324  0.25%   5.5 1555s
 2415172 2144005 73308.8533  459   47 73294.0000 73479.7324  0.25%   5.5 1561s
 2419586 2147669 73388.1087  485   42 73294.0000 73479.7324  0.25%   5.5 1565s
 2423029 2151300 73456.0000  365   48 73294.0000 73479.7324  0.25%   5.6 1570s
 2429396 2156774 73441.6673  566   48 73294.0000 73479.7324  0.25%   5.6 1576s
 2435196 2162218 73443.9535  466   48 73294.0000 73479.7324  0.25%   5.6 1581s
 2439134 2165802 73320.0723  816   47 73294.0000 73479.7324  0.25%   5.6 1585s
 2444846 2170961 73467.0000  685   45 73294.0000 73479.7324  0.25%   5.6 1591s
 2448844 2174540 73472.4828  244   50 73294.0000 73479.7324  0.25%   5.6 1595s
 2454678 2179949 73478.1482  277   47 73294.0000 73479.7324  0.25%   5.6 1601s
 2458841 2183465 73364.5589  604   46 73294.0000 73479.7324  0.25%   5.6 1605s
 2464413 2188903 73460.7654  250   47 73294.0000 73479.7324  0.25%   5.6 1611s
 2468261 2192411 73460.6309  542   50 73294.0000 73479.7324  0.25%   5.6 1615s
 2474468 2197962 73356.2738  960   44 73294.0000 73479.7324  0.25%   5.6 1621s
 2477921 2201139 73392.4863  437   45 73294.0000 73479.7324  0.25%   5.6 1625s
 2483705 2206116 73472.4828  527   51 73294.0000 73479.7324  0.25%   5.6 1631s
 2487307 2209886 73316.0000  928   48 73294.0000 73479.7324  0.25%   5.6 1635s
 2492886 2214677 73295.8159  504   45 73294.0000 73479.7324  0.25%   5.6 1641s
 2496609 2218598 73462.7611  441   48 73294.0000 73479.7324  0.25%   5.6 1645s
 2502841 2224162 73477.2217  405   50 73294.0000 73479.7324  0.25%   5.6 1651s
 2506927 2227870 73393.3627  740   47 73294.0000 73479.7324  0.25%   5.6 1655s
 2512561 2232816 73298.1688  547   43 73294.0000 73479.7324  0.25%   5.6 1661s
 2515859 2236148 73460.7361  450   48 73294.0000 73479.7324  0.25%   5.6 1665s
 2521482 2240036 73477.1212  467   54 73294.0000 73479.7324  0.25%   5.6 1671s
 2524105 2244257 73477.1212  638   51 73294.0000 73479.7324  0.25%   5.6 1675s
 2528707 2247783 73472.2590  293   47 73294.0000 73479.7324  0.25%   5.6 1680s
 2535015 2253687 73359.4684  890   47 73294.0000 73479.7324  0.25%   5.6 1687s
 2538639 2257214 73412.9386  248   50 73294.0000 73479.7324  0.25%   5.6 1691s
 2542979 2261318 73302.7647  337   36 73294.0000 73479.7324  0.25%   5.6 1696s
 2546968 2264603 73458.2062  444   51 73294.0000 73479.7324  0.25%   5.6 1700s
 2553196 2268830 73360.8078  851   47 73294.0000 73479.7324  0.25%   5.6 1707s
 2554914 2271245 73478.1481  275   53 73294.0000 73479.7324  0.25%   5.6 1711s
 2558829 2275865 73460.3256  587   48 73294.0000 73479.7324  0.25%   5.6 1716s
 2563100 2280253 73477.2217  303   46 73294.0000 73479.7324  0.25%   5.6 1721s
 2567352 2283573 73467.0000  597   42 73294.0000 73479.7324  0.25%   5.6 1726s
 2571369 2287611 73472.4828  220   47 73294.0000 73479.7324  0.25%   5.6 1730s
 2576837 2290845 73478.1516  229   51 73294.0000 73479.7324  0.25%   5.6 1737s
 2578552 2294686 73465.8128  356   46 73294.0000 73479.7324  0.25%   5.6 1741s
 2583159 2298248 73306.4702  745   46 73294.0000 73479.7324  0.25%   5.6 1746s
 2587122 2302040 73472.4828  254   50 73294.0000 73479.7324  0.25%   5.6 1750s
 2590895 2304978 73397.2527  333   37 73294.0000 73479.7324  0.25%   5.6 1755s
 2596456 2310046 73301.0458  561   43 73294.0000 73479.7324  0.25%   5.6 1761s
 2599635 2313189 73472.4828  416   50 73294.0000 73479.7324  0.25%   5.6 1765s
 2605572 2318631 73430.0738  498   48 73294.0000 73479.7324  0.25%   5.6 1771s
 2609488 2322447 73295.1788  837   49 73294.0000 73479.7324  0.25%   5.6 1775s
 2615089 2327010 73453.8438  403   46 73294.0000 73479.7324  0.25%   5.6 1781s
 2618989 2331055 73426.7196  422   44 73294.0000 73479.7324  0.25%   5.6 1786s
 2623057 2334419 73477.1212  457   50 73294.0000 73479.7324  0.25%   5.6 1790s
 2627083 2338713 73477.1212  763   51 73294.0000 73479.7324  0.25%   5.6 1795s
 2630941 2342387 73433.4540 1173   49 73294.0000 73479.7324  0.25%   5.6 1800s
 2637149 2347442 73476.4533  548   49 73294.0000 73479.7324  0.25%   5.6 1806s
 2640781 2351267     cutoff  838      73294.0000 73479.7324  0.25%   5.6 1810s
 2646195 2356283 73399.0835  631   49 73294.0000 73479.7324  0.25%   5.6 1816s
 2650101 2359611 73343.0408  983   46 73294.0000 73479.7324  0.25%   5.6 1820s
 2653043 2362698 73450.4483  345   48 73294.0000 73479.7324  0.25%   5.6 1825s
 2657551 2364654 73465.7241  277   45 73294.0000 73479.7324  0.25%   5.6 1830s
 2661218 2369860 73478.1516  254   46 73294.0000 73479.7324  0.25%   5.6 1836s
 2665295 2373682 73477.8242  274   49 73294.0000 73479.7324  0.25%   5.6 1841s
 2668432 2377794 73467.0000  503   49 73294.0000 73479.7324  0.25%   5.6 1846s
 2673567 2381536 73450.3665  978   49 73294.0000 73479.7324  0.25%   5.6 1851s
 2677639 2385408 73393.0000 1304   40 73294.0000 73479.7324  0.25%   5.6 1856s
 2681665 2388460 73426.6512  521   42 73294.0000 73479.7324  0.25%   5.6 1860s
 2686746 2393139 73477.2217  315   49 73294.0000 73479.7324  0.25%   5.6 1866s
 2690195 2396477 73474.5752  604   50 73294.0000 73479.7324  0.25%   5.6 1870s
 2694418 2400294 73439.6444  314   48 73294.0000 73479.7324  0.25%   5.6 1875s
 2700160 2405237 73477.2217  373   52 73294.0000 73479.7324  0.25%   5.6 1881s
 2704020 2409100 73476.4533  671   52 73294.0000 73479.7324  0.25%   5.6 1886s
 2707862 2412664 73466.9952  273   49 73294.0000 73479.7324  0.25%   5.6 1890s
 2712885 2417532 73472.4828  245   45 73294.0000 73479.7324  0.25%   5.6 1896s
 2716854 2420856 73441.5862  305   41 73294.0000 73479.7324  0.25%   5.6 1900s
 2722314 2426162 73468.2471  614   47 73294.0000 73479.7324  0.25%   5.6 1906s
 2726006 2429619 73477.8242  304   50 73294.0000 73479.7324  0.25%   5.6 1911s
 2730249 2433520 73463.6605  681   50 73294.0000 73479.7324  0.25%   5.6 1915s
 2735734 2438112 73477.1051  275   51 73294.0000 73479.7324  0.25%   5.6 1921s
 2739659 2442159 73477.8242  280   49 73294.0000 73479.7324  0.25%   5.6 1926s
 2743569 2445593 73476.4186  597   55 73294.0000 73479.7324  0.25%   5.6 1930s
 2749200 2450742 73460.7361  375   50 73294.0000 73479.7324  0.25%   5.6 1936s
 2753143 2454157 73441.0698  715   44 73294.0000 73479.7324  0.25%   5.6 1940s
 2758553 2459473 73450.2499  488   45 73294.0000 73479.7324  0.25%   5.6 1946s
 2762484 2463044 73460.7361  445   52 73294.0000 73479.7324  0.25%   5.6 1951s
 2766204 2466692 73479.7324  241   58 73294.0000 73479.7324  0.25%   5.6 1955s
 2772305 2471887 73458.4483  715   50 73294.0000 73479.7324  0.25%   5.6 1961s
 2775992 2475532 73363.2817 1040   50 73294.0000 73479.7324  0.25%   5.6 1966s
 2779950 2478562     cutoff  517      73294.0000 73479.7324  0.25%   5.6 1970s
 2785208 2483982 73472.4828  238   46 73294.0000 73479.7324  0.25%   5.6 1977s
 2788849 2487148 73384.7718  302   44 73294.0000 73479.7324  0.25%   5.6 1981s
 2792106 2490349 73472.4828  288   44 73294.0000 73479.7324  0.25%   5.6 1986s
 2796043 2493657 73479.7324  220   56 73294.0000 73479.7324  0.25%   5.6 1990s
 2800049 2497524 73443.9535  587   46 73294.0000 73479.7324  0.25%   5.6 1995s
 2805247 2502484 73472.4950  486   52 73294.0000 73479.7324  0.25%   5.6 2001s
 2809723 2506141 73424.2646  813   45 73294.0000 73479.7324  0.25%   5.6 2006s
 2813177 2509682 73479.6720  266   55 73294.0000 73479.7324  0.25%   5.6 2010s
 2818819 2515011 73472.4828  412   51 73294.0000 73479.7324  0.25%   5.6 2017s
 2822735 2518486 73425.1015  757   49 73294.0000 73479.7324  0.25%   5.6 2021s
 2826023 2521337 73471.5315  248   46 73294.0000 73479.7324  0.25%   5.6 2025s
 2829954 2525181 73324.1795  583   44 73294.0000 73479.7324  0.25%   5.6 2030s
 2835555 2530102 73470.8223  321   52 73294.0000 73479.7324  0.25%   5.6 2036s
 2838928 2533734 73364.1391  665   49 73294.0000 73479.7324  0.25%   5.6 2041s
 2843099 2537525 73450.3788  425   48 73294.0000 73479.7324  0.25%   5.6 2046s
 2847090 2541240 73450.3788  750   48 73294.0000 73479.7324  0.25%   5.6 2051s
 2850930 2544781     cutoff 1056      73294.0000 73479.7324  0.25%   5.6 2056s
 2854718 2547776 73477.1212  335   49 73294.0000 73479.7324  0.25%   5.6 2060s
 2858067 2551271 73472.3247  438   42 73294.0000 73479.7324  0.25%   5.6 2065s
 2861936 2552853 73478.1481  287   51 73294.0000 73479.7324  0.25%   5.6 2070s
 2863572 2555977 73445.2631  430   46 73294.0000 73479.7324  0.25%   5.6 2075s
 2869032 2561720 73330.7219  941   46 73294.0000 73479.7324  0.25%   5.6 2082s
 2873116 2565547 73443.9997  460   44 73294.0000 73479.7324  0.25%   5.6 2087s
 2877065 2569242 73420.8824  286   47 73294.0000 73479.7324  0.25%   5.6 2092s
 2879599 2570857 73412.9408  490   44 73294.0000 73479.7324  0.25%   5.6 2095s
 2885017 2576401 73460.7361  453   47 73294.0000 73479.7324  0.25%   5.6 2102s
 2888936 2579795 73455.1980  783   44 73294.0000 73479.7324  0.25%   5.6 2106s
 2892531 2582897 73331.6273 1197   43 73294.0000 73479.7324  0.25%   5.6 2110s
 2896290 2586278 73303.2882  457   48 73294.0000 73479.7324  0.25%   5.6 2115s
 2899615 2589280 73470.8223  312   51 73294.0000 73479.7324  0.25%   5.6 2120s
 2904625 2593914 73449.1544  658   53 73294.0000 73479.7324  0.25%   5.7 2127s
 2908433 2597540 73419.0125  812   46 73294.0000 73479.7324  0.25%   5.7 2132s
 2912320 2600272 73439.7586  263   49 73294.0000 73479.7324  0.25%   5.7 2136s
 2916288 2604993 73468.2079  341   51 73294.0000 73479.7324  0.25%   5.7 2142s
 2918426 2606633 73468.0390  400   45 73294.0000 73479.7324  0.25%   5.7 2145s
 2922599 2610948 73477.8242  257   51 73294.0000 73479.7324  0.25%   5.7 2151s
 2927213 2615113 73302.9332  616   42 73294.0000 73479.7324  0.25%   5.7 2157s
 2931271 2618619 73477.1212  321   49 73294.0000 73479.7324  0.25%   5.7 2161s
 2935266 2622232 73400.7476  634   52 73294.0000 73479.7324  0.25%   5.7 2166s
 2938952 2626077 73363.6623  979   49 73294.0000 73479.7324  0.25%   5.7 2172s
 2942566 2629256 73456.7856  331   52 73294.0000 73479.7324  0.25%   5.7 2176s
 2946449 2632581 73298.4292  529   44 73294.0000 73479.7324  0.25%   5.7 2181s
 2950112 2636177 73363.8021  541   50 73294.0000 73479.7324  0.25%   5.7 2185s
 2953918 2639835 73467.0000  428   50 73294.0000 73479.7324  0.25%   5.7 2191s
 2957691 2643074 73467.0000  745   49 73294.0000 73479.7324  0.25%   5.7 2195s
 2961552 2646689 73468.1131  340   48 73294.0000 73479.7324  0.25%   5.7 2200s
 2965238 2649967 73460.5188  637   47 73294.0000 73479.7324  0.25%   5.7 2205s
 2968773 2653587 73460.7361  415   48 73294.0000 73479.7324  0.25%   5.7 2210s
 2972541 2656862 73479.6720  204   53 73294.0000 73479.7324  0.25%   5.7 2215s
 2977887 2662108 73468.0390  585   51 73294.0000 73479.7324  0.25%   5.7 2222s
 2981426 2665794 73468.0390  837   51 73294.0000 73479.7324  0.25%   5.7 2227s
 2985342 2668646 73460.9177 1175   51 73294.0000 73479.7324  0.25%   5.7 2232s
 2986757 2670169 73454.9719 1299   52 73294.0000 73479.7324  0.25%   5.7 2235s
 2990418 2673984 73437.3793  398   41 73294.0000 73479.7324  0.25%   5.7 2240s
 2994558 2677543 73296.9206  479   45 73294.0000 73479.7324  0.25%   5.7 2245s
 2998636 2679557 73472.4828  403   50 73294.0000 73479.7324  0.25%   5.7 2251s
 3000533 2683181 73426.0522  575   50 73294.0000 73479.7324  0.25%   5.7 2255s
 3004191 2686419 73316.0000  939   40 73294.0000 73479.7324  0.25%   5.7 2260s
 3008219 2689643 73393.1993  355   46 73294.0000 73479.7324  0.25%   5.7 2265s
 3011252 2692860 73439.6108  266   43 73294.0000 73479.7324  0.25%   5.7 2270s
 3017202 2697387 73313.5512  308   52 73294.0000 73479.7324  0.25%   5.7 2276s
 3020667 2700970 73296.0717  645   45 73294.0000 73479.7324  0.25%   5.7 2281s
 3023815 2703507 73479.7324  245   57 73294.0000 73479.7324  0.25%   5.7 2286s
 3025310 2705497 73441.5862  363   41 73294.0000 73479.7324  0.25%   5.7 2290s
 3029309 2708975 73477.1212  383   51 73294.0000 73479.7324  0.25%   5.7 2295s
 3034248 2713358 73304.6923  724   48 73294.0000 73479.7324  0.25%   5.7 2302s
 3038092 2716497 73450.0955  369   45 73294.0000 73479.7324  0.25%   5.7 2306s
 3041445 2720355 73470.8225  286   47 73294.0000 73479.7324  0.25%   5.7 2312s
 3043588 2722048 73369.6739  479   46 73294.0000 73479.7324  0.25%   5.7 2315s
 3046597 2725628 73472.4828  333   52 73294.0000 73479.7324  0.25%   5.7 2321s
 3051109 2729400 73478.1516  246   48 73294.0000 73479.7324  0.25%   5.7 2327s
 3053304 2730966 73477.2217  385   52 73294.0000 73479.7324  0.25%   5.7 2330s
 3057042 2734668 73403.4186  704   48 73294.0000 73479.7324  0.25%   5.7 2335s
 3060901 2737765 73479.7324  287   54 73294.0000 73479.7324  0.25%   5.7 2340s
 3064184 2741304 73338.5695  590   49 73294.0000 73479.7324  0.25%   5.7 2345s
 3068079 2744706 73452.6766  444   54 73294.0000 73479.7324  0.25%   5.7 2350s
 3071928 2748310 73382.6424  779   45 73294.0000 73479.7324  0.25%   5.7 2355s
 3076933 2753440 73477.1212  501   50 73294.0000 73479.7324  0.25%   5.7 2362s
 3079135 2755418 73472.4768  643   49 73294.0000 73479.7324  0.25%   5.7 2365s
 3083296 2758468 73373.3721  893   38 73294.0000 73479.7324  0.25%   5.7 2370s
 3086881 2762403 73304.9740  466   50 73294.0000 73479.7324  0.25%   5.7 2375s
 3090911 2765440 73295.3377  830   49 73294.0000 73479.7324  0.25%   5.7 2381s
 3094085 2768865 73394.6587  417   47 73294.0000 73479.7324  0.25%   5.7 2386s
 3097473 2771553 73477.8167  274   55 73294.0000 73479.7324  0.25%   5.7 2391s
 3100728 2774705 73468.6471  337   50 73294.0000 73479.7324  0.25%   5.7 2395s
 3104366 2778352 73468.0390  437   46 73294.0000 73479.7324  0.25%   5.7 2400s
 3108317 2781899 73406.9157  555   39 73294.0000 73479.7324  0.25%   5.7 2405s
 3112183 2785367 73468.6471  410   48 73294.0000 73479.7324  0.25%   5.7 2410s
 3115942 2789085 73430.1178  707   53 73294.0000 73479.7324  0.25%   5.7 2415s
 3120221 2792541 73406.2440  400   49 73294.0000 73479.7324  0.25%   5.7 2420s
 3124032 2796460 73398.2272  752   54 73294.0000 73479.7324  0.25%   5.7 2426s
 3127972 2800121 73463.3794  379   49 73294.0000 73479.7324  0.25%   5.7 2431s
 3132004 2804108 infeasible  732      73294.0000 73479.7324  0.25%   5.7 2436s
 3135840 2806464 73476.4186  502   51 73294.0000 73479.7324  0.25%   5.7 2441s
 3138927 2809961 73476.4186  715   52 73294.0000 73479.7324  0.25%   5.7 2446s
 3142888 2813109 73409.2078 1021   46 73294.0000 73479.7324  0.25%   5.7 2451s
 3144176 2814803 73386.3922 1037   40 73294.0000 73479.7324  0.25%   5.7 2456s
 3148064 2818684 73479.7324  228   52 73294.0000 73479.7324  0.25%   5.7 2461s
 3151906 2822266 73362.9318  506   46 73294.0000 73479.7324  0.25%   5.7 2466s
 3156016 2826017 73467.0000  410   46 73294.0000 73479.7324  0.25%   5.7 2471s
 3159732 2829949 73467.2868  369   48 73294.0000 73479.7324  0.25%   5.7 2477s
 3164360 2833298 73460.7137  307   46 73294.0000 73479.7324  0.25%   5.7 2482s
 3167627 2836634 73460.7137  534   52 73294.0000 73479.7324  0.25%   5.7 2487s
 3171489 2840007 73305.2047  840   56 73294.0000 73479.7324  0.25%   5.7 2491s
 3175189 2843560 73477.1212  420   50 73294.0000 73479.7324  0.25%   5.7 2496s
 3179005 2847256 73477.1212  664   50 73294.0000 73479.7324  0.25%   5.7 2501s
 3183069 2850738     cutoff  897      73294.0000 73479.7324  0.25%   5.7 2507s
 3187017 2854273 73477.1051  429   49 73294.0000 73479.7324  0.25%   5.7 2512s
 3190720 2857381 73478.1516  229   54 73294.0000 73479.7324  0.25%   5.7 2516s
 3194529 2861535 73391.8837  518   47 73294.0000 73479.7324  0.25%   5.7 2522s
 3198561 2864963 73304.7503  861   48 73294.0000 73479.7324  0.25%   5.7 2527s
 3202615 2868327     cutoff 1179      73294.0000 73479.7324  0.25%   5.7 2531s
 3206068 2871447 73477.2217  478   50 73294.0000 73479.7324  0.25%   5.7 2536s
 3209895 2875031 73470.3502  709   44 73294.0000 73479.7324  0.25%   5.7 2541s
 3213441 2878443 73473.3774  291   51 73294.0000 73479.7324  0.25%   5.7 2546s
 3217341 2882392 73425.2538  625   46 73294.0000 73479.7324  0.25%   5.7 2552s
 3220966 2885666 73297.1126  997   45 73294.0000 73479.7324  0.25%   5.7 2556s
 3224525 2887446 73460.7137  213   51 73294.0000 73479.7324  0.25%   5.7 2560s
 3227651 2892101 73460.7137  397   51 73294.0000 73479.7324  0.25%   5.7 2567s
 3229781 2894374 73449.1380  550   48 73294.0000 73479.7324  0.25%   5.7 2570s
 3234435 2897621 73478.1516  230   53 73294.0000 73479.7324  0.25%   5.7 2576s
 3235737 2900327 73351.1098  320   48 73294.0000 73479.7324  0.25%   5.7 2580s
 3240793 2903585 73459.4545  353   45 73294.0000 73479.7324  0.25%   5.7 2585s
 3244244 2907505 73443.9535  726   47 73294.0000 73479.7324  0.25%   5.7 2590s
 3248623 2910905 73458.6742  361   47 73294.0000 73479.7324  0.25%   5.7 2595s
 3252372 2914434 73475.0345  254   45 73294.0000 73479.7324  0.25%   5.7 2601s
 3255949 2917717 73428.5287  314   42 73294.0000 73479.7324  0.25%   5.7 2607s
 3257550 2919503     cutoff  348      73294.0000 73479.7324  0.25%   5.7 2610s
 3262175 2923623 73477.1051  526   53 73294.0000 73479.7324  0.25%   5.7 2615s
 3266133 2927310     cutoff  856      73294.0000 73479.7324  0.25%   5.7 2621s
 3270171 2931403 73451.9901  476   44 73294.0000 73479.7324  0.25%   5.7 2627s
 3273734 2934564 73339.0160  833   47 73294.0000 73479.7324  0.25%   5.7 2632s
 3277375 2937985 73460.6309  345   47 73294.0000 73479.7324  0.25%   5.7 2637s
 3279527 2937997 73348.6275  509   42 73294.0000 73479.7324  0.25%   5.7 2640s
 3280682 2940833 73465.9977  207   45 73294.0000 73479.7324  0.25%   5.7 2645s
 3284645 2944234     cutoff  541      73294.0000 73479.7324  0.25%   5.7 2650s
 3288338 2947832 73476.0029  219   50 73294.0000 73479.7324  0.25%   5.7 2655s
 3292057 2950925 73471.1330  495   49 73294.0000 73479.7324  0.25%   5.7 2660s
 3295497 2954609 73466.5665  759   50 73294.0000 73479.7324  0.25%   5.7 2665s
 3299619 2958131 73467.0000  405   44 73294.0000 73479.7324  0.25%   5.7 2670s
 3303471 2961716 73412.7769  713   47 73294.0000 73479.7324  0.25%   5.7 2676s
 3307592 2965035 73296.8420  485   37 73294.0000 73479.7324  0.25%   5.7 2681s
 3311675 2968990 73396.6458  497   51 73294.0000 73479.7324  0.25%   5.7 2687s
 3313408 2971016 73477.8242  222   49 73294.0000 73479.7324  0.25%   5.7 2690s
 3317376 2974557 73473.3288  517   53 73294.0000 73479.7324  0.25%   5.7 2695s
 3321420 2978376 73464.2504  861   48 73294.0000 73479.7324  0.25%   5.7 2701s
 3324967 2981021 73472.4828  269   47 73294.0000 73479.7324  0.25%   5.7 2705s
 3328419 2985032 73467.7035  588   48 73294.0000 73479.7324  0.25%   5.7 2711s
 3332034 2988152 73301.4491  367   48 73294.0000 73479.7324  0.25%   5.7 2715s
 3335780 2991435 73452.0711  270   45 73294.0000 73479.7324  0.25%   5.7 2720s
 3338915 2994404 73423.2791  547   42 73294.0000 73479.7324  0.25%   5.7 2725s
 3342884 2997827 73461.2472  367   50 73294.0000 73479.7324  0.25%   5.7 2730s
 3346091 3001375 73479.7324  229   50 73294.0000 73479.7324  0.25%   5.7 2736s
 3351210 3005087 73356.3419  637   45 73294.0000 73479.7324  0.25%   5.7 2742s
 3352781 3006806 73356.3419  795   47 73294.0000 73479.7324  0.25%   5.7 2745s
 3356116 3010403 73479.7324  173   50 73294.0000 73479.7324  0.25%   5.7 2751s
 3360197 3013892 73464.3736  473   50 73294.0000 73479.7324  0.25%   5.7 2756s
 3363913 3016571 73394.9769  833   45 73294.0000 73479.7324  0.25%   5.7 2761s
 3365121 3019077 73375.7539  953   49 73294.0000 73479.7324  0.25%   5.7 2766s
 3369796 3022871 73449.1380  349   49 73294.0000 73479.7324  0.25%   5.7 2772s
 3373949 3026288 73394.7647  684   49 73294.0000 73479.7324  0.25%   5.7 2777s
 3375914 3028306     cutoff  845      73294.0000 73479.7324  0.25%   5.7 2780s
 3378112 3030187 73467.0000  364   47 73294.0000 73479.7324  0.25%   5.7 2786s
 3382110 3033611 73466.8334  657   51 73294.0000 73479.7324  0.25%   5.7 2792s
 3385528 3037233 73313.3901 1030   45 73294.0000 73479.7324  0.25%   5.7 2798s
 3387711 3039312 73478.1482  233   50 73294.0000 73479.7324  0.25%   5.7 2801s
 3391672 3042813 73368.8675  582   50 73294.0000 73479.7324  0.25%   5.7 2806s
 3395393 3046529 73477.8242  205   49 73294.0000 73479.7324  0.25%   5.7 2812s
 3397563 3048290 73462.7553  362   44 73294.0000 73479.7324  0.25%   5.7 2815s
 3401654 3051728 73463.0437  278   48 73294.0000 73479.7324  0.25%   5.7 2821s
 3405619 3055516 73302.5317  575   44 73294.0000 73479.7324  0.25%   5.7 2827s
 3407472 3057328 73302.5317  718   42 73294.0000 73479.7324  0.25%   5.7 2830s
 3411249 3060760 73299.4350  498   41 73294.0000 73479.7324  0.25%   5.7 2835s
 3414752 3064267 73460.7137  312   54 73294.0000 73479.7324  0.25%   5.7 2841s
 3418889 3067895 73460.7137  603   52 73294.0000 73479.7324  0.25%   5.8 2847s
 3422065 3071516 73313.6148  910   51 73294.0000 73479.7324  0.25%   5.8 2854s
 3424841 3073623 73374.7507  355   49 73294.0000 73479.7324  0.25%   5.8 2857s
 3427138 3075221 73479.7324  166   54 73294.0000 73479.7324  0.25%   5.8 2860s
 3430723 3078726 73460.9580  433   46 73294.0000 73479.7324  0.25%   5.8 2866s
 3434466 3081629 73449.3692  418   46 73294.0000 73479.7324  0.25%   5.8 2871s
 3437845 3085445     cutoff  747      73294.0000 73479.7324  0.25%   5.8 2878s
 3440164 3087130 73472.4828  197   47 73294.0000 73479.7324  0.25%   5.8 2880s
 3443756 3090485 73431.5179  469   44 73294.0000 73479.7324  0.25%   5.8 2886s
 3447467 3093994 73477.2217  404   47 73294.0000 73479.7324  0.25%   5.8 2892s
 3449354 3095708 73476.5996  559   48 73294.0000 73479.7324  0.25%   5.8 2895s
 3453405 3099530 73479.7324  224   49 73294.0000 73479.7324  0.25%   5.8 2901s
 3457640 3103007     cutoff  603      73294.0000 73479.7324  0.25%   5.8 2907s
 3459252 3104870 73455.4247  315   49 73294.0000 73479.7324  0.25%   5.8 2910s
 3462967 3108045 73432.1578  611   48 73294.0000 73479.7324  0.25%   5.8 2915s
 3466615 3111526     cutoff  975      73294.0000 73479.7324  0.25%   5.8 2921s
 3470261 3114811 73418.2326  423   42 73294.0000 73479.7324  0.25%   5.8 2926s
 3473634 3117646 73472.4828  340   51 73294.0000 73479.7324  0.25%   5.8 2931s
 3477189 3121013 73460.5266  322   51 73294.0000 73479.7324  0.25%   5.8 2937s
 3480628 3124484 73479.7324  236   47 73294.0000 73479.7324  0.25%   5.8 2943s
 3482950 3126101 73460.7361  397   50 73294.0000 73479.7324  0.25%   5.8 2945s
 3486742 3129780 73297.8808  760   49 73294.0000 73479.7324  0.25%   5.8 2951s
 3488490 3131847 73478.1516  227   49 73294.0000 73479.7324  0.25%   5.8 2955s
 3492552 3135278 73478.1482  303   49 73294.0000 73479.7324  0.25%   5.8 2961s
 3496100 3138695 73369.2470  618   49 73294.0000 73479.7324  0.25%   5.8 2967s
 3499387 3141340 73311.6482  388   45 73294.0000 73479.7324  0.25%   5.8 2972s
 3501288 3142964 73431.9442  320   44 73294.0000 73479.7324  0.25%   5.8 2975s
 3504469 3146140 73438.2759  264   49 73294.0000 73479.7324  0.25%   5.8 2980s
 3508556 3149379 73468.6471  344   47 73294.0000 73479.7324  0.25%   5.8 2986s
 3512248 3153009 73467.3506  468   44 73294.0000 73479.7324  0.25%   5.8 2992s
 3515814 3155741 73477.8242  220   52 73294.0000 73479.7324  0.25%   5.8 2997s
 3517107 3157676 73477.1051  275   49 73294.0000 73479.7324  0.25%   5.8 3000s
 3521305 3161073 73472.4828  305   51 73294.0000 73479.7324  0.25%   5.8 3006s
 3522953 3162968 73325.6577  439   54 73294.0000 73479.7324  0.25%   5.8 3010s
 3527512 3167090     cutoff  869      73294.0000 73479.7324  0.25%   5.8 3017s
 3529725 3168972 73394.5952  388   46 73294.0000 73479.7324  0.25%   5.8 3020s
 3533481 3172144 73479.7324  194   57 73294.0000 73479.7324  0.25%   5.8 3026s
 3535200 3174165 73477.1212  311   52 73294.0000 73479.7324  0.25%   5.8 3030s
 3539366 3177431 73477.1212  626   50 73294.0000 73479.7324  0.25%   5.8 3035s
 3542480 3180954 73429.9265  914   50 73294.0000 73479.7324  0.25%   5.8 3041s
 3544612 3183119 73403.4965 1154   47 73294.0000 73479.7324  0.25%   5.8 3045s
 3548675 3186755 73345.1732 1582   40 73294.0000 73479.7324  0.25%   5.8 3052s
 3552727 3190224 73304.3260  386   47 73294.0000 73479.7324  0.25%   5.8 3057s
 3554711 3191526 73477.2217  312   50 73294.0000 73479.7324  0.25%   5.8 3060s
 3558021 3195347 73476.4533  523   50 73294.0000 73479.7324  0.25%   5.8 3066s
 3562056 3198723 73328.0000  887   43 73294.0000 73479.7324  0.25%   5.8 3072s
 3563825 3200649 73472.4828  217   46 73294.0000 73479.7324  0.25%   5.8 3076s
 3568097 3204457 73296.5992  583   48 73294.0000 73479.7324  0.25%   5.8 3082s
 3571574 3207475 73449.1380  438   47 73294.0000 73479.7324  0.25%   5.8 3087s
 3573507 3209195 73402.9535  596   47 73294.0000 73479.7324  0.25%   5.8 3090s
 3577253 3212542 73395.1865  514   42 73294.0000 73479.7324  0.25%   5.8 3096s
 3580634 3216042 73457.5875  277   47 73294.0000 73479.7324  0.25%   5.8 3102s
 3582784 3217558 73467.3342  261   45 73294.0000 73479.7324  0.25%   5.8 3105s
 3586165 3220404     cutoff  338      73294.0000 73479.7324  0.25%   5.8 3110s
 3589987 3224248 73469.0906  378   50 73294.0000 73479.7324  0.25%   5.8 3116s
 3593522 3227399 73468.0390  636   47 73294.0000 73479.7324  0.25%   5.8 3122s
 3595310 3229236 73379.3775  768   49 73294.0000 73479.7324  0.25%   5.8 3125s
 3599260 3232580 73473.3409  382   45 73294.0000 73479.7324  0.25%   5.8 3131s
 3603110 3236051 73302.4539  744   42 73294.0000 73479.7324  0.25%   5.8 3137s
 3604780 3237600     cutoff  936      73294.0000 73479.7324  0.25%   5.8 3142s
 3606388 3239449 73467.7512  196   42 73294.0000 73479.7324  0.25%   5.8 3145s
 3610137 3243198 73455.7464  472   43 73294.0000 73479.7324  0.25%   5.8 3151s
 3614297 3246393 73324.8621  287   41 73294.0000 73479.7324  0.25%   5.8 3157s
 3615966 3247926 73324.8621  311   42 73294.0000 73479.7324  0.25%   5.8 3160s
 3619946 3251831 73467.0000  382   49 73294.0000 73479.7324  0.25%   5.8 3166s
 3623505 3255269 73467.0000  643   46 73294.0000 73479.7324  0.25%   5.8 3172s
 3625711 3257317 73394.6209  812   49 73294.0000 73479.7324  0.25%   5.8 3175s
 3629879 3260403 73348.4901 1209   50 73294.0000 73479.7324  0.25%   5.8 3181s
 3631303 3261087 73472.4828  222   47 73294.0000 73479.7324  0.25%   5.8 3185s
 3634134 3265083 73359.0331  455   47 73294.0000 73479.7324  0.25%   5.8 3192s
 3636371 3266715 73460.7137  282   50 73294.0000 73479.7324  0.25%   5.8 3195s
 3640175 3270933 73449.1380  557   48 73294.0000 73479.7324  0.25%   5.8 3202s
 3642547 3272663 73449.1380  733   49 73294.0000 73479.7324  0.25%   5.8 3205s
 3646206 3275905 73479.7324  260   47 73294.0000 73479.7324  0.25%   5.8 3211s
 3650022 3279478 73409.2078  548   48 73294.0000 73479.7324  0.25%   5.8 3216s
 3653481 3282514 73299.9336  777   46 73294.0000 73479.7324  0.25%   5.8 3222s
 3655393 3284207 73454.6688  316   50 73294.0000 73479.7324  0.25%   5.8 3225s
 3659391 3287559 73460.7361  323   48 73294.0000 73479.7324  0.25%   5.8 3230s
 3663053 3291308 73333.4791  661   46 73294.0000 73479.7324  0.25%   5.8 3236s
 3667094 3294715 73460.6309  284   46 73294.0000 73479.7324  0.25%   5.8 3242s
 3668589 3296425 73435.6779  321   36 73294.0000 73479.7324  0.25%   5.8 3245s
 3672119 3299487 73477.1051  312   44 73294.0000 73479.7324  0.25%   5.8 3250s
 3675194 3302196 73476.4186  397   50 73294.0000 73479.7324  0.25%   5.8 3255s
 3679255 3306281 73460.7361  367   49 73294.0000 73479.7324  0.25%   5.8 3262s
 3681322 3307977 73443.9535  538   49 73294.0000 73479.7324  0.25%   5.8 3265s
 3685078 3311658 73379.9007  876   49 73294.0000 73479.7324  0.25%   5.8 3271s
 3689340 3314610 73467.0009  247   41 73294.0000 73479.7324  0.25%   5.8 3277s
 3690644 3316610 73467.0009  366   48 73294.0000 73479.7324  0.25%   5.8 3280s
 3694278 3319201 73303.6751  662   45 73294.0000 73479.7324  0.25%   5.8 3286s
 3697034 3322756 73449.3692  449   46 73294.0000 73479.7324  0.25%   5.8 3292s
 3699342 3324403 73354.4643  632   48 73294.0000 73479.7324  0.25%   5.8 3295s
 3703221 3327699 73378.0736  497   44 73294.0000 73479.7324  0.25%   5.8 3301s
 3706942 3331330 73478.1516  251   47 73294.0000 73479.7324  0.25%   5.8 3307s
 3708659 3333282 73477.1212  365   49 73294.0000 73479.7324  0.25%   5.8 3310s
 3712256 3336242 73434.0040  578   45 73294.0000 73479.7324  0.25%   5.8 3316s
 3716082 3339700 73328.4106  904   44 73294.0000 73479.7324  0.25%   5.8 3322s
 3717932 3341479 73454.2815  333   48 73294.0000 73479.7324  0.25%   5.8 3325s
 3721881 3344934 73326.8805  726   47 73294.0000 73479.7324  0.25%   5.8 3331s
 3725537 3348207 73377.6552  450   50 73294.0000 73479.7324  0.25%   5.8 3336s
 3729187 3351336 73477.2217  331   51 73294.0000 73479.7324  0.25%   5.8 3342s
 3730680 3352413 73477.2217  437   47 73294.0000 73479.7324  0.25%   5.8 3345s
 3733954 3355839     cutoff  696      73294.0000 73479.7324  0.25%   5.8 3351s
 3737552 3359388 73478.1481  298   53 73294.0000 73479.7324  0.25%   5.8 3357s
 3739358 3361354 73455.5417  450   47 73294.0000 73479.7324  0.25%   5.8 3360s
 3743293 3364842 73307.7630  822   49 73294.0000 73479.7324  0.25%   5.8 3367s
 3745282 3366737 73477.1051  250   50 73294.0000 73479.7324  0.25%   5.8 3370s
 3749160 3369944 73296.4564  587   41 73294.0000 73479.7324  0.25%   5.8 3376s
 3752973 3373676 73297.7779  398   36 73294.0000 73479.7324  0.25%   5.8 3382s
 3754973 3375503 73479.7324  199   48 73294.0000 73479.7324  0.25%   5.8 3385s
 3758602 3378937 73477.1212  486   50 73294.0000 73479.7324  0.25%   5.8 3392s
 3760590 3381285 73474.8530  632   44 73294.0000 73479.7324  0.25%   5.8 3396s
 3765337 3384521 73302.0403 1002   40 73294.0000 73479.7324  0.25%   5.8 3402s
 3766751 3386300 73479.7324  245   47 73294.0000 73479.7324  0.25%   5.8 3405s
 3770697 3390047 73302.4138  322   37 73294.0000 73479.7324  0.25%   5.8 3411s
 3774167 3393467 73466.9302  378   49 73294.0000 73479.7324  0.25%   5.8 3418s
 3776313 3394981 73424.9850  553   49 73294.0000 73479.7324  0.25%   5.8 3420s
 3779129 3397833 73329.9548  799   43 73294.0000 73479.7324  0.25%   5.8 3427s
 3781003 3399889 73468.0390  427   45 73294.0000 73479.7324  0.25%   5.8 3430s
 3785438 3404123 73479.7324  274   52 73294.0000 73479.7324  0.25%   5.8 3438s
 3787817 3405873 73396.1035  452   46 73294.0000 73479.7324  0.25%   5.8 3442s
 3789637 3408231 73328.6737  588   51 73294.0000 73479.7324  0.25%   5.8 3446s
 3794191 3411892 73459.2302  409   49 73294.0000 73479.7324  0.25%   5.8 3453s
 3796199 3413208 73309.0540  579   41 73294.0000 73479.7324  0.25%   5.8 3455s
 3799883 3417201 73459.6113  440   47 73294.0000 73479.7324  0.25%   5.8 3462s
 3801839 3419085 73473.4163  291   50 73294.0000 73479.7324  0.25%   5.8 3465s
 3805404 3422061 73473.4163  550   51 73294.0000 73479.7324  0.25%   5.8 3471s
 3807185 3424132 73457.7513  666   47 73294.0000 73479.7324  0.25%   5.8 3475s
 3811420 3427136 73303.1956 1107   46 73294.0000 73479.7324  0.25%   5.8 3481s
 3812526 3428724 73470.6312  310   46 73294.0000 73479.7324  0.25%   5.8 3485s
 3816557 3432723 73467.2924  363   49 73294.0000 73479.7324  0.25%   5.8 3491s
 3820162 3435919 73409.2078  423   44 73294.0000 73479.7324  0.25%   5.8 3497s
 3822162 3437670 73409.2078  596   48 73294.0000 73479.7324  0.25%   5.8 3500s
 3826250 3440874 73466.6897  385   44 73294.0000 73479.7324  0.25%   5.8 3507s
 3827585 3442692 73416.6846  318   45 73294.0000 73479.7324  0.25%   5.8 3510s
 3831710 3445985 73477.1051  313   50 73294.0000 73479.7324  0.25%   5.8 3517s
 3835123 3449718 73477.1051  615   52 73294.0000 73479.7324  0.25%   5.8 3523s
 3837440 3451403 73466.9302  824   49 73294.0000 73479.7324  0.25%   5.8 3527s
 3839266 3453405 73463.8480 1014   48 73294.0000 73479.7324  0.25%   5.8 3530s
 3843120 3456567 73476.4533  478   50 73294.0000 73479.7324  0.25%   5.8 3536s
 3846909 3460235 73308.8413  765   53 73294.0000 73479.7324  0.25%   5.8 3543s
 3848837 3461607 73477.2217  357   54 73294.0000 73479.7324  0.25%   5.8 3546s
 3850313 3472731 73477.2217  469   49 73294.0000 73479.7324  0.25%   5.8 3579s
 3862325 3474282 73477.2217  285   51 73294.0000 73479.7324  0.25%   5.8 3585s
 3866371 3478530 73467.0000  618   49 73294.0000 73479.7324  0.25%   5.8 3592s
 3868693 3478538 73388.2295  823   47 73294.0000 73479.7324  0.25%   5.8 3596s
 3868709 3489875 73386.5022  824   48 73294.0000 73479.7324  0.25%   5.8 3644s
 3874715 3489875 73460.3256  440   49 73294.0000 73479.7324  0.25%   5.8 3645s
 3880721 3493032 73460.0909  952   48 73294.0000 73479.7324  0.25%   5.8 3653s
 3884193 3495553 73307.0569 1178   45 73294.0000 73479.7324  0.25%   5.8 3658s
 3887134 3497157 73467.7071  393   51 73294.0000 73479.7324  0.25%   5.8 3662s
 3888862 3499240     cutoff  572      73294.0000 73479.7324  0.25%   5.8 3665s
 3893030 3502742 73302.6030  581   40 73294.0000 73479.7324  0.25%   5.8 3671s
 3896304 3505487 73339.8188  493   47 73294.0000 73479.7324  0.25%   5.8 3677s
 3898439 3507051     cutoff  309      73294.0000 73479.7324  0.25%   5.8 3680s
 3902166 3510655 73477.1212  282   47 73294.0000 73479.7324  0.25%   5.8 3686s
 3905801 3514246 73473.3409  565   50 73294.0000 73479.7324  0.25%   5.8 3693s
 3907952 3515983 73471.1946  339   45 73294.0000 73479.7324  0.25%   5.8 3696s
 3911489 3519067 infeasible  517      73294.0000 73479.7324  0.25%   5.8 3701s
 3915068 3522226 73420.6467  504   49 73294.0000 73479.7324  0.25%   5.8 3707s
 3918141 3525119 73443.9535  372   51 73294.0000 73479.7324  0.25%   5.8 3712s
 3920128 3526496 73443.9535  555   46 73294.0000 73479.7324  0.25%   5.8 3715s
 3923707 3529593 73370.7633  301   49 73294.0000 73479.7324  0.25%   5.8 3721s
 3925151 3531984 73353.5862  451   46 73294.0000 73479.7324  0.25%   5.8 3726s
 3929856 3535780 73310.0833  598   39 73294.0000 73479.7324  0.25%   5.9 3733s
 3932024 3537292 73477.2217  368   54 73294.0000 73479.7324  0.25%   5.9 3736s
 3935611 3541213 73453.4528  663   48 73294.0000 73479.7324  0.25%   5.9 3743s
 3937591 3543437 73364.9760  850   46 73294.0000 73479.7324  0.25%   5.9 3747s
 3939910 3544729 73332.3261 1078   48 73294.0000 73479.7324  0.25%   5.9 3750s
 3943287 3548478 73443.9535  473   50 73294.0000 73479.7324  0.25%   5.9 3756s
 3947045 3551673 73440.5623  420   46 73294.0000 73479.7324  0.25%   5.9 3762s
 3948725 3553616 73440.5623  587   47 73294.0000 73479.7324  0.25%   5.9 3765s
 3952731 3557232 73313.6128  963   48 73294.0000 73479.7324  0.25%   5.9 3772s
 3954815 3558564 73460.6286  360   52 73294.0000 73479.7324  0.25%   5.9 3775s
 3958351 3562151 73306.5592  684   46 73294.0000 73479.7324  0.25%   5.9 3781s
 3960117 3564139 73390.9584  327   47 73294.0000 73479.7324  0.25%   5.9 3785s
 3963521 3567900 73434.0691  294   44 73294.0000 73479.7324  0.25%   5.9 3793s
 3966364 3569719 73354.6462  573   37 73294.0000 73479.7324  0.25%   5.9 3797s
 3968277 3571554 73467.0000  352   47 73294.0000 73479.7324  0.25%   5.9 3800s
 3971963 3574653 73467.0000  618   48 73294.0000 73479.7324  0.25%   5.9 3807s
 3973636 3576677 73464.6260  759   50 73294.0000 73479.7324  0.25%   5.9 3810s
 3978021 3580455 73477.1212  318   49 73294.0000 73479.7324  0.25%   5.9 3818s
 3979893 3582067 73476.4186  454   48 73294.0000 73479.7324  0.25%   5.9 3821s
 3981598 3584264     cutoff  581      73294.0000 73479.7324  0.25%   5.9 3825s
 3985988 3587695 73479.7324  229   51 73294.0000 73479.7324  0.25%   5.9 3832s
 3987731 3589342 73443.9535  391   48 73294.0000 73479.7324  0.25%   5.9 3835s
 3991712 3593147 73302.2794  746   47 73294.0000 73479.7324  0.25%   5.9 3842s
 3993849 3594392 73472.4828  257   45 73294.0000 73479.7324  0.25%   5.9 3845s
 3997358 3597998 73325.0805  550   40 73294.0000 73479.7324  0.25%   5.9 3852s
 3999152 3599966 73477.1051  324   45 73294.0000 73479.7324  0.25%   5.9 3856s
 4002515 3602570     cutoff  610      73294.0000 73479.7324  0.25%   5.9 3861s
 4005945 3606016 73468.7551  554   47 73294.0000 73479.7324  0.25%   5.9 3868s
 4007929 3607280 73468.7551  720   47 73294.0000 73479.7324  0.25%   5.9 3871s
 4009260 3609396 73398.2503  836   46 73294.0000 73479.7324  0.25%   5.9 3875s
 4011686 3611563 73472.4828  373   52 73294.0000 73479.7324  0.25%   5.9 3880s
 4015885 3614745 73471.1946  296   54 73294.0000 73479.7324  0.25%   5.9 3887s
 4017626 3616619 73304.6081  439   48 73294.0000 73479.7324  0.25%   5.9 3890s
 4019699 3618402 73295.5034  630   41 73294.0000 73479.7324  0.25%   5.9 3896s
 4022999 3621341 73467.0000  470   47 73294.0000 73479.7324  0.25%   5.9 3903s
 4024951 3623104 73467.0000  622   50 73294.0000 73479.7324  0.25%   5.9 3906s
 4026883 3624731 73427.6301  277   53 73294.0000 73479.7324  0.25%   5.9 3910s
 4030349 3628105 73479.7324  161   56 73294.0000 73479.7324  0.25%   5.9 3916s
 4032310 3630086 73476.7338  300   56 73294.0000 73479.7324  0.25%   5.9 3920s
 4036361 3633186 73468.0390  576   51 73294.0000 73479.7324  0.25%   5.9 3927s
 4037979 3635060 73468.0390  683   51 73294.0000 73479.7324  0.25%   5.9 3930s
 4042068 3639310 73477.1212  459   48 73294.0000 73479.7324  0.25%   5.9 3938s
 4044341 3640650 73477.1212  647   49 73294.0000 73479.7324  0.25%   5.9 3942s
 4045912 3642416 73463.6517  742   48 73294.0000 73479.7324  0.25%   5.9 3945s
 4050231 3646045 73462.4512  316   46 73294.0000 73479.7324  0.25%   5.9 3952s
 4051859 3647378 73462.4512  467   47 73294.0000 73479.7324  0.25%   5.9 3955s
 4054989 3650591 73462.4512  754   47 73294.0000 73479.7324  0.25%   5.9 3961s
 4058520 3654027 73376.7675 1144   51 73294.0000 73479.7324  0.25%   5.9 3968s
 4060525 3656039 73478.1516  251   42 73294.0000 73479.7324  0.25%   5.9 3971s
 4062751 3657617 73477.0112  315   43 73294.0000 73479.7324  0.25%   5.9 3975s
 4066630 3660914 73460.7361  310   46 73294.0000 73479.7324  0.25%   5.9 3982s
 4068118 3662835 73460.7361  426   49 73294.0000 73479.7324  0.25%   5.9 3985s
 4072214 3666743 73479.7324  224   45 73294.0000 73479.7324  0.25%   5.9 3992s
 4074300 3668151 73477.2217  367   53 73294.0000 73479.7324  0.25%   5.9 3996s
 4075783 3670341 73477.2217  492   50 73294.0000 73479.7324  0.25%   5.9 4000s
 4078196 3672590 73445.6153  670   52 73294.0000 73479.7324  0.25%   5.9 4005s
 4082333 3676012 73479.7324  278   49 73294.0000 73479.7324  0.25%   5.9 4012s
 4084439 3677970 73301.1182  429   49 73294.0000 73479.7324  0.25%   5.9 4016s
 4088401 3681414 73295.0134  797   44 73294.0000 73479.7324  0.25%   5.9 4023s
 4090329 3683061 73467.2924  368   50 73294.0000 73479.7324  0.25%   5.9 4026s
 4094198 3686575 73468.3297  259   45 73294.0000 73479.7324  0.25%   5.9 4033s
 4095968 3687960 73468.3297  391   50 73294.0000 73479.7324  0.25%   5.9 4036s
 4099678 3691520 73468.0420  642   45 73294.0000 73479.7324  0.25%   5.9 4042s
 4101414 3693503 73393.7602  795   49 73294.0000 73479.7324  0.25%   5.9 4046s
 4103513 3694956 73478.1482  297   50 73294.0000 73479.7324  0.25%   5.9 4050s
 4106893 3696685 73443.9535  607   49 73294.0000 73479.7324  0.25%   5.9 4057s
 4106905 3698497 73443.9535  608   49 73294.0000 73479.7324  0.25%   5.9 4060s
 4110791 3701939 73471.1946  291   46 73294.0000 73479.7324  0.25%   5.9 4067s
 4112475 3704385 73345.4131  457   48 73294.0000 73479.7324  0.25%   5.9 4072s
 4115015 3705925 73479.6720  244   45 73294.0000 73479.7324  0.25%   5.9 4075s
 4118793 3709068 73296.0738  559   49 73294.0000 73479.7324  0.25%   5.9 4082s
 4120052 3710823 73479.6720  263   49 73294.0000 73479.7324  0.25%   5.9 4085s
 4124008 3714527 73458.3535  578   50 73294.0000 73479.7324  0.25%   5.9 4093s
 4126122 3715970 73477.8242  276   52 73294.0000 73479.7324  0.25%   5.9 4096s
 4127647 3717854 73366.5947  413   49 73294.0000 73479.7324  0.25%   5.9 4100s
 4131722 3721383 73446.4458  467   47 73294.0000 73479.7324  0.25%   5.9 4107s
 4133445 3722976 73446.4458  607   49 73294.0000 73479.7324  0.25%   5.9 4110s
 4137028 3726653 73472.3413  281   46 73294.0000 73479.7324  0.25%   5.9 4117s
 4139187 3728227 73460.7361  422   47 73294.0000 73479.7324  0.25%   5.9 4120s
 4142622 3731808 73350.6512  408   45 73294.0000 73479.7324  0.25%   5.9 4128s
 4144714 3733369 73349.8567  606   50 73294.0000 73479.7324  0.25%   5.9 4131s
 4146403 3735458 73451.7232  301   51 73294.0000 73479.7324  0.25%   5.9 4135s
 4148525 3746590 73295.9611  490   45 73294.0000 73479.7324  0.25%   5.9 4170s
 4160537 3748202 73475.0345  241   50 73294.0000 73479.7324  0.25%   5.9 4176s
 4162388 3750155 73461.5172  274   44 73294.0000 73479.7324  0.25%   5.9 4180s
 4166636 3754043 73477.1212  328   46 73294.0000 73479.7324  0.25%   5.9 4188s
 4168823 3755274 73477.1212  493   47 73294.0000 73479.7324  0.25%   5.9 4191s
 4170213 3757231 73477.1212  582   51 73294.0000 73479.7324  0.25%   5.9 4195s
 4174024 3760542 73455.1002  862   49 73294.0000 73479.7324  0.25%   5.9 4201s
 4175930 3761998 73364.0682 1059   45 73294.0000 73479.7324  0.25%   5.9 4205s
 4179501 3765528 73460.7361  410   52 73294.0000 73479.7324  0.25%   5.9 4212s
 4181452 3767413 73447.5219  581   48 73294.0000 73479.7324  0.25%   5.9 4216s
 4184989 3770648 73472.4828  359   48 73294.0000 73479.7324  0.25%   5.9 4223s
 4187147 3772156 73304.6309  562   48 73294.0000 73479.7324  0.25%   5.9 4226s
 4188886 3773885 73472.4828  343   50 73294.0000 73479.7324  0.25%   5.9 4230s
 4192226 3776799 73478.1516  254   47 73294.0000 73479.7324  0.25%   5.9 4236s
 4194118 3778722 73477.2217  392   51 73294.0000 73479.7324  0.25%   5.9 4240s
 4197879 3781685 73476.4533  673   51 73294.0000 73479.7324  0.25%   5.9 4246s
 4199429 3783499 73446.9059  829   49 73294.0000 73479.7324  0.25%   5.9 4250s
 4203585 3786801 73477.8242  308   50 73294.0000 73479.7324  0.25%   5.9 4257s
 4205219 3788669 73477.2217  433   51 73294.0000 73479.7324  0.25%   5.9 4262s
 4207160 3790550 73477.2217  567   53 73294.0000 73479.7324  0.25%   5.9 4266s
 4209212 3792723 73398.8662  745   49 73294.0000 73479.7324  0.25%   5.9 4270s
 4211592 3794813 73375.2148  979   51 73294.0000 73479.7324  0.25%   5.9 4275s
 4215480 3798492 73479.7324  235   50 73294.0000 73479.7324  0.25%   5.9 4282s
 4217757 3800338 73477.2217  382   52 73294.0000 73479.7324  0.25%   5.9 4286s
 4219676 3802280 73477.2217  505   54 73294.0000 73479.7324  0.25%   5.9 4290s
 4223444 3806204 73389.4565  816   46 73294.0000 73479.7324  0.25%   5.9 4298s
 4225938 3807775 73352.1017 1045   51 73294.0000 73479.7324  0.25%   5.9 4302s
 4227729 3809560 73472.4828  281   47 73294.0000 73479.7324  0.25%   5.9 4305s
 4231219 3812256 73478.1516  246   50 73294.0000 73479.7324  0.25%   5.9 4312s
 4232838 3814112 73477.8543  361   54 73294.0000 73479.7324  0.25%   5.9 4315s
 4236883 3817659 73472.5848  387   48 73294.0000 73479.7324  0.25%   5.9 4323s
 4238576 3819514 73472.5848  483   49 73294.0000 73479.7324  0.25%   5.9 4327s
 4240569 3821308 73455.7993  632   49 73294.0000 73479.7324  0.25%   5.9 4331s
 4244587 3824387 73477.1212  346   44 73294.0000 73479.7324  0.25%   5.9 4338s
 4245788 3825973 73477.1212  470   49 73294.0000 73479.7324  0.25%   5.9 4341s
 4247632 3827964 73393.2462  619   54 73294.0000 73479.7324  0.25%   5.9 4345s
 4251809 3831181 73472.4828  265   48 73294.0000 73479.7324  0.25%   5.9 4353s
 4253455 3833044 73466.9034  401   50 73294.0000 73479.7324  0.25%   5.9 4357s
 4255529 3834873 73478.1482  271   48 73294.0000 73479.7324  0.25%   5.9 4361s
 4259327 3837735 73477.1212  558   49 73294.0000 73479.7324  0.25%   5.9 4368s
 4260606 3840063 73477.1212  667   50 73294.0000 73479.7324  0.25%   5.9 4373s
 4263133 3842221 73296.9091  808   49 73294.0000 73479.7324  0.25%   5.9 4378s
 4265566 3843850 73298.4461  418   45 73294.0000 73479.7324  0.25%   5.9 4382s
 4267236 3846042 73297.3488  598   48 73294.0000 73479.7324  0.25%   5.9 4387s
 4269587 3847491     cutoff  756      73294.0000 73479.7324  0.25%   5.9 4390s
 4273109 3850402 73477.2217  347   45 73294.0000 73479.7324  0.25%   5.9 4397s
 4274263 3852203 73476.4186  391   42 73294.0000 73479.7324  0.25%   5.9 4401s
 4276330 3854213 73461.1927  474   39 73294.0000 73479.7324  0.25%   5.9 4406s
 4280290 3857517 73406.8675  469   49 73294.0000 73479.7324  0.25%   5.9 4413s
 4282098 3859320 73405.0779  635   47 73294.0000 73479.7324  0.25%   5.9 4417s
 4284046 3861251 73323.9947  817   45 73294.0000 73479.7324  0.25%   5.9 4422s
 4286260 3862961 73478.1482  293   49 73294.0000 73479.7324  0.25%   5.9 4426s
 4288238 3864346 73440.3488  467   48 73294.0000 73479.7324  0.25%   5.9 4430s
 4291757 3867884     cutoff  855      73294.0000 73479.7324  0.25%   5.9 4438s
 4294047 3869336 73475.0345  321   55 73294.0000 73479.7324  0.25%   5.9 4442s
 4295554 3871029 73420.2091  425   50 73294.0000 73479.7324  0.25%   5.9 4446s
 4297290 3872965 73420.2091  544   50 73294.0000 73479.7324  0.25%   5.9 4450s
 4301315 3876923 73440.3488  408   46 73294.0000 73479.7324  0.25%   5.9 4458s
 4303418 3878303 73440.3488  562   46 73294.0000 73479.7324  0.25%   5.9 4461s
 4306238 3880714 73365.4901  802   48 73294.0000 73479.7324  0.25%   5.9 4467s
 4307630 3882759 73337.5418  965   47 73294.0000 73479.7324  0.25%   5.9 4471s
 4309950 3883821 73475.0345  255   48 73294.0000 73479.7324  0.25%   5.9 4475s
 4313382 3887545 73477.8242  259   45 73294.0000 73479.7324  0.25%   5.9 4484s
 4315414 3889201 73463.3953  427   47 73294.0000 73479.7324  0.25%   5.9 4487s
 4317109 3891046 73463.3953  561   48 73294.0000 73479.7324  0.25%   5.9 4491s
 4318973 3893053 73463.3953  732   48 73294.0000 73479.7324  0.25%   5.9 4496s
 4321135 3894497 73312.3247  926   50 73294.0000 73479.7324  0.25%   5.9 4500s
 4322803 3896244 73304.0649 1089   46 73294.0000 73479.7324  0.25%   5.9 4506s
 4324767 3898149 73461.4700  364   47 73294.0000 73479.7324  0.25%   5.9 4512s
 4326729 3900402 73394.8235  542   44 73294.0000 73479.7324  0.25%   5.9 4517s
 4329105 3902218 73390.0000  761   47 73294.0000 73479.7324  0.25%   5.9 4522s
 4331132 3904079 73478.1482  264   48 73294.0000 73479.7324  0.25%   5.9 4526s
 4333178 3905246 73477.1212  439   50 73294.0000 73479.7324  0.25%   5.9 4530s
 4334354 3908069 73477.1212  546   50 73294.0000 73479.7324  0.25%   5.9 4539s
 4337468 3909935 73477.1212  759   54 73294.0000 73479.7324  0.25%   5.9 4544s
 4339479 3911317     cutoff  850      73294.0000 73479.7324  0.25%   5.9 4549s
 4341118 3913253 73472.4828  332   48 73294.0000 73479.7324  0.25%   5.9 4554s
 4343402 3914818 73472.4828  510   45 73294.0000 73479.7324  0.25%   5.9 4559s
 4345110 3916440 73422.9663  567   43 73294.0000 73479.7324  0.25%   5.9 4563s
 4346905 3917491 73477.8167  296   54 73294.0000 73479.7324  0.25%   5.9 4569s
 4348035 3919592 73468.6471  348   46 73294.0000 73479.7324  0.25%   5.9 4574s
 4350206 3919603 73468.6471  509   48 73294.0000 73479.7324  0.25%   5.9 4578s
 4350218 3921445 73468.6471  510   48 73294.0000 73479.7324  0.25%   5.9 4583s
 4352242 3923141 73468.0390  659   49 73294.0000 73479.7324  0.25%   5.9 4587s
 4354032 3924674 73444.9837  799   47 73294.0000 73479.7324  0.25%   5.9 4591s
 4355645 3926688 73300.0265  927   50 73294.0000 73479.7324  0.25%   5.9 4597s
 4357965 3928654 73300.0265 1075   51 73294.0000 73479.7324  0.25%   5.9 4602s
 4360234 3930224 73475.0345  370   50 73294.0000 73479.7324  0.25%   5.9 4606s
 4361918 3931643 73475.0345  496   50 73294.0000 73479.7324  0.25%   5.9 4610s
 4364979 3935029 73475.0345  711   45 73294.0000 73479.7324  0.25%   5.9 4619s
 4367093 3936880 73475.0345  816   50 73294.0000 73479.7324  0.25%   5.9 4624s
 4369238 3938398 73474.2014  981   50 73294.0000 73479.7324  0.25%   5.9 4628s
 4370792 3940310 73473.0298 1076   52 73294.0000 73479.7324  0.25%   5.9 4633s
 4372849 3942108 73433.5336 1293   52 73294.0000 73479.7324  0.25%   5.9 4637s
 4374799 3943289 73415.1218 1515   47 73294.0000 73479.7324  0.25%   5.9 4640s
 4377913 3946937 73297.0805  512   38 73294.0000 73479.7324  0.25%   5.9 4649s
 4379961 3948592 73479.7324  246   50 73294.0000 73479.7324  0.25%   5.9 4653s
 4381800 3950254 73471.1946  420   48 73294.0000 73479.7324  0.25%   5.9 4658s
 4383713 3951254 73479.7324  250   50 73294.0000 73479.7324  0.25%   5.9 4662s
 4384840 3953136 73314.3380  350   47 73294.0000 73479.7324  0.25%   5.9 4666s
 4386960 3954860 73477.1212  317   52 73294.0000 73479.7324  0.25%   5.9 4671s
 4388760 3956165 73477.1212  461   53 73294.0000 73479.7324  0.25%   5.9 4676s
 4390174 3958518 73477.1212  551   51 73294.0000 73479.7324  0.25%   5.9 4682s
 4392673 3960508 73477.1212  715   53 73294.0000 73479.7324  0.25%   5.9 4687s
 4394826 3962549 73318.8849  889   55 73294.0000 73479.7324  0.25%   5.9 4692s
 4397130 3964382 73443.9535  360   47 73294.0000 73479.7324  0.25%   5.9 4697s
 4399237 3965875 73443.9535  589   49 73294.0000 73479.7324  0.25%   5.9 4700s
 4400798 3967890 73366.2621  772   48 73294.0000 73479.7324  0.25%   5.9 4706s
 4403042 3969563 73298.3473  985   43 73294.0000 73479.7324  0.25%   5.9 4710s
 4406922 3973080 73350.6512  595   45 73294.0000 73479.7324  0.25%   5.9 4719s
 4408529 3974992 73331.4040  692   50 73294.0000 73479.7324  0.25%   5.9 4724s
 4410662 3976991 73372.0000  366   49 73294.0000 73479.7324  0.25%   5.9 4729s
 4412789 3978796 73479.7324  240   51 73294.0000 73479.7324  0.25%   5.9 4735s
 4416698 3982158 73299.3179  598   40 73294.0000 73479.7324  0.25%   5.9 4744s
 4418603 3984210 73472.4828  388   44 73294.0000 73479.7324  0.25%   5.9 4750s
 4422582 3987417 73477.1212  356   47 73294.0000 73479.7324  0.25%   5.9 4759s
 4424155 3989506 73477.1212  475   47 73294.0000 73479.7324  0.25%   5.9 4763s
 4426321 3991406 73477.1212  652   47 73294.0000 73479.7324  0.25%   5.9 4768s
 4428335 3992942 73380.9470  834   44 73294.0000 73479.7324  0.25%   5.9 4773s
 4430084 3994570 73473.3288  275   49 73294.0000 73479.7324  0.25%   5.9 4777s
 4431815 3996563 73473.3288  411   50 73294.0000 73479.7324  0.25%   5.9 4781s
 4433912 3998121 infeasible  594      73294.0000 73479.7324  0.25%   5.9 4786s
 4435565 3999789 73472.4828  318   46 73294.0000 73479.7324  0.25%   5.9 4790s
 4437392 4001404 73472.4828  476   49 73294.0000 73479.7324  0.25%   5.9 4795s
 4439073 4003385 73317.3409  642   48 73294.0000 73479.7324  0.25%   5.9 4801s
 4441340 4005106 73472.4828  258   50 73294.0000 73479.7324  0.25%   5.9 4805s
 4445248 4008026 73405.7051  599   48 73294.0000 73479.7324  0.25%   5.9 4814s
 4446433 4010440 73358.6667  659   38 73294.0000 73479.7324  0.25%   5.9 4821s
 4449258 4012330 73300.4745  450   44 73294.0000 73479.7324  0.25%   5.9 4827s
 4451466 4013969 73477.8242  263   48 73294.0000 73479.7324  0.25%   5.9 4832s
 4453246 4016215 73467.0000  399   48 73294.0000 73479.7324  0.25%   5.9 4838s
 4455516 4017919 73462.1607  590   53 73294.0000 73479.7324  0.25%   5.9 4842s
 4457322 4019819 73352.5497  717   47 73294.0000 73479.7324  0.25%   5.9 4849s
 4459323 4020915 73297.8808  894   48 73294.0000 73479.7324  0.25%   5.9 4855s
 4460492 4022712 73297.8808 1004   47 73294.0000 73479.7324  0.25%   5.9 4860s
 4462554 4024922 73295.1788 1141   48 73294.0000 73479.7324  0.25%   5.9 4866s
 4464934 4026807 73477.2217  361   46 73294.0000 73479.7324  0.25%   5.9 4871s
 4467027 4028194 73476.4533  489   45 73294.0000 73479.7324  0.25%   5.9 4875s
 4468507 4029826 73476.4533  593   48 73294.0000 73479.7324  0.25%   5.9 4880s
 4470173 4031786 73336.1733  709   49 73294.0000 73479.7324  0.25%   5.9 4885s
 4474318 4035177 73474.5011  418   49 73294.0000 73479.7324  0.25%   5.9 4894s
 4475963 4036905 73474.5011  548   52 73294.0000 73479.7324  0.25%   5.9 4899s
 4477819 4038782 73474.5011  682   53 73294.0000 73479.7324  0.25%   5.9 4904s
 4479918 4040643 73474.1322  819   51 73294.0000 73479.7324  0.25%   5.9 4909s
 4481942 4042134 73330.8853  910   50 73294.0000 73479.7324  0.25%   5.9 4913s
 4483577 4044056 73449.2326 1006   47 73294.0000 73479.7324  0.25%   5.9 4919s
 4485717 4045469 73479.7324  248   48 73294.0000 73479.7324  0.25%   5.9 4922s
 4487387 4047221 73477.1212  375   46 73294.0000 73479.7324  0.25%   5.9 4927s
 4489161 4048784 73477.1212  514   47 73294.0000 73479.7324  0.25%   5.9 4932s
 4490842 4050622 73477.1212  652   49 73294.0000 73479.7324  0.25%   5.9 4937s
 4492794 4052635 73479.7324  234   48 73294.0000 73479.7324  0.25%   5.9 4943s
 4495017 4054533 73460.7361  380   47 73294.0000 73479.7324  0.25%   5.9 4948s
 4496995 4056089 73403.8775  522   46 73294.0000 73479.7324  0.25%   5.9 4953s
 4498733 4057775 73403.8775  641   50 73294.0000 73479.7324  0.25%   5.9 4958s
 4500617 4059841 73371.4215  769   50 73294.0000 73479.7324  0.25%   5.9 4963s
 4502768 4061696 73298.2602  966   51 73294.0000 73479.7324  0.25%   5.9 4969s
 4504960 4062769 73476.3795  330   50 73294.0000 73479.7324  0.25%   5.9 4972s
 4506179 4064676 73468.6471  405   47 73294.0000 73479.7324  0.25%   5.9 4977s
 4508107 4066573 73468.0390  571   46 73294.0000 73479.7324  0.25%   5.9 4982s
 4510107 4068387 73385.4186  730   48 73294.0000 73479.7324  0.25%   5.9 4986s
 4512011 4068398 73385.4186  879   45 73294.0000 73479.7324  0.25%   5.9 4992s
 4512023 4069880 73385.4186  880   45 73294.0000 73479.7324  0.25%   5.9 4997s
 4513679 4070243 73479.7324  249   49 73294.0000 73479.7324  0.25%   5.9 5000s
 4514053 4071353 73478.1482  278   52 73294.0000 73479.7324  0.25%   5.9 5006s
 4515305 4072651 73453.3201  384   53 73294.0000 73479.7324  0.25%   5.9 5012s
 4516648 4074959 73399.0023  499   49 73294.0000 73479.7324  0.25%   5.9 5019s
 4519158 4076899 73344.0537  758   49 73294.0000 73479.7324  0.25%   5.9 5025s
 4521259 4078740 73334.0000  986   48 73294.0000 73479.7324  0.25%   5.9 5030s
 4525300 4081628     cutoff 1371      73294.0000 73479.7324  0.25%   5.9 5038s
 4526618 4083171 73477.1212  254   45 73294.0000 73479.7324  0.25%   5.9 5042s
 4528186 4085161 73477.1051  302   47 73294.0000 73479.7324  0.25%   5.9 5048s
 4530379 4087079 73476.4186  371   47 73294.0000 73479.7324  0.25%   5.9 5053s
 4532458 4088803 73477.1212  264   49 73294.0000 73479.7324  0.25%   5.9 5058s
 4534331 4090281 73476.4186  402   47 73294.0000 73479.7324  0.25%   5.9 5063s
 4535955 4091811 73479.7324  247   53 73294.0000 73479.7324  0.25%   5.9 5068s
 4537641 4093558 73477.1212  372   51 73294.0000 73479.7324  0.25%   5.9 5073s
 4539470 4095209 73477.1212  517   48 73294.0000 73479.7324  0.25%   5.9 5077s
 4541242 4096755 73477.1212  653   48 73294.0000 73479.7324  0.25%   5.9 5083s
 4542873 4097784 73477.1212  761   52 73294.0000 73479.7324  0.25%   5.9 5088s
 4544154 4099596 73372.2360  862   48 73294.0000 73479.7324  0.25%   5.9 5094s
 4546372 4101688 73430.9655  275   45 73294.0000 73479.7324  0.25%   5.9 5101s
 4548860 4102940 73460.8966  255   47 73294.0000 73479.7324  0.25%   5.9 5107s
 4550279 4104931 73452.2069  285   43 73294.0000 73479.7324  0.25%   5.9 5115s
 4552469 4107071 73344.3799  326   33 73294.0000 73479.7324  0.25%   5.9 5123s
 4554852 4109071 73463.3793  359   48 73294.0000 73479.7324  0.25%   5.9 5129s
 4557125 4110401 73443.1034  545   42 73294.0000 73479.7324  0.25%   5.9 5135s
 4558754 4112216 73477.8242  266   49 73294.0000 73479.7324  0.25%   5.9 5140s
 4562511 4115759 73476.4533  545   51 73294.0000 73479.7324  0.25%   5.9 5149s
 4564462 4117057 73475.7452  695   49 73294.0000 73479.7324  0.25%   5.9 5154s
 4565863 4118943 73403.8775  803   52 73294.0000 73479.7324  0.25%   5.9 5159s
 4567930 4120687 73373.1021  973   48 73294.0000 73479.7324  0.25%   5.9 5163s
 4569777 4122365 73353.8293 1189   40 73294.0000 73479.7324  0.25%   5.9 5168s
 4571652 4123892 73477.1212  345   49 73294.0000 73479.7324  0.25%   5.9 5174s
 4573252 4125460 73479.7324  246   50 73294.0000 73479.7324  0.25%   5.9 5178s
 4575162 4127401 73470.3719  386   46 73294.0000 73479.7324  0.25%   5.9 5186s
 4577272 4129206 73456.4516  542   47 73294.0000 73479.7324  0.25%   5.9 5191s
 4579252 4130229 73472.4828  335   49 73294.0000 73479.7324  0.25%   5.9 5197s
 4580282 4132349 73395.9966  413   50 73294.0000 73479.7324  0.25%   5.9 5203s
 4582626 4134488 73477.1212  295   54 73294.0000 73479.7324  0.25%   5.9 5210s
 4584927 4136073 73465.0242  474   48 73294.0000 73479.7324  0.25%   6.0 5217s
 4586831 4137915 73472.4828  248   45 73294.0000 73479.7324  0.25%   6.0 5223s
 4588685 4139725 73459.0372  407   51 73294.0000 73479.7324  0.25%   6.0 5228s
 4590729 4141696 73299.1081  590   41 73294.0000 73479.7324  0.25%   6.0 5234s
 4592813 4143566 73443.9535  400   47 73294.0000 73479.7324  0.25%   6.0 5239s
 4594735 4145403 73400.8435  562   48 73294.0000 73479.7324  0.25%   6.0 5244s
 4596609 4147395 73332.6355  717   46 73294.0000 73479.7324  0.25%   6.0 5250s
 4598824 4149010 73373.8276  355   52 73294.0000 73479.7324  0.25%   6.0 5255s
 4602517 4151699 73477.8242  288   53 73294.0000 73479.7324  0.25%   6.0 5263s
 4603752 4153249 73478.1482  268   52 73294.0000 73479.7324  0.25%   6.0 5268s
 4605377 4155119 73412.2349  407   39 73294.0000 73479.7324  0.25%   6.0 5273s
 4607369 4156889 73479.7324  268   51 73294.0000 73479.7324  0.25%   6.0 5277s
 4609226 4158539 73443.9535  422   49 73294.0000 73479.7324  0.25%   6.0 5282s
 4610972 4160046 73379.9007  608   44 73294.0000 73479.7324  0.25%   6.0 5287s
 4612798 4161883 73321.2938  768   43 73294.0000 73479.7324  0.25%   6.0 5293s
 4614890 4163877 73477.8242  250   49 73294.0000 73479.7324  0.25%   6.0 5298s
 4616947 4165214 73477.2217  415   51 73294.0000 73479.7324  0.25%   6.0 5302s
 4618488 4167208 73476.4533  545   52 73294.0000 73479.7324  0.25%   6.0 5308s
 4620518 4168919 73476.4533  686   51 73294.0000 73479.7324  0.25%   6.0 5313s
 4622437 4170763 73476.4186  785   48 73294.0000 73479.7324  0.25%   6.0 5318s
 4624432 4172201 73399.0442  940   47 73294.0000 73479.7324  0.25%   6.0 5322s
 4625888 4173839 73396.5581 1025   49 73294.0000 73479.7324  0.25%   6.0 5327s
 4627691 4173851 73359.0627 1113   44 73294.0000 73479.7324  0.25%   6.0 5332s
 4627703 4175005 73358.7790 1114   44 73294.0000 73479.7324  0.25%   6.0 5338s
 4628965 4176528 73308.2857 1234   38 73294.0000 73479.7324  0.25%   6.0 5343s
 4630664 4178461 73473.8953  323   51 73294.0000 73479.7324  0.25%   6.0 5349s
 4632761 4179942 73394.7198  472   40 73294.0000 73479.7324  0.25%   6.0 5359s
 4634652 4181659 73477.8242  265   48 73294.0000 73479.7324  0.25%   6.0 5365s
 4636404 4183717 73467.0000  409   49 73294.0000 73479.7324  0.25%   6.0 5370s
 4638568 4185038 73467.0000  591   49 73294.0000 73479.7324  0.25%   6.0 5376s
 4640060 4186446 73308.0201  747   50 73294.0000 73479.7324  0.25%   6.0 5381s
 4641902 4188562 73470.8225  353   50 73294.0000 73479.7324  0.25%   6.0 5388s
 4644184 4190443 73392.3208  572   48 73294.0000 73479.7324  0.25%   6.0 5394s
 4646161 4192140 73381.3030  756   49 73294.0000 73479.7324  0.25%   6.0 5400s
 4648007 4193789 73335.0000  935   46 73294.0000 73479.7324  0.25%   6.0 5405s
 4649765 4195911 73335.0000 1079   44 73294.0000 73479.7324  0.25%   6.0 5412s
 4652040 4197923 73335.0000 1291   45 73294.0000 73479.7324  0.25%   6.0 5418s
 4654320 4199147 73306.2350 1461   40 73294.0000 73479.7324  0.25%   6.0 5423s
 4655649 4200871 73460.7361  276   46 73294.0000 73479.7324  0.25%   6.0 5428s
 4657595 4202701 73385.0188  438   45 73294.0000 73479.7324  0.25%   6.0 5433s
 4659602 4204529 73353.7514  657   44 73294.0000 73479.7324  0.25%   6.0 5438s
 4661437 4205947 73338.9970  846   41 73294.0000 73479.7324  0.25%   6.0 5442s
 4663033 4207931 73325.9535  960   41 73294.0000 73479.7324  0.25%   6.0 5448s
 4665184 4209379 73479.7324  250   51 73294.0000 73479.7324  0.25%   6.0 5453s
 4666782 4210406 73463.5168  386   49 73294.0000 73479.7324  0.25%   6.0 5458s
 4668059 4211852 73319.5272  492   48 73294.0000 73479.7324  0.25%   6.0 5462s
 4669610 4214052 73477.2217  288   48 73294.0000 73479.7324  0.25%   6.0 5469s
 4671971 4215783 73476.4533  463   48 73294.0000 73479.7324  0.25%   6.0 5475s
 4673888 4217541 73476.4533  601   46 73294.0000 73479.7324  0.25%   6.0 5480s
 4675971 4218624 73322.1761  758   45 73294.0000 73479.7324  0.25%   6.0 5485s
 4677087 4220663 73303.0427  896   41 73294.0000 73479.7324  0.25%   6.0 5491s
 4679265 4222232 73479.6720  253   52 73294.0000 73479.7324  0.25%   6.0 5496s
 4681098 4224258 73472.5586  283   48 73294.0000 73479.7324  0.25%   6.0 5502s
 4683283 4225440 73426.8389  334   50 73294.0000 73479.7324  0.25%   6.0 5507s
 4684686 4227080 73468.6471  335   48 73294.0000 73479.7324  0.25%   6.0 5511s
 4686429 4229065 73468.0531  389   51 73294.0000 73479.7324  0.25%   6.0 5517s
 4688479 4230968 73452.9547  459   44 73294.0000 73479.7324  0.25%   6.0 5522s
 4690496 4232220 73472.4828  302   46 73294.0000 73479.7324  0.25%   6.0 5527s
 4691798 4234449 73428.0690  440   40 73294.0000 73479.7324  0.25%   6.0 5535s
 4694337 4236286 73477.1051  324   48 73294.0000 73479.7324  0.25%   6.0 5543s
 4696504 4238077 73477.1051  498   41 73294.0000 73479.7324  0.25%   6.0 5549s
 4698516 4239692 73479.7324  254   46 73294.0000 73479.7324  0.25%   6.0 5555s
 4700294 4241448 73477.1212  399   49 73294.0000 73479.7324  0.25%   6.0 5560s
 4702147 4243652 73477.1212  542   52 73294.0000 73479.7324  0.25%   6.0 5565s
 4704352 4245547 73477.1212  694   52 73294.0000 73479.7324  0.25%   6.0 5571s
 4706313 4247211 73474.8530  818   50 73294.0000 73479.7324  0.25%   6.0 5577s
 4708102 4248851 73452.5556  914   47 73294.0000 73479.7324  0.25%   6.0 5582s
 4710033 4250289 73477.1051  265   48 73294.0000 73479.7324  0.25%   6.0 5586s
 4711596 4252238 73476.3498  327   45 73294.0000 73479.7324  0.25%   6.0 5592s
 4713721 4253800 73476.2607  404   50 73294.0000 73479.7324  0.25%   6.0 5597s
 4715377 4256041     cutoff  470      73294.0000 73479.7324  0.25%   6.0 5603s
 4717733 4257713 73466.9302  403   47 73294.0000 73479.7324  0.25%   6.0 5609s
 4719529 4259887 73400.2989  552   50 73294.0000 73479.7324  0.25%   6.0 5615s
 4721872 4261766 73472.4828  271   47 73294.0000 73479.7324  0.25%   6.0 5621s
 4723901 4263470 73379.9197  411   51 73294.0000 73479.7324  0.25%   6.0 5627s
 4726168 4265725 73478.1482  269   46 73294.0000 73479.7324  0.25%   6.0 5634s
 4728374 4267680 73419.8053  437   50 73294.0000 73479.7324  0.25%   6.0 5640s
 4730515 4269163 73379.9007  618   47 73294.0000 73479.7324  0.25%   6.0 5645s
 4732011 4271180 73472.4828  278   50 73294.0000 73479.7324  0.25%   6.0 5651s
 4734148 4272772 73444.5117  426   47 73294.0000 73479.7324  0.25%   6.0 5655s
 4735976 4274655 73329.4096  592   44 73294.0000 73479.7324  0.25%   6.0 5661s
 4737979 4276085 73319.4982  772   47 73294.0000 73479.7324  0.25%   6.0 5665s
 4739487 4277859 73478.1516  243   49 73294.0000 73479.7324  0.25%   6.0 5670s
 4743037 4281035 73477.0112  364   43 73294.0000 73479.7324  0.25%   6.0 5679s
 4744912 4282423 73477.8242  271   48 73294.0000 73479.7324  0.25%   6.0 5684s
 4746395 4284360 73450.6160  400   52 73294.0000 73479.7324  0.25%   6.0 5689s
 4748442 4285872 73338.2488  592   48 73294.0000 73479.7324  0.25%   6.0 5694s
 4750075 4287699 73337.3803  735   48 73294.0000 73479.7324  0.25%   6.0 5700s
 4752091 4289170 73337.3803  916   49 73294.0000 73479.7324  0.25%   6.0 5706s
 4753637 4290726 73301.0000 1056   47 73294.0000 73479.7324  0.25%   6.0 5711s
 4755484 4292695 73477.8242  252   47 73294.0000 73479.7324  0.25%   6.0 5717s
 4757597 4294639 73472.4828  258   47 73294.0000 73479.7324  0.25%   6.0 5722s
 4759799 4296090 73366.2894  433   45 73294.0000 73479.7324  0.25%   6.0 5727s
 4761391 4297845 73299.3539  589   38 73294.0000 73479.7324  0.25%   6.0 5732s
 4763227 4300068 73472.4828  336   48 73294.0000 73479.7324  0.25%   6.0 5739s
 4765531 4301617 73363.2228  521   50 73294.0000 73479.7324  0.25%   6.0 5745s
 4767422 4303185 73363.2228  698   49 73294.0000 73479.7324  0.25%   6.0 5750s
 4769136 4305137 73350.3989  849   41 73294.0000 73479.7324  0.25%   6.0 5756s
 4771219 4306885 73457.7931  357   47 73294.0000 73479.7324  0.25%   6.0 5761s
 4773134 4308697 73407.9901  498   51 73294.0000 73479.7324  0.25%   6.0 5766s
 4775172 4310147 73477.1051  285   49 73294.0000 73479.7324  0.25%   6.0 5771s
 4776698 4312002 73316.0000  413   50 73294.0000 73479.7324  0.25%   6.0 5776s
 4778819 4313497 infeasible  611      73294.0000 73479.7324  0.25%   6.0 5781s
 4780463 4314701 73477.2217  330   48 73294.0000 73479.7324  0.25%   6.0 5787s
 4781682 4316391 73477.2217  417   53 73294.0000 73479.7324  0.25%   6.0 5792s
 4783518 4318194 73443.9535  560   49 73294.0000 73479.7324  0.25%   6.0 5798s
 4785583 4319919     cutoff  760      73294.0000 73479.7324  0.25%   6.0 5803s
 4787469 4321668 73467.2924  368   50 73294.0000 73479.7324  0.25%   6.0 5809s
 4789519 4322563 73331.0000  553   32 73294.0000 73479.7324  0.25%   6.0 5813s
 4790521 4324532 73331.0000  584   40 73294.0000 73479.7324  0.25%   6.0 5819s
 4792549 4326589 73470.2393  371   46 73294.0000 73479.7324  0.25%   6.0 5824s
 4794642 4328399 73466.9302  531   46 73294.0000 73479.7324  0.25%   6.0 5830s
 4796559 4329894 73393.5714  701   49 73294.0000 73479.7324  0.25%   6.0 5835s
 4798236 4331530 73393.5714  868   53 73294.0000 73479.7324  0.25%   6.0 5840s
 4800152 4333354 73393.5714 1036   51 73294.0000 73479.7324  0.25%   6.0 5846s
 4802146 4335036 73477.8242  283   47 73294.0000 73479.7324  0.25%   6.0 5852s
 4803935 4336870 73477.2217  421   50 73294.0000 73479.7324  0.25%   6.0 5858s
 4805889 4338941 73476.4533  574   50 73294.0000 73479.7324  0.25%   6.0 5864s
 4808053 4340858 73443.0872  719   48 73294.0000 73479.7324  0.25%   6.0 5869s
 4810221 4342293 73478.1516  259   45 73294.0000 73479.7324  0.25%   6.0 5874s
 4811952 4343810 73370.6510  400   45 73294.0000 73479.7324  0.25%   6.0 5879s
 4813595 4345582     cutoff  537      73294.0000 73479.7324  0.25%   6.0 5884s
 4815394 4347713 73462.3211  345   49 73294.0000 73479.7324  0.25%   6.0 5890s
