
Gurobi 9.1.2 (win64, Java) logging started Fri Nov  5 12:00:27 2021

Academic license - for non-commercial use only - expires 2022-10-30
Gurobi Optimizer version 9.1.2 build v9.1.2rc0 (win64)
Thread count: 6 physical cores, 12 logical processors, using up to 12 threads
Optimize a model with 50 rows, 400 columns and 800 nonzeros
Model fingerprint: 0x851c68f4
Variable types: 0 continuous, 400 integer (400 binary)
Coefficient statistics:
  Matrix range     [1e+00, 1e+03]
  Objective range  [3e+01, 1e+03]
  Bounds range     [1e+00, 1e+00]
  RHS range        [1e+00, 2e+03]
Found heuristic solution: objective 13952.000000
Presolve removed 0 rows and 66 columns
Presolve time: 0.00s
Presolved: 50 rows, 334 columns, 668 nonzeros
Variable types: 0 continuous, 334 integer (334 binary)
Presolved: 50 rows, 334 columns, 668 nonzeros


Root relaxation: objective 1.653447e+04, 110 iterations, 0.00 seconds

    Nodes    |    Current Node    |     Objective Bounds      |     Work
 Expl Unexpl |  Obj  Depth IntInf | Incumbent    BestBd   Gap | It/Node Time

     0     0 16534.4740    0   15 13952.0000 16534.4740  18.5%     -    0s
H    0     0                    15250.000000 16534.4740  8.42%     -    0s
H    0     0                    15720.000000 16534.4740  5.18%     -    0s
H    0     0                    15874.000000 16534.4740  4.16%     -    0s
     0     0 16534.4740    0   28 15874.0000 16534.4740  4.16%     -    0s
H    0     0                    16019.000000 16534.4740  3.22%     -    0s
     0     0 16534.4740    0   30 16019.0000 16534.4740  3.22%     -    0s
H    0     0                    16259.000000 16534.4740  1.69%     -    0s
     0     0 16526.0000    0   25 16259.0000 16526.0000  1.64%     -    0s
     0     0 16526.0000    0   18 16259.0000 16526.0000  1.64%     -    0s
     0     0 16526.0000    0   18 16259.0000 16526.0000  1.64%     -    0s
     0     0 16526.0000    0   23 16259.0000 16526.0000  1.64%     -    0s
     0     0 16526.0000    0   26 16259.0000 16526.0000  1.64%     -    0s
     0     0 16526.0000    0   19 16259.0000 16526.0000  1.64%     -    0s
     0     0 16526.0000    0   14 16259.0000 16526.0000  1.64%     -    0s
     0     0 16526.0000    0   21 16259.0000 16526.0000  1.64%     -    0s
     0     0 16526.0000    0   26 16259.0000 16526.0000  1.64%     -    0s
     0     0 16526.0000    0   16 16259.0000 16526.0000  1.64%     -    0s
     0     2 16526.0000    0   15 16259.0000 16526.0000  1.64%     -    0s
H  635   425                    16420.000000 16526.0000  0.65%  14.1    0s
 10320  5390 16526.0000   20   65 16420.0000 16526.0000  0.65%  35.4    5s
 13056  6276 16526.0000   25   76 16420.0000 16526.0000  0.65%  37.5   10s
 18705  9118 16489.7897   29   51 16420.0000 16526.0000  0.65%  44.4   16s
 20632  9761 16481.5356   32   47 16420.0000 16526.0000  0.65%  47.2   20s
 26751 11989 16484.0839   31   56 16420.0000 16526.0000  0.65%  52.1   25s
 28983 12892 16510.0151   22   46 16420.0000 16526.0000  0.65%  53.3   30s
 34254 13963     cutoff   29      16420.0000 16526.0000  0.65%  56.3   35s
 37200 14354 16496.7694   30   19 16420.0000 16525.8195  0.64%  58.6   41s
 39234 15598 16481.4683   49   50 16420.0000 16525.8195  0.64%  57.5   45s
 46748 16718 16447.8771   32   61 16420.0000 16525.8195  0.64%  54.7   50s
 54565 17364 16520.4200   35   68 16420.0000 16525.8195  0.64%  54.1   55s
 61193 18153     cutoff   53      16420.0000 16525.8195  0.64%  54.6   61s
 66854 19110 16507.3217   36   78 16420.0000 16525.8195  0.64%  54.3   65s
 76327 18738 16463.2475   35   76 16420.0000 16524.5530  0.64%  52.3   70s
 83142 19581 16435.9642   50   45 16420.0000 16523.6165  0.63%  51.1   75s
 87683 20577     cutoff   40      16420.0000 16522.8727  0.63%  50.5   81s
 91343 21717 16483.8331   30   66 16420.0000 16522.3361  0.62%  50.1   85s
 100744 23897 16481.1213   40   80 16420.0000 16520.5574  0.61%  49.4   90s
 111992 26199 16485.1699   40   78 16420.0000 16518.3305  0.60%  48.9   95s
 122519 28179 16460.7762   39   57 16420.0000 16516.1485  0.59%  48.5  100s
 131899 29518 16425.5410   37   57 16420.0000 16513.8536  0.57%  48.3  105s
 139459 30437 16434.7464   50   60 16420.0000 16512.2009  0.56%  48.1  110s
 146712 31173 16492.8819   44   74 16420.0000 16510.4496  0.55%  48.0  115s
 153354 31356 16452.4269   43   48 16420.0000 16508.8280  0.54%  48.0  120s
 160404 31273 16466.7168   36   61 16420.0000 16506.9688  0.53%  47.9  125s
 167465 30988     cutoff   38      16420.0000 16505.0737  0.52%  47.9  130s
 176663 30570 16441.8800   42   71 16420.0000 16502.5672  0.50%  47.7  135s
 186041 29976 16429.8083   31   35 16420.0000 16499.8575  0.49%  47.6  140s
 195877 29016 16436.2278   32   33 16420.0000 16496.7975  0.47%  47.5  145s
 205294 27927     cutoff   38      16420.0000 16493.8404  0.45%  47.3  150s
 216069 26459 16446.0676   42   60 16420.0000 16490.1928  0.43%  47.1  155s
 227104 24767     cutoff   47      16420.0000 16486.4501  0.40%  47.0  161s
 236692 22876 16428.7434   33   44 16420.0000 16482.8868  0.38%  46.8  165s
 248359 20215 16437.0000   39    1 16420.0000 16478.0875  0.35%  46.5  170s
 258758 16975     cutoff   49      16420.0000 16472.5673  0.32%  46.2  175s
 271348 12461 infeasible   37      16420.0000 16464.2634  0.27%  45.8  180s
 282672  6381 infeasible   41      16420.0000 16451.8546  0.19%  45.3  185s

Cutting planes:
  Gomory: 26
  Cover: 942
  Clique: 8
  MIR: 162
  StrongCG: 124
  Flow cover: 32
  Zero half: 9
  RLT: 1

Explored 294639 nodes (13210467 simplex iterations) in 189.47 seconds
Thread count was 12 (of 12 available processors)

Solution count 7: 16420 16259 16019 ... 13952

Optimal solution found (tolerance 1.00e-04)
Best objective 1.642000000000e+04, best bound 1.642000000000e+04, gap 0.0000%

Gurobi 9.1.2 (win64, Java) logging started Wed Nov 10 17:56:49 2021

Academic license - for non-commercial use only - expires 2022-10-30
Gurobi Optimizer version 9.1.2 build v9.1.2rc0 (win64)
Thread count: 6 physical cores, 12 logical processors, using up to 12 threads
Optimize a model with 50 rows, 400 columns and 800 nonzeros
Model fingerprint: 0x851c68f4
Variable types: 0 continuous, 400 integer (400 binary)
Coefficient statistics:
  Matrix range     [1e+00, 1e+03]
  Objective range  [3e+01, 1e+03]
  Bounds range     [1e+00, 1e+00]
  RHS range        [1e+00, 2e+03]
Found heuristic solution: objective 13952.000000
Presolve removed 0 rows and 66 columns
Presolve time: 0.00s
Presolved: 50 rows, 334 columns, 668 nonzeros
Variable types: 0 continuous, 334 integer (334 binary)
Presolved: 50 rows, 334 columns, 668 nonzeros


Root relaxation: objective 1.653447e+04, 110 iterations, 0.00 seconds

    Nodes    |    Current Node    |     Objective Bounds      |     Work
 Expl Unexpl |  Obj  Depth IntInf | Incumbent    BestBd   Gap | It/Node Time

     0     0 16534.4740    0   15 13952.0000 16534.4740  18.5%     -    0s
H    0     0                    15250.000000 16534.4740  8.42%     -    0s
H    0     0                    15720.000000 16534.4740  5.18%     -    0s
H    0     0                    15874.000000 16534.4740  4.16%     -    0s
     0     0 16534.4740    0   28 15874.0000 16534.4740  4.16%     -    0s
H    0     0                    16019.000000 16534.4740  3.22%     -    0s
     0     0 16534.4740    0   30 16019.0000 16534.4740  3.22%     -    0s
H    0     0                    16259.000000 16534.4740  1.69%     -    0s
     0     0 16526.0000    0   25 16259.0000 16526.0000  1.64%     -    0s
     0     0 16526.0000    0   18 16259.0000 16526.0000  1.64%     -    0s
     0     0 16526.0000    0   18 16259.0000 16526.0000  1.64%     -    0s
     0     0 16526.0000    0   23 16259.0000 16526.0000  1.64%     -    0s
H    0     0                    16390.000000 16526.0000  0.83%     -    0s
     0     0 16526.0000    0   24 16390.0000 16526.0000  0.83%     -    0s
     0     0 16526.0000    0   20 16390.0000 16526.0000  0.83%     -    0s
     0     0 16526.0000    0   16 16390.0000 16526.0000  0.83%     -    0s
     0     0 16526.0000    0   26 16390.0000 16526.0000  0.83%     -    0s
     0     0 16526.0000    0   25 16390.0000 16526.0000  0.83%     -    0s
     0     0 16526.0000    0   27 16390.0000 16526.0000  0.83%     -    0s
     0     0 16526.0000    0   18 16390.0000 16526.0000  0.83%     -    0s
     0     2 16526.0000    0   18 16390.0000 16526.0000  0.83%     -    0s
H  141   277                    16420.000000 16526.0000  0.65%  23.2    0s
  8133  2922 16483.1911   34   69 16420.0000 16526.0000  0.65%  34.8    5s
 11096  4326 16525.9540   29   73 16420.0000 16526.0000  0.65%  38.5   10s
 14828  5752     cutoff   27      16420.0000 16526.0000  0.65%  42.6   15s
 17169  6715 16525.3585   26   84 16420.0000 16526.0000  0.65%  44.8   20s
 20140  7951 16462.7467   35   63 16420.0000 16526.0000  0.65%  48.3   25s
 24392  9301 16460.0484   27   76 16420.0000 16526.0000  0.65%  53.3   31s
 26017  9518 16456.4512   34   57 16420.0000 16526.0000  0.65%  54.6   36s
 30987 11693 16430.1714   36   56 16420.0000 16526.0000  0.65%  56.6   41s

Gurobi 9.1.2 (win64, Java) logging started Wed Nov 10 17:57:52 2021

Academic license - for non-commercial use only - expires 2022-10-30
Gurobi Optimizer version 9.1.2 build v9.1.2rc0 (win64)
Thread count: 6 physical cores, 12 logical processors, using up to 12 threads
Optimize a model with 50 rows, 400 columns and 800 nonzeros
Model fingerprint: 0x851c68f4
Variable types: 0 continuous, 400 integer (400 binary)
Coefficient statistics:
  Matrix range     [1e+00, 1e+03]
  Objective range  [3e+01, 1e+03]
  Bounds range     [1e+00, 1e+00]
  RHS range        [1e+00, 2e+03]
Found heuristic solution: objective 13952.000000
Presolve removed 0 rows and 66 columns
Presolve time: 0.00s
Presolved: 50 rows, 334 columns, 668 nonzeros
Variable types: 0 continuous, 334 integer (334 binary)
Presolved: 50 rows, 334 columns, 668 nonzeros


Root relaxation: objective 1.653447e+04, 110 iterations, 0.00 seconds

    Nodes    |    Current Node    |     Objective Bounds      |     Work
 Expl Unexpl |  Obj  Depth IntInf | Incumbent    BestBd   Gap | It/Node Time

     0     0 16534.4740    0   15 13952.0000 16534.4740  18.5%     -    0s
H    0     0                    15250.000000 16534.4740  8.42%     -    0s
H    0     0                    15720.000000 16534.4740  5.18%     -    0s
H    0     0                    15874.000000 16534.4740  4.16%     -    0s
     0     0 16534.4740    0   28 15874.0000 16534.4740  4.16%     -    0s
H    0     0                    16019.000000 16534.4740  3.22%     -    0s
     0     0 16534.4740    0   30 16019.0000 16534.4740  3.22%     -    0s
H    0     0                    16259.000000 16534.4740  1.69%     -    0s
     0     0 16526.0000    0   25 16259.0000 16526.0000  1.64%     -    0s
     0     0 16526.0000    0   18 16259.0000 16526.0000  1.64%     -    0s
     0     0 16526.0000    0   18 16259.0000 16526.0000  1.64%     -    0s
     0     0 16526.0000    0   23 16259.0000 16526.0000  1.64%     -    0s
H    0     0                    16390.000000 16526.0000  0.83%     -    0s
     0     0 16526.0000    0   24 16390.0000 16526.0000  0.83%     -    0s
     0     0 16526.0000    0   20 16390.0000 16526.0000  0.83%     -    0s
     0     0 16526.0000    0   16 16390.0000 16526.0000  0.83%     -    0s
     0     0 16526.0000    0   26 16390.0000 16526.0000  0.83%     -    0s
     0     0 16526.0000    0   25 16390.0000 16526.0000  0.83%     -    0s
     0     0 16526.0000    0   27 16390.0000 16526.0000  0.83%     -    0s
     0     0 16526.0000    0   18 16390.0000 16526.0000  0.83%     -    0s
     0     2 16526.0000    0   18 16390.0000 16526.0000  0.83%     -    0s
H  141   277                    16420.000000 16526.0000  0.65%  23.2    0s
 10015  3920 16521.6675   28   71 16420.0000 16526.0000  0.65%  36.6    5s
 15501  5986 16515.0868   28   58 16420.0000 16526.0000  0.65%  43.3   10s
 19178  7467 infeasible   37      16420.0000 16526.0000  0.65%  47.2   16s
 21838  8563 16520.6089   32   81 16420.0000 16526.0000  0.65%  51.5   20s
 26017  9518 16456.4512   34   57 16420.0000 16526.0000  0.65%  54.6   26s
 28802 11204 16431.8462   40   35 16420.0000 16526.0000  0.65%  55.8   30s
 33148 11982 16462.4464   34   66 16420.0000 16525.8639  0.64%  57.3   35s
 36693 12322 16515.1429   29   49 16420.0000 16525.6288  0.64%  59.9   40s
 40547 12702 16478.5288   44   53 16420.0000 16525.6288  0.64%  60.0   45s
 45307 12619 infeasible   33      16420.0000 16525.6288  0.64%  60.9   50s
 53095 11234     cutoff   38      16420.0000 16521.3838  0.62%  60.6   55s
 61847  9861     cutoff   41      16420.0000 16512.4479  0.56%  59.1   60s
 71334  6771 16454.8208   34   42 16420.0000 16498.9182  0.48%  56.9   65s
 82266  3141     cutoff   41      16420.0000 16471.4942  0.31%  53.8   70s

Cutting planes:
  Gomory: 25
  Cover: 664
  Clique: 14
  MIR: 125
  StrongCG: 106
  Flow cover: 39
  Inf proof: 2
  Zero half: 11
  RLT: 2

Explored 91907 nodes (4753009 simplex iterations) in 73.82 seconds
Thread count was 12 (of 12 available processors)

Solution count 8: 16420 16390 16259 ... 13952

Optimal solution found (tolerance 1.00e-12)
Best objective 1.642000000000e+04, best bound 1.642000000000e+04, gap 0.0000%
