
Gurobi 9.1.2 (win64, Java) logging started Fri Nov  5 12:03:37 2021

Academic license - for non-commercial use only - expires 2022-10-30
Gurobi Optimizer version 9.1.2 build v9.1.2rc0 (win64)
Thread count: 6 physical cores, 12 logical processors, using up to 12 threads
Optimize a model with 50 rows, 400 columns and 800 nonzeros
Model fingerprint: 0xa7f32496
Variable types: 0 continuous, 400 integer (400 binary)
Coefficient statistics:
  Matrix range     [1e+00, 1e+03]
  Objective range  [6e+01, 1e+03]
  Bounds range     [1e+00, 1e+00]
  RHS range        [1e+00, 2e+03]
Found heuristic solution: objective 14427.000000
Presolve removed 0 rows and 103 columns
Presolve time: 0.00s
Presolved: 50 rows, 297 columns, 594 nonzeros
Variable types: 0 continuous, 297 integer (297 binary)
Presolved: 50 rows, 297 columns, 594 nonzeros


Root relaxation: objective 1.738449e+04, 90 iterations, 0.00 seconds

    Nodes    |    Current Node    |     Objective Bounds      |     Work
 Expl Unexpl |  Obj  Depth IntInf | Incumbent    BestBd   Gap | It/Node Time

     0     0 17384.4913    0   10 14427.0000 17384.4913  20.5%     -    0s
H    0     0                    16811.000000 17384.4913  3.41%     -    0s
     0     0 17365.6014    0   15 16811.0000 17365.6014  3.30%     -    0s
H    0     0                    16943.000000 17365.6014  2.49%     -    0s
H    0     0                    16954.000000 17365.6014  2.43%     -    0s
H    0     0                    17071.000000 17365.6014  1.73%     -    0s
H    0     0                    17151.000000 17365.6014  1.25%     -    0s
     0     0 17365.6014    0   18 17151.0000 17365.6014  1.25%     -    0s
     0     0 17365.6014    0   23 17151.0000 17365.6014  1.25%     -    0s
     0     0 17365.6014    0   13 17151.0000 17365.6014  1.25%     -    0s
     0     0 17365.6014    0   13 17151.0000 17365.6014  1.25%     -    0s
     0     0 17365.6014    0   20 17151.0000 17365.6014  1.25%     -    0s
     0     0 17365.6014    0   24 17151.0000 17365.6014  1.25%     -    0s
     0     0 17365.6014    0   20 17151.0000 17365.6014  1.25%     -    0s
     0     0 17365.6014    0   22 17151.0000 17365.6014  1.25%     -    0s
     0     0 17365.6014    0   13 17151.0000 17365.6014  1.25%     -    0s
     0     0 17365.6014    0   14 17151.0000 17365.6014  1.25%     -    0s
     0     0 17365.6014    0   13 17151.0000 17365.6014  1.25%     -    0s
     0     2 17365.6014    0   13 17151.0000 17365.6014  1.25%     -    0s
H  158   157                    17224.000000 17365.0127  0.82%   6.2    0s
H 2308  1141                    17292.000000 17364.2240  0.42%  10.6    0s
 32040  8112 17347.9767   52   20 17292.0000 17359.3096  0.39%  19.4    5s
 54509 11678 17336.2397   55   32 17292.0000 17337.3417  0.26%  20.8   10s
 81264 20138 17322.3271   61   25 17292.0000 17336.3549  0.26%  25.9   15s
 112996 28383 17321.2495   49   20 17292.0000 17321.2495  0.17%  25.8   20s

Cutting planes:
  Gomory: 5
  Cover: 14
  Clique: 1
  MIR: 11
  StrongCG: 7
  Flow cover: 4
  Zero half: 2
  RLT: 1

Explored 113760 nodes (2927397 simplex iterations) in 20.22 seconds
Thread count was 12 (of 12 available processors)

Solution count 8: 17292 17224 17151 ... 14427

Optimal solution found (tolerance 1.00e-04)
Best objective 1.729200000000e+04, best bound 1.729200000000e+04, gap 0.0000%

Gurobi 9.1.2 (win64, Java) logging started Wed Nov 10 17:59:07 2021

Academic license - for non-commercial use only - expires 2022-10-30
Gurobi Optimizer version 9.1.2 build v9.1.2rc0 (win64)
Thread count: 6 physical cores, 12 logical processors, using up to 12 threads
Optimize a model with 50 rows, 400 columns and 800 nonzeros
Model fingerprint: 0xa7f32496
Variable types: 0 continuous, 400 integer (400 binary)
Coefficient statistics:
  Matrix range     [1e+00, 1e+03]
  Objective range  [6e+01, 1e+03]
  Bounds range     [1e+00, 1e+00]
  RHS range        [1e+00, 2e+03]
Found heuristic solution: objective 14427.000000
Presolve removed 0 rows and 103 columns
Presolve time: 0.00s
Presolved: 50 rows, 297 columns, 594 nonzeros
Variable types: 0 continuous, 297 integer (297 binary)
Presolved: 50 rows, 297 columns, 594 nonzeros


Root relaxation: objective 1.738449e+04, 90 iterations, 0.00 seconds

    Nodes    |    Current Node    |     Objective Bounds      |     Work
 Expl Unexpl |  Obj  Depth IntInf | Incumbent    BestBd   Gap | It/Node Time

     0     0 17384.4913    0   10 14427.0000 17384.4913  20.5%     -    0s
H    0     0                    16811.000000 17384.4913  3.41%     -    0s
     0     0 17365.6014    0   15 16811.0000 17365.6014  3.30%     -    0s
H    0     0                    16943.000000 17365.6014  2.49%     -    0s
H    0     0                    16954.000000 17365.6014  2.43%     -    0s
H    0     0                    17071.000000 17365.6014  1.73%     -    0s
H    0     0                    17151.000000 17365.6014  1.25%     -    0s
     0     0 17365.6014    0   18 17151.0000 17365.6014  1.25%     -    0s
     0     0 17365.6014    0   23 17151.0000 17365.6014  1.25%     -    0s
     0     0 17365.6014    0   13 17151.0000 17365.6014  1.25%     -    0s
     0     0 17365.6014    0   13 17151.0000 17365.6014  1.25%     -    0s
     0     0 17365.6014    0   20 17151.0000 17365.6014  1.25%     -    0s
     0     0 17365.6014    0   24 17151.0000 17365.6014  1.25%     -    0s
     0     0 17365.6014    0   20 17151.0000 17365.6014  1.25%     -    0s
     0     0 17365.6014    0   22 17151.0000 17365.6014  1.25%     -    0s
     0     0 17365.6014    0   13 17151.0000 17365.6014  1.25%     -    0s
     0     0 17365.6014    0   14 17151.0000 17365.6014  1.25%     -    0s
     0     0 17365.6014    0   13 17151.0000 17365.6014  1.25%     -    0s
     0     2 17365.6014    0   13 17151.0000 17365.6014  1.25%     -    0s
H  158   157                    17224.000000 17365.0127  0.82%   6.2    0s
H 2308  1141                    17292.000000 17364.2240  0.42%  10.6    0s
 26695  7093     cutoff   58      17292.0000 17362.6989  0.41%  19.0    5s
 49625 11257 17336.2584   47   21 17292.0000 17337.3417  0.26%  19.5   10s
 71016 16350 17304.0504   77   21 17292.0000 17336.5833  0.26%  24.8   15s
 105844 27183     cutoff   61      17292.0000 17336.3549  0.26%  26.0   20s

Cutting planes:
  Gomory: 5
  Cover: 14
  Clique: 1
  MIR: 11
  StrongCG: 7
  Flow cover: 4
  Zero half: 2
  RLT: 1

Explored 113760 nodes (2927397 simplex iterations) in 22.23 seconds
Thread count was 12 (of 12 available processors)

Solution count 8: 17292 17224 17151 ... 14427

Optimal solution found (tolerance 1.00e-12)
Best objective 1.729200000000e+04, best bound 1.729200000000e+04, gap 0.0000%
