
Gurobi 9.1.2 (win64, Java) logging started Fri Nov  5 12:03:57 2021

Academic license - for non-commercial use only - expires 2022-10-30
Gurobi Optimizer version 9.1.2 build v9.1.2rc0 (win64)
Thread count: 6 physical cores, 12 logical processors, using up to 12 threads
Optimize a model with 50 rows, 400 columns and 800 nonzeros
Model fingerprint: 0x726aabae
Variable types: 0 continuous, 400 integer (400 binary)
Coefficient statistics:
  Matrix range     [1e+00, 1e+03]
  Objective range  [4e+01, 1e+03]
  Bounds range     [1e+00, 1e+00]
  RHS range        [1e+00, 2e+03]
Found heuristic solution: objective 13109.000000
Presolve removed 1 rows and 113 columns
Presolve time: 0.00s
Presolved: 49 rows, 287 columns, 574 nonzeros
Variable types: 0 continuous, 287 integer (287 binary)
Presolved: 49 rows, 287 columns, 574 nonzeros


Root relaxation: objective 1.562775e+04, 101 iterations, 0.00 seconds

    Nodes    |    Current Node    |     Objective Bounds      |     Work
 Expl Unexpl |  Obj  Depth IntInf | Incumbent    BestBd   Gap | It/Node Time

     0     0 15627.7542    0   10 13109.0000 15627.7542  19.2%     -    0s
H    0     0                    14798.000000 15627.7542  5.61%     -    0s
H    0     0                    15378.000000 15627.7542  1.62%     -    0s
H    0     0                    15431.000000 15627.7542  1.28%     -    0s
     0     0 15608.3077    0   25 15431.0000 15608.3077  1.15%     -    0s
     0     0 15608.3077    0   27 15431.0000 15608.3077  1.15%     -    0s
     0     0 15585.7429    0   35 15431.0000 15585.7429  1.00%     -    0s
     0     0 15585.7429    0   32 15431.0000 15585.7429  1.00%     -    0s
     0     0 15585.6812    0   34 15431.0000 15585.6812  1.00%     -    0s
     0     0 15585.6812    0   23 15431.0000 15585.6812  1.00%     -    0s
     0     0 15585.6812    0   12 15431.0000 15585.6812  1.00%     -    0s
     0     0 15585.6812    0   25 15431.0000 15585.6812  1.00%     -    0s
     0     0 15585.6812    0   32 15431.0000 15585.6812  1.00%     -    0s
     0     0 15585.6812    0   34 15431.0000 15585.6812  1.00%     -    0s
     0     0 15585.6812    0   33 15431.0000 15585.6812  1.00%     -    0s
     0     0 15585.6812    0   36 15431.0000 15585.6812  1.00%     -    0s
     0     0 15585.4845    0   40 15431.0000 15585.4845  1.00%     -    0s
     0     0 15585.4845    0   34 15431.0000 15585.4845  1.00%     -    0s
     0     0 15585.4636    0   36 15431.0000 15585.4636  1.00%     -    0s
     0     0 15585.4636    0   30 15431.0000 15585.4636  1.00%     -    0s
     0     2 15585.4636    0   30 15431.0000 15585.4636  1.00%     -    0s
H 5719  3074                    15440.000000 15553.7188  0.74%  23.4    2s
 14116  8741 15532.8102   57   46 15440.0000 15553.6871  0.74%  36.5    5s
 25809 16616 15530.2749   67   39 15440.0000 15553.6159  0.74%  43.4   10s
 37338 22905 15545.4754   65  115 15440.0000 15553.5159  0.74%  47.8   15s
H37433 21821                    15478.000000 15551.8250  0.48%  47.9   16s
 42475 23554 15494.1350   84   80 15478.0000 15550.9545  0.47%  49.1   20s
 51839 24910 15481.6733   78   58 15478.0000 15550.1889  0.47%  52.4   25s
 58267 26068 15549.8905   76   76 15478.0000 15549.8905  0.46%  53.6   30s
 67229 27779 15507.7875   87   39 15478.0000 15549.8905  0.46%  55.7   35s
 74177 27807 15528.0982   80   68 15478.0000 15548.7752  0.46%  57.8   40s
 83356 27154 15528.8634   75   61 15478.0000 15545.7657  0.44%  61.2   45s
 91002 26460     cutoff   77      15478.0000 15542.2807  0.42%  64.2   50s
 102185 25993 15490.1934   78   77 15478.0000 15539.1738  0.40%  65.7   55s
 110168 24939 15536.5783   77   77 15478.0000 15538.2773  0.39%  67.2   61s
 116437 23811     cutoff   88      15478.0000 15537.6510  0.39%  68.2   65s
*118315  5950              81    15534.000000 15537.4924  0.02%  68.6   66s

Cutting planes:
  Gomory: 11
  Cover: 418
  Clique: 5
  MIR: 248
  StrongCG: 147
  Flow cover: 17
  Inf proof: 2

Explored 122412 nodes (8320688 simplex iterations) in 67.42 seconds
Thread count was 12 (of 12 available processors)

Solution count 7: 15534 15478 15440 ... 13109

Optimal solution found (tolerance 1.00e-04)
Best objective 1.553400000000e+04, best bound 1.553500000000e+04, gap 0.0064%

Gurobi 9.1.2 (win64, Java) logging started Wed Nov 10 17:59:29 2021

Academic license - for non-commercial use only - expires 2022-10-30
Gurobi Optimizer version 9.1.2 build v9.1.2rc0 (win64)
Thread count: 6 physical cores, 12 logical processors, using up to 12 threads
Optimize a model with 50 rows, 400 columns and 800 nonzeros
Model fingerprint: 0x726aabae
Variable types: 0 continuous, 400 integer (400 binary)
Coefficient statistics:
  Matrix range     [1e+00, 1e+03]
  Objective range  [4e+01, 1e+03]
  Bounds range     [1e+00, 1e+00]
  RHS range        [1e+00, 2e+03]
Found heuristic solution: objective 13109.000000
Presolve removed 1 rows and 113 columns
Presolve time: 0.00s
Presolved: 49 rows, 287 columns, 574 nonzeros
Variable types: 0 continuous, 287 integer (287 binary)
Presolved: 49 rows, 287 columns, 574 nonzeros


Root relaxation: objective 1.562775e+04, 101 iterations, 0.00 seconds

    Nodes    |    Current Node    |     Objective Bounds      |     Work
 Expl Unexpl |  Obj  Depth IntInf | Incumbent    BestBd   Gap | It/Node Time

     0     0 15627.7542    0   10 13109.0000 15627.7542  19.2%     -    0s
H    0     0                    14798.000000 15627.7542  5.61%     -    0s
H    0     0                    15378.000000 15627.7542  1.62%     -    0s
H    0     0                    15431.000000 15627.7542  1.28%     -    0s
     0     0 15608.3077    0   25 15431.0000 15608.3077  1.15%     -    0s
     0     0 15608.3077    0   27 15431.0000 15608.3077  1.15%     -    0s
     0     0 15585.7429    0   35 15431.0000 15585.7429  1.00%     -    0s
     0     0 15585.7429    0   32 15431.0000 15585.7429  1.00%     -    0s
     0     0 15585.6812    0   34 15431.0000 15585.6812  1.00%     -    0s
     0     0 15585.6812    0   23 15431.0000 15585.6812  1.00%     -    0s
     0     0 15585.6812    0   12 15431.0000 15585.6812  1.00%     -    0s
     0     0 15585.6812    0   25 15431.0000 15585.6812  1.00%     -    0s
     0     0 15585.6812    0   32 15431.0000 15585.6812  1.00%     -    0s
     0     0 15585.6812    0   34 15431.0000 15585.6812  1.00%     -    0s
     0     0 15585.6812    0   33 15431.0000 15585.6812  1.00%     -    0s
     0     0 15585.6812    0   36 15431.0000 15585.6812  1.00%     -    0s
     0     0 15585.4845    0   40 15431.0000 15585.4845  1.00%     -    0s
     0     0 15585.4845    0   34 15431.0000 15585.4845  1.00%     -    0s
     0     0 15585.4636    0   36 15431.0000 15585.4636  1.00%     -    0s
     0     0 15585.4636    0   30 15431.0000 15585.4636  1.00%     -    0s
     0     2 15585.4636    0   30 15431.0000 15585.4636  1.00%     -    0s
H 5719  3074                    15440.000000 15553.7188  0.74%  23.4    2s
 13953  8215 infeasible   67      15440.0000 15553.6891  0.74%  36.3    5s
 24209 15688 15483.0355   77   60 15440.0000 15553.6260  0.74%  43.0   10s
 37316 22890 15475.3333   84   23 15440.0000 15553.5159  0.74%  47.8   15s
H37439 21829                    15478.000000 15551.0763  0.47%  47.9   18s
 37943 22096 15547.0307   64   74 15478.0000 15550.8489  0.47%  48.3   20s
 45416 24051 15484.9159   71   78 15478.0000 15549.2271  0.46%  51.8   25s
H46192 19911                    15534.000000 15549.1748  0.10%  52.0   26s

Cutting planes:
  Gomory: 8
  Cover: 166
  Clique: 4
  MIR: 245
  StrongCG: 140
  Flow cover: 21
  Inf proof: 1
  Zero half: 1
  RLT: 2

Explored 51406 nodes (2832904 simplex iterations) in 29.36 seconds
Thread count was 12 (of 12 available processors)

Solution count 7: 15534 15478 15440 ... 13109

Optimal solution found (tolerance 1.00e-12)
Best objective 1.553400000000e+04, best bound 1.553400000000e+04, gap 0.0000%
