
Gurobi 9.1.2 (win64, Java) logging started Fri Nov  5 12:05:53 2021

Academic license - for non-commercial use only - expires 2022-10-30
Gurobi Optimizer version 9.1.2 build v9.1.2rc0 (win64)
Thread count: 6 physical cores, 12 logical processors, using up to 12 threads
Optimize a model with 50 rows, 400 columns and 800 nonzeros
Model fingerprint: 0x94fec2f5
Variable types: 0 continuous, 400 integer (400 binary)
Coefficient statistics:
  Matrix range     [1e+00, 1e+03]
  Objective range  [7e+01, 1e+03]
  Bounds range     [1e+00, 1e+00]
  RHS range        [1e+00, 1e+03]
Found heuristic solution: objective 13607.000000
Presolve removed 2 rows and 58 columns
Presolve time: 0.00s
Presolved: 48 rows, 342 columns, 684 nonzeros
Variable types: 0 continuous, 342 integer (342 binary)
Presolved: 48 rows, 342 columns, 684 nonzeros


Root relaxation: objective 1.755155e+04, 86 iterations, 0.00 seconds

    Nodes    |    Current Node    |     Objective Bounds      |     Work
 Expl Unexpl |  Obj  Depth IntInf | Incumbent    BestBd   Gap | It/Node Time

     0     0 17551.5471    0   15 13607.0000 17551.5471  29.0%     -    0s
H    0     0                    16503.000000 17551.5471  6.35%     -    0s
H    0     0                    16534.000000 17551.5471  6.15%     -    0s
H    0     0                    16575.000000 17551.5471  5.89%     -    0s
H    0     0                    16883.000000 17551.5471  3.96%     -    0s
H    0     0                    17078.000000 17551.5471  2.77%     -    0s
     0     0 17505.1538    0   17 17078.0000 17505.1538  2.50%     -    0s
     0     0 17505.1538    0   18 17078.0000 17505.1538  2.50%     -    0s
H    0     0                    17190.000000 17505.1538  1.83%     -    0s
     0     0 17505.1538    0   31 17190.0000 17505.1538  1.83%     -    0s
     0     0 17505.1538    0   14 17190.0000 17505.1538  1.83%     -    0s
     0     0 17505.1538    0   10 17190.0000 17505.1538  1.83%     -    0s
     0     0 17505.1538    0   18 17190.0000 17505.1538  1.83%     -    0s
     0     0 17505.1538    0   20 17190.0000 17505.1538  1.83%     -    0s
     0     0 17505.1538    0   17 17190.0000 17505.1538  1.83%     -    0s
     0     0 17505.1538    0   12 17190.0000 17505.1538  1.83%     -    0s
     0     2 17505.1538    0   12 17190.0000 17505.1538  1.83%     -    0s
H  244   381                    17195.000000 17505.1538  1.80%  10.9    0s
H 1786  1330                    17201.000000 17465.0000  1.53%   7.7    0s
H 1802  1273                    17229.000000 17465.0000  1.37%   7.6    0s
H17812 11205                    17240.000000 17465.0000  1.31%  12.5    3s
H29955  9058                    17438.000000 17465.0000  0.15%  14.7    4s
 31097 10165 17465.0000   61   15 17438.0000 17465.0000  0.15%  15.1    5s
H36393 11565                    17465.000000 17465.0000  0.00%  16.9    6s

Cutting planes:
  Gomory: 7
  Cover: 6
  MIR: 5
  RLT: 2

Explored 36413 nodes (615375 simplex iterations) in 6.44 seconds
Thread count was 12 (of 12 available processors)

Solution count 10: 17465 17438 17240 ... 16809

Optimal solution found (tolerance 1.00e-04)
Best objective 1.746500000000e+04, best bound 1.746500000000e+04, gap 0.0000%

Gurobi 9.1.2 (win64, Java) logging started Wed Nov 10 18:01:03 2021

Academic license - for non-commercial use only - expires 2022-10-30
Gurobi Optimizer version 9.1.2 build v9.1.2rc0 (win64)
Thread count: 6 physical cores, 12 logical processors, using up to 12 threads
Optimize a model with 50 rows, 400 columns and 800 nonzeros
Model fingerprint: 0x94fec2f5
Variable types: 0 continuous, 400 integer (400 binary)
Coefficient statistics:
  Matrix range     [1e+00, 1e+03]
  Objective range  [7e+01, 1e+03]
  Bounds range     [1e+00, 1e+00]
  RHS range        [1e+00, 1e+03]
Found heuristic solution: objective 13607.000000
Presolve removed 2 rows and 58 columns
Presolve time: 0.00s
Presolved: 48 rows, 342 columns, 684 nonzeros
Variable types: 0 continuous, 342 integer (342 binary)
Presolved: 48 rows, 342 columns, 684 nonzeros


Root relaxation: objective 1.755155e+04, 86 iterations, 0.00 seconds

    Nodes    |    Current Node    |     Objective Bounds      |     Work
 Expl Unexpl |  Obj  Depth IntInf | Incumbent    BestBd   Gap | It/Node Time

     0     0 17551.5471    0   15 13607.0000 17551.5471  29.0%     -    0s
H    0     0                    16503.000000 17551.5471  6.35%     -    0s
H    0     0                    16534.000000 17551.5471  6.15%     -    0s
H    0     0                    16575.000000 17551.5471  5.89%     -    0s
H    0     0                    16883.000000 17551.5471  3.96%     -    0s
H    0     0                    17078.000000 17551.5471  2.77%     -    0s
     0     0 17505.1538    0   17 17078.0000 17505.1538  2.50%     -    0s
     0     0 17505.1538    0   18 17078.0000 17505.1538  2.50%     -    0s
     0     0 17505.1538    0   31 17078.0000 17505.1538  2.50%     -    0s
     0     0 17505.1538    0   14 17078.0000 17505.1538  2.50%     -    0s
H    0     0                    17115.000000 17505.1538  2.28%     -    0s
     0     0 17505.1538    0   12 17115.0000 17505.1538  2.28%     -    0s
H    0     0                    17163.000000 17505.1538  1.99%     -    0s
     0     0 17505.1538    0   26 17163.0000 17505.1538  1.99%     -    0s
     0     0 17505.1538    0   17 17163.0000 17505.1538  1.99%     -    0s
H    0     0                    17168.000119 17505.1538  1.96%     -    0s
     0     0 17480.8889    0   34 17168.0001 17480.8889  1.82%     -    0s
H    0     0                    17198.000000 17480.8889  1.64%     -    0s
     0     0 17480.8889    0   26 17198.0000 17480.8889  1.64%     -    0s
     0     0 17480.8889    0   30 17198.0000 17480.8889  1.64%     -    0s
     0     0 17480.8889    0   23 17198.0000 17480.8889  1.64%     -    0s
     0     0 17480.8889    0   19 17198.0000 17480.8889  1.64%     -    0s
     0     0 17480.8889    0   22 17198.0000 17480.8889  1.64%     -    0s
     0     0 17480.8889    0   18 17198.0000 17480.8889  1.64%     -    0s
     0     0 17480.8889    0   15 17198.0000 17480.8889  1.64%     -    0s
     0     2 17480.8889    0   12 17198.0000 17480.8889  1.64%     -    0s
H   72    82                    17229.000000 17480.8889  1.46%  10.8    0s
H 1474  1122                    17339.000000 17465.0000  0.73%  11.6    2s
 20344 11466 17439.5160   92   30 17339.0000 17465.0000  0.73%  13.6    5s
 35905 21058 17465.0000   89   13 17339.0000 17465.0000  0.73%  20.1   10s
H43219 20683                    17438.000177 17465.0000  0.15%  18.8   12s
H47258 16063                    17465.000000 17465.0000  0.00%  20.5   13s

Cutting planes:
  Gomory: 14
  Cover: 156
  Clique: 5
  MIR: 36
  StrongCG: 27
  Flow cover: 2
  Zero half: 2
  RLT: 2

Explored 47658 nodes (983265 simplex iterations) in 13.62 seconds
Thread count was 12 (of 12 available processors)

Solution count 10: 17465 17438 17339 ... 16883

Optimal solution found (tolerance 1.00e-12)
Best objective 1.746500000000e+04, best bound 1.746500000000e+04, gap 0.0000%
