
Gurobi 9.1.2 (win64, Java) logging started Wed Nov 10 19:24:45 2021

Academic license - for non-commercial use only - expires 2022-10-30
Gurobi Optimizer version 9.1.2 build v9.1.2rc0 (win64)
Thread count: 6 physical cores, 12 logical processors, using up to 12 threads
Optimize a model with 70 rows, 600 columns and 1200 nonzeros
Model fingerprint: 0x123e2339
Variable types: 0 continuous, 600 integer (600 binary)
Coefficient statistics:
  Matrix range     [1e+00, 1e+03]
  Objective range  [6e+01, 1e+03]
  Bounds range     [1e+00, 1e+00]
  RHS range        [1e+00, 2e+03]
Found heuristic solution: objective 20592.000000
Presolve removed 0 rows and 39 columns
Presolve time: 0.01s
Presolved: 70 rows, 561 columns, 1122 nonzeros
Variable types: 0 continuous, 561 integer (561 binary)
Presolved: 70 rows, 561 columns, 1122 nonzeros


Root relaxation: objective 2.451906e+04, 138 iterations, 0.00 seconds

    Nodes    |    Current Node    |     Objective Bounds      |     Work
 Expl Unexpl |  Obj  Depth IntInf | Incumbent    BestBd   Gap | It/Node Time

     0     0 24519.0562    0   16 20592.0000 24519.0562  19.1%     -    0s
H    0     0                    23836.000000 24519.0562  2.87%     -    0s
H    0     0                    23961.000000 24519.0562  2.33%     -    0s
H    0     0                    24122.000976 24519.0562  1.65%     -    0s
     0     0 24482.0243    0   24 24122.0010 24482.0243  1.49%     -    0s
H    0     0                    24243.000000 24482.0243  0.99%     -    0s
     0     0 24482.0243    0   22 24243.0000 24482.0243  0.99%     -    0s
     0     0 24478.6667    0   24 24243.0000 24478.6667  0.97%     -    1s
H    0     0                    24254.000434 24478.6667  0.93%     -    1s
     0     0 24478.6667    0   29 24254.0004 24478.6667  0.93%     -    1s
     0     0 24478.6667    0   29 24254.0004 24478.6667  0.93%     -    1s
     0     0 24478.6667    0   21 24254.0004 24478.6667  0.93%     -    1s
     0     2 24478.6667    0   21 24254.0004 24478.6667  0.93%     -    1s
H   40    42                    24312.000000 24478.6667  0.69%  16.8    2s
H   45    54                    24370.000000 24478.6667  0.45%  15.3    2s
H 1958   952                    24448.000000 24478.6667  0.13%   5.0    3s
  1980   956 24473.1782   28   10 24448.0000 24473.1782  0.10%   5.0    5s
 16317  8659 24470.9816   57   20 24448.0000 24471.2748  0.10%   5.5   11s
 38648 19014 24467.7227   56   21 24448.0000 24471.1186  0.09%   5.7   15s
 38673 19032 24462.0001   61   18 24448.0000 24462.0001  0.06%   5.8   20s
 46369 22529 24462.0000  142   16 24448.0000 24462.0000  0.06%   5.8   25s
 62518 23289 24461.3138  157   40 24448.0000 24462.0000  0.06%   7.9   30s
 70081 24373 infeasible  189      24448.0000 24462.0000  0.06%   9.9   35s
 73825 23908 24461.9923  143   60 24448.0000 24462.0000  0.06%  11.1   40s
 77446 24218 24459.8069  154   54 24448.0000 24462.0000  0.06%  12.4   45s
 87154 26118 24449.1235  154   47 24448.0000 24462.0000  0.06%  14.6   51s
 95941 26750     cutoff  152      24448.0000 24462.0000  0.06%  15.5   55s
 102643 30150     cutoff  183      24448.0000 24462.0000  0.06%  16.2   61s
 109325 32821 24461.9207  157   39 24448.0000 24462.0000  0.06%  16.9   65s
 121331 38714 infeasible  164      24448.0000 24462.0000  0.06%  17.1   70s
 123724 39196 24453.2383  168   18 24448.0000 24462.0000  0.06%  17.1   75s
 136984 45426 24462.0000  176   17 24448.0000 24462.0000  0.06%  16.6   80s
 149224 49973 24461.3137  150   13 24448.0000 24462.0000  0.06%  16.3   87s
 158496 55196 24457.0279  140   13 24448.0000 24462.0000  0.06%  16.1   90s
 167880 59374 24461.9338  136   36 24448.0000 24462.0000  0.06%  16.0   95s
 179658 64352 24461.3521  153   32 24448.0000 24462.0000  0.06%  15.8  100s
 185738 66943 24461.6009  151   16 24448.0000 24462.0000  0.06%  15.7  105s
 196914 72004     cutoff  152      24448.0000 24462.0000  0.06%  15.6  110s
 211270 77457 24459.7152  155   14 24448.0000 24462.0000  0.06%  15.5  115s
 222337 80915     cutoff  159      24448.0000 24462.0000  0.06%  15.5  120s
 231427 84122     cutoff  155      24448.0000 24462.0000  0.06%  15.5  125s
 238564 86429 24461.0535  157   21 24448.0000 24462.0000  0.06%  15.5  130s
 249461 89129 24462.0000  146   17 24448.0000 24462.0000  0.06%  15.5  135s
 259329 91658     cutoff  161      24448.0000 24462.0000  0.06%  15.5  140s
 262063 93795 infeasible  178      24448.0000 24462.0000  0.06%  15.5  147s
 277529 94972     cutoff  179      24448.0000 24462.0000  0.06%  15.5  150s
 284988 95976 24459.4641  178   30 24448.0000 24462.0000  0.06%  15.5  156s
 293080 97478 24462.0000  169   14 24448.0000 24462.0000  0.06%  15.5  160s
 305153 100671 24455.2223  158   22 24448.0000 24462.0000  0.06%  15.5  165s
 314401 103594 24459.0476  158   17 24448.0000 24462.0000  0.06%  15.5  170s
 323790 106546 24452.5343  143   13 24448.0000 24462.0000  0.06%  15.6  175s
 333930 109776 24461.4118  135   21 24448.0000 24462.0000  0.06%  15.6  180s
 341223 112601 infeasible  146      24448.0000 24462.0000  0.06%  15.6  185s
 349638 114980 24461.9887  162   38 24448.0000 24462.0000  0.06%  15.6  190s
 364705 119100 24462.0000  155   12 24448.0000 24462.0000  0.06%  15.7  196s
 367277 120465 24460.0851  153   28 24448.0000 24462.0000  0.06%  15.7  200s
 380353 123761 infeasible  161      24448.0000 24462.0000  0.06%  15.8  205s
 385991 125352 24461.4273  151   29 24448.0000 24462.0000  0.06%  15.9  210s
 397312 127766 24458.7570  139   29 24448.0000 24462.0000  0.06%  16.0  215s
 404674 129286 24462.0000  152   20 24448.0000 24462.0000  0.06%  16.0  220s
 412773 131149 24462.0000  154   11 24448.0000 24462.0000  0.06%  16.1  225s
 419932 132446 24461.9211  155   30 24448.0000 24462.0000  0.06%  16.2  230s
 429232 134859     cutoff  166      24448.0000 24462.0000  0.06%  16.2  235s
 437459 136152     cutoff  151      24448.0000 24462.0000  0.06%  16.3  241s
 445046 138052 24462.0000  145   16 24448.0000 24462.0000  0.06%  16.4  245s
 456328 140281 24462.0000  141   12 24448.0000 24462.0000  0.06%  16.4  251s
 459710 141149     cutoff  149      24448.0000 24462.0000  0.06%  16.5  255s
 468403 142973 24461.2041  143   28 24448.0000 24462.0000  0.06%  16.5  260s
 481057 145694 24459.4874  161   24 24448.0000 24462.0000  0.06%  16.6  265s
 485579 146398 24461.7577  152   31 24448.0000 24462.0000  0.06%  16.6  270s
 496057 148423 24460.3665  156   24 24448.0000 24462.0000  0.06%  16.7  275s
 505690 150590 24460.3507  154   28 24448.0000 24462.0000  0.06%  16.7  280s
 508051 151105 24462.0000  152   11 24448.0000 24462.0000  0.06%  16.7  285s
 514875 152595 24461.1793  146   27 24448.0000 24462.0000  0.06%  16.8  290s
 525229 154638 24461.9844  149   33 24448.0000 24462.0000  0.06%  16.9  296s
 530586 155435 24459.0319  182   25 24448.0000 24462.0000  0.06%  16.9  300s
 541512 158077     cutoff  160      24448.0000 24462.0000  0.06%  16.9  306s
 549205 159403 24451.2438  156   17 24448.0000 24462.0000  0.06%  16.9  310s
 560032 161325 24457.7667  156   32 24448.0000 24462.0000  0.06%  16.9  315s
 567157 162810 24451.4958  174   14 24448.0000 24462.0000  0.06%  17.0  321s
 576142 164048 24454.4849  167   15 24448.0000 24462.0000  0.06%  17.0  325s
 585204 165598     cutoff  165      24448.0000 24462.0000  0.06%  17.0  331s
 593659 166651 24462.0000  148    9 24448.0000 24462.0000  0.06%  17.1  336s
 599980 167502     cutoff  170      24448.0000 24462.0000  0.06%  17.1  341s
 608614 169127 24462.0000  156   12 24448.0000 24462.0000  0.06%  17.1  345s
 618897 170356 24462.0000  170   12 24448.0000 24462.0000  0.06%  17.1  350s
 626536 171326     cutoff  137      24448.0000 24462.0000  0.06%  17.1  355s
 634370 173008 24454.8341  181   15 24448.0000 24462.0000  0.06%  17.1  360s
 643830 174773 24461.8874  163   29 24448.0000 24462.0000  0.06%  17.1  365s
 651731 177037 24461.9902  175   26 24448.0000 24462.0000  0.06%  17.1  370s
 660449 179485 24451.1083  141   17 24448.0000 24462.0000  0.06%  17.1  375s
 670883 182216 24461.7868  165   30 24448.0000 24462.0000  0.06%  17.1  380s
 675364 183224 24462.0000  143   14 24448.0000 24462.0000  0.06%  17.1  385s
 686280 185909     cutoff  155      24448.0000 24462.0000  0.06%  17.1  390s
 693813 187422 24450.9855  156   17 24448.0000 24462.0000  0.06%  17.2  396s
 703619 189615     cutoff  179      24448.0000 24462.0000  0.06%  17.2  400s
 708038 192309 24462.0000  160   20 24448.0000 24462.0000  0.06%  17.2  408s
 719836 193293     cutoff  171      24448.0000 24462.0000  0.06%  17.2  411s
 727218 194391 24461.9757  157   32 24448.0000 24462.0000  0.06%  17.2  415s
 736454 195740 24462.0000  152   16 24448.0000 24462.0000  0.06%  17.3  422s
 740382 197002     cutoff  166      24448.0000 24462.0000  0.06%  17.3  425s
 750442 198749 24459.4247  154   21 24448.0000 24462.0000  0.06%  17.3  431s
 758190 200371 24462.0000  142   16 24448.0000 24462.0000  0.06%  17.3  435s
 764309 201205     cutoff  151      24448.0000 24462.0000  0.06%  17.4  440s
 776653 204119 24461.1082  155   26 24448.0000 24462.0000  0.06%  17.4  446s
 780206 204782 24462.0000  139   17 24448.0000 24462.0000  0.06%  17.4  450s
 791909 208506     cutoff  148      24448.0000 24462.0000  0.06%  17.5  455s
 798551 210019 24462.0000  168   11 24448.0000 24462.0000  0.06%  17.5  461s
 807432 212181 24462.0000  142   24 24448.0000 24462.0000  0.06%  17.5  465s
 814606 213621 24450.5106  147   12 24448.0000 24462.0000  0.06%  17.5  470s
 820045 214995 24461.9560  160   28 24448.0000 24462.0000  0.06%  17.6  475s
 826946 216549 24461.9390  153   32 24448.0000 24462.0000  0.06%  17.6  480s
 837908 219071 24459.4445  149   18 24448.0000 24462.0000  0.06%  17.6  485s
 844567 220423 24462.0000  156   10 24448.0000 24462.0000  0.06%  17.6  490s
 852818 222970 24462.0000  158   12 24448.0000 24462.0000  0.06%  17.6  495s
 860848 225027     cutoff  146      24448.0000 24462.0000  0.06%  17.6  501s
 869460 226189 24457.6713  148   16 24448.0000 24462.0000  0.06%  17.7  505s
 876070 227690 24455.0059  147   22 24448.0000 24462.0000  0.06%  17.7  510s
 884304 229258 24449.7778  159   12 24448.0000 24462.0000  0.06%  17.7  515s
 888912 230166     cutoff  155      24448.0000 24462.0000  0.06%  17.7  520s
 897160 231339 24462.0000  149   17 24448.0000 24462.0000  0.06%  17.7  525s
 904767 233220 24462.0000  147   16 24448.0000 24462.0000  0.06%  17.7  531s
 917684 235421 24462.0000  147   13 24448.0000 24462.0000  0.06%  17.7  535s
 926203 236440 24453.8803  145   14 24448.0000 24462.0000  0.06%  17.7  541s
 926648 236768 24461.9926  146   27 24448.0000 24462.0000  0.06%  17.7  545s
 938813 238955 24461.9803  149   24 24448.0000 24462.0000  0.06%  17.8  550s
 950202 240540 24461.3444  155   25 24448.0000 24462.0000  0.06%  17.8  557s
 955076 241730 24461.8772  163   33 24448.0000 24462.0000  0.06%  17.8  560s
 961741 242646 24455.0243  155   12 24448.0000 24462.0000  0.06%  17.8  565s
 967252 243845 24456.5532  163   15 24448.0000 24462.0000  0.06%  17.8  570s
 976525 245441 24459.3256  147   19 24448.0000 24462.0000  0.06%  17.8  577s
 982659 247035 24461.9240  171   24 24448.0000 24462.0000  0.06%  17.9  580s
 989985 248637     cutoff  169      24448.0000 24462.0000  0.06%  17.9  585s
 999112 251604 24461.9965  126   20 24448.0000 24462.0000  0.06%  17.9  590s
 1013872 255743 24461.9142  147   23 24448.0000 24462.0000  0.06%  17.9  596s
 1017823 257437 24453.9208  131   13 24448.0000 24462.0000  0.06%  17.9  600s
 1028767 259797 24462.0000  131   18 24448.0000 24462.0000  0.06%  17.9  605s
 1040277 262413 24462.0000  142   16 24448.0000 24462.0000  0.06%  17.9  611s
 1045125 264342 24462.0000  136   17 24448.0000 24462.0000  0.06%  17.9  615s
 1058656 267431     cutoff  166      24448.0000 24462.0000  0.06%  17.9  620s
 1065835 269134 24461.9012  141   27 24448.0000 24462.0000  0.06%  17.9  625s
 1072880 270512 24462.0000  153   12 24448.0000 24462.0000  0.06%  17.9  630s
 1082496 271847 24456.2639  128   18 24448.0000 24462.0000  0.06%  17.9  635s
 1096193 274360 24451.4958  140   14 24448.0000 24462.0000  0.06%  17.9  640s
 1104970 276091 24461.3664  147   18 24448.0000 24462.0000  0.06%  17.9  646s
 1107820 276997 24451.4958  153   14 24448.0000 24462.0000  0.06%  18.0  650s
 1118923 279048 24455.3906  132   20 24448.0000 24462.0000  0.06%  18.0  655s
 1130602 280877 24462.0000  129   11 24448.0000 24462.0000  0.06%  18.0  660s
 1137253 281806 24462.0000  140   11 24448.0000 24462.0000  0.06%  18.0  666s
 1137292 284201 24462.0000  141   12 24448.0000 24462.0000  0.06%  18.0  670s
 1155849 285562 24454.2361  155   15 24448.0000 24462.0000  0.06%  18.0  675s
 1165006 287022     cutoff  157      24448.0000 24462.0000  0.06%  18.0  681s
 1171759 288202 24458.8639  152   17 24448.0000 24462.0000  0.06%  18.0  686s
 1180872 290044     cutoff  143      24448.0000 24462.0000  0.06%  18.1  690s
 1189592 292087     cutoff  135      24448.0000 24462.0000  0.06%  18.1  696s
 1197735 294024 24462.0000  137   14 24448.0000 24462.0000  0.06%  18.1  700s
 1206990 295417     cutoff  146      24448.0000 24462.0000  0.06%  18.1  705s
 1218872 297732 24461.8582  137   26 24448.0000 24462.0000  0.06%  18.1  710s
 1226969 298784     cutoff  142      24448.0000 24462.0000  0.06%  18.1  717s
 1231402 299719 24455.8089  145   25 24448.0000 24462.0000  0.06%  18.1  720s
 1237338 300415 24462.0000  132   12 24448.0000 24462.0000  0.06%  18.1  725s
 1249055 302449 24462.0000  153   11 24448.0000 24462.0000  0.06%  18.2  730s
 1257536 303764     cutoff  160      24448.0000 24462.0000  0.06%  18.2  735s
 1266790 305034     cutoff  153      24448.0000 24462.0000  0.06%  18.2  740s
 1273326 305968     cutoff  150      24448.0000 24462.0000  0.06%  18.2  745s
 1283052 307830 24462.0000  136   13 24448.0000 24462.0000  0.06%  18.2  751s
 1293214 309444     cutoff  150      24448.0000 24462.0000  0.06%  18.2  755s
 1297251 310369     cutoff  144      24448.0000 24462.0000  0.06%  18.2  760s
 1306211 311992 24462.0000  149   11 24448.0000 24462.0000  0.06%  18.2  765s
 1316279 313716     cutoff  153      24448.0000 24462.0000  0.06%  18.3  770s
 1319072 314258 24461.8754  166   27 24448.0000 24462.0000  0.06%  18.3  775s
 1330986 316192 24461.2209  154   16 24448.0000 24462.0000  0.06%  18.3  780s
 1337974 317004 infeasible  161      24448.0000 24462.0000  0.06%  18.3  786s
 1342512 317885 24461.9568  149   31 24448.0000 24462.0000  0.06%  18.3  790s
 1351936 319586 24461.9946  156   30 24448.0000 24462.0000  0.06%  18.3  795s
 1358911 321177 24461.4356  135   32 24448.0000 24462.0000  0.06%  18.3  800s
 1365487 322153 24462.0000  140   15 24448.0000 24462.0000  0.06%  18.4  805s
 1373140 323699 24462.0000  139   11 24448.0000 24462.0000  0.06%  18.4  810s
 1381080 324949 24461.8998  150   24 24448.0000 24462.0000  0.06%  18.4  815s
 1387226 326311 24461.4316  144   20 24448.0000 24462.0000  0.06%  18.4  820s
 1392846 327650 24461.9666  148   30 24448.0000 24462.0000  0.06%  18.4  825s
 1403840 329680 24461.0788  161   27 24448.0000 24462.0000  0.06%  18.4  830s
 1411172 331181 24460.3680  153   19 24448.0000 24462.0000  0.06%  18.4  835s
 1419384 333239 24461.9886  139   31 24448.0000 24462.0000  0.06%  18.5  840s
 1425254 334266 24462.0000  146   14 24448.0000 24462.0000  0.06%  18.5  845s
 1435136 335963 24462.0000  152    9 24448.0000 24462.0000  0.06%  18.5  851s
 1439697 336634 24461.9994  131   33 24448.0000 24462.0000  0.06%  18.5  856s
 1446966 338168     cutoff  146      24448.0000 24462.0000  0.06%  18.5  860s
 1454201 339090 24460.9121  149   31 24448.0000 24462.0000  0.06%  18.5  865s
 1459231 339775     cutoff  149      24448.0000 24462.0000  0.06%  18.5  871s
 1465080 340743 24460.2849  155   31 24448.0000 24462.0000  0.06%  18.5  875s
 1473875 342094 24462.0000  146   11 24448.0000 24462.0000  0.06%  18.6  881s
 1480018 342803     cutoff  154      24448.0000 24462.0000  0.06%  18.6  886s
 1489334 343929     cutoff  148      24448.0000 24462.0000  0.06%  18.6  891s
 1491566 344542 24462.0000  142   16 24448.0000 24462.0000  0.06%  18.6  897s
 1498610 345218 24462.0000  150   23 24448.0000 24462.0000  0.06%  18.6  900s
 1508946 346612     cutoff  143      24448.0000 24462.0000  0.06%  18.6  905s
 1513376 347380 24458.2652  146   28 24448.0000 24462.0000  0.06%  18.6  911s
 1523913 348500     cutoff  137      24448.0000 24462.0000  0.06%  18.7  916s
 1529402 349502 24462.0000  126   14 24448.0000 24462.0000  0.06%  18.7  921s
 1533667 349768 24461.9801  146   31 24448.0000 24462.0000  0.06%  18.7  925s
 1542337 351187     cutoff  162      24448.0000 24462.0000  0.06%  18.7  930s
 1552754 352602 24461.6840  145   23 24448.0000 24462.0000  0.06%  18.7  936s
 1556657 353548 24452.1582  150   21 24448.0000 24462.0000  0.06%  18.7  940s
 1563939 354814 24462.0000  165   11 24448.0000 24462.0000  0.06%  18.7  945s
 1573690 356071     cutoff  151      24448.0000 24462.0000  0.06%  18.7  950s
 1576565 356392 24458.8823  160   23 24448.0000 24462.0000  0.06%  18.7  955s
 1586055 358186 24461.9970  138   30 24448.0000 24462.0000  0.06%  18.8  960s
 1593617 359175 24461.7677  145   17 24448.0000 24462.0000  0.06%  18.8  965s
 1600276 360318 24461.9772  165   29 24448.0000 24462.0000  0.06%  18.8  970s
 1607670 361694 24459.3543  155   28 24448.0000 24462.0000  0.06%  18.8  975s
 1617039 363168 24461.9267  150   31 24448.0000 24462.0000  0.06%  18.8  982s
 1621445 363887 24462.0000  161   20 24448.0000 24462.0000  0.06%  18.8  985s
 1626722 364654     cutoff  145      24448.0000 24462.0000  0.06%  18.8  990s
 1634003 365562 24462.0000  139   24 24448.0000 24462.0000  0.06%  18.8  995s
 1640989 367245 24462.0000  143   12 24448.0000 24462.0000  0.06%  18.9 1001s
 1648125 368067 24460.3514  158   35 24448.0000 24462.0000  0.06%  18.9 1006s
 1653896 368941 24454.7003  155   26 24448.0000 24462.0000  0.06%  18.9 1010s
 1662340 370586 24461.5057  169   21 24448.0000 24462.0000  0.06%  18.9 1015s
 1666692 371559     cutoff  170      24448.0000 24462.0000  0.06%  18.9 1020s
 1676778 373050 24462.0000  157   13 24448.0000 24462.0000  0.06%  18.9 1025s
 1681785 373719 24457.6370  148   12 24448.0000 24462.0000  0.06%  18.9 1030s
 1689744 374958 24460.2659  155   28 24448.0000 24462.0000  0.06%  18.9 1035s
 1697792 375990     cutoff  170      24448.0000 24462.0000  0.06%  18.9 1041s
 1701627 376626     cutoff  166      24448.0000 24462.0000  0.06%  18.9 1046s
 1707777 377879 24461.9694  158   31 24448.0000 24462.0000  0.06%  18.9 1050s
 1717694 379743     cutoff  142      24448.0000 24462.0000  0.06%  18.9 1055s
 1726543 381137 24461.5177  156   36 24448.0000 24462.0000  0.06%  18.9 1060s
 1730776 381468 24454.6986  149   13 24448.0000 24462.0000  0.06%  18.9 1066s
 1736706 382668 24461.4118  149   20 24448.0000 24462.0000  0.06%  19.0 1070s
 1743656 383850 24462.0000  131   13 24448.0000 24462.0000  0.06%  19.0 1075s
 1751680 385102 24449.4890  173   22 24448.0000 24462.0000  0.06%  19.0 1081s
 1755173 386001     cutoff  145      24448.0000 24462.0000  0.06%  19.0 1085s
 1766032 387395     cutoff  150      24448.0000 24462.0000  0.06%  19.0 1090s
 1771791 388396 24454.2731  139   21 24448.0000 24462.0000  0.06%  19.0 1095s
 1779447 389635 24461.3186  171   30 24448.0000 24462.0000  0.06%  19.0 1101s
 1788041 391532 24461.4298  150   20 24448.0000 24462.0000  0.06%  19.0 1105s
 1796209 392791 24461.8445  160   26 24448.0000 24462.0000  0.06%  19.0 1110s
 1803659 394105 24462.0000  157   14 24448.0000 24462.0000  0.06%  19.0 1115s
 1808446 395577 24454.2112  155   15 24448.0000 24462.0000  0.06%  19.0 1121s
 1818907 396290 24462.0000  155   11 24448.0000 24462.0000  0.06%  19.0 1125s
 1826948 397421 24462.0000  149   23 24448.0000 24462.0000  0.06%  19.0 1130s
 1834029 398426 24461.5251  155   32 24448.0000 24462.0000  0.06%  19.0 1135s
 1842776 399594 24461.1797  147   20 24448.0000 24462.0000  0.06%  19.0 1140s
 1850456 400844 24462.0000  148   11 24448.0000 24462.0000  0.06%  19.0 1145s
 1863091 403281 24459.6944  152   25 24448.0000 24462.0000  0.06%  19.1 1150s
 1865292 403750 24462.0000  145   11 24448.0000 24462.0000  0.06%  19.1 1155s
 1876039 405712 24462.0000  128   14 24448.0000 24462.0000  0.06%  19.1 1160s
 1886062 407118 24461.9579  151   27 24448.0000 24462.0000  0.06%  19.1 1165s
 1895541 408751     cutoff  143      24448.0000 24462.0000  0.06%  19.1 1172s
 1901721 409660 24459.7485  147   20 24448.0000 24462.0000  0.06%  19.1 1176s
 1909511 410553 24462.0000  154   12 24448.0000 24462.0000  0.06%  19.1 1181s
 1920323 412405     cutoff  142      24448.0000 24462.0000  0.06%  19.1 1185s
 1928363 413131     cutoff  152      24448.0000 24462.0000  0.06%  19.1 1190s
 1933397 414378 24459.8219  137   15 24448.0000 24462.0000  0.06%  19.1 1195s
 1944062 416193     cutoff  141      24448.0000 24462.0000  0.06%  19.1 1200s
 1951104 417585 24462.0000  147   12 24448.0000 24462.0000  0.06%  19.1 1205s
 1958219 418858 24462.0000  137   15 24448.0000 24462.0000  0.06%  19.1 1210s
 1967168 420182 24461.4894  150   22 24448.0000 24462.0000  0.06%  19.1 1215s
 1976717 421627 24457.5185  143   20 24448.0000 24462.0000  0.06%  19.1 1221s
 1981651 422487 24462.0000  162   22 24448.0000 24462.0000  0.06%  19.1 1225s
 1989329 423440 24460.3680  148   17 24448.0000 24462.0000  0.06%  19.1 1230s
 1999819 424758 24458.0215  149   21 24448.0000 24462.0000  0.06%  19.1 1237s
 2006403 425930 24458.3372  155   28 24448.0000 24462.0000  0.06%  19.1 1240s
 2013296 426946 24460.0851  151   20 24448.0000 24462.0000  0.06%  19.1 1245s
 2022492 428704 24462.0000  144   14 24448.0000 24462.0000  0.06%  19.1 1252s
 2027207 429804 24457.5259  147   21 24448.0000 24462.0000  0.06%  19.1 1255s
 2034378 430828     cutoff  146      24448.0000 24462.0000  0.06%  19.1 1260s
 2041948 431861 24459.7963  150   23 24448.0000 24462.0000  0.06%  19.1 1265s
 2051744 433187     cutoff  165      24448.0000 24462.0000  0.06%  19.1 1271s
 2052678 434654 24457.0760  153   16 24448.0000 24462.0000  0.06%  19.1 1277s
 2063920 435128 24461.9387  159   27 24448.0000 24462.0000  0.06%  19.1 1280s
 2070640 436269 24461.6009  150   19 24448.0000 24462.0000  0.06%  19.1 1285s
 2083170 438308 24460.9048  138   21 24448.0000 24462.0000  0.06%  19.1 1292s
 2089760 439611 24462.0000  143   12 24448.0000 24462.0000  0.06%  19.2 1296s
 2092833 440800 24462.0000  150   13 24448.0000 24462.0000  0.06%  19.2 1300s
 2104484 442445 24461.9698  136   24 24448.0000 24462.0000  0.06%  19.2 1305s
 2113210 443267     cutoff  163      24448.0000 24462.0000  0.06%  19.2 1310s
 2120083 444592 24461.9201  146   24 24448.0000 24462.0000  0.06%  19.2 1315s
 2130881 446054 24462.0000  135   24 24448.0000 24462.0000  0.06%  19.2 1320s
 2141504 447421     cutoff  146      24448.0000 24462.0000  0.06%  19.2 1327s
 2143022 447959 24451.4958  142   11 24448.0000 24462.0000  0.06%  19.2 1330s
 2155363 449886 24462.0000  131   16 24448.0000 24462.0000  0.06%  19.2 1335s
 2161670 450712     cutoff  159      24448.0000 24462.0000  0.06%  19.2 1340s
 2164405 452053 24462.0000  171   20 24448.0000 24462.0000  0.06%  19.2 1346s
 2178244 453403 24461.2383  148   25 24448.0000 24462.0000  0.06%  19.2 1350s
 2185318 454489     cutoff  156      24448.0000 24462.0000  0.06%  19.2 1355s
 2191836 455588 24461.9276  139   24 24448.0000 24462.0000  0.06%  19.2 1361s
 2200339 457319     cutoff  137      24448.0000 24462.0000  0.06%  19.2 1365s
 2210131 458252 24453.4583  162   27 24448.0000 24462.0000  0.06%  19.2 1371s
 2216236 459215 24460.3036  144   23 24448.0000 24462.0000  0.06%  19.2 1375s
 2225257 460878 24461.8267  155   32 24448.0000 24462.0000  0.06%  19.2 1380s
 2232099 461691     cutoff  143      24448.0000 24462.0000  0.06%  19.2 1385s
 2241282 463081 24449.4802  136   18 24448.0000 24462.0000  0.06%  19.2 1392s
 2246105 464248 24458.3364  151   19 24448.0000 24462.0000  0.06%  19.2 1395s
 2258263 465787 24450.8409  152   27 24448.0000 24462.0000  0.06%  19.3 1402s
 2258409 467675 24450.2986  153   30 24448.0000 24462.0000  0.06%  19.3 1407s
 2270421 467683     cutoff  155      24448.0000 24462.0000  0.06%  19.3 1410s
 2281316 469429 24457.3190  148   18 24448.0000 24462.0000  0.06%  19.3 1415s
 2288160 470512     cutoff  139      24448.0000 24462.0000  0.06%  19.3 1420s
 2292571 470817 24461.7279  129   22 24448.0000 24462.0000  0.06%  19.3 1425s
 2301485 472314     cutoff  153      24448.0000 24462.0000  0.06%  19.3 1430s
 2311959 474210 24455.3861  154   22 24448.0000 24462.0000  0.06%  19.3 1435s
 2314337 476092 24462.0000  152   13 24448.0000 24462.0000  0.06%  19.3 1442s
 2329247 476820 24462.0000  138   11 24448.0000 24462.0000  0.06%  19.3 1445s
 2332773 478265 24462.0000  143   11 24448.0000 24462.0000  0.06%  19.3 1452s
 2346553 479221 24460.7326  162   33 24448.0000 24462.0000  0.06%  19.3 1455s
 2350621 480714 24454.7458  157   27 24448.0000 24462.0000  0.06%  19.3 1464s
 2361632 480714 24462.0000  141   13 24448.0000 24462.0000  0.06%  19.3 1465s
 2367505 481662 24452.4255  147   20 24448.0000 24462.0000  0.06%  19.3 1470s
 2374917 482729 24462.0000  141   12 24448.0000 24462.0000  0.06%  19.3 1475s
 2382689 483778     cutoff  155      24448.0000 24462.0000  0.06%  19.3 1480s
 2389589 484931     cutoff  150      24448.0000 24462.0000  0.06%  19.3 1485s
 2397694 485920 24462.0000  140    9 24448.0000 24462.0000  0.06%  19.3 1490s
 2406155 487544     cutoff  134      24448.0000 24462.0000  0.06%  19.3 1495s
 2416657 489370 24460.0851  166   14 24448.0000 24462.0000  0.06%  19.4 1500s
 2421916 490741 24462.0000  125   15 24448.0000 24462.0000  0.06%  19.4 1505s
 2431492 492945 24462.0000  131   12 24448.0000 24462.0000  0.06%  19.4 1510s
 2440253 493960 24462.0000  141   13 24448.0000 24462.0000  0.06%  19.4 1515s
 2448903 495151 24461.3723  158   24 24448.0000 24462.0000  0.06%  19.4 1521s
 2457669 496654     cutoff  149      24448.0000 24462.0000  0.06%  19.4 1525s
 2472995 498432 24461.9409  139   32 24448.0000 24462.0000  0.06%  19.4 1531s
 2475138 498675 24456.2183  146   22 24448.0000 24462.0000  0.06%  19.4 1535s
 2486246 500460 24460.8819  141   22 24448.0000 24462.0000  0.06%  19.4 1540s
 2497113 501888 24462.0000  123   24 24448.0000 24462.0000  0.06%  19.4 1546s
 2503074 503093 24462.0000  136   13 24448.0000 24462.0000  0.06%  19.4 1550s
 2511996 504759     cutoff  139      24448.0000 24462.0000  0.06%  19.4 1555s
 2516713 505593 24451.4958  139   19 24448.0000 24462.0000  0.06%  19.4 1560s
 2530483 507229 24459.8408  145   19 24448.0000 24462.0000  0.06%  19.4 1565s
 2535957 507913 24462.0000  151   11 24448.0000 24462.0000  0.06%  19.4 1571s
 2542796 508885 24462.0000  136   15 24448.0000 24462.0000  0.06%  19.4 1575s
 2550671 510017 24461.9662  141   24 24448.0000 24462.0000  0.06%  19.4 1580s
 2557711 511437 24462.0000  147   11 24448.0000 24462.0000  0.06%  19.4 1587s
 2568298 512631 24462.0000  129   15 24448.0000 24462.0000  0.06%  19.4 1590s
 2579988 514159 24462.0000  142   11 24448.0000 24462.0000  0.06%  19.4 1595s
 2583206 514377 24461.5022  140   21 24448.0000 24462.0000  0.06%  19.4 1600s
 2594490 516089 24461.8754  144   29 24448.0000 24462.0000  0.06%  19.4 1605s
 2602961 516932     cutoff  158      24448.0000 24462.0000  0.06%  19.4 1611s
 2610439 518336 24461.9754  137   31 24448.0000 24462.0000  0.06%  19.4 1615s
 2617352 519169 24454.6064  149   31 24448.0000 24462.0000  0.06%  19.4 1620s
 2629674 520892 24461.9458  164   31 24448.0000 24462.0000  0.06%  19.5 1626s
 2633047 521324 24461.6535  143   38 24448.0000 24462.0000  0.06%  19.5 1630s
 2642812 522935 24461.1947  160   22 24448.0000 24462.0000  0.06%  19.5 1635s
 2650454 523991 24452.8607  164   15 24448.0000 24462.0000  0.06%  19.5 1640s
 2657263 524689 24461.6584  155   26 24448.0000 24462.0000  0.06%  19.5 1645s
 2665529 525873     cutoff  150      24448.0000 24462.0000  0.06%  19.5 1650s
 2670760 527597 24462.0000  147   24 24448.0000 24462.0000  0.06%  19.5 1657s
 2681726 528067 24461.9644  150   29 24448.0000 24462.0000  0.06%  19.5 1660s
 2690319 529883 24461.9895  164   33 24448.0000 24462.0000  0.06%  19.5 1666s
 2697294 530465 24461.9004  157   30 24448.0000 24462.0000  0.06%  19.5 1670s
 2702600 531119 24461.0909  131   26 24448.0000 24462.0000  0.06%  19.5 1675s
 2716773 532853 24462.0000  152   12 24448.0000 24462.0000  0.06%  19.5 1680s
 2721071 533273 24461.9718  160   32 24448.0000 24462.0000  0.06%  19.5 1685s
 2731383 534599     cutoff  151      24448.0000 24462.0000  0.06%  19.5 1690s
 2737992 535319 24459.4892  166   19 24448.0000 24462.0000  0.06%  19.5 1696s
 2744598 536226     cutoff  154      24448.0000 24462.0000  0.06%  19.5 1700s
 2751949 537198 24461.2324  154   20 24448.0000 24462.0000  0.06%  19.5 1705s
 2758780 538267     cutoff  153      24448.0000 24462.0000  0.06%  19.5 1710s
 2765609 539011 24460.8808  146   22 24448.0000 24462.0000  0.06%  19.5 1715s
 2775199 540163     cutoff  153      24448.0000 24462.0000  0.06%  19.5 1720s
 2780814 540685 24449.2597  146   17 24448.0000 24462.0000  0.06%  19.5 1726s
 2788818 542012     cutoff  151      24448.0000 24462.0000  0.06%  19.6 1730s
 2795239 542809 24461.6860  153   29 24448.0000 24462.0000  0.06%  19.6 1735s
 2805012 543759 24461.6321  138   27 24448.0000 24462.0000  0.06%  19.6 1740s
 2810729 544748 24452.8519  160   24 24448.0000 24462.0000  0.06%  19.6 1745s
 2818515 545628     cutoff  139      24448.0000 24462.0000  0.06%  19.6 1750s
 2826471 546358 24458.9611  165   22 24448.0000 24462.0000  0.06%  19.6 1755s
 2831855 547000     cutoff  158      24448.0000 24462.0000  0.06%  19.6 1760s
 2838542 548189 24457.6210  162   19 24448.0000 24462.0000  0.06%  19.6 1766s
 2845337 548643     cutoff  151      24448.0000 24462.0000  0.06%  19.6 1770s
 2852869 549508 24462.0000  154   16 24448.0000 24462.0000  0.06%  19.6 1775s
 2860906 550161     cutoff  154      24448.0000 24462.0000  0.06%  19.6 1781s
 2867696 552391 24461.7275  150   23 24448.0000 24462.0000  0.06%  19.6 1785s
 2876445 554749     cutoff  153      24448.0000 24462.0000  0.06%  19.6 1793s
 2884261 555120 24461.2184  155   17 24448.0000 24462.0000  0.06%  19.6 1795s
 2892114 556435 24462.0000  160   12 24448.0000 24462.0000  0.06%  19.6 1800s
 2904043 558279 24461.9019  156   25 24448.0000 24462.0000  0.06%  19.6 1806s
 2907933 559021     cutoff  154      24448.0000 24462.0000  0.06%  19.6 1810s
 2918277 560510 24462.0000  155   13 24448.0000 24462.0000  0.06%  19.6 1817s
 2920730 560742 24460.9791  153   26 24448.0000 24462.0000  0.06%  19.6 1820s
 2930424 561923     cutoff  155      24448.0000 24462.0000  0.06%  19.6 1825s
 2942193 563455 24457.1735  148   30 24448.0000 24462.0000  0.06%  19.6 1831s
 2947082 564120     cutoff  154      24448.0000 24462.0000  0.06%  19.6 1835s
 2953134 565021 24461.7697  146   29 24448.0000 24462.0000  0.06%  19.6 1840s
 2963913 566190 24461.9604  146   32 24448.0000 24462.0000  0.06%  19.6 1845s
 2970968 567432 24449.9526  136   13 24448.0000 24462.0000  0.06%  19.6 1850s
 2974785 568428 24462.0000  144   13 24448.0000 24462.0000  0.06%  19.6 1855s
 2986072 569685 24462.0000  147   11 24448.0000 24462.0000  0.06%  19.6 1860s
 2988633 571145 24462.0000  150   13 24448.0000 24462.0000  0.06%  19.6 1866s
 2999484 571491     cutoff  154      24448.0000 24462.0000  0.06%  19.6 1870s
 3006414 572359 24461.8585  159   36 24448.0000 24462.0000  0.06%  19.6 1875s
 3016070 573683     cutoff  163      24448.0000 24462.0000  0.06%  19.6 1880s
 3024030 574615 24462.0000  157   10 24448.0000 24462.0000  0.06%  19.6 1886s
 3030547 575494 24462.0000  140   13 24448.0000 24462.0000  0.06%  19.6 1890s
 3037761 576521 24462.0000  141   27 24448.0000 24462.0000  0.06%  19.6 1895s
 3043826 577502 24453.5088  156   14 24448.0000 24462.0000  0.06%  19.6 1900s
 3049484 578289 24458.3769  158   25 24448.0000 24462.0000  0.06%  19.6 1905s
 3059565 579663 24462.0000  146   14 24448.0000 24462.0000  0.06%  19.6 1910s
 3066148 580416 24460.3636  147   23 24448.0000 24462.0000  0.06%  19.6 1915s
 3070894 580952 24452.5648  150   21 24448.0000 24462.0000  0.06%  19.6 1920s
 3076271 581553 24461.5685  147   31 24448.0000 24462.0000  0.06%  19.6 1925s
 3087114 582492 24460.0342  148   21 24448.0000 24462.0000  0.06%  19.6 1930s
 3092927 583228 24462.0000  150   11 24448.0000 24462.0000  0.06%  19.7 1935s
 3100498 584274 24461.4240  152   31 24448.0000 24462.0000  0.06%  19.7 1940s
 3108156 584887 24462.0000  144   16 24448.0000 24462.0000  0.06%  19.7 1947s
 3114811 585882 24457.0884  153   17 24448.0000 24462.0000  0.06%  19.7 1951s
 3122229 586796 24450.3177  162   14 24448.0000 24462.0000  0.06%  19.7 1955s
 3129374 587401     cutoff  155      24448.0000 24462.0000  0.06%  19.7 1961s
 3132505 588079     cutoff  142      24448.0000 24462.0000  0.06%  19.7 1965s
 3142597 589248 24461.5522  137   23 24448.0000 24462.0000  0.06%  19.7 1970s
 3152131 590236 24461.8559  143   25 24448.0000 24462.0000  0.06%  19.7 1975s
 3155748 590822 24455.0059  161   19 24448.0000 24462.0000  0.06%  19.7 1980s
 3167342 592072     cutoff  148      24448.0000 24462.0000  0.06%  19.7 1985s
 3174415 593059 24451.0003  159   19 24448.0000 24462.0000  0.06%  19.7 1990s
 3177611 595145 24462.0000  148   12 24448.0000 24462.0000  0.06%  19.7 1997s
 3191389 595593 24460.8519  141   28 24448.0000 24462.0000  0.06%  19.7 2001s
 3193064 595846 24457.8145  156   18 24448.0000 24462.0000  0.06%  19.7 2005s
 3202662 596851 24461.6030  160   24 24448.0000 24462.0000  0.06%  19.7 2010s
 3208843 597749     cutoff  158      24448.0000 24462.0000  0.06%  19.7 2015s
 3217543 599632 24449.2225  156   15 24448.0000 24462.0000  0.06%  19.7 2020s
 3227440 601520 24462.0000  151   22 24448.0000 24462.0000  0.06%  19.7 2025s
 3234770 602463 24462.0000  138   11 24448.0000 24462.0000  0.06%  19.7 2030s
 3241069 603317     cutoff  165      24448.0000 24462.0000  0.06%  19.7 2036s
 3250625 605037 24461.9576  150   32 24448.0000 24462.0000  0.06%  19.7 2040s
 3256072 605698 24461.8746  158   18 24448.0000 24462.0000  0.06%  19.7 2045s
 3261709 606426 24461.0891  155   20 24448.0000 24462.0000  0.06%  19.7 2050s
 3269877 607539 24461.9619  155   21 24448.0000 24462.0000  0.06%  19.7 2055s
 3274666 608011 24461.2604  159   27 24448.0000 24462.0000  0.06%  19.7 2060s
 3281958 609146 24461.9014  145   40 24448.0000 24462.0000  0.06%  19.7 2066s
 3287882 610587 24459.4113  149   20 24448.0000 24462.0000  0.06%  19.7 2070s
 3295608 611415 24461.8454  148   37 24448.0000 24462.0000  0.06%  19.7 2075s
 3301515 612138 24461.7275  157   29 24448.0000 24462.0000  0.06%  19.7 2080s
 3308340 613721 24454.3302  161   16 24448.0000 24462.0000  0.06%  19.7 2085s
 3314451 614594 infeasible  155      24448.0000 24462.0000  0.06%  19.7 2090s
 3321385 615824 24461.4599  145   29 24448.0000 24462.0000  0.06%  19.7 2095s
 3331595 616881 24459.5840  143   21 24448.0000 24462.0000  0.06%  19.7 2102s
 3336235 617774 24461.6345  149   30 24448.0000 24462.0000  0.06%  19.7 2105s
 3344460 618590 24462.0000  139   20 24448.0000 24462.0000  0.06%  19.7 2110s
 3350525 619854 24457.6231  142   15 24448.0000 24462.0000  0.06%  19.7 2115s
 3359575 620964     cutoff  152      24448.0000 24462.0000  0.06%  19.8 2121s
 3363791 621919     cutoff  152      24448.0000 24462.0000  0.06%  19.8 2125s
 3371768 623237 infeasible  155      24448.0000 24462.0000  0.06%  19.8 2130s
 3376232 623866 24462.0000  134   15 24448.0000 24462.0000  0.06%  19.8 2135s
 3386536 625192 24460.5089  147   23 24448.0000 24462.0000  0.06%  19.8 2141s
 3392754 625810 24451.9052  159   21 24448.0000 24462.0000  0.06%  19.8 2145s
 3401611 627070 24458.7915  168   29 24448.0000 24462.0000  0.06%  19.8 2150s
 3407458 627643 24458.9912  160   18 24448.0000 24462.0000  0.06%  19.8 2155s
 3416316 628770     cutoff  150      24448.0000 24462.0000  0.06%  19.8 2160s
 3420878 630332 24461.0827  155   34 24448.0000 24462.0000  0.06%  19.8 2168s
 3431484 630403 24460.5640  142   31 24448.0000 24462.0000  0.06%  19.8 2170s
 3435435 631169 24462.0000  148   17 24448.0000 24462.0000  0.06%  19.8 2175s
 3442660 632217 24462.0000  152   21 24448.0000 24462.0000  0.06%  19.8 2180s
 3448856 632886 infeasible  147      24448.0000 24462.0000  0.06%  19.8 2185s
 3455861 633822 24455.5058  185   22 24448.0000 24462.0000  0.06%  19.8 2190s
 3462803 634657     cutoff  155      24448.0000 24462.0000  0.06%  19.8 2195s
 3473476 636029     cutoff  155      24448.0000 24462.0000  0.06%  19.8 2200s
 3477307 636813     cutoff  154      24448.0000 24462.0000  0.06%  19.8 2207s
 3486210 637433 24456.3403  147   25 24448.0000 24462.0000  0.06%  19.8 2210s
 3493874 638494 24462.0000  150   13 24448.0000 24462.0000  0.06%  19.8 2215s
 3496585 639590 infeasible  159      24448.0000 24462.0000  0.06%  19.8 2223s
 3508595 639817 24461.8209  156   29 24448.0000 24462.0000  0.06%  19.8 2225s
 3517243 640679 24460.2384  152   24 24448.0000 24462.0000  0.06%  19.8 2230s
 3521495 641376 24462.0000  148   21 24448.0000 24462.0000  0.06%  19.8 2236s
 3528208 641992     cutoff  172      24448.0000 24462.0000  0.06%  19.8 2240s
 3536523 642856 24460.9462  157   40 24448.0000 24462.0000  0.06%  19.8 2247s
 3541393 643559 24462.0000  165   11 24448.0000 24462.0000  0.06%  19.8 2250s
 3548775 644491 24460.1354  144   29 24448.0000 24462.0000  0.06%  19.8 2255s
 3555976 645662 24461.9919  148   36 24448.0000 24462.0000  0.06%  19.8 2260s
 3562959 646351 24460.8961  138   33 24448.0000 24462.0000  0.06%  19.8 2265s
 3568786 646946 24462.0000  181   10 24448.0000 24462.0000  0.06%  19.8 2270s
 3579780 648378 24461.9762  169   28 24448.0000 24462.0000  0.06%  19.8 2275s
 3582237 648556 24458.1186  153   25 24448.0000 24462.0000  0.06%  19.8 2280s
 3591995 649675     cutoff  161      24448.0000 24462.0000  0.06%  19.8 2285s
 3601338 650825 24462.0000  150   23 24448.0000 24462.0000  0.06%  19.9 2291s
 3606784 651753     cutoff  144      24448.0000 24462.0000  0.06%  19.9 2295s
 3616443 652876 24461.9929  167   30 24448.0000 24462.0000  0.06%  19.9 2301s
 3624736 653980 24462.0000  147   11 24448.0000 24462.0000  0.06%  19.9 2305s
 3628382 654281 24462.0000  163   19 24448.0000 24462.0000  0.06%  19.9 2310s
 3636451 655256 24458.1702  151   11 24448.0000 24462.0000  0.06%  19.9 2315s
 3646763 657000     cutoff  140      24448.0000 24462.0000  0.06%  19.9 2322s
 3647526 658271 24462.0000  143   12 24448.0000 24462.0000  0.06%  19.9 2325s
 3660439 659139 24461.7072  151   27 24448.0000 24462.0000  0.06%  19.9 2330s
 3667621 659746 24461.8498  143   33 24448.0000 24462.0000  0.06%  19.9 2337s
 3671369 660398 24461.8363  143   26 24448.0000 24462.0000  0.06%  19.9 2340s
 3676114 660923 24461.4910  152   20 24448.0000 24462.0000  0.06%  19.9 2345s
 3684766 661831 24461.9533  151   27 24448.0000 24462.0000  0.06%  19.9 2350s
 3688847 662457 24461.5165  168   20 24448.0000 24462.0000  0.06%  19.9 2355s
 3699319 663596 24461.8881  168   29 24448.0000 24462.0000  0.06%  19.9 2360s
 3705850 664241     cutoff  137      24448.0000 24462.0000  0.06%  19.9 2365s
 3708358 664440 24452.8732  133   22 24448.0000 24462.0000  0.06%  19.9 2370s
 3713974 665359 24462.0000  132   12 24448.0000 24462.0000  0.06%  19.9 2376s
 3720215 666172 24461.9871  152   30 24448.0000 24462.0000  0.06%  19.9 2380s
 3726641 666881 24454.7268  180   20 24448.0000 24462.0000  0.06%  19.9 2386s
 3732380 668287 24462.0000  154   17 24448.0000 24462.0000  0.06%  19.9 2390s
 3737751 668897     cutoff  146      24448.0000 24462.0000  0.06%  19.9 2397s
 3742578 669684     cutoff  157      24448.0000 24462.0000  0.06%  19.9 2400s
 3748565 670467 24462.0000  129   12 24448.0000 24462.0000  0.06%  19.9 2405s
 3758597 671637 24450.3935  162   14 24448.0000 24462.0000  0.06%  19.9 2411s
 3765407 672812     cutoff  161      24448.0000 24462.0000  0.06%  19.9 2415s
 3768421 673041 24461.7349  149   20 24448.0000 24462.0000  0.06%  19.9 2420s
 3778411 674390 24461.9688  145   27 24448.0000 24462.0000  0.06%  19.9 2425s
 3783070 674931 24461.9438  160   27 24448.0000 24462.0000  0.06%  19.9 2430s
 3794278 676357     cutoff  152      24448.0000 24462.0000  0.06%  19.9 2436s
 3798626 676853 24462.0000  157   16 24448.0000 24462.0000  0.06%  19.9 2440s
 3806022 677970 24461.3821  153   22 24448.0000 24462.0000  0.06%  19.9 2445s
 3811340 678903     cutoff  170      24448.0000 24462.0000  0.06%  19.9 2450s
 3819882 679719 24461.6825  143   23 24448.0000 24462.0000  0.06%  19.9 2456s
 3826113 680737     cutoff  140      24448.0000 24462.0000  0.06%  19.9 2460s
 3833244 681731 24461.9712  153   34 24448.0000 24462.0000  0.06%  20.0 2466s
 3839411 682567     cutoff  152      24448.0000 24462.0000  0.06%  20.0 2470s
 3847346 683128 24461.2209  141   27 24448.0000 24462.0000  0.06%  20.0 2476s
 3854890 684252 24459.8219  141   18 24448.0000 24462.0000  0.06%  20.0 2480s
 3859555 684834 24461.9435  162   30 24448.0000 24462.0000  0.06%  20.0 2485s
 3864274 685295 24459.8219  154   15 24448.0000 24462.0000  0.06%  20.0 2490s
 3874679 686548 24460.6671  162   16 24448.0000 24462.0000  0.06%  20.0 2495s
 3879982 687121 24461.9593  157   28 24448.0000 24462.0000  0.06%  20.0 2500s
 3889849 688245     cutoff  144      24448.0000 24462.0000  0.06%  20.0 2505s
 3895286 688858 24461.8854  175   22 24448.0000 24462.0000  0.06%  20.0 2510s
 3898900 689473     cutoff  141      24448.0000 24462.0000  0.06%  20.0 2515s
 3908148 691034     cutoff  160      24448.0000 24462.0000  0.06%  20.0 2520s
 3917787 692987     cutoff  165      24448.0000 24462.0000  0.06%  20.0 2525s
 3924632 693787 24460.4110  167   33 24448.0000 24462.0000  0.06%  20.0 2531s
 3931411 694791 24461.6009  151   17 24448.0000 24462.0000  0.06%  20.0 2535s
 3937781 695901 24461.2741  164   21 24448.0000 24462.0000  0.06%  20.0 2540s
 3945426 696752 24460.5114  154   29 24448.0000 24462.0000  0.06%  20.0 2545s
 3948117 697309     cutoff  170      24448.0000 24462.0000  0.06%  20.0 2550s
 3958110 698624     cutoff  139      24448.0000 24462.0000  0.06%  20.0 2555s
 3963312 699508 24462.0000  149   17 24448.0000 24462.0000  0.06%  20.0 2560s
 3970172 700806     cutoff  165      24448.0000 24462.0000  0.06%  20.0 2566s
 3978348 701989 24461.9290  161   30 24448.0000 24462.0000  0.06%  20.0 2570s
 3985062 702697 24458.3599  159   18 24448.0000 24462.0000  0.06%  20.0 2576s
 3991793 704232 24461.1799  146   28 24448.0000 24462.0000  0.06%  20.0 2580s
 3997673 705744 24461.8719  151   34 24448.0000 24462.0000  0.06%  20.0 2585s
 4005003 707054 24460.0379  156   24 24448.0000 24462.0000  0.06%  20.0 2591s
 4008362 707600 24460.4509  149   29 24448.0000 24462.0000  0.06%  20.0 2595s
 4017850 709262 24461.1945  136   22 24448.0000 24462.0000  0.06%  20.0 2601s
 4023819 709802 24451.3316  152   17 24448.0000 24462.0000  0.06%  20.0 2606s
 4025189 710251 24461.7362  160   30 24448.0000 24462.0000  0.06%  20.0 2610s
 4034632 711702 24461.9484  151   29 24448.0000 24462.0000  0.06%  20.0 2615s
 4037866 712639 24462.0000  158   14 24448.0000 24462.0000  0.06%  20.0 2620s
 4047359 713627 24462.0000  149   17 24448.0000 24462.0000  0.06%  20.0 2626s
 4053274 714797 24459.7781  170   27 24448.0000 24462.0000  0.06%  20.0 2631s
 4060048 715577     cutoff  163      24448.0000 24462.0000  0.06%  20.0 2635s
 4067032 716865 24462.0000  174   11 24448.0000 24462.0000  0.06%  20.0 2640s
 4069508 717121 24461.5239  143   23 24448.0000 24462.0000  0.06%  20.0 2645s
 4077295 718371 24461.9213  168   18 24448.0000 24462.0000  0.06%  20.0 2650s
 4084654 719492 24456.5662  154   20 24448.0000 24462.0000  0.06%  20.0 2655s
 4089008 720133 24461.9918  155   17 24448.0000 24462.0000  0.06%  20.0 2660s
 4094506 720816 24462.0000  144   17 24448.0000 24462.0000  0.06%  20.0 2666s
 4101683 722267 24461.6325  165   29 24448.0000 24462.0000  0.06%  20.0 2670s
 4109094 723064     cutoff  158      24448.0000 24462.0000  0.06%  20.0 2675s
 4116162 723933 24462.0000  152   11 24448.0000 24462.0000  0.06%  20.0 2681s
 4123909 725000 24461.9749  147   30 24448.0000 24462.0000  0.06%  20.0 2687s
 4126862 725349 24450.3935  152   17 24448.0000 24462.0000  0.06%  20.0 2690s
 4134110 726572 24460.7534  157   26 24448.0000 24462.0000  0.06%  20.0 2695s
 4141172 727678 24462.0000  152   11 24448.0000 24462.0000  0.06%  20.0 2700s
 4150080 728946 24462.0000  134   15 24448.0000 24462.0000  0.06%  20.0 2706s
 4151815 729446 24462.0000  136   13 24448.0000 24462.0000  0.06%  20.0 2710s
 4161711 730878 24462.0000  151   13 24448.0000 24462.0000  0.06%  20.0 2716s
 4169144 732728     cutoff  166      24448.0000 24462.0000  0.06%  20.0 2721s
 4176560 734801 24462.0000  135   15 24448.0000 24462.0000  0.06%  20.0 2725s
 4187017 736642 24461.4583  158   19 24448.0000 24462.0000  0.06%  20.0 2732s
 4191534 737536     cutoff  165      24448.0000 24462.0000  0.06%  20.0 2736s
 4200496 739509 24462.0000  152   10 24448.0000 24462.0000  0.06%  20.0 2740s
 4210455 741434 24450.5516  164   19 24448.0000 24462.0000  0.06%  20.0 2745s
 4214003 742152 24459.4445  149   20 24448.0000 24462.0000  0.06%  20.0 2750s
 4220904 743689 24462.0000  155   14 24448.0000 24462.0000  0.06%  20.0 2755s
 4232191 745704 24462.0000  146   19 24448.0000 24462.0000  0.06%  20.0 2760s
 4241705 747163 24462.0000  149   12 24448.0000 24462.0000  0.06%  20.0 2765s
 4245521 747736 24461.4464  159   22 24448.0000 24462.0000  0.06%  20.0 2770s
 4254976 749040     cutoff  161      24448.0000 24462.0000  0.06%  20.0 2777s
 4260078 750134     cutoff  146      24448.0000 24462.0000  0.06%  20.0 2780s
 4267751 751142 24462.0000  150   15 24448.0000 24462.0000  0.06%  20.1 2785s
 4275110 752568     cutoff  153      24448.0000 24462.0000  0.06%  20.1 2790s
 4282035 754844 24461.4162  159   16 24448.0000 24462.0000  0.06%  20.1 2795s
 4286419 755920 24461.9931  147   35 24448.0000 24462.0000  0.06%  20.1 2800s
 4295012 760359 24461.9918  137   24 24448.0000 24462.0000  0.06%  20.1 2809s
 4307024 760477 infeasible  145      24448.0000 24462.0000  0.06%  20.1 2811s
 4308381 761005 24462.0000  149   11 24448.0000 24462.0000  0.06%  20.1 2815s
 4318827 763048 24456.7247  160   25 24448.0000 24462.0000  0.06%  20.1 2820s
 4327170 764867 24462.0000  141   14 24448.0000 24462.0000  0.06%  20.1 2825s
 4334006 766601 24462.0000  148   15 24448.0000 24462.0000  0.06%  20.1 2830s
 4344642 768307 24453.6034  155   13 24448.0000 24462.0000  0.06%  20.1 2837s
 4345641 768932 24461.9348  157   29 24448.0000 24462.0000  0.06%  20.1 2840s
 4358366 771280     cutoff  152      24448.0000 24462.0000  0.06%  20.1 2845s
 4367301 772715 24459.2618  170   25 24448.0000 24462.0000  0.06%  20.1 2851s
 4370660 773514     cutoff  151      24448.0000 24462.0000  0.06%  20.1 2856s
 4379599 774966 24460.0997  142   22 24448.0000 24462.0000  0.06%  20.1 2860s
 4386067 776198 24460.9058  160   15 24448.0000 24462.0000  0.06%  20.1 2865s
 4397560 777899     cutoff  168      24448.0000 24462.0000  0.06%  20.1 2870s
 4403705 779002 24461.8118  150   30 24448.0000 24462.0000  0.06%  20.1 2875s
 4413377 780302     cutoff  178      24448.0000 24462.0000  0.06%  20.1 2882s
 4417815 781219 24461.8820  163   26 24448.0000 24462.0000  0.06%  20.1 2885s
 4424497 782574     cutoff  152      24448.0000 24462.0000  0.06%  20.1 2890s
 4436152 784715 24461.9529  162   23 24448.0000 24462.0000  0.06%  20.1 2895s
 4445555 786320 24462.0000  160   12 24448.0000 24462.0000  0.06%  20.1 2900s
 4451100 787200 24462.0000  158   13 24448.0000 24462.0000  0.06%  20.1 2905s
 4458495 788671     cutoff  147      24448.0000 24462.0000  0.06%  20.1 2910s
 4465762 790149 24462.0000  155   14 24448.0000 24462.0000  0.06%  20.1 2915s
 4477305 791669 24462.0000  145   14 24448.0000 24462.0000  0.06%  20.1 2922s
 4481911 792684     cutoff  156      24448.0000 24462.0000  0.06%  20.1 2925s
 4493493 794582 24461.9623  163   27 24448.0000 24462.0000  0.06%  20.1 2930s
 4498025 795258     cutoff  142      24448.0000 24462.0000  0.06%  20.1 2935s
 4508881 797299 24461.4494  155   24 24448.0000 24462.0000  0.06%  20.1 2940s
 4515949 798163     cutoff  145      24448.0000 24462.0000  0.06%  20.1 2946s
 4518208 798595 24462.0000  146   15 24448.0000 24462.0000  0.06%  20.1 2952s
 4522991 799648 24462.0000  155   24 24448.0000 24462.0000  0.06%  20.1 2955s
 4533850 801477 24458.6223  158   14 24448.0000 24462.0000  0.06%  20.1 2960s
 4540330 802942 24461.6589  147   30 24448.0000 24462.0000  0.06%  20.1 2967s
 4550224 804170 24461.4524  164   29 24448.0000 24462.0000  0.06%  20.1 2970s
 4557346 805320     cutoff  154      24448.0000 24462.0000  0.06%  20.1 2976s
 4563859 806471 24461.2781  157   29 24448.0000 24462.0000  0.06%  20.1 2980s
 4571119 807625 24462.0000  144   24 24448.0000 24462.0000  0.06%  20.1 2985s
 4577945 808698 24450.1778  157   18 24448.0000 24462.0000  0.06%  20.1 2990s
 4583209 809492 24459.8250  142   29 24448.0000 24462.0000  0.06%  20.1 2995s
 4593786 811108 24461.9973  165   39 24448.0000 24462.0000  0.06%  20.1 3001s
 4601348 812514 24462.0000  147   13 24448.0000 24462.0000  0.06%  20.1 3005s
 4607352 813350 24462.0000  158   13 24448.0000 24462.0000  0.06%  20.1 3010s
 4617018 814901     cutoff  157      24448.0000 24462.0000  0.06%  20.1 3015s
 4626120 816142 24462.0000  164   22 24448.0000 24462.0000  0.06%  20.1 3020s
 4629557 816749 24462.0000  141   13 24448.0000 24462.0000  0.06%  20.1 3025s
 4639953 818149 24461.5607  149   21 24448.0000 24462.0000  0.06%  20.1 3030s
 4648891 819410     cutoff  166      24448.0000 24462.0000  0.06%  20.1 3035s
 4655066 820274 24461.5175  165   30 24448.0000 24462.0000  0.06%  20.1 3041s
 4663040 821726 24462.0000  141   16 24448.0000 24462.0000  0.06%  20.1 3045s
 4672265 823120 infeasible  167      24448.0000 24462.0000  0.06%  20.1 3050s
 4678333 824063 infeasible  142      24448.0000 24462.0000  0.06%  20.1 3055s
 4686298 825151 24459.0998  159   26 24448.0000 24462.0000  0.06%  20.1 3060s
 4698532 827447     cutoff  163      24448.0000 24462.0000  0.06%  20.1 3066s
 4701752 828130 24461.4928  167   22 24448.0000 24462.0000  0.06%  20.1 3070s
 4714382 830014 24461.9925  148   27 24448.0000 24462.0000  0.06%  20.1 3075s
 4718942 830625 24456.1910  144   19 24448.0000 24462.0000  0.06%  20.1 3080s
 4726693 831945 24462.0000  145   13 24448.0000 24462.0000  0.06%  20.1 3085s
 4738271 834254 24461.2421  141   25 24448.0000 24462.0000  0.06%  20.1 3090s
 4742234 836568     cutoff  164      24448.0000 24462.0000  0.06%  20.1 3098s
 4754246 836785 infeasible  173      24448.0000 24462.0000  0.06%  20.1 3100s
 4757498 837453 24461.7477  153   31 24448.0000 24462.0000  0.06%  20.1 3105s
 4767347 838612     cutoff  155      24448.0000 24462.0000  0.06%  20.1 3111s
 4776009 840081 24461.2589  141   22 24448.0000 24462.0000  0.06%  20.1 3115s
 4782828 841281     cutoff  155      24448.0000 24462.0000  0.06%  20.1 3120s
 4791807 842805 24461.8549  158   28 24448.0000 24462.0000  0.06%  20.1 3125s
 4798797 844179     cutoff  150      24448.0000 24462.0000  0.06%  20.1 3131s
 4806477 845190 24459.8116  149   19 24448.0000 24462.0000  0.06%  20.1 3135s
 4812166 846346 24460.0083  152   29 24448.0000 24462.0000  0.06%  20.1 3140s
 4822424 847427 24462.0000  157   13 24448.0000 24462.0000  0.06%  20.1 3147s
 4827400 848025 24461.9627  140   34 24448.0000 24462.0000  0.06%  20.1 3151s
 4834359 849696 24462.0000  139   15 24448.0000 24462.0000  0.06%  20.1 3155s
 4845900 851448     cutoff  155      24448.0000 24462.0000  0.06%  20.1 3160s
 4854718 852313 24461.4686  153   24 24448.0000 24462.0000  0.06%  20.1 3168s
 4854734 853654 24460.1042  154   22 24448.0000 24462.0000  0.06%  20.1 3172s
 4868835 854306 24457.9987  148   19 24448.0000 24462.0000  0.06%  20.1 3175s
 4876959 855210 24462.0000  137   21 24448.0000 24462.0000  0.06%  20.1 3180s
 4886711 856397 24459.9195  150   21 24448.0000 24462.0000  0.06%  20.1 3188s
 4888758 857226 24462.0000  149   12 24448.0000 24462.0000  0.06%  20.1 3190s
 4896774 858448 24454.8850  153   15 24448.0000 24462.0000  0.06%  20.1 3195s
 4907143 859642     cutoff  142      24448.0000 24462.0000  0.06%  20.1 3200s
 4913968 860265     cutoff  166      24448.0000 24462.0000  0.06%  20.1 3206s
 4923802 862408 24462.0000  158   12 24448.0000 24462.0000  0.06%  20.1 3210s
 4930206 863329 24461.5153  161   31 24448.0000 24462.0000  0.06%  20.1 3215s
 4940106 864411 24453.8006  159   14 24448.0000 24462.0000  0.06%  20.1 3220s
 4948546 865289 24457.2905  162   13 24448.0000 24462.0000  0.06%  20.1 3226s
 4955426 866385 24461.7780  170   31 24448.0000 24462.0000  0.06%  20.1 3230s
 4962807 867237 24461.7914  168   24 24448.0000 24462.0000  0.06%  20.1 3235s
 4967924 868018 24460.6322  153   12 24448.0000 24462.0000  0.06%  20.2 3240s
 4976430 869016 24461.7111  145   37 24448.0000 24462.0000  0.06%  20.2 3245s
 4984884 870516 24461.3883  161   21 24448.0000 24462.0000  0.06%  20.2 3250s
 4996195 871727 24462.0000  145   15 24448.0000 24462.0000  0.06%  20.2 3255s
 5000112 872130 24462.0000  148   16 24448.0000 24462.0000  0.06%  20.2 3260s
 5009937 872903 24461.4361  144   27 24448.0000 24462.0000  0.06%  20.2 3266s
 5012975 873400 24454.1306  172   21 24448.0000 24462.0000  0.06%  20.2 3270s
 5023498 874683 24457.6192  140   13 24448.0000 24462.0000  0.06%  20.2 3275s
 5032565 875496 24453.5563  171   24 24448.0000 24462.0000  0.06%  20.2 3282s
 5037751 876060 24454.2112  158   14 24448.0000 24462.0000  0.06%  20.2 3285s
 5043943 876398 24461.0031  167   32 24448.0000 24462.0000  0.06%  20.2 3291s
 5051395 877673 24462.0000  152   13 24448.0000 24462.0000  0.06%  20.2 3295s
 5065214 878996     cutoff  160      24448.0000 24462.0000  0.06%  20.2 3301s
 5069953 879446 24457.3606  157   21 24448.0000 24462.0000  0.06%  20.2 3305s
 5072432 879796 24461.8728  142   26 24448.0000 24462.0000  0.06%  20.2 3310s
 5082935 880958 24457.6237  147   27 24448.0000 24462.0000  0.06%  20.2 3315s
 5092321 881743 24453.8875  173   20 24448.0000 24462.0000  0.06%  20.2 3320s
 5101144 882855 24462.0000  156   14 24448.0000 24462.0000  0.06%  20.2 3325s
 5110196 883754 24461.9850  154   25 24448.0000 24462.0000  0.06%  20.2 3332s
 5114842 884557     cutoff  147      24448.0000 24462.0000  0.06%  20.2 3335s
 5121423 885795     cutoff  156      24448.0000 24462.0000  0.06%  20.2 3340s
 5129234 886840     cutoff  151      24448.0000 24462.0000  0.06%  20.2 3345s
 5135433 887422     cutoff  142      24448.0000 24462.0000  0.06%  20.2 3350s
 5145138 888650 24461.6671  160   25 24448.0000 24462.0000  0.06%  20.2 3355s
 5147405 888847     cutoff  155      24448.0000 24462.0000  0.06%  20.2 3360s
 5157400 889938 24462.0000  156   20 24448.0000 24462.0000  0.06%  20.2 3365s
 5166289 890980 24461.9348  165   31 24448.0000 24462.0000  0.06%  20.2 3370s
 5171103 891263 24462.0000  150   15 24448.0000 24462.0000  0.06%  20.2 3375s
 5174041 892091 24460.9058  156   15 24448.0000 24462.0000  0.06%  20.2 3380s
 5185791 893043     cutoff  154      24448.0000 24462.0000  0.06%  20.2 3385s
 5191081 893973 24461.9887  149   32 24448.0000 24462.0000  0.06%  20.2 3391s
 5199527 894505 infeasible  165      24448.0000 24462.0000  0.06%  20.2 3396s
 5209191 896173 24455.7715  141   18 24448.0000 24462.0000  0.06%  20.2 3400s
 5216812 897263 24460.0851  165   22 24448.0000 24462.0000  0.06%  20.2 3407s
 5223998 898419 24449.4163  154   11 24448.0000 24462.0000  0.06%  20.2 3410s
 5234025 899606     cutoff  141      24448.0000 24462.0000  0.06%  20.2 3415s
 5239908 900782 24462.0000  143   19 24448.0000 24462.0000  0.06%  20.2 3420s
 5250455 901801 24459.8708  173   31 24448.0000 24462.0000  0.06%  20.2 3427s
 5251832 902144 24461.0909  167   23 24448.0000 24462.0000  0.06%  20.2 3430s
 5262956 903750 24460.0624  151   29 24448.0000 24462.0000  0.06%  20.2 3435s
 5269892 904320 24461.8663  171   29 24448.0000 24462.0000  0.06%  20.2 3441s
 5271397 904680 infeasible  159      24448.0000 24462.0000  0.06%  20.2 3445s
 5283174 906142     cutoff  151      24448.0000 24462.0000  0.06%  20.2 3450s
 5292399 907188 24462.0000  144   15 24448.0000 24462.0000  0.06%  20.2 3455s
 5298927 908213 24462.0000  150   14 24448.0000 24462.0000  0.06%  20.2 3460s
 5305240 909004 24461.9296  145   30 24448.0000 24462.0000  0.06%  20.2 3465s
 5312205 909973 24456.1434  151   21 24448.0000 24462.0000  0.06%  20.2 3471s
 5321242 910835 24451.0462  149   10 24448.0000 24462.0000  0.06%  20.2 3475s
 5332410 912533 24454.3124  166   28 24448.0000 24462.0000  0.06%  20.2 3480s
 5337003 913339 24460.0851  164   15 24448.0000 24462.0000  0.06%  20.2 3485s
 5341819 913909 infeasible  164      24448.0000 24462.0000  0.06%  20.2 3490s
 5347831 914573 24453.2462  151   12 24448.0000 24462.0000  0.06%  20.2 3495s
 5357559 915527     cutoff  156      24448.0000 24462.0000  0.06%  20.2 3500s
 5364687 916233 24462.0000  155   15 24448.0000 24462.0000  0.06%  20.2 3506s
 5368114 917106 24458.2895  157   25 24448.0000 24462.0000  0.06%  20.2 3510s
 5376395 918081 24462.0000  147   23 24448.0000 24462.0000  0.06%  20.2 3515s
 5386603 920142 24461.7812  160   32 24448.0000 24462.0000  0.06%  20.2 3520s
 5395291 921161 24461.7278  174   31 24448.0000 24462.0000  0.06%  20.2 3526s
 5403347 922664 24461.9644  147   22 24448.0000 24462.0000  0.06%  20.2 3531s
 5408585 923117 24462.0000  167   23 24448.0000 24462.0000  0.06%  20.2 3537s
 5414834 924045     cutoff  159      24448.0000 24462.0000  0.06%  20.2 3540s
 5423788 925387     cutoff  170      24448.0000 24462.0000  0.06%  20.2 3545s
 5430684 926324 24462.0000  145   13 24448.0000 24462.0000  0.06%  20.2 3550s
 5434394 926938 24462.0000  149   13 24448.0000 24462.0000  0.06%  20.2 3556s
 5444346 927941 24460.6322  159   16 24448.0000 24462.0000  0.06%  20.2 3562s
 5449852 928835 24461.0535  165   19 24448.0000 24462.0000  0.06%  20.2 3565s
 5457628 929895 24462.0000  164   24 24448.0000 24462.0000  0.06%  20.2 3570s
 5463184 930400 24457.7356  156   22 24448.0000 24462.0000  0.06%  20.2 3576s
 5466115 930992 24462.0000  148   13 24448.0000 24462.0000  0.06%  20.2 3580s
 5476701 932625     cutoff  149      24448.0000 24462.0000  0.06%  20.2 3585s
 5484338 933496     cutoff  154      24448.0000 24462.0000  0.06%  20.2 3591s
 5487915 934176 24459.8213  152   21 24448.0000 24462.0000  0.06%  20.2 3595s
 5495715 935452 24462.0000  165   13 24448.0000 24462.0000  0.06%  20.2 3600s

Cutting planes:
  Gomory: 18
  Cover: 692
  MIR: 12
  StrongCG: 12
  Flow cover: 3
  Inf proof: 1
  Zero half: 1
  RLT: 3

Explored 5497030 nodes (111174796 simplex iterations) in 3600.05 seconds
Thread count was 12 (of 12 available processors)

Solution count 9: 24448 24370 24312 ... 20592

Time limit reached
Best objective 2.444800000000e+04, best bound 2.446200000000e+04, gap 0.0573%
