
Gurobi 9.1.2 (win64, Java) logging started Wed Nov 10 20:24:45 2021

Academic license - for non-commercial use only - expires 2022-10-30
Gurobi Optimizer version 9.1.2 build v9.1.2rc0 (win64)
Thread count: 6 physical cores, 12 logical processors, using up to 12 threads
Optimize a model with 70 rows, 600 columns and 1200 nonzeros
Model fingerprint: 0xd50e7056
Variable types: 0 continuous, 600 integer (600 binary)
Coefficient statistics:
  Matrix range     [1e+00, 1e+03]
  Objective range  [4e+01, 1e+03]
  Bounds range     [1e+00, 1e+00]
  RHS range        [1e+00, 3e+03]
Found heuristic solution: objective 19024.000000
Presolve removed 0 rows and 86 columns
Presolve time: 0.01s
Presolved: 70 rows, 514 columns, 1028 nonzeros
Variable types: 0 continuous, 514 integer (514 binary)
Presolved: 70 rows, 514 columns, 1028 nonzeros


Root relaxation: objective 2.468565e+04, 98 iterations, 0.00 seconds

    Nodes    |    Current Node    |     Objective Bounds      |     Work
 Expl Unexpl |  Obj  Depth IntInf | Incumbent    BestBd   Gap | It/Node Time

     0     0 24685.6514    0   13 19024.0000 24685.6514  29.8%     -    0s
H    0     0                    23732.000000 24685.6514  4.02%     -    0s
H    0     0                    24267.000000 24685.6514  1.73%     -    0s
H    0     0                    24453.000000 24685.6514  0.95%     -    0s
H    0     0                    24534.000000 24685.6514  0.62%     -    0s
     0     0 24682.6702    0   12 24534.0000 24682.6702  0.61%     -    0s
     0     0 24682.6702    0   11 24534.0000 24682.6702  0.61%     -    0s
     0     0 24682.6388    0   22 24534.0000 24682.6388  0.61%     -    0s
     0     0 24682.6388    0   21 24534.0000 24682.6388  0.61%     -    0s
     0     0 24682.6388    0   25 24534.0000 24682.6388  0.61%     -    0s
     0     0 24682.6388    0   15 24534.0000 24682.6388  0.61%     -    0s
     0     2 24682.6388    0   15 24534.0000 24682.6388  0.61%     -    0s
  1700  1489 24598.9643   54   21 24534.0000 24611.0002  0.31%   5.8    5s
  1803  1572 24611.0002   35   21 24534.0000 24611.0002  0.31%   7.2   11s
H 1820  1506                    24538.000000 24611.0002  0.30%   7.2   13s
* 6852  2941             125    24556.000000 24611.0002  0.22%   8.5   13s
 11739  5247 24581.9899   77   20 24556.0000 24611.0002  0.22%   9.9   15s
H21557  7947                    24576.000000 24611.0002  0.14%   9.4   19s
 25360 10393 24594.7893  101   10 24576.0000 24611.0002  0.14%   8.9   21s
 34076 14542 24589.0679   86    9 24576.0000 24611.0002  0.14%   8.3   25s
 36234 15495 24611.0001   47   14 24576.0000 24611.0001  0.14%   8.3   30s
 38315 18792 24611.0001   70   21 24576.0000 24611.0001  0.14%   8.2   35s
 67092 25610 24605.1905  101   12 24576.0000 24611.0001  0.14%   7.6   40s
 81937 25560 24607.1209   98   22 24576.0000 24611.0001  0.14%   7.4   45s
 97292 30436 24593.1205  102   11 24576.0000 24611.0001  0.14%   7.3   50s
 133353 47230 24611.0001  131   14 24576.0000 24611.0001  0.14%   7.1   55s
 155305 60625 24610.7793  124   18 24576.0000 24611.0001  0.14%   6.9   60s
 173357 69423     cutoff  109      24576.0000 24611.0001  0.14%   7.0   66s
 175933 71618 24608.8560  106   17 24576.0000 24611.0001  0.14%   7.0   70s
 213240 91701 infeasible  142      24576.0000 24611.0001  0.14%   7.2   75s
 242444 106567 24611.0001   99    8 24576.0000 24611.0001  0.14%   7.5   80s
 257209 114948 24611.0001  136   15 24576.0000 24611.0001  0.14%   7.6   85s
 265932 120210 24599.0466  123   17 24576.0000 24611.0001  0.14%   7.7   90s
 290449 133883 24611.0001  133   10 24576.0000 24611.0001  0.14%   7.7   95s
 313672 146200 24584.7565  139   13 24576.0000 24611.0001  0.14%   7.8  100s
 323887 149942 24610.3336  147   16 24576.0000 24611.0001  0.14%   7.9  105s
 340178 159210 24596.7482  119   19 24576.0000 24611.0001  0.14%   7.9  110s
 347261 162809 24604.0001  118   15 24576.0000 24611.0001  0.14%   7.9  115s
 363445 170981     cutoff  116      24576.0000 24611.0001  0.14%   8.0  120s
 369429 179009 infeasible  128      24576.0000 24611.0001  0.14%   8.1  125s
 399109 188606 24610.9186  121   22 24576.0000 24611.0001  0.14%   8.2  130s
 406668 197243 24599.0537  138   21 24576.0000 24611.0001  0.14%   8.3  136s
 437405 206965 24607.6909  122   17 24576.0000 24611.0001  0.14%   8.3  140s
 460637 218452 24611.0001  121   21 24576.0000 24611.0001  0.14%   8.4  145s
 479382 226911 24611.0001  116   17 24576.0000 24611.0001  0.14%   8.4  150s
 486655 229712     cutoff  113      24576.0000 24611.0001  0.14%   8.5  156s
 506674 239914     cutoff  114      24576.0000 24611.0001  0.14%   8.5  160s
 534071 253897 24578.3314  138   14 24576.0000 24611.0001  0.14%   8.6  165s
 552682 262558 24611.0001  108   15 24576.0000 24611.0001  0.14%   8.6  171s
 564577 269149 24611.0001  120   15 24576.0000 24611.0001  0.14%   8.7  175s
 589374 281485 24593.9644  126   21 24576.0000 24611.0001  0.14%   8.7  180s
 610100 292192 24608.3387  128   21 24576.0000 24611.0001  0.14%   8.8  185s
 630002 301440 24593.7182  125   22 24576.0000 24611.0001  0.14%   8.8  192s
 642026 308033 24611.0001  118   30 24576.0000 24611.0001  0.14%   8.9  195s
 671108 320665 24611.0001  126   17 24576.0000 24611.0001  0.14%   9.0  200s
 694362 330755 24609.3493  123   27 24576.0000 24611.0001  0.14%   9.0  205s
 702927 333613     cutoff  138      24576.0000 24611.0001  0.14%   9.0  210s
 723680 342017 24600.4836  116   22 24576.0000 24611.0001  0.14%   9.1  216s
 739301 348925 24583.0001  122   19 24576.0000 24611.0001  0.14%   9.2  220s
 760116 357507 24581.4689  143   12 24576.0000 24611.0001  0.14%   9.3  225s
 782216 365088 24610.8254  134   25 24576.0000 24611.0001  0.14%   9.3  233s
 786329 366642 24608.8789  122   29 24576.0000 24611.0001  0.14%   9.3  237s
 802824 373508 24611.0001  134   15 24576.0000 24611.0001  0.14%   9.4  240s
 817368 379836     cutoff  131      24576.0000 24611.0001  0.14%   9.5  245s
 839099 387261     cutoff  141      24576.0000 24611.0001  0.14%   9.5  250s
 858828 394877 24611.0001  110   12 24576.0000 24611.0001  0.14%   9.6  256s
 872808 399511 24611.0001  120    7 24576.0000 24611.0001  0.14%   9.6  263s
 872941 399799 24611.0001  120    6 24576.0000 24611.0001  0.14%   9.6  266s
 892715 408121 24611.0001  111   16 24576.0000 24611.0001  0.14%   9.7  272s
 906645 414370     cutoff  118      24576.0000 24611.0001  0.14%   9.7  275s
 917305 417323 24592.5876  105   20 24576.0000 24611.0001  0.14%   9.7  281s
 932014 422319 24580.2393  129    8 24576.0000 24611.0001  0.14%   9.8  285s
 940433 425067 24611.0001  110   14 24576.0000 24611.0001  0.14%   9.8  293s
 950350 428790     cutoff  133      24576.0000 24611.0001  0.14%   9.8  295s
 970769 434971 24611.0001  113   20 24576.0000 24611.0001  0.14%   9.8  300s
H971172 405706                    24583.000000 24611.0001  0.11%   9.8  300s
 978594 408004 24611.0001  107   19 24583.0000 24611.0001  0.11%   9.9  305s
 987579 410892 24610.9766  133   21 24583.0000 24611.0001  0.11%   9.9  310s
 1013777 419161 24611.0001  116   10 24583.0000 24611.0001  0.11%  10.0  315s
 1034444 425047     cutoff  129      24583.0000 24611.0001  0.11%  10.1  320s
H1034699 395545                    24591.000000 24611.0001  0.08%  10.1  320s
 1044422 398594 24594.3357  132   10 24591.0000 24611.0001  0.08%  10.1  325s
 1058929 403376 24611.0001  116   19 24591.0000 24611.0001  0.08%  10.2  330s
 1081156 412241 24611.0001  117   14 24591.0000 24611.0001  0.08%  10.2  335s
 1108724 420364 24611.0001  127   12 24591.0000 24611.0001  0.08%  10.3  342s
 1115514 422442     cutoff  130      24591.0000 24611.0001  0.08%  10.3  345s
 1133217 427282 infeasible  126      24591.0000 24611.0001  0.08%  10.3  350s
 1141272 429815 24610.4622  121   32 24591.0000 24611.0001  0.08%  10.3  356s
 1159785 436521 24608.1900  120   26 24591.0000 24611.0001  0.08%  10.3  362s
 1174897 440831 24611.0001  105   16 24591.0000 24611.0001  0.08%  10.4  368s
 1177119 441770 24606.5558  118   28 24591.0000 24611.0001  0.08%  10.4  371s
 1185336 444417 24611.0001  114   12 24591.0000 24611.0001  0.08%  10.4  375s
 1204549 449483     cutoff  128      24591.0000 24611.0001  0.08%  10.4  380s
 1236712 458604 24610.3817  124   22 24591.0000 24611.0001  0.08%  10.4  385s
 1244560 461078 24611.0001  106   11 24591.0000 24611.0001  0.08%  10.5  391s
 1250966 462633 24611.0001  134   24 24591.0000 24611.0001  0.08%  10.5  395s
 1279129 471421 24611.0001  131   19 24591.0000 24611.0001  0.08%  10.5  400s
 1298979 478787 24611.0001  120   11 24591.0000 24611.0001  0.08%  10.5  405s
 1328636 488757 24611.0001  131   19 24591.0000 24611.0001  0.08%  10.6  410s
 1336369 490793 infeasible  126      24591.0000 24611.0001  0.08%  10.6  416s
 1357726 496283 24600.6783  127   19 24591.0000 24611.0001  0.08%  10.6  420s
 1387420 502495     cutoff  131      24591.0000 24611.0001  0.08%  10.6  425s
 1400196 509404 24611.0001  113   14 24591.0000 24611.0001  0.08%  10.5  430s
 1409443 511694 24608.5089  137   20 24591.0000 24611.0001  0.08%  10.6  435s
 1415693 514240 24611.0001  141   13 24591.0000 24611.0001  0.08%  10.6  440s
 1433754 520599 24611.0001  126    9 24591.0000 24611.0001  0.08%  10.6  445s
 1447573 526357 24611.0001  130   12 24591.0000 24611.0001  0.08%  10.6  451s
 1452773 529048 24606.4015  137   29 24591.0000 24611.0001  0.08%  10.6  455s
 1477184 538229 24611.0001  106   25 24591.0000 24611.0001  0.08%  10.7  460s
 1493063 545061 24604.3683  133   14 24591.0000 24611.0001  0.08%  10.7  466s
 1498074 547993 24611.0001  127   10 24591.0000 24611.0001  0.08%  10.7  470s
 1523461 559517 24610.2786  123   18 24591.0000 24611.0001  0.08%  10.7  477s
 1530572 562226 24611.0001  101   24 24591.0000 24611.0001  0.08%  10.7  481s
 1550914 571365     cutoff  124      24591.0000 24611.0001  0.08%  10.8  485s
H1563420  1534                    24611.001434 24611.0014  0.00%  10.8  487s

Cutting planes:
  Gomory: 15
  Cover: 34
  Clique: 5
  MIR: 36
  StrongCG: 39
  Flow cover: 7
  Inf proof: 38
  Zero half: 2
  RLT: 5

Explored 1563935 nodes (16831583 simplex iterations) in 487.15 seconds
Thread count was 12 (of 12 available processors)

Solution count 10: 24611 24591 24583 ... 23732

Optimal solution found (tolerance 1.00e-12)
Best objective 2.461100000000e+04, best bound 2.461100000000e+04, gap 0.0000%
