
Gurobi 9.1.2 (win64, Java) logging started Wed Nov 10 20:33:58 2021

Academic license - for non-commercial use only - expires 2022-10-30
Gurobi Optimizer version 9.1.2 build v9.1.2rc0 (win64)
Thread count: 6 physical cores, 12 logical processors, using up to 12 threads
Optimize a model with 70 rows, 600 columns and 1200 nonzeros
Model fingerprint: 0x94e1e8c3
Variable types: 0 continuous, 600 integer (600 binary)
Coefficient statistics:
  Matrix range     [1e+00, 1e+03]
  Objective range  [6e+00, 1e+03]
  Bounds range     [1e+00, 1e+00]
  RHS range        [1e+00, 2e+03]
Found heuristic solution: objective 18343.000000
Presolve removed 0 rows and 42 columns
Presolve time: 0.01s
Presolved: 70 rows, 558 columns, 1116 nonzeros
Variable types: 0 continuous, 558 integer (558 binary)
Presolved: 70 rows, 558 columns, 1116 nonzeros


Root relaxation: objective 2.370981e+04, 147 iterations, 0.00 seconds

    Nodes    |    Current Node    |     Objective Bounds      |     Work
 Expl Unexpl |  Obj  Depth IntInf | Incumbent    BestBd   Gap | It/Node Time

     0     0 23709.8089    0   16 18343.0000 23709.8089  29.3%     -    0s
H    0     0                    22988.000000 23709.8089  3.14%     -    0s
H    0     0                    23275.000000 23709.8089  1.87%     -    0s
     0     0 23690.6869    0   23 23275.0000 23690.6869  1.79%     -    0s
     0     0 23690.6869    0   26 23275.0000 23690.6869  1.79%     -    1s
     0     0 23678.1865    0   30 23275.0000 23678.1865  1.73%     -    1s
     0     0 23678.1865    0   24 23275.0000 23678.1865  1.73%     -    1s
     0     0 23678.1865    0   28 23275.0000 23678.1865  1.73%     -    1s
     0     0 23678.1865    0   11 23275.0000 23678.1865  1.73%     -    1s
     0     2 23678.1865    0   11 23275.0000 23678.1865  1.73%     -    2s
H   35    44                    23305.000000 23678.1865  1.60%  14.5    2s
H  284   431                    23329.000000 23678.1865  1.50%   7.2    4s
H  449   430                    23429.000000 23678.1865  1.06%   6.1    6s
H  451   419                    23493.000000 23678.1865  0.79%   6.1    6s
H 2846  2285                    23504.000000 23678.1865  0.74%   5.3    8s
  2849  2287 23663.9737   32   21 23504.0000 23663.9737  0.68%   5.3   10s
  2877  2308 23663.9737   73   24 23504.0000 23663.9737  0.68%   6.3   15s
H 2892  2201                    23513.000000 23663.9737  0.64%   6.3   17s
H 2924  2121                    23515.000000 23662.2081  0.63%   7.2   19s
H 2928  2015                    23575.000000 23662.2081  0.37%   7.2   19s
  2980  2057 23656.4482   32   19 23575.0000 23660.5450  0.36%   7.1   21s
H 2983  1956                    23587.000000 23660.5450  0.31%   7.2   21s
 17841 12602 23644.0001  103   32 23587.0000 23660.2782  0.31%   4.3   25s
 17906 12670 23659.0711   46   21 23587.0000 23660.2782  0.31%   4.4   31s
 18762 13323 23594.1261   80   15 23587.0000 23660.2782  0.31%   4.5   35s
 55424 30711 23656.8907   77   23 23587.0000 23659.3034  0.31%   3.9   40s
H55427 29177                    23598.000000 23659.3034  0.26%   3.9   41s
H55428 27719                    23625.000000 23659.3034  0.15%   3.9   41s
H55431 26335                    23644.000000 23659.3034  0.06%   3.9   43s
 55436 26338 23644.0372  140   30 23644.0000 23659.3034  0.06%   3.9   45s
 55452 26349 23653.0000  140   31 23644.0000 23659.3034  0.06%   3.9   50s
 55467 26362 23659.3034   56   20 23644.0000 23659.3034  0.06%   4.1   55s
 70050 33126 23655.5560  116   23 23644.0000 23657.6827  0.06%   4.3   60s
 73329 34569 23648.5059  123   29 23644.0000 23654.3263  0.04%   4.3   65s
 77645 36170 23650.7189  185   15 23644.0000 23653.0000  0.04%   4.5   72s
 90378 39623 23649.1429  119   15 23644.0000 23653.0000  0.04%   4.9   75s
 127361 51433 23651.8919  189   16 23644.0000 23653.0000  0.04%   5.4   80s
 136446 51825 23647.8065  173   22 23644.0000 23653.0000  0.04%   5.6   85s
 147110 48989     cutoff  155      23644.0000 23653.0000  0.04%   6.0   90s
 153860 48469 23653.0000  211   12 23644.0000 23653.0000  0.04%   6.4   95s
 162523 47892 23652.4066  152   23 23644.0000 23653.0000  0.04%   6.9  100s
 172473 46965     cutoff  194      23644.0000 23653.0000  0.04%   7.3  105s
 186034 47943 23653.0000  157    9 23644.0000 23653.0000  0.04%   7.6  110s
 199419 49908     cutoff  167      23644.0000 23653.0000  0.04%   7.9  115s
 209972 51171 23652.9939  173   18 23644.0000 23653.0000  0.04%   8.1  120s
 221388 52511 23648.7364  166    8 23644.0000 23653.0000  0.04%   8.3  125s
 232088 53859     cutoff  177      23644.0000 23653.0000  0.04%   8.5  130s
 244601 55130 23653.0000  173   11 23644.0000 23653.0000  0.04%   8.7  135s
 253948 55946     cutoff  171      23644.0000 23653.0000  0.04%   8.8  140s
 264760 56940 23653.0000  156   10 23644.0000 23653.0000  0.04%   9.0  145s
 274021 57979 23652.7703  172   19 23644.0000 23653.0000  0.04%   9.1  150s
 286725 59045 23646.7183  170   12 23644.0000 23653.0000  0.04%   9.2  156s
 295665 59972 23653.0000  165   11 23644.0000 23653.0000  0.04%   9.3  160s
 306318 60941 23652.9218  164   16 23644.0000 23653.0000  0.04%   9.4  165s
 314541 61732     cutoff  163      23644.0000 23653.0000  0.04%   9.6  170s
 326351 63199     cutoff  181      23644.0000 23653.0000  0.04%   9.8  175s
 337290 63897     cutoff  167      23644.0000 23653.0000  0.04%   9.9  181s
 344697 64539     cutoff  162      23644.0000 23653.0000  0.04%  10.0  185s
 355433 65451     cutoff  162      23644.0000 23653.0000  0.04%  10.1  190s
 364060 66236 23652.9014  167   13 23644.0000 23653.0000  0.04%  10.2  195s
 373172 67430 23653.0000  162    8 23644.0000 23653.0000  0.04%  10.3  200s
 384343 68899 23652.5960  178   18 23644.0000 23653.0000  0.04%  10.4  205s
 395301 69736 23647.1004  168   14 23644.0000 23653.0000  0.04%  10.5  210s
 404921 70505 23647.1004  171   14 23644.0000 23653.0000  0.04%  10.6  215s
 413961 71712     cutoff  172      23644.0000 23653.0000  0.04%  10.6  220s
 425053 72908     cutoff  166      23644.0000 23653.0000  0.04%  10.7  225s
 434492 73378 23653.0000  163   11 23644.0000 23653.0000  0.04%  10.8  230s
 443759 73742 23653.0000  162   13 23644.0000 23653.0000  0.04%  10.8  236s
 450122 74296 23652.9633  166   15 23644.0000 23653.0000  0.04%  10.8  240s
 460589 75004 23652.5778  166   17 23644.0000 23653.0000  0.04%  10.8  245s
 469710 75352     cutoff  167      23644.0000 23653.0000  0.04%  10.9  250s
 479112 75921     cutoff  161      23644.0000 23653.0000  0.04%  10.9  255s
 486496 76363 23653.0000  158    8 23644.0000 23653.0000  0.04%  10.9  260s
 496097 76606     cutoff  165      23644.0000 23653.0000  0.04%  11.0  265s
 505813 77213 23652.7035  175   16 23644.0000 23653.0000  0.04%  11.0  270s
 514974 77787     cutoff  157      23644.0000 23653.0000  0.04%  11.0  275s
 519762 78383 23652.9673  172   12 23644.0000 23653.0000  0.04%  11.0  281s
 532058 78764 23649.6389  180   22 23644.0000 23653.0000  0.04%  11.1  286s
 540243 79006 23653.0000  172    9 23644.0000 23653.0000  0.04%  11.1  293s
 543252 79717     cutoff  163      23644.0000 23653.0000  0.04%  11.1  296s
 551528 80840 23652.0922  169   14 23644.0000 23653.0000  0.04%  11.1  300s
 560530 81922 23652.4543  195   27 23644.0000 23653.0000  0.04%  11.2  305s
 568865 83314     cutoff  171      23644.0000 23653.0000  0.04%  11.2  310s
 577078 85593 23646.3363  201   18 23644.0000 23653.0000  0.04%  11.3  315s
 585715 87777 23646.1196  224   28 23644.0000 23653.0000  0.04%  11.4  320s
 595880 90184 23653.0000  192   12 23644.0000 23653.0000  0.04%  11.6  325s
 605214 92259     cutoff  220      23644.0000 23653.0000  0.04%  11.7  330s
 616184 94455 23647.5758  204   30 23644.0000 23653.0000  0.04%  11.8  335s
 623860 96036 23652.4318  159   26 23644.0000 23653.0000  0.04%  11.9  340s
 632745 97861     cutoff  216      23644.0000 23653.0000  0.04%  12.1  345s
 641837 99667 23646.8361  205   24 23644.0000 23653.0000  0.04%  12.1  350s
 646720 100809     cutoff  212      23644.0000 23653.0000  0.04%  12.2  355s
 655954 102333     cutoff  167      23644.0000 23653.0000  0.04%  12.3  360s
 665456 104321 23646.0789  211   24 23644.0000 23653.0000  0.04%  12.4  365s
 674795 105924 23652.9882  168   15 23644.0000 23653.0000  0.04%  12.4  370s
 682953 107223 23653.0000  197   14 23644.0000 23653.0000  0.04%  12.5  375s
 691390 108809 23646.8361  201   22 23644.0000 23653.0000  0.04%  12.6  380s
 701386 110386     cutoff  158      23644.0000 23653.0000  0.04%  12.6  385s
 710358 111842 23653.0000  159   12 23644.0000 23653.0000  0.04%  12.7  391s
 719568 113534 23652.9955  198   33 23644.0000 23653.0000  0.04%  12.7  395s
 732597 115639     cutoff  204      23644.0000 23653.0000  0.04%  12.8  400s
 740310 117001     cutoff  163      23644.0000 23653.0000  0.04%  12.8  405s
 747163 117794 23645.1902  192   32 23644.0000 23653.0000  0.04%  12.8  410s
 752770 118571 23646.8290  163    9 23644.0000 23653.0000  0.04%  12.8  415s
 763572 120169 23646.7183  161   12 23644.0000 23653.0000  0.04%  12.9  420s
 774568 121572 23653.0000  165   17 23644.0000 23653.0000  0.04%  12.9  425s
 782495 122825 23653.0000  163   11 23644.0000 23653.0000  0.04%  12.9  430s
 790077 123998     cutoff  157      23644.0000 23653.0000  0.04%  12.9  435s
 798589 125453     cutoff  184      23644.0000 23653.0000  0.04%  12.9  440s
 808350 126994     cutoff  204      23644.0000 23653.0000  0.04%  12.9  445s
 815751 128310     cutoff  169      23644.0000 23653.0000  0.04%  12.9  450s
 828118 129114     cutoff  154      23644.0000 23653.0000  0.04%  12.9  455s
 837251 129837 23646.5885  191   24 23644.0000 23653.0000  0.04%  12.8  460s
 844541 130675     cutoff  157      23644.0000 23653.0000  0.04%  12.8  465s
 854220 131707 23653.0000  142   11 23644.0000 23653.0000  0.04%  12.8  470s
 862126 132652 23653.0000  165   16 23644.0000 23653.0000  0.04%  12.8  475s
 871201 133476 23651.8087  199   21 23644.0000 23653.0000  0.04%  12.8  480s
 879581 134043     cutoff  198      23644.0000 23653.0000  0.04%  12.9  486s
 885192 134332 23649.7447  184   26 23644.0000 23653.0000  0.04%  12.9  490s
 892959 134696     cutoff  188      23644.0000 23653.0000  0.04%  12.9  495s
 900565 135081 23653.0000  194    6 23644.0000 23653.0000  0.04%  12.9  500s
 906099 135268 23653.0000  136   19 23644.0000 23653.0000  0.04%  13.0  505s
 913894 136444 23646.2469  202   22 23644.0000 23653.0000  0.04%  13.0  510s
 923297 138714 23653.0000  198   12 23644.0000 23653.0000  0.04%  13.0  515s
 931039 140695     cutoff  199      23644.0000 23653.0000  0.04%  13.0  520s
 940578 142572 23653.0000  166   12 23644.0000 23653.0000  0.04%  13.0  525s
 950992 145563     cutoff  181      23644.0000 23653.0000  0.04%  13.0  530s
 962505 148268 23652.3899  177   17 23644.0000 23653.0000  0.04%  13.0  535s
 973670 150105 23652.6995  176   14 23644.0000 23653.0000  0.04%  12.9  540s
 982951 151709     cutoff  179      23644.0000 23653.0000  0.04%  12.9  545s
 994079 153669 23645.5722  184   14 23644.0000 23653.0000  0.04%  12.9  550s
 1003872 155329 23653.0000  175   11 23644.0000 23653.0000  0.04%  12.9  555s
 1014485 156350 23653.0000  182    9 23644.0000 23653.0000  0.04%  12.8  560s
 1019581 156816 23653.0000  177   12 23644.0000 23653.0000  0.04%  12.8  565s
 1030129 157605 23653.0000  175    7 23644.0000 23653.0000  0.04%  12.8  570s
 1041429 158432     cutoff  179      23644.0000 23653.0000  0.04%  12.7  575s
 1049539 159153     cutoff  175      23644.0000 23653.0000  0.04%  12.7  580s
 1059265 159873     cutoff  175      23644.0000 23653.0000  0.04%  12.7  585s
 1067608 160525 23653.0000  160   10 23644.0000 23653.0000  0.04%  12.7  590s
 1075580 161191     cutoff  177      23644.0000 23653.0000  0.04%  12.6  595s
 1085773 161942     cutoff  176      23644.0000 23653.0000  0.04%  12.6  600s
 1095257 162689     cutoff  177      23644.0000 23653.0000  0.04%  12.6  605s
 1105729 163253 23653.0000  170    7 23644.0000 23653.0000  0.04%  12.5  610s
 1113626 163816 23653.0000  168   11 23644.0000 23653.0000  0.04%  12.5  615s
 1121544 164300     cutoff  176      23644.0000 23653.0000  0.04%  12.5  620s
 1131073 164779     cutoff  179      23644.0000 23653.0000  0.04%  12.5  625s
 1138506 165198 23653.0000  183   11 23644.0000 23653.0000  0.04%  12.5  630s
 1148480 165587     cutoff  177      23644.0000 23653.0000  0.04%  12.4  635s
 1154001 165880 23653.0000  181    9 23644.0000 23653.0000  0.04%  12.4  640s
 1162421 166176 23653.0000  177    8 23644.0000 23653.0000  0.04%  12.4  645s
 1172149 166801     cutoff  163      23644.0000 23653.0000  0.04%  12.4  651s
 1180277 167176     cutoff  173      23644.0000 23653.0000  0.04%  12.4  656s
 1187919 167557 23648.7522  180   16 23644.0000 23653.0000  0.04%  12.4  660s
 1195685 167941 23652.4509  170   15 23644.0000 23653.0000  0.04%  12.4  665s
 1205889 168494     cutoff  181      23644.0000 23653.0000  0.04%  12.3  670s
 1213624 168946     cutoff  180      23644.0000 23653.0000  0.04%  12.3  675s
 1221946 169225 23653.0000  170    9 23644.0000 23653.0000  0.04%  12.3  680s
 1229448 169584 23652.9951  185   14 23644.0000 23653.0000  0.04%  12.3  686s
 1236795 170144 23653.0000  183    7 23644.0000 23653.0000  0.04%  12.3  690s
 1244187 170350 23653.0000  179   16 23644.0000 23653.0000  0.04%  12.2  695s
 1252120 170819     cutoff  177      23644.0000 23653.0000  0.04%  12.2  700s
 1260115 171200 23652.8712  178   12 23644.0000 23653.0000  0.04%  12.2  705s
 1267934 171640 infeasible  180      23644.0000 23653.0000  0.04%  12.2  710s
 1277947 172104     cutoff  180      23644.0000 23653.0000  0.04%  12.2  715s
 1283974 172576     cutoff  176      23644.0000 23653.0000  0.04%  12.2  720s
 1291848 172962     cutoff  178      23644.0000 23653.0000  0.04%  12.2  725s
 1302515 173863     cutoff  170      23644.0000 23653.0000  0.04%  12.1  730s
 1313980 174596 23647.1498  196   29 23644.0000 23653.0000  0.04%  12.1  735s
 1325094 175415 23649.5094  172    9 23644.0000 23653.0000  0.04%  12.1  740s
 1334549 176364     cutoff  178      23644.0000 23653.0000  0.04%  12.1  745s
 1344915 177381 23653.0000  162    9 23644.0000 23653.0000  0.04%  12.1  750s
 1354225 178597     cutoff  170      23644.0000 23653.0000  0.04%  12.1  755s
 1363398 179499 23652.3702  192   31 23644.0000 23653.0000  0.04%  12.1  761s
 1369929 180724 23653.0000  175    9 23644.0000 23653.0000  0.04%  12.1  766s
 1378646 182054 23645.1902  175   13 23644.0000 23653.0000  0.04%  12.1  770s
 1388931 183416 23651.9049  161   13 23644.0000 23653.0000  0.04%  12.1  775s
 1399824 185159 23652.7034  158   20 23644.0000 23653.0000  0.04%  12.1  780s
 1410783 186773 23653.0000  177   14 23644.0000 23653.0000  0.04%  12.1  785s
 1419902 187654 23651.9773  180   15 23644.0000 23653.0000  0.04%  12.1  790s
 1429954 189461     cutoff  184      23644.0000 23653.0000  0.04%  12.1  796s
 1439988 190550 23651.9472  165   21 23644.0000 23653.0000  0.04%  12.0  800s
 1452347 192108 23652.2164  173   21 23644.0000 23653.0000  0.04%  12.0  806s
 1463633 194004 23651.2248  176   16 23644.0000 23653.0000  0.04%  12.0  810s
H1465506   735                    23653.000000 23653.0000  0.00%  12.0  813s

Cutting planes:
  Gomory: 16
  Cover: 721
  MIR: 29
  StrongCG: 23
  Flow cover: 5
  Inf proof: 1
  Zero half: 7
  RLT: 1

Explored 1465927 nodes (17617700 simplex iterations) in 813.79 seconds
Thread count was 12 (of 12 available processors)

Solution count 10: 23653 23644 23625 ... 23493

Optimal solution found (tolerance 1.00e-12)
Best objective 2.365300000000e+04, best bound 2.365300000000e+04, gap 0.0000%
