
Gurobi 9.1.2 (win64, Java) logging started Wed Nov 10 22:05:30 2021

Academic license - for non-commercial use only - expires 2022-10-30
Gurobi Optimizer version 9.1.2 build v9.1.2rc0 (win64)
Thread count: 6 physical cores, 12 logical processors, using up to 12 threads
Optimize a model with 70 rows, 600 columns and 1200 nonzeros
Model fingerprint: 0xe0da6b3e
Variable types: 0 continuous, 600 integer (600 binary)
Coefficient statistics:
  Matrix range     [1e+00, 1e+03]
  Objective range  [5e+00, 1e+03]
  Bounds range     [1e+00, 1e+00]
  RHS range        [1e+00, 3e+03]
Found heuristic solution: objective 21341.000000
Presolve removed 2 rows and 125 columns
Presolve time: 0.03s
Presolved: 68 rows, 475 columns, 950 nonzeros
Variable types: 0 continuous, 475 integer (475 binary)
Presolved: 68 rows, 475 columns, 950 nonzeros


Root relaxation: objective 2.701354e+04, 190 iterations, 0.01 seconds

    Nodes    |    Current Node    |     Objective Bounds      |     Work
 Expl Unexpl |  Obj  Depth IntInf | Incumbent    BestBd   Gap | It/Node Time

     0     0 27013.5385    0   14 21341.0000 27013.5385  26.6%     -    0s
H    0     0                    26265.000000 27013.5385  2.85%     -    0s
     0     0 27013.5385    0   20 26265.0000 27013.5385  2.85%     -    0s
H    0     0                    26304.000000 27013.5385  2.70%     -    0s
H    0     0                    26782.000000 27013.5385  0.86%     -    1s
     0     0 27013.5385    0   24 26782.0000 27013.5385  0.86%     -    1s
     0     0 27013.5385    0   20 26782.0000 27013.5385  0.86%     -    1s
     0     0 27013.5385    0   12 26782.0000 27013.5385  0.86%     -    1s
     0     0 27013.5385    0   13 26782.0000 27013.5385  0.86%     -    1s
     0     0 27013.5385    0   26 26782.0000 27013.5385  0.86%     -    2s
     0     0 27013.5385    0   18 26782.0000 27013.5385  0.86%     -    2s
     0     0 26980.1589    0   15 26782.0000 26980.1589  0.74%     -    2s
     0     0 26980.1589    0   20 26782.0000 26980.1589  0.74%     -    2s
     0     0 26980.1589    0   26 26782.0000 26980.1589  0.74%     -    2s
     0     0 26980.1589    0   15 26782.0000 26980.1589  0.74%     -    2s
     0     2 26980.1589    0   15 26782.0000 26980.1589  0.74%     -    3s
    88   100 26959.3574   14   14 26782.0000 26980.1589  0.74%   5.8    5s
H 1109  1021                    26827.000000 26980.1589  0.57%   5.0    6s
H 1456  1177                    26854.000000 26956.7887  0.38%   4.7    9s
  1458  1179 26930.5229   23   18 26854.0000 26956.7887  0.38%   4.7   10s
H 1545  1200                    26909.000644 26956.7887  0.18%   7.3   14s
  1566  1205 26955.7876   30   19 26909.0006 26956.7887  0.18%   7.3   16s
 14534  9514 26944.0459   45   33 26909.0006 26944.0459  0.13%   5.9   20s
 22214 15213 26942.6032   84   20 26909.0006 26944.0459  0.13%   6.5   25s
 36353 22463 26917.5598   96   29 26909.0006 26944.0459  0.13%   7.9   30s
 37253 22612 26919.5356   64   15 26909.0006 26944.0459  0.13%   7.9   36s
 39048 22738 26922.1803   58   16 26909.0006 26939.7794  0.11%   8.0   40s
 54100 25921 26936.0000   92   18 26909.0006 26936.0000  0.10%   8.1   45s
 54107 25925 26936.0000  109   14 26909.0006 26936.0000  0.10%   8.1   50s
 54162 25975 26936.0000   55   11 26909.0006 26936.0000  0.10%   8.2   55s
 54279 26048 26936.0000   58   11 26909.0006 26936.0000  0.10%   8.2   61s
 59126 27219 26936.0000  118   22 26909.0006 26936.0000  0.10%   8.1   65s
 65952 25822     cutoff  145      26909.0006 26936.0000  0.10%   8.2   70s
 71238 24964 26936.0000  131   13 26909.0006 26936.0000  0.10%   8.3   75s
 75214 24611 26933.8157  126   32 26909.0006 26936.0000  0.10%   8.4   81s
 79730 24187 26936.0000  135   11 26909.0006 26936.0000  0.10%   8.7   86s
 81513 23886 26934.9018  125   21 26909.0006 26936.0000  0.10%   8.8   91s
 84683 23355 26936.0000  133    9 26909.0006 26936.0000  0.10%   9.0   97s
 84702 23426 26936.0000  134    9 26909.0006 26936.0000  0.10%   9.0  102s
 87326 23374 26936.0000  138   29 26909.0006 26936.0000  0.10%   9.2  105s
 91476 22712 26933.1306  129   28 26909.0006 26936.0000  0.10%   9.4  110s
*96669 11425             131    26936.000111 26936.0001  0.00%   9.8  114s

Cutting planes:
  Gomory: 8
  Cover: 620
  Clique: 5
  MIR: 14
  StrongCG: 9
  Flow cover: 8
  RLT: 2

Explored 96909 nodes (951723 simplex iterations) in 114.51 seconds
Thread count was 12 (of 12 available processors)

Solution count 8: 26936 26909 26854 ... 21341

Optimal solution found (tolerance 1.00e-12)
Best objective 2.693600000000e+04, best bound 2.693600000000e+04, gap 0.0000%
