
Gurobi 9.1.2 (win64, Java) logging started Wed Nov 10 22:07:24 2021

Academic license - for non-commercial use only - expires 2022-10-30
Gurobi Optimizer version 9.1.2 build v9.1.2rc0 (win64)
Thread count: 6 physical cores, 12 logical processors, using up to 12 threads
Optimize a model with 40 rows, 400 columns and 800 nonzeros
Model fingerprint: 0xd7a876f0
Variable types: 0 continuous, 400 integer (400 binary)
Coefficient statistics:
  Matrix range     [1e+00, 9e+02]
  Objective range  [6e+01, 9e+02]
  Bounds range     [1e+00, 1e+00]
  RHS range        [1e+00, 5e+02]
Found heuristic solution: objective 4104.0000000
Presolve removed 19 rows and 347 columns
Presolve time: 0.02s
Presolved: 21 rows, 53 columns, 106 nonzeros
Variable types: 0 continuous, 53 integer (53 binary)
Presolved: 21 rows, 53 columns, 106 nonzeros


Root relaxation: cutoff, 6 iterations, 0.00 seconds

    Nodes    |    Current Node    |     Objective Bounds      |     Work
 Expl Unexpl |  Obj  Depth IntInf | Incumbent    BestBd   Gap | It/Node Time

     0     0     cutoff    0      4104.00000 4104.00000  0.00%     -    0s

Explored 0 nodes (6 simplex iterations) in 0.02 seconds
Thread count was 12 (of 12 available processors)

Solution count 1: 4104 

Optimal solution found (tolerance 1.00e-12)
Best objective 4.104000000000e+03, best bound 4.104000000000e+03, gap 0.0000%
