
Gurobi 9.1.2 (win64, Java) logging started Wed Nov 10 22:07:24 2021

Academic license - for non-commercial use only - expires 2022-10-30
Gurobi Optimizer version 9.1.2 build v9.1.2rc0 (win64)
Thread count: 6 physical cores, 12 logical processors, using up to 12 threads
Optimize a model with 40 rows, 400 columns and 800 nonzeros
Model fingerprint: 0xcdfc9ebd
Variable types: 0 continuous, 400 integer (400 binary)
Coefficient statistics:
  Matrix range     [1e+00, 1e+03]
  Objective range  [4e+01, 1e+03]
  Bounds range     [1e+00, 1e+00]
  RHS range        [1e+00, 5e+02]
Found heuristic solution: objective 4045.0000000
Presolve removed 33 rows and 390 columns
Presolve time: 0.01s
Presolved: 7 rows, 10 columns, 20 nonzeros
Variable types: 0 continuous, 10 integer (10 binary)
Presolved: 7 rows, 10 columns, 20 nonzeros


Root relaxation: cutoff, 2 iterations, 0.00 seconds

    Nodes    |    Current Node    |     Objective Bounds      |     Work
 Expl Unexpl |  Obj  Depth IntInf | Incumbent    BestBd   Gap | It/Node Time

     0     0     cutoff    0      4045.00000 4045.00000  0.00%     -    0s

Explored 0 nodes (2 simplex iterations) in 0.02 seconds
Thread count was 12 (of 12 available processors)

Solution count 1: 4045 

Optimal solution found (tolerance 1.00e-12)
Best objective 4.045000000000e+03, best bound 4.045000000000e+03, gap 0.0000%
