
Gurobi 9.1.2 (win64, Java) logging started Wed Nov 10 22:07:25 2021

Academic license - for non-commercial use only - expires 2022-10-30
Gurobi Optimizer version 9.1.2 build v9.1.2rc0 (win64)
Thread count: 6 physical cores, 12 logical processors, using up to 12 threads
Optimize a model with 60 rows, 800 columns and 1600 nonzeros
Model fingerprint: 0x4a82484a
Variable types: 0 continuous, 800 integer (800 binary)
Coefficient statistics:
  Matrix range     [1e+00, 1e+03]
  Objective range  [2e+01, 1e+03]
  Bounds range     [1e+00, 1e+00]
  RHS range        [1e+00, 9e+02]
Found heuristic solution: objective 15477.000000
Presolve removed 10 rows and 462 columns
Presolve time: 0.02s
Presolved: 50 rows, 338 columns, 676 nonzeros
Variable types: 0 continuous, 338 integer (338 binary)
Presolved: 50 rows, 338 columns, 676 nonzeros


Root relaxation: objective 1.796771e+04, 203 iterations, 0.00 seconds

    Nodes    |    Current Node    |     Objective Bounds      |     Work
 Expl Unexpl |  Obj  Depth IntInf | Incumbent    BestBd   Gap | It/Node Time

     0     0 17967.7054    0   23 15477.0000 17967.7054  16.1%     -    0s
H    0     0                    16927.000000 17967.7054  6.15%     -    0s
     0     0 17950.6770    0   61 16927.0000 17950.6770  6.05%     -    0s
     0     0 17892.0001    0   21 16927.0000 17892.0001  5.70%     -    0s
H    0     0                    17152.000000 17892.0001  4.31%     -    0s
H    0     0                    17418.000000 17892.0001  2.72%     -    1s
     0     0 17892.0001    0   24 17418.0000 17892.0001  2.72%     -    1s
     0     0 17892.0001    0   24 17418.0000 17892.0001  2.72%     -    1s
     0     2 17892.0001    0   21 17418.0000 17892.0001  2.72%     -    1s
H   72    86                    17825.000057 17892.0001  0.38%  65.8    1s
H  831   299                    17892.000000 17892.0001  0.00%  42.6    3s

Cutting planes:
  Gomory: 6
  Cover: 130
  Clique: 12
  MIR: 27
  StrongCG: 27
  Zero half: 1

Explored 974 nodes (42189 simplex iterations) in 3.16 seconds
Thread count was 12 (of 12 available processors)

Solution count 6: 17892 17825 17418 ... 15477

Optimal solution found (tolerance 1.00e-12)
Best objective 1.789200000000e+04, best bound 1.789200000000e+04, gap 0.0000%
