
Gurobi 9.1.2 (win64, Java) logging started Wed Nov 10 22:07:28 2021

Academic license - for non-commercial use only - expires 2022-10-30
Gurobi Optimizer version 9.1.2 build v9.1.2rc0 (win64)
Thread count: 6 physical cores, 12 logical processors, using up to 12 threads
Optimize a model with 60 rows, 800 columns and 1600 nonzeros
Model fingerprint: 0xf7cc2b68
Variable types: 0 continuous, 800 integer (800 binary)
Coefficient statistics:
  Matrix range     [1e+00, 1e+03]
  Objective range  [2e+01, 1e+03]
  Bounds range     [1e+00, 1e+00]
  RHS range        [1e+00, 1e+03]
Found heuristic solution: objective 10766.000000
Presolve removed 5 rows and 470 columns
Presolve time: 0.01s
Presolved: 55 rows, 330 columns, 660 nonzeros
Variable types: 0 continuous, 330 integer (330 binary)
Presolved: 55 rows, 330 columns, 660 nonzeros


Root relaxation: objective 1.508875e+04, 175 iterations, 0.00 seconds

    Nodes    |    Current Node    |     Objective Bounds      |     Work
 Expl Unexpl |  Obj  Depth IntInf | Incumbent    BestBd   Gap | It/Node Time

     0     0 15088.7482    0   19 10766.0000 15088.7482  40.2%     -    0s
H    0     0                    14131.000000 15088.7482  6.78%     -    0s
H    0     0                    14219.000000 15088.7482  6.12%     -    0s
H    0     0                    14249.000000 15065.1070  5.73%     -    0s
     0     0 14708.6377    0   41 14249.0000 14708.6377  3.23%     -    0s
H    0     0                    14458.000000 14708.6377  1.73%     -    0s
     0     0 14622.4093    0   39 14458.0000 14622.4093  1.14%     -    0s
     0     0 14622.4093    0   40 14458.0000 14622.4093  1.14%     -    0s
     0     0 14613.2694    0   39 14458.0000 14613.2694  1.07%     -    0s
     0     0 14611.7519    0   39 14458.0000 14611.7519  1.06%     -    1s
     0     0 14611.7519    0   39 14458.0000 14611.7519  1.06%     -    1s
     0     0 14609.6059    0   45 14458.0000 14609.6059  1.05%     -    1s
     0     0 14606.6436    0   28 14458.0000 14606.6436  1.03%     -    1s
     0     0 14605.0636    0   27 14458.0000 14605.0636  1.02%     -    1s
     0     0 14604.3376    0   25 14458.0000 14604.3376  1.01%     -    1s
     0     0 14603.9040    0   19 14458.0000 14603.9040  1.01%     -    1s
     0     0 14603.8530    0   17 14458.0000 14603.8530  1.01%     -    1s
     0     0 14603.8530    0   17 14458.0000 14603.8530  1.01%     -    1s
     0     0 14603.8530    0   17 14458.0000 14603.8530  1.01%     -    1s
     0     0 14603.8530    0   31 14458.0000 14603.8530  1.01%     -    1s
     0     0 14603.8530    0   28 14458.0000 14603.8530  1.01%     -    1s
     0     0 14603.6673    0   29 14458.0000 14603.6673  1.01%     -    1s
     0     0 14602.3633    0   32 14458.0000 14602.3633  1.00%     -    1s
     0     0 14601.8803    0   32 14458.0000 14601.8803  1.00%     -    1s
     0     0 14600.9526    0   19 14458.0000 14600.9526  0.99%     -    1s
     0     0 14600.7718    0   19 14458.0000 14600.7718  0.99%     -    1s
     0     0 14600.7084    0   30 14458.0000 14600.7084  0.99%     -    1s
     0     0 14600.7084    0   34 14458.0000 14600.7084  0.99%     -    1s
     0     0 14600.5860    0   33 14458.0000 14600.5860  0.99%     -    2s
     0     0 14600.2683    0   31 14458.0000 14600.2683  0.98%     -    2s
     0     0 14600.2683    0   31 14458.0000 14600.2683  0.98%     -    2s
H    0     0                    14512.000000 14600.2683  0.61%     -    2s
     0     0 14600.2683    0   16 14512.0000 14600.2683  0.61%     -    2s
     0     0 14600.2683    0   46 14512.0000 14600.2683  0.61%     -    2s
     0     0 14598.6092    0   35 14512.0000 14598.6092  0.60%     -    2s
     0     0 14594.1619    0   35 14512.0000 14594.1619  0.57%     -    2s
     0     0 14594.1549    0   28 14512.0000 14594.1549  0.57%     -    2s
     0     0 14593.3224    0   37 14512.0000 14593.3224  0.56%     -    2s
     0     0 14593.3224    0   28 14512.0000 14593.3224  0.56%     -    2s
     0     2 14593.2275    0   28 14512.0000 14593.2275  0.56%     -    2s

Cutting planes:
  Gomory: 9
  Cover: 18
  Clique: 1
  MIR: 9
  StrongCG: 6

Explored 30 nodes (1567 simplex iterations) in 2.65 seconds
Thread count was 12 (of 12 available processors)

Solution count 6: 14512 14458 14249 ... 10766

Optimal solution found (tolerance 1.00e-12)
Best objective 1.451200000000e+04, best bound 1.451200000000e+04, gap 0.0000%
