
Gurobi 9.1.2 (win64, Java) logging started Wed Nov 10 22:07:31 2021

Academic license - for non-commercial use only - expires 2022-10-30
Gurobi Optimizer version 9.1.2 build v9.1.2rc0 (win64)
Thread count: 6 physical cores, 12 logical processors, using up to 12 threads
Optimize a model with 60 rows, 800 columns and 1600 nonzeros
Model fingerprint: 0x9b6fc0ef
Variable types: 0 continuous, 800 integer (800 binary)
Coefficient statistics:
  Matrix range     [1e+00, 1e+03]
  Objective range  [6e+01, 1e+03]
  Bounds range     [1e+00, 1e+00]
  RHS range        [1e+00, 1e+03]
Found heuristic solution: objective 14914.000000
Presolve removed 5 rows and 443 columns
Presolve time: 0.02s
Presolved: 55 rows, 357 columns, 714 nonzeros
Variable types: 0 continuous, 357 integer (357 binary)
Presolved: 55 rows, 357 columns, 714 nonzeros


Root relaxation: objective 1.710867e+04, 155 iterations, 0.00 seconds

    Nodes    |    Current Node    |     Objective Bounds      |     Work
 Expl Unexpl |  Obj  Depth IntInf | Incumbent    BestBd   Gap | It/Node Time

     0     0 17108.6653    0   22 14914.0000 17108.6653  14.7%     -    0s
H    0     0                    15485.000000 17108.6653  10.5%     -    0s
H    0     0                    15659.000000 17108.6653  9.26%     -    0s
H    0     0                    15968.000000 17108.6653  7.14%     -    0s
H    0     0                    16232.000000 17094.9498  5.32%     -    0s
     0     0 16999.4772    0   37 16232.0000 16999.4772  4.73%     -    0s
     0     0 16993.4868    0   36 16232.0000 16993.4868  4.69%     -    0s
     0     0 16993.4868    0   37 16232.0000 16993.4868  4.69%     -    0s
H    0     0                    16349.000000 16993.4868  3.94%     -    0s
     0     0 16959.6068    0   41 16349.0000 16959.6068  3.73%     -    0s
H    0     0                    16659.000000 16959.6068  1.80%     -    0s
     0     0 16959.0051    0   41 16659.0000 16959.0051  1.80%     -    0s
     0     0 16926.8466    0   43 16659.0000 16926.8466  1.61%     -    0s
     0     0 16926.2243    0   48 16659.0000 16926.2243  1.60%     -    1s
     0     0 16920.8979    0   57 16659.0000 16920.8979  1.57%     -    1s
     0     0 16904.7179    0   45 16659.0000 16904.7179  1.47%     -    1s
     0     0 16903.0760    0   40 16659.0000 16903.0760  1.47%     -    1s
     0     0 16898.8855    0   53 16659.0000 16898.8855  1.44%     -    1s
     0     0 16897.5805    0   59 16659.0000 16897.5805  1.43%     -    1s
     0     0 16897.5671    0   60 16659.0000 16897.5671  1.43%     -    1s
     0     0 16892.8879    0   65 16659.0000 16892.8879  1.40%     -    2s
     0     0 16892.7197    0   63 16659.0000 16892.7197  1.40%     -    2s
     0     0 16889.1055    0   54 16659.0000 16889.1055  1.38%     -    2s
     0     0 16888.1201    0   62 16659.0000 16888.1201  1.38%     -    2s
     0     0 16888.0239    0   66 16659.0000 16888.0239  1.37%     -    2s
     0     0 16884.7503    0   69 16659.0000 16884.7503  1.36%     -    2s
     0     0 16884.7503    0   73 16659.0000 16884.7503  1.36%     -    2s
     0     0 16879.6938    0   58 16659.0000 16879.6938  1.32%     -    2s
     0     0 16879.6938    0   61 16659.0000 16879.6938  1.32%     -    2s
     0     0 16878.2898    0   63 16659.0000 16878.2898  1.32%     -    2s
     0     0 16878.2898    0   63 16659.0000 16878.2898  1.32%     -    2s
H    0     0                    16759.000000 16878.2898  0.71%     -    3s
     0     0 16878.2898    0   22 16759.0000 16878.2898  0.71%     -    3s
     0     0 16878.2898    0   57 16759.0000 16878.2898  0.71%     -    3s
     0     0 16878.2898    0   59 16759.0000 16878.2898  0.71%     -    3s
     0     0 16878.2898    0   62 16759.0000 16878.2898  0.71%     -    3s
     0     0 16878.2898    0   54 16759.0000 16878.2898  0.71%     -    3s
     0     0 16878.2898    0   65 16759.0000 16878.2898  0.71%     -    3s
     0     0 16877.6727    0   77 16759.0000 16877.6727  0.71%     -    3s
     0     0 16877.2541    0   66 16759.0000 16877.2541  0.71%     -    3s
     0     0 16877.2058    0   75 16759.0000 16877.2058  0.71%     -    3s
     0     0 16875.4921    0   60 16759.0000 16875.4921  0.70%     -    3s
     0     0 16875.4921    0   57 16759.0000 16875.4921  0.70%     -    3s
     0     2 16875.4921    0   57 16759.0000 16875.4921  0.70%     -    4s
*   16    18               4    16802.000000 16872.6711  0.42%  33.3    4s
   601   209     cutoff   15      16802.0000 16852.2048  0.30%  14.6    5s

Cutting planes:
  Gomory: 1
  Cover: 57
  Clique: 3
  MIR: 40
  StrongCG: 27
  Zero half: 1

Explored 1456 nodes (24602 simplex iterations) in 5.31 seconds
Thread count was 12 (of 12 available processors)

Solution count 9: 16802 16759 16659 ... 14914

Optimal solution found (tolerance 1.00e-12)
Best objective 1.680200000000e+04, best bound 1.680200000000e+04, gap 0.0000%
