
Gurobi 9.1.2 (win64, Java) logging started Wed Nov 10 22:07:37 2021

Academic license - for non-commercial use only - expires 2022-10-30
Gurobi Optimizer version 9.1.2 build v9.1.2rc0 (win64)
Thread count: 6 physical cores, 12 logical processors, using up to 12 threads
Optimize a model with 60 rows, 800 columns and 1600 nonzeros
Model fingerprint: 0x66ff48ed
Variable types: 0 continuous, 800 integer (800 binary)
Coefficient statistics:
  Matrix range     [1e+00, 1e+03]
  Objective range  [1e+01, 9e+02]
  Bounds range     [1e+00, 1e+00]
  RHS range        [1e+00, 1e+03]
Found heuristic solution: objective 12599.000000
Presolve removed 3 rows and 396 columns
Presolve time: 0.01s
Presolved: 57 rows, 404 columns, 808 nonzeros
Variable types: 0 continuous, 404 integer (404 binary)
Presolved: 57 rows, 404 columns, 808 nonzeros


Root relaxation: objective 1.611667e+04, 218 iterations, 0.00 seconds

    Nodes    |    Current Node    |     Objective Bounds      |     Work
 Expl Unexpl |  Obj  Depth IntInf | Incumbent    BestBd   Gap | It/Node Time

     0     0 16116.6671    0   23 12599.0000 16116.6671  27.9%     -    0s
H    0     0                    15026.000000 16116.6671  7.26%     -    0s
H    0     0                    15280.000000 16116.6671  5.48%     -    0s
H    0     0                    15448.000000 16116.6671  4.33%     -    0s
H    0     0                    15569.000000 16116.6671  3.52%     -    0s
H    0     0                    15849.000000 16116.6671  1.69%     -    0s
     0     0 15875.3229    0   26 15849.0000 15875.3229  0.17%     -    0s
     0     0 15875.3229    0   26 15849.0000 15875.3229  0.17%     -    0s
     0     0 15858.7437    0   21 15849.0000 15858.7437  0.06%     -    0s
     0     0 15858.7437    0   16 15849.0000 15858.7437  0.06%     -    0s
     0     0 15858.7437    0   20 15849.0000 15858.7437  0.06%     -    0s
     0     0 15858.7437    0   11 15849.0000 15858.7437  0.06%     -    0s
     0     0 15858.7437    0   23 15849.0000 15858.7437  0.06%     -    0s
     0     0 15858.7437    0   17 15849.0000 15858.7437  0.06%     -    0s

Cutting planes:
  Gomory: 2
  Cover: 9
  MIR: 5
  StrongCG: 3

Explored 1 nodes (885 simplex iterations) in 0.59 seconds
Thread count was 12 (of 12 available processors)

Solution count 7: 15849 15849 15569 ... 12599

Optimal solution found (tolerance 1.00e-12)
Best objective 1.584900000000e+04, best bound 1.584900000000e+04, gap 0.0000%
