
Gurobi 9.1.2 (win64, Java) logging started Wed Nov 10 22:07:53 2021

Academic license - for non-commercial use only - expires 2022-10-30
Gurobi Optimizer version 9.1.2 build v9.1.2rc0 (win64)
Thread count: 6 physical cores, 12 logical processors, using up to 12 threads
Optimize a model with 60 rows, 800 columns and 1600 nonzeros
Model fingerprint: 0xaefba8ab
Variable types: 0 continuous, 800 integer (800 binary)
Coefficient statistics:
  Matrix range     [1e+00, 1e+03]
  Objective range  [7e+01, 1e+03]
  Bounds range     [1e+00, 1e+00]
  RHS range        [1e+00, 8e+02]
Found heuristic solution: objective 14420.000000
Presolve removed 13 rows and 452 columns
Presolve time: 0.02s
Presolved: 47 rows, 348 columns, 696 nonzeros
Variable types: 0 continuous, 348 integer (348 binary)
Presolved: 47 rows, 348 columns, 696 nonzeros


Root relaxation: objective 1.688710e+04, 207 iterations, 0.00 seconds

    Nodes    |    Current Node    |     Objective Bounds      |     Work
 Expl Unexpl |  Obj  Depth IntInf | Incumbent    BestBd   Gap | It/Node Time

     0     0 16887.0963    0   15 14420.0000 16887.0963  17.1%     -    0s
H    0     0                    16163.000000 16887.0963  4.48%     -    0s
H    0     0                    16181.000000 16887.0963  4.36%     -    0s
H    0     0                    16245.000000 16886.3557  3.95%     -    0s
H    0     0                    16725.000000 16886.3557  0.96%     -    0s
     0     0 16839.8230    0   26 16725.0000 16839.8230  0.69%     -    0s
     0     0 16839.6067    0   30 16725.0000 16839.6067  0.69%     -    0s
     0     0 16826.3210    0   39 16725.0000 16826.3210  0.61%     -    0s
     0     0 16824.5528    0   34 16725.0000 16824.5528  0.60%     -    0s
     0     0 16821.0202    0   42 16725.0000 16821.0202  0.57%     -    0s
     0     0 16820.2063    0   42 16725.0000 16820.2063  0.57%     -    0s
     0     0 16820.0150    0   49 16725.0000 16820.0150  0.57%     -    0s
     0     0 16811.2750    0   47 16725.0000 16811.2750  0.52%     -    0s
     0     0 16810.4774    0   47 16725.0000 16810.4774  0.51%     -    0s
     0     0 16810.4312    0   46 16725.0000 16810.4312  0.51%     -    1s
     0     0 16806.3030    0   33 16725.0000 16806.3030  0.49%     -    1s
     0     0 16805.6337    0   23 16725.0000 16805.6337  0.48%     -    1s
     0     0 16805.6333    0   34 16725.0000 16805.6333  0.48%     -    1s
     0     0 16802.4187    0   35 16725.0000 16802.4187  0.46%     -    1s
     0     0 16801.3637    0   32 16725.0000 16801.3637  0.46%     -    1s
     0     0 16801.2943    0   37 16725.0000 16801.2943  0.46%     -    1s
     0     0 16788.1128    0   37 16725.0000 16788.1128  0.38%     -    1s
     0     0 16786.0837    0   38 16725.0000 16786.0837  0.37%     -    1s
     0     0 16785.5827    0   38 16725.0000 16785.5827  0.36%     -    1s
     0     0 16785.5827    0   39 16725.0000 16785.5827  0.36%     -    1s
     0     0 16782.1679    0   42 16725.0000 16782.1679  0.34%     -    1s
     0     0 16782.1662    0   46 16725.0000 16782.1662  0.34%     -    1s
     0     0 16764.9166    0   35 16725.0000 16764.9166  0.24%     -    1s
     0     0 16764.9166    0   17 16725.0000 16764.9166  0.24%     -    1s
     0     0 16764.9166    0   27 16725.0000 16764.9166  0.24%     -    2s
     0     0 16764.9166    0   30 16725.0000 16764.9166  0.24%     -    2s
     0     0 16764.2452    0   26 16725.0000 16764.2452  0.23%     -    2s
     0     0 16763.9729    0   32 16725.0000 16763.9729  0.23%     -    2s
     0     0 16756.8890    0   39 16725.0000 16756.8890  0.19%     -    2s
     0     0 16756.8890    0   39 16725.0000 16756.8890  0.19%     -    2s
     0     0 16754.4920    0   42 16725.0000 16754.4920  0.18%     -    2s
     0     0 16754.3010    0   42 16725.0000 16754.3010  0.18%     -    2s
     0     0 16754.3010    0   42 16725.0000 16754.3010  0.18%     -    2s
     0     0 16739.1253    0   32 16725.0000 16739.1253  0.08%     -    2s
     0     0 16739.1102    0   38 16725.0000 16739.1102  0.08%     -    2s
     0     0 16738.3398    0   27 16725.0000 16738.3398  0.08%     -    2s
     0     0 16737.4583    0   37 16725.0000 16737.4583  0.07%     -    2s
     0     0 16737.4499    0   43 16725.0000 16737.4499  0.07%     -    2s
     0     0 16733.2391    0   23 16725.0000 16733.2391  0.05%     -    2s
     0     0 16733.2322    0   31 16725.0000 16733.2322  0.05%     -    3s
     0     0     cutoff    0      16725.0000 16725.0000  0.00%     -    3s

Cutting planes:
  Gomory: 3
  Cover: 23
  Clique: 4
  MIR: 26
  StrongCG: 11
  RLT: 2

Explored 1 nodes (1477 simplex iterations) in 3.11 seconds
Thread count was 12 (of 12 available processors)

Solution count 5: 16725 16245 16181 ... 14420

Optimal solution found (tolerance 1.00e-12)
Best objective 1.672500000000e+04, best bound 1.672500000000e+04, gap 0.0000%
