
Gurobi 9.1.2 (win64, Java) logging started Wed Nov 10 22:07:56 2021

Academic license - for non-commercial use only - expires 2022-10-30
Gurobi Optimizer version 9.1.2 build v9.1.2rc0 (win64)
Thread count: 6 physical cores, 12 logical processors, using up to 12 threads
Optimize a model with 80 rows, 1200 columns and 2400 nonzeros
Model fingerprint: 0x74a9d338
Variable types: 0 continuous, 1200 integer (1200 binary)
Coefficient statistics:
  Matrix range     [1e+00, 1e+03]
  Objective range  [2e+01, 1e+03]
  Bounds range     [1e+00, 1e+00]
  RHS range        [1e+00, 2e+03]
Found heuristic solution: objective 22794.000000
Presolve removed 0 rows and 417 columns
Presolve time: 0.02s
Presolved: 80 rows, 783 columns, 1566 nonzeros
Variable types: 0 continuous, 783 integer (783 binary)
Presolved: 80 rows, 783 columns, 1566 nonzeros


Root relaxation: objective 2.671254e+04, 220 iterations, 0.00 seconds

    Nodes    |    Current Node    |     Objective Bounds      |     Work
 Expl Unexpl |  Obj  Depth IntInf | Incumbent    BestBd   Gap | It/Node Time

     0     0 26712.5430    0   29 22794.0000 26712.5430  17.2%     -    0s
H    0     0                    25411.000000 26712.5430  5.12%     -    0s
H    0     0                    25495.000000 26712.5430  4.78%     -    0s
H    0     0                    25515.000529 26712.5430  4.69%     -    0s
H    0     0                    25547.000000 26712.5430  4.56%     -    0s
H    0     0                    25726.000000 26712.5430  3.83%     -    0s
     0     0 26710.0672    0   73 25726.0000 26710.0672  3.83%     -    0s
H    0     0                    26025.000000 26710.0672  2.63%     -    1s
H    0     0                    26054.000000 26710.0672  2.52%     -    1s
H    0     0                    26114.000000 26710.0672  2.28%     -    1s
H    0     0                    26200.000000 26710.0672  1.95%     -    1s
     0     0 26710.0672    0   70 26200.0000 26710.0672  1.95%     -    1s
H    0     0                    26415.000000 26710.0672  1.12%     -    1s
     0     0 26710.0672    0   99 26415.0000 26710.0672  1.12%     -    1s
     0     0 26710.0672    0   54 26415.0000 26710.0672  1.12%     -    1s
     0     2 26710.0672    0   52 26415.0000 26710.0672  1.12%     -    1s
H  116   122                    26502.000000 26706.5384  0.77%   150    2s
   607   774 26706.5384    9   80 26502.0000 26706.5384  0.77%  73.8    6s
  1602  1430 26680.1353   15   45 26502.0000 26680.1353  0.67%  49.6   10s
  2883  2109 26623.7993   64   59 26502.0000 26680.1353  0.67%  49.9   17s
  4402  2936 26546.0458   94   80 26502.0000 26680.1353  0.67%  52.4   32s
  4960  3104 26680.1353   52   75 26502.0000 26680.1353  0.67%  55.1   35s
  6702  4309 26680.1353   45   66 26502.0000 26680.1353  0.67%  57.9   40s
  8010  5367 26529.0316   59  100 26502.0000 26680.1353  0.67%  60.8   46s
  8926  6142 26677.0797   63   87 26502.0000 26680.1353  0.67%  61.8   51s
H 9679  5800                    26526.000000 26680.1353  0.58%  62.0   54s
 10253  5938 26680.1353   44   99 26526.0000 26680.1353  0.58%  61.2   55s
 15743 10093 26637.9794   56   84 26526.0000 26680.1353  0.58%  63.9   60s
 17989 11695     cutoff   58      26526.0000 26680.1353  0.58%  63.4   75s
 21770 14512 26662.2877   53   99 26526.0000 26680.1353  0.58%  64.6   80s
 24430 15985 26676.0433   43  107 26526.0000 26680.1353  0.58%  65.7   86s
H25172 10330                    26593.000000 26680.1353  0.33%  65.9   86s
 30203 14052 26619.3922   67   93 26593.0000 26680.1353  0.33%  69.0   90s
 36771 17552 26615.4069   55  171 26593.0000 26615.4069  0.08%  71.7   95s
 37026 17643 26607.9463   51  174 26593.0000 26613.8814  0.08%  72.5  100s
 38373 18100 26613.5780   47  162 26593.0000 26613.6921  0.08%  73.6  105s
 43072 20004 26597.5865   54  141 26593.0000 26607.7126  0.06%  75.6  110s
 47418 20854 26595.5549  108   65 26593.0000 26607.2419  0.05%  79.5  115s
 51487 21900     cutoff   59      26593.0000 26605.8191  0.05%  82.5  120s
 54706 21951 26594.4304   91   54 26593.0000 26605.1978  0.05%  82.5  125s
 54759 21986 26596.7738   56  206 26593.0000 26605.1978  0.05%  82.4  130s
 54820 22009 26605.1978   57  138 26593.0000 26605.1978  0.05%  82.7  135s
 55635 22096     cutoff   79      26593.0000 26605.1978  0.05%  84.4  140s
 57783 22684 26598.7650   79  128 26593.0000 26604.2518  0.04%  86.0  145s
 60015 22073 26597.8176   74  137 26593.0000 26603.1254  0.04%  87.6  150s
 62738 21453 26595.9256   80  141 26593.0000 26601.4969  0.03%  89.5  156s
 64641 21127 26599.3394   74  148 26593.0000 26601.2208  0.03%  90.8  160s
 67824 20500 26599.6423   77  125 26593.0000 26600.4756  0.03%  92.9  166s
 70264 19754 26594.3127   73  132 26593.0000 26599.5760  0.02%  93.9  171s
 73206 18311     cutoff   78      26593.0000 26599.1347  0.02%  94.5  177s
 74862 17694     cutoff   81      26593.0000 26598.8801  0.02%  94.7  180s
 77530 16302 26594.0113   66  122 26593.0000 26598.4625  0.02%  96.8  187s
 79264 15533 26594.2934   76  149 26593.0000 26598.1342  0.02%  97.1  191s
 81131 14557 26594.2778   73  152 26593.0000 26597.8081  0.02%  97.6  195s
 84634 12028 26594.4965   86   69 26593.0000 26594.5521  0.01%  98.7  200s

Cutting planes:
  Gomory: 22
  Cover: 52
  Clique: 13
  MIR: 297
  StrongCG: 191
  Flow cover: 43
  Zero half: 2
  RLT: 5

Explored 85685 nodes (8458815 simplex iterations) in 200.64 seconds
Thread count was 12 (of 12 available processors)

Solution count 10: 26593 26526 26502 ... 25547

Optimal solution found (tolerance 1.00e-12)
Best objective 2.659300000000e+04, best bound 2.659300000000e+04, gap 0.0000%
