
Gurobi 9.1.2 (win64, Java) logging started Wed Nov 10 22:15:26 2021

Academic license - for non-commercial use only - expires 2022-10-30
Gurobi Optimizer version 9.1.2 build v9.1.2rc0 (win64)
Thread count: 6 physical cores, 12 logical processors, using up to 12 threads
Optimize a model with 80 rows, 1200 columns and 2400 nonzeros
Model fingerprint: 0xe4fdba26
Variable types: 0 continuous, 1200 integer (1200 binary)
Coefficient statistics:
  Matrix range     [1e+00, 1e+03]
  Objective range  [6e+01, 1e+03]
  Bounds range     [1e+00, 1e+00]
  RHS range        [1e+00, 1e+03]
Found heuristic solution: objective 21808.000000
Presolve removed 0 rows and 359 columns
Presolve time: 0.01s
Presolved: 80 rows, 841 columns, 1682 nonzeros
Variable types: 0 continuous, 841 integer (841 binary)
Presolved: 80 rows, 841 columns, 1682 nonzeros


Root relaxation: objective 2.451418e+04, 312 iterations, 0.00 seconds

    Nodes    |    Current Node    |     Objective Bounds      |     Work
 Expl Unexpl |  Obj  Depth IntInf | Incumbent    BestBd   Gap | It/Node Time

     0     0 24514.1798    0   29 21808.0000 24514.1798  12.4%     -    0s
H    0     0                    23302.000000 24514.1798  5.20%     -    0s
H    0     0                    23690.000000 24514.1798  3.48%     -    0s
H    0     0                    23755.000000 24514.1798  3.20%     -    0s
     0     0 24514.1798    0   62 23755.0000 24514.1798  3.20%     -    0s
     0     0 24514.1798    0   30 23755.0000 24514.1798  3.20%     -    0s
H    0     0                    23815.000000 24514.1798  2.94%     -    0s
     0     2 24514.1798    0   30 23815.0000 24514.1798  2.94%     -    0s
H   31    42                    23956.000000 24514.1798  2.33%   119    0s
H   66    82                    24055.000000 24514.1798  1.91%  77.8    0s
H  562   591                    24092.000000 24514.1798  1.75%  29.6    1s
H  569   591                    24101.000000 24514.1798  1.71%  29.5    1s
H  592   597                    24171.000000 24514.1798  1.42%  29.4    2s
H 1672  1489                    24220.000000 24471.5518  1.04%  20.3    3s
H 1680  1420                    24270.000000 24470.9047  0.83%  20.2    4s
H 1680  1349                    24310.000000 24470.9047  0.66%  20.2    4s
H 1682  1282                    24448.000000 24470.5957  0.09%  20.2    4s
  1696  1293 24470.0440   63  157 24448.0000 24470.0440  0.09%  22.2    5s
  4989  3076 24466.1042   40  165 24448.0000 24468.2054  0.08%  57.1   10s
 10541  6867     cutoff   88      24448.0000 24467.3743  0.08%  64.0   15s
 15464 10078 24463.4804   49  144 24448.0000 24466.9384  0.08%  68.8   22s
 18111 12550 24463.1814   53  154 24448.0000 24466.7750  0.08%  69.9   25s
 24918 17202 24464.6763   61  140 24448.0000 24466.4693  0.08%  71.2   30s
 30770 20809 24451.6917   53  102 24448.0000 24466.2353  0.07%  73.7   35s
 35619 24031 24463.0823   58  122 24448.0000 24466.0305  0.07%  75.1   40s
 37174 24049 24460.9981   57  195 24448.0000 24460.9981  0.05%  75.7   45s
 37214 24069 24460.6153   53  176 24448.0000 24460.8115  0.05%  75.9   50s
 37831 24316 24456.6259   76  146 24448.0000 24459.8076  0.05%  76.8   55s
 41138 25980 24454.9531   88   86 24448.0000 24456.7356  0.04%  81.3   60s
 44777 26426 24450.3806   69  121 24448.0000 24456.6181  0.04%  84.5   67s
 45879 27251 24449.5261   71  151 24448.0000 24456.5740  0.04%  85.7   70s
 49984 28129 24449.3140   85  100 24448.0000 24456.4899  0.03%  89.3   76s
 53829 28890 24452.3797   83  154 24448.0000 24456.4178  0.03%  91.8   81s
 56482 29146 24451.5865   80  114 24448.0000 24456.3898  0.03%  94.4   85s
 58602 30054 24453.9923   94  111 24448.0000 24456.3691  0.03%  97.9   91s
 61875 30788 24455.9202   80  116 24448.0000 24456.3373  0.03%   101   96s
 65763 31270 24455.8104   97  159 24448.0000 24456.3024  0.03%   103  101s
 69780 31914 24456.1554   85  168 24448.0000 24456.2803  0.03%   105  106s
 73613 32392 24455.0575   88  129 24448.0000 24456.2576  0.03%   106  112s
 75521 32568 24451.7656   90  114 24448.0000 24456.2466  0.03%   107  115s
 79276 33041 24456.1691   75  142 24448.0000 24456.2301  0.03%   108  120s
 82716 33306 24456.0096   94  123 24448.0000 24456.2110  0.03%   110  125s
 86265 33337 24449.4946  100  112 24448.0000 24456.1950  0.03%   111  131s
 89343 33449 24455.7746   95   89 24448.0000 24456.1830  0.03%   113  137s
 90797 33511 24456.0200   92  135 24448.0000 24456.1778  0.03%   114  140s
 93861 33752 24449.7604   89  155 24448.0000 24456.1640  0.03%   116  146s
 97565 33788 24455.8126   90  111 24448.0000 24456.1524  0.03%   118  152s
 99453 33727 24449.0655   90  151 24448.0000 24456.1443  0.03%   119  156s
 102698 33681 24454.8963   96  156 24448.0000 24456.1322  0.03%   121  162s
 104330 33778 24452.0486   82  147 24448.0000 24456.1264  0.03%   122  165s
 107883 33867     cutoff   81      24448.0000 24456.1120  0.03%   124  172s
 109729 33940 24450.1885  108  139 24448.0000 24456.1049  0.03%   125  176s
 112967 35032 24455.8332   80  119 24448.0000 24456.0934  0.03%   127  182s
 114913 35617 24449.5293   95  115 24448.0000 24456.0859  0.03%   128  186s
 116899 36203     cutoff   99      24448.0000 24456.0795  0.03%   129  190s
 120847 37339 24451.3834   93  129 24448.0000 24456.0673  0.03%   130  196s
 124520 38261 24449.4849   94   97 24448.0000 24456.0576  0.03%   131  203s
 126350 38807 24448.9994  107  157 24448.0000 24456.0522  0.03%   132  206s
 129648 39309 24451.5865   95   81 24448.0000 24456.0484  0.03%   133  210s
 131718 40362 24449.1209   90   94 24448.0000 24456.0389  0.03%   133  216s
 135433 41273 24449.0678   97  133 24448.0000 24456.0273  0.03%   134  222s
 137285 41698 24451.5865   94  117 24448.0000 24456.0242  0.03%   135  226s
 140970 42562     cutoff   99      24448.0000 24456.0145  0.03%   135  232s
 142793 42905 24449.1548   90  117 24448.0000 24456.0090  0.03%   136  235s
 146520 43867 24451.5865   88  110 24448.0000 24455.9977  0.03%   136  242s
 148258 44330 24451.5865   93  115 24448.0000 24455.9926  0.03%   137  245s
 151641 45154 24452.6650   89   77 24448.0000 24455.9840  0.03%   138  251s
 153623 45625 24451.5865   99  129 24448.0000 24455.9771  0.03%   138  255s
 157435 46441     cutoff  105      24448.0000 24455.9662  0.03%   138  261s
 161052 47161 24451.8442   98  125 24448.0000 24455.9557  0.03%   139  267s
 162678 47498 24455.3702   98  132 24448.0000 24455.9507  0.03%   139  270s
 166245 48171 24449.0784   92  121 24448.0000 24455.9397  0.03%   140  276s
 169808 48703 24449.6027   88  124 24448.0000 24455.9287  0.03%   140  282s
 171638 49011     cutoff  104      24448.0000 24455.9228  0.03%   141  285s
 175248 49605 24455.4411   96  129 24448.0000 24455.9105  0.03%   141  291s
 179031 50111     cutoff  110      24448.0000 24455.8987  0.03%   141  298s
 180800 50340 24449.8509  110   95 24448.0000 24455.8927  0.03%   141  301s
 184522 50899 24455.5532   91   96 24448.0000 24455.8791  0.03%   142  307s
 186446 51142 24451.6357   99  145 24448.0000 24455.8742  0.03%   142  310s
 190062 51573 24451.5865   85  116 24448.0000 24455.8603  0.03%   142  315s
 193799 51982 24450.2390   97  113 24448.0000 24455.8452  0.03%   142  321s
 197409 52346     cutoff  100      24448.0000 24455.8307  0.03%   142  327s
 199220 52558     cutoff  103      24448.0000 24455.8208  0.03%   142  330s
 202934 52941 24449.6363  102  101 24448.0000 24455.8058  0.03%   142  336s
 206727 53225 24450.3362   95  111 24448.0000 24455.7832  0.03%   142  341s
 210121 53465 24453.2682   81  133 24448.0000 24455.7628  0.03%   142  347s
 211962 53524 24451.4164   96  108 24448.0000 24455.7517  0.03%   142  350s
 215770 53720 24455.0719   85  104 24448.0000 24455.7240  0.03%   142  355s
 219697 53750 24450.6630   88  121 24448.0000 24455.6915  0.03%   142  360s
 223422 53695     cutoff   99      24448.0000 24455.6480  0.03%   142  366s
 227363 53627     cutoff   87      24448.0000 24455.5907  0.03%   141  372s
 230999 53275     cutoff   89      24448.0000 24455.5182  0.03%   141  377s
 234814 52943     cutoff   96      24448.0000 24455.4218  0.03%   141  382s
 238613 52724     cutoff   89      24448.0000 24455.2464  0.03%   140  386s
 242366 52415 24450.9141   96  105 24448.0000 24455.1052  0.03%   140  392s
 246225 52059 24449.0222   88   94 24448.0000 24454.9150  0.03%   140  396s
 250063 51680 24450.6902   96   94 24448.0000 24454.7029  0.03%   139  401s
 253912 51199     cutoff  101      24448.0000 24454.5284  0.03%   139  406s
 257799 50437 24449.0349   99   77 24448.0000 24454.2787  0.03%   138  410s
 260757 49828     cutoff   95      24448.0000 24454.0776  0.02%   138  415s
 264710 48863     cutoff   88      24448.0000 24453.8159  0.02%   138  420s
 268819 48165 24452.6822   76  130 24448.0000 24453.4315  0.02%   137  425s
 272316 48448     cutoff  100      24448.0000 24453.2163  0.02%   137  431s
 276871 49177 24449.7370  107  132 24448.0000 24452.9180  0.02%   137  437s
 279073 49753     cutoff   99      24448.0000 24452.8525  0.02%   137  440s
 283339 50940 24449.1743   93  107 24448.0000 24452.6625  0.02%   137  446s
 287684 52384 24449.0976   91   84 24448.0000 24452.5489  0.02%   136  452s
 289869 52968 24452.0344   79  110 24448.0000 24452.5218  0.02%   136  455s
 294183 54209 24450.3033   90  160 24448.0000 24452.4371  0.02%   136  461s
 298325 55508 24451.8072   96  124 24448.0000 24452.3859  0.02%   136  467s
 300384 56161     cutoff  103      24448.0000 24452.3576  0.02%   136  470s
 304752 57191 24452.0261   83  129 24448.0000 24452.3198  0.02%   136  475s
 308743 58328 24449.6296  103  133 24448.0000 24452.2817  0.02%   135  481s
 313261 59502     cutoff   95      24448.0000 24452.2415  0.02%   135  487s
 315423 59862 infeasible   94      24448.0000 24452.2235  0.02%   135  490s
 319310 60140 24451.8119   94  137 24448.0000 24452.1903  0.02%   135  496s
 323454 60485     cutoff   93      24448.0000 24452.1558  0.02%   135  501s
 327582 60677     cutoff   91      24448.0000 24452.1237  0.02%   134  507s
 329492 60768     cutoff   89      24448.0000 24452.1107  0.02%   134  510s
 333965 60869 24449.1043   90  120 24448.0000 24452.0757  0.02%   134  517s
 336120 60867 24449.7347   91  143 24448.0000 24452.0614  0.02%   134  520s
 340463 60899     cutoff   90      24448.0000 24452.0299  0.02%   134  526s
 344503 60864     cutoff   99      24448.0000 24452.0038  0.02%   134  531s
 348656 60760 24450.1826   89  116 24448.0000 24451.9759  0.02%   133  537s
 352921 60563     cutoff   92      24448.0000 24451.9435  0.02%   133  542s
 354892 60446 24449.5032   87  124 24448.0000 24451.9295  0.02%   133  545s
 359080 60147     cutoff  103      24448.0000 24451.9030  0.02%   133  551s
 362966 59778     cutoff   86      24448.0000 24451.8790  0.02%   133  556s
 367322 59348 24449.2365   95  131 24448.0000 24451.8457  0.02%   133  561s
 371191 58803 24449.2434   92  107 24448.0000 24451.8180  0.02%   132  566s
 375379 58155     cutoff   96      24448.0000 24451.7870  0.02%   132  572s
 377523 57796 24450.4298   88  106 24448.0000 24451.7704  0.02%   132  575s
 381818 56957     cutoff   87      24448.0000 24451.7370  0.02%   132  580s
 385941 56036 24450.8954   89   79 24448.0000 24451.7050  0.02%   132  585s
 390341 55080 24449.8561  100  112 24448.0000 24451.6687  0.02%   131  590s
 394761 53939 24449.2328   91  132 24448.0000 24451.6312  0.01%   131  595s
 398889 53253     cutoff  105      24448.0000 24451.5928  0.01%   131  601s
 400380 53130 24451.5865   86  111 24448.0000 24451.5865  0.01%   132  606s
 401915 53008 24449.3824  101  122 24448.0000 24451.5865  0.01%   133  612s
 402707 52992 24449.7602   87  133 24448.0000 24451.5865  0.01%   133  616s
 403617 52971     cutoff   93      24448.0000 24451.5865  0.01%   134  620s
 405495 52693 24449.5523   88  113 24448.0000 24451.5865  0.01%   135  628s
 406560 52623 24449.0827   89  101 24448.0000 24451.5865  0.01%   136  632s
 407687 52611 24451.5865   82  123 24448.0000 24451.5865  0.01%   137  637s
 408832 52571 24449.0271   92  136 24448.0000 24451.5865  0.01%   138  642s
 410161 52553 24449.7217   84  143 24448.0000 24451.5865  0.01%   139  647s
 411319 52552     cutoff   90      24448.0000 24451.5865  0.01%   140  653s
 412705 52553 24449.0350   96   85 24448.0000 24451.5865  0.01%   141  657s
 413529 52624 24449.7966   81  129 24448.0000 24451.5865  0.01%   141  665s
 415762 52607 24449.8021   82  127 24448.0000 24451.5865  0.01%   142  672s
 417718 52497 24449.0576   85  127 24448.0000 24451.5865  0.01%   144  680s
 419572 52409 24450.9146   92   98 24448.0000 24451.5865  0.01%   145  688s
 421535 52027 24449.5443   86  142 24448.0000 24451.5865  0.01%   146  696s
 424398 51263     cutoff   89      24448.0000 24451.5865  0.01%   147  701s
 428111 50385 24449.3206   80  121 24448.0000 24451.4776  0.01%   147  706s
 431764 49478 24449.5822   95   69 24448.0000 24451.4001  0.01%   146  711s
 435211 48734     cutoff   94      24448.0000 24451.3157  0.01%   146  715s
 438475 47991 24449.7812   98  166 24448.0000 24451.2332  0.01%   146  720s
 445545 46341     cutoff   84      24448.0000 24451.0731  0.01%   145  728s
 449360 45832 24450.7938   81  137 24448.0000 24450.9787  0.01%   145  732s
 452727 45399 24449.9320   84   99 24448.0000 24450.9114  0.01%   145  735s
 458743 45058 24449.6712  103  146 24448.0000 24450.7681  0.01%   144  742s
 461603 44964 24450.6079   80  135 24448.0000 24450.7185  0.01%   144  746s
 465390 44900     cutoff  105      24448.0000 24450.6606  0.01%   143  750s
 470485 44790 24450.2326   88  101 24448.0000 24450.5818  0.01%   143  756s
 473123 44804 24449.8685   84  106 24448.0000 24450.5382  0.01%   143  760s
 478477 44533     cutoff   82      24448.0000 24450.4756  0.01%   143  767s
 480887 44415     cutoff   82      24448.0000 24450.4463  0.01%   142  770s
 486155 44028 24450.1317   71   97 24448.0000 24450.3895  0.01%   142  777s
 489103 43772 24449.3985   84   97 24448.0000 24450.3588  0.01%   142  780s
 494840 43225     cutoff   91      24448.0000 24450.2995  0.01%   141  787s
 497602 42939 24449.2693   95  127 24448.0000 24450.2678  0.01%   141  790s
 503111 42495     cutoff   90      24448.0000 24450.2142  0.01%   141  797s
 505922 42239 24449.8283   82  106 24448.0000 24450.1917  0.01%   141  800s
 511276 41577 24449.3016   87   95 24448.0000 24450.1451  0.01%   140  806s
 517063 40961 infeasible   86      24448.0000 24450.0966  0.01%   140  812s
 519922 40701     cutoff   95      24448.0000 24450.0735  0.01%   139  815s
 524090 40180     cutoff   89      24448.0000 24450.0503  0.01%   139  823s
 526950 39822     cutoff   85      24448.0000 24450.0193  0.01%   139  826s
 532792 39169 24449.6585   84  134 24448.0000 24449.9770  0.01%   139  832s
 535394 38816     cutoff   89      24448.0000 24449.9579  0.01%   138  836s
 541154 38128 24449.0567   90  111 24448.0000 24449.9191  0.01%   138  842s
 543972 37706     cutoff   91      24448.0000 24449.8991  0.01%   138  845s
 549132 37116     cutoff  102      24448.0000 24449.8689  0.01%   137  851s
 554281 36377 24448.9839   95   86 24448.0000 24449.8437  0.01%   137  857s
 556721 36030     cutoff   80      24448.0000 24449.8280  0.01%   137  860s
 561996 35061 24449.6406   84   88 24448.0000 24449.8002  0.01%   137  866s
 567217 34192 24449.5159   90  126 24448.0000 24449.7750  0.01%   137  873s
 569592 33823     cutoff   91      24448.0000 24449.7650  0.01%   136  876s
 574485 32796     cutoff   88      24448.0000 24449.7462  0.01%   136  883s
 577135 32201 24449.4823   96  116 24448.0000 24449.7338  0.01%   136  886s
 580024 31659 24449.3896  101  116 24448.0000 24449.7227  0.01%   136  890s
 586078 30562 24449.3677   86  106 24448.0000 24449.6952  0.01%   136  896s
 591803 29284 24449.4272   89  166 24448.0000 24449.6634  0.01%   135  902s
 594632 28755     cutoff   93      24448.0000 24449.6494  0.01%   135  905s
 599980 27502 24449.1546   71   81 24448.0000 24449.6224  0.01%   135  911s
 605399 26230 24449.1640   95  131 24448.0000 24449.5961  0.01%   134  917s
 611148 24780     cutoff   98      24448.0000 24449.5681  0.01%   134  922s
 613995 24060 24449.1026   89  121 24448.0000 24449.5525  0.01%   134  925s
 619422 22541     cutoff   90      24448.0000 24449.5266  0.01%   134  930s
 624693 20893     cutoff   92      24448.0000 24449.5016  0.01%   133  936s
 630365 19291 24448.9774   96  115 24448.0000 24449.4698  0.01%   133  941s
 635637 17395 24449.2677   95  122 24448.0000 24449.4424  0.01%   133  946s
 640875 15423     cutoff   89      24448.0000 24449.4168  0.01%   132  951s
 646364 13179     cutoff   88      24448.0000 24449.3798  0.01%   132  957s
 652158 10583 24449.0606   97  130 24448.0000 24449.3418  0.01%   131  962s
 655085  9173 24449.0542   90   89 24448.0000 24449.3236  0.01%   131  965s
 661047  5977 24449.0179   99  126 24448.0000 24449.2675  0.01%   131  971s
 668073  1543     cutoff  105      24448.0000 24449.1919  0.00%   130  977s

Cutting planes:
  Gomory: 24
  Cover: 54
  Clique: 17
  MIR: 307
  StrongCG: 265
  Flow cover: 52
  Inf proof: 2
  Zero half: 4
  RLT: 6

Explored 673677 nodes (87433714 simplex iterations) in 978.53 seconds
Thread count was 12 (of 12 available processors)

Solution count 10: 24448 24310 24270 ... 23815

Optimal solution found (tolerance 1.00e-12)
Best objective 2.444800000000e+04, best bound 2.444800000000e+04, gap 0.0000%
