
Gurobi 9.1.2 (win64, Java) logging started Wed Nov 10 22:31:45 2021

Academic license - for non-commercial use only - expires 2022-10-30
Gurobi Optimizer version 9.1.2 build v9.1.2rc0 (win64)
Thread count: 6 physical cores, 12 logical processors, using up to 12 threads
Optimize a model with 80 rows, 1200 columns and 2400 nonzeros
Model fingerprint: 0x1b9300cd
Variable types: 0 continuous, 1200 integer (1200 binary)
Coefficient statistics:
  Matrix range     [1e+00, 1e+03]
  Objective range  [4e+01, 1e+03]
  Bounds range     [1e+00, 1e+00]
  RHS range        [1e+00, 1e+03]
Found heuristic solution: objective 20046.000000
Presolve removed 1 rows and 380 columns
Presolve time: 0.01s
Presolved: 79 rows, 820 columns, 1640 nonzeros
Variable types: 0 continuous, 820 integer (820 binary)
Presolved: 79 rows, 820 columns, 1640 nonzeros


Root relaxation: objective 2.467127e+04, 237 iterations, 0.00 seconds

    Nodes    |    Current Node    |     Objective Bounds      |     Work
 Expl Unexpl |  Obj  Depth IntInf | Incumbent    BestBd   Gap | It/Node Time

     0     0 24671.2729    0   30 20046.0000 24671.2729  23.1%     -    0s
H    0     0                    23045.000000 24671.2729  7.06%     -    0s
H    0     0                    23496.000000 24671.2729  5.00%     -    0s
H    0     0                    23713.000000 24671.2729  4.04%     -    0s
     0     0 24671.2729    0   63 23713.0000 24671.2729  4.04%     -    0s
     0     0 24671.2729    0   45 23713.0000 24671.2729  4.04%     -    0s
H    0     0                    23763.000000 24671.2729  3.82%     -    0s
H    0     0                    23872.000000 24671.2729  3.35%     -    0s
     0     2 24671.2729    0   38 23872.0000 24671.2729  3.35%     -    0s
H   31    43                    24001.000000 24671.2729  2.79%  50.5    0s
H   37    43                    24078.000000 24671.2729  2.46%  48.9    0s
H   85   100                    24090.000066 24671.2729  2.41%  38.8    0s
H   87   100                    24136.000000 24671.2729  2.22%  38.1    0s
H  181   245                    24196.000000 24671.2729  1.96%  36.9    1s
H 1471  1383                    24224.000000 24671.2729  1.85%  16.1    1s
H 1721  1432                    24316.000000 24629.4849  1.29%  17.6    2s
H 1722  1361                    24396.000000 24626.0851  0.94%  17.5    2s
H 1755  1316                    24401.000000 24622.4429  0.91%  21.9    3s
H 1755  1250                    24459.000000 24622.4429  0.67%  21.9    3s
  1779  1268 24616.9322   27  111 24459.0000 24616.9322  0.65%  26.6    5s
H 1798  1217                    24534.000000 24616.8058  0.34%  28.6    6s
H 1805  1162                    24538.000000 24616.7624  0.32%  30.7    6s
H 1827  1118                    24576.000000 24616.6676  0.17%  32.5    8s
  1856  1141 24616.6087   21  185 24576.0000 24616.6087  0.17%  36.4   10s
  1938  1204 24595.6817   29  192 24576.0000 24616.5142  0.16%  47.6   15s
  2512  1590 24604.0614  278  176 24576.0000 24616.0860  0.16%  68.1   20s
  5146  2992 24598.5394  333  144 24576.0000 24616.0860  0.16%  87.8   25s
  8501  5731 24601.6452  308  121 24576.0000 24616.0194  0.16%  89.8   30s
 12529  9535     cutoff  294      24576.0000 24615.8737  0.16%  94.0   35s
 15860 12164 24602.6379  319  113 24576.0000 24615.8329  0.16%  95.5   41s
 19754 15086 24614.4826  302  143 24576.0000 24615.7853  0.16%  93.3   45s
 25310 19638 24611.6552  297  112 24576.0000 24615.7335  0.16%  92.7   51s
 30120 23599 24603.7959  305   93 24576.0000 24615.7020  0.16%  91.7   56s
 35590 27742 24577.0317  369   96 24576.0000 24615.6675  0.16%  89.7   61s
 39245 30435 24613.8526  294  126 24576.0000 24615.6354  0.16%  88.9   65s
 43907 33712 24605.4758  314  119 24576.0000 24615.5781  0.16%  89.4   71s
 47543 36795 24604.6281  322  130 24576.0000 24615.5223  0.16%  90.2   75s
 53645 41346 24605.4338  310  107 24576.0000 24615.2622  0.16%  88.8   80s
 59178 45280 24612.0388  304   89 24576.0000 24615.0406  0.16%  88.2   85s
 64423 49307 24600.8098  324   94 24576.0000 24614.8578  0.16%  87.3   90s
 69078 52355 24612.8280  289  140 24576.0000 24614.7931  0.16%  88.4   95s
 74077 56434 24600.5128  328   85 24576.0000 24614.6717  0.16%  88.9  101s
 79780 60340 24605.7784  302  143 24576.0000 24614.5246  0.16%  87.8  106s
 83113 62387 24603.6022  334  117 24576.0000 24614.4445  0.16%  87.8  110s
 88028 65972 24605.6593  298  127 24576.0000 24614.3455  0.16%  88.0  115s
 92685 68984 24604.2145  318  108 24576.0000 24614.2858  0.16%  88.8  121s
 95755 71513 24610.7192  285  123 24576.0000 24614.2729  0.16%  89.6  126s
 99408 74351 24613.8724  284  124 24576.0000 24614.2729  0.16%  90.6  130s
 103049 76654 24603.3314  324  112 24576.0000 24614.1976  0.16%  91.1  135s
 105961 79180 24584.1340  354   54 24576.0000 24614.1936  0.16%  92.7  140s
 109979 82113 24580.7036  326   93 24576.0000 24614.1803  0.16%  93.1  145s
 115365 85399 24583.2168  336   88 24576.0000 24614.1457  0.16%  94.2  151s
 118597 87952 24604.6950  288  142 24576.0000 24614.1356  0.16%  94.9  157s
 122809 91548 24611.6945  286  162 24576.0000 24614.0976  0.16%  95.0  162s
 127291 94278 24609.5917  286  136 24576.0000 24614.0641  0.15%  94.8  166s
 130953 96674 24588.4417  337   90 24576.0000 24614.0498  0.15%  94.4  170s
 134492 99260 24600.6195  291  104 24576.0000 24614.0263  0.15%  94.5  175s
 140099 103047 24606.7230  297  148 24576.0000 24613.9791  0.15%  94.2  180s
 145575 106802 infeasible  333      24576.0000 24613.9251  0.15%  94.0  186s
 149437 109513 24612.9709  281  132 24576.0000 24613.8934  0.15%  93.6  190s
 154527 113584 24588.9940  335   84 24576.0000 24613.8774  0.15%  94.2  197s
 158840 116610 24604.1601  312  129 24576.0000 24613.8660  0.15%  94.0  201s
 162711 119537 24602.6921  303   84 24576.0000 24613.8457  0.15%  93.7  205s
 168269 123071 24603.1270  327  116 24576.0000 24613.8230  0.15%  93.4  211s
 171708 125734 24602.2424  325   68 24576.0000 24613.8055  0.15%  93.4  215s
 177660 129658     cutoff  324      24576.0000 24613.7833  0.15%  93.0  221s
 182794 132686 24593.9133  331   64 24576.0000 24613.7710  0.15%  93.2  226s
 186325 135414 24603.5122  301  109 24576.0000 24613.7604  0.15%  93.2  230s
 191327 139112 24613.2204  279  122 24576.0000 24613.7425  0.15%  93.4  236s
 195495 141786     cutoff  292      24576.0000 24613.7306  0.15%  93.3  240s
 200868 145485 24608.1755  305  109 24576.0000 24613.7160  0.15%  93.2  246s
 204555 147990 24596.8791  318  108 24576.0000 24613.7112  0.15%  93.1  250s
 210271 151831 24595.3525  289   87 24576.0000 24613.6883  0.15%  92.7  255s
 212253 153373 24602.3258  341   82 24576.0000 24613.6857  0.15%  92.8  260s
 217970 157125 24602.6755  308  132 24576.0000 24613.6658  0.15%  92.7  265s
 223693 161297 24595.6534  328   96 24576.0000 24613.6509  0.15%  92.5  270s
 229394 165402 24604.8961  293  150 24576.0000 24613.6270  0.15%  92.2  276s
 234281 168383     cutoff  326      24576.0000 24613.6128  0.15%  92.4  282s
 235371 169045 24598.4510  331   67 24576.0000 24613.6112  0.15%  92.4  285s
 240180 172889 24604.6820  314  119 24576.0000 24613.5930  0.15%  92.5  291s
 243798 175306 24605.2152  287  125 24576.0000 24613.5853  0.15%  92.6  295s
 249137 179174 24590.4142  362   67 24576.0000 24613.5703  0.15%  92.6  300s
 256494 184833 24602.2582  331   60 24576.0000 24613.5528  0.15%  92.2  306s
 259988 186860 24609.9284  298  131 24576.0000 24613.5441  0.15%  92.0  310s
 265916 190202     cutoff  324      24576.0000 24613.5295  0.15%  92.0  317s
 268476 192779 24605.6336  299  135 24576.0000 24613.5188  0.15%  91.8  321s
 271841 195663 24600.9448  299  139 24576.0000 24613.5136  0.15%  91.8  325s
 277371 199065 24609.6195  285  117 24576.0000 24613.4951  0.15%  91.7  330s
 282788 202914 24603.0098  291  131 24576.0000 24613.4817  0.15%  91.6  335s
 288150 207097 24611.5777  293  134 24576.0000 24613.4671  0.15%  91.5  340s
 293028 210207 24592.2670  331   87 24576.0000 24613.4532  0.15%  91.5  345s
 298480 214185 24602.5865  334  118 24576.0000 24613.4436  0.15%  91.5  351s
 304218 217858 24607.7218  303  106 24576.0000 24613.4278  0.15%  91.3  355s
 310425 222333 24605.6432  294  138 24576.0000 24613.4114  0.15%  90.9  360s
 315536 225795 24602.8858  307  125 24576.0000 24613.4026  0.15%  90.8  365s
 320638 229882 24587.5854  326  127 24576.0000 24613.3936  0.15%  91.2  371s
 327127 234355 24605.1368  280  107 24576.0000 24613.3766  0.15%  90.9  376s
 330856 237113     cutoff  313      24576.0000 24613.3705  0.15%  90.9  380s
 336535 240826 24597.9381  313  107 24576.0000 24613.3572  0.15%  90.7  385s
 342030 244828 24594.6275  332  133 24576.0000 24613.3479  0.15%  90.5  390s
 346980 248219 24604.5067  296  140 24576.0000 24613.3363  0.15%  90.4  395s
 351939 251584     cutoff  284      24576.0000 24613.3281  0.15%  90.4  401s
 356808 255097 24605.3552  311  109 24576.0000 24613.3194  0.15%  90.5  406s
 361764 258785 24607.6259  306  111 24576.0000 24613.3104  0.15%  90.6  412s
 365806 261189     cutoff  325      24576.0000 24613.3061  0.15%  90.5  416s
 370913 265293 24593.5475  343   97 24576.0000 24613.2997  0.15%  90.5  421s
 374801 267663 24612.4659  295  131 24576.0000 24613.2949  0.15%  90.4  425s
 380468 271362 24612.7562  292  123 24576.0000 24613.2838  0.15%  90.3  431s
 385735 275263 24608.6465  295   68 24576.0000 24613.2764  0.15%  90.4  436s
 391351 279307 24605.7550  299  141 24576.0000 24613.2674  0.15%  90.3  441s
 395093 282026 24599.8451  322  121 24576.0000 24613.2615  0.15%  90.2  445s
 400532 285793 24577.4672  300  108 24576.0000 24613.2543  0.15%  90.1  450s
 406164 289685 24597.3165  291  106 24576.0000 24613.2466  0.15%  90.0  455s
 412036 293193 24607.3565  309  100 24576.0000 24613.2370  0.15%  89.8  460s
 415261 295204 24605.8724  299  152 24576.0000 24613.2354  0.15%  89.9  465s
 420146 298651 24604.5984  300  133 24576.0000 24613.2262  0.15%  89.8  472s
 423454 301785 24603.6528  306  128 24576.0000 24613.2231  0.15%  89.7  476s
 429550 306241 24605.4502  307  135 24576.0000 24613.2143  0.15%  89.6  481s
 435055 309838 24597.6007  334   93 24576.0000 24613.2071  0.15%  89.4  486s
 438682 312240 24585.1011  312  107 24576.0000 24613.2032  0.15%  89.3  490s
 442217 314707 24589.5158  313  102 24576.0000 24613.1996  0.15%  89.4  496s
 445771 316889 24578.9711  299   90 24576.0000 24613.1954  0.15%  89.4  500s
 448880 319442 24592.3916  293  109 24576.0000 24613.1909  0.15%  89.4  505s
 452687 322062 24604.7029  306  121 24576.0000 24613.1867  0.15%  89.3  510s
 456471 324904 24612.6972  301  119 24576.0000 24613.1801  0.15%  89.2  515s
 460271 327473 24612.9289  291  142 24576.0000 24613.1764  0.15%  89.0  520s
 465699 331378     cutoff  325      24576.0000 24613.1675  0.15%  88.8  527s
 468846 333988 24604.0982  330  135 24576.0000 24613.1629  0.15%  88.8  532s
 471415 335567 24585.5123  294  127 24576.0000 24613.1600  0.15%  88.9  535s
 475731 338273 24610.8983  284  122 24576.0000 24613.1536  0.15%  88.7  541s
 479356 340452 24599.1565  338   78 24576.0000 24613.1505  0.15%  88.8  546s
 483038 342858 24603.8304  308   95 24576.0000 24613.1453  0.15%  88.8  551s
 485405 344632 24602.4744  302  109 24576.0000 24613.1435  0.15%  88.8  557s
 489374 347408 24577.5418  349   67 24576.0000 24613.1390  0.15%  88.7  561s
 492937 349913 24602.4156  332   85 24576.0000 24613.1331  0.15%  88.7  566s
 496318 351929 24608.9678  303  112 24576.0000 24613.1281  0.15%  88.7  571s
 499508 354619 24604.6697  298  146 24576.0000 24613.1258  0.15%  88.8  576s
 502918 357023 24608.2195  285  130 24576.0000 24613.1225  0.15%  88.8  580s
 507097 359649 24585.8227  368   92 24576.0000 24613.1169  0.15%  88.7  585s
 509843 361611 24602.1823  333  102 24576.0000 24613.1143  0.15%  88.7  590s
 512935 363581     cutoff  284      24576.0000 24613.1123  0.15%  88.9  595s
 516646 366213 24611.1322  295  118 24576.0000 24613.1069  0.15%  88.9  601s
 520554 369073 24587.0222  316   99 24576.0000 24613.1018  0.15%  88.8  606s
 524361 371354 24596.6090  309  121 24576.0000 24613.0995  0.15%  88.8  611s
 527730 373550     cutoff  336      24576.0000 24613.0956  0.15%  88.9  617s
 529383 374937 24600.8760  332   86 24576.0000 24613.0950  0.15%  89.0  620s
 533222 377199     cutoff  300      24576.0000 24613.0918  0.15%  89.2  626s
 537543 380567 24604.8449  305   97 24576.0000 24613.0874  0.15%  89.1  631s
 541861 383402 24602.3893  301  115 24576.0000 24613.0827  0.15%  89.0  636s
 545777 385609 24584.8464  301  126 24576.0000 24613.0802  0.15%  89.0  641s
 548896 387561 24596.1472  315  114 24576.0000 24613.0775  0.15%  89.0  646s
 552030 390362 24597.2872  327   94 24576.0000 24613.0730  0.15%  89.0  651s
 555809 392525 24605.2525  289  128 24576.0000 24613.0692  0.15%  89.0  657s
 559527 395249 24596.4513  299   98 24576.0000 24613.0657  0.15%  89.0  662s
 563325 398010 24602.5330  322  106 24576.0000 24613.0611  0.15%  88.9  666s
 567087 400568 24603.0400  313   95 24576.0000 24613.0573  0.15%  88.9  671s
 570215 402962 24605.4106  281  117 24576.0000 24613.0556  0.15%  88.8  676s
 573827 405012 24604.1495  290  114 24576.0000 24613.0502  0.15%  88.8  680s
 578358 408199 24608.7508  282   94 24576.0000 24613.0463  0.15%  88.7  687s
 581483 410537 24608.5178  294  140 24576.0000 24613.0445  0.15%  88.8  692s
 583648 411340 24603.0970  295  115 24576.0000 24613.0432  0.15%  88.8  695s
 585688 412983 24605.2229  290   87 24576.0000 24613.0410  0.15%  88.9  702s
 590100 415262     cutoff  357      24576.0000 24613.0392  0.15%  88.9  707s
 591579 416402 24602.4343  336   89 24576.0000 24613.0364  0.15%  89.0  710s
 595842 419581 24592.7692  313  102 24576.0000 24613.0323  0.15%  89.0  716s
 600031 422004 24582.3184  358   95 24576.0000 24613.0279  0.15%  88.9  721s
 603858 424387 24586.4630  336   56 24576.0000 24613.0235  0.15%  88.8  726s
 607052 426593 24604.9494  300  134 24576.0000 24613.0219  0.15%  88.8  731s
 610711 429228 24602.6958  314  127 24576.0000 24613.0184  0.15%  88.8  736s
 614220 431803 24604.9509  315  144 24576.0000 24613.0160  0.15%  88.8  740s
 618218 434742 24605.6770  297  130 24576.0000 24613.0114  0.15%  88.6  746s
 621882 437229 24603.9158  307  129 24576.0000 24613.0078  0.15%  88.6  750s
 625436 439572 24578.8700  320  112 24576.0000 24613.0046  0.15%  88.4  755s
 627629 441381 24604.9852  320  132 24576.0000 24613.0028  0.15%  88.4  760s
 631328 444217 24605.3024  285  130 24576.0000 24612.9992  0.15%  88.4  765s
 635108 446751 24604.1677  303  110 24576.0000 24612.9959  0.15%  88.4  771s
 638848 449162     cutoff  301      24576.0000 24612.9926  0.15%  88.4  775s
 642643 451869 24612.1939  292  116 24576.0000 24612.9893  0.15%  88.3  780s
 647845 455285 24609.4234  291  122 24576.0000 24612.9840  0.15%  88.2  787s
 651524 457596 24605.6263  297  148 24576.0000 24612.9811  0.15%  88.2  791s
 654872 459613 24582.1305  289  136 24576.0000 24612.9781  0.15%  88.2  797s
 658290 462271     cutoff  317      24576.0000 24612.9754  0.15%  88.3  802s
 660373 463872 24603.3405  294  133 24576.0000 24612.9730  0.15%  88.3  805s
 663826 466078 24586.6535  316   78 24576.0000 24612.9702  0.15%  88.3  810s
 667935 469065 24612.3824  296  114 24576.0000 24612.9665  0.15%  88.3  815s
 671711 471302 24583.2788  318   81 24576.0000 24612.9640  0.15%  88.2  820s
 675531 473662 24603.2982  294  130 24576.0000 24612.9610  0.15%  88.2  825s
 678455 475803 24603.0444  310  138 24576.0000 24612.9601  0.15%  88.3  830s
 682155 478812 24580.4247  330  108 24576.0000 24612.9571  0.15%  88.3  835s
 686094 480852     cutoff  303      24576.0000 24612.9528  0.15%  88.2  840s
 689913 483632 24604.5103  303  140 24576.0000 24612.9496  0.15%  88.2  845s
 693986 486313 24604.1261  320  136 24576.0000 24612.9442  0.15%  88.1  850s
 699198 489538 24610.6689  298  121 24576.0000 24612.9392  0.15%  88.0  856s
 702361 491775 24583.0713  329   68 24576.0000 24612.9372  0.15%  87.9  860s
 707805 495438     cutoff  317      24576.0000 24612.9323  0.15%  87.8  867s
 709703 496801 24610.5653  294  119 24576.0000 24612.9312  0.15%  87.8  870s
 714885 500639 24604.1984  313  125 24576.0000 24612.9270  0.15%  87.8  877s
 718982 503171 24590.7513  321   76 24576.0000 24612.9238  0.15%  87.7  881s
 722519 505724 24601.0705  333   74 24576.0000 24612.9218  0.15%  87.6  886s
 726049 508555     cutoff  336      24576.0000 24612.9198  0.15%  87.6  891s
 729944 510910 24586.9656  331  125 24576.0000 24612.9163  0.15%  87.5  895s
 733571 513120 24607.8551  292  148 24576.0000 24612.9131  0.15%  87.5  900s
 736775 515457 24587.0547  346   95 24576.0000 24612.9113  0.15%  87.5  905s
 742332 519347 24603.7835  299  100 24576.0000 24612.9078  0.15%  87.4  911s
 746181 521816     cutoff  309      24576.0000 24612.9058  0.15%  87.4  916s
 749777 524307 24598.5907  316  109 24576.0000 24612.9025  0.15%  87.3  921s
 753225 526513 24599.3882  316   92 24576.0000 24612.8999  0.15%  87.3  926s
 757251 528927 24585.3720  336   66 24576.0000 24612.8963  0.15%  87.3  931s
 760223 531288     cutoff  299      24576.0000 24612.8946  0.15%  87.2  935s
 764239 534029 24604.6612  294  137 24576.0000 24612.8912  0.15%  87.2  940s
 767769 536227 24601.4843  335  126 24576.0000 24612.8879  0.15%  87.1  945s
 772898 539819     cutoff  339      24576.0000 24612.8836  0.15%  87.0  952s
 776154 542279 24578.7308  344   44 24576.0000 24612.8821  0.15%  87.0  956s
 779852 545287     cutoff  326      24576.0000 24612.8784  0.15%  86.9  961s
 783766 547624 24596.3510  302  130 24576.0000 24612.8758  0.15%  86.9  965s
 786331 549737 24611.7240  295  144 24576.0000 24612.8739  0.15%  86.8  970s
 790347 552528 24604.5271  310  147 24576.0000 24612.8720  0.15%  86.8  975s
 795743 555700 24609.9956  283  131 24576.0000 24612.8676  0.15%  86.7  981s
 799173 558338 24603.3505  313  129 24576.0000 24612.8660  0.15%  86.7  986s
 803196 560719 24603.9382  298  113 24576.0000 24612.8626  0.15%  86.6  991s
 806016 562473 24580.8429  338   71 24576.0000 24612.8616  0.15%  86.7  995s
 809147 565236 24611.3654  293  128 24576.0000 24612.8591  0.15%  86.7 1000s
 812886 567087 24604.5170  295  119 24576.0000 24612.8567  0.15%  86.6 1005s
 815975 569547 24579.7385  323   70 24576.0000 24612.8548  0.15%  86.6 1010s
 819628 571878 24609.8129  305   97 24576.0000 24612.8525  0.15%  86.7 1015s
 823477 574727 24603.2584  325  122 24576.0000 24612.8494  0.15%  86.6 1020s
 827103 577331 24602.6407  302   82 24576.0000 24612.8469  0.15%  86.6 1025s
 832616 580985 24608.8881  293  129 24576.0000 24612.8434  0.15%  86.5 1032s
 836226 583607 24611.7906  295  127 24576.0000 24612.8412  0.15%  86.5 1037s
 840060 585860 24604.7773  302   85 24576.0000 24612.8381  0.15%  86.4 1041s
 842041 587113 24599.1328  339  107 24576.0000 24612.8366  0.15%  86.4 1047s
 845377 590127 24602.0043  343  113 24576.0000 24612.8351  0.15%  86.4 1052s
 847729 591595 24594.8991  300  102 24576.0000 24612.8334  0.15%  86.4 1055s
 851503 594043 24592.5084  344   80 24576.0000 24612.8306  0.15%  86.4 1060s
 857650 598267     cutoff  294      24576.0000 24612.8271  0.15%  86.3 1067s
 861175 600782 24602.3921  341   86 24576.0000 24612.8240  0.15%  86.3 1071s
 864620 603321 24596.7699  319   97 24576.0000 24612.8218  0.15%  86.2 1075s
 869608 606510     cutoff  335      24576.0000 24612.8184  0.15%  86.2 1081s
 873188 609033 24599.1796  314   95 24576.0000 24612.8159  0.15%  86.2 1085s
 878771 612092 24583.9732  330   67 24576.0000 24612.8123  0.15%  86.1 1091s
 883596 616181 24610.4939  287  137 24576.0000 24612.8093  0.15%  86.0 1096s
 888892 619879     cutoff  326      24576.0000 24612.8061  0.15%  86.0 1100s
 895135 623699 24591.4199  350   79 24576.0000 24612.8027  0.15%  86.0 1105s
 900675 627766 24586.2672  330   75 24576.0000 24612.7972  0.15%  86.0 1110s
 907924 632514 24602.2324  296  112 24576.0000 24612.7931  0.15%  85.9 1116s
 913548 636471 24610.8125  296  131 24576.0000 24612.7886  0.15%  85.9 1120s
 920003 640821 24590.4872  335   77 24576.0000 24612.7855  0.15%  85.9 1125s
 925373 644720 24601.0186  317   96 24576.0000 24612.7815  0.15%  85.9 1130s
 932907 649885 24604.8343  309  108 24576.0000 24612.7761  0.15%  85.8 1136s
 938272 653307 24609.6259  307  141 24576.0000 24612.7729  0.15%  85.8 1140s
 943792 657086 24602.0820  315  117 24576.0000 24612.7696  0.15%  85.7 1145s
 949300 661005 24584.0159  342   87 24576.0000 24612.7663  0.15%  85.7 1150s
 954370 664860 24601.1110  315   60 24576.0000 24612.7632  0.15%  85.7 1155s
 959976 668372 24602.5199  312   93 24576.0000 24612.7599  0.15%  85.6 1160s
 965398 672131 24602.4029  332  108 24576.0000 24612.7560  0.15%  85.6 1165s
 972937 676869 24607.9811  309  116 24576.0000 24612.7516  0.15%  85.5 1171s
 978379 680762 24604.3386  300  122 24576.0000 24612.7492  0.15%  85.5 1176s
 983686 683802 24604.1923  330  148 24576.0000 24612.7478  0.15%  85.5 1181s
 986223 686017 24610.3976  308  105 24576.0000 24612.7458  0.15%  85.5 1185s
 991917 689686     cutoff  296      24576.0000 24612.7417  0.15%  85.5 1191s
 997993 693726 24605.6078  292  146 24576.0000 24612.7375  0.15%  85.5 1196s
 1003352 697436 24604.1440  307  114 24576.0000 24612.7345  0.15%  85.5 1200s
 1008233 700495 24602.3571  289   86 24576.0000 24612.7311  0.15%  85.5 1206s
 1013919 704010 24611.6213  298  128 24576.0000 24612.7278  0.15%  85.5 1211s
 1019479 707867 24605.6714  299  144 24576.0000 24612.7239  0.15%  85.5 1216s
 1024761 711140 24599.1795  327   76 24576.0000 24612.7201  0.15%  85.4 1221s
 1030102 715573 24604.5949  310  119 24576.0000 24612.7164  0.15%  85.4 1226s
 1035987 719365 24606.5350  304  110 24576.0000 24612.7117  0.15%  85.3 1231s
 1041307 723172 24602.2986  333   99 24576.0000 24612.7080  0.15%  85.3 1236s
 1045003 725715     cutoff  301      24576.0000 24612.7044  0.15%  85.2 1240s
 1050545 729469 24583.4028  292  120 24576.0000 24612.7007  0.15%  85.2 1245s
 1056345 733276 24608.2815  281  109 24576.0000 24612.6961  0.15%  85.1 1250s
 1063189 737976 24594.5915  337   64 24576.0000 24612.6903  0.15%  85.1 1256s
 1068493 741875 24608.9397  292  114 24576.0000 24612.6852  0.15%  85.0 1261s
 1073823 745472 24610.9758  313   92 24576.0000 24612.6811  0.15%  85.0 1266s
 1077706 748154 24607.3901  291  156 24576.0000 24612.6774  0.15%  85.0 1270s
 1083595 751872 24597.2263  296   94 24576.0000 24612.6720  0.15%  84.9 1275s
 1088995 755561 24604.3345  289  105 24576.0000 24612.6673  0.15%  84.9 1280s
 1094553 758929 24607.3447  296   99 24576.0000 24612.6631  0.15%  84.9 1285s
 1099963 762827 24599.7461  322  113 24576.0000 24612.6585  0.15%  84.9 1290s
 1105048 766271 24588.8373  302   74 24576.0000 24612.6532  0.15%  84.9 1296s
 1110506 769848 24605.0913  299  116 24576.0000 24612.6480  0.15%  84.9 1301s
 1114047 772648 24603.9382  299   97 24576.0000 24612.6450  0.15%  84.9 1305s
 1119924 776294     cutoff  312      24576.0000 24612.6392  0.15%  84.8 1310s
 1124655 779698 24583.7790  329   76 24576.0000 24612.6350  0.15%  84.9 1315s
 1130349 783642 24595.5486  295  112 24576.0000 24612.6278  0.15%  84.8 1320s
 1135606 786887     cutoff  339      24576.0000 24612.6240  0.15%  84.8 1326s
 1141167 790621 24611.4761  288  136 24576.0000 24612.6180  0.15%  84.7 1331s
 1147313 794805     cutoff  337      24576.0000 24612.6132  0.15%  84.6 1335s
 1151953 797601 24602.7837  322  141 24576.0000 24612.6094  0.15%  84.6 1340s
 1156699 800883 24605.7135  293  124 24576.0000 24612.6043  0.15%  84.7 1345s
 1162102 804398     cutoff  318      24576.0000 24612.5992  0.15%  84.7 1350s
 1167703 808030 24584.1190  308   78 24576.0000 24612.5936  0.15%  84.6 1355s
 1172467 810955 24583.2932  319   81 24576.0000 24612.5878  0.15%  84.7 1360s
 1178162 814789 24599.4959  333   86 24576.0000 24612.5803  0.15%  84.6 1365s
 1183760 818787 24586.3836  325   92 24576.0000 24612.5747  0.15%  84.6 1370s
 1189457 822633 24610.1173  282   89 24576.0000 24612.5668  0.15%  84.5 1375s
 1196353 826754 24604.9856  305   85 24576.0000 24612.5599  0.15%  84.5 1381s
 1201176 829521 24586.6872  333   72 24576.0000 24612.5557  0.15%  84.5 1387s
 1201928 832337 24604.2460  316   76 24576.0000 24612.5549  0.15%  84.5 1391s
 1208224 835297 24610.7437  296  126 24576.0000 24612.5472  0.15%  84.5 1395s
 1214569 839461 24603.7137  311  120 24576.0000 24612.5386  0.15%  84.5 1401s
 1218706 842215 24607.4050  303   84 24576.0000 24612.5333  0.15%  84.5 1405s
 1224149 845785 24609.7269  292  128 24576.0000 24612.5275  0.15%  84.5 1410s
 1231384 850266 24604.1890  308  107 24576.0000 24612.5210  0.15%  84.5 1416s
 1236503 853908 24605.4007  297   87 24576.0000 24612.5154  0.15%  84.4 1420s
 1241626 857553 24586.2669  345   38 24576.0000 24612.5118  0.15%  84.5 1425s
 1249557 862662 24608.8375  303  116 24576.0000 24612.5035  0.15%  84.5 1431s
 1254775 866648 24604.8047  295  112 24576.0000 24612.4978  0.15%  84.5 1435s
 1262012 871593     cutoff  324      24576.0000 24612.4908  0.15%  84.4 1441s
 1267606 875352 24578.5933  300  128 24576.0000 24612.4844  0.15%  84.4 1445s
 1275120 880669 24605.2981  303  121 24576.0000 24612.4751  0.15%  84.3 1451s
 1280274 884226     cutoff  319      24576.0000 24612.4701  0.15%  84.3 1455s
 1287478 889181 24606.3025  286   94 24576.0000 24612.4638  0.15%  84.3 1461s
 1293077 892737 24579.4412  312   60 24576.0000 24612.4567  0.15%  84.3 1465s
 1298679 896447 24609.8689  307  121 24576.0000 24612.4511  0.15%  84.3 1470s
 1306058 900955 24599.9077  324   91 24576.0000 24612.4440  0.15%  84.2 1475s
 1311037 903913 24607.7901  290   96 24576.0000 24612.4398  0.15%  84.3 1480s
 1318307 908888 24598.9946  311  132 24576.0000 24612.4326  0.15%  84.2 1485s
 1323609 912689 24604.0741  307  159 24576.0000 24612.4266  0.15%  84.2 1490s
 1331663 917841 24604.3612  312  135 24576.0000 24612.4186  0.15%  84.1 1496s
 1336815 921519     cutoff  308      24576.0000 24612.4139  0.15%  84.1 1500s
 1343905 926117 24607.0576  299   97 24576.0000 24612.4075  0.15%  84.1 1506s
 1349501 929916     cutoff  297      24576.0000 24612.4020  0.15%  84.1 1510s
 1356780 934905 24577.8538  336   79 24576.0000 24612.3953  0.15%  84.0 1516s
 1362259 938813 24582.9971  319   74 24576.0000 24612.3888  0.15%  84.0 1520s
 1367955 941903 24603.8914  303  122 24576.0000 24612.3828  0.15%  83.9 1525s
 1374485 946342 24594.4790  344   87 24576.0000 24612.3777  0.15%  84.0 1531s
 1379606 949572     cutoff  330      24576.0000 24612.3731  0.15%  84.0 1536s
 1385492 953698 24578.3015  300  139 24576.0000 24612.3671  0.15%  84.0 1540s
 1391668 957598 24598.2594  318  104 24576.0000 24612.3605  0.15%  83.9 1545s
 1398923 962711 24582.5939  353   72 24576.0000 24612.3543  0.15%  83.9 1550s
 1404062 965875 24603.2296  322   86 24576.0000 24612.3490  0.15%  83.9 1555s
 1410730 970087 24590.4517  330  109 24576.0000 24612.3449  0.15%  83.9 1561s
 1416609 973891 24605.0925  301  111 24576.0000 24612.3388  0.15%  83.9 1566s
 1421724 977332     cutoff  344      24576.0000 24612.3356  0.15%  83.9 1571s
 1427450 981350 24607.0072  317  129 24576.0000 24612.3312  0.15%  84.0 1576s
 1433595 985355 24603.0983  319  120 24576.0000 24612.3250  0.15%  83.9 1580s
 1438767 989096 24601.3335  349  100 24576.0000 24612.3221  0.15%  84.0 1585s
 1446237 993770 24584.7799  340   94 24576.0000 24612.3147  0.15%  83.9 1591s
 1451229 997318 24608.2518  327   99 24576.0000 24612.3116  0.15%  83.9 1595s
 1458140 1002048 24609.9198  290  137 24576.0000 24612.3053  0.15%  83.9 1601s
 1464090 1005999 24604.1501  290  111 24576.0000 24612.2979  0.15%  83.9 1605s
 1469018 1009464 24603.2701  323  110 24576.0000 24612.2940  0.15%  83.9 1610s
 1476251 1014036 24577.1907  337   59 24576.0000 24612.2889  0.15%  83.9 1616s
 1481479 1017231 24584.6963  308  118 24576.0000 24612.2853  0.15%  83.9 1620s
 1488873 1022459 24590.8566  336   95 24576.0000 24612.2794  0.15%  83.9 1626s
 1494608 1026082 24587.6329  348   85 24576.0000 24612.2746  0.15%  83.8 1630s
 1501553 1030781 24605.9524  314  125 24576.0000 24612.2694  0.15%  83.8 1636s
 1507033 1034377 24606.3779  312  114 24576.0000 24612.2647  0.15%  83.8 1641s
 1512401 1038193 24597.6085  305  124 24576.0000 24612.2613  0.15%  83.9 1645s
 1517576 1041862     cutoff  325      24576.0000 24612.2577  0.15%  83.9 1650s
 1524826 1046932 24600.9316  320   90 24576.0000 24612.2527  0.15%  83.9 1656s
 1530959 1051119 24582.8272  312   75 24576.0000 24612.2474  0.15%  83.8 1660s
 1536377 1054547 24602.1977  315  122 24576.0000 24612.2418  0.15%  83.8 1665s
 1543505 1059591 24582.5496  321   88 24576.0000 24612.2368  0.15%  83.8 1670s
 1549121 1063381 24585.3661  321   94 24576.0000 24612.2303  0.15%  83.7 1675s
 1556252 1068404 24610.6925  297  101 24576.0000 24612.2240  0.15%  83.7 1680s
 1563287 1073150 24604.2400  314  111 24576.0000 24612.2178  0.15%  83.6 1686s
 1568825 1076867 24597.2276  301   94 24576.0000 24612.2116  0.15%  83.6 1690s
 1574361 1080742     cutoff  339      24576.0000 24612.2067  0.15%  83.5 1695s
 1581226 1085733 24595.8299  323  113 24576.0000 24612.2008  0.15%  83.5 1700s
 1588328 1090100 24604.3386  323  122 24576.0000 24612.1946  0.15%  83.5 1706s
 1593825 1094173     cutoff  327      24576.0000 24612.1890  0.15%  83.5 1710s
 1599862 1098029 24603.1361  317  117 24576.0000 24612.1828  0.15%  83.4 1715s
 1607015 1102435 24602.0705  329  119 24576.0000 24612.1759  0.15%  83.4 1721s
 1612671 1106724 24610.9884  296  110 24576.0000 24612.1715  0.15%  83.4 1725s
 1620054 1111337 24592.3599  346   48 24576.0000 24612.1646  0.15%  83.4 1731s
 1625317 1115131 24605.2126  292  149 24576.0000 24612.1615  0.15%  83.5 1736s
 1631393 1119177 24578.5970  312   94 24576.0000 24612.1547  0.15%  83.4 1740s
 1639171 1124203 24603.1555  311  115 24576.0000 24612.1479  0.15%  83.4 1746s
 1644519 1127720 24587.6587  345   72 24576.0000 24612.1425  0.15%  83.3 1750s
 1652136 1132964 24604.3409  298   97 24576.0000 24612.1354  0.15%  83.3 1756s
 1657257 1136481 24607.2298  294   73 24576.0000 24612.1314  0.15%  83.3 1760s
 1664327 1140864 24605.4948  305  141 24576.0000 24612.1237  0.15%  83.3 1765s
 1669375 1144414 24609.3553  294  129 24576.0000 24612.1212  0.15%  83.3 1770s
 1677310 1149676 24610.1082  299   88 24576.0000 24612.1131  0.15%  83.2 1776s
 1682767 1153458 24606.7975  309  136 24576.0000 24612.1060  0.15%  83.2 1780s
 1690157 1158564 24600.3916  348   93 24576.0000 24612.0997  0.15%  83.1 1785s
 1697092 1163510 24577.9848  327  111 24576.0000 24612.0942  0.15%  83.1 1791s
 1702870 1167124 24589.9773  366  120 24576.0000 24612.0870  0.15%  83.1 1795s
 1709004 1171247     cutoff  338      24576.0000 24612.0810  0.15%  83.1 1801s
 1715054 1175411 24610.9566  299  109 24576.0000 24612.0745  0.15%  83.1 1806s
 1720590 1179047 24604.3718  315  102 24576.0000 24612.0686  0.15%  83.0 1810s
 1727447 1183699 24577.1655  306  127 24576.0000 24612.0638  0.15%  83.0 1815s
 1731699 1186610 24604.8138  310  134 24576.0000 24612.0604  0.15%  83.1 1820s
 1738700 1191214 24603.7973  314  136 24576.0000 24612.0557  0.15%  83.1 1826s
 1744279 1194757     cutoff  316      24576.0000 24612.0508  0.15%  83.1 1830s
 1749579 1198471 24609.4484  321  109 24576.0000 24612.0467  0.15%  83.1 1835s
 1757294 1203465 24602.9930  300   93 24576.0000 24612.0384  0.15%  83.0 1840s
 1764131 1207811 24604.8589  307  140 24576.0000 24612.0337  0.15%  83.0 1846s
 1769064 1211549     cutoff  353      24576.0000 24612.0297  0.15%  83.0 1850s
 1774736 1215343 24599.3737  321   88 24576.0000 24612.0248  0.15%  83.0 1855s
 1781596 1219716 24610.4958  285  106 24576.0000 24612.0191  0.15%  83.0 1860s
 1788143 1224404 24593.3344  334   97 24576.0000 24612.0144  0.15%  83.0 1866s
 1793726 1228808     cutoff  307      24576.0000 24612.0101  0.15%  83.0 1871s
 1799262 1231969 24602.3985  325  113 24576.0000 24612.0055  0.15%  83.0 1875s
 1806341 1236813 24603.5015  325  122 24576.0000 24612.0008  0.15%  83.0 1881s
 1811979 1240391 24604.5017  303  127 24576.0000 24611.9951  0.15%  83.0 1885s
 1819057 1244974 24605.2398  292  143 24576.0000 24611.9889  0.15%  82.9 1891s
 1824529 1248726 24605.0786  300  107 24576.0000 24611.9842  0.15%  82.9 1895s
 1832084 1254117 24589.3138  318   57 24576.0000 24611.9770  0.15%  82.9 1901s
 1837261 1257258 24588.5574  312   73 24576.0000 24611.9735  0.15%  82.8 1905s
 1844768 1262228 24610.4168  293  105 24576.0000 24611.9663  0.15%  82.8 1911s
 1850055 1265866 24581.8630  324   96 24576.0000 24611.9619  0.15%  82.8 1915s
 1857283 1270670 24599.9247  308  101 24576.0000 24611.9559  0.15%  82.7 1920s
 1864591 1275935 24606.8223  303  120 24576.0000 24611.9476  0.15%  82.7 1925s
 1871440 1280221 24605.2740  316  127 24576.0000 24611.9420  0.15%  82.7 1931s
 1876070 1283359 24582.9391  312   66 24576.0000 24611.9393  0.15%  82.7 1935s
 1881827 1286883 24604.7896  320  123 24576.0000 24611.9341  0.15%  82.7 1940s
 1888636 1291810 24608.2697  295  123 24576.0000 24611.9271  0.15%  82.6 1945s
 1895961 1296406 24595.3100  300  116 24576.0000 24611.9214  0.15%  82.6 1950s
 1901128 1299997 24609.2676  312  111 24576.0000 24611.9182  0.15%  82.6 1955s
 1907324 1304306 24581.3777  287   93 24576.0000 24611.9132  0.15%  82.6 1960s
 1914689 1309145 24599.3442  332   85 24576.0000 24611.9073  0.15%  82.6 1966s
 1919832 1312329 24605.1794  304  141 24576.0000 24611.9038  0.15%  82.6 1970s
 1925714 1316654 24602.3119  331  113 24576.0000 24611.8995  0.15%  82.6 1975s
 1932422 1320992 24601.8039  312  117 24576.0000 24611.8946  0.15%  82.6 1981s
 1937976 1325040 24608.9935  296  106 24576.0000 24611.8904  0.15%  82.6 1986s
 1943704 1329076 24583.9081  324   99 24576.0000 24611.8872  0.15%  82.6 1990s
 1950158 1333333 24610.6414  289  145 24576.0000 24611.8835  0.15%  82.6 1996s
 1955530 1337054 24587.1196  293  126 24576.0000 24611.8795  0.15%  82.6 2000s
 1962690 1342084 24599.7276  330   74 24576.0000 24611.8723  0.15%  82.5 2006s
 1968502 1345759 24608.4875  299  116 24576.0000 24611.8663  0.15%  82.5 2010s
 1975583 1350406 24601.5357  305   55 24576.0000 24611.8605  0.15%  82.5 2015s
 1982033 1354690 24604.2915  321  147 24576.0000 24611.8551  0.15%  82.5 2021s
 1987467 1358125 24604.3360  295  109 24576.0000 24611.8497  0.15%  82.4 2025s
 1992583 1361681 24599.5455  332   55 24576.0000 24611.8460  0.15%  82.4 2030s
 1999969 1365747 24606.3762  303  124 24576.0000 24611.8409  0.15%  82.4 2036s
 2004736 1369222     cutoff  315      24576.0000 24611.8380  0.15%  82.5 2040s
 2010612 1373377 24602.8581  320  113 24576.0000 24611.8335  0.15%  82.5 2045s
 2017359 1377712 24578.3856  305  122 24576.0000 24611.8272  0.15%  82.4 2050s
 2024437 1382133 24605.2720  299  111 24576.0000 24611.8189  0.15%  82.4 2056s
 2030111 1386117 24595.8406  323   99 24576.0000 24611.8139  0.15%  82.4 2060s
 2036847 1390831 24607.2224  315  128 24576.0000 24611.8074  0.15%  82.4 2066s
 2042489 1395099 24603.4971  320   96 24576.0000 24611.8041  0.15%  82.3 2071s
 2048286 1398803 24606.0175  304   81 24576.0000 24611.7997  0.15%  82.3 2075s
 2053594 1402159 24608.4152  298  105 24576.0000 24611.7956  0.15%  82.3 2080s
 2060529 1407096 24603.7477  308   83 24576.0000 24611.7905  0.15%  82.3 2085s
 2066066 1410506 24609.8575  299  115 24576.0000 24611.7866  0.15%  82.3 2090s
 2073101 1415309 24600.4078  324   90 24576.0000 24611.7823  0.15%  82.3 2096s
 2079131 1418969 24607.7963  288  105 24576.0000 24611.7776  0.15%  82.3 2100s
 2086396 1423821 24583.2313  315   95 24576.0000 24611.7719  0.15%  82.3 2106s
 2092060 1427399 24599.1795  320  104 24576.0000 24611.7683  0.15%  82.3 2110s
 2099216 1432225 24603.7843  298  121 24576.0000 24611.7635  0.15%  82.3 2116s
 2104762 1436101 24604.0235  312  124 24576.0000 24611.7597  0.15%  82.3 2121s
 2110080 1439455 24587.8298  319   82 24576.0000 24611.7560  0.15%  82.3 2125s
 2117699 1444769 24583.3159  322   62 24576.0000 24611.7508  0.15%  82.2 2131s
 2122950 1447885 24607.7506  293   96 24576.0000 24611.7460  0.15%  82.2 2135s
 2130351 1452641 24596.9044  360  106 24576.0000 24611.7411  0.15%  82.2 2141s
 2135312 1455899 24603.6389  317  105 24576.0000 24611.7370  0.15%  82.2 2145s
 2140854 1459370 24587.1971  344   67 24576.0000 24611.7330  0.15%  82.2 2150s
 2147718 1464281 24581.5441  344   98 24576.0000 24611.7285  0.15%  82.2 2155s
 2153613 1467890 24602.6365  305  111 24576.0000 24611.7235  0.15%  82.2 2160s
 2161009 1473098 24578.2285  322   63 24576.0000 24611.7187  0.15%  82.1 2166s
 2166090 1476442 24607.1887  325  128 24576.0000 24611.7148  0.15%  82.1 2170s
 2173607 1481850 24584.6498  336   64 24576.0000 24611.7093  0.15%  82.1 2175s
 2179140 1485198 24603.1492  305  121 24576.0000 24611.7051  0.15%  82.1 2180s
 2186836 1490457 24604.8567  307   95 24576.0000 24611.6993  0.15%  82.0 2186s
 2192386 1494466 24603.6674  304   88 24576.0000 24611.6946  0.15%  82.0 2191s
 2197813 1498051 24608.0925  282  124 24576.0000 24611.6907  0.15%  82.0 2195s
 2203928 1501681     cutoff  333      24576.0000 24611.6864  0.15%  82.0 2201s
 2208823 1505078 24604.0914  312  101 24576.0000 24611.6833  0.15%  82.0 2205s
 2214367 1508912 24608.1514  289  117 24576.0000 24611.6806  0.15%  82.0 2210s
 2222258 1514264 24587.4927  325  102 24576.0000 24611.6742  0.15%  82.0 2216s
 2227610 1517509 24588.6276  293   97 24576.0000 24611.6709  0.15%  82.0 2220s
 2234686 1522634 24603.4855  311  135 24576.0000 24611.6652  0.15%  82.0 2226s
 2240621 1526865 24589.4727  308  123 24576.0000 24611.6606  0.15%  81.9 2230s
 2247979 1532149 24604.2671  301  113 24576.0000 24611.6551  0.15%  81.9 2236s
 2253750 1535864 24592.8959  299  110 24576.0000 24611.6504  0.15%  81.9 2240s
 2260961 1540346 24587.6479  318   73 24576.0000 24611.6447  0.15%  81.8 2246s
 2266195 1544294 24604.2741  303  113 24576.0000 24611.6413  0.15%  81.8 2250s
 2273361 1548970 24607.3276  302   97 24576.0000 24611.6359  0.15%  81.8 2255s
 2280225 1553502 24604.4327  315  117 24576.0000 24611.6317  0.14%  81.8 2261s
 2285979 1557296 24596.4431  302   81 24576.0000 24611.6274  0.14%  81.7 2265s
 2291554 1561278 24599.5240  310   90 24576.0000 24611.6238  0.14%  81.7 2270s
 2298219 1565500 24603.2672  326  106 24576.0000 24611.6194  0.14%  81.7 2276s
 2302981 1568459 24611.1558  300  126 24576.0000 24611.6167  0.14%  81.7 2280s
 2310418 1573364 24585.9058  332   55 24576.0000 24611.6111  0.14%  81.7 2286s
 2316061 1576945     cutoff  295      24576.0000 24611.6072  0.14%  81.7 2290s
 2321597 1580455 24608.9032  297  134 24576.0000 24611.6015  0.14%  81.7 2295s
 2326777 1583693 24607.5115  304   91 24576.0000 24611.5979  0.14%  81.7 2300s
 2332547 1587100 24609.4453  298  105 24576.0000 24611.5946  0.14%  81.7 2305s
 2338438 1590805 24595.1168  319   66 24576.0000 24611.5913  0.14%  81.7 2311s
 2341989 1593327 24602.2722  311  134 24576.0000 24611.5889  0.14%  81.7 2316s
 2347565 1597290 24586.2848  313   94 24576.0000 24611.5847  0.14%  81.7 2321s
 2351277 1599449 24604.8142  302  147 24576.0000 24611.5816  0.14%  81.7 2325s
 2356407 1602938 24587.2876  297   62 24576.0000 24611.5785  0.14%  81.7 2330s
 2362143 1606696 24605.4404  310  101 24576.0000 24611.5743  0.14%  81.7 2336s
 2366913 1610279 24607.2408  313  109 24576.0000 24611.5715  0.14%  81.7 2341s
 2370660 1612910 24598.8900  345   70 24576.0000 24611.5693  0.14%  81.6 2345s
 2376297 1616872 24603.0462  320  138 24576.0000 24611.5636  0.14%  81.6 2351s
 2381312 1619949 24579.7786  295   82 24576.0000 24611.5605  0.14%  81.6 2356s
 2385282 1622209 infeasible  338      24576.0000 24611.5576  0.14%  81.6 2360s
 2388680 1624845 24579.1039  322  104 24576.0000 24611.5559  0.14%  81.6 2365s
 2394476 1628772 24583.8460  315   85 24576.0000 24611.5522  0.14%  81.6 2371s
 2400013 1632575 24601.4862  338  129 24576.0000 24611.5482  0.14%  81.6 2376s
 2403860 1634964 24601.8828  325  106 24576.0000 24611.5447  0.14%  81.6 2380s
 2408959 1638514 24604.0881  316  145 24576.0000 24611.5414  0.14%  81.6 2385s
 2414316 1641781 24604.7833  297  106 24576.0000 24611.5368  0.14%  81.6 2391s
 2419673 1645528 24581.3430  299   76 24576.0000 24611.5338  0.14%  81.5 2396s
 2423270 1647880 24609.2904  301  119 24576.0000 24611.5304  0.14%  81.5 2400s
 2428849 1651555 24591.5123  320  130 24576.0000 24611.5269  0.14%  81.5 2405s
 2436506 1656341 24607.5230  295  110 24576.0000 24611.5204  0.14%  81.5 2411s
 2442029 1660303 24609.1884  307  100 24576.0000 24611.5173  0.14%  81.5 2415s
 2448998 1664761 24594.4790  310  116 24576.0000 24611.5124  0.14%  81.5 2421s
 2454754 1668421 24603.3648  331  117 24576.0000 24611.5075  0.14%  81.4 2425s
 2459824 1671993 24603.3615  309  105 24576.0000 24611.5037  0.14%  81.4 2430s
 2467089 1676311 24605.2777  295  126 24576.0000 24611.4985  0.14%  81.4 2436s
 2472569 1679738 24583.7109  306  163 24576.0000 24611.4949  0.14%  81.4 2440s
 2477910 1683328 24595.7389  326   78 24576.0000 24611.4912  0.14%  81.4 2445s
 2485133 1688301 24605.7804  294  100 24576.0000 24611.4862  0.14%  81.4 2451s
 2490570 1691403 24578.2468  307   79 24576.0000 24611.4827  0.14%  81.4 2455s
 2495653 1694870 24609.0855  290  147 24576.0000 24611.4786  0.14%  81.4 2460s
 2501342 1698495 24604.0260  290  108 24576.0000 24611.4742  0.14%  81.3 2465s
 2508105 1703277 24594.2991  328  123 24576.0000 24611.4703  0.14%  81.3 2470s
 2513968 1707294 24580.4094  328   64 24576.0000 24611.4658  0.14%  81.3 2475s
 2519295 1710729 24593.3183  321   93 24576.0000 24611.4609  0.14%  81.3 2480s
 2526547 1715771 24597.6544  303  120 24576.0000 24611.4555  0.14%  81.3 2486s
 2531828 1719518 24604.1574  290  128 24576.0000 24611.4517  0.14%  81.3 2490s
 2539390 1724818 24595.9528  302   83 24576.0000 24611.4454  0.14%  81.2 2495s
 2544983 1728398 24604.6462  298  129 24576.0000 24611.4414  0.14%  81.2 2500s
 2552139 1733250     cutoff  303      24576.0000 24611.4361  0.14%  81.2 2505s
 2557401 1737077 24592.2581  297   72 24576.0000 24611.4330  0.14%  81.1 2510s
 2564886 1741946 24610.2020  291  124 24576.0000 24611.4274  0.14%  81.1 2515s
 2571896 1746391 24602.7292  300  103 24576.0000 24611.4223  0.14%  81.1 2521s
 2576751 1750110 24578.6823  367   44 24576.0000 24611.4182  0.14%  81.0 2526s
 2582224 1753555 24607.2826  290  104 24576.0000 24611.4147  0.14%  81.0 2531s
 2587935 1757532 24594.3842  345  108 24576.0000 24611.4111  0.14%  81.0 2535s
 2592920 1760888 24593.0710  297   68 24576.0000 24611.4083  0.14%  81.0 2540s
 2598436 1764357 24608.0181  312   88 24576.0000 24611.4052  0.14%  81.0 2545s
 2605470 1769148     cutoff  330      24576.0000 24611.4006  0.14%  81.0 2551s
 2610704 1772676 24606.7736  289  126 24576.0000 24611.3979  0.14%  81.0 2555s
 2616438 1775993 24603.2862  327   86 24576.0000 24611.3940  0.14%  81.0 2560s
 2621490 1779573 24604.4224  304  132 24576.0000 24611.3906  0.14%  81.0 2565s
 2626884 1783258 24594.1250  308  106 24576.0000 24611.3872  0.14%  81.0 2570s
 2632615 1786948 24595.6693  328   87 24576.0000 24611.3845  0.14%  81.0 2575s
 2637873 1790705 24600.8353  300   86 24576.0000 24611.3818  0.14%  81.0 2580s
 2645413 1795839 24584.3781  348   61 24576.0000 24611.3757  0.14%  80.9 2586s
 2651387 1800069 24577.0762  343   73 24576.0000 24611.3706  0.14%  80.9 2591s
 2656754 1803664 24598.2648  319  107 24576.0000 24611.3683  0.14%  80.9 2595s
 2663685 1808270 24585.8888  320   62 24576.0000 24611.3634  0.14%  80.9 2601s
 2668973 1811621 24603.0689  326  137 24576.0000 24611.3606  0.14%  80.9 2606s
 2672673 1814581 24603.5320  324  116 24576.0000 24611.3583  0.14%  80.9 2610s
 2678615 1818360 24588.0566  313   87 24576.0000 24611.3539  0.14%  80.9 2615s
 2683989 1821858 24602.1449  317   78 24576.0000 24611.3509  0.14%  80.8 2620s
 2689676 1825269 infeasible  359      24576.0000 24611.3464  0.14%  80.8 2625s
 2696640 1829866 24581.0460  306   65 24576.0000 24611.3418  0.14%  80.8 2630s
 2703589 1834763 24602.8604  310  140 24576.0000 24611.3378  0.14%  80.8 2636s
 2709360 1838278 24604.9825  291  130 24576.0000 24611.3331  0.14%  80.7 2640s
 2714414 1841390     cutoff  301      24576.0000 24611.3296  0.14%  80.7 2645s
 2721334 1846182 24600.1160  324   79 24576.0000 24611.3254  0.14%  80.7 2651s
 2727064 1850324 24604.8231  295  115 24576.0000 24611.3221  0.14%  80.7 2655s
 2732027 1853561 24608.9867  305  110 24576.0000 24611.3192  0.14%  80.7 2660s
 2737821 1857550 24602.3652  316  112 24576.0000 24611.3152  0.14%  80.7 2665s
 2743330 1861195 24606.4418  301  130 24576.0000 24611.3129  0.14%  80.7 2670s
 2751187 1866129 24593.4026  287   88 24576.0000 24611.3078  0.14%  80.7 2676s
 2756319 1869540     cutoff  295      24576.0000 24611.3043  0.14%  80.7 2681s
 2761895 1873358 24604.6692  300  116 24576.0000 24611.3013  0.14%  80.6 2686s
 2767412 1877156 24601.7588  289   94 24576.0000 24611.2972  0.14%  80.6 2690s
 2773247 1881077 24610.9196  293  128 24576.0000 24611.2933  0.14%  80.6 2695s
 2778845 1884533 24607.4455  317   92 24576.0000 24611.2897  0.14%  80.6 2700s
 2785469 1888927 24591.3169  316  105 24576.0000 24611.2844  0.14%  80.6 2706s
 2790744 1892304 24603.2900  297  125 24576.0000 24611.2811  0.14%  80.5 2710s
 2795945 1896085 24610.9677  281  136 24576.0000 24611.2779  0.14%  80.5 2715s
 2801362 1899429 24601.6616  322   88 24576.0000 24611.2745  0.14%  80.5 2720s
 2806416 1902440 24587.9217  311  103 24576.0000 24611.2717  0.14%  80.5 2725s
 2811710 1906280 infeasible  334      24576.0000 24611.2684  0.14%  80.5 2731s
 2817319 1909837 24587.2557  320  113 24576.0000 24611.2648  0.14%  80.5 2735s
 2822673 1913420 24586.6670  315   92 24576.0000 24611.2619  0.14%  80.5 2740s
 2827580 1916391 24578.7061  327   67 24576.0000 24611.2597  0.14%  80.5 2745s
 2832512 1919452 24591.7501  331   94 24576.0000 24611.2564  0.14%  80.5 2750s
 2836906 1922249 24600.7276  328  105 24576.0000 24611.2540  0.14%  80.6 2755s
 2839581 1924355 24596.1969  312   74 24576.0000 24611.2531  0.14%  80.6 2761s
 2846629 1928854 24603.8447  306  119 24576.0000 24611.2501  0.14%  80.6 2766s
 2852481 1931066 24599.7348  285   92 24576.0000 24611.2458  0.14%  80.6 2774s
 2852616 1932592 24599.2824  286   98 24576.0000 24611.2456  0.14%  80.6 2776s
 2859604 1937124 24605.0601  312  109 24576.0000 24611.2406  0.14%  80.5 2781s
 2865623 1941306 24603.6076  312  138 24576.0000 24611.2374  0.14%  80.5 2785s
 2871447 1944642 24596.2462  334  104 24576.0000 24611.2336  0.14%  80.5 2790s
 2878538 1949402 24595.4889  308   91 24576.0000 24611.2290  0.14%  80.5 2795s
 2885656 1954242 24590.2435  338   65 24576.0000 24611.2252  0.14%  80.5 2801s
 2891160 1957800 24578.9209  309   79 24576.0000 24611.2219  0.14%  80.5 2805s
 2898287 1962599 24603.9691  302  104 24576.0000 24611.2177  0.14%  80.5 2810s
 2905160 1967203 24605.2695  313   97 24576.0000 24611.2145  0.14%  80.4 2816s
 2910823 1970881 24593.6386  330   74 24576.0000 24611.2096  0.14%  80.4 2820s
 2916069 1974653 24593.7451  305  115 24576.0000 24611.2058  0.14%  80.4 2825s
 2922886 1979069 24610.2440  290  137 24576.0000 24611.2026  0.14%  80.4 2830s
 2928494 1982947 24602.7644  287   87 24576.0000 24611.1996  0.14%  80.4 2835s
 2933777 1986413 24604.9457  311  133 24576.0000 24611.1966  0.14%  80.4 2840s
 2939331 1990077 24592.2448  329   73 24576.0000 24611.1931  0.14%  80.4 2845s
 2946478 1994645 24603.8460  324  113 24576.0000 24611.1886  0.14%  80.4 2851s
 2951958 1998498     cutoff  337      24576.0000 24611.1852  0.14%  80.4 2855s
 2957157 2001660 24591.2172  306   85 24576.0000 24611.1819  0.14%  80.4 2860s
 2964220 2006525 24582.5284  334   84 24576.0000 24611.1786  0.14%  80.4 2866s
 2968936 2009340 24595.7837  336   32 24576.0000 24611.1757  0.14%  80.4 2870s
 2974416 2013477     cutoff  302      24576.0000 24611.1723  0.14%  80.4 2875s
 2980004 2016855 24606.5631  298   95 24576.0000 24611.1693  0.14%  80.4 2880s
 2987540 2021615 24578.4636  346   78 24576.0000 24611.1659  0.14%  80.4 2886s
 2993467 2025750 24602.3440  315  118 24576.0000 24611.1618  0.14%  80.4 2890s
 2999578 2029591 24604.1144  301  114 24576.0000 24611.1582  0.14%  80.3 2895s
 3005989 2033673 24606.7704  290  149 24576.0000 24611.1548  0.14%  80.3 2900s
 3012818 2037921     cutoff  304      24576.0000 24611.1508  0.14%  80.3 2906s
 3017597 2041545 24582.5035  312  107 24576.0000 24611.1482  0.14%  80.4 2910s
 3023175 2044638 24586.4483  321   96 24576.0000 24611.1455  0.14%  80.4 2915s
 3028831 2047851 24584.0227  332   64 24576.0000 24611.1424  0.14%  80.4 2920s
 3034586 2052001 24603.9112  297  145 24576.0000 24611.1390  0.14%  80.4 2925s
 3041662 2056176     cutoff  297      24576.0000 24611.1352  0.14%  80.3 2931s
 3046087 2059405 24600.6850  319   90 24576.0000 24611.1338  0.14%  80.3 2936s
 3051229 2062681 24606.3017  311  137 24576.0000 24611.1300  0.14%  80.3 2941s
 3058627 2067427 24599.5570  328  100 24576.0000 24611.1256  0.14%  80.3 2946s
 3063367 2070554 24597.3214  297   96 24576.0000 24611.1235  0.14%  80.3 2950s
 3070587 2074327     cutoff  326      24576.0000 24611.1192  0.14%  80.3 2955s
 3076155 2078255 24596.9120  334   88 24576.0000 24611.1157  0.14%  80.3 2960s
 3082727 2082418 24603.9950  320  126 24576.0000 24611.1118  0.14%  80.3 2965s
 3087374 2085598 24585.5780  304   71 24576.0000 24611.1097  0.14%  80.3 2970s
 3094564 2090171 24603.0512  308  128 24576.0000 24611.1043  0.14%  80.2 2975s
 3099715 2093731     cutoff  355      24576.0000 24611.1014  0.14%  80.2 2980s
 3107158 2098401 24597.1267  289  114 24576.0000 24611.0975  0.14%  80.2 2986s
 3112514 2101524 24599.0403  299  112 24576.0000 24611.0938  0.14%  80.2 2990s
 3117255 2104972 24607.0336  300  108 24576.0000 24611.0918  0.14%  80.2 2995s
 3123486 2108298     cutoff  295      24576.0000 24611.0878  0.14%  80.2 3000s
 3130702 2112983 24604.2574  318   88 24576.0000 24611.0845  0.14%  80.2 3006s
 3136251 2116447     cutoff  343      24576.0000 24611.0809  0.14%  80.2 3010s
 3142571 2120277 24592.4041  345   66 24576.0000 24611.0770  0.14%  80.2 3016s
 3147876 2123820 24607.9491  286  119 24576.0000 24611.0747  0.14%  80.2 3020s
 3154333 2127869 24584.4292  309   51 24576.0000 24611.0714  0.14%  80.2 3026s
 3159648 2131566 24603.8539  318  116 24576.0000 24611.0687  0.14%  80.2 3030s
 3166823 2136056 24581.9489  311   58 24576.0000 24611.0650  0.14%  80.2 3035s
 3171602 2139509 24596.0782  321  107 24576.0000 24611.0624  0.14%  80.2 3040s
 3178318 2143351 24605.0141  304   95 24576.0000 24611.0588  0.14%  80.2 3046s
 3183685 2147547 24590.4164  361   74 24576.0000 24611.0562  0.14%  80.2 3051s
 3188923 2150885 24610.1377  284  119 24576.0000 24611.0532  0.14%  80.2 3055s
 3196000 2155528     cutoff  306      24576.0000 24611.0493  0.14%  80.2 3060s
 3201154 2158623 24583.3087  348   53 24576.0000 24611.0472  0.14%  80.2 3065s
 3208705 2163432 24604.3211  310  128 24576.0000 24611.0418  0.14%  80.1 3070s
 3215696 2168259 24599.9008  334   84 24576.0000 24611.0378  0.14%  80.1 3076s
 3220777 2171363 24593.9217  330  127 24576.0000 24611.0352  0.14%  80.1 3080s
 3226122 2174975 24594.5974  344   44 24576.0000 24611.0332  0.14%  80.1 3086s
 3232029 2178854 24599.1135  297   77 24576.0000 24611.0295  0.14%  80.1 3091s
 3237959 2182788 24579.0337  304  129 24576.0000 24611.0266  0.14%  80.1 3095s
 3243844 2186644 24602.8925  325   80 24576.0000 24611.0225  0.14%  80.1 3100s
 3249101 2190174 24604.0467  302  104 24576.0000 24611.0199  0.14%  80.1 3105s
 3254487 2193721 24607.5686  308   93 24576.0000 24611.0167  0.14%  80.1 3110s
 3260212 2197278 24599.3443  313  122 24576.0000 24611.0124  0.14%  80.1 3115s
 3266917 2202051 24586.8142  311   89 24576.0000 24611.0094  0.14%  80.1 3121s
 3270543 2204063 24594.6380  329  106 24576.0000 24611.0076  0.14%  80.1 3125s
 3276085 2207361 24602.1828  326  111 24576.0000 24611.0040  0.14%  80.1 3131s
 3279510 2209657 24601.2570  346   90 24576.0000 24611.0024  0.14%  80.1 3135s
 3285333 2213504 24604.4013  292  115 24576.0000 24610.9992  0.14%  80.1 3140s
 3290900 2216730 24604.7686  308  121 24576.0000 24610.9962  0.14%  80.1 3145s
 3296470 2220329 24592.8583  336   99 24576.0000 24610.9932  0.14%  80.1 3150s
 3301758 2223119 24594.2660  331   99 24576.0000 24610.9908  0.14%  80.1 3155s
 3306460 2226587 24603.8626  315   74 24576.0000 24610.9889  0.14%  80.1 3160s
 3312072 2230224 24608.5296  309  118 24576.0000 24610.9862  0.14%  80.1 3165s
 3317455 2233739 24603.7722  304  135 24576.0000 24610.9832  0.14%  80.1 3170s
 3324509 2238099 24606.5585  294  126 24576.0000 24610.9798  0.14%  80.1 3176s
 3330240 2241846 24605.4130  290  108 24576.0000 24610.9779  0.14%  80.1 3180s
 3335329 2245624 24599.6774  338  101 24576.0000 24610.9751  0.14%  80.1 3185s
 3340791 2248943 24599.6223  287  129 24576.0000 24610.9722  0.14%  80.1 3190s
 3346157 2252591 24604.9435  290  156 24576.0000 24610.9695  0.14%  80.1 3195s
 3353933 2257330 24602.2342  323  115 24576.0000 24610.9649  0.14%  80.0 3201s
 3359139 2260636 24602.7166  306  103 24576.0000 24610.9620  0.14%  80.0 3206s
 3364545 2264385 24596.1730  320  118 24576.0000 24610.9596  0.14%  80.0 3211s
 3370623 2267912 24591.5493  302  115 24576.0000 24610.9565  0.14%  80.0 3215s
 3377196 2272889 24603.2595  312  109 24576.0000 24610.9537  0.14%  80.0 3221s
 3382833 2276194 24582.8129  309  112 24576.0000 24610.9508  0.14%  80.0 3225s
 3387747 2279385 24587.3128  338   89 24576.0000 24610.9485  0.14%  80.0 3230s
 3393049 2283081     cutoff  339      24576.0000 24610.9454  0.14%  80.0 3236s
 3398899 2286955 24596.7742  314   97 24576.0000 24610.9429  0.14%  80.0 3240s
 3404043 2290787 24587.2386  380   66 24576.0000 24610.9408  0.14%  80.0 3245s
 3409923 2294541 24603.8928  322  139 24576.0000 24610.9367  0.14%  80.0 3250s
 3416904 2298904 24603.3743  313   97 24576.0000 24610.9334  0.14%  80.0 3255s
 3421956 2302358 24600.9679  348   93 24576.0000 24610.9313  0.14%  80.0 3260s
 3428909 2307011 24604.9238  296  103 24576.0000 24610.9271  0.14%  80.0 3265s
 3433646 2309882 24578.4249  314   96 24576.0000 24610.9254  0.14%  80.0 3270s
 3440356 2314462 24597.9185  329   92 24576.0000 24610.9213  0.14%  80.0 3275s
 3445952 2317782 24583.7164  320  153 24576.0000 24610.9181  0.14%  79.9 3280s
 3451476 2321596 24602.1154  345  120 24576.0000 24610.9161  0.14%  79.9 3285s
 3457061 2325647 24595.3834  285  101 24576.0000 24610.9119  0.14%  79.9 3290s
 3464328 2329900 24603.3037  310  109 24576.0000 24610.9088  0.14%  79.9 3295s
 3469251 2333731 24587.8482  320   84 24576.0000 24610.9061  0.14%  79.9 3300s
 3474900 2337086 24601.8251  331   92 24576.0000 24610.9030  0.14%  79.9 3305s
 3481359 2340963 24602.2090  291  140 24576.0000 24610.8997  0.14%  79.9 3310s
 3487914 2345919 24604.0014  301  113 24576.0000 24610.8965  0.14%  79.9 3315s
 3493085 2349576 24582.0015  311   89 24576.0000 24610.8940  0.14%  79.9 3320s
 3500452 2354419 24604.0093  306  120 24576.0000 24610.8908  0.14%  79.9 3325s
 3505983 2358081 24603.3821  306  117 24576.0000 24610.8871  0.14%  79.8 3331s
 3511361 2361666 24579.6975  308   59 24576.0000 24610.8844  0.14%  79.8 3335s
 3516691 2365356 24602.4020  310   95 24576.0000 24610.8823  0.14%  79.8 3340s
 3522498 2369062 24604.5182  302  132 24576.0000 24610.8788  0.14%  79.8 3345s
 3529007 2373433 24579.3378  321   52 24576.0000 24610.8753  0.14%  79.8 3351s
 3534078 2376900 24599.1795  332   73 24576.0000 24610.8726  0.14%  79.8 3355s
 3538932 2380242 24585.0005  313   95 24576.0000 24610.8694  0.14%  79.8 3360s
 3546891 2385306 24580.0438  304   87 24576.0000 24610.8654  0.14%  79.8 3366s
 3552371 2388634 24609.3993  308   86 24576.0000 24610.8630  0.14%  79.8 3370s
 3557936 2392245 24599.4200  345   85 24576.0000 24610.8606  0.14%  79.8 3375s
 3562842 2395558 24603.9526  315  128 24576.0000 24610.8576  0.14%  79.8 3380s
 3570988 2400754 24604.0753  297  137 24576.0000 24610.8534  0.14%  79.7 3386s
 3576332 2404665 24602.7173  314   78 24576.0000 24610.8510  0.14%  79.7 3391s
 3582394 2408428 24593.4971  316  101 24576.0000 24610.8479  0.14%  79.7 3395s
 3588067 2411850 24594.7177  313   87 24576.0000 24610.8442  0.14%  79.7 3400s
 3595623 2416716 24585.9721  327   78 24576.0000 24610.8402  0.14%  79.7 3405s
 3602282 2420893     cutoff  334      24576.0000 24610.8373  0.14%  79.7 3411s
 3607591 2423825 24603.1665  309  104 24576.0000 24610.8345  0.14%  79.7 3416s
 3610837 2426007 24588.7801  310  103 24576.0000 24610.8325  0.14%  79.7 3420s
 3618041 2430123 24578.7952  320   85 24576.0000 24610.8293  0.14%  79.7 3427s
 3621594 2432952 24606.0453  306  135 24576.0000 24610.8276  0.14%  79.7 3430s
 3629164 2437955 24588.1216  331   61 24576.0000 24610.8240  0.14%  79.7 3436s
 3634671 2441508 24605.5206  300  108 24576.0000 24610.8216  0.14%  79.7 3440s
 3639757 2444933 24600.8291  322  137 24576.0000 24610.8185  0.14%  79.7 3446s
 3645094 2448523 24584.5020  329   98 24576.0000 24610.8161  0.14%  79.7 3451s
 3650947 2452346 24603.2683  328  127 24576.0000 24610.8130  0.14%  79.7 3456s
 3656245 2455918 24595.2372  309  122 24576.0000 24610.8110  0.14%  79.6 3461s
 3661069 2458612 24603.4788  287  100 24576.0000 24610.8089  0.14%  79.7 3466s
 3665955 2462088 24603.5210  301  105 24576.0000 24610.8066  0.14%  79.7 3471s
 3671451 2465275 24581.3669  316   81 24576.0000 24610.8044  0.14%  79.7 3476s
 3673951 2467047 24604.4715  286  105 24576.0000 24610.8032  0.14%  79.6 3480s
 3679696 2471020 24603.2067  329   98 24576.0000 24610.8000  0.14%  79.6 3485s
 3685410 2474795 24608.9107  311  120 24576.0000 24610.7969  0.14%  79.6 3491s
 3690941 2478041 24580.0330  321   44 24576.0000 24610.7943  0.14%  79.6 3496s
 3694222 2480544     cutoff  315      24576.0000 24610.7928  0.14%  79.6 3500s
 3699354 2483709 24603.8105  284   85 24576.0000 24610.7902  0.14%  79.6 3506s
 3704525 2487452 24602.7261  305  114 24576.0000 24610.7877  0.14%  79.6 3511s
 3710123 2491124 24580.4500  332   91 24576.0000 24610.7848  0.14%  79.6 3516s
 3713499 2493251 24601.6643  309   87 24576.0000 24610.7837  0.14%  79.6 3520s
 3720970 2498242 24591.1014  306   80 24576.0000 24610.7797  0.14%  79.6 3526s
 3724625 2500518 24604.2084  310  107 24576.0000 24610.7780  0.14%  79.6 3530s
 3728429 2503060     cutoff  324      24576.0000 24610.7764  0.14%  79.5 3535s
 3731885 2505247 24603.2207  304   86 24576.0000 24610.7745  0.14%  79.5 3540s
 3735622 2507721 24603.2522  293   81 24576.0000 24610.7732  0.14%  79.5 3545s
 3740613 2511085 24582.2133  303   91 24576.0000 24610.7712  0.14%  79.5 3550s
 3746238 2514921 24604.7587  297  151 24576.0000 24610.7692  0.14%  79.5 3556s
 3750114 2517711 24604.8518  307  149 24576.0000 24610.7676  0.14%  79.5 3560s
 3754899 2520925 24602.3771  339  141 24576.0000 24610.7656  0.14%  79.5 3566s
 3760376 2524434 infeasible  349      24576.0000 24610.7625  0.14%  79.5 3571s
 3763964 2526617 24609.3200  297  106 24576.0000 24610.7614  0.14%  79.5 3575s
 3770147 2530776     cutoff  349      24576.0000 24610.7577  0.14%  79.5 3580s
 3775196 2534279 24584.0695  327   72 24576.0000 24610.7552  0.14%  79.5 3586s
 3780756 2538041 24603.5197  326  123 24576.0000 24610.7525  0.14%  79.5 3591s
 3783909 2539977 24595.4586  303   87 24576.0000 24610.7512  0.14%  79.5 3595s
 3789663 2543814 24603.1944  315  101 24576.0000 24610.7484  0.14%  79.5 3600s

Cutting planes:
  Gomory: 14
  Cover: 99
  Clique: 24
  MIR: 236
  StrongCG: 190
  Flow cover: 30
  Inf proof: 40
  Zero half: 1
  RLT: 4

Explored 3791190 nodes (301251971 simplex iterations) in 3600.04 seconds
Thread count was 12 (of 12 available processors)

Solution count 10: 24576 24538 24534 ... 24136

Time limit reached
Best objective 2.457600000000e+04, best bound 2.461000000000e+04, gap 0.1383%
