
Gurobi 9.1.2 (win64, Java) logging started Fri Nov  5 12:00:27 2021

Academic license - for non-commercial use only - expires 2022-10-30
Gurobi Optimizer version 9.1.2 build v9.1.2rc0 (win64)
Thread count: 6 physical cores, 12 logical processors, using up to 12 threads
Optimize a model with 30 rows, 200 columns and 400 nonzeros
Model fingerprint: 0xc9551d4e
Variable types: 0 continuous, 200 integer (200 binary)
Coefficient statistics:
  Matrix range     [1e+00, 1e+03]
  Objective range  [9e+01, 1e+03]
  Bounds range     [1e+00, 1e+00]
  RHS range        [1e+00, 9e+02]
Found heuristic solution: objective 6582.0000000
Presolve removed 10 rows and 119 columns
Presolve time: 0.00s
Presolved: 20 rows, 81 columns, 159 nonzeros
Variable types: 0 continuous, 81 integer (81 binary)
Presolve removed 0 rows and 15 columns
Presolved: 20 rows, 66 columns, 130 nonzeros


Root relaxation: objective 8.022316e+03, 33 iterations, 0.00 seconds

    Nodes    |    Current Node    |     Objective Bounds      |     Work
 Expl Unexpl |  Obj  Depth IntInf | Incumbent    BestBd   Gap | It/Node Time

     0     0 8022.31566    0    3 6582.00000 8022.31566  21.9%     -    0s
H    0     0                    7915.0000000 8022.31566  1.36%     -    0s
     0     0 7953.74214    0    4 7915.00000 7953.74214  0.49%     -    0s
     0     0 infeasible    0      7915.00000 7915.00000  0.00%     -    0s

Explored 1 nodes (50 simplex iterations) in 0.01 seconds
Thread count was 12 (of 12 available processors)

Solution count 2: 7915 6582 

Optimal solution found (tolerance 1.00e-04)
Best objective 7.915000000000e+03, best bound 7.915000000000e+03, gap 0.0000%

Gurobi 9.1.2 (win64, Java) logging started Wed Nov 10 17:56:49 2021

Academic license - for non-commercial use only - expires 2022-10-30
Gurobi Optimizer version 9.1.2 build v9.1.2rc0 (win64)
Thread count: 6 physical cores, 12 logical processors, using up to 12 threads
Optimize a model with 30 rows, 200 columns and 400 nonzeros
Model fingerprint: 0xc9551d4e
Variable types: 0 continuous, 200 integer (200 binary)
Coefficient statistics:
  Matrix range     [1e+00, 1e+03]
  Objective range  [9e+01, 1e+03]
  Bounds range     [1e+00, 1e+00]
  RHS range        [1e+00, 9e+02]
Found heuristic solution: objective 6582.0000000
Presolve removed 10 rows and 119 columns
Presolve time: 0.00s
Presolved: 20 rows, 81 columns, 159 nonzeros
Variable types: 0 continuous, 81 integer (81 binary)
Presolve removed 0 rows and 15 columns
Presolved: 20 rows, 66 columns, 130 nonzeros


Root relaxation: objective 8.022316e+03, 33 iterations, 0.00 seconds

    Nodes    |    Current Node    |     Objective Bounds      |     Work
 Expl Unexpl |  Obj  Depth IntInf | Incumbent    BestBd   Gap | It/Node Time

     0     0 8022.31566    0    3 6582.00000 8022.31566  21.9%     -    0s
H    0     0                    7915.0000000 8022.31566  1.36%     -    0s
     0     0 7953.74214    0    4 7915.00000 7953.74214  0.49%     -    0s
     0     0 infeasible    0      7915.00000 7915.00000  0.00%     -    0s

Explored 1 nodes (50 simplex iterations) in 0.01 seconds
Thread count was 12 (of 12 available processors)

Solution count 2: 7915 6582 

Optimal solution found (tolerance 1.00e-12)
Best objective 7.915000000000e+03, best bound 7.915000000000e+03, gap 0.0000%

Gurobi 9.1.2 (win64, Java) logging started Wed Nov 10 17:57:52 2021

Academic license - for non-commercial use only - expires 2022-10-30
Gurobi Optimizer version 9.1.2 build v9.1.2rc0 (win64)
Thread count: 6 physical cores, 12 logical processors, using up to 12 threads
Optimize a model with 30 rows, 200 columns and 400 nonzeros
Model fingerprint: 0xc9551d4e
Variable types: 0 continuous, 200 integer (200 binary)
Coefficient statistics:
  Matrix range     [1e+00, 1e+03]
  Objective range  [9e+01, 1e+03]
  Bounds range     [1e+00, 1e+00]
  RHS range        [1e+00, 9e+02]
Found heuristic solution: objective 6582.0000000
Presolve removed 10 rows and 119 columns
Presolve time: 0.00s
Presolved: 20 rows, 81 columns, 159 nonzeros
Variable types: 0 continuous, 81 integer (81 binary)
Presolve removed 0 rows and 15 columns
Presolved: 20 rows, 66 columns, 130 nonzeros


Root relaxation: objective 8.022316e+03, 33 iterations, 0.00 seconds

    Nodes    |    Current Node    |     Objective Bounds      |     Work
 Expl Unexpl |  Obj  Depth IntInf | Incumbent    BestBd   Gap | It/Node Time

     0     0 8022.31566    0    3 6582.00000 8022.31566  21.9%     -    0s
H    0     0                    7915.0000000 8022.31566  1.36%     -    0s
     0     0 7953.74214    0    4 7915.00000 7953.74214  0.49%     -    0s
     0     0 infeasible    0      7915.00000 7915.00000  0.00%     -    0s

Explored 1 nodes (50 simplex iterations) in 0.01 seconds
Thread count was 12 (of 12 available processors)

Solution count 2: 7915 6582 

Optimal solution found (tolerance 1.00e-12)
Best objective 7.915000000000e+03, best bound 7.915000000000e+03, gap 0.0000%
