
Gurobi 9.1.2 (win64, Java) logging started Sat Nov 13 14:02:26 2021

Academic license - for non-commercial use only - expires 2022-10-30
Gurobi Optimizer version 9.1.2 build v9.1.2rc0 (win64)
Thread count: 6 physical cores, 12 logical processors, using up to 12 threads
Optimize a model with 50 rows, 400 columns and 800 nonzeros
Model fingerprint: 0xb1ce1e3c
Variable types: 0 continuous, 400 integer (400 binary)
Coefficient statistics:
  Matrix range     [1e+00, 1e+03]
  Objective range  [5e+02, 1e+03]
  Bounds range     [1e+00, 1e+00]
  RHS range        [1e+00, 2e+03]
Found heuristic solution: objective 17386.000000
Presolve removed 0 rows and 81 columns
Presolve time: 0.00s
Presolved: 50 rows, 319 columns, 638 nonzeros
Variable types: 0 continuous, 319 integer (319 binary)
Presolved: 50 rows, 319 columns, 638 nonzeros


Root relaxation: objective 2.047015e+04, 159 iterations, 0.00 seconds

    Nodes    |    Current Node    |     Objective Bounds      |     Work
 Expl Unexpl |  Obj  Depth IntInf | Incumbent    BestBd   Gap | It/Node Time

     0     0 20470.1516    0   12 17386.0000 20470.1516  17.7%     -    0s
H    0     0                    19991.000000 20470.1516  2.40%     -    0s
H    0     0                    20032.000000 20470.1516  2.19%     -    0s
H    0     0                    20049.000000 20470.1516  2.10%     -    0s
     0     0 20468.5423    0   28 20049.0000 20468.5423  2.09%     -    0s
     0     0 20468.5423    0   24 20049.0000 20468.5423  2.09%     -    0s
     0     0 20208.5584    0   35 20049.0000 20208.5584  0.80%     -    0s
     0     0 20208.5584    0   30 20049.0000 20208.5584  0.80%     -    0s
     0     0 20208.1472    0   36 20049.0000 20208.1472  0.79%     -    0s
     0     0 20208.1472    0   25 20049.0000 20208.1472  0.79%     -    0s
     0     2 20208.1472    0   15 20049.0000 20208.1472  0.79%     -    0s
H   31    44                    20058.000000 20208.0003  0.75%  19.9    0s
H   85   217                    20163.000000 20208.0003  0.22%  13.8    0s
H 1076   812                    20167.000000 20208.0003  0.20%   8.9    0s
H 1103   702                    20182.000000 20208.0003  0.13%   8.9    0s
H 3498  1485                    20184.000000 20208.0000  0.12%   9.0    2s
H16817  8389                    20186.000000 20208.0000  0.11%  13.0    3s
H16820  6716                    20193.000000 20208.0000  0.07%  13.0    3s
H17599  6468                    20196.000000 20208.0000  0.06%  13.3    4s
H17600  5640                    20199.000000 20208.0000  0.04%  13.3    4s
 18287  6002 20208.0000   31   16 20199.0000 20208.0000  0.04%  13.7    5s
H18363  5746                    20200.000000 20208.0000  0.04%  13.8    5s
H26770  6392                    20202.000000 20208.0000  0.03%  16.5    8s
 32804  6848 20207.9660   64   46 20202.0000 20208.0000  0.03%  19.9   10s
H32808  6170                    20203.000000 20208.0000  0.02%  19.9   10s
 47346  8943     cutoff   77      20203.0000 20208.0000  0.02%  23.4   15s
 62537 12908 20206.0000   86   25 20203.0000 20208.0000  0.02%  29.2   21s
 73755 17130 20207.0000  129   25 20203.0000 20208.0000  0.02%  32.2   25s
 80354 19404 20207.4326   92   38 20203.0000 20208.0000  0.02%  31.8   30s
 90416 20665 20206.0000  101   15 20203.0000 20208.0000  0.02%  34.5   35s
 100887 21714 20206.0000   75   41 20203.0000 20208.0000  0.02%  37.5   40s
 112481 22513 20208.0000   78   37 20203.0000 20208.0000  0.02%  40.3   45s
 121560 22845 20205.7518   68   62 20203.0000 20208.0000  0.02%  42.8   50s
 129293 24374 20204.1770   91   56 20203.0000 20208.0000  0.02%  44.8   55s
 136232 27528 20205.0834   89   33 20203.0000 20208.0000  0.02%  46.7   61s
 141943 29433 20204.7279   92   61 20203.0000 20208.0000  0.02%  48.1   65s
 145430 30796 20208.0000   90   24 20203.0000 20208.0000  0.02%  49.0   70s
 151970 33476 20207.0000   97   22 20203.0000 20208.0000  0.02%  50.0   75s
 157704 35586 20206.5054   83   52 20203.0000 20208.0000  0.02%  50.8   80s
 166708 38902     cutoff   90      20203.0000 20208.0000  0.02%  52.0   86s
 172699 41396 20204.9333  101   32 20203.0000 20208.0000  0.02%  52.6   90s
 181727 45134 20204.0000   95   12 20203.0000 20208.0000  0.02%  52.9   96s
 191183 47739 20206.0000   89   34 20203.0000 20208.0000  0.02%  53.0  100s
 197986 49868     cutoff  114      20203.0000 20208.0000  0.02%  53.3  105s
 205809 51992 20205.0000   99   40 20203.0000 20208.0000  0.02%  53.4  110s
 214583 54617     cutoff   97      20203.0000 20208.0000  0.02%  53.8  115s
 222612 56709     cutoff  102      20203.0000 20208.0000  0.02%  53.9  121s
 228732 58467 20208.0000   79   20 20203.0000 20208.0000  0.02%  54.2  125s
 236126 60972 20206.3538   97   14 20203.0000 20208.0000  0.02%  54.4  130s
 246391 63429     cutoff   97      20203.0000 20208.0000  0.02%  54.2  136s
 253360 65465     cutoff  103      20203.0000 20208.0000  0.02%  54.1  140s
 263548 67546     cutoff  106      20203.0000 20208.0000  0.02%  53.9  146s
 269037 69340 20205.7339  101   49 20203.0000 20208.0000  0.02%  54.0  151s
 273954 70971 20208.0000   68   44 20203.0000 20208.0000  0.02%  54.2  155s
 281049 73390 20206.0000   97   18 20203.0000 20208.0000  0.02%  54.5  160s
 288535 75626 20206.3226   85   48 20203.0000 20208.0000  0.02%  54.8  165s
 294910 78452 20207.2047   68   59 20203.0000 20208.0000  0.02%  55.3  170s
 307560 81888     cutoff   91      20203.0000 20208.0000  0.02%  54.6  175s
 316938 83724     cutoff   96      20203.0000 20208.0000  0.02%  54.3  180s
*317886 77623              96    20204.000000 20208.0000  0.02%  54.3  182s
 318427 78220 20206.1781   89   38 20204.0000 20208.0000  0.02%  54.3  185s
 326563 79894 20207.5054   78   63 20204.0000 20208.0000  0.02%  54.3  190s
 330590 81761 20205.0000  100   13 20204.0000 20208.0000  0.02%  54.5  195s
 334862 82105     cutoff  101      20204.0000 20208.0000  0.02%  54.5  200s
 342384 83699 20208.0000   85   46 20204.0000 20208.0000  0.02%  54.8  205s
 348776 85506 20207.1600   97   42 20204.0000 20208.0000  0.02%  55.2  210s
 355977 87254 20207.4530   89   37 20204.0000 20208.0000  0.02%  55.6  215s
 363847 89096     cutoff  114      20204.0000 20208.0000  0.02%  55.9  220s
 371581 90972     cutoff  101      20204.0000 20208.0000  0.02%  56.1  225s
 382635 93374 20205.9251   91   49 20204.0000 20208.0000  0.02%  55.8  230s
 392526 95242     cutoff  100      20204.0000 20208.0000  0.02%  55.5  235s
 399952 96707     cutoff   93      20204.0000 20208.0000  0.02%  55.4  240s
 407870 98714 20207.3777   86   69 20204.0000 20208.0000  0.02%  55.7  246s
 412359 100221     cutoff   88      20204.0000 20208.0000  0.02%  56.2  251s
 417760 101943 20207.4253   98   40 20204.0000 20208.0000  0.02%  56.7  255s
H422145 17293                    20207.000000 20208.0000  0.00%  56.7  257s
 422845 16899 20208.0000   77    8 20207.0000 20208.0000  0.00%  56.7  260s
 432456 15636 20208.0000  104   16 20207.0000 20208.0000  0.00%  56.5  265s
 440996 12444 infeasible   90      20207.0000 20208.0000  0.00%  56.3  270s
 449764  9088 20208.0000   91   15 20207.0000 20208.0000  0.00%  55.9  275s
 460282  4907 20208.0000  104   28 20207.0000 20208.0000  0.00%  55.4  280s
*463156  3145              93    20208.000000 20208.0000  0.00%  55.2  280s

Cutting planes:
  Gomory: 30
  Cover: 851
  Clique: 3
  MIR: 44
  StrongCG: 36
  Flow cover: 21
  Inf proof: 7
  Zero half: 12
  RLT: 5

Explored 463747 nodes (25611463 simplex iterations) in 280.72 seconds
Thread count was 12 (of 12 available processors)

Solution count 10: 20208 20207 20204 ... 20186

Optimal solution found (tolerance 1.00e-12)
Best objective 2.020800000000e+04, best bound 2.020800000000e+04, gap 0.0000%
