
Gurobi 9.1.2 (win64, Java) logging started Thu Nov 11 22:09:37 2021

Academic license - for non-commercial use only - expires 2022-10-30
Gurobi Optimizer version 9.1.2 build v9.1.2rc0 (win64)
Thread count: 6 physical cores, 12 logical processors, using up to 12 threads
Optimize a model with 80 rows, 1200 columns and 2400 nonzeros
Model fingerprint: 0x74a9d338
Variable types: 0 continuous, 1200 integer (1200 binary)
Coefficient statistics:
  Matrix range     [1e+00, 1e+03]
  Objective range  [2e+01, 1e+03]
  Bounds range     [1e+00, 1e+00]
  RHS range        [1e+00, 2e+03]
Found heuristic solution: objective 22794.000000
Presolve removed 0 rows and 417 columns
Presolve time: 0.02s
Presolved: 80 rows, 783 columns, 1566 nonzeros
Variable types: 0 continuous, 783 integer (783 binary)
Presolved: 80 rows, 783 columns, 1566 nonzeros


Root relaxation: objective 2.671254e+04, 220 iterations, 0.00 seconds

    Nodes    |    Current Node    |     Objective Bounds      |     Work
 Expl Unexpl |  Obj  Depth IntInf | Incumbent    BestBd   Gap | It/Node Time

     0     0 26712.5430    0   29 22794.0000 26712.5430  17.2%     -    0s
H    0     0                    25411.000000 26712.5430  5.12%     -    0s
H    0     0                    25495.000000 26712.5430  4.78%     -    0s
H    0     0                    25515.000529 26712.5430  4.69%     -    0s
H    0     0                    25547.000000 26712.5430  4.56%     -    0s
H    0     0                    25726.000000 26712.5430  3.83%     -    0s
     0     0 26710.0672    0   73 25726.0000 26710.0672  3.83%     -    0s
H    0     0                    26025.000000 26710.0672  2.63%     -    1s
H    0     0                    26054.000000 26710.0672  2.52%     -    1s
H    0     0                    26114.000000 26710.0672  2.28%     -    1s
H    0     0                    26200.000000 26710.0672  1.95%     -    1s
     0     0 26710.0672    0   70 26200.0000 26710.0672  1.95%     -    1s
H    0     0                    26415.000000 26710.0672  1.12%     -    1s
     0     0 26710.0672    0   99 26415.0000 26710.0672  1.12%     -    1s
     0     0 26710.0672    0   54 26415.0000 26710.0672  1.12%     -    1s
     0     2 26710.0672    0   52 26415.0000 26710.0672  1.12%     -    1s
H  116   122                    26502.000000 26706.5384  0.77%   150    2s
   607   774 26706.5384    9   80 26502.0000 26706.5384  0.77%  73.8    6s
  1602  1430 26680.1353   15   45 26502.0000 26680.1353  0.67%  49.6   10s
  2883  2109 26623.7993   64   59 26502.0000 26680.1353  0.67%  49.9   17s
  4144  2833 26575.5349   77   94 26502.0000 26680.1353  0.67%  51.5   20s
  5850  3724 26515.5790  100   57 26502.0000 26680.1353  0.67%  57.0   25s
  6987  4580 26680.1353   58   93 26502.0000 26680.1353  0.67%  58.3   46s
  8387  5810 26655.5514   59   71 26502.0000 26680.1353  0.67%  62.1   50s
  9581  6838 26680.1353   44   56 26502.0000 26680.1353  0.67%  62.0   55s
H 9679  5800                    26526.000000 26680.1353  0.58%  62.0   55s
 16717 10939 26634.2503   55   71 26526.0000 26680.1353  0.58%  63.8   61s
 19175 12414 26582.2756   52   88 26526.0000 26680.1353  0.58%  63.0   65s
 23284 15293 26612.3801   59   93 26526.0000 26680.1353  0.58%  65.7   74s
 24430 15985 26676.0433   43  107 26526.0000 26680.1353  0.58%  65.7   94s
H25172 10330                    26593.000000 26680.1353  0.33%  65.9   94s
 25390 10977     cutoff   83      26593.0000 26680.1353  0.33%  65.8   95s
 33378 16473 26622.2881   63  100 26593.0000 26680.1353  0.33%  70.3  100s
 36784 17562 26614.4593   39  160 26593.0000 26614.4593  0.08%  71.9  105s
 37167 17715 26607.8445   55  156 26593.0000 26613.8042  0.08%  72.6  110s
 39065 18412 26603.1140   99   97 26593.0000 26610.6503  0.07%  74.0  115s
 42516 19833 26604.4896   63  160 26593.0000 26607.7158  0.06%  75.2  120s
 45333 20525 26596.3062   62  141 26593.0000 26607.4501  0.05%  77.7  125s
 48312 21027 26595.6692   74  128 26593.0000 26607.0625  0.05%  80.2  130s
 51487 21900     cutoff   59      26593.0000 26605.8191  0.05%  82.5  136s
 54706 21951 26594.4304   91   54 26593.0000 26605.1978  0.05%  82.5  141s
 54747 21978 26604.8183   62  195 26593.0000 26605.1978  0.05%  82.4  145s
 54784 21997 26605.1978   55  170 26593.0000 26605.1978  0.05%  82.6  150s
 55300 22113     cutoff   84      26593.0000 26605.1978  0.05%  83.5  155s
 57277 22655 26600.3272   69  137 26593.0000 26604.6204  0.04%  85.7  160s
 59218 22404 26601.2106   73  156 26593.0000 26603.5782  0.04%  86.9  165s
 61811 21630     cutoff   79      26593.0000 26602.0793  0.03%  88.8  170s
 64641 21127 26599.3394   74  148 26593.0000 26601.2208  0.03%  90.8  176s
 66719 20727     cutoff   81      26593.0000 26600.8463  0.03%  92.2  180s
 69086 20220 26597.3923   86  123 26593.0000 26599.8204  0.03%  93.4  185s
 71711 19043 26598.8477   85  140 26593.0000 26599.3206  0.02%  94.3  190s
 74862 17694     cutoff   81      26593.0000 26598.8801  0.02%  94.7  196s
 77530 16302 26594.0113   66  122 26593.0000 26598.4625  0.02%  96.8  204s
 79264 15533 26594.2934   76  149 26593.0000 26598.1342  0.02%  97.1  207s
 81131 14557 26594.2778   73  152 26593.0000 26597.8081  0.02%  97.6  211s
 82935 13295     cutoff   86      26593.0000 26595.8691  0.01%  98.1  215s

Cutting planes:
  Gomory: 22
  Cover: 52
  Clique: 13
  MIR: 297
  StrongCG: 191
  Flow cover: 43
  Zero half: 2
  RLT: 5

Explored 85685 nodes (8458815 simplex iterations) in 217.47 seconds
Thread count was 12 (of 12 available processors)

Solution count 10: 26593 26526 26502 ... 25547

Optimal solution found (tolerance 1.00e-12)
Best objective 2.659300000000e+04, best bound 2.659300000000e+04, gap 0.0000%
