
Gurobi 9.1.2 (win64, Java) logging started Fri Nov 12 00:57:55 2021

Academic license - for non-commercial use only - expires 2022-10-30
Gurobi Optimizer version 9.1.2 build v9.1.2rc0 (win64)
Thread count: 6 physical cores, 12 logical processors, using up to 12 threads
Optimize a model with 50 rows, 400 columns and 800 nonzeros
Model fingerprint: 0x3466d5ac
Variable types: 0 continuous, 400 integer (400 binary)
Coefficient statistics:
  Matrix range     [1e+00, 9e+02]
  Objective range  [1e+02, 9e+02]
  Bounds range     [1e+00, 1e+00]
  RHS range        [1e+00, 2e+03]
Found heuristic solution: objective 11979.000000
Presolve removed 0 rows and 84 columns
Presolve time: 0.00s
Presolved: 50 rows, 316 columns, 632 nonzeros
Variable types: 0 continuous, 316 integer (316 binary)
Presolved: 50 rows, 316 columns, 632 nonzeros


Root relaxation: objective 1.326198e+04, 90 iterations, 0.00 seconds

    Nodes    |    Current Node    |     Objective Bounds      |     Work
 Expl Unexpl |  Obj  Depth IntInf | Incumbent    BestBd   Gap | It/Node Time

     0     0 13261.9833    0   16 11979.0000 13261.9833  10.7%     -    0s
H    0     0                    12444.000000 13261.9833  6.57%     -    0s
H    0     0                    12502.000000 13261.9833  6.08%     -    0s
H    0     0                    12659.000000 13261.9833  4.76%     -    0s
     0     0 13261.9833    0   37 12659.0000 13261.9833  4.76%     -    0s
     0     0 13261.8722    0   27 12659.0000 13261.8722  4.76%     -    0s
     0     0 13261.8722    0   27 12659.0000 13261.8722  4.76%     -    0s
     0     0 13261.6927    0   20 12659.0000 13261.6927  4.76%     -    0s
     0     0 13261.6381    0   27 12659.0000 13261.6381  4.76%     -    0s
     0     0 13261.5872    0   33 12659.0000 13261.5872  4.76%     -    0s
     0     0 13261.5846    0   32 12659.0000 13261.5846  4.76%     -    0s
H    0     0                    12947.000000 13261.5846  2.43%     -    0s
     0     0 13261.5015    0   43 12947.0000 13261.5015  2.43%     -    0s
     0     0 13261.4423    0   35 12947.0000 13261.4423  2.43%     -    0s
     0     0 13261.4423    0   40 12947.0000 13261.4423  2.43%     -    0s
     0     0 13261.3832    0   47 12947.0000 13261.3832  2.43%     -    0s
     0     0 13261.3832    0   32 12947.0000 13261.3832  2.43%     -    0s
     0     2 13261.3832    0   25 12947.0000 13261.3832  2.43%     -    0s
H   79    86                    12992.000000 13261.0195  2.07%  18.1    0s
H  722   580                    13081.000000 13260.8883  1.38%   9.4    0s
H17394  9253                    13108.000000 13237.0372  0.98%   4.7    2s
 40565 22639 13154.2949   61   77 13108.0000 13166.7407  0.45%   4.4    5s
H40792 21647                    13141.000000 13166.7215  0.20%   4.9    7s
 42403 22086 13163.2074   43   83 13141.0000 13166.7009  0.20%   7.3   10s
 55302 24702 13145.6308   67   75 13141.0000 13163.3986  0.17%  20.0   15s
 76805 25575 13152.1995   53   67 13141.0000 13160.2516  0.15%  29.4   20s
 95663 24985     cutoff   56      13141.0000 13156.0058  0.11%  34.3   25s
 117024 32120 13152.5852   55   57 13141.0000 13155.8295  0.11%  37.5   30s
 133476 41070 13152.1705   69   56 13141.0000 13155.4499  0.11%  38.4   37s
 158529 45439     cutoff   74      13141.0000 13154.8060  0.11%  38.9   40s
 187756 53391     cutoff   69      13141.0000 13154.0953  0.10%  38.9   45s
 214383 61998 13153.6500   61   62 13141.0000 13153.8087  0.10%  38.8   50s
 242946 69142     cutoff   60      13141.0000 13153.5413  0.10%  38.5   55s
 268456 71877 13146.8379   70   51 13141.0000 13153.0666  0.09%  38.4   60s
 286990 76836 13152.4449   60   72 13141.0000 13152.9125  0.09%  39.0   65s
 305683 79745 13145.7602   64   41 13141.0000 13152.7767  0.09%  39.2   70s
 326597 82232     cutoff   64      13141.0000 13152.5281  0.09%  39.3   75s
 348278 85370 13147.0799   68   54 13141.0000 13152.2541  0.09%  39.5   80s
 368387 87331 13151.6856   65   70 13141.0000 13152.0105  0.08%  39.6   85s
 389536 89278     cutoff   60      13141.0000 13151.8290  0.08%  39.9   90s
 411167 90954     cutoff   79      13141.0000 13151.5461  0.08%  39.9   95s
 432687 93276 13151.0999   56   82 13141.0000 13151.2538  0.08%  39.9  100s
 450464 96839 13149.0000   67   58 13141.0000 13151.0842  0.08%  40.1  105s
 467592 100573     cutoff   67      13141.0000 13150.9521  0.08%  40.4  110s
 491199 105115 13145.4976   66   65 13141.0000 13150.8554  0.07%  40.5  115s
 512649 109721     cutoff   75      13141.0000 13150.7068  0.07%  40.6  120s
 529702 113233 13149.5063   59   72 13141.0000 13150.6021  0.07%  40.6  125s
 550990 117037 13149.0000   68   59 13141.0000 13150.4490  0.07%  40.6  130s
 572447 120485     cutoff   64      13141.0000 13150.3095  0.07%  40.7  135s
 593505 124206 13149.7494   59   93 13141.0000 13150.1490  0.07%  40.7  140s
 613422 126052     cutoff   65      13141.0000 13150.0109  0.07%  40.7  145s
 633786 128157     cutoff   58      13141.0000 13149.8966  0.07%  40.7  150s
 653259 130223 13148.3915   70   50 13141.0000 13149.7439  0.07%  40.5  155s
 671269 131712 13144.2437   75   48 13141.0000 13149.5986  0.07%  40.3  160s
 694373 134156     cutoff   64      13141.0000 13149.4053  0.06%  40.3  165s
 713709 136537 13142.9328   71   55 13141.0000 13149.2663  0.06%  40.3  170s
 735792 138281 13146.5789   72   49 13141.0000 13149.0828  0.06%  40.2  175s
 758457 141867     cutoff   77      13141.0000 13149.0000  0.06%  40.1  180s
 781089 144977 13149.0000   52   91 13141.0000 13149.0000  0.06%  40.0  185s
 786838 146210 13149.0000   64   89 13141.0000 13149.0000  0.06%  40.3  190s
 798382 146680 13149.0000   73   82 13141.0000 13149.0000  0.06%  40.8  195s
 812400 146861     cutoff   74      13141.0000 13149.0000  0.06%  41.3  200s
 826915 146217 13145.7310   84   42 13141.0000 13149.0000  0.06%  41.6  205s
 840993 146049 13149.0000   78   47 13141.0000 13149.0000  0.06%  41.9  210s
 860369 146938 13146.8959   93   63 13141.0000 13149.0000  0.06%  42.2  215s
 875730 145788     cutoff   85      13141.0000 13149.0000  0.06%  42.3  220s
 891284 143737 13149.0000   75   58 13141.0000 13149.0000  0.06%  42.5  225s
 907764 141373 13149.0000   82   42 13141.0000 13149.0000  0.06%  42.6  230s
 925479 138023 13143.3598   82   51 13141.0000 13149.0000  0.06%  42.7  235s
 941633 135611 13148.4399   91   52 13141.0000 13149.0000  0.06%  42.8  240s
 958245 133044 13146.8952   85   41 13141.0000 13149.0000  0.06%  42.8  245s
 971356 132344 13144.0009   94   62 13141.0000 13149.0000  0.06%  43.1  250s
 988857 129931     cutoff   78      13141.0000 13149.0000  0.06%  43.2  255s
 1009352 125737 13143.8810   93   24 13141.0000 13149.0000  0.06%  43.1  260s
 1027731 121542     cutoff   83      13141.0000 13149.0000  0.06%  43.1  265s
 1044906 118899 13147.5094   72   75 13141.0000 13149.0000  0.06%  43.2  270s
 1068831 112828 infeasible   92      13141.0000 13149.0000  0.06%  43.2  275s
 1093269 105291 13144.2499   76   51 13141.0000 13149.0000  0.06%  43.2  280s
 1113281 99714 13149.0000  104   21 13141.0000 13149.0000  0.06%  43.2  285s
 1131090 95053     cutoff   95      13141.0000 13149.0000  0.06%  43.4  290s
 1151529 89720 13147.8395   94   42 13141.0000 13149.0000  0.06%  43.6  295s
 1170437 84919 13149.0000   61   41 13141.0000 13149.0000  0.06%  43.8  300s
 1186742 80980 13143.8207   98   24 13141.0000 13149.0000  0.06%  44.0  305s
 1205287 76250 13149.0000   97   31 13141.0000 13149.0000  0.06%  44.2  310s
 1222887 74163 13149.0000  100   33 13141.0000 13149.0000  0.06%  44.3  315s
 1242748 75580 infeasible   79      13141.0000 13149.0000  0.06%  44.5  320s
 1259032 76786 13149.0000   88   20 13141.0000 13149.0000  0.06%  44.8  325s
 1275439 78284 13143.5513   82   41 13141.0000 13149.0000  0.06%  45.1  330s
 1290255 78856 13147.5463   80   51 13141.0000 13149.0000  0.06%  45.3  335s
 1307040 79851 13144.9708   97   41 13141.0000 13149.0000  0.06%  45.5  340s
 1326340 81068 13145.1144   98   44 13141.0000 13149.0000  0.06%  45.8  345s
 1343433 82054 13149.0000  101   37 13141.0000 13149.0000  0.06%  46.1  350s
 1356470 83058 13147.5186   86   54 13141.0000 13149.0000  0.06%  46.3  355s
 1372678 84987 infeasible   75      13141.0000 13149.0000  0.06%  46.5  360s
 1386540 86293 13149.0000   93   33 13141.0000 13149.0000  0.06%  46.7  365s
 1399090 87119 13146.2514   89   33 13141.0000 13149.0000  0.06%  46.9  370s
 1413404 88045 infeasible   93      13141.0000 13149.0000  0.06%  47.1  375s
 1426994 88956 13146.8165   83   49 13141.0000 13149.0000  0.06%  47.3  380s
 1442504 90517 13149.0000   93   27 13141.0000 13149.0000  0.06%  47.4  385s
 1456999 91749 13149.0000   81   32 13141.0000 13149.0000  0.06%  47.6  390s
 1470314 93231 13149.0000   85   32 13141.0000 13149.0000  0.06%  47.7  395s
 1484853 94722 13149.0000   83   57 13141.0000 13149.0000  0.06%  47.9  400s
 1496838 95988 13149.0000   93   39 13141.0000 13149.0000  0.06%  48.2  405s
 1511185 96767 13149.0000   90   21 13141.0000 13149.0000  0.06%  48.4  410s
 1523138 97750 13148.4556  106   64 13141.0000 13149.0000  0.06%  48.6  415s
 1539934 99440     cutoff  106      13141.0000 13149.0000  0.06%  48.8  420s
 1556283 100880 infeasible   94      13141.0000 13149.0000  0.06%  49.0  425s
 1568021 101695 13149.0000   82   42 13141.0000 13149.0000  0.06%  49.2  430s
 1581718 102651     cutoff  103      13141.0000 13149.0000  0.06%  49.3  435s
 1597278 103941 13147.8958  102   44 13141.0000 13149.0000  0.06%  49.5  440s
 1610324 104942     cutoff   77      13141.0000 13149.0000  0.06%  49.8  445s
 1622808 105523 13148.7572   68   51 13141.0000 13149.0000  0.06%  50.0  450s
 1636061 106614     cutoff   83      13141.0000 13149.0000  0.06%  50.2  455s
 1648552 107701 13146.5167   77   43 13141.0000 13149.0000  0.06%  50.4  460s
 1661372 108980 13143.7371   80   51 13141.0000 13149.0000  0.06%  50.6  465s
 1675426 110006 13149.0000   89   30 13141.0000 13149.0000  0.06%  50.7  470s
 1692621 111588 13145.9634   82   29 13141.0000 13149.0000  0.06%  50.9  475s
 1709317 112142 13149.0000   88   40 13141.0000 13149.0000  0.06%  51.1  480s
 1725045 113980 13149.0000   81   36 13141.0000 13149.0000  0.06%  51.2  485s
 1737151 115230 13149.0000   86   42 13141.0000 13149.0000  0.06%  51.3  490s
 1755734 117049 13149.0000   75   50 13141.0000 13149.0000  0.06%  51.4  495s
 1769286 118042 13149.0000   98   20 13141.0000 13149.0000  0.06%  51.6  500s
 1786160 119366 13149.0000   96   34 13141.0000 13149.0000  0.06%  51.7  505s
 1800224 120390 13148.8449   74   57 13141.0000 13149.0000  0.06%  51.9  510s
 1812585 121084 13149.0000   87   28 13141.0000 13149.0000  0.06%  52.0  515s
 1827119 122054 13149.0000  102   42 13141.0000 13149.0000  0.06%  52.2  520s
 1838211 123020 13149.0000   92   36 13141.0000 13149.0000  0.06%  52.3  525s
 1852712 124406 13149.0000   86   51 13141.0000 13149.0000  0.06%  52.5  530s
 1868432 126104 13145.2841   98   43 13141.0000 13149.0000  0.06%  52.6  535s
 1881461 127236 13147.6480   89   54 13141.0000 13149.0000  0.06%  52.7  540s
 1897786 128911 13148.2588   74   36 13141.0000 13149.0000  0.06%  52.8  546s
 1907957 130107 13149.0000   97   32 13141.0000 13149.0000  0.06%  52.9  550s
 1922430 132120 13147.2847   75   50 13141.0000 13149.0000  0.06%  53.1  555s
 1934736 133152 13147.4525   93   36 13141.0000 13149.0000  0.06%  53.0  560s
 1951117 135075 13149.0000   98   25 13141.0000 13149.0000  0.06%  52.9  565s
 1971099 136565     cutoff   87      13141.0000 13149.0000  0.06%  52.9  570s
 1992775 138101 13149.0000   79   46 13141.0000 13149.0000  0.06%  53.0  575s
 2009822 139418 13148.5078  104   26 13141.0000 13149.0000  0.06%  53.1  580s
 2027150 140420 13147.9239   83   57 13141.0000 13149.0000  0.06%  53.2  585s
 2039716 141269     cutoff   92      13141.0000 13149.0000  0.06%  53.4  590s
 2054092 141890 13149.0000   94   29 13141.0000 13149.0000  0.06%  53.5  595s
 2069716 142866 13149.0000   76   47 13141.0000 13149.0000  0.06%  53.7  600s
 2085764 143763 13145.0483   81   32 13141.0000 13149.0000  0.06%  53.8  605s
 2099186 144747 13148.2804   83   54 13141.0000 13149.0000  0.06%  54.0  610s
 2113122 145792 13149.0000   81   39 13141.0000 13149.0000  0.06%  54.1  615s
 2131067 146781 13147.3734   92   23 13141.0000 13149.0000  0.06%  54.2  620s
 2147015 147903     cutoff   97      13141.0000 13149.0000  0.06%  54.4  625s
 2158622 148388 13149.0000   71   59 13141.0000 13149.0000  0.06%  54.5  630s
 2172774 149369     cutoff   81      13141.0000 13149.0000  0.06%  54.6  635s
 2188278 150457     cutoff   75      13141.0000 13149.0000  0.06%  54.7  640s
 2202918 151473 13149.0000   85   42 13141.0000 13149.0000  0.06%  54.8  645s
 2213063 152213 13142.7098   82   42 13141.0000 13149.0000  0.06%  54.8  650s
 2228108 153837 13144.0369   94   33 13141.0000 13149.0000  0.06%  54.9  655s
 2242247 154774 13144.3292   80   46 13141.0000 13149.0000  0.06%  54.9  660s
 2254963 156113 13146.1987   83   37 13141.0000 13149.0000  0.06%  55.0  665s
 2271649 157539 13149.0000   83   53 13141.0000 13149.0000  0.06%  55.1  670s
 2282212 158385     cutoff   84      13141.0000 13149.0000  0.06%  55.2  675s
 2294798 159398 13147.1799   92   42 13141.0000 13149.0000  0.06%  55.2  680s
 2309105 160260 13148.8609   81   61 13141.0000 13149.0000  0.06%  55.3  685s
 2320546 161075 13149.0000   87   37 13141.0000 13149.0000  0.06%  55.4  690s
 2335070 161964 infeasible   78      13141.0000 13149.0000  0.06%  55.5  695s
 2348776 163151 13147.5353   94   53 13141.0000 13149.0000  0.06%  55.6  700s
 2361445 163974 infeasible   75      13141.0000 13149.0000  0.06%  55.7  705s
 2371152 164406 13143.0524   76   52 13141.0000 13149.0000  0.06%  55.7  710s
 2383415 165164 13146.5051   80   44 13141.0000 13149.0000  0.06%  55.8  715s
 2391218 165716 13149.0000   83   38 13141.0000 13149.0000  0.06%  55.9  720s
 2405629 166872 13149.0000   81   43 13141.0000 13149.0000  0.06%  56.0  725s
 2422110 167575 13145.2948   90   50 13141.0000 13149.0000  0.06%  56.0  730s
 2435926 168581 13149.0000   79   31 13141.0000 13149.0000  0.06%  56.1  735s
 2450894 169453 13145.5652   99   44 13141.0000 13149.0000  0.06%  56.2  740s
 2468700 171285 13142.4136   95   27 13141.0000 13149.0000  0.06%  56.3  745s
 2482921 172396 13147.2512   91   33 13141.0000 13149.0000  0.06%  56.3  752s
 2489106 172967 13147.8713   87   52 13141.0000 13149.0000  0.06%  56.4  755s
 2501726 173660 infeasible   82      13141.0000 13149.0000  0.06%  56.5  760s
 2519246 174787 13148.4886   80   56 13141.0000 13149.0000  0.06%  56.6  765s
 2536008 175978 13144.3918   87   31 13141.0000 13149.0000  0.06%  56.7  770s
 2551159 177023 13144.8641   78   47 13141.0000 13149.0000  0.06%  56.7  775s
 2566432 178186 13144.3635   91   46 13141.0000 13149.0000  0.06%  56.8  780s
 2582587 179638 13149.0000   81   51 13141.0000 13149.0000  0.06%  56.9  785s
 2597858 181032 13149.0000   90   50 13141.0000 13149.0000  0.06%  56.9  790s
 2615199 182947 13149.0000   94   52 13141.0000 13149.0000  0.06%  57.0  795s
 2633193 184662 13149.0000   71   49 13141.0000 13149.0000  0.06%  57.0  800s
 2649101 185804     cutoff   82      13141.0000 13149.0000  0.06%  57.1  805s
 2662544 186894 13149.0000   80   22 13141.0000 13149.0000  0.06%  57.3  810s
 2677345 187849 13143.0757   99   24 13141.0000 13149.0000  0.06%  57.3  815s
 2694167 189107 infeasible   89      13141.0000 13149.0000  0.06%  57.4  820s
 2708912 190381 infeasible   77      13141.0000 13149.0000  0.06%  57.5  825s
 2722853 191353 13149.0000   65   48 13141.0000 13149.0000  0.06%  57.6  830s
 2734970 192173     cutoff   74      13141.0000 13149.0000  0.06%  57.7  835s
 2751476 193255     cutoff   92      13141.0000 13149.0000  0.06%  57.7  840s
 2768371 194616 13143.6614   92   32 13141.0000 13149.0000  0.06%  57.8  845s
 2783373 195647 13149.0000   80   51 13141.0000 13149.0000  0.06%  57.9  850s
 2795747 196513 13149.0000   83   42 13141.0000 13149.0000  0.06%  58.0  855s
 2812088 197452 13147.4613   74   59 13141.0000 13149.0000  0.06%  58.0  860s
 2826568 198675 13149.0000   88   33 13141.0000 13149.0000  0.06%  58.1  865s
 2838946 199409 13149.0000   84   46 13141.0000 13149.0000  0.06%  58.2  870s
 2853535 200396 13145.5386   82   42 13141.0000 13149.0000  0.06%  58.3  875s
 2867804 201569 13145.8560   87   26 13141.0000 13149.0000  0.06%  58.3  880s
 2881255 202502 13149.0000   80   30 13141.0000 13149.0000  0.06%  58.4  885s
 2893123 203275     cutoff   85      13141.0000 13149.0000  0.06%  58.4  890s
 2907731 204314     cutoff   89      13141.0000 13149.0000  0.06%  58.5  895s
 2923460 205266 13149.0000   79   45 13141.0000 13149.0000  0.06%  58.5  900s
 2938210 206482 13143.0967   83   40 13141.0000 13149.0000  0.06%  58.6  905s
 2955266 207943 13148.7490   92   48 13141.0000 13149.0000  0.06%  58.6  910s
 2968056 208989     cutoff   83      13141.0000 13149.0000  0.06%  58.6  915s
 2982766 209709 13147.7902   86   44 13141.0000 13149.0000  0.06%  58.7  920s
 2998583 210461     cutoff   84      13141.0000 13149.0000  0.06%  58.8  925s
 3010291 210810 13149.0000   86   27 13141.0000 13149.0000  0.06%  58.8  930s
 3026374 211447 13145.5497   83   38 13141.0000 13149.0000  0.06%  58.9  935s
 3042081 212132 13149.0000  101   47 13141.0000 13149.0000  0.06%  58.9  940s
 3058482 212510     cutoff   90      13141.0000 13149.0000  0.06%  58.9  945s
 3076691 212803 13147.4898   90   56 13141.0000 13148.9740  0.06%  58.9  950s
 3101864 213368     cutoff   98      13141.0000 13148.9048  0.06%  58.7  955s
 3128802 213197 13142.5802   97   27 13141.0000 13148.8257  0.06%  58.4  960s
 3150463 212858     cutoff   79      13141.0000 13148.7607  0.06%  58.2  965s
 3175378 212365 13144.8485   90   48 13141.0000 13148.6881  0.06%  57.9  970s
 3201289 211841 13147.2782   87   40 13141.0000 13148.6293  0.06%  57.7  975s
 3231208 210657 13143.1426   91   45 13141.0000 13148.5465  0.06%  57.4  980s
 3262031 209556 13145.0731   87   47 13141.0000 13148.4626  0.06%  57.0  985s
 3289242 208788 13147.5565   73   68 13141.0000 13148.4017  0.06%  56.8  990s
 3322480 207235 13145.9913   93   49 13141.0000 13148.3130  0.06%  56.5  995s
 3348530 206017     cutoff  107      13141.0000 13148.2457  0.06%  56.2 1000s
 3377004 204349 13143.2169   85   49 13141.0000 13148.1673  0.05%  55.9 1005s
 3402265 203015     cutoff   94      13141.0000 13148.1099  0.05%  55.7 1010s
 3430898 200796 13143.7014   78   50 13141.0000 13148.0238  0.05%  55.5 1015s
 3458266 198376 13142.9324   82   49 13141.0000 13147.9457  0.05%  55.2 1020s
 3482043 197037 13143.1368   95   47 13141.0000 13147.8927  0.05%  55.0 1025s
 3513868 194720 infeasible  100      13141.0000 13147.8064  0.05%  54.8 1030s
 3546338 191457 13146.8759   85   39 13141.0000 13147.7089  0.05%  54.5 1035s
 3575686 188377     cutoff   73      13141.0000 13147.6220  0.05%  54.2 1040s
 3603420 185606 13143.7193   96   35 13141.0000 13147.5423  0.05%  54.0 1045s
 3628198 182652 infeasible   86      13141.0000 13147.4636  0.05%  53.8 1050s
 3654970 179701 13147.0563   75   39 13141.0000 13147.3826  0.05%  53.6 1055s
 3685824 175741 13143.0637   78   42 13141.0000 13147.2880  0.05%  53.3 1060s
 3710824 172450     cutoff   93      13141.0000 13147.2067  0.05%  53.1 1065s
 3736613 169701 13145.2839   84   54 13141.0000 13147.1321  0.05%  52.9 1070s
 3764557 166019 13145.0259   82   39 13141.0000 13147.0377  0.05%  52.7 1075s
 3791228 162073     cutoff   90      13141.0000 13146.9409  0.05%  52.5 1080s
 3811845 160502 13145.8806   79   61 13141.0000 13146.8952  0.04%  52.4 1085s
 3835439 157230     cutoff   89      13141.0000 13146.8267  0.04%  52.2 1090s
 3859822 153567     cutoff   93      13141.0000 13146.7443  0.04%  52.0 1095s
 3892468 148704     cutoff   84      13141.0000 13146.6341  0.04%  51.8 1100s
 3922751 143823 13142.3963   92   42 13141.0000 13146.5327  0.04%  51.6 1105s
 3954622 138435 13142.8962   77   37 13141.0000 13146.4158  0.04%  51.4 1110s
 3985692 132910 13145.3296   80   52 13141.0000 13146.2922  0.04%  51.2 1115s
 4012760 129095     cutoff   83      13141.0000 13146.2010  0.04%  51.0 1120s
 4031037 126808 13144.4568   93   49 13141.0000 13146.1522  0.04%  50.9 1125s
 4064417 120638     cutoff   71      13141.0000 13146.0248  0.04%  50.7 1130s
 4087546 116837     cutoff   75      13141.0000 13145.9515  0.04%  50.6 1135s
 4119439 111282 13143.8810   99   14 13141.0000 13145.8371  0.04%  50.4 1140s
 4153465 104158 13144.1417   82   34 13141.0000 13145.6838  0.04%  50.2 1145s
 4184006 97456     cutoff   95      13141.0000 13145.5419  0.03%  50.0 1150s
 4222238 88247 13143.6931   94   51 13141.0000 13145.3329  0.03%  49.7 1155s
 4253549 81406     cutoff   84      13141.0000 13145.1806  0.03%  49.6 1160s
 4274636 76004     cutoff   88      13141.0000 13145.0567  0.03%  49.4 1165s
 4307049 68801 13142.6906   77   68 13141.0000 13144.8857  0.03%  49.2 1170s
 4335990 60900 13144.5481   87   60 13141.0000 13144.7030  0.03%  49.1 1175s
 4371515 50995     cutoff   88      13141.0000 13144.4175  0.03%  48.9 1180s
 4403280 41791     cutoff   85      13141.0000 13144.2101  0.02%  48.7 1185s
 4432258 32480     cutoff  101      13141.0000 13143.8810  0.02%  48.5 1190s
 4458863 25218 13143.6565   71   46 13141.0000 13143.7049  0.02%  48.4 1195s
 4489709 10696     cutoff   94      13141.0000 13143.1392  0.02%  48.2 1200s

Cutting planes:
  Gomory: 119
  Cover: 107
  Clique: 13
  MIR: 115
  StrongCG: 99
  Flow cover: 26
  Inf proof: 1
  Zero half: 11
  RLT: 11

Explored 4516835 nodes (217317108 simplex iterations) in 1204.03 seconds
Thread count was 12 (of 12 available processors)

Solution count 9: 13141 13108 13081 ... 11979

Optimal solution found (tolerance 1.00e-12)
Best objective 1.314100000000e+04, best bound 1.314100000000e+04, gap 0.0000%
