
Gurobi 9.1.2 (win64, Java) logging started Fri Nov 12 10:04:05 2021

Academic license - for non-commercial use only - expires 2022-10-30
Gurobi Optimizer version 9.1.2 build v9.1.2rc0 (win64)
Thread count: 6 physical cores, 12 logical processors, using up to 12 threads
Optimize a model with 70 rows, 600 columns and 1200 nonzeros
Model fingerprint: 0x4b02aa92
Variable types: 0 continuous, 600 integer (600 binary)
Coefficient statistics:
  Matrix range     [1e+00, 1e+03]
  Objective range  [1e+02, 9e+02]
  Bounds range     [1e+00, 1e+00]
  RHS range        [1e+00, 3e+03]
Found heuristic solution: objective 15806.000000
Presolve removed 0 rows and 45 columns
Presolve time: 0.00s
Presolved: 70 rows, 555 columns, 1110 nonzeros
Variable types: 0 continuous, 555 integer (555 binary)
Presolved: 70 rows, 555 columns, 1110 nonzeros


Root relaxation: objective 1.862781e+04, 193 iterations, 0.00 seconds

    Nodes    |    Current Node    |     Objective Bounds      |     Work
 Expl Unexpl |  Obj  Depth IntInf | Incumbent    BestBd   Gap | It/Node Time

     0     0 18627.8104    0   13 15806.0000 18627.8104  17.9%     -    0s
H    0     0                    17882.000000 18627.8104  4.17%     -    0s
H    0     0                    18205.000273 18627.8104  2.32%     -    0s
H    0     0                    18471.000000 18627.8104  0.85%     -    0s
     0     0 18627.8104    0   22 18471.0000 18627.8104  0.85%     -    0s
     0     0 18627.8104    0   23 18471.0000 18627.8104  0.85%     -    0s
     0     0 18602.1667    0   18 18471.0000 18602.1667  0.71%     -    0s
     0     0 18602.1667    0   20 18471.0000 18602.1667  0.71%     -    0s
     0     0 18602.1667    0   31 18471.0000 18602.1667  0.71%     -    0s
     0     0 18602.1667    0   18 18471.0000 18602.1667  0.71%     -    0s
     0     2 18602.1667    0   18 18471.0000 18602.1667  0.71%     -    0s
H  459   463                    18543.000000 18600.8667  0.31%   7.6    0s
 37179 27669 18580.1154   81   16 18543.0000 18592.1895  0.27%   3.2    5s
 165460 96858 18575.4132  120   13 18543.0000 18591.7271  0.26%   3.7   10s
 242157 152264 18587.5376   84   18 18543.0000 18591.7271  0.26%   4.0   15s
 308629 199235 18565.8740   97   15 18543.0000 18591.7271  0.26%   4.1   20s
 382256 250497 18555.6861   90   18 18543.0000 18591.7271  0.26%   4.3   25s
 461696 305954 18584.3573   88   21 18543.0000 18591.7271  0.26%   4.3   30s
 546176 366375 18576.8504   99   16 18543.0000 18591.7271  0.26%   4.4   35s
 649031 437127 18547.6667   76   17 18543.0000 18591.7271  0.26%   4.4   40s
 747654 504761 18554.5000  149   14 18543.0000 18591.7271  0.26%   4.4   45s
 831803 562501 18563.0000  127   15 18543.0000 18591.7271  0.26%   4.4   50s
 927668 630997 18583.3974  128   20 18543.0000 18591.7271  0.26%   4.5   55s
 1004864 683460     cutoff  143      18543.0000 18591.7271  0.26%   4.5   60s
 1084421 728757     cutoff  118      18543.0000 18591.7271  0.26%   4.7   65s
 1161979 775981 18591.7271   87   27 18543.0000 18591.7271  0.26%   4.7   70s
 1231734 816553 18580.0769  136   17 18543.0000 18591.7271  0.26%   4.7   75s
 1300689 858668 18545.7411  106   16 18543.0000 18591.7271  0.26%   4.7   80s
 1386606 907495 18544.6817  123   18 18543.0000 18591.7271  0.26%   4.7   85s
 1446051 938497     cutoff  129      18543.0000 18591.7271  0.26%   4.8   90s
 1521585 978118 18544.5463  100   23 18543.0000 18591.7271  0.26%   4.8   95s
 1583922 1010608 18588.4183  117   15 18543.0000 18591.7271  0.26%   4.8  100s
 1653230 1049393 18591.7271  114   20 18543.0000 18591.7271  0.26%   4.8  105s
 1710653 1079694 18570.0479  145   11 18543.0000 18591.7271  0.26%   4.8  110s
 1772764 1110721 18544.2995  139   11 18543.0000 18591.7271  0.26%   4.8  115s
 1845261 1147814 18586.9423  130   12 18543.0000 18591.7271  0.26%   4.8  120s
 1920126 1186023 18576.3260  137   16 18543.0000 18591.7271  0.26%   4.8  125s
 1968799 1209409 18544.3580  105   17 18543.0000 18591.7271  0.26%   4.9  130s
 2032629 1241951     cutoff  108      18543.0000 18591.7271  0.26%   4.9  135s
 2107204 1279037 18545.1117  159   16 18543.0000 18591.7271  0.26%   4.9  140s
 2188772 1321689 18575.6396  118   31 18543.0000 18591.7271  0.26%   4.9  145s
 2268227 1359882 18545.9096  116   14 18543.0000 18591.7271  0.26%   4.9  150s
 2322320 1388644 18556.1290  144   19 18543.0000 18591.7271  0.26%   4.9  155s
 2392359 1423511 18591.7271   99   23 18543.0000 18591.7271  0.26%   4.9  160s
 2461744 1457100 18555.1953  120   10 18543.0000 18591.7271  0.26%   5.0  165s
 2528089 1494453 18574.9811  118   22 18543.0000 18591.7271  0.26%   5.0  170s
 2583053 1521583 18544.9644  119   12 18543.0000 18591.7271  0.26%   5.0  175s
 2647343 1553268 18547.0275  111   18 18543.0000 18591.7271  0.26%   5.1  180s
 2709938 1584648 18554.0000  140   12 18543.0000 18591.7271  0.26%   5.1  185s
 2767884 1614238 18550.9492  131   11 18543.0000 18591.7271  0.26%   5.1  190s
 2823826 1642491 18568.2047  110   14 18543.0000 18591.7271  0.26%   5.2  195s
 2894695 1675871 18589.9302  104   18 18543.0000 18591.7271  0.26%   5.2  200s
 2953806 1705638 18554.0665  113   20 18543.0000 18591.7271  0.26%   5.2  205s
 3002636 1729239 18576.7405  105   18 18543.0000 18591.7271  0.26%   5.2  210s
 3073115 1762526     cutoff   99      18543.0000 18591.7271  0.26%   5.2  215s
 3140657 1796396 18578.3320  111   13 18543.0000 18591.7271  0.26%   5.3  220s
 3208859 1828190 18545.5000  130   16 18543.0000 18591.7271  0.26%   5.3  225s
 3274740 1860201 18561.6245  106   15 18543.0000 18591.7271  0.26%   5.3  230s
 3347755 1892963 18551.2983  143    8 18543.0000 18591.7271  0.26%   5.3  235s
 3413508 1923188 18559.4651  106   18 18543.0000 18591.7271  0.26%   5.3  240s
 3465959 1946637     cutoff  107      18543.0000 18591.7271  0.26%   5.3  245s
 3518648 1971645     cutoff  114      18543.0000 18591.7271  0.26%   5.4  250s
 3560694 1989962     cutoff  152      18543.0000 18591.7271  0.26%   5.4  255s
 3621744 2017248 18549.0225  139   11 18543.0000 18591.7271  0.26%   5.4  260s
H3673485 1176786                    18560.000000 18591.7271  0.17%   5.4  265s
 3688918 1182615 18585.1649   49   25 18560.0000 18585.1649  0.14%   5.4  270s
 3806342 1202847 18561.2759  101   19 18560.0000 18576.3148  0.09%   5.4  275s
 3845737 1207242 18565.7453   84   14 18560.0000 18566.8975  0.04%   5.4  280s

Cutting planes:
  Gomory: 9
  Cover: 11
  Clique: 3
  MIR: 9
  StrongCG: 6
  Flow cover: 9
  RLT: 3

Explored 3930717 nodes (21253146 simplex iterations) in 283.70 seconds
Thread count was 12 (of 12 available processors)

Solution count 6: 18560 18543 18471 ... 15806

Optimal solution found (tolerance 1.00e-12)
Best objective 1.856000000000e+04, best bound 1.856000000000e+04, gap 0.0000%
