
Gurobi 9.1.2 (win64, Java) logging started Fri Nov 12 10:13:00 2021

Academic license - for non-commercial use only - expires 2022-10-30
Gurobi Optimizer version 9.1.2 build v9.1.2rc0 (win64)
Thread count: 6 physical cores, 12 logical processors, using up to 12 threads
Optimize a model with 70 rows, 600 columns and 1200 nonzeros
Model fingerprint: 0x630cada4
Variable types: 0 continuous, 600 integer (600 binary)
Coefficient statistics:
  Matrix range     [1e+00, 1e+03]
  Objective range  [1e+02, 9e+02]
  Bounds range     [1e+00, 1e+00]
  RHS range        [1e+00, 4e+03]
Found heuristic solution: objective 17103.000000
Presolve removed 0 rows and 107 columns
Presolve time: 0.00s
Presolved: 70 rows, 493 columns, 986 nonzeros
Variable types: 0 continuous, 493 integer (493 binary)
Presolved: 70 rows, 493 columns, 986 nonzeros


Root relaxation: objective 1.899467e+04, 220 iterations, 0.00 seconds

    Nodes    |    Current Node    |     Objective Bounds      |     Work
 Expl Unexpl |  Obj  Depth IntInf | Incumbent    BestBd   Gap | It/Node Time

     0     0 18994.6749    0   10 17103.0000 18994.6749  11.1%     -    0s
H    0     0                    18693.000000 18994.6749  1.61%     -    0s
H    0     0                    18718.000000 18994.6749  1.48%     -    0s
H    0     0                    18743.000000 18994.6749  1.34%     -    0s
     0     0 18983.2874    0   23 18743.0000 18983.2874  1.28%     -    0s
     0     0 18983.2874    0   26 18743.0000 18983.2874  1.28%     -    0s
     0     0 18983.2874    0   28 18743.0000 18983.2874  1.28%     -    0s
     0     0 18983.2874    0   15 18743.0000 18983.2874  1.28%     -    0s
     0     2 18983.2874    0   15 18743.0000 18983.2874  1.28%     -    0s
H   31    44                    18768.000000 18983.2874  1.15%  12.7    0s
H   85   102                    18795.000000 18983.2874  1.00%   8.0    0s
H  178   295                    18878.000000 18983.2874  0.56%   6.6    0s
H  200   295                    18888.000000 18983.2874  0.50%   6.6    0s
H 1823  1490                    18933.000000 18980.1966  0.25%   5.3    1s
 31146 21742 18978.0869   74   21 18933.0000 18979.0597  0.24%   7.1    5s
H36961 23164                    18955.000000 18970.8373  0.08%   7.7    8s
 48107 28722 18968.8590   61   25 18955.0000 18970.3531  0.08%   8.6   10s
 57962 31795 18963.8619   74   17 18955.0000 18970.2311  0.08%   9.1   15s
 106455 42932 18961.7763  101   46 18955.0000 18967.1086  0.06%  12.8   20s
 136584 49139 18965.9156   81   26 18955.0000 18966.9059  0.06%  14.9   25s
 157048 57842 18965.4599   77   46 18955.0000 18966.9059  0.06%  15.7   30s
 177034 67939 18966.9059   73   29 18955.0000 18966.9059  0.06%  16.6   35s
 193859 76441 18962.0000   92   12 18955.0000 18966.9059  0.06%  17.2   40s
 209569 84229 18965.9156   90   19 18955.0000 18966.9059  0.06%  17.8   45s
 223117 91452 18963.5984   80   27 18955.0000 18966.9059  0.06%  18.4   50s
 237149 98349 18958.8972   78   30 18955.0000 18966.9059  0.06%  18.9   55s
 250837 105442     cutoff   86      18955.0000 18966.9059  0.06%  19.3   60s
 263468 111123 18966.0585   83   27 18955.0000 18966.9059  0.06%  19.6   65s
 278787 118509 18965.1729   84   22 18955.0000 18966.9059  0.06%  19.8   70s
 294185 125701 18965.7481   98   38 18955.0000 18966.9059  0.06%  20.1   75s
 309060 132142 18963.4802   93   16 18955.0000 18966.9059  0.06%  20.3   80s
 322675 138175 18960.9638   95   25 18955.0000 18966.9059  0.06%  20.5   85s
 334737 144029     cutoff   93      18955.0000 18966.9059  0.06%  20.8   90s
 343946 148400 18962.1116   96   29 18955.0000 18966.9059  0.06%  21.0   95s
 357564 154083     cutoff   86      18955.0000 18966.9059  0.06%  21.2  100s
 372160 160203 18966.9059   85   28 18955.0000 18966.9059  0.06%  21.4  105s
 385438 165938 18965.6670   74   60 18955.0000 18966.9059  0.06%  21.6  110s
 397691 171462 18958.8210   86   36 18955.0000 18966.9059  0.06%  21.8  115s
 408795 175880 18962.1807   87   28 18955.0000 18966.9059  0.06%  21.9  120s
 420351 180466 18959.3300   98   25 18955.0000 18966.9059  0.06%  22.1  125s
 433218 185828 18959.2586   96   20 18955.0000 18966.9059  0.06%  22.3  130s
 446015 191180     cutoff   83      18955.0000 18966.9059  0.06%  22.5  135s
 458266 196551 18966.3667   87   39 18955.0000 18966.9059  0.06%  22.7  140s
 473228 202901     cutoff   78      18955.0000 18966.9059  0.06%  22.9  145s
 486144 208186 18965.3566   86   37 18955.0000 18966.9059  0.06%  23.0  150s
 501325 214350 18960.7899   92   27 18955.0000 18966.9059  0.06%  23.2  155s
 513353 219643 18959.7376   93   46 18955.0000 18966.9059  0.06%  23.3  160s
 525510 224361 18965.3581   92   45 18955.0000 18966.9059  0.06%  23.4  165s
 538271 229299     cutoff   83      18955.0000 18966.9059  0.06%  23.6  170s
 553420 235508     cutoff   88      18955.0000 18966.9059  0.06%  23.7  175s
 566501 240455 18957.5199   94   23 18955.0000 18966.9059  0.06%  23.8  180s
 579309 245252 18962.1116   84   28 18955.0000 18966.9059  0.06%  23.9  185s
 591016 249219 18964.6020   81   34 18955.0000 18966.9059  0.06%  24.0  190s
 604604 254371 18957.5650   99   22 18955.0000 18966.9059  0.06%  24.1  195s
 614918 258086 18960.3771   90   47 18955.0000 18966.9059  0.06%  24.2  200s
 626344 262929 18964.6673   84   25 18955.0000 18966.9059  0.06%  24.4  205s
 639625 267761     cutoff   92      18955.0000 18966.9059  0.06%  24.5  210s
 654299 273385 18965.9638   85   41 18955.0000 18966.9059  0.06%  24.6  215s
 667405 278286 18963.8893   94   34 18955.0000 18966.9059  0.06%  24.7  220s
 678386 282574     cutoff   94      18955.0000 18966.9059  0.06%  24.8  225s
 691931 287793 18957.0598   89   22 18955.0000 18966.9059  0.06%  24.8  230s
 705846 293332 18966.9059   85   29 18955.0000 18966.9059  0.06%  24.9  235s
 716144 296947 18964.6673   81   31 18955.0000 18966.9059  0.06%  25.0  240s
 727810 301505 18966.9059   73   32 18955.0000 18966.9059  0.06%  25.1  245s
 738202 305637 18964.8401   95   47 18955.0000 18966.9059  0.06%  25.2  250s
 751989 310586 18959.2649  100    6 18955.0000 18966.9059  0.06%  25.3  255s
 765793 315601 18960.5098   83   37 18955.0000 18966.9059  0.06%  25.5  260s
 777522 319920 18964.8388   85   39 18955.0000 18966.9059  0.06%  25.6  265s
 789800 324369 18966.9059   91   23 18955.0000 18966.9059  0.06%  25.7  270s
 802268 328906 18966.9059   85   40 18955.0000 18966.9059  0.06%  25.9  275s
 813443 333196 18965.3976   89   37 18955.0000 18966.9059  0.06%  26.0  280s
 826787 338135 18963.4442  100   41 18955.0000 18966.9059  0.06%  26.2  285s
 836680 342134 18966.5824   84   36 18955.0000 18966.9059  0.06%  26.2  290s
 850007 347116     cutoff   92      18955.0000 18966.9059  0.06%  26.3  295s
 861416 351106 18960.9973   84   35 18955.0000 18966.9059  0.06%  26.4  300s
 872711 355304 18966.5880   88   44 18955.0000 18966.9059  0.06%  26.5  305s
 886088 360534 18960.5486   85   37 18955.0000 18966.9059  0.06%  26.6  310s
 897124 364945 18959.3300   79   23 18955.0000 18966.9059  0.06%  26.7  315s
 910788 370051 18961.0585   90   37 18955.0000 18966.9059  0.06%  26.8  320s
 922315 374091 18961.3213   96   41 18955.0000 18966.9059  0.06%  27.0  325s
 934199 378254 18962.2291   90   44 18955.0000 18966.9059  0.06%  27.0  330s
 947240 383228     cutoff   78      18955.0000 18966.9059  0.06%  27.1  335s
 959040 387834 18957.4852   91   35 18955.0000 18966.9059  0.06%  27.2  340s
 970399 391887 18966.7889   76   35 18955.0000 18966.9059  0.06%  27.3  345s
 982070 396007 18966.8753   82   52 18955.0000 18966.9059  0.06%  27.4  350s
 995139 400705 18966.4287   91   47 18955.0000 18966.9059  0.06%  27.5  355s
 1008183 405683     cutoff   92      18955.0000 18966.9059  0.06%  27.6  360s
 1018371 409817     cutoff   88      18955.0000 18966.9059  0.06%  27.7  365s
 1032254 414874 18965.6545   80   33 18955.0000 18966.9059  0.06%  27.8  370s
 1045699 419585 18966.8825   87   38 18955.0000 18966.9059  0.06%  27.9  375s
 1057045 423649 18964.9381   93   51 18955.0000 18966.9059  0.06%  28.0  380s
 1066502 427162     cutoff   82      18955.0000 18966.9059  0.06%  28.0  385s
 1079743 431709     cutoff   83      18955.0000 18966.9059  0.06%  28.1  390s
 1089057 435054 18966.3067   84   37 18955.0000 18966.9059  0.06%  28.2  395s
 1102237 439972 18966.9059   85   34 18955.0000 18966.9059  0.06%  28.3  400s
 1113725 443975 18966.8854   87   31 18955.0000 18966.9059  0.06%  28.3  405s
 1125079 448086 18958.5205   95   25 18955.0000 18966.9059  0.06%  28.4  411s
 1132528 450733 18963.8523   83   42 18955.0000 18966.9059  0.06%  28.5  415s
 1140426 453620 18966.7552   87   35 18955.0000 18966.9059  0.06%  28.5  420s
 1147688 456150 18960.6209  108   23 18955.0000 18966.9059  0.06%  28.5  425s
 1157866 459703 18961.9413   96   39 18955.0000 18966.9059  0.06%  28.5  430s
 1169324 463993 18961.1681   88   35 18955.0000 18966.9059  0.06%  28.6  435s
 1180071 468021 18959.5847   91   39 18955.0000 18966.9059  0.06%  28.7  440s
 1193232 472910     cutoff   98      18955.0000 18966.9059  0.06%  28.7  445s
 1204703 476918     cutoff   99      18955.0000 18966.9059  0.06%  28.8  450s
 1217740 481741 18957.0064   88   26 18955.0000 18966.9059  0.06%  28.8  455s
 1231142 486541 18961.4853   96   22 18955.0000 18966.9059  0.06%  28.9  460s
 1242528 490652 18966.4791   89   43 18955.0000 18966.9059  0.06%  29.0  465s
 1256749 495371 18963.8596   86   37 18955.0000 18966.9059  0.06%  29.0  470s
 1270097 500457 18965.6548   90   53 18955.0000 18966.9059  0.06%  29.1  475s
 1283437 505317 18966.8460   90   42 18955.0000 18966.9059  0.06%  29.1  480s
 1296721 510516 18966.9059   79   34 18955.0000 18966.9059  0.06%  29.2  485s
 1310385 516272 18962.1116  103   26 18955.0000 18966.9059  0.06%  29.2  490s
 1322348 520517 18966.5283   80   38 18955.0000 18966.9059  0.06%  29.3  495s
 1337306 525908 18959.3671   80   37 18955.0000 18966.9059  0.06%  29.3  500s
 1350565 530442 18963.9622   75   46 18955.0000 18966.9059  0.06%  29.3  505s
 1364506 535300 18966.2528   89   44 18955.0000 18966.9059  0.06%  29.4  510s
 1377501 540692 18966.3053   83   22 18955.0000 18966.9059  0.06%  29.4  515s
 1388622 544755 18963.4802   74   33 18955.0000 18966.9059  0.06%  29.5  520s
 1402029 549222 18966.9059   90   28 18955.0000 18966.9059  0.06%  29.5  525s
 1404065 553872 18963.7329   86   22 18955.0000 18966.9059  0.06%  29.5  530s
 1425159 558065     cutoff  102      18955.0000 18966.9059  0.06%  29.5  535s
 1440367 563615 18966.9059   84   29 18955.0000 18966.9059  0.06%  29.5  540s
 1453602 568511 18964.7244   87   39 18955.0000 18966.9059  0.06%  29.6  545s
 1463575 572257 18964.6673   83   23 18955.0000 18966.9059  0.06%  29.6  550s
 1477120 576961     cutoff   88      18955.0000 18966.9059  0.06%  29.6  555s
 1489393 581237 18966.8477   81   34 18955.0000 18966.9059  0.06%  29.6  560s
 1504894 586604 18957.7540   92   33 18955.0000 18966.9059  0.06%  29.6  565s
 1521401 592421 18966.7639   84   48 18955.0000 18966.9059  0.06%  29.7  570s
 1534633 596999 18959.7333   92   51 18955.0000 18966.9059  0.06%  29.7  575s
 1548303 601617 18966.5089   81   46 18955.0000 18966.9059  0.06%  29.7  580s
 1561120 606429 18960.6727   87   27 18955.0000 18966.9059  0.06%  29.7  585s
 1574468 610939     cutoff  107      18955.0000 18966.9059  0.06%  29.7  590s
 1588137 615645     cutoff   92      18955.0000 18966.9059  0.06%  29.8  595s
 1600003 619455 18964.4711   94   46 18955.0000 18966.9059  0.06%  29.8  600s
 1615059 624855 18966.7304   78   35 18955.0000 18966.9059  0.06%  29.8  605s
 1624992 628281 18956.3667  102    9 18955.0000 18966.9059  0.06%  29.8  610s
 1639523 632990 18964.6066   80   37 18955.0000 18966.9059  0.06%  29.8  615s
 1655867 638048     cutoff   96      18955.0000 18966.9059  0.06%  29.8  620s
 1669228 642616     cutoff   91      18955.0000 18966.9059  0.06%  29.9  625s
 1684120 647800 18964.7189   86   25 18955.0000 18966.9059  0.06%  29.8  630s
 1699151 652634 18966.9059   79   37 18955.0000 18966.9059  0.06%  29.8  635s
 1712325 657372 18966.9059   90   36 18955.0000 18966.9059  0.06%  29.9  640s
 1726065 661961 18960.1735   87   22 18955.0000 18966.9059  0.06%  29.9  645s
 1742660 667423 18956.3205   90   32 18955.0000 18966.9059  0.06%  29.9  650s
 1756632 671790     cutoff   86      18955.0000 18966.9059  0.06%  29.9  655s
 1770354 676393     cutoff   91      18955.0000 18966.9059  0.06%  29.9  660s
 1785713 681278 18962.4491   95   46 18955.0000 18966.9059  0.06%  30.0  665s
 1799070 685548 18966.8898   78   45 18955.0000 18966.9059  0.06%  30.0  670s
 1814023 689842 18964.6673   86   25 18955.0000 18966.9059  0.06%  30.0  675s
 1825859 694208 18966.1178   74   45 18955.0000 18966.9059  0.06%  30.0  680s
 1837508 698366 18966.9059   93   35 18955.0000 18966.9059  0.06%  30.1  685s
 1852966 703440 18957.9407   93   36 18955.0000 18966.9059  0.06%  30.1  690s
 1863595 707207     cutoff   94      18955.0000 18966.9059  0.06%  30.1  695s
 1878052 712679 18966.8961   89   41 18955.0000 18966.9059  0.06%  30.1  700s
 1891570 717591 18966.9059   79   38 18955.0000 18966.9059  0.06%  30.1  705s
 1907342 723026 18958.2870   94   31 18955.0000 18966.9059  0.06%  30.2  710s
 1919865 727358 18957.3130   83   21 18955.0000 18966.9059  0.06%  30.2  715s
 1935749 733271 18966.9059   81   42 18955.0000 18966.9059  0.06%  30.2  720s
 1949549 738175 18966.2876   83   38 18955.0000 18966.9059  0.06%  30.2  725s
 1965857 743948 18957.9393   96   28 18955.0000 18966.9059  0.06%  30.2  730s
 1980941 749474 18965.9168   78   35 18955.0000 18966.9059  0.06%  30.2  735s
 1996724 754434     cutoff   92      18955.0000 18966.9059  0.06%  30.2  740s
 2010648 759149 18966.8475   76   51 18955.0000 18966.9059  0.06%  30.2  745s
 2026002 764264 18964.4354   80   39 18955.0000 18966.9059  0.06%  30.2  750s
 2042293 770111 18958.7365   86   29 18955.0000 18966.9052  0.06%  30.2  755s
 2056264 774843 18964.5242   82   51 18955.0000 18966.9039  0.06%  30.2  760s
 2067239 778923 18960.7066   96   43 18955.0000 18966.9028  0.06%  30.2  765s
 2082656 784429     cutoff   93      18955.0000 18966.9016  0.06%  30.2  770s
 2096022 789317 18963.3316   85   40 18955.0000 18966.9006  0.06%  30.1  775s
 2112571 795255 18960.4081   81   30 18955.0000 18966.8991  0.06%  30.1  780s
 2126663 799611 18964.6673   88   25 18955.0000 18966.8979  0.06%  30.1  786s
 2135720 803098 18958.8651   93   35 18955.0000 18966.8971  0.06%  30.0  790s
 2151660 808560 18961.3582   95   45 18955.0000 18966.8956  0.06%  30.0  795s
 2164920 813179 18959.7807   92   34 18955.0000 18966.8944  0.06%  30.0  800s
 2178881 818606 18963.7000   86   44 18955.0000 18966.8932  0.06%  30.0  805s
 2189931 822101 18964.6673   95   26 18955.0000 18966.8923  0.06%  30.0  810s
 2202398 826460 18956.2011   85   21 18955.0000 18966.8915  0.06%  29.9  815s
 2216377 831428 18965.2804   92   27 18955.0000 18966.8905  0.06%  29.9  820s
 2231755 836500     cutoff   92      18955.0000 18966.8893  0.06%  29.9  825s
 2245723 841275 18957.5056   91   35 18955.0000 18966.8882  0.06%  29.9  830s
 2259789 846193 18956.5118   94   40 18955.0000 18966.8870  0.06%  29.8  835s
 2274598 851393 18959.4269   95   38 18955.0000 18966.8859  0.06%  29.8  840s
 2290571 856475 18966.2594   91   38 18955.0000 18966.8847  0.06%  29.8  845s
 2299455 859426 18957.9780   96   33 18955.0000 18966.8842  0.06%  29.8  850s
 2314204 864761 18966.2611   82   36 18955.0000 18966.8830  0.06%  29.7  855s
 2329198 870708 18966.8819   68   36 18955.0000 18966.8819  0.06%  29.7  860s
 2345438 876636 18966.8053   82   39 18955.0000 18966.8817  0.06%  29.7  865s
 2360960 882062     cutoff   90      18955.0000 18966.8806  0.06%  29.7  870s
 2378538 887874 18957.2080   95   26 18955.0000 18966.8791  0.06%  29.6  875s
 2392191 892638 18957.2995  102   29 18955.0000 18966.8780  0.06%  29.6  880s
 2409760 898307 18965.2609   84   19 18955.0000 18966.8767  0.06%  29.6  885s
 2424900 903663 18966.7454   91   49 18955.0000 18966.8758  0.06%  29.6  890s
 2443052 909980     cutoff   86      18955.0000 18966.8743  0.06%  29.5  895s
 2459466 916023 18956.3180   94    8 18955.0000 18966.8731  0.06%  29.5  900s
 2478735 923504     cutoff   87      18955.0000 18966.8728  0.06%  29.4  905s
 2493280 928391 18963.2738  101   42 18955.0000 18966.8722  0.06%  29.4  910s
 2512328 937126 18966.8091   68   35 18955.0000 18966.8719  0.06%  29.3  915s
 2530256 944427     cutoff  100      18955.0000 18966.8717  0.06%  29.2  920s
 2547055 950017     cutoff  118      18955.0000 18966.8707  0.06%  29.2  925s
 2561158 954939     cutoff   92      18955.0000 18966.8699  0.06%  29.2  930s
 2571804 958970 18963.8500   92   48 18955.0000 18966.8692  0.06%  29.2  935s
 2586106 964088     cutoff   92      18955.0000 18966.8685  0.06%  29.2  940s
 2603598 970036 18958.9181   93   30 18955.0000 18966.8673  0.06%  29.1  945s
 2619940 976665     cutoff  101      18955.0000 18966.8664  0.06%  29.1  950s
 2633321 982093 18966.4685   86   43 18955.0000 18966.8664  0.06%  29.1  955s
 2648336 988390 18966.8664   79   41 18955.0000 18966.8664  0.06%  29.2  960s
 2662037 994033 18962.9161   97   25 18955.0000 18966.8664  0.06%  29.2  965s
 2669726 997291 18966.8664   83   29 18955.0000 18966.8664  0.06%  29.2  970s
 2681858 1002068 18966.6598   88   44 18955.0000 18966.8664  0.06%  29.2  975s
 2694573 1007336 18957.8661   91   28 18955.0000 18966.8664  0.06%  29.2  980s
 2706534 1011760 18956.6015   95   12 18955.0000 18966.8664  0.06%  29.2  985s
 2717755 1015998     cutoff  112      18955.0000 18966.8664  0.06%  29.2  990s
 2731188 1021156 18956.8912  109   29 18955.0000 18966.8664  0.06%  29.3  995s
 2740778 1024603 18966.8664   82   41 18955.0000 18966.8664  0.06%  29.3 1000s
 2754206 1029934 18963.0376  100   55 18955.0000 18966.8664  0.06%  29.3 1005s
 2768468 1035371 18966.5058   87   33 18955.0000 18966.8664  0.06%  29.3 1010s
 2780263 1040030 18963.1770   96   23 18955.0000 18966.8664  0.06%  29.3 1015s
 2793256 1044997     cutoff  104      18955.0000 18966.8664  0.06%  29.4 1020s
 2805079 1049396 18959.3575  105   24 18955.0000 18966.8664  0.06%  29.4 1025s
 2813870 1052757 18962.8073   85   39 18955.0000 18966.8664  0.06%  29.4 1030s
 2825614 1057157     cutoff   93      18955.0000 18966.8664  0.06%  29.4 1035s
 2836473 1061458 18965.4075   83   21 18955.0000 18966.8664  0.06%  29.5 1040s
 2848084 1065780 18957.6549   88   27 18955.0000 18966.8664  0.06%  29.5 1045s
 2859308 1069958 18966.8422   89   41 18955.0000 18966.8664  0.06%  29.5 1050s
 2870459 1073891 18961.3184   94   25 18955.0000 18966.8664  0.06%  29.5 1055s
 2883395 1078679     cutoff   94      18955.0000 18966.8664  0.06%  29.6 1060s
 2897030 1083683 18956.9889   94   44 18955.0000 18966.8664  0.06%  29.6 1065s
 2910778 1088382 18956.1611   95   27 18955.0000 18966.8664  0.06%  29.6 1070s
 2925469 1093655 18964.6673   87   27 18955.0000 18966.8659  0.06%  29.6 1075s
 2942333 1099555 18958.1372  106   33 18955.0000 18966.8649  0.06%  29.6 1080s
 2956749 1104256 18958.3573  105   29 18955.0000 18966.8639  0.06%  29.5 1085s
 2971579 1109172 18965.2684   82   37 18955.0000 18966.8631  0.06%  29.5 1090s
 2988125 1114937 18960.8227   84   33 18955.0000 18966.8623  0.06%  29.5 1095s
 3003433 1120312 18964.5895   90   28 18955.0000 18966.8614  0.06%  29.5 1100s
 3015790 1124566     cutoff  100      18955.0000 18966.8606  0.06%  29.5 1105s
 3027556 1128945 18958.3301   90   21 18955.0000 18966.8598  0.06%  29.5 1110s
 3045041 1134625 18965.0601   87   33 18955.0000 18966.8589  0.06%  29.4 1115s
 3060631 1139982     cutoff  102      18955.0000 18966.8581  0.06%  29.4 1120s
 3075269 1145542 18963.5731   91   40 18955.0000 18966.8572  0.06%  29.4 1125s
 3090639 1150859 18960.9845   92   48 18955.0000 18966.8563  0.06%  29.4 1130s
 3107600 1156754     cutoff   89      18955.0000 18966.8553  0.06%  29.4 1135s
 3121305 1161154     cutoff  102      18955.0000 18966.8544  0.06%  29.4 1140s
 3136675 1166089 18959.1122   91   41 18955.0000 18966.8534  0.06%  29.4 1145s
 3150517 1171000 18959.9900   92   22 18955.0000 18966.8525  0.06%  29.3 1150s
 3166809 1176882 18958.5387   87   38 18955.0000 18966.8520  0.06%  29.3 1155s
 3180792 1182725 18959.8928   89   28 18955.0000 18966.8520  0.06%  29.3 1160s
 3190263 1185955 18961.7901   81   34 18955.0000 18966.8520  0.06%  29.3 1165s
 3204204 1191734 18962.6698   70   28 18955.0000 18966.8520  0.06%  29.3 1170s
 3217789 1197437     cutoff   98      18955.0000 18966.8520  0.06%  29.3 1175s
 3230706 1202250 18966.8520   74   45 18955.0000 18966.8520  0.06%  29.4 1180s
 3240134 1205770     cutoff   85      18955.0000 18966.8520  0.06%  29.4 1185s
 3251697 1209851 18964.2017   81   39 18955.0000 18966.8520  0.06%  29.4 1190s
 3265029 1214886 18966.8520   74   43 18955.0000 18966.8520  0.06%  29.4 1195s
 3276148 1218788 18960.7206   75   44 18955.0000 18966.8520  0.06%  29.4 1200s
 3287552 1223224 18956.3027   90   40 18955.0000 18966.8520  0.06%  29.5 1205s
 3298601 1227345 18957.5148   66   25 18955.0000 18966.8520  0.06%  29.5 1210s
 3308283 1230117 18965.5279   80   32 18955.0000 18966.8520  0.06%  29.5 1216s
 3316750 1234357 18966.8520   77   33 18955.0000 18966.8520  0.06%  29.5 1220s
 3328031 1238166 18962.9873   84   39 18955.0000 18966.8520  0.06%  29.6 1225s
 3341780 1243139 18966.8520   67   32 18955.0000 18966.8520  0.06%  29.6 1230s
 3354063 1247283 18965.9321   87   23 18955.0000 18966.8517  0.06%  29.6 1235s
 3369831 1252256 18965.7981   83   37 18955.0000 18966.8506  0.06%  29.6 1240s
 3385373 1257529 18960.1376   89   38 18955.0000 18966.8497  0.06%  29.6 1245s
 3401572 1263460 18966.4696   82   34 18955.0000 18966.8490  0.06%  29.6 1250s
 3416661 1268657 18958.6306   97   43 18955.0000 18966.8483  0.06%  29.5 1255s
 3432543 1274397 18958.6153   85   37 18955.0000 18966.8475  0.06%  29.5 1260s
 3450418 1280258 18960.7124   83   23 18955.0000 18966.8465  0.06%  29.5 1265s
 3464336 1284579 18966.8457   73   35 18955.0000 18966.8458  0.06%  29.5 1270s
 3479072 1289385 infeasible   92      18955.0000 18966.8451  0.06%  29.5 1275s
 3494929 1295041     cutoff  103      18955.0000 18966.8443  0.06%  29.5 1280s
 3508710 1299591 18956.6539   74   28 18955.0000 18966.8436  0.06%  29.5 1285s
 3524512 1304510 18966.8426   82   40 18955.0000 18966.8427  0.06%  29.5 1290s
 3537826 1308961 18961.6559   99   50 18955.0000 18966.8419  0.06%  29.4 1295s
 3549358 1312460 18960.5249   71   28 18955.0000 18966.8414  0.06%  29.4 1300s
 3560393 1316210 18966.2712   86   35 18955.0000 18966.8408  0.06%  29.4 1305s
 3572195 1319863 18966.1296   67   53 18955.0000 18966.8401  0.06%  29.4 1310s
 3585263 1323805 18961.0257   92   28 18955.0000 18966.8393  0.06%  29.4 1315s
 3596234 1328107     cutoff   94      18955.0000 18966.8386  0.06%  29.4 1320s
 3607557 1332907 18964.7778   78   36 18955.0000 18966.8382  0.06%  29.4 1325s
 3619509 1338681     cutoff   99      18955.0000 18966.8379  0.06%  29.4 1330s
 3630473 1344318 18966.8379   73   32 18955.0000 18966.8379  0.06%  29.4 1335s
 3642266 1350162 18959.5657   87   54 18955.0000 18966.8379  0.06%  29.4 1340s
 3652043 1354936 18966.7374   87   42 18955.0000 18966.8379  0.06%  29.5 1345s
 3660543 1359129 18957.5581   90   29 18955.0000 18966.8379  0.06%  29.5 1350s
 3672765 1364268 18966.2879   88   43 18955.0000 18966.8379  0.06%  29.5 1355s
 3685859 1370561 18962.3575   93   24 18955.0000 18966.8379  0.06%  29.5 1360s
 3696208 1374821 18966.8379   88   27 18955.0000 18966.8379  0.06%  29.4 1365s
 3708034 1380054 18962.6162   82   33 18955.0000 18966.8379  0.06%  29.4 1370s
 3721396 1385526 18961.1123   86   35 18955.0000 18966.8379  0.06%  29.4 1375s
 3733231 1390320 18957.0787  101   33 18955.0000 18966.8379  0.06%  29.4 1380s
 3747384 1396458     cutoff   83      18955.0000 18966.8379  0.06%  29.4 1385s
 3760837 1401561 18956.3325   99   27 18955.0000 18966.8379  0.06%  29.4 1390s
 3774536 1406997     cutoff   91      18955.0000 18966.8379  0.06%  29.4 1395s
 3788149 1412468 18965.7006   94   49 18955.0000 18966.8379  0.06%  29.4 1400s
 3797938 1415794     cutoff  106      18955.0000 18966.8379  0.06%  29.4 1407s
 3805635 1420049 18965.7665   95   26 18955.0000 18966.8379  0.06%  29.4 1410s
 3819527 1425870 18966.7759   81   51 18955.0000 18966.8379  0.06%  29.4 1415s
 3835739 1432199 18966.6304   89   38 18955.0000 18966.8379  0.06%  29.4 1420s
 3852035 1438326     cutoff   93      18955.0000 18966.8379  0.06%  29.4 1425s
 3865519 1443592 18966.7212   90   41 18955.0000 18966.8379  0.06%  29.4 1430s
 3880761 1449479 18965.2147   89   48 18955.0000 18966.8379  0.06%  29.4 1435s
 3897173 1455776 18959.3557   91   37 18955.0000 18966.8379  0.06%  29.4 1440s
 3910526 1461080 18965.6031   95   35 18955.0000 18966.8379  0.06%  29.4 1445s
 3921924 1465686     cutoff   93      18955.0000 18966.8379  0.06%  29.4 1450s
 3935062 1470596     cutoff   98      18955.0000 18966.8379  0.06%  29.4 1455s
 3949010 1476062 18963.9538   88   29 18955.0000 18966.8379  0.06%  29.4 1460s
 3962026 1481276 18966.7831   84   39 18955.0000 18966.8379  0.06%  29.4 1465s
 3976010 1486976 18963.9857  106   13 18955.0000 18966.8379  0.06%  29.4 1470s
 3989220 1492135 18959.3217   92   22 18955.0000 18966.8379  0.06%  29.4 1475s
 4001172 1496918     cutoff   92      18955.0000 18966.8379  0.06%  29.4 1480s
 4014455 1501753 18965.7665   94   27 18955.0000 18966.8379  0.06%  29.4 1485s
 4029383 1507111 18964.9242   89   27 18955.0000 18966.8379  0.06%  29.4 1490s
 4042843 1512625 18966.8379   80   38 18955.0000 18966.8379  0.06%  29.4 1495s
 4059843 1518453 18962.1828   93   30 18955.0000 18966.8379  0.06%  29.4 1500s
 4074688 1524362 18959.9448   95   18 18955.0000 18966.8379  0.06%  29.4 1505s
 4086688 1529043 18966.6141   86   43 18955.0000 18966.8379  0.06%  29.3 1510s
 4100014 1534080     cutoff   92      18955.0000 18966.8379  0.06%  29.4 1515s
 4114059 1539085     cutoff   90      18955.0000 18966.8379  0.06%  29.4 1520s
 4125616 1543441 18965.5033   90   43 18955.0000 18966.8379  0.06%  29.4 1525s
 4139141 1549111 18961.0701   96   28 18955.0000 18966.8379  0.06%  29.4 1530s
 4152338 1554364 18960.3626   87   46 18955.0000 18966.8379  0.06%  29.4 1535s
 4166113 1560137 18957.6422  107   29 18955.0000 18966.8379  0.06%  29.4 1540s
 4179495 1565432 18966.1889   77   36 18955.0000 18966.8379  0.06%  29.4 1545s
 4195425 1571939 18966.8038   81   43 18955.0000 18966.8379  0.06%  29.4 1550s
 4209633 1577484 18960.3939   84   22 18955.0000 18966.8379  0.06%  29.4 1555s
 4220675 1581735 18959.1460   83   30 18955.0000 18966.8379  0.06%  29.4 1560s
 4235267 1587664 18964.5893   89   32 18955.0000 18966.8379  0.06%  29.4 1565s
 4246710 1591811     cutoff   92      18955.0000 18966.8379  0.06%  29.4 1570s
 4259558 1596729 18966.4026   84   37 18955.0000 18966.8379  0.06%  29.4 1575s
 4267224 1599411 18964.9145   99   43 18955.0000 18966.8379  0.06%  29.4 1580s
 4277176 1603124 18966.8270   89   35 18955.0000 18966.8379  0.06%  29.4 1585s
 4288601 1607516     cutoff   86      18955.0000 18966.8379  0.06%  29.4 1590s
 4300274 1612107 18964.4688   97   48 18955.0000 18966.8379  0.06%  29.4 1595s
 4309795 1615991     cutoff  112      18955.0000 18966.8379  0.06%  29.4 1600s
 4319445 1619774     cutoff   88      18955.0000 18966.8379  0.06%  29.4 1605s
 4331272 1624417 18964.5977   87   47 18955.0000 18966.8379  0.06%  29.4 1611s
 4340158 1627961 18959.3217   91   19 18955.0000 18966.8379  0.06%  29.4 1615s
 4353330 1633686 18962.3831   90   25 18955.0000 18966.8379  0.06%  29.5 1621s
 4361223 1635931 18966.8379   73   36 18955.0000 18966.8379  0.06%  29.5 1627s
 4368350 1639575 18966.7962   95   39 18955.0000 18966.8379  0.06%  29.5 1630s
 4379538 1644768 18965.5833   89   41 18955.0000 18966.8379  0.06%  29.5 1635s
 4391754 1649615     cutoff   80      18955.0000 18966.8379  0.06%  29.5 1640s
 4403005 1654555 18963.9570   92   33 18955.0000 18966.8379  0.06%  29.5 1645s
 4416432 1659526     cutoff  104      18955.0000 18966.8379  0.06%  29.5 1650s
 4427845 1663916 18959.2334   91   42 18955.0000 18966.8379  0.06%  29.5 1655s
 4438747 1668309 18965.7941   80   40 18955.0000 18966.8379  0.06%  29.5 1660s
 4452349 1672901 18962.9214   83   35 18955.0000 18966.8379  0.06%  29.5 1665s
 4464940 1678034 18961.1731   86   37 18955.0000 18966.8379  0.06%  29.5 1670s
 4478353 1683258 18959.3613  112   10 18955.0000 18966.8379  0.06%  29.5 1675s
 4489882 1688041 18963.7092   78   37 18955.0000 18966.8379  0.06%  29.5 1680s
 4499451 1692107 18965.2814   74   37 18955.0000 18966.8379  0.06%  29.5 1685s
 4510353 1696839 18962.7986   89   34 18955.0000 18966.8379  0.06%  29.5 1690s
 4521902 1701273 18965.4298   79   42 18955.0000 18966.8379  0.06%  29.6 1695s
 4534572 1707190 18966.3156   83   48 18955.0000 18966.8379  0.06%  29.6 1700s
 4544625 1711202 18966.7234   80   38 18955.0000 18966.8379  0.06%  29.6 1705s
 4553707 1714648 18962.7715   83   27 18955.0000 18966.8379  0.06%  29.6 1710s
 4560634 1717342 18966.8379   79   43 18955.0000 18966.8379  0.06%  29.6 1715s
 4570280 1720990 18966.6046   95   50 18955.0000 18966.8379  0.06%  29.6 1720s
 4580535 1724865 18966.5462   90   46 18955.0000 18966.8379  0.06%  29.6 1725s
 4591620 1729261 18960.2776   89   44 18955.0000 18966.8379  0.06%  29.6 1730s
 4603512 1733685 18961.2040   84   35 18955.0000 18966.8379  0.06%  29.6 1735s
 4615424 1738333     cutoff   90      18955.0000 18966.8379  0.06%  29.6 1740s
 4627041 1743273     cutoff  107      18955.0000 18966.8379  0.06%  29.6 1745s
 4641178 1748890     cutoff   99      18955.0000 18966.8379  0.06%  29.6 1750s
 4653602 1754524 18956.2000   97   18 18955.0000 18966.8379  0.06%  29.6 1755s
 4666556 1759794 18963.5448   88   32 18955.0000 18966.8379  0.06%  29.7 1760s
 4678229 1764221 18966.2154   86   34 18955.0000 18966.8379  0.06%  29.7 1765s
 4685073 1766861 18966.7466   84   33 18955.0000 18966.8379  0.06%  29.7 1771s
 4695241 1770702 18964.6088   94   47 18955.0000 18966.8379  0.06%  29.7 1775s
 4708116 1776153 18962.6350   97   47 18955.0000 18966.8379  0.06%  29.7 1780s
 4721923 1781063 18966.3885   90   37 18955.0000 18966.8379  0.06%  29.7 1785s
 4734868 1786244 18966.8379   83   35 18955.0000 18966.8379  0.06%  29.7 1790s
 4746904 1791019 18963.9857   98   27 18955.0000 18966.8379  0.06%  29.7 1795s
 4758734 1795624 18960.5959   93   38 18955.0000 18966.8379  0.06%  29.7 1800s
 4773046 1801304 18963.4476   97   42 18955.0000 18966.8379  0.06%  29.7 1805s
 4784672 1805884 18966.7439   89   44 18955.0000 18966.8379  0.06%  29.7 1810s
 4790675 1808812     cutoff   91      18955.0000 18966.8379  0.06%  29.7 1815s
 4801844 1812967 18956.3117   88   38 18955.0000 18966.8379  0.06%  29.7 1820s
 4811936 1816887 18962.2468  100   15 18955.0000 18966.8379  0.06%  29.7 1825s
 4823409 1820623 18963.7329   96   25 18955.0000 18966.8375  0.06%  29.7 1830s
 4837336 1825292     cutoff   92      18955.0000 18966.8369  0.06%  29.7 1835s
 4851023 1831142 18956.6502   96   22 18955.0000 18966.8365  0.06%  29.7 1840s
 4866622 1836677 18966.1852   74   35 18955.0000 18966.8365  0.06%  29.7 1845s
 4880968 1841884     cutoff   78      18955.0000 18966.8365  0.06%  29.7 1850s
 4894447 1846468 18960.6119   81   30 18955.0000 18966.8365  0.06%  29.7 1855s
 4906054 1850995     cutoff   82      18955.0000 18966.8365  0.06%  29.7 1860s
 4919953 1856171 18961.1645   74   35 18955.0000 18966.8365  0.06%  29.7 1865s
 4933128 1861132 18966.7676   80   45 18955.0000 18966.8365  0.06%  29.7 1870s
 4945967 1865045     cutoff   80      18955.0000 18966.8365  0.06%  29.7 1875s
 4956326 1868359 18965.4390   80   19 18955.0000 18966.8365  0.06%  29.7 1880s
 4968863 1873281 18966.7496   62   42 18955.0000 18966.8365  0.06%  29.7 1885s
 4980579 1877427     cutoff   69      18955.0000 18966.8365  0.06%  29.7 1890s
 4994353 1882995     cutoff   69      18955.0000 18966.8365  0.06%  29.7 1895s
 5006487 1887508 18959.3975   76   33 18955.0000 18966.8365  0.06%  29.7 1900s
 5018512 1891801 18961.9006   88   13 18955.0000 18966.8365  0.06%  29.7 1905s
 5031271 1895828 18966.3766   80   27 18955.0000 18966.8365  0.06%  29.7 1910s
 5044397 1900556 infeasible   88      18955.0000 18966.8365  0.06%  29.7 1915s
 5057178 1905431 18963.8471   81   31 18955.0000 18966.8365  0.06%  29.7 1920s
 5068626 1909929 18964.6343   75   50 18955.0000 18966.8365  0.06%  29.7 1925s
 5079974 1914278 18957.9283   81   30 18955.0000 18966.8365  0.06%  29.7 1930s
 5092254 1918909 18966.3601   75   38 18955.0000 18966.8365  0.06%  29.7 1935s
 5103118 1922656 18966.8009   72   47 18955.0000 18966.8365  0.06%  29.7 1940s
 5114908 1926685 18966.8365   79   28 18955.0000 18966.8365  0.06%  29.8 1945s
 5126559 1930536 18961.2183   86   22 18955.0000 18966.8365  0.06%  29.8 1950s
 5137722 1934048     cutoff   96      18955.0000 18966.8365  0.06%  29.8 1955s
 5151265 1939397 18959.3647   63   27 18955.0000 18966.8365  0.06%  29.8 1960s
 5162807 1943516 18966.8365   70   39 18955.0000 18966.8365  0.06%  29.8 1965s
 5176127 1948039 18956.5823   75   29 18955.0000 18966.8365  0.06%  29.8 1970s
 5188820 1952426     cutoff   69      18955.0000 18966.8365  0.06%  29.8 1975s
 5198066 1955454     cutoff   76      18955.0000 18966.8365  0.06%  29.8 1980s
 5208416 1958849 18964.7998   82   44 18955.0000 18966.8365  0.06%  29.8 1985s
 5219266 1962270     cutoff   89      18955.0000 18966.8365  0.06%  29.8 1990s
 5234164 1967510 18964.0208   82   43 18955.0000 18966.8360  0.06%  29.8 1995s
 5247669 1971993 18966.4203   85   37 18955.0000 18966.8355  0.06%  29.8 2000s
 5260516 1976190 18961.8415   82   45 18955.0000 18966.8351  0.06%  29.8 2005s
 5270550 1979900 18965.1729   88   17 18955.0000 18966.8347  0.06%  29.8 2010s
 5284476 1984924 18957.4694  106   32 18955.0000 18966.8343  0.06%  29.8 2015s
 5296195 1989192 18966.8290   73   51 18955.0000 18966.8339  0.06%  29.8 2020s
 5308520 1994044 18964.6005   94   45 18955.0000 18966.8335  0.06%  29.8 2025s
 5323407 1999578     cutoff   78      18955.0000 18966.8331  0.06%  29.8 2030s
 5335159 2003875 18963.3921  100   16 18955.0000 18966.8327  0.06%  29.8 2035s
 5346074 2007521 18966.8323   94   39 18955.0000 18966.8324  0.06%  29.8 2040s
 5358203 2012629 18961.5646   91   45 18955.0000 18966.8321  0.06%  29.7 2045s
 5372281 2017578 18965.7572   76   12 18955.0000 18966.8317  0.06%  29.7 2050s
 5384829 2022613     cutoff   86      18955.0000 18966.8314  0.06%  29.7 2055s
 5396863 2027135 18956.9026  104   23 18955.0000 18966.8312  0.06%  29.7 2060s
 5408145 2031349     cutoff   73      18955.0000 18966.8309  0.06%  29.7 2065s
 5422689 2036636 18956.6835  110   24 18955.0000 18966.8304  0.06%  29.7 2070s
 5435805 2041317 18960.7124   84   29 18955.0000 18966.8300  0.06%  29.7 2075s
 5449823 2045778     cutoff   87      18955.0000 18966.8296  0.06%  29.7 2081s
 5455247 2048136     cutoff   88      18955.0000 18966.8295  0.06%  29.7 2085s
 5468494 2052686     cutoff   91      18955.0000 18966.8289  0.06%  29.7 2090s
 5478574 2056821     cutoff   96      18955.0000 18966.8286  0.06%  29.7 2095s
 5490704 2060480 18960.2884   97   41 18955.0000 18966.8281  0.06%  29.7 2100s
 5505035 2065975 18966.4385   94   52 18955.0000 18966.8276  0.06%  29.6 2105s
 5518337 2070802     cutoff   92      18955.0000 18966.8273  0.06%  29.6 2110s
 5530784 2075387     cutoff   98      18955.0000 18966.8270  0.06%  29.6 2115s
 5546450 2080954     cutoff   97      18955.0000 18966.8265  0.06%  29.6 2120s
 5559847 2085634 18961.9349  105   38 18955.0000 18966.8261  0.06%  29.6 2125s
 5575524 2091342 18958.9463  101   14 18955.0000 18966.8255  0.06%  29.6 2130s
 5590596 2096582 18966.7798   88   39 18955.0000 18966.8252  0.06%  29.6 2135s
 5604134 2101369 18965.7665   96   22 18955.0000 18966.8246  0.06%  29.6 2140s
 5619927 2106617     cutoff  106      18955.0000 18966.8241  0.06%  29.6 2145s
 5632917 2111603 18958.8182   74   17 18955.0000 18966.8240  0.06%  29.6 2150s
 5644613 2115508 18963.2677   96   26 18955.0000 18966.8240  0.06%  29.6 2155s
 5654182 2118551 18965.9255   82   46 18955.0000 18966.8235  0.06%  29.6 2160s
 5667817 2123980 18956.8287   97   15 18955.0000 18966.8230  0.06%  29.6 2165s
 5680750 2128403 18963.6421   90   35 18955.0000 18966.8225  0.06%  29.6 2170s
 5696265 2133811 18966.3053   86   25 18955.0000 18966.8220  0.06%  29.6 2175s
 5711744 2139002 18965.8511   88   42 18955.0000 18966.8214  0.06%  29.6 2180s
 5725219 2143753 18966.8095   73   38 18955.0000 18966.8209  0.06%  29.5 2185s
 5738673 2148388     cutoff   90      18955.0000 18966.8204  0.06%  29.5 2190s
 5750247 2152623 18959.1760   89   26 18955.0000 18966.8200  0.06%  29.5 2195s
 5764493 2157446 18959.8958  102   37 18955.0000 18966.8197  0.06%  29.5 2200s
 5775030 2160893 18966.3170   68   28 18955.0000 18966.8193  0.06%  29.5 2205s
 5786956 2164755 18966.6840   99   48 18955.0000 18966.8191  0.06%  29.5 2210s
 5797982 2168551 18959.3991   96    8 18955.0000 18966.8187  0.06%  29.5 2215s
 5811832 2173391 18959.2075   86   25 18955.0000 18966.8182  0.06%  29.5 2220s
 5821726 2176442 18963.1223   91   26 18955.0000 18966.8179  0.06%  29.5 2225s
 5836241 2181327 18965.9283   91   52 18955.0000 18966.8173  0.06%  29.5 2230s
 5850001 2185761     cutoff   95      18955.0000 18966.8168  0.06%  29.5 2235s
 5861313 2189283     cutoff   88      18955.0000 18966.8163  0.06%  29.5 2240s
 5872651 2193357 18964.2762   81   35 18955.0000 18966.8159  0.06%  29.5 2245s
 5884275 2197434     cutoff   80      18955.0000 18966.8155  0.06%  29.5 2250s
 5898109 2202461 18964.5853   84   32 18955.0000 18966.8150  0.06%  29.5 2255s
 5909662 2206655 18966.3053   80   24 18955.0000 18966.8147  0.06%  29.5 2260s
 5921577 2210538 18962.1116   96   29 18955.0000 18966.8143  0.06%  29.5 2265s
 5933502 2214573 18966.5292   80   44 18955.0000 18966.8138  0.06%  29.4 2270s
 5947378 2219442 18965.6108   84   41 18955.0000 18966.8133  0.06%  29.4 2275s
 5961042 2224084 18965.1232   85   45 18955.0000 18966.8128  0.06%  29.4 2280s
 5976938 2229827 18963.9857   83   30 18955.0000 18966.8124  0.06%  29.4 2285s
 5990516 2234385 18966.6664   80   37 18955.0000 18966.8119  0.06%  29.4 2290s
 6003550 2239054 18966.6915   94   44 18955.0000 18966.8115  0.06%  29.4 2295s
 6016437 2243419 18966.1897   84   38 18955.0000 18966.8110  0.06%  29.4 2300s
 6028359 2247510 18962.7948   87   25 18955.0000 18966.8107  0.06%  29.4 2305s
 6040966 2251476 18964.8735   86   33 18955.0000 18966.8102  0.06%  29.4 2310s
 6054629 2256135 18966.6867   80   52 18955.0000 18966.8097  0.06%  29.4 2315s
 6067123 2260288 18966.2977   76   42 18955.0000 18966.8093  0.06%  29.4 2320s
 6078311 2264308     cutoff   92      18955.0000 18966.8090  0.06%  29.4 2325s
 6092471 2269401 18966.2095   77   44 18955.0000 18966.8086  0.06%  29.4 2330s
 6100214 2272162     cutoff   81      18955.0000 18966.8083  0.06%  29.4 2335s
 6106448 2274196 18965.4858   97   55 18955.0000 18966.8080  0.06%  29.4 2340s
 6119048 2278079 18961.9216   92   40 18955.0000 18966.8075  0.06%  29.4 2345s
 6128149 2281137     cutoff  104      18955.0000 18966.8071  0.06%  29.4 2350s
 6139207 2285192 18963.9857   85   34 18955.0000 18966.8068  0.06%  29.3 2355s
 6147120 2288104 18966.8064   96   39 18955.0000 18966.8064  0.06%  29.3 2360s
 6159005 2291819 18962.3042   95   36 18955.0000 18966.8059  0.06%  29.3 2365s
 6169936 2295627     cutoff  106      18955.0000 18966.8054  0.06%  29.3 2370s
 6181667 2299617 18961.7584   87   23 18955.0000 18966.8049  0.06%  29.3 2375s
 6195996 2303921 18966.0887   77   47 18955.0000 18966.8044  0.06%  29.3 2380s
 6209244 2307944 18959.8828   98   40 18955.0000 18966.8039  0.06%  29.3 2385s
 6223333 2312638 18964.6673   88   26 18955.0000 18966.8033  0.06%  29.3 2390s
 6236867 2317078 18956.6150   81   31 18955.0000 18966.8028  0.06%  29.3 2395s
 6251032 2321723     cutoff  100      18955.0000 18966.8022  0.06%  29.3 2400s
 6264849 2326543 18964.4663   98   30 18955.0000 18966.8017  0.06%  29.3 2405s
 6276558 2330287 18961.1048   97   31 18955.0000 18966.8013  0.06%  29.3 2410s
 6288032 2334209     cutoff   93      18955.0000 18966.8008  0.06%  29.3 2415s
 6301612 2338648 18966.7999   89   28 18955.0000 18966.8003  0.06%  29.3 2420s
 6315921 2343103 18956.3696   91   25 18955.0000 18966.7997  0.06%  29.3 2425s
 6329491 2347710 18962.8468  100   39 18955.0000 18966.7990  0.06%  29.3 2430s
 6342983 2351630 18966.7983   67   43 18955.0000 18966.7983  0.06%  29.2 2435s
 6354334 2355607 18960.3964   93   19 18955.0000 18966.7978  0.06%  29.2 2440s
 6368112 2360267 18961.8610   85   34 18955.0000 18966.7973  0.06%  29.2 2445s
 6381876 2364817 18966.2302   87   42 18955.0000 18966.7967  0.06%  29.2 2450s
 6393170 2368677 18957.2212   91   34 18955.0000 18966.7961  0.06%  29.2 2455s
 6403345 2372395     cutoff   90      18955.0000 18966.7957  0.06%  29.2 2460s
 6416914 2378853 18966.7170   80   32 18955.0000 18966.7957  0.06%  29.2 2465s
 6427976 2383866 18966.4137   87   44 18955.0000 18966.7957  0.06%  29.2 2470s
 6441779 2389482 18961.7506   99   29 18955.0000 18966.7957  0.06%  29.2 2475s
 6455272 2395505 18962.1637  102   35 18955.0000 18966.7957  0.06%  29.2 2480s
 6468464 2400939 18956.3796   94   21 18955.0000 18966.7957  0.06%  29.2 2485s
 6482284 2406776     cutoff   97      18955.0000 18966.7957  0.06%  29.2 2490s
 6491990 2410632 18959.0529   80   14 18955.0000 18966.7957  0.06%  29.2 2495s
 6501294 2414468 18963.4578   83   47 18955.0000 18966.7957  0.06%  29.2 2500s
 6515261 2419874 18960.8944   89   32 18955.0000 18966.7957  0.06%  29.2 2505s
 6526093 2423875 18960.1350   88   33 18955.0000 18966.7957  0.06%  29.2 2510s
 6532478 2426196 18965.2659   81   42 18955.0000 18966.7957  0.06%  29.2 2515s
 6541997 2430095 18965.2822   86   33 18955.0000 18966.7957  0.06%  29.2 2520s
 6555027 2435299     cutoff  100      18955.0000 18966.7957  0.06%  29.2 2525s
 6566833 2440351 18965.1549   90   43 18955.0000 18966.7957  0.06%  29.2 2530s
 6578452 2445080 18965.5939   85   33 18955.0000 18966.7957  0.06%  29.2 2535s
 6590001 2449611 18966.7957   77   29 18955.0000 18966.7957  0.06%  29.2 2540s
 6603831 2454915 18966.7957   85   22 18955.0000 18966.7957  0.06%  29.2 2545s
 6615526 2458932     cutoff   95      18955.0000 18966.7957  0.06%  29.2 2550s
 6628709 2464345 18966.5731   92   36 18955.0000 18966.7957  0.06%  29.2 2555s
 6644767 2470680     cutoff   93      18955.0000 18966.7957  0.06%  29.2 2560s
 6659022 2476281 18965.0773   87   32 18955.0000 18966.7957  0.06%  29.2 2565s
 6672780 2481636     cutoff   89      18955.0000 18966.7957  0.06%  29.2 2570s
 6687272 2487518     cutoff   96      18955.0000 18966.7957  0.06%  29.2 2575s
 6701542 2493417     cutoff   82      18955.0000 18966.7957  0.06%  29.2 2580s
 6717497 2499645 18966.7957   94   36 18955.0000 18966.7957  0.06%  29.2 2585s
 6731369 2504955 18959.6671   91   26 18955.0000 18966.7957  0.06%  29.2 2590s
 6746613 2510722     cutoff   97      18955.0000 18966.7957  0.06%  29.2 2595s
 6762045 2516296 18959.7665   98   40 18955.0000 18966.7957  0.06%  29.2 2600s
 6775890 2521085 18958.2859   99   26 18955.0000 18966.7957  0.06%  29.2 2605s
 6788851 2525851 18966.4718   82   49 18955.0000 18966.7957  0.06%  29.2 2610s
 6800304 2530206     cutoff   92      18955.0000 18966.7957  0.06%  29.2 2615s
 6813326 2535091 18956.1987  100   31 18955.0000 18966.7957  0.06%  29.2 2620s
 6826237 2539482 18966.7957   83   26 18955.0000 18966.7957  0.06%  29.3 2625s
 6838586 2544168 18962.8551   82   19 18955.0000 18966.7957  0.06%  29.3 2630s
 6852006 2549712 18961.1936   96   18 18955.0000 18966.7957  0.06%  29.3 2635s
 6863240 2553585 18963.5833   78   29 18955.0000 18966.7957  0.06%  29.3 2640s
 6876453 2558190 18965.4494   85   28 18955.0000 18966.7957  0.06%  29.3 2645s
 6889512 2563360 18965.8083   85   43 18955.0000 18966.7957  0.06%  29.3 2650s
 6900783 2567082 18958.2934   92   39 18955.0000 18966.7957  0.06%  29.3 2655s
 6912742 2571642 18965.5599   83   39 18955.0000 18966.7957  0.06%  29.3 2660s
 6924517 2576283 18966.2912   81   26 18955.0000 18966.7957  0.06%  29.3 2665s
 6929321 2578579 18965.7952   85   26 18955.0000 18966.7957  0.06%  29.3 2670s
 6941783 2583296 18965.0740   88   31 18955.0000 18966.7957  0.06%  29.3 2675s
 6953391 2587213 18962.4667   84   26 18955.0000 18966.7957  0.06%  29.3 2680s
 6966433 2591540 18965.7867   92   34 18955.0000 18966.7957  0.06%  29.3 2685s
 6980003 2596667 18958.5390   84   24 18955.0000 18966.7957  0.06%  29.3 2690s
 6995348 2602135     cutoff   98      18955.0000 18966.7957  0.06%  29.3 2695s
 7008826 2607259 18957.6872   88   42 18955.0000 18966.7957  0.06%  29.3 2700s
 7024099 2613462 18966.7957   73   24 18955.0000 18966.7957  0.06%  29.3 2705s
 7037828 2619180 18966.7957   73   27 18955.0000 18966.7957  0.06%  29.3 2710s
 7051404 2625180 18958.3394  100   19 18955.0000 18966.7957  0.06%  29.3 2715s
 7066981 2631342     cutoff   92      18955.0000 18966.7957  0.06%  29.3 2720s
 7082494 2636853 18966.7957   78   39 18955.0000 18966.7957  0.06%  29.3 2725s
 7096124 2642092 18965.2822   82   16 18955.0000 18966.7957  0.06%  29.3 2730s
 7109274 2647438 18959.0679   81   46 18955.0000 18966.7957  0.06%  29.3 2735s
 7123265 2652946 18966.6331   83   37 18955.0000 18966.7957  0.06%  29.3 2740s
 7134177 2657630     cutoff   83      18955.0000 18966.7957  0.06%  29.3 2745s
 7145389 2662151 18960.9392   86   27 18955.0000 18966.7957  0.06%  29.3 2750s
 7157818 2666601 18966.7957   93   30 18955.0000 18966.7957  0.06%  29.3 2755s
 7170047 2671339 18962.7057  104   14 18955.0000 18966.7957  0.06%  29.3 2760s
 7183118 2676348 18965.3382   93   34 18955.0000 18966.7957  0.06%  29.3 2765s
 7198405 2681780 18957.6258   76   19 18955.0000 18966.7957  0.06%  29.3 2770s
 7212035 2687116 18956.1987   85   18 18955.0000 18966.7957  0.06%  29.3 2775s
 7223668 2691464 18964.9538   81   36 18955.0000 18966.7957  0.06%  29.3 2780s
 7239039 2697530 18962.5434   99   37 18955.0000 18966.7957  0.06%  29.3 2785s
 7250295 2701947 18957.6258   91   26 18955.0000 18966.7957  0.06%  29.3 2790s
 7260377 2706052 18960.1478   87   41 18955.0000 18966.7957  0.06%  29.3 2795s
 7270307 2710022 18966.7182   82   45 18955.0000 18966.7957  0.06%  29.3 2800s
 7280328 2713800 18960.9938   86   20 18955.0000 18966.7957  0.06%  29.3 2805s
 7294328 2719237 18958.3394   93   26 18955.0000 18966.7957  0.06%  29.3 2810s
 7307842 2725110 18956.7024   97   31 18955.0000 18966.7957  0.06%  29.3 2815s
 7323350 2730725 18965.5832   89   41 18955.0000 18966.7957  0.06%  29.3 2820s
 7334417 2735151 18966.6336   91   29 18955.0000 18966.7957  0.06%  29.3 2825s
 7347444 2740475 18960.1873  103   23 18955.0000 18966.7957  0.06%  29.3 2830s
 7360055 2744901     cutoff   76      18955.0000 18966.7957  0.06%  29.3 2835s
 7371908 2749795 18966.7957   84   40 18955.0000 18966.7957  0.06%  29.3 2840s
 7383845 2754499 18961.0527   93   41 18955.0000 18966.7957  0.06%  29.3 2845s
 7397957 2760838     cutoff   80      18955.0000 18966.7957  0.06%  29.3 2850s
 7412695 2766736 18966.3423   93   49 18955.0000 18966.7957  0.06%  29.3 2855s
 7425756 2771532     cutoff  100      18955.0000 18966.7957  0.06%  29.3 2860s
 7437136 2775884 18962.8462   93   47 18955.0000 18966.7957  0.06%  29.3 2865s
 7451075 2781078 18961.6391  107   24 18955.0000 18966.7957  0.06%  29.3 2870s
 7461863 2784949 18958.3394   80   20 18955.0000 18966.7957  0.06%  29.3 2875s
 7475035 2790253 18965.1804   86   33 18955.0000 18966.7957  0.06%  29.3 2880s
 7488810 2795568 18963.6181   79   39 18955.0000 18966.7957  0.06%  29.3 2885s
 7502548 2800356 18959.2560  102   50 18955.0000 18966.7957  0.06%  29.3 2890s
 7510802 2802990 18966.7957   90   33 18955.0000 18966.7957  0.06%  29.3 2895s
 7524467 2807867 18966.7957   86   24 18955.0000 18966.7957  0.06%  29.3 2900s
 7538971 2813335     cutoff   89      18955.0000 18966.7957  0.06%  29.3 2905s
 7553741 2818987 18961.1936   81   27 18955.0000 18966.7957  0.06%  29.3 2910s
 7567343 2823142 18966.7957   76   26 18955.0000 18966.7957  0.06%  29.3 2915s
 7578462 2827181     cutoff  102      18955.0000 18966.7957  0.06%  29.3 2920s
 7592669 2832328 18966.1817   89   45 18955.0000 18966.7957  0.06%  29.3 2925s
 7606565 2837607 18958.9524  103   22 18955.0000 18966.7957  0.06%  29.3 2930s
 7620038 2842109 infeasible   91      18955.0000 18966.7957  0.06%  29.3 2935s
 7635129 2847946 18965.2822   92   24 18955.0000 18966.7957  0.06%  29.3 2940s
 7647876 2853177 18960.5135   91   25 18955.0000 18966.7957  0.06%  29.3 2945s
 7663137 2858866     cutoff   83      18955.0000 18966.7957  0.06%  29.3 2950s
 7676858 2864086 18958.3394   93   24 18955.0000 18966.7957  0.06%  29.3 2955s
 7691854 2869642 18965.6754   80   39 18955.0000 18966.7957  0.06%  29.3 2960s
 7705258 2874333 18965.3584   92   34 18955.0000 18966.7957  0.06%  29.3 2965s
 7718379 2879359 18966.1725   76   35 18955.0000 18966.7957  0.06%  29.3 2970s
 7732662 2884869 18956.4705   93   34 18955.0000 18966.7957  0.06%  29.3 2975s
 7745732 2889976 18966.7605   82   33 18955.0000 18966.7957  0.06%  29.3 2980s
 7757341 2894850 18962.4225   91   29 18955.0000 18966.7957  0.06%  29.3 2985s
 7771167 2900110 18958.8020   97   28 18955.0000 18966.7957  0.06%  29.3 2990s
 7782538 2904698 18966.2605   93   37 18955.0000 18966.7957  0.06%  29.3 2995s
 7794521 2909023 18965.7867   92   21 18955.0000 18966.7957  0.06%  29.3 3000s
 7807048 2913727     cutoff  101      18955.0000 18966.7957  0.06%  29.3 3005s
 7818233 2918080 18966.6647   79   46 18955.0000 18966.7957  0.06%  29.3 3010s
 7830556 2922502 18956.1987   88   22 18955.0000 18966.7957  0.06%  29.3 3015s
 7843681 2927866 18962.7596   79   25 18955.0000 18966.7957  0.06%  29.3 3020s
 7855218 2932012     cutoff  105      18955.0000 18966.7957  0.06%  29.3 3025s
 7867132 2936298 18958.7723   98   53 18955.0000 18966.7957  0.06%  29.3 3030s
 7880826 2941207     cutoff   88      18955.0000 18966.7957  0.06%  29.3 3035s
 7895104 2946048     cutoff   87      18955.0000 18966.7957  0.06%  29.3 3040s
 7906348 2949559 18961.9716  107   31 18955.0000 18966.7957  0.06%  29.3 3045s
 7918273 2954061 18956.1987   99   19 18955.0000 18966.7957  0.06%  29.3 3050s
 7929323 2957904 18966.7847   82   40 18955.0000 18966.7957  0.06%  29.3 3056s
 7939116 2961912 18959.0529   86   24 18955.0000 18966.7957  0.06%  29.3 3060s
 7952890 2966621 18966.7957   86   36 18955.0000 18966.7957  0.06%  29.3 3065s
 7968314 2972765 18959.7665  100   21 18955.0000 18966.7957  0.06%  29.3 3070s
 7981532 2977862 18956.2038   74   35 18955.0000 18966.7957  0.06%  29.3 3075s
 7994494 2983542     cutoff   87      18955.0000 18966.7957  0.06%  29.3 3080s
 8007598 2988168     cutoff  106      18955.0000 18966.7957  0.06%  29.3 3085s
 8023290 2993596     cutoff   74      18955.0000 18966.7956  0.06%  29.3 3090s
 8035565 2997494     cutoff   84      18955.0000 18966.7950  0.06%  29.3 3095s
 8049446 3002114     cutoff   96      18955.0000 18966.7946  0.06%  29.3 3100s
 8062800 3006514 18963.7866   79   40 18955.0000 18966.7940  0.06%  29.3 3105s
 8078460 3011362     cutoff  109      18955.0000 18966.7933  0.06%  29.3 3110s
 8092396 3015997 18964.8361   86   19 18955.0000 18966.7929  0.06%  29.3 3115s
 8105435 3020339     cutoff   81      18955.0000 18966.7924  0.06%  29.3 3120s
 8117509 3024694     cutoff   80      18955.0000 18966.7921  0.06%  29.3 3125s
 8128995 3028852 18962.3741   87   42 18955.0000 18966.7918  0.06%  29.3 3130s
 8141973 3033247     cutoff   91      18955.0000 18966.7915  0.06%  29.3 3135s
 8153167 3038089 18966.7900   81   38 18955.0000 18966.7913  0.06%  29.2 3140s
 8166810 3043393 18956.7194  115   33 18955.0000 18966.7909  0.06%  29.2 3145s
 8179345 3048538 18966.5800  105   43 18955.0000 18966.7907  0.06%  29.2 3150s
 8192911 3053329 18963.4821   92   46 18955.0000 18966.7903  0.06%  29.2 3155s
 8206316 3058959 18956.4033  110   26 18955.0000 18966.7900  0.06%  29.2 3160s
 8221929 3064684 18965.3913   89   39 18955.0000 18966.7896  0.06%  29.2 3165s
 8235300 3069400 18964.0495  103   21 18955.0000 18966.7892  0.06%  29.2 3170s
 8250646 3074819 18964.5720   96   43 18955.0000 18966.7889  0.06%  29.2 3175s
 8266606 3080938     cutoff  100      18955.0000 18966.7888  0.06%  29.2 3180s
 8280716 3085870 18960.0210  104   44 18955.0000 18966.7886  0.06%  29.2 3185s
 8294416 3091124 18966.7879   89   43 18955.0000 18966.7882  0.06%  29.2 3190s
 8310730 3097251 18964.5604  100   31 18955.0000 18966.7879  0.06%  29.2 3195s
 8324425 3102223 18956.8894  110   29 18955.0000 18966.7874  0.06%  29.1 3200s
 8336349 3106625 18966.6202   78   43 18955.0000 18966.7871  0.06%  29.1 3205s
 8349754 3111579 18959.3217   97   19 18955.0000 18966.7868  0.06%  29.1 3210s
 8365612 3117764     cutoff   85      18955.0000 18966.7864  0.06%  29.1 3215s
 8376345 3121830 18960.6352   90   44 18955.0000 18966.7861  0.06%  29.1 3220s
 8389467 3126523 18963.5457   99   31 18955.0000 18966.7857  0.06%  29.1 3225s
 8406666 3132886 18961.0976   93   10 18955.0000 18966.7855  0.06%  29.1 3230s
 8419356 3137811 18964.8251   87   43 18955.0000 18966.7852  0.06%  29.1 3235s
 8437177 3144606 18965.8664   91   47 18955.0000 18966.7847  0.06%  29.1 3240s
 8452870 3150379 18958.7807   88   48 18955.0000 18966.7843  0.06%  29.1 3245s
 8466717 3155518     cutoff  100      18955.0000 18966.7841  0.06%  29.1 3250s
 8475497 3158813 18958.4112  108   24 18955.0000 18966.7838  0.06%  29.1 3255s
 8489228 3164005     cutoff   92      18955.0000 18966.7835  0.06%  29.0 3260s
 8503097 3168913     cutoff  101      18955.0000 18966.7830  0.06%  29.0 3265s
 8514665 3173302 18964.1280   95   23 18955.0000 18966.7827  0.06%  29.0 3270s
 8526530 3177134     cutoff  103      18955.0000 18966.7823  0.06%  29.0 3275s
 8540320 3182420 18966.6296   93   57 18955.0000 18966.7820  0.06%  29.0 3280s
 8551703 3186440 18956.8659   97   29 18955.0000 18966.7816  0.06%  29.0 3285s
 8563734 3191016     cutoff   89      18955.0000 18966.7813  0.06%  29.0 3290s
 8577932 3196284 18961.7532   89   28 18955.0000 18966.7811  0.06%  29.0 3295s
 8592314 3201869 18961.7282  101   15 18955.0000 18966.7809  0.06%  29.0 3300s
 8605395 3207018 18956.3189   98   21 18955.0000 18966.7807  0.06%  29.0 3305s
 8621094 3212713     cutoff   91      18955.0000 18966.7802  0.06%  29.0 3310s
 8634421 3217570 18966.2691   85   32 18955.0000 18966.7800  0.06%  29.0 3315s
 8648865 3222828 18960.2765  101   23 18955.0000 18966.7796  0.06%  29.0 3320s
 8663250 3228753 18960.8080   95   26 18955.0000 18966.7794  0.06%  28.9 3325s
 8673451 3232474 18962.1746  100   39 18955.0000 18966.7792  0.06%  28.9 3330s
 8687659 3237731 18966.3053   86   35 18955.0000 18966.7788  0.06%  28.9 3335s
 8702445 3243502 18965.2609   91   26 18955.0000 18966.7785  0.06%  28.9 3340s
 8717959 3249418     cutoff   91      18955.0000 18966.7781  0.06%  28.9 3345s
 8731606 3254068 18960.9961   92   44 18955.0000 18966.7778  0.06%  28.9 3350s
 8746847 3259743     cutoff   93      18955.0000 18966.7774  0.06%  28.9 3355s
 8760998 3264561 18966.7770   80   40 18955.0000 18966.7770  0.06%  28.9 3360s
 8773949 3269327 18964.8001   98   39 18955.0000 18966.7767  0.06%  28.9 3365s
 8789627 3274756 18963.9857   90   26 18955.0000 18966.7763  0.06%  28.9 3370s
 8804819 3280279     cutoff   74      18955.0000 18966.7759  0.06%  28.9 3375s
 8819095 3285337 18963.8795   89   48 18955.0000 18966.7754  0.06%  28.9 3380s
 8833086 3291087 18959.3383   96   14 18955.0000 18966.7753  0.06%  28.8 3385s
 8846756 3296099     cutoff   87      18955.0000 18966.7751  0.06%  28.8 3390s
 8859790 3300598     cutoff  100      18955.0000 18966.7747  0.06%  28.8 3395s
 8869024 3305333 18960.7319  106   30 18955.0000 18966.7745  0.06%  28.8 3400s
 8886811 3310369 18966.4418   95   46 18955.0000 18966.7740  0.06%  28.8 3405s
 8902793 3315981 18966.2178   84   33 18955.0000 18966.7735  0.06%  28.8 3410s
 8918416 3321782 18962.7057   96   24 18955.0000 18966.7730  0.06%  28.8 3415s
 8931538 3325778 18964.6511   63   40 18955.0000 18966.7726  0.06%  28.8 3420s
 8943548 3330508     cutoff   94      18955.0000 18966.7721  0.06%  28.8 3425s
 8959559 3336313 18966.7713   70   27 18955.0000 18966.7717  0.06%  28.8 3430s
 8975281 3341720 18959.0298  102   27 18955.0000 18966.7712  0.06%  28.8 3435s
 8990584 3346864 18963.8798   88   37 18955.0000 18966.7708  0.06%  28.8 3440s
 9005988 3352359 18965.2822  102   27 18955.0000 18966.7703  0.06%  28.8 3445s
 9021794 3357749 18965.6534   88   32 18955.0000 18966.7699  0.06%  28.8 3450s
 9037332 3362972 18964.5287   87   44 18955.0000 18966.7693  0.06%  28.7 3455s
 9052848 3368646 18965.7867   92   29 18955.0000 18966.7689  0.06%  28.7 3460s
 9068813 3374512 18962.3182   96   26 18955.0000 18966.7684  0.06%  28.7 3465s
 9084904 3380588 18962.2551   87   29 18955.0000 18966.7682  0.06%  28.7 3470s
 9101631 3386497 18966.3053   83   42 18955.0000 18966.7678  0.06%  28.7 3475s
 9117251 3391938 18958.3394   89   36 18955.0000 18966.7672  0.06%  28.7 3480s
 9132466 3396972     cutoff  102      18955.0000 18966.7667  0.06%  28.7 3485s
 9147873 3402474 18965.6828   96   54 18955.0000 18966.7663  0.06%  28.7 3490s
 9162898 3407601 18960.3541   87   48 18955.0000 18966.7658  0.06%  28.7 3495s
 9176851 3412575 18963.4728   86   37 18955.0000 18966.7653  0.06%  28.7 3500s
 9192097 3418852     cutoff   95      18955.0000 18966.7650  0.06%  28.7 3505s
 9206174 3423571 18964.5364   87   36 18955.0000 18966.7648  0.06%  28.7 3510s
 9218230 3427629 18960.8720   82   22 18955.0000 18966.7644  0.06%  28.7 3515s
 9231899 3432125     cutoff   83      18955.0000 18966.7641  0.06%  28.6 3520s
 9246743 3436895 18963.9200   95   40 18955.0000 18966.7635  0.06%  28.6 3525s
 9259782 3441541 18964.7940   90   30 18955.0000 18966.7632  0.06%  28.6 3530s
 9275205 3446934     cutoff  100      18955.0000 18966.7628  0.06%  28.6 3535s
 9288309 3451704 18962.4389   98   25 18955.0000 18966.7623  0.06%  28.6 3540s
 9302322 3456326 18963.3921   97   17 18955.0000 18966.7618  0.06%  28.6 3545s
 9315384 3461484 18964.1280   85   23 18955.0000 18966.7614  0.06%  28.6 3550s
 9327805 3465909     cutoff   98      18955.0000 18966.7611  0.06%  28.6 3555s
 9340414 3470340 18959.3300  103   25 18955.0000 18966.7607  0.06%  28.6 3560s
 9353830 3474680     cutoff  102      18955.0000 18966.7603  0.06%  28.6 3565s
 9365590 3479192 18956.6480   95   38 18955.0000 18966.7599  0.06%  28.6 3570s
 9378608 3483747 18964.5923   85   43 18955.0000 18966.7596  0.06%  28.6 3575s
 9388047 3487461 18964.7876   87   49 18955.0000 18966.7592  0.06%  28.6 3580s
 9402514 3492398 18966.7454   78   36 18955.0000 18966.7588  0.06%  28.6 3585s
 9415662 3497003 18961.5009   97   40 18955.0000 18966.7584  0.06%  28.6 3590s
 9427365 3501173 18961.9206   90   42 18955.0000 18966.7581  0.06%  28.6 3595s
 9440800 3506244 18966.5591   75   51 18955.0000 18966.7578  0.06%  28.5 3600s

Cutting planes:
  Gomory: 19
  Cover: 714
  Clique: 3
  MIR: 81
  StrongCG: 44
  Flow cover: 11
  Zero half: 3

Explored 9442756 nodes (269592078 simplex iterations) in 3600.03 seconds
Thread count was 12 (of 12 available processors)

Solution count 10: 18955 18933 18888 ... 17103

Time limit reached
Best objective 1.895500000000e+04, best bound 1.896600000000e+04, gap 0.0580%
