
Gurobi 9.1.2 (win64, Java) logging started Fri Nov 12 11:13:01 2021

Academic license - for non-commercial use only - expires 2022-10-30
Gurobi Optimizer version 9.1.2 build v9.1.2rc0 (win64)
Thread count: 6 physical cores, 12 logical processors, using up to 12 threads
Optimize a model with 70 rows, 600 columns and 1200 nonzeros
Model fingerprint: 0x125653d7
Variable types: 0 continuous, 600 integer (600 binary)
Coefficient statistics:
  Matrix range     [1e+00, 1e+03]
  Objective range  [2e+02, 9e+02]
  Bounds range     [1e+00, 1e+00]
  RHS range        [1e+00, 3e+03]
Found heuristic solution: objective 17111.000000
Presolve removed 0 rows and 114 columns
Presolve time: 0.01s
Presolved: 70 rows, 486 columns, 972 nonzeros
Variable types: 0 continuous, 486 integer (486 binary)
Presolved: 70 rows, 486 columns, 972 nonzeros


Root relaxation: objective 1.969699e+04, 160 iterations, 0.00 seconds

    Nodes    |    Current Node    |     Objective Bounds      |     Work
 Expl Unexpl |  Obj  Depth IntInf | Incumbent    BestBd   Gap | It/Node Time

     0     0 19696.9940    0   12 17111.0000 19696.9940  15.1%     -    0s
H    0     0                    19007.000000 19696.9940  3.63%     -    0s
H    0     0                    19078.000000 19696.9940  3.24%     -    0s
H    0     0                    19346.000000 19696.9940  1.81%     -    0s
H    0     0                    19528.000000 19696.9940  0.87%     -    0s
     0     0 19687.8701    0   22 19528.0000 19687.8701  0.82%     -    0s
     0     0 19687.8701    0   22 19528.0000 19687.8701  0.82%     -    0s
     0     0 19683.6207    0   31 19528.0000 19683.6207  0.80%     -    0s
     0     0 19683.6207    0   27 19528.0000 19683.6207  0.80%     -    0s
     0     0 19683.6207    0   24 19528.0000 19683.6207  0.80%     -    0s
     0     0 19683.6207    0   29 19528.0000 19683.6207  0.80%     -    0s
     0     0 19683.6207    0   14 19528.0000 19683.6207  0.80%     -    0s
     0     0 19683.6207    0   14 19528.0000 19683.6207  0.80%     -    0s
     0     0 19683.6207    0   17 19528.0000 19683.6207  0.80%     -    0s
     0     0 19683.6207    0   13 19528.0000 19683.6207  0.80%     -    0s
     0     2 19683.6207    0   13 19528.0000 19683.6207  0.80%     -    0s
H   31    39                    19542.000000 19683.6207  0.72%  19.9    1s
H   37    39                    19543.000000 19683.6207  0.72%  17.7    1s
H  187   323                    19554.000000 19683.6207  0.66%   8.9    2s
H  321   323                    19650.000000 19683.6207  0.17%   8.0    2s
  2579  2179 19683.6207   21   17 19650.0000 19683.6207  0.17%   6.8    5s
H 2599  2067                    19651.000000 19683.6207  0.17%   6.8    5s
 36400 25730 19668.2275  127   13 19651.0000 19683.3013  0.16%   6.6   10s
 36441 25757 19652.3941   46   22 19651.0000 19672.3146  0.11%   6.6   15s
 70237 38839 19661.6670   86   22 19651.0000 19669.1049  0.09%   5.9   20s
 123823 59421 19659.7528  100   14 19651.0000 19668.7857  0.09%   5.8   25s
 159913 81412 19668.4105  110   26 19651.0000 19668.7857  0.09%   6.1   30s
 174306 91092     cutoff  131      19651.0000 19668.7857  0.09%   6.4   35s
 199020 106627 19662.3046  119   20 19651.0000 19668.7857  0.09%   7.1   40s
 227642 124181 19653.6663  125   28 19651.0000 19668.7857  0.09%   8.1   45s
 255238 140388     cutoff  125      19651.0000 19668.7857  0.09%   8.9   50s
 279297 155188 19653.6914   87   33 19651.0000 19668.7857  0.09%   9.7   55s
 301792 168861 19662.4116  106   40 19651.0000 19668.7857  0.09%  10.5   60s
 311428 180889 19668.6756   99   39 19651.0000 19668.7857  0.09%  10.8   67s
 336679 190503 19657.8792   97   32 19651.0000 19668.7857  0.09%  11.4   70s
 361041 205783 19668.0274  104   36 19651.0000 19668.7857  0.09%  12.1   75s
 381537 217520 19666.1130   99   29 19651.0000 19668.7857  0.09%  12.5   80s
 405725 231329 19666.0212  102   39 19651.0000 19668.7680  0.09%  12.9   85s
 427892 244071 19660.3921   95   39 19651.0000 19668.6631  0.09%  13.2   90s
 441490 252011 19661.6850  105   44 19651.0000 19668.6536  0.09%  13.6   95s
 457975 261939 19665.9801   96   33 19651.0000 19668.6536  0.09%  14.0  100s
 473731 271420 19661.4056   96   41 19651.0000 19668.6536  0.09%  14.3  105s
 488049 279882 19660.1066  100   26 19651.0000 19668.6523  0.09%  14.6  110s
 505271 290832 19668.6523   78   48 19651.0000 19668.6523  0.09%  15.0  115s
 519581 300302 19660.8949   81   30 19651.0000 19668.6523  0.09%  15.3  120s
 533757 309366 19653.9564  101   26 19651.0000 19668.6523  0.09%  15.7  125s
 549329 318757 19654.3734  120   29 19651.0000 19668.6523  0.09%  15.9  130s
 569858 329362 19654.7516  123   30 19651.0000 19668.6523  0.09%  16.2  135s
 582285 336705 19654.8293  111   39 19651.0000 19668.6523  0.09%  16.3  140s
 599918 346170 19662.0810   79   31 19651.0000 19668.6523  0.09%  16.5  145s
 617923 356415 19655.4729   93   37 19651.0000 19668.6523  0.09%  16.7  150s
 632307 364742 19654.8293  114   35 19651.0000 19668.6523  0.09%  16.9  155s
 648556 373871 19659.8691  107   47 19651.0000 19668.6523  0.09%  17.1  160s
 668281 384940 19658.6185   96   32 19651.0000 19668.6523  0.09%  17.3  165s
 682479 393121 19660.6212   83   26 19651.0000 19668.6523  0.09%  17.4  170s
 698756 402660 19668.6523   81   43 19651.0000 19668.6523  0.09%  17.5  175s
 706389 406773 19660.6212   99   34 19651.0000 19668.6523  0.09%  17.6  180s
 715812 411729 19659.8691   98   33 19651.0000 19668.6523  0.09%  17.7  185s
 722868 415487 19660.5118  107   45 19651.0000 19668.6523  0.09%  17.8  190s
 735118 423285 19667.5996   85   39 19651.0000 19668.6523  0.09%  17.9  195s
 749782 432279 19654.5612  118   16 19651.0000 19668.6523  0.09%  18.1  200s
 762339 439582 19664.9799   84   39 19651.0000 19668.6523  0.09%  18.2  205s
 776870 447764 19660.8949   92   30 19651.0000 19668.6523  0.09%  18.3  210s
 792993 456552     cutoff  105      19651.0000 19668.6523  0.09%  18.4  215s
 804115 463743 19665.6502   97   50 19651.0000 19668.6523  0.09%  18.5  220s
 818455 472213 19660.8949   92   25 19651.0000 19668.6523  0.09%  18.6  225s
 831052 479574 19656.8193   97   35 19651.0000 19668.6523  0.09%  18.7  230s
 847769 489672 19656.4479   96   36 19651.0000 19668.6523  0.09%  18.8  235s
 862571 497374 19659.1118   97   36 19651.0000 19668.6523  0.09%  18.9  240s
 869767 501993 19659.2966  111   31 19651.0000 19668.6523  0.09%  18.9  245s
 882985 509676 19661.8224   89   33 19651.0000 19668.6523  0.09%  19.0  250s
 898829 518166     cutoff  107      19651.0000 19668.6523  0.09%  19.2  255s
 915060 527609     cutoff   94      19651.0000 19668.6511  0.09%  19.2  260s
 928794 534413 19654.8293  110   16 19651.0000 19668.6406  0.09%  19.3  265s
 943656 542643     cutoff   97      19651.0000 19668.6170  0.09%  19.3  270s
 958724 550223 19668.5743   90   38 19651.0000 19668.5749  0.09%  19.3  275s
 971958 557225 19657.7420  101   30 19651.0000 19668.5727  0.09%  19.4  280s
 987180 565299 19656.5450  104   29 19651.0000 19668.5511  0.09%  19.4  285s
 999945 571780     cutoff  110      19651.0000 19668.5339  0.09%  19.4  290s
 1013983 579044     cutoff  103      19651.0000 19668.5311  0.09%  19.5  295s
 1027018 586535 19652.0000  134   13 19651.0000 19668.5311  0.09%  19.6  300s
 1037862 592416 19665.5542   96   47 19651.0000 19668.5311  0.09%  19.6  305s
 1049402 598170 19662.0810  102   24 19651.0000 19668.5311  0.09%  19.7  310s
 1060641 604426 19661.2974   89   40 19651.0000 19668.5211  0.09%  19.7  315s
 1070133 608651 19660.4249   99   24 19651.0000 19668.5007  0.09%  19.7  320s
 1082133 615783 19664.7620   82   40 19651.0000 19668.4970  0.09%  19.7  325s
 1096885 623204 19655.9604   88   29 19651.0000 19668.4970  0.09%  19.7  330s
 1107660 629204 19658.8445  116   30 19651.0000 19668.4959  0.09%  19.8  335s
 1114781 633383 19656.7030  102   41 19651.0000 19668.4959  0.09%  19.9  340s
 1125631 640543 19668.4959   89   37 19651.0000 19668.4959  0.09%  20.1  346s
 1131771 644220 19668.4959   77   38 19651.0000 19668.4959  0.09%  20.2  350s
 1141401 650367 19655.9431   89   47 19651.0000 19668.4959  0.09%  20.3  355s
 1152058 656764 19665.2683   95   37 19651.0000 19668.4959  0.09%  20.4  360s
 1159928 661398 19656.5955   83   32 19651.0000 19668.4959  0.09%  20.5  365s
 1166625 665290 19654.2023  120   33 19651.0000 19668.4959  0.09%  20.6  370s
 1174145 669711 19666.5456   81   56 19651.0000 19668.4959  0.09%  20.7  375s
 1179868 671930     cutoff   79      19651.0000 19668.4959  0.09%  20.7  380s
 1180090 678807 19656.3870  109   40 19651.0000 19668.4959  0.09%  20.7  385s
 1198809 683725 19656.1587   90   42 19651.0000 19668.4959  0.09%  20.9  390s
 1210299 690269     cutoff   87      19651.0000 19668.4959  0.09%  21.0  395s
 1220703 695685 19656.6970  117   44 19651.0000 19668.4959  0.09%  21.1  400s
 1231908 702511 19665.4612   98   43 19651.0000 19668.4959  0.09%  21.2  405s
 1243756 708962 19668.2543   81   32 19651.0000 19668.4959  0.09%  21.4  410s
 1254366 715074 19657.9209  103   29 19651.0000 19668.4959  0.09%  21.5  415s
 1263471 719903 19663.2622   92   44 19651.0000 19668.4959  0.09%  21.6  420s
 1272396 724395 19664.8403   94   43 19651.0000 19668.4959  0.09%  21.6  425s
 1280909 729565 19654.2023  100   34 19651.0000 19668.4959  0.09%  21.7  430s
 1291403 735524 19654.6496   94   38 19651.0000 19668.4959  0.09%  21.8  435s
 1300661 740732 19660.1066  109   41 19651.0000 19668.4959  0.09%  21.9  440s
 1309033 745168 19654.4701   98   29 19651.0000 19668.4959  0.09%  22.0  445s
 1320848 751804     cutoff   99      19651.0000 19668.4959  0.09%  22.1  450s
 1333048 758564     cutoff   97      19651.0000 19668.4959  0.09%  22.2  455s
 1344080 764199 19660.6272   95   33 19651.0000 19668.4959  0.09%  22.3  460s
 1353633 769835 19665.2648   94   41 19651.0000 19668.4808  0.09%  22.3  465s
 1363553 775327 19656.7030  105   37 19651.0000 19668.4713  0.09%  22.4  470s
 1372505 780533 19668.2543   97   43 19651.0000 19668.4713  0.09%  22.5  475s
 1381459 785903 19653.7845  100   34 19651.0000 19668.4713  0.09%  22.6  481s
 1387283 788972     cutoff  106      19651.0000 19668.4713  0.09%  22.7  485s
 1399484 796665 19652.7003   94   37 19651.0000 19668.4547  0.09%  22.7  490s
 1410453 804295 19662.7807   66   39 19651.0000 19668.4547  0.09%  22.8  495s
