
Gurobi 9.1.2 (win64, Java) logging started Tue Nov  9 01:38:05 2021

Academic license - for non-commercial use only - expires 2022-10-30
Gurobi Optimizer version 9.1.2 build v9.1.2rc0 (win64)
Thread count: 6 physical cores, 12 logical processors, using up to 12 threads
Optimize a model with 110 rows, 1000 columns and 2000 nonzeros
Model fingerprint: 0x2b8301a6
Variable types: 0 continuous, 1000 integer (1000 binary)
Coefficient statistics:
  Matrix range     [1e+00, 1e+03]
  Objective range  [1e+01, 1e+03]
  Bounds range     [1e+00, 1e+00]
  RHS range        [1e+00, 3e+03]
Found heuristic solution: objective 25373.000000
Presolve time: 0.02s
Presolved: 110 rows, 1000 columns, 2000 nonzeros
Variable types: 0 continuous, 1000 integer (1000 binary)
Presolved: 110 rows, 1000 columns, 2000 nonzeros


Root relaxation: objective 3.571598e+04, 150 iterations, 0.00 seconds

    Nodes    |    Current Node    |     Objective Bounds      |     Work
 Expl Unexpl |  Obj  Depth IntInf | Incumbent    BestBd   Gap | It/Node Time

     0     0 35715.9838    0   12 25373.0000 35715.9838  40.8%     -    0s
H    0     0                    34718.000000 35715.9838  2.87%     -    0s
H    0     0                    35106.000000 35715.9838  1.74%     -    0s
H    0     0                    35119.000000 35715.9838  1.70%     -    0s
     0     0 35715.9838    0   20 35119.0000 35715.9838  1.70%     -    1s
H    0     0                    35405.000000 35715.9838  0.88%     -    2s
H    0     0                    35454.000000 35715.9838  0.74%     -    4s
     0     0 35715.9838    0   24 35454.0000 35715.9838  0.74%     -    4s
     0     0 35715.9838    0   13 35454.0000 35715.9838  0.74%     -    5s
     0     0 35715.9838    0   13 35454.0000 35715.9838  0.74%     -    5s
     0     0 35715.9838    0    8 35454.0000 35715.9838  0.74%     -    5s
H    0     0                    35480.000000 35715.9838  0.67%     -    5s
     0     0 35715.9838    0   17 35480.0000 35715.9838  0.67%     -    6s
     0     0 35715.9838    0   18 35480.0000 35715.9838  0.67%     -    6s
H    0     0                    35556.000000 35715.9838  0.45%     -    6s
     0     0 35715.9838    0   10 35556.0000 35715.9838  0.45%     -    6s
     0     0 35715.9838    0   18 35556.0000 35715.9838  0.45%     -    7s
     0     0 35715.9838    0   18 35556.0000 35715.9838  0.45%     -    7s
     0     2 35715.9838    0   18 35556.0000 35715.9838  0.45%     -    8s
   499   513 35689.7567   67   15 35556.0000 35715.9838  0.45%   9.5   11s
H  512   586                    35570.000000 35715.9838  0.41%   9.4   12s
  2492  2295 35696.6016   16   13 35570.0000 35696.6016  0.36%   6.8   15s
  2514  2312 35644.2066   97   15 35570.0000 35692.7626  0.35%   7.6   20s
  2555  2350 35689.6597   34   12 35570.0000 35692.7626  0.35%   8.5   26s
H 2556  2233                    35579.000000 35692.7626  0.32%   8.5   26s
  7352  5160 35679.0000  234   13 35579.0000 35692.5882  0.32%   5.6   30s
H 7556  4576                    35605.000000 35692.5882  0.25%   5.5   34s
 10108  7586 35679.0000  312   13 35605.0000 35692.5882  0.25%   5.1   35s
 22433 17004 35642.9530  234   18 35605.0000 35690.6364  0.24%   3.6   40s
 36686 29002 35671.3141  154   13 35605.0000 35690.6364  0.24%   3.4   45s
H36695 27557                    35622.000000 35689.3631  0.19%   3.4   47s
 36699 27560 35689.3631  130   21 35622.0000 35689.3631  0.19%   3.4   50s
 36836 27676 35689.3631   53   19 35622.0000 35689.3631  0.19%   3.4   58s
 43640 32455 35689.0000  145   16 35622.0000 35689.3631  0.19%   3.5   60s
 51829 35611 35688.3873   80   15 35622.0000 35689.3631  0.19%   3.4   67s
 66726 45011 35689.0000  231   13 35622.0000 35689.3631  0.19%   3.4   70s
 74367 47078 35689.0000  213   25 35622.0000 35689.3631  0.19%   3.4   75s
 74372 47081 35689.0000  139   15 35622.0000 35689.3631  0.19%   3.4   81s
 75119 47567 35689.0590   91   14 35622.0000 35689.0590  0.19%   3.4   88s
 75177 47613 35678.0405   91   16 35622.0000 35689.0590  0.19%   3.4   90s
 95952 57073 35687.5041  167   12 35622.0000 35689.0000  0.19%   3.7   95s
 102843 60140 35652.2209  250   13 35622.0000 35689.0000  0.19%   3.7  100s
 132239 71953     cutoff  235      35622.0000 35689.0000  0.19%   3.7  105s
 148719 73818 35631.3398  226   11 35622.0000 35689.0000  0.19%   3.7  113s
 155348 75679 35649.6466  210    9 35622.0000 35689.0000  0.19%   3.8  115s
 179616 76443 35689.0000  232   10 35622.0000 35689.0000  0.19%   3.8  120s
 205490 76333 35656.4793  209   16 35622.0000 35689.0000  0.19%   3.9  125s
 216190 76601 35689.0000  218   13 35622.0000 35689.0000  0.19%   3.9  130s
 216204 76606 35689.0000  219   13 35622.0000 35689.0000  0.19%   3.9  135s
 226618 81824 35651.8590  242   12 35622.0000 35689.0000  0.19%   3.9  140s
 260626 90687     cutoff  235      35622.0000 35689.0000  0.19%   3.9  145s
 278491 95650 infeasible  268      35622.0000 35689.0000  0.19%   4.0  152s
 290520 100958 35689.0000  199   10 35622.0000 35689.0000  0.19%   4.0  155s
 313187 108416 35647.8545  242    8 35622.0000 35689.0000  0.19%   4.0  160s
 337172 117377 35666.6202  221   10 35622.0000 35689.0000  0.19%   4.1  165s
 341386 119145 35623.9300  228    8 35622.0000 35689.0000  0.19%   4.1  170s
 373095 130324     cutoff  232      35622.0000 35689.0000  0.19%   4.1  178s
 385025 135436     cutoff  237      35622.0000 35689.0000  0.19%   4.2  180s
 405335 142528 35675.9098  257   13 35622.0000 35689.0000  0.19%   4.2  185s
 439674 152136 35689.0000  210   14 35622.0000 35689.0000  0.19%   4.2  190s
H439978 87005                    35679.000000 35689.0000  0.03%   4.2  190s
 448250 86919 35689.0000  205   16 35679.0000 35689.0000  0.03%   4.2  195s
 448341 86994 35689.0000   73   16 35679.0000 35689.0000  0.03%   4.2  200s
 455489 89782 35689.0000  178   15 35679.0000 35689.0000  0.03%   4.2  208s
 466725 90726 35689.0000  159   11 35679.0000 35689.0000  0.03%   4.3  210s
 489064 89961 infeasible  184      35679.0000 35689.0000  0.03%   4.3  215s
 494333 90001 35683.0725  145   15 35679.0000 35689.0000  0.03%   4.3  220s
 520409 89117 35681.7910  171   10 35679.0000 35689.0000  0.03%   4.4  225s
 537630 87953 35686.8446  173   16 35679.0000 35689.0000  0.03%   4.4  230s
 550980 86877 35689.0000  186   12 35679.0000 35689.0000  0.03%   4.5  235s
 570303 84614 35689.0000  167   12 35679.0000 35689.0000  0.03%   4.5  240s
 593783 81037     cutoff  181      35679.0000 35689.0000  0.03%   4.6  247s
 600372 80189 35684.7945  181   11 35679.0000 35689.0000  0.03%   4.6  250s
 626978 76995     cutoff  175      35679.0000 35689.0000  0.03%   4.7  255s
 635760 76187 35687.7984  193   13 35679.0000 35689.0000  0.03%   4.7  260s
 656086 73768     cutoff  181      35679.0000 35689.0000  0.03%   4.8  265s
 673433 69670     cutoff  165      35679.0000 35689.0000  0.03%   4.8  270s
 684423 66756 35689.0000  177   11 35679.0000 35689.0000  0.03%   4.8  275s
 702502 63308 35689.0000  162   14 35679.0000 35689.0000  0.03%   4.9  281s
 726166 65335 35689.0000  184   19 35679.0000 35689.0000  0.03%   4.9  286s
 733124 66236     cutoff  158      35679.0000 35689.0000  0.03%   4.9  291s
 749448 69403 35689.0000  177   11 35679.0000 35689.0000  0.03%   5.0  295s
 769533 72862 35689.0000  179   11 35679.0000 35689.0000  0.03%   5.0  300s
 782205 74427 35681.6639  179   12 35679.0000 35689.0000  0.03%   5.1  305s
 806121 77948     cutoff  177      35679.0000 35689.0000  0.03%   5.1  314s
 812432 79472 35689.0000  150   14 35679.0000 35689.0000  0.03%   5.1  315s
 832348 85317 35689.0000  179   16 35679.0000 35689.0000  0.03%   5.2  320s
 849550 89956     cutoff  164      35679.0000 35689.0000  0.03%   5.2  326s
 855169 91463     cutoff  185      35679.0000 35689.0000  0.03%   5.2  330s
 879084 96696 35689.0000  175   20 35679.0000 35689.0000  0.03%   5.3  335s
 907122 102079 35689.0000  170   13 35679.0000 35689.0000  0.03%   5.3  340s
 915654 104327     cutoff  167      35679.0000 35689.0000  0.03%   5.4  345s
 933030 107730 35686.0919  172   13 35679.0000 35689.0000  0.03%   5.4  350s
 950223 111226 35684.7945  176   12 35679.0000 35689.0000  0.03%   5.4  355s
 968678 115052 35687.7984  177    9 35679.0000 35689.0000  0.03%   5.5  362s
 970813 116427     cutoff  168      35679.0000 35689.0000  0.03%   5.5  365s
 991908 120034 35682.1641  162   17 35679.0000 35689.0000  0.03%   5.5  370s
 1014626 123843     cutoff  189      35679.0000 35689.0000  0.03%   5.5  376s
 1025013 125937 35689.0000  157   13 35679.0000 35689.0000  0.03%   5.5  381s
 1042704 129377 35689.0000  169   11 35679.0000 35689.0000  0.03%   5.6  385s
 1056948 131646 infeasible  183      35679.0000 35689.0000  0.03%   5.6  390s
 1075501 136666 35686.0656  179   12 35679.0000 35689.0000  0.03%   5.6  395s
 1094061 140461     cutoff  176      35679.0000 35689.0000  0.03%   5.6  400s
 1112502 145097 infeasible  175      35679.0000 35689.0000  0.03%   5.7  405s
 1129175 148674 35689.0000  161   10 35679.0000 35689.0000  0.03%   5.7  410s
 1141888 151811     cutoff  176      35679.0000 35689.0000  0.03%   5.7  415s
 1167225 157295     cutoff  180      35679.0000 35689.0000  0.03%   5.7  422s
 1177910 159901     cutoff  170      35679.0000 35689.0000  0.03%   5.8  425s
 1203812 166151     cutoff  188      35679.0000 35689.0000  0.03%   5.8  431s
 1221952 169659 35681.9948  176   18 35679.0000 35689.0000  0.03%   5.8  437s
 1233615 172529 35688.9005  168   21 35679.0000 35689.0000  0.03%   5.8  440s
 1249339 177349 35689.0000  171   12 35679.0000 35689.0000  0.03%   5.8  445s
 1273069 182895 35689.0000  162   20 35679.0000 35689.0000  0.03%   5.9  450s
 1284023 185333     cutoff  174      35679.0000 35689.0000  0.03%   5.9  456s
 1305420 190950     cutoff  184      35679.0000 35689.0000  0.03%   5.9  460s
 1327082 195285 35684.7945  180   19 35679.0000 35689.0000  0.03%   6.0  466s
 1343229 198559 35684.6379  168   13 35679.0000 35689.0000  0.03%   6.0  470s
 1356511 201006 35682.5329  163   14 35679.0000 35689.0000  0.03%   6.0  475s
 1377373 204416 infeasible  172      35679.0000 35689.0000  0.03%   6.0  482s
 1387928 206396 infeasible  183      35679.0000 35689.0000  0.03%   6.1  486s
 1400413 209456 35680.8987  176   17 35679.0000 35689.0000  0.03%   6.1  491s
 1416500 213812     cutoff  181      35679.0000 35689.0000  0.03%   6.1  495s
 1428122 215526 35684.6260  166   19 35679.0000 35689.0000  0.03%   6.1  500s
 1440654 218154     cutoff  151      35679.0000 35689.0000  0.03%   6.1  505s
 1463917 223599 35689.0000  167   13 35679.0000 35689.0000  0.03%   6.2  510s
 1474771 225786 35683.1838  160   14 35679.0000 35689.0000  0.03%   6.2  515s
 1492782 228836 35689.0000  169   12 35679.0000 35689.0000  0.03%   6.2  520s
 1499641 230767 35689.0000  178   14 35679.0000 35689.0000  0.03%   6.2  526s
 1512909 232445 35689.0000  170   15 35679.0000 35689.0000  0.03%   6.2  531s
 1527413 235628 35689.0000  172   14 35679.0000 35689.0000  0.03%   6.2  536s
 1541036 238347     cutoff  180      35679.0000 35689.0000  0.03%   6.2  540s
 1550246 240424     cutoff  170      35679.0000 35689.0000  0.03%   6.3  547s
 1573322 243351 35680.5665  180   14 35679.0000 35689.0000  0.03%   6.3  551s
 1590911 247055 35681.7782  178   16 35679.0000 35689.0000  0.03%   6.3  557s
 1600585 248984 35689.0000  181   12 35679.0000 35689.0000  0.03%   6.3  560s
 1626353 255955 35689.0000  189   11 35679.0000 35689.0000  0.03%   6.3  565s
 1646749 258341 35681.9948  189   14 35679.0000 35689.0000  0.03%   6.3  571s
 1667137 261780     cutoff  183      35679.0000 35689.0000  0.03%   6.3  576s
 1678142 263906 35689.0000  161   17 35679.0000 35689.0000  0.03%   6.3  580s
 1693836 266439 35689.0000  175   11 35679.0000 35689.0000  0.03%   6.3  585s
 1710319 270170     cutoff  175      35679.0000 35689.0000  0.03%   6.3  590s
 1718199 271305 35683.6699  181   14 35679.0000 35689.0000  0.03%   6.3  596s
 1730738 273489     cutoff  165      35679.0000 35689.0000  0.03%   6.3  600s
 1745792 276287 35688.9661  173   18 35679.0000 35689.0000  0.03%   6.3  606s
 1758667 279239 35682.9922  186   15 35679.0000 35689.0000  0.03%   6.3  610s
 1767842 280758 35687.7984  189   12 35679.0000 35689.0000  0.03%   6.4  617s
 1772637 281669     cutoff  170      35679.0000 35689.0000  0.03%   6.4  620s
 1787554 284041     cutoff  183      35679.0000 35689.0000  0.03%   6.4  625s
 1806318 287857 infeasible  163      35679.0000 35689.0000  0.03%   6.4  630s
 1831001 291573 35689.0000  168   12 35679.0000 35689.0000  0.03%   6.4  636s
 1843484 293416 35682.1641  153   15 35679.0000 35689.0000  0.03%   6.4  640s
 1866284 297910 35689.0000  181   12 35679.0000 35689.0000  0.03%   6.4  645s
 1876471 299772 35689.0000  185   12 35679.0000 35689.0000  0.03%   6.4  650s
 1899893 303880 35689.0000  195   14 35679.0000 35689.0000  0.03%   6.4  656s
 1901216 303950 infeasible  179      35679.0000 35689.0000  0.03%   6.4  660s
 1917695 306782 infeasible  198      35679.0000 35689.0000  0.03%   6.4  666s
 1938059 310685 35680.8987  181   16 35679.0000 35689.0000  0.03%   6.5  670s
 1960966 315366 infeasible  189      35679.0000 35689.0000  0.03%   6.5  675s
 1982164 319588 35689.0000  187   13 35679.0000 35689.0000  0.03%   6.5  682s
 1990096 321396 35680.1377  166   18 35679.0000 35689.0000  0.03%   6.5  685s
 2011789 325218     cutoff  169      35679.0000 35689.0000  0.03%   6.5  691s
 2025251 327495     cutoff  190      35679.0000 35689.0000  0.03%   6.5  695s
 2035878 329723 35689.0000  161   14 35679.0000 35689.0000  0.03%   6.5  702s
 2046479 330791 35689.0000  157   13 35679.0000 35689.0000  0.03%   6.5  705s
 2062632 332109 35689.0000  158   10 35679.0000 35689.0000  0.03%   6.5  710s
 2068620 333031 35689.0000  181   22 35679.0000 35689.0000  0.03%   6.5  716s
 2086714 336237 35689.0000  182   12 35679.0000 35689.0000  0.03%   6.5  720s
 2100312 338068 infeasible  172      35679.0000 35689.0000  0.03%   6.5  725s
 2118183 340450     cutoff  197      35679.0000 35689.0000  0.03%   6.5  730s
 2131296 342217 35689.0000  161   13 35679.0000 35689.0000  0.03%   6.5  735s
 2147000 344001 infeasible  159      35679.0000 35689.0000  0.03%   6.5  740s
 2168303 349376 35680.1377  153   14 35679.0000 35689.0000  0.03%   6.6  745s
 2177940 351027 35680.1377  170   14 35679.0000 35689.0000  0.03%   6.5  750s
 2203231 357305 35689.0000  183   14 35679.0000 35689.0000  0.03%   6.5  755s
 2212978 359260 35680.0205  195   11 35679.0000 35689.0000  0.03%   6.5  760s
 2229033 363368     cutoff  208      35679.0000 35689.0000  0.03%   6.5  765s
 2252550 368293 35680.0205  214   14 35679.0000 35689.0000  0.03%   6.6  771s
 2260452 369855     cutoff  192      35679.0000 35689.0000  0.03%   6.6  775s
 2274117 372935     cutoff  169      35679.0000 35689.0000  0.03%   6.6  780s
 2294757 376992 35689.0000  173   16 35679.0000 35689.0000  0.03%   6.6  785s
 2305289 379219 35680.0205  180   10 35679.0000 35689.0000  0.03%   6.6  790s
 2327866 382875 35680.5051  164   10 35679.0000 35689.0000  0.03%   6.6  796s
 2329589 383407 35689.0000  178   17 35679.0000 35689.0000  0.03%   6.6  800s
 2349582 386385     cutoff  171      35679.0000 35689.0000  0.03%   6.6  806s
 2363857 388621     cutoff  149      35679.0000 35689.0000  0.03%   6.6  811s
 2368018 389434 35689.0000  174   12 35679.0000 35689.0000  0.03%   6.6  815s
 2391245 393037     cutoff  149      35679.0000 35689.0000  0.03%   6.6  820s
 2407996 399584 35689.0000  148   16 35679.0000 35689.0000  0.03%   6.6  825s
 2419028 401416 35680.1377  203    9 35679.0000 35689.0000  0.03%   6.6  830s
 2425460 402551 35689.0000  179   11 35679.0000 35689.0000  0.03%   6.6  835s
 2440403 404547 35680.1377  198    8 35679.0000 35689.0000  0.03%   6.6  840s
 2453486 406671 35689.0000  199   10 35679.0000 35689.0000  0.03%   6.6  845s
 2467614 410490 35689.0000  199   10 35679.0000 35689.0000  0.03%   6.6  850s
 2484299 415535 35682.1641  190   17 35679.0000 35689.0000  0.03%   6.6  855s
 2503412 420549 35689.0000  211   12 35679.0000 35689.0000  0.03%   6.6  860s
 2526380 426286     cutoff  199      35679.0000 35689.0000  0.03%   6.6  865s
 2530902 427621     cutoff  209      35679.0000 35689.0000  0.03%   6.6  870s
 2546209 431623 35689.0000  210   10 35679.0000 35689.0000  0.03%   6.6  875s
 2577046 439522 35680.0205  206    9 35679.0000 35689.0000  0.03%   6.6  880s
 2603826 445191 35680.0205  203    7 35679.0000 35689.0000  0.03%   6.6  885s
 2611529 446809     cutoff  204      35679.0000 35689.0000  0.03%   6.6  890s
 2623025 449982     cutoff  216      35679.0000 35689.0000  0.03%   6.6  895s
 2643898 454344 35689.0000  210   11 35679.0000 35689.0000  0.03%   6.6  900s
 2671652 461516     cutoff  202      35679.0000 35689.0000  0.03%   6.6  906s
 2679799 463554 35680.0205  205   12 35679.0000 35689.0000  0.03%   6.6  910s
 2709921 470414 35680.0205  199   10 35679.0000 35689.0000  0.03%   6.6  916s
 2729850 474542     cutoff  194      35679.0000 35689.0000  0.03%   6.6  920s
 2739774 475751 35689.0000  203   13 35679.0000 35689.0000  0.03%   6.6  926s
 2760986 481247 35680.0205  195   14 35679.0000 35689.0000  0.03%   6.6  930s
 2775005 484912     cutoff  199      35679.0000 35689.0000  0.03%   6.6  935s
 2795604 490826 35680.0205  208   11 35679.0000 35689.0000  0.03%   6.6  940s
 2815402 496890 35689.0000  197   12 35679.0000 35689.0000  0.03%   6.6  945s
 2830772 502073     cutoff  204      35679.0000 35689.0000  0.03%   6.6  950s
 2848930 506684     cutoff  212      35679.0000 35689.0000  0.03%   6.6  956s
 2868604 511735 35689.0000  196   11 35679.0000 35689.0000  0.03%   6.6  961s
 2889518 516814     cutoff  213      35679.0000 35689.0000  0.03%   6.6  967s
 2893052 517991 35689.0000  199   13 35679.0000 35689.0000  0.03%   6.6  970s
 2925407 524858 35680.8987  204   16 35679.0000 35689.0000  0.03%   6.6  975s
 2936272 526938     cutoff  217      35679.0000 35689.0000  0.03%   6.6  980s
 2951498 530267 35689.0000  205   10 35679.0000 35689.0000  0.03%   6.6  987s
 2957856 532109 35689.0000  204   12 35679.0000 35689.0000  0.03%   6.6  990s
 2985276 537950     cutoff  215      35679.0000 35689.0000  0.03%   6.6  995s
 3000634 541116 infeasible  205      35679.0000 35689.0000  0.03%   6.6 1000s
 3004111 542039 35689.0000  203   12 35679.0000 35689.0000  0.03%   6.6 1005s
 3015112 544822 35689.0000  202   10 35679.0000 35689.0000  0.03%   6.6 1012s
 3017656 546570 infeasible  199      35679.0000 35689.0000  0.03%   6.6 1016s
 3029936 548590 35682.8930  191   13 35679.0000 35689.0000  0.03%   6.6 1020s
 3041126 551402     cutoff  217      35679.0000 35689.0000  0.03%   6.6 1025s
 3051378 554286 35689.0000  202   10 35679.0000 35689.0000  0.03%   6.6 1030s
 3062991 557792 35689.0000  225   12 35679.0000 35689.0000  0.03%   6.6 1039s
 3071455 560084 35689.0000  210   14 35679.0000 35689.0000  0.03%   6.6 1040s
 3086581 563772 35680.0205  197   15 35679.0000 35689.0000  0.03%   6.6 1045s
 3102482 568904 35680.0205  202   13 35679.0000 35689.0000  0.03%   6.6 1050s
 3117468 574482 35682.1641  181   16 35679.0000 35689.0000  0.03%   6.6 1059s
 3119903 575969 35689.0000  194   10 35679.0000 35689.0000  0.03%   6.6 1060s
 3136492 580581     cutoff  213      35679.0000 35689.0000  0.03%   6.6 1065s
 3162202 589586 35689.0000  205   13 35679.0000 35689.0000  0.03%   6.6 1070s
 3180093 593899 35689.0000  219   15 35679.0000 35689.0000  0.03%   6.6 1075s
 3193563 597535     cutoff  230      35679.0000 35689.0000  0.03%   6.6 1082s
 3207690 600978 35689.0000  205   11 35679.0000 35689.0000  0.03%   6.6 1085s
 3226892 605439     cutoff  220      35679.0000 35689.0000  0.03%   6.6 1090s
 3228823 605505     cutoff  200      35679.0000 35689.0000  0.03%   6.6 1095s
 3252406 611660 35689.0000  204   10 35679.0000 35689.0000  0.03%   6.6 1100s
 3273217 616998 35680.1377  196   11 35679.0000 35689.0000  0.03%   6.6 1105s
 3294551 622643 35689.0000  184   10 35679.0000 35689.0000  0.03%   6.6 1110s
 3319647 629236     cutoff  217      35679.0000 35689.0000  0.03%   6.6 1116s
 3331761 632729 35689.0000  221    8 35679.0000 35689.0000  0.03%   6.6 1120s
 3346207 636317 35680.0205  215    9 35679.0000 35689.0000  0.03%   6.6 1125s
 3372750 643139 35689.0000  207    8 35679.0000 35689.0000  0.03%   6.6 1130s
 3382299 645037 35689.0000  207    9 35679.0000 35689.0000  0.03%   6.6 1136s
 3409878 652231 35689.0000  213   14 35679.0000 35689.0000  0.03%   6.6 1143s
 3416184 653867     cutoff  202      35679.0000 35689.0000  0.03%   6.6 1146s
 3447133 662294 35680.0205  199   13 35679.0000 35689.0000  0.03%   6.6 1151s
 3468652 668183 35680.8987  205   12 35679.0000 35689.0000  0.03%   6.6 1155s
H3469363   993                    35689.000000 35689.0000  0.00%   6.6 1155s

Cutting planes:
  Gomory: 6
  Cover: 12
  MIR: 1
  StrongCG: 4
  Inf proof: 40
  RLT: 2

Explored 3469618 nodes (23057480 simplex iterations) in 1156.04 seconds
Thread count was 12 (of 12 available processors)

Solution count 10: 35689 35679 35622 ... 35405

Optimal solution found (tolerance 1.00e-04)
Best objective 3.568900000000e+04, best bound 3.568900000000e+04, gap 0.0000%
