
Gurobi 9.1.2 (win64, Java) logging started Sat Nov  6 06:58:49 2021

Academic license - for non-commercial use only - expires 2022-10-30
Gurobi Optimizer version 9.1.2 build v9.1.2rc0 (win64)
Thread count: 6 physical cores, 12 logical processors, using up to 12 threads
Optimize a model with 40 rows, 400 columns and 800 nonzeros
Model fingerprint: 0x05521615
Variable types: 0 continuous, 400 integer (400 binary)
Coefficient statistics:
  Matrix range     [1e+00, 1e+03]
  Objective range  [2e+02, 9e+02]
  Bounds range     [1e+00, 1e+00]
  RHS range        [1e+00, 6e+02]
Found heuristic solution: objective 3015.0000000
Presolve removed 17 rows and 327 columns
Presolve time: 0.02s
Presolved: 23 rows, 73 columns, 145 nonzeros
Variable types: 0 continuous, 73 integer (73 binary)
Presolved: 23 rows, 73 columns, 145 nonzeros


Root relaxation: objective 3.429000e+03, 8 iterations, 0.00 seconds

    Nodes    |    Current Node    |     Objective Bounds      |     Work
 Expl Unexpl |  Obj  Depth IntInf | Incumbent    BestBd   Gap | It/Node Time

*    0     0               0    3429.0000000 3429.00000  0.00%     -    0s

Explored 0 nodes (8 simplex iterations) in 0.04 seconds
Thread count was 12 (of 12 available processors)

Solution count 2: 3429 3015 

Optimal solution found (tolerance 1.00e-04)
Best objective 3.429000000000e+03, best bound 3.429000000000e+03, gap 0.0000%
