
Gurobi 9.1.2 (win64, Java) logging started Sat Nov  6 06:58:55 2021

Academic license - for non-commercial use only - expires 2022-10-30
Gurobi Optimizer version 9.1.2 build v9.1.2rc0 (win64)
Thread count: 6 physical cores, 12 logical processors, using up to 12 threads
Optimize a model with 60 rows, 800 columns and 1600 nonzeros
Model fingerprint: 0x694a47a8
Variable types: 0 continuous, 800 integer (800 binary)
Coefficient statistics:
  Matrix range     [1e+00, 1e+03]
  Objective range  [7e+01, 9e+02]
  Bounds range     [1e+00, 1e+00]
  RHS range        [1e+00, 1e+03]
Found heuristic solution: objective 10319.000000
Presolve removed 0 rows and 422 columns
Presolve time: 0.02s
Presolved: 60 rows, 378 columns, 756 nonzeros
Variable types: 0 continuous, 378 integer (378 binary)
Presolved: 60 rows, 378 columns, 756 nonzeros


Root relaxation: objective 1.286421e+04, 190 iterations, 0.00 seconds

    Nodes    |    Current Node    |     Objective Bounds      |     Work
 Expl Unexpl |  Obj  Depth IntInf | Incumbent    BestBd   Gap | It/Node Time

     0     0 12864.2069    0   20 10319.0000 12864.2069  24.7%     -    0s
H    0     0                    11666.000000 12864.2069  10.3%     -    0s
H    0     0                    11765.000000 12864.2069  9.34%     -    0s
H    0     0                    12030.000000 12864.2069  6.93%     -    0s
H    0     0                    12132.000000 12864.2069  6.04%     -    0s
     0     0 12799.4580    0   48 12132.0000 12799.4580  5.50%     -    0s
     0     0 12799.4580    0   45 12132.0000 12799.4580  5.50%     -    1s
H    0     0                    12233.000000 12799.4580  4.63%     -    1s
     0     0 12771.1525    0   54 12233.0000 12771.1525  4.40%     -    1s
H    0     0                    12304.000000 12771.1525  3.80%     -    1s
H    0     0                    12435.000000 12771.1525  2.70%     -    1s
     0     0 12771.1525    0   57 12435.0000 12771.1525  2.70%     -    1s
H    0     0                    12459.000000 12771.1525  2.51%     -    1s
     0     0 12757.6626    0   44 12459.0000 12757.6626  2.40%     -    2s
     0     0 12757.0456    0   59 12459.0000 12757.0456  2.39%     -    2s
     0     0 12756.9799    0   50 12459.0000 12756.9799  2.39%     -    2s
     0     0 12745.6337    0   53 12459.0000 12745.6337  2.30%     -    3s
     0     0 12736.8371    0   51 12459.0000 12736.8371  2.23%     -    3s
     0     0 12736.5035    0   52 12459.0000 12736.5035  2.23%     -    3s
     0     0 12723.6938    0   66 12459.0000 12723.6938  2.12%     -    3s
     0     0 12722.5429    0   68 12459.0000 12722.5429  2.12%     -    3s
     0     0 12722.1428    0   57 12459.0000 12722.1428  2.11%     -    3s
     0     0 12693.1107    0   65 12459.0000 12693.1107  1.88%     -    4s
     0     0 12691.2622    0   68 12459.0000 12691.2622  1.86%     -    4s
     0     0 12681.2409    0   56 12459.0000 12681.2409  1.78%     -    4s
     0     0 12679.6187    0   63 12459.0000 12679.6187  1.77%     -    4s
     0     0 12679.2817    0   66 12459.0000 12679.2817  1.77%     -    4s
     0     0 12667.7796    0   70 12459.0000 12667.7796  1.68%     -    5s
     0     0 12667.1189    0   69 12459.0000 12667.1189  1.67%     -    5s
     0     0 12667.0291    0   70 12459.0000 12667.0291  1.67%     -    5s
     0     0 12659.7954    0   65 12459.0000 12659.7954  1.61%     -    5s
     0     0 12658.8666    0   69 12459.0000 12658.8666  1.60%     -    5s
     0     0 12657.6329    0   70 12459.0000 12657.6329  1.59%     -    5s
     0     0 12657.3246    0   69 12459.0000 12657.3246  1.59%     -    5s
     0     0 12651.9088    0   72 12459.0000 12651.9088  1.55%     -    5s
     0     0 12651.2601    0   73 12459.0000 12651.2601  1.54%     -    5s
     0     0 12651.2510    0   73 12459.0000 12651.2510  1.54%     -    5s
     0     0 12646.9747    0   65 12459.0000 12646.9747  1.51%     -    5s
     0     0 12646.8393    0   62 12459.0000 12646.8393  1.51%     -    6s
     0     0 12646.3566    0   66 12459.0000 12646.3566  1.50%     -    6s
     0     0 12646.3566    0   66 12459.0000 12646.3566  1.50%     -    6s
H    0     0                    12523.000000 12646.3566  0.99%     -    6s
     0     2 12646.3566    0   66 12523.0000 12646.3566  0.99%     -    6s
  2301  1169 12528.0868   29    5 12523.0000 12603.9141  0.65%  17.0   10s
* 2402  1062              25    12542.000000 12603.2901  0.49%  17.1   10s
  2667  1139 12575.6001   21   44 12542.0000 12602.4043  0.48%  18.0   16s
  7091  1082 12563.3609   28   28 12542.0000 12573.5000  0.25%  16.5   20s

Cutting planes:
  Gomory: 15
  Cover: 32
  Clique: 6
  MIR: 88
  StrongCG: 69
  Flow cover: 9

Explored 11397 nodes (176157 simplex iterations) in 23.92 seconds
Thread count was 12 (of 12 available processors)

Solution count 10: 12542 12523 12459 ... 11666

Optimal solution found (tolerance 1.00e-04)
Best objective 1.254200000000e+04, best bound 1.254200000000e+04, gap 0.0000%
