
Gurobi 9.1.2 (win64, Java) logging started Sat Nov  6 07:45:29 2021

Academic license - for non-commercial use only - expires 2022-10-30
Gurobi Optimizer version 9.1.2 build v9.1.2rc0 (win64)
Thread count: 6 physical cores, 12 logical processors, using up to 12 threads
Optimize a model with 80 rows, 1200 columns and 2400 nonzeros
Model fingerprint: 0xdec9e059
Variable types: 0 continuous, 1200 integer (1200 binary)
Coefficient statistics:
  Matrix range     [1e+00, 1e+03]
  Objective range  [7e+01, 9e+02]
  Bounds range     [1e+00, 1e+00]
  RHS range        [1e+00, 1e+03]
Found heuristic solution: objective 16183.000000
Presolve removed 0 rows and 356 columns
Presolve time: 0.01s
Presolved: 80 rows, 844 columns, 1688 nonzeros
Variable types: 0 continuous, 844 integer (844 binary)
Presolved: 80 rows, 844 columns, 1688 nonzeros


Root relaxation: objective 1.858711e+04, 336 iterations, 0.00 seconds

    Nodes    |    Current Node    |     Objective Bounds      |     Work
 Expl Unexpl |  Obj  Depth IntInf | Incumbent    BestBd   Gap | It/Node Time

     0     0 18587.1083    0   35 16183.0000 18587.1083  14.9%     -    0s
H    0     0                    16938.000000 18587.1083  9.74%     -    0s
H    0     0                    17059.000000 18587.1083  8.96%     -    0s
H    0     0                    17265.000000 18587.1083  7.66%     -    0s
H    0     0                    17436.000000 18587.1083  6.60%     -    0s
H    0     0                    17588.000000 18587.1083  5.68%     -    0s
     0     0 18584.5505    0   72 17588.0000 18584.5505  5.67%     -    0s
H    0     0                    17755.000000 18584.5505  4.67%     -    0s
     0     0 18584.5505    0   77 17755.0000 18584.5505  4.67%     -    0s
H    0     0                    17859.000000 18584.5505  4.06%     -    0s
H    0     0                    18001.000000 18584.5505  3.24%     -    0s
     0     0 18581.5909    0   86 18001.0000 18581.5909  3.23%     -    0s
     0     0 18581.5771    0   86 18001.0000 18581.5771  3.23%     -    0s
     0     0 18580.3569    0  101 18001.0000 18580.3569  3.22%     -    0s
H    0     0                    18292.000000 18580.3569  1.58%     -    0s
     0     0 18580.0500    0  112 18292.0000 18580.0500  1.57%     -    0s
     0     0 18580.0052    0  116 18292.0000 18580.0052  1.57%     -    0s
     0     0 18579.9924    0  118 18292.0000 18579.9924  1.57%     -    0s
     0     0 18578.9655    0  113 18292.0000 18578.9655  1.57%     -    0s
     0     0 18578.9100    0  118 18292.0000 18578.9100  1.57%     -    0s
     0     0 18578.9052    0  120 18292.0000 18578.9052  1.57%     -    0s
     0     0 18577.9930    0  106 18292.0000 18577.9930  1.56%     -    0s
     0     0 18577.8015    0  117 18292.0000 18577.8015  1.56%     -    0s
     0     0 18577.7972    0  119 18292.0000 18577.7972  1.56%     -    0s
     0     0 18577.3626    0  143 18292.0000 18577.3626  1.56%     -    0s
     0     0 18577.3626    0  143 18292.0000 18577.3626  1.56%     -    1s
     0     2 18577.3626    0  143 18292.0000 18577.3626  1.56%     -    1s
H   69    90                    18308.000000 18576.3060  1.47%  86.3    1s
H  798   897                    18363.000000 18576.2967  1.16%  38.4    2s
  1602  1437 18479.1639   60  162 18363.0000 18536.2235  0.94%  33.0    5s
H 1607  1368                    18458.000000 18535.4517  0.42%  32.9    5s
H 1645  1328                    18461.000000 18534.7684  0.40%  38.2    6s
  3525  2675 18529.6175   68   95 18461.0000 18534.6333  0.40%  53.1   10s
  7681  5538 18532.9645   37  135 18461.0000 18533.9193  0.39%  54.8   15s
 11328  9127 18532.7533   48  131 18461.0000 18533.6645  0.39%  56.0   20s
 14332 11409 18527.7203   49   98 18461.0000 18533.5223  0.39%  55.3   25s
 15644 11664 18499.7140  102   94 18461.0000 18533.4691  0.39%  55.2   31s
 18583 13896 18529.3496   39  154 18461.0000 18529.3496  0.37%  55.5   35s
 19041 14374 18527.5528   54  129 18461.0000 18528.7621  0.37%  56.9   40s
 20779 15028 18527.7703   44  152 18461.0000 18528.1745  0.36%  57.2   45s
 24031 17251 18523.3552   58  108 18461.0000 18527.6319  0.36%  57.7   50s
 27550 18822 18470.2162  110    7 18461.0000 18527.4502  0.36%  58.8   55s
 31640 20697 18523.3470   56  126 18461.0000 18527.2384  0.36%  59.5   61s
 36418 22874 18523.0001   60   77 18461.0000 18527.0800  0.36%  61.0   66s
 37649 23568 18503.7870   78   93 18461.0000 18527.0435  0.36%  61.3   70s
 42354 25647 18522.0784   77  126 18461.0000 18526.9247  0.36%  62.5   77s
 45379 27015 18523.0001   50   81 18461.0000 18526.8553  0.36%  63.1   82s
 48752 29121 18497.5283   79   87 18461.0000 18526.7860  0.36%  63.5   86s
 50859 29149 18523.5390   58  150 18461.0000 18526.7458  0.36%  63.7   91s
 53268 31294 18523.8794   57  138 18461.0000 18526.6842  0.36%  64.2   95s
 55469 30577 18472.1520  112  179 18461.0000 18526.6345  0.36%  64.5  100s
 55504 30603 18526.6345   53  200 18461.0000 18526.6345  0.36%  64.5  105s
 55530 30631 18526.6345   57  189 18461.0000 18526.6345  0.36%  64.6  112s
 55857 31151 18525.9084   68  157 18461.0000 18526.6345  0.36%  64.8  115s
 58755 32576 18525.7626   59  154 18461.0000 18526.6345  0.36%  65.8  121s
 62668 34877 18505.6910   87   58 18461.0000 18526.4166  0.35%  67.2  125s
 66170 35692 18492.9750   92   78 18461.0000 18526.1609  0.35%  67.9  131s
 68900 36802 18523.3112   69  141 18461.0000 18526.0745  0.35%  69.3  137s
H68982 26307                    18523.000015 18526.0745  0.02%  69.3  137s
 69775 24585     cutoff   68      18523.0000 18525.5296  0.01%  70.6  140s

Cutting planes:
  Gomory: 10
  Cover: 38
  Clique: 6
  MIR: 227
  StrongCG: 196
  Flow cover: 37
  Inf proof: 1
  RLT: 1

Explored 70447 nodes (5020189 simplex iterations) in 140.17 seconds
Thread count was 12 (of 12 available processors)

Solution count 10: 18523 18461 18458 ... 17588

Optimal solution found (tolerance 1.00e-04)
Best objective 1.852300000000e+04, best bound 1.852400000000e+04, gap 0.0054%
