
Gurobi 9.1.2 (win64, Java) logging started Sat Nov  6 09:45:20 2021

Academic license - for non-commercial use only - expires 2022-10-30
Gurobi Optimizer version 9.1.2 build v9.1.2rc0 (win64)
Thread count: 6 physical cores, 12 logical processors, using up to 12 threads
Optimize a model with 50 rows, 400 columns and 800 nonzeros
Model fingerprint: 0xacf2f72a
Variable types: 0 continuous, 400 integer (400 binary)
Coefficient statistics:
  Matrix range     [1e+00, 1e+03]
  Objective range  [4e+02, 1e+03]
  Bounds range     [1e+00, 1e+00]
  RHS range        [1e+00, 2e+03]
Found heuristic solution: objective 18850.000000
Presolve removed 2 rows and 129 columns
Presolve time: 0.00s
Presolved: 48 rows, 271 columns, 542 nonzeros
Variable types: 0 continuous, 271 integer (271 binary)
Presolved: 48 rows, 271 columns, 542 nonzeros


Root relaxation: objective 2.094651e+04, 152 iterations, 0.00 seconds

    Nodes    |    Current Node    |     Objective Bounds      |     Work
 Expl Unexpl |  Obj  Depth IntInf | Incumbent    BestBd   Gap | It/Node Time

     0     0 20946.5118    0   10 18850.0000 20946.5118  11.1%     -    0s
H    0     0                    20153.000000 20946.5118  3.94%     -    0s
H    0     0                    20692.000000 20946.5118  1.23%     -    0s
     0     0 20946.5118    0   21 20692.0000 20946.5118  1.23%     -    0s
     0     0 20946.5118    0   20 20692.0000 20946.5118  1.23%     -    0s
     0     0 20907.6667    0   14 20692.0000 20907.6667  1.04%     -    0s
     0     0 20907.6667    0   13 20692.0000 20907.6667  1.04%     -    0s
     0     0 20907.6667    0   25 20692.0000 20907.6667  1.04%     -    0s
     0     0 20907.6667    0   16 20692.0000 20907.6667  1.04%     -    0s
H    0     0                    20751.000000 20907.6667  0.75%     -    0s
     0     2 20907.6667    0    9 20751.0000 20907.6667  0.75%     -    0s
H  492   445                    20765.000000 20907.6667  0.69%   9.4    0s
H  648   882                    20778.000000 20907.6667  0.62%   9.0    0s
H  739   873                    20794.000000 20907.6667  0.55%   9.2    0s
H  829   841                    20804.000000 20907.6667  0.50%   9.0    0s
H 1883  1221                    20809.000000 20907.6667  0.47%   8.4    1s
H 5476  2299                    20819.000000 20907.6667  0.43%  11.8    3s
  9620  5453 20841.0000   47   24 20819.0000 20907.6667  0.43%  13.8    5s
H19584 10677                    20820.000000 20903.1899  0.40%  14.8    6s
 62004 32491 20834.0000   78   37 20820.0000 20841.0000  0.10%  18.5   10s
 86984 45044     cutoff   58      20820.0000 20841.0000  0.10%  23.4   15s
 103417 53838 20828.8788   56   45 20820.0000 20841.0000  0.10%  26.1   20s
 119347 61515     cutoff   49      20820.0000 20841.0000  0.10%  27.7   25s
 131458 66712 20825.0000   78   21 20820.0000 20841.0000  0.10%  29.1   30s
H132101 40118                    20834.000000 20841.0000  0.03%  29.1   30s
 144411 44388 20841.0000   64   39 20834.0000 20841.0000  0.03%  30.4   35s
 157371 48184 20841.0000   41   45 20834.0000 20841.0000  0.03%  31.2   40s
 173561 53107 20838.0000   77   40 20834.0000 20841.0000  0.03%  31.8   45s
 188270 56858     cutoff   47      20834.0000 20841.0000  0.03%  32.2   50s
 200194 61103 20841.0000   51   38 20834.0000 20841.0000  0.03%  33.1   55s
 213067 64997 20839.0318   59   55 20834.0000 20841.0000  0.03%  33.6   60s
 228602 69437 20840.6290   57   40 20834.0000 20841.0000  0.03%  33.9   65s
 241914 72981 20838.2752   42   39 20834.0000 20841.0000  0.03%  34.4   70s
 251537 74836     cutoff   53      20834.0000 20841.0000  0.03%  34.7   75s
 263433 77348 20841.0000   51   31 20834.0000 20841.0000  0.03%  35.0   80s
 275173 80050 20837.1749   30   46 20834.0000 20841.0000  0.03%  35.5   87s
 281189 81586     cutoff   55      20834.0000 20841.0000  0.03%  35.8   90s
 294266 85241 20836.0086   62   47 20834.0000 20841.0000  0.03%  36.3   95s
 307667 88826 20841.0000   37   45 20834.0000 20841.0000  0.03%  36.7  100s
 322582 92691 20837.7676   62   55 20834.0000 20841.0000  0.03%  37.0  105s
 337151 96412     cutoff   63      20834.0000 20841.0000  0.03%  37.3  110s
 350443 99555 20840.0386   48   58 20834.0000 20841.0000  0.03%  37.5  115s
 366693 102828     cutoff   69      20834.0000 20841.0000  0.03%  37.5  120s
 378826 105798     cutoff   80      20834.0000 20841.0000  0.03%  37.6  125s
 392972 109273 20840.7673   50   51 20834.0000 20841.0000  0.03%  37.9  130s
 406197 113010 20839.9014   53   60 20834.0000 20841.0000  0.03%  38.2  135s
 419464 115886 20836.0000   53   39 20834.0000 20841.0000  0.03%  38.4  140s
 432790 118836 20841.0000   65   41 20834.0000 20841.0000  0.03%  38.5  145s
 446992 121955 20837.7477   49   58 20834.0000 20841.0000  0.03%  38.7  150s
 460641 125042 20836.8904   54   37 20834.0000 20841.0000  0.03%  38.9  155s
 475784 128303     cutoff   68      20834.0000 20841.0000  0.03%  39.0  160s
 488211 130964 20840.8279   71   44 20834.0000 20841.0000  0.03%  39.1  165s
 502472 134072 20840.9930   53   44 20834.0000 20841.0000  0.03%  39.2  170s
 507990 135545 20840.5531   66   48 20834.0000 20841.0000  0.03%  39.2  175s
 523406 138948     cutoff   60      20834.0000 20841.0000  0.03%  39.3  180s
 534943 141344 20841.0000   56   34 20834.0000 20841.0000  0.03%  39.5  185s
 547430 144315 20840.7271   55   47 20834.0000 20841.0000  0.03%  39.7  190s
 563727 147915     cutoff   68      20834.0000 20841.0000  0.03%  40.0  195s
 578929 152084 20841.0000   64   48 20834.0000 20841.0000  0.03%  40.3  200s
 594481 155522 20841.0000   40   57 20834.0000 20841.0000  0.03%  40.4  205s
 610017 158800 20840.7975   58   56 20834.0000 20841.0000  0.03%  40.6  210s
 625311 162720 20840.0000   52   30 20834.0000 20841.0000  0.03%  40.8  215s
 638360 166149 20841.0000   64   51 20834.0000 20841.0000  0.03%  41.1  220s
 652000 168817 20841.0000   51   40 20834.0000 20841.0000  0.03%  41.2  227s
 652180 171443 20841.0000   52   46 20834.0000 20841.0000  0.03%  41.2  231s
 674984 174765 20836.0001   54   38 20834.0000 20841.0000  0.03%  41.4  235s
 689048 178318 20840.7001   39   56 20834.0000 20841.0000  0.03%  41.6  240s
 703656 181894 20840.0001   77   37 20834.0000 20841.0000  0.03%  41.7  245s
 722606 184995     cutoff   83      20834.0000 20841.0000  0.03%  41.6  250s
 737543 188090 20840.0000   55   48 20834.0000 20841.0000  0.03%  41.6  255s
 754535 191930 20840.9784   59   59 20834.0000 20841.0000  0.03%  41.7  260s
 769534 195666 20840.4348   56   39 20834.0000 20841.0000  0.03%  41.9  265s
 784255 198721 20838.9586   56   46 20834.0000 20841.0000  0.03%  41.9  270s
 802538 202739 20841.0000   65   42 20834.0000 20841.0000  0.03%  41.9  277s
 812991 205376 20840.9750   69   50 20834.0000 20841.0000  0.03%  41.9  280s
 832995 209793 20840.7829   66   44 20834.0000 20841.0000  0.03%  41.8  285s
 852949 213162     cutoff   83      20834.0000 20841.0000  0.03%  41.8  290s
 868936 215462     cutoff   95      20834.0000 20841.0000  0.03%  41.7  295s
H881044 139564                    20838.000000 20841.0000  0.01%  41.8  299s
 883918 140018 20840.6326   59   44 20838.0000 20841.0000  0.01%  41.8  300s
 893523 141395 20839.0000   78   17 20838.0000 20841.0000  0.01%  41.8  305s
 907834 140378 20839.0000   74   26 20838.0000 20841.0000  0.01%  41.6  310s
 919837 139311 20840.0000   72   46 20838.0000 20841.0000  0.01%  41.6  317s
 923032 139098 20840.5311   55   50 20838.0000 20841.0000  0.01%  41.7  320s
 928994 138146 20841.0000   57   23 20838.0000 20841.0000  0.01%  41.7  325s
 939805 137675 20841.0000   83   30 20838.0000 20841.0000  0.01%  41.7  330s
 948778 136480 20840.0000   83   33 20838.0000 20841.0000  0.01%  41.8  335s
 955471 135699 20839.0000  111   44 20838.0000 20841.0000  0.01%  41.9  340s
 963060 134303     cutoff   94      20838.0000 20841.0000  0.01%  42.1  345s
 964745 135970 20840.0000   95   50 20838.0000 20841.0000  0.01%  42.1  355s
 976669 132353 20839.8007   75   45 20838.0000 20841.0000  0.01%  42.5  361s
 981279 131707 20840.9565   70   44 20838.0000 20841.0000  0.01%  42.7  366s
 988389 130711 20839.0000   72   41 20838.0000 20841.0000  0.01%  42.9  370s
 995531 129833     cutoff   91      20838.0000 20841.0000  0.01%  43.1  376s
 1002895 128602     cutoff   91      20838.0000 20841.0000  0.01%  43.3  383s
 1003736 129726 20841.0000   90   59 20838.0000 20841.0000  0.01%  43.3  387s
 1012719 127631 20841.0000   72   49 20838.0000 20841.0000  0.01%  43.5  390s
 1019717 126010 20839.0000   82   20 20838.0000 20841.0000  0.01%  43.6  396s
H1019803 114014                    20839.000000 20841.0000  0.01%  43.6  396s

Cutting planes:
  Gomory: 13
  Cover: 779
  MIR: 51
  StrongCG: 45
  Flow cover: 5
  Inf proof: 4
  Zero half: 3
  RLT: 2

Explored 1019887 nodes (44485857 simplex iterations) in 396.75 seconds
Thread count was 12 (of 12 available processors)

Solution count 10: 20839 20838 20834 ... 20765

Optimal solution found (tolerance 1.00e-04)
Best objective 2.083900000000e+04, best bound 2.084100000000e+04, gap 0.0096%
