
Gurobi 9.1.2 (win64, Java) logging started Sat Nov  6 09:52:56 2021

Academic license - for non-commercial use only - expires 2022-10-30
Gurobi Optimizer version 9.1.2 build v9.1.2rc0 (win64)
Thread count: 6 physical cores, 12 logical processors, using up to 12 threads
Optimize a model with 50 rows, 400 columns and 800 nonzeros
Model fingerprint: 0x8b6cacde
Variable types: 0 continuous, 400 integer (400 binary)
Coefficient statistics:
  Matrix range     [1e+00, 9e+02]
  Objective range  [5e+02, 1e+03]
  Bounds range     [1e+00, 1e+00]
  RHS range        [1e+00, 2e+03]
Found heuristic solution: objective 17577.000000
Presolve removed 0 rows and 60 columns
Presolve time: 0.00s
Presolved: 50 rows, 340 columns, 680 nonzeros
Variable types: 0 continuous, 340 integer (340 binary)
Presolved: 50 rows, 340 columns, 680 nonzeros


Root relaxation: objective 2.147756e+04, 151 iterations, 0.00 seconds

    Nodes    |    Current Node    |     Objective Bounds      |     Work
 Expl Unexpl |  Obj  Depth IntInf | Incumbent    BestBd   Gap | It/Node Time

     0     0 21477.5598    0   17 17577.0000 21477.5598  22.2%     -    0s
H    0     0                    20310.000000 21477.5598  5.75%     -    0s
H    0     0                    20417.000000 21477.5598  5.19%     -    0s
H    0     0                    20580.000000 21477.5598  4.36%     -    0s
     0     0 21246.0000    0   17 20580.0000 21246.0000  3.24%     -    0s
     0     0 21246.0000    0   15 20580.0000 21246.0000  3.24%     -    0s
H    0     0                    20634.000000 21246.0000  2.97%     -    0s
     0     0 21246.0000    0   19 20634.0000 21246.0000  2.97%     -    0s
     0     0 21246.0000    0   14 20634.0000 21246.0000  2.97%     -    0s
H    0     2                    20705.000000 21246.0000  2.61%     -    0s
     0     2 21246.0000    0   14 20705.0000 21246.0000  2.61%     -    0s
H   31    44                    20715.000000 21246.0000  2.56%  21.8    0s
H   41    44                    20746.000000 21246.0000  2.41%  19.2    0s
H  169   197                    20879.000000 21246.0000  1.76%  12.2    0s
H  889   626                    20983.000000 21246.0000  1.25%  11.7    1s
H  890   571                    21058.000000 21246.0000  0.89%  11.7    1s
H  931   727                    21128.000000 21246.0000  0.56%  11.9    1s
H 1597   829                    21156.000000 21246.0000  0.43%  12.9    1s
H 1602   786                    21163.000000 21246.0000  0.39%  12.9    1s
H 1617   756                    21186.000000 21246.0000  0.28%  12.7    2s
H 1708   783                    21204.000000 21246.0000  0.20%  14.9    4s
  5427  2671 21245.9273   49   47 21204.0000 21246.0000  0.20%  16.4    5s
H 8140  3932                    21207.000000 21246.0000  0.18%  22.1    6s
H 8146  3566                    21213.000000 21246.0000  0.16%  22.1    6s
H 8147  3218                    21219.000000 21246.0000  0.13%  22.1    6s
H 8226  3136                    21221.000000 21246.0000  0.12%  22.4    7s
 14364  6857 21246.0000   40   44 21221.0000 21246.0000  0.12%  33.4   10s
 20585  9856 21245.6974   30   62 21221.0000 21246.0000  0.12%  40.0   15s
H20594  7846                    21227.000000 21246.0000  0.09%  40.0   15s
H20597  5494                    21232.000000 21246.0000  0.07%  40.1   15s
 26528  8692     cutoff   42      21232.0000 21246.0000  0.07%  46.0   21s
 35316 12976 21242.0000   63   23 21232.0000 21246.0000  0.07%  52.1   25s
H35410  9554                    21238.000000 21246.0000  0.04%  52.2   25s
 39955 10302 21245.6886   40   50 21238.0000 21246.0000  0.04%  51.3   30s
 47848 10799 21239.7017   56   34 21238.0000 21246.0000  0.04%  53.6   37s
 48200 11169 21243.0000   49   35 21238.0000 21246.0000  0.04%  53.7   40s
 53914 11440 21246.0000   44   17 21238.0000 21246.0000  0.04%  56.1   45s
 58105 12208 21246.0000   55   33 21238.0000 21246.0000  0.04%  55.3   50s
 67742 12858 21242.3288   55   40 21238.0000 21246.0000  0.04%  56.8   56s
 72095 12957 21243.0000   71   43 21238.0000 21246.0000  0.04%  58.7   60s
 74367 13460 21245.8144   56   45 21238.0000 21246.0000  0.04%  58.6   65s
 79015 13726 21244.5231   72   45 21238.0000 21246.0000  0.04%  59.8   70s
 85759 12717 21239.0000   94   32 21238.0000 21245.0000  0.03%  61.8   75s
 94565 12651     cutoff   67      21238.0000 21245.0000  0.03%  63.2   80s
*96668  8682              86    21242.000000 21245.0000  0.01%  63.5   80s

Cutting planes:
  Gomory: 21
  Cover: 424
  Clique: 1
  MIR: 98
  StrongCG: 82
  Flow cover: 17
  Inf proof: 1
  Zero half: 1
  RLT: 1

Explored 99027 nodes (6326312 simplex iterations) in 81.86 seconds
Thread count was 12 (of 12 available processors)

Solution count 10: 21242 21238 21232 ... 21186

Optimal solution found (tolerance 1.00e-04)
Best objective 2.124200000000e+04, best bound 2.124400000000e+04, gap 0.0094%
