
Gurobi 9.1.2 (win64, Java) logging started Sat Nov  6 09:54:49 2021

Academic license - for non-commercial use only - expires 2022-10-30
Gurobi Optimizer version 9.1.2 build v9.1.2rc0 (win64)
Thread count: 6 physical cores, 12 logical processors, using up to 12 threads
Optimize a model with 50 rows, 400 columns and 800 nonzeros
Model fingerprint: 0xb1ce1e3c
Variable types: 0 continuous, 400 integer (400 binary)
Coefficient statistics:
  Matrix range     [1e+00, 1e+03]
  Objective range  [5e+02, 1e+03]
  Bounds range     [1e+00, 1e+00]
  RHS range        [1e+00, 2e+03]
Found heuristic solution: objective 17386.000000
Presolve removed 0 rows and 81 columns
Presolve time: 0.00s
Presolved: 50 rows, 319 columns, 638 nonzeros
Variable types: 0 continuous, 319 integer (319 binary)
Presolved: 50 rows, 319 columns, 638 nonzeros


Root relaxation: objective 2.047015e+04, 159 iterations, 0.00 seconds

    Nodes    |    Current Node    |     Objective Bounds      |     Work
 Expl Unexpl |  Obj  Depth IntInf | Incumbent    BestBd   Gap | It/Node Time

     0     0 20470.1516    0   12 17386.0000 20470.1516  17.7%     -    0s
H    0     0                    19991.000000 20470.1516  2.40%     -    0s
H    0     0                    20032.000000 20470.1516  2.19%     -    0s
H    0     0                    20049.000000 20470.1516  2.10%     -    0s
     0     0 20468.5423    0   28 20049.0000 20468.5423  2.09%     -    0s
     0     0 20468.5423    0   24 20049.0000 20468.5423  2.09%     -    0s
     0     0 20208.5584    0   35 20049.0000 20208.5584  0.80%     -    0s
     0     0 20208.5584    0   30 20049.0000 20208.5584  0.80%     -    0s
     0     0 20208.1472    0   36 20049.0000 20208.1472  0.79%     -    0s
     0     0 20208.1472    0   25 20049.0000 20208.1472  0.79%     -    0s
     0     2 20208.1472    0   15 20049.0000 20208.1472  0.79%     -    0s
H   31    44                    20058.000000 20208.0003  0.75%  19.9    0s
H   85   217                    20163.000000 20208.0003  0.22%  13.8    0s
H 1076   812                    20167.000000 20208.0003  0.20%   8.9    0s
H 1103   702                    20182.000000 20208.0003  0.13%   8.9    0s
H 3498  1485                    20184.000000 20208.0000  0.12%   9.0    4s
 14771  8099 20189.6542   80   16 20184.0000 20208.0000  0.12%  12.1    5s
H16817  8389                    20186.000000 20208.0000  0.11%  13.0    6s
H16820  6716                    20193.000000 20208.0000  0.07%  13.0    6s
H17599  6468                    20196.000000 20208.0000  0.06%  13.3    7s
H17600  5640                    20199.000000 20208.0000  0.04%  13.3    7s
H18363  5746                    20200.000000 20208.0000  0.04%  13.8    9s
 20279  6396 20207.8693   76   42 20200.0000 20208.0000  0.04%  13.3   10s
H26770  6392                    20202.000000 20208.0000  0.03%  16.5   12s
 32804  6848 20207.9660   64   46 20202.0000 20208.0000  0.03%  19.9   15s
H32808  6170                    20203.000000 20208.0000  0.02%  19.9   15s
 45950  8366     cutoff  104      20203.0000 20208.0000  0.02%  22.9   20s
 56821 10510 20206.4066  110   46 20203.0000 20208.0000  0.02%  27.5   25s
 64376 14335 20207.5709   76   60 20203.0000 20208.0000  0.02%  29.8   30s
 73764 17136 20205.0000  101   24 20203.0000 20208.0000  0.02%  32.2   35s
 78940 18794 20208.0000   77   16 20203.0000 20208.0000  0.02%  31.6   40s
 86067 20041 20205.6751  102   28 20203.0000 20208.0000  0.02%  33.0   45s
 91258 20781 20205.8822   80   22 20203.0000 20208.0000  0.02%  34.8   50s
 99466 21630 20205.7374  103   25 20203.0000 20208.0000  0.02%  37.0   55s
 106614 22308 20206.2853   72   47 20203.0000 20208.0000  0.02%  39.6   60s
 115515 22548 20205.5688   94   45 20203.0000 20208.0000  0.02%  41.0   65s
 121560 22845 20205.7518   68   62 20203.0000 20208.0000  0.02%  42.8   70s
 127794 24082     cutoff   83      20203.0000 20208.0000  0.02%  44.4   75s
 132385 25933 20206.0000   86   48 20203.0000 20208.0000  0.02%  45.7   80s
 138479 28245 20207.9451   91   44 20203.0000 20208.0000  0.02%  47.1   85s
 145243 30102 20208.0000   89   39 20203.0000 20208.0000  0.02%  49.0   93s
 147286 31339 20207.2829   99   67 20203.0000 20208.0000  0.02%  49.4   96s
 151970 33476 20207.0000   97   22 20203.0000 20208.0000  0.02%  50.0  102s
 155848 34845 20207.4490   91   54 20203.0000 20208.0000  0.02%  50.6  105s
 161817 36909 20205.7775   98   24 20203.0000 20208.0000  0.02%  51.2  110s
 168805 39670 20207.9475   80   67 20203.0000 20208.0000  0.02%  52.2  116s
 174839 42384 20205.1769  108   49 20203.0000 20208.0000  0.02%  52.7  120s
 181727 45134 20204.0000   95   12 20203.0000 20208.0000  0.02%  52.9  126s
 188241 46612 infeasible   92      20203.0000 20208.0000  0.02%  52.8  130s
 194571 48828 20206.0000   72   27 20203.0000 20208.0000  0.02%  53.1  135s
 199961 50390 20207.9155   88   37 20203.0000 20208.0000  0.02%  53.3  141s
 205809 51992 20205.0000   99   40 20203.0000 20208.0000  0.02%  53.4  145s
 212622 54076     cutoff   87      20203.0000 20208.0000  0.02%  53.7  151s
 218220 55766 20206.0000   84   24 20203.0000 20208.0000  0.02%  54.0  156s
 224494 57068 20207.4873   98   21 20203.0000 20208.0000  0.02%  53.9  160s
 230759 59067 20204.0000   91   26 20203.0000 20208.0000  0.02%  54.2  166s
 236126 60972 20206.3538   97   14 20203.0000 20208.0000  0.02%  54.4  171s
 242594 62410     cutoff   86      20203.0000 20208.0000  0.02%  54.2  175s
 249978 64512 20208.0000   90   21 20203.0000 20208.0000  0.02%  54.2  180s
 255394 65980     cutoff   93      20203.0000 20208.0000  0.02%  54.1  186s
 263548 67546     cutoff  106      20203.0000 20208.0000  0.02%  53.9  191s
 267283 68941 20204.8668   92   40 20203.0000 20208.0000  0.02%  53.9  195s
 271787 70348 20205.4746   95   19 20203.0000 20208.0000  0.02%  54.2  201s
 276986 71989 20206.9535   95   12 20203.0000 20208.0000  0.02%  54.4  205s
 283171 73982     cutoff   99      20203.0000 20208.0000  0.02%  54.6  210s
 288535 75626 20206.3226   85   48 20203.0000 20208.0000  0.02%  54.8  215s
 294910 78452 20207.2047   68   59 20203.0000 20208.0000  0.02%  55.3  221s
 305331 81486 20207.0000   90   12 20203.0000 20208.0000  0.02%  54.8  225s
 313921 83369 20208.0000   82   21 20203.0000 20208.0000  0.02%  54.4  231s
 317588 83834 20208.0000   78   29 20203.0000 20208.0000  0.02%  54.3  236s
*317886 77623              96    20204.000000 20208.0000  0.02%  54.3  236s
 318427 78220 20206.1781   89   38 20204.0000 20208.0000  0.02%  54.3  240s
 325018 79431 20207.0000   81   37 20204.0000 20208.0000  0.02%  54.2  245s
 330590 81761 20205.0000  100   13 20204.0000 20208.0000  0.02%  54.5  253s
 334862 82105     cutoff  101      20204.0000 20208.0000  0.02%  54.5  262s
 338679 82962     cutoff   95      20204.0000 20208.0000  0.02%  54.6  265s
 346125 84549 20205.9853   83   47 20204.0000 20208.0000  0.02%  55.0  271s
 351030 86143 20208.0000   79   20 20204.0000 20208.0000  0.02%  55.4  276s
 357965 87668     cutoff  108      20204.0000 20208.0000  0.02%  55.7  280s
 363847 89096     cutoff  114      20204.0000 20208.0000  0.02%  55.9  285s
 371581 90972     cutoff  101      20204.0000 20208.0000  0.02%  56.1  291s
 380204 92991 20207.2443  102   26 20204.0000 20208.0000  0.02%  55.9  296s
 388461 94432     cutoff  103      20204.0000 20208.0000  0.02%  55.6  301s
 394349 95588 20207.0000   90   17 20204.0000 20208.0000  0.02%  55.5  305s
 403027 97366     cutoff   88      20204.0000 20208.0000  0.02%  55.5  311s
 407870 98714 20207.3777   86   69 20204.0000 20208.0000  0.02%  55.7  315s
 412359 100221     cutoff   88      20204.0000 20208.0000  0.02%  56.2  320s
 417760 101943 20207.4253   98   40 20204.0000 20208.0000  0.02%  56.7  325s
H422145 17293                    20207.000000 20208.0000  0.00%  56.7  327s

Cutting planes:
  Gomory: 15
  Cover: 807
  Clique: 1
  MIR: 113
  StrongCG: 79
  Flow cover: 24
  Zero half: 4
  RLT: 2

Explored 422617 nodes (23985232 simplex iterations) in 327.11 seconds
Thread count was 12 (of 12 available processors)

Solution count 10: 20207 20204 20203 ... 20184

Optimal solution found (tolerance 1.00e-04)
Best objective 2.020700000000e+04, best bound 2.020800000000e+04, gap 0.0049%
