
Gurobi 9.1.2 (win64, Java) logging started Fri Nov  5 12:03:37 2021

Academic license - for non-commercial use only - expires 2022-10-30
Gurobi Optimizer version 9.1.2 build v9.1.2rc0 (win64)
Thread count: 6 physical cores, 12 logical processors, using up to 12 threads
Optimize a model with 50 rows, 400 columns and 800 nonzeros
Model fingerprint: 0x514650fc
Variable types: 0 continuous, 400 integer (400 binary)
Coefficient statistics:
  Matrix range     [1e+00, 1e+03]
  Objective range  [2e+01, 1e+03]
  Bounds range     [1e+00, 1e+00]
  RHS range        [1e+00, 2e+03]
Found heuristic solution: objective 12338.000000
Presolve removed 4 rows and 130 columns
Presolve time: 0.00s
Presolved: 46 rows, 270 columns, 540 nonzeros
Variable types: 0 continuous, 270 integer (270 binary)
Presolved: 46 rows, 270 columns, 540 nonzeros


Root relaxation: objective 1.561094e+04, 128 iterations, 0.00 seconds

    Nodes    |    Current Node    |     Objective Bounds      |     Work
 Expl Unexpl |  Obj  Depth IntInf | Incumbent    BestBd   Gap | It/Node Time

     0     0 15610.9381    0   13 12338.0000 15610.9381  26.5%     -    0s
H    0     0                    14425.000000 15610.9381  8.22%     -    0s
H    0     0                    14547.000000 15610.9381  7.31%     -    0s
H    0     0                    14766.000000 15610.9381  5.72%     -    0s
     0     0 15544.4193    0   27 14766.0000 15544.4193  5.27%     -    0s
H    0     0                    14925.000000 15544.4193  4.15%     -    0s
     0     0 15544.3005    0   28 14925.0000 15544.3005  4.15%     -    0s
H    0     0                    14964.000000 15544.3005  3.88%     -    0s
H    0     0                    15168.000000 15544.3005  2.48%     -    0s
     0     0 15517.4724    0   39 15168.0000 15517.4724  2.30%     -    0s
     0     0 15516.8976    0   31 15168.0000 15516.8976  2.30%     -    0s
     0     0 15516.8858    0   39 15168.0000 15516.8858  2.30%     -    0s
     0     0 15516.8554    0   41 15168.0000 15516.8554  2.30%     -    0s
     0     0 15516.8554    0   38 15168.0000 15516.8554  2.30%     -    0s
H    0     0                    15218.000000 15516.8554  1.96%     -    0s
     0     0 15516.8554    0   14 15218.0000 15516.8554  1.96%     -    0s
     0     0 15516.8554    0   33 15218.0000 15516.8554  1.96%     -    0s
     0     0 15516.8554    0   32 15218.0000 15516.8554  1.96%     -    0s
     0     0 15516.8554    0   33 15218.0000 15516.8554  1.96%     -    0s
     0     0 15516.8066    0   36 15218.0000 15516.8066  1.96%     -    0s
     0     0 15516.8066    0   32 15218.0000 15516.8066  1.96%     -    0s
     0     2 15516.8066    0   31 15218.0000 15516.8066  1.96%     -    0s
H   70    86                    15257.000000 15516.7071  1.70%  24.3    0s
H  127   154                    15336.000000 15516.7071  1.18%  20.2    0s
H 1105   718                    15458.000000 15516.5151  0.38%  11.8    0s
H 1232   677                    15466.000000 15516.5151  0.33%  11.9    0s

Cutting planes:
  Gomory: 11
  Cover: 18
  Clique: 3
  MIR: 15
  StrongCG: 12
  Flow cover: 17
  Inf proof: 2
  Zero half: 3
  RLT: 4

Explored 1314 nodes (17114 simplex iterations) in 0.55 seconds
Thread count was 12 (of 12 available processors)

Solution count 10: 15466 15458 15336 ... 14547

Optimal solution found (tolerance 1.00e-04)
Best objective 1.546600000000e+04, best bound 1.546600000000e+04, gap 0.0000%
