
Gurobi 9.1.2 (win64, Java) logging started Sat Nov  6 12:41:13 2021

Academic license - for non-commercial use only - expires 2022-10-30
Gurobi Optimizer version 9.1.2 build v9.1.2rc0 (win64)
Thread count: 6 physical cores, 12 logical processors, using up to 12 threads
Optimize a model with 70 rows, 600 columns and 1200 nonzeros
Model fingerprint: 0x0173625d
Variable types: 0 continuous, 600 integer (600 binary)
Coefficient statistics:
  Matrix range     [1e+00, 1e+03]
  Objective range  [5e+02, 1e+03]
  Bounds range     [1e+00, 1e+00]
  RHS range        [1e+00, 3e+03]
Found heuristic solution: objective 29284.000000
Presolve removed 0 rows and 32 columns
Presolve time: 0.01s
Presolved: 70 rows, 568 columns, 1136 nonzeros
Variable types: 0 continuous, 568 integer (568 binary)
Presolved: 70 rows, 568 columns, 1136 nonzeros


Root relaxation: objective 3.226935e+04, 184 iterations, 0.00 seconds

    Nodes    |    Current Node    |     Objective Bounds      |     Work
 Expl Unexpl |  Obj  Depth IntInf | Incumbent    BestBd   Gap | It/Node Time

     0     0 32269.3516    0    7 29284.0000 32269.3516  10.2%     -    0s
H    0     0                    31659.000000 32269.3516  1.93%     -    0s
H    0     0                    31703.000000 32269.3516  1.79%     -    1s
     0     0 32269.3516    0   15 31703.0000 32269.3516  1.79%     -    1s
H    0     0                    32102.000000 32269.3516  0.52%     -    1s
     0     0 32269.3516    0   17 32102.0000 32269.3516  0.52%     -    1s
     0     0 32195.0001    0   12 32102.0000 32195.0001  0.29%     -    2s
     0     0 32195.0001    0   17 32102.0000 32195.0001  0.29%     -    2s
     0     0 32195.0001    0   21 32102.0000 32195.0001  0.29%     -    2s
     0     0 32195.0001    0   15 32102.0000 32195.0001  0.29%     -    2s
     0     2 32195.0001    0   15 32102.0000 32195.0001  0.29%     -    3s
H   33    44                    32123.000000 32195.0001  0.22%  24.0    3s
    97    96 32195.0001   14   17 32123.0000 32195.0001  0.22%  13.9    6s
H  115   117                    32168.000043 32195.0001  0.08%  12.5    7s
H 1450   941                    32180.000000 32195.0001  0.05%   8.3    7s
  1464   950 32195.0000   22   12 32180.0000 32195.0000  0.05%   8.2   10s
  1523  1001 32195.0000   32   13 32180.0000 32195.0000  0.05%  12.0   15s
H 1595  1021                    32183.000000 32195.0000  0.04%  11.6   21s
 16885 11137 32195.0000  187   19 32183.0000 32195.0000  0.04%   4.9   26s
 37582 23416 32193.1846   85   15 32183.0000 32195.0000  0.04%   5.2   30s
 37593 23423 32187.3899  187   18 32183.0000 32195.0000  0.04%   5.2   35s
 37689 23462 32195.0000   48   17 32183.0000 32195.0000  0.04%   5.3   40s
 37777 23552 32195.0000   50   17 32183.0000 32195.0000  0.04%   5.3   45s
 53164 25098 infeasible  134      32183.0000 32195.0000  0.04%   5.2   50s
 58578 24861 infeasible  140      32183.0000 32195.0000  0.04%   5.6   55s
 61789 24464 32195.0000  125   12 32183.0000 32195.0000  0.04%   5.8   60s
 63861 24448     cutoff  129      32183.0000 32195.0000  0.04%   6.0   66s
 67727 24607 32195.0000  115   25 32183.0000 32195.0000  0.04%   6.4   70s
 73266 24060 32195.0000  120   23 32183.0000 32195.0000  0.04%   7.0   76s
 77339 24005 32195.0000  122   17 32183.0000 32195.0000  0.04%   7.3   83s
 77519 24096 32195.0000  121   23 32183.0000 32195.0000  0.04%   7.3   87s
 83890 24958 32184.0000  132   27 32183.0000 32195.0000  0.04%   7.6   91s
 91055 25217     cutoff  174      32183.0000 32195.0000  0.04%   7.8   95s
 99534 25968 32195.0000  141   20 32183.0000 32195.0000  0.04%   8.0  100s
 107251 26523 32192.1579  121   44 32183.0000 32195.0000  0.04%   8.2  105s
 112998 28190 32194.4940  149   29 32183.0000 32195.0000  0.04%   8.3  111s
 118058 31200 32190.0000  145   26 32183.0000 32195.0000  0.04%   8.4  115s
 125696 34571     cutoff  170      32183.0000 32195.0000  0.04%   8.3  122s
 131314 36603 32195.0000  143   17 32183.0000 32195.0000  0.04%   8.3  125s
 140696 38948     cutoff  156      32183.0000 32195.0000  0.04%   8.3  134s
 142923 39603 32195.0000  148   17 32183.0000 32195.0000  0.04%   8.2  138s
 145943 40544     cutoff  147      32183.0000 32195.0000  0.04%   8.2  140s
 152531 41858 32195.0000  200   19 32183.0000 32195.0000  0.04%   8.2  145s
 160109 43479 32195.0000  146   16 32183.0000 32195.0000  0.04%   8.1  150s
 169998 45841 32195.0000  144   15 32183.0000 32195.0000  0.04%   8.1  159s
 170470 45866     cutoff  145      32183.0000 32195.0000  0.04%   8.1  164s
 170598 46583 32187.0000  148   14 32183.0000 32195.0000  0.04%   8.1  166s
 180479 48733 32192.0149  222   17 32183.0000 32195.0000  0.04%   8.0  171s
 189271 50187 32195.0000  142   14 32183.0000 32195.0000  0.04%   8.0  178s
 189760 50785     cutoff  207      32183.0000 32195.0000  0.04%   8.0  180s
 199242 52958 32195.0000  212   15 32183.0000 32195.0000  0.04%   7.9  186s
 203672 53929     cutoff  223      32183.0000 32195.0000  0.04%   7.8  190s
 210394 55381 32195.0000  194   15 32183.0000 32195.0000  0.04%   7.8  195s
 216189 56240     cutoff  244      32183.0000 32195.0000  0.04%   7.7  205s
 220521 57484     cutoff  197      32183.0000 32195.0000  0.04%   7.7  210s
 227399 58681 32195.0000  211   13 32183.0000 32195.0000  0.04%   7.6  215s
 233471 59467     cutoff  215      32183.0000 32195.0000  0.04%   7.5  222s
 237657 59707 32195.0000  216   14 32183.0000 32195.0000  0.04%   7.5  225s
 240911 60058 32195.0000  224   15 32183.0000 32195.0000  0.04%   7.5  230s
 247650 60849     cutoff  202      32183.0000 32195.0000  0.04%   7.4  236s
 253517 61389     cutoff  213      32183.0000 32195.0000  0.04%   7.4  241s
 255497 61488 32195.0000  211   12 32183.0000 32195.0000  0.04%   7.3  245s
 261683 61966 32194.0000  220   11 32183.0000 32195.0000  0.04%   7.3  251s
 265744 62131     cutoff  216      32183.0000 32195.0000  0.04%   7.3  259s
 265914 62246 32190.0000  216   11 32183.0000 32195.0000  0.04%   7.3  261s
 270523 62393 32188.0000  221    9 32183.0000 32195.0000  0.04%   7.2  265s
 277035 62872     cutoff  221      32183.0000 32195.0000  0.04%   7.2  271s
 281279 63198     cutoff  223      32183.0000 32195.0000  0.04%   7.2  275s
 287867 63550 32188.0000  206   11 32183.0000 32195.0000  0.04%   7.1  281s
 294029 64079 32195.0000  219   12 32183.0000 32195.0000  0.04%   7.1  286s
 298074 64235 32195.0000  210   12 32183.0000 32195.0000  0.04%   7.1  294s
 298231 64451 32195.0000  211   13 32183.0000 32195.0000  0.04%   7.1  296s
 302839 64742     cutoff  211      32183.0000 32195.0000  0.04%   7.0  300s
 306986 65001     cutoff  230      32183.0000 32195.0000  0.04%   7.0  305s
 313028 65277 32195.0000  217   14 32183.0000 32195.0000  0.04%   7.0  316s
 315137 65531     cutoff  208      32183.0000 32195.0000  0.04%   7.0  320s
 321820 66162     cutoff  218      32183.0000 32195.0000  0.04%   7.0  326s
 325844 66350 32188.0000  214   10 32183.0000 32195.0000  0.04%   6.9  330s
 332024 66820 32195.0000  215   11 32183.0000 32195.0000  0.04%   6.9  336s
 336248 67162 32195.0000  206   15 32183.0000 32195.0000  0.04%   6.9  340s
 342806 67973     cutoff  201      32183.0000 32195.0000  0.04%   6.9  346s
 346942 68374 32195.0000  214   14 32183.0000 32195.0000  0.04%   6.9  350s
 353076 69221     cutoff  226      32183.0000 32195.0000  0.04%   6.8  356s
 357407 69785 32193.9311  218   16 32183.0000 32195.0000  0.04%   6.8  360s
 360632 70270     cutoff  223      32183.0000 32195.0000  0.04%   6.8  367s
 363232 70258 32195.0000  180   16 32183.0000 32195.0000  0.04%   6.8  372s
 365934 70868     cutoff  206      32183.0000 32195.0000  0.04%   6.8  376s
 370616 71188 32195.0000  217   15 32183.0000 32195.0000  0.04%   6.7  380s
 377458 72309 32195.0000  228   14 32183.0000 32195.0000  0.04%   6.7  386s
 381790 72835     cutoff  221      32183.0000 32195.0000  0.04%   6.7  390s
 387997 73540 32195.0000  208   16 32183.0000 32195.0000  0.04%   6.7  395s
 394497 74475 32187.5467  223   12 32183.0000 32195.0000  0.04%   6.7  402s
 395115 76033     cutoff  213      32183.0000 32195.0000  0.04%   6.7  410s
 407778 76209     cutoff  211      32183.0000 32195.0000  0.04%   6.6  418s
 408785 76399     cutoff  222      32183.0000 32195.0000  0.04%   6.6  420s
 414206 77263 32195.0000  216   17 32183.0000 32195.0000  0.04%   6.6  425s
 420272 78206 32195.0000  215   11 32183.0000 32195.0000  0.04%   6.6  430s
 424318 78612 32195.0000  187   14 32183.0000 32195.0000  0.04%   6.6  435s
H424319 61576                    32188.000000 32195.0000  0.02%   6.6  435s
 426786 62141     cutoff  199      32188.0000 32195.0000  0.02%   6.6  440s
 433192 62770     cutoff  205      32188.0000 32195.0000  0.02%   6.6  445s
 439333 63409 32195.0000  220   14 32188.0000 32195.0000  0.02%   6.6  452s
 443230 63675     cutoff  207      32188.0000 32195.0000  0.02%   6.6  459s
 443419 63895 32195.0000  209   16 32188.0000 32195.0000  0.02%   6.6  461s
 447922 64323 32195.0000  209   16 32188.0000 32195.0000  0.02%   6.7  465s
 454389 64815 32189.0000  205   13 32188.0000 32195.0000  0.02%   6.7  471s
 458517 65075     cutoff  216      32188.0000 32195.0000  0.02%   6.7  478s
 458973 65180 32195.0000  196   13 32188.0000 32195.0000  0.02%   6.7  480s
 464769 65805 32195.0000  205   13 32188.0000 32195.0000  0.02%   6.7  485s
 471785 66378 32195.0000  205   15 32188.0000 32195.0000  0.02%   6.7  491s
 475861 66456     cutoff  209      32188.0000 32195.0000  0.02%   6.7  498s
 477482 66569     cutoff  219      32188.0000 32195.0000  0.02%   6.7  500s
 479669 66553 32195.0000  210   15 32188.0000 32195.0000  0.02%   6.7  505s
 482175 66726 32195.0000  219   18 32188.0000 32195.0000  0.02%   6.7  510s
 488910 67417 32195.0000  214   14 32188.0000 32195.0000  0.02%   6.7  516s
 493246 68119 32195.0000  211   16 32188.0000 32195.0000  0.02%   6.7  520s
 499293 68608     cutoff  218      32188.0000 32195.0000  0.02%   6.7  526s
 503394 68973 32195.0000  208   14 32188.0000 32195.0000  0.02%   6.7  531s
 507449 69075 32195.0000  226   19 32188.0000 32195.0000  0.02%   6.7  537s
 508295 69266 32195.0000  227   17 32188.0000 32195.0000  0.02%   6.7  540s
 510337 69286 32195.0000  216   13 32188.0000 32195.0000  0.02%   6.7  546s
 510517 70148 32194.3158  217   11 32188.0000 32195.0000  0.02%   6.7  556s
 524700 70570 32195.0000  219   13 32188.0000 32195.0000  0.02%   6.7  560s
 529068 71268     cutoff  211      32188.0000 32195.0000  0.02%   6.7  565s
 535372 72031     cutoff  205      32188.0000 32195.0000  0.02%   6.7  573s
 538632 73107 32195.0000  211   14 32188.0000 32195.0000  0.02%   6.7  576s
 543305 73927 32195.0000  215   17 32188.0000 32195.0000  0.02%   6.7  580s
 549824 74804     cutoff  218      32188.0000 32195.0000  0.02%   6.7  585s
 553914 75167 32195.0000  200   13 32188.0000 32195.0000  0.02%   6.7  590s
 557443 75689 32195.0000  219   17 32188.0000 32195.0000  0.02%   6.7  595s
 559675 75676     cutoff  214      32188.0000 32195.0000  0.02%   6.7  600s
 564331 77127     cutoff  226      32188.0000 32195.0000  0.02%   6.7  605s
 567739 78132     cutoff  211      32188.0000 32195.0000  0.02%   6.7  612s
 575437 78670 32189.0000  214   13 32188.0000 32195.0000  0.02%   6.7  616s
 580056 79169 32195.0000  194   15 32188.0000 32195.0000  0.02%   6.7  620s
 586448 79713     cutoff  215      32188.0000 32195.0000  0.02%   6.7  626s
 592663 80583 32195.0000  214   14 32188.0000 32195.0000  0.02%   6.7  631s
 594745 80613     cutoff  219      32188.0000 32195.0000  0.02%   6.7  636s
 597322 80850 32191.0000  207   14 32188.0000 32195.0000  0.02%   6.7  643s
 597460 81288 32191.0000  208   14 32188.0000 32195.0000  0.02%   6.7  646s
 599534 81317 32195.0000  209   15 32188.0000 32195.0000  0.02%   6.7  652s
 602171 81999 32195.0000  213   14 32188.0000 32195.0000  0.02%   6.7  656s
 606382 82551 32195.0000  208   16 32188.0000 32195.0000  0.02%   6.7  660s
 612543 83203 32194.9367  218   14 32188.0000 32195.0000  0.02%   6.7  665s
 620580 84340     cutoff  195      32188.0000 32195.0000  0.02%   6.7  671s
 625194 84945     cutoff  215      32188.0000 32195.0000  0.02%   6.7  675s
 631447 85864 32195.0000  208   16 32188.0000 32195.0000  0.02%   6.7  680s
 635261 86085 32195.0000  220   14 32188.0000 32195.0000  0.02%   6.7  688s
 635285 86188 32195.0000  221   16 32188.0000 32195.0000  0.02%   6.7  690s
 639568 86466 32195.0000  180   18 32188.0000 32195.0000  0.02%   6.7  697s
 640088 87785 32195.0000  181   18 32188.0000 32195.0000  0.02%   6.7  705s
 656785 88457     cutoff  220      32188.0000 32195.0000  0.02%   6.6  711s
 661550 88997     cutoff  213      32188.0000 32195.0000  0.02%   6.6  715s
 667879 89702     cutoff  232      32188.0000 32195.0000  0.02%   6.6  721s
 671961 90120     cutoff  217      32188.0000 32195.0000  0.02%   6.6  726s
 678353 90986     cutoff  218      32188.0000 32195.0000  0.02%   6.6  731s
 682962 91509 32195.0000  189   15 32188.0000 32195.0000  0.02%   6.6  735s
 684861 91518 32195.0000  210   17 32188.0000 32195.0000  0.02%   6.6  741s
 687220 91989 32195.0000  215   13 32188.0000 32195.0000  0.02%   6.6  745s
 693829 92688 32195.0000  208   14 32188.0000 32195.0000  0.02%   6.6  750s
 700752 93684     cutoff  208      32188.0000 32195.0000  0.02%   6.6  755s
 706874 94414 32195.0000  239   15 32188.0000 32195.0000  0.02%   6.5  761s
 709767 94896     cutoff  230      32188.0000 32195.0000  0.02%   6.5  765s
 716927 95747 32194.6236  214   12 32188.0000 32195.0000  0.02%   6.5  771s
 722897 96614 32195.0000  203   14 32188.0000 32195.0000  0.02%   6.5  775s
 731206 97993 32195.0000  212   12 32188.0000 32195.0000  0.02%   6.5  782s
 735512 98480 32195.0000  212   13 32188.0000 32195.0000  0.02%   6.5  789s
 735537 98748 32195.0000  213   14 32188.0000 32195.0000  0.02%   6.5  791s
 741796 99604     cutoff  234      32188.0000 32195.0000  0.02%   6.5  798s
 742331 100153 32195.0000  213   13 32188.0000 32195.0000  0.02%   6.5  800s
 751367 102286 32195.0000  191   16 32188.0000 32195.0000  0.02%   6.5  806s
 757949 103491 32190.0000  213   18 32188.0000 32195.0000  0.02%   6.5  811s
 764342 104249 32194.0000  204   13 32188.0000 32195.0000  0.02%   6.4  816s
 768518 104794 32195.0000  206   15 32188.0000 32195.0000  0.02%   6.4  820s
 772826 105237 32195.0000  210   14 32188.0000 32195.0000  0.02%   6.4  827s
 775097 105785     cutoff  212      32188.0000 32195.0000  0.02%   6.4  831s
 779591 106333 32195.0000  217   14 32188.0000 32195.0000  0.02%   6.4  835s
 785922 107227 32195.0000  192   17 32188.0000 32195.0000  0.02%   6.4  840s
 792410 108223 32191.0000  204   17 32188.0000 32195.0000  0.02%   6.4  845s
 798684 109453 32195.0000  206   17 32188.0000 32195.0000  0.02%   6.4  850s
 802963 109927 32195.0000  208   15 32188.0000 32195.0000  0.02%   6.4  856s
 805665 110678 32193.0000  199   14 32188.0000 32195.0000  0.02%   6.4  860s
 812509 111827 32195.0000  209   14 32188.0000 32195.0000  0.02%   6.4  865s
 816622 112191 32195.0000  205   17 32188.0000 32195.0000  0.02%   6.4  873s
 819129 113015 32195.0000  198   16 32188.0000 32195.0000  0.02%   6.4  876s
 823494 113866 32192.0476  206   17 32188.0000 32195.0000  0.02%   6.4  880s
 830333 115013 32195.0000  216   13 32188.0000 32195.0000  0.02%   6.4  885s
 836343 115856 32194.8236  199   16 32188.0000 32195.0000  0.02%   6.4  890s
 842466 116751 32193.8000  206   16 32188.0000 32195.0000  0.02%   6.3  896s
 846565 117350 32195.0000  196   14 32188.0000 32195.0000  0.02%   6.3  900s
 853255 118219     cutoff  202      32188.0000 32195.0000  0.02%   6.3  905s
 859495 118924     cutoff  224      32188.0000 32195.0000  0.02%   6.3  912s
 862514 119166     cutoff  239      32188.0000 32195.0000  0.02%   6.3  920s
 867599 120110 32195.0000  205   21 32188.0000 32195.0000  0.02%   6.3  925s
 873726 120745     cutoff  212      32188.0000 32195.0000  0.02%   6.3  931s
 880105 121091     cutoff  206      32188.0000 32195.0000  0.02%   6.3  938s
 880836 121343 32195.0000  205   15 32188.0000 32195.0000  0.02%   6.3  940s
 887825 121882 32195.0000  211   13 32188.0000 32195.0000  0.02%   6.3  946s
 894159 122273     cutoff  222      32188.0000 32195.0000  0.02%   6.3  951s
 898243 122713 32195.0000  210   14 32188.0000 32195.0000  0.02%   6.3  955s
 904717 123130     cutoff  212      32188.0000 32195.0000  0.02%   6.3  965s
 910040 123693 32195.0000  241   17 32188.0000 32195.0000  0.02%   6.3  971s
 916607 124175 32195.0000  147   15 32188.0000 32195.0000  0.02%   6.3  977s
 919822 124680 32195.0000  157   24 32188.0000 32195.0000  0.02%   6.3  980s
 929868 125659 32195.0000  155   16 32188.0000 32195.0000  0.02%   6.3  985s
 939317 126578     cutoff  219      32188.0000 32195.0000  0.02%   6.3  990s
 947272 127300 32191.0000  146   14 32188.0000 32195.0000  0.02%   6.3  995s
 948898 127289     cutoff  145      32188.0000 32195.0000  0.02%   6.3 1000s
 952941 127933     cutoff  147      32188.0000 32195.0000  0.02%   6.3 1006s
 959901 128705     cutoff  157      32188.0000 32195.0000  0.02%   6.3 1010s
 969723 129545 32195.0000  139   18 32188.0000 32195.0000  0.02%   6.3 1015s
 977025 130312 32195.0000  152   22 32188.0000 32195.0000  0.02%   6.3 1020s
 984985 131053     cutoff  152      32188.0000 32195.0000  0.02%   6.3 1025s
 992637 131874 32195.0000  148   17 32188.0000 32195.0000  0.02%   6.3 1030s
 995258 131935 32195.0000  140   19 32188.0000 32195.0000  0.02%   6.3 1038s
 997422 132369     cutoff  149      32188.0000 32195.0000  0.02%   6.3 1040s
 1005338 133101     cutoff  147      32188.0000 32195.0000  0.02%   6.3 1045s
 1017512 134377     cutoff  170      32188.0000 32195.0000  0.02%   6.3 1050s
 1022920 134972     cutoff  147      32188.0000 32195.0000  0.02%   6.3 1057s
 1025150 135410     cutoff  149      32188.0000 32195.0000  0.02%   6.3 1060s
 1032935 136340 32195.0000  155   16 32188.0000 32195.0000  0.02%   6.3 1065s
 1039007 136671 32195.0000  150   21 32188.0000 32195.0000  0.02%   6.3 1073s
 1041064 136977 32195.0000  154   15 32188.0000 32195.0000  0.02%   6.3 1075s
 1048860 137956 32195.0000  146   15 32188.0000 32195.0000  0.02%   6.3 1080s
 1054720 138586     cutoff  164      32188.0000 32195.0000  0.02%   6.3 1085s
 1062444 139230 32195.0000  157   20 32188.0000 32195.0000  0.02%   6.3 1090s
 1070354 140122 32195.0000  136   19 32188.0000 32195.0000  0.02%   6.3 1095s
 1079894 141363     cutoff  157      32188.0000 32195.0000  0.02%   6.3 1101s
 1081737 141351     cutoff  200      32188.0000 32195.0000  0.02%   6.3 1106s
 1084362 141716     cutoff  208      32188.0000 32195.0000  0.02%   6.3 1110s
 1087380 142200     cutoff  203      32188.0000 32195.0000  0.02%   6.3 1116s
 1092491 142483 32195.0000  215   12 32188.0000 32195.0000  0.02%   6.3 1120s
 1098872 142857 32194.3779  215   14 32188.0000 32195.0000  0.02%   6.3 1126s
 1102841 143128     cutoff  217      32188.0000 32195.0000  0.02%   6.3 1130s
 1109448 144116 32195.0000  226   17 32188.0000 32195.0000  0.02%   6.3 1135s
 1116081 145309     cutoff  229      32188.0000 32195.0000  0.02%   6.3 1140s
 1128365 149535 32192.0149  216   13 32188.0000 32195.0000  0.02%   6.3 1145s
 1136295 150848     cutoff  210      32188.0000 32195.0000  0.02%   6.3 1156s
 1142595 152621 32195.0000  196   14 32188.0000 32195.0000  0.02%   6.3 1160s
 1151162 154001 32195.0000  204   16 32188.0000 32195.0000  0.02%   6.3 1168s
 1154369 154944     cutoff  239      32188.0000 32195.0000  0.02%   6.3 1170s
 1165205 156427 32195.0000  204   18 32188.0000 32195.0000  0.02%   6.3 1175s
 1175229 157925 32195.0000  220   14 32188.0000 32195.0000  0.02%   6.2 1180s
 1176888 157923     cutoff  212      32188.0000 32195.0000  0.02%   6.2 1185s
 1187605 160041 32195.0000  208   20 32188.0000 32195.0000  0.02%   6.2 1190s
 1198944 161884 32195.0000  223   15 32188.0000 32195.0000  0.02%   6.2 1195s
 1209038 163315 32195.0000  205   15 32188.0000 32195.0000  0.02%   6.2 1200s
 1221194 164886     cutoff  215      32188.0000 32195.0000  0.02%   6.2 1213s
 1221298 165280     cutoff  213      32188.0000 32195.0000  0.02%   6.2 1215s
 1233674 167197 32193.8392  217   12 32188.0000 32195.0000  0.02%   6.2 1220s
 1243765 168930 32195.0000  212   12 32188.0000 32195.0000  0.02%   6.2 1225s
 1253198 170600 32194.0000  226   15 32188.0000 32195.0000  0.02%   6.2 1230s
 1263303 172515 32194.0000  211   15 32188.0000 32195.0000  0.02%   6.1 1236s
 1264942 172521 32195.0000  194   17 32188.0000 32195.0000  0.02%   6.1 1241s
 1264960 172643 32195.0000  193   15 32188.0000 32195.0000  0.02%   6.1 1245s
 1276453 175313 32194.8953  210   14 32188.0000 32195.0000  0.02%   6.1 1250s
 1288400 177443     cutoff  202      32188.0000 32195.0000  0.02%   6.1 1255s
 1298217 179209 32190.0000  227   13 32188.0000 32195.0000  0.02%   6.1 1260s
 1305696 180090     cutoff  213      32188.0000 32195.0000  0.02%   6.1 1267s
 1309820 180799     cutoff  227      32188.0000 32195.0000  0.02%   6.1 1271s
 1317303 181639 32192.0000  222   15 32188.0000 32195.0000  0.02%   6.1 1275s
 1324799 182237     cutoff  229      32188.0000 32195.0000  0.02%   6.1 1280s
 1330626 182571 32194.2861  211   17 32188.0000 32195.0000  0.02%   6.1 1285s
 1337014 182730     cutoff  239      32188.0000 32195.0000  0.02%   6.1 1291s
 1341383 182798 32192.8750  208   14 32188.0000 32195.0000  0.02%   6.1 1295s
 1343979 182910 32192.2212  203   18 32188.0000 32195.0000  0.02%   6.1 1302s
 1346193 182909 32190.1510  141   18 32188.0000 32195.0000  0.02%   6.1 1307s
 1349096 182948     cutoff  230      32188.0000 32195.0000  0.02%   6.1 1312s
 1353914 183178 32195.0000  204   14 32188.0000 32195.0000  0.02%   6.1 1315s
 1359495 184008 32189.8670  224   20 32188.0000 32195.0000  0.02%   6.1 1320s
 1365883 184423     cutoff  212      32188.0000 32195.0000  0.02%   6.1 1326s
 1372454 184895     cutoff  204      32188.0000 32195.0000  0.02%   6.1 1331s
 1376646 184898 32195.0000  228   15 32188.0000 32195.0000  0.02%   6.1 1335s
 1382763 185487 32195.0000  125   16 32188.0000 32195.0000  0.02%   6.1 1342s
 1386895 186401 32195.0000  203   15 32188.0000 32195.0000  0.02%   6.1 1346s
 1388440 186435 32189.0000  211   13 32188.0000 32195.0000  0.02%   6.1 1352s
 1388535 189870     cutoff  210      32188.0000 32195.0000  0.02%   6.1 1355s
 1404238 190459 32195.0000  205   13 32188.0000 32195.0000  0.02%   6.1 1360s
 1419889 193275 32195.0000  185   18 32188.0000 32195.0000  0.02%   6.1 1365s
 1427332 194300 32194.7798  199   17 32188.0000 32195.0000  0.02%   6.1 1372s
 1431879 195343 32195.0000  206   16 32188.0000 32195.0000  0.02%   6.1 1375s
 1445249 197031 32192.9200  163   20 32188.0000 32195.0000  0.02%   6.1 1380s
 1450923 197527 32195.0000  182   17 32188.0000 32195.0000  0.02%   6.1 1387s
 1455589 198281 32195.0000  172   13 32188.0000 32195.0000  0.02%   6.1 1391s
 1463403 199132 32194.0000  189   13 32188.0000 32195.0000  0.02%   6.1 1396s
 1465360 199166     cutoff  217      32188.0000 32195.0000  0.02%   6.1 1401s
 1470368 199666 infeasible  175      32188.0000 32195.0000  0.02%   6.1 1405s
 1476982 199893     cutoff  221      32188.0000 32195.0000  0.02%   6.1 1411s
 1481742 199981 32195.0000  182   16 32188.0000 32195.0000  0.02%   6.1 1415s
 1485881 199933     cutoff  205      32188.0000 32195.0000  0.02%   6.1 1420s
 1492219 200141 32195.0000  213   16 32188.0000 32195.0000  0.02%   6.1 1426s
 1495970 200344 32195.0000  221   20 32188.0000 32195.0000  0.02%   6.1 1432s
 1500561 200451 32195.0000  205   15 32188.0000 32195.0000  0.02%   6.1 1436s
 1506642 200792     cutoff  205      32188.0000 32195.0000  0.02%   6.1 1440s
 1512646 201005     cutoff  210      32188.0000 32195.0000  0.02%   6.1 1449s
 1512765 201059 32195.0000  210   15 32188.0000 32195.0000  0.02%   6.1 1451s
 1517113 201272 32195.0000  205   15 32188.0000 32195.0000  0.02%   6.1 1455s
 1523564 201541     cutoff  214      32188.0000 32195.0000  0.02%   6.1 1461s
 1527958 201634 32195.0000  216   14 32188.0000 32195.0000  0.02%   6.1 1465s
 1532100 201870 32195.0000  209   17 32188.0000 32195.0000  0.02%   6.1 1471s
 1534629 202535 32195.0000  207   16 32188.0000 32195.0000  0.02%   6.1 1475s
 1541274 203133 infeasible  196      32188.0000 32195.0000  0.02%   6.1 1480s
 1547323 203657 32195.0000  208   14 32188.0000 32195.0000  0.02%   6.1 1486s
 1549461 203807 32195.0000  206   21 32188.0000 32195.0000  0.02%   6.1 1490s
 1553385 203878     cutoff  207      32188.0000 32195.0000  0.02%   6.1 1497s
 1556301 204263 32195.0000  202   14 32188.0000 32195.0000  0.02%   6.1 1502s
 1560768 204593     cutoff  206      32188.0000 32195.0000  0.02%   6.1 1505s
 1567152 204940 32195.0000  199   15 32188.0000 32195.0000  0.02%   6.1 1511s
 1571089 205256 32195.0000  214   18 32188.0000 32195.0000  0.02%   6.1 1515s
 1577716 205748 32195.0000  212   16 32188.0000 32195.0000  0.02%   6.1 1521s
 1584007 206147 32195.0000  214   14 32188.0000 32195.0000  0.02%   6.1 1526s
 1588055 206341 32195.0000  208   18 32188.0000 32195.0000  0.02%   6.1 1531s
 1591231 206591     cutoff  221      32188.0000 32195.0000  0.02%   6.1 1535s
 1597865 206835 32195.0000  214   16 32188.0000 32195.0000  0.02%   6.1 1543s
 1598426 206846 32193.0000  198   16 32188.0000 32195.0000  0.02%   6.1 1548s
 1598735 207048 32193.0000  199   16 32188.0000 32195.0000  0.02%   6.1 1551s
 1606796 207871     cutoff  218      32188.0000 32195.0000  0.02%   6.1 1556s
 1611590 208354 32195.0000  192   18 32188.0000 32195.0000  0.02%   6.1 1560s
 1618021 208765 32195.0000  207   16 32188.0000 32195.0000  0.02%   6.1 1566s
 1622315 209132 32195.0000  218   16 32188.0000 32195.0000  0.02%   6.1 1570s
 1628623 209646     cutoff  205      32188.0000 32195.0000  0.02%   6.1 1575s
 1635128 210156     cutoff  222      32188.0000 32195.0000  0.02%   6.1 1582s
 1639396 210302 infeasible  218      32188.0000 32195.0000  0.02%   6.1 1590s
 1644235 210660 32190.0000  208   16 32188.0000 32195.0000  0.02%   6.1 1596s
 1646402 210702 32195.0000  223   16 32188.0000 32195.0000  0.02%   6.1 1600s
 1652002 211089 32195.0000  214   16 32188.0000 32195.0000  0.02%   6.1 1606s
 1656015 211200     cutoff  208      32188.0000 32195.0000  0.02%   6.0 1611s
 1660160 211507 32192.0149  199   19 32188.0000 32195.0000  0.02%   6.0 1615s
 1666788 211792 32194.9168  210   16 32188.0000 32195.0000  0.02%   6.0 1621s
 1673532 212233     cutoff  220      32188.0000 32195.0000  0.02%   6.0 1626s
 1677718 212688 32195.0000  203   13 32188.0000 32195.0000  0.02%   6.0 1630s
 1681907 213014 32190.0000  234   11 32188.0000 32195.0000  0.02%   6.0 1635s
 1685647 213110 32195.0000  207   14 32188.0000 32195.0000  0.02%   6.0 1642s
 1687944 213533 32195.0000  221   18 32188.0000 32195.0000  0.02%   6.0 1646s
 1692557 213877 32195.0000  206   14 32188.0000 32195.0000  0.02%   6.0 1650s
 1696772 214089 32195.0000  216   16 32188.0000 32195.0000  0.02%   6.0 1656s
 1699922 214623 32195.0000  222   17 32188.0000 32195.0000  0.02%   6.0 1660s
 1706807 215003 32195.0000  212   20 32188.0000 32195.0000  0.02%   6.0 1667s
 1711380 215318 32195.0000  221   15 32188.0000 32195.0000  0.02%   6.0 1671s
 1715575 215569     cutoff  203      32188.0000 32195.0000  0.02%   6.0 1676s
 1718424 215896 32194.7042  212   14 32188.0000 32195.0000  0.02%   6.0 1680s
 1720315 215910     cutoff  219      32188.0000 32195.0000  0.02%   6.0 1685s
 1725306 216585     cutoff  181      32188.0000 32195.0000  0.02%   6.0 1691s
 1729755 216804     cutoff  193      32188.0000 32195.0000  0.02%   6.0 1695s
 1738683 217318 32195.0000  227   12 32188.0000 32195.0000  0.02%   6.0 1701s
 1744733 217490 32195.0000  221   13 32188.0000 32195.0000  0.02%   6.0 1708s
 1747963 217538     cutoff  202      32188.0000 32195.0000  0.02%   6.0 1711s
 1754084 217957     cutoff  194      32188.0000 32195.0000  0.02%   6.0 1716s
 1758172 218076     cutoff  201      32188.0000 32195.0000  0.02%   6.0 1720s
 1761574 218159 32195.0000  209   13 32188.0000 32195.0000  0.02%   6.0 1725s
 1763613 218166 32195.0000  218   14 32188.0000 32195.0000  0.02%   6.0 1730s
 1763645 218608     cutoff  219      32188.0000 32195.0000  0.02%   6.0 1739s
 1775188 218712     cutoff  209      32188.0000 32195.0000  0.02%   6.0 1741s
 1779687 218970     cutoff  199      32188.0000 32195.0000  0.02%   6.0 1745s
 1784384 219248 32195.0000  213   16 32188.0000 32195.0000  0.02%   6.0 1751s
 1787737 219539 32194.1534  210   21 32188.0000 32195.0000  0.02%   6.0 1756s
 1792733 219771     cutoff  224      32188.0000 32195.0000  0.02%   6.0 1760s
 1799620 220028 32192.0149  218   16 32188.0000 32195.0000  0.02%   6.0 1766s
 1801928 220059 32195.0000  205   15 32188.0000 32195.0000  0.02%   6.0 1771s
 1805045 220402     cutoff  216      32188.0000 32195.0000  0.02%   6.0 1776s
 1809674 220646     cutoff  228      32188.0000 32195.0000  0.02%   6.0 1780s
 1816567 220983 32195.0000  219   16 32188.0000 32195.0000  0.02%   6.0 1786s
 1821107 221245     cutoff  214      32188.0000 32195.0000  0.02%   6.0 1790s
 1827945 221543     cutoff  220      32188.0000 32195.0000  0.02%   6.0 1796s
 1831875 221796 32195.0000  202   17 32188.0000 32195.0000  0.02%   6.0 1801s
 1835215 222164     cutoff  213      32188.0000 32195.0000  0.02%   6.0 1805s
 1838797 222620     cutoff  212      32188.0000 32195.0000  0.02%   6.0 1810s
 1843070 222734 32195.0000  220   13 32188.0000 32195.0000  0.02%   6.0 1816s
 1847778 223249     cutoff  229      32188.0000 32195.0000  0.02%   6.0 1821s
 1854317 223580 32195.0000  216   17 32188.0000 32195.0000  0.02%   6.0 1828s
 1855464 223697 32195.0000  206   15 32188.0000 32195.0000  0.02%   6.0 1830s
 1862376 224094 32193.3459  205   17 32188.0000 32195.0000  0.02%   6.0 1836s
 1868580 224258     cutoff  221      32188.0000 32195.0000  0.02%   6.0 1841s
 1869646 224264 32195.0000  219   16 32188.0000 32195.0000  0.02%   6.0 1846s
 1872096 224293 infeasible  204      32188.0000 32195.0000  0.02%   6.0 1850s
 1877259 224809 32195.0000  202   13 32188.0000 32195.0000  0.02%   6.0 1855s
 1882631 225063     cutoff  198      32188.0000 32195.0000  0.02%   6.0 1860s
 1889820 225375     cutoff  212      32188.0000 32195.0000  0.02%   6.0 1868s
 1890586 225458 32195.0000  211   16 32188.0000 32195.0000  0.02%   6.0 1870s
 1895281 225700     cutoff  180      32188.0000 32195.0000  0.02%   6.0 1877s
 1895492 226785     cutoff  181      32188.0000 32195.0000  0.02%   6.0 1884s
 1907504 226943     cutoff  179      32188.0000 32195.0000  0.02%   6.0 1885s
 1912855 227558 32194.7988  188   18 32188.0000 32195.0000  0.02%   6.0 1890s
 1917887 228011     cutoff  214      32188.0000 32195.0000  0.02%   6.0 1896s
 1925061 228504     cutoff  219      32188.0000 32195.0000  0.02%   6.0 1901s
 1930958 229170     cutoff  210      32188.0000 32195.0000  0.02%   6.0 1909s
 1931118 229348 32195.0000  209   13 32188.0000 32195.0000  0.02%   6.0 1911s
 1937097 229739 32195.0000  209   18 32188.0000 32195.0000  0.02%   6.0 1915s
 1939832 230008 32195.0000  189   16 32188.0000 32195.0000  0.02%   6.0 1920s
 1948898 230730     cutoff  220      32188.0000 32195.0000  0.02%   6.0 1926s
 1954773 231146 32194.0541  213   23 32188.0000 32195.0000  0.02%   6.1 1930s
 1959006 231351     cutoff  201      32188.0000 32195.0000  0.02%   6.1 1935s
 1964238 231812 32195.0000  196   19 32188.0000 32195.0000  0.02%   6.1 1941s
 1968665 232000 32195.0000  194   16 32188.0000 32195.0000  0.02%   6.1 1947s
 1968833 232915 32195.0000  195   17 32188.0000 32195.0000  0.02%   6.1 1954s
 1980691 232952 32195.0000  203   13 32188.0000 32195.0000  0.02%   6.1 1958s
 1981087 233161 32195.0000  204   14 32188.0000 32195.0000  0.02%   6.1 1960s
 1987975 234059 32195.0000  202   14 32188.0000 32195.0000  0.02%   6.1 1965s
 1994185 234763 32195.0000  212   17 32188.0000 32195.0000  0.02%   6.1 1972s
 1997769 235278 32195.0000  172   18 32188.0000 32195.0000  0.02%   6.1 1979s
 1999666 235597 32195.0000  201   15 32188.0000 32195.0000  0.02%   6.1 1980s
 2007075 236409     cutoff  207      32188.0000 32195.0000  0.02%   6.1 1985s
 2014089 237378 32192.0149  227   15 32188.0000 32195.0000  0.02%   6.1 1990s
 2022770 238048 32195.0000  161   13 32188.0000 32195.0000  0.02%   6.1 2000s
 2027023 238503 32195.0000  182   14 32188.0000 32195.0000  0.02%   6.1 2008s
 2029551 239007 32190.0000  186   14 32188.0000 32195.0000  0.02%   6.1 2011s
 2037396 240274 32195.0000  175   16 32188.0000 32195.0000  0.02%   6.1 2015s
 2047190 241612 32191.0000  185   11 32188.0000 32195.0000  0.02%   6.1 2020s
 2056748 242713     cutoff  208      32188.0000 32195.0000  0.02%   6.1 2026s
 2062405 243136     cutoff  177      32188.0000 32195.0000  0.02%   6.1 2030s
 2068225 243666 32194.0000  169   14 32188.0000 32195.0000  0.02%   6.1 2035s
 2071638 243941 32190.0000  195   13 32188.0000 32195.0000  0.02%   6.1 2043s
 2073526 244226 32195.0000  127   21 32188.0000 32195.0000  0.02%   6.1 2045s
 2075561 244361 32195.0000  216   15 32188.0000 32195.0000  0.02%   6.1 2050s
 2082678 246004     cutoff  204      32188.0000 32195.0000  0.02%   6.1 2056s
 2089953 247227     cutoff  212      32188.0000 32195.0000  0.02%   6.2 2060s
 2099028 248620     cutoff  219      32188.0000 32195.0000  0.02%   6.2 2065s
 2108319 250302 32195.0000  205   13 32188.0000 32195.0000  0.02%   6.2 2070s
 2110220 250324 32195.0000  173   14 32188.0000 32195.0000  0.02%   6.2 2076s
 2116205 251106     cutoff  209      32188.0000 32195.0000  0.02%   6.2 2080s
 2121534 251518 32195.0000  207   19 32188.0000 32195.0000  0.02%   6.2 2087s
 2124455 251830 32195.0000  210   22 32188.0000 32195.0000  0.02%   6.2 2090s
 2134303 253049 32195.0000  204   18 32188.0000 32195.0000  0.02%   6.2 2096s
 2139964 253460 32195.0000  191   18 32188.0000 32195.0000  0.02%   6.2 2104s
 2142007 253910     cutoff  204      32188.0000 32195.0000  0.02%   6.2 2106s
 2150049 254769     cutoff  220      32188.0000 32195.0000  0.02%   6.2 2111s
 2157782 255535 32195.0000  204   16 32188.0000 32195.0000  0.02%   6.2 2116s
 2166183 256724 32192.0149  201   17 32188.0000 32195.0000  0.02%   6.2 2121s
 2172778 257648     cutoff  202      32188.0000 32195.0000  0.02%   6.2 2126s
 2179064 258045 32195.0000  206   14 32188.0000 32195.0000  0.02%   6.2 2135s
 2181485 258339     cutoff  210      32188.0000 32195.0000  0.02%   6.2 2141s
 2184288 258742     cutoff  196      32188.0000 32195.0000  0.02%   6.2 2145s
 2190969 259162 32195.0000  173   16 32188.0000 32195.0000  0.02%   6.2 2150s
 2197639 259242     cutoff  203      32188.0000 32195.0000  0.02%   6.2 2156s
 2203658 259538 32195.0000  140   16 32188.0000 32195.0000  0.02%   6.2 2160s
 2210252 260022 32195.0000  199   14 32188.0000 32195.0000  0.02%   6.2 2166s
 2214922 260087 32195.0000  220   13 32188.0000 32195.0000  0.02%   6.2 2170s
 2222978 260409     cutoff  213      32188.0000 32195.0000  0.02%   6.2 2179s
 2223558 260626 32195.0000  212   13 32188.0000 32195.0000  0.02%   6.2 2181s
 2228212 260778     cutoff  210      32188.0000 32195.0000  0.02%   6.2 2185s
 2236858 261243     cutoff  211      32188.0000 32195.0000  0.02%   6.2 2191s
 2240073 261398 32193.6501  211   16 32188.0000 32195.0000  0.02%   6.2 2195s
 2244192 261454 32195.0000  193   13 32188.0000 32195.0000  0.02%   6.2 2201s
 2245424 261666 32194.9499  195   12 32188.0000 32195.0000  0.02%   6.2 2206s
 2250423 261834     cutoff  210      32188.0000 32195.0000  0.02%   6.2 2210s
 2258915 262427     cutoff  199      32188.0000 32195.0000  0.02%   6.2 2215s
 2265004 263077     cutoff  195      32188.0000 32195.0000  0.02%   6.2 2220s
 2271500 263531 32195.0000  179   14 32188.0000 32195.0000  0.02%   6.2 2225s
 2275376 263660     cutoff  206      32188.0000 32195.0000  0.02%   6.2 2231s
 2275701 263675 32195.0000  196   16 32188.0000 32195.0000  0.02%   6.2 2235s
 2280579 264455 32195.0000  203   14 32188.0000 32195.0000  0.02%   6.2 2240s
 2287108 265134     cutoff  186      32188.0000 32195.0000  0.02%   6.2 2245s
 2293344 265593 32189.0000  204   12 32188.0000 32195.0000  0.02%   6.2 2250s
 2301894 266300     cutoff  206      32188.0000 32195.0000  0.02%   6.2 2255s
 2303923 266275     cutoff  199      32188.0000 32195.0000  0.02%   6.2 2260s
 2308433 266929 32195.0000  215   15 32188.0000 32195.0000  0.02%   6.2 2271s
 2314098 267845 32194.0000  197   11 32188.0000 32195.0000  0.02%   6.2 2275s
 2321653 268337     cutoff  197      32188.0000 32195.0000  0.02%   6.2 2284s
 2322060 268530     cutoff  197      32188.0000 32195.0000  0.02%   6.2 2285s
 2332793 269447 32191.0000  225   12 32188.0000 32195.0000  0.02%   6.2 2290s
 2340658 269915 32190.0000  232   14 32188.0000 32195.0000  0.02%   6.2 2295s
 2349196 270411 32189.0000  232   12 32188.0000 32195.0000  0.02%   6.2 2300s
 2353049 270514     cutoff  205      32188.0000 32195.0000  0.02%   6.2 2307s
 2357229 271023 32189.0000  234   13 32188.0000 32195.0000  0.02%   6.2 2310s
 2363789 271468 32191.1721  228   11 32188.0000 32195.0000  0.02%   6.2 2315s
 2369649 271914 infeasible  211      32188.0000 32195.0000  0.02%   6.2 2320s
 2377328 272517     cutoff  227      32188.0000 32195.0000  0.02%   6.2 2325s
 2380528 272933 32195.0000  192   14 32188.0000 32195.0000  0.02%   6.2 2333s
 2388011 273063 32195.0000  206   18 32188.0000 32195.0000  0.02%   6.2 2335s
 2394672 273387     cutoff  240      32188.0000 32195.0000  0.02%   6.2 2344s
 2394691 273607 32195.0000  219   13 32188.0000 32195.0000  0.02%   6.2 2346s
 2401639 274059 32195.0000  219   15 32188.0000 32195.0000  0.02%   6.2 2351s
 2407576 274328 32193.8286  222   16 32188.0000 32195.0000  0.02%   6.2 2355s
 2413729 274618     cutoff  218      32188.0000 32195.0000  0.02%   6.1 2361s
 2419938 274981 32193.4640  204   15 32188.0000 32195.0000  0.02%   6.1 2365s
 2421958 275029 32195.0000  215   15 32188.0000 32195.0000  0.02%   6.1 2370s
 2427681 275346 32195.0000  218   16 32188.0000 32195.0000  0.02%   6.1 2376s
 2434470 275899     cutoff  220      32188.0000 32195.0000  0.02%   6.1 2380s
 2441153 276201     cutoff  209      32188.0000 32195.0000  0.02%   6.1 2385s
 2445267 276296 32195.0000  210   17 32188.0000 32195.0000  0.02%   6.1 2392s
 2447740 276570 32190.0000  202   14 32188.0000 32195.0000  0.02%   6.1 2395s
 2458468 277406 32193.9231  221   17 32188.0000 32195.0000  0.02%   6.1 2401s
 2465947 277816     cutoff  213      32188.0000 32195.0000  0.02%   6.1 2405s
 2473955 278080 32195.0000  217   14 32188.0000 32195.0000  0.02%   6.1 2410s
 2482348 278336 32195.0000  223   17 32188.0000 32195.0000  0.02%   6.1 2418s
 2485442 278467 32195.0000  200   15 32188.0000 32195.0000  0.02%   6.1 2425s
 2492459 278838     cutoff  210      32188.0000 32195.0000  0.02%   6.1 2431s
 2499086 279241     cutoff  232      32188.0000 32195.0000  0.02%   6.1 2435s
 2507275 279660     cutoff  208      32188.0000 32195.0000  0.02%   6.1 2440s
 2513880 279899 32193.6903  207   16 32188.0000 32195.0000  0.02%   6.1 2445s
 2523694 280417 32195.0000  230   13 32188.0000 32195.0000  0.02%   6.1 2451s
 2526725 280470     cutoff  209      32188.0000 32195.0000  0.02%   6.1 2455s
 2533698 280804     cutoff  220      32188.0000 32195.0000  0.02%   6.1 2460s
 2541604 281093 32195.0000  216   14 32188.0000 32195.0000  0.02%   6.1 2470s
 2548065 281484     cutoff  204      32188.0000 32195.0000  0.02%   6.1 2475s
 2552580 281522 32193.9439  193   12 32188.0000 32195.0000  0.02%   6.1 2483s
 2552891 281806 32189.6874  206   12 32188.0000 32195.0000  0.02%   6.1 2485s
 2560567 281959     cutoff  216      32188.0000 32195.0000  0.02%   6.1 2490s
 2567176 282263     cutoff  214      32188.0000 32195.0000  0.02%   6.1 2495s
 2573947 282483     cutoff  211      32188.0000 32195.0000  0.02%   6.1 2500s
 2580101 282965     cutoff  213      32188.0000 32195.0000  0.02%   6.1 2505s
 2581862 282960     cutoff  210      32188.0000 32195.0000  0.02%   6.1 2511s
 2586041 283502 32195.0000  196   16 32188.0000 32195.0000  0.02%   6.1 2515s
 2592727 284016 32194.0000  201   13 32188.0000 32195.0000  0.02%   6.1 2520s
 2601023 284937 32195.0000  220   15 32188.0000 32195.0000  0.02%   6.1 2525s
 2609320 285595     cutoff  175      32188.0000 32195.0000  0.02%   6.1 2530s
 2617560 286548 32195.0000  201   13 32188.0000 32195.0000  0.02%   6.1 2536s
 2625405 287165     cutoff  173      32188.0000 32195.0000  0.02%   6.1 2542s
 2630070 287340     cutoff  204      32188.0000 32195.0000  0.02%   6.1 2546s
 2633708 287439     cutoff  217      32188.0000 32195.0000  0.02%   6.0 2553s
 2633728 287553 32195.0000  191   14 32188.0000 32195.0000  0.02%   6.0 2555s
 2639905 287908 32195.0000  200   13 32188.0000 32195.0000  0.02%   6.0 2562s
 2642393 288020 32194.0000  214   11 32188.0000 32195.0000  0.02%   6.0 2565s
 2649054 288378     cutoff  212      32188.0000 32195.0000  0.02%   6.0 2570s
 2657155 288539 infeasible  196      32188.0000 32195.0000  0.02%   6.0 2576s
 2663299 288927 32195.0000  224   14 32188.0000 32195.0000  0.02%   6.0 2580s
 2669813 289393 32195.0000  205   17 32188.0000 32195.0000  0.02%   6.0 2585s
 2675844 289814     cutoff  218      32188.0000 32195.0000  0.02%   6.0 2590s
 2681737 290250 32194.6859  209   12 32188.0000 32195.0000  0.02%   6.0 2598s
 2681983 290918 32194.6859  210   13 32188.0000 32195.0000  0.02%   6.0 2603s
 2693995 291019     cutoff  210      32188.0000 32195.0000  0.02%   6.0 2605s
 2700249 291543     cutoff  230      32188.0000 32195.0000  0.02%   6.0 2610s
 2708679 292268 32195.0000  222   13 32188.0000 32195.0000  0.02%   6.0 2615s
 2716603 293309     cutoff  219      32188.0000 32195.0000  0.02%   6.0 2620s
 2721967 293684     cutoff  208      32188.0000 32195.0000  0.02%   6.0 2627s
 2726753 294179 32195.0000  223   15 32188.0000 32195.0000  0.02%   6.0 2631s
 2731812 294466 32195.0000  216   14 32188.0000 32195.0000  0.02%   6.0 2635s
 2734779 294712 32195.0000  204   15 32188.0000 32195.0000  0.02%   6.0 2641s
 2739752 294919 32195.0000  214   16 32188.0000 32195.0000  0.02%   6.0 2647s
 2742519 295366 32190.0000  210   13 32188.0000 32195.0000  0.02%   6.0 2650s
 2749157 295774 32195.0000  209   14 32188.0000 32195.0000  0.02%   6.0 2656s
 2755500 296409 32195.0000  197   15 32188.0000 32195.0000  0.02%   6.0 2661s
 2761821 296983     cutoff  216      32188.0000 32195.0000  0.02%   6.0 2667s
 2765035 297434     cutoff  201      32188.0000 32195.0000  0.02%   6.0 2670s
 2771524 298612     cutoff  218      32188.0000 32195.0000  0.02%   6.0 2675s
 2773580 298734 32190.4179  213   14 32188.0000 32195.0000  0.02%   6.0 2682s
 2774644 299509 32195.0000  207   16 32188.0000 32195.0000  0.02%   6.0 2691s
 2788421 299837 32195.0000  197   15 32188.0000 32195.0000  0.02%   6.0 2696s
 2793173 300142     cutoff  228      32188.0000 32195.0000  0.02%   6.0 2700s
 2799913 300364 32194.7815  218   14 32188.0000 32195.0000  0.02%   6.0 2711s
 2803018 300707 infeasible  143      32188.0000 32195.0000  0.02%   6.0 2715s
