
Gurobi 9.1.2 (win64, Java) logging started Fri Nov  5 13:05:59 2021

Academic license - for non-commercial use only - expires 2022-10-30
Gurobi Optimizer version 9.1.2 build v9.1.2rc0 (win64)
Thread count: 6 physical cores, 12 logical processors, using up to 12 threads
Optimize a model with 70 rows, 600 columns and 1200 nonzeros
Model fingerprint: 0x499d7d8f
Variable types: 0 continuous, 600 integer (600 binary)
Coefficient statistics:
  Matrix range     [1e+00, 1e+03]
  Objective range  [3e+01, 1e+03]
  Bounds range     [1e+00, 1e+00]
  RHS range        [1e+00, 3e+03]
Found heuristic solution: objective 20434.000000
Presolve removed 0 rows and 137 columns
Presolve time: 0.01s
Presolved: 70 rows, 463 columns, 926 nonzeros
Variable types: 0 continuous, 463 integer (463 binary)
Presolved: 70 rows, 463 columns, 926 nonzeros


Root relaxation: objective 2.323284e+04, 155 iterations, 0.00 seconds

    Nodes    |    Current Node    |     Objective Bounds      |     Work
 Expl Unexpl |  Obj  Depth IntInf | Incumbent    BestBd   Gap | It/Node Time

     0     0 23232.8442    0   13 20434.0000 23232.8442  13.7%     -    0s
H    0     0                    22493.000000 23232.8442  3.29%     -    0s
H    0     0                    22768.000000 23232.8442  2.04%     -    0s
     0     0 23232.8442    0   27 22768.0000 23232.8442  2.04%     -    0s
H    0     0                    22804.000000 23232.8442  1.88%     -    0s
H    0     0                    22904.000000 23232.8442  1.44%     -    0s
     0     0 23232.8442    0   24 22904.0000 23232.8442  1.44%     -    0s
H    0     0                    22917.000000 23232.8442  1.38%     -    0s
     0     0 23219.0809    0   29 22917.0000 23219.0809  1.32%     -    0s
     0     0 23219.0809    0   18 22917.0000 23219.0809  1.32%     -    0s
     0     0 23219.0809    0   19 22917.0000 23219.0809  1.32%     -    0s
     0     0 23219.0809    0   32 22917.0000 23219.0809  1.32%     -    0s
H    0     0                    23004.000000 23219.0809  0.93%     -    0s
     0     0 23219.0809    0   12 23004.0000 23219.0809  0.93%     -    0s
     0     0 23219.0809    0   14 23004.0000 23219.0809  0.93%     -    0s
     0     0 23219.0809    0   18 23004.0000 23219.0809  0.93%     -    1s
     0     0 23219.0809    0   12 23004.0000 23219.0809  0.93%     -    1s
     0     0 23219.0809    0   12 23004.0000 23219.0809  0.93%     -    1s
     0     0 23195.5765    0   20 23004.0000 23195.5765  0.83%     -    1s
     0     0 23195.5765    0   21 23004.0000 23195.5765  0.83%     -    1s
     0     0 23190.7500    0   17 23004.0000 23190.7500  0.81%     -    1s
     0     0 23190.7500    0   22 23004.0000 23190.7500  0.81%     -    1s
     0     0 23190.7500    0   23 23004.0000 23190.7500  0.81%     -    1s
     0     0 23190.7500    0   18 23004.0000 23190.7500  0.81%     -    1s
     0     2 23190.7500    0   18 23004.0000 23190.7500  0.81%     -    1s
H   31    44                    23014.000000 23190.7500  0.77%  20.4    1s
H 1161   834                    23051.000000 23190.7500  0.61%   7.9    3s
H 1662  1073                    23064.000000 23190.7500  0.55%   8.1    4s
H 1671  1025                    23081.000000 23190.7500  0.48%   8.0    4s
H 1672   973                    23177.000000 23190.7500  0.06%   8.0    4s
  1675   975 23185.3889   47   17 23177.0000 23190.7500  0.06%   8.0    5s
  6596  1964 23187.0000   66    8 23177.0000 23187.0000  0.04%   7.8   10s
 19551  5262 23187.0000  102   23 23177.0000 23187.0000  0.04%  12.9   15s
 36672  9941 23187.0000   46   15 23177.0000 23187.0000  0.04%  14.4   20s
 131080 14421 infeasible   94      23177.0000 23187.0000  0.04%   6.8   25s
 237325 24413 23187.0000   89    9 23177.0000 23187.0000  0.04%   5.4   30s
 338061 30885 infeasible  100      23177.0000 23187.0000  0.04%   4.8   35s
 466857 30539 infeasible   88      23177.0000 23187.0000  0.04%   4.4   40s
 572005 29236 23187.0000   83   10 23177.0000 23187.0000  0.04%   4.2   45s
 623786 28470 infeasible   94      23177.0000 23187.0000  0.04%   4.2   50s
 753909 28050 infeasible   73      23177.0000 23187.0000  0.04%   4.1   55s
 830323 27540 23187.0000   81   10 23177.0000 23187.0000  0.04%   4.1   60s
 935927 29120 23187.0000   79   10 23177.0000 23187.0000  0.04%   4.0   65s
 1043801 28853 infeasible   82      23177.0000 23187.0000  0.04%   3.9   70s
 1140450 28701 23187.0000   81   10 23177.0000 23187.0000  0.04%   3.8   75s
H1201957   643                    23187.000000 23187.0000  0.00%   3.8   77s

Cutting planes:
  Gomory: 2
  Cover: 7
  Clique: 1
  MIR: 11
  StrongCG: 5
  Flow cover: 3
  Zero half: 1
  RLT: 1

Explored 1201958 nodes (4540283 simplex iterations) in 77.53 seconds
Thread count was 12 (of 12 available processors)

Solution count 10: 23187 23177 23081 ... 22887

Optimal solution found (tolerance 1.00e-04)
Best objective 2.318700000000e+04, best bound 2.318700000000e+04, gap 0.0000%
