
Gurobi 9.1.2 (win64, Java) logging started Fri Nov  5 13:07:19 2021

Academic license - for non-commercial use only - expires 2022-10-30
Gurobi Optimizer version 9.1.2 build v9.1.2rc0 (win64)
Thread count: 6 physical cores, 12 logical processors, using up to 12 threads
Optimize a model with 70 rows, 600 columns and 1200 nonzeros
Model fingerprint: 0x123e2339
Variable types: 0 continuous, 600 integer (600 binary)
Coefficient statistics:
  Matrix range     [1e+00, 1e+03]
  Objective range  [6e+01, 1e+03]
  Bounds range     [1e+00, 1e+00]
  RHS range        [1e+00, 2e+03]
Found heuristic solution: objective 20592.000000
Presolve removed 0 rows and 39 columns
Presolve time: 0.01s
Presolved: 70 rows, 561 columns, 1122 nonzeros
Variable types: 0 continuous, 561 integer (561 binary)
Presolved: 70 rows, 561 columns, 1122 nonzeros


Root relaxation: objective 2.451906e+04, 138 iterations, 0.00 seconds

    Nodes    |    Current Node    |     Objective Bounds      |     Work
 Expl Unexpl |  Obj  Depth IntInf | Incumbent    BestBd   Gap | It/Node Time

     0     0 24519.0562    0   16 20592.0000 24519.0562  19.1%     -    0s
H    0     0                    23836.000000 24519.0562  2.87%     -    0s
H    0     0                    23961.000000 24519.0562  2.33%     -    0s
H    0     0                    24122.000976 24519.0562  1.65%     -    0s
     0     0 24482.0243    0   24 24122.0010 24482.0243  1.49%     -    0s
H    0     0                    24243.000000 24482.0243  0.99%     -    1s
     0     0 24482.0243    0   22 24243.0000 24482.0243  0.99%     -    1s
     0     0 24478.6667    0   24 24243.0000 24478.6667  0.97%     -    1s
     0     0 24478.6667    0   29 24243.0000 24478.6667  0.97%     -    1s
     0     0 24478.6667    0   29 24243.0000 24478.6667  0.97%     -    1s
     0     0 24478.6667    0   21 24243.0000 24478.6667  0.97%     -    1s
     0     2 24478.6667    0   21 24243.0000 24478.6667  0.97%     -    1s
H   31    41                    24249.000075 24478.6667  0.95%  20.7    2s
H   36    41                    24254.000000 24478.6667  0.93%  18.9    2s
    94   101 24478.6667   14   17 24254.0000 24478.6667  0.93%  12.2    5s
H   98   101                    24312.000000 24478.6667  0.69%  11.9    5s
H 1754  1381                    24370.000000 24473.0985  0.42%   6.1    7s
H 1756  1312                    24448.000054 24473.0985  0.10%   6.1    8s
  1779  1329 24467.9864   52   19 24448.0001 24467.9864  0.08%   7.9   10s
  1910  1374 24462.1636   51   18 24448.0001 24462.1636  0.06%  13.2   15s
 28588 15075 24457.0469  168   33 24448.0001 24462.0000  0.06%   8.4   20s
 55022 23168 24455.2326  106   21 24448.0001 24462.0000  0.06%   7.8   25s
 55126 23250 24462.0000   77   14 24448.0001 24462.0000  0.06%   7.9   30s
 76879 30391 24453.3171  149   14 24448.0001 24462.0000  0.06%   7.9   35s
 87932 33690 24462.0000  111   14 24448.0001 24462.0000  0.06%   8.1   40s
 111138 39269 24462.0000  138   19 24448.0001 24462.0000  0.06%   8.9   46s
 117049 39985     cutoff  132      24448.0001 24462.0000  0.06%   9.1   50s
 121385 40282 24462.0000  111   17 24448.0001 24462.0000  0.06%   9.4   55s
 131433 44216 24452.2917  169   16 24448.0001 24462.0000  0.06%  10.3   60s
 135090 46500 24461.4739  147   45 24448.0001 24462.0000  0.06%  10.6   65s
 146655 52120 24450.0001  168   21 24448.0001 24462.0000  0.06%  11.2   71s
 150022 59556     cutoff  185      24448.0001 24462.0000  0.06%  11.3   75s
 165994 63707 24462.0000  195   22 24448.0001 24462.0000  0.06%  12.1   81s
 166352 70641 24462.0000  196   31 24448.0001 24462.0000  0.06%  12.1   86s
 180707 72093 24462.0000  145   25 24448.0001 24462.0000  0.06%  12.6   91s
 185486 74662 24455.0166  144   30 24448.0001 24462.0000  0.06%  12.7   96s
 185535 81504 24455.0166  145   30 24448.0001 24462.0000  0.06%  12.7  101s
 197547 81983 24452.3626  157   28 24448.0001 24462.0000  0.06%  13.0  105s
 207025 87058 24461.4786  149   35 24448.0001 24462.0000  0.06%  13.2  111s
 211943 89907 24451.1130  150   20 24448.0001 24462.0000  0.06%  13.3  115s
 223852 95893 24452.1467  174   16 24448.0001 24462.0000  0.06%  13.5  120s
 232491 100127 24462.0000  188   14 24448.0001 24462.0000  0.06%  13.7  125s
 239148 103446 24452.3410  168   37 24448.0001 24462.0000  0.06%  13.7  130s
 249294 107283 24461.3701  183   30 24448.0001 24462.0000  0.06%  13.8  136s
 256145 111454 24462.0000  152   14 24448.0001 24462.0000  0.06%  13.9  140s
 264498 114722 24461.7383  163   31 24448.0001 24462.0000  0.06%  13.9  145s
 269720 116478 24454.0023  160   29 24448.0001 24462.0000  0.06%  14.0  150s
 280040 121619 24461.1410  179   21 24448.0001 24462.0000  0.06%  14.0  156s
 284858 123421 24452.2571  181   12 24448.0001 24462.0000  0.06%  14.0  160s
 293551 126053 24459.5720  171   25 24448.0001 24462.0000  0.06%  14.0  165s
 301776 127905 24461.9281  171   27 24448.0001 24462.0000  0.06%  14.0  170s
 310000 130655 24461.8806  141   31 24448.0001 24462.0000  0.06%  14.0  175s
 315936 132268 24461.6459  180   26 24448.0001 24462.0000  0.06%  14.0  180s
 325120 135651 24449.8045  182   14 24448.0001 24462.0000  0.06%  14.1  185s
 329366 136791 24454.4884  179   15 24448.0001 24462.0000  0.06%  14.1  190s
 341672 139940 24452.8220  174   25 24448.0001 24462.0000  0.06%  14.1  196s
 347016 141773     cutoff  176      24448.0001 24462.0000  0.06%  14.1  200s
 354021 143954 24461.5486  155   17 24448.0001 24462.0000  0.06%  14.2  205s
 362157 145998 24461.1397  185   33 24448.0001 24462.0000  0.06%  14.2  210s
 371564 148406 24459.5560  186   24 24448.0001 24462.0000  0.06%  14.3  216s
 379574 150136 24455.6623  189   14 24448.0001 24462.0000  0.06%  14.3  221s
 385727 152031 24461.9782  181   24 24448.0001 24462.0000  0.06%  14.4  225s
 392797 153474 24450.5252  185   18 24448.0001 24462.0000  0.06%  14.4  232s
 397308 155042     cutoff  179      24448.0001 24462.0000  0.06%  14.4  235s
 405619 157205 24461.4176  167   32 24448.0001 24462.0000  0.06%  14.4  240s
 411592 158800 24455.0166  134   33 24448.0001 24462.0000  0.06%  14.4  245s
 419851 160929     cutoff  176      24448.0001 24462.0000  0.06%  14.5  250s
 430839 163785 24454.8275  176   14 24448.0001 24462.0000  0.06%  14.5  255s
 440684 166848 24451.5874  131   30 24448.0001 24462.0000  0.06%  14.6  260s
 444428 167922     cutoff  159      24448.0001 24462.0000  0.06%  14.6  265s
 455190 173234 24462.0000  151   26 24448.0001 24462.0000  0.06%  14.7  270s
 464585 177128     cutoff  167      24448.0001 24462.0000  0.06%  14.7  275s
 476200 180933 24461.9732  157   43 24448.0001 24462.0000  0.06%  14.8  281s
 481340 183311 24461.8985  179   25 24448.0001 24462.0000  0.06%  14.8  285s
 488107 186507 24461.1006  170   21 24448.0001 24462.0000  0.06%  14.8  291s
 497407 188835 24462.0000  159   25 24448.0001 24462.0000  0.06%  14.9  296s
 503635 191462 24461.9861  156   27 24448.0001 24462.0000  0.06%  15.0  300s
 511240 193687 24461.9531  186   20 24448.0001 24462.0000  0.06%  15.0  305s
 515589 194834 24462.0000  163   13 24448.0001 24462.0000  0.06%  15.0  310s
 523355 196877 24459.9893  158   27 24448.0001 24462.0000  0.06%  15.0  315s
 528241 198313 24461.9030  154   23 24448.0001 24462.0000  0.06%  15.0  320s
 538200 201833 24461.4206  165   20 24448.0001 24462.0000  0.06%  15.1  325s
 548362 205241 24461.9484  163   26 24448.0001 24462.0000  0.06%  15.1  330s
 557620 208351 24461.9942  139   47 24448.0001 24462.0000  0.06%  15.2  335s
 565149 211577 24461.6629  145   43 24448.0001 24462.0000  0.06%  15.2  340s
 573277 215211 24461.8358  156   25 24448.0001 24462.0000  0.06%  15.2  345s
 579974 217881     cutoff  173      24448.0001 24462.0000  0.06%  15.3  350s
 587136 220413     cutoff  171      24448.0001 24462.0000  0.06%  15.3  356s
 595426 223591 24462.0000  149   11 24448.0001 24462.0000  0.06%  15.4  360s
 608989 229987 24449.5065  172   27 24448.0001 24462.0000  0.06%  15.4  365s
 617244 233264 24461.7844  156   23 24448.0001 24462.0000  0.06%  15.4  370s
 620819 235302 24462.0000  145   13 24448.0001 24462.0000  0.06%  15.4  375s
 635558 240310 24461.9552  160   37 24448.0001 24462.0000  0.06%  15.5  381s
 644935 243383 24461.9985  140   30 24448.0001 24462.0000  0.06%  15.5  386s
 652469 246666 24461.9203  158   33 24448.0001 24462.0000  0.06%  15.6  390s
 666171 250796 24461.2913  155   23 24448.0001 24462.0000  0.06%  15.7  396s
 670488 252248 24461.6620  147   31 24448.0001 24462.0000  0.06%  15.7  400s
 678720 255398 24461.9113  149   32 24448.0001 24462.0000  0.06%  15.8  406s
 685363 257885 24461.8201  144   31 24448.0001 24462.0000  0.06%  15.8  410s
 693037 260944     cutoff  152      24448.0001 24462.0000  0.06%  15.8  415s
 705768 265169 24459.7778  154   11 24448.0001 24462.0000  0.06%  15.9  420s
 710012 268459 24454.8955  155   23 24448.0001 24462.0000  0.06%  15.9  426s
 723463 270497 24461.0143  147   15 24448.0001 24462.0000  0.06%  16.0  431s
 727687 272393     cutoff  150      24448.0001 24462.0000  0.06%  16.0  435s
 736804 275389 24459.9181  152   22 24448.0001 24462.0000  0.06%  16.1  440s
 749996 279765 24461.8358  144   16 24448.0001 24462.0000  0.06%  16.1  446s
 759538 282945     cutoff  150      24448.0001 24462.0000  0.06%  16.2  450s
 763967 283699     cutoff  157      24448.0001 24462.0000  0.06%  16.2  456s
 764560 287148 24458.8890  155   26 24448.0001 24462.0000  0.06%  16.2  460s
 783615 289865 24458.8890  169   30 24448.0001 24462.0000  0.06%  16.3  465s
 790660 292227 24459.7778  176   22 24448.0001 24462.0000  0.06%  16.3  470s
 801472 295308 24459.7778  150   21 24448.0001 24462.0000  0.06%  16.4  475s
 807693 297214 24460.0659  162   24 24448.0001 24462.0000  0.06%  16.4  480s
 818070 300105 24462.0000  147   13 24448.0001 24462.0000  0.06%  16.5  485s
 826211 302261     cutoff  154      24448.0001 24462.0000  0.06%  16.5  491s
 831692 304504     cutoff  156      24448.0001 24462.0000  0.06%  16.5  495s
 841021 307058 24452.8233  152   17 24448.0001 24462.0000  0.06%  16.5  501s
 845846 308538 24460.4478  147   17 24448.0001 24462.0000  0.06%  16.5  505s
 856394 311323 24462.0000  154   10 24448.0001 24462.0000  0.06%  16.6  510s
 865687 313727 24461.9543  142   26 24448.0001 24462.0000  0.06%  16.6  517s
 873381 315931 24449.0947  151   24 24448.0001 24462.0000  0.06%  16.6  522s
 873798 319201 24461.6625  153   32 24448.0001 24462.0000  0.06%  16.6  526s
 891163 320887     cutoff  178      24448.0001 24462.0000  0.06%  16.7  531s
 891501 324598 24462.0000  152   10 24448.0001 24462.0000  0.06%  16.7  535s
 911330 327652 24461.8322  154   33 24448.0001 24462.0000  0.06%  16.8  540s
 918481 329426     cutoff  166      24448.0001 24462.0000  0.06%  16.8  545s
 923136 330212 24452.2713  163   19 24448.0001 24462.0000  0.06%  16.8  550s
 933466 333856 24456.0981  142   11 24448.0001 24462.0000  0.06%  16.9  555s
 942621 335966 24459.7778  153   20 24448.0001 24462.0000  0.06%  16.9  560s
 953318 338691 24449.1270  168   13 24448.0001 24462.0000  0.06%  17.0  567s
 959633 340975 24461.8073  145   34 24448.0001 24462.0000  0.06%  17.0  570s
 967764 343384 24449.0947  145   18 24448.0001 24462.0000  0.06%  17.1  575s
 975863 345229 24451.6400  158   20 24448.0001 24462.0000  0.06%  17.1  580s
 984457 347683     cutoff  160      24448.0001 24462.0000  0.06%  17.1  585s
 994050 349799 24461.6842  150   13 24448.0001 24462.0000  0.06%  17.2  590s
 999665 351960 24452.8233  154   24 24448.0001 24462.0000  0.06%  17.2  595s
 1004269 356013 24452.4970  154    9 24448.0001 24462.0000  0.06%  17.2  601s
 1020577 357175 24461.9127  137   34 24448.0001 24462.0000  0.06%  17.3  606s
 1026659 359348 24454.5883  139   11 24448.0001 24462.0000  0.06%  17.3  610s
 1035986 361412 24458.8787  159   14 24448.0001 24462.0000  0.06%  17.3  617s
 1037658 362654 24461.9611  148   36 24448.0001 24462.0000  0.06%  17.3  620s
 1043264 365549 24455.3573  154   30 24448.0001 24462.0000  0.06%  17.3  626s
 1057788 367307 24461.5376  154   25 24448.0001 24462.0000  0.06%  17.4  630s
 1064070 369480     cutoff  151      24448.0001 24462.0000  0.06%  17.4  635s
 1076583 372815 24461.9142  150   35 24448.0001 24462.0000  0.06%  17.5  641s
 1083554 374403 24455.5224  151   33 24448.0001 24462.0000  0.06%  17.5  645s
 1087275 375669 24456.7843  155   11 24448.0001 24462.0000  0.06%  17.5  651s
 1097808 378091 24452.3628  150   26 24448.0001 24462.0000  0.06%  17.6  655s
 1105661 380134     cutoff  159      24448.0001 24462.0000  0.06%  17.6  660s
 1115337 382445     cutoff  157      24448.0001 24462.0000  0.06%  17.6  665s
 1126495 384926 24460.4137  145   19 24448.0001 24462.0000  0.06%  17.7  670s
 1134956 386544 24461.7939  150   35 24448.0001 24462.0000  0.06%  17.7  678s
 1135106 389593 24461.6264  151   35 24448.0001 24462.0000  0.06%  17.7  682s
 1148210 390314 24452.3651  151   23 24448.0001 24462.0000  0.06%  17.7  685s
 1154290 391403     cutoff  158      24448.0001 24462.0000  0.06%  17.7  690s
 1163990 394542 24461.9895  153   27 24448.0001 24462.0000  0.06%  17.7  695s
 1169186 395722 24461.8628  157   26 24448.0001 24462.0000  0.06%  17.7  702s
 1171249 396811     cutoff  160      24448.0001 24462.0000  0.06%  17.7  706s
 1180088 398789 24452.3623  164   18 24448.0001 24462.0000  0.06%  17.8  710s
 1191005 401022 24462.0000  154   15 24448.0001 24462.0000  0.06%  17.8  717s
 1197499 402907 24452.3651  161   21 24448.0001 24462.0000  0.06%  17.8  720s
 1206852 404896 24455.5490  160   11 24448.0001 24462.0000  0.06%  17.8  726s
 1215527 406796 24462.0000  144   12 24448.0001 24462.0000  0.06%  17.8  731s
 1221361 407954 24462.0000  150   10 24448.0001 24462.0000  0.06%  17.8  736s
 1224236 409042     cutoff  154      24448.0001 24462.0000  0.06%  17.8  741s
 1234920 411962 24462.0000  147   11 24448.0001 24462.0000  0.06%  17.9  745s
 1246813 414941     cutoff  156      24448.0001 24462.0000  0.06%  17.9  751s
 1252122 415913     cutoff  157      24448.0001 24462.0000  0.06%  17.9  756s
 1259656 418110     cutoff  160      24448.0001 24462.0000  0.06%  18.0  760s
 1269586 420394 24451.2857  162   17 24448.0001 24462.0000  0.06%  18.0  765s
 1271700 420847 24461.8358  152   19 24448.0001 24462.0000  0.06%  18.0  770s
 1279853 422885 24461.9093  146   39 24448.0001 24462.0000  0.06%  18.0  775s
 1288896 425704 24461.6353  144   41 24448.0001 24462.0000  0.06%  18.0  781s
 1295621 427040     cutoff  137      24448.0001 24462.0000  0.06%  18.1  785s
 1307034 429903 24459.2549  150   20 24448.0001 24462.0000  0.06%  18.1  790s
 1313583 431329 24461.8239  150   32 24448.0001 24462.0000  0.06%  18.1  797s
 1321473 433882 24452.7971  165   18 24448.0001 24462.0000  0.06%  18.1  800s
 1328167 435948 infeasible  167      24448.0001 24462.0000  0.06%  18.1  806s
 1339272 438240 24461.3784  153   30 24448.0001 24462.0000  0.06%  18.2  810s
 1342928 439518 infeasible  157      24448.0001 24462.0000  0.06%  18.2  816s
 1353397 442405 24452.3651  154   13 24448.0001 24462.0000  0.06%  18.2  820s
 1359819 444103 24459.9181  152   16 24448.0001 24462.0000  0.06%  18.2  826s
 1365553 445706 24460.0572  155   22 24448.0001 24462.0000  0.06%  18.2  830s
 1372712 447996 infeasible  147      24448.0001 24462.0000  0.06%  18.2  835s
 1380092 449486 24459.8587  147   37 24448.0001 24462.0000  0.06%  18.2  840s
 1388661 452367     cutoff  152      24448.0001 24462.0000  0.06%  18.2  845s
 1396129 453893 24450.0001  160   17 24448.0001 24462.0000  0.06%  18.2  850s
 1400859 455713 24462.0000  145    7 24448.0001 24462.0000  0.06%  18.3  855s
 1411876 458436 24462.0000  142    9 24448.0001 24462.0000  0.06%  18.3  860s
 1419320 459930 24453.9502  139   11 24448.0001 24462.0000  0.06%  18.3  865s
 1431433 463626 24462.0000  118    9 24448.0001 24462.0000  0.06%  18.3  870s
 1437326 464979 24462.0000  139   14 24448.0001 24462.0000  0.06%  18.3  877s
 1437825 468260 24460.0261  148   29 24448.0001 24462.0000  0.06%  18.3  881s
 1454343 470396 infeasible  138      24448.0001 24462.0000  0.06%  18.3  885s
 1463662 472494 24461.8193  152   24 24448.0001 24462.0000  0.06%  18.3  890s
 1472531 474834     cutoff  152      24448.0001 24462.0000  0.06%  18.3  895s
 1480410 476921 24452.2472  167   26 24448.0001 24462.0000  0.06%  18.3  900s
 1482827 477067 24459.7778  158   20 24448.0001 24462.0000  0.06%  18.3  905s
 1492465 480630 24462.0000  135   15 24448.0001 24462.0000  0.06%  18.4  910s
 1500710 483647     cutoff  153      24448.0001 24462.0000  0.06%  18.4  915s
 1507098 485803 24449.5536  161   33 24448.0001 24462.0000  0.06%  18.4  920s
 1518568 488609 24462.0000  146   13 24448.0001 24462.0000  0.06%  18.5  926s
 1525278 491390 24450.0001  158   20 24448.0001 24462.0000  0.06%  18.5  930s
 1531881 493331 24452.3588  149   34 24448.0001 24462.0000  0.06%  18.5  935s
 1536796 494895 24450.1776  161   26 24448.0001 24462.0000  0.06%  18.6  940s
 1550117 498273 infeasible  142      24448.0001 24462.0000  0.06%  18.6  945s
 1560753 500730 24449.5439  156   26 24448.0001 24462.0000  0.06%  18.6  951s
 1564299 501953 24452.3651  153   17 24448.0001 24462.0000  0.06%  18.6  955s
 1571065 503719 24452.3651  153   22 24448.0001 24462.0000  0.06%  18.7  960s
 1576134 504837 24450.0001  166   26 24448.0001 24462.0000  0.06%  18.7  965s
 1585917 507370     cutoff  153      24448.0001 24462.0000  0.06%  18.7  970s
 1595079 509588 infeasible  150      24448.0001 24462.0000  0.06%  18.8  976s
 1601194 511266 24462.0000  155   14 24448.0001 24462.0000  0.06%  18.8  982s
 1608313 514171 24462.0000  152   16 24448.0001 24462.0000  0.06%  18.8  985s
 1619320 517275 24462.0000  155   15 24448.0001 24462.0000  0.06%  18.8  990s
 1627858 519919 24452.3415  149   42 24448.0001 24462.0000  0.06%  18.8  995s
 1635157 521149 24453.1058  147   22 24448.0001 24462.0000  0.06%  18.8 1002s
 1640235 523133     cutoff  160      24448.0001 24462.0000  0.06%  18.9 1005s
 1649974 525209 24461.6193  143   34 24448.0001 24462.0000  0.06%  18.9 1010s
 1660581 528131     cutoff  146      24448.0001 24462.0000  0.06%  18.9 1015s
 1667750 530174 24459.7778  159   29 24448.0001 24462.0000  0.06%  18.9 1020s
 1674380 531798 24460.7950  157   34 24448.0001 24462.0000  0.06%  19.0 1026s
 1683142 534709     cutoff  156      24448.0001 24462.0000  0.06%  19.0 1030s
 1689969 536715 24462.0000  151   14 24448.0001 24462.0000  0.06%  19.0 1035s
 1704243 540385 24461.4774  159   33 24448.0001 24462.0000  0.06%  19.1 1040s
 1710276 542141 24455.6863  151   11 24448.0001 24462.0000  0.06%  19.1 1046s
 1714880 543735 24459.7778  159   15 24448.0001 24462.0000  0.06%  19.1 1050s
 1724582 546008 24452.1134  163   30 24448.0001 24462.0000  0.06%  19.1 1055s
 1726931 546324 24453.5274  144   12 24448.0001 24462.0000  0.06%  19.1 1060s
 1735604 548760     cutoff  165      24448.0001 24462.0000  0.06%  19.1 1066s
 1744479 551026 24455.6863  140   10 24448.0001 24462.0000  0.06%  19.2 1072s
 1751645 553549 24458.1365  144   16 24448.0001 24462.0000  0.06%  19.2 1075s
 1763026 556198 24461.8630  154   24 24448.0001 24462.0000  0.06%  19.2 1081s
 1769524 558145     cutoff  152      24448.0001 24462.0000  0.06%  19.2 1085s
 1775565 559581 24451.1983  146    9 24448.0001 24462.0000  0.06%  19.2 1090s
 1782895 561681     cutoff  161      24448.0001 24462.0000  0.06%  19.2 1095s
 1789421 563301 24450.0001  162   20 24448.0001 24462.0000  0.06%  19.2 1100s
 1800303 565714 24461.9483  144   37 24448.0001 24462.0000  0.06%  19.2 1106s
 1809145 568206 infeasible  163      24448.0001 24462.0000  0.06%  19.3 1111s
 1817028 570423 24459.7778  154   24 24448.0001 24462.0000  0.06%  19.3 1115s
 1824011 572627     cutoff  156      24448.0001 24462.0000  0.06%  19.3 1121s
 1832446 574972 24450.2036  155   27 24448.0001 24462.0000  0.06%  19.3 1126s
 1835388 576784 infeasible  151      24448.0001 24462.0000  0.06%  19.3 1131s
 1844593 579419     cutoff  148      24448.0001 24462.0000  0.06%  19.3 1135s
 1853855 581506 24459.7778  156   20 24448.0001 24462.0000  0.06%  19.3 1141s
 1860930 583312 24462.0000  141   12 24448.0001 24462.0000  0.06%  19.3 1145s
 1870755 585381 24455.0000  157   24 24448.0001 24462.0000  0.06%  19.3 1150s
 1878913 587501     cutoff  153      24448.0001 24462.0000  0.06%  19.3 1155s
 1886350 589051 24450.0001  158   19 24448.0001 24462.0000  0.06%  19.3 1160s
 1893661 591359     cutoff  145      24448.0001 24462.0000  0.06%  19.3 1165s
 1903489 593211 24458.9143  153   21 24448.0001 24462.0000  0.06%  19.3 1171s
 1911877 595514 24450.0001  166   25 24448.0001 24462.0000  0.06%  19.3 1175s
 1923738 598113     cutoff  151      24448.0001 24462.0000  0.06%  19.4 1180s
 1933238 600027 24462.0000  148   17 24448.0001 24462.0000  0.06%  19.4 1186s
 1934369 600636 24462.0000  150   13 24448.0001 24462.0000  0.06%  19.4 1190s
 1944695 602670     cutoff  154      24448.0001 24462.0000  0.06%  19.4 1195s
 1951705 604198 24462.0000  151   14 24448.0001 24462.0000  0.06%  19.4 1200s
 1961769 606089 24462.0000  141    9 24448.0001 24462.0000  0.06%  19.4 1205s
 1969071 608358 24461.8064  149   42 24448.0001 24462.0000  0.06%  19.4 1210s
 1971388 608725 24452.3614  155   25 24448.0001 24462.0000  0.06%  19.4 1215s
 1981591 612030 24450.0001  155   25 24448.0001 24462.0000  0.06%  19.4 1220s
 1988517 613702 24462.0000  146   17 24448.0001 24462.0000  0.06%  19.4 1225s
 2000423 617182     cutoff  148      24448.0001 24462.0000  0.06%  19.4 1230s
 2007889 619201 24461.4519  152   24 24448.0001 24462.0000  0.06%  19.5 1235s
 2013749 620100 infeasible  153      24448.0001 24462.0000  0.06%  19.5 1240s
 2017473 620871     cutoff  152      24448.0001 24462.0000  0.06%  19.5 1246s
 2026957 623198 24461.8953  152   35 24448.0001 24462.0000  0.06%  19.5 1251s
 2034128 625173 24461.6690  134   29 24448.0001 24462.0000  0.06%  19.5 1255s
 2040293 626516 24459.5646  164   17 24448.0001 24462.0000  0.06%  19.5 1260s
 2048873 628282     cutoff  165      24448.0001 24462.0000  0.06%  19.5 1265s
 2056376 630057 24459.9181  159   21 24448.0001 24462.0000  0.06%  19.5 1270s
 2061410 630965 24457.3964  139   20 24448.0001 24462.0000  0.06%  19.5 1276s
 2069446 632938 24457.1349  149   30 24448.0001 24462.0000  0.06%  19.5 1282s
 2073942 634286 infeasible  154      24448.0001 24462.0000  0.06%  19.5 1285s
 2085790 637920 24452.2300  147   13 24448.0001 24462.0000  0.06%  19.5 1290s
 2091094 639089     cutoff  159      24448.0001 24462.0000  0.06%  19.6 1295s
 2101038 641305 infeasible  155      24448.0001 24462.0000  0.06%  19.6 1300s
 2106258 642307 24461.0750  154   25 24448.0001 24462.0000  0.06%  19.6 1305s
 2112133 644143 24462.0000  147   12 24448.0001 24462.0000  0.06%  19.6 1310s
 2124251 647228 24450.6308  147   17 24448.0001 24462.0000  0.06%  19.6 1315s
 2133263 649072 24452.3389  158   28 24448.0001 24462.0000  0.06%  19.6 1322s
 2134357 649841 24462.0000  140   11 24448.0001 24462.0000  0.06%  19.6 1325s
 2145529 652471 24462.0000  134   12 24448.0001 24462.0000  0.06%  19.6 1330s
 2154989 654790 24460.4137  159   25 24448.0001 24462.0000  0.06%  19.6 1336s
 2162170 657082 24460.9268  150   25 24448.0001 24462.0000  0.06%  19.7 1340s
 2171922 658838 24461.8362  155   30 24448.0001 24462.0000  0.06%  19.7 1348s
 2176330 660115 24460.4137  161   16 24448.0001 24462.0000  0.06%  19.7 1352s
 2181030 661698 24452.3367  166   22 24448.0001 24462.0000  0.06%  19.7 1355s
 2192717 664110 24455.1443  153   26 24448.0001 24462.0000  0.06%  19.7 1360s
 2201359 666067 24450.8633  151   31 24448.0001 24462.0000  0.06%  19.7 1365s
 2205668 667133 24458.7657  155   33 24448.0001 24462.0000  0.06%  19.7 1370s
 2212665 668888 24461.5419  145   22 24448.0001 24462.0000  0.06%  19.7 1375s
 2223225 671765 24451.0426  154   19 24448.0001 24462.0000  0.06%  19.7 1380s
 2229216 673385 24461.8161  152   33 24448.0001 24462.0000  0.06%  19.7 1385s
 2239312 675543     cutoff  142      24448.0001 24462.0000  0.06%  19.7 1391s
 2244252 676877 24461.5702  140   40 24448.0001 24462.0000  0.06%  19.7 1395s
 2251205 678718 24451.3396  148   26 24448.0001 24462.0000  0.06%  19.8 1400s
 2255765 679661 24455.4567  149   19 24448.0001 24462.0000  0.06%  19.8 1405s
 2262982 681139 24455.0493  148   19 24448.0001 24462.0000  0.06%  19.8 1410s
 2271347 683625 24461.3636  151   38 24448.0001 24462.0000  0.06%  19.8 1415s
 2283691 686927     cutoff  146      24448.0001 24462.0000  0.06%  19.8 1420s
 2292338 688836 24449.3417  148   24 24448.0001 24462.0000  0.06%  19.8 1426s
 2299844 690593 24449.5442  163   24 24448.0001 24462.0000  0.06%  19.8 1430s
 2310210 692549 24450.0001  151   23 24448.0001 24462.0000  0.06%  19.8 1438s
 2310228 695352 24450.0001  152   26 24448.0001 24462.0000  0.06%  19.8 1441s
 2322430 695724 24455.6863  146   16 24448.0001 24462.0000  0.06%  19.8 1445s
 2335323 698693     cutoff  150      24448.0001 24462.0000  0.06%  19.9 1450s
 2344081 700716     cutoff  148      24448.0001 24462.0000  0.06%  19.9 1456s
 2351232 702073 24450.0001  152   24 24448.0001 24462.0000  0.06%  19.9 1462s
 2352391 702856 24459.6983  153   29 24448.0001 24462.0000  0.06%  19.9 1465s
 2361924 704796 infeasible  154      24448.0001 24462.0000  0.06%  19.9 1470s
 2368064 706954 24453.0804  154   25 24448.0001 24462.0000  0.06%  19.9 1475s
 2376560 708612 24453.8701  144   17 24448.0001 24462.0000  0.06%  19.9 1480s
 2387288 710590 24459.7778  156   17 24448.0001 24462.0000  0.06%  19.9 1485s
 2394827 712332 24450.0001  159   31 24448.0001 24462.0000  0.06%  19.9 1491s
 2398653 713789 24459.9181  154   33 24448.0001 24462.0000  0.06%  19.9 1495s
 2408750 715940 24455.6863  145   23 24448.0001 24462.0000  0.06%  19.9 1500s
 2416549 718070 infeasible  154      24448.0001 24462.0000  0.06%  20.0 1505s
 2429848 721451 24458.9143  150   23 24448.0001 24462.0000  0.06%  20.0 1511s
 2430982 722029 24462.0000  143    8 24448.0001 24462.0000  0.06%  20.0 1515s
 2441251 724599 24462.0000  156   16 24448.0001 24462.0000  0.06%  20.0 1521s
 2450795 727392 24451.1214  152   13 24448.0001 24462.0000  0.06%  20.0 1525s
 2459862 729652 24452.8069  155   15 24448.0001 24462.0000  0.06%  20.0 1530s
 2468405 731642 24461.8899  151   38 24448.0001 24462.0000  0.06%  20.0 1535s
 2475811 732979 24452.3632  155   37 24448.0001 24462.0000  0.06%  20.0 1540s
 2481990 734444 24461.5883  148   24 24448.0001 24462.0000  0.06%  20.0 1545s
 2491288 736445 infeasible  165      24448.0001 24462.0000  0.06%  20.0 1551s
 2493933 736980 24462.0000  147   22 24448.0001 24462.0000  0.06%  20.0 1555s
 2504374 739557 24456.6455  157   14 24448.0001 24462.0000  0.06%  20.1 1561s
 2513235 741815 24456.3726  156   12 24448.0001 24462.0000  0.06%  20.1 1568s
 2518561 743079 24452.8232  160   33 24448.0001 24462.0000  0.06%  20.1 1570s
 2530034 745645 24457.7898  160   32 24448.0001 24462.0000  0.06%  20.1 1575s
 2537124 747125 24454.7633  147   31 24448.0001 24462.0000  0.06%  20.1 1581s
 2539313 748389 infeasible  172      24448.0001 24462.0000  0.06%  20.1 1585s
 2550909 750528 24461.6888  154   22 24448.0001 24462.0000  0.06%  20.1 1590s
 2553874 752679 24462.0000  151   10 24448.0001 24462.0000  0.06%  20.1 1596s
 2566846 754654 24461.0625  155   18 24448.0001 24462.0000  0.06%  20.1 1600s
 2575397 757135 24455.1926  156   26 24448.0001 24462.0000  0.06%  20.1 1605s
 2580116 758312     cutoff  155      24448.0001 24462.0000  0.06%  20.1 1610s
 2589472 760425 24456.3616  151   30 24448.0001 24462.0000  0.06%  20.2 1615s
 2596962 762275 24458.0295  147   19 24448.0001 24462.0000  0.06%  20.2 1621s
 2604863 764304 24458.3818  149   10 24448.0001 24462.0000  0.06%  20.2 1625s
 2612994 766039 24450.0001  153   23 24448.0001 24462.0000  0.06%  20.2 1631s
 2618922 767839 24462.0000  148   17 24448.0001 24462.0000  0.06%  20.2 1635s
 2627486 769733     cutoff  170      24448.0001 24462.0000  0.06%  20.2 1640s
 2635164 771654 24462.0000  139   14 24448.0001 24462.0000  0.06%  20.2 1645s
 2638228 772306 24462.0000  149   13 24448.0001 24462.0000  0.06%  20.2 1650s
 2644268 774010     cutoff  155      24448.0001 24462.0000  0.06%  20.2 1655s
 2652289 775556     cutoff  156      24448.0001 24462.0000  0.06%  20.3 1660s
 2659343 777283 24454.7898  156   24 24448.0001 24462.0000  0.06%  20.3 1665s
 2669176 780037 24453.1058  153   14 24448.0001 24462.0000  0.06%  20.3 1670s
 2675503 781552     cutoff  157      24448.0001 24462.0000  0.06%  20.3 1675s
 2685039 783310     cutoff  160      24448.0001 24462.0000  0.06%  20.3 1681s
 2690351 784722     cutoff  165      24448.0001 24462.0000  0.06%  20.3 1685s
 2698121 786773 24452.3651  149   21 24448.0001 24462.0000  0.06%  20.3 1690s
 2705323 788589 24452.3651  152    9 24448.0001 24462.0000  0.06%  20.3 1695s
 2714244 790532 24461.9232  141   23 24448.0001 24462.0000  0.06%  20.3 1700s
 2720763 793172 24461.6328  156   36 24448.0001 24462.0000  0.06%  20.3 1707s
 2727154 793417 24461.8362  144   27 24448.0001 24462.0000  0.06%  20.3 1710s
 2731329 795457 24461.7485  144   40 24448.0001 24462.0000  0.06%  20.3 1715s
 2739861 797730 24462.0000  151   33 24448.0001 24462.0000  0.06%  20.3 1720s
 2747682 799640 24461.0625  143   20 24448.0001 24462.0000  0.06%  20.3 1725s
 2757615 801620 24462.0000  140   14 24448.0001 24462.0000  0.06%  20.3 1731s
 2758114 804459 24462.0000  141   14 24448.0001 24462.0000  0.06%  20.3 1736s
 2770123 804489 24459.7778  152   22 24448.0001 24462.0000  0.06%  20.3 1740s
 2777867 806552 24456.4849  142   18 24448.0001 24462.0000  0.06%  20.3 1747s
 2782908 808358 24452.3651  152   16 24448.0001 24462.0000  0.06%  20.3 1750s
 2795069 811220 24452.0995  147   30 24448.0001 24462.0000  0.06%  20.4 1755s
 2806160 813846 24452.8233  142   17 24448.0001 24462.0000  0.06%  20.4 1760s
 2815366 816809 24449.4115  168   24 24448.0001 24462.0000  0.06%  20.4 1765s
 2819266 817527 infeasible  157      24448.0001 24462.0000  0.06%  20.4 1770s
 2828599 820480     cutoff  165      24448.0001 24462.0000  0.06%  20.4 1776s
 2833236 822421     cutoff  154      24448.0001 24462.0000  0.06%  20.4 1780s
 2843888 824188 24462.0000  157   11 24448.0001 24462.0000  0.06%  20.4 1785s
 2852641 826596     cutoff  161      24448.0001 24462.0000  0.06%  20.4 1790s
 2856931 827257 24461.4445  152   25 24448.0001 24462.0000  0.06%  20.4 1795s
 2868363 830610 24461.5072  155   21 24448.0001 24462.0000  0.06%  20.4 1800s
 2875593 832320 infeasible  157      24448.0001 24462.0000  0.06%  20.4 1805s
 2886206 834764 24449.5480  156   22 24448.0001 24462.0000  0.06%  20.4 1810s
 2890660 835627 24460.8741  157   27 24448.0001 24462.0000  0.06%  20.4 1816s
 2892238 836421 24452.3651  153   22 24448.0001 24462.0000  0.06%  20.4 1820s
 2902091 838603 24459.2788  157   26 24448.0001 24462.0000  0.06%  20.4 1825s
 2911269 840891 24450.5252  163   20 24448.0001 24462.0000  0.06%  20.4 1830s
 2917038 842474 24461.7281  163   37 24448.0001 24462.0000  0.06%  20.4 1835s
 2925979 845032     cutoff  151      24448.0001 24462.0000  0.06%  20.4 1840s
 2932495 846391 24455.6863  157   22 24448.0001 24462.0000  0.06%  20.5 1845s
 2937707 848702 24456.4462  164   35 24448.0001 24462.0000  0.06%  20.5 1850s
 2945015 851020     cutoff  150      24448.0001 24462.0000  0.06%  20.5 1855s
 2955064 853780 24461.8996  140   30 24448.0001 24462.0000  0.06%  20.5 1860s
 2961131 855227 24462.0000  149   28 24448.0001 24462.0000  0.06%  20.5 1865s
 2968230 857013 24461.9416  154   37 24448.0001 24462.0000  0.06%  20.5 1870s
 2974540 858575 24452.3651  144   21 24448.0001 24462.0000  0.06%  20.5 1875s
 2982732 860971 24462.0000  148   14 24448.0001 24462.0000  0.06%  20.5 1880s
 2991910 863771 24459.7362  146   34 24448.0001 24462.0000  0.06%  20.5 1886s
 2997054 865077 24462.0000  146   18 24448.0001 24462.0000  0.06%  20.5 1890s
 3008098 867543     cutoff  155      24448.0001 24462.0000  0.06%  20.5 1898s
 3012300 868960 24459.9181  146   29 24448.0001 24462.0000  0.06%  20.5 1900s
 3020250 870392 24458.1677  154   20 24448.0001 24462.0000  0.06%  20.5 1906s
 3024936 871450     cutoff  150      24448.0001 24462.0000  0.06%  20.5 1910s
 3033981 873338 24462.0000  135   14 24448.0001 24462.0000  0.06%  20.5 1916s
 3041655 875430 24461.9251  142   24 24448.0001 24462.0000  0.06%  20.5 1920s
 3046706 876451 24452.3252  158   24 24448.0001 24462.0000  0.06%  20.5 1925s
 3050527 878046 24460.5890  145   24 24448.0001 24462.0000  0.06%  20.5 1930s
 3062271 881560 24458.9143  155   16 24448.0001 24462.0000  0.06%  20.5 1935s
 3068420 883115     cutoff  153      24448.0001 24462.0000  0.06%  20.6 1940s
 3081656 886441 24453.1058  147   16 24448.0001 24462.0000  0.06%  20.6 1946s
 3083802 886804 24461.6888  152   31 24448.0001 24462.0000  0.06%  20.6 1950s
 3091075 888395 24462.0000  152   14 24448.0001 24462.0000  0.06%  20.6 1955s
 3102156 891173 24462.0000  159   12 24448.0001 24462.0000  0.06%  20.6 1961s
 3109765 892851 24459.7851  158   24 24448.0001 24462.0000  0.06%  20.6 1965s
 3116422 894483     cutoff  151      24448.0001 24462.0000  0.06%  20.6 1970s
 3124734 896770 24462.0000  140   14 24448.0001 24462.0000  0.06%  20.6 1977s
 3126260 897868 24459.9181  152   38 24448.0001 24462.0000  0.06%  20.6 1980s
 3136513 900527 24460.7647  143   18 24448.0001 24462.0000  0.06%  20.6 1985s
 3144415 902479 24456.1455  149   16 24448.0001 24462.0000  0.06%  20.6 1990s
 3152259 904545 24461.9637  149   35 24448.0001 24462.0000  0.06%  20.6 1995s
 3157131 905818 24462.0000  137   12 24448.0001 24462.0000  0.06%  20.7 2000s
 3165763 907653 24462.0000  144   33 24448.0001 24462.0000  0.06%  20.7 2006s
 3172054 909557 24461.7886  143   31 24448.0001 24462.0000  0.06%  20.7 2010s
 3178470 911291 24453.0804  160   25 24448.0001 24462.0000  0.06%  20.7 2015s
 3188448 914256 24462.0000  148   18 24448.0001 24462.0000  0.06%  20.7 2020s
 3192541 915383 24462.0000  150    9 24448.0001 24462.0000  0.06%  20.7 2025s
 3202184 917521 24452.3651  143   18 24448.0001 24462.0000  0.06%  20.7 2032s
 3202867 919898 24452.8233  146   22 24448.0001 24462.0000  0.06%  20.7 2036s
 3213103 920488     cutoff  161      24448.0001 24462.0000  0.06%  20.7 2040s
 3220587 922469     cutoff  156      24448.0001 24462.0000  0.06%  20.7 2045s
 3227166 924080 24462.0000  139   13 24448.0001 24462.0000  0.06%  20.7 2050s
 3235424 925673 24452.7890  156   31 24448.0001 24462.0000  0.06%  20.7 2056s
 3240529 926965     cutoff  154      24448.0001 24462.0000  0.06%  20.7 2060s
 3241117 929884 24461.9001  147   19 24448.0001 24462.0000  0.06%  20.7 2065s
 3254197 930412     cutoff  154      24448.0001 24462.0000  0.06%  20.8 2070s
 3258901 931628 24461.9480  155   37 24448.0001 24462.0000  0.06%  20.8 2075s
 3259138 934386 24461.8630  156   28 24448.0001 24462.0000  0.06%  20.8 2082s
 3273688 935748 24450.0001  156   25 24448.0001 24462.0000  0.06%  20.8 2085s
 3278908 937858 24462.0000  146   11 24448.0001 24462.0000  0.06%  20.8 2091s
 3290672 940409 24461.0392  153   23 24448.0001 24462.0000  0.06%  20.8 2095s
 3297349 942051 24462.0000  147   30 24448.0001 24462.0000  0.06%  20.8 2100s
 3304803 943850     cutoff  141      24448.0001 24462.0000  0.06%  20.8 2105s
 3313252 945522 24452.3592  174   33 24448.0001 24462.0000  0.06%  20.8 2112s
 3314549 946386     cutoff  175      24448.0001 24462.0000  0.06%  20.8 2115s
 3326263 949228 24461.9420  140   35 24448.0001 24462.0000  0.06%  20.8 2120s
 3331494 950293 24462.0000  146   15 24448.0001 24462.0000  0.06%  20.8 2125s
 3340448 952834 24456.7430  148   24 24448.0001 24462.0000  0.06%  20.8 2130s
 3348425 954967 24460.8765  143   36 24448.0001 24462.0000  0.06%  20.8 2135s
 3352189 956428 24461.9456  148   29 24448.0001 24462.0000  0.06%  20.8 2140s
 3361828 959218 24459.7778  164   20 24448.0001 24462.0000  0.06%  20.8 2145s
 3368095 960760 24462.0000  148   11 24448.0001 24462.0000  0.06%  20.8 2150s
 3377994 963757 24461.8629  146   31 24448.0001 24462.0000  0.06%  20.8 2155s
 3384009 965316 24457.1701  139   36 24448.0001 24462.0000  0.06%  20.9 2161s
 3390401 967095 24462.0000  144   17 24448.0001 24462.0000  0.06%  20.9 2165s
 3396117 969041 24449.4861  158   22 24448.0001 24462.0000  0.06%  20.9 2170s
 3401008 970582     cutoff  152      24448.0001 24462.0000  0.06%  20.9 2175s
 3405940 971975 24450.0001  155   28 24448.0001 24462.0000  0.06%  20.9 2180s
 3417811 974851 24462.0000  143   11 24448.0001 24462.0000  0.06%  20.9 2185s
 3424449 976880 24461.6475  149   42 24448.0001 24462.0000  0.06%  20.9 2190s
 3428813 980279     cutoff  156      24448.0001 24462.0000  0.06%  20.9 2198s
 3440749 981435 24462.0000  154    9 24448.0001 24462.0000  0.06%  20.9 2200s
 3445007 982425 24460.7098  155   25 24448.0001 24462.0000  0.06%  20.9 2206s
 3451880 984452 24452.3651  154   12 24448.0001 24462.0000  0.06%  20.9 2210s
 3460470 986581 24461.5085  145   38 24448.0001 24462.0000  0.06%  20.9 2216s
 3467998 988309 24459.7597  156   30 24448.0001 24462.0000  0.06%  20.9 2220s
 3475375 990627 24461.8630  146   24 24448.0001 24462.0000  0.06%  20.9 2225s
 3480071 991968 24461.8630  158   36 24448.0001 24462.0000  0.06%  20.9 2230s
 3486611 993127 24462.0000  148   15 24448.0001 24462.0000  0.06%  20.9 2235s
 3497074 996278 24461.4947  158   28 24448.0001 24462.0000  0.06%  20.9 2240s
 3502759 997370 24460.6738  148   27 24448.0001 24462.0000  0.06%  20.9 2245s
 3512168 1000252 infeasible  157      24448.0001 24462.0000  0.06%  21.0 2250s
 3518690 1002278 24461.5883  151   18 24448.0001 24462.0000  0.06%  21.0 2255s
 3528179 1004530 24453.0905  155   24 24448.0001 24462.0000  0.06%  21.0 2261s
 3531020 1005133 24462.0000  137    9 24448.0001 24462.0000  0.06%  21.0 2265s
 3534961 1006106 24462.0000  140   11 24448.0001 24462.0000  0.06%  21.0 2270s
 3545354 1009380 24462.0000  146   16 24448.0001 24462.0000  0.06%  21.0 2275s
 3554488 1011435 24452.8233  153   27 24448.0001 24462.0000  0.06%  21.0 2280s
 3562798 1013587 24461.9943  146   36 24448.0001 24462.0000  0.06%  21.0 2285s
 3572153 1015654 24449.5529  155   22 24448.0001 24462.0000  0.06%  21.0 2291s
 3579421 1017480 infeasible  175      24448.0001 24462.0000  0.06%  21.0 2295s
 3582670 1018358 24458.4205  152   19 24448.0001 24462.0000  0.06%  21.0 2300s
 3592857 1021073 24451.8948  144   21 24448.0001 24462.0000  0.06%  21.0 2305s
 3598187 1022430 24460.3416  156   23 24448.0001 24462.0000  0.06%  21.0 2310s
 3604976 1023984 infeasible  162      24448.0001 24462.0000  0.06%  21.0 2315s
 3613083 1025961 24461.8510  157   23 24448.0001 24462.0000  0.06%  21.0 2320s
 3617637 1027055 24461.7829  151   36 24448.0001 24462.0000  0.06%  21.0 2326s
 3622637 1028344     cutoff  153      24448.0001 24462.0000  0.06%  21.0 2330s
 3633326 1030791     cutoff  154      24448.0001 24462.0000  0.06%  21.0 2335s
 3640428 1032733 24462.0000  137   14 24448.0001 24462.0000  0.06%  21.0 2341s
 3648112 1034674 24461.5883  156   23 24448.0001 24462.0000  0.06%  21.0 2345s
 3655381 1036117 24458.2510  149   27 24448.0001 24462.0000  0.06%  21.0 2351s
 3656135 1036790     cutoff  150      24448.0001 24462.0000  0.06%  21.0 2355s
 3667320 1039617 24461.8628  146   22 24448.0001 24462.0000  0.06%  21.0 2360s
 3676734 1041962     cutoff  158      24448.0001 24462.0000  0.06%  21.0 2367s
 3683518 1043749 24459.5056  158   32 24448.0001 24462.0000  0.06%  21.0 2370s
 3694745 1046209 24461.8879  153   25 24448.0001 24462.0000  0.06%  21.0 2377s
 3701244 1048150 24462.0000  147   13 24448.0001 24462.0000  0.06%  21.0 2380s
 3707172 1049345 24461.8362  154   26 24448.0001 24462.0000  0.06%  21.0 2385s
 3710457 1050687 24453.1058  153   21 24448.0001 24462.0000  0.06%  21.0 2390s
 3722004 1053348 infeasible  155      24448.0001 24462.0000  0.06%  21.0 2395s
 3729791 1055117 24460.4137  155   23 24448.0001 24462.0000  0.06%  21.0 2400s
 3738194 1057288 24461.9407  149   36 24448.0001 24462.0000  0.06%  21.0 2405s
 3744602 1058917 24450.0001  167   26 24448.0001 24462.0000  0.06%  21.0 2410s
 3754390 1061456 24461.8628  158   30 24448.0001 24462.0000  0.06%  21.0 2415s
 3759393 1062824 24462.0000  159   12 24448.0001 24462.0000  0.06%  21.1 2420s
 3766468 1064567 24455.5394  162   23 24448.0001 24462.0000  0.06%  21.1 2425s
 3772537 1065740 24462.0000  146   17 24448.0001 24462.0000  0.06%  21.1 2430s
 3775569 1067258 24461.5043  142   36 24448.0001 24462.0000  0.06%  21.1 2435s
 3787810 1070381 24462.0000  153   16 24448.0001 24462.0000  0.06%  21.1 2440s
 3794915 1072011     cutoff  163      24448.0001 24462.0000  0.06%  21.1 2445s
 3801645 1074017 infeasible  146      24448.0001 24462.0000  0.06%  21.1 2450s
 3811997 1076556 24460.9020  140   16 24448.0001 24462.0000  0.06%  21.1 2455s
 3817482 1077477 24450.8888  154   10 24448.0001 24462.0000  0.06%  21.1 2460s
 3822847 1079678 24461.7858  150   30 24448.0001 24462.0000  0.06%  21.1 2465s
 3832563 1081681 24459.9181  153   23 24448.0001 24462.0000  0.06%  21.1 2470s
 3841016 1083081 24450.0001  163   18 24448.0001 24462.0000  0.06%  21.1 2476s
 3847347 1084916 24452.3651  153   19 24448.0001 24462.0000  0.06%  21.1 2480s
 3852251 1086098 24461.8449  137   34 24448.0001 24462.0000  0.06%  21.1 2485s
 3860539 1088219 infeasible  158      24448.0001 24462.0000  0.06%  21.1 2490s
 3868526 1090008 24461.9069  151   25 24448.0001 24462.0000  0.06%  21.1 2495s
 3880853 1092684     cutoff  150      24448.0001 24462.0000  0.06%  21.1 2500s
 3888296 1094790 24452.8069  152   25 24448.0001 24462.0000  0.06%  21.1 2505s
 3895986 1096296 infeasible  164      24448.0001 24462.0000  0.06%  21.1 2510s
 3899634 1097700 24459.7778  149   17 24448.0001 24462.0000  0.06%  21.1 2515s
 3907018 1099273     cutoff  150      24448.0001 24462.0000  0.06%  21.1 2520s
 3917096 1101284 24452.8228  148   35 24448.0001 24462.0000  0.06%  21.1 2526s
 3923601 1102775 24461.7245  144   26 24448.0001 24462.0000  0.06%  21.1 2530s
 3932809 1105871 24462.0000  142   10 24448.0001 24462.0000  0.06%  21.1 2536s
 3935380 1107206 24459.2468  151   18 24448.0001 24462.0000  0.06%  21.1 2541s
 3943594 1109118     cutoff  149      24448.0001 24462.0000  0.06%  21.1 2545s
 3952469 1111116 infeasible  148      24448.0001 24462.0000  0.06%  21.1 2550s
 3958927 1112787 24461.8362  150   32 24448.0001 24462.0000  0.06%  21.1 2556s
 3966284 1114606 24461.8362  153   31 24448.0001 24462.0000  0.06%  21.1 2560s
 3974390 1115863 24450.8888  153   15 24448.0001 24462.0000  0.06%  21.1 2567s
 3976974 1116414 24456.7430  133   12 24448.0001 24462.0000  0.06%  21.1 2570s
 3983630 1118189     cutoff  147      24448.0001 24462.0000  0.06%  21.1 2575s
 3991449 1120069 24461.7502  157   32 24448.0001 24462.0000  0.06%  21.1 2580s
 4001029 1122073 24452.3651  165   15 24448.0001 24462.0000  0.06%  21.1 2585s
 4006309 1123369     cutoff  147      24448.0001 24462.0000  0.06%  21.1 2590s
 4009215 1123808 24450.0001  158   20 24448.0001 24462.0000  0.06%  21.1 2596s
 4015513 1125477 24462.0000  147    7 24448.0001 24462.0000  0.06%  21.1 2600s
 4021558 1126849 24461.7448  152   28 24448.0001 24462.0000  0.06%  21.1 2605s
 4027932 1128135     cutoff  165      24448.0001 24462.0000  0.06%  21.1 2610s
 4037724 1131414     cutoff  150      24448.0001 24462.0000  0.06%  21.1 2615s
 4044665 1133729 24462.0000  139   19 24448.0001 24462.0000  0.06%  21.1 2620s
 4056617 1136785 24452.3651  147    7 24448.0001 24462.0000  0.06%  21.1 2625s
 4060917 1139506 24452.3252  144   12 24448.0001 24462.0000  0.06%  21.1 2632s
 4070691 1139680 24462.0000  151   15 24448.0001 24462.0000  0.06%  21.1 2635s
 4074227 1141015     cutoff  157      24448.0001 24462.0000  0.06%  21.1 2640s
 4084862 1143102     cutoff  146      24448.0001 24462.0000  0.06%  21.1 2645s
 4095372 1145906     cutoff  157      24448.0001 24462.0000  0.06%  21.1 2650s
 4099646 1146872 24451.6182  153   14 24448.0001 24462.0000  0.06%  21.1 2658s
 4104769 1148924 24461.9907  161   30 24448.0001 24462.0000  0.06%  21.1 2661s
 4111816 1150070     cutoff  167      24448.0001 24462.0000  0.06%  21.1 2666s
 4119572 1152038     cutoff  157      24448.0001 24462.0000  0.06%  21.1 2671s
 4126949 1153750 infeasible  182      24448.0001 24462.0000  0.06%  21.1 2676s
 4132527 1155953 24461.6654  152   24 24448.0001 24462.0000  0.06%  21.1 2680s
 4142350 1159719 24461.8362  156   30 24448.0001 24462.0000  0.06%  21.1 2685s
 4149941 1161618 24462.0000  152   16 24448.0001 24462.0000  0.06%  21.1 2690s
 4154551 1163030 24462.0000  156   12 24448.0001 24462.0000  0.06%  21.1 2695s
 4160472 1164728     cutoff  170      24448.0001 24462.0000  0.06%  21.1 2700s
 4169980 1167897 24461.5883  148   24 24448.0001 24462.0000  0.06%  21.1 2705s
 4175948 1169120 24462.0000  143   13 24448.0001 24462.0000  0.06%  21.1 2710s
 4184747 1171489 24462.0000  152   11 24448.0001 24462.0000  0.06%  21.1 2716s
 4189811 1173372 24462.0000  149   12 24448.0001 24462.0000  0.06%  21.1 2720s
 4198870 1175830 infeasible  165      24448.0001 24462.0000  0.06%  21.1 2725s
 4205728 1177590     cutoff  153      24448.0001 24462.0000  0.06%  21.1 2730s
 4217196 1180434 24458.3551  148   22 24448.0001 24462.0000  0.06%  21.1 2736s
 4219793 1181057 24462.0000  151   12 24448.0001 24462.0000  0.06%  21.1 2740s
 4230072 1184141 24449.6112  159   14 24448.0001 24462.0000  0.06%  21.1 2745s
 4237148 1185339 24461.1912  161   27 24448.0001 24462.0000  0.06%  21.1 2750s
 4243013 1187222     cutoff  162      24448.0001 24462.0000  0.06%  21.1 2755s
 4248950 1188363 24462.0000  151   13 24448.0001 24462.0000  0.06%  21.1 2760s
 4254335 1190265 24455.0000  157    8 24448.0001 24462.0000  0.06%  21.1 2765s
 4262362 1192374 24452.1803  153   10 24448.0001 24462.0000  0.06%  21.1 2770s
 4269484 1194652 24461.9953  155   24 24448.0001 24462.0000  0.06%  21.1 2776s
 4277657 1196696 24450.1845  147   30 24448.0001 24462.0000  0.06%  21.1 2780s
 4287087 1199602 24461.9794  161   34 24448.0001 24462.0000  0.06%  21.1 2785s
 4289272 1200084 24452.3586  160   31 24448.0001 24462.0000  0.06%  21.1 2791s
 4297483 1202393 24450.1946  168   25 24448.0001 24462.0000  0.06%  21.1 2796s
 4306893 1204811 24461.9960  152   38 24448.0001 24462.0000  0.06%  21.1 2800s
 4314847 1206943 24461.4518  157   23 24448.0001 24462.0000  0.06%  21.1 2805s
 4326209 1209436     cutoff  152      24448.0001 24462.0000  0.06%  21.1 2810s
 4333429 1211621 infeasible  168      24448.0001 24462.0000  0.06%  21.1 2817s
 4334075 1212274 24462.0000  141    7 24448.0001 24462.0000  0.06%  21.1 2820s
 4346159 1215174 24450.0001  166   24 24448.0001 24462.0000  0.06%  21.1 2825s
 4356363 1217995     cutoff  157      24448.0001 24462.0000  0.06%  21.1 2832s
 4356954 1220373 24451.7141  140   16 24448.0001 24462.0000  0.06%  21.1 2835s
 4371344 1222319     cutoff  163      24448.0001 24462.0000  0.06%  21.1 2840s
 4377794 1224340     cutoff  154      24448.0001 24462.0000  0.06%  21.1 2845s
 4380550 1225176 24457.1197  148   25 24448.0001 24462.0000  0.06%  21.1 2850s
 4386073 1226494 24459.7778  154   20 24448.0001 24462.0000  0.06%  21.1 2855s
 4399636 1229264 24452.7890  156   21 24448.0001 24462.0000  0.06%  21.1 2862s
 4404706 1230929 24462.0000  145   12 24448.0001 24462.0000  0.06%  21.1 2865s
 4412527 1232644 24461.4431  148   33 24448.0001 24462.0000  0.06%  21.2 2870s
 4422281 1235040 24461.6880  155   20 24448.0001 24462.0000  0.06%  21.2 2877s
 4427121 1236565     cutoff  149      24448.0001 24462.0000  0.06%  21.2 2880s
 4436936 1238768     cutoff  142      24448.0001 24462.0000  0.06%  21.2 2887s
 4442545 1240003 24461.8429  141   29 24448.0001 24462.0000  0.06%  21.2 2891s
 4449531 1241944 24461.9707  151   33 24448.0001 24462.0000  0.06%  21.2 2895s
 4459213 1244338 24450.0001  166   27 24448.0001 24462.0000  0.06%  21.2 2900s
 4463069 1245227 24462.0000  146    9 24448.0001 24462.0000  0.06%  21.2 2905s
 4469760 1246716 24461.9280  148   30 24448.0001 24462.0000  0.06%  21.2 2910s
 4480293 1249123     cutoff  148      24448.0001 24462.0000  0.06%  21.2 2915s
 4487904 1251073 24460.0254  157   13 24448.0001 24462.0000  0.06%  21.2 2920s
 4495836 1252676 24461.9166  157   38 24448.0001 24462.0000  0.06%  21.2 2925s
 4503061 1254184     cutoff  157      24448.0001 24462.0000  0.06%  21.2 2931s
 4511264 1256172     cutoff  155      24448.0001 24462.0000  0.06%  21.2 2935s
 4517640 1257366 24450.0001  156   31 24448.0001 24462.0000  0.06%  21.2 2941s
 4524835 1259193 24450.0001  158   20 24448.0001 24462.0000  0.06%  21.2 2946s
 4526702 1259924 24462.0000  148   14 24448.0001 24462.0000  0.06%  21.2 2950s
 4535806 1261779 24459.9181  147   29 24448.0001 24462.0000  0.06%  21.2 2955s
 4543674 1263313 infeasible  151      24448.0001 24462.0000  0.06%  21.2 2960s
 4552887 1265113     cutoff  148      24448.0001 24462.0000  0.06%  21.2 2966s
 4559708 1267061 infeasible  157      24448.0001 24462.0000  0.06%  21.2 2970s
 4562666 1267609 24462.0000  152   16 24448.0001 24462.0000  0.06%  21.2 2975s
 4572087 1270012 24450.8888  154   20 24448.0001 24462.0000  0.06%  21.2 2980s
 4579791 1271807     cutoff  151      24448.0001 24462.0000  0.06%  21.2 2986s
 4589057 1274215 24461.7958  155   15 24448.0001 24462.0000  0.06%  21.2 2990s
 4598776 1277152 24461.9995  160   27 24448.0001 24462.0000  0.06%  21.2 2996s
 4602093 1278145 24455.6863  154   13 24448.0001 24462.0000  0.06%  21.2 3001s
 4609688 1280562 24461.6888  158   35 24448.0001 24462.0000  0.06%  21.2 3005s
 4615232 1282324 24450.0001  154   21 24448.0001 24462.0000  0.06%  21.2 3010s
 4624081 1284607 24461.9957  151   30 24448.0001 24462.0000  0.06%  21.2 3016s
 4635263 1287463 24462.0000  133   12 24448.0001 24462.0000  0.06%  21.2 3022s
 4643051 1289855 24460.7935  153   37 24448.0001 24462.0000  0.06%  21.2 3025s
 4647390 1290771 24461.9036  155   27 24448.0001 24462.0000  0.06%  21.2 3030s
 4653710 1292063 24460.7067  152   17 24448.0001 24462.0000  0.06%  21.2 3035s
 4665137 1294739 24462.0000  150   10 24448.0001 24462.0000  0.06%  21.2 3040s
 4669898 1295869 24462.0000  139   18 24448.0001 24462.0000  0.06%  21.2 3045s
 4677827 1297438 24461.8435  144   23 24448.0001 24462.0000  0.06%  21.2 3050s
 4681118 1298499 24462.0000  152   10 24448.0001 24462.0000  0.06%  21.2 3055s
 4690099 1301103 24462.0000  152    9 24448.0001 24462.0000  0.06%  21.2 3061s
 4698339 1302343 infeasible  145      24448.0001 24462.0000  0.06%  21.2 3065s
 4707656 1305698 24455.6854  152   24 24448.0001 24462.0000  0.06%  21.2 3070s
 4715401 1307268 24452.8233  153   17 24448.0001 24462.0000  0.06%  21.2 3075s
 4725568 1309988 24461.5883  157   19 24448.0001 24462.0000  0.06%  21.2 3082s
 4726453 1311120 24461.0625  158   17 24448.0001 24462.0000  0.06%  21.2 3085s
 4738985 1313628 24458.4314  146   18 24448.0001 24462.0000  0.06%  21.2 3090s
 4747325 1315234 24462.0000  159   17 24448.0001 24462.0000  0.06%  21.2 3095s
 4754583 1316405 24461.9762  156   26 24448.0001 24462.0000  0.06%  21.2 3103s
 4758329 1317827     cutoff  159      24448.0001 24462.0000  0.06%  21.2 3105s
 4767650 1319984 24456.2353  150   12 24448.0001 24462.0000  0.06%  21.2 3110s
 4777050 1322123 24460.2161  153   19 24448.0001 24462.0000  0.06%  21.2 3115s
 4783854 1323663     cutoff  158      24448.0001 24462.0000  0.06%  21.2 3120s
 4785906 1324035 24462.0000  150   21 24448.0001 24462.0000  0.06%  21.2 3126s
 4790660 1325336 24461.9016  162   29 24448.0001 24462.0000  0.06%  21.2 3130s
 4799994 1327804 24461.8358  161   11 24448.0001 24462.0000  0.06%  21.2 3135s
 4808605 1329706     cutoff  171      24448.0001 24462.0000  0.06%  21.2 3140s
 4817220 1331473 24452.1966  157   24 24448.0001 24462.0000  0.06%  21.2 3147s
 4824246 1333397     cutoff  148      24448.0001 24462.0000  0.06%  21.2 3150s
 4828828 1334560     cutoff  166      24448.0001 24462.0000  0.06%  21.2 3155s
 4840763 1337225 24462.0000  148   11 24448.0001 24462.0000  0.06%  21.2 3164s
 4840877 1337428 24462.0000  149   11 24448.0001 24462.0000  0.06%  21.2 3166s
 4844028 1338001 24452.3644  146   34 24448.0001 24462.0000  0.06%  21.2 3170s
 4853089 1340323 24452.0370  158   14 24448.0001 24462.0000  0.06%  21.2 3175s
 4860882 1341891 24452.8216  152   27 24448.0001 24462.0000  0.06%  21.2 3180s
 4870225 1343818 infeasible  165      24448.0001 24462.0000  0.06%  21.3 3185s
 4877524 1345323 24461.9486  164   25 24448.0001 24462.0000  0.06%  21.3 3190s
 4887881 1348037 24459.9764  171   34 24448.0001 24462.0000  0.06%  21.2 3195s
 4899839 1350230 24452.2706  167   25 24448.0001 24462.0000  0.06%  21.2 3201s
 4903313 1350955 24451.2924  151   24 24448.0001 24462.0000  0.06%  21.2 3207s
 4906182 1351556 24452.3651  150   19 24448.0001 24462.0000  0.06%  21.2 3210s
 4914589 1353673 24461.8630  146   33 24448.0001 24462.0000  0.06%  21.2 3215s
 4921765 1355171 24462.0000  150   19 24448.0001 24462.0000  0.06%  21.2 3220s
 4932541 1357626 infeasible  168      24448.0001 24462.0000  0.06%  21.2 3225s
 4939158 1358959 24461.7622  150   30 24448.0001 24462.0000  0.06%  21.2 3230s
 4945493 1360903 24449.5506  176   19 24448.0001 24462.0000  0.06%  21.2 3235s
 4958778 1364358 24462.0000  157   12 24448.0001 24462.0000  0.06%  21.2 3240s
 4964975 1365752 24455.6459  162   19 24448.0001 24462.0000  0.06%  21.2 3245s
 4972644 1367147 24459.9181  162   25 24448.0001 24462.0000  0.06%  21.2 3250s
 4975412 1368050 24459.7778  165   19 24448.0001 24462.0000  0.06%  21.2 3255s
 4985409 1370054 24461.9853  146   35 24448.0001 24462.0000  0.06%  21.2 3262s
 4991833 1371174     cutoff  164      24448.0001 24462.0000  0.06%  21.2 3266s
 4999012 1372998 24462.0000  152   18 24448.0001 24462.0000  0.06%  21.2 3270s
 5008213 1375036 24461.9722  146   23 24448.0001 24462.0000  0.06%  21.2 3275s
 5012665 1375858 24458.4435  154   27 24448.0001 24462.0000  0.06%  21.3 3280s
 5021004 1377412 24452.3651  157   15 24448.0001 24462.0000  0.06%  21.3 3286s
 5030701 1379723     cutoff  159      24448.0001 24462.0000  0.06%  21.3 3291s
 5038490 1380960 24462.0000  153   13 24448.0001 24462.0000  0.06%  21.3 3296s
 5043182 1381875 24461.3520  154   35 24448.0001 24462.0000  0.06%  21.3 3300s
 5049337 1383571 24452.3651  148   13 24448.0001 24462.0000  0.06%  21.3 3305s
 5055825 1384553 24450.8888  157   20 24448.0001 24462.0000  0.06%  21.3 3310s
 5066882 1387453 infeasible  147      24448.0001 24462.0000  0.06%  21.3 3315s
 5074486 1389085 24461.8540  150   24 24448.0001 24462.0000  0.06%  21.3 3320s
 5078861 1390127     cutoff  155      24448.0001 24462.0000  0.06%  21.3 3325s
 5086980 1391800 24461.8211  158   25 24448.0001 24462.0000  0.06%  21.3 3330s
 5096556 1394059 24452.3651  159   36 24448.0001 24462.0000  0.06%  21.3 3336s
 5104539 1395958 24452.7890  157   25 24448.0001 24462.0000  0.06%  21.3 3340s
 5111069 1397547 24452.3635  157   27 24448.0001 24462.0000  0.06%  21.3 3346s
 5116308 1398641 24450.0001  168   25 24448.0001 24462.0000  0.06%  21.3 3351s
 5116768 1401229 24449.2753  169   24 24448.0001 24462.0000  0.06%  21.3 3355s
 5129669 1401781 24462.0000  157   16 24448.0001 24462.0000  0.06%  21.3 3360s
 5138175 1403889     cutoff  153      24448.0001 24462.0000  0.06%  21.3 3365s
 5149069 1406450     cutoff  156      24448.0001 24462.0000  0.06%  21.3 3370s
 5157940 1408265     cutoff  160      24448.0001 24462.0000  0.06%  21.3 3376s
 5161695 1408889 24452.3651  164   14 24448.0001 24462.0000  0.06%  21.3 3382s
 5166647 1410668 24453.9020  157   17 24448.0001 24462.0000  0.06%  21.3 3385s
 5175589 1412602 24462.0000  144   13 24448.0001 24462.0000  0.06%  21.3 3390s
 5185389 1415493 24461.5868  152   18 24448.0001 24462.0000  0.06%  21.3 3395s
 5194192 1417380 24452.3616  167   12 24448.0001 24462.0000  0.06%  21.3 3400s
 5205590 1420123 24455.2645  150   13 24448.0001 24462.0000  0.06%  21.3 3405s
 5213683 1421935     cutoff  158      24448.0001 24462.0000  0.06%  21.3 3412s
 5214906 1422615 24452.3651  155   18 24448.0001 24462.0000  0.06%  21.3 3415s
 5225864 1425291 24449.1270  156   18 24448.0001 24462.0000  0.06%  21.3 3420s
 5233818 1426587 24452.8227  143   39 24448.0001 24462.0000  0.06%  21.3 3426s
 5241359 1428622 24461.8023  153   39 24448.0001 24462.0000  0.06%  21.3 3430s
 5246533 1429619 24459.8937  153   22 24448.0001 24462.0000  0.06%  21.3 3436s
 5247377 1430572 24462.0000  156   15 24448.0001 24462.0000  0.06%  21.3 3440s
 5261882 1433456 24452.3490  153   14 24448.0001 24462.0000  0.06%  21.3 3446s
 5270722 1435654     cutoff  167      24448.0001 24462.0000  0.06%  21.3 3452s
 5276413 1437174 24461.3167  156   27 24448.0001 24462.0000  0.06%  21.3 3455s
 5283259 1439486     cutoff  162      24448.0001 24462.0000  0.06%  21.3 3461s
 5290182 1440456 24462.0000  138   14 24448.0001 24462.0000  0.06%  21.3 3465s
 5292135 1440924 24462.0000  140   12 24448.0001 24462.0000  0.06%  21.3 3470s
 5300147 1442612 24461.9590  146   29 24448.0001 24462.0000  0.06%  21.3 3476s
 5307955 1444467 24449.4103  169   31 24448.0001 24462.0000  0.06%  21.3 3480s
 5313251 1445241 24461.8401  155   37 24448.0001 24462.0000  0.06%  21.3 3489s
 5313494 1446067     cutoff  156      24448.0001 24462.0000  0.06%  21.3 3490s
 5323815 1448102 24458.9743  155   28 24448.0001 24462.0000  0.06%  21.3 3495s
 5328897 1449172 24462.0000  145    9 24448.0001 24462.0000  0.06%  21.3 3500s
 5339368 1451265 24449.5445  156   29 24448.0001 24462.0000  0.06%  21.3 3505s
 5346478 1452801 24462.0000  145    7 24448.0001 24462.0000  0.06%  21.3 3510s
 5354878 1455303 24461.9674  155   31 24448.0001 24462.0000  0.06%  21.3 3515s
 5360661 1456258 24452.3651  156   20 24448.0001 24462.0000  0.06%  21.3 3520s
 5369749 1458702 24462.0000  129   13 24448.0001 24462.0000  0.06%  21.3 3526s
 5375870 1459597 24462.0000  151   10 24448.0001 24462.0000  0.06%  21.3 3531s
 5377777 1460743     cutoff  152      24448.0001 24462.0000  0.06%  21.3 3535s
 5385009 1462071 24454.1637  152   32 24448.0001 24462.0000  0.06%  21.3 3540s
 5394247 1464542     cutoff  155      24448.0001 24462.0000  0.06%  21.3 3545s
 5400575 1465449 24461.5883  163   21 24448.0001 24462.0000  0.06%  21.3 3550s
 5410311 1468089 24462.0000  144   14 24448.0001 24462.0000  0.06%  21.3 3555s
 5413308 1468774 24456.1667  157   22 24448.0001 24462.0000  0.06%  21.3 3561s
 5420060 1470115     cutoff  159      24448.0001 24462.0000  0.06%  21.3 3565s
 5428628 1472477     cutoff  154      24448.0001 24462.0000  0.06%  21.3 3570s
 5435460 1474134 24451.4766  154   10 24448.0001 24462.0000  0.06%  21.3 3575s
 5444959 1476508 24459.7778  156   22 24448.0001 24462.0000  0.06%  21.3 3581s
 5453388 1478616 24450.1857  162   19 24448.0001 24462.0000  0.06%  21.3 3586s
 5456039 1479353 24450.3213  153   15 24448.0001 24462.0000  0.06%  21.3 3590s
 5465370 1482226 24461.8362  154   31 24448.0001 24462.0000  0.06%  21.3 3595s
 5470633 1483547 24462.0000  155    9 24448.0001 24462.0000  0.06%  21.3 3600s

Cutting planes:
  Gomory: 18
  Cover: 911
  Clique: 5
  MIR: 24
  StrongCG: 15
  Flow cover: 10
  Inf proof: 1
  Zero half: 2
  RLT: 3

Explored 5472219 nodes (116749542 simplex iterations) in 3600.07 seconds
Thread count was 12 (of 12 available processors)

Solution count 10: 24448 24370 24312 ... 20592

Time limit reached
Best objective 2.444800000000e+04, best bound 2.446200000000e+04, gap 0.0573%
