
Gurobi 9.1.2 (win64, Java) logging started Fri Nov  5 14:07:19 2021

Academic license - for non-commercial use only - expires 2022-10-30
Gurobi Optimizer version 9.1.2 build v9.1.2rc0 (win64)
Thread count: 6 physical cores, 12 logical processors, using up to 12 threads
Optimize a model with 70 rows, 600 columns and 1200 nonzeros
Model fingerprint: 0xd50e7056
Variable types: 0 continuous, 600 integer (600 binary)
Coefficient statistics:
  Matrix range     [1e+00, 1e+03]
  Objective range  [4e+01, 1e+03]
  Bounds range     [1e+00, 1e+00]
  RHS range        [1e+00, 3e+03]
Found heuristic solution: objective 19024.000000
Presolve removed 0 rows and 86 columns
Presolve time: 0.01s
Presolved: 70 rows, 514 columns, 1028 nonzeros
Variable types: 0 continuous, 514 integer (514 binary)
Presolved: 70 rows, 514 columns, 1028 nonzeros


Root relaxation: objective 2.468565e+04, 98 iterations, 0.00 seconds

    Nodes    |    Current Node    |     Objective Bounds      |     Work
 Expl Unexpl |  Obj  Depth IntInf | Incumbent    BestBd   Gap | It/Node Time

     0     0 24685.6514    0   13 19024.0000 24685.6514  29.8%     -    0s
H    0     0                    23732.000000 24685.6514  4.02%     -    0s
H    0     0                    24267.000000 24685.6514  1.73%     -    0s
H    0     0                    24453.000000 24685.6514  0.95%     -    0s
H    0     0                    24534.000000 24685.6514  0.62%     -    0s
     0     0 24682.6702    0   12 24534.0000 24682.6702  0.61%     -    0s
     0     0 24682.6702    0   11 24534.0000 24682.6702  0.61%     -    0s
     0     0 24682.6388    0   22 24534.0000 24682.6388  0.61%     -    0s
     0     0 24682.6388    0   21 24534.0000 24682.6388  0.61%     -    0s
     0     0 24682.6388    0   25 24534.0000 24682.6388  0.61%     -    0s
     0     0 24682.6388    0   15 24534.0000 24682.6388  0.61%     -    0s
     0     2 24682.6388    0   15 24534.0000 24682.6388  0.61%     -    0s
  1695  1486 24598.9643   54   13 24534.0000 24611.0002  0.31%   5.8    5s
  1803  1572 24611.0002   35   21 24534.0000 24611.0002  0.31%   7.2   12s
H 1820  1506                    24538.000000 24611.0002  0.30%   7.2   14s
  3794  2936 24611.0002   99   11 24538.0000 24611.0002  0.30%   7.5   15s
* 6852  2941             125    24556.000000 24611.0002  0.22%   8.5   15s
 21556  8972 24611.0002   80   15 24556.0000 24611.0002  0.22%   9.4   21s
H21557  7947                    24576.000000 24611.0002  0.14%   9.4   21s
 27709 12339     cutoff  111      24576.0000 24611.0002  0.14%   8.7   25s
 34076 14542 24589.0679   86    9 24576.0000 24611.0002  0.14%   8.3   30s
 36234 15495 24611.0001   47   14 24576.0000 24611.0001  0.14%   8.3   35s
 36330 15613 24611.0001   51   15 24576.0000 24611.0001  0.14%   8.3   40s
 58093 23860 24607.0865  127   24 24576.0000 24611.0001  0.14%   7.7   45s
