
Gurobi 9.1.2 (win64, Java) logging started Fri Nov  5 18:35:10 2021

Academic license - for non-commercial use only - expires 2022-10-30
Gurobi Optimizer version 9.1.2 build v9.1.2rc0 (win64)
Thread count: 6 physical cores, 12 logical processors, using up to 12 threads
Optimize a model with 70 rows, 600 columns and 1200 nonzeros
Model fingerprint: 0x94e1e8c3
Variable types: 0 continuous, 600 integer (600 binary)
Coefficient statistics:
  Matrix range     [1e+00, 1e+03]
  Objective range  [6e+00, 1e+03]
  Bounds range     [1e+00, 1e+00]
  RHS range        [1e+00, 2e+03]
Found heuristic solution: objective 18343.000000
Presolve removed 0 rows and 42 columns
Presolve time: 0.01s
Presolved: 70 rows, 558 columns, 1116 nonzeros
Variable types: 0 continuous, 558 integer (558 binary)
Presolved: 70 rows, 558 columns, 1116 nonzeros


Root relaxation: objective 2.370981e+04, 147 iterations, 0.00 seconds

    Nodes    |    Current Node    |     Objective Bounds      |     Work
 Expl Unexpl |  Obj  Depth IntInf | Incumbent    BestBd   Gap | It/Node Time

     0     0 23709.8089    0   16 18343.0000 23709.8089  29.3%     -    0s
H    0     0                    22988.000000 23709.8089  3.14%     -    0s
H    0     0                    23275.000000 23709.8089  1.87%     -    0s
     0     0 23690.6869    0   23 23275.0000 23690.6869  1.79%     -    0s
     0     0 23690.6869    0   26 23275.0000 23690.6869  1.79%     -    0s
     0     0 23678.1865    0   30 23275.0000 23678.1865  1.73%     -    0s
     0     0 23678.1865    0   24 23275.0000 23678.1865  1.73%     -    0s
     0     0 23678.1865    0   28 23275.0000 23678.1865  1.73%     -    0s
     0     0 23678.1865    0   11 23275.0000 23678.1865  1.73%     -    0s
     0     2 23678.1865    0   11 23275.0000 23678.1865  1.73%     -    0s
H   35    44                    23305.000000 23678.1865  1.60%  14.5    1s
H  284   431                    23329.000000 23678.1865  1.50%   7.2    1s
H  449   430                    23429.000000 23678.1865  1.06%   6.1    2s
H  451   419                    23493.000000 23678.1865  0.79%   6.1    2s
H 2846  2285                    23504.000000 23678.1865  0.74%   5.3    3s
  2853  2290 23663.9737   82   26 23504.0000 23663.9737  0.68%   5.3    5s
H 2892  2201                    23513.000000 23663.9737  0.64%   6.3    6s
H 2924  2121                    23515.000000 23662.2081  0.63%   7.2    7s
H 2928  2015                    23575.000000 23662.2081  0.37%   7.2    7s
H 2983  1956                    23587.000000 23660.5450  0.31%   7.2    7s
H17839 11970                    23598.000000 23660.2782  0.26%   4.3    8s
 17942 12054 23660.2782   48   21 23598.0000 23660.2782  0.26%   4.4   10s
H17952 11453                    23625.000000 23660.2782  0.15%   4.4   10s
 54754 26043 23656.1637   51   32 23625.0000 23656.1637  0.13%   4.1   15s
H54817 24774                    23644.000000 23656.1637  0.05%   4.1   15s
 92514 40366 23653.0000  126   35 23644.0000 23655.1029  0.05%   4.7   20s
 106473 43002     cutoff  170      23644.0000 23653.0000  0.04%   4.9   25s
 144602 43142 23653.0000  148   16 23644.0000 23653.0000  0.04%   7.3   30s
 161956 44056 23653.0000  184    8 23644.0000 23653.0000  0.04%   8.5   35s
 174371 44187 23653.0000  154   27 23644.0000 23653.0000  0.04%   8.9   40s
 193062 44836 23653.0000  147   20 23644.0000 23653.0000  0.04%  10.1   45s
 209758 43985 23653.0000  166   15 23644.0000 23653.0000  0.04%  10.4   50s
 228093 46515     cutoff  177      23644.0000 23653.0000  0.04%  10.6   55s
 250579 53829 23653.0000  160   17 23644.0000 23653.0000  0.04%  11.0   60s
 267896 59372 23653.0000  178   19 23644.0000 23653.0000  0.04%  10.9   65s
 298979 68435 23653.0000  167   17 23644.0000 23653.0000  0.04%  10.7   70s
 328788 75967     cutoff  185      23644.0000 23653.0000  0.04%  10.4   75s
 347998 80310 23653.0000  165    9 23644.0000 23653.0000  0.04%  10.3   80s
 381161 87167     cutoff  170      23644.0000 23653.0000  0.04%  10.1   85s
 402125 91011 23653.0000  186   14 23644.0000 23653.0000  0.04%  10.0   90s
 422782 95219 23648.0409  177   17 23644.0000 23653.0000  0.04%  10.0   95s
 456006 101376     cutoff  177      23644.0000 23653.0000  0.04%   9.9  100s
 473594 104638     cutoff  172      23644.0000 23653.0000  0.04%   9.9  105s
 506047 109285 23652.1249  152   13 23644.0000 23653.0000  0.04%   9.8  110s
 534142 113450 23653.0000  168   20 23644.0000 23653.0000  0.04%   9.7  115s
 553185 115971 23653.0000  168    9 23644.0000 23653.0000  0.04%   9.7  120s
 584552 121978 23653.0000  181    8 23644.0000 23653.0000  0.04%   9.7  125s
 606780 124982     cutoff  171      23644.0000 23653.0000  0.04%   9.6  130s
 625781 126735 23653.0000  179   13 23644.0000 23653.0000  0.04%   9.6  135s
 653950 131291     cutoff  160      23644.0000 23653.0000  0.04%   9.6  140s
 674292 133853 23653.0000  171   14 23644.0000 23653.0000  0.04%   9.6  145s
 705089 138525     cutoff  171      23644.0000 23653.0000  0.04%   9.5  150s
 731162 142644 23653.0000  182   10 23644.0000 23653.0000  0.04%   9.6  155s
 750684 144429 23653.0000  184   16 23644.0000 23653.0000  0.04%   9.6  160s
 783799 148627 23653.0000  162   12 23644.0000 23653.0000  0.04%   9.6  165s
 803053 151647 23653.0000  153   23 23644.0000 23653.0000  0.04%   9.6  170s
 823898 155966     cutoff  167      23644.0000 23653.0000  0.04%   9.7  175s
 849232 162591 23653.0000  166   13 23644.0000 23653.0000  0.04%   9.7  180s
 861936 163857     cutoff  178      23644.0000 23653.0000  0.04%   9.7  185s
 896898 167890     cutoff  161      23644.0000 23653.0000  0.04%   9.6  190s
 924957 170992     cutoff  167      23644.0000 23653.0000  0.04%   9.6  195s
 943708 173581 23653.0000  163   12 23644.0000 23653.0000  0.04%   9.6  200s
 973359 179116 23653.0000  158   19 23644.0000 23653.0000  0.04%   9.7  205s
 994598 182470 23653.0000  174   20 23644.0000 23653.0000  0.04%   9.7  210s
 1014883 187129     cutoff  165      23644.0000 23653.0000  0.04%   9.7  215s
 1041339 190894 23653.0000  171   17 23644.0000 23653.0000  0.04%   9.6  220s
 1055624 192154 23653.0000  183   10 23644.0000 23653.0000  0.04%   9.6  225s
 1071645 195722     cutoff  172      23644.0000 23653.0000  0.04%   9.7  230s
 1094123 199841 23653.0000  165   16 23644.0000 23653.0000  0.04%   9.7  235s
 1106970 204527 23653.0000  172   12 23644.0000 23653.0000  0.04%   9.8  240s
 1132897 211902 23652.8649  167   37 23644.0000 23653.0000  0.04%   9.8  245s
 1148668 215733 23652.8606  174   32 23644.0000 23653.0000  0.04%   9.9  250s
 1166754 219257 23652.0766  183   15 23644.0000 23653.0000  0.04%   9.9  255s
 1187121 222130     cutoff  182      23644.0000 23653.0000  0.04%   9.9  261s
 1196194 223482 23653.0000  179   14 23644.0000 23653.0000  0.04%  10.0  265s
 1220956 227470 23650.5456  171   20 23644.0000 23653.0000  0.04%  10.0  270s
 1245342 231128 23652.0766  181   23 23644.0000 23653.0000  0.04%  10.0  275s
 1259428 232968     cutoff  179      23644.0000 23653.0000  0.04%  10.1  280s
 1287134 237246     cutoff  173      23644.0000 23653.0000  0.04%  10.1  285s
 1306579 240273     cutoff  184      23644.0000 23653.0000  0.04%  10.1  290s
 1317208 241916     cutoff  181      23644.0000 23653.0000  0.04%  10.2  295s
 1340210 247878     cutoff  181      23644.0000 23653.0000  0.04%  10.2  300s
 1350287 249721 23653.0000  161   15 23644.0000 23653.0000  0.04%  10.3  305s
 1372223 253894 23653.0000  168   19 23644.0000 23653.0000  0.04%  10.4  310s
 1387187 256392     cutoff  172      23644.0000 23653.0000  0.04%  10.5  315s
 1401888 258776 infeasible  191      23644.0000 23653.0000  0.04%  10.6  320s
 1420813 261408 infeasible  183      23644.0000 23653.0000  0.04%  10.7  325s
 1431242 263041     cutoff  163      23644.0000 23653.0000  0.04%  10.8  330s
 1448867 265824 23653.0000  191   15 23644.0000 23653.0000  0.04%  10.9  336s
 1463484 268946     cutoff  162      23644.0000 23653.0000  0.04%  11.0  340s
 1472733 270730 23653.0000  170   26 23644.0000 23653.0000  0.04%  11.0  345s
 1490059 274647 23653.0000  168   12 23644.0000 23653.0000  0.04%  11.1  350s
 1510485 277991     cutoff  189      23644.0000 23653.0000  0.04%  11.1  355s
 1530640 279972 23653.0000  181   15 23644.0000 23653.0000  0.04%  11.1  360s
 1555996 281705 23653.0000  175    9 23644.0000 23653.0000  0.04%  11.1  365s
H1571912   668                    23653.000009 23653.0000  0.00%  11.1  370s

Cutting planes:
  Gomory: 14
  Cover: 697
  Clique: 2
  MIR: 29
  StrongCG: 21
  Flow cover: 2
  Inf proof: 2
  RLT: 1

Explored 1572345 nodes (17469414 simplex iterations) in 370.16 seconds
Thread count was 12 (of 12 available processors)

Solution count 10: 23653 23644 23625 ... 23493

Optimal solution found (tolerance 1.00e-04)
Best objective 2.365300000000e+04, best bound 2.365300000866e+04, gap 0.0000%
