
Gurobi 9.1.2 (win64, Java) logging started Fri Nov  5 19:59:44 2021

Academic license - for non-commercial use only - expires 2022-10-30
Gurobi Optimizer version 9.1.2 build v9.1.2rc0 (win64)
Thread count: 6 physical cores, 12 logical processors, using up to 12 threads
Optimize a model with 40 rows, 400 columns and 800 nonzeros
Model fingerprint: 0x9ef478dd
Variable types: 0 continuous, 400 integer (400 binary)
Coefficient statistics:
  Matrix range     [1e+00, 1e+03]
  Objective range  [9e+01, 1e+03]
  Bounds range     [1e+00, 1e+00]
  RHS range        [1e+00, 4e+02]
Found heuristic solution: objective 3124.0000000
Presolve removed 36 rows and 396 columns
Presolve time: 0.01s
Presolved: 4 rows, 4 columns, 8 nonzeros
Variable types: 0 continuous, 4 integer (4 binary)
Presolved: 4 rows, 4 columns, 8 nonzeros


Root relaxation: objective 3.978000e+03, 3 iterations, 0.00 seconds

    Nodes    |    Current Node    |     Objective Bounds      |     Work
 Expl Unexpl |  Obj  Depth IntInf | Incumbent    BestBd   Gap | It/Node Time

*    0     0               0    3978.0000000 3978.00000  0.00%     -    0s

Explored 0 nodes (3 simplex iterations) in 0.03 seconds
Thread count was 12 (of 12 available processors)

Solution count 2: 3978 3124 

Optimal solution found (tolerance 1.00e-04)
Best objective 3.978000000000e+03, best bound 3.978000000000e+03, gap 0.0000%
