
Gurobi 9.1.2 (win64, Java) logging started Fri Nov  5 20:00:01 2021

Academic license - for non-commercial use only - expires 2022-10-30
Gurobi Optimizer version 9.1.2 build v9.1.2rc0 (win64)
Thread count: 6 physical cores, 12 logical processors, using up to 12 threads
Optimize a model with 60 rows, 800 columns and 1600 nonzeros
Model fingerprint: 0xbe2f68a0
Variable types: 0 continuous, 800 integer (800 binary)
Coefficient statistics:
  Matrix range     [1e+00, 1e+03]
  Objective range  [1e+01, 1e+03]
  Bounds range     [1e+00, 1e+00]
  RHS range        [1e+00, 7e+02]
Found heuristic solution: objective 11803.000000
Presolve removed 11 rows and 397 columns
Presolve time: 0.01s
Presolved: 49 rows, 403 columns, 806 nonzeros
Variable types: 0 continuous, 403 integer (403 binary)
Presolved: 49 rows, 403 columns, 806 nonzeros


Root relaxation: objective 1.482273e+04, 116 iterations, 0.00 seconds

    Nodes    |    Current Node    |     Objective Bounds      |     Work
 Expl Unexpl |  Obj  Depth IntInf | Incumbent    BestBd   Gap | It/Node Time

     0     0 14822.7306    0   10 11803.0000 14822.7306  25.6%     -    0s
H    0     0                    14662.000000 14822.7306  1.10%     -    0s
     0     0 14719.5965    0    1 14662.0000 14719.5965  0.39%     -    0s

Cutting planes:
  Gomory: 7
  Cover: 8
  MIR: 6
  StrongCG: 6

Explored 1 nodes (303 simplex iterations) in 0.14 seconds
Thread count was 12 (of 12 available processors)

Solution count 2: 14662 11803 

Optimal solution found (tolerance 1.00e-04)
Best objective 1.466200000000e+04, best bound 1.466200000000e+04, gap 0.0000%
