
Gurobi 9.1.2 (win64, Java) logging started Fri Nov  5 22:26:41 2021

Academic license - for non-commercial use only - expires 2022-10-30
Gurobi Optimizer version 9.1.2 build v9.1.2rc0 (win64)
Thread count: 6 physical cores, 12 logical processors, using up to 12 threads
Optimize a model with 30 rows, 200 columns and 400 nonzeros
Model fingerprint: 0x72e0971d
Variable types: 0 continuous, 200 integer (200 binary)
Coefficient statistics:
  Matrix range     [1e+00, 1e+03]
  Objective range  [2e+02, 9e+02]
  Bounds range     [1e+00, 1e+00]
  RHS range        [1e+00, 1e+03]
Found heuristic solution: objective 4596.0000000
Presolve removed 8 rows and 110 columns
Presolve time: 0.00s
Presolved: 22 rows, 90 columns, 178 nonzeros
Variable types: 0 continuous, 90 integer (90 binary)
Presolve removed 0 rows and 8 columns
Presolved: 22 rows, 82 columns, 163 nonzeros


Root relaxation: objective 6.173671e+03, 43 iterations, 0.00 seconds

    Nodes    |    Current Node    |     Objective Bounds      |     Work
 Expl Unexpl |  Obj  Depth IntInf | Incumbent    BestBd   Gap | It/Node Time

     0     0 6173.67059    0    6 4596.00000 6173.67059  34.3%     -    0s
H    0     0                    5857.0000000 6173.67059  5.41%     -    0s
H    0     0                    5971.0000000 6173.12636  3.39%     -    0s
     0     0 6139.53977    0   17 5971.00000 6139.53977  2.82%     -    0s
H    0     0                    6102.0000000 6139.53977  0.62%     -    0s
     0     0 6123.99074    0    1 6102.00000 6123.99074  0.36%     -    0s
     0     0 6116.02397    0   10 6102.00000 6116.02397  0.23%     -    0s
     0     0 6116.02397    0    6 6102.00000 6116.02397  0.23%     -    0s
     0     0 infeasible    0      6102.00000 6102.00000  0.00%     -    0s

Cutting planes:
  Gomory: 5
  Cover: 4
  Clique: 2
  MIR: 2
  StrongCG: 1
  RLT: 1

Explored 1 nodes (129 simplex iterations) in 0.04 seconds
Thread count was 12 (of 12 available processors)

Solution count 5: 6102 5971 5857 ... 4596

Optimal solution found (tolerance 1.00e-04)
Best objective 6.102000000000e+03, best bound 6.102000000000e+03, gap 0.0000%
