
Gurobi 9.1.2 (win64, Java) logging started Fri Nov  5 22:46:55 2021

Academic license - for non-commercial use only - expires 2022-10-30
Gurobi Optimizer version 9.1.2 build v9.1.2rc0 (win64)
Thread count: 6 physical cores, 12 logical processors, using up to 12 threads
Optimize a model with 50 rows, 400 columns and 800 nonzeros
Model fingerprint: 0x6a30a396
Variable types: 0 continuous, 400 integer (400 binary)
Coefficient statistics:
  Matrix range     [1e+00, 1e+03]
  Objective range  [2e+02, 9e+02]
  Bounds range     [1e+00, 1e+00]
  RHS range        [1e+00, 2e+03]
Found heuristic solution: objective 10850.000000
Presolve removed 1 rows and 156 columns
Presolve time: 0.00s
Presolved: 49 rows, 244 columns, 488 nonzeros
Variable types: 0 continuous, 244 integer (244 binary)
Presolved: 49 rows, 244 columns, 488 nonzeros


Root relaxation: objective 1.278431e+04, 77 iterations, 0.00 seconds

    Nodes    |    Current Node    |     Objective Bounds      |     Work
 Expl Unexpl |  Obj  Depth IntInf | Incumbent    BestBd   Gap | It/Node Time

     0     0 12784.3067    0   11 10850.0000 12784.3067  17.8%     -    0s
H    0     0                    12309.000000 12784.3067  3.86%     -    0s
H    0     0                    12445.000000 12784.3067  2.73%     -    0s
     0     0 12772.3461    0   17 12445.0000 12772.3461  2.63%     -    0s
H    0     0                    12505.000000 12772.3461  2.14%     -    0s
     0     0 12772.3461    0   17 12505.0000 12772.3461  2.14%     -    0s
     0     0 12765.3644    0   23 12505.0000 12765.3644  2.08%     -    0s
     0     0 12765.1626    0   14 12505.0000 12765.1626  2.08%     -    0s
     0     0 12765.1626    0   14 12505.0000 12765.1626  2.08%     -    0s
     0     0 12764.8323    0   11 12505.0000 12764.8323  2.08%     -    0s
H    0     0                    12585.000000 12764.8323  1.43%     -    0s
     0     0 12764.8323    0    9 12585.0000 12764.8323  1.43%     -    0s
     0     0 12764.8323    0   10 12585.0000 12764.8323  1.43%     -    0s
     0     0 12764.8323    0    7 12585.0000 12764.8323  1.43%     -    0s
     0     2 12764.8323    0    7 12585.0000 12764.8323  1.43%     -    0s
H   31    44                    12607.000000 12764.8323  1.25%   8.4    0s
H   74    81                    12631.000000 12764.8323  1.06%   6.8    0s
H  165   209                    12664.000000 12764.8323  0.80%   6.2    0s
H  166   209                    12724.000000 12764.8323  0.32%   6.2    0s
 35382  9889 12741.4627   47   30 12724.0000 12747.5096  0.18%  12.8    5s
 55573 11368     cutoff   57      12724.0000 12747.4868  0.18%  15.5   10s
 73976 11783 12747.0436   54   37 12724.0000 12747.3645  0.18%  19.0   15s
 87492 12435 12733.6465   61   30 12724.0000 12746.9861  0.18%  21.0   20s
 92172 12713 12736.8020   57   33 12724.0000 12746.6195  0.18%  21.5   26s
 109748 12839     cutoff   62      12724.0000 12745.1905  0.17%  23.1   31s
 109866 13191     cutoff   62      12724.0000 12745.1870  0.17%  23.1   35s
 131703 13682     cutoff   60      12724.0000 12743.1764  0.15%  24.6   40s
 143855 13478 12734.4294   51   40 12724.0000 12740.7387  0.13%  25.1   45s
 159265 14208 12733.9976   67   16 12724.0000 12738.6259  0.11%  25.3   50s
 174363 14699 12729.8713   69   35 12724.0000 12737.1401  0.10%  25.5   55s
 186931 15092 12726.4802   58   43 12724.0000 12736.2810  0.10%  25.7   60s
 200985 15841 12735.3626   60   35 12724.0000 12735.7674  0.09%  26.0   65s
 217678 15369 12735.0760   61   47 12724.0000 12735.1456  0.09%  25.7   70s
 232496 14525     cutoff   61      12724.0000 12734.6938  0.08%  25.6   75s
 249996 13247     cutoff   64      12724.0000 12734.0562  0.08%  25.4   80s
 265452 10763 12729.7643   63   25 12724.0000 12733.2487  0.07%  25.3   85s
 279292  8219 12729.1630   59   53 12724.0000 12731.4152  0.06%  25.3   90s
 294415  4598     cutoff   65      12724.0000 12729.0317  0.04%  25.4   95s
 310462   623     cutoff   58      12724.0000 12726.0998  0.02%  25.3  100s

Cutting planes:
  Gomory: 23
  Cover: 821
  MIR: 65
  StrongCG: 59
  Flow cover: 10
  Inf proof: 1
  Zero half: 8
  RLT: 2

Explored 314186 nodes (7957817 simplex iterations) in 100.92 seconds
Thread count was 12 (of 12 available processors)

Solution count 9: 12724 12664 12631 ... 10850

Optimal solution found (tolerance 1.00e-04)
Best objective 1.272400000000e+04, best bound 1.272500000000e+04, gap 0.0079%
