
Gurobi 9.1.2 (win64, Java) logging started Fri Nov  5 22:48:35 2021

Academic license - for non-commercial use only - expires 2022-10-30
Gurobi Optimizer version 9.1.2 build v9.1.2rc0 (win64)
Thread count: 6 physical cores, 12 logical processors, using up to 12 threads
Optimize a model with 50 rows, 400 columns and 800 nonzeros
Model fingerprint: 0xd262ce1d
Variable types: 0 continuous, 400 integer (400 binary)
Coefficient statistics:
  Matrix range     [1e+00, 1e+03]
  Objective range  [2e+02, 9e+02]
  Bounds range     [1e+00, 1e+00]
  RHS range        [1e+00, 1e+03]
Found heuristic solution: objective 11615.000000
Presolve removed 1 rows and 50 columns
Presolve time: 0.00s
Presolved: 49 rows, 350 columns, 700 nonzeros
Variable types: 0 continuous, 350 integer (350 binary)
Presolved: 49 rows, 350 columns, 700 nonzeros


Root relaxation: objective 1.287708e+04, 157 iterations, 0.00 seconds

    Nodes    |    Current Node    |     Objective Bounds      |     Work
 Expl Unexpl |  Obj  Depth IntInf | Incumbent    BestBd   Gap | It/Node Time

     0     0 12877.0790    0   14 11615.0000 12877.0790  10.9%     -    0s
H    0     0                    12249.000000 12877.0790  5.13%     -    0s
H    0     0                    12397.000000 12877.0790  3.87%     -    0s
H    0     0                    12746.000000 12875.4815  1.02%     -    0s
     0     0 12857.8973    0   27 12746.0000 12857.8973  0.88%     -    0s
     0     0 12857.8973    0   23 12746.0000 12857.8973  0.88%     -    0s
     0     0 12857.6872    0   26 12746.0000 12857.6872  0.88%     -    0s
     0     0 12857.6872    0   15 12746.0000 12857.6872  0.88%     -    0s
     0     0 12857.6872    0   12 12746.0000 12857.6872  0.88%     -    0s
     0     0 12857.6872    0   20 12746.0000 12857.6872  0.88%     -    0s
     0     0 12857.6872    0   23 12746.0000 12857.6872  0.88%     -    0s
     0     0 12857.6872    0   33 12746.0000 12857.6872  0.88%     -    0s
     0     0 12857.6872    0   22 12746.0000 12857.6872  0.88%     -    0s
     0     2 12857.6872    0   20 12746.0000 12857.6872  0.88%     -    0s
H 3448  1960                    12784.000000 12854.1350  0.55%  15.8    1s
 14589 10463 12817.7423   30   45 12784.0000 12853.9896  0.55%  36.4    5s
 26814 16487 12844.1835   52   39 12784.0000 12850.5473  0.52%  42.8   10s
 38081 20735 12820.9383   84   33 12784.0000 12850.5473  0.52%  50.1   15s
 50363 24847 12834.1014   64   61 12784.0000 12850.5473  0.52%  56.7   20s
 57560 27310 12830.1439   96   35 12784.0000 12842.0921  0.45%  57.8   25s
H64606 24514                    12838.000000 12842.0921  0.03%  58.0   28s
 67538 24780 12839.7448   76   75 12838.0000 12842.0921  0.03%  59.6   30s
 77631 25896     cutoff   75      12838.0000 12842.0921  0.03%  67.1   35s
 85263 26097     cutoff   95      12838.0000 12842.0921  0.03%  72.3   40s

Cutting planes:
  Gomory: 10
  Cover: 17
  Clique: 3
  MIR: 39
  StrongCG: 36
  Flow cover: 9
  Zero half: 4
  RLT: 2

Explored 90446 nodes (6806645 simplex iterations) in 42.31 seconds
Thread count was 12 (of 12 available processors)

Solution count 6: 12838 12784 12746 ... 11615

Optimal solution found (tolerance 1.00e-04)
Best objective 1.283800000000e+04, best bound 1.283800000000e+04, gap 0.0000%
