
Gurobi 9.1.2 (win64, Java) logging started Fri Nov  5 22:49:18 2021

Academic license - for non-commercial use only - expires 2022-10-30
Gurobi Optimizer version 9.1.2 build v9.1.2rc0 (win64)
Thread count: 6 physical cores, 12 logical processors, using up to 12 threads
Optimize a model with 70 rows, 600 columns and 1200 nonzeros
Model fingerprint: 0x96253ed1
Variable types: 0 continuous, 600 integer (600 binary)
Coefficient statistics:
  Matrix range     [1e+00, 1e+03]
  Objective range  [8e+01, 1e+03]
  Bounds range     [1e+00, 1e+00]
  RHS range        [1e+00, 3e+03]
Found heuristic solution: objective 16371.000000
Presolve removed 0 rows and 84 columns
Presolve time: 0.00s
Presolved: 70 rows, 516 columns, 1032 nonzeros
Variable types: 0 continuous, 516 integer (516 binary)
Presolved: 70 rows, 516 columns, 1032 nonzeros


Root relaxation: objective 1.903352e+04, 141 iterations, 0.00 seconds

    Nodes    |    Current Node    |     Objective Bounds      |     Work
 Expl Unexpl |  Obj  Depth IntInf | Incumbent    BestBd   Gap | It/Node Time

     0     0 19033.5160    0   14 16371.0000 19033.5160  16.3%     -    0s
H    0     0                    18630.000000 19033.5160  2.17%     -    0s
H    0     0                    18770.000000 19033.5160  1.40%     -    0s
     0     0 19033.5065    0   27 18770.0000 19033.5065  1.40%     -    0s
H    0     0                    18808.000000 19033.5065  1.20%     -    0s
     0     0 19032.9965    0   26 18808.0000 19032.9965  1.20%     -    0s
     0     0 19032.9868    0   31 18808.0000 19032.9868  1.20%     -    0s
     0     0 19032.8506    0   33 18808.0000 19032.8506  1.20%     -    0s
     0     0 19032.8465    0   35 18808.0000 19032.8465  1.20%     -    0s
     0     0 19021.8697    0   38 18808.0000 19021.8697  1.14%     -    0s
     0     0 19021.8602    0   33 18808.0000 19021.8602  1.14%     -    0s
     0     0 19021.8602    0   33 18808.0000 19021.8602  1.14%     -    0s
     0     0 19021.8602    0   31 18808.0000 19021.8602  1.14%     -    0s
     0     0 19021.8602    0   46 18808.0000 19021.8602  1.14%     -    0s
     0     0 19021.8602    0   23 18808.0000 19021.8602  1.14%     -    0s
     0     2 19021.8602    0   23 18808.0000 19021.8602  1.14%     -    0s
H   39    44                    18846.000000 19021.8602  0.93%  16.1    0s
H  600   578                    18898.000000 19021.8602  0.66%   6.6    0s
H 2684  2062                    18919.000183 19021.2053  0.54%   6.2    1s
H 2708  1975                    18921.000000 19016.2493  0.50%   7.7    1s
H 2708  1877                    18941.000000 19016.2493  0.40%   7.7    1s
H 5138  3940                    18943.000000 19016.1802  0.39%   8.0    4s
 13733  9621 19016.0381   58   31 18943.0000 19016.1802  0.39%   5.9    5s
H14789  9013                    18955.000000 19016.1802  0.32%   5.9    5s
H25803 16030                    18960.000000 19016.1802  0.30%   6.0    5s
H36186 22379                    18971.000000 19016.1802  0.24%   5.9    6s
H37019 15149                    19000.000000 19016.1802  0.09%   5.9    6s
 51112 19186 19005.9241  120   17 19000.0000 19013.5378  0.07%   6.6   10s
 78278 29821 19013.4906  123   30 19000.0000 19013.4906  0.07%   7.5   15s
 126338 48727 19008.4855  126   49 19000.0000 19013.4906  0.07%  10.3   20s
 153957 66114 19013.4906  145   34 19000.0000 19013.4906  0.07%  11.9   25s
 180321 82154 19010.5099  132   42 19000.0000 19013.4906  0.07%  13.9   30s
 197483 92198 19013.0000  141   34 19000.0000 19013.4906  0.07%  15.3   35s
 212978 102085 19001.1827  162   27 19000.0000 19013.4906  0.07%  16.5   40s
 227145 110038 19005.6425  129   29 19000.0000 19013.4906  0.07%  17.5   45s
 240636 119019 19005.7640  141   53 19000.0000 19013.4906  0.07%  18.5   50s
 253423 126753     cutoff  141      19000.0000 19013.4906  0.07%  19.3   55s
 263585 133504     cutoff  148      19000.0000 19013.4906  0.07%  20.1   60s
 272642 139013 19001.8654  144   47 19000.0000 19013.4906  0.07%  20.7   65s
 286780 147188 19005.7792  119   49 19000.0000 19013.4906  0.07%  21.5   71s
 296969 154649 19005.6138  140   55 19000.0000 19013.4906  0.07%  22.0   75s
 310231 162872 19013.4906  148   57 19000.0000 19013.4906  0.07%  22.6   80s
 319867 169099 19013.4906  129   60 19000.0000 19013.4906  0.07%  23.1   85s
 334436 178654 19013.4906  116   41 19000.0000 19013.4906  0.07%  23.8   90s
 348125 186735 19013.1958  116   53 19000.0000 19013.4906  0.07%  24.3   96s
 359470 194747 19013.0001  118   35 19000.0000 19013.4906  0.07%  24.8  100s
 371632 202354 19012.2572  128   54 19000.0000 19013.4906  0.07%  25.2  105s
 385932 211070 19013.4906  133   62 19000.0000 19013.4906  0.07%  25.7  110s
 394620 216703 19013.0001  144   39 19000.0000 19013.4906  0.07%  25.9  115s
 407902 224776 19013.4906  121   49 19000.0000 19013.4906  0.07%  26.2  120s
 421636 234387 19001.8596  170   52 19000.0000 19013.4906  0.07%  26.5  125s
 431997 241332 19001.8527  166   49 19000.0000 19013.4906  0.07%  26.8  130s
 447331 251544 19001.8654  153   33 19000.0000 19013.4906  0.07%  27.1  135s
 460593 259450 19001.1378  175   23 19000.0000 19013.4906  0.07%  27.3  140s
 474138 268503 19001.0655  183   20 19000.0000 19013.4906  0.07%  27.6  145s
 485040 275632 19013.4906  121   46 19000.0000 19013.4906  0.07%  27.9  150s
 499695 282863 19013.0000  156   31 19000.0000 19013.4906  0.07%  28.2  155s
 511157 290310 19013.1457  145   30 19000.0000 19013.4906  0.07%  28.5  160s
 526325 297677 19005.6425  135   18 19000.0000 19013.4906  0.07%  28.7  165s
 536869 304789 19001.1827  172   39 19000.0000 19013.4906  0.07%  28.8  170s
 552552 315039 19011.5729  123   37 19000.0000 19013.4906  0.07%  28.9  175s
 565264 323346 19005.4000  165   30 19000.0000 19013.4906  0.07%  29.0  180s
 576939 330138     cutoff  174      19000.0000 19013.4906  0.07%  29.1  185s
 591120 338116 19007.4520  145   45 19000.0000 19013.4906  0.07%  29.3  190s
 603075 344944 19012.5633  129   48 19000.0000 19013.4906  0.07%  29.4  195s
 617324 352293 infeasible  186      19000.0000 19013.4906  0.07%  29.5  200s
 630924 360196 19013.0000  154   28 19000.0000 19013.4906  0.07%  29.6  205s
 642032 366415 19013.4304  137   30 19000.0000 19013.4906  0.07%  29.6  210s
 658009 377657 19013.0000  123   25 19000.0000 19013.4906  0.07%  29.5  215s
 677646 390470 19013.4906  143   36 19000.0000 19013.4906  0.07%  29.2  220s
 689028 397943 19013.4906  115   31 19000.0000 19013.4906  0.07%  29.1  225s
 710224 410487 19013.4906  123   25 19000.0000 19013.4906  0.07%  28.8  230s
 733141 423702 19001.8654  159   34 19000.0000 19013.4906  0.07%  28.5  235s
 752345 435137 19002.2054  176   26 19000.0000 19013.4906  0.07%  28.2  240s
 772184 446944 19013.4906  137   18 19000.0000 19013.4906  0.07%  28.0  245s
 790085 457739 19001.3214  189   24 19000.0000 19013.4906  0.07%  27.8  250s
 808308 469298 19007.5950  148   18 19000.0000 19013.4906  0.07%  27.6  255s
 821298 477093 19013.4906  140   40 19000.0000 19013.4906  0.07%  27.5  260s
 841052 488731 19009.6351  149   25 19000.0000 19013.4906  0.07%  27.3  265s
 860319 500594 19001.4328  172   33 19000.0000 19013.4906  0.07%  27.1  270s
 879951 512278 19013.4906  132   19 19000.0000 19013.4906  0.07%  27.0  275s
 899709 524401 19013.4906  138   33 19000.0000 19013.4906  0.07%  26.8  280s
 917428 534893 19013.0000  138   13 19000.0000 19013.4906  0.07%  26.7  285s
 935612 545228 19013.4906  150   36 19000.0000 19013.4906  0.07%  26.5  290s
 951825 555690 19013.4483  145   17 19000.0000 19013.4906  0.07%  26.4  295s
 971635 567766 19001.4328  156   29 19000.0000 19013.4906  0.07%  26.3  300s
 986269 576855 19012.0050  135   44 19000.0000 19013.4906  0.07%  26.2  305s
 1000471 586470 19013.4906  153   24 19000.0000 19013.4906  0.07%  26.1  310s
 1020144 598903 19007.8417  153   27 19000.0000 19013.4906  0.07%  26.0  315s
 1040040 611419 19001.1596  161   19 19000.0000 19013.4906  0.07%  25.8  320s
 1057223 621943     cutoff  182      19000.0000 19013.4906  0.07%  25.7  325s
 1077224 634137 19006.4817  142   26 19000.0000 19013.4906  0.07%  25.6  330s
 1096194 646227 19001.8654  145   22 19000.0000 19013.4906  0.07%  25.5  335s
 1115591 657924 19011.5729  151   26 19000.0000 19013.4906  0.07%  25.4  340s
 1129841 666772 infeasible  126      19000.0000 19013.4906  0.07%  25.3  345s
 1146556 677214 19013.4906  129   26 19000.0000 19013.4906  0.07%  25.3  350s
 1163441 686590 19013.4906  132   30 19000.0000 19013.4906  0.07%  25.2  355s
 1180974 697349 19013.4906  143   32 19000.0000 19013.4906  0.07%  25.1  360s
 1197825 707459 19013.4906  142   25 19000.0000 19013.4906  0.07%  25.0  365s
 1215184 718627 19001.8654  168   33 19000.0000 19013.4906  0.07%  24.9  370s
 1229478 727921 19009.6351  151   24 19000.0000 19013.4906  0.07%  24.9  375s
 1244670 736858 19013.4906  139   23 19000.0000 19013.4906  0.07%  24.8  380s
 1262590 747756 19003.3487  135   40 19000.0000 19013.4906  0.07%  24.8  385s
 1280756 759275 19002.3600  172   29 19000.0000 19013.4906  0.07%  24.7  390s
 1299722 771485 19001.4252  175   13 19000.0000 19013.4906  0.07%  24.6  395s
 1313895 779030 19001.7214  162   53 19000.0000 19013.4906  0.07%  24.5  400s
 1330039 790244 19013.2653  143   23 19000.0000 19013.4906  0.07%  24.5  405s
 1347288 800824 19009.7041  168   23 19000.0000 19013.4906  0.07%  24.4  410s
 1366748 812877 19010.8059  141   34 19000.0000 19013.4906  0.07%  24.4  415s
 1384173 823447 19009.8361  143   18 19000.0000 19013.4906  0.07%  24.3  420s
 1400133 833556 19002.5943  169   27 19000.0000 19013.4906  0.07%  24.3  425s
 1419126 844388 19006.5827  157   33 19000.0000 19013.4906  0.07%  24.2  430s
 1433608 853185 19012.2376  136   37 19000.0000 19013.4906  0.07%  24.2  435s
 1452196 863470     cutoff  141      19000.0000 19013.4906  0.07%  24.1  440s
 1469213 874074 19012.5341  148   31 19000.0000 19013.4906  0.07%  24.1  445s
 1486689 884782 19013.4906  134   27 19000.0000 19013.4906  0.07%  24.0  450s
 1502005 894158 19009.0639  136   22 19000.0000 19013.4906  0.07%  24.0  455s
 1518978 904485 19013.3399  130   31 19000.0000 19013.4906  0.07%  24.0  460s
 1533293 912800 19013.4906  139   31 19000.0000 19013.4906  0.07%  23.9  465s
 1548160 920194 19009.6351  145   21 19000.0000 19013.4906  0.07%  23.9  470s
 1562273 929270 19013.3867  126   41 19000.0000 19013.4906  0.07%  23.9  475s
 1578842 939662 19011.3221  144   31 19000.0000 19013.4906  0.07%  23.9  480s
 1593504 948596     cutoff  151      19000.0000 19013.4906  0.07%  23.9  485s
 1610262 958748 19009.7862  168   22 19000.0000 19013.4906  0.07%  23.8  490s
 1625698 968289 19001.8654  169   27 19000.0000 19013.4906  0.07%  23.8  495s
 1640804 977232 19009.3281  147   34 19000.0000 19013.4906  0.07%  23.8  500s
 1654699 985633 19013.4906  140   34 19000.0000 19013.4906  0.07%  23.8  505s
 1669842 994908 19013.4906  127   48 19000.0000 19013.4906  0.07%  23.7  510s
 1686625 1004513 19010.3209  136   16 19000.0000 19013.4906  0.07%  23.7  515s
 1701831 1013956 19013.0001  132   31 19000.0000 19013.4906  0.07%  23.7  520s
 1716730 1022660 19002.8687  142   51 19000.0000 19013.4906  0.07%  23.7  525s
 1732366 1032203 19013.0001  152   21 19000.0000 19013.4906  0.07%  23.7  530s
 1747222 1041812 19006.8338  166   24 19000.0000 19013.4906  0.07%  23.7  535s
 1759559 1049291 19013.0001  146   24 19000.0000 19013.4906  0.07%  23.6  540s
 1773990 1058600 19007.7671  158   18 19000.0000 19013.4906  0.07%  23.6  545s
 1791018 1068929 19013.4906  136   26 19000.0000 19013.4906  0.07%  23.6  550s
 1806368 1078642 19007.9554  163   36 19000.0000 19013.4906  0.07%  23.6  555s
 1818714 1085768 19002.6457  166   25 19000.0000 19013.4906  0.07%  23.6  560s
 1835350 1095679 19001.4286  153   19 19000.0000 19013.4906  0.07%  23.6  565s
 1850828 1105706 infeasible  168      19000.0000 19013.4906  0.07%  23.5  570s
 1865777 1115037 19010.5167  157   23 19000.0000 19013.4906  0.07%  23.5  575s
 1876878 1121887 19013.4906  105   43 19000.0000 19013.4906  0.07%  23.5  580s
 1892775 1131062     cutoff  145      19000.0000 19013.4906  0.07%  23.5  585s
 1906777 1139822     cutoff  165      19000.0000 19013.4906  0.07%  23.5  590s
 1921227 1148577 19009.1306  155   24 19000.0000 19013.4906  0.07%  23.5  595s
 1931227 1154782 19010.7867  144   23 19000.0000 19013.4906  0.07%  23.5  600s
 1948774 1165543 19001.8654  140   28 19000.0000 19013.4906  0.07%  23.5  605s
 1963273 1174493 19013.4906  136   29 19000.0000 19013.4906  0.07%  23.5  610s
 1979396 1185490 19013.4906  129   42 19000.0000 19013.4906  0.07%  23.5  615s
 1994675 1194691 19008.3634  130   48 19000.0000 19013.4906  0.07%  23.4  620s
 2009138 1203600 19001.8654  156   31 19000.0000 19013.4906  0.07%  23.4  625s
 2024179 1212993 19013.4906  135   38 19000.0000 19013.4906  0.07%  23.4  630s
 2037680 1220026 19006.7171  160   37 19000.0000 19013.4906  0.07%  23.4  636s
 2047240 1226957 19007.4912  180   21 19000.0000 19013.4906  0.07%  23.4  640s
 2062363 1236158 19013.4906  146   28 19000.0000 19013.4906  0.07%  23.4  645s
 2077184 1245652     cutoff  123      19000.0000 19013.4906  0.07%  23.4  650s
 2092032 1254476 19013.4906  153   34 19000.0000 19013.4906  0.07%  23.4  655s
 2105017 1262443 19007.7671  155   16 19000.0000 19013.4906  0.07%  23.4  660s
 2118862 1271639 19013.4906  122   36 19000.0000 19013.4906  0.07%  23.4  665s
 2135581 1282179     cutoff  194      19000.0000 19013.4906  0.07%  23.4  670s
 2149865 1291003 19005.0036  161   24 19000.0000 19013.4906  0.07%  23.4  675s
 2160112 1297962 19001.5556  171   23 19000.0000 19013.4906  0.07%  23.4  680s
 2175850 1307864 19001.5354  148   28 19000.0000 19013.4906  0.07%  23.3  685s
 2189327 1316780 19013.4906  136   55 19000.0000 19013.4906  0.07%  23.3  690s
 2205203 1326909 19013.4906  127   44 19000.0000 19013.4906  0.07%  23.3  695s
 2222906 1338215 19013.0001  140   12 19000.0000 19013.4906  0.07%  23.3  700s
 2239527 1349209 19013.0571  141   31 19000.0000 19013.4906  0.07%  23.3  705s
 2254615 1358689 19013.4906  124   38 19000.0000 19013.4906  0.07%  23.3  710s
 2271009 1369004 19013.4906  117   44 19000.0000 19013.4906  0.07%  23.2  715s
 2287960 1378989 19011.5729  134   23 19000.0000 19013.4906  0.07%  23.2  720s
 2302241 1388269 19008.1390  166   31 19000.0000 19013.4906  0.07%  23.2  725s
 2314036 1395575 19013.4715  121   30 19000.0000 19013.4906  0.07%  23.2  730s
 2324158 1402043 19013.4906  153   35 19000.0000 19013.4906  0.07%  23.2  735s
 2338373 1410782 19003.1143  149   24 19000.0000 19013.4906  0.07%  23.2  740s
 2353779 1420454 19006.6126  149   24 19000.0000 19013.4906  0.07%  23.2  745s
 2369589 1430420 19005.0332  153   30 19000.0000 19013.4906  0.07%  23.2  750s
 2384462 1439608 19003.0663  174   26 19000.0000 19013.4906  0.07%  23.2  755s
 2399796 1449710 19013.4906  126   44 19000.0000 19013.4906  0.07%  23.1  760s
 2412714 1457736 19001.8654  152   31 19000.0000 19013.4906  0.07%  23.1  765s
 2426180 1466489 19003.0392  145   19 19000.0000 19013.4906  0.07%  23.1  770s
 2440541 1475463 19006.8355  152   23 19000.0000 19013.4906  0.07%  23.1  775s
 2457575 1485653 19013.4906  135   25 19000.0000 19013.4906  0.07%  23.1  781s
 2469933 1493450 19004.7781  149   20 19000.0000 19013.4906  0.07%  23.0  785s
 2482332 1501236 19013.4906  130   33 19000.0000 19013.4906  0.07%  23.0  790s
 2496228 1509839 19009.4915  161   24 19000.0000 19013.4906  0.07%  23.0  795s
 2509473 1517865     cutoff  146      19000.0000 19013.4906  0.07%  23.0  800s
 2517328 1522110 19001.8654  144   35 19000.0000 19013.4906  0.07%  23.0  805s
 2531004 1531229 19007.0990  133   23 19000.0000 19013.4906  0.07%  23.0  810s
 2546056 1540396 19013.4906  131   36 19000.0000 19013.4906  0.07%  23.0  815s
 2559017 1547955 19013.4906  152   30 19000.0000 19013.4906  0.07%  23.0  820s
 2572722 1555898 19013.4906  134   53 19000.0000 19013.4906  0.07%  23.0  825s
 2585997 1563656 19013.4906  135   17 19000.0000 19013.4906  0.07%  23.0  830s
 2599634 1571711 19007.5203  143   56 19000.0000 19013.4906  0.07%  23.0  835s
 2614743 1580903     cutoff  126      19000.0000 19013.4906  0.07%  23.0  840s
 2631138 1590328 19013.4906  126   32 19000.0000 19013.4906  0.07%  23.0  845s
 2644230 1597348 19011.5729  139   24 19000.0000 19013.4906  0.07%  23.0  850s
 2656103 1604923 19013.4906  131   38 19000.0000 19013.4906  0.07%  23.0  855s
 2671815 1613960 19013.4906  119   28 19000.0000 19013.4906  0.07%  23.0  860s
 2686781 1622878 19013.4906  135   55 19000.0000 19013.4906  0.07%  22.9  866s
 2698160 1629340 19001.7112  155   36 19000.0000 19013.4906  0.07%  22.9  871s
 2708294 1636189 19004.4740  156   31 19000.0000 19013.4906  0.07%  22.9  875s
 2723157 1645873 19005.0248  154   37 19000.0000 19013.4906  0.07%  22.9  880s
 2736473 1653966 19008.5756  147   22 19000.0000 19013.4906  0.07%  22.9  885s
 2751482 1663020 19013.4906  141   33 19000.0000 19013.4906  0.07%  22.9  890s
 2764497 1670706 19013.4906  136   23 19000.0000 19013.4906  0.07%  22.9  895s
 2773973 1676740 19013.4906  132   19 19000.0000 19013.4906  0.07%  22.9  900s
 2790264 1686361 19013.4906  134   44 19000.0000 19013.4906  0.07%  22.9  905s
 2805538 1695044 19003.6494  167   17 19000.0000 19013.4906  0.07%  22.9  910s
 2818396 1703149 19013.4906  124   62 19000.0000 19013.4906  0.07%  22.9  915s
 2831476 1711285 19013.4906  127   22 19000.0000 19013.4906  0.07%  22.9  920s
 2844170 1718866 19001.4286  167   21 19000.0000 19013.4906  0.07%  22.9  925s
 2855148 1726372 19005.6211  132   47 19000.0000 19013.4906  0.07%  22.9  930s
 2868893 1734913 19013.4906  126   35 19000.0000 19013.4906  0.07%  22.9  935s
 2882157 1742808 19013.1302  158   31 19000.0000 19013.4906  0.07%  22.9  940s
 2894758 1750298 19013.4906  118   33 19000.0000 19013.4906  0.07%  22.8  946s
 2904786 1756654 19013.4906  149   18 19000.0000 19013.4906  0.07%  22.8  950s
 2916498 1764428 19001.1827  152   31 19000.0000 19013.4906  0.07%  22.8  955s
 2925912 1770339 19011.4466  138   21 19000.0000 19013.4906  0.07%  22.8  960s
 2936700 1776855 19013.4906  138   39 19000.0000 19013.4906  0.07%  22.8  965s
 2944473 1788462 19013.4906  124   33 19000.0000 19013.4906  0.07%  22.8  972s
 2958932 1791113 19010.3093  141   28 19000.0000 19013.4906  0.07%  22.8  976s
 2970606 1799245 19013.4906  130   33 19000.0000 19013.4906  0.07%  22.8  980s
 2984204 1808737 19013.0438  122   35 19000.0000 19013.4906  0.07%  22.8  985s
 3000370 1819681 19001.4328  144   31 19000.0000 19013.4906  0.07%  22.8  990s
 3013021 1827404 19011.4610  131   28 19000.0000 19013.4906  0.07%  22.8  995s
 3025814 1835227 19013.4906  125   33 19000.0000 19013.4906  0.07%  22.8 1000s
 3039184 1843484 19007.0990  120   23 19000.0000 19013.4906  0.07%  22.8 1005s
 3051869 1851537 19006.2049  144   27 19000.0000 19013.4906  0.07%  22.8 1010s
 3062694 1858395 19012.4910  137   53 19000.0000 19013.4906  0.07%  22.8 1015s
 3075801 1866626     cutoff  147      19000.0000 19013.4906  0.07%  22.8 1020s
 3088350 1874484 19010.5504  141   28 19000.0000 19013.4906  0.07%  22.8 1025s
 3099628 1881039 19007.7576  141   26 19000.0000 19013.4906  0.07%  22.8 1030s
 3110249 1887239 19013.3059  127   15 19000.0000 19013.4906  0.07%  22.8 1035s
 3119567 1893327 19004.5658  130   31 19000.0000 19013.4906  0.07%  22.8 1040s
 3129583 1900112     cutoff  145      19000.0000 19013.4906  0.07%  22.8 1045s
 3141015 1908068 19013.4906  135   33 19000.0000 19013.4906  0.07%  22.8 1051s
 3152608 1915838 19013.4344  134   19 19000.0000 19013.4906  0.07%  22.8 1055s
 3165753 1923973 19001.8868  181   38 19000.0000 19013.4906  0.07%  22.8 1060s
 3174813 1929819     cutoff  162      19000.0000 19013.4906  0.07%  22.8 1065s
 3187019 1937751 19001.4328  146   44 19000.0000 19013.4906  0.07%  22.8 1070s
 3197715 1943861 19001.2695  212   23 19000.0000 19013.4906  0.07%  22.8 1075s
 3208317 1951327 19013.4906  124   40 19000.0000 19013.4906  0.07%  22.8 1080s
 3218087 1957815 19009.6351  141   25 19000.0000 19013.4906  0.07%  22.8 1085s
 3229330 1964085 19013.0000  152   28 19000.0000 19013.4906  0.07%  22.8 1090s
 3238349 1971030     cutoff  160      19000.0000 19013.4906  0.07%  22.8 1095s
 3252589 1979180 19013.4906  141   42 19000.0000 19013.4906  0.07%  22.8 1100s
 3265575 1987756 19001.4328  149   33 19000.0000 19013.4906  0.07%  22.8 1105s
 3278279 1995650 19002.1414  137   29 19000.0000 19013.4906  0.07%  22.8 1110s
 3289599 2002937 19013.4906  141   31 19000.0000 19013.4906  0.07%  22.8 1115s
 3295715 2006030 19013.4906  128   50 19000.0000 19013.4906  0.07%  22.8 1120s
 3305701 2012696     cutoff  156      19000.0000 19013.4906  0.07%  22.8 1125s
 3318721 2020927 19006.2509  119   15 19000.0000 19013.4906  0.07%  22.8 1130s
 3331225 2028377 19013.4906  130   33 19000.0000 19013.4906  0.07%  22.8 1135s
 3344472 2036621 19001.8654  142   28 19000.0000 19013.4906  0.07%  22.8 1140s
 3357540 2045543 19001.3362  135   26 19000.0000 19013.4906  0.07%  22.8 1145s
 3368572 2052509 19007.4928  142   23 19000.0000 19013.4906  0.07%  22.8 1150s
 3381632 2060696     cutoff  177      19000.0000 19013.4906  0.07%  22.8 1155s
 3395945 2069451 19012.9050  141   28 19000.0000 19013.4906  0.07%  22.8 1161s
 3405346 2075470     cutoff  126      19000.0000 19013.4906  0.07%  22.8 1165s
 3418627 2083805 19013.4906  130   49 19000.0000 19013.4906  0.07%  22.8 1170s
 3427235 2088336 19013.0000  159   27 19000.0000 19013.4906  0.07%  22.8 1175s
 3439893 2096899 19013.4906  145   29 19000.0000 19013.4906  0.07%  22.8 1181s
 3446816 2101554     cutoff  131      19000.0000 19013.4906  0.07%  22.8 1185s
 3459476 2109367 19013.4906  133   36 19000.0000 19013.4906  0.07%  22.8 1190s
 3472428 2117432 19006.1589  120   25 19000.0000 19013.4906  0.07%  22.8 1195s
 3485559 2125234 19013.4906  135   29 19000.0000 19013.4906  0.07%  22.8 1200s
 3499185 2133270 19001.3846  152   31 19000.0000 19013.4906  0.07%  22.8 1205s
 3512059 2141462 19007.0990  121   32 19000.0000 19013.4906  0.07%  22.8 1210s
 3523592 2148870 19013.0000  124   21 19000.0000 19013.4906  0.07%  22.8 1215s
 3538483 2158015     cutoff  149      19000.0000 19013.4906  0.07%  22.8 1220s
 3551565 2166106     cutoff  142      19000.0000 19013.4906  0.07%  22.8 1225s
 3562540 2173167 19013.4906  118   30 19000.0000 19013.4906  0.07%  22.8 1230s
 3575089 2181177 19013.4906  160   32 19000.0000 19013.4906  0.07%  22.8 1235s
 3585974 2188022 19013.4573  134   55 19000.0000 19013.4906  0.07%  22.8 1240s
 3597263 2195293 19012.6690  141   27 19000.0000 19013.4906  0.07%  22.8 1245s
 3606346 2200163 19009.9810  137   40 19000.0000 19013.4906  0.07%  22.8 1250s
 3614993 2205937 19013.4906  118   39 19000.0000 19013.4906  0.07%  22.8 1255s
 3623787 2211774 19001.1605  176   24 19000.0000 19013.4906  0.07%  22.8 1260s
 3636021 2219579     cutoff  141      19000.0000 19013.4906  0.07%  22.8 1265s
 3648712 2227534 19001.8654  150   31 19000.0000 19013.4906  0.07%  22.8 1270s
 3660420 2234869 19001.6616  153   21 19000.0000 19013.4906  0.07%  22.8 1275s
 3668873 2240106 19006.3969  123   30 19000.0000 19013.4906  0.07%  22.8 1280s
 3681539 2247684 19011.7733  143   43 19000.0000 19013.4906  0.07%  22.8 1285s
 3690336 2252998 19013.4906  135   55 19000.0000 19013.4906  0.07%  22.8 1290s
 3702899 2260347 19013.4906  125   46 19000.0000 19013.4906  0.07%  22.8 1295s
 3714163 2267229 19013.4906  130   22 19000.0000 19013.4906  0.07%  22.9 1300s
 3728120 2275166     cutoff  139      19000.0000 19013.4906  0.07%  22.8 1305s
 3741423 2283254 19001.8654  133   25 19000.0000 19013.4906  0.07%  22.9 1310s
 3754524 2291863     cutoff  138      19000.0000 19013.4906  0.07%  22.9 1315s
 3767396 2299681     cutoff  160      19000.0000 19013.4906  0.07%  22.9 1320s
 3776509 2305361     cutoff  189      19000.0000 19013.4906  0.07%  22.9 1325s
 3789807 2313361 19012.4904  127   29 19000.0000 19013.4906  0.07%  22.9 1330s
 3800387 2319004 19013.4906  120   46 19000.0000 19013.4906  0.07%  22.9 1335s
 3810523 2325076 19013.4906  121   34 19000.0000 19013.4906  0.07%  22.9 1340s
 3821753 2332425 19001.8654  135   27 19000.0000 19013.4906  0.07%  22.9 1345s
 3832024 2339029 19013.4906  125   37 19000.0000 19013.4906  0.07%  22.9 1350s
 3841350 2343922 19013.0000  125   38 19000.0000 19013.4906  0.07%  22.9 1355s
 3850613 2350175 19001.4328  169   24 19000.0000 19013.4906  0.07%  22.9 1360s
 3860603 2357055 19013.2559  129   25 19000.0000 19013.4906  0.07%  22.9 1365s
 3874318 2364601 19013.4906  120   39 19000.0000 19013.4906  0.07%  22.9 1370s
 3885213 2371368 19013.4906  122   57 19000.0000 19013.4906  0.07%  22.9 1375s
 3896339 2378214 19013.4906  124   35 19000.0000 19013.4906  0.07%  22.9 1380s
 3905501 2383965     cutoff  142      19000.0000 19013.4906  0.07%  22.9 1385s
 3909029 2386296 19013.4906  120   36 19000.0000 19013.4906  0.07%  22.9 1390s
 3922190 2393932 19001.5868  155   35 19000.0000 19013.4906  0.07%  22.9 1396s
 3931310 2399784 19013.4906  124   47 19000.0000 19013.4906  0.07%  22.9 1400s
 3942186 2407100 19013.4906  129   36 19000.0000 19013.4906  0.07%  22.9 1405s
 3955608 2415923 19012.2988  122   31 19000.0000 19013.4906  0.07%  22.9 1410s
 3967706 2423401     cutoff  139      19000.0000 19013.4906  0.07%  22.9 1415s
 3979269 2430029 19008.4762  137   41 19000.0000 19013.4906  0.07%  22.9 1420s
 3992347 2437812 19013.4906  119   30 19000.0000 19013.4906  0.07%  22.9 1425s
 4002924 2444431 19013.4906  130   54 19000.0000 19013.4906  0.07%  22.9 1430s
 4014055 2451344 19013.4906  125   27 19000.0000 19013.4906  0.07%  22.9 1435s
 4025063 2458513 19013.4906  121   30 19000.0000 19013.4906  0.07%  22.9 1440s
 4035486 2464501 19007.0498  143   20 19000.0000 19013.4906  0.07%  22.9 1445s
 4046381 2471044 19013.3505  131   39 19000.0000 19013.4906  0.07%  22.9 1450s
 4053533 2476077 19013.4906  119   49 19000.0000 19013.4906  0.07%  22.9 1455s
 4064335 2482520 19013.4906  131   33 19000.0000 19013.4906  0.07%  22.9 1460s
 4074919 2488683 19012.6962  138   33 19000.0000 19013.4906  0.07%  22.9 1465s
 4085305 2495203 19007.9395  132   25 19000.0000 19013.4906  0.07%  22.9 1470s
 4097122 2502274 19013.4906  116   44 19000.0000 19013.4906  0.07%  22.9 1475s
 4109115 2509543 19001.4328  140   34 19000.0000 19013.4906  0.07%  22.9 1480s
 4119606 2516241 19001.4328  143   28 19000.0000 19013.4906  0.07%  22.9 1485s
 4129638 2522657 19013.4906  122   56 19000.0000 19013.4906  0.07%  22.9 1490s
 4140897 2530121 19013.0000  118   24 19000.0000 19013.4906  0.07%  22.9 1495s
 4152342 2537111 19007.9550  138   29 19000.0000 19013.4906  0.07%  22.9 1500s
 4163985 2544514 19012.8924  121   36 19000.0000 19013.4906  0.07%  22.9 1505s
 4174908 2551386 19013.4906  113   53 19000.0000 19013.4906  0.07%  22.9 1510s
 4187533 2559454 19006.6090  139   39 19000.0000 19013.4906  0.07%  22.9 1515s
 4198632 2566531 19013.4906  138   45 19000.0000 19013.4906  0.07%  22.9 1520s
 4207664 2572216     cutoff  147      19000.0000 19013.4906  0.07%  22.9 1525s
 4216629 2577627 19013.4906  123   34 19000.0000 19013.4906  0.07%  22.9 1530s
 4225951 2583720     cutoff  142      19000.0000 19013.4906  0.07%  22.9 1535s
 4235185 2588578 19004.6892  153   45 19000.0000 19013.4906  0.07%  22.9 1540s
 4245774 2595472 19013.4906  118   35 19000.0000 19013.4906  0.07%  22.9 1545s
 4250505 2598961 19004.9692  148   22 19000.0000 19013.4906  0.07%  22.9 1550s
 4261899 2605834 19005.9513  158   16 19000.0000 19013.4906  0.07%  22.9 1555s
 4275011 2613678 19013.0000  143   34 19000.0000 19013.4906  0.07%  22.9 1560s
 4285250 2619900 19013.4906  130   50 19000.0000 19013.4906  0.07%  22.9 1565s
 4297786 2627322 19006.5467  133   28 19000.0000 19013.4906  0.07%  22.9 1570s
 4309380 2633593 19011.2159  128   29 19000.0000 19013.4906  0.07%  22.9 1577s
 4311580 2635596 19013.4906  130   63 19000.0000 19013.4906  0.07%  22.9 1580s
 4322791 2643049 19013.4906  122   24 19000.0000 19013.4906  0.07%  22.9 1585s
 4334664 2650479 19013.4906  124   27 19000.0000 19013.4906  0.07%  22.9 1590s
 4347231 2658343 19013.0000  135   29 19000.0000 19013.4906  0.07%  22.9 1595s
 4358970 2665943 19013.3904  134   32 19000.0000 19013.4906  0.07%  22.9 1600s
 4371286 2673135 19013.4781  168   33 19000.0000 19013.4906  0.07%  22.9 1605s
 4382761 2680277 19013.4234  152   44 19000.0000 19013.4906  0.07%  22.9 1610s
 4392088 2686131 19013.4812  129   46 19000.0000 19013.4906  0.07%  22.9 1615s
 4401322 2692002 19008.3283  150   21 19000.0000 19013.4906  0.07%  22.9 1620s
 4406065 2693836 infeasible  160      19000.0000 19013.4906  0.07%  22.9 1625s
 4418039 2701910 19013.4906  156   33 19000.0000 19013.4906  0.07%  22.9 1630s
 4429033 2708610 19009.0948  131   34 19000.0000 19013.4906  0.07%  22.9 1635s
 4442027 2716638 19001.3802  157   53 19000.0000 19013.4906  0.07%  22.9 1640s
 4453637 2723508 19005.8991  136   30 19000.0000 19013.4906  0.07%  22.9 1645s
 4464033 2729823 19007.7671  144   34 19000.0000 19013.4906  0.07%  22.9 1650s
 4473238 2735846 19009.5824  122   25 19000.0000 19013.4906  0.07%  22.9 1655s
 4484852 2743292     cutoff  134      19000.0000 19013.4906  0.07%  22.9 1660s
 4495601 2750277 19007.7544  136   52 19000.0000 19013.4906  0.07%  22.9 1665s
 4505167 2756419 19013.4906  135   27 19000.0000 19013.4906  0.07%  22.9 1670s
 4514298 2762187 19013.4715  126   38 19000.0000 19013.4906  0.07%  22.9 1675s
 4520057 2765934     cutoff  168      19000.0000 19013.4906  0.07%  22.9 1680s
 4528971 2771512 19008.0913  126   37 19000.0000 19013.4906  0.07%  22.9 1685s
 4540644 2778675 19013.4906  127   33 19000.0000 19013.4906  0.07%  22.9 1690s
 4551570 2786288 19001.3214  175   23 19000.0000 19013.4906  0.07%  22.9 1695s
 4563379 2794125 19008.5030  144   26 19000.0000 19013.4906  0.07%  22.9 1700s
 4574111 2801206 19013.4906  114   39 19000.0000 19013.4906  0.07%  22.9 1705s
 4586099 2809239     cutoff  151      19000.0000 19013.4906  0.07%  22.9 1710s
 4595855 2815631 19013.4906  116   40 19000.0000 19013.4906  0.07%  22.9 1715s
 4604515 2821435 19006.3969  125   38 19000.0000 19013.4906  0.07%  22.9 1720s
 4615583 2827107 19012.3097  125   37 19000.0000 19013.4906  0.07%  22.9 1725s
 4623137 2833180 19003.4756  142   37 19000.0000 19013.4906  0.07%  22.9 1730s
 4628039 2836752 19011.4465  136   41 19000.0000 19013.4906  0.07%  22.9 1735s
 4639906 2843938 19007.7671  154   16 19000.0000 19013.4906  0.07%  22.9 1740s
 4650891 2850955 19013.4713  119   50 19000.0000 19013.4906  0.07%  22.9 1745s
 4660065 2856997 19002.8546  158   33 19000.0000 19013.4906  0.07%  22.9 1750s
 4669725 2862475 19004.0083  158   37 19000.0000 19013.4906  0.07%  22.9 1756s
 4677181 2867848 19013.0000  143   25 19000.0000 19013.4906  0.07%  22.9 1760s
 4684630 2871536 19013.4906  135   42 19000.0000 19013.4906  0.07%  22.9 1765s
 4692320 2877617 19003.6127  134   34 19000.0000 19013.4906  0.07%  22.9 1770s
 4703918 2885043 19002.8118  125   50 19000.0000 19013.4906  0.07%  22.9 1775s
 4713115 2890793 19013.4906  128   48 19000.0000 19013.4906  0.07%  22.9 1780s
 4723764 2896872 infeasible  148      19000.0000 19013.4906  0.07%  22.9 1786s
 4731490 2901865 19001.4328  194   24 19000.0000 19013.4906  0.07%  22.9 1790s
 4743023 2909607 19004.9034  122   39 19000.0000 19013.4906  0.07%  22.9 1795s
 4752571 2915704 19001.4328  178   20 19000.0000 19013.4906  0.07%  22.9 1800s
 4763620 2922485 19013.4906  107   49 19000.0000 19013.4906  0.07%  22.9 1806s
 4769786 2927335 19006.5499  160   43 19000.0000 19013.4906  0.07%  22.9 1810s
 4781689 2934574 19013.4906  114   43 19000.0000 19013.4906  0.07%  22.9 1815s
 4793073 2941486 19006.1789  148   44 19000.0000 19013.4906  0.07%  22.9 1820s
 4806407 2950125 19001.8383  156   33 19000.0000 19013.4906  0.07%  22.9 1825s
 4819450 2958099 infeasible  134      19000.0000 19013.4906  0.07%  22.9 1830s
 4830880 2966107     cutoff  137      19000.0000 19013.4906  0.07%  22.9 1835s
 4842410 2973446 19013.0000  121   28 19000.0000 19013.4906  0.07%  22.9 1841s
 4852362 2980053 19012.6568  125   24 19000.0000 19013.4906  0.07%  22.9 1845s
 4863467 2987240 19002.1928  152   27 19000.0000 19013.4906  0.07%  22.9 1850s
 4874326 2994249 19013.4906  112   28 19000.0000 19013.4906  0.07%  22.9 1855s
 4883899 2999978 19012.7794  127   28 19000.0000 19013.4906  0.07%  22.9 1860s
 4892776 3005777 19013.4906  134   35 19000.0000 19013.4906  0.07%  22.9 1865s
 4899739 3010494 19009.1250  142   47 19000.0000 19013.4906  0.07%  22.9 1870s
 4912357 3017682 19013.0000  126   22 19000.0000 19013.4906  0.07%  22.9 1875s
 4921340 3024448 19013.0034  138   35 19000.0000 19013.4906  0.07%  22.9 1880s
 4931725 3031170 infeasible  170      19000.0000 19013.4906  0.07%  22.9 1885s
 4941290 3036763 19002.6833  116   24 19000.0000 19013.4906  0.07%  22.9 1890s
 4949272 3042985 19013.4906  122   38 19000.0000 19013.4906  0.07%  22.9 1895s
 4959048 3048850 19013.4906  136   30 19000.0000 19013.4906  0.07%  22.9 1900s
 4971443 3056579 19004.7755  131   26 19000.0000 19013.4906  0.07%  22.9 1905s
 4980820 3062648 19010.6459  128   36 19000.0000 19013.4906  0.07%  22.9 1910s
 4993369 3070744 19013.4906  113   58 19000.0000 19013.4906  0.07%  22.9 1915s
 5003383 3076833 19001.4328  142   32 19000.0000 19013.4906  0.07%  22.9 1920s
 5014213 3083372 19006.6126  152   30 19000.0000 19013.4906  0.07%  22.9 1925s
 5025134 3090367 19013.4906  129   33 19000.0000 19013.4906  0.07%  22.9 1930s
 5038327 3098616 19007.7576  138   25 19000.0000 19013.4906  0.07%  22.9 1936s
 5047330 3104063 19013.4906  117   33 19000.0000 19013.4906  0.07%  23.0 1941s
 5054308 3108653 19013.4906  123   39 19000.0000 19013.4906  0.07%  23.0 1945s
 5065879 3115622 19012.9050  138   24 19000.0000 19013.4906  0.07%  23.0 1950s
 5075391 3121486 19001.3733  168   13 19000.0000 19013.4906  0.07%  23.0 1955s
 5084743 3127443     cutoff  153      19000.0000 19013.4906  0.07%  23.0 1960s
 5093538 3132987 19011.5729  146   21 19000.0000 19013.4906  0.07%  23.0 1965s
 5099050 3135697 19003.9363  139   29 19000.0000 19013.4906  0.07%  23.0 1970s
 5109765 3143390 19002.3855  174   25 19000.0000 19013.4906  0.07%  23.0 1975s
 5119433 3149136 19004.8074  155   28 19000.0000 19013.4906  0.07%  23.0 1980s
 5127750 3154569 19001.3214  143   22 19000.0000 19013.4906  0.07%  23.0 1985s
 5137191 3160379 19013.4906  161   46 19000.0000 19013.4906  0.07%  23.0 1990s
 5146442 3166074 19013.4906  114   29 19000.0000 19013.4906  0.07%  23.0 1995s
 5155309 3171501     cutoff  160      19000.0000 19013.4906  0.07%  23.0 2000s
 5162668 3176159 19013.4906  135   23 19000.0000 19013.4906  0.07%  23.0 2005s
 5172232 3182167 19004.5887  150   37 19000.0000 19013.4906  0.07%  23.0 2010s
 5181754 3187732 19006.7623  143   24 19000.0000 19013.4906  0.07%  23.0 2015s
 5189335 3191421 19006.8138  131   24 19000.0000 19013.4906  0.07%  23.0 2020s
 5201641 3199845 19006.2966  140   33 19000.0000 19013.4906  0.07%  23.0 2026s
 5208966 3204920 19013.4906  117   39 19000.0000 19013.4906  0.07%  23.0 2030s
 5220678 3211850 19001.1786  178   38 19000.0000 19013.4906  0.07%  23.0 2035s
 5231469 3218533 19003.7361  154   31 19000.0000 19013.4906  0.07%  23.0 2040s
 5240600 3223477 19013.4344  135   21 19000.0000 19013.4906  0.07%  23.0 2045s
 5251508 3230027 19010.6510  151   18 19000.0000 19013.4906  0.07%  23.0 2050s
 5261027 3235853 19001.8654  158   31 19000.0000 19013.4906  0.07%  23.0 2055s
 5270387 3241740 19004.4828  129   38 19000.0000 19013.4906  0.07%  23.0 2060s
 5282773 3249558 19010.4475  129   24 19000.0000 19013.4906  0.07%  23.0 2065s
 5291557 3254694 19013.4906  131   24 19000.0000 19013.4906  0.07%  23.0 2070s
 5300114 3260120 19013.4906  122   37 19000.0000 19013.4906  0.07%  23.0 2075s
 5306959 3263520 infeasible  130      19000.0000 19013.4906  0.07%  23.0 2080s
 5314447 3268574     cutoff  131      19000.0000 19013.4906  0.07%  23.0 2085s
 5319800 3271282     cutoff  156      19000.0000 19013.4906  0.07%  23.0 2091s
 5327595 3277187 19008.5030  147   28 19000.0000 19013.4906  0.07%  23.0 2096s
 5333770 3281377     cutoff  158      19000.0000 19013.4906  0.07%  23.0 2100s
 5345500 3287964 19012.5492  137   51 19000.0000 19013.4906  0.07%  23.0 2105s
 5354621 3293658 19001.3169  153   40 19000.0000 19013.4906  0.07%  23.0 2110s
 5359481 3296883     cutoff  121      19000.0000 19013.4906  0.07%  23.0 2115s
 5370759 3303597 19001.3252  137   24 19000.0000 19013.4906  0.07%  23.0 2120s
 5382264 3310653 19013.4906  107   41 19000.0000 19013.4906  0.07%  23.0 2125s
 5391538 3316366 19002.4054  154   23 19000.0000 19013.4906  0.07%  23.0 2130s
 5402198 3323537 19012.9520  125   45 19000.0000 19013.4906  0.07%  23.0 2135s
 5411366 3329074 19007.3750  135   26 19000.0000 19013.4906  0.07%  23.0 2140s
 5422412 3336643 19012.3889  120   47 19000.0000 19013.4906  0.07%  23.0 2145s
 5429197 3341206 19013.4906  121   56 19000.0000 19013.4906  0.07%  23.0 2150s
 5439758 3347504 19013.4906  125   30 19000.0000 19013.4906  0.07%  23.0 2155s
 5449428 3353125 19013.4906  130   23 19000.0000 19013.4906  0.07%  23.0 2160s
 5458770 3358069 19010.3832  131   39 19000.0000 19013.4906  0.07%  23.0 2165s
 5466397 3363507 19001.4328  165   28 19000.0000 19013.4906  0.07%  23.0 2170s
 5476867 3369988 19013.4906  114   40 19000.0000 19013.4906  0.07%  23.0 2175s
 5488038 3377067 19013.4906  140   32 19000.0000 19013.4906  0.07%  23.0 2180s
 5498676 3383404     cutoff  146      19000.0000 19013.4906  0.07%  23.0 2185s
 5507573 3389000 19007.7671  168   34 19000.0000 19013.4906  0.07%  23.0 2190s
 5517625 3395288 19013.4906  114   35 19000.0000 19013.4906  0.07%  23.0 2195s
 5522349 3400507 19013.0000  115   34 19000.0000 19013.4906  0.07%  23.0 2200s
 5535024 3406409     cutoff  147      19000.0000 19013.4906  0.07%  23.0 2205s
 5544806 3412280 19002.5790  160   26 19000.0000 19013.4906  0.07%  23.0 2210s
 5555185 3418666 19013.4906  119   58 19000.0000 19013.4906  0.07%  23.0 2216s
 5562156 3423254 19012.1526  134   46 19000.0000 19013.4906  0.07%  23.0 2220s
 5568854 3427255 19011.5729  143   24 19000.0000 19013.4906  0.07%  23.0 2225s
 5578781 3433372 19009.8691  145   22 19000.0000 19013.4906  0.07%  23.0 2230s
 5587754 3438351 19013.4906  121   43 19000.0000 19013.4906  0.07%  23.0 2235s
 5597207 3444340 19011.2159  131   30 19000.0000 19013.4906  0.07%  23.0 2240s
 5606185 3449701 19010.5564  142   51 19000.0000 19013.4906  0.07%  23.0 2245s
 5615667 3455495 19013.4906  147   34 19000.0000 19013.4906  0.07%  23.0 2250s
 5624565 3461501 19013.4906  125   38 19000.0000 19013.4906  0.07%  23.0 2255s
 5633921 3467583 19013.4906  118   45 19000.0000 19013.4906  0.07%  23.0 2260s
 5641839 3472815 19013.4906  137   35 19000.0000 19013.4906  0.07%  23.0 2265s
 5651535 3478740 19013.4906  122   51 19000.0000 19013.4906  0.07%  23.0 2270s
 5660743 3484509 19011.1225  127   36 19000.0000 19013.4906  0.07%  23.0 2275s
 5671211 3491197 19006.2191  128   26 19000.0000 19013.4906  0.07%  23.0 2280s
 5680108 3496780 19013.4906  117   28 19000.0000 19013.4906  0.07%  23.0 2285s
 5688136 3501533 19007.4344  129   35 19000.0000 19013.4906  0.07%  23.0 2290s
 5697258 3507307 19013.4906  133   41 19000.0000 19013.4906  0.07%  23.0 2295s
 5706071 3512209 19011.0237  148   36 19000.0000 19013.4906  0.07%  23.0 2300s
 5713486 3517040 19009.6223  139   36 19000.0000 19013.4906  0.07%  23.0 2305s
 5721646 3522102 19013.4906  112   35 19000.0000 19013.4906  0.07%  23.0 2311s
 5724309 3523675 19007.2317  145   44 19000.0000 19013.4906  0.07%  23.0 2315s
 5735535 3530925 19013.4906  125   36 19000.0000 19013.4906  0.07%  23.0 2321s
 5744856 3536989 19013.2142  146   30 19000.0000 19013.4906  0.07%  23.0 2325s
 5753905 3542628 19013.4344  124   20 19000.0000 19013.4906  0.07%  23.0 2330s
 5762943 3547904 19013.4906  103   58 19000.0000 19013.4906  0.07%  23.0 2335s
 5770571 3552930 19011.5729  124   19 19000.0000 19013.4906  0.07%  23.0 2340s
 5779717 3558352 19002.0497  148   28 19000.0000 19013.4906  0.07%  23.0 2345s
 5787594 3563304 19011.1633  123   23 19000.0000 19013.4906  0.07%  23.0 2350s
 5795040 3567829 19013.4906  117   38 19000.0000 19013.4906  0.07%  23.0 2355s
 5801097 3571850 19007.0990  118   31 19000.0000 19013.4906  0.07%  23.0 2360s
 5811063 3577871 19004.0377  140   23 19000.0000 19013.4906  0.07%  23.0 2365s
 5820615 3584670     cutoff  155      19000.0000 19013.4906  0.07%  23.0 2370s
 5829830 3591042     cutoff  152      19000.0000 19013.4906  0.07%  23.0 2375s
 5838907 3597191     cutoff  134      19000.0000 19013.4906  0.07%  23.0 2380s
 5848753 3603462 19013.4906  105   34 19000.0000 19013.4906  0.07%  23.0 2385s
 5859730 3611012 19001.4328  149   33 19000.0000 19013.4906  0.07%  23.0 2390s
 5868456 3616597 19013.4906  106   51 19000.0000 19013.4906  0.07%  23.0 2395s
 5878078 3622836 19013.4906  106   39 19000.0000 19013.4906  0.07%  23.0 2400s
 5887389 3628720 19006.6393  142   42 19000.0000 19013.4906  0.07%  23.0 2405s
 5895792 3634553 19013.0000  137   28 19000.0000 19013.4906  0.07%  23.0 2411s
 5903223 3639189 19013.4344  123   24 19000.0000 19013.4906  0.07%  23.0 2416s
 5908871 3642428     cutoff  140      19000.0000 19013.4906  0.07%  23.0 2420s
 5916409 3647531     cutoff  138      19000.0000 19013.4906  0.07%  23.0 2425s
 5923190 3650972 19013.4906  106   31 19000.0000 19013.4906  0.07%  23.0 2430s
 5931250 3657057 19013.4906  121   31 19000.0000 19013.4906  0.07%  23.0 2435s
 5941599 3663291 19013.2486  142   30 19000.0000 19013.4906  0.07%  23.0 2440s
 5948171 3667893 19013.4906  118   31 19000.0000 19013.4906  0.07%  23.0 2445s
 5953125 3671447 19001.4328  168   12 19000.0000 19013.4906  0.07%  23.0 2450s
 5962000 3677443 19013.4906  129   25 19000.0000 19013.4906  0.07%  23.0 2455s
 5973258 3684443 19013.4906  108   39 19000.0000 19013.4906  0.07%  23.0 2460s
 5978491 3687648 19001.8903  142   42 19000.0000 19013.4906  0.07%  23.0 2465s
 5989451 3694702 19013.4906  117   44 19000.0000 19013.4906  0.07%  23.0 2470s
 5996818 3699520 19013.4344  129   25 19000.0000 19013.4906  0.07%  23.0 2475s
 6000310 3700863 19013.4906  130   25 19000.0000 19013.4906  0.07%  23.0 2482s
 6000658 3708825 19012.9050  130   22 19000.0000 19013.4906  0.07%  23.0 2486s
 6015336 3711871 19013.4503  131   39 19000.0000 19013.4906  0.07%  23.0 2490s
 6026437 3719294 19013.0480  155   43 19000.0000 19013.4906  0.07%  23.0 2495s
 6036495 3725586 19003.2189  136   26 19000.0000 19013.4906  0.07%  23.0 2500s
 6045666 3731241 19011.2159  145   31 19000.0000 19013.4906  0.07%  23.0 2505s
 6053493 3736506 19003.3549  154   53 19000.0000 19013.4906  0.07%  23.0 2510s
 6062982 3742240 19007.7671  146   16 19000.0000 19013.4906  0.07%  23.0 2515s
 6070924 3747000 19007.8661  135   33 19000.0000 19013.4906  0.07%  23.0 2520s
 6079045 3751602 19013.4906  117   29 19000.0000 19013.4906  0.07%  23.0 2526s
 6086043 3756887 19010.5746  140   39 19000.0000 19013.4906  0.07%  23.0 2530s
 6095776 3762840 19007.9036  134   15 19000.0000 19013.4906  0.07%  23.0 2535s
 6105076 3769101 19001.1827  172   30 19000.0000 19013.4906  0.07%  23.0 2540s
 6112253 3773971 19013.4906  130   19 19000.0000 19013.4906  0.07%  23.0 2545s
 6119460 3777734 19008.1052  128   32 19000.0000 19013.4906  0.07%  23.0 2550s
 6126996 3783218 19013.4906  116   35 19000.0000 19013.4906  0.07%  23.0 2555s
 6134252 3789018 19013.4906  117   38 19000.0000 19013.4906  0.07%  23.0 2560s
 6145213 3794974 19013.4906  118   28 19000.0000 19013.4906  0.07%  23.0 2565s
 6155148 3801324 19013.4906  127   35 19000.0000 19013.4906  0.07%  23.0 2570s
 6165113 3808555 19004.9309  122   17 19000.0000 19013.4906  0.07%  23.0 2575s
 6175177 3814711 19013.4906  121   50 19000.0000 19013.4906  0.07%  23.0 2580s
 6182795 3818877 19004.0377  150   18 19000.0000 19013.4906  0.07%  23.0 2587s
 6187020 3822690 19013.4906  132   41 19000.0000 19013.4906  0.07%  23.0 2591s
 6196836 3828851 19009.8159  147   27 19000.0000 19013.4906  0.07%  23.0 2595s
 6204394 3833965 19006.0981  143   20 19000.0000 19013.4906  0.07%  23.0 2600s
 6212338 3839585 19013.4906  118   25 19000.0000 19013.4906  0.07%  23.0 2605s
 6222732 3846221 19013.4906  111   48 19000.0000 19013.4906  0.07%  23.0 2610s
 6234260 3853541 19013.4906  124   54 19000.0000 19013.4906  0.07%  23.0 2615s
 6243097 3859147 infeasible  125      19000.0000 19013.4906  0.07%  23.0 2620s
 6252669 3865383 19013.4906  125   24 19000.0000 19013.4906  0.07%  23.0 2626s
 6261531 3871157 19013.0000  141   29 19000.0000 19013.4906  0.07%  23.0 2630s
 6268988 3875562 19013.4906  128   24 19000.0000 19013.4906  0.07%  23.0 2635s
 6278561 3881556 19003.2619  127   19 19000.0000 19013.4906  0.07%  23.0 2640s
 6288172 3887941 19013.4906  122   57 19000.0000 19013.4906  0.07%  23.0 2645s
 6297227 3893513 19013.4906  132   49 19000.0000 19013.4906  0.07%  23.0 2650s
 6304586 3898557 19013.4906  125   52 19000.0000 19013.4906  0.07%  23.0 2655s
 6312128 3903367 19013.4344  138   24 19000.0000 19013.4906  0.07%  23.0 2660s
 6321987 3909668 19013.4906  136   41 19000.0000 19013.4906  0.07%  22.9 2665s
 6332593 3916037 19001.8959  152   14 19000.0000 19013.4906  0.07%  22.9 2670s
 6341112 3921688 19004.3936  168   27 19000.0000 19013.4906  0.07%  23.0 2675s
 6351764 3928008 19013.4906  119   34 19000.0000 19013.4906  0.07%  23.0 2680s
 6360904 3933887 19013.4344  133   24 19000.0000 19013.4906  0.07%  23.0 2686s
 6368574 3938316 19013.4906  114   54 19000.0000 19013.4906  0.07%  23.0 2690s
 6374871 3942800 19013.4906  119   29 19000.0000 19013.4906  0.07%  23.0 2695s
 6382683 3947062 19013.0050  123   31 19000.0000 19013.4906  0.07%  23.0 2700s
 6389937 3951542 19013.1676  134   46 19000.0000 19013.4906  0.07%  23.0 2705s
 6397423 3955921 19013.4906  116   43 19000.0000 19013.4906  0.07%  23.0 2710s
 6404751 3960631     cutoff  123      19000.0000 19013.4906  0.07%  23.0 2716s
 6410733 3963869 19013.0000  135   19 19000.0000 19013.4906  0.07%  23.0 2720s
 6416156 3967477     cutoff  140      19000.0000 19013.4906  0.07%  23.0 2725s
 6423337 3972000 19012.5507  119   31 19000.0000 19013.4906  0.07%  23.0 2730s
 6429075 3975619 19010.6366  132   32 19000.0000 19013.4906  0.07%  23.0 2735s
 6434341 3979105 19013.4906  118   26 19000.0000 19013.4906  0.07%  23.0 2740s
 6442202 3984523     cutoff  128      19000.0000 19013.4906  0.07%  23.0 2745s
 6447022 3987399 19013.4344  134   28 19000.0000 19013.4906  0.07%  23.0 2751s
 6454128 3991930 19013.4906  121   29 19000.0000 19013.4906  0.07%  23.0 2755s
 6462427 3996948     cutoff  145      19000.0000 19013.4906  0.07%  23.0 2761s
 6466560 3998965 19002.8696  141   25 19000.0000 19013.4906  0.07%  23.0 2765s
 6473238 4004193 19005.7336  163   26 19000.0000 19013.4906  0.07%  23.0 2770s
 6480555 4008967     cutoff  146      19000.0000 19013.4906  0.07%  23.0 2775s
 6489324 4014078 19007.3750  149   24 19000.0000 19013.4906  0.07%  23.0 2780s
 6498243 4019443 19013.4906  131   37 19000.0000 19013.4906  0.07%  23.0 2785s
 6505773 4023509 19008.3956  156   27 19000.0000 19013.4906  0.07%  23.0 2790s
 6512785 4026782 19013.4141  130   36 19000.0000 19013.4906  0.07%  23.0 2797s
 6516588 4030096 19011.1611  122   31 19000.0000 19013.4906  0.07%  23.0 2800s
 6526675 4035523     cutoff  175      19000.0000 19013.4906  0.07%  23.0 2807s
 6531365 4039411 19013.4906  109   38 19000.0000 19013.4906  0.07%  23.0 2810s
 6539140 4044361 19007.0990  113   32 19000.0000 19013.4906  0.07%  23.0 2815s
 6548627 4050504 19013.0000  134   34 19000.0000 19013.4906  0.07%  23.0 2820s
 6558249 4056035 19012.8116  132   40 19000.0000 19013.4906  0.07%  23.0 2826s
 6563711 4059510 19001.4328  154   22 19000.0000 19013.4906  0.07%  23.0 2830s
 6571183 4063756     cutoff  148      19000.0000 19013.4906  0.07%  23.0 2835s
 6580471 4069221 19001.3419  149   22 19000.0000 19013.4906  0.07%  23.0 2840s
 6589844 4075454 19012.7131  128   31 19000.0000 19013.4906  0.07%  23.0 2845s
 6597647 4079905 19001.8384  155   41 19000.0000 19013.4906  0.07%  23.0 2850s
 6605458 4084683 19013.4906  134   50 19000.0000 19013.4906  0.07%  23.0 2855s
 6614521 4090277 19013.4906  138   33 19000.0000 19013.4906  0.07%  23.0 2860s
 6622040 4095273     cutoff  127      19000.0000 19013.4906  0.07%  23.0 2866s
 6630066 4100662 19001.8654  160   35 19000.0000 19013.4906  0.07%  23.0 2871s
 6635384 4103671 19011.5285  127   24 19000.0000 19013.4906  0.07%  23.0 2875s
 6640700 4106298 19012.2640  126   33 19000.0000 19013.4906  0.07%  23.0 2883s
 6643269 4109015 19013.4906  139   48 19000.0000 19013.4906  0.07%  23.0 2885s
 6653136 4114671     cutoff  133      19000.0000 19013.4906  0.07%  23.0 2890s
 6662956 4121347 19013.4906  122   52 19000.0000 19013.4906  0.07%  23.0 2895s
 6672962 4127084 19001.2695  195   16 19000.0000 19013.4906  0.07%  23.0 2900s
 6680645 4131807 19001.7421  165   19 19000.0000 19013.4906  0.07%  23.0 2906s
 6688232 4136713 19011.2159  127   23 19000.0000 19013.4906  0.07%  23.0 2910s
 6698118 4142509 19011.1611  132   19 19000.0000 19013.4906  0.07%  23.0 2915s
 6702605 4145082     cutoff  155      19000.0000 19013.4906  0.07%  23.0 2920s
 6711892 4150215 19011.9461  131   43 19000.0000 19013.4906  0.07%  23.0 2925s
 6720281 4155632 19006.3340  141   20 19000.0000 19013.4906  0.07%  23.0 2930s
 6729366 4161218 19013.4906  117   24 19000.0000 19013.4906  0.07%  23.0 2936s
 6735089 4164645 19001.6100  136   30 19000.0000 19013.4906  0.07%  23.0 2940s
 6740304 4168078 19004.4884  159   30 19000.0000 19013.4906  0.07%  23.0 2945s
 6748097 4173173 19009.6253  135   25 19000.0000 19013.4906  0.07%  23.0 2951s
 6754046 4176390 19007.3750  136   31 19000.0000 19013.4906  0.07%  23.0 2955s
 6761855 4180642 19010.4055  140   22 19000.0000 19013.4906  0.07%  23.0 2963s
 6764521 4183053 19011.0579  121   34 19000.0000 19013.4906  0.07%  23.0 2965s
 6771848 4187640 19013.4906  114   30 19000.0000 19013.4906  0.07%  23.0 2970s
 6780825 4193440 19013.4906  118   30 19000.0000 19013.4906  0.07%  23.0 2975s
 6786504 4197402 19011.2159  137   24 19000.0000 19013.4906  0.07%  23.0 2980s
 6793771 4201851 19001.3733  166   19 19000.0000 19013.4906  0.07%  23.0 2985s
 6799070 4204615 19013.4906  122   32 19000.0000 19013.4906  0.07%  23.0 2991s
 6805299 4209283 19001.8654  165   24 19000.0000 19013.4906  0.07%  23.0 2995s
 6815147 4215632 19006.3969  118   36 19000.0000 19013.4906  0.07%  23.0 3000s
 6823578 4220603 19011.6452  113   35 19000.0000 19013.4906  0.07%  23.0 3005s
 6834095 4226969 19012.7725  121   48 19000.0000 19013.4906  0.07%  23.0 3010s
 6841175 4230694 19013.4906  124   36 19000.0000 19013.4906  0.07%  23.0 3018s
 6845336 4234343 19001.5005  137   46 19000.0000 19013.4906  0.07%  23.0 3020s
 6853653 4239420 19009.7811  150   36 19000.0000 19013.4906  0.07%  23.0 3025s
 6863189 4245380 19003.9167  144   19 19000.0000 19013.4906  0.07%  23.0 3030s
 6870609 4249904 19008.1052  119   31 19000.0000 19013.4906  0.07%  23.0 3035s
 6877882 4254765 19013.4906  119   36 19000.0000 19013.4906  0.07%  23.0 3040s
 6885646 4259538 19013.2559  133   27 19000.0000 19013.4906  0.07%  23.0 3045s
 6892905 4264131 19001.4328  190   23 19000.0000 19013.4906  0.07%  23.0 3050s
 6900345 4267945     cutoff  142      19000.0000 19013.4906  0.07%  23.0 3056s
 6907352 4272963 19013.4906  139   25 19000.0000 19013.4906  0.07%  23.0 3060s
 6914781 4277605 19010.8382  130   32 19000.0000 19013.4906  0.07%  23.0 3065s
 6922494 4282490 19011.6518  145   18 19000.0000 19013.4906  0.07%  23.0 3070s
 6929806 4286728 19013.4906  128   31 19000.0000 19013.4906  0.07%  23.0 3075s
 6937042 4291005 19013.4906  130   49 19000.0000 19013.4906  0.07%  23.0 3080s
 6944688 4295592 19013.4906  119   52 19000.0000 19013.4906  0.07%  23.0 3085s
 6950156 4298927 19002.5175  159   21 19000.0000 19013.4906  0.07%  23.0 3090s
 6957588 4303846 19003.1329  135   31 19000.0000 19013.4906  0.07%  23.0 3095s
 6965084 4308559     cutoff  142      19000.0000 19013.4906  0.07%  23.0 3101s
 6972740 4312980 19013.4344  140   32 19000.0000 19013.4906  0.07%  23.0 3106s
 6978067 4316636     cutoff  157      19000.0000 19013.4906  0.07%  23.0 3110s
 6985596 4321458     cutoff  120      19000.0000 19013.4906  0.07%  23.0 3115s
 6991684 4325394 19007.3540  145   26 19000.0000 19013.4906  0.07%  23.0 3120s
 6999227 4330059 19007.7671  143   28 19000.0000 19013.4906  0.07%  23.0 3125s
 7006553 4334831 19001.8445  159   60 19000.0000 19013.4906  0.07%  23.0 3130s
 7014169 4339235 19013.4906  135   59 19000.0000 19013.4906  0.07%  23.0 3135s
 7022975 4344642 19001.4328  178   21 19000.0000 19013.4906  0.07%  23.0 3140s
 7028520 4347655 19013.4906  118   40 19000.0000 19013.4906  0.07%  23.0 3147s
 7031631 4350286 19011.4464  163   48 19000.0000 19013.4906  0.07%  23.0 3150s
 7037788 4353987 19013.4906  125   36 19000.0000 19013.4906  0.07%  23.0 3155s
 7043829 4357491 19007.3750  152   18 19000.0000 19013.4906  0.07%  23.0 3160s
 7051162 4361972 19003.1133  155   44 19000.0000 19013.4906  0.07%  23.0 3166s
 7054510 4363310 19013.4906  120   57 19000.0000 19013.4906  0.07%  23.0 3171s
 7059559 4367566 19013.0000  150   21 19000.0000 19013.4906  0.07%  23.0 3175s
 7067244 4372130 19013.4906  134   41 19000.0000 19013.4906  0.07%  23.0 3180s
 7074876 4376721     cutoff  180      19000.0000 19013.4906  0.07%  23.0 3185s
 7082517 4381182 19007.8916  139   34 19000.0000 19013.4906  0.07%  23.0 3190s
 7089519 4385510 19011.1618  140   44 19000.0000 19013.4906  0.07%  23.0 3195s
 7097360 4390006 19013.4906  146   36 19000.0000 19013.4906  0.07%  23.0 3201s
 7100592 4392443 19013.4906  119   51 19000.0000 19013.4906  0.07%  23.0 3205s
 7108571 4397057 19013.4906  122   50 19000.0000 19013.4906  0.07%  23.0 3210s
 7117386 4402993 19003.6718  142   18 19000.0000 19013.4906  0.07%  23.0 3216s
 7124519 4407608 19010.9660  136   31 19000.0000 19013.4906  0.07%  23.0 3221s
 7130393 4411166 19002.3429  177   15 19000.0000 19013.4906  0.07%  23.0 3225s
 7138246 4416208 19012.2946  131   27 19000.0000 19013.4906  0.07%  23.0 3230s
 7145909 4420714 19001.8654  149   44 19000.0000 19013.4906  0.07%  23.0 3235s
 7154653 4425759 19013.4906  120   54 19000.0000 19013.4906  0.07%  23.0 3240s
 7161701 4430365 19003.6456  144   27 19000.0000 19013.4906  0.07%  23.0 3245s
 7169970 4434984 19013.4906  116   44 19000.0000 19013.4906  0.07%  23.0 3251s
 7177578 4439708     cutoff  160      19000.0000 19013.4906  0.07%  23.0 3255s
 7186643 4445226 19010.9241  131   25 19000.0000 19013.4906  0.07%  23.0 3260s
 7195279 4450369 19001.3031  164   45 19000.0000 19013.4906  0.07%  23.0 3265s
 7203126 4455496 19006.9032  162   27 19000.0000 19013.4906  0.07%  23.0 3270s
 7212626 4461418 19013.0044  132   42 19000.0000 19013.4906  0.07%  23.0 3275s
 7220298 4466107 19004.9687  153   25 19000.0000 19013.4906  0.07%  23.0 3280s
 7227693 4471045 19013.4906  117   59 19000.0000 19013.4906  0.07%  23.0 3285s
 7235137 4475660     cutoff  164      19000.0000 19013.4906  0.07%  23.0 3290s
 7242830 4480611 19013.4906  114   37 19000.0000 19013.4906  0.07%  23.0 3295s
 7252310 4486463 19013.4906  109   50 19000.0000 19013.4906  0.07%  23.0 3301s
 7258259 4490409 19013.4906  108   46 19000.0000 19013.4906  0.07%  23.0 3305s
 7265398 4495029 19005.3556  124   32 19000.0000 19013.4906  0.07%  23.0 3310s
 7267385 4495266 19013.4906  115   47 19000.0000 19013.4906  0.07%  23.0 3315s
 7267767 4502892 19013.4906  116   51 19000.0000 19013.4906  0.07%  23.0 3321s
 7283481 4506192 19013.4715  125   35 19000.0000 19013.4906  0.07%  23.0 3326s
 7291394 4510973 19013.4906  104   34 19000.0000 19013.4906  0.07%  23.0 3331s
 7298120 4514953 19007.0939  128   39 19000.0000 19013.4906  0.07%  23.0 3335s
 7306613 4520551 19005.4276  159   25 19000.0000 19013.4906  0.07%  23.0 3340s
 7315821 4526313 19013.4906  113   48 19000.0000 19013.4906  0.07%  23.0 3346s
 7323795 4530122 19010.2105  130   43 19000.0000 19013.4906  0.07%  23.0 3353s
 7324448 4534695 19007.1653  131   40 19000.0000 19013.4906  0.07%  23.0 3357s
 7332709 4536684 19003.1915  132   35 19000.0000 19013.4906  0.07%  23.0 3360s
 7340992 4541968 19002.4326  166   33 19000.0000 19013.4906  0.07%  23.0 3365s
 7350578 4547508 19013.4906  126   52 19000.0000 19013.4906  0.07%  23.0 3370s
 7359867 4552934 19013.4906  120   43 19000.0000 19013.4906  0.07%  23.0 3375s
 7367519 4557760 19013.0000  132   26 19000.0000 19013.4906  0.07%  23.0 3380s
 7374661 4561787 19013.4906  116   36 19000.0000 19013.4906  0.07%  23.0 3385s
 7383232 4567384 19012.6366  144   33 19000.0000 19013.4906  0.07%  23.0 3391s
 7389295 4570573 19013.4906  132   49 19000.0000 19013.4906  0.07%  23.0 3398s
 7392465 4573553 19003.3591  150   28 19000.0000 19013.4906  0.07%  23.0 3401s
 7400314 4578107 19013.4906  114   41 19000.0000 19013.4906  0.07%  23.0 3405s
 7409315 4583564 19011.2159  123   29 19000.0000 19013.4906  0.07%  23.0 3410s
 7415227 4587224 19011.3162  131   36 19000.0000 19013.4906  0.07%  23.0 3415s
 7424867 4593320 19001.1761  149   24 19000.0000 19013.4906  0.07%  23.0 3420s
 7431709 4597373 19001.8654  150   28 19000.0000 19013.4906  0.07%  23.0 3425s
 7438659 4601849 19013.4906  130   38 19000.0000 19013.4906  0.07%  23.0 3430s
 7445857 4606122     cutoff  140      19000.0000 19013.4906  0.07%  23.0 3435s
 7451283 4609324 19005.2863  151   20 19000.0000 19013.4906  0.07%  23.0 3440s
 7458778 4613990 19003.5357  139   32 19000.0000 19013.4906  0.07%  23.0 3446s
 7466308 4618752 19013.4906  127   36 19000.0000 19013.4906  0.07%  23.0 3451s
 7473400 4622332 19013.0000  123   30 19000.0000 19013.4906  0.07%  23.0 3457s
 7476834 4625499 19009.2699  129   39 19000.0000 19013.4906  0.07%  23.0 3460s
 7485307 4630287 19013.4906  127   28 19000.0000 19013.4906  0.07%  23.0 3465s
 7493027 4635302 19011.6299  127   42 19000.0000 19013.4906  0.07%  23.0 3470s
 7501876 4640324 19011.1796  119   32 19000.0000 19013.4906  0.07%  23.0 3476s
 7508942 4645078 19013.2699  140   46 19000.0000 19013.4906  0.07%  23.0 3480s
 7518131 4650636 19006.6296  128   29 19000.0000 19013.4906  0.07%  23.0 3486s
 7523434 4653990 19013.4906  121   52 19000.0000 19013.4906  0.07%  23.0 3490s
 7529491 4657700 19003.1899  126   16 19000.0000 19013.4906  0.07%  23.0 3495s
 7536634 4662254 19010.1547  141   32 19000.0000 19013.4906  0.07%  23.0 3500s
 7542329 4666215 19011.5729  136   20 19000.0000 19013.4906  0.07%  23.0 3505s
 7550450 4670657 19013.4906  132   47 19000.0000 19013.4906  0.07%  23.0 3511s
 7557104 4675196 19013.4906  119   55 19000.0000 19013.4906  0.07%  23.0 3515s
 7564216 4679336 19009.7341  143   20 19000.0000 19013.4906  0.07%  23.0 3521s
 7568859 4682669 19013.4906  135   33 19000.0000 19013.4906  0.07%  23.0 3526s
 7575406 4686625 19013.4906  111   24 19000.0000 19013.4906  0.07%  23.0 3530s
 7581763 4690405 19013.4906  124   51 19000.0000 19013.4906  0.07%  23.0 3536s
 7589455 4694662     cutoff  128      19000.0000 19013.4906  0.07%  23.0 3541s
 7594589 4697845 19013.0638  142   39 19000.0000 19013.4906  0.07%  23.0 3545s
 7601865 4701463 19011.3225  137   20 19000.0000 19013.4906  0.07%  23.0 3553s
 7602260 4706969 19001.1827  185   24 19000.0000 19013.4906  0.07%  23.0 3556s
 7614874 4710516 19013.0000  129   24 19000.0000 19013.4906  0.07%  23.0 3560s
 7622515 4714966 19001.8654  147   31 19000.0000 19013.4906  0.07%  23.0 3565s
 7628136 4718410 19013.0309  121   46 19000.0000 19013.4906  0.07%  23.0 3570s
 7635414 4723105 19013.4906  127   57 19000.0000 19013.4906  0.07%  23.0 3576s
 7637982 4725073 19013.4906  125   41 19000.0000 19013.4906  0.07%  23.0 3581s
 7643122 4728642 19011.1889  120   39 19000.0000 19013.4906  0.07%  23.0 3586s
 7649944 4733043 19013.4906  119   27 19000.0000 19013.4906  0.07%  23.0 3590s
 7660307 4739809 19009.1629  143   22 19000.0000 19013.4906  0.07%  23.0 3595s
 7669770 4745009 19002.6500  152   25 19000.0000 19013.4906  0.07%  23.0 3600s

Cutting planes:
  Gomory: 14
  Cover: 857
  Clique: 5
  MIR: 43
  StrongCG: 32
  Flow cover: 19
  Zero half: 3
  RLT: 5

Explored 7670543 nodes (176563024 simplex iterations) in 3600.06 seconds
Thread count was 12 (of 12 available processors)

Solution count 10: 19000 18971 18960 ... 18846

Time limit reached
Best objective 1.900000000000e+04, best bound 1.901300000000e+04, gap 0.0684%
