
Gurobi 9.1.2 (win64, Java) logging started Sat Nov  6 06:58:49 2021

Academic license - for non-commercial use only - expires 2022-10-30
Gurobi Optimizer version 9.1.2 build v9.1.2rc0 (win64)
Thread count: 6 physical cores, 12 logical processors, using up to 12 threads
Optimize a model with 40 rows, 400 columns and 800 nonzeros
Model fingerprint: 0xc70fd865
Variable types: 0 continuous, 400 integer (400 binary)
Coefficient statistics:
  Matrix range     [1e+00, 9e+02]
  Objective range  [7e+01, 9e+02]
  Bounds range     [1e+00, 1e+00]
  RHS range        [1e+00, 5e+02]
Found heuristic solution: objective 2108.0000000
Presolve removed 21 rows and 357 columns
Presolve time: 0.02s
Presolved: 19 rows, 43 columns, 86 nonzeros
Variable types: 0 continuous, 43 integer (43 binary)
Presolved: 19 rows, 43 columns, 86 nonzeros


Root relaxation: objective 2.630000e+03, 7 iterations, 0.00 seconds

    Nodes    |    Current Node    |     Objective Bounds      |     Work
 Expl Unexpl |  Obj  Depth IntInf | Incumbent    BestBd   Gap | It/Node Time

*    0     0               0    2630.0000000 2630.00000  0.00%     -    0s

Explored 0 nodes (7 simplex iterations) in 0.05 seconds
Thread count was 12 (of 12 available processors)

Solution count 2: 2630 2108 

Optimal solution found (tolerance 1.00e-04)
Best objective 2.630000000000e+03, best bound 2.630000000000e+03, gap 0.0000%
