
Gurobi 9.1.2 (win64, Java) logging started Tue Nov  9 15:36:37 2021

Academic license - for non-commercial use only - expires 2022-10-30
Gurobi Optimizer version 9.1.2 build v9.1.2rc0 (win64)
Thread count: 6 physical cores, 12 logical processors, using up to 12 threads
Optimize a model with 450 rows, 45000 columns and 90000 nonzeros
Model fingerprint: 0x67d9165b
Variable types: 0 continuous, 45000 integer (45000 binary)
Coefficient statistics:
  Matrix range     [1e+00, 1e+03]
  Objective range  [5e+00, 1e+03]
  Bounds range     [1e+00, 1e+00]
  RHS range        [1e+00, 1e+03]
Found heuristic solution: objective 87453.000000
Presolve removed 110 rows and 22277 columns
Presolve time: 0.34s
Presolved: 340 rows, 22723 columns, 45441 nonzeros
Found heuristic solution: objective 88295.000000
Variable types: 0 continuous, 22723 integer (22723 binary)
Presolve removed 0 rows and 3 columns
Presolved: 340 rows, 22720 columns, 45438 nonzeros


Root relaxation: objective 9.074488e+04, 847 iterations, 0.02 seconds

    Nodes    |    Current Node    |     Objective Bounds      |     Work
 Expl Unexpl |  Obj  Depth IntInf | Incumbent    BestBd   Gap | It/Node Time

     0     0 90744.8819    0    1 88295.0000 90744.8819  2.77%     -    0s
H    0     0                    90049.000000 90744.8819  0.77%     -    0s
H    0     0                    90072.000000 90744.8819  0.75%     -    0s

Cutting planes:
  Cover: 1
  StrongCG: 1

Explored 1 nodes (4047 simplex iterations) in 0.63 seconds
Thread count was 12 (of 12 available processors)

Solution count 4: 90072 90049 88295 87453 

Optimal solution found (tolerance 1.00e-04)
Best objective 9.007200000000e+04, best bound 9.007200000000e+04, gap 0.0000%
