
Gurobi 9.1.2 (win64, Java) logging started Tue Nov  9 15:36:29 2021

Academic license - for non-commercial use only - expires 2022-10-30
Gurobi Optimizer version 9.1.2 build v9.1.2rc0 (win64)
Thread count: 6 physical cores, 12 logical processors, using up to 12 threads
Optimize a model with 450 rows, 45000 columns and 90000 nonzeros
Model fingerprint: 0xffc253da
Variable types: 0 continuous, 45000 integer (45000 binary)
Coefficient statistics:
  Matrix range     [1e+00, 1e+03]
  Objective range  [7e+00, 1e+03]
  Bounds range     [1e+00, 1e+00]
  RHS range        [1e+00, 2e+03]
Found heuristic solution: objective 92189.000000
Presolve removed 118 rows and 22414 columns
Presolve time: 0.31s
Presolved: 332 rows, 22586 columns, 45105 nonzeros
Variable types: 0 continuous, 22586 integer (22586 binary)
Presolve removed 0 rows and 64 columns
Presolved: 332 rows, 22522 columns, 45041 nonzeros


Root relaxation: objective 9.375152e+04, 223 iterations, 0.02 seconds

    Nodes    |    Current Node    |     Objective Bounds      |     Work
 Expl Unexpl |  Obj  Depth IntInf | Incumbent    BestBd   Gap | It/Node Time

     0     0 93751.5190    0    1 92189.0000 93751.5190  1.69%     -    0s
H    0     0                    93333.000000 93751.5190  0.45%     -    0s
H    0     0                    93405.000000 93751.5190  0.37%     -    0s

Cutting planes:
  RLT: 1

Explored 1 nodes (4134 simplex iterations) in 0.58 seconds
Thread count was 12 (of 12 available processors)

Solution count 3: 93405 93333 92189 

Optimal solution found (tolerance 1.00e-04)
Best objective 9.340500000000e+04, best bound 9.340500000000e+04, gap 0.0000%

Gurobi 9.1.2 (win64, Java) logging started Tue Nov  9 15:36:59 2021

Academic license - for non-commercial use only - expires 2022-10-30
Gurobi Optimizer version 9.1.2 build v9.1.2rc0 (win64)
Thread count: 6 physical cores, 12 logical processors, using up to 12 threads
Optimize a model with 450 rows, 45000 columns and 90000 nonzeros
Model fingerprint: 0xffc253da
Variable types: 0 continuous, 45000 integer (45000 binary)
Coefficient statistics:
  Matrix range     [1e+00, 1e+03]
  Objective range  [7e+00, 1e+03]
  Bounds range     [1e+00, 1e+00]
  RHS range        [1e+00, 2e+03]
Found heuristic solution: objective 92189.000000
Presolve removed 118 rows and 22414 columns
Presolve time: 0.29s
Presolved: 332 rows, 22586 columns, 45105 nonzeros
Variable types: 0 continuous, 22586 integer (22586 binary)
Presolve removed 0 rows and 64 columns
Presolved: 332 rows, 22522 columns, 45041 nonzeros


Root relaxation: objective 9.375152e+04, 223 iterations, 0.02 seconds

    Nodes    |    Current Node    |     Objective Bounds      |     Work
 Expl Unexpl |  Obj  Depth IntInf | Incumbent    BestBd   Gap | It/Node Time

     0     0 93751.5190    0    1 92189.0000 93751.5190  1.69%     -    0s
H    0     0                    93333.000000 93751.5190  0.45%     -    0s
H    0     0                    93405.000000 93751.5190  0.37%     -    0s

Cutting planes:
  RLT: 1

Explored 1 nodes (4134 simplex iterations) in 0.56 seconds
Thread count was 12 (of 12 available processors)

Solution count 3: 93405 93333 92189 

Optimal solution found (tolerance 1.00e-04)
Best objective 9.340500000000e+04, best bound 9.340500000000e+04, gap 0.0000%
