
Gurobi 9.1.2 (win64, Java) logging started Tue Nov  9 15:36:30 2021

Academic license - for non-commercial use only - expires 2022-10-30
Gurobi Optimizer version 9.1.2 build v9.1.2rc0 (win64)
Thread count: 6 physical cores, 12 logical processors, using up to 12 threads
Optimize a model with 450 rows, 45000 columns and 90000 nonzeros
Model fingerprint: 0xd1b6392e
Variable types: 0 continuous, 45000 integer (45000 binary)
Coefficient statistics:
  Matrix range     [1e+00, 1e+03]
  Objective range  [1e+00, 1e+03]
  Bounds range     [1e+00, 1e+00]
  RHS range        [1e+00, 2e+03]
Found heuristic solution: objective 87310.000000
Presolve removed 127 rows and 22240 columns
Presolve time: 0.26s
Presolved: 323 rows, 22760 columns, 45453 nonzeros
Variable types: 0 continuous, 22760 integer (22760 binary)
Presolve removed 0 rows and 64 columns
Presolved: 323 rows, 22696 columns, 45389 nonzeros


Root relaxation: objective 8.874102e+04, 175 iterations, 0.02 seconds

    Nodes    |    Current Node    |     Objective Bounds      |     Work
 Expl Unexpl |  Obj  Depth IntInf | Incumbent    BestBd   Gap | It/Node Time

     0     0 88741.0198    0    1 87310.0000 88741.0198  1.64%     -    0s
H    0     0                    88410.000000 88741.0198  0.37%     -    0s
H    0     0                    88454.000000 88741.0198  0.32%     -    0s
H    0     0                    88496.000000 88741.0198  0.28%     -    0s

Cutting planes:
  Cover: 1
  MIR: 1
  StrongCG: 1
  RLT: 1

Explored 1 nodes (175 simplex iterations) in 0.56 seconds
Thread count was 12 (of 12 available processors)

Solution count 4: 88496 88454 88410 87310 

Optimal solution found (tolerance 1.00e-04)
Best objective 8.849600000000e+04, best bound 8.849600000000e+04, gap 0.0000%

Gurobi 9.1.2 (win64, Java) logging started Tue Nov  9 15:37:00 2021

Academic license - for non-commercial use only - expires 2022-10-30
Gurobi Optimizer version 9.1.2 build v9.1.2rc0 (win64)
Thread count: 6 physical cores, 12 logical processors, using up to 12 threads
Optimize a model with 450 rows, 45000 columns and 90000 nonzeros
Model fingerprint: 0xd1b6392e
Variable types: 0 continuous, 45000 integer (45000 binary)
Coefficient statistics:
  Matrix range     [1e+00, 1e+03]
  Objective range  [1e+00, 1e+03]
  Bounds range     [1e+00, 1e+00]
  RHS range        [1e+00, 2e+03]
Found heuristic solution: objective 87310.000000
Presolve removed 127 rows and 22240 columns
Presolve time: 0.26s
Presolved: 323 rows, 22760 columns, 45453 nonzeros
Variable types: 0 continuous, 22760 integer (22760 binary)
Presolve removed 0 rows and 64 columns
Presolved: 323 rows, 22696 columns, 45389 nonzeros


Root relaxation: objective 8.874102e+04, 175 iterations, 0.02 seconds

    Nodes    |    Current Node    |     Objective Bounds      |     Work
 Expl Unexpl |  Obj  Depth IntInf | Incumbent    BestBd   Gap | It/Node Time

     0     0 88741.0198    0    1 87310.0000 88741.0198  1.64%     -    0s
H    0     0                    88410.000000 88741.0198  0.37%     -    0s
H    0     0                    88454.000000 88741.0198  0.32%     -    0s
H    0     0                    88496.000000 88741.0198  0.28%     -    0s

Cutting planes:
  Cover: 1
  MIR: 1
  StrongCG: 1
  RLT: 1

Explored 1 nodes (175 simplex iterations) in 0.55 seconds
Thread count was 12 (of 12 available processors)

Solution count 4: 88496 88454 88410 87310 

Optimal solution found (tolerance 1.00e-04)
Best objective 8.849600000000e+04, best bound 8.849600000000e+04, gap 0.0000%
