
Gurobi 9.1.2 (win64, Java) logging started Sat Nov 13 12:32:17 2021

Academic license - for non-commercial use only - expires 2022-10-30
Gurobi Optimizer version 9.1.2 build v9.1.2rc0 (win64)
Thread count: 6 physical cores, 12 logical processors, using up to 12 threads
Optimize a model with 80 rows, 1200 columns and 2400 nonzeros
Model fingerprint: 0x00d68286
Variable types: 0 continuous, 1200 integer (1200 binary)
Coefficient statistics:
  Matrix range     [1e+00, 1e+03]
  Objective range  [4e+01, 9e+02]
  Bounds range     [1e+00, 1e+00]
  RHS range        [1e+00, 1e+03]
Found heuristic solution: objective 14628.000000
Presolve removed 0 rows and 399 columns
Presolve time: 0.01s
Presolved: 80 rows, 801 columns, 1602 nonzeros
Variable types: 0 continuous, 801 integer (801 binary)
Presolved: 80 rows, 801 columns, 1602 nonzeros


Root relaxation: objective 1.811240e+04, 247 iterations, 0.00 seconds

    Nodes    |    Current Node    |     Objective Bounds      |     Work
 Expl Unexpl |  Obj  Depth IntInf | Incumbent    BestBd   Gap | It/Node Time

     0     0 18112.3958    0   30 14628.0000 18112.3958  23.8%     -    0s
H    0     0                    16479.000000 18112.3958  9.91%     -    0s
H    0     0                    16554.000000 18112.3958  9.41%     -    0s
H    0     0                    17112.000000 18112.3958  5.85%     -    0s
     0     0 18112.0696    0   52 17112.0000 18112.0696  5.84%     -    0s
H    0     0                    17208.000000 18112.0696  5.25%     -    0s
H    0     0                    17580.000000 18112.0696  3.03%     -    0s
     0     0 18112.0696    0   52 17580.0000 18112.0696  3.03%     -    0s
     0     0 18111.8492    0   87 17580.0000 18111.8492  3.03%     -    0s
     0     0 18111.8492    0   58 17580.0000 18111.8492  3.03%     -    0s
     0     2 18111.8492    0   55 17580.0000 18111.8492  3.03%     -    0s
H   37    44                    17658.000000 18110.5141  2.56%   145    0s
H   67    78                    17668.000000 18110.5141  2.50%   110    0s
H   75    78                    17680.000000 18110.5141  2.44%   105    0s
H  196   203                    17793.000000 18110.5141  1.78%  80.6    0s
H  261   299                    17838.000000 18110.5141  1.53%  68.6    0s
H 1278  1103                    17900.000000 18068.6300  0.94%  35.2    1s
H 1285  1052                    17926.000000 18053.1275  0.71%  35.0    1s
H 1397  1085                    17942.000000 18034.0653  0.51%  46.5    3s
  2770  1749 18005.2450   64   86 17942.0000 18033.3346  0.51%  60.7    5s
H 2771  1624                    17955.000000 18033.3346  0.44%  60.7    5s
H 8057  4970                    17958.000000 18026.6487  0.38%  66.4    8s
 11284  7054 17962.6154   73   36 17958.0000 18025.4364  0.38%  66.3   10s
 20071 12870 17999.1992   50   91 17958.0000 18023.2857  0.36%  64.8   15s
H22077  7376                    17998.000000 18023.0490  0.14%  66.1   18s
 24666  9054 18007.5815   60   93 17998.0000 18022.4301  0.14%  67.2   20s
 30900 11852 17999.0563   50   94 17998.0000 18021.3855  0.13%  69.1   25s
 36044 13194 18018.9024   46  131 17998.0000 18020.6390  0.13%  70.4   30s
 37459 13498 18019.2471   46  133 17998.0000 18020.6390  0.13%  70.0   35s
 46568 14514 18010.0000   54    5 17998.0000 18012.6183  0.08%  69.1   40s
 57278 12950     cutoff   64      17998.0000 18009.6224  0.06%  68.9   45s
 65025 10581 17999.2543   68   74 17998.0000 18007.8267  0.05%  68.9   50s
 75426  5803     cutoff   80      17998.0000 18005.5377  0.04%  69.0   55s
 84469  2517     cutoff   68      17998.0000 18003.2384  0.03%  68.6   60s

Cutting planes:
  Gomory: 4
  Cover: 209
  Clique: 6
  MIR: 256
  StrongCG: 170
  Flow cover: 31
  Zero half: 2
  RLT: 5

Explored 89899 nodes (6050546 simplex iterations) in 62.26 seconds
Thread count was 12 (of 12 available processors)

Solution count 10: 17998 17958 17955 ... 17668

Optimal solution found (tolerance 1.00e-12)
Best objective 1.799800000000e+04, best bound 1.799800000000e+04, gap 0.0000%
