
Gurobi 9.1.2 (win64, Java) logging started Sat Nov 13 13:57:44 2021

Academic license - for non-commercial use only - expires 2022-10-30
Gurobi Optimizer version 9.1.2 build v9.1.2rc0 (win64)
Thread count: 6 physical cores, 12 logical processors, using up to 12 threads
Optimize a model with 50 rows, 400 columns and 800 nonzeros
Model fingerprint: 0x8b6cacde
Variable types: 0 continuous, 400 integer (400 binary)
Coefficient statistics:
  Matrix range     [1e+00, 9e+02]
  Objective range  [5e+02, 1e+03]
  Bounds range     [1e+00, 1e+00]
  RHS range        [1e+00, 2e+03]
Found heuristic solution: objective 17577.000000
Presolve removed 0 rows and 60 columns
Presolve time: 0.00s
Presolved: 50 rows, 340 columns, 680 nonzeros
Variable types: 0 continuous, 340 integer (340 binary)
Presolved: 50 rows, 340 columns, 680 nonzeros


Root relaxation: objective 2.147756e+04, 151 iterations, 0.00 seconds

    Nodes    |    Current Node    |     Objective Bounds      |     Work
 Expl Unexpl |  Obj  Depth IntInf | Incumbent    BestBd   Gap | It/Node Time

     0     0 21477.5598    0   17 17577.0000 21477.5598  22.2%     -    0s
H    0     0                    20310.000000 21477.5598  5.75%     -    0s
H    0     0                    20417.000000 21477.5598  5.19%     -    0s
H    0     0                    20580.000000 21477.5598  4.36%     -    0s
     0     0 21246.0000    0   17 20580.0000 21246.0000  3.24%     -    0s
     0     0 21246.0000    0   15 20580.0000 21246.0000  3.24%     -    0s
H    0     0                    20634.000000 21246.0000  2.97%     -    0s
     0     0 21246.0000    0   19 20634.0000 21246.0000  2.97%     -    0s
     0     0 21246.0000    0   14 20634.0000 21246.0000  2.97%     -    0s
H    0     2                    20705.000000 21246.0000  2.61%     -    0s
     0     2 21246.0000    0   14 20705.0000 21246.0000  2.61%     -    0s
H   31    44                    20715.000000 21246.0000  2.56%  21.8    0s
H   41    44                    20746.000000 21246.0000  2.41%  19.2    0s
H  169   197                    20879.000000 21246.0000  1.76%  12.2    0s
H  889   626                    20983.000000 21246.0000  1.25%  11.7    0s
H  890   571                    21058.000000 21246.0000  0.89%  11.7    0s
H  931   727                    21128.000000 21246.0000  0.56%  11.9    0s
H 1597   829                    21156.000000 21246.0000  0.43%  12.9    0s
H 1602   786                    21163.000000 21246.0000  0.39%  12.9    0s
H 1617   756                    21186.000000 21246.0000  0.28%  12.7    1s
H 1714   783                    21197.000000 21246.0000  0.23%  14.9    2s
H 1776   783                    21207.000000 21246.0000  0.18%  14.6    2s
H 7391  3250                    21216.000000 21246.0000  0.14%  22.3    3s
 11557  5697     cutoff   62      21216.0000 21246.0000  0.14%  26.6    5s
H15849  7396                    21219.000000 21246.0000  0.13%  30.6    7s
H15880  7287                    21220.000000 21246.0000  0.12%  30.6    7s
H15934  7282                    21220.999936 21246.0000  0.12%  30.7    7s
 24705 12954 21246.0000   35   42 21220.9999 21246.0000  0.12%  39.0   10s
H25992 13366                    21221.000000 21246.0000  0.12%  40.0   10s
 34629 18370 21231.0000   28   46 21221.0000 21246.0000  0.12%  46.0   15s
H40278 18365                    21222.000000 21246.0000  0.11%  44.1   18s
H40297 17419                    21224.000000 21246.0000  0.10%  44.1   19s
 41490 17472     cutoff   79      21224.0000 21246.0000  0.10%  44.6   20s
 49028 18149 21237.9080   81   55 21224.0000 21246.0000  0.10%  48.3   25s
H49103 16471                    21229.000000 21246.0000  0.08%  48.4   25s
H54331 16039                    21233.000000 21246.0000  0.06%  51.5   29s
 54446 16103 21246.0000   51   22 21233.0000 21246.0000  0.06%  51.5   30s
 62705 16993 21245.0000   59   35 21233.0000 21246.0000  0.06%  51.9   35s
*67141 15285              89    21238.000000 21246.0000  0.04%  53.2   38s
 68192 15086 21245.5692   57   63 21238.0000 21246.0000  0.04%  53.3   40s
 72511 15069 21246.0000   59   29 21238.0000 21246.0000  0.04%  54.9   45s
 80990 15988 21246.0000   61   52 21238.0000 21246.0000  0.04%  54.8   50s
 87435 16595     cutoff   84      21238.0000 21246.0000  0.04%  56.6   55s
 91412 16806 21240.3162  101   31 21238.0000 21245.9722  0.04%  57.3   60s
 100900 17504 21245.5418   90   62 21238.0000 21245.9722  0.04%  57.6   65s
 108571 18026 21243.9829   99   59 21238.0000 21245.9481  0.04%  59.0   70s
 116683 18261 21244.7017   88   45 21238.0000 21245.7110  0.04%  60.6   75s
 126911 17355 21243.9989  105   50 21238.0000 21245.0898  0.03%  62.5   80s
 136478 17201 21245.0000   92   35 21238.0000 21245.0000  0.03%  64.2   85s
H144965 17948                    21239.000000 21245.0000  0.03%  64.6   89s
 146528 18512 21243.6039   77   43 21239.0000 21245.0000  0.03%  64.6   90s
H154912 14979                    21242.000000 21244.9787  0.01%  64.4   93s
 157296 15163 21243.9988  102   38 21242.0000 21244.9537  0.01%  64.5   95s
 164432 15609     cutoff   95      21242.0000 21244.8646  0.01%  64.9  100s
 170519 15383     cutoff   81      21242.0000 21244.7243  0.01%  65.5  105s
 177707 14248     cutoff   94      21242.0000 21244.4210  0.01%  66.2  110s
 183979 13412 21243.0000   93   39 21242.0000 21244.0000  0.01%  67.2  115s
 188457 13176     cutoff   82      21242.0000 21244.0000  0.01%  68.0  120s
 197532 12668 21243.7870   88   53 21242.0000 21244.0000  0.01%  68.6  125s
 205095 12641 21243.0000  103   14 21242.0000 21244.0000  0.01%  69.5  130s
 208408 13313 21244.0000   98   76 21242.0000 21244.0000  0.01%  69.6  135s
 214715 13755 21244.0000  109   88 21242.0000 21244.0000  0.01%  70.6  140s
 221475 13894 21244.0000   95   75 21242.0000 21244.0000  0.01%  71.7  145s
 227752 13121 21243.3711  115   48 21242.0000 21244.0000  0.01%  73.0  150s
 233768 11099     cutoff  111      21242.0000 21244.0000  0.01%  74.3  155s
 239305  9882 21243.0000  109   53 21242.0000 21244.0000  0.01%  75.5  160s
 242561  9510     cutoff  133      21242.0000 21244.0000  0.01%  75.8  165s
 252662  8537 21244.0000  105   60 21242.0000 21244.0000  0.01%  76.1  170s
 263164  6694 21243.6469  122   59 21242.0000 21244.0000  0.01%  76.5  175s
 274971  4455 21243.8439  123   40 21242.0000 21244.0000  0.01%  77.1  180s
 283261  4268 21244.0000  126   14 21242.0000 21244.0000  0.01%  77.5  185s
 286428  4862 21244.0000  116   39 21242.0000 21244.0000  0.01%  77.5  190s
 297589  4211     cutoff  122      21242.0000 21244.0000  0.01%  77.5  195s
 307297  5393     cutoff  116      21242.0000 21244.0000  0.01%  78.0  200s
 314170  6591     cutoff  118      21242.0000 21244.0000  0.01%  78.2  205s
 325010  6987     cutoff  115      21242.0000 21244.0000  0.01%  78.2  210s
 333063  6266     cutoff  119      21242.0000 21244.0000  0.01%  78.7  215s
 341183  5837     cutoff  129      21242.0000 21244.0000  0.01%  78.8  220s
 347188  6078 21244.0000  125   32 21242.0000 21244.0000  0.01%  79.2  225s
 353450  5493 21242.4181  122   70 21242.0000 21243.9425  0.01%  79.5  230s
 361228  3168     cutoff  125      21242.0000 21243.4324  0.01%  79.6  235s
 368411  2249     cutoff  124      21242.0000 21243.0000  0.00%  79.7  240s

Cutting planes:
  Gomory: 9
  Cover: 694
  Clique: 3
  MIR: 159
  StrongCG: 113
  Flow cover: 22
  Zero half: 4

Explored 375701 nodes (30012569 simplex iterations) in 244.61 seconds
Thread count was 12 (of 12 available processors)

Solution count 10: 21242 21239 21238 ... 21219

Optimal solution found (tolerance 1.00e-12)
Best objective 2.124200000000e+04, best bound 2.124200000000e+04, gap 0.0000%
