
Gurobi 9.1.2 (win64, Java) logging started Sat Nov 13 21:19:10 2021

Academic license - for non-commercial use only - expires 2022-10-30
Gurobi Optimizer version 9.1.2 build v9.1.2rc0 (win64)
Thread count: 6 physical cores, 12 logical processors, using up to 12 threads
Optimize a model with 70 rows, 600 columns and 1200 nonzeros
Model fingerprint: 0x77edc7b0
Variable types: 0 continuous, 600 integer (600 binary)
Coefficient statistics:
  Matrix range     [1e+00, 1e+03]
  Objective range  [4e+02, 1e+03]
  Bounds range     [1e+00, 1e+00]
  RHS range        [1e+00, 2e+03]
Found heuristic solution: objective 28316.000000
Presolve removed 0 rows and 116 columns
Presolve time: 0.02s
Presolved: 70 rows, 484 columns, 968 nonzeros
Variable types: 0 continuous, 484 integer (484 binary)
Presolved: 70 rows, 484 columns, 968 nonzeros


Root relaxation: objective 3.109986e+04, 223 iterations, 0.00 seconds

    Nodes    |    Current Node    |     Objective Bounds      |     Work
 Expl Unexpl |  Obj  Depth IntInf | Incumbent    BestBd   Gap | It/Node Time

     0     0 31099.8571    0   14 28316.0000 31099.8571  9.83%     -    0s
H    0     0                    30441.000000 31099.8571  2.16%     -    0s
H    0     0                    30484.000000 31099.8571  2.02%     -    0s
H    0     0                    30511.000000 31099.8571  1.93%     -    0s
H    0     0                    30885.000000 31099.8571  0.70%     -    1s
     0     0 31099.8571    0   25 30885.0000 31099.8571  0.70%     -    1s
     0     0 31099.8571    0   21 30885.0000 31099.8571  0.70%     -    1s
     0     0 30997.0001    0   19 30885.0000 30997.0001  0.36%     -    2s
     0     0 30997.0001    0   22 30885.0000 30997.0001  0.36%     -    2s
     0     0 30997.0001    0   27 30885.0000 30997.0001  0.36%     -    3s
     0     0 30997.0001    0   25 30885.0000 30997.0001  0.36%     -    3s
     0     2 30997.0001    0   21 30885.0000 30997.0001  0.36%     -    4s
    31    43 30997.0001    6   19 30885.0000 30997.0001  0.36%  29.5    5s
H   35    43                    30897.000000 30997.0001  0.32%  27.9    5s
H  325   383                    30932.000000 30997.0001  0.21%  14.3    9s
   396   614 30997.0001   56   16 30932.0000 30997.0001  0.21%  13.5   10s
H  710  1192                    30938.000000 30997.0001  0.19%  11.3   12s
H 2773  1817                    30950.000000 30997.0000  0.15%   8.0   14s
  2776  1819 30969.1311   76   16 30950.0000 30997.0000  0.15%   8.0   15s
  2802  1837 30989.0001   45   13 30950.0000 30997.0000  0.15%   9.0   21s
  2841  1872 30997.0000   25   12 30950.0000 30997.0000  0.15%  10.2   26s
  2901  1900 30997.0000   27   14 30950.0000 30997.0000  0.15%  10.1   31s
  2913  1911 30997.0000   28   12 30950.0000 30997.0000  0.15%  10.1   35s
H 2921  1816                    30967.000000 30997.0000  0.10%  10.1   35s
  2955  1859 30997.0000   29   14 30967.0000 30997.0000  0.10%  10.1   43s
 20027 12693     cutoff   71      30967.0000 30997.0000  0.10%   6.1   52s
 39220 23707 30978.8930   95   26 30967.0000 30997.0000  0.10%   5.8   55s
 39265 23745 30997.0000   38   14 30967.0000 30997.0000  0.10%   5.9   62s
 39409 23831 30997.0000   44   14 30967.0000 30997.0000  0.10%   5.9   66s
H39424 22639                    30982.000000 30997.0000  0.05%   5.9   66s
 42978 23980 30994.8339   98   14 30982.0000 30997.0000  0.05%   5.8   70s
 54087 28233 30997.0000  132   12 30982.0000 30997.0000  0.05%   5.5   76s
 58323 28938 30984.6289  146   15 30982.0000 30997.0000  0.05%   5.4   80s
 58330 28943 30997.0000   90   20 30982.0000 30997.0000  0.05%   5.4   85s
 58360 28964 30997.0000   49    7 30982.0000 30997.0000  0.05%   5.5   90s
 58420 28980 30997.0000   51   19 30982.0000 30997.0000  0.05%   5.5   96s
 58456 28997 30997.0000   54   10 30982.0000 30997.0000  0.05%   5.5  100s
 81912 39202 30983.5649  100   14 30982.0000 30997.0000  0.05%   5.5  106s
 108083 48092 30997.0000   84   10 30982.0000 30997.0000  0.05%   5.5  116s
 120780 53823 30997.0000   56    8 30982.0000 30997.0000  0.05%   5.5  121s
 133209 57048 30995.1753  133   12 30982.0000 30997.0000  0.05%   5.6  126s
 146642 60510     cutoff  157      30982.0000 30997.0000  0.05%   5.8  130s
 158893 66424 30997.0000  140    6 30982.0000 30997.0000  0.05%   6.0  135s
 166504 70301 30995.1753  161   12 30982.0000 30997.0000  0.05%   6.1  141s
 173090 73991 30989.7612  151   17 30982.0000 30997.0000  0.05%   6.2  145s
 177673 76115 30997.0000  134    6 30982.0000 30997.0000  0.05%   6.3  153s
 181329 78301 30996.3892  143   29 30982.0000 30997.0000  0.05%   6.3  156s
 189357 81965 30997.0000  135   13 30982.0000 30997.0000  0.05%   6.5  161s
 196191 85465 30997.0000  146   26 30982.0000 30997.0000  0.05%   6.6  165s
 198075 86613 30997.0000  148   19 30982.0000 30997.0000  0.05%   6.7  170s
 203166 88346 30995.9612  139   29 30982.0000 30997.0000  0.05%   6.8  177s
 208109 90470 30997.0000  141   27 30982.0000 30997.0000  0.05%   7.0  180s
 210996 91426 30995.5402  143   49 30982.0000 30997.0000  0.05%   7.1  185s
 216106 93838 30997.0000  133   17 30982.0000 30997.0000  0.05%   7.3  191s
 222675 96523 30997.0000  139   29 30982.0000 30997.0000  0.05%   7.5  199s
 223273 96828 30997.0000  146   31 30982.0000 30997.0000  0.05%   7.6  204s
 224067 97592 30996.3552  125   15 30982.0000 30997.0000  0.05%   7.6  205s
 232360 101147 30997.0000  135   24 30982.0000 30997.0000  0.05%   8.0  210s
 238319 103138     cutoff  135      30982.0000 30997.0000  0.05%   8.2  222s
 243025 105973 30989.4680  149   11 30982.0000 30997.0000  0.05%   8.4  225s
 249659 107874 30996.0002  139   51 30982.0000 30997.0000  0.05%   8.6  241s
 253991 110303 30995.0232  173   24 30982.0000 30997.0000  0.05%   8.7  245s
 261989 114253 30997.0000  139   34 30982.0000 30997.0000  0.05%   9.0  251s
 264056 114363 30997.0000  136   20 30982.0000 30997.0000  0.05%   9.0  255s
 264310 118071 30997.0000  137   19 30982.0000 30997.0000  0.05%   9.1  265s
 276322 118126     cutoff  159      30982.0000 30997.0000  0.05%   9.2  272s
 279502 118893 30997.0000  155    8 30982.0000 30997.0000  0.05%   9.3  281s
 279649 119189 30997.0000  156    7 30982.0000 30997.0000  0.05%   9.3  285s
 282084 120183 30996.9156  146   19 30982.0000 30997.0000  0.05%   9.4  290s
 293888 125849 30995.0028  151   35 30982.0000 30997.0000  0.05%   9.8  302s
 299966 128437 30995.1753  158   19 30982.0000 30997.0000  0.05%  10.0  308s
 307350 131942 30991.4430  162   29 30982.0000 30997.0000  0.05%  10.2  314s
 312894 134532 30984.2268  150   14 30982.0000 30997.0000  0.05%  10.3  315s
 317506 135324 30996.8331  127   18 30982.0000 30997.0000  0.05%  10.4  325s
 329517 138399 30997.0000  127   20 30982.0000 30997.0000  0.05%  10.4  330s
 336652 140863 30995.7940  145   31 30982.0000 30997.0000  0.05%  10.6  340s
 348714 145809 30994.5682  157   23 30982.0000 30997.0000  0.05%  10.8  353s
 354654 148103 30997.0000  136   29 30982.0000 30997.0000  0.05%  10.9  360s
 368579 155940 30997.0000  138   27 30982.0000 30997.0000  0.05%  11.0  367s
 379618 160001     cutoff  168      30982.0000 30997.0000  0.05%  11.0  376s
 385516 162273 30988.6776  143   21 30982.0000 30997.0000  0.05%  11.1  381s
 394571 165654 30984.1793  160   22 30982.0000 30997.0000  0.05%  11.1  392s
 403239 169145 30993.2692  146   30 30982.0000 30997.0000  0.05%  11.2  397s
 411014 171446 30987.6747  159   18 30982.0000 30997.0000  0.05%  11.2  401s
 411755 172544 30993.6176  149   25 30982.0000 30997.0000  0.05%  11.2  405s
 417510 174135 30995.1753  171    8 30982.0000 30997.0000  0.05%  11.3  411s
 426649 177597     cutoff  147      30982.0000 30997.0000  0.05%  11.3  421s
 439260 181619 30986.0515  144   17 30982.0000 30997.0000  0.05%  11.3  425s
 446037 183882 30996.9985  166   11 30982.0000 30997.0000  0.05%  11.3  430s
 447544 184727 30997.0000  140   12 30982.0000 30997.0000  0.05%  11.3  435s
 453199 185905 30995.1753  169   14 30982.0000 30997.0000  0.05%  11.3  440s
 459127 187970 30996.5291  140   32 30982.0000 30997.0000  0.05%  11.4  445s
 466444 189503 30993.0088  162   34 30982.0000 30997.0000  0.05%  11.3  451s
 470657 190866     cutoff  169      30982.0000 30997.0000  0.05%  11.4  456s
 473502 191708 30995.3392  158   15 30982.0000 30997.0000  0.05%  11.4  460s
 481411 194088 30986.6499  167   21 30982.0000 30997.0000  0.05%  11.4  465s
 489984 196310     cutoff  160      30982.0000 30997.0000  0.05%  11.4  473s
 496071 197761     cutoff  157      30982.0000 30997.0000  0.05%  11.4  476s
 503446 199537 30996.8445  172   18 30982.0000 30997.0000  0.05%  11.5  483s
 504319 199829 30996.8445  173   18 30982.0000 30997.0000  0.05%  11.5  488s
 510375 201644 30989.4193  152   31 30982.0000 30997.0000  0.05%  11.5  494s
 515152 203728 30995.2222  171   10 30982.0000 30997.0000  0.05%  11.5  495s
 517263 203951 30988.3297  165   14 30982.0000 30997.0000  0.05%  11.5  500s
 523446 206452     cutoff  157      30982.0000 30997.0000  0.05%  11.6  506s
 530653 209044     cutoff  149      30982.0000 30997.0000  0.05%  11.6  515s
H530745 190238                    30986.000000 30997.0000  0.04%  11.6  515s
 536943 193378 30997.0000  135   36 30986.0000 30997.0000  0.04%  11.7  520s
 547684 198034 30997.0000  148   17 30986.0000 30997.0000  0.04%  11.7  528s
 551371 200065 30996.9782  146   30 30986.0000 30997.0000  0.04%  11.7  531s
 560924 205026 30991.5207  168    9 30986.0000 30997.0000  0.04%  11.8  535s
 566382 206096 30997.0000  149   24 30986.0000 30997.0000  0.04%  11.8  540s
 580067 211241 30997.0000  109    9 30986.0000 30997.0000  0.04%  11.8  545s
 594679 215322     cutoff  149      30986.0000 30997.0000  0.04%  11.8  550s
 600788 216398     cutoff  144      30986.0000 30997.0000  0.04%  11.8  557s
H600797 191854                    30989.000000 30997.0000  0.03%  11.8  557s
 607087 194002 30996.9226  148   27 30989.0000 30997.0000  0.03%  11.8  561s
 614238 195769 30997.0000  153    6 30989.0000 30997.0000  0.03%  11.9  567s
 620810 197541 30995.2860  151   25 30989.0000 30997.0000  0.03%  11.9  570s
 627743 198825 30997.0000  144    6 30989.0000 30997.0000  0.03%  11.9  575s
 630481 199626 30996.6625  147   29 30989.0000 30997.0000  0.03%  11.9  580s
 638796 201417 30995.7369  148   19 30989.0000 30997.0000  0.03%  11.9  586s
 646870 203286 30996.3164  158    6 30989.0000 30997.0000  0.03%  11.9  590s
 655793 204728 30997.0000  148    6 30989.0000 30997.0000  0.03%  12.0  599s
 656134 205324 30995.4502  149   33 30989.0000 30997.0000  0.03%  12.0  600s
 668393 207810 30993.3471  156    8 30989.0000 30997.0000  0.03%  12.0  605s
 673398 208571     cutoff  152      30989.0000 30997.0000  0.03%  12.0  612s
 679860 210114     cutoff  155      30989.0000 30997.0000  0.03%  12.0  615s
 685901 211145 30995.8740  151   18 30989.0000 30997.0000  0.03%  12.0  620s
 686503 211272 30997.0000  148    6 30989.0000 30997.0000  0.03%  12.0  625s
 700698 214252 30995.0412  155    5 30989.0000 30997.0000  0.03%  12.0  630s
 706193 215083     cutoff  155      30989.0000 30997.0000  0.03%  12.0  635s
 715042 216408     cutoff  155      30989.0000 30997.0000  0.03%  12.1  643s
 720013 217176 30991.5245  155   26 30989.0000 30997.0000  0.03%  12.1  650s
 735416 220173     cutoff  146      30989.0000 30997.0000  0.03%  12.1  656s
 740803 220919     cutoff  153      30989.0000 30997.0000  0.03%  12.1  664s
 742589 221530 30996.8435  156   16 30989.0000 30997.0000  0.03%  12.1  665s
 758545 224113 30996.8257  150   15 30989.0000 30997.0000  0.03%  12.1  670s
 777254 226874     cutoff  153      30989.0000 30997.0000  0.03%  12.1  681s
 777407 227012     cutoff  149      30989.0000 30997.0000  0.03%  12.1  685s
 793123 229969 30997.0000  149    6 30989.0000 30997.0000  0.03%  12.1  690s
 808838 232581 30996.9872  153   31 30989.0000 30997.0000  0.03%  12.1  700s
 816024 233778 30996.2269  159   24 30989.0000 30997.0000  0.03%  12.1  705s
 822596 235115 30997.0000  144    6 30989.0000 30997.0000  0.03%  12.1  710s
 833982 237004 30991.5258  154   15 30989.0000 30997.0000  0.03%  12.1  718s
 838514 237999     cutoff  158      30989.0000 30997.0000  0.03%  12.1  721s
 845891 239014 30993.3501  152   14 30989.0000 30997.0000  0.03%  12.1  728s
 852068 240226 30994.8515  147   22 30989.0000 30997.0000  0.03%  12.1  730s
 857413 240915     cutoff  158      30989.0000 30997.0000  0.03%  12.1  736s
 867687 242708     cutoff  156      30989.0000 30997.0000  0.03%  12.1  741s
 870898 243030 30995.8157  148   13 30989.0000 30997.0000  0.03%  12.1  747s
 877331 244204 30997.0000  142    6 30989.0000 30997.0000  0.03%  12.1  750s
 883054 244981 30996.6205  155   32 30989.0000 30997.0000  0.03%  12.1  759s
 883389 245207     cutoff  156      30989.0000 30997.0000  0.03%  12.1  762s
 889271 245874 30997.0000  146    7 30989.0000 30997.0000  0.03%  12.1  769s
 889554 246202 30997.0000  147    5 30989.0000 30997.0000  0.03%  12.1  770s
 903851 248380 30996.8112  156   23 30989.0000 30997.0000  0.03%  12.1  775s
 917952 250746     cutoff  158      30989.0000 30997.0000  0.03%  12.1  783s
 922735 251454 30991.5258  155   13 30989.0000 30997.0000  0.03%  12.1  792s
 925302 252165     cutoff  151      30989.0000 30997.0000  0.03%  12.1  795s
 938647 254352 30993.1838  153   23 30989.0000 30997.0000  0.03%  12.1  800s
 947652 255716 30996.9279  154   15 30989.0000 30997.0000  0.03%  12.1  806s
 949459 255823 30991.5207  160    9 30989.0000 30997.0000  0.03%  12.1  811s
 950274 255959     cutoff  161      30989.0000 30997.0000  0.03%  12.1  818s
 953012 256526 30993.3505  160   10 30989.0000 30997.0000  0.03%  12.1  820s
 961711 258128 30997.0000  143    6 30989.0000 30997.0000  0.03%  12.2  825s
 963532 258218 30997.0000  147    6 30989.0000 30997.0000  0.03%  12.2  830s
 975720 260674     cutoff  158      30989.0000 30997.0000  0.03%  12.2  835s
 980857 261486     cutoff  164      30989.0000 30997.0000  0.03%  12.2  842s
 985686 262173 30997.0000  147    5 30989.0000 30997.0000  0.03%  12.2  847s
 990787 262797     cutoff  158      30989.0000 30997.0000  0.03%  12.2  856s
 1005424 265250 30994.7967  159   29 30989.0000 30997.0000  0.03%  12.2  865s
 1006407 265327     cutoff  154      30989.0000 30997.0000  0.03%  12.2  871s
 1022628 268109 30997.0000  145    6 30989.0000 30997.0000  0.03%  12.2  876s
 1024320 268183 30996.9191  153   28 30989.0000 30997.0000  0.03%  12.2  883s
 1024564 270392 30996.9176  154   33 30989.0000 30997.0000  0.03%  12.2  885s
 1040336 271196     cutoff  151      30989.0000 30997.0000  0.03%  12.2  891s
 1048097 272627 30994.6851  150   32 30989.0000 30997.0000  0.03%  12.2  895s
 1051045 273184 30994.7431  154   26 30989.0000 30997.0000  0.03%  12.2  900s
 1058884 274158 30995.2440  152   17 30989.0000 30997.0000  0.03%  12.2  906s
 1072559 276619 30997.0000  148    6 30989.0000 30997.0000  0.03%  12.2  910s
 1083258 278237     cutoff  158      30989.0000 30997.0000  0.03%  12.2  924s
 1085554 278849 30995.7268  155   24 30989.0000 30997.0000  0.03%  12.2  925s
 1095796 279959 30995.9199  157   28 30989.0000 30997.0000  0.03%  12.2  934s
 1100301 281090     cutoff  149      30989.0000 30997.0000  0.03%  12.2  935s
 1116012 283521 30996.8928  151   29 30989.0000 30997.0000  0.03%  12.2  940s
 1121923 284215     cutoff  157      30989.0000 30997.0000  0.03%  12.2  946s
 1128627 285452 30991.5247  157   19 30989.0000 30997.0000  0.03%  12.2  950s
 1137896 287239 30996.2759  155   30 30989.0000 30997.0000  0.03%  12.2  960s
 1140106 287978 30993.3505  154   10 30989.0000 30997.0000  0.03%  12.2  965s
 1145117 288427 30995.1753  154    7 30989.0000 30997.0000  0.03%  12.2  972s
 1151930 289347 30992.8429  149   29 30989.0000 30997.0000  0.03%  12.2  975s
 1168350 291942     cutoff  152      30989.0000 30997.0000  0.03%  12.3  980s
 1180401 293460 30995.5988  150    6 30989.0000 30997.0000  0.03%  12.3  990s
 1183945 294359     cutoff  151      30989.0000 30997.0000  0.03%  12.3  995s
 1194313 295775     cutoff  156      30989.0000 30997.0000  0.03%  12.3 1000s
 1203210 296884 30991.5207  161    9 30989.0000 30997.0000  0.03%  12.3 1009s
 1209177 297950 30997.0000  156    6 30989.0000 30997.0000  0.03%  12.3 1011s
 1210561 297990 30995.6138  161   29 30989.0000 30997.0000  0.03%  12.3 1018s
 1214118 298553 30996.1204  157   26 30989.0000 30997.0000  0.03%  12.3 1022s
 1220397 299185     cutoff  158      30989.0000 30997.0000  0.03%  12.3 1029s
 1220917 299510 30995.2667  152   17 30989.0000 30997.0000  0.03%  12.3 1030s
 1237368 301381 30996.2450  150    6 30989.0000 30997.0000  0.03%  12.3 1035s
 1244811 302332 30996.5263  151   24 30989.0000 30997.0000  0.03%  12.3 1041s
 1249463 302875 30997.0000  152    5 30989.0000 30997.0000  0.03%  12.4 1048s
 1254488 303782 30996.8182  153   30 30989.0000 30997.0000  0.03%  12.4 1051s
 1266145 305550     cutoff  146      30989.0000 30997.0000  0.03%  12.4 1055s
 1271306 306028 30997.0000  138    7 30989.0000 30997.0000  0.03%  12.4 1061s
 1273805 306596 30997.0000  150    5 30989.0000 30997.0000  0.03%  12.4 1066s
 1284526 307997     cutoff  152      30989.0000 30997.0000  0.03%  12.4 1071s
 1292027 308901     cutoff  160      30989.0000 30997.0000  0.03%  12.4 1078s
 1297009 309729 30996.7986  157   31 30989.0000 30997.0000  0.03%  12.4 1080s
 1298745 309819     cutoff  163      30989.0000 30997.0000  0.03%  12.4 1087s
 1301142 310160 30994.4667  156   18 30989.0000 30997.0000  0.03%  12.4 1094s
 1301481 311678 30997.0000  150    5 30989.0000 30997.0000  0.03%  12.4 1096s
 1320791 312941 30991.5258  151   10 30989.0000 30997.0000  0.03%  12.5 1100s
 1326423 313613 30995.0973  151   27 30989.0000 30997.0000  0.03%  12.5 1105s
 1334153 314961 30997.0000  149    6 30989.0000 30997.0000  0.03%  12.5 1113s
 1335845 315289 30993.3505  159   10 30989.0000 30997.0000  0.03%  12.5 1115s
 1337744 315352     cutoff  165      30989.0000 30997.0000  0.03%  12.5 1120s
 1356137 318134 30991.1658  143   20 30989.0000 30997.0000  0.03%  12.5 1125s
 1369119 319825     cutoff  160      30989.0000 30997.0000  0.03%  12.5 1136s
 1380517 321830 30997.0000  159    6 30989.0000 30997.0000  0.03%  12.5 1140s
 1385064 322482     cutoff  153      30989.0000 30997.0000  0.03%  12.5 1145s
 1394318 323953     cutoff  156      30989.0000 30997.0000  0.03%  12.6 1162s
 1406467 326206 30993.3505  154    9 30989.0000 30997.0000  0.03%  12.6 1165s
 1425499 329875     cutoff  152      30989.0000 30997.0000  0.03%  12.6 1172s
 1426756 329935 30997.0000  153    5 30989.0000 30997.0000  0.03%  12.6 1181s
 1427035 330035 30997.0000  154    7 30989.0000 30997.0000  0.03%  12.6 1186s
 1437611 332783 30991.5258  161   11 30989.0000 30997.0000  0.03%  12.6 1190s
 1452119 334902 30991.5258  155   10 30989.0000 30997.0000  0.03%  12.6 1202s
 1454928 335498     cutoff  155      30989.0000 30997.0000  0.03%  12.6 1206s
 1466323 337435 30996.6089  159   32 30989.0000 30997.0000  0.03%  12.6 1210s
 1478968 339634 30996.9141  150   17 30989.0000 30997.0000  0.03%  12.6 1218s
 1483434 340332     cutoff  151      30989.0000 30997.0000  0.03%  12.6 1220s
 1494678 342929     cutoff  154      30989.0000 30997.0000  0.03%  12.6 1228s
 1495198 343123     cutoff  154      30989.0000 30997.0000  0.03%  12.6 1232s
 1504279 345762     cutoff  176      30989.0000 30997.0000  0.03%  12.6 1235s
 1511226 347995 30996.0364  148   26 30989.0000 30997.0000  0.03%  12.6 1240s
 1521539 349698 30996.7924  159   15 30989.0000 30997.0000  0.03%  12.6 1249s
 1523499 350279 30990.6942  164    9 30989.0000 30997.0000  0.03%  12.6 1254s
 1527938 351498 30997.0000  143    6 30989.0000 30997.0000  0.03%  12.6 1255s
 1543974 354293     cutoff  160      30989.0000 30997.0000  0.03%  12.6 1260s
 1558890 357049     cutoff  159      30989.0000 30997.0000  0.03%  12.6 1271s
 1558907 357197 30993.3505  157   11 30989.0000 30997.0000  0.03%  12.6 1275s
 1570548 359495 30996.8084  149   18 30989.0000 30997.0000  0.03%  12.6 1284s
 1570974 359794 30996.2860  150   18 30989.0000 30997.0000  0.03%  12.6 1285s
 1575860 360483 30996.9051  146   30 30989.0000 30997.0000  0.03%  12.6 1290s
 1587250 362104 30994.3841  152   25 30989.0000 30997.0000  0.03%  12.6 1295s
 1588958 362165 30996.6813  152   33 30989.0000 30997.0000  0.03%  12.6 1301s
 1598703 365888 30992.7715  164   13 30989.0000 30997.0000  0.03%  12.6 1305s
 1604683 367155     cutoff  169      30989.0000 30997.0000  0.03%  12.6 1314s
 1605113 368059     cutoff  168      30989.0000 30997.0000  0.03%  12.6 1316s
 1617378 371879 30997.0000  125    8 30989.0000 30997.0000  0.03%  12.6 1320s
 1628396 374193 30997.0000  143   26 30989.0000 30997.0000  0.03%  12.6 1331s
 1637995 376499     cutoff  158      30989.0000 30997.0000  0.03%  12.6 1336s
 1652501 380159 30994.7848  141   20 30989.0000 30997.0000  0.03%  12.6 1341s
 1661144 382507 30996.5857  151   25 30989.0000 30997.0000  0.03%  12.6 1345s
 1666322 383602 30996.5520  158   13 30989.0000 30997.0000  0.03%  12.6 1352s
 1673002 386130 30997.0000  164   10 30989.0000 30997.0000  0.03%  12.6 1355s
 1689880 389130 30997.0000  126   30 30989.0000 30997.0000  0.03%  12.6 1360s
 1710685 391426 infeasible  164      30989.0000 30997.0000  0.03%  12.5 1365s
 1717306 391753 30995.3333  159    9 30989.0000 30997.0000  0.03%  12.5 1373s
 1720810 391999     cutoff  164      30989.0000 30997.0000  0.03%  12.5 1375s
 1731647 392484 30995.5664  163   18 30989.0000 30997.0000  0.03%  12.5 1386s
 1741939 393565     cutoff  156      30989.0000 30997.0000  0.03%  12.5 1390s
 1759684 394719     cutoff  161      30989.0000 30997.0000  0.03%  12.4 1395s
 1771464 395682 30997.0000  165    8 30989.0000 30997.0000  0.03%  12.4 1401s
 1774822 395911 30997.0000  142    8 30989.0000 30997.0000  0.03%  12.4 1409s
 1778305 396659     cutoff  156      30989.0000 30997.0000  0.03%  12.4 1410s
 1803116 398635 30991.5207  159    7 30989.0000 30997.0000  0.03%  12.3 1415s
 1820394 399735 30994.9136  167   15 30989.0000 30997.0000  0.03%  12.3 1420s
 1822316 399761 30997.0000  153    8 30989.0000 30997.0000  0.03%  12.3 1425s
 1841409 400953 30997.0000  155    8 30989.0000 30997.0000  0.03%  12.2 1430s
 1855184 401990     cutoff  163      30989.0000 30997.0000  0.03%  12.2 1441s
 1864281 402646     cutoff  155      30989.0000 30997.0000  0.03%  12.2 1449s
 1866658 402895     cutoff  156      30989.0000 30997.0000  0.03%  12.2 1450s
 1888751 405903 30997.0000  120   31 30989.0000 30997.0000  0.03%  12.1 1455s
 1908031 407728 30997.0000  136    7 30989.0000 30997.0000  0.03%  12.1 1460s
 1924625 409148 30991.5258  126   18 30989.0000 30997.0000  0.03%  12.1 1469s
 1925278 409238     cutoff  147      30989.0000 30997.0000  0.03%  12.1 1470s
 1926807 409238 30996.9917  152   21 30989.0000 30997.0000  0.03%  12.1 1478s
 1931161 409735 30996.6227  137   17 30989.0000 30997.0000  0.03%  12.0 1481s
 1946117 410797     cutoff  151      30989.0000 30997.0000  0.03%  12.0 1485s
 1968367 412892 30997.0000  146    8 30989.0000 30997.0000  0.03%  12.0 1494s
 1968948 413059 30997.0000  147    8 30989.0000 30997.0000  0.03%  12.0 1495s
 1985830 414359 30991.5236  157   12 30989.0000 30997.0000  0.03%  12.0 1506s
 1994817 416185 30994.6739  161   17 30989.0000 30997.0000  0.03%  12.0 1512s
 2002698 417095 30997.0000  162    7 30989.0000 30997.0000  0.03%  11.9 1516s
 2010911 417921     cutoff  166      30989.0000 30997.0000  0.03%  11.9 1525s
 2026663 418930     cutoff  165      30989.0000 30997.0000  0.03%  11.9 1530s
 2051295 421500 30993.4942  163   19 30989.0000 30997.0000  0.03%  11.9 1535s
 2053226 421592 30997.0000  151    8 30989.0000 30997.0000  0.03%  11.9 1540s
 2071258 424550     cutoff  149      30989.0000 30997.0000  0.03%  11.9 1545s
 2078363 425374 30997.0000  160    8 30989.0000 30997.0000  0.03%  11.9 1550s
 2089374 426603     cutoff  163      30989.0000 30997.0000  0.03%  11.8 1560s
 2089397 426608 30997.0000  105   24 30989.0000 30997.0000  0.03%  11.8 1569s
 2091228 427026 30993.2077  143    6 30989.0000 30997.0000  0.03%  11.8 1570s
 2108552 429620 30997.0000  166    9 30989.0000 30997.0000  0.03%  11.8 1575s
 2121126 432335 30997.0000  135   10 30989.0000 30997.0000  0.03%  11.8 1580s
 2134461 435381 30994.0991  143   15 30989.0000 30997.0000  0.03%  11.8 1585s
 2136130 435513 30995.1753  145   14 30989.0000 30997.0000  0.03%  11.8 1592s
 2136596 438541     cutoff  146      30989.0000 30997.0000  0.03%  11.8 1595s
 2164036 442072 30997.0000  148    6 30989.0000 30997.0000  0.03%  11.8 1600s
 2179346 444393 30997.0000  148    8 30989.0000 30997.0000  0.03%  11.8 1610s
 2181548 444678 30996.7390  135   19 30989.0000 30997.0000  0.03%  11.8 1617s
 2188684 445970 30997.0000  119    7 30989.0000 30997.0000  0.03%  11.8 1620s
 2208543 449630 30997.0000  140    9 30989.0000 30997.0000  0.03%  11.8 1625s
 2227204 451758     cutoff  141      30989.0000 30997.0000  0.03%  11.7 1636s
 2240437 453199     cutoff  143      30989.0000 30997.0000  0.03%  11.7 1640s
 2247034 453533 30997.0000  137    7 30989.0000 30997.0000  0.03%  11.7 1646s
 2259080 454492 30994.8749  138    7 30989.0000 30997.0000  0.03%  11.7 1650s
 2279426 456351 30997.0000  133    8 30989.0000 30997.0000  0.03%  11.7 1661s
 2289534 457156 30996.1770  133    7 30989.0000 30997.0000  0.03%  11.7 1665s
 2292964 457368     cutoff  136      30989.0000 30997.0000  0.03%  11.7 1670s
 2311471 458853 30995.9321  137   11 30989.0000 30997.0000  0.03%  11.7 1675s
 2330713 461823 30996.3416  140    6 30989.0000 30997.0000  0.03%  11.7 1680s
 2334387 462265 30994.3466  150   19 30989.0000 30997.0000  0.03%  11.7 1686s
 2336354 462522     cutoff  142      30989.0000 30997.0000  0.03%  11.7 1695s
 2336463 462614     cutoff  156      30989.0000 30997.0000  0.03%  11.7 1701s
 2349829 465068 30997.0000  144   10 30989.0000 30997.0000  0.03%  11.7 1705s
 2370441 469184 30996.1667  131    8 30989.0000 30997.0000  0.03%  11.6 1710s
 2383109 472279 30991.5258  148   18 30989.0000 30997.0000  0.03%  11.6 1715s
 2388761 472821 30995.1667  138    9 30989.0000 30997.0000  0.03%  11.6 1722s
 2401214 475403 30996.9632  152   23 30989.0000 30997.0000  0.03%  11.6 1727s
 2402761 476060 30996.9865  142   24 30989.0000 30997.0000  0.03%  11.6 1730s
 2425763 479513     cutoff  137      30989.0000 30997.0000  0.03%  11.6 1735s
 2432795 480526 30994.4313  139   13 30989.0000 30997.0000  0.03%  11.6 1741s
 2433106 480597 30993.3333  140    8 30989.0000 30997.0000  0.03%  11.6 1746s
 2446036 482252 30991.5258  148   17 30989.0000 30997.0000  0.03%  11.6 1750s
 2451042 482767 30995.1753  140   12 30989.0000 30997.0000  0.03%  11.6 1757s
 2461538 484499     cutoff  129      30989.0000 30997.0000  0.03%  11.6 1760s
 2482893 488001     cutoff  151      30989.0000 30997.0000  0.03%  11.6 1774s
 2482960 488272 30993.6501  151   26 30989.0000 30997.0000  0.03%  11.6 1775s
 2484411 488276     cutoff  156      30989.0000 30997.0000  0.03%  11.6 1783s
 2486379 488876 30997.0000  125   11 30989.0000 30997.0000  0.03%  11.6 1785s
 2503570 492349     cutoff  160      30989.0000 30997.0000  0.03%  11.6 1790s
 2517542 494257 30997.0000  109    8 30989.0000 30997.0000  0.03%  11.6 1795s
 2531743 496773     cutoff  144      30989.0000 30997.0000  0.03%  11.6 1800s
 2542588 498832 30993.3471  149    7 30989.0000 30997.0000  0.03%  11.6 1806s
 2547782 499548     cutoff  154      30989.0000 30997.0000  0.03%  11.6 1815s
 2554945 501009 30991.5258  158   14 30989.0000 30997.0000  0.03%  11.6 1821s
 2567837 503810     cutoff  136      30989.0000 30997.0000  0.03%  11.6 1825s
 2582325 506648 30997.0000  170    8 30989.0000 30997.0000  0.03%  11.6 1836s
 2588096 507849     cutoff  162      30989.0000 30997.0000  0.03%  11.6 1847s
 2597124 510149 30997.0000  149    6 30989.0000 30997.0000  0.03%  11.6 1850s
 2613997 513519 30991.5242  149   22 30989.0000 30997.0000  0.03%  11.6 1855s
 2625345 516333 30996.9911  150   35 30989.0000 30997.0000  0.03%  11.6 1861s
 2632460 517737 30991.5207  158   17 30989.0000 30997.0000  0.03%  11.6 1869s
 2634756 518264 30997.0000  149    5 30989.0000 30997.0000  0.03%  11.6 1875s
 2649094 520946 30997.0000  144    5 30989.0000 30997.0000  0.03%  11.6 1880s
 2663905 522960 30997.0000  154    5 30989.0000 30997.0000  0.03%  11.7 1887s
 2670871 524159 30997.0000  151    6 30989.0000 30997.0000  0.03%  11.7 1896s
 2682065 526080 30997.0000  153    5 30989.0000 30997.0000  0.03%  11.6 1903s
 2685661 527087 30996.7641  154   32 30989.0000 30997.0000  0.03%  11.6 1905s
 2699621 529725 30991.5247  165   21 30989.0000 30997.0000  0.03%  11.7 1910s
 2703766 530273     cutoff  163      30989.0000 30997.0000  0.03%  11.7 1915s
 2706864 530703 30996.0840  146   41 30989.0000 30997.0000  0.03%  11.7 1924s
 2707304 531297 30996.0540  147   36 30989.0000 30997.0000  0.03%  11.7 1925s
 2719971 533998     cutoff  140      30989.0000 30997.0000  0.03%  11.7 1931s
 2724844 534984 30997.0000  145   17 30989.0000 30997.0000  0.03%  11.7 1939s
 2726299 535364 30991.0403  155   26 30989.0000 30997.0000  0.03%  11.7 1940s
 2741628 539164 30997.0000  141   32 30989.0000 30997.0000  0.03%  11.7 1945s
 2752617 541915 30992.1647  151   25 30989.0000 30997.0000  0.03%  11.7 1951s
 2759611 543546 30996.4791  150   27 30989.0000 30997.0000  0.03%  11.7 1961s
 2765775 545385 30997.0000  134   14 30989.0000 30997.0000  0.03%  11.7 1965s
 2784587 550068     cutoff  146      30989.0000 30997.0000  0.03%  11.7 1970s
 2787713 550526 30997.0000  149    6 30989.0000 30997.0000  0.03%  11.7 1982s
 2793078 552363 30997.0000  127   33 30989.0000 30997.0000  0.03%  11.7 1985s
 2800165 554279 30997.0000  150    6 30989.0000 30997.0000  0.03%  11.7 1990s
 2806201 555251 30997.0000  151    6 30989.0000 30997.0000  0.03%  11.7 1997s
 2814231 557743 30997.0000  142   24 30989.0000 30997.0000  0.03%  11.7 2000s
 2824938 560034 30997.0000  148    6 30989.0000 30997.0000  0.03%  11.8 2005s
 2837511 562830 30997.0000  146    6 30989.0000 30997.0000  0.03%  11.8 2010s
 2849245 565539     cutoff  150      30989.0000 30997.0000  0.03%  11.8 2015s
 2853893 566815     cutoff  151      30989.0000 30997.0000  0.03%  11.8 2020s
 2866107 569663 30996.9318  151   36 30989.0000 30997.0000  0.03%  11.8 2030s
 2875921 572380     cutoff  156      30989.0000 30997.0000  0.03%  11.8 2040s
 2886685 575574     cutoff  161      30989.0000 30997.0000  0.03%  11.8 2045s
 2891739 576814 30997.0000  153   31 30989.0000 30997.0000  0.03%  11.8 2051s
 2894074 577721 30997.0000  155    8 30989.0000 30997.0000  0.03%  11.8 2055s
 2903521 580174 30997.0000  142   20 30989.0000 30997.0000  0.03%  11.8 2060s
 2917693 583395 30997.0000  150    6 30989.0000 30997.0000  0.03%  11.8 2065s
 2921352 583941 30996.8781  149   30 30989.0000 30997.0000  0.03%  11.8 2073s
 2921823 586495 30996.8421  150   30 30989.0000 30997.0000  0.03%  11.8 2075s
 2933835 586597     cutoff  141      30989.0000 30997.0000  0.03%  11.8 2080s
 2947624 589870 30996.6694  143   29 30989.0000 30997.0000  0.03%  11.8 2085s
 2960868 592459 30991.5247  157   22 30989.0000 30997.0000  0.03%  11.9 2092s
 2963930 593487 30997.0000  111   15 30989.0000 30997.0000  0.03%  11.9 2095s
 2970369 594447     cutoff  151      30989.0000 30997.0000  0.03%  11.9 2107s
 2975963 595704     cutoff  162      30989.0000 30997.0000  0.03%  11.9 2110s
 2984869 597095 30997.0000  141   10 30989.0000 30997.0000  0.03%  11.9 2116s
 2998946 600455 30993.8499  154   25 30989.0000 30997.0000  0.03%  11.9 2121s
 3007959 602384 30997.0000  146    9 30989.0000 30997.0000  0.03%  11.9 2127s
 3013385 603813     cutoff   79      30989.0000 30997.0000  0.03%  11.9 2130s
 3034489 608962 30996.2307  169   25 30989.0000 30997.0000  0.03%  11.8 2141s
 3049280 612398     cutoff  151      30989.0000 30997.0000  0.03%  11.8 2148s
 3052341 613274 infeasible  140      30989.0000 30997.0000  0.03%  11.8 2150s
 3057012 613864     cutoff  154      30989.0000 30997.0000  0.03%  11.8 2157s
 3066029 616132     cutoff  157      30989.0000 30997.0000  0.03%  11.8 2160s
 3068162 616227     cutoff  159      30989.0000 30997.0000  0.03%  11.8 2165s
 3080738 620626     cutoff  148      30989.0000 30997.0000  0.03%  11.8 2170s
 3090380 625902 30997.0000  137   12 30989.0000 30997.0000  0.03%  11.8 2180s
 3104006 633608 30994.0000  132   19 30989.0000 30997.0000  0.03%  11.8 2185s
 3118254 639264     cutoff  142      30989.0000 30997.0000  0.03%  11.8 2198s
 3120516 641100     cutoff  125      30989.0000 30997.0000  0.03%  11.8 2200s
 3129968 644005 30996.5152  129   13 30989.0000 30997.0000  0.03%  11.8 2211s
 3134463 644966 30991.0000  145    5 30989.0000 30997.0000  0.03%  11.8 2215s
 3139795 645785     cutoff  134      30989.0000 30997.0000  0.03%  11.8 2220s
 3145850 647885 30996.8687  125   25 30989.0000 30997.0000  0.03%  11.8 2225s
 3152820 650563 30997.0000  135    8 30989.0000 30997.0000  0.03%  11.7 2230s
 3164200 654313     cutoff  126      30989.0000 30997.0000  0.03%  11.7 2235s
 3168385 654956 30997.0000  142    7 30989.0000 30997.0000  0.03%  11.7 2240s
 3174095 655851 30996.9543  136   10 30989.0000 30997.0000  0.03%  11.7 2245s
 3181436 657320 30997.0000  122    7 30989.0000 30997.0000  0.03%  11.7 2250s
 3186996 658345     cutoff  138      30989.0000 30997.0000  0.03%  11.7 2256s
 3187407 658770 30997.0000  126    9 30989.0000 30997.0000  0.03%  11.7 2261s
 3195205 659776 30997.0000  133    7 30989.0000 30997.0000  0.03%  11.7 2274s
 3195230 660090 30997.0000  136    8 30989.0000 30997.0000  0.03%  11.7 2275s
 3207607 663212     cutoff  127      30989.0000 30997.0000  0.03%  11.7 2280s
 3222911 666722     cutoff  138      30989.0000 30997.0000  0.03%  11.7 2289s
 3226440 667761     cutoff  136      30989.0000 30997.0000  0.03%  11.7 2290s
 3238138 670247 30997.0000   83   13 30989.0000 30997.0000  0.03%  11.7 2298s
 3240077 670376 30995.1379  136   13 30989.0000 30997.0000  0.03%  11.7 2306s
 3251797 672686     cutoff   92      30989.0000 30997.0000  0.03%  11.7 2312s
 3260497 674193 30996.2595  139   13 30989.0000 30997.0000  0.03%  11.6 2316s
 3267404 676741     cutoff  126      30989.0000 30997.0000  0.03%  11.6 2320s
 3280250 685840 30997.0000   68   15 30989.0000 30997.0000  0.03%  11.6 2325s
 3282100 685849 30994.0000   86   16 30989.0000 30997.0000  0.03%  11.6 2333s
 3283613 688295 30997.0000  107   25 30989.0000 30997.0000  0.03%  11.6 2335s
 3294734 696004     cutoff   91      30989.0000 30997.0000  0.03%  11.6 2340s
 3310059 705725 30993.0000   99   11 30989.0000 30997.0000  0.03%  11.6 2345s
 3318726 709182 30997.0000  108    9 30989.0000 30997.0000  0.03%  11.6 2352s
 3325514 711846 30993.8200  156   18 30989.0000 30997.0000  0.03%  11.6 2356s
 3333634 714712     cutoff  127      30989.0000 30997.0000  0.03%  11.6 2360s
 3341116 716820     cutoff  138      30989.0000 30997.0000  0.03%  11.6 2376s
 3346651 719020 30996.0000  131   13 30989.0000 30997.0000  0.03%  11.6 2381s
 3354148 721126 30992.0000  129    7 30989.0000 30997.0000  0.03%  11.6 2385s
 3361554 723212 30995.8690  124   24 30989.0000 30997.0000  0.03%  11.6 2390s
 3366614 724681 30993.3270  130   23 30989.0000 30997.0000  0.03%  11.6 2400s
 3371714 726079 30996.9662  137   24 30989.0000 30997.0000  0.03%  11.6 2405s
 3382696 728667     cutoff  150      30989.0000 30997.0000  0.03%  11.6 2420s
 3389729 731100 30994.0000  132    7 30989.0000 30997.0000  0.03%  11.6 2425s
 3395513 732086     cutoff  142      30989.0000 30997.0000  0.03%  11.6 2436s
 3407210 734982     cutoff  111      30989.0000 30997.0000  0.03%  11.6 2440s
 3416468 736632 30996.0000  140   17 30989.0000 30997.0000  0.03%  11.6 2445s
 3424654 737860 30991.0000  134   19 30989.0000 30997.0000  0.03%  11.6 2454s
 3427449 738477 30996.8737  130   28 30989.0000 30997.0000  0.03%  11.6 2455s
 3432629 738996 30997.0000  133    6 30989.0000 30997.0000  0.03%  11.6 2465s
 3441266 741103     cutoff  127      30989.0000 30997.0000  0.03%  11.6 2470s
 3452512 743017     cutoff  128      30989.0000 30997.0000  0.03%  11.6 2477s
 3459515 744311 30995.7797  146   21 30989.0000 30997.0000  0.03%  11.6 2481s
 3466812 745805     cutoff  130      30989.0000 30997.0000  0.03%  11.6 2485s
 3473624 747161 30997.0000  119    8 30989.0000 30997.0000  0.03%  11.6 2494s
 3475788 747501 30996.4713  127   10 30989.0000 30997.0000  0.03%  11.6 2503s
 3479393 748338     cutoff  143      30989.0000 30997.0000  0.03%  11.6 2507s
 3486977 749240 30997.0000  132    6 30989.0000 30997.0000  0.03%  11.6 2511s
 3494079 750826 30997.0000   84   28 30989.0000 30997.0000  0.03%  11.7 2516s
 3507620 754062 30992.6989  136   21 30989.0000 30997.0000  0.03%  11.7 2520s
 3511124 754435 30991.0000  120   19 30989.0000 30997.0000  0.03%  11.7 2531s
 3513088 754982 30997.0000   95   25 30989.0000 30997.0000  0.03%  11.7 2540s
 3519335 758331 30996.7326  100   15 30989.0000 30997.0000  0.03%  11.7 2545s
 3530602 761300     cutoff  133      30989.0000 30997.0000  0.03%  11.7 2550s
 3541204 762811 30995.6466  135   25 30989.0000 30997.0000  0.03%  11.7 2557s
 3548169 763422 30995.8247  142    8 30989.0000 30997.0000  0.03%  11.6 2560s
 3555179 764027 30997.0000  116    6 30989.0000 30997.0000  0.03%  11.6 2574s
 3556473 765449 30997.0000  121    6 30989.0000 30997.0000  0.03%  11.6 2575s
 3572238 767847 30997.0000  123    9 30989.0000 30997.0000  0.03%  11.6 2580s
 3585391 770208     cutoff  127      30989.0000 30997.0000  0.03%  11.6 2586s
 3587913 770599 30991.1361  130   12 30989.0000 30997.0000  0.03%  11.6 2595s
 3605431 774227 30997.0000  126    8 30989.0000 30997.0000  0.03%  11.6 2600s
 3614449 775437 30995.1766  140   24 30989.0000 30997.0000  0.03%  11.6 2606s
 3626608 777689     cutoff  130      30989.0000 30997.0000  0.03%  11.6 2614s
 3627852 778041 30997.0000  130    7 30989.0000 30997.0000  0.03%  11.6 2615s
 3632246 778450     cutoff  126      30989.0000 30997.0000  0.03%  11.6 2622s
 3636586 780546 30997.0000  114    6 30989.0000 30997.0000  0.03%  11.6 2625s
 3644859 782118 30990.0000  131    7 30989.0000 30997.0000  0.03%  11.6 2633s
 3649731 784217 30997.0000  110    9 30989.0000 30997.0000  0.03%  11.6 2635s
 3651915 784215 30992.8851  143   21 30989.0000 30997.0000  0.03%  11.6 2643s
 3653659 785059 30996.0000  136   11 30989.0000 30997.0000  0.03%  11.6 2645s
 3672530 789037 30997.0000  125    8 30989.0000 30997.0000  0.03%  11.6 2651s
 3679448 790431 30992.0000  151    8 30989.0000 30997.0000  0.03%  11.6 2661s
 3687587 792443 30996.9606  140   23 30989.0000 30997.0000  0.03%  11.6 2673s
 3687603 795227 30996.9606  141   25 30989.0000 30997.0000  0.03%  11.6 2676s
 3706717 797240 30997.0000  130    6 30989.0000 30997.0000  0.03%  11.6 2682s
 3714429 798567 30994.0000  140   10 30989.0000 30997.0000  0.03%  11.6 2685s
 3728735 800991     cutoff  133      30989.0000 30997.0000  0.03%  11.6 2693s
 3735689 802481 30996.5582  132   11 30989.0000 30997.0000  0.03%  11.6 2696s
 3742240 804006 30996.0000  128   19 30989.0000 30997.0000  0.03%  11.6 2701s
 3748425 804617 30990.8089  161   12 30989.0000 30997.0000  0.03%  11.6 2709s
 3748439 804869     cutoff  162      30989.0000 30997.0000  0.03%  11.6 2710s
 3756754 806452 30992.0000  138    6 30989.0000 30997.0000  0.03%  11.6 2717s
 3757983 806487 30997.0000  126    9 30989.0000 30997.0000  0.03%  11.6 2724s
 3760484 807131 30996.0000  149   10 30989.0000 30997.0000  0.03%  11.6 2725s
 3768034 808916 30997.0000  119    6 30989.0000 30997.0000  0.03%  11.6 2730s
 3778731 811038 30997.0000  130    6 30989.0000 30997.0000  0.03%  11.6 2736s
 3791901 813773     cutoff  138      30989.0000 30997.0000  0.03%  11.6 2740s
 3793816 813778 30991.0000  130   18 30989.0000 30997.0000  0.03%  11.6 2750s
 3801373 815957 30991.0000  139    8 30989.0000 30997.0000  0.03%  11.6 2755s
 3812640 817966     cutoff  142      30989.0000 30997.0000  0.03%  11.6 2760s
 3822048 819678 30996.6019  120   19 30989.0000 30997.0000  0.03%  11.6 2765s
 3825352 820134 30997.0000  134    6 30989.0000 30997.0000  0.03%  11.6 2770s
 3831587 821327 30994.0000  158   11 30989.0000 30997.0000  0.03%  11.6 2775s
 3841682 823027 30996.6635  133   18 30989.0000 30997.0000  0.03%  11.5 2786s
 3846721 824260 30991.0000  133   15 30989.0000 30997.0000  0.03%  11.5 2790s
 3859908 827076     cutoff  127      30989.0000 30997.0000  0.03%  11.5 2795s
 3866754 828417 30995.4697  133    9 30989.0000 30997.0000  0.03%  11.5 2803s
 3872895 829871 30997.0000  130    6 30989.0000 30997.0000  0.03%  11.5 2805s
 3876885 830335 30996.8054  119   24 30989.0000 30997.0000  0.03%  11.5 2814s
 3878910 831073 30991.7666  134   32 30989.0000 30997.0000  0.03%  11.5 2815s
 3888081 832629     cutoff  150      30989.0000 30997.0000  0.03%  11.5 2820s
 3902902 835122 30997.0000  127    5 30989.0000 30997.0000  0.03%  11.5 2826s
 3912149 836374 30994.9213  120   23 30989.0000 30997.0000  0.03%  11.5 2832s
 3913027 836459 30994.7286  121   19 30989.0000 30997.0000  0.03%  11.5 2840s
 3925712 839250 30997.0000  123    8 30989.0000 30997.0000  0.03%  11.5 2845s
 3935812 841544 30996.7188  124   22 30989.0000 30997.0000  0.03%  11.5 2850s
 3941397 842591     cutoff  125      30989.0000 30997.0000  0.03%  11.5 2866s
 3944506 843524 30996.8536  131   24 30989.0000 30997.0000  0.03%  11.5 2870s
 3958151 845993 30996.6160  132   26 30989.0000 30997.0000  0.03%  11.5 2876s
 3972963 848645 30995.0000  144   14 30989.0000 30997.0000  0.03%  11.5 2881s
 3976320 848914 30991.0000  145   13 30989.0000 30997.0000  0.03%  11.5 2889s
 3978125 849289 30991.0000  137   14 30989.0000 30997.0000  0.03%  11.5 2890s
 3989431 851506 30996.8001  131   25 30989.0000 30997.0000  0.03%  11.5 2895s
 4001641 854432 30991.0000  137   16 30989.0000 30997.0000  0.03%  11.5 2900s
 4009549 855715 30990.4167  142   12 30989.0000 30997.0000  0.03%  11.5 2906s
 4015787 856682 30991.0000  137    7 30989.0000 30997.0000  0.03%  11.5 2919s
 4015801 857122     cutoff  138      30989.0000 30997.0000  0.03%  11.5 2920s
 4025759 858744 30993.0000  131    8 30989.0000 30997.0000  0.03%  11.5 2930s
 4034183 860430     cutoff  131      30989.0000 30997.0000  0.03%  11.5 2935s
 4047995 863265 30997.0000  120    7 30989.0000 30997.0000  0.03%  11.5 2940s
 4060871 865338     cutoff  131      30989.0000 30997.0000  0.03%  11.5 2946s
 4065889 865947 30991.0000  124   11 30989.0000 30997.0000  0.03%  11.5 2954s
 4067603 866513     cutoff  153      30989.0000 30997.0000  0.03%  11.5 2957s
 4079113 868610 30996.9684  130   30 30989.0000 30997.0000  0.03%  11.5 2960s
 4089896 870663 30997.0000  131    8 30989.0000 30997.0000  0.03%  11.5 2966s
 4093421 871375 30995.6872  135   22 30989.0000 30997.0000  0.03%  11.5 2972s
 4102490 873293 30997.0000  119    6 30989.0000 30997.0000  0.03%  11.5 2977s
 4110451 874899 30995.9840  149   23 30989.0000 30997.0000  0.03%  11.5 2980s
 4116358 875576     cutoff  133      30989.0000 30997.0000  0.03%  11.5 2988s
 4118223 876363     cutoff  141      30989.0000 30997.0000  0.03%  11.5 2992s
 4126046 878112 30997.0000  132    8 30989.0000 30997.0000  0.03%  11.5 2996s
 4134126 879720     cutoff  140      30989.0000 30997.0000  0.03%  11.5 3000s
 4148650 882499 30991.0000  134    8 30989.0000 30997.0000  0.03%  11.5 3009s
 4153369 883643 30997.0000  121    7 30989.0000 30997.0000  0.03%  11.5 3010s
 4160310 885112 30992.0000  126   10 30989.0000 30997.0000  0.03%  11.5 3016s
 4161797 885407     cutoff  138      30989.0000 30997.0000  0.03%  11.5 3021s
 4173678 887756     cutoff  136      30989.0000 30997.0000  0.03%  11.4 3025s
 4175635 887762 30997.0000  128    9 30989.0000 30997.0000  0.03%  11.4 3033s
 4177359 888304 30996.9755  120   26 30989.0000 30997.0000  0.03%  11.4 3037s
 4182508 889164     cutoff  127      30989.0000 30997.0000  0.03%  11.4 3045s
 4193047 891595 30996.0000  126    9 30989.0000 30997.0000  0.03%  11.4 3051s
 4199927 892757 30994.8534  117   23 30989.0000 30997.0000  0.03%  11.4 3055s
 4207064 894061 30992.2937  140   19 30989.0000 30997.0000  0.03%  11.4 3067s
 4207186 896631 30991.0000  138   11 30989.0000 30997.0000  0.03%  11.4 3070s
 4220848 896931 30996.9394  140   23 30989.0000 30997.0000  0.03%  11.4 3081s
 4227536 898343     cutoff  137      30989.0000 30997.0000  0.03%  11.4 3086s
 4236851 899813     cutoff  138      30989.0000 30997.0000  0.03%  11.4 3090s
 4240486 900135 30997.0000  122    8 30989.0000 30997.0000  0.03%  11.4 3107s
 4242165 900656 30996.4088  141   19 30989.0000 30997.0000  0.03%  11.4 3110s
 4249940 901730 30996.0000  122   16 30989.0000 30997.0000  0.03%  11.4 3115s
 4262164 903466 30997.0000  134    5 30989.0000 30997.0000  0.03%  11.4 3120s
 4268099 904657 30991.7921  152   20 30989.0000 30997.0000  0.03%  11.4 3125s
 4279076 907030 30996.1718  130   25 30989.0000 30997.0000  0.03%  11.4 3132s
 4286607 908664 30991.0000  127   15 30989.0000 30997.0000  0.03%  11.4 3136s
 4293152 910090     cutoff  123      30989.0000 30997.0000  0.03%  11.4 3141s
 4296364 910487     cutoff  128      30989.0000 30997.0000  0.03%  11.4 3150s
 4301824 912067 30997.0000  142    5 30989.0000 30997.0000  0.03%  11.4 3155s
 4309543 913712 30996.6363  120   18 30989.0000 30997.0000  0.03%  11.4 3161s
 4314818 915055 30995.6473  134   20 30989.0000 30997.0000  0.03%  11.4 3165s
 4323750 916938     cutoff  138      30989.0000 30997.0000  0.03%  11.4 3173s
 4329011 918452 30995.9658  134   20 30989.0000 30997.0000  0.03%  11.4 3178s
 4336842 920191 30996.1748  136   21 30989.0000 30997.0000  0.03%  11.4 3183s
 4340902 920960 30990.2703  137   19 30989.0000 30997.0000  0.03%  11.4 3185s
 4346005 921411 30996.6553  124   29 30989.0000 30997.0000  0.03%  11.4 3198s
 4351518 922339     cutoff  126      30989.0000 30997.0000  0.03%  11.4 3202s
 4359631 923842 30997.0000  134    8 30989.0000 30997.0000  0.03%  11.4 3212s
 4367792 925829 30996.4176  128   25 30989.0000 30997.0000  0.03%  11.4 3217s
 4375562 927011 30996.0158  123   22 30989.0000 30997.0000  0.03%  11.4 3223s
 4383047 928365 30997.0000  117    8 30989.0000 30997.0000  0.03%  11.4 3226s
 4390617 929948 30997.0000  119    7 30989.0000 30997.0000  0.03%  11.4 3230s
 4401082 931558 30993.9520  121   30 30989.0000 30997.0000  0.03%  11.4 3243s
 4401096 931604 30992.4861  122   19 30989.0000 30997.0000  0.03%  11.4 3251s
 4405033 932245 30993.9246  137   17 30989.0000 30997.0000  0.03%  11.4 3255s
 4412749 933582 30996.4674  119   28 30989.0000 30997.0000  0.03%  11.4 3260s
 4423588 935769     cutoff  138      30989.0000 30997.0000  0.03%  11.4 3265s
 4434322 937513 30997.0000  123    9 30989.0000 30997.0000  0.03%  11.4 3272s
 4441794 939335 30997.0000  134    8 30989.0000 30997.0000  0.03%  11.4 3275s
 4455035 941891 30992.0000  130    7 30989.0000 30997.0000  0.03%  11.4 3287s
 4456854 942789 30996.8054  125   24 30989.0000 30997.0000  0.03%  11.4 3290s
 4469413 945361 30996.6671  132   17 30989.0000 30997.0000  0.03%  11.4 3295s
 4479611 947502 30996.9809  135   23 30989.0000 30997.0000  0.03%  11.4 3301s
 4481319 947630 30997.0000  133    8 30989.0000 30997.0000  0.03%  11.4 3307s
 4486547 948959 30997.0000  117    8 30989.0000 30997.0000  0.03%  11.4 3311s
 4496577 951199     cutoff  136      30989.0000 30997.0000  0.03%  11.4 3316s
 4498396 951204     cutoff  133      30989.0000 30997.0000  0.03%  11.4 3324s
 4498414 951569     cutoff  133      30989.0000 30997.0000  0.03%  11.4 3325s
 4507583 953786     cutoff  126      30989.0000 30997.0000  0.03%  11.4 3331s
 4514899 955425 30992.3662  127   32 30989.0000 30997.0000  0.03%  11.4 3335s
 4523823 957209 30995.0000  122    5 30989.0000 30997.0000  0.03%  11.4 3342s
 4530092 958605 30992.0000  137    8 30989.0000 30997.0000  0.03%  11.4 3346s
 4544664 962394 30990.4630  126   22 30989.0000 30997.0000  0.03%  11.4 3350s
 4555885 964864 30996.0000  132    6 30989.0000 30997.0000  0.03%  11.4 3357s
 4559557 965330     cutoff  131      30989.0000 30997.0000  0.03%  11.4 3367s
 4571836 968276 infeasible  126      30989.0000 30997.0000  0.03%  11.3 3379s
 4572055 968747 30996.7404  125   23 30989.0000 30997.0000  0.03%  11.3 3380s
 4586653 972124 30990.5414  138   16 30989.0000 30997.0000  0.03%  11.3 3386s
 4593510 973259 30997.0000  120    8 30989.0000 30997.0000  0.03%  11.3 3399s
 4597576 974089 30995.8305  144   21 30989.0000 30997.0000  0.03%  11.3 3400s
 4610696 976577 30996.0000  125    6 30989.0000 30997.0000  0.03%  11.3 3405s
 4614717 977016 30993.4713  137    9 30989.0000 30997.0000  0.03%  11.3 3410s
 4621826 978261     cutoff  137      30989.0000 30997.0000  0.03%  11.3 3418s
 4628297 979109 30996.0000  139   21 30989.0000 30997.0000  0.03%  11.3 3422s
 4633338 979915 30996.9951  138   17 30989.0000 30997.0000  0.03%  11.3 3427s
 4636621 980403 30994.0000  156   11 30989.0000 30997.0000  0.03%  11.3 3431s
 4643583 981601 30995.8173  129   29 30989.0000 30997.0000  0.03%  11.3 3436s
 4656267 984294     cutoff  126      30989.0000 30997.0000  0.03%  11.3 3440s
 4663136 985888 30996.0000  127    8 30989.0000 30997.0000  0.03%  11.3 3445s
 4672470 987673 30991.0000  145    9 30989.0000 30997.0000  0.03%  11.3 3458s
 4672615 987969     cutoff  146      30989.0000 30997.0000  0.03%  11.3 3460s
 4685297 990978     cutoff  129      30989.0000 30997.0000  0.03%  11.3 3465s
 4694954 992570     cutoff  142      30989.0000 30997.0000  0.03%  11.3 3479s
 4695194 993007     cutoff  141      30989.0000 30997.0000  0.03%  11.3 3480s
 4708595 995587     cutoff  136      30989.0000 30997.0000  0.03%  11.3 3485s
 4718118 996904     cutoff  134      30989.0000 30997.0000  0.03%  11.3 3491s
 4721075 997322 30996.4186  139   24 30989.0000 30997.0000  0.03%  11.3 3499s
 4722749 998082 30997.0000  132    9 30989.0000 30997.0000  0.03%  11.3 3500s
 4732233 999949 30996.8068  127    9 30989.0000 30997.0000  0.03%  11.3 3506s
 4739231 1001349 30990.7059  119   18 30989.0000 30997.0000  0.03%  11.3 3510s
 4746115 1003032 30991.0000  146   10 30989.0000 30997.0000  0.03%  11.3 3515s
 4760882 1005561 30996.3333  132   15 30989.0000 30997.0000  0.03%  11.3 3528s
 4761097 1005631 30991.0000  133   12 30989.0000 30997.0000  0.03%  11.3 3536s
 4768104 1007138     cutoff  150      30989.0000 30997.0000  0.03%  11.3 3540s
 4774734 1008672 30992.7042  129   22 30989.0000 30997.0000  0.03%  11.3 3545s
 4781551 1010004     cutoff  143      30989.0000 30997.0000  0.03%  11.3 3550s
 4792295 1012013 30996.9627  133   28 30989.0000 30997.0000  0.03%  11.3 3555s
 4796087 1012223 30992.2690  133   14 30989.0000 30997.0000  0.03%  11.3 3566s
 4803518 1014002 30996.9950  126   27 30989.0000 30997.0000  0.03%  11.3 3571s
 4816280 1016873 30990.2751  130   23 30989.0000 30997.0000  0.03%  11.3 3577s
 4824574 1018272 30995.7282  137   24 30989.0000 30997.0000  0.03%  11.3 3581s
 4831556 1019695 30991.6986  157   32 30989.0000 30997.0000  0.03%  11.3 3585s
 4842103 1021657 30995.0000  129   20 30989.0000 30997.0000  0.03%  11.3 3594s
 4845276 1022718 30997.0000  121    8 30989.0000 30997.0000  0.03%  11.3 3597s
 4851516 1023631 30991.0000  141   14 30989.0000 30997.0000  0.03%  11.3 3600s

Cutting planes:
  Gomory: 12
  Cover: 464
  Clique: 2
  MIR: 24
  StrongCG: 8
  Flow cover: 2
  Inf proof: 2
  Zero half: 3
  RLT: 2

Explored 4852238 nodes (54700830 simplex iterations) in 3600.54 seconds
Thread count was 12 (of 12 available processors)

Solution count 10: 30989 30986 30982 ... 30511

Time limit reached
Best objective 3.098900000000e+04, best bound 3.099700000000e+04, gap 0.0258%
