
Gurobi 9.1.2 (win64, Java) logging started Fri Nov 12 00:39:06 2021

Academic license - for non-commercial use only - expires 2022-10-30
Gurobi Optimizer version 9.1.2 build v9.1.2rc0 (win64)
Thread count: 6 physical cores, 12 logical processors, using up to 12 threads
Optimize a model with 80 rows, 1200 columns and 2400 nonzeros
Model fingerprint: 0x416b7601
Variable types: 0 continuous, 1200 integer (1200 binary)
Coefficient statistics:
  Matrix range     [1e+00, 1e+03]
  Objective range  [5e+00, 1e+03]
  Bounds range     [1e+00, 1e+00]
  RHS range        [1e+00, 1e+03]
Found heuristic solution: objective 22048.000000
Presolve removed 1 rows and 445 columns
Presolve time: 0.01s
Presolved: 79 rows, 755 columns, 1510 nonzeros
Variable types: 0 continuous, 755 integer (755 binary)
Presolved: 79 rows, 755 columns, 1510 nonzeros


Root relaxation: objective 2.699553e+04, 288 iterations, 0.00 seconds

    Nodes    |    Current Node    |     Objective Bounds      |     Work
 Expl Unexpl |  Obj  Depth IntInf | Incumbent    BestBd   Gap | It/Node Time

     0     0 26995.5299    0   26 22048.0000 26995.5299  22.4%     -    0s
H    0     0                    25329.000000 26995.5299  6.58%     -    0s
H    0     0                    25374.000000 26995.5299  6.39%     -    0s
H    0     0                    25763.000000 26995.5299  4.78%     -    0s
H    0     0                    25884.000000 26995.5299  4.29%     -    0s
     0     0 26991.7508    0   57 25884.0000 26991.7508  4.28%     -    0s
H    0     0                    25944.000000 26991.7508  4.04%     -    0s
H    0     0                    26126.000000 26991.7508  3.31%     -    0s
H    0     0                    26168.000000 26991.7508  3.15%     -    0s
     0     0 26991.7508    0   48 26168.0000 26991.7508  3.15%     -    0s
H    0     0                    26227.000000 26991.7508  2.92%     -    0s
H    0     0                    26317.000000 26991.7508  2.56%     -    0s
     0     0 26938.3965    0   36 26317.0000 26938.3965  2.36%     -    0s
H    0     0                    26408.000000 26938.3965  2.01%     -    0s
     0     0 26938.3776    0   45 26408.0000 26938.3776  2.01%     -    0s
H    0     0                    26419.000000 26938.3776  1.97%     -    0s
     0     0 26937.4254    0   64 26419.0000 26937.4254  1.96%     -    0s
     0     0 26937.3326    0   69 26419.0000 26937.3326  1.96%     -    0s
     0     0 26937.3326    0   66 26419.0000 26937.3326  1.96%     -    0s
     0     0 26936.7239    0   89 26419.0000 26936.7239  1.96%     -    0s
H    0     0                    26464.000000 26936.7239  1.79%     -    0s
     0     0 26936.7239    0   72 26464.0000 26936.7239  1.79%     -    0s
     0     2 26936.7239    0   70 26464.0000 26936.7239  1.79%     -    1s
H   41    44                    26585.000000 26934.4776  1.31%  68.3    1s
H  100   104                    26667.000000 26934.4776  1.00%  42.9    1s
H 1330  1105                    26782.000000 26927.0054  0.54%  16.5    3s
  1422  1179 26927.0054   16   28 26782.0000 26927.0054  0.54%  19.2    5s
 10707  8348 26924.6738   42   93 26782.0000 26927.0054  0.54%  34.7   10s
 15370 11585 26923.8608   53  111 26782.0000 26927.0054  0.54%  35.6   15s
 18742 20055     cutoff  111      26782.0000 26927.0054  0.54%  37.6   20s
 32372 27168 26887.9877   86   57 26782.0000 26927.0054  0.54%  41.0   25s
 36827 29608 26926.1151   27   32 26782.0000 26927.0054  0.54%  41.8   30s
 41914 32483 26885.6436   38   48 26782.0000 26927.0054  0.54%  40.9   35s
 46048 34853 26836.8019   84   42 26782.0000 26927.0054  0.54%  42.1   40s
 53179 37612 26831.8005  107   76 26782.0000 26927.0054  0.54%  43.4   45s
 54474 38070 26924.5556   69  125 26782.0000 26926.5124  0.54%  43.8   50s
 55007 38537 26917.4336   59   22 26782.0000 26926.0585  0.54%  43.9   55s
 61373 42332 26925.5422   57   68 26782.0000 26926.0585  0.54%  44.0   60s
 66362 43903 26921.7683   71   86 26782.0000 26926.0585  0.54%  43.8   66s
 71315 47365 26861.0766   93   58 26782.0000 26926.0585  0.54%  43.9   70s
 80481 52029 26806.1864  132   67 26782.0000 26926.0585  0.54%  44.4   75s
 89928 56690 26857.6993   78   74 26782.0000 26926.0585  0.54%  44.3   80s
 99318 60909 26872.7289   92   84 26782.0000 26926.0585  0.54%  44.3   85s
 107025 63543 26923.2965   62   87 26782.0000 26926.0585  0.54%  44.5   90s
 115762 67291 26926.0200   53   72 26782.0000 26926.0585  0.54%  44.6   96s
 122062 69918 26899.8022   96   66 26782.0000 26926.0585  0.54%  44.7  101s
 126320 72450 26901.1758   90   75 26782.0000 26926.0585  0.54%  44.9  105s
 133503 75952 26925.3685   63  106 26782.0000 26926.0585  0.54%  45.3  110s
 141200 78828 26816.7557   98   60 26782.0000 26926.0585  0.54%  45.5  115s
 145419 80703 26922.1468   76   82 26782.0000 26926.0585  0.54%  45.6  120s
 148372 81026 26906.6859   99   74 26782.0000 26926.0585  0.54%  45.7  125s
 149579 86581 26920.8909   53   86 26782.0000 26926.0585  0.54%  45.7  130s
 162739 88821 26924.2156   51   83 26782.0000 26926.0585  0.54%  46.1  135s
 165667 91233 26873.0873   89   83 26782.0000 26926.0585  0.54%  46.2  140s
 178894 99499 26926.0585   74   75 26782.0000 26926.0585  0.54%  46.9  145s
 188188 106112 26881.0827   74   93 26782.0000 26926.0585  0.54%  46.9  150s
 197290 113982 26892.0169   86   50 26782.0000 26926.0585  0.54%  47.2  155s
 206875 120850 26926.0585   67   73 26782.0000 26926.0585  0.54%  47.7  160s
 215903 128085 26858.7135   54   59 26782.0000 26926.0585  0.54%  48.0  165s
 225647 134244 26909.0599   65   48 26782.0000 26926.0585  0.54%  47.7  172s
 225782 134253 26906.6069   66   55 26782.0000 26926.0585  0.54%  47.7  176s
 226112 135401 26857.6876   81   45 26782.0000 26926.0585  0.54%  47.7  181s
 229778 138847 26925.9582   65  100 26782.0000 26926.0585  0.54%  47.8  185s
 239982 145506 26926.0585   64   89 26782.0000 26926.0585  0.54%  48.2  191s
 245132 150133 26842.1268   90   70 26782.0000 26926.0585  0.54%  48.5  195s
 255022 157704 26870.5324   73   63 26782.0000 26926.0585  0.54%  48.6  201s
 263762 164375 26925.7434   65   78 26782.0000 26926.0585  0.54%  48.8  206s
 272653 171458 26916.5089   67   90 26782.0000 26926.0585  0.54%  49.0  210s
 279178 176802 26859.6917   97   43 26782.0000 26926.0585  0.54%  49.2  215s
 284263 180586 26842.6676  128   59 26782.0000 26926.0585  0.54%  49.3  220s
 288358 183853 26908.0596   83   79 26782.0000 26926.0585  0.54%  49.4  225s
 299868 193098 26912.0018   86   94 26782.0000 26926.0585  0.54%  49.4  230s
 310962 201375 26925.0061   69   94 26782.0000 26926.0585  0.54%  49.7  235s
 321194 208640 26922.3797   66   89 26782.0000 26926.0585  0.54%  49.9  240s
 326791 212983 26890.2636   80  101 26782.0000 26926.0585  0.54%  49.9  245s
 333440 218089 26861.4983  101   75 26782.0000 26926.0585  0.54%  50.2  250s
 338459 221926 26818.9715  110   40 26782.0000 26926.0585  0.54%  50.3  255s
 344144 226678 26798.7696  135   41 26782.0000 26926.0585  0.54%  50.3  260s
 353881 233633 26915.5389   73   87 26782.0000 26926.0585  0.54%  50.4  265s
 363930 241079 26926.0585   59   89 26782.0000 26926.0585  0.54%  50.5  270s
 372913 248208 26904.9889   87   76 26782.0000 26926.0585  0.54%  50.8  275s
 382020 254987 26808.9293   82   76 26782.0000 26926.0585  0.54%  50.7  280s
 389096 260691 26895.2000   72   63 26782.0000 26926.0585  0.54%  50.8  285s
 397326 266977 26925.7234   53   87 26782.0000 26926.0585  0.54%  50.8  290s
 405900 273171 26912.8084   78   99 26782.0000 26926.0585  0.54%  51.0  295s
 413202 278180 26925.8721   69   75 26782.0000 26926.0585  0.54%  51.1  301s
 418691 283712 26835.4133  102   52 26782.0000 26926.0585  0.54%  51.2  305s
 423223 287730 26924.7672   69   81 26782.0000 26926.0585  0.54%  51.2  311s
 431685 293692 26911.6160   84   86 26782.0000 26926.0585  0.54%  51.3  315s
 437072 297454 26925.9759   59   71 26782.0000 26926.0585  0.54%  51.4  320s
 440758 300630 26790.6508   92   74 26782.0000 26926.0585  0.54%  51.4  326s
 446002 304061 26922.7489   67   80 26782.0000 26926.0585  0.54%  51.4  330s
 451755 309294 26837.7742  138   58 26782.0000 26926.0585  0.54%  51.4  335s
 458833 314791 26925.4085   59   91 26782.0000 26926.0585  0.54%  51.5  340s
 464727 318563 26833.7104   99   29 26782.0000 26926.0585  0.54%  51.6  345s
 469402 321951 26922.7063   67   89 26782.0000 26926.0585  0.54%  51.7  350s
 470598 324178 26914.2791   83   80 26782.0000 26926.0585  0.54%  51.7  355s
 478373 329705 26880.1346   98   56 26782.0000 26926.0585  0.54%  51.7  361s
 480789 332094 26826.4527  115   84 26782.0000 26926.0585  0.54%  51.8  365s
 489171 338146 26925.4782   59   80 26782.0000 26926.0585  0.54%  51.8  370s
 494188 341739 26891.9503   72   86 26782.0000 26926.0585  0.54%  51.8  375s
 503863 349340 26823.0941   73   60 26782.0000 26926.0585  0.54%  51.9  380s
 510886 354067 26803.7264  132   48 26782.0000 26926.0585  0.54%  51.9  385s
 516122 357325 26924.8618   58   78 26782.0000 26926.0585  0.54%  52.0  391s
 521293 362324 26894.9983   67   60 26782.0000 26926.0585  0.54%  51.9  395s
 525997 365111 26925.0329   57   81 26782.0000 26926.0585  0.54%  52.0  402s
 529072 368262 26918.2847   67  100 26782.0000 26926.0585  0.54%  51.9  405s
 534537 371943 26874.8867   77   53 26782.0000 26926.0585  0.54%  52.0  410s
 543222 378133 26827.5045   96   89 26782.0000 26926.0585  0.54%  52.1  417s
 545420 380808 26812.4637  115   73 26782.0000 26926.0585  0.54%  52.1  420s
 554479 387592 26913.8563   82   53 26782.0000 26926.0585  0.54%  52.2  426s
 559357 390352 26925.3181   67   66 26782.0000 26926.0585  0.54%  52.2  432s
 563528 394107 26926.0585   62   95 26782.0000 26926.0585  0.54%  52.2  435s
 570995 400556 26918.3424   71  105 26782.0000 26926.0582  0.54%  52.3  440s
 580269 407557 26905.5968   84   66 26782.0000 26926.0576  0.54%  52.4  445s
 585362 410262 26895.2094   72   69 26782.0000 26926.0576  0.54%  52.4  451s
 585564 419493 26894.9854   73   68 26782.0000 26926.0576  0.54%  52.4  457s
 598526 421600 26925.9246   57   96 26782.0000 26926.0576  0.54%  52.6  462s
 604075 426303 26881.4772   83   54 26782.0000 26926.0576  0.54%  52.7  465s
 613684 433291 26909.5318   90   90 26782.0000 26926.0576  0.54%  52.8  470s
 622858 441400 26924.6937   70   86 26782.0000 26926.0576  0.54%  52.8  475s
 629866 445926 26920.3278   69   81 26782.0000 26926.0576  0.54%  52.8  481s
 636856 451099 26838.6231   94   51 26782.0000 26926.0572  0.54%  52.8  485s
 645601 457122 26914.9166  102   87 26782.0000 26926.0569  0.54%  52.9  490s
 650122 459585 26862.1174   87   84 26782.0000 26926.0564  0.54%  53.0  496s
 653573 463754 26878.8338   63   56 26782.0000 26926.0564  0.54%  53.0  501s
 661801 469406 26925.4862   58   73 26782.0000 26926.0554  0.54%  53.0  505s
 668702 473684 26908.5467   93   88 26782.0000 26926.0553  0.54%  53.0  511s
 672220 477387 26858.8727   87   49 26782.0000 26926.0549  0.54%  53.1  515s
 681519 484565 26921.1936   74  101 26782.0000 26926.0539  0.54%  53.1  520s
 688957 489241 26925.4449   57   78 26782.0000 26926.0532  0.54%  53.2  525s
 693467 491679 26916.3050   81   76 26782.0000 26926.0530  0.54%  53.2  533s
 693741 493245 26916.1897   82   80 26782.0000 26926.0528  0.54%  53.2  535s
 701133 499116 26922.5881   88   92 26782.0000 26926.0520  0.54%  53.2  540s
 704237 499838 26855.3275   69   66 26782.0000 26926.0517  0.54%  53.2  546s
 712671 507708 26920.2508   85  106 26782.0000 26926.0509  0.54%  53.2  550s
 718289 512264 26851.6387   86   50 26782.0000 26926.0505  0.54%  53.2  555s
 728550 519736 26913.2240   78   73 26782.0000 26926.0494  0.54%  53.2  560s
 735660 525320 26925.3147   66  100 26782.0000 26926.0486  0.54%  53.2  565s
 743890 531449 26842.4729  107   86 26782.0000 26926.0479  0.54%  53.2  570s
 749422 534271 26879.4469  100   62 26782.0000 26926.0473  0.54%  53.2  576s
 754402 537879 26919.9773   75   67 26782.0000 26926.0467  0.54%  53.2  581s
 757838 541370 26872.7576   91   65 26782.0000 26926.0463  0.54%  53.2  585s
 767081 548606 26903.4946   64   69 26782.0000 26926.0453  0.54%  53.3  590s
 773277 552428 26827.8003  113   61 26782.0000 26926.0446  0.54%  53.3  595s
 780822 558068 26924.7932   66  100 26782.0000 26926.0436  0.54%  53.3  600s
 782386 559640 26925.3362   62   80 26782.0000 26926.0435  0.54%  53.2  605s
 790162 564812 26902.0802   86   86 26782.0000 26926.0425  0.54%  53.3  611s
 795668 569580 26924.9726   63   77 26782.0000 26926.0417  0.54%  53.4  615s
 803823 574996 26804.1291  102   67 26782.0000 26926.0406  0.54%  53.4  620s
 811313 580075 26817.4544  129   48 26782.0000 26926.0389  0.54%  53.5  625s
 818894 585986 26905.3250   73   91 26782.0000 26926.0354  0.54%  53.6  630s
 824192 589361 26791.8396  112   52 26782.0000 26926.0336  0.54%  53.6  635s
 830601 594921 26925.5326   61  109 26782.0000 26926.0303  0.54%  53.6  640s
 838298 600219 26907.8419   98   78 26782.0000 26926.0269  0.54%  53.6  645s
 845179 605909 26862.5534  100   70 26782.0000 26926.0239  0.54%  53.7  650s
 852480 610305 26911.1563   77   72 26782.0000 26926.0233  0.54%  53.7  655s
 859117 614951 26922.1532   63   81 26782.0000 26926.0200  0.54%  53.7  661s
 866220 621437 26885.5479   82   82 26782.0000 26926.0200  0.54%  53.7  665s
 873417 626113 26922.6712   75   80 26782.0000 26926.0200  0.54%  53.7  671s
 877331 629840 26873.9296   88   81 26782.0000 26926.0200  0.54%  53.7  675s
 884074 635465 26923.2965   64   84 26782.0000 26926.0200  0.54%  53.7  680s
 889094 639194 26846.9539   93   89 26782.0000 26926.0200  0.54%  53.7  685s
 896041 644369 26885.3355   85   77 26782.0000 26926.0200  0.54%  53.7  690s
 902612 648253 26921.7528   84   92 26782.0000 26926.0200  0.54%  53.7  695s
 908790 653268 26915.7025   68   75 26782.0000 26926.0200  0.54%  53.7  700s
 916248 659307 26845.4736  115   64 26782.0000 26926.0200  0.54%  53.8  705s
 923611 664806 26925.6564   52   65 26782.0000 26926.0200  0.54%  53.8  711s
 930940 670181     cutoff   81      26782.0000 26926.0200  0.54%  53.8  715s
 938558 675848 26900.0211   70   38 26782.0000 26926.0200  0.54%  53.8  720s
 946386 681243 26809.8634   73   66 26782.0000 26926.0200  0.54%  53.8  725s
 953597 686328 26849.3664   90   52 26782.0000 26926.0200  0.54%  53.8  731s
 959235 690641 26881.4657   73   78 26782.0000 26926.0200  0.54%  53.9  735s
 967639 697040 26858.5271  109   58 26782.0000 26926.0200  0.54%  53.9  740s
 970191 698921 26922.5317   63   73 26782.0000 26926.0200  0.54%  53.9  745s
 975442 702908 26902.8102   78   57 26782.0000 26926.0200  0.54%  53.9  752s
 977444 705695 26924.5308   64   76 26782.0000 26926.0200  0.54%  53.9  755s
 988415 712572 26924.1924   72   79 26782.0000 26926.0200  0.54%  53.9  761s
 996435 718365 26916.2826   71   84 26782.0000 26926.0200  0.54%  53.9  766s
 1002007 722567 26851.8190   80   52 26782.0000 26926.0200  0.54%  53.9  770s
 1007418 726858 26907.5671   75   76 26782.0000 26926.0200  0.54%  53.9  775s
 1014987 731392 26902.0957   73   66 26782.0000 26926.0200  0.54%  54.0  781s
 1019148 735819 26925.2051   67   94 26782.0000 26926.0200  0.54%  54.0  785s
 1021877 736553 26850.8921   97   72 26782.0000 26926.0200  0.54%  54.0  791s
 1026270 741260 26808.1340   90   49 26782.0000 26926.0200  0.54%  54.0  795s
 1034039 747203     cutoff   92      26782.0000 26926.0200  0.54%  54.0  801s
 1037937 749167 26922.9779   67   73 26782.0000 26926.0200  0.54%  54.0  805s
 1044385 754433 26926.0200   67   88 26782.0000 26926.0200  0.54%  54.1  810s
 1050112 758048 26852.2683   92   41 26782.0000 26926.0200  0.54%  54.1  815s
 1051022 758235 26922.9163   67   69 26782.0000 26926.0200  0.54%  54.1  820s
 1058427 764327 26881.0777   94   55 26782.0000 26926.0200  0.54%  54.1  827s
 1061714 767900 26925.7140   54   76 26782.0000 26926.0200  0.54%  54.1  830s
 1068167 771822 26925.4680   76   82 26782.0000 26926.0200  0.54%  54.2  836s
 1074368 777098 infeasible  136      26782.0000 26926.0200  0.54%  54.2  840s
 1082451 783265 26809.3042  138   67 26782.0000 26926.0200  0.54%  54.2  845s
 1089196 788227 26848.7272   93   75 26782.0000 26926.0200  0.54%  54.2  850s
 1096601 793655 26907.2126   71   91 26782.0000 26926.0200  0.54%  54.3  855s
 1103966 799551 26816.0229  117   64 26782.0000 26926.0200  0.54%  54.3  860s
 1111553 804790 26828.5491   68   60 26782.0000 26926.0200  0.54%  54.3  865s
 1117920 809703 26926.0008   50   85 26782.0000 26926.0200  0.54%  54.3  870s
 1125215 815059 26870.3701   82   82 26782.0000 26926.0200  0.54%  54.4  875s
 1132650 820680 26856.9177   97   37 26782.0000 26926.0200  0.54%  54.4  880s
 1140477 825781 26837.9990   82   65 26782.0000 26926.0200  0.54%  54.4  886s
 1145476 830057 26911.4053   78   85 26782.0000 26926.0200  0.54%  54.4  890s
 1150016 833289 26858.2674   68   61 26782.0000 26926.0185  0.54%  54.4  895s
 1157403 838808 26865.4057   54   68 26782.0000 26926.0157  0.54%  54.4  901s
 1162565 844834 26925.8621   73  105 26782.0000 26926.0138  0.54%  54.4  907s
 1169112 846802 26914.0366   80   65 26782.0000 26926.0107  0.54%  54.3  910s
 1170326 848462 26867.3448   89   56 26782.0000 26926.0106  0.54%  54.3  915s
 1176721 852890 26920.1405   79   81 26782.0000 26926.0095  0.54%  54.4  920s
 1183989 858857 26898.2808   74   77 26782.0000 26926.0075  0.54%  54.5  925s
 1193753 865804 26904.9379   78   71 26782.0000 26926.0039  0.54%  54.4  930s
 1198971 869872 26861.3225   99   54 26782.0000 26926.0023  0.54%  54.4  935s
 1206632 874994 26856.6396   85   67 26782.0000 26926.0008  0.54%  54.3  940s
 1212182 878921 26890.5301   76   63 26782.0000 26926.0008  0.54%  54.3  945s
 1217557 882076 26822.3001   89   51 26782.0000 26926.0008  0.54%  54.3  952s
 1217968 890876 26877.8198   89   72 26782.0000 26926.0008  0.54%  54.3  957s
 1231319 893095 26926.0008   73   47 26782.0000 26926.0008  0.54%  54.3  960s
 1235277 895481 26873.1629   85   47 26782.0000 26926.0008  0.54%  54.3  965s
 1243866 902472 26924.9719   64   75 26782.0000 26926.0008  0.54%  54.2  971s
 1249810 906890 26926.0008   59   61 26782.0000 26926.0008  0.54%  54.2  975s
 1258151 912679 26925.4734   60   78 26782.0000 26926.0008  0.54%  54.2  980s
 1267195 919325 26823.1787   84   52 26782.0000 26926.0008  0.54%  54.2  985s
H1271155 260744                    26909.000000 26926.0008  0.06%  54.2  989s

Cutting planes:
  Gomory: 26
  Cover: 44
  Clique: 1
  MIR: 53
  StrongCG: 52
  Flow cover: 11
  Inf proof: 8
  Zero half: 10
  RLT: 7

Explored 1272115 nodes (68894645 simplex iterations) in 989.93 seconds
Thread count was 12 (of 12 available processors)

Solution count 10: 26909 26782 26667 ... 26168

Optimal solution found (tolerance 1.00e-12)
Best objective 2.690900000000e+04, best bound 2.690900000000e+04, gap 0.0000%
