
Gurobi 9.1.2 (win64, Java) logging started Sat Nov 13 15:08:24 2021

Academic license - for non-commercial use only - expires 2022-10-30
Gurobi Optimizer version 9.1.2 build v9.1.2rc0 (win64)
Thread count: 6 physical cores, 12 logical processors, using up to 12 threads
Optimize a model with 50 rows, 400 columns and 800 nonzeros
Model fingerprint: 0xf2fbb5f5
Variable types: 0 continuous, 400 integer (400 binary)
Coefficient statistics:
  Matrix range     [1e+00, 1e+03]
  Objective range  [4e+02, 1e+03]
  Bounds range     [1e+00, 1e+00]
  RHS range        [1e+00, 2e+03]
Found heuristic solution: objective 18306.000000
Presolve removed 0 rows and 107 columns
Presolve time: 0.00s
Presolved: 50 rows, 293 columns, 586 nonzeros
Variable types: 0 continuous, 293 integer (293 binary)
Presolved: 50 rows, 293 columns, 586 nonzeros


Root relaxation: objective 2.153072e+04, 127 iterations, 0.00 seconds

    Nodes    |    Current Node    |     Objective Bounds      |     Work
 Expl Unexpl |  Obj  Depth IntInf | Incumbent    BestBd   Gap | It/Node Time

     0     0 21530.7190    0   10 18306.0000 21530.7190  17.6%     -    0s
H    0     0                    20729.000000 21530.7190  3.87%     -    0s
H    0     0                    20750.000000 21530.7190  3.76%     -    0s
H    0     0                    21170.000000 21530.7190  1.70%     -    0s
     0     0 21234.0000    0   17 21170.0000 21234.0000  0.30%     -    0s
     0     0 21234.0000    0   15 21170.0000 21234.0000  0.30%     -    0s
     0     0 21234.0000    0   20 21170.0000 21234.0000  0.30%     -    0s
     0     0 21234.0000    0   11 21170.0000 21234.0000  0.30%     -    0s
H    0     0                    21199.000000 21234.0000  0.17%     -    0s
     0     2 21234.0000    0   10 21199.0000 21234.0000  0.17%     -    0s
H  543   455                    21200.000000 21234.0000  0.16%  10.8    0s
H  900   641                    21204.000000 21234.0000  0.14%  11.7    0s
H 1586   950                    21210.000000 21234.0000  0.11%  12.6    1s
H 1589   904                    21211.000000 21234.0000  0.11%  12.5    1s
H 1601   866                    21213.000000 21234.0000  0.10%  12.4    1s
H 1700   874                    21221.000133 21234.0000  0.06%  13.8    3s
H 5280  2252                    21223.000000 21234.0000  0.05%   9.3    3s
 14632  5427     cutoff   85      21223.0000 21234.0000  0.05%  14.3    5s
H14727  5101                    21225.000000 21234.0000  0.04%  14.4    5s
H16321  4837                    21229.000000 21234.0000  0.02%  15.0    6s
H18120  5127                    21231.000000 21234.0000  0.01%  15.7    7s
 32107  8954 21233.0000   86   17 21231.0000 21234.0000  0.01%  12.0   10s
 54541 18070 21234.0000   40   11 21231.0000 21234.0000  0.01%  15.7   15s
 72677 19806 21234.0000   46   11 21231.0000 21234.0000  0.01%  16.7   20s
 79098 22671 21232.7974   85   16 21231.0000 21234.0000  0.01%  16.1   25s
H94061 23180                    21232.000000 21234.0000  0.01%  16.4   29s
 94921 23300 21233.0000   75   31 21232.0000 21234.0000  0.01%  16.5   30s
 108903 24426 21233.0000   70   24 21232.0000 21234.0000  0.01%  17.5   36s
 119752 24876 21234.0000   61   34 21232.0000 21234.0000  0.01%  19.0   40s
 127854 25113 21233.7419   69   43 21232.0000 21234.0000  0.01%  20.3   45s
 138419 27267 21233.0000   65   28 21232.0000 21234.0000  0.01%  22.1   50s
 146719 29497 21233.0000   77   16 21232.0000 21234.0000  0.01%  23.6   55s
 154667 31835     cutoff   58      21232.0000 21234.0000  0.01%  24.9   61s
 161995 33440 21233.0000   78   36 21232.0000 21234.0000  0.01%  25.9   65s
 165159 34165 21234.0000   66   53 21232.0000 21234.0000  0.01%  26.5   70s
 171514 35421     cutoff   66      21232.0000 21234.0000  0.01%  27.7   75s
 178568 36887 21233.0000   76   18 21232.0000 21234.0000  0.01%  29.0   81s
 184968 38187 21233.0000   64   32 21232.0000 21234.0000  0.01%  30.1   86s
 188933 39170     cutoff   71      21232.0000 21234.0000  0.01%  30.7   90s
 195656 41200     cutoff   77      21232.0000 21234.0000  0.01%  31.3   95s
 202264 42758 21233.0000   84   26 21232.0000 21234.0000  0.01%  31.7  100s
 209423 44472 21233.0000   74   29 21232.0000 21234.0000  0.01%  31.9  106s
 211729 45888 21233.0000   81   19 21232.0000 21234.0000  0.01%  32.2  110s
 221681 48896 21233.0000   85   30 21232.0000 21234.0000  0.01%  32.1  115s
 230791 52265 21233.0000   84   21 21232.0000 21234.0000  0.01%  31.9  121s
 237351 54308 21233.9104   75   20 21232.0000 21234.0000  0.01%  31.7  125s
 249130 57957 21233.0000  101   13 21232.0000 21234.0000  0.01%  31.3  130s
 253906 59461 21234.0000   86   18 21232.0000 21234.0000  0.01%  31.2  135s
 262624 62664 21233.0000   94   20 21232.0000 21234.0000  0.01%  31.0  140s
 271521 65510     cutoff   73      21232.0000 21234.0000  0.01%  30.9  145s
 278232 67687     cutoff  105      21232.0000 21234.0000  0.01%  30.8  150s
 285567 70040 21233.0000   98    9 21232.0000 21234.0000  0.01%  30.7  155s
 294575 72798     cutoff   71      21232.0000 21234.0000  0.01%  30.7  160s
 302250 75521 21233.0000   88   25 21232.0000 21234.0000  0.01%  30.7  165s
 311541 78167 21233.6667   65   34 21232.0000 21234.0000  0.01%  30.6  170s
 318367 80855 21233.0000   74   23 21232.0000 21234.0000  0.01%  30.8  175s
 327704 83948     cutoff   75      21232.0000 21234.0000  0.01%  30.8  181s
 332886 85637     cutoff   75      21232.0000 21234.0000  0.01%  30.8  185s
 340377 88095 21234.0000   70   16 21232.0000 21234.0000  0.01%  30.9  190s
 347526 90425 21233.0000   91   17 21232.0000 21234.0000  0.01%  31.0  195s
 352678 92177     cutoff   64      21232.0000 21234.0000  0.01%  31.0  200s
 361296 94745 21234.0000   68   28 21232.0000 21234.0000  0.01%  31.1  205s
 368547 97195     cutoff   69      21232.0000 21234.0000  0.01%  31.2  210s
 374971 99011 21233.0000   86   21 21232.0000 21234.0000  0.01%  31.5  215s
 381311 100841 21233.0000   79   23 21232.0000 21234.0000  0.01%  31.6  220s
 388976 103007 21233.0000   91   36 21232.0000 21234.0000  0.01%  31.9  225s
 395787 105381     cutoff   74      21232.0000 21234.0000  0.01%  32.1  230s
 401866 107421 21233.0000   82   29 21232.0000 21234.0000  0.01%  32.2  235s
 410545 109976     cutoff   72      21232.0000 21234.0000  0.01%  32.4  240s
 415076 111080     cutoff   52      21232.0000 21234.0000  0.01%  32.5  245s
 420067 112173 21233.0000   72   30 21232.0000 21234.0000  0.01%  32.7  250s
 426824 113904 21233.0000   61   35 21232.0000 21234.0000  0.01%  33.0  255s
 435058 116646 21233.0000   68   25 21232.0000 21234.0000  0.01%  33.2  261s
 438722 117799 21233.0000   73   26 21232.0000 21234.0000  0.01%  33.3  267s
 442505 118666     cutoff   56      21232.0000 21234.0000  0.01%  33.3  270s
 449422 120862     cutoff   76      21232.0000 21234.0000  0.01%  33.5  275s
 457265 123468 21233.0000   87   20 21232.0000 21234.0000  0.01%  33.6  280s
 464602 125798     cutoff   78      21232.0000 21234.0000  0.01%  33.7  285s
 470298 127969     cutoff   83      21232.0000 21234.0000  0.01%  33.8  290s
 477607 130425 21234.0000   66   26 21232.0000 21234.0000  0.01%  33.8  295s
 486394 133460     cutoff   81      21232.0000 21234.0000  0.01%  33.9  301s
 490382 134918 21233.0000   71   32 21232.0000 21234.0000  0.01%  34.0  306s
 498185 137377 21233.9737   71   44 21232.0000 21234.0000  0.01%  34.0  310s
 505397 140003     cutoff   84      21232.0000 21234.0000  0.01%  34.0  315s
 514775 142728 21233.0000   73   13 21232.0000 21234.0000  0.01%  34.2  320s
 518148 144491 21233.0000   63   26 21232.0000 21234.0000  0.01%  34.2  326s
 521948 145649 21233.0000   73   15 21232.0000 21234.0000  0.01%  34.3  330s
 530606 148752 21233.0000   77   28 21232.0000 21234.0000  0.01%  34.4  335s
 538242 151172 21233.0000   84   13 21232.0000 21234.0000  0.01%  34.4  340s
 545201 153597     cutoff   66      21232.0000 21234.0000  0.01%  34.5  345s
 554694 156607     cutoff   90      21232.0000 21234.0000  0.01%  34.5  351s
 561486 158953     cutoff   61      21232.0000 21234.0000  0.01%  34.6  356s
 569043 161383 21233.0000   86   14 21232.0000 21234.0000  0.01%  34.6  361s
 576376 163759 21233.0000   83   21 21232.0000 21234.0000  0.01%  34.7  367s
 581563 165861 21234.0000   69   20 21232.0000 21234.0000  0.01%  34.7  370s
 590527 168593 21234.0000   64   26 21232.0000 21234.0000  0.01%  34.7  375s
 598921 170754 21233.0000   76   21 21232.0000 21234.0000  0.01%  34.8  381s
 604504 172347 21234.0000   53   55 21232.0000 21234.0000  0.01%  34.9  385s
 612024 174852 21233.0000   78   24 21232.0000 21234.0000  0.01%  34.9  390s
 619083 177369 21233.0000   78   30 21232.0000 21234.0000  0.01%  35.0  395s
 624534 179148 21233.0000   72   23 21232.0000 21234.0000  0.01%  35.0  400s
 632527 181487 21233.0000   76   25 21232.0000 21234.0000  0.01%  35.1  405s
 639571 183014     cutoff   62      21232.0000 21234.0000  0.01%  35.2  410s
 643571 183232 21233.3662   70   22 21232.0000 21234.0000  0.01%  35.4  416s
 648107 183661 21233.4255   67   22 21232.0000 21234.0000  0.01%  35.6  420s
 654634 184501     cutoff   68      21232.0000 21234.0000  0.01%  35.8  427s
 658008 184961 21233.0000   73   19 21232.0000 21234.0000  0.01%  35.9  431s
 664112 185642     cutoff   64      21232.0000 21234.0000  0.01%  36.1  438s
 667969 186254 21233.1491   74   26 21232.0000 21234.0000  0.01%  36.2  440s
 674997 187458 21234.0000   63   25 21232.0000 21234.0000  0.01%  36.3  446s
 678314 187773 21233.0000   74   22 21232.0000 21234.0000  0.01%  36.4  450s
 684882 188732 21233.0000   78   11 21232.0000 21234.0000  0.01%  36.6  456s
 690710 190029 21233.0000   65   23 21232.0000 21234.0000  0.01%  36.7  460s
 694398 190920     cutoff   77      21232.0000 21234.0000  0.01%  36.7  466s
 698885 192430 21234.0000   78   23 21232.0000 21234.0000  0.01%  36.8  470s
 705154 194483 21233.5161   67   33 21232.0000 21234.0000  0.01%  36.8  475s
 712358 196420 21233.5000   84   33 21232.0000 21234.0000  0.01%  36.8  480s
 717424 198150 21233.0000   75   29 21232.0000 21234.0000  0.01%  36.9  486s
 723367 199672 21234.0000   80   15 21232.0000 21234.0000  0.01%  37.0  490s
 732295 201611 21233.0000   76   21 21232.0000 21234.0000  0.01%  37.1  495s
 735484 202752 21234.0000   67   27 21232.0000 21234.0000  0.01%  37.1  501s
 741388 204013     cutoff   89      21232.0000 21234.0000  0.01%  37.2  505s
 748222 205450 21234.0000   77   25 21232.0000 21234.0000  0.01%  37.3  511s
 754572 207169 21233.0000   68   18 21232.0000 21234.0000  0.01%  37.4  515s
 763212 208413 21233.9722   88   32 21232.0000 21234.0000  0.01%  37.4  521s
 770090 208966 21234.0000   82   21 21232.0000 21234.0000  0.01%  37.4  525s
 774201 210047 21234.0000   67   50 21232.0000 21234.0000  0.01%  37.5  530s
 779153 211149 21234.0000   72   37 21232.0000 21234.0000  0.01%  37.7  535s
 785157 212622 21234.0000   84   12 21232.0000 21234.0000  0.01%  37.7  540s
 793794 215101     cutoff   98      21232.0000 21234.0000  0.01%  37.7  545s
 801902 217156     cutoff   55      21232.0000 21234.0000  0.01%  37.7  550s
 810074 219330 21233.0000   81   14 21232.0000 21234.0000  0.01%  37.6  555s
 819739 221942     cutoff   79      21232.0000 21234.0000  0.01%  37.5  560s
 826903 224021 21233.0000   86   25 21232.0000 21234.0000  0.01%  37.5  565s
 834198 226039 21233.0000   92   15 21232.0000 21234.0000  0.01%  37.5  571s
 839781 227705 21233.8462   77   39 21232.0000 21234.0000  0.01%  37.4  575s
 847469 229885 21233.0000   72   30 21232.0000 21234.0000  0.01%  37.4  580s
 854388 231932     cutoff   73      21232.0000 21234.0000  0.01%  37.4  585s
 862977 234565 21233.0000   80   26 21232.0000 21234.0000  0.01%  37.4  590s
 870028 236404 21233.0127   80   46 21232.0000 21234.0000  0.01%  37.3  595s
 876759 238581 21233.0000   73   18 21232.0000 21234.0000  0.01%  37.4  600s
 885171 240989     cutoff   68      21232.0000 21234.0000  0.01%  37.4  607s
 890839 242914 21233.0000   82   16 21232.0000 21234.0000  0.01%  37.4  610s
 898065 245586 21233.8744   65   35 21232.0000 21234.0000  0.01%  37.4  615s
 901222 246703 21233.9298   71   36 21232.0000 21234.0000  0.01%  37.4  620s
 906812 248103 21233.0000   89   30 21232.0000 21234.0000  0.01%  37.4  625s
 913870 250325 21233.0000   88   25 21232.0000 21234.0000  0.01%  37.5  630s
 918554 251675 21234.0000   68   31 21232.0000 21234.0000  0.01%  37.6  635s
 924870 253234     cutoff   68      21232.0000 21234.0000  0.01%  37.6  640s
 930601 255117 21233.0000   79   25 21232.0000 21234.0000  0.01%  37.6  645s
 938871 258639 21233.0000   75   31 21232.0000 21234.0000  0.01%  37.6  651s
 946837 261726 21233.0000   69   28 21232.0000 21234.0000  0.01%  37.6  657s
 952345 264089 21234.0000   63   45 21232.0000 21234.0000  0.01%  37.6  660s
 960062 267385 21234.0000   64   31 21232.0000 21234.0000  0.01%  37.6  666s
 965729 269826 21233.0000   74   23 21232.0000 21234.0000  0.01%  37.6  671s
 971416 272522 21233.0000   67   19 21232.0000 21234.0000  0.01%  37.6  675s
 978928 275286 21233.0000   80   27 21232.0000 21234.0000  0.01%  37.6  680s
 986696 278668 21233.0000   79   28 21232.0000 21234.0000  0.01%  37.5  686s
 994308 281692 21233.1786   76   29 21232.0000 21234.0000  0.01%  37.5  690s
 999422 283534 21234.0000   56   47 21232.0000 21234.0000  0.01%  37.5  695s
 1006823 286460 21233.0000   76   16 21232.0000 21234.0000  0.01%  37.5  700s
 1014047 289331 21233.0000   78   21 21232.0000 21234.0000  0.01%  37.5  705s
 1021638 292246 21233.0000  104   23 21232.0000 21234.0000  0.01%  37.5  710s
 1031096 295807 21233.0000   84   34 21232.0000 21234.0000  0.01%  37.5  718s
 1034433 297169 21233.0000   83   21 21232.0000 21234.0000  0.01%  37.5  720s
 1042140 299896 21233.6024   78   37 21232.0000 21234.0000  0.01%  37.5  725s
 1049466 302892 21233.0000   67   18 21232.0000 21234.0000  0.01%  37.5  731s
 1054892 305333     cutoff   72      21232.0000 21234.0000  0.01%  37.5  735s
 1062314 308338 21233.0000   73   11 21232.0000 21234.0000  0.01%  37.5  740s
 1068234 310526 21233.5116   71   36 21232.0000 21234.0000  0.01%  37.5  745s
 1076088 313405     cutoff   69      21232.0000 21234.0000  0.01%  37.5  750s
 1083463 315930 21233.0000   87   19 21232.0000 21234.0000  0.01%  37.5  755s
 1087812 316987 21233.3718   65   18 21232.0000 21234.0000  0.01%  37.5  760s
 1096445 319754 21233.8110   72   32 21232.0000 21234.0000  0.01%  37.6  766s
 1100930 321082 21233.0000   72   25 21232.0000 21234.0000  0.01%  37.6  770s
 1105534 322996 infeasible   60      21232.0000 21234.0000  0.01%  37.6  776s
 1111598 324555 21234.0000   74   17 21232.0000 21234.0000  0.01%  37.6  781s
 1115122 325175 21233.9943   88   32 21232.0000 21234.0000  0.01%  37.6  785s
 1122572 326466 21233.0000   76   24 21232.0000 21234.0000  0.01%  37.6  790s
 1132742 328079 21233.7887   82   20 21232.0000 21234.0000  0.01%  37.7  795s
 1142589 329800     cutoff  102      21232.0000 21234.0000  0.01%  37.7  801s
 1147738 330951 21234.0000   81   17 21232.0000 21234.0000  0.01%  37.7  805s
 1155634 332537 21234.0000   89   10 21232.0000 21234.0000  0.01%  37.7  810s
 1163124 334699 21233.5769   79   19 21232.0000 21234.0000  0.01%  37.7  815s
 1170758 336929 21233.0000   94   19 21232.0000 21234.0000  0.01%  37.8  821s
 1178814 339126 21233.0000   75   23 21232.0000 21234.0000  0.01%  37.8  826s
 1184052 340693     cutoff   81      21232.0000 21234.0000  0.01%  37.8  830s
 1191577 343059 21234.0000   85   12 21232.0000 21234.0000  0.01%  37.8  835s
 1198082 345158 21233.0000   92   22 21232.0000 21234.0000  0.01%  37.9  841s
 1201895 346377 21233.0000   90   23 21232.0000 21234.0000  0.01%  37.9  845s
 1209628 348885 21233.0000   83   25 21232.0000 21234.0000  0.01%  37.9  851s
 1215826 350859     cutoff   84      21232.0000 21234.0000  0.01%  37.9  855s
 1221371 352909 21233.0000   82   22 21232.0000 21234.0000  0.01%  38.0  860s
 1228882 355942 21233.0000   95   10 21232.0000 21234.0000  0.01%  38.0  865s
 1236297 358564 21234.0000   74   25 21232.0000 21234.0000  0.01%  38.1  870s
 1244333 360402 21233.0000   77    4 21232.0000 21234.0000  0.01%  38.2  876s
 1247779 361067 21233.0000   87   34 21232.0000 21234.0000  0.01%  38.2  880s
 1254918 362454 21234.0000   59   44 21232.0000 21234.0000  0.01%  38.4  885s
 1261717 363170     cutoff   92      21232.0000 21234.0000  0.01%  38.6  891s
 1266396 364413 21234.0000   60   40 21232.0000 21234.0000  0.01%  38.8  895s
 1276020 365944 21233.0000   99   12 21232.0000 21234.0000  0.01%  38.9  900s
 1281306 366533 21233.9907   77   30 21232.0000 21234.0000  0.01%  38.9  905s
 1289343 368508 21233.0000   72   29 21232.0000 21234.0000  0.01%  39.1  912s
 1294401 369674 21233.5324   69   45 21232.0000 21234.0000  0.01%  39.1  916s
 1301563 371541     cutoff   70      21232.0000 21234.0000  0.01%  39.1  920s
 1309609 374038     cutoff  100      21232.0000 21234.0000  0.01%  39.2  926s
 1317284 376403 21233.0000   75   23 21232.0000 21234.0000  0.01%  39.2  930s
 1325341 378703 21233.0000   93   25 21232.0000 21234.0000  0.01%  39.2  935s
 1334566 381594 21233.0000   86   17 21232.0000 21234.0000  0.01%  39.2  942s
 1340135 383524 21233.0000   96   17 21232.0000 21234.0000  0.01%  39.2  945s
 1347891 385874     cutoff   76      21232.0000 21234.0000  0.01%  39.2  951s
 1353514 387482 infeasible   95      21232.0000 21234.0000  0.01%  39.2  955s
 1361276 389837     cutoff   87      21232.0000 21234.0000  0.01%  39.3  960s
 1369044 392474 21233.0000   86   28 21232.0000 21234.0000  0.01%  39.3  965s
 1378339 395622     cutoff   88      21232.0000 21234.0000  0.01%  39.3  972s
 1384154 397780 21233.0000   87   23 21232.0000 21234.0000  0.01%  39.3  976s
 1389732 399758     cutoff   91      21232.0000 21234.0000  0.01%  39.3  981s
 1396617 402077 21233.0000   94   18 21232.0000 21234.0000  0.01%  39.3  987s
 1402679 404380 21233.0000   88   13 21232.0000 21234.0000  0.01%  39.3  990s
 1410158 406740 21234.0000   84   18 21232.0000 21234.0000  0.01%  39.3  995s
 1417502 409091 21233.0000   86   21 21232.0000 21234.0000  0.01%  39.4 1000s
 1424922 411627 21233.0000  107    7 21232.0000 21234.0000  0.01%  39.4 1005s
 1434300 414909 21233.0000   98   22 21232.0000 21234.0000  0.01%  39.4 1010s
 1442039 417446 21233.0000   88   19 21232.0000 21234.0000  0.01%  39.4 1016s
 1449176 420093 21233.0000  119   12 21232.0000 21234.0000  0.01%  39.4 1020s
 1455128 422074     cutoff   88      21232.0000 21234.0000  0.01%  39.5 1026s
 1460884 423906 21234.0000   74   45 21232.0000 21234.0000  0.01%  39.5 1030s
 1467712 426254 21234.0000   68   25 21232.0000 21234.0000  0.01%  39.5 1035s
 1475267 428947 21233.0000   86   16 21232.0000 21234.0000  0.01%  39.5 1040s
 1482768 431810 21233.0000   93   23 21232.0000 21234.0000  0.01%  39.5 1045s
 1490049 434288     cutoff   85      21232.0000 21234.0000  0.01%  39.6 1050s
 1497825 437039 21233.0000   81   22 21232.0000 21234.0000  0.01%  39.6 1055s
 1503465 438861 21233.0000   98   20 21232.0000 21234.0000  0.01%  39.6 1060s
 1510760 441588     cutoff   91      21232.0000 21234.0000  0.01%  39.6 1065s
 1516220 443514 21233.0000   88   12 21232.0000 21234.0000  0.01%  39.7 1070s
 1524103 446473 21233.0000   89   20 21232.0000 21234.0000  0.01%  39.7 1076s
 1529986 448705 21233.0000   77   12 21232.0000 21234.0000  0.01%  39.7 1080s
 1537346 451651 21233.0000   85   21 21232.0000 21234.0000  0.01%  39.7 1086s
 1545529 454913 21233.6437   82   35 21232.0000 21234.0000  0.01%  39.7 1091s
 1553295 457355     cutoff   87      21232.0000 21234.0000  0.01%  39.7 1095s
 1558261 459206 21233.0000   92    8 21232.0000 21234.0000  0.01%  39.7 1100s
 1567489 463058 21233.0000   70   24 21232.0000 21234.0000  0.01%  39.8 1105s
 1573069 465350 21233.0000   88   28 21232.0000 21234.0000  0.01%  39.8 1110s
 1582720 469032     cutoff   89      21232.0000 21234.0000  0.01%  39.8 1115s
 1588158 471018 21233.0000   97   22 21232.0000 21234.0000  0.01%  39.8 1120s
 1596372 474240 21233.0000   86   25 21232.0000 21234.0000  0.01%  39.9 1125s
 1604289 477278     cutoff   83      21232.0000 21234.0000  0.01%  39.9 1131s
 1609771 479477     cutoff   93      21232.0000 21234.0000  0.01%  39.9 1135s
 1617912 482785 21233.8668   74   36 21232.0000 21234.0000  0.01%  39.9 1140s
 1625722 485916 21233.0000   76   25 21232.0000 21234.0000  0.01%  39.9 1145s
 1633206 488799     cutoff   83      21232.0000 21234.0000  0.01%  40.0 1151s
 1640479 491493 21233.0000   85   26 21232.0000 21234.0000  0.01%  40.0 1156s
 1646173 493683 21233.0000   84   20 21232.0000 21234.0000  0.01%  40.0 1161s
 1653769 496534     cutoff   90      21232.0000 21234.0000  0.01%  40.0 1166s
 1657606 497917 21233.0000   64   32 21232.0000 21234.0000  0.01%  40.0 1170s
 1666949 501333     cutoff   62      21232.0000 21234.0000  0.01%  40.1 1176s
 1670718 502608 21233.0000   91   22 21232.0000 21234.0000  0.01%  40.1 1180s
 1677359 504709 21234.0000   79   42 21232.0000 21234.0000  0.01%  40.2 1185s
 1684698 507291 21233.0000   66   28 21232.0000 21234.0000  0.01%  40.2 1191s
 1690824 509559 21233.0000   86   15 21232.0000 21234.0000  0.01%  40.3 1195s
 1698473 512639 21233.0000   78   23 21232.0000 21234.0000  0.01%  40.3 1200s
 1706310 515296     cutoff  101      21232.0000 21234.0000  0.01%  40.3 1205s
 1709522 516256 21234.0000   84   25 21232.0000 21234.0000  0.01%  40.4 1210s
 1718875 520265 21233.0445   73   25 21232.0000 21234.0000  0.01%  40.4 1215s
 1724230 522564 21233.9062   78   32 21232.0000 21234.0000  0.01%  40.4 1220s
 1727979 523715     cutoff   81      21232.0000 21234.0000  0.01%  40.4 1225s
 1735784 526858 21233.0000   88   24 21232.0000 21234.0000  0.01%  40.4 1230s
 1744105 529687 21233.8400   78   30 21232.0000 21234.0000  0.01%  40.4 1235s
 1750063 532031 21233.0000   72   22 21232.0000 21234.0000  0.01%  40.4 1240s
 1755327 534609     cutoff   96      21232.0000 21234.0000  0.01%  40.4 1245s
 1762277 537283 21233.0000   88   19 21232.0000 21234.0000  0.01%  40.4 1251s
 1767816 539414 21233.0000  100    8 21232.0000 21234.0000  0.01%  40.4 1255s
 1773598 541598     cutoff  104      21232.0000 21234.0000  0.01%  40.4 1260s
 1779739 544085 21233.0000   78   23 21232.0000 21234.0000  0.01%  40.5 1265s
 1789841 548214 21233.0000   78   28 21232.0000 21234.0000  0.01%  40.4 1271s
 1794483 550217     cutoff  103      21232.0000 21234.0000  0.01%  40.5 1275s
 1800943 552935     cutoff  100      21232.0000 21234.0000  0.01%  40.5 1281s
 1808757 555659 21234.0000   84   35 21232.0000 21234.0000  0.01%  40.5 1286s
 1812767 557531 21233.0000  112   14 21232.0000 21234.0000  0.01%  40.5 1290s
 1819579 560089 21233.0000   80   29 21232.0000 21234.0000  0.01%  40.5 1295s
 1828504 564091 21233.0000   97   22 21232.0000 21234.0000  0.01%  40.5 1300s
 1834898 566558 21233.0000   87   19 21232.0000 21234.0000  0.01%  40.5 1306s
 1840263 568864 21233.0000   86   21 21232.0000 21234.0000  0.01%  40.5 1310s
 1848351 572052     cutoff   77      21232.0000 21234.0000  0.01%  40.6 1315s
 1853826 574270 21234.0000   77   27 21232.0000 21234.0000  0.01%  40.6 1320s
 1861763 576938 21233.0000   67   22 21232.0000 21234.0000  0.01%  40.6 1325s
 1867711 578983 21233.0000   72   21 21232.0000 21234.0000  0.01%  40.6 1330s
 1875093 581369     cutoff   68      21232.0000 21234.0000  0.01%  40.6 1335s
 1882418 583729     cutoff   69      21232.0000 21234.0000  0.01%  40.6 1340s
 1889472 585948     cutoff   89      21232.0000 21234.0000  0.01%  40.6 1346s
 1895082 587208 21234.0000   72   18 21232.0000 21234.0000  0.01%  40.7 1350s
 1902580 589402 21233.0000   75   28 21232.0000 21234.0000  0.01%  40.7 1355s
 1907960 591115 21233.0000   80   32 21232.0000 21234.0000  0.01%  40.7 1360s
 1915917 593788 21233.0000   84   30 21232.0000 21234.0000  0.01%  40.7 1365s
 1923860 596542     cutoff   86      21232.0000 21234.0000  0.01%  40.7 1370s
 1929378 598222 21233.0000   97   29 21232.0000 21234.0000  0.01%  40.7 1375s
 1937196 600473 21233.0000   80   26 21232.0000 21234.0000  0.01%  40.7 1380s
 1944804 602536 21234.0000   67   22 21232.0000 21234.0000  0.01%  40.8 1385s
 1952795 605258 21233.0000   80   26 21232.0000 21234.0000  0.01%  40.8 1390s
 1957897 606896 21233.6220   79   33 21232.0000 21234.0000  0.01%  40.8 1395s
 1965137 609653     cutoff   90      21232.0000 21234.0000  0.01%  40.8 1400s
 1970786 611659 21233.0000   91   24 21232.0000 21234.0000  0.01%  40.8 1405s
 1978085 614173     cutoff   76      21232.0000 21234.0000  0.01%  40.9 1410s
 1981839 615600     cutoff   89      21232.0000 21234.0000  0.01%  40.9 1415s
 1989791 618370 21233.0000   79   20 21232.0000 21234.0000  0.01%  40.9 1420s
 1997044 620864     cutoff   86      21232.0000 21234.0000  0.01%  40.9 1426s
 2005172 623689     cutoff   84      21232.0000 21234.0000  0.01%  40.9 1431s
 2011123 625997     cutoff   80      21232.0000 21234.0000  0.01%  40.9 1435s
 2018677 628847 21233.0000   77   19 21232.0000 21234.0000  0.01%  41.0 1440s
 2024983 631263 21233.0000   77   24 21232.0000 21234.0000  0.01%  41.0 1445s
 2032155 634207     cutoff   89      21232.0000 21234.0000  0.01%  41.0 1450s
 2039510 637187 21233.0000   90   20 21232.0000 21234.0000  0.01%  41.0 1455s
 2045335 639221 infeasible  105      21232.0000 21234.0000  0.01%  41.0 1460s
 2051284 640251 21233.0000   78   11 21232.0000 21234.0000  0.01%  41.0 1467s
 2053699 640239     cutoff   58      21232.0000 21234.0000  0.01%  41.1 1470s
 2059741 640430 21233.0000   76   38 21232.0000 21234.0000  0.01%  41.2 1476s
 2064284 640945 21234.0000   67   25 21232.0000 21234.0000  0.01%  41.2 1480s
 2069666 641711     cutoff   86      21232.0000 21234.0000  0.01%  41.3 1486s
 2078257 642903 21234.0000   85   29 21232.0000 21234.0000  0.01%  41.3 1491s
 2084032 643748 21233.0000   74   18 21232.0000 21234.0000  0.01%  41.3 1495s
 2091559 644795 21233.9938   77   38 21232.0000 21234.0000  0.01%  41.3 1501s
 2097602 645705     cutoff   80      21232.0000 21234.0000  0.01%  41.3 1508s
 2101655 646401 21233.0000   70   25 21232.0000 21234.0000  0.01%  41.3 1510s
 2108545 647486 21234.0000   78   16 21232.0000 21234.0000  0.01%  41.4 1515s
 2113767 648196 21234.0000   72   20 21232.0000 21234.0000  0.01%  41.4 1522s
 2117610 648674 21233.2163   69   27 21232.0000 21234.0000  0.01%  41.4 1525s
 2124366 649682     cutoff   85      21232.0000 21234.0000  0.01%  41.4 1530s
 2129957 650287 21233.0000   90   29 21232.0000 21234.0000  0.01%  41.4 1536s
 2136143 651367 21234.0000   66   17 21232.0000 21234.0000  0.01%  41.5 1541s
 2142717 651964     cutoff   69      21232.0000 21234.0000  0.01%  41.5 1545s
 2148053 652367     cutoff   67      21232.0000 21234.0000  0.01%  41.5 1550s
 2151718 652765 21233.7292   84   28 21232.0000 21234.0000  0.01%  41.5 1555s
 2159188 653453     cutoff   78      21232.0000 21234.0000  0.01%  41.6 1561s
 2162896 653707 21234.0000   73   26 21232.0000 21234.0000  0.01%  41.6 1566s
 2168009 654285 21233.0000  105   22 21232.0000 21234.0000  0.01%  41.6 1571s
 2172411 654711     cutoff   62      21232.0000 21234.0000  0.01%  41.7 1575s
 2181095 655349 21233.7534   68   30 21232.0000 21234.0000  0.01%  41.7 1580s
 2184277 655567 21233.5652   74   33 21232.0000 21234.0000  0.01%  41.7 1585s
 2191283 656199     cutoff   79      21232.0000 21234.0000  0.01%  41.8 1591s
 2196688 656701 21234.0000   71    8 21232.0000 21234.0000  0.01%  41.8 1596s
 2201979 657275 21234.0000   70   22 21232.0000 21234.0000  0.01%  41.9 1600s
 2207121 657672 21234.0000   59   32 21232.0000 21234.0000  0.01%  41.9 1606s
 2212949 658149 21234.0000   72   30 21232.0000 21234.0000  0.01%  41.9 1611s
 2216957 658446     cutoff   81      21232.0000 21234.0000  0.01%  42.0 1615s
 2222454 658653     cutoff   70      21232.0000 21234.0000  0.01%  42.0 1620s
 2227915 659088     cutoff   66      21232.0000 21234.0000  0.01%  42.1 1625s
 2233828 659737 21234.0000   70   22 21232.0000 21234.0000  0.01%  42.1 1632s
 2237968 660497     cutoff   87      21232.0000 21234.0000  0.01%  42.1 1636s
 2243894 661368     cutoff   58      21232.0000 21234.0000  0.01%  42.2 1641s
 2249300 661909     cutoff   65      21232.0000 21234.0000  0.01%  42.2 1645s
 2255041 662329 21234.0000   69   27 21232.0000 21234.0000  0.01%  42.2 1650s
 2262309 662599 21234.0000   90   28 21232.0000 21234.0000  0.01%  42.3 1656s
 2265759 663034 21234.0000   81   19 21232.0000 21234.0000  0.01%  42.3 1661s
 2272679 663506 21233.0000   77   13 21232.0000 21234.0000  0.01%  42.3 1666s
 2279438 663667     cutoff   79      21232.0000 21234.0000  0.01%  42.4 1671s
 2284821 663771     cutoff   78      21232.0000 21234.0000  0.01%  42.4 1676s
 2290702 664287     cutoff   73      21232.0000 21234.0000  0.01%  42.4 1682s
 2296889 664466     cutoff   55      21232.0000 21234.0000  0.01%  42.4 1687s
 2299934 664659 21233.3333   83   26 21232.0000 21234.0000  0.01%  42.5 1690s
 2304099 665429 21233.0000   78   24 21232.0000 21234.0000  0.01%  42.5 1695s
 2312915 666073 21234.0000   69   24 21232.0000 21234.0000  0.01%  42.5 1700s
 2316296 666303 21234.0000   75   27 21232.0000 21234.0000  0.01%  42.6 1706s
 2322479 667030 21234.0000   78   28 21232.0000 21234.0000  0.01%  42.6 1711s
 2327942 667473 21234.0000   88   25 21232.0000 21234.0000  0.01%  42.6 1715s
 2334559 668123 21233.2394   79   49 21232.0000 21234.0000  0.01%  42.6 1722s
 2337901 668491 21234.0000   67   17 21232.0000 21234.0000  0.01%  42.7 1725s
 2344575 668707     cutoff   83      21232.0000 21234.0000  0.01%  42.7 1730s
 2350411 668973 21234.0000   77    6 21232.0000 21234.0000  0.01%  42.7 1735s
 2358397 669394 21234.0000   93    7 21232.0000 21234.0000  0.01%  42.7 1741s
 2362349 669593 21234.0000   90   15 21232.0000 21234.0000  0.01%  42.7 1747s
 2366367 669724 21234.0000   72   18 21232.0000 21234.0000  0.01%  42.8 1751s
 2372118 670913 21233.0000   98   17 21232.0000 21234.0000  0.01%  42.8 1756s
 2380159 672313 21233.0000   91   18 21232.0000 21234.0000  0.01%  42.7 1761s
 2386077 673704 21233.8471   61   45 21232.0000 21234.0000  0.01%  42.8 1766s
 2391767 675933 21233.0000   76   19 21232.0000 21234.0000  0.01%  42.8 1770s
 2397518 678062 21234.0000   84   11 21232.0000 21234.0000  0.01%  42.8 1775s
 2404824 680204 21233.0000   87   18 21232.0000 21234.0000  0.01%  42.8 1780s
 2412981 681226 21234.0000   72   24 21232.0000 21234.0000  0.01%  42.8 1787s
 2417317 681796 21234.0000   83   32 21232.0000 21234.0000  0.01%  42.8 1791s
 2426274 684122 21233.0000   84   31 21232.0000 21234.0000  0.01%  42.8 1796s
 2432369 686088     cutoff   72      21232.0000 21234.0000  0.01%  42.8 1800s
 2439929 687914 21233.0000   78   13 21232.0000 21234.0000  0.01%  42.8 1806s
 2443144 689017 21233.0000   97   25 21232.0000 21234.0000  0.01%  42.8 1810s
 2452471 691944 21233.0000  106   27 21232.0000 21234.0000  0.01%  42.9 1815s
 2459459 694231 21233.0000   97   19 21232.0000 21234.0000  0.01%  42.9 1821s
 2463123 695707 21234.0000   79   26 21232.0000 21234.0000  0.01%  42.9 1825s
 2471028 698209 21233.0000   93   26 21232.0000 21234.0000  0.01%  42.9 1830s
 2478457 700461 21233.0000   84   27 21232.0000 21234.0000  0.01%  42.9 1836s
 2485666 702759 21233.0000   89   33 21232.0000 21234.0000  0.01%  42.9 1842s
 2491068 704787 21233.0000   84   17 21232.0000 21234.0000  0.01%  42.9 1845s
 2496544 706735 21233.0000   77   12 21232.0000 21234.0000  0.01%  42.9 1851s
 2504104 709293 21233.9315   65   42 21232.0000 21234.0000  0.01%  42.9 1855s
 2512336 712087 21233.0000   95   37 21232.0000 21234.0000  0.01%  42.9 1860s
 2519058 714400 21234.0000   77   22 21232.0000 21234.0000  0.01%  42.9 1866s
 2524652 716402 21233.0000   85   23 21232.0000 21234.0000  0.01%  42.9 1870s
*2528973 10755              98    21233.000000 21234.0000  0.00%  42.9 1872s
 2530597 10246 21234.0000   67    8 21233.0000 21234.0000  0.00%  42.9 1875s
 2542112  7796 infeasible  115      21233.0000 21234.0000  0.00%  42.8 1880s
 2555451  3237 21234.0000  113   19 21233.0000 21234.0000  0.00%  42.7 1885s
 2561967  1512 infeasible   95      21233.0000 21234.0000  0.00%  42.7 1890s
 2571590  1813 infeasible   93      21233.0000 21234.0000  0.00%  42.7 1895s
 2579841  1998 infeasible   75      21233.0000 21234.0000  0.00%  42.7 1900s
*2587041   598              92    21234.000000 21234.0000  0.00%  42.7 1904s

Cutting planes:
  Gomory: 22
  Cover: 821
  Clique: 1
  MIR: 38
  StrongCG: 13
  Flow cover: 16
  Inf proof: 6
  Zero half: 9
  RLT: 3

Explored 2587870 nodes (110605693 simplex iterations) in 1904.78 seconds
Thread count was 12 (of 12 available processors)

Solution count 10: 21234 21233 21232 ... 21211

Optimal solution found (tolerance 1.00e-12)
Best objective 2.123400000000e+04, best bound 2.123400000000e+04, gap 0.0000%
