
Gurobi 9.1.2 (win64, Java) logging started Fri Nov 12 03:53:31 2021

Academic license - for non-commercial use only - expires 2022-10-30
Gurobi Optimizer version 9.1.2 build v9.1.2rc0 (win64)
Thread count: 6 physical cores, 12 logical processors, using up to 12 threads
Optimize a model with 70 rows, 600 columns and 1200 nonzeros
Model fingerprint: 0xc2509c82
Variable types: 0 continuous, 600 integer (600 binary)
Coefficient statistics:
  Matrix range     [1e+00, 1e+03]
  Objective range  [7e+01, 9e+02]
  Bounds range     [1e+00, 1e+00]
  RHS range        [1e+00, 3e+03]
Found heuristic solution: objective 16708.000000
Presolve removed 0 rows and 42 columns
Presolve time: 0.01s
Presolved: 70 rows, 558 columns, 1116 nonzeros
Variable types: 0 continuous, 558 integer (558 binary)
Presolved: 70 rows, 558 columns, 1116 nonzeros


Root relaxation: objective 1.859466e+04, 197 iterations, 0.00 seconds

    Nodes    |    Current Node    |     Objective Bounds      |     Work
 Expl Unexpl |  Obj  Depth IntInf | Incumbent    BestBd   Gap | It/Node Time

     0     0 18594.6565    0   14 16708.0000 18594.6565  11.3%     -    0s
H    0     0                    17837.000000 18594.6565  4.25%     -    0s
H    0     0                    18292.000024 18594.6565  1.65%     -    0s
     0     0 18572.5200    0   27 18292.0000 18572.5200  1.53%     -    0s
     0     0 18572.5200    0   26 18292.0000 18572.5200  1.53%     -    0s
     0     0 18563.3362    0   28 18292.0000 18563.3362  1.48%     -    0s
     0     0 18563.3362    0   28 18292.0000 18563.3362  1.48%     -    0s
     0     0 18563.3362    0   34 18292.0000 18563.3362  1.48%     -    1s
     0     0 18563.3362    0   22 18292.0000 18563.3362  1.48%     -    1s
     0     2 18563.3362    0   15 18292.0000 18563.3362  1.48%     -    1s
H   34    41                    18308.000000 18562.6526  1.39%  15.6    2s
H   69    83                    18363.000000 18562.6526  1.09%   9.3    4s
H   78    83                    18385.000000 18562.6526  0.97%   8.8    4s
   154   221 18561.6918   28   22 18385.0000 18562.6526  0.97%   6.1    5s
H 2601  2255                    18447.000000 18547.9299  0.55%   4.2    7s
H 2606  2146                    18458.000000 18547.9299  0.49%   4.2    7s
  2634  2166 18533.5565   60   21 18458.0000 18544.5157  0.47%   4.8   10s
  7087  5175 18472.5334  122   15 18458.0000 18544.2692  0.47%   4.9   15s
H 8098  2630                    18523.000000 18544.2692  0.11%   4.7   17s
 18299  9166 18533.1955   47   19 18523.0000 18544.2692  0.11%   4.3   20s
 21801 10421 18542.3109  109   17 18523.0000 18544.2692  0.11%   4.2   25s
 50718 21658 18540.7997   98   23 18523.0000 18544.2692  0.11%   4.4   30s
 55626 25025 18532.4865   83   36 18523.0000 18541.8848  0.10%   4.4   35s
 55753 25043 18534.7687   59   18 18523.0000 18541.5977  0.10%   4.5   40s
 84290 37082 18528.8759  135   17 18523.0000 18541.5977  0.10%   4.4   45s
 93372 40386 18530.2580  129   35 18523.0000 18530.2580  0.04%   4.4   50s
 93403 40408 18530.2580  108   35 18523.0000 18530.2580  0.04%   4.5   55s
 102060 44103 18529.0379  122   21 18523.0000 18529.8097  0.04%   4.6   60s
 140292 54522 18529.5347  147   23 18523.0000 18529.6144  0.04%   5.1   65s
 149377 55943 18528.4724  140   34 18523.0000 18529.6144  0.04%   5.5   70s
 170539 64047 18529.0000  178   15 18523.0000 18529.6144  0.04%   5.4   75s
 206280 75577 18529.6144  168   22 18523.0000 18529.6144  0.04%   5.4   80s
 217331 77977 18526.6417  181   26 18523.0000 18529.6144  0.04%   5.6   85s
 243422 83903     cutoff  178      18523.0000 18529.6144  0.04%   6.3   90s
 268323 91306 18524.3774  176   37 18523.0000 18529.6144  0.04%   7.1   95s
 289046 96854 18525.9235  229   30 18523.0000 18529.6144  0.04%   7.9  100s
 306919 100927 18527.7517  192   27 18523.0000 18529.6144  0.04%   8.6  105s
 321533 105118 18529.5326  132   48 18523.0000 18529.6144  0.04%   9.3  110s
 330082 108849 18529.0273  194   21 18523.0000 18529.6144  0.04%   9.8  118s
 333995 111819 18527.4078  177   36 18523.0000 18529.6144  0.04%   9.9  120s
 346046 118298 18527.6421  177   25 18523.0000 18529.6144  0.04%  10.5  125s
 356030 123596 18525.9289  156   36 18523.0000 18529.6144  0.04%  11.0  130s
 367165 129670 18529.0273  192   38 18523.0000 18529.6144  0.04%  11.6  135s
 376995 134907 18527.6421  162   36 18523.0000 18529.6144  0.04%  12.1  140s
 381968 138194 18529.6144  165   27 18523.0000 18529.6144  0.04%  12.4  145s
 393344 144185     cutoff  195      18523.0000 18529.6144  0.04%  12.8  150s
 400833 148314 18525.3424  158   26 18523.0000 18529.6144  0.04%  13.1  155s
 408625 152688 18529.0273  178   14 18523.0000 18529.6144  0.04%  13.4  160s
 418002 158272 18529.6144  147   37 18523.0000 18529.6144  0.04%  13.7  165s
 429377 163788 18524.4816  193   35 18523.0000 18529.6144  0.04%  14.1  170s
 439247 170093 18529.6144  158   29 18523.0000 18529.6144  0.04%  14.4  175s
 451129 177020     cutoff  150      18523.0000 18529.6144  0.04%  14.7  180s
 464045 184466 18527.8776  154   36 18523.0000 18529.6144  0.04%  15.1  185s
 475708 190549 18524.3726  173   52 18523.0000 18529.6144  0.04%  15.4  190s
 485929 196085     cutoff  194      18523.0000 18529.6144  0.04%  15.6  195s
 498850 203441 18529.0273  183   31 18523.0000 18529.6144  0.04%  15.9  200s
 509747 209428 18527.9333  158   52 18523.0000 18529.6144  0.04%  16.1  205s
 521717 215997 18528.6769  203   27 18523.0000 18529.6144  0.04%  16.3  210s
 536251 224196 18529.4212  193   37 18523.0000 18529.6144  0.04%  16.5  215s
 550410 232342 18529.6144  167   43 18523.0000 18529.6144  0.04%  16.7  220s
 562360 238444     cutoff  194      18523.0000 18529.6144  0.04%  16.8  225s
 574216 244715 18529.6116  187   60 18523.0000 18529.6144  0.04%  17.0  230s
 587045 251433 18529.0273  199   17 18523.0000 18529.6144  0.04%  17.1  235s
 597418 257389 18529.6144  145   40 18523.0000 18529.6144  0.04%  17.3  240s
 608754 263087     cutoff  180      18523.0000 18529.6144  0.04%  17.4  245s
 618081 267622 18529.4277  159   27 18523.0000 18529.6144  0.04%  17.4  250s
 629574 273628 18529.3722  163   35 18523.0000 18529.6144  0.04%  17.5  255s
 635435 276768     cutoff  176      18523.0000 18529.6144  0.04%  17.5  260s
 646544 280998     cutoff  183      18523.0000 18529.6144  0.04%  17.4  265s
 657441 285937 18529.6114  181   40 18523.0000 18529.6144  0.04%  17.4  270s
 669502 291525 18529.2877  191   28 18523.0000 18529.6144  0.04%  17.4  275s
 681501 296632     cutoff  207      18523.0000 18529.6144  0.04%  17.4  280s
 689221 300225 18529.0454  173   43 18523.0000 18529.6144  0.04%  17.5  285s
 697872 303757 18528.0457  178   30 18523.0000 18529.6144  0.04%  17.5  291s
 704696 307889 18528.2458  180   34 18523.0000 18529.6144  0.04%  17.5  295s
 712115 310468 18529.6144  173   25 18523.0000 18529.6144  0.04%  17.5  300s
 723502 314241 18528.8447  158   31 18523.0000 18529.6144  0.04%  17.4  305s
 736721 318973 18529.5173  170   34 18523.0000 18529.6144  0.04%  17.4  310s
 745859 322190     cutoff  201      18523.0000 18529.6144  0.04%  17.4  315s
 758630 326475     cutoff  195      18523.0000 18529.6144  0.04%  17.3  320s
 768489 329328 18529.0324  192   23 18523.0000 18529.6144  0.04%  17.3  325s
 777252 331777     cutoff  197      18523.0000 18529.6144  0.04%  17.3  330s
 787389 334951 18528.9261  175   21 18523.0000 18529.6144  0.04%  17.3  335s
 798118 338508     cutoff  205      18523.0000 18529.6144  0.04%  17.3  340s
 808966 342038     cutoff  160      18523.0000 18529.6144  0.04%  17.3  345s
 821518 345777     cutoff  177      18523.0000 18529.6144  0.04%  17.3  350s
 831575 348947 18524.9736  200   27 18523.0000 18529.6144  0.04%  17.3  355s
 840275 351572     cutoff  174      18523.0000 18529.6144  0.04%  17.3  360s
 849181 354495 18528.3027  192   21 18523.0000 18529.6144  0.04%  17.3  365s
 862626 358315 18525.2047  179   32 18523.0000 18529.6144  0.04%  17.3  371s
 871600 361062 18529.6144  168   62 18523.0000 18529.6144  0.04%  17.3  375s
 876516 363394     cutoff  169      18523.0000 18529.6144  0.04%  17.3  380s
 890130 367315 18529.3344  188   35 18523.0000 18529.6144  0.04%  17.3  385s
 899203 371130 18525.5812  183   22 18523.0000 18529.6144  0.04%  17.3  390s
 910314 374588 18528.9444  167   36 18523.0000 18529.6144  0.04%  17.3  395s
 925603 379074 18528.9855  189   35 18523.0000 18529.6144  0.04%  17.2  400s
 938288 383134     cutoff  173      18523.0000 18529.6144  0.04%  17.2  405s
 949031 386632     cutoff  192      18523.0000 18529.6144  0.04%  17.2  411s
 960877 390441 18529.0001  179   29 18523.0000 18529.6144  0.04%  17.2  415s
 971985 394317 18528.7007  167   22 18523.0000 18529.6144  0.04%  17.2  420s
 982492 397187 18529.6144  196   21 18523.0000 18529.6144  0.04%  17.2  427s
 986119 399206     cutoff  179      18523.0000 18529.6144  0.04%  17.2  430s
 998726 403673 18529.0005  205   23 18523.0000 18529.6144  0.04%  17.2  435s
 1012954 409040 18529.0273  183   31 18523.0000 18529.6144  0.04%  17.2  440s
 1023431 413032 18528.3027  206   29 18523.0000 18529.6144  0.04%  17.2  445s
 1036622 418118     cutoff  165      18523.0000 18529.6144  0.04%  17.2  450s
 1049096 422671 18529.0273  205   15 18523.0000 18529.6144  0.04%  17.2  455s
 1064211 428485 18529.4845  191   37 18523.0000 18529.6144  0.04%  17.2  460s
 1078670 433729 18525.1719  161   15 18523.0000 18529.6144  0.04%  17.2  465s
 1090984 437697     cutoff  165      18523.0000 18529.6144  0.04%  17.2  470s
 1105353 442663 18529.6137  191   41 18523.0000 18529.6144  0.04%  17.2  475s
 1119860 447815 18524.0956  152   44 18523.0000 18529.6144  0.04%  17.2  480s
 1132808 452678     cutoff  181      18523.0000 18529.6144  0.04%  17.3  485s
 1145244 457288 18526.1760  200   20 18523.0000 18529.6144  0.04%  17.3  490s
 1157522 462172 18529.3344  173   26 18523.0000 18529.6144  0.04%  17.3  495s
 1170488 467526     cutoff  184      18523.0000 18529.6144  0.04%  17.3  500s
 1181061 471148 18529.6144  162   28 18523.0000 18529.6144  0.04%  17.3  505s
 1197892 476745 18528.9423  188   32 18523.0000 18529.6144  0.04%  17.2  510s
 1212313 481519 18529.2435  194   30 18523.0000 18529.6144  0.04%  17.2  515s
 1222413 485004 18529.5443  185   45 18523.0000 18529.6144  0.04%  17.2  520s
 1236942 489976 18528.4043  173   30 18523.0000 18529.6144  0.04%  17.2  525s
 1253459 495653 18529.5046  163   30 18523.0000 18529.6144  0.04%  17.2  530s
 1266193 499993     cutoff  183      18523.0000 18529.6144  0.04%  17.2  535s
 1281183 504862 18527.6421  166   29 18523.0000 18529.6144  0.04%  17.2  540s
 1292105 508485 18529.0273  164   19 18523.0000 18529.6144  0.04%  17.2  545s
 1306401 512978 18529.0994  196   29 18523.0000 18529.6144  0.04%  17.3  550s
 1318954 517204 18529.6144  165   35 18523.0000 18529.6144  0.04%  17.3  555s
 1331987 521430 18529.6144  155   25 18523.0000 18529.6144  0.04%  17.3  560s
 1341570 524215 18529.6144  175   28 18523.0000 18529.6144  0.04%  17.3  565s
 1354464 526913 18526.5834  168   20 18523.0000 18529.6144  0.04%  17.2  570s
 1367432 530192 18528.4742  160   18 18523.0000 18529.6144  0.04%  17.2  575s
 1378652 533771     cutoff  190      18523.0000 18529.6144  0.04%  17.2  580s
 1390821 538016 18529.6144  171   27 18523.0000 18529.6144  0.04%  17.2  585s
 1401854 542097 18529.6085  180   46 18523.0000 18529.6144  0.04%  17.3  590s
 1409650 544601     cutoff  182      18523.0000 18529.6144  0.04%  17.3  595s
 1420971 548383 18526.6547  192   24 18523.0000 18529.6144  0.04%  17.3  600s
 1429742 551551 18529.6123  179   37 18523.0000 18529.6144  0.04%  17.3  606s
 1440276 555064 18529.2065  197   35 18523.0000 18529.6144  0.04%  17.3  610s
 1450565 558796 18527.6973  185   29 18523.0000 18529.6144  0.04%  17.4  615s
 1457755 561658 18524.4620  177   24 18523.0000 18529.6144  0.04%  17.4  620s
 1469394 565796 18529.5641  185   24 18523.0000 18529.6144  0.04%  17.4  625s
 1483112 570641 18527.8281  157   25 18523.0000 18529.6144  0.04%  17.4  630s
 1495565 574951 18526.0423  183   23 18523.0000 18529.6144  0.04%  17.4  635s
 1504624 577738 18529.6072  181   41 18523.0000 18529.6144  0.04%  17.4  640s
 1515397 581070 18529.2183  188   32 18523.0000 18529.6144  0.04%  17.4  645s
 1527549 584286 18528.8581  156   41 18523.0000 18529.6144  0.04%  17.3  650s
 1538938 588164 18529.0000  179   19 18523.0000 18529.6144  0.04%  17.3  655s
 1554911 593399 18528.0716  168   22 18523.0000 18529.6144  0.04%  17.3  660s
 1567304 597008 18527.5251  211   34 18523.0000 18529.6144  0.04%  17.3  665s
 1578056 600226 18527.6421  164   19 18523.0000 18529.6144  0.04%  17.3  670s
 1590610 603904 18524.7589  173   22 18523.0000 18529.6144  0.04%  17.3  675s
 1600105 606743     cutoff  196      18523.0000 18529.6144  0.04%  17.3  681s
 1610923 610431     cutoff  185      18523.0000 18529.6144  0.04%  17.3  685s
 1622362 613439     cutoff  179      18523.0000 18529.6144  0.04%  17.3  690s
 1631508 616110 18529.0273  177   27 18523.0000 18529.6144  0.04%  17.3  695s
 1640909 619245 18527.6921  166   22 18523.0000 18529.6144  0.04%  17.3  700s
 1653468 623087 18525.4589  174   25 18523.0000 18529.6144  0.04%  17.3  706s
 1659992 624246 18524.4620  169   19 18523.0000 18529.6144  0.04%  17.3  710s
 1666921 626379 18528.1839  174   26 18523.0000 18529.6144  0.04%  17.3  715s
 1677422 628643     cutoff  155      18523.0000 18529.6144  0.04%  17.2  724s
 1677468 629240 18524.6159  159   17 18523.0000 18529.6144  0.04%  17.2  725s
 1690575 632455 18529.6144  157   29 18523.0000 18529.6144  0.04%  17.2  730s
 1701840 635528 18529.6144  164   27 18523.0000 18529.6144  0.04%  17.2  735s
 1711259 637637     cutoff  178      18523.0000 18529.6144  0.04%  17.1  740s
 1722690 639834 18529.6142  165   33 18523.0000 18529.6144  0.04%  17.1  745s
 1734775 643763 18529.0273  163   22 18523.0000 18529.6144  0.04%  17.1  751s
 1745614 646794     cutoff  175      18523.0000 18529.6144  0.04%  17.1  755s
 1757672 650227 18524.6254  167   28 18523.0000 18529.6144  0.04%  17.0  760s
 1771125 653461 18526.4092  177   28 18523.0000 18529.6144  0.04%  17.0  765s
 1782057 656499 18524.1055  172   26 18523.0000 18529.6144  0.04%  17.0  770s
 1794767 659682 18528.3027  190   31 18523.0000 18529.6144  0.04%  17.0  775s
 1805865 663320     cutoff  167      18523.0000 18529.6144  0.04%  17.0  780s
 1818023 667019 18524.7731  159   26 18523.0000 18529.6144  0.04%  17.0  785s
 1829177 670252 18529.6144  137   26 18523.0000 18529.6144  0.04%  17.0  790s
 1838769 672953 18525.4654  169   20 18523.0000 18529.6144  0.04%  17.0  795s
 1851697 676517 18529.5677  164   33 18523.0000 18529.6144  0.04%  17.0  800s
 1864473 680039     cutoff  161      18523.0000 18529.6144  0.04%  17.0  805s
 1877034 685660     cutoff  180      18523.0000 18529.6144  0.04%  17.0  810s
 1889371 689566     cutoff  177      18523.0000 18529.6144  0.04%  16.9  815s
 1900537 693561     cutoff  167      18523.0000 18529.6144  0.04%  16.9  820s
 1911882 697135 18526.9363  165   18 18523.0000 18529.6144  0.04%  16.9  825s
 1923255 700607 18526.9363  153   18 18523.0000 18529.6144  0.04%  16.9  830s
 1934544 704862 18526.8719  172   30 18523.0000 18529.6144  0.04%  16.9  835s
 1945134 708319 18529.0369  170   28 18523.0000 18529.6144  0.04%  16.9  840s
 1956564 711783 18529.6134  154   31 18523.0000 18529.6144  0.04%  16.9  845s
 1969602 716562 18529.2705  170   33 18523.0000 18529.6144  0.04%  16.8  850s
 1982150 720530 18527.7621  157   19 18523.0000 18529.6144  0.04%  16.8  855s
 1993508 724208 18528.1136  157   14 18523.0000 18529.6144  0.04%  16.8  860s
 2004603 728015 18524.7275  197   20 18523.0000 18529.6144  0.04%  16.8  865s
 2019929 732799 18528.5744  166   25 18523.0000 18529.6144  0.04%  16.8  870s
 2031178 736308     cutoff  176      18523.0000 18529.6144  0.04%  16.8  875s
 2042048 740085     cutoff  171      18523.0000 18529.6144  0.04%  16.8  880s
 2053726 743544 18529.0273  176   11 18523.0000 18529.6144  0.04%  16.8  885s
 2065012 746752     cutoff  187      18523.0000 18529.6144  0.04%  16.7  890s
 2074472 749607 18529.0000  171   20 18523.0000 18529.6144  0.04%  16.7  895s
 2085612 752637     cutoff  149      18523.0000 18529.6144  0.04%  16.7  901s
 2092205 754549     cutoff  169      18523.0000 18529.6144  0.04%  16.7  905s
 2100143 756662 18529.6144  177   19 18523.0000 18529.6144  0.04%  16.7  910s
 2111609 759873 18528.2707  169   17 18523.0000 18529.6144  0.04%  16.7  915s
 2119549 761723     cutoff  186      18523.0000 18529.6144  0.04%  16.7  920s
 2130022 764541 18529.5211  156   26 18523.0000 18529.6144  0.04%  16.7  925s
 2140927 767311 18526.5799  176   25 18523.0000 18529.6144  0.04%  16.7  930s
 2153424 772543 18529.0273  172   13 18523.0000 18529.6144  0.04%  16.7  935s
 2168420 777582 18526.3409  187   11 18523.0000 18529.6144  0.04%  16.6  940s
 2179450 781344 18529.6144  178   30 18523.0000 18529.6144  0.04%  16.6  945s
 2194993 786355 18524.4560  182   20 18523.0000 18529.6144  0.04%  16.6  950s
 2206319 790271 18528.5513  179   20 18523.0000 18529.6144  0.04%  16.6  955s
 2219677 795609 18529.0273  170   16 18523.0000 18529.6144  0.04%  16.6  960s
 2231492 799800 18529.0273  190   22 18523.0000 18529.6144  0.04%  16.6  965s
 2244275 803857     cutoff  182      18523.0000 18529.6144  0.04%  16.5  970s
 2257525 808103     cutoff  171      18523.0000 18529.6144  0.04%  16.5  975s
 2269343 811680     cutoff  193      18523.0000 18529.6144  0.04%  16.5  980s
 2281848 815564     cutoff  186      18523.0000 18529.6144  0.04%  16.5  985s
 2292990 819041 18529.6144  175   28 18523.0000 18529.6144  0.04%  16.5  990s
 2303831 822416     cutoff  165      18523.0000 18529.6144  0.04%  16.4  995s
 2315861 826257 18529.0008  176   20 18523.0000 18529.6144  0.04%  16.4 1000s
 2328764 830289     cutoff  164      18523.0000 18529.6144  0.04%  16.4 1005s
 2338171 833974     cutoff  168      18523.0000 18529.6144  0.04%  16.4 1010s
 2349957 837156 18529.4741  164   34 18523.0000 18529.6144  0.04%  16.4 1015s
 2358407 840280 18526.2305  152   20 18523.0000 18529.6144  0.04%  16.4 1020s
 2369846 843294     cutoff  173      18523.0000 18529.6144  0.04%  16.4 1026s
 2378858 847022 18529.5253  175   47 18523.0000 18529.6144  0.04%  16.4 1030s
 2388176 850585 18529.6144  145   35 18523.0000 18529.6144  0.04%  16.3 1035s
 2399937 854839 18528.9925  178   25 18523.0000 18529.6144  0.04%  16.3 1040s
 2408399 858086 18524.4661  183   14 18523.0000 18529.6144  0.04%  16.3 1045s
 2419295 862155 18529.6144  164   27 18523.0000 18529.6144  0.04%  16.3 1050s
 2428344 865744 18527.7652  172   41 18523.0000 18529.6144  0.04%  16.3 1055s
 2437252 868349     cutoff  182      18523.0000 18529.6144  0.04%  16.3 1060s
 2444447 870618 18529.0273  160   24 18523.0000 18529.6144  0.04%  16.3 1067s
 2451379 873401 18529.6144  166   30 18523.0000 18529.6144  0.04%  16.3 1070s
 2462409 877130 18529.0273  179   26 18523.0000 18529.6144  0.04%  16.3 1075s
 2473952 880970 18529.4413  148   27 18523.0000 18529.6144  0.04%  16.3 1080s
 2484814 884322 18529.0273  186   16 18523.0000 18529.6144  0.04%  16.3 1085s
 2495903 887916 18528.3478  151   19 18523.0000 18529.6144  0.04%  16.3 1090s
 2507849 891840 18529.6144  155   23 18523.0000 18529.6144  0.04%  16.3 1095s
 2519069 894925 18528.3454  185   36 18523.0000 18529.6144  0.04%  16.3 1100s
 2530816 898670 18529.6144  154   33 18523.0000 18529.6144  0.04%  16.3 1105s
 2542096 902535 18529.0008  158   29 18523.0000 18529.6144  0.04%  16.3 1110s
 2551860 906553 18528.2403  175   16 18523.0000 18529.6144  0.04%  16.3 1115s
 2563289 910966 18529.6144  165   22 18523.0000 18529.6144  0.04%  16.3 1120s
 2574119 915005     cutoff  176      18523.0000 18529.6144  0.04%  16.2 1125s
 2585330 918671 18529.6144  150   27 18523.0000 18529.6144  0.04%  16.2 1130s
 2594620 921668 18529.6144  148   22 18523.0000 18529.6144  0.04%  16.2 1135s
 2605812 925590     cutoff  182      18523.0000 18529.6144  0.04%  16.2 1141s
 2613712 928191     cutoff  173      18523.0000 18529.6144  0.04%  16.2 1145s
 2627418 932851 18529.1270  184   21 18523.0000 18529.6144  0.04%  16.2 1150s
 2638000 936186 18529.6144  161   21 18523.0000 18529.6144  0.04%  16.2 1155s
 2649252 939438 18525.0749  181   23 18523.0000 18529.6144  0.04%  16.2 1160s
 2659675 942703 18524.7910  165   17 18523.0000 18529.6144  0.04%  16.2 1165s
 2668795 945477 18529.0273  177   30 18523.0000 18529.6144  0.04%  16.2 1170s
 2678080 948094 18529.0273  158   22 18523.0000 18529.6144  0.04%  16.2 1175s
 2687256 951031 18528.6650  183   19 18523.0000 18529.6144  0.04%  16.2 1180s
 2696475 953887 18525.2190  169   19 18523.0000 18529.6144  0.04%  16.2 1185s
 2705688 956881 18528.9257  187   20 18523.0000 18529.6144  0.04%  16.2 1191s
 2715333 960180     cutoff  166      18523.0000 18529.6144  0.04%  16.2 1195s
 2722745 962790 18529.4586  154   35 18523.0000 18529.6144  0.04%  16.2 1200s
 2732290 965644 18529.2877  149   21 18523.0000 18529.6144  0.04%  16.2 1205s
 2741862 968721 18528.0149  186   24 18523.0000 18529.6144  0.04%  16.2 1210s
 2749492 970483 18527.5872  159   19 18523.0000 18529.6144  0.04%  16.1 1217s
 2753632 972328 18529.0273  158   29 18523.0000 18529.6144  0.04%  16.1 1220s
 2765364 976461 18529.0273  180   11 18523.0000 18529.6144  0.04%  16.1 1225s
 2775431 979252 18529.5536  168   29 18523.0000 18529.6144  0.04%  16.1 1230s
 2786295 983078 18529.0273  166   26 18523.0000 18529.6144  0.04%  16.1 1235s
 2795770 985993 18528.8619  174   25 18523.0000 18529.6144  0.04%  16.1 1240s
 2806770 989138 18527.6608  178   24 18523.0000 18529.6144  0.04%  16.1 1245s
 2816178 991550     cutoff  162      18523.0000 18529.6144  0.04%  16.1 1250s
 2828220 995237 18525.9131  187   24 18523.0000 18529.6144  0.04%  16.1 1255s
 2839266 998112     cutoff  177      18523.0000 18529.6144  0.04%  16.1 1260s
 2850141 1001598 18529.6079  169   26 18523.0000 18529.6144  0.04%  16.1 1265s
 2861219 1004469 18529.6099  169   38 18523.0000 18529.6144  0.04%  16.1 1270s
 2872629 1007301     cutoff  158      18523.0000 18529.6144  0.04%  16.1 1275s
 2883687 1010662 18527.6421  158   28 18523.0000 18529.6144  0.04%  16.1 1280s
 2895427 1013866 18529.4745  161   34 18523.0000 18529.6144  0.04%  16.1 1285s
 2906815 1016671 18528.7311  168   18 18523.0000 18529.6144  0.04%  16.0 1290s
 2918151 1019656     cutoff  161      18523.0000 18529.6144  0.04%  16.0 1295s
 2929368 1022746     cutoff  166      18523.0000 18529.6144  0.04%  16.0 1300s
 2940242 1025982 18529.0273  172   18 18523.0000 18529.6144  0.04%  16.0 1305s
 2950396 1029004     cutoff  142      18523.0000 18529.6144  0.04%  16.0 1310s
 2962276 1032054 18525.5170  157   27 18523.0000 18529.6144  0.04%  16.0 1315s
 2974320 1035423 18529.0097  184   14 18523.0000 18529.6144  0.04%  16.0 1320s
 2981511 1037603 18529.6144  149   25 18523.0000 18529.6144  0.04%  16.0 1325s
 2990787 1040510 18528.3027  173    9 18523.0000 18529.6144  0.04%  16.0 1330s
 3001902 1043738 18527.4069  188   22 18523.0000 18529.6144  0.04%  16.0 1335s
 3010978 1047019 infeasible  170      18523.0000 18529.6144  0.04%  16.0 1340s
 3020425 1049954     cutoff  179      18523.0000 18529.6144  0.04%  16.0 1345s
 3031320 1053674     cutoff  171      18523.0000 18529.6144  0.04%  16.0 1350s
 3040559 1057736 18526.7096  153   13 18523.0000 18529.6144  0.04%  16.0 1355s
 3049666 1061065     cutoff  182      18523.0000 18529.6144  0.04%  16.0 1360s
 3062254 1066094 18526.5834  175   12 18523.0000 18529.6144  0.04%  16.0 1365s
 3071608 1069671 18529.6144  186   25 18523.0000 18529.6144  0.04%  16.0 1370s
 3082339 1073538 18529.4918  171   38 18523.0000 18529.6144  0.04%  16.0 1375s
 3091249 1076932 18529.0000  178   22 18523.0000 18529.6144  0.04%  16.0 1380s
 3102373 1081228 18525.1308  205   25 18523.0000 18529.6144  0.04%  16.0 1385s
 3115181 1086090 18529.0273  180   15 18523.0000 18529.6144  0.04%  16.0 1390s
 3124169 1089350 18526.2305  169   27 18523.0000 18529.6144  0.04%  16.0 1395s
 3135162 1092931     cutoff  169      18523.0000 18529.6144  0.04%  16.0 1400s
 3146607 1096462     cutoff  173      18523.0000 18529.6144  0.04%  16.0 1405s
 3157701 1099472 18527.0971  171   18 18523.0000 18529.6144  0.04%  16.0 1410s
 3170807 1102870 18529.5549  168   33 18523.0000 18529.6144  0.04%  16.0 1415s
 3184394 1106601 18529.2062  169   27 18523.0000 18529.6144  0.04%  16.0 1420s
 3198024 1110308 18524.8190  182   13 18523.0000 18529.6144  0.04%  16.0 1425s
 3211083 1113772 18529.0467  185   32 18523.0000 18529.6144  0.04%  16.0 1430s
 3222462 1116991 18525.9131  161   26 18523.0000 18529.6144  0.04%  15.9 1435s
 3233543 1119995 18527.4511  184   35 18523.0000 18529.6144  0.04%  15.9 1440s
 3242802 1122328 18525.1719  168   22 18523.0000 18529.6144  0.04%  15.9 1445s
 3253808 1125353     cutoff  179      18523.0000 18529.6144  0.04%  15.9 1450s
 3266531 1128996 18529.0273  166   24 18523.0000 18529.6144  0.04%  15.9 1455s
 3275472 1131646 18529.6144  151   26 18523.0000 18529.6144  0.04%  15.9 1460s
 3288496 1135254     cutoff  167      18523.0000 18529.6144  0.04%  15.9 1465s
 3297602 1137320     cutoff  177      18523.0000 18529.6144  0.04%  15.9 1473s
 3299774 1138523 18529.6144  151   18 18523.0000 18529.6144  0.04%  15.9 1475s
 3312414 1142161     cutoff  177      18523.0000 18529.6144  0.04%  15.9 1480s
 3325237 1145801 18529.0371  176   22 18523.0000 18529.6144  0.04%  15.9 1485s
 3338243 1149444     cutoff  170      18523.0000 18529.6144  0.04%  15.9 1490s
 3347684 1151927     cutoff  163      18523.0000 18529.6144  0.04%  15.9 1496s
 3361523 1156507 18526.7096  179   22 18523.0000 18529.6144  0.04%  15.9 1500s
 3376436 1160083     cutoff  176      18523.0000 18529.6144  0.04%  15.9 1505s
 3385528 1162819 18528.6484  179   20 18523.0000 18529.6144  0.04%  15.9 1510s
 3397718 1166103 18526.6547  164   13 18523.0000 18529.6144  0.04%  15.9 1515s
 3409683 1169594 18529.6132  166   39 18523.0000 18529.6144  0.04%  15.8 1520s
 3420084 1172862 18525.9544  182   37 18523.0000 18529.6144  0.04%  15.8 1525s
 3431151 1175884 18524.3726  196   34 18523.0000 18529.6144  0.04%  15.8 1530s
 3440586 1179600 18527.5925  167   21 18523.0000 18529.6144  0.04%  15.8 1535s
 3450047 1182963 18528.7511  157   26 18523.0000 18529.6144  0.04%  15.8 1540s
 3461868 1186524 18529.6144  170   20 18523.0000 18529.6144  0.04%  15.8 1545s
 3473246 1190531 18529.6121  148   36 18523.0000 18529.6144  0.04%  15.8 1550s
 3487680 1194678     cutoff  177      18523.0000 18529.6144  0.04%  15.8 1555s
 3502058 1199447 18529.6141  168   43 18523.0000 18529.6144  0.04%  15.8 1560s
 3513227 1203019     cutoff  189      18523.0000 18529.6144  0.04%  15.8 1565s
 3524737 1206359     cutoff  171      18523.0000 18529.6144  0.04%  15.8 1570s
 3533617 1208324 18529.5742  171   37 18523.0000 18529.6144  0.04%  15.8 1575s
 3546243 1211674 18524.4096  176   28 18523.0000 18529.6144  0.04%  15.8 1580s
 3557170 1214470 18528.5970  157   32 18523.0000 18529.6144  0.04%  15.8 1585s
 3569973 1218212 18528.7007  171   22 18523.0000 18529.6144  0.04%  15.8 1590s
 3583304 1222688     cutoff  179      18523.0000 18529.6144  0.04%  15.8 1595s
 3596237 1226141 18529.6144  151   21 18523.0000 18529.6144  0.04%  15.8 1600s
 3608646 1230256 18526.3563  167   28 18523.0000 18529.6144  0.04%  15.8 1605s
 3617567 1233101     cutoff  171      18523.0000 18529.6144  0.04%  15.8 1610s
 3631533 1237737 18529.6074  167   30 18523.0000 18529.6144  0.04%  15.8 1615s
 3641468 1240993 18529.3135  160   35 18523.0000 18529.6144  0.04%  15.8 1620s
 3654758 1244859 18527.6421  158   17 18523.0000 18529.6144  0.04%  15.8 1625s
 3666548 1248374 18529.5900  163   31 18523.0000 18529.6144  0.04%  15.8 1630s
 3678403 1252341 18529.6144  181   23 18523.0000 18529.6144  0.04%  15.8 1636s
 3685712 1254680 18529.0004  163   35 18523.0000 18529.6144  0.04%  15.8 1640s
 3697145 1258038 18529.2724  160   38 18523.0000 18529.6144  0.04%  15.8 1645s
 3708449 1261097 18529.6144  150   31 18523.0000 18529.6144  0.04%  15.8 1650s
 3717336 1263937     cutoff  171      18523.0000 18529.6144  0.04%  15.8 1655s
 3729257 1267639 18525.8913  191   21 18523.0000 18529.6144  0.04%  15.8 1660s
 3739150 1270803 18527.6421  164   31 18523.0000 18529.6144  0.04%  15.8 1665s
 3751169 1274309 18526.3294  151   27 18523.0000 18529.6144  0.04%  15.8 1670s
 3759999 1277690 18529.5811  167   30 18523.0000 18529.6144  0.04%  15.8 1675s
 3773102 1282285     cutoff  182      18523.0000 18529.6144  0.04%  15.8 1680s
 3784329 1285785 18529.6144  190   25 18523.0000 18529.6144  0.04%  15.8 1685s
 3797702 1290002 18529.6144  162   25 18523.0000 18529.6144  0.04%  15.8 1690s
 3810854 1294618 18526.7254  149   24 18523.0000 18529.6144  0.04%  15.8 1695s
 3821755 1298663 18528.2743  205   32 18523.0000 18529.6144  0.04%  15.8 1700s
 3832397 1302182 18526.5834  191   20 18523.0000 18529.6144  0.04%  15.8 1705s
 3844027 1306646 18526.9363  193   18 18523.0000 18529.6144  0.04%  15.8 1710s
 3853291 1309726 18529.0273  176   22 18523.0000 18529.6144  0.04%  15.8 1715s
 3864342 1313358 18528.7007  192   21 18523.0000 18529.6144  0.04%  15.8 1720s
 3875523 1317118 18528.3299  167   23 18523.0000 18529.6144  0.04%  15.8 1725s
 3888660 1321670     cutoff  191      18523.0000 18529.6144  0.04%  15.8 1730s
 3903066 1326630     cutoff  197      18523.0000 18529.6144  0.04%  15.8 1735s
 3917774 1331209     cutoff  210      18523.0000 18529.6144  0.04%  15.8 1740s
 3932429 1335415 18527.2875  198   15 18523.0000 18529.6144  0.04%  15.8 1745s
 3946815 1339642 18525.8776  190   17 18523.0000 18529.6144  0.04%  15.8 1750s
 3960915 1343968 18529.5831  163   47 18523.0000 18529.6144  0.04%  15.8 1755s
 3975731 1348436 18525.9206  167   24 18523.0000 18529.6144  0.04%  15.8 1760s
 3984711 1351573 18527.6421  166   19 18523.0000 18529.6144  0.04%  15.8 1765s
 3998861 1355840 18529.5186  159   26 18523.0000 18529.6144  0.04%  15.8 1770s
 4009895 1358843 infeasible  163      18523.0000 18529.6144  0.04%  15.8 1775s
 4022437 1362798     cutoff  159      18523.0000 18529.6144  0.04%  15.8 1780s
 4033773 1365794 18526.5141  169   16 18523.0000 18529.6144  0.04%  15.8 1785s
 4047918 1370131 18524.9825  190   31 18523.0000 18529.6144  0.04%  15.8 1790s
 4051534 1371389 18525.6962  165   23 18523.0000 18529.6144  0.04%  15.8 1795s
 4063218 1375131 18525.1054  194   29 18523.0000 18529.6144  0.04%  15.8 1800s
 4077278 1379532 18529.6144  173   20 18523.0000 18529.6144  0.04%  15.8 1805s
 4087910 1383532     cutoff  188      18523.0000 18529.6144  0.04%  15.8 1810s
 4102178 1388190 18525.8437  195   25 18523.0000 18529.6144  0.04%  15.8 1815s
 4115625 1392043     cutoff  187      18523.0000 18529.6144  0.04%  15.8 1820s
 4128388 1395879 18529.6079  163   23 18523.0000 18529.6144  0.04%  15.8 1826s
 4135114 1398531 infeasible  178      18523.0000 18529.6144  0.04%  15.8 1830s
 4146214 1402936 18525.4840  180   29 18523.0000 18529.6144  0.04%  15.8 1835s
 4156228 1406463 18528.9261  171   23 18523.0000 18529.6144  0.04%  15.8 1840s
 4168804 1410444 18526.7769  150   31 18523.0000 18529.6144  0.04%  15.8 1845s
 4183135 1415039     cutoff  190      18523.0000 18529.6144  0.04%  15.8 1851s
 4195799 1419037     cutoff  190      18523.0000 18529.6144  0.04%  15.8 1855s
 4207992 1423395     cutoff  173      18523.0000 18529.6144  0.04%  15.8 1860s
 4220804 1427737     cutoff  153      18523.0000 18529.6144  0.04%  15.8 1865s
 4233725 1431788 18528.1519  165   23 18523.0000 18529.6144  0.04%  15.8 1870s
 4244628 1435234 18529.2524  171   24 18523.0000 18529.6144  0.04%  15.8 1875s
 4255752 1438083 18527.5655  187   17 18523.0000 18529.6144  0.04%  15.8 1880s
 4267739 1442232     cutoff  163      18523.0000 18529.6144  0.04%  15.8 1885s
 4279051 1446598 18529.0006  194   32 18523.0000 18529.6144  0.04%  15.8 1890s
 4289959 1450740 18525.5247  189   18 18523.0000 18529.6144  0.04%  15.8 1895s
 4300971 1454574 18528.4441  190   17 18523.0000 18529.6144  0.04%  15.8 1900s
 4315700 1459666 18529.6144  143   38 18523.0000 18529.6144  0.04%  15.8 1905s
 4326146 1463257 18529.0273  193   17 18523.0000 18529.6144  0.04%  15.8 1910s
 4341631 1468068 18529.5622  160   27 18523.0000 18529.6144  0.04%  15.8 1915s
 4354203 1472302     cutoff  153      18523.0000 18529.6144  0.04%  15.8 1920s
 4364651 1476244 18525.7526  170   27 18523.0000 18529.6144  0.04%  15.8 1925s
 4377359 1480914 18529.0273  174   21 18523.0000 18529.6144  0.04%  15.8 1930s
 4388618 1484785 18528.5958  185   21 18523.0000 18529.6144  0.04%  15.8 1935s
 4401418 1489358     cutoff  161      18523.0000 18529.6144  0.04%  15.8 1940s
 4414625 1494015     cutoff  180      18523.0000 18529.6144  0.04%  15.8 1945s
 4425961 1498273 18527.9329  186   21 18523.0000 18529.6144  0.04%  15.8 1950s
 4436757 1501893     cutoff  173      18523.0000 18529.6144  0.04%  15.8 1955s
 4449599 1506322 18529.1561  167   32 18523.0000 18529.6144  0.04%  15.8 1960s
 4462654 1511089 18528.2927  173   25 18523.0000 18529.6144  0.04%  15.8 1965s
 4475032 1515731 18529.0000  178   15 18523.0000 18529.6144  0.04%  15.8 1970s
 4486208 1519821     cutoff  182      18523.0000 18529.6144  0.04%  15.8 1975s
 4496077 1523063 18527.6421  178   24 18523.0000 18529.6144  0.04%  15.8 1980s
 4506655 1526978 18527.6421  167   21 18523.0000 18529.6144  0.04%  15.8 1985s
 4518856 1531670 18529.6141  182   44 18523.0000 18529.6144  0.04%  15.8 1990s
 4531235 1536067 18529.0273  164   14 18523.0000 18529.6144  0.04%  15.8 1995s
 4543982 1540649 18529.6144  171   29 18523.0000 18529.6144  0.04%  15.8 2000s
 4556633 1544805     cutoff  179      18523.0000 18529.6144  0.04%  15.9 2005s
 4569212 1548772 18529.0273  165   19 18523.0000 18529.6144  0.04%  15.9 2011s
 4579137 1551538 18529.1366  173   17 18523.0000 18529.6144  0.04%  15.9 2015s
 4589558 1554364 18527.6421  172   22 18523.0000 18529.6144  0.04%  15.9 2020s
 4601204 1556996 18528.3478  164   22 18523.0000 18529.6144  0.04%  15.9 2025s
 4611417 1560128 18529.6079  155   38 18523.0000 18529.6144  0.04%  15.9 2030s
 4625600 1564232 18529.6144  175   20 18523.0000 18529.6144  0.04%  15.9 2035s
 4637163 1567714 18529.6144  169   24 18523.0000 18529.6144  0.04%  15.9 2040s
 4645974 1570241     cutoff  186      18523.0000 18529.6144  0.04%  15.9 2045s
 4657071 1575519 18526.4847  175   27 18523.0000 18529.6144  0.04%  15.9 2050s
 4666422 1578905     cutoff  191      18523.0000 18529.6144  0.04%  15.9 2056s
 4671972 1581560     cutoff  176      18523.0000 18529.6144  0.04%  15.9 2060s
 4683261 1585441 18529.6144  159   24 18523.0000 18529.6144  0.04%  15.9 2065s
 4696337 1589853     cutoff  173      18523.0000 18529.6144  0.04%  15.9 2070s
 4705317 1592535     cutoff  170      18523.0000 18529.6144  0.04%  15.9 2075s
 4714274 1595475 18525.1719  176   16 18523.0000 18529.6144  0.04%  15.9 2080s
 4723717 1598593     cutoff  175      18523.0000 18529.6144  0.04%  15.9 2085s
 4734933 1602108 18529.0342  173   15 18523.0000 18529.6144  0.04%  15.9 2090s
 4743946 1604567 18529.0273  174   29 18523.0000 18529.6144  0.04%  15.9 2095s
 4750467 1607097     cutoff  165      18523.0000 18529.6144  0.04%  15.9 2101s
 4760563 1609917 18524.7973  189   24 18523.0000 18529.6144  0.04%  15.9 2105s
 4772643 1613262 18525.5247  164   27 18523.0000 18529.6144  0.04%  15.9 2110s
 4783857 1617023     cutoff  172      18523.0000 18529.6144  0.04%  15.9 2115s
 4795351 1620666 18529.6144  149   23 18523.0000 18529.6144  0.04%  15.9 2120s
 4806707 1624409 18529.2415  167   26 18523.0000 18529.6144  0.04%  15.9 2125s
 4817947 1628958 18529.6144  170   24 18523.0000 18529.6144  0.04%  15.9 2130s
 4831018 1633419     cutoff  175      18523.0000 18529.6144  0.04%  15.9 2135s
 4843735 1637525 18524.3200  170   30 18523.0000 18529.6144  0.04%  15.9 2140s
 4847803 1638714 18529.0273  174   26 18523.0000 18529.6144  0.04%  15.9 2145s
 4858916 1641899 18529.1270  154   21 18523.0000 18529.6144  0.04%  15.9 2150s
 4870664 1645748 18529.0273  163   24 18523.0000 18529.6144  0.04%  15.9 2155s
 4881814 1649097 18529.0273  172   22 18523.0000 18529.6144  0.04%  15.9 2160s
 4894649 1652435     cutoff  150      18523.0000 18529.6144  0.04%  15.9 2165s
 4903742 1655566 18529.6144  164   33 18523.0000 18529.6144  0.04%  15.9 2170s
 4915169 1658977 18529.5970  207   35 18523.0000 18529.6144  0.04%  15.9 2175s
 4924176 1661744 18526.7096  168   18 18523.0000 18529.6144  0.04%  15.9 2180s
 4934960 1664847 18524.4338  170   18 18523.0000 18529.6144  0.04%  15.9 2185s
 4947717 1668461 18529.0008  166   18 18523.0000 18529.6144  0.04%  15.9 2191s
 4956966 1670800 18528.3027  181   25 18523.0000 18529.6144  0.04%  15.9 2195s
 4968082 1673709     cutoff  175      18523.0000 18529.6144  0.04%  15.9 2200s
 4979186 1677077 18529.3019  166   26 18523.0000 18529.6144  0.04%  15.9 2205s
 4991294 1680943 18526.8552  181   32 18523.0000 18529.6144  0.04%  15.9 2210s
 5002080 1684456     cutoff  167      18523.0000 18529.6144  0.04%  15.9 2216s
 5012768 1688381 18525.1795  215   29 18523.0000 18529.6144  0.04%  15.9 2220s
 5023616 1692093 18524.3184  161   18 18523.0000 18529.6144  0.04%  15.9 2225s
 5036255 1696517 18529.0273  182   20 18523.0000 18529.6144  0.04%  15.9 2230s
 5047362 1700271 18529.2411  168   33 18523.0000 18529.6144  0.04%  15.9 2235s
 5057745 1703934     cutoff  180      18523.0000 18529.6144  0.04%  15.9 2240s
 5068135 1707196     cutoff  177      18523.0000 18529.6144  0.04%  15.9 2245s
 5079202 1711168 18529.0000  169   25 18523.0000 18529.6144  0.04%  15.9 2250s
 5088436 1715884 18524.6561  162   22 18523.0000 18529.6144  0.04%  15.9 2255s
 5099632 1720826     cutoff  199      18523.0000 18529.6144  0.04%  15.9 2261s
 5108398 1724864 18527.4767  168   31 18523.0000 18529.6144  0.04%  15.9 2265s
 5117781 1729232 infeasible  193      18523.0000 18529.6144  0.04%  16.0 2270s
 5126527 1733137     cutoff  178      18523.0000 18529.6144  0.04%  16.0 2275s
 5137583 1738003 18528.8168  174   24 18523.0000 18529.6144  0.04%  16.0 2280s
 5148765 1743616 18526.5809  186   30 18523.0000 18529.6144  0.04%  16.0 2285s
 5161481 1749253 18529.0273  171   27 18523.0000 18529.6144  0.04%  16.0 2290s
 5172695 1753582 18529.0273  180   17 18523.0000 18529.6144  0.04%  16.0 2295s
 5183687 1758219 18529.5310  175   32 18523.0000 18529.6144  0.04%  16.0 2300s
 5196250 1763393 18528.9037  186   36 18523.0000 18529.6144  0.04%  16.0 2305s
 5205730 1767063 18529.6063  191   36 18523.0000 18529.6144  0.04%  16.0 2310s
 5214585 1770844 18529.4440  168   42 18523.0000 18529.6144  0.04%  16.0 2315s
 5224112 1776208 18529.0000  200   16 18523.0000 18529.6144  0.04%  16.0 2320s
 5231053 1779108 18529.6144  172   26 18523.0000 18529.6144  0.04%  16.0 2325s
 5242462 1784386 18528.3027  181   20 18523.0000 18529.6144  0.04%  16.0 2330s
 5251849 1788396     cutoff  192      18523.0000 18529.6144  0.04%  16.0 2335s
 5260802 1792059 18529.5771  166   32 18523.0000 18529.6144  0.04%  16.0 2340s
 5271722 1796383 18529.0273  173   28 18523.0000 18529.6144  0.04%  16.0 2345s
 5280828 1800567     cutoff  191      18523.0000 18529.6144  0.04%  16.0 2350s
 5290274 1804485     cutoff  171      18523.0000 18529.6144  0.04%  16.0 2355s
 5301460 1809070 18529.0273  171   38 18523.0000 18529.6144  0.04%  16.0 2360s
 5310590 1812773 18529.5983  162   35 18523.0000 18529.6144  0.04%  16.0 2365s
 5321659 1817032     cutoff  201      18523.0000 18529.6144  0.04%  16.0 2370s
 5331013 1820747 18528.3027  194   19 18523.0000 18529.6144  0.04%  16.0 2375s
 5340465 1824751 18529.0666  180   30 18523.0000 18529.6144  0.04%  16.0 2380s
 5351597 1829346     cutoff  175      18523.0000 18529.6144  0.04%  16.0 2385s
 5361263 1832997     cutoff  160      18523.0000 18529.6144  0.04%  16.0 2390s
 5372250 1837511 18527.9143  185   32 18523.0000 18529.6144  0.04%  16.0 2395s
 5382771 1841519 18529.0273  171   28 18523.0000 18529.6144  0.04%  16.0 2400s
 5390433 1844058 18527.6421  179   25 18523.0000 18529.6144  0.04%  16.0 2406s
 5397637 1846916     cutoff  181      18523.0000 18529.6144  0.04%  16.0 2410s
 5408486 1851121 18529.6144  154   23 18523.0000 18529.6144  0.04%  16.0 2415s
 5417252 1854295 18529.0273  188   29 18523.0000 18529.6144  0.04%  16.0 2420s
 5426942 1857690 18528.3032  184   27 18523.0000 18529.6144  0.04%  16.0 2425s
 5434166 1860207 18529.5829  181   38 18523.0000 18529.6144  0.04%  16.0 2430s
 5441567 1862944 18529.6144  170   33 18523.0000 18529.6144  0.04%  16.0 2435s
 5450937 1866258 18529.6144  151   27 18523.0000 18529.6144  0.04%  16.0 2440s
 5458007 1868692 18526.1260  182   31 18523.0000 18529.6144  0.04%  16.0 2445s
 5467439 1872568 18529.0008  176   33 18523.0000 18529.6144  0.04%  16.0 2451s
 5477127 1875780 18529.6144  153   30 18523.0000 18529.6144  0.04%  16.0 2455s
 5486486 1879067 18529.0273  169   32 18523.0000 18529.6144  0.04%  16.0 2460s
 5495522 1881850     cutoff  157      18523.0000 18529.6144  0.04%  16.0 2465s
 5507078 1886151 18524.7404  178   34 18523.0000 18529.6144  0.04%  16.0 2470s
 5516445 1891096 18528.1322  162   27 18523.0000 18529.6144  0.04%  16.0 2475s
 5529338 1897311     cutoff  159      18523.0000 18529.6144  0.04%  16.0 2480s
 5538774 1901817 18529.6079  162   25 18523.0000 18529.6144  0.04%  16.0 2485s
 5552296 1907695     cutoff  182      18523.0000 18529.6144  0.04%  16.0 2490s
 5564582 1912439 18524.7867  180   14 18523.0000 18529.6144  0.04%  16.0 2496s
 5574150 1916338     cutoff  169      18523.0000 18529.6144  0.04%  16.0 2501s
 5579300 1918369 18528.1914  193   35 18523.0000 18529.6144  0.04%  16.0 2505s
 5588938 1922445 18525.2880  171   27 18523.0000 18529.6144  0.04%  16.0 2510s
 5597844 1925991 18529.6144  158   29 18523.0000 18529.6144  0.04%  16.0 2515s
 5603889 1928609     cutoff  152      18523.0000 18529.6144  0.04%  16.0 2520s
 5611757 1931184 18529.6144  162   26 18523.0000 18529.6144  0.04%  16.0 2526s
 5616737 1932965 18528.3554  167   30 18523.0000 18529.6144  0.04%  16.0 2531s
 5625249 1936803     cutoff  195      18523.0000 18529.6144  0.04%  16.0 2535s
 5636434 1941062 18529.6144  152   23 18523.0000 18529.6144  0.04%  16.0 2540s
 5645886 1944690     cutoff  180      18523.0000 18529.6144  0.04%  16.0 2545s
 5657212 1948625 18529.0342  163   23 18523.0000 18529.6144  0.04%  16.0 2551s
 5664540 1951491     cutoff  170      18523.0000 18529.6144  0.04%  16.0 2555s
 5675684 1956176 18529.6144  146   27 18523.0000 18529.6144  0.04%  16.0 2560s
 5687010 1960720 18528.1143  170   17 18523.0000 18529.6144  0.04%  16.0 2565s
 5700615 1965992     cutoff  172      18523.0000 18529.6144  0.04%  16.0 2570s
 5706177 1967442 18529.5980  175   46 18523.0000 18529.6144  0.04%  16.0 2576s
 5713340 1970575 18529.0003  176   17 18523.0000 18529.6144  0.04%  16.0 2580s
 5723948 1974902     cutoff  182      18523.0000 18529.6144  0.04%  16.0 2585s
 5733447 1978380 18529.0008  184   24 18523.0000 18529.6144  0.04%  16.0 2590s
 5746661 1983281 18529.5923  159   31 18523.0000 18529.6144  0.04%  16.0 2595s
 5756244 1987246     cutoff  180      18523.0000 18529.6144  0.04%  16.0 2600s
 5769211 1991849 18529.6144  159   31 18523.0000 18529.6144  0.04%  16.0 2605s
 5780654 1996398     cutoff  186      18523.0000 18529.6144  0.04%  16.0 2610s
 5790476 2000138 18524.5288  176   24 18523.0000 18529.6144  0.04%  16.0 2615s
 5801388 2004178 18529.0831  169   29 18523.0000 18529.6144  0.04%  16.0 2620s
 5812363 2007831     cutoff  194      18523.0000 18529.6144  0.04%  16.0 2625s
 5825249 2012294 18528.8168  178   21 18523.0000 18529.6144  0.04%  16.0 2630s
 5838083 2016432 18529.4292  181   38 18523.0000 18529.6144  0.04%  16.0 2635s
 5850561 2020294 18528.0122  182   32 18523.0000 18529.6144  0.04%  16.0 2640s
 5861967 2023779 18529.2346  175   22 18523.0000 18529.6144  0.04%  16.0 2645s
 5874692 2027949     cutoff  176      18523.0000 18529.6144  0.04%  16.0 2650s
 5887305 2032007 18529.2741  187   42 18523.0000 18529.6144  0.04%  16.0 2655s
 5900026 2036278 18529.5998  176   38 18523.0000 18529.6144  0.04%  16.0 2660s
 5911588 2040230 18529.6144  185   20 18523.0000 18529.6144  0.04%  16.0 2665s
 5922471 2043554     cutoff  180      18523.0000 18529.6144  0.04%  16.0 2670s
 5936699 2048019     cutoff  192      18523.0000 18529.6144  0.04%  16.0 2675s
 5947725 2051473 18526.4268  181   18 18523.0000 18529.6144  0.04%  16.0 2680s
 5958950 2054890 18524.7819  184   13 18523.0000 18529.6144  0.04%  16.0 2685s
 5972558 2060294     cutoff  185      18523.0000 18529.6144  0.04%  16.0 2690s
 5985230 2064490 18529.6079  166   37 18523.0000 18529.6144  0.04%  16.0 2695s
 5997895 2068655 18526.6972  176   37 18523.0000 18529.6144  0.04%  16.0 2700s
 6010800 2072989 18525.0645  190   10 18523.0000 18529.6144  0.04%  16.0 2705s
 6021996 2076473 18526.9697  172   21 18523.0000 18529.6144  0.04%  16.0 2710s
 6035302 2080732 18526.1614  172   18 18523.0000 18529.6144  0.04%  16.0 2715s
 6045904 2084247 18525.9131  178   25 18523.0000 18529.6144  0.04%  16.0 2720s
 6058778 2088199     cutoff  180      18523.0000 18529.6144  0.04%  16.0 2725s
 6065822 2089986 18525.5022  174   20 18523.0000 18529.6144  0.04%  16.0 2731s
 6066284 2094146     cutoff  175      18523.0000 18529.6144  0.04%  16.0 2735s
 6082473 2096266 18525.9131  169   22 18523.0000 18529.6144  0.04%  16.0 2740s
 6091689 2099117     cutoff  171      18523.0000 18529.6144  0.04%  16.0 2745s
 6103417 2102704     cutoff  207      18523.0000 18529.6144  0.04%  16.0 2752s
 6109907 2105026 18526.5278  176   28 18523.0000 18529.6144  0.04%  15.9 2755s
 6120799 2108412 18526.9363  159   21 18523.0000 18529.6144  0.04%  15.9 2760s
 6128123 2110855     cutoff  199      18523.0000 18529.6144  0.04%  15.9 2765s
 6137927 2113741 18524.2758  159   20 18523.0000 18529.6144  0.04%  15.9 2770s
 6147340 2116727 18529.0000  183   25 18523.0000 18529.6144  0.04%  15.9 2775s
 6160179 2120912 18529.0008  203   36 18523.0000 18529.6144  0.04%  15.9 2780s
 6171586 2124566 18529.6144  169   34 18523.0000 18529.6144  0.04%  15.9 2785s
 6182309 2127945 18529.4258  153   20 18523.0000 18529.6144  0.04%  15.9 2790s
 6193799 2131489     cutoff  178      18523.0000 18529.6144  0.04%  15.9 2795s
 6205019 2134616 18529.5829  177   33 18523.0000 18529.6144  0.04%  15.9 2800s
 6215219 2137817 18528.4785  195   27 18523.0000 18529.6144  0.04%  15.9 2805s
 6226616 2141814 18529.0273  168   28 18523.0000 18529.6144  0.04%  15.9 2810s
 6237595 2145350 18528.8064  166   36 18523.0000 18529.6144  0.04%  15.9 2815s
 6248321 2148693 18525.4967  173   37 18523.0000 18529.6144  0.04%  15.9 2820s
 6257414 2151612     cutoff  176      18523.0000 18529.6144  0.04%  15.9 2825s
 6268791 2155261 18529.4695  183   24 18523.0000 18529.6144  0.04%  15.9 2830s
 6279818 2158819 18526.3239  162   25 18523.0000 18529.6144  0.04%  15.9 2835s
 6290485 2162410 18527.6421  148   24 18523.0000 18529.6144  0.04%  15.9 2840s
 6301617 2166212 18529.5612  162   35 18523.0000 18529.6144  0.04%  15.9 2845s
 6310431 2169258 18529.3276  168   41 18523.0000 18529.6144  0.04%  15.9 2850s
 6322071 2173125 18529.6144  172   27 18523.0000 18529.6144  0.04%  15.9 2855s
 6333494 2177140 18529.6144  161   32 18523.0000 18529.6144  0.04%  15.9 2861s
 6340417 2179704 18527.8412  167   34 18523.0000 18529.6144  0.04%  15.9 2865s
 6351850 2183986 18529.4743  174   26 18523.0000 18529.6144  0.04%  15.9 2870s
 6359581 2186209 18529.1593  188   24 18523.0000 18529.6144  0.04%  15.9 2875s
 6370556 2189772     cutoff  171      18523.0000 18529.6144  0.04%  15.9 2880s
 6381508 2193529 18527.2815  165   14 18523.0000 18529.6144  0.04%  15.9 2886s
 6389013 2195939 18529.6144  161   31 18523.0000 18529.6144  0.04%  15.9 2890s
 6399978 2199373 18529.6144  174   29 18523.0000 18529.6144  0.04%  15.9 2895s
 6409401 2202494 18527.8894  178   26 18523.0000 18529.6144  0.04%  15.9 2900s
 6417900 2205260 18528.7007  180   20 18523.0000 18529.6144  0.04%  15.9 2905s
 6428789 2208979     cutoff  168      18523.0000 18529.6144  0.04%  15.9 2910s
 6438702 2211679     cutoff  185      18523.0000 18529.6144  0.04%  15.9 2916s
 6445666 2214717 18529.6144  171   22 18523.0000 18529.6144  0.04%  15.9 2920s
 6454540 2217412     cutoff  186      18523.0000 18529.6144  0.04%  15.9 2925s
 6465769 2221249 18528.0453  177   25 18523.0000 18529.6144  0.04%  15.9 2930s
 6479081 2225852     cutoff  177      18523.0000 18529.6144  0.04%  15.9 2935s
 6490599 2229830 18529.6144  170   20 18523.0000 18529.6144  0.04%  15.9 2940s
 6499725 2233920     cutoff  163      18523.0000 18529.6144  0.04%  15.9 2945s
 6509294 2237713 18529.6144  154   25 18523.0000 18529.6144  0.04%  15.9 2950s
 6520352 2241648 18529.6125  183   36 18523.0000 18529.6144  0.04%  15.9 2955s
 6529254 2244726 18529.2092  168   34 18523.0000 18529.6144  0.04%  15.9 2960s
 6538876 2247829 18527.1859  168   22 18523.0000 18529.6144  0.04%  15.9 2965s
 6550288 2251720     cutoff  178      18523.0000 18529.6144  0.04%  15.9 2970s
 6557900 2254014 18529.6144  176   30 18523.0000 18529.6144  0.04%  15.9 2975s
 6568695 2257391 18529.6144  168   37 18523.0000 18529.6144  0.04%  15.9 2980s
 6573947 2259277     cutoff  172      18523.0000 18529.6144  0.04%  15.9 2985s
 6584804 2263608 18529.6079  171   36 18523.0000 18529.6144  0.04%  15.9 2990s
 6597006 2267471     cutoff  164      18523.0000 18529.6144  0.04%  15.9 2995s
 6601533 2269192 18528.5778  170   29 18523.0000 18529.6144  0.04%  15.9 3000s
 6609543 2272220 18529.6144  158   31 18523.0000 18529.6144  0.04%  15.9 3005s
 6619078 2275817 18529.6144  180   34 18523.0000 18529.6144  0.04%  15.9 3010s
 6630806 2280813 18529.6143  163   27 18523.0000 18529.6144  0.04%  15.9 3015s
 6639182 2283210 18528.0820  199   42 18523.0000 18529.6144  0.04%  15.9 3022s
 6644754 2285971 18524.1522  171   19 18523.0000 18529.6144  0.04%  15.9 3025s
 6657787 2290691     cutoff  175      18523.0000 18529.6144  0.04%  15.9 3030s
 6668654 2294524     cutoff  192      18523.0000 18529.6144  0.04%  15.9 3035s
 6682161 2299027 18529.0342  182   29 18523.0000 18529.6144  0.04%  15.9 3040s
 6694548 2303134 18528.1489  204   27 18523.0000 18529.6144  0.04%  15.9 3045s
 6707197 2306859 18526.9363  174   31 18523.0000 18529.6144  0.04%  15.9 3050s
 6716710 2310095 18529.4368  167   29 18523.0000 18529.6144  0.04%  15.9 3055s
 6729953 2314611 18526.5078  171   31 18523.0000 18529.6144  0.04%  15.9 3060s
 6742433 2319322     cutoff  180      18523.0000 18529.6144  0.04%  15.9 3065s
 6753201 2323236 18526.4847  168   24 18523.0000 18529.6144  0.04%  15.9 3070s
 6766148 2327681 18526.6581  173   17 18523.0000 18529.6144  0.04%  15.9 3075s
 6776744 2331492 18525.5517  174   29 18523.0000 18529.6144  0.04%  15.9 3080s
 6787262 2335107 18528.1498  172   23 18523.0000 18529.6144  0.04%  15.9 3085s
 6798341 2338618 18529.0008  164   29 18523.0000 18529.6144  0.04%  15.9 3090s
 6809275 2342497 18524.4208  185   29 18523.0000 18529.6144  0.04%  15.9 3095s
 6818055 2345513 18525.1719  171   23 18523.0000 18529.6144  0.04%  15.9 3100s
 6829225 2349149     cutoff  176      18523.0000 18529.6144  0.04%  15.9 3105s
 6842542 2354021 18529.6144  175   27 18523.0000 18529.6144  0.04%  15.9 3110s
 6853901 2358228 18529.3300  193   37 18523.0000 18529.6144  0.04%  15.9 3115s
 6866755 2362487 18527.9941  171   48 18523.0000 18529.6144  0.04%  15.9 3120s
 6877272 2365858 18529.0273  180   18 18523.0000 18529.6144  0.04%  15.9 3125s
 6888207 2369370 18529.0273  180   20 18523.0000 18529.6144  0.04%  15.9 3130s
 6897324 2372820 18528.7007  192   22 18523.0000 18529.6144  0.04%  15.9 3135s
 6908321 2376741     cutoff  183      18523.0000 18529.6144  0.04%  15.9 3140s
 6920084 2381212 18529.0008  175   26 18523.0000 18529.6144  0.04%  15.9 3145s
 6929802 2384756     cutoff  175      18523.0000 18529.6144  0.04%  15.9 3150s
 6940717 2388672 18527.8168  201   26 18523.0000 18529.6144  0.04%  15.9 3155s
 6951878 2393314 18524.4661  160   14 18523.0000 18529.6144  0.04%  16.0 3160s
 6963422 2397700 18529.2637  175   35 18523.0000 18529.6144  0.04%  16.0 3165s
 6974449 2401816 18529.5991  153   46 18523.0000 18529.6144  0.04%  16.0 3170s
 6983958 2405740 18529.6144  153   28 18523.0000 18529.6144  0.04%  16.0 3175s
 6996338 2410009 18526.8563  181   19 18523.0000 18529.6144  0.04%  16.0 3180s
 7005907 2413164 18527.8186  170   22 18523.0000 18529.6144  0.04%  16.0 3185s
 7017218 2417127 18526.8344  155   32 18523.0000 18529.6144  0.04%  16.0 3191s
 7022804 2419339 18528.1136  201   21 18523.0000 18529.6144  0.04%  16.0 3195s
 7034427 2423019 18529.6144  170   31 18523.0000 18529.6144  0.04%  16.0 3200s
 7045345 2426611 18526.8233  202   36 18523.0000 18529.6144  0.04%  16.0 3205s
 7054765 2429633 18528.9417  155   38 18523.0000 18529.6144  0.04%  16.0 3210s
 7066100 2433354 18529.0342  174   23 18523.0000 18529.6144  0.04%  16.0 3215s
 7075350 2437110 18529.6144  169   28 18523.0000 18529.6144  0.04%  16.0 3220s
 7085252 2440312 18524.0658  170   45 18523.0000 18529.6144  0.04%  16.0 3225s
 7094647 2443622 18529.5191  186   39 18523.0000 18529.6144  0.04%  16.0 3230s
 7104020 2447415 18529.4081  166   32 18523.0000 18529.6144  0.04%  16.0 3235s
 7116381 2451604 18526.9568  183   34 18523.0000 18529.6144  0.04%  16.0 3241s
 7126162 2455105 18529.3507  193   37 18523.0000 18529.6144  0.04%  16.0 3245s
 7138204 2460396 18527.6921  176   23 18523.0000 18529.6144  0.04%  16.0 3250s
 7151037 2465334     cutoff  196      18523.0000 18529.6144  0.04%  16.0 3255s
 7161770 2469206 18528.1094  164   25 18523.0000 18529.6144  0.04%  16.0 3260s
 7171372 2472471 18529.0342  173   24 18523.0000 18529.6144  0.04%  16.0 3265s
 7182650 2476119     cutoff  181      18523.0000 18529.6144  0.04%  16.0 3270s
 7195086 2480270     cutoff  183      18523.0000 18529.6144  0.04%  16.0 3275s
 7206003 2484026 18529.6144  151   20 18523.0000 18529.6144  0.04%  16.0 3280s
 7213104 2487742     cutoff  173      18523.0000 18529.6144  0.04%  16.0 3285s
 7222529 2491701 18529.0222  175   36 18523.0000 18529.6144  0.04%  16.0 3290s
 7231407 2495441     cutoff  193      18523.0000 18529.6144  0.04%  16.0 3295s
 7240624 2498721 18527.0404  183   23 18523.0000 18529.6144  0.04%  16.0 3300s
 7249447 2502024 18529.6144  180   25 18523.0000 18529.6144  0.04%  16.0 3305s
 7260664 2506010 18529.6144  181   29 18523.0000 18529.6144  0.04%  16.0 3310s
 7271795 2509705 18526.9329  180   20 18523.0000 18529.6144  0.04%  16.0 3315s
 7284955 2514857 18529.0273  174   21 18523.0000 18529.6144  0.04%  16.0 3320s
 7297482 2519748     cutoff  199      18523.0000 18529.6144  0.04%  16.0 3325s
 7308171 2523346 18529.0273  176   24 18523.0000 18529.6144  0.04%  16.0 3330s
 7321836 2528578     cutoff  191      18523.0000 18529.6144  0.04%  16.0 3335s
 7336758 2533044     cutoff  175      18523.0000 18529.6144  0.04%  16.0 3340s
 7348612 2536708     cutoff  186      18523.0000 18529.6144  0.04%  16.0 3345s
 7363319 2540763     cutoff  183      18523.0000 18529.6144  0.04%  16.0 3350s
 7374455 2544358 18529.6139  178   36 18523.0000 18529.6144  0.04%  16.0 3355s
 7385379 2548537 18529.3344  183   28 18523.0000 18529.6144  0.04%  16.0 3360s
 7394989 2551804     cutoff  186      18523.0000 18529.6144  0.04%  16.0 3365s
 7405899 2555350 18529.4600  174   34 18523.0000 18529.6144  0.04%  16.0 3371s
 7411237 2557348 18525.4545  184   27 18523.0000 18529.6144  0.04%  16.0 3375s
 7422396 2560865 18529.6143  172   31 18523.0000 18529.6144  0.04%  16.0 3380s
 7429824 2563721 18529.6144  158   24 18523.0000 18529.6144  0.04%  16.0 3385s
 7439073 2566652 18529.5252  173   38 18523.0000 18529.6144  0.04%  16.0 3390s
 7448112 2569855     cutoff  171      18523.0000 18529.6144  0.04%  16.0 3395s
 7455495 2572302 18529.6142  167   32 18523.0000 18529.6144  0.04%  16.0 3401s
 7465001 2576612 18529.1755  155   35 18523.0000 18529.6144  0.04%  16.0 3406s
 7471057 2578661 18528.2768  172   16 18523.0000 18529.6144  0.04%  16.0 3410s
 7481412 2583560     cutoff  178      18523.0000 18529.6144  0.04%  16.0 3415s
 7487232 2585249 18529.0273  177   16 18523.0000 18529.6144  0.04%  16.0 3420s
 7494991 2588675     cutoff  195      18523.0000 18529.6144  0.04%  16.0 3425s
 7506516 2593501 18529.0008  193   17 18523.0000 18529.6144  0.04%  16.0 3430s
 7519288 2598093     cutoff  177      18523.0000 18529.6144  0.04%  16.0 3437s
 7526603 2600768 18529.0273  179   23 18523.0000 18529.6144  0.04%  16.0 3440s
 7537992 2604710     cutoff  189      18523.0000 18529.6144  0.04%  16.0 3446s
 7545854 2608289     cutoff  183      18523.0000 18529.6144  0.04%  16.0 3450s
 7556919 2612942 18529.6144  164   24 18523.0000 18529.6144  0.04%  16.0 3455s
 7565956 2616950 18529.6144  159   33 18523.0000 18529.6144  0.04%  16.0 3460s
 7572791 2619979     cutoff  186      18523.0000 18529.6144  0.04%  16.0 3465s
 7583434 2624220 18524.5396  171   23 18523.0000 18529.6144  0.04%  16.0 3470s
 7594517 2628146 18526.3002  178   21 18523.0000 18529.6144  0.04%  16.0 3475s
 7604106 2631543 18526.1277  162   17 18523.0000 18529.6144  0.04%  16.0 3480s
 7617134 2635855     cutoff  182      18523.0000 18529.6144  0.04%  16.0 3485s
 7628174 2639953 18529.6144  159   27 18523.0000 18529.6144  0.04%  16.0 3490s
 7640583 2644102     cutoff  191      18523.0000 18529.6144  0.04%  16.0 3495s
 7653494 2648196     cutoff  167      18523.0000 18529.6144  0.04%  16.0 3500s
 7664635 2652208 18524.3200  179   20 18523.0000 18529.6144  0.04%  16.0 3506s
 7675280 2655729     cutoff  164      18523.0000 18529.6144  0.04%  16.0 3510s
 7684359 2658709     cutoff  198      18523.0000 18529.6144  0.04%  16.0 3515s
 7694057 2661773 18529.6144  188   24 18523.0000 18529.6144  0.04%  16.0 3520s
 7704851 2665616 18529.1270  164   20 18523.0000 18529.6144  0.04%  16.0 3525s
 7717384 2669698     cutoff  205      18523.0000 18529.6144  0.04%  16.0 3530s
 7729127 2672801 18529.3033  192   46 18523.0000 18529.6144  0.04%  16.0 3537s
 7735922 2674982     cutoff  196      18523.0000 18529.6144  0.04%  16.0 3541s
 7743562 2677282     cutoff  178      18523.0000 18529.6144  0.04%  16.0 3545s
 7756720 2681415 18525.5584  168   37 18523.0000 18529.6144  0.04%  16.0 3550s
 7768835 2685459 18529.5372  153   36 18523.0000 18529.6144  0.04%  16.0 3555s
 7779468 2688984 18529.5910  182   34 18523.0000 18529.6144  0.04%  16.0 3560s
 7791118 2692429 18529.4728  199   35 18523.0000 18529.6144  0.04%  16.0 3565s
 7800312 2695254 18529.2020  154   32 18523.0000 18529.6144  0.04%  16.0 3570s
 7814921 2699638 18527.5654  185   22 18523.0000 18529.6144  0.04%  16.0 3576s
 7824107 2702388     cutoff  171      18523.0000 18529.6144  0.04%  16.0 3580s
 7835002 2705630 18529.0273  167   12 18523.0000 18529.6144  0.04%  16.0 3585s
 7844031 2708215 18529.0273  178   32 18523.0000 18529.6144  0.04%  16.0 3590s
 7854535 2711137 18529.6079  188   25 18523.0000 18529.6144  0.04%  16.0 3595s
 7863585 2713539 18527.2583  163   52 18523.0000 18529.6144  0.04%  16.0 3600s

Cutting planes:
  Gomory: 12
  Cover: 838
  Clique: 2
  MIR: 27
  StrongCG: 21
  Flow cover: 17
  Inf proof: 2
  Zero half: 2
  RLT: 2

Explored 7865097 nodes (126178758 simplex iterations) in 3600.07 seconds
Thread count was 12 (of 12 available processors)

Solution count 9: 18523 18458 18447 ... 16708

Time limit reached
Best objective 1.852300000000e+04, best bound 1.852900000000e+04, gap 0.0324%
