
Gurobi 9.1.2 (win64, Java) logging started Fri Nov 12 11:13:01 2021

Academic license - for non-commercial use only - expires 2022-10-30
Gurobi Optimizer version 9.1.2 build v9.1.2rc0 (win64)
Thread count: 6 physical cores, 12 logical processors, using up to 12 threads
Optimize a model with 70 rows, 600 columns and 1200 nonzeros
Model fingerprint: 0x125653d7
Variable types: 0 continuous, 600 integer (600 binary)
Coefficient statistics:
  Matrix range     [1e+00, 1e+03]
  Objective range  [2e+02, 9e+02]
  Bounds range     [1e+00, 1e+00]
  RHS range        [1e+00, 3e+03]
Found heuristic solution: objective 17111.000000
Presolve removed 0 rows and 114 columns
Presolve time: 0.01s
Presolved: 70 rows, 486 columns, 972 nonzeros
Variable types: 0 continuous, 486 integer (486 binary)
Presolved: 70 rows, 486 columns, 972 nonzeros


Root relaxation: objective 1.969699e+04, 160 iterations, 0.00 seconds

    Nodes    |    Current Node    |     Objective Bounds      |     Work
 Expl Unexpl |  Obj  Depth IntInf | Incumbent    BestBd   Gap | It/Node Time

     0     0 19696.9940    0   12 17111.0000 19696.9940  15.1%     -    0s
H    0     0                    19007.000000 19696.9940  3.63%     -    0s
H    0     0                    19078.000000 19696.9940  3.24%     -    0s
H    0     0                    19346.000000 19696.9940  1.81%     -    0s
H    0     0                    19528.000000 19696.9940  0.87%     -    0s
     0     0 19687.8701    0   22 19528.0000 19687.8701  0.82%     -    0s
     0     0 19687.8701    0   22 19528.0000 19687.8701  0.82%     -    0s
     0     0 19683.6207    0   31 19528.0000 19683.6207  0.80%     -    0s
     0     0 19683.6207    0   27 19528.0000 19683.6207  0.80%     -    0s
     0     0 19683.6207    0   24 19528.0000 19683.6207  0.80%     -    0s
     0     0 19683.6207    0   29 19528.0000 19683.6207  0.80%     -    0s
     0     0 19683.6207    0   14 19528.0000 19683.6207  0.80%     -    0s
     0     0 19683.6207    0   14 19528.0000 19683.6207  0.80%     -    0s
     0     0 19683.6207    0   17 19528.0000 19683.6207  0.80%     -    0s
     0     0 19683.6207    0   13 19528.0000 19683.6207  0.80%     -    0s
     0     2 19683.6207    0   13 19528.0000 19683.6207  0.80%     -    0s
H   31    39                    19542.000000 19683.6207  0.72%  19.9    1s
H   37    39                    19543.000000 19683.6207  0.72%  17.7    1s
H  187   323                    19554.000000 19683.6207  0.66%   8.9    2s
H  321   323                    19650.000000 19683.6207  0.17%   8.0    2s
  2579  2179 19683.6207   21   17 19650.0000 19683.6207  0.17%   6.8    5s
H 2599  2067                    19651.000000 19683.6207  0.17%   6.8    5s
 36400 25730 19668.2275  127   13 19651.0000 19683.3013  0.16%   6.6   10s
 36441 25757 19652.3941   46   22 19651.0000 19672.3146  0.11%   6.6   15s
 70237 38839 19661.6670   86   22 19651.0000 19669.1049  0.09%   5.9   20s
 123823 59421 19659.7528  100   14 19651.0000 19668.7857  0.09%   5.8   25s
 159913 81412 19668.4105  110   26 19651.0000 19668.7857  0.09%   6.1   30s
 174306 91092     cutoff  131      19651.0000 19668.7857  0.09%   6.4   35s
 199020 106627 19662.3046  119   20 19651.0000 19668.7857  0.09%   7.1   40s
 227642 124181 19653.6663  125   28 19651.0000 19668.7857  0.09%   8.1   45s
 255238 140388     cutoff  125      19651.0000 19668.7857  0.09%   8.9   50s
 279297 155188 19653.6914   87   33 19651.0000 19668.7857  0.09%   9.7   55s
 301792 168861 19662.4116  106   40 19651.0000 19668.7857  0.09%  10.5   60s
 311428 180889 19668.6756   99   39 19651.0000 19668.7857  0.09%  10.8   67s
 336679 190503 19657.8792   97   32 19651.0000 19668.7857  0.09%  11.4   70s
 361041 205783 19668.0274  104   36 19651.0000 19668.7857  0.09%  12.1   75s
 381537 217520 19666.1130   99   29 19651.0000 19668.7857  0.09%  12.5   80s
 405725 231329 19666.0212  102   39 19651.0000 19668.7680  0.09%  12.9   85s
 427892 244071 19660.3921   95   39 19651.0000 19668.6631  0.09%  13.2   90s
 441490 252011 19661.6850  105   44 19651.0000 19668.6536  0.09%  13.6   95s
 457975 261939 19665.9801   96   33 19651.0000 19668.6536  0.09%  14.0  100s
 473731 271420 19661.4056   96   41 19651.0000 19668.6536  0.09%  14.3  105s
 488049 279882 19660.1066  100   26 19651.0000 19668.6523  0.09%  14.6  110s
 505271 290832 19668.6523   78   48 19651.0000 19668.6523  0.09%  15.0  115s
 519581 300302 19660.8949   81   30 19651.0000 19668.6523  0.09%  15.3  120s
 533757 309366 19653.9564  101   26 19651.0000 19668.6523  0.09%  15.7  125s
 549329 318757 19654.3734  120   29 19651.0000 19668.6523  0.09%  15.9  130s
 569858 329362 19654.7516  123   30 19651.0000 19668.6523  0.09%  16.2  135s
 582285 336705 19654.8293  111   39 19651.0000 19668.6523  0.09%  16.3  140s
 599918 346170 19662.0810   79   31 19651.0000 19668.6523  0.09%  16.5  145s
 617923 356415 19655.4729   93   37 19651.0000 19668.6523  0.09%  16.7  150s
 632307 364742 19654.8293  114   35 19651.0000 19668.6523  0.09%  16.9  155s
 648556 373871 19659.8691  107   47 19651.0000 19668.6523  0.09%  17.1  160s
 668281 384940 19658.6185   96   32 19651.0000 19668.6523  0.09%  17.3  165s
 682479 393121 19660.6212   83   26 19651.0000 19668.6523  0.09%  17.4  170s
 698756 402660 19668.6523   81   43 19651.0000 19668.6523  0.09%  17.5  175s
 706389 406773 19660.6212   99   34 19651.0000 19668.6523  0.09%  17.6  180s
 715812 411729 19659.8691   98   33 19651.0000 19668.6523  0.09%  17.7  185s
 722868 415487 19660.5118  107   45 19651.0000 19668.6523  0.09%  17.8  190s
 735118 423285 19667.5996   85   39 19651.0000 19668.6523  0.09%  17.9  195s
 749782 432279 19654.5612  118   16 19651.0000 19668.6523  0.09%  18.1  200s
 762339 439582 19664.9799   84   39 19651.0000 19668.6523  0.09%  18.2  205s
 776870 447764 19660.8949   92   30 19651.0000 19668.6523  0.09%  18.3  210s
 792993 456552     cutoff  105      19651.0000 19668.6523  0.09%  18.4  215s
 804115 463743 19665.6502   97   50 19651.0000 19668.6523  0.09%  18.5  220s
 818455 472213 19660.8949   92   25 19651.0000 19668.6523  0.09%  18.6  225s
 831052 479574 19656.8193   97   35 19651.0000 19668.6523  0.09%  18.7  230s
 847769 489672 19656.4479   96   36 19651.0000 19668.6523  0.09%  18.8  235s
 862571 497374 19659.1118   97   36 19651.0000 19668.6523  0.09%  18.9  240s
 869767 501993 19659.2966  111   31 19651.0000 19668.6523  0.09%  18.9  245s
 882985 509676 19661.8224   89   33 19651.0000 19668.6523  0.09%  19.0  250s
 898829 518166     cutoff  107      19651.0000 19668.6523  0.09%  19.2  255s
 915060 527609     cutoff   94      19651.0000 19668.6511  0.09%  19.2  260s
 928794 534413 19654.8293  110   16 19651.0000 19668.6406  0.09%  19.3  265s
 943656 542643     cutoff   97      19651.0000 19668.6170  0.09%  19.3  270s
 958724 550223 19668.5743   90   38 19651.0000 19668.5749  0.09%  19.3  275s
 971958 557225 19657.7420  101   30 19651.0000 19668.5727  0.09%  19.4  280s
 987180 565299 19656.5450  104   29 19651.0000 19668.5511  0.09%  19.4  285s
 999945 571780     cutoff  110      19651.0000 19668.5339  0.09%  19.4  290s
 1013983 579044     cutoff  103      19651.0000 19668.5311  0.09%  19.5  295s
 1027018 586535 19652.0000  134   13 19651.0000 19668.5311  0.09%  19.6  300s
 1037862 592416 19665.5542   96   47 19651.0000 19668.5311  0.09%  19.6  305s
 1049402 598170 19662.0810  102   24 19651.0000 19668.5311  0.09%  19.7  310s
 1060641 604426 19661.2974   89   40 19651.0000 19668.5211  0.09%  19.7  315s
 1070133 608651 19660.4249   99   24 19651.0000 19668.5007  0.09%  19.7  320s
 1082133 615783 19664.7620   82   40 19651.0000 19668.4970  0.09%  19.7  325s
 1096885 623204 19655.9604   88   29 19651.0000 19668.4970  0.09%  19.7  330s
 1107660 629204 19658.8445  116   30 19651.0000 19668.4959  0.09%  19.8  335s
 1114781 633383 19656.7030  102   41 19651.0000 19668.4959  0.09%  19.9  340s
 1125631 640543 19668.4959   89   37 19651.0000 19668.4959  0.09%  20.1  346s
 1131771 644220 19668.4959   77   38 19651.0000 19668.4959  0.09%  20.2  350s
 1141401 650367 19655.9431   89   47 19651.0000 19668.4959  0.09%  20.3  355s
 1152058 656764 19665.2683   95   37 19651.0000 19668.4959  0.09%  20.4  360s
 1159928 661398 19656.5955   83   32 19651.0000 19668.4959  0.09%  20.5  365s
 1166625 665290 19654.2023  120   33 19651.0000 19668.4959  0.09%  20.6  370s
 1174145 669711 19666.5456   81   56 19651.0000 19668.4959  0.09%  20.7  375s
 1179868 671930     cutoff   79      19651.0000 19668.4959  0.09%  20.7  380s
 1180090 678807 19656.3870  109   40 19651.0000 19668.4959  0.09%  20.7  385s
 1198809 683725 19656.1587   90   42 19651.0000 19668.4959  0.09%  20.9  390s
 1210299 690269     cutoff   87      19651.0000 19668.4959  0.09%  21.0  395s
 1220703 695685 19656.6970  117   44 19651.0000 19668.4959  0.09%  21.1  400s
 1231908 702511 19665.4612   98   43 19651.0000 19668.4959  0.09%  21.2  405s
 1243756 708962 19668.2543   81   32 19651.0000 19668.4959  0.09%  21.4  410s
 1254366 715074 19657.9209  103   29 19651.0000 19668.4959  0.09%  21.5  415s
 1263471 719903 19663.2622   92   44 19651.0000 19668.4959  0.09%  21.6  420s
 1272396 724395 19664.8403   94   43 19651.0000 19668.4959  0.09%  21.6  425s
 1280909 729565 19654.2023  100   34 19651.0000 19668.4959  0.09%  21.7  430s
 1291403 735524 19654.6496   94   38 19651.0000 19668.4959  0.09%  21.8  435s
 1300661 740732 19660.1066  109   41 19651.0000 19668.4959  0.09%  21.9  440s
 1309033 745168 19654.4701   98   29 19651.0000 19668.4959  0.09%  22.0  445s
 1320848 751804     cutoff   99      19651.0000 19668.4959  0.09%  22.1  450s
 1333048 758564     cutoff   97      19651.0000 19668.4959  0.09%  22.2  455s
 1344080 764199 19660.6272   95   33 19651.0000 19668.4959  0.09%  22.3  460s
 1353633 769835 19665.2648   94   41 19651.0000 19668.4808  0.09%  22.3  465s
 1363553 775327 19656.7030  105   37 19651.0000 19668.4713  0.09%  22.4  470s
 1372505 780533 19668.2543   97   43 19651.0000 19668.4713  0.09%  22.5  475s
 1381459 785903 19653.7845  100   34 19651.0000 19668.4713  0.09%  22.6  481s
 1387283 788972     cutoff  106      19651.0000 19668.4713  0.09%  22.7  485s
 1399484 796665 19652.7003   94   37 19651.0000 19668.4547  0.09%  22.7  490s
 1410453 804295 19662.7807   66   39 19651.0000 19668.4547  0.09%  22.8  495s
 1419720 810321 19663.2673   72   45 19651.0000 19668.4547  0.09%  22.8  500s
 1427008 815230 19660.9779   74   37 19651.0000 19668.4547  0.09%  22.9  505s
 1438091 822919 19661.6670   83   41 19651.0000 19668.4547  0.09%  22.9  510s
 1449858 830609 19653.0076   70   36 19651.0000 19668.4547  0.09%  22.9  515s
 1456669 835642 19662.7608   82   43 19651.0000 19668.4547  0.09%  23.0  520s
 1466240 842145 19654.9182   90   37 19651.0000 19668.4547  0.09%  23.0  525s
 1475767 847179 19658.7574   81   35 19651.0000 19668.4369  0.09%  23.0  530s
 1482499 850554 19657.7143  106   19 19651.0000 19668.4105  0.09%  23.0  535s
 1489478 854804 19658.1198  108   27 19651.0000 19668.4105  0.09%  23.1  540s
 1495602 858451 19665.8160   89   37 19651.0000 19668.4105  0.09%  23.2  545s
 1503611 862600 19668.4074   95   40 19651.0000 19668.4105  0.09%  23.3  550s
 1512611 867281 19659.9058  118   47 19651.0000 19668.4105  0.09%  23.3  555s
 1519566 870765 19656.4479   99   45 19651.0000 19668.4105  0.09%  23.4  561s
 1526896 874370 19659.8240  106   47 19651.0000 19668.4105  0.09%  23.4  566s
 1533714 877966 19660.7264   93   43 19651.0000 19668.4105  0.09%  23.5  571s
 1539641 880643 19665.5349   94   41 19651.0000 19668.4105  0.09%  23.5  575s
 1544690 883224 19668.3393   94   48 19651.0000 19668.4105  0.09%  23.6  580s
 1553858 887204 19660.4157  100   45 19651.0000 19668.4074  0.09%  23.7  585s
 1562839 891453 19665.0422   96   50 19651.0000 19668.4074  0.09%  23.7  590s
 1571928 895150 19659.7167   91   42 19651.0000 19668.4074  0.09%  23.8  596s
 1578677 898635 19665.5349  104   45 19651.0000 19668.4074  0.09%  23.8  600s
 1585588 901727 19657.5140   91   34 19651.0000 19668.4074  0.09%  23.9  605s
 1596073 907091 19654.1622  109   30 19651.0000 19668.4003  0.09%  23.9  610s
 1604465 911039 19660.6272   88   41 19651.0000 19668.3964  0.09%  23.9  615s
 1615126 915614 19652.0395  119   27 19651.0000 19668.3964  0.09%  24.0  621s
 1622693 919833 19666.5819   81   34 19651.0000 19668.3950  0.09%  24.0  627s
 1626040 922833 19661.2090   76   29 19651.0000 19668.3950  0.09%  24.0  631s
 1632128 925510 19659.2772  111   30 19651.0000 19668.3949  0.09%  24.1  636s
 1637257 928768 19656.1322  113   31 19651.0000 19668.3899  0.09%  24.1  640s
 1646914 934168 19655.4729   95   30 19651.0000 19668.3558  0.09%  24.1  645s
 1657255 938989 19668.3393  111   50 19651.0000 19668.3403  0.09%  24.1  650s
 1665795 943576     cutoff  113      19651.0000 19668.3150  0.09%  24.1  655s
 1671841 946618 19668.1936   90   42 19651.0000 19668.3070  0.09%  24.1  660s
 1680297 951281 19661.6631   84   44 19651.0000 19668.3033  0.09%  24.2  665s
 1687691 954976 19655.4276  100   48 19651.0000 19668.2980  0.09%  24.2  670s
 1696642 959534 19660.0488   99   34 19651.0000 19668.2775  0.09%  24.2  675s
 1703403 963008 19661.7005   90   32 19651.0000 19668.2775  0.09%  24.2  680s
 1713842 968695 19654.5612  105   27 19651.0000 19668.2750  0.09%  24.2  685s
 1722898 973430 19657.7992  106   49 19651.0000 19668.2750  0.09%  24.3  691s
 1729925 978148 19655.0752  107   26 19651.0000 19668.2738  0.09%  24.3  696s
 1739271 982947 19661.6741   82   31 19651.0000 19668.2738  0.09%  24.3  700s
 1748459 988067 19654.2142  113   34 19651.0000 19668.2738  0.09%  24.2  705s
 1757359 992886     cutoff  117      19651.0000 19668.2738  0.09%  24.3  710s
 1766363 998285 19653.2271  128   16 19651.0000 19668.2738  0.09%  24.3  715s
 1777397 1004561 19664.4818   96   33 19651.0000 19668.2738  0.09%  24.3  720s
 1786459 1009289 19668.2738   89   32 19651.0000 19668.2738  0.09%  24.3  725s
 1795528 1014385 19654.7211  124   24 19651.0000 19668.2738  0.09%  24.3  730s
 1805681 1019271 19653.5853  127   22 19651.0000 19668.2732  0.09%  24.3  735s
 1814583 1024053 19668.0227   89   33 19651.0000 19668.2732  0.09%  24.3  740s
 1825442 1029466 19655.5153   97   48 19651.0000 19668.2687  0.09%  24.3  745s
 1834601 1034340 19652.1902  104   16 19651.0000 19668.2543  0.09%  24.3  750s
 1842514 1038781 19659.3705  105   34 19651.0000 19668.2543  0.09%  24.4  755s
 1847064 1041817 19668.2543   82   52 19651.0000 19668.2543  0.09%  24.4  760s
 1852590 1045040 19658.6592   96   46 19651.0000 19668.2543  0.09%  24.4  765s
 1857658 1047917 19657.2027  104   29 19651.0000 19668.2543  0.09%  24.5  770s
 1864314 1051590 19659.1257   90   40 19651.0000 19668.2543  0.09%  24.5  775s
 1871415 1055692 19666.6917   97   46 19651.0000 19668.2543  0.09%  24.6  780s
 1878542 1059613 19664.9580  104   35 19651.0000 19668.2543  0.09%  24.6  786s
 1885971 1063413 19654.3142   99   50 19651.0000 19668.2543  0.09%  24.6  790s
 1895532 1068527 19660.2886   95   38 19651.0000 19668.2543  0.09%  24.7  795s
 1903925 1072856 19656.9489   81   43 19651.0000 19668.2543  0.09%  24.7  801s
 1909130 1075654 19665.5378   96   32 19651.0000 19668.2543  0.09%  24.7  805s
 1914778 1077977 19652.2939  106   32 19651.0000 19668.2543  0.09%  24.7  810s
 1922438 1082536 19655.1105  102   38 19651.0000 19668.2543  0.09%  24.8  815s
 1931293 1087249 19665.4505   87   41 19651.0000 19668.2543  0.09%  24.8  820s
 1941789 1092257 19660.9491   80   40 19651.0000 19668.2543  0.09%  24.8  825s
 1952018 1097605 19657.4696  105   43 19651.0000 19668.2543  0.09%  24.9  830s
 1958682 1100845 19665.4612  102   48 19651.0000 19668.2543  0.09%  24.9  835s
 1967731 1105405 19658.5301   95   31 19651.0000 19668.2543  0.09%  24.9  840s
 1975000 1108776 19656.0709  105   21 19651.0000 19668.2543  0.09%  25.0  845s
 1981780 1112685 19663.1536   91   48 19651.0000 19668.2543  0.09%  25.0  850s
 1993103 1118177     cutoff  116      19651.0000 19668.2543  0.09%  25.0  855s
 2001715 1123136 19668.2543   92   41 19651.0000 19668.2543  0.09%  25.1  860s
 2008537 1126417 19659.7385  112   36 19651.0000 19668.2543  0.09%  25.1  865s
 2016724 1130680     cutoff  115      19651.0000 19668.2543  0.09%  25.1  870s
 2024145 1134476 19660.1066  102   51 19651.0000 19668.2543  0.09%  25.2  875s
 2033030 1138930 19655.5434  113   32 19651.0000 19668.2543  0.09%  25.2  880s
 2042103 1143421     cutoff  104      19651.0000 19668.2543  0.09%  25.2  885s
 2050738 1147864 19657.6529   99   45 19651.0000 19668.2543  0.09%  25.3  890s
 2059963 1152845     cutoff  107      19651.0000 19668.2543  0.09%  25.3  895s
 2068738 1157067 19656.9489   95   30 19651.0000 19668.2543  0.09%  25.3  901s
 2074031 1160314 19663.1536   97   31 19651.0000 19668.2543  0.09%  25.3  905s
 2085215 1166051     cutoff  116      19651.0000 19668.2543  0.09%  25.4  910s
 2094232 1170769 19652.6930  102   38 19651.0000 19668.2543  0.09%  25.4  915s
 2103024 1175503 19652.0000  102   21 19651.0000 19668.2543  0.09%  25.5  920s
 2112363 1180169 19656.5450  116   35 19651.0000 19668.2543  0.09%  25.5  925s
 2119378 1183800 19667.8336   91   38 19651.0000 19668.2543  0.09%  25.5  930s
 2129442 1189249 19660.2886   75   42 19651.0000 19668.2543  0.09%  25.5  935s
 2138544 1194034 19657.4446  104   43 19651.0000 19668.2543  0.09%  25.6  940s
 2147200 1198599 19668.2543   89   33 19651.0000 19668.2543  0.09%  25.6  945s
 2154755 1202726 19663.1536   83   39 19651.0000 19668.2543  0.09%  25.6  950s
 2160427 1205555 19656.3870  105   25 19651.0000 19668.2543  0.09%  25.6  955s
 2169183 1210053 19652.6930   94   28 19651.0000 19668.2543  0.09%  25.7  960s
 2176482 1213882 19665.4612   84   35 19651.0000 19668.2543  0.09%  25.7  965s
 2185412 1218763     cutoff   99      19651.0000 19668.2543  0.09%  25.7  971s
 2192812 1222901 19652.6497  111   30 19651.0000 19668.2543  0.09%  25.7  975s
 2196804 1230594 19652.6930  121   42 19651.0000 19668.2543  0.09%  25.7  985s
 2212243 1233210 19659.2377   98   28 19651.0000 19668.2543  0.09%  25.8  990s
 2223022 1238790 19659.6097  103   44 19651.0000 19668.2543  0.09%  25.8  995s
 2235815 1244868 19656.6906  100   40 19651.0000 19668.2421  0.09%  25.8 1000s
 2246143 1249605     cutoff  111      19651.0000 19668.2338  0.09%  25.8 1005s
 2255954 1254049 19655.4729   97   40 19651.0000 19668.2282  0.09%  25.8 1010s
 2265165 1257897 19656.3166  104   38 19651.0000 19668.2282  0.09%  25.8 1015s
 2275795 1262995 19663.0566  103   47 19651.0000 19668.2110  0.09%  25.8 1021s
 2283121 1266382 19660.1092   90   40 19651.0000 19668.2050  0.09%  25.8 1025s
 2293960 1271950 19659.2266  101   53 19651.0000 19668.2019  0.09%  25.8 1030s
 2303352 1276146 19658.6592   91   50 19651.0000 19668.1936  0.09%  25.8 1036s
 2311527 1280357 19652.6930  112   36 19651.0000 19668.1936  0.09%  25.8 1040s
 2318997 1285246 19667.1938   88   38 19651.0000 19668.1870  0.09%  25.8 1045s
 2329041 1292291 19653.6609  108   22 19651.0000 19668.1870  0.09%  25.8 1050s
 2334672 1296285 19666.9898   82   44 19651.0000 19668.1870  0.09%  25.9 1056s
 2338469 1298697 19668.1824   96   48 19651.0000 19668.1870  0.09%  25.9 1060s
 2347557 1304867 19654.9079  115   31 19651.0000 19668.1870  0.09%  25.9 1065s
 2356722 1310953 19653.6609  105   26 19651.0000 19668.1870  0.09%  25.9 1070s
 2365471 1316957 19666.9898   82   36 19651.0000 19668.1870  0.09%  25.9 1075s
 2372844 1321768 19660.4679  108   25 19651.0000 19668.1870  0.09%  25.9 1080s
 2381942 1328001 19666.7911   85   37 19651.0000 19668.1870  0.09%  25.9 1085s
 2387529 1331802 19666.3981   91   34 19651.0000 19668.1870  0.09%  25.9 1091s
 2395172 1336895 19652.4332  101   45 19651.0000 19668.1870  0.09%  25.9 1096s
 2400698 1340227 19666.7911   91   32 19651.0000 19668.1870  0.09%  25.9 1100s
 2407803 1345179 19667.1093   75   48 19651.0000 19668.1870  0.09%  25.9 1105s
 2415382 1350216 19661.5335  103   35 19651.0000 19668.1870  0.09%  25.9 1110s
 2420713 1352727 19664.7500  103   44 19651.0000 19668.1870  0.09%  25.9 1117s
 2423378 1355304 19661.4020  121   22 19651.0000 19668.1870  0.09%  25.9 1120s
 2431525 1360326 19656.2874   97   20 19651.0000 19668.1870  0.09%  25.9 1125s
 2441026 1365893     cutoff  116      19651.0000 19668.1870  0.09%  26.0 1131s
 2448176 1370439 19661.9938  100   22 19651.0000 19668.1824  0.09%  26.0 1135s
 2455290 1375192 19658.6563   89   24 19651.0000 19668.1824  0.09%  26.0 1140s
 2462415 1380035 19666.4749   94   37 19651.0000 19668.1824  0.09%  26.0 1145s
 2470218 1384937 19665.3334   92   37 19651.0000 19668.1824  0.09%  26.0 1150s
 2476978 1388987 19661.9938   92   40 19651.0000 19668.1824  0.09%  26.0 1156s
 2482414 1393006 19663.5753  107   44 19651.0000 19668.1824  0.09%  26.0 1160s
 2490267 1397937 19665.4452  102   30 19651.0000 19668.1824  0.09%  26.0 1165s
 2495361 1401466 19660.4216  106   39 19651.0000 19668.1824  0.09%  26.0 1170s
 2502866 1406217 19665.9059   96   47 19651.0000 19668.1824  0.09%  26.0 1175s
 2510265 1410952 19665.3334  103   48 19651.0000 19668.1824  0.09%  26.0 1180s
 2517344 1415645 19657.2574   98   47 19651.0000 19668.1824  0.09%  26.0 1185s
 2522884 1419334 19666.9898   94   44 19651.0000 19668.1824  0.09%  26.1 1190s
 2531745 1424799 19666.9898   99   41 19651.0000 19668.1824  0.09%  26.1 1195s
 2539418 1429870 19667.1938   92   39 19651.0000 19668.1824  0.09%  26.1 1200s
 2548557 1435940 19666.9898   87   38 19651.0000 19668.1824  0.09%  26.1 1205s
 2557900 1441865 19658.3987  102   29 19651.0000 19668.1824  0.09%  26.1 1210s
 2564748 1446321 19666.9898   91   34 19651.0000 19668.1824  0.09%  26.1 1215s
 2572334 1451490 19668.1824   93   47 19651.0000 19668.1824  0.09%  26.1 1220s
 2580007 1456579 19663.1103   92   26 19651.0000 19668.1824  0.09%  26.1 1225s
 2586886 1461043 19666.7817   82   41 19651.0000 19668.1824  0.09%  26.1 1230s
 2594619 1466081 19659.2447  117   34 19651.0000 19668.1824  0.09%  26.1 1235s
 2601661 1470524     cutoff  109      19651.0000 19668.1824  0.09%  26.1 1240s
 2609402 1475446 19652.8519  107   23 19651.0000 19668.1824  0.09%  26.1 1245s
 2618230 1481530 19666.9898   85   39 19651.0000 19668.1824  0.09%  26.2 1250s
 2627071 1487466 19654.9670  101   48 19651.0000 19668.1824  0.09%  26.2 1256s
 2634660 1492521 19666.9898   89   42 19651.0000 19668.1824  0.09%  26.2 1260s
 2642025 1497286 19662.6103  119   27 19651.0000 19668.1824  0.09%  26.2 1265s
 2649664 1502469 19665.1409   91   39 19651.0000 19668.1824  0.09%  26.2 1270s
 2655650 1506224 19667.1938   76   44 19651.0000 19668.1824  0.09%  26.2 1275s
 2662728 1510773 19654.0226  100   33 19651.0000 19668.1824  0.09%  26.2 1281s
 2668214 1514489 19663.9769   88   25 19651.0000 19668.1824  0.09%  26.2 1285s
 2670421 1515988 19656.6169  115   37 19651.0000 19668.1824  0.09%  26.2 1290s
 2677905 1520869 19666.9898   86   40 19651.0000 19668.1824  0.09%  26.2 1295s
 2686273 1525121 19666.9898   94   54 19651.0000 19668.1824  0.09%  26.2 1301s
 2691239 1528727 19656.0565  100   33 19651.0000 19668.1824  0.09%  26.2 1305s
 2699636 1534336 19662.0410   85   34 19651.0000 19668.1728  0.09%  26.2 1310s
 2708016 1538082 19665.4612   94   34 19651.0000 19668.1681  0.09%  26.2 1315s
 2716853 1542662 19655.6342  110   43 19651.0000 19668.1458  0.09%  26.2 1320s
 2723947 1546638 19655.3448   99   30 19651.0000 19668.1426  0.09%  26.2 1326s
 2729351 1549777 19664.7500   96   46 19651.0000 19668.1426  0.09%  26.2 1330s
 2738332 1554968 19666.7911  100   38 19651.0000 19668.1426  0.09%  26.2 1335s
 2745835 1558777 19666.7911   89   51 19651.0000 19668.1426  0.09%  26.2 1340s
 2753176 1562776 19654.7992  114   46 19651.0000 19668.1426  0.09%  26.2 1345s
 2762250 1568131 19665.0524   92   33 19651.0000 19668.1426  0.09%  26.2 1350s
 2769796 1572396 19666.7911   93   43 19651.0000 19668.1426  0.09%  26.2 1355s
 2777576 1576765 19668.1426   98   32 19651.0000 19668.1426  0.09%  26.2 1360s
 2785217 1581187 19653.3750   96   20 19651.0000 19668.1426  0.09%  26.2 1365s
 2794580 1586846 19668.1426   88   38 19651.0000 19668.1426  0.09%  26.2 1370s
 2801755 1591229 19658.4558   95   45 19651.0000 19668.1426  0.09%  26.2 1375s
 2807580 1594432 19660.9059   80   39 19651.0000 19668.1426  0.09%  26.2 1380s
 2814899 1598770 19668.1311   95   44 19651.0000 19668.1426  0.09%  26.2 1385s
 2824323 1604314 19668.1426   87   47 19651.0000 19668.1426  0.09%  26.2 1390s
 2830022 1607609 19653.6609  107   36 19651.0000 19668.1426  0.09%  26.2 1395s
 2837399 1611664 19667.7052   90   35 19651.0000 19668.1426  0.09%  26.2 1400s
 2841253 1612893 19654.9142   96   32 19651.0000 19668.1426  0.09%  26.2 1408s
 2841268 1619683 19659.4937   95   41 19651.0000 19668.1426  0.09%  26.2 1413s
 2853280 1620841     cutoff  102      19651.0000 19668.1426  0.09%  26.2 1416s
 2861228 1624978 19665.9861   97   51 19651.0000 19668.1426  0.09%  26.2 1421s
 2868663 1629418 19663.2275  104   42 19651.0000 19668.1426  0.09%  26.2 1426s
 2876230 1633947 19666.1707   91   42 19651.0000 19668.1426  0.09%  26.2 1431s
 2881882 1637130 19659.0481   96   36 19651.0000 19668.1426  0.09%  26.2 1436s
 2885473 1639306 19664.7500   97   20 19651.0000 19668.1426  0.09%  26.2 1440s
 2891409 1642625 19664.7500  112   44 19651.0000 19668.1426  0.09%  26.2 1445s
 2897391 1645997 19657.0060  102   25 19651.0000 19668.1426  0.09%  26.2 1450s
 2906641 1651137 19666.0505   97   40 19651.0000 19668.1426  0.09%  26.2 1456s
 2914439 1655248 19664.7500   89   34 19651.0000 19668.1426  0.09%  26.2 1460s
 2922159 1659295 19664.0136   91   41 19651.0000 19668.1363  0.09%  26.2 1465s
 2930979 1664171 19660.2834   96   48 19651.0000 19668.1255  0.09%  26.2 1470s
 2940919 1669020 19654.3198  103   24 19651.0000 19668.0954  0.09%  26.2 1475s
 2948806 1672972 19654.1964  100   36 19651.0000 19668.0906  0.09%  26.2 1480s
 2960142 1679238 19668.0906   93   37 19651.0000 19668.0906  0.09%  26.2 1486s
 2967084 1683223 19656.2648  107   45 19651.0000 19668.0906  0.09%  26.2 1490s
 2974971 1687066 19658.9606  110   26 19651.0000 19668.0785  0.09%  26.1 1495s
 2985105 1692277     cutoff  102      19651.0000 19668.0621  0.09%  26.1 1500s
 2992807 1696907 19661.2090   89   31 19651.0000 19668.0494  0.09%  26.1 1505s
 3001344 1701430 19657.6757  101   32 19651.0000 19668.0447  0.09%  26.1 1510s
 3008057 1705119 19660.2886   77   35 19651.0000 19668.0447  0.09%  26.1 1515s
 3012785 1707548 19654.6182   95   50 19651.0000 19668.0447  0.09%  26.1 1520s
 3019838 1711139 19667.6109   92   37 19651.0000 19668.0447  0.09%  26.2 1526s
 3025660 1713797 19660.2886  105   36 19651.0000 19668.0447  0.09%  26.2 1530s
 3034330 1718635     cutoff  104      19651.0000 19668.0380  0.09%  26.2 1535s
 3044331 1723659 19653.7000  114   19 19651.0000 19668.0275  0.09%  26.2 1540s
 3049847 1726636     cutoff  101      19651.0000 19668.0122  0.09%  26.2 1545s
 3057232 1730171 19665.7962   96   37 19651.0000 19667.9982  0.09%  26.2 1550s
 3063061 1733203 19666.6917   97   46 19651.0000 19667.9982  0.09%  26.2 1556s
 3067710 1735924 19652.2939  101   40 19651.0000 19667.9982  0.09%  26.2 1561s
 3071415 1737979 19666.6917   87   45 19651.0000 19667.9982  0.09%  26.2 1566s
 3075361 1739801     cutoff  113      19651.0000 19667.9982  0.09%  26.3 1570s
 3079265 1741580 19654.2023  111   20 19651.0000 19667.9982  0.09%  26.3 1576s
 3083966 1744092 19654.2854  108   32 19651.0000 19667.9982  0.09%  26.3 1580s
 3089705 1746976 19656.0694  115   23 19651.0000 19667.9982  0.09%  26.3 1585s
 3098559 1752536 19658.5997  121   15 19651.0000 19667.9900  0.09%  26.3 1591s
 3104500 1755647 19653.3386  120   20 19651.0000 19667.9853  0.09%  26.3 1595s
 3112191 1759701     cutoff  118      19651.0000 19667.9770  0.09%  26.3 1600s
 3119647 1763808 19655.7973  132   16 19651.0000 19667.9727  0.09%  26.3 1605s
 3127570 1768226     cutoff  114      19651.0000 19667.9550  0.09%  26.3 1610s
 3135696 1773070 19661.4049  100   32 19651.0000 19667.9508  0.09%  26.3 1615s
 3140476 1776563 19655.4086   83   29 19651.0000 19667.9461  0.09%  26.3 1620s
 3146333 1780304     cutoff   98      19651.0000 19667.9461  0.09%  26.3 1625s
 3155763 1787069 19661.6670   83   40 19651.0000 19667.9461  0.09%  26.3 1630s
 3166720 1794719 19662.7608   80   46 19651.0000 19667.9461  0.09%  26.3 1635s
 3174013 1798938 19667.3650   85   41 19651.0000 19667.9461  0.09%  26.3 1641s
 3179364 1803016 19658.4480   78   32 19651.0000 19667.9461  0.09%  26.3 1645s
 3187280 1807864 19655.9304   94   29 19651.0000 19667.9461  0.09%  26.3 1650s
 3194937 1812899 19652.0000  129   13 19651.0000 19667.9461  0.09%  26.3 1655s
 3201748 1817033 19652.0000  113   17 19651.0000 19667.9461  0.09%  26.3 1660s
 3212948 1823393 19667.9321  100   26 19651.0000 19667.9321  0.09%  26.3 1665s
 3224484 1829269 19659.3157   97   31 19651.0000 19667.9321  0.09%  26.3 1670s
 3232983 1832704 19652.4408  101   35 19651.0000 19667.9316  0.09%  26.3 1675s
 3241137 1837384 19652.0468  109   28 19651.0000 19667.9302  0.09%  26.3 1680s
 3249956 1841672 19664.5649  116   34 19651.0000 19667.9140  0.09%  26.3 1685s
 3260770 1847731 19654.8260   95   23 19651.0000 19667.9140  0.09%  26.3 1690s
 3271416 1853493 19667.8751   87   49 19651.0000 19667.9051  0.09%  26.3 1695s
 3281301 1859161 19654.2023  107   33 19651.0000 19667.8989  0.09%  26.3 1700s
 3290815 1863795 19658.9258   94   37 19651.0000 19667.8846  0.09%  26.3 1705s
 3301961 1869664 19667.8846   80   45 19651.0000 19667.8846  0.09%  26.3 1710s
 3313298 1875480 19667.1460  103   35 19651.0000 19667.8846  0.09%  26.3 1715s
 3323888 1880828 19657.4293  106   45 19651.0000 19667.8846  0.09%  26.3 1720s
 3334472 1886442 19659.7385  114   43 19651.0000 19667.8846  0.09%  26.2 1725s
 3343585 1891418 19667.0046   97   37 19651.0000 19667.8846  0.09%  26.2 1730s
 3355014 1897232 19657.9404  116   33 19651.0000 19667.8759  0.09%  26.2 1735s
 3364673 1901657 19658.3449  109   38 19651.0000 19667.8417  0.09%  26.2 1743s
 3367003 1903527 19653.2609   96   31 19651.0000 19667.8382  0.09%  26.2 1745s
 3378482 1909459 19655.4729   97   39 19651.0000 19667.8295  0.09%  26.2 1750s
 3389177 1915018 19659.6256  100   40 19651.0000 19667.8191  0.09%  26.2 1755s
 3400661 1920554 19659.8179  104   30 19651.0000 19667.7818  0.09%  26.2 1760s
 3409872 1925007 19661.7230  103   39 19651.0000 19667.7773  0.09%  26.2 1765s
 3418217 1929572 infeasible  117      19651.0000 19667.7592  0.09%  26.2 1770s
 3427434 1934712 19659.8331   91   34 19651.0000 19667.7356  0.09%  26.2 1775s
 3435794 1939366 19653.6693  112   21 19651.0000 19667.7356  0.09%  26.1 1780s
 3444761 1944395 19667.7243   93   35 19651.0000 19667.7338  0.09%  26.1 1785s
 3452822 1949418 19663.3008   92   44 19651.0000 19667.7243  0.09%  26.1 1790s
 3457764 1952743 19654.0226   85   34 19651.0000 19667.7243  0.09%  26.1 1795s
 3467960 1959130 19657.4264   92   45 19651.0000 19667.7243  0.09%  26.1 1800s
 3476255 1963914 19666.4749   89   30 19651.0000 19667.7243  0.09%  26.1 1805s
 3484150 1968615 19667.7243   83   33 19651.0000 19667.7243  0.09%  26.0 1810s
 3492289 1973796 19661.6859   94   39 19651.0000 19667.7243  0.09%  26.0 1815s
 3502044 1979805 infeasible  113      19651.0000 19667.7243  0.09%  26.0 1821s
 3509750 1984324 19666.4749   90   48 19651.0000 19667.7243  0.09%  26.0 1825s
 3517623 1988783 19659.9990   85   41 19651.0000 19667.7176  0.09%  26.0 1830s
 3528347 1994016 19661.5910   97   39 19651.0000 19667.7118  0.09%  26.0 1835s
 3539013 1999256 19661.2974   98   30 19651.0000 19667.7118  0.09%  26.0 1841s
 3547925 2003545 19661.5910   95   32 19651.0000 19667.7118  0.09%  26.0 1845s
 3560406 2008934 19661.5910  104   34 19651.0000 19667.7118  0.09%  26.0 1850s
 3571017 2014099 19659.8864   95   30 19651.0000 19667.7118  0.09%  26.0 1855s
 3581471 2018798 19654.4045  113   45 19651.0000 19667.7118  0.09%  26.0 1860s
 3592305 2023693 19661.5910   89   31 19651.0000 19667.7118  0.09%  26.0 1865s
 3600960 2027798 19657.1364  101   36 19651.0000 19667.7118  0.09%  26.1 1870s
 3608096 2030982 19661.5910   98   33 19651.0000 19667.7118  0.09%  26.1 1875s
 3618907 2036327 19664.9874  104   25 19651.0000 19667.7118  0.09%  26.1 1880s
 3627276 2041568 19652.0000  116   21 19651.0000 19667.6916  0.08%  26.1 1885s
 3634440 2044992 19652.8299  102   18 19651.0000 19667.6916  0.08%  26.0 1890s
 3640945 2048679 19655.1791  105   33 19651.0000 19667.6700  0.08%  26.0 1895s
 3651123 2054427 19662.1649  103   43 19651.0000 19667.6538  0.08%  26.0 1900s
 3662770 2061149 19660.3926  106   30 19651.0000 19667.6538  0.08%  26.0 1905s
 3673272 2067480 19661.3777   92   38 19651.0000 19667.6538  0.08%  26.0 1910s
 3685439 2074702 19653.8973  111   19 19651.0000 19667.6538  0.08%  26.0 1915s
 3698509 2082305 19661.3908   95   33 19651.0000 19667.6538  0.08%  26.0 1920s
 3708501 2088904 19660.7509   90   22 19651.0000 19667.6442  0.08%  25.9 1925s
 3716865 2093314 19657.3405   97   23 19651.0000 19667.6365  0.08%  25.9 1930s
 3725054 2097708 19653.4620   99   30 19651.0000 19667.6256  0.08%  25.9 1935s
 3733291 2102002 19663.9401  102   28 19651.0000 19667.6256  0.08%  25.9 1940s
 3741030 2106187 19659.8554  104   47 19651.0000 19667.6256  0.08%  25.9 1945s
 3746553 2108752 19666.2930   90   25 19651.0000 19667.6256  0.08%  25.9 1950s
 3751752 2111681 19665.4385   92   47 19651.0000 19667.6256  0.08%  25.9 1955s
 3760710 2116114 19656.0927  111   49 19651.0000 19667.6230  0.08%  25.9 1960s
 3765723 2118607     cutoff  101      19651.0000 19667.6202  0.08%  25.9 1966s
 3773705 2123757     cutoff  113      19651.0000 19667.6129  0.08%  25.9 1971s
 3781987 2128055 19659.9298  101   35 19651.0000 19667.6109  0.08%  25.9 1975s
 3792488 2133477 19655.7197  101   53 19651.0000 19667.6109  0.08%  25.9 1980s
 3799566 2137122 19660.0502   94   35 19651.0000 19667.6109  0.08%  25.9 1985s
 3806764 2140124     cutoff  107      19651.0000 19667.6048  0.08%  25.9 1990s
 3815066 2144785 19652.4127  116   30 19651.0000 19667.5996  0.08%  25.9 1995s
 3825835 2150787 19667.2860  106   53 19651.0000 19667.5912  0.08%  25.9 2000s
 3836178 2155631 19667.2487   90   30 19651.0000 19667.5904  0.08%  25.9 2006s
 3842985 2159793 19659.1942  101   36 19651.0000 19667.5904  0.08%  25.9 2011s
 3851861 2164899 19658.5056  108   26 19651.0000 19667.5872  0.08%  25.9 2015s
 3858183 2167827 19653.6179  115   23 19651.0000 19667.5872  0.08%  25.9 2020s
 3867840 2172894 19654.0325  116   28 19651.0000 19667.5608  0.08%  25.8 2025s
 3877069 2178021 19665.3334  110   44 19651.0000 19667.5377  0.08%  25.8 2030s
 3886383 2182526 19662.9063  103   42 19651.0000 19667.5079  0.08%  25.8 2035s
 3895192 2187100 19663.6219   87   42 19651.0000 19667.4835  0.08%  25.8 2041s
 3903680 2191233 19658.5453  104   26 19651.0000 19667.4669  0.08%  25.8 2045s
 3910366 2194493 19659.7603   92   38 19651.0000 19667.4637  0.08%  25.8 2050s
 3920122 2199229 19653.6609   98   20 19651.0000 19667.4429  0.08%  25.8 2055s
 3929783 2203730 19652.5174  126   30 19651.0000 19667.4269  0.08%  25.8 2061s
 3935304 2206068 19665.2469   91   44 19651.0000 19667.4013  0.08%  25.7 2065s
 3942989 2211364 19656.5185   89   20 19651.0000 19667.3970  0.08%  25.8 2071s
 3948418 2214227 19657.3813   84   38 19651.0000 19667.3970  0.08%  25.8 2076s
 3952649 2217298 19659.3395   87   31 19651.0000 19667.3970  0.08%  25.8 2080s
 3960280 2221904 19666.5627   79   46 19651.0000 19667.3970  0.08%  25.8 2085s
 3967708 2225587 19659.3395   84   38 19651.0000 19667.3970  0.08%  25.8 2091s
 3974929 2230438 19664.9009  101   25 19651.0000 19667.3970  0.08%  25.8 2097s
 3980464 2233893 19658.1330  103   37 19651.0000 19667.3970  0.08%  25.8 2101s
 3984025 2235851 19654.0226  103   19 19651.0000 19667.3970  0.08%  25.8 2105s
 3993277 2241015 19657.9811  104   24 19651.0000 19667.3970  0.08%  25.8 2110s
 4000822 2245182 19654.0226   88   47 19651.0000 19667.3970  0.08%  25.8 2115s
 4009840 2250609 19654.0226   98   24 19651.0000 19667.3970  0.08%  25.8 2121s
 4013642 2252917 19665.2469   96   33 19651.0000 19667.3970  0.08%  25.8 2125s
 4023767 2258044 19653.3750  105   35 19651.0000 19667.3970  0.08%  25.8 2130s
 4031597 2262211 19653.8854  127   19 19651.0000 19667.3735  0.08%  25.8 2135s
 4039248 2266544 19652.1366   98   27 19651.0000 19667.3644  0.08%  25.8 2140s
 4047299 2270132 19654.8024  103   28 19651.0000 19667.3477  0.08%  25.8 2145s
 4054399 2274343 19660.9176   93   28 19651.0000 19667.3362  0.08%  25.8 2150s
 4064127 2280193 19659.6928   94   41 19651.0000 19667.3354  0.08%  25.8 2156s
 4069597 2283007 19655.8026  103   40 19651.0000 19667.3352  0.08%  25.7 2160s
 4080372 2288513 19666.7112   98   21 19651.0000 19667.3320  0.08%  25.7 2166s
 4087849 2292715 19665.3334   94   39 19651.0000 19667.3229  0.08%  25.7 2171s
 4091932 2295663 19665.7070   92   59 19651.0000 19667.3229  0.08%  25.7 2175s
 4098009 2300072 19657.8667   78   25 19651.0000 19667.3229  0.08%  25.8 2180s
 4105218 2304142 19656.3729  100   45 19651.0000 19667.3229  0.08%  25.8 2187s
 4109295 2306629 19665.3334   88   38 19651.0000 19667.3229  0.08%  25.8 2190s
 4115694 2311648 19665.3334  103   39 19651.0000 19667.3229  0.08%  25.8 2195s
 4125407 2317273 19657.4839  109   39 19651.0000 19667.3205  0.08%  25.8 2200s
 4136250 2322806 19656.1457  104   24 19651.0000 19667.2979  0.08%  25.8 2206s
 4144998 2327461 19662.0071   94   38 19651.0000 19667.2979  0.08%  25.7 2210s
 4152061 2331753 19666.8606   75   46 19651.0000 19667.2916  0.08%  25.7 2215s
 4158965 2337088 19666.0757   68   42 19651.0000 19667.2916  0.08%  25.7 2221s
 4163309 2340161 19666.4968   85   40 19651.0000 19667.2916  0.08%  25.7 2225s
 4169503 2344421 19655.5356   79   25 19651.0000 19667.2916  0.08%  25.7 2230s
 4175889 2348185 19654.0226   83   39 19651.0000 19667.2916  0.08%  25.7 2235s
 4183764 2352811 19663.5060   87   41 19651.0000 19667.2916  0.08%  25.7 2240s
 4187463 2354177 19664.4324   75   46 19651.0000 19667.2916  0.08%  25.7 2247s
 4187678 2354983 19660.4255   76   36 19651.0000 19667.2916  0.08%  25.7 2250s
 4196687 2360991 19660.4018  101   30 19651.0000 19667.2916  0.08%  25.7 2255s
 4205931 2367046 19666.6255   78   48 19651.0000 19667.2916  0.08%  25.7 2260s
 4215796 2373314 19660.9515  101   49 19651.0000 19667.2916  0.08%  25.7 2266s
 4223461 2377970 19659.5099   98   27 19651.0000 19667.2916  0.08%  25.7 2270s
 4233007 2383567 19652.0000  112   21 19651.0000 19667.2916  0.08%  25.7 2275s
 4242142 2389187 19667.2916   79   48 19651.0000 19667.2916  0.08%  25.7 2281s
 4250158 2393960 19652.0000  101   38 19651.0000 19667.2916  0.08%  25.7 2285s
 4256103 2397158 19652.0608  116   12 19651.0000 19667.2916  0.08%  25.7 2290s
 4265190 2403207 19667.2916   73   30 19651.0000 19667.2916  0.08%  25.7 2295s
 4274959 2408677 19667.2916   71   47 19651.0000 19667.2916  0.08%  25.6 2300s
 4282229 2413245 19653.4051  104   33 19651.0000 19667.2916  0.08%  25.6 2305s
 4289935 2417718 19653.4051  105   33 19651.0000 19667.2916  0.08%  25.6 2310s
 4295467 2421305 19654.1430   85   24 19651.0000 19667.2916  0.08%  25.6 2315s
 4305551 2427819 19660.9091   85   35 19651.0000 19667.2916  0.08%  25.6 2321s
 4312924 2432112     cutoff   85      19651.0000 19667.2916  0.08%  25.6 2325s
 4320769 2436951 19657.0818   79   28 19651.0000 19667.2916  0.08%  25.6 2331s
 4328377 2440577 19654.5087  113   25 19651.0000 19667.2916  0.08%  25.6 2335s
 4333962 2445126 19653.7364   94   26 19651.0000 19667.2916  0.08%  25.6 2340s
 4339038 2448275 19665.2901   82   43 19651.0000 19667.2916  0.08%  25.6 2345s
 4346372 2452729 19667.1938   78   45 19651.0000 19667.2916  0.08%  25.6 2350s
 4356261 2458805 19665.9055   88   36 19651.0000 19667.2916  0.08%  25.6 2356s
 4362367 2462400 19662.3340   79   35 19651.0000 19667.2916  0.08%  25.6 2360s
 4370144 2466976 19654.4434  102   16 19651.0000 19667.2916  0.08%  25.6 2365s
 4379857 2472673 19666.8060   74   48 19651.0000 19667.2916  0.08%  25.5 2370s
 4385581 2476195 19667.1938   86   32 19651.0000 19667.2916  0.08%  25.5 2375s
 4391400 2479638 19658.4153   89   37 19651.0000 19667.2916  0.08%  25.5 2380s
 4399435 2484421     cutoff  106      19651.0000 19667.2916  0.08%  25.5 2386s
 4405251 2487942 19667.2916   79   46 19651.0000 19667.2916  0.08%  25.5 2390s
 4412780 2492712 19657.6649   93   46 19651.0000 19667.2916  0.08%  25.5 2395s
 4418581 2496206 19665.3334   98   43 19651.0000 19667.2916  0.08%  25.5 2400s
 4426336 2500706 19661.4020  117   31 19651.0000 19667.2916  0.08%  25.5 2405s
 4432171 2504225 19666.6275   89   46 19651.0000 19667.2916  0.08%  25.5 2410s
 4438499 2507859 19665.9019   72   39 19651.0000 19667.2916  0.08%  25.5 2415s
 4446132 2512466 19667.2302   77   52 19651.0000 19667.2916  0.08%  25.5 2420s
 4454046 2517532 19661.5960   97   31 19651.0000 19667.2916  0.08%  25.5 2426s
 4460026 2520828 19665.8986   96   31 19651.0000 19667.2916  0.08%  25.5 2430s
 4467361 2524975 19659.5338  112   25 19651.0000 19667.2916  0.08%  25.5 2435s
 4472555 2528266 19667.2916   81   36 19651.0000 19667.2916  0.08%  25.4 2441s
 4480300 2532626 19666.3584   86   32 19651.0000 19667.2916  0.08%  25.4 2445s
 4488287 2536969 19661.4242   84   29 19651.0000 19667.2916  0.08%  25.4 2450s
 4496088 2541840 19667.1221   80   46 19651.0000 19667.2916  0.08%  25.4 2456s
 4502153 2544807 19667.0597   92   49 19651.0000 19667.2916  0.08%  25.4 2461s
 4508991 2549244 19666.3696  103   24 19651.0000 19667.2916  0.08%  25.4 2466s
 4514908 2552777 19665.5691   84   42 19651.0000 19667.2916  0.08%  25.4 2470s
 4520353 2556295 19667.2916   73   53 19651.0000 19667.2916  0.08%  25.4 2475s
 4528457 2561381 19660.2588   82   44 19651.0000 19667.2916  0.08%  25.4 2480s
 4535802 2565568 19665.0077   79   41 19651.0000 19667.2916  0.08%  25.4 2485s
 4541714 2569495 19665.4266   93   51 19651.0000 19667.2916  0.08%  25.4 2490s
 4551919 2575441 19660.4810   87   26 19651.0000 19667.2916  0.08%  25.4 2495s
 4559421 2579822 19667.1194   81   49 19651.0000 19667.2916  0.08%  25.4 2500s
 4567213 2584445 19652.0000  139   14 19651.0000 19667.2916  0.08%  25.4 2506s
 4573171 2587896 19667.2916   81   29 19651.0000 19667.2916  0.08%  25.4 2510s
 4578055 2590699 19666.3696   94   26 19651.0000 19667.2916  0.08%  25.3 2515s
 4585428 2593927 19664.3217   89   33 19651.0000 19667.2916  0.08%  25.3 2525s
 4585480 2601090 19663.9852   83   38 19651.0000 19667.2916  0.08%  25.3 2530s
 4601258 2604854 19665.2013   93   35 19651.0000 19667.2916  0.08%  25.3 2535s
 4606994 2608488 19662.3361   94   17 19651.0000 19667.2916  0.08%  25.3 2540s
 4614835 2613456 19657.6655   99   21 19651.0000 19667.2916  0.08%  25.3 2546s
 4620760 2616815 19666.9458   84   46 19651.0000 19667.2916  0.08%  25.3 2550s
 4628700 2621919     cutoff  123      19651.0000 19667.2916  0.08%  25.3 2555s
 4630708 2622099 19660.4679  105   25 19651.0000 19667.2916  0.08%  25.3 2562s
 4632960 2624385 19659.6129   90   25 19651.0000 19667.2916  0.08%  25.3 2565s
 4638591 2627932 19662.4546   80   26 19651.0000 19667.2916  0.08%  25.3 2570s
 4646605 2632596 19666.6246   68   49 19651.0000 19667.2916  0.08%  25.3 2575s
 4656092 2638544 19660.4227   79   32 19651.0000 19667.2916  0.08%  25.3 2581s
 4664503 2643307 19667.2916   80   40 19651.0000 19667.2916  0.08%  25.3 2585s
 4671732 2647709     cutoff   91      19651.0000 19667.2916  0.08%  25.3 2590s
 4679294 2652684 19654.0226  101   23 19651.0000 19667.2916  0.08%  25.3 2595s
 4687083 2657421 19654.5638   84   25 19651.0000 19667.2916  0.08%  25.3 2600s
 4694709 2662101 19663.1465   84   44 19651.0000 19667.2916  0.08%  25.2 2605s
 4704782 2668051 19652.9382   93   21 19651.0000 19667.2916  0.08%  25.2 2611s
 4711998 2672825 19667.2916   63   42 19651.0000 19667.2916  0.08%  25.2 2616s
 4720156 2677620 19652.5833   88   21 19651.0000 19667.2916  0.08%  25.2 2620s
 4728005 2682415 19654.7186   82   28 19651.0000 19667.2916  0.08%  25.2 2625s
 4735359 2686967 19653.0076   84   19 19651.0000 19667.2916  0.08%  25.2 2630s
 4743493 2691640 19667.2916   80   41 19651.0000 19667.2916  0.08%  25.2 2635s
 4749006 2694847 19653.4959  103   25 19651.0000 19667.2916  0.08%  25.2 2640s
 4756660 2699628 19658.6914   82   20 19651.0000 19667.2916  0.08%  25.2 2645s
 4764473 2704186 19666.7722   81   42 19651.0000 19667.2916  0.08%  25.2 2651s
 4768500 2706716 19666.3584   88   25 19651.0000 19667.2916  0.08%  25.2 2655s
 4776569 2711278 19664.7500   98   40 19651.0000 19667.2916  0.08%  25.2 2661s
 4782268 2714633 19665.4134   88   27 19651.0000 19667.2916  0.08%  25.2 2665s
 4789866 2719061 19656.3959   95   22 19651.0000 19667.2916  0.08%  25.2 2671s
 4794265 2721598     cutoff   99      19651.0000 19667.2916  0.08%  25.1 2675s
 4802092 2726340 19655.1712   77   23 19651.0000 19667.2916  0.08%  25.1 2682s
 4804306 2727427 19662.8746   89   27 19651.0000 19667.2916  0.08%  25.1 2685s
 4809619 2730104 19657.5287   98   27 19651.0000 19667.2916  0.08%  25.1 2690s
 4814170 2733373 19664.7500   95   38 19651.0000 19667.2912  0.08%  25.1 2695s
 4819912 2736849     cutoff  119      19651.0000 19667.2912  0.08%  25.1 2701s
 4823724 2739046 19665.3334  103   44 19651.0000 19667.2912  0.08%  25.1 2705s
 4829430 2742033 19653.3750  113   24 19651.0000 19667.2912  0.08%  25.1 2711s
 4832889 2744382 19654.3973  105   34 19651.0000 19667.2912  0.08%  25.1 2715s
 4838701 2747764 19664.7500  104   35 19651.0000 19667.2912  0.08%  25.1 2721s
 4842360 2749826 19661.2076  104   27 19651.0000 19667.2912  0.08%  25.1 2725s
 4844812 2751288     cutoff  117      19651.0000 19667.2912  0.08%  25.1 2730s
 4850402 2754397 19652.5184  119   26 19651.0000 19667.2912  0.08%  25.1 2735s
 4859897 2760047 19652.0000   70   22 19651.0000 19667.2866  0.08%  25.1 2740s
 4868703 2764462 19658.5513  110   42 19651.0000 19667.2781  0.08%  25.1 2745s
 4877429 2769130 19655.7973  110   19 19651.0000 19667.2694  0.08%  25.1 2750s
 4886575 2774415 19665.9246   84   35 19651.0000 19667.2676  0.08%  25.1 2756s
 4895177 2779680 19665.3334   87   52 19651.0000 19667.2661  0.08%  25.1 2760s
 4903168 2784903 19665.3334   93   38 19651.0000 19667.2661  0.08%  25.1 2765s
 4911524 2790463 19665.3334  105   33 19651.0000 19667.2661  0.08%  25.2 2770s
 4917127 2793658 19652.5713   97   33 19651.0000 19667.2661  0.08%  25.2 2775s
 4926442 2799712 19665.3334   91   29 19651.0000 19667.2661  0.08%  25.2 2780s
 4933950 2804575 19657.6655   95   20 19651.0000 19667.2661  0.08%  25.2 2785s
 4940401 2809060     cutoff  126      19651.0000 19667.2661  0.08%  25.2 2790s
 4950489 2815615 19663.9578   94   29 19651.0000 19667.2658  0.08%  25.2 2796s
 4958163 2819450 19666.8067   81   49 19651.0000 19667.2586  0.08%  25.2 2800s
 4965686 2823331 19666.6842   78   52 19651.0000 19667.2521  0.08%  25.2 2805s
 4974528 2828573 19657.7489   84   43 19651.0000 19667.2487  0.08%  25.2 2810s
 4982224 2833475 19657.7751  103   39 19651.0000 19667.2487  0.08%  25.2 2815s
 4990813 2837963 19665.6047  104   35 19651.0000 19667.2444  0.08%  25.2 2821s
 4998390 2842419 19653.4946   83   20 19651.0000 19667.2438  0.08%  25.2 2826s
 5007768 2847773 19662.1436   84   28 19651.0000 19667.2424  0.08%  25.1 2830s
 5016127 2852241 19664.1792   82   22 19651.0000 19667.2408  0.08%  25.1 2835s
 5023665 2856345 19666.3334   94   37 19651.0000 19667.2332  0.08%  25.1 2841s
 5028305 2859393 19654.6539   82   32 19651.0000 19667.2332  0.08%  25.1 2846s
 5034561 2862934 19660.4802   98   37 19651.0000 19667.2324  0.08%  25.1 2850s
 5038037 2864750 19653.6609  101   17 19651.0000 19667.2291  0.08%  25.1 2855s
 5044680 2868166 19656.0310  102   26 19651.0000 19667.2233  0.08%  25.1 2860s
 5051428 2872069     cutoff  112      19651.0000 19667.2173  0.08%  25.1 2865s
 5057187 2875153 19659.0213   76   21 19651.0000 19667.2158  0.08%  25.1 2870s
 5065042 2879249 19666.4823   81   31 19651.0000 19667.2118  0.08%  25.1 2876s
 5073003 2883562 19664.4430   96   24 19651.0000 19667.2070  0.08%  25.1 2882s
 5076840 2885479 19656.7314  109   21 19651.0000 19667.2067  0.08%  25.1 2885s
 5084799 2889833     cutoff   89      19651.0000 19667.2006  0.08%  25.1 2890s
 5090620 2892910 19666.9253   81   38 19651.0000 19667.1938  0.08%  25.1 2895s
 5098304 2897799 19664.7500  113   21 19651.0000 19667.1938  0.08%  25.0 2901s
 5104436 2900977 19664.4430   87   22 19651.0000 19667.1938  0.08%  25.0 2905s
 5110486 2904693 19654.9324  112   29 19651.0000 19667.1938  0.08%  25.0 2911s
 5114559 2906962 19653.6654  113   33 19651.0000 19667.1938  0.08%  25.0 2916s
 5120791 2910528 19662.3361  121   13 19651.0000 19667.1938  0.08%  25.0 2921s
 5124191 2912476 19667.1938  100   35 19651.0000 19667.1938  0.08%  25.0 2926s
 5132371 2916707 19664.1792  116   17 19651.0000 19667.1938  0.08%  25.0 2931s
 5137897 2919785 19658.1943   95   23 19651.0000 19667.1938  0.08%  25.0 2935s
 5145915 2924032 19656.9862  102   19 19651.0000 19667.1938  0.08%  25.0 2940s
 5151603 2926857 19666.0505  104   39 19651.0000 19667.1938  0.08%  25.0 2945s
 5159177 2931227 19663.2703  122   18 19651.0000 19667.1938  0.08%  25.0 2950s
 5167204 2935513 19664.8265  113   30 19651.0000 19667.1938  0.08%  25.0 2956s
 5173564 2938694 19660.4679  112   17 19651.0000 19667.1938  0.08%  25.0 2961s
 5179340 2941842 19664.7500  107   29 19651.0000 19667.1938  0.08%  25.0 2966s
 5185569 2945101 19664.7932  112   29 19651.0000 19667.1938  0.08%  25.0 2970s
 5190926 2948152 19664.9282   94   37 19651.0000 19667.1938  0.08%  25.0 2975s
 5198352 2952337     cutoff   97      19651.0000 19667.1938  0.08%  25.0 2980s
 5204337 2955355 19666.8736   96   44 19651.0000 19667.1938  0.08%  25.0 2985s
 5206138 2955366 19667.1938   92   51 19651.0000 19667.1938  0.08%  25.0 2992s
 5209991 2958336 19661.0754  121   24 19651.0000 19667.1938  0.08%  24.9 2996s
 5215671 2961476 19665.3528  103   37 19651.0000 19667.1938  0.08%  24.9 3000s
 5223822 2965840 19664.4430   99   21 19651.0000 19667.1938  0.08%  24.9 3005s
 5231011 2969425 19652.9949  117   28 19651.0000 19667.1938  0.08%  24.9 3011s
 5235007 2971455 19667.1938   90   45 19651.0000 19667.1938  0.08%  24.9 3015s
 5241182 2974574 19658.9370   97   21 19651.0000 19667.1938  0.08%  24.9 3020s
 5250795 2979907 19665.3334  124   18 19651.0000 19667.1938  0.08%  24.9 3026s
 5256475 2983188 19666.1511   90   24 19651.0000 19667.1938  0.08%  24.9 3030s
 5262620 2986630 19667.1938   84   44 19651.0000 19667.1938  0.08%  24.9 3035s
 5270704 2990777 19664.6939  108   43 19651.0000 19667.1938  0.08%  24.9 3040s
 5277128 2993922 19666.0505   94   37 19651.0000 19667.1938  0.08%  24.9 3046s
 5282788 2997144 19652.8534  118   21 19651.0000 19667.1938  0.08%  24.9 3050s
 5290796 3001138     cutoff  109      19651.0000 19667.1938  0.08%  24.9 3055s
 5298716 3005393 19662.0762  102   38 19651.0000 19667.1938  0.08%  24.9 3060s
 5306285 3009336 19664.5668  104   36 19651.0000 19667.1938  0.08%  24.8 3066s
 5312179 3012629 19667.0227  101   44 19651.0000 19667.1938  0.08%  24.8 3070s
 5320355 3016175 19663.8974   97   40 19651.0000 19667.1938  0.08%  24.8 3075s
 5324876 3018875 19658.6344  102   34 19651.0000 19667.1938  0.08%  24.8 3080s
 5332808 3022912     cutoff  109      19651.0000 19667.1938  0.08%  24.8 3085s
 5338268 3025909 19661.0132   93   25 19651.0000 19667.1938  0.08%  24.8 3090s
 5346473 3030043 19666.8440  106   30 19651.0000 19667.1938  0.08%  24.8 3095s
 5354809 3034279 19667.1938   94   33 19651.0000 19667.1938  0.08%  24.8 3101s
 5362207 3037955 19666.3696   95   33 19651.0000 19667.1938  0.08%  24.8 3106s
 5370403 3041955 19657.6655   86   26 19651.0000 19667.1938  0.08%  24.8 3111s
 5376177 3044950 19658.8485  110   26 19651.0000 19667.1938  0.08%  24.8 3115s
 5384365 3049389     cutoff   95      19651.0000 19667.1938  0.08%  24.8 3120s
 5390572 3052068 19662.8773   94   44 19651.0000 19667.1938  0.08%  24.7 3125s
 5398130 3055921 19661.8106   80   37 19651.0000 19667.1938  0.08%  24.7 3130s
 5403816 3059038 19661.9394  106   26 19651.0000 19667.1938  0.08%  24.7 3135s
 5412091 3062928     cutoff  102      19651.0000 19667.1938  0.08%  24.7 3140s
 5419677 3066793 19652.6325  109   12 19651.0000 19667.1938  0.08%  24.7 3146s
 5425774 3069903 19654.7006  108   24 19651.0000 19667.1938  0.08%  24.7 3151s
 5431929 3072643 19655.9703  114   19 19651.0000 19667.1938  0.08%  24.7 3155s
 5437591 3075525     cutoff  104      19651.0000 19667.1938  0.08%  24.7 3160s
 5443566 3078450 19664.7749  115   35 19651.0000 19667.1938  0.08%  24.7 3165s
 5451419 3082203 19663.4726   99   27 19651.0000 19667.1938  0.08%  24.7 3170s
 5459500 3086449 19663.9578   98   30 19651.0000 19667.1938  0.08%  24.7 3176s
 5465349 3089253     cutoff  106      19651.0000 19667.1938  0.08%  24.7 3180s
 5473343 3092707     cutoff  109      19651.0000 19667.1938  0.08%  24.7 3187s
 5478701 3096045 19666.2279   96   34 19651.0000 19667.1938  0.08%  24.6 3191s
 5486345 3099772 19666.9599   98   48 19651.0000 19667.1938  0.08%  24.6 3196s
 5491779 3102395 19659.1562  101   32 19651.0000 19667.1938  0.08%  24.6 3200s
 5499663 3106385 19654.8632  121   23 19651.0000 19667.1938  0.08%  24.6 3205s
 5507300 3110126 19662.2222   99   18 19651.0000 19667.1938  0.08%  24.6 3210s
 5510839 3111868     cutoff  101      19651.0000 19667.1938  0.08%  24.6 3215s
 5518778 3115783 19662.0276   94   41 19651.0000 19667.1938  0.08%  24.6 3221s
 5524469 3118755 19664.4430   93   25 19651.0000 19667.1938  0.08%  24.6 3225s
 5532415 3122907 19667.1938   89   41 19651.0000 19667.1938  0.08%  24.6 3230s
 5538534 3125681 19662.6937   96   29 19651.0000 19667.1938  0.08%  24.6 3235s
 5543981 3128626 19657.3230  115   22 19651.0000 19667.1938  0.08%  24.6 3240s
 5549503 3131549     cutoff  102      19651.0000 19667.1938  0.08%  24.6 3245s
 5557539 3135655 19660.4679  101   30 19651.0000 19667.1938  0.08%  24.6 3250s
 5565011 3139730 19664.9282   92   25 19651.0000 19667.1938  0.08%  24.6 3255s
 5571027 3142697 19665.4134   91   29 19651.0000 19667.1938  0.08%  24.6 3262s
 5577104 3145888     cutoff   99      19651.0000 19667.1938  0.08%  24.6 3266s
 5581083 3147827     cutoff   92      19651.0000 19667.1938  0.08%  24.6 3272s
 5584680 3149932 19662.9697   98   21 19651.0000 19667.1938  0.08%  24.6 3276s
 5588627 3152018 19657.6655  114   23 19651.0000 19667.1938  0.08%  24.6 3280s
 5596761 3156134 19666.1107  105   43 19651.0000 19667.1938  0.08%  24.5 3285s
 5602710 3159011 19665.9468   87   54 19651.0000 19667.1938  0.08%  24.5 3291s
 5608675 3162174 19666.8580   91   32 19651.0000 19667.1938  0.08%  24.5 3295s
 5614845 3165067 19660.3939  104   31 19651.0000 19667.1938  0.08%  24.5 3300s
 5620754 3168043 19664.8265  112   32 19651.0000 19667.1938  0.08%  24.5 3305s
 5626640 3171012 19653.9759  108   19 19651.0000 19667.1938  0.08%  24.5 3312s
 5630686 3173100 19662.4482   85   27 19651.0000 19667.1938  0.08%  24.5 3317s
 5634773 3175098 19666.7817   95   31 19651.0000 19667.1938  0.08%  24.5 3321s
 5638479 3177090     cutoff   88      19651.0000 19667.1938  0.08%  24.5 3325s
 5643414 3179806 19666.9310   93   42 19651.0000 19667.1938  0.08%  24.5 3331s
 5647801 3181974 19667.1938   95   38 19651.0000 19667.1938  0.08%  24.5 3335s
 5652852 3184767     cutoff  107      19651.0000 19667.1938  0.08%  24.5 3341s
 5656911 3186981     cutoff  111      19651.0000 19667.1938  0.08%  24.5 3345s
 5660890 3189027     cutoff  104      19651.0000 19667.1938  0.08%  24.5 3350s
 5666997 3192419     cutoff   92      19651.0000 19667.1938  0.08%  24.5 3355s
 5672552 3195484 19662.4258  103   30 19651.0000 19667.1938  0.08%  24.5 3360s
 5680196 3199657 19663.4726   87   40 19651.0000 19667.1938  0.08%  24.5 3365s
 5686387 3202814 19667.1938   92   43 19651.0000 19667.1938  0.08%  24.5 3371s
 5690286 3204916 19664.8265   98   23 19651.0000 19667.1938  0.08%  24.5 3375s
 5696221 3208142     cutoff   91      19651.0000 19667.1938  0.08%  24.5 3380s
 5701771 3211046     cutoff   82      19651.0000 19667.1938  0.08%  24.5 3386s
 5707227 3214242 19664.7083  109   36 19651.0000 19667.1938  0.08%  24.5 3392s
 5711266 3216263 19658.0949   96   31 19651.0000 19667.1938  0.08%  24.5 3396s
 5714924 3218297 19665.8986   95   24 19651.0000 19667.1938  0.08%  24.5 3400s
 5718704 3220100 19652.5184  113   18 19651.0000 19667.1938  0.08%  24.4 3406s
 5724578 3223400 19665.4134   96   25 19651.0000 19667.1938  0.08%  24.4 3410s
 5732742 3227418     cutoff  112      19651.0000 19667.1938  0.08%  24.4 3416s
 5738300 3230222 19666.3696   97   30 19651.0000 19667.1938  0.08%  24.4 3420s
 5744317 3233327 19661.1062  111   38 19651.0000 19667.1938  0.08%  24.4 3425s
 5752787 3237566 19666.3966   93   47 19651.0000 19667.1938  0.08%  24.4 3430s
 5758578 3240408 19666.7785   93   36 19651.0000 19667.1938  0.08%  24.4 3436s
 5762466 3242767 19667.0415   86   45 19651.0000 19667.1938  0.08%  24.4 3440s
 5770757 3247021 19660.4216  101   24 19651.0000 19667.1938  0.08%  24.4 3446s
 5774961 3249149 19662.2222  105   19 19651.0000 19667.1938  0.08%  24.4 3450s
 5780830 3251957 19663.9578  107   33 19651.0000 19667.1938  0.08%  24.4 3455s
 5786950 3255204 19667.1938   81   38 19651.0000 19667.1938  0.08%  24.4 3460s
 5794486 3258883     cutoff  124      19651.0000 19667.1938  0.08%  24.4 3466s
 5797797 3261139 19664.9282   93   25 19651.0000 19667.1938  0.08%  24.4 3471s
 5804974 3264604 19666.7817   99   28 19651.0000 19667.1938  0.08%  24.4 3476s
 5811145 3267656 19666.8440  100   20 19651.0000 19667.1938  0.08%  24.4 3480s
 5812853 3267788 19666.7432   86   32 19651.0000 19667.1938  0.08%  24.4 3486s
 5817595 3271143 19665.2111   90   46 19651.0000 19667.1938  0.08%  24.4 3491s
 5823561 3274205 19666.8440  109   30 19651.0000 19667.1938  0.08%  24.4 3497s
 5827471 3276268     cutoff   86      19651.0000 19667.1938  0.08%  24.4 3500s
 5835516 3280572 19663.2703  105   23 19651.0000 19667.1938  0.08%  24.4 3505s
 5842997 3284536 19653.6629  100   23 19651.0000 19667.1938  0.08%  24.4 3511s
 5850906 3288762 19657.8182  106   29 19651.0000 19667.1938  0.08%  24.4 3516s
 5856573 3291582     cutoff  101      19651.0000 19667.1938  0.08%  24.4 3520s
 5864503 3295820 19664.4430   94   26 19651.0000 19667.1938  0.08%  24.3 3525s
 5870270 3298756 19665.8986   93   38 19651.0000 19667.1938  0.08%  24.3 3530s
 5876060 3301692 19660.4810   86   30 19651.0000 19667.1938  0.08%  24.3 3535s
 5880009 3303593 19665.4134  104   30 19651.0000 19667.1938  0.08%  24.3 3540s
 5887401 3307322 19654.5087  125   18 19651.0000 19667.1938  0.08%  24.3 3546s
 5893215 3310439 19667.0861   91   43 19651.0000 19667.1938  0.08%  24.3 3550s
 5901050 3314539 19661.0132  101   24 19651.0000 19667.1938  0.08%  24.3 3557s
 5905082 3316402 19652.9949   92   24 19651.0000 19667.1938  0.08%  24.3 3560s
 5910459 3319261 infeasible  110      19651.0000 19667.1938  0.08%  24.3 3566s
 5916949 3322277 19666.3696   98   23 19651.0000 19667.1938  0.08%  24.3 3570s
 5925112 3326127 19664.4131   86   34 19651.0000 19667.1938  0.08%  24.3 3576s
 5929049 3328181 19663.5269  109   21 19651.0000 19667.1938  0.08%  24.3 3580s
 5935509 3331409 19659.2446  108   16 19651.0000 19667.1938  0.08%  24.3 3586s
 5941445 3334364 19667.1938   85   38 19651.0000 19667.1938  0.08%  24.3 3590s
 5949653 3338557     cutoff  114      19651.0000 19667.1938  0.08%  24.3 3596s
 5955563 3340880 19659.8788   96   30 19651.0000 19667.1938  0.08%  24.3 3600s

Cutting planes:
  Gomory: 13
  Cover: 933
  Clique: 4
  MIR: 37
  StrongCG: 34
  Flow cover: 9
  Zero half: 1

Explored 5956084 nodes (144553032 simplex iterations) in 3600.06 seconds
Thread count was 12 (of 12 available processors)

Solution count 10: 19651 19650 19554 ... 17111

Time limit reached
Best objective 1.965100000000e+04, best bound 1.966700000000e+04, gap 0.0814%
