
Gurobi 9.1.2 (win64, Java) logging started Sat Nov 13 15:07:07 2021

Academic license - for non-commercial use only - expires 2022-10-30
Gurobi Optimizer version 9.1.2 build v9.1.2rc0 (win64)
Thread count: 6 physical cores, 12 logical processors, using up to 12 threads
Optimize a model with 50 rows, 400 columns and 800 nonzeros
Model fingerprint: 0x91827674
Variable types: 0 continuous, 400 integer (400 binary)
Coefficient statistics:
  Matrix range     [1e+00, 1e+03]
  Objective range  [4e+02, 1e+03]
  Bounds range     [1e+00, 1e+00]
  RHS range        [1e+00, 2e+03]
Found heuristic solution: objective 19016.000000
Presolve removed 2 rows and 102 columns
Presolve time: 0.00s
Presolved: 48 rows, 298 columns, 596 nonzeros
Variable types: 0 continuous, 298 integer (298 binary)
Presolved: 48 rows, 298 columns, 596 nonzeros


Root relaxation: objective 2.155403e+04, 119 iterations, 0.00 seconds

    Nodes    |    Current Node    |     Objective Bounds      |     Work
 Expl Unexpl |  Obj  Depth IntInf | Incumbent    BestBd   Gap | It/Node Time

     0     0 21554.0251    0   12 19016.0000 21554.0251  13.3%     -    0s
H    0     0                    20902.000000 21554.0251  3.12%     -    0s
H    0     0                    20910.000000 21554.0251  3.08%     -    0s
H    0     0                    21015.000000 21554.0251  2.56%     -    0s
     0     0 21505.0000    0   23 21015.0000 21505.0000  2.33%     -    0s
     0     0 21505.0000    0   21 21015.0000 21505.0000  2.33%     -    0s
     0     0 21505.0000    0   25 21015.0000 21505.0000  2.33%     -    0s
     0     0 21505.0000    0   17 21015.0000 21505.0000  2.33%     -    0s
     0     2 21505.0000    0   14 21015.0000 21505.0000  2.33%     -    0s
H   33    44                    21035.000000 21505.0000  2.23%  18.4    0s
H   68    86                    21045.000000 21505.0000  2.19%  12.5    0s
H   72    86                    21067.000000 21505.0000  2.08%  12.0    0s
H  375   460                    21073.000000 21505.0000  2.05%   6.9    0s
H 1339  1071                    21077.000000 21504.0000  2.03%   6.2    1s
H 1375  1040                    21417.000000 21504.0000  0.41%   7.5    2s
H 1383   994                    21453.000000 21504.0000  0.24%   8.9    2s
  4586  2485 21491.0000  119   11 21453.0000 21504.0000  0.24%   9.2    5s
H14493  5128                    21485.000000 21503.8319  0.09%  21.2    9s
 16161  5506 21501.0000   98   41 21485.0000 21503.4706  0.09%  24.2   10s
 30118  9249 21500.2166   96   58 21485.0000 21501.0000  0.07%  36.8   15s
 36591  9888 21500.0000   85   23 21485.0000 21501.0000  0.07%  43.5   20s
H37845  9884                    21491.000000 21501.0000  0.05%  42.5   21s
 48433  8882     cutoff   98      21491.0000 21501.0000  0.05%  42.4   25s
 55121  7326 21493.9143  111   39 21491.0000 21501.0000  0.05%  47.3   30s
 62202  5500 21500.7843  105   57 21491.0000 21501.0000  0.05%  52.0   35s
 66303  4681 infeasible  100      21491.0000 21501.0000  0.05%  54.4   40s
 69700  4816     cutoff  118      21491.0000 21500.9962  0.05%  56.2   46s
 75312  4625 infeasible  121      21491.0000 21500.0000  0.04%  58.1   50s
 82110  4716     cutoff  114      21491.0000 21500.0000  0.04%  61.4   56s
 87489  4410 21500.0000   96   54 21491.0000 21500.0000  0.04%  64.1   60s
 96296  4186 21495.1101  118   37 21491.0000 21499.0000  0.04%  64.0   65s
 107988  3245 21496.4310  103   50 21491.0000 21497.0000  0.03%  62.5   70s
 116327  1018     cutoff   83      21491.0000 21495.2405  0.02%  61.5   75s

Cutting planes:
  Gomory: 19
  Cover: 705
  MIR: 59
  StrongCG: 58
  Flow cover: 10
  Inf proof: 2
  Zero half: 6
  RLT: 2

Explored 120844 nodes (7390231 simplex iterations) in 76.93 seconds
Thread count was 12 (of 12 available processors)

Solution count 10: 21491 21485 21453 ... 21035

Optimal solution found (tolerance 1.00e-12)
Best objective 2.149100000000e+04, best bound 2.149100000000e+04, gap 0.0000%
