
Gurobi 9.1.2 (win64, Java) logging started Sat Nov 13 15:40:08 2021

Academic license - for non-commercial use only - expires 2022-10-30
Gurobi Optimizer version 9.1.2 build v9.1.2rc0 (win64)
Thread count: 6 physical cores, 12 logical processors, using up to 12 threads
Optimize a model with 70 rows, 600 columns and 1200 nonzeros
Model fingerprint: 0x6cf8aa9e
Variable types: 0 continuous, 600 integer (600 binary)
Coefficient statistics:
  Matrix range     [1e+00, 1e+03]
  Objective range  [4e+02, 1e+03]
  Bounds range     [1e+00, 1e+00]
  RHS range        [1e+00, 2e+03]
Found heuristic solution: objective 28403.000000
Presolve removed 0 rows and 69 columns
Presolve time: 0.00s
Presolved: 70 rows, 531 columns, 1062 nonzeros
Variable types: 0 continuous, 531 integer (531 binary)
Presolved: 70 rows, 531 columns, 1062 nonzeros


Root relaxation: objective 3.118253e+04, 196 iterations, 0.00 seconds

    Nodes    |    Current Node    |     Objective Bounds      |     Work
 Expl Unexpl |  Obj  Depth IntInf | Incumbent    BestBd   Gap | It/Node Time

     0     0 31182.5281    0   14 28403.0000 31182.5281  9.79%     -    0s
H    0     0                    30734.000000 31182.5281  1.46%     -    0s
     0     0 30805.0000    0   23 30734.0000 30805.0000  0.23%     -    0s
     0     0 30805.0000    0   24 30734.0000 30805.0000  0.23%     -    0s
     0     0 30805.0000    0   18 30734.0000 30805.0000  0.23%     -    0s
H    0     0                    30750.000000 30805.0000  0.18%     -    0s
     0     2 30805.0000    0   15 30750.0000 30805.0000  0.18%     -    0s
H  116   122                    30785.000000 30805.0000  0.06%  13.9    1s
H 1387   979                    30789.000000 30805.0000  0.05%  15.5    4s
  3620  2079 30805.0000  107   13 30789.0000 30805.0000  0.05%  10.2    6s
H16816 10790                    30794.000000 30805.0000  0.04%   6.9    7s
 36316 20796 30805.0000  122   26 30794.0000 30805.0000  0.04%   8.1   10s
H36320 19758                    30796.000000 30805.0000  0.03%   8.1   10s
 52287 26845 30805.0000  131   11 30796.0000 30805.0000  0.03%   7.4   15s
 92226 31714     cutoff  148      30796.0000 30805.0000  0.03%   7.5   20s
 114421 38413 30805.0000  162   15 30796.0000 30805.0000  0.03%   8.5   25s
 143978 51422 30805.0000  165    8 30796.0000 30805.0000  0.03%   9.4   30s
 162433 59256 30805.0000  158   18 30796.0000 30805.0000  0.03%   9.7   35s
 179356 65006     cutoff  141      30796.0000 30805.0000  0.03%   9.5   40s
 198040 71283     cutoff  146      30796.0000 30805.0000  0.03%   9.8   45s
 213765 76312     cutoff  151      30796.0000 30805.0000  0.03%  10.2   51s
 223624 80629 30805.0000  146   11 30796.0000 30805.0000  0.03%  10.5   56s
 233347 82312     cutoff  147      30796.0000 30805.0000  0.03%  10.8   61s
 240811 84870 30805.0000  107   19 30796.0000 30805.0000  0.03%  11.1   65s
 255606 91684 30805.0000  147   11 30796.0000 30805.0000  0.03%  11.6   70s
 268643 98272 30805.0000  155   20 30796.0000 30805.0000  0.03%  11.9   76s
H269027 91595                    30799.000000 30805.0000  0.02%  11.9   76s
 281234 99205 30803.0000  136   14 30799.0000 30805.0000  0.02%  12.2   80s
 293500 106394 30805.0000  100   17 30799.0000 30805.0000  0.02%  12.4   85s
H298339 105988                    30800.000000 30805.0000  0.02%  12.4   87s
 308364 112002 30805.0000  143   13 30800.0000 30805.0000  0.02%  12.5   90s
 323806 120573 30805.0000  133   11 30800.0000 30805.0000  0.02%  12.6   95s
 342269 128195     cutoff  154      30800.0000 30805.0000  0.02%  12.4  100s
 366119 134078     cutoff  166      30800.0000 30805.0000  0.02%  12.2  105s
 384071 138738 30805.0000  143    7 30800.0000 30805.0000  0.02%  12.0  110s
 413370 143264 30801.0000  154   13 30800.0000 30805.0000  0.02%  11.7  115s
 433278 147657 30804.0000  132    6 30800.0000 30805.0000  0.02%  11.7  120s
 454173 151257 30805.0000  148    7 30800.0000 30805.0000  0.02%  11.6  126s
 472352 153450 30805.0000  159    6 30800.0000 30805.0000  0.02%  11.5  130s
 490299 156480     cutoff  155      30800.0000 30805.0000  0.02%  11.5  135s
 516178 160886     cutoff  154      30800.0000 30805.0000  0.02%  11.4  140s
 532473 162975     cutoff  167      30800.0000 30805.0000  0.02%  11.3  145s
 555798 165344     cutoff  142      30800.0000 30805.0000  0.02%  11.2  150s
 572719 168211     cutoff  133      30800.0000 30805.0000  0.02%  11.2  155s
 598943 173227     cutoff  135      30800.0000 30805.0000  0.02%  11.1  160s
 620891 176765 30805.0000  132    5 30800.0000 30805.0000  0.02%  11.0  165s
 640754 177702 30804.4675  152   12 30800.0000 30805.0000  0.02%  11.0  170s
 650151 178378 30804.0000  157    9 30800.0000 30805.0000  0.02%  11.0  175s
 674736 181887 30805.0000  135   13 30800.0000 30805.0000  0.02%  10.9  180s
 700472 185434     cutoff  111      30800.0000 30805.0000  0.02%  10.9  185s
 720849 188454 30805.0000  132   13 30800.0000 30805.0000  0.02%  10.9  191s
 722998 188842 30803.0000  128   11 30800.0000 30805.0000  0.02%  10.9  195s
 743045 192389     cutoff  122      30800.0000 30805.0000  0.02%  10.8  200s
 765291 194153 30805.0000  127    7 30800.0000 30805.0000  0.02%  10.8  205s
 789403 197526 30805.0000  156   12 30800.0000 30805.0000  0.02%  10.7  210s
 815188 199369     cutoff  143      30800.0000 30805.0000  0.02%  10.7  215s
H815602 195429                    30801.000000 30805.0000  0.01%  10.7  215s
 840718 197259 30805.0000  156    7 30801.0000 30805.0000  0.01%  10.6  220s
 854049 197747 30805.0000  147    7 30801.0000 30805.0000  0.01%  10.5  225s
 875128 199355 30805.0000  150    8 30801.0000 30805.0000  0.01%  10.5  230s
 904077 201904     cutoff  153      30801.0000 30805.0000  0.01%  10.4  235s
 930063 203376 30805.0000  141    9 30801.0000 30805.0000  0.01%  10.3  241s
 942918 204432 30805.0000  158    9 30801.0000 30805.0000  0.01%  10.3  245s
 974136 207102 30805.0000  144    8 30801.0000 30805.0000  0.01%  10.2  250s
 1002356 209405     cutoff  158      30801.0000 30805.0000  0.01%  10.1  255s
 1018900 211018     cutoff  141      30801.0000 30805.0000  0.01%  10.1  260s
 1035009 212508     cutoff  152      30801.0000 30805.0000  0.01%  10.1  265s
 1062040 215871     cutoff  143      30801.0000 30805.0000  0.01%  10.1  270s
 1084729 218643 30805.0000  156    7 30801.0000 30805.0000  0.01%  10.0  275s
 1110843 220694 30805.0000  131   15 30801.0000 30805.0000  0.01%  10.0  280s
 1134614 222674 30805.0000  162    7 30801.0000 30805.0000  0.01%  10.0  285s
 1155830 224194     cutoff  137      30801.0000 30805.0000  0.01%   9.9  290s
 1175444 225280 30805.0000  150    7 30801.0000 30805.0000  0.01%   9.9  295s
 1199363 226180     cutoff  139      30801.0000 30805.0000  0.01%   9.9  300s
 1219188 226734     cutoff  158      30801.0000 30805.0000  0.01%   9.9  305s
 1246929 227364 30805.0000  144    9 30801.0000 30805.0000  0.01%   9.8  310s
 1265886 227635     cutoff  151      30801.0000 30805.0000  0.01%   9.8  315s
 1289764 228651     cutoff  131      30801.0000 30805.0000  0.01%   9.8  320s
 1305205 229230     cutoff  134      30801.0000 30805.0000  0.01%   9.7  325s
 1333277 230244 30805.0000  139    9 30801.0000 30805.0000  0.01%   9.7  330s
 1352471 231660 30805.0000  157    9 30801.0000 30805.0000  0.01%   9.7  335s
 1378729 232037 30805.0000  160   13 30801.0000 30805.0000  0.01%   9.6  340s
 1391806 232151 30805.0000  134    5 30801.0000 30805.0000  0.01%   9.6  345s
 1421035 232871     cutoff  137      30801.0000 30805.0000  0.01%   9.6  350s
 1446797 234705     cutoff  170      30801.0000 30805.0000  0.01%   9.6  355s
 1458823 237054     cutoff  161      30801.0000 30805.0000  0.01%   9.6  360s
 1479588 239063 30805.0000  134    8 30801.0000 30805.0000  0.01%   9.6  366s
 1498880 240266     cutoff  136      30801.0000 30805.0000  0.01%   9.6  370s
 1521190 247124     cutoff  174      30801.0000 30805.0000  0.01%   9.6  375s
 1545724 254355 30805.0000  164    8 30801.0000 30805.0000  0.01%   9.6  380s
 1555045 257572 30805.0000  155   10 30801.0000 30805.0000  0.01%   9.6  385s
 1576481 264049 30805.0000  141   18 30801.0000 30805.0000  0.01%   9.7  390s
 1590076 268785 30805.0000  154    8 30801.0000 30805.0000  0.01%   9.7  395s
 1609734 275306 30805.0000  142   18 30801.0000 30805.0000  0.01%   9.7  400s
 1636752 280052 30805.0000  106   14 30801.0000 30805.0000  0.01%   9.7  405s
 1656798 285605     cutoff  124      30801.0000 30805.0000  0.01%   9.7  410s
 1670354 289691     cutoff  149      30801.0000 30805.0000  0.01%   9.7  415s
 1696734 294892 30805.0000  144    8 30801.0000 30805.0000  0.01%   9.7  420s
 1726040 297815 30805.0000  133    7 30801.0000 30805.0000  0.01%   9.7  425s
 1735286 298892 30802.0000  135    8 30801.0000 30805.0000  0.01%   9.7  430s
 1750391 301137 30805.0000  130   10 30801.0000 30805.0000  0.01%   9.7  435s
 1778960 306173     cutoff  200      30801.0000 30805.0000  0.01%   9.7  440s
 1806424 308297 30805.0000  148    9 30801.0000 30805.0000  0.01%   9.7  445s
 1832192 313066 30805.0000  127   13 30801.0000 30805.0000  0.01%   9.7  450s
 1847648 315412     cutoff  146      30801.0000 30805.0000  0.01%   9.7  455s
 1875673 318345     cutoff  138      30801.0000 30805.0000  0.01%   9.7  460s
 1904462 320746     cutoff  140      30801.0000 30805.0000  0.01%   9.7  465s
 1922258 322647 30805.0000  139   10 30801.0000 30805.0000  0.01%   9.7  470s
 1942578 325499     cutoff  161      30801.0000 30805.0000  0.01%   9.7  475s
 1972609 328894 30805.0000  146    8 30801.0000 30805.0000  0.01%   9.7  480s
 1999218 331160 30805.0000  130    7 30801.0000 30805.0000  0.01%   9.6  485s
 2013649 332600 30805.0000   87   19 30801.0000 30805.0000  0.01%   9.6  490s
 2029440 337125 30805.0000  177   10 30801.0000 30805.0000  0.01%   9.7  495s
 2049608 342391     cutoff  188      30801.0000 30805.0000  0.01%   9.7  500s
 2070823 347626     cutoff  136      30801.0000 30805.0000  0.01%   9.7  506s
*2084313 334240             197    30802.000000 30805.0000  0.01%   9.7  509s
 2086790 335076     cutoff  161      30802.0000 30805.0000  0.01%   9.7  510s
 2108610 342312 30805.0000  109   11 30802.0000 30805.0000  0.01%   9.7  515s
 2133469 349148     cutoff  135      30802.0000 30805.0000  0.01%   9.7  520s
 2157189 351404 30803.0000  149    5 30802.0000 30805.0000  0.01%   9.7  525s
 2175946 356448     cutoff  148      30802.0000 30805.0000  0.01%   9.7  530s
 2198122 360168 30805.0000  135   10 30802.0000 30805.0000  0.01%   9.8  535s
 2216573 365545 30805.0000  164   20 30802.0000 30805.0000  0.01%   9.8  540s
 2242079 369503     cutoff  140      30802.0000 30805.0000  0.01%   9.8  545s
 2263750 374359 30804.0000  133    6 30802.0000 30805.0000  0.01%   9.7  551s
 2290603 376128 30805.0000  104   15 30802.0000 30805.0000  0.01%   9.7  555s
 2314956 378065 30805.0000  139   10 30802.0000 30805.0000  0.01%   9.7  560s
 2340902 379869 30805.0000  131    8 30802.0000 30805.0000  0.01%   9.7  565s
 2364397 386226 30805.0000  134   19 30802.0000 30805.0000  0.01%   9.7  570s
 2389495 388959     cutoff  122      30802.0000 30805.0000  0.01%   9.6  575s
 2412205 392297 30805.0000  124    7 30802.0000 30805.0000  0.01%   9.6  580s
 2432693 397624     cutoff  135      30802.0000 30805.0000  0.01%   9.6  585s
 2451545 402291     cutoff  134      30802.0000 30805.0000  0.01%   9.6  590s
 2469940 405958 30805.0000  132   11 30802.0000 30805.0000  0.01%   9.6  595s
 2493248 411258     cutoff  150      30802.0000 30805.0000  0.01%   9.6  600s
 2513261 415630 30803.0000  152    8 30802.0000 30805.0000  0.01%   9.6  605s
 2529150 418238     cutoff  160      30802.0000 30805.0000  0.01%   9.6  611s
 2552211 419654 30805.0000  147    9 30802.0000 30805.0000  0.01%   9.6  615s
 2569925 421649 30805.0000  140    5 30802.0000 30805.0000  0.01%   9.7  620s
 2590277 425615 30805.0000  139    8 30802.0000 30805.0000  0.01%   9.7  625s
 2611532 427785 30805.0000  147    8 30802.0000 30805.0000  0.01%   9.7  630s
 2633420 432543 30805.0000  141   11 30802.0000 30805.0000  0.01%   9.7  635s
 2656464 436633     cutoff  153      30802.0000 30805.0000  0.01%   9.7  640s
 2675816 439961     cutoff  145      30802.0000 30805.0000  0.01%   9.7  645s
 2699547 444539 30805.0000  137   11 30802.0000 30805.0000  0.01%   9.7  650s
 2720796 449667 30805.0000  153   18 30802.0000 30805.0000  0.01%   9.7  655s
 2738603 453294     cutoff  139      30802.0000 30805.0000  0.01%   9.7  660s
 2762944 457414 infeasible  149      30802.0000 30805.0000  0.01%   9.7  665s
 2785210 459665 30805.0000  132    7 30802.0000 30805.0000  0.01%   9.7  670s
 2805830 463069 30803.0000  169    6 30802.0000 30805.0000  0.01%   9.8  675s
 2830057 466365 30805.0000  152   10 30802.0000 30805.0000  0.01%   9.8  680s
 2850555 468980 30805.0000  154    6 30802.0000 30805.0000  0.01%   9.8  685s
 2877863 470380 30805.0000  156    6 30802.0000 30805.0000  0.01%   9.8  690s
 2898835 471238     cutoff  146      30802.0000 30805.0000  0.01%   9.8  695s
 2924823 471607     cutoff  144      30802.0000 30805.0000  0.01%   9.8  700s
 2945574 472896     cutoff  127      30802.0000 30805.0000  0.01%   9.8  705s
 2970120 475846 30803.0000  143    7 30802.0000 30805.0000  0.01%   9.8  710s
 2993479 480072 30805.0000  130    7 30802.0000 30805.0000  0.01%   9.8  715s
 3016436 485197     cutoff  150      30802.0000 30805.0000  0.01%   9.8  720s
 3036899 491536     cutoff  132      30802.0000 30805.0000  0.01%   9.8  725s
 3058200 496479     cutoff  153      30802.0000 30805.0000  0.01%   9.8  730s
 3079930 503074 30805.0000  157    9 30802.0000 30805.0000  0.01%   9.9  735s
 3095368 507392 30805.0000  155    9 30802.0000 30805.0000  0.01%   9.9  740s
 3120193 511745 30805.0000  132   15 30802.0000 30805.0000  0.01%   9.9  745s
 3142080 514974 30805.0000  139    6 30802.0000 30805.0000  0.01%   9.9  750s
 3169934 517249 30805.0000  127    7 30802.0000 30805.0000  0.01%   9.9  755s
 3192217 519930 30804.0000  157    7 30802.0000 30805.0000  0.01%   9.9  760s
 3214330 521739     cutoff  152      30802.0000 30805.0000  0.01%   9.9  765s
 3237098 522984     cutoff  150      30802.0000 30805.0000  0.01%  10.0  770s
 3262629 525066 30805.0000  142    9 30802.0000 30805.0000  0.01%  10.0  775s
 3280958 526174 30805.0000  146    6 30802.0000 30805.0000  0.01%  10.0  780s
 3307067 527099     cutoff  144      30802.0000 30805.0000  0.01%  10.0  785s
 3331065 529192 30805.0000  133    7 30802.0000 30805.0000  0.01%  10.0  790s
 3351662 532368 30805.0000  165    9 30802.0000 30805.0000  0.01%  10.0  795s
 3373961 534948 30805.0000  144    7 30802.0000 30805.0000  0.01%  10.0  800s
 3394968 539511 30805.0000  164   11 30802.0000 30805.0000  0.01%  10.1  805s
 3412242 543883     cutoff  154      30802.0000 30805.0000  0.01%  10.1  811s
 3434642 545890     cutoff  122      30802.0000 30805.0000  0.01%  10.1  815s
 3454432 555216 30805.0000  143    6 30802.0000 30805.0000  0.01%  10.1  820s
 3476787 562313 30805.0000  107   11 30802.0000 30805.0000  0.01%  10.1  825s
 3500321 565058 30805.0000  104    6 30802.0000 30805.0000  0.01%  10.1  830s
 3521658 565886     cutoff  136      30802.0000 30805.0000  0.01%  10.0  835s
 3544884 566633 30805.0000  130    9 30802.0000 30805.0000  0.01%  10.0  840s
 3569898 568092 30805.0000  139    8 30802.0000 30805.0000  0.01%  10.0  845s
 3596225 569442 30805.0000  156    6 30802.0000 30805.0000  0.01%  10.0  850s
 3622191 570931 30805.0000   93   12 30802.0000 30805.0000  0.01%   9.9  855s
 3644706 574704     cutoff  147      30802.0000 30805.0000  0.01%   9.9  860s
 3665592 580869 30805.0000  136    8 30802.0000 30805.0000  0.01%   9.9  865s
 3686411 584002 30805.0000  121    8 30802.0000 30805.0000  0.01%   9.9  870s
 3710251 588103     cutoff  107      30802.0000 30805.0000  0.01%   9.9  875s
 3733596 593785 30805.0000  157    5 30802.0000 30805.0000  0.01%   9.9  880s
 3755786 597062     cutoff  139      30802.0000 30805.0000  0.01%   9.9  885s
 3781214 598202     cutoff  133      30802.0000 30805.0000  0.01%   9.8  890s
 3808518 600622     cutoff  127      30802.0000 30805.0000  0.01%   9.8  895s
 3830271 603617 30805.0000  113    5 30802.0000 30805.0000  0.01%   9.8  900s
 3852251 604741     cutoff  143      30802.0000 30805.0000  0.01%   9.8  905s
 3877164 607931 30805.0000  123    5 30802.0000 30805.0000  0.01%   9.8  910s
 3900157 611150 30805.0000  124   12 30802.0000 30805.0000  0.01%   9.8  915s
 3924490 614027 30805.0000  150    5 30802.0000 30805.0000  0.01%   9.8  920s
 3945214 617997 30805.0000  118    9 30802.0000 30805.0000  0.01%   9.8  925s
 3970783 622385 30805.0000  157    6 30802.0000 30805.0000  0.01%   9.8  930s
 3999131 624161 30805.0000  132    6 30802.0000 30805.0000  0.01%   9.8  935s
 4025627 626541 30805.0000  143    5 30802.0000 30805.0000  0.01%   9.7  940s
 4051760 629004 30805.0000  137    9 30802.0000 30805.0000  0.01%   9.7  945s
 4074313 631881     cutoff  158      30802.0000 30805.0000  0.01%   9.7  950s
 4096018 634131     cutoff  161      30802.0000 30805.0000  0.01%   9.7  955s
 4116492 636890 30805.0000  157    7 30802.0000 30805.0000  0.01%   9.7  960s
 4135949 640243 30805.0000  154    6 30802.0000 30805.0000  0.01%   9.7  965s
 4157410 641528 30805.0000  153    6 30802.0000 30805.0000  0.01%   9.7  970s
 4179673 641981 30805.0000  158    8 30802.0000 30805.0000  0.01%   9.7  975s
 4201346 643049     cutoff  145      30802.0000 30805.0000  0.01%   9.7  980s
 4223288 644076     cutoff  147      30802.0000 30805.0000  0.01%   9.7  985s
 4244261 644908     cutoff  141      30802.0000 30805.0000  0.01%   9.7  990s
 4266908 646062     cutoff  157      30802.0000 30805.0000  0.01%   9.7  995s
 4285989 647091     cutoff  119      30802.0000 30805.0000  0.01%   9.7 1000s
 4308374 651411 30805.0000  154    7 30802.0000 30805.0000  0.01%   9.7 1005s
 4333570 655321     cutoff  161      30802.0000 30805.0000  0.01%   9.7 1010s
 4352078 659406     cutoff  122      30802.0000 30805.0000  0.01%   9.7 1015s
 4370321 663036 30805.0000  120    6 30802.0000 30805.0000  0.01%   9.7 1020s
 4391332 665628     cutoff  133      30802.0000 30805.0000  0.01%   9.7 1025s
 4412418 667913 30805.0000  119    9 30802.0000 30805.0000  0.01%   9.7 1030s
 4433101 671047     cutoff  137      30802.0000 30805.0000  0.01%   9.7 1035s
*4454604 641140             118    30803.000000 30805.0000  0.01%   9.7 1039s
 4459346 641179     cutoff  134      30803.0000 30805.0000  0.01%   9.7 1040s
 4480557 643403 30805.0000   85   10 30803.0000 30805.0000  0.01%   9.6 1045s
 4497422 647433     cutoff  107      30803.0000 30805.0000  0.01%   9.6 1050s
 4515713 653380 30805.0000  151    8 30803.0000 30805.0000  0.01%   9.6 1055s
 4526449 657088 30805.0000  143    9 30803.0000 30805.0000  0.01%   9.6 1060s
 4556593 658735     cutoff  135      30803.0000 30805.0000  0.01%   9.6 1065s
 4577971 661825 30805.0000  157    8 30803.0000 30805.0000  0.01%   9.6 1070s
 4599440 663318 30805.0000  170    8 30803.0000 30805.0000  0.01%   9.6 1075s
 4622601 663357 30805.0000  168    7 30803.0000 30805.0000  0.01%   9.6 1081s
 4644191 664255 30805.0000  155   10 30803.0000 30805.0000  0.01%   9.6 1085s
 4666396 665982 30805.0000  147    9 30803.0000 30805.0000  0.01%   9.5 1090s
 4687821 668939     cutoff  139      30803.0000 30805.0000  0.01%   9.5 1095s
 4703967 672209     cutoff  153      30803.0000 30805.0000  0.01%   9.5 1100s
 4720457 674956 30805.0000  147    9 30803.0000 30805.0000  0.01%   9.5 1105s
 4735378 677380     cutoff  170      30803.0000 30805.0000  0.01%   9.5 1110s
 4754018 680077     cutoff  160      30803.0000 30805.0000  0.01%   9.5 1115s
 4773250 682264 30805.0000  160    8 30803.0000 30805.0000  0.01%   9.5 1120s
 4792408 688160 30805.0000  153   12 30803.0000 30805.0000  0.01%   9.5 1127s
 4811015 689832 infeasible  174      30803.0000 30805.0000  0.01%   9.5 1130s
 4827054 692639 30805.0000  150    8 30803.0000 30805.0000  0.01%   9.5 1135s
 4848441 697105 30805.0000  152   11 30803.0000 30805.0000  0.01%   9.4 1140s
 4867707 700668     cutoff  160      30803.0000 30805.0000  0.01%   9.4 1145s
 4886532 704029     cutoff  136      30803.0000 30805.0000  0.01%   9.4 1150s
 4904425 707311     cutoff  160      30803.0000 30805.0000  0.01%   9.4 1155s
 4923504 710140 30805.0000  175   10 30803.0000 30805.0000  0.01%   9.4 1160s
 4939704 712164 30805.0000  106   11 30803.0000 30805.0000  0.01%   9.4 1165s
 4959259 716258 30805.0000  139   15 30803.0000 30805.0000  0.01%   9.4 1170s
 4978151 720923     cutoff  157      30803.0000 30805.0000  0.01%   9.4 1176s
 4998139 722627 30805.0000  163    5 30803.0000 30805.0000  0.01%   9.4 1181s
 5022536 723307 30805.0000  144    9 30803.0000 30805.0000  0.01%   9.4 1185s
 5043319 726391 30805.0000  158    8 30803.0000 30805.0000  0.01%   9.3 1190s
 5066853 728921 30805.0000  158   10 30803.0000 30805.0000  0.01%   9.3 1195s
 5084639 732780 30805.0000  157    9 30803.0000 30805.0000  0.01%   9.3 1200s
 5102352 736058     cutoff  148      30803.0000 30805.0000  0.01%   9.3 1205s
 5123271 739580 30805.0000  138   10 30803.0000 30805.0000  0.01%   9.3 1210s
 5140350 742842     cutoff  145      30803.0000 30805.0000  0.01%   9.3 1215s
 5159758 746301     cutoff  138      30803.0000 30805.0000  0.01%   9.3 1220s
 5175307 750031     cutoff  145      30803.0000 30805.0000  0.01%   9.3 1225s
 5194910 753962 30805.0000  160    7 30803.0000 30805.0000  0.01%   9.3 1230s
 5210568 756928     cutoff  185      30803.0000 30805.0000  0.01%   9.3 1235s
 5228611 761027     cutoff  146      30803.0000 30805.0000  0.01%   9.3 1240s
 5242439 763782 30805.0000  159    7 30803.0000 30805.0000  0.01%   9.3 1245s
 5258673 766295 30805.0000  149    6 30803.0000 30805.0000  0.01%   9.3 1250s
 5274980 767935 infeasible  168      30803.0000 30805.0000  0.01%   9.3 1255s
 5288848 770349 30805.0000  180   10 30803.0000 30805.0000  0.01%   9.3 1260s
 5298893 773867     cutoff  151      30803.0000 30805.0000  0.01%   9.3 1266s
 5318931 775747     cutoff  171      30803.0000 30805.0000  0.01%   9.2 1270s
 5331160 777974 30805.0000  140    7 30803.0000 30805.0000  0.01%   9.2 1275s
 5349205 781123 30805.0000  150   10 30803.0000 30805.0000  0.01%   9.2 1280s
 5365051 783425     cutoff  150      30803.0000 30805.0000  0.01%   9.2 1285s
 5380899 786327 30805.0000  154    9 30803.0000 30805.0000  0.01%   9.2 1290s
 5394701 788192     cutoff  146      30803.0000 30805.0000  0.01%   9.2 1295s
 5410895 790201     cutoff  159      30803.0000 30805.0000  0.01%   9.2 1300s
 5426543 792518 30805.0000  147    8 30803.0000 30805.0000  0.01%   9.2 1305s
 5445755 796184     cutoff  149      30803.0000 30805.0000  0.01%   9.2 1310s
 5460693 799466 30805.0000  154    9 30803.0000 30805.0000  0.01%   9.2 1315s
 5476639 801987 30805.0000  168   11 30803.0000 30805.0000  0.01%   9.2 1320s
 5490756 804024     cutoff  157      30803.0000 30805.0000  0.01%   9.2 1325s
 5510541 807738 30805.0000  171   10 30803.0000 30805.0000  0.01%   9.2 1330s
 5525841 812384 30805.0000  155    8 30803.0000 30805.0000  0.01%   9.2 1335s
 5543503 816427 30804.0000  143    9 30803.0000 30805.0000  0.01%   9.2 1340s
 5557513 819077 30805.0000  152    8 30803.0000 30805.0000  0.01%   9.2 1345s
 5575140 822518 30805.0000  153    7 30803.0000 30805.0000  0.01%   9.2 1350s
 5589078 825314 30805.0000  133    9 30803.0000 30805.0000  0.01%   9.2 1355s
 5606705 829220 30805.0000  133    9 30803.0000 30805.0000  0.01%   9.2 1360s
 5624526 832914 30805.0000  136   12 30803.0000 30805.0000  0.01%   9.2 1365s
 5643525 836779 30805.0000  176    7 30803.0000 30805.0000  0.01%   9.1 1370s
 5659306 840186 30805.0000  156    9 30803.0000 30805.0000  0.01%   9.1 1375s
 5674690 843659     cutoff  164      30803.0000 30805.0000  0.01%   9.1 1380s
 5689072 847015 30805.0000  148    7 30803.0000 30805.0000  0.01%   9.1 1385s
 5708532 850230 30805.0000  155   11 30803.0000 30805.0000  0.01%   9.1 1390s
 5722895 853259 30805.0000  141   11 30803.0000 30805.0000  0.01%   9.1 1395s
 5742958 856279 30805.0000  154    5 30803.0000 30805.0000  0.01%   9.1 1400s
 5757635 859355 30805.0000  137    7 30803.0000 30805.0000  0.01%   9.1 1405s
 5782096 862354     cutoff  168      30803.0000 30805.0000  0.01%   9.1 1410s
 5808659 862926 30805.0000  128    8 30803.0000 30805.0000  0.01%   9.1 1415s
 5832395 863468 30805.0000  126    7 30803.0000 30805.0000  0.01%   9.1 1420s
 5856518 864873 30805.0000  128    7 30803.0000 30805.0000  0.01%   9.1 1425s
 5879176 865932     cutoff  133      30803.0000 30805.0000  0.01%   9.1 1430s
 5898452 867006 30805.0000  159   12 30803.0000 30805.0000  0.01%   9.1 1435s
 5925317 867235     cutoff  151      30803.0000 30805.0000  0.01%   9.0 1440s
 5944227 869636 30805.0000  127    6 30803.0000 30805.0000  0.01%   9.0 1445s
 5967807 869743     cutoff  141      30803.0000 30805.0000  0.01%   9.0 1450s
 5990424 869788 30805.0000  140    6 30803.0000 30805.0000  0.01%   9.0 1455s
 6012358 869930 30805.0000  162    7 30803.0000 30805.0000  0.01%   9.0 1460s
 6035035 869702 30805.0000  147    5 30803.0000 30805.0000  0.01%   9.0 1465s
 6059159 872150 30805.0000  131    7 30803.0000 30805.0000  0.01%   9.0 1470s
 6085892 872695 30805.0000  150    7 30803.0000 30805.0000  0.01%   9.0 1475s
 6110645 872747 30805.0000  131    5 30803.0000 30805.0000  0.01%   9.0 1480s
 6133357 872993 30805.0000  142    7 30803.0000 30805.0000  0.01%   9.0 1485s
 6159065 873245 30805.0000  134    6 30803.0000 30805.0000  0.01%   9.0 1490s
 6182221 871933     cutoff  133      30803.0000 30805.0000  0.01%   8.9 1495s
 6205684 872892 30805.0000  135    5 30803.0000 30805.0000  0.01%   8.9 1501s
 6231042 873476     cutoff  116      30803.0000 30805.0000  0.01%   8.9 1505s
 6253460 873768     cutoff  148      30803.0000 30805.0000  0.01%   8.9 1510s
 6277114 874491 30805.0000  148    7 30803.0000 30805.0000  0.01%   8.9 1515s
 6300918 874602 30805.0000  140    9 30803.0000 30805.0000  0.01%   8.9 1520s
 6323207 875695 30805.0000  146    6 30803.0000 30805.0000  0.01%   8.9 1525s
 6348285 875198 30805.0000  129    7 30803.0000 30805.0000  0.01%   8.9 1530s
 6370216 875313 30805.0000  136   11 30803.0000 30805.0000  0.01%   8.9 1535s
 6387516 876710 30805.0000  134    8 30803.0000 30805.0000  0.01%   8.9 1540s
 6413110 879201 30805.0000  132    5 30803.0000 30805.0000  0.01%   8.9 1545s
 6438581 879387 30804.0000  129    4 30803.0000 30805.0000  0.01%   8.9 1550s
 6456270 879120 30805.0000  121    8 30803.0000 30805.0000  0.01%   8.9 1555s
 6483209 878443 30805.0000  129    8 30803.0000 30805.0000  0.01%   8.9 1560s
 6504096 879227     cutoff  130      30803.0000 30805.0000  0.01%   8.9 1565s
 6518835 880680 30805.0000  133    8 30803.0000 30805.0000  0.01%   8.8 1570s
 6538877 881358 30805.0000  133    5 30803.0000 30805.0000  0.01%   8.8 1575s
 6559238 881598 30805.0000  126    5 30803.0000 30805.0000  0.01%   8.8 1580s
 6580520 884005 30805.0000  115    9 30803.0000 30805.0000  0.01%   8.8 1585s
 6601757 886519 30805.0000  157   14 30803.0000 30805.0000  0.01%   8.8 1590s
 6618778 893527     cutoff  142      30803.0000 30805.0000  0.01%   8.8 1597s
 6635103 894607 30805.0000  139    9 30803.0000 30805.0000  0.01%   8.8 1600s
 6652807 897316 30805.0000  140    6 30803.0000 30805.0000  0.01%   8.8 1605s
 6672182 900192     cutoff  161      30803.0000 30805.0000  0.01%   8.8 1610s
 6687515 903215     cutoff  157      30803.0000 30805.0000  0.01%   8.8 1615s
 6707187 907223     cutoff  181      30803.0000 30805.0000  0.01%   8.8 1620s
 6720610 910033     cutoff  155      30803.0000 30805.0000  0.01%   8.8 1625s
 6739993 913939 30805.0000  164    9 30803.0000 30805.0000  0.01%   8.8 1630s
 6759334 915456 30805.0000  162    7 30803.0000 30805.0000  0.01%   8.8 1635s
 6772479 916188 30805.0000  171    9 30803.0000 30805.0000  0.01%   8.8 1640s
 6798666 917676 30805.0000  149    8 30803.0000 30805.0000  0.01%   8.8 1645s
 6814237 919161 30805.0000  163    8 30803.0000 30805.0000  0.01%   8.8 1650s
 6833636 921743 30805.0000  149    7 30803.0000 30805.0000  0.01%   8.8 1655s
 6848844 922789     cutoff  153      30803.0000 30805.0000  0.01%   8.8 1661s
 6868425 923454 30805.0000  162    8 30803.0000 30805.0000  0.01%   8.8 1665s
 6883984 924699     cutoff  158      30803.0000 30805.0000  0.01%   8.8 1670s
 6899904 926264 30805.0000  157    8 30803.0000 30805.0000  0.01%   8.8 1675s
 6915547 928061 30805.0000  155    9 30803.0000 30805.0000  0.01%   8.8 1680s
 6932285 929583 30805.0000  151    8 30803.0000 30805.0000  0.01%   8.8 1685s
 6949270 931309 30804.0000  158    6 30803.0000 30805.0000  0.01%   8.8 1690s
 6964994 933221 30805.0000  141    8 30803.0000 30805.0000  0.01%   8.8 1695s
 6982009 935280     cutoff  152      30803.0000 30805.0000  0.01%   8.8 1700s
 6995671 937611 30805.0000  150   12 30803.0000 30805.0000  0.01%   8.8 1705s
 7011520 940022 30805.0000  149    7 30803.0000 30805.0000  0.01%   8.8 1710s
 7029262 942215     cutoff  168      30803.0000 30805.0000  0.01%   8.8 1715s
 7043444 944616     cutoff  177      30803.0000 30805.0000  0.01%   8.8 1720s
 7058562 947495 infeasible  166      30803.0000 30805.0000  0.01%   8.8 1725s
 7072556 949880 30805.0000  150    9 30803.0000 30805.0000  0.01%   8.8 1730s
 7086533 951700 30805.0000  152    8 30803.0000 30805.0000  0.01%   8.8 1735s
 7100297 953398     cutoff  162      30803.0000 30805.0000  0.01%   8.8 1740s
 7120498 956176     cutoff  152      30803.0000 30805.0000  0.01%   8.8 1745s
 7134350 958652     cutoff  122      30803.0000 30805.0000  0.01%   8.8 1750s
 7149776 962612 30805.0000  144    7 30803.0000 30805.0000  0.01%   8.8 1755s
 7165379 965446 30805.0000  152    8 30803.0000 30805.0000  0.01%   8.8 1760s
 7179640 968095 infeasible  157      30803.0000 30805.0000  0.01%   8.8 1765s
 7195902 970405 30805.0000  146    8 30803.0000 30805.0000  0.01%   8.8 1770s
 7211841 972693 30805.0000  148    9 30803.0000 30805.0000  0.01%   8.8 1775s
 7225668 974616 30805.0000  153    7 30803.0000 30805.0000  0.01%   8.8 1780s
 7241192 976537 30805.0000  161    9 30803.0000 30805.0000  0.01%   8.8 1785s
 7252970 978053 30805.0000  156    8 30803.0000 30805.0000  0.01%   8.8 1790s
 7268507 980398     cutoff  167      30803.0000 30805.0000  0.01%   8.8 1795s
 7280692 981864     cutoff  179      30803.0000 30805.0000  0.01%   8.8 1800s
 7292524 984706     cutoff  146      30803.0000 30805.0000  0.01%   8.8 1806s
 7310227 986508 30805.0000  149    7 30803.0000 30805.0000  0.01%   8.8 1810s
 7330748 988850     cutoff  178      30803.0000 30805.0000  0.01%   8.8 1815s
 7345112 990892     cutoff  160      30803.0000 30805.0000  0.01%   8.8 1820s
 7360752 993479     cutoff  165      30803.0000 30805.0000  0.01%   8.8 1825s
 7378644 996202     cutoff  161      30803.0000 30805.0000  0.01%   8.8 1830s
 7392859 998345     cutoff  162      30803.0000 30805.0000  0.01%   8.8 1835s
 7409739 999914 30805.0000  176   10 30803.0000 30805.0000  0.01%   8.8 1840s
 7426912 1001701 30805.0000  161    8 30803.0000 30805.0000  0.01%   8.8 1845s
 7442244 1005152     cutoff  130      30803.0000 30805.0000  0.01%   8.8 1850s
 7457772 1008383     cutoff  148      30803.0000 30805.0000  0.01%   8.8 1855s
 7473650 1010643 30805.0000  155    8 30803.0000 30805.0000  0.01%   8.8 1860s
 7484906 1012331     cutoff  158      30803.0000 30805.0000  0.01%   8.8 1865s
 7498826 1014240 30805.0000  148    9 30803.0000 30805.0000  0.01%   8.7 1870s
 7512802 1015230     cutoff  166      30803.0000 30805.0000  0.01%   8.7 1875s
 7524891 1015919 30805.0000  146    7 30803.0000 30805.0000  0.01%   8.7 1880s
 7539162 1016578 30805.0000  140    7 30803.0000 30805.0000  0.01%   8.7 1885s
 7551163 1017388 infeasible  145      30803.0000 30805.0000  0.01%   8.7 1890s
 7563568 1018299     cutoff  164      30803.0000 30805.0000  0.01%   8.7 1895s
 7571574 1019051     cutoff  156      30803.0000 30805.0000  0.01%   8.7 1900s
 7593481 1020021 30805.0000  153    8 30803.0000 30805.0000  0.01%   8.7 1905s
 7607825 1020706 30805.0000  138    8 30803.0000 30805.0000  0.01%   8.7 1910s
 7619996 1021770 30805.0000  155    6 30803.0000 30805.0000  0.01%   8.7 1915s
 7634028 1022703     cutoff  147      30803.0000 30805.0000  0.01%   8.7 1920s
 7650127 1024221 30805.0000  170    8 30803.0000 30805.0000  0.01%   8.7 1925s
 7661984 1025100 30805.0000  144    6 30803.0000 30805.0000  0.01%   8.7 1930s
 7678140 1026545     cutoff  154      30803.0000 30805.0000  0.01%   8.7 1935s
 7690265 1027937     cutoff  134      30803.0000 30805.0000  0.01%   8.7 1940s
 7703369 1028594     cutoff  162      30803.0000 30805.0000  0.01%   8.7 1945s
 7722493 1029988 30805.0000  151   10 30803.0000 30805.0000  0.01%   8.7 1950s
 7734314 1031316     cutoff  151      30803.0000 30805.0000  0.01%   8.7 1955s
 7746943 1032115 30805.0000  158   10 30803.0000 30805.0000  0.01%   8.7 1960s
 7763175 1033487     cutoff  170      30803.0000 30805.0000  0.01%   8.7 1965s
 7775234 1035043 30805.0000  153    8 30803.0000 30805.0000  0.01%   8.7 1970s
 7789602 1036297 30805.0000  170    8 30803.0000 30805.0000  0.01%   8.7 1975s
 7804603 1036506 30805.0000  165   10 30803.0000 30805.0000  0.01%   8.7 1980s
 7819466 1037283     cutoff  159      30803.0000 30805.0000  0.01%   8.7 1985s
 7831751 1039016 30805.0000  147   10 30803.0000 30805.0000  0.01%   8.7 1990s
 7843718 1040481     cutoff  153      30803.0000 30805.0000  0.01%   8.7 1995s
 7856783 1042275 30805.0000  154    9 30803.0000 30805.0000  0.01%   8.7 2000s
 7869432 1042919     cutoff  165      30803.0000 30805.0000  0.01%   8.7 2005s
 7883731 1044298     cutoff  170      30803.0000 30805.0000  0.01%   8.7 2010s
 7900534 1046038 30805.0000  154    7 30803.0000 30805.0000  0.01%   8.7 2015s
 7912956 1047811     cutoff  159      30803.0000 30805.0000  0.01%   8.7 2020s
 7925192 1048657     cutoff  154      30803.0000 30805.0000  0.01%   8.7 2025s
 7937355 1049334     cutoff  170      30803.0000 30805.0000  0.01%   8.7 2030s
 7951905 1049866     cutoff  137      30803.0000 30805.0000  0.01%   8.7 2035s
 7963438 1050724 30805.0000  157    8 30803.0000 30805.0000  0.01%   8.7 2040s
 7980300 1051536 30805.0000  161    8 30803.0000 30805.0000  0.01%   8.7 2045s
 7992210 1052529 30805.0000  153    8 30803.0000 30805.0000  0.01%   8.7 2050s
 8006269 1054052     cutoff  144      30803.0000 30805.0000  0.01%   8.7 2055s
 8023815 1055811     cutoff  161      30803.0000 30805.0000  0.01%   8.7 2060s
 8039514 1058901 30805.0000  160    7 30803.0000 30805.0000  0.01%   8.7 2065s
 8052619 1063810 30805.0000  163    9 30803.0000 30805.0000  0.01%   8.7 2071s
 8070365 1064868 30805.0000  144   10 30803.0000 30805.0000  0.01%   8.7 2075s
 8084333 1067002 30805.0000  143   10 30803.0000 30805.0000  0.01%   8.7 2080s
 8098348 1069025 30805.0000  164    8 30803.0000 30805.0000  0.01%   8.7 2085s
 8114004 1071204     cutoff  170      30803.0000 30805.0000  0.01%   8.7 2090s
 8126429 1073574     cutoff  172      30803.0000 30805.0000  0.01%   8.7 2095s
 8141884 1075916 30805.0000  150    7 30803.0000 30805.0000  0.01%   8.7 2100s
 8155799 1078296     cutoff  142      30803.0000 30805.0000  0.01%   8.7 2105s
 8171811 1080517 30805.0000  192   10 30803.0000 30805.0000  0.01%   8.7 2110s
 8177862 1084394 30805.0000  180   10 30803.0000 30805.0000  0.01%   8.7 2115s
 8196215 1087593 30805.0000  141    9 30803.0000 30805.0000  0.01%   8.7 2121s
 8215722 1089704 30805.0000  120   12 30803.0000 30805.0000  0.01%   8.7 2125s
 8232950 1092217     cutoff  161      30803.0000 30805.0000  0.01%   8.7 2130s
 8253815 1093871 30804.0000  164    9 30803.0000 30805.0000  0.01%   8.7 2135s
 8272336 1095884 30805.0000  153   10 30803.0000 30805.0000  0.01%   8.7 2140s
 8292918 1097660     cutoff  152      30803.0000 30805.0000  0.01%   8.7 2145s
 8307574 1099299 30805.0000  127    9 30803.0000 30805.0000  0.01%   8.7 2150s
 8328310 1099672     cutoff  158      30803.0000 30805.0000  0.01%   8.7 2155s
 8347104 1101011     cutoff  146      30803.0000 30805.0000  0.01%   8.7 2160s
 8365362 1102534     cutoff  148      30803.0000 30805.0000  0.01%   8.7 2165s
 8386295 1103224 30805.0000  147    9 30803.0000 30805.0000  0.01%   8.7 2170s
 8406270 1104906 30805.0000  140    9 30803.0000 30805.0000  0.01%   8.7 2175s
 8425407 1106600 30805.0000  138    7 30803.0000 30805.0000  0.01%   8.7 2180s
 8444387 1109196 30805.0000  168    7 30803.0000 30805.0000  0.01%   8.7 2185s
 8466347 1111562 30805.0000  155    8 30803.0000 30805.0000  0.01%   8.7 2190s
 8483936 1113221 30805.0000  150    7 30803.0000 30805.0000  0.01%   8.7 2195s
 8500595 1117088 30805.0000  142   11 30803.0000 30805.0000  0.01%   8.7 2200s
 8524865 1120041 30805.0000  178    6 30803.0000 30805.0000  0.01%   8.7 2205s
 8545702 1122633     cutoff  168      30803.0000 30805.0000  0.01%   8.7 2210s
 8565714 1125678 30805.0000  148    9 30803.0000 30805.0000  0.01%   8.7 2215s
 8586111 1129215     cutoff  145      30803.0000 30805.0000  0.01%   8.7 2220s
 8603337 1131293 30805.0000  159    6 30803.0000 30805.0000  0.01%   8.7 2225s
 8629260 1133260     cutoff  132      30803.0000 30805.0000  0.01%   8.7 2230s
 8647855 1135013 30805.0000  159   11 30803.0000 30805.0000  0.01%   8.7 2235s
 8671085 1137507 30805.0000  119    6 30803.0000 30805.0000  0.01%   8.7 2240s
 8697591 1140338 30805.0000  123    7 30803.0000 30805.0000  0.01%   8.7 2245s
 8719838 1141793     cutoff  124      30803.0000 30805.0000  0.01%   8.7 2250s
 8738243 1144401 30805.0000  160    9 30803.0000 30805.0000  0.01%   8.7 2255s
 8761011 1147045     cutoff  138      30803.0000 30805.0000  0.01%   8.7 2260s
 8784401 1148705     cutoff  146      30803.0000 30805.0000  0.01%   8.7 2265s
 8806350 1150762     cutoff  122      30803.0000 30805.0000  0.01%   8.7 2270s
 8826817 1154308 30805.0000  126    7 30803.0000 30805.0000  0.01%   8.7 2275s
 8848152 1157697     cutoff  137      30803.0000 30805.0000  0.01%   8.7 2280s
 8866427 1160914 30805.0000  138    7 30803.0000 30805.0000  0.01%   8.7 2285s
 8890391 1164730     cutoff  143      30803.0000 30805.0000  0.01%   8.7 2290s
 8910943 1168184     cutoff  124      30803.0000 30805.0000  0.01%   8.7 2295s
 8931875 1170228 30805.0000  131    6 30803.0000 30805.0000  0.01%   8.7 2300s
 8950276 1172772 30805.0000  128    6 30803.0000 30805.0000  0.01%   8.7 2305s
 8975909 1173688 30804.0000  130    7 30803.0000 30805.0000  0.01%   8.7 2310s
 8999091 1176269 30805.0000  143    6 30803.0000 30805.0000  0.01%   8.7 2315s
 9019489 1178966     cutoff  107      30803.0000 30805.0000  0.01%   8.7 2320s
*9031692 1116950             108    30804.000000 30805.0000  0.00%   8.7 2322s
 9032415 1116940 30805.0000   91   13 30804.0000 30805.0000  0.00%   8.7 2325s
 9035440 1117781 30805.0000  160    4 30804.0000 30805.0000  0.00%   8.7 2330s
 9051818 1113956 30805.0000  184    5 30804.0000 30805.0000  0.00%   8.7 2335s
 9067960 1108903 30805.0000  201    7 30804.0000 30805.0000  0.00%   8.7 2340s
H9070924 1048853                    30805.000000 30805.0000  0.00%   8.7 2340s

Cutting planes:
  Gomory: 2
  Cover: 87
  Clique: 1
  Inf proof: 12
  Zero half: 2

Explored 9071889 nodes (78727126 simplex iterations) in 2340.94 seconds
Thread count was 12 (of 12 available processors)

Solution count 10: 30805 30804 30803 ... 30789

Optimal solution found (tolerance 1.00e-12)
Best objective 3.080500000000e+04, best bound 3.080500000000e+04, gap 0.0000%
