
Gurobi 9.1.2 (win64, Java) logging started Sun Nov 14 08:28:08 2021

Academic license - for non-commercial use only - expires 2022-10-30
Gurobi Optimizer version 9.1.2 build v9.1.2rc0 (win64)
Thread count: 6 physical cores, 12 logical processors, using up to 12 threads
Optimize a model with 80 rows, 1200 columns and 2400 nonzeros
Model fingerprint: 0x3539b1a5
Variable types: 0 continuous, 1200 integer (1200 binary)
Coefficient statistics:
  Matrix range     [1e+00, 1e+03]
  Objective range  [4e+02, 1e+03]
  Bounds range     [1e+00, 1e+00]
  RHS range        [1e+00, 1e+03]
Found heuristic solution: objective 26427.000000
Presolve removed 2 rows and 406 columns
Presolve time: 0.01s
Presolved: 78 rows, 794 columns, 1588 nonzeros
Variable types: 0 continuous, 794 integer (794 binary)
Presolved: 78 rows, 794 columns, 1588 nonzeros


Root relaxation: objective 3.188296e+04, 308 iterations, 0.00 seconds

    Nodes    |    Current Node    |     Objective Bounds      |     Work
 Expl Unexpl |  Obj  Depth IntInf | Incumbent    BestBd   Gap | It/Node Time

     0     0 31882.9555    0   31 26427.0000 31882.9555  20.6%     -    0s
H    0     0                    30347.000000 31882.9555  5.06%     -    0s
H    0     0                    30484.000000 31882.9555  4.59%     -    0s
H    0     0                    30526.000000 31882.9555  4.45%     -    0s
H    0     0                    30715.000000 31882.9555  3.80%     -    0s
     0     0 31857.7159    0   54 30715.0000 31857.7159  3.72%     -    0s
     0     0 31857.7159    0   54 30715.0000 31857.7159  3.72%     -    0s
H    0     0                    31070.000000 31857.7159  2.54%     -    0s
     0     0 31845.5855    0   61 31070.0000 31845.5855  2.50%     -    0s
     0     0 31844.5313    0   60 31070.0000 31844.5313  2.49%     -    0s
     0     0 31843.8202    0   58 31070.0000 31843.8202  2.49%     -    0s
     0     0 31843.8202    0   60 31070.0000 31843.8202  2.49%     -    0s
     0     0 31839.3282    0   68 31070.0000 31839.3282  2.48%     -    0s
     0     0 31839.3147    0   73 31070.0000 31839.3147  2.48%     -    0s
     0     0 31838.9575    0   67 31070.0000 31838.9575  2.47%     -    0s
     0     0 31838.9575    0   38 31070.0000 31838.9575  2.47%     -    0s
     0     2 31838.9575    0   35 31070.0000 31838.9575  2.47%     -    0s
H   31    44                    31076.000000 31838.2248  2.45%  99.1    0s
H   33    44                    31117.000000 31838.2248  2.32%  93.8    0s
H   33    44                    31119.000000 31838.2248  2.31%  93.8    0s
H   67    82                    31157.000000 31838.2248  2.19%  77.4    1s
H   79    82                    31175.000000 31838.2248  2.13%  73.4    1s
H  276   287                    31210.000000 31838.2248  2.01%  53.2    1s
H  278   287                    31565.000000 31838.2248  0.87%  53.7    1s
H  289   307                    31580.000000 31838.2248  0.82%  53.7    1s
H  306   307                    31608.000000 31838.2248  0.73%  52.3    1s
H  906   779                    31624.000000 31837.6186  0.68%  34.1    2s
  1470  1235 31694.0000   33   25 31624.0000 31697.0000  0.23%  49.6    5s
H 4009  2011                    31629.000025 31697.0000  0.21%  51.2    6s
H 5006  2771                    31630.000000 31697.0000  0.21%  51.3    7s
H 5896  2848                    31644.000000 31697.0000  0.17%  52.9    8s
H 8548  4555                    31646.000000 31696.5551  0.16%  61.0    9s
  9654  5897 31688.8319   40   69 31646.0000 31696.1252  0.16%  61.6   10s
H12341  6302                    31656.000000 31696.0000  0.13%  60.2   11s
 19392 11623 31695.7346   54   79 31656.0000 31696.0000  0.13%  64.0   15s
H20848 12316                    31657.000000 31696.0000  0.12%  65.1   16s
 27832 17310 31669.0829   76   52 31657.0000 31696.0000  0.12%  68.9   20s
H30373 13809                    31672.000000 31696.0000  0.08%  70.6   21s
 36186 15923 31694.6249   69   38 31672.0000 31695.9899  0.08%  74.0   25s
 36235 15956 31694.0089   46  157 31672.0000 31695.9899  0.08%  73.9   30s
 36286 16002 31695.8370   35  137 31672.0000 31695.9899  0.08%  74.4   35s
H36471 15294                    31673.000000 31695.9899  0.07%  75.1   36s
 38136 15936 31688.1747   47  129 31673.0000 31695.9899  0.07%  77.4   40s
H40934 15341                    31677.000000 31695.8712  0.06%  79.8   43s
H41246 14666                    31678.000000 31695.8166  0.06%  80.0   44s
 41764 14789 31691.4597   42  116 31678.0000 31695.6424  0.06%  80.5   46s
 44203 15170 31691.8492   46  104 31678.0000 31695.0000  0.05%  82.7   50s
H47605 11548                    31688.000000 31694.1989  0.02%  84.7   54s
 48329 11277     cutoff   53      31688.0000 31694.0342  0.02%  85.5   55s
 51507 10603     cutoff   53      31688.0000 31693.4964  0.02%  89.0   60s
 55928  9239     cutoff   55      31688.0000 31692.5297  0.01%  91.1   65s
 60295  7331     cutoff   51      31688.0000 31691.6509  0.01%  94.0   70s
 62303  6603     cutoff   76      31688.0000 31691.0000  0.01%  94.6   84s
 63112  5610     cutoff   78      31688.0000 31691.0000  0.01%  94.6   86s
 67428  2714     cutoff   67      31688.0000 31690.0000  0.01%  94.9   90s

Cutting planes:
  Gomory: 25
  Cover: 82
  Clique: 14
  MIR: 183
  StrongCG: 157
  Flow cover: 49
  Inf proof: 1
  Zero half: 6
  RLT: 3

Explored 70100 nodes (6707240 simplex iterations) in 91.79 seconds
Thread count was 12 (of 12 available processors)

Solution count 10: 31688 31678 31677 ... 31630

Optimal solution found (tolerance 1.00e-12)
Best objective 3.168800000000e+04, best bound 3.168800000000e+04, gap 0.0000%
