
Gurobi 9.1.2 (win64, Java) logging started Thu Nov 11 21:07:00 2021

Academic license - for non-commercial use only - expires 2022-10-30
Gurobi Optimizer version 9.1.2 build v9.1.2rc0 (win64)
Thread count: 6 physical cores, 12 logical processors, using up to 12 threads
Optimize a model with 70 rows, 600 columns and 1200 nonzeros
Model fingerprint: 0x83a01eb9
Variable types: 0 continuous, 600 integer (600 binary)
Coefficient statistics:
  Matrix range     [1e+00, 1e+03]
  Objective range  [6e+01, 1e+03]
  Bounds range     [1e+00, 1e+00]
  RHS range        [1e+00, 4e+03]
Found heuristic solution: objective 20569.000000
Presolve removed 0 rows and 103 columns
Presolve time: 0.01s
Presolved: 70 rows, 497 columns, 994 nonzeros
Variable types: 0 continuous, 497 integer (497 binary)
Presolved: 70 rows, 497 columns, 994 nonzeros


Root relaxation: objective 2.449813e+04, 133 iterations, 0.00 seconds

    Nodes    |    Current Node    |     Objective Bounds      |     Work
 Expl Unexpl |  Obj  Depth IntInf | Incumbent    BestBd   Gap | It/Node Time

     0     0 24498.1347    0   13 20569.0000 24498.1347  19.1%     -    0s
H    0     0                    23590.000000 24498.1347  3.85%     -    0s
H    0     0                    24160.000000 24498.1347  1.40%     -    0s
     0     0 24477.9423    0   29 24160.0000 24477.9423  1.32%     -    0s
     0     0 24477.9423    0   26 24160.0000 24477.9423  1.32%     -    0s
H    0     0                    24206.000238 24477.9423  1.12%     -    0s
     0     0 24456.5425    0   27 24206.0002 24456.5425  1.04%     -    0s
     0     0 24456.5425    0   29 24206.0002 24456.5425  1.04%     -    0s
     0     0 24456.5425    0   27 24206.0002 24456.5425  1.04%     -    0s
     0     0 24456.5425    0   27 24206.0002 24456.5425  1.04%     -    0s
     0     0 24456.5425    0   15 24206.0002 24456.5425  1.04%     -    0s
     0     0 24456.2160    0   29 24206.0002 24456.2160  1.03%     -    1s
     0     0 24456.2160    0   20 24206.0002 24456.2160  1.03%     -    1s
     0     0 24455.8950    0   25 24206.0002 24455.8950  1.03%     -    1s
H    0     0                    24217.000000 24455.8950  0.99%     -    1s
H    0     0                    24303.000000 24455.8950  0.63%     -    1s
     0     0 24455.8950    0   23 24303.0000 24455.8950  0.63%     -    1s
     0     0 24455.8950    0   26 24303.0000 24455.8950  0.63%     -    1s
     0     0 24455.8950    0   20 24303.0000 24455.8950  0.63%     -    1s
     0     2 24455.8950    0   20 24303.0000 24455.8950  0.63%     -    2s
  1618  1444 24433.7616   14   37 24303.0000 24449.9241  0.60%   5.3    5s
H 1621  1373                    24330.000000 24449.9241  0.49%   5.3    6s
H 1655  1335                    24367.000000 24449.9241  0.34%   6.0    7s
 15713 11373 24394.1420   78   15 24367.0000 24444.1337  0.32%   4.6   11s
 26275 21118 infeasible  139      24367.0000 24444.1337  0.32%   4.3   15s
 38027 28700 24405.9538   31   15 24367.0000 24439.5723  0.30%   4.4   21s
 38060 28725 24423.5362   32   20 24367.0000 24439.4224  0.30%   4.4   25s
 38084 28727 24422.6638   33   15 24367.0000 24439.4224  0.30%   4.4   30s
 48983 34691 24398.7490   73   11 24367.0000 24439.4224  0.30%   4.7   36s
 55982 36858 24392.5398  128   33 24367.0000 24435.3679  0.28%   4.7   40s
H55984 35016                    24371.000000 24435.3679  0.26%   4.7   42s
 55990 35020 24383.7247  129   37 24371.0000 24432.5969  0.25%   4.7   45s
 56003 35028 24403.0000  123   22 24371.0000 24431.7020  0.25%   4.7   50s
H56042 33306                    24403.000000 24431.7020  0.12%   4.8   52s
 57811 34044 24424.3877   87   20 24403.0000 24430.3557  0.11%   4.9   55s
 70910 39431 24419.2420   72   26 24403.0000 24429.4463  0.11%   5.3   60s
 99108 46129     cutoff   93      24403.0000 24427.5818  0.10%   5.9   65s
 126071 51314     cutoff  102      24403.0000 24427.5818  0.10%   6.2   70s
 147924 53805 24406.8578   92   17 24403.0000 24427.5818  0.10%   6.6   75s
 172520 63746 24406.8578   91   20 24403.0000 24427.3981  0.10%   7.2   80s
 197764 75406     cutoff   94      24403.0000 24427.1041  0.10%   7.6   85s
 223074 87019 24427.1041   84   21 24403.0000 24427.1041  0.10%   8.0   90s
 249069 98109     cutoff  109      24403.0000 24427.1041  0.10%   8.5   95s
 272478 108762 24422.4569   84   14 24403.0000 24427.1041  0.10%   8.9  100s
 286708 114123 24427.0614   96   21 24403.0000 24427.1041  0.10%   9.2  105s
 304321 122171     cutoff   92      24403.0000 24427.1041  0.10%   9.4  110s
 330683 133609     cutoff  103      24403.0000 24427.1041  0.10%   9.8  115s
 357799 144916     cutoff   97      24403.0000 24427.1041  0.10%  10.1  120s
 385890 157050     cutoff   93      24403.0000 24427.1041  0.10%  10.3  125s
 412856 168478     cutoff   97      24403.0000 24427.1041  0.10%  10.5  130s
 438981 179453 24422.1828   86   14 24403.0000 24427.1041  0.10%  10.7  135s
 454721 184876     cutoff   89      24403.0000 24427.1041  0.10%  10.7  140s
 484808 196069 24418.1365   88   25 24403.0000 24426.8557  0.10%  10.8  145s
 515436 207909 24406.8578   95   19 24403.0000 24425.7751  0.09%  11.1  150s
 540067 214969 24406.8578   98   24 24403.0000 24425.7751  0.09%  11.5  155s
 563254 221180     cutoff   94      24403.0000 24425.7751  0.09%  11.9  160s
 586376 227304 24421.0247   78   31 24403.0000 24425.7751  0.09%  12.2  165s
 615999 234127 24406.8578  116   25 24403.0000 24425.7751  0.09%  12.4  170s
 644044 241603     cutoff   86      24403.0000 24425.7751  0.09%  12.6  175s
 645749 241596 24406.8578   94   22 24403.0000 24425.7751  0.09%  12.7  180s
 669175 247915 24425.7751   91   18 24403.0000 24425.7751  0.09%  12.9  185s
 696197 255861 24406.8578   90   33 24403.0000 24425.7751  0.09%  13.2  190s
 724289 264151 24406.8578   87   28 24403.0000 24425.7751  0.09%  13.4  195s
 751256 271645 24420.9430  101   15 24403.0000 24425.7751  0.09%  13.6  201s
 773965 277424 24425.7751   90   18 24403.0000 24425.7751  0.09%  13.6  205s
 784768 279418 24406.8578   96   36 24403.0000 24425.7751  0.09%  13.6  212s
 797150 283495 24406.8578  122   22 24403.0000 24425.7751  0.09%  13.7  215s
 824950 290815     cutoff   86      24403.0000 24425.6318  0.09%  13.8  220s
 861212 302301     cutoff   90      24403.0000 24424.6422  0.09%  13.8  225s
 877342 306292 24424.3495   88   21 24403.0000 24424.4275  0.09%  13.7  230s
 916547 313699     cutoff   75      24403.0000 24424.4275  0.09%  13.5  235s
 954395 325116 24404.7344  102   26 24403.0000 24424.2547  0.09%  13.4  240s
 989551 338380 24405.1898  104   26 24403.0000 24424.2547  0.09%  13.2  245s
 1027302 351699     cutoff   83      24403.0000 24424.2547  0.09%  13.1  250s
 1064847 360431     cutoff   87      24403.0000 24424.0092  0.09%  13.1  255s
 1109451 371641 24423.5629   81   24 24403.0000 24423.5629  0.08%  13.3  260s
 1141452 382371 24420.5759   99   32 24403.0000 24423.5629  0.08%  13.1  265s
 1181639 396194 24423.5629   88   19 24403.0000 24423.5629  0.08%  12.8  270s
 1225501 410715 24423.5629   89   19 24403.0000 24423.5629  0.08%  12.6  275s
 1270633 421054     cutoff  112      24403.0000 24423.3136  0.08%  12.4  280s
 1317654 429294 24420.8336   88   20 24403.0000 24422.7291  0.08%  12.3  285s
 1354921 438834 24406.1005  111   18 24403.0000 24422.3765  0.08%  12.2  290s
 1397063 450909 24406.8578   89   25 24403.0000 24422.2566  0.08%  12.2  295s
 1440508 462065 24420.6987   94   42 24403.0000 24421.6380  0.08%  12.1  300s
 1484236 472307 24408.2668  107   17 24403.0000 24421.3606  0.08%  11.9  305s
 1515391 484457 24404.3024  101   22 24403.0000 24421.2535  0.07%  11.9  310s
 1554025 493627     cutoff   95      24403.0000 24421.0247  0.07%  11.8  315s
 1595673 500905 24420.5759   94   26 24403.0000 24421.0247  0.07%  11.7  320s
 1636420 508452     cutoff  104      24403.0000 24421.0247  0.07%  11.7  325s
 1676661 515656     cutoff   93      24403.0000 24421.0247  0.07%  11.6  330s
 1721340 524629 24420.9430  108   18 24403.0000 24420.9430  0.07%  11.5  335s
 1749623 530098     cutoff  108      24403.0000 24420.9430  0.07%  11.5  340s
 1780507 536460 24420.9430  131   19 24403.0000 24420.9430  0.07%  11.4  345s
 1817415 543427     cutoff  105      24403.0000 24420.9430  0.07%  11.4  350s
 1851277 549997 24420.9430  112   26 24403.0000 24420.9430  0.07%  11.3  355s
 1886307 556432     cutoff  116      24403.0000 24420.9430  0.07%  11.3  360s
 1932492 564326 24420.9430  103   18 24403.0000 24420.9430  0.07%  11.2  365s
 1973503 571472 24406.2416  123   15 24403.0000 24420.9430  0.07%  11.2  370s
 2026804 559376     cutoff  121      24403.0000 24420.9177  0.07%  11.1  375s
 2064347 568950 24414.7182   93   19 24403.0000 24420.6925  0.07%  11.0  380s
 2088777 581664 24416.2755  101   16 24403.0000 24420.6925  0.07%  11.0  385s
 2118871 596492 24419.1270  104   17 24403.0000 24420.6925  0.07%  10.9  390s
 2144487 608917 24404.4491  127   38 24403.0000 24420.6925  0.07%  10.9  395s
 2182587 626164 24412.0583  107   20 24403.0000 24420.6211  0.07%  10.8  401s
 2212124 643583 24420.6211   89   29 24403.0000 24420.6211  0.07%  10.8  405s
 2236903 658016 24408.0125  121   25 24403.0000 24420.6211  0.07%  10.8  410s
 2262140 671970 24420.6211  107   16 24403.0000 24420.6211  0.07%  10.8  415s
 2300943 692526 24419.8084   99   31 24403.0000 24420.6211  0.07%  10.7  420s
 2337574 711901 24407.7266  106   19 24403.0000 24420.6211  0.07%  10.7  425s
 2372171 730791 24420.6211   92   28 24403.0000 24420.6211  0.07%  10.6  430s
 2407113 749920 24420.5935   93   43 24403.0000 24420.6211  0.07%  10.6  435s
 2446473 772194 24420.6211   97   33 24403.0000 24420.6211  0.07%  10.6  441s
 2478331 789717 24405.9034  146   23 24403.0000 24420.6211  0.07%  10.5  445s
 2514013 809447 24408.0191  106   26 24403.0000 24420.6211  0.07%  10.5  450s
 2546216 827971 24404.8181   97   12 24403.0000 24420.6211  0.07%  10.5  455s
 2583186 849056 24405.1590  135   28 24403.0000 24420.6211  0.07%  10.5  460s
 2618810 868834     cutoff  106      24403.0000 24420.6211  0.07%  10.4  465s
 2650831 886043     cutoff  150      24403.0000 24420.6211  0.07%  10.4  470s
 2694298 910337 24406.6140  110   31 24403.0000 24420.6211  0.07%  10.4  475s
 2700955 912810 24408.6468  105   29 24403.0000 24420.6211  0.07%  10.3  480s
 2726257 927838 24419.3914   91   30 24403.0000 24420.6211  0.07%  10.3  485s
 2761396 947162 24406.6111  106   29 24403.0000 24420.6211  0.07%  10.3  490s
 2796026 966286 24412.3838  103   22 24403.0000 24420.6211  0.07%  10.3  495s
 2838450 989289     cutoff  121      24403.0000 24420.6211  0.07%  10.2  501s
 2873351 1009523 24406.0716  111   25 24403.0000 24420.6211  0.07%  10.2  505s
 2908027 1029034 24407.7266  135   14 24403.0000 24420.6211  0.07%  10.2  511s
 2938314 1045657     cutoff  110      24403.0000 24420.6211  0.07%  10.2  515s
 2974746 1064476 24406.5450   97   30 24403.0000 24420.6211  0.07%  10.2  520s
 3016099 1085821 24420.6211   89   28 24403.0000 24420.6211  0.07%  10.1  525s
 3043747 1099837     cutoff  101      24403.0000 24420.6211  0.07%  10.1  530s
 3083791 1120787 24412.4147  105   23 24403.0000 24420.6211  0.07%  10.1  535s
 3120976 1140143     cutoff   99      24403.0000 24420.6179  0.07%  10.1  540s
 3162726 1159494 24419.0466   93   18 24403.0000 24420.5992  0.07%  10.0  545s
 3196675 1175450 24404.1687   94   19 24403.0000 24420.5842  0.07%  10.0  550s
 3238271 1194664 24414.2751   97   22 24403.0000 24420.5596  0.07%   9.9  555s
 3274881 1210290 24404.5861  109   29 24403.0000 24420.5329  0.07%   9.9  560s
 3320717 1221828     cutoff  102      24403.0000 24420.5060  0.07%   9.9  565s
 3363429 1242131 24404.3528  115   16 24403.0000 24420.4973  0.07%   9.8  570s
 3400978 1260376 24405.6990  140   14 24403.0000 24420.4758  0.07%   9.8  575s
 3442104 1275239 24406.1420  110   20 24403.0000 24420.4544  0.07%   9.7  580s
 3491684 1295520     cutoff  109      24403.0000 24420.4544  0.07%   9.7  585s
 3542120 1316923     cutoff  100      24403.0000 24420.4544  0.07%   9.7  590s
 3594234 1337704 24406.1420  110   22 24403.0000 24420.4544  0.07%   9.6  596s
 3639377 1356297     cutoff  149      24403.0000 24420.4544  0.07%   9.6  600s
 3677736 1371900 24414.1513  109   34 24403.0000 24420.4288  0.07%   9.6  605s
 3717480 1387918     cutoff  119      24403.0000 24420.3853  0.07%   9.5  610s
 3758485 1408623 24417.8850   85   20 24403.0000 24420.3735  0.07%   9.5  616s
 3792649 1422911 24406.1735   91   32 24403.0000 24420.3421  0.07%   9.5  620s
 3843880 1447531 24405.4994  103   28 24403.0000 24420.3119  0.07%   9.4  625s
 3889548 1463223 24405.9572  120   20 24403.0000 24420.2497  0.07%   9.4  630s
 3932256 1480503 24405.6753  114   21 24403.0000 24420.2070  0.07%   9.4  635s
 3976687 1498518 24420.1259   99   22 24403.0000 24420.1259  0.07%   9.3  640s
 4018095 1513587 24405.5450  103   30 24403.0000 24420.0632  0.07%   9.3  645s
 4060918 1537810     cutoff   98      24403.0000 24420.0616  0.07%   9.3  650s
 4101270 1560216 24406.1420  125   18 24403.0000 24420.0616  0.07%   9.3  655s
 4139992 1581150     cutoff  103      24403.0000 24420.0616  0.07%   9.3  660s
 4178328 1601226 24406.3670   93   33 24403.0000 24420.0616  0.07%   9.2  665s
 4215186 1621297     cutoff   97      24403.0000 24420.0616  0.07%   9.2  670s
 4241827 1633801 24407.7266  134   15 24403.0000 24420.0616  0.07%   9.2  678s
 4247977 1638752 24404.1412  111   21 24403.0000 24420.0616  0.07%   9.2  680s
 4279029 1655135 24406.1420  124   18 24403.0000 24420.0616  0.07%   9.2  685s
 4310929 1671005 24407.7266  116   21 24403.0000 24420.0570  0.07%   9.2  690s
 4352107 1689214 24406.1420  126    9 24403.0000 24420.0163  0.07%   9.2  695s
 4397410 1710562 24407.7266  113   15 24403.0000 24420.0022  0.07%   9.1  700s
 4414384 1717784 24419.6359  101   22 24403.0000 24420.0022  0.07%   9.1  705s
 4447749 1728930 24416.7106  113   14 24403.0000 24419.9624  0.07%   9.1  710s
 4493737 1735733 24404.4330  105   22 24403.0000 24419.9624  0.07%   9.1  715s
 4527509 1751273 24412.9796   99   24 24403.0000 24419.9463  0.07%   9.1  720s
 4561090 1766590 24405.7470   90   24 24403.0000 24419.9183  0.07%   9.1  725s
 4612532 1787824 24405.6141  121   14 24403.0000 24419.8531  0.07%   9.0  730s
 4651643 1803166 24406.1420  129   19 24403.0000 24419.8361  0.07%   9.0  735s
 4695693 1820198 24417.3743   99   17 24403.0000 24419.7939  0.07%   9.0  740s
 4747811 1845457     cutoff  118      24403.0000 24419.7658  0.07%   9.0  745s
 4791524 1863595 24406.1420  128   19 24403.0000 24419.7153  0.07%   8.9  750s
 4834530 1880500 24406.1860  119   19 24403.0000 24419.6580  0.07%   8.9  755s
 4870860 1897852 24408.6468   98   28 24403.0000 24419.6359  0.07%   8.9  760s
 4909400 1917125 24417.7926   92   13 24403.0000 24419.6359  0.07%   8.9  765s
 4953177 1938418 24407.7266  116   18 24403.0000 24419.6359  0.07%   8.9  770s
 4990236 1956760 24406.1420  111   18 24403.0000 24419.6359  0.07%   8.9  775s
 5023891 1972970     cutoff  120      24403.0000 24419.6359  0.07%   8.8  780s
 5063563 1992590 24412.4147   97   23 24403.0000 24419.6359  0.07%   8.8  785s
 5102653 2012488 24406.1420  110   17 24403.0000 24419.6359  0.07%   8.8  790s
 5143594 2031653 24406.3004  105   16 24403.0000 24419.6263  0.07%   8.8  795s
 5186059 2055789 24406.3004  101   17 24403.0000 24419.6263  0.07%   8.8  800s
 5216992 2073047 24406.6140  104   22 24403.0000 24419.6263  0.07%   8.8  805s
 5256678 2094396     cutoff  137      24403.0000 24419.6263  0.07%   8.8  810s
 5302160 2119225 24405.8280  118   25 24403.0000 24419.6263  0.07%   8.8  815s
 5344590 2142757 24404.5669  123   21 24403.0000 24419.6263  0.07%   8.8  820s
 5379321 2162415 24405.3853  131   18 24403.0000 24419.6263  0.07%   8.8  825s
 5415877 2181679 24406.0056  131   20 24403.0000 24419.6263  0.07%   8.8  830s
 5461500 2206982 24406.4050  100   23 24403.0000 24419.6263  0.07%   8.8  835s
 5494850 2224665 24405.7889  125   32 24403.0000 24419.6263  0.07%   8.8  840s
 5543538 2251075 24406.5130   98   34 24403.0000 24419.6263  0.07%   8.8  846s
 5551687 2254438 24406.6140   96   29 24403.0000 24419.6263  0.07%   8.8  850s
 5580245 2271930 24403.9975  125   14 24403.0000 24419.6263  0.07%   8.8  855s
 5618162 2293287 24406.4613  108   16 24403.0000 24419.6263  0.07%   8.8  860s
 5663321 2318753     cutoff  123      24403.0000 24419.6263  0.07%   8.8  865s
 5700758 2338518 24404.6242  110   15 24403.0000 24419.6263  0.07%   8.8  870s
 5748627 2366230 24406.4188  126   24 24403.0000 24419.6263  0.07%   8.8  875s
 5788910 2388919 24406.3004  131   16 24403.0000 24419.6263  0.07%   8.8  880s
 5826976 2410513     cutoff  134      24403.0000 24419.6263  0.07%   8.8  885s
 5870193 2434349 24405.4304   95   26 24403.0000 24419.6263  0.07%   8.8  890s
 5903210 2451277 24405.6141  128   20 24403.0000 24419.6263  0.07%   8.8  895s
 5936906 2469337 24406.6140  102   19 24403.0000 24419.6263  0.07%   8.8  900s
 5966871 2485444 24404.3024  100   31 24403.0000 24419.6263  0.07%   8.8  905s
 5996772 2500160 24406.0135  126   23 24403.0000 24419.6263  0.07%   8.8  910s
 6041417 2519913 24419.5985   99   18 24403.0000 24419.6115  0.07%   8.8  915s
 6082893 2539404 24404.1526  151   16 24403.0000 24419.5918  0.07%   8.8  920s
 6121535 2558200 24407.7266  126   15 24403.0000 24419.5778  0.07%   8.8  925s
 6167057 2578968     cutoff  135      24403.0000 24419.5484  0.07%   8.8  931s
 6204777 2595817 24406.5888  104   23 24403.0000 24419.5231  0.07%   8.7  935s
 6229486 2595137 24419.5200   88   19 24403.0000 24419.5200  0.07%   8.8  940s
 6258390 2606955 24406.4621  113   32 24403.0000 24419.5039  0.07%   8.8  945s
 6300016 2628763 24419.4910  101   23 24403.0000 24419.5032  0.07%   8.8  950s
 6338823 2643726 24412.0583  107   21 24403.0000 24419.4598  0.07%   8.8  955s
 6383031 2661398 24407.7266  134   10 24403.0000 24419.4032  0.07%   8.7  960s
 6422232 2676902     cutoff  116      24403.0000 24419.3802  0.07%   8.7  965s
 6461213 2698113 24405.5450  121   19 24403.0000 24419.3802  0.07%   8.7  970s
 6512047 2714152     cutoff   98      24403.0000 24419.3322  0.07%   8.7  975s
 6555755 2731650 24405.0580  110   32 24403.0000 24419.3016  0.07%   8.7  980s
 6588259 2748127     cutoff  119      24403.0000 24419.3005  0.07%   8.7  985s
 6624735 2766190 24406.4188  110   22 24403.0000 24419.3005  0.07%   8.7  990s
 6661006 2784436 24406.0716  101   18 24403.0000 24419.3005  0.07%   8.7  995s
 6690036 2799247 24406.2900  108   16 24403.0000 24419.3005  0.07%   8.7 1000s
 6719596 2814316 24405.3923  114   17 24403.0000 24419.3005  0.07%   8.7 1005s
 6764336 2832595 24405.7283  133   24 24403.0000 24419.2572  0.07%   8.7 1010s
 6811040 2856431 24419.2420   71   34 24403.0000 24419.2544  0.07%   8.6 1015s
 6844420 2875445 24418.7505   84   35 24403.0000 24419.2420  0.07%   8.6 1020s
 6879298 2893458 24410.4815  126   15 24403.0000 24419.2420  0.07%   8.6 1025s
 6921153 2915650 24418.9693   80   25 24403.0000 24419.2420  0.07%   8.6 1030s
 6956997 2933302     cutoff   88      24403.0000 24419.2420  0.07%   8.6 1035s
 6995568 2953311 24415.4537   95   14 24403.0000 24419.2420  0.07%   8.6 1040s
 7031983 2970666 24411.0671  114   24 24403.0000 24419.2420  0.07%   8.6 1045s
 7067276 2988371 24418.0398   89   21 24403.0000 24419.2420  0.07%   8.6 1050s
 7106053 3007027     cutoff   95      24403.0000 24419.2420  0.07%   8.6 1055s
 7134211 3018968 24411.3599  105   28 24403.0000 24419.2420  0.07%   8.6 1061s
 7160130 3032363 24418.0398  105   29 24403.0000 24419.2420  0.07%   8.6 1065s
 7198545 3050697     cutoff  104      24403.0000 24419.2420  0.07%   8.6 1070s
 7233876 3067284 24419.2420   93   33 24403.0000 24419.2420  0.07%   8.6 1075s
 7274842 3086550 24419.2420   72   37 24403.0000 24419.2420  0.07%   8.6 1080s
 7319567 3107600 24418.0398   99   25 24403.0000 24419.2420  0.07%   8.6 1085s
 7360857 3126951     cutoff  109      24403.0000 24419.2420  0.07%   8.6 1090s
 7402220 3146532 24419.0983   83   34 24403.0000 24419.2420  0.07%   8.6 1095s
 7442820 3164905 24416.6491   88   19 24403.0000 24419.2420  0.07%   8.6 1100s
 7478350 3181937 24411.2843  104   32 24403.0000 24419.2420  0.07%   8.6 1105s
 7518803 3200637 24417.3073   86   17 24403.0000 24419.2420  0.07%   8.6 1110s
 7555184 3217483 24419.2420   82   34 24403.0000 24419.2420  0.07%   8.6 1115s
 7592746 3234782 24419.2420   95   29 24403.0000 24419.2420  0.07%   8.6 1120s
 7629140 3251424     cutoff   96      24403.0000 24419.2420  0.07%   8.6 1125s
 7664739 3267389 24418.0398  102   26 24403.0000 24419.2420  0.07%   8.6 1130s
 7698937 3283435     cutoff   98      24403.0000 24419.2420  0.07%   8.6 1135s
 7734923 3299797 24419.2420   90   24 24403.0000 24419.2420  0.07%   8.6 1140s
 7765896 3314239 24417.0979   87   31 24403.0000 24419.2420  0.07%   8.6 1145s
 7799926 3330813 24409.6552   83   19 24403.0000 24419.2420  0.07%   8.6 1150s
 7834410 3346607 24410.6949  118   18 24403.0000 24419.2420  0.07%   8.6 1155s
 7850353 3354546     cutoff   92      24403.0000 24419.2420  0.07%   8.6 1160s
 7884614 3370068 24414.8311   96   25 24403.0000 24419.2420  0.07%   8.6 1165s
 7916616 3385634 24408.9665  123   19 24403.0000 24419.2420  0.07%   8.6 1170s
 7950646 3401473 24411.3599  111   29 24403.0000 24419.2420  0.07%   8.6 1175s
 7984786 3417993 24419.2420   78   28 24403.0000 24419.2420  0.07%   8.6 1180s
 8019568 3433878 24415.4537  105   20 24403.0000 24419.2420  0.07%   8.6 1185s
 8056112 3450433 24419.2420   85   29 24403.0000 24419.2420  0.07%   8.6 1190s
 8092244 3466973     cutoff  107      24403.0000 24419.2420  0.07%   8.6 1195s
 8127981 3484211 24419.2420   92   21 24403.0000 24419.2420  0.07%   8.6 1200s
 8164939 3502293 24419.2420   82   29 24403.0000 24419.2420  0.07%   8.6 1205s
 8207349 3522896 24410.4815  119   24 24403.0000 24419.2420  0.07%   8.6 1210s
 8247399 3542122 24417.8601   89   18 24403.0000 24419.2420  0.07%   8.6 1215s
 8289214 3561419 24418.9827  106   35 24403.0000 24419.2420  0.07%   8.6 1220s
 8330409 3581450 24418.3179   96   35 24403.0000 24419.2420  0.07%   8.5 1225s
 8369475 3600196     cutoff   92      24403.0000 24419.2420  0.07%   8.5 1230s
 8411756 3620250 24417.0262   94   24 24403.0000 24419.2420  0.07%   8.5 1235s
 8450024 3638966 24418.0398   93   27 24403.0000 24419.2420  0.07%   8.5 1243s
 8457823 3643943 24418.0398  105   26 24403.0000 24419.2420  0.07%   8.5 1245s
 8493399 3660523 24417.8412  105   33 24403.0000 24419.2420  0.07%   8.5 1250s
 8542909 3683764 24418.0098  108   31 24403.0000 24419.2420  0.07%   8.5 1255s
 8582249 3702678 24418.9669   99   35 24403.0000 24419.2420  0.07%   8.5 1260s
 8628761 3725476 24419.2420   91   19 24403.0000 24419.2420  0.07%   8.5 1265s
 8667612 3745279 24419.2420   77   24 24403.0000 24419.2420  0.07%   8.5 1270s
 8702592 3762321 24419.2420  100   33 24403.0000 24419.2420  0.07%   8.5 1275s
 8744602 3782225 24419.2420   91   30 24403.0000 24419.2420  0.07%   8.5 1280s
 8781870 3800816 24418.9656   96   22 24403.0000 24419.2420  0.07%   8.5 1285s
 8827348 3822849 24418.9669   91   28 24403.0000 24419.2420  0.07%   8.5 1290s
 8862932 3839734 24419.2420   97   26 24403.0000 24419.2420  0.07%   8.5 1295s
 8906839 3859804 24419.2420   89   22 24403.0000 24419.2420  0.07%   8.5 1300s
 8949728 3878594 24417.1393   82   32 24403.0000 24419.2420  0.07%   8.5 1305s
 8993438 3898999 24410.0257  100   22 24403.0000 24419.2420  0.07%   8.5 1310s
 9036866 3919485 24412.6084   80   21 24403.0000 24419.2420  0.07%   8.5 1315s
 9080091 3938903 24418.7826   95   45 24403.0000 24419.2420  0.07%   8.5 1320s
 9121236 3958705 24411.3599  109   15 24403.0000 24419.2420  0.07%   8.5 1325s
 9163770 3979484 24418.1365  105   17 24403.0000 24419.2420  0.07%   8.5 1330s
 9202035 3997171 24418.0398  108   25 24403.0000 24419.2420  0.07%   8.5 1335s
 9243515 4015627 24411.1901   87   16 24403.0000 24419.2420  0.07%   8.5 1340s
 9260164 4022540 24419.0568   98   46 24403.0000 24419.2420  0.07%   8.5 1348s
 9265689 4025914 24410.5209  120   14 24403.0000 24419.2420  0.07%   8.5 1350s
 9301698 4042449 24418.0398  102   17 24403.0000 24419.2420  0.07%   8.5 1355s
 9337590 4059168     cutoff  111      24403.0000 24419.2420  0.07%   8.4 1360s
 9375627 4077212 24418.0398   90   20 24403.0000 24419.2420  0.07%   8.4 1365s
 9410301 4093618     cutoff  118      24403.0000 24419.2420  0.07%   8.4 1370s
 9451787 4112816 24418.0076  108   27 24403.0000 24419.2420  0.07%   8.4 1375s
 9490423 4129556 24416.6031  111   21 24403.0000 24419.2420  0.07%   8.4 1380s
 9527304 4146006 24419.0910  104   36 24403.0000 24419.2420  0.07%   8.4 1385s
 9569749 4164257 24419.2420   86   24 24403.0000 24419.2420  0.07%   8.4 1390s
 9610060 4183197     cutoff   92      24403.0000 24419.2420  0.07%   8.4 1395s
 9651526 4201610     cutoff   97      24403.0000 24419.2420  0.07%   8.4 1400s
 9689287 4218841 24418.6138   93   29 24403.0000 24419.2420  0.07%   8.4 1405s
 9726766 4236232     cutoff  105      24403.0000 24419.2420  0.07%   8.4 1410s
 9767509 4256521 24419.2288   94   30 24403.0000 24419.2420  0.07%   8.4 1415s
 9811581 4278338 24413.0775  103   44 24403.0000 24419.2420  0.07%   8.4 1420s
 9850173 4297601 24416.8201   84   27 24403.0000 24419.2420  0.07%   8.4 1425s
 9886779 4315747 24417.8863  124   25 24403.0000 24419.2420  0.07%   8.4 1430s
 9924512 4333918 24419.2420  107   20 24403.0000 24419.2420  0.07%   8.4 1435s
 9964744 4353734 24417.8752  117   47 24403.0000 24419.2420  0.07%   8.4 1440s
 10009034 4376755 24417.8601  104   18 24403.0000 24419.2420  0.07%   8.4 1445s
 10045359 4395081 24416.4354  120   22 24403.0000 24419.2420  0.07%   8.4 1450s
 10084087 4414765 24417.2720  118   22 24403.0000 24419.2420  0.07%   8.4 1455s
 10093387 4419665 24417.9913  130   28 24403.0000 24419.2420  0.07%   8.4 1460s
 10131984 4437925 24415.0002  114   14 24403.0000 24419.2420  0.07%   8.4 1465s
 10165515 4455052 24416.7455  104   20 24403.0000 24419.2420  0.07%   8.4 1470s
 10204842 4473402 24410.6949   95   16 24403.0000 24419.2420  0.07%   8.4 1475s
 10244830 4491101 24419.2420  120   31 24403.0000 24419.2420  0.07%   8.4 1480s
 10284001 4508792 24418.9283  114   32 24403.0000 24419.2420  0.07%   8.4 1485s
 10322090 4526111 24417.1415   91   25 24403.0000 24419.2420  0.07%   8.4 1490s
 10360305 4542940     cutoff  127      24403.0000 24419.2420  0.07%   8.4 1495s
 10399633 4560926 24418.0911   89   20 24403.0000 24419.2420  0.07%   8.4 1500s
 10431452 4576470 24417.2001   79   29 24403.0000 24419.2420  0.07%   8.4 1505s
 10474962 4596347 24417.7327  121   19 24403.0000 24419.2420  0.07%   8.4 1510s
 10513004 4613493 24418.0813   92   34 24403.0000 24419.2420  0.07%   8.4 1515s
 10548742 4629451 24413.9215  100   22 24403.0000 24419.2420  0.07%   8.4 1520s
 10590669 4649005 24419.2420   91   32 24403.0000 24419.2420  0.07%   8.4 1525s
 10634284 4668040     cutoff  129      24403.0000 24419.2420  0.07%   8.4 1530s
 10677315 4686270 24404.0674  104   11 24403.0000 24419.2420  0.07%   8.4 1535s
 10715650 4705363 24415.5211   99   16 24403.0000 24419.2420  0.07%   8.4 1540s
 10755594 4724757     cutoff  134      24403.0000 24419.2420  0.07%   8.3 1545s
 10798652 4744377 24414.0435  114   26 24403.0000 24419.2420  0.07%   8.3 1550s
 10834394 4759564 24419.2420  100   37 24403.0000 24419.2420  0.07%   8.3 1555s
 10872801 4777351 24419.2420   80   38 24403.0000 24419.2420  0.07%   8.3 1560s
 10912847 4795008 24413.0868   88   20 24403.0000 24419.2420  0.07%   8.3 1565s
 10943570 4807801     cutoff  111      24403.0000 24419.2420  0.07%   8.3 1571s
 10964865 4817380 24419.2420   86   38 24403.0000 24419.2420  0.07%   8.3 1575s
 11006239 4835159     cutoff  124      24403.0000 24419.2420  0.07%   8.3 1580s
 11048448 4854506 24409.7030   83   24 24403.0000 24419.2420  0.07%   8.3 1585s
 11084552 4870008 24419.2420  127   31 24403.0000 24419.2420  0.07%   8.3 1590s
 11121311 4885243 24418.0398  108   19 24403.0000 24419.2420  0.07%   8.3 1595s
 11153646 4899284 24418.3852  123   29 24403.0000 24419.2420  0.07%   8.3 1600s
 11180188 4909504 24418.0398  104   23 24403.0000 24419.2420  0.07%   8.3 1605s
 11210584 4921456 24411.4996  132   24 24403.0000 24419.2420  0.07%   8.3 1610s
 11239897 4933734 24416.2319  132   27 24403.0000 24419.2420  0.07%   8.3 1615s
 11276844 4949653     cutoff  105      24403.0000 24419.2420  0.07%   8.3 1620s
 11313428 4966793     cutoff  124      24403.0000 24419.2420  0.07%   8.3 1625s
 11348294 4981149 24411.3599  132   17 24403.0000 24419.2420  0.07%   8.3 1630s
 11382763 4996335 24417.0850  138   20 24403.0000 24419.2420  0.07%   8.3 1635s
 11415660 5011530 24419.2420   81   29 24403.0000 24419.2420  0.07%   8.3 1640s
 11453565 5027450 24418.0398  108   20 24403.0000 24419.2420  0.07%   8.3 1645s
 11494922 5044365 24408.1392  131   15 24403.0000 24419.2420  0.07%   8.3 1650s
 11532144 5059758 24418.0398  100   22 24403.0000 24419.2420  0.07%   8.3 1655s
 11562275 5072253 24416.7545  109   23 24403.0000 24419.2420  0.07%   8.3 1660s
 11595040 5087053 24418.9325  102   25 24403.0000 24419.2420  0.07%   8.3 1665s
 11635301 5104460 24416.8580  129   14 24403.0000 24419.2420  0.07%   8.3 1670s
 11671237 5119435 24418.3798  131   29 24403.0000 24419.2420  0.07%   8.3 1675s
 11710935 5135448 24415.2958  139   24 24403.0000 24419.2420  0.07%   8.3 1680s
 11751701 5151557 24415.9570  132   15 24403.0000 24419.2420  0.07%   8.3 1685s
 11771340 5158717 24413.5651  127   11 24403.0000 24419.2420  0.07%   8.3 1690s
 11798844 5170404 24406.1087  135   14 24403.0000 24419.2420  0.07%   8.3 1695s
 11834035 5185142 24419.2420  110   29 24403.0000 24419.2420  0.07%   8.3 1700s
 11868211 5198658 24416.1739  123   18 24403.0000 24419.2420  0.07%   8.3 1705s
 11906075 5214459 24416.8396  128   22 24403.0000 24419.2420  0.07%   8.3 1710s
 11939722 5229416 24418.8735  147   36 24403.0000 24419.2420  0.07%   8.3 1715s
 11973888 5243178 24419.2420  132   26 24403.0000 24419.2420  0.07%   8.3 1720s
 12013440 5257267 24419.2420  126   30 24403.0000 24419.2420  0.07%   8.3 1725s
 12046657 5269655 infeasible  116      24403.0000 24419.2420  0.07%   8.3 1730s
 12088476 5285514 24414.0435  133   14 24403.0000 24419.2420  0.07%   8.3 1735s
 12127515 5300714 24417.7802  121   23 24403.0000 24419.2420  0.07%   8.3 1740s
 12164006 5312700     cutoff  146      24403.0000 24419.2420  0.07%   8.3 1745s
 12201384 5324915 24419.2420  122   35 24403.0000 24419.2420  0.07%   8.3 1750s
 12239154 5338775     cutoff  127      24403.0000 24419.2420  0.07%   8.3 1755s
 12282917 5355157 24417.5837  130   22 24403.0000 24419.2420  0.07%   8.3 1760s
 12317628 5370749 24417.2001  127   23 24403.0000 24419.2420  0.07%   8.3 1765s
 12355672 5385017 24417.8601  115   24 24403.0000 24419.2420  0.07%   8.3 1770s
 12392163 5398274 24419.2420  116   26 24403.0000 24419.2420  0.07%   8.3 1775s
 12432054 5412436 24417.0309  112   15 24403.0000 24419.2420  0.07%   8.3 1780s
 12470744 5425867 24419.2420  120   27 24403.0000 24419.2420  0.07%   8.3 1785s
 12504834 5438029 24419.2420  127   22 24403.0000 24419.2420  0.07%   8.3 1790s
 12540288 5451886 24419.2420  117   24 24403.0000 24419.2420  0.07%   8.2 1795s
 12581289 5466184 24418.0398  120   24 24403.0000 24419.2420  0.07%   8.2 1800s
 12614280 5478610 24417.0882  109   25 24403.0000 24419.2420  0.07%   8.2 1805s
 12648832 5492253     cutoff  125      24403.0000 24419.2420  0.07%   8.3 1810s
 12679873 5506026 24419.2420  121   20 24403.0000 24419.2420  0.07%   8.3 1815s
 12713766 5518128 24418.4251  120   21 24403.0000 24419.2420  0.07%   8.3 1820s
 12756619 5534489     cutoff  125      24403.0000 24419.2420  0.07%   8.3 1825s
 12783813 5544600 24411.1733  140   13 24403.0000 24419.2420  0.07%   8.3 1830s
 12818349 5557290 24419.2420  133   20 24403.0000 24419.2420  0.07%   8.3 1835s
 12854315 5571675 24405.3077  136   18 24403.0000 24419.2420  0.07%   8.3 1840s
 12884294 5582419 24419.2420  112   24 24403.0000 24419.2420  0.07%   8.3 1845s
 12918044 5593495     cutoff  128      24403.0000 24419.2420  0.07%   8.3 1850s
 12949935 5604544 24418.3473  137   34 24403.0000 24419.2420  0.07%   8.3 1855s
 12985479 5616236 24417.2001  127   24 24403.0000 24419.2420  0.07%   8.3 1860s
 13013843 5625900 24418.9960  118   38 24403.0000 24419.2420  0.07%   8.3 1865s
 13029509 5632231 24417.1495  132   32 24403.0000 24419.2420  0.07%   8.3 1870s
 13054397 5641534 24417.1437  138   21 24403.0000 24419.2420  0.07%   8.3 1875s
 13084401 5652405     cutoff  112      24403.0000 24419.2420  0.07%   8.3 1880s
 13113330 5663408 24419.2420  121   17 24403.0000 24419.2420  0.07%   8.3 1885s
 13148364 5676631     cutoff  134      24403.0000 24419.2420  0.07%   8.3 1890s
 13186394 5690724 24412.6084  121   16 24403.0000 24419.2420  0.07%   8.3 1895s
 13223175 5702105 24418.0398  135   20 24403.0000 24419.2420  0.07%   8.3 1900s
 13255749 5712745 24419.2420  114   29 24403.0000 24419.2420  0.07%   8.3 1905s
 13289179 5723333 24409.4281  133   25 24403.0000 24419.2420  0.07%   8.3 1910s
 13323718 5734225     cutoff  144      24403.0000 24419.2420  0.07%   8.3 1915s
 13357121 5744806     cutoff  127      24403.0000 24419.2420  0.07%   8.3 1920s
 13387041 5754416 24418.1055  123   20 24403.0000 24419.2420  0.07%   8.3 1925s
 13423684 5766789 24417.3810  121   25 24403.0000 24419.2420  0.07%   8.3 1930s
 13456758 5778918     cutoff  128      24403.0000 24419.2420  0.07%   8.3 1935s
 13493332 5792213 24418.3525  119   26 24403.0000 24419.2420  0.07%   8.3 1940s
 13528847 5805102 24419.1114  124   31 24403.0000 24419.2420  0.07%   8.3 1945s
 13562077 5817314 24419.2403  104   35 24403.0000 24419.2420  0.07%   8.3 1950s
 13592517 5828250     cutoff  121      24403.0000 24419.2420  0.07%   8.3 1955s
 13628060 5840571 24418.6892  116   15 24403.0000 24419.2420  0.07%   8.3 1960s
 13657750 5851918 24419.2420  121   32 24403.0000 24419.2420  0.07%   8.3 1965s
 13684459 5861786 24407.0192  120   17 24403.0000 24419.2420  0.07%   8.3 1970s
 13713437 5871896 24418.4197  113   33 24403.0000 24419.2420  0.07%   8.3 1975s
 13744398 5882502 24417.4256  126   14 24403.0000 24419.2420  0.07%   8.3 1980s
 13770735 5892757 24419.2300  114   28 24403.0000 24419.2420  0.07%   8.3 1985s
 13791389 5901183 24417.8919   97   41 24403.0000 24419.2420  0.07%   8.3 1990s
 13816046 5909737 24419.1539  109   33 24403.0000 24419.2420  0.07%   8.3 1995s
 13846312 5918841 24406.0312  140   17 24403.0000 24419.2420  0.07%   8.3 2000s
 13871294 5927329 24416.7545   94   22 24403.0000 24419.2420  0.07%   8.3 2005s
 13902734 5937829     cutoff  107      24403.0000 24419.2420  0.07%   8.3 2010s
 13932964 5948619 24416.0392  135   25 24403.0000 24419.2420  0.07%   8.3 2015s
 13957436 5957821     cutoff  109      24403.0000 24419.2420  0.07%   8.3 2020s
 13983479 5967024 24417.5837  114   13 24403.0000 24419.2420  0.07%   8.3 2025s
 13996621 5970889 24412.5700  126   23 24403.0000 24419.2420  0.07%   8.3 2030s
 14021102 5978865 24414.4936  126   21 24403.0000 24419.2420  0.07%   8.3 2035s
 14049408 5988594 24418.2996  128   29 24403.0000 24419.2420  0.07%   8.3 2040s
 14072630 5998138 24419.2420   94   36 24403.0000 24419.2420  0.07%   8.3 2045s
 14099026 6009259 24419.2420  117   31 24403.0000 24419.2420  0.07%   8.3 2050s
 14125766 6018959 24417.8863  156   24 24403.0000 24419.2420  0.07%   8.3 2055s
 14150289 6026735 24413.0868  129   16 24403.0000 24419.2420  0.07%   8.3 2060s
 14177264 6036698 24419.2420  132   25 24403.0000 24419.2420  0.07%   8.3 2065s
 14199039 6045895 24415.4786  114   16 24403.0000 24419.2420  0.07%   8.3 2070s
 14229028 6058137 24416.5921  121   21 24403.0000 24419.2420  0.07%   8.3 2075s
 14255779 6067246 24419.2420   91   20 24403.0000 24419.2420  0.07%   8.3 2080s
 14280374 6076151 24414.0435   96   18 24403.0000 24419.2420  0.07%   8.3 2085s
 14307851 6086657     cutoff  105      24403.0000 24419.2420  0.07%   8.4 2090s
 14330077 6094691 24418.1365  114   15 24403.0000 24419.2420  0.07%   8.4 2095s
 14359650 6105364 24415.3998  102   18 24403.0000 24419.2420  0.07%   8.4 2100s
 14380005 6112501 24404.8389  126   21 24403.0000 24419.2420  0.07%   8.4 2105s
 14411331 6123611 24417.5837  124   18 24403.0000 24419.2420  0.07%   8.4 2110s
 14434551 6131990 24417.8601  132   27 24403.0000 24419.2420  0.07%   8.4 2115s
 14459185 6141094 24417.8601   98   21 24403.0000 24419.2420  0.07%   8.4 2120s
 14484647 6152618     cutoff  108      24403.0000 24419.2420  0.07%   8.4 2125s
 14508205 6162506 24418.9295   99   45 24403.0000 24419.2420  0.07%   8.4 2130s
 14533138 6171282 24419.1725  122   34 24403.0000 24419.2420  0.07%   8.4 2135s
 14556518 6179646 24418.8304  113   34 24403.0000 24419.2420  0.07%   8.4 2140s
 14581590 6189086 24419.2420  122   21 24403.0000 24419.2420  0.07%   8.4 2145s
 14606190 6198157     cutoff  115      24403.0000 24419.2420  0.07%   8.4 2150s
 14633266 6208991     cutoff  129      24403.0000 24419.2420  0.07%   8.4 2155s
 14651768 6215657 24419.1819  131   39 24403.0000 24419.2420  0.07%   8.4 2160s
 14663825 6219641 24418.8043  101   31 24403.0000 24419.2420  0.07%   8.4 2167s
 14670430 6223032 24419.2420  114   30 24403.0000 24419.2420  0.07%   8.4 2170s
 14691228 6231426 24406.7566  120   15 24403.0000 24419.2420  0.07%   8.4 2175s
 14710110 6239145 24416.3866  115   21 24403.0000 24419.2420  0.07%   8.4 2180s
 14717803 6241335 24416.6269  113   31 24403.0000 24419.2420  0.07%   8.4 2187s
 14728321 6245806 24419.1551  111   31 24403.0000 24419.2420  0.07%   8.4 2190s
 14748971 6253633 24409.6058  119   27 24403.0000 24419.2420  0.07%   8.4 2195s
 14775837 6263743 24404.9809  119   20 24403.0000 24419.2420  0.07%   8.4 2201s
 14798289 6272479 24413.2497  141   18 24403.0000 24419.2420  0.07%   8.4 2205s
 14827445 6283822 24418.3852  102   34 24403.0000 24419.2420  0.07%   8.4 2210s
 14848256 6293003     cutoff   99      24403.0000 24419.2420  0.07%   8.4 2215s
 14877620 6304952 24413.0868  102   30 24403.0000 24419.2420  0.07%   8.4 2220s
 14905254 6315703     cutoff  152      24403.0000 24419.2420  0.07%   8.4 2225s
 14927698 6324959 24409.1737  123   13 24403.0000 24419.2420  0.07%   8.4 2230s
 14950781 6334559 24416.6819   91   34 24403.0000 24419.2420  0.07%   8.4 2235s
 14976321 6343941 24413.8338  120   15 24403.0000 24419.2420  0.07%   8.4 2240s
 15002367 6353655 24415.5116  110   29 24403.0000 24419.2420  0.07%   8.4 2245s
 15025791 6363750 24419.2420  114   16 24403.0000 24419.2420  0.07%   8.4 2250s
 15051700 6375034 24409.1737  126   11 24403.0000 24419.2420  0.07%   8.4 2255s
 15073191 6383479 24419.2420  115   31 24403.0000 24419.2420  0.07%   8.4 2260s
 15095869 6393262 24419.2420  122   32 24403.0000 24419.2420  0.07%   8.4 2265s
 15121568 6403760 24413.5651  104   15 24403.0000 24419.2420  0.07%   8.4 2270s
 15139819 6411644 24415.7063  106   22 24403.0000 24419.2420  0.07%   8.4 2275s
 15167525 6422743     cutoff  109      24403.0000 24419.2420  0.07%   8.4 2280s
 15190416 6432002 24419.2420  105   35 24403.0000 24419.2420  0.07%   8.4 2285s
 15207966 6439122 24415.4537  109   14 24403.0000 24419.2420  0.07%   8.4 2290s
 15234727 6449566     cutoff  112      24403.0000 24419.2420  0.07%   8.4 2295s
 15258394 6458871 24414.0450  131   22 24403.0000 24419.2420  0.07%   8.5 2300s
 15283883 6469205 24419.2420   93   33 24403.0000 24419.2420  0.07%   8.5 2305s
 15309837 6479446 24419.2197  118   35 24403.0000 24419.2420  0.07%   8.5 2310s
 15328478 6485743     cutoff  123      24403.0000 24419.2420  0.07%   8.5 2315s
 15349989 6492672 24413.5789  105   11 24403.0000 24419.2420  0.07%   8.5 2320s
 15374751 6501239 24419.0555  131   38 24403.0000 24419.2420  0.07%   8.5 2325s
 15396770 6508352     cutoff  127      24403.0000 24419.2420  0.07%   8.5 2330s
 15424895 6517933 24419.2420  101   19 24403.0000 24419.2420  0.07%   8.5 2335s
 15442485 6523639 24418.4803   85   24 24403.0000 24419.2420  0.07%   8.5 2340s
 15462548 6532386     cutoff  102      24403.0000 24419.2420  0.07%   8.5 2345s
 15484405 6542253 24419.2420  122   17 24403.0000 24419.2420  0.07%   8.5 2350s
 15506940 6551160 24418.3234  114   35 24403.0000 24419.2420  0.07%   8.5 2355s
 15529919 6560630     cutoff  135      24403.0000 24419.2420  0.07%   8.5 2360s
 15548906 6568244 24417.8601  138   19 24403.0000 24419.2420  0.07%   8.5 2365s
 15572374 6577081 24419.2420  114   23 24403.0000 24419.2420  0.07%   8.5 2370s
 15594252 6586363     cutoff  103      24403.0000 24419.2420  0.07%   8.5 2375s
 15614393 6594073     cutoff  108      24403.0000 24419.2420  0.07%   8.5 2380s
 15643194 6605050 24415.3189  121   20 24403.0000 24419.2420  0.07%   8.5 2386s
 15665731 6613941 24419.2420  136   19 24403.0000 24419.2420  0.07%   8.5 2390s
 15689255 6622678 24417.2588  134   26 24403.0000 24419.2420  0.07%   8.5 2395s
 15709912 6631346 24408.5493  133   17 24403.0000 24419.2420  0.07%   8.5 2400s
 15728290 6639265 24419.2420  117   50 24403.0000 24419.2420  0.07%   8.5 2405s
 15747466 6647331 24415.9570  134    8 24403.0000 24419.2420  0.07%   8.5 2410s
 15776647 6658429     cutoff  122      24403.0000 24419.2420  0.07%   8.5 2416s
 15794598 6665359 24418.3025  135   47 24403.0000 24419.2420  0.07%   8.5 2420s
 15821532 6675810 24419.2420  117   25 24403.0000 24419.2420  0.07%   8.5 2425s
 15840624 6683267 24418.5251  123   39 24403.0000 24419.2420  0.07%   8.5 2430s
 15862748 6692087 24418.4280  128   29 24403.0000 24419.2420  0.07%   8.5 2435s
 15885042 6700716 24417.9648  138   31 24403.0000 24419.2420  0.07%   8.5 2440s
 15910521 6710613 24411.0671  134   15 24403.0000 24419.2420  0.07%   8.6 2445s
 15933827 6718812     cutoff  148      24403.0000 24419.2420  0.07%   8.6 2450s
 15937643 6720279 24416.9867  119   21 24403.0000 24419.2420  0.07%   8.6 2455s
 15962719 6729305 24418.0398  123   31 24403.0000 24419.2420  0.07%   8.6 2460s
 15992257 6741034 24417.3104  117   22 24403.0000 24419.2420  0.07%   8.6 2465s
 16016610 6750543 24418.1508  120   28 24403.0000 24419.2420  0.07%   8.6 2470s
 16046442 6761891 24418.8117  112   26 24403.0000 24419.2420  0.07%   8.6 2475s
 16067394 6770197 24417.5837  106   25 24403.0000 24419.2420  0.07%   8.6 2480s
 16096030 6782274     cutoff  105      24403.0000 24419.2420  0.07%   8.6 2486s
 16116808 6791038 24418.6978  110   24 24403.0000 24419.2420  0.07%   8.6 2490s
 16139082 6800003 24417.1812  116   36 24403.0000 24419.2420  0.07%   8.6 2495s
 16163139 6810254 24417.5555  103   31 24403.0000 24419.2420  0.07%   8.6 2500s
 16187559 6820731 24418.8277  115   28 24403.0000 24419.2420  0.07%   8.6 2505s
 16212698 6831254 24418.9660  134   31 24403.0000 24419.2420  0.07%   8.6 2510s
 16239526 6841707     cutoff   83      24403.0000 24419.2420  0.07%   8.6 2515s
 16266296 6850773 24416.8973  106   21 24403.0000 24419.2420  0.07%   8.6 2521s
 16283697 6857767 24411.7832  153   17 24403.0000 24419.2420  0.07%   8.6 2525s
 16301353 6864489 24409.1682  130   30 24403.0000 24419.2420  0.07%   8.6 2530s
 16325135 6873994 24417.0620  131   21 24403.0000 24419.2420  0.07%   8.6 2535s
 16346727 6881490     cutoff  121      24403.0000 24419.2420  0.07%   8.6 2540s
 16366575 6888768 24410.7743  154   13 24403.0000 24419.2420  0.07%   8.6 2545s
 16387030 6897241 24417.8295  123   38 24403.0000 24419.2420  0.07%   8.6 2550s
 16409626 6906263     cutoff  140      24403.0000 24419.2420  0.07%   8.6 2555s
 16434523 6915900 24416.8319   89   47 24403.0000 24419.2420  0.07%   8.6 2560s
 16457535 6923520 24418.2673  142   31 24403.0000 24419.2420  0.07%   8.6 2565s
 16477763 6930539 24410.7317  119   30 24403.0000 24419.2420  0.07%   8.6 2570s
 16503530 6939767 24417.3073  121   15 24403.0000 24419.2420  0.07%   8.6 2575s
 16522970 6947514 24417.8863  115   18 24403.0000 24419.2420  0.07%   8.6 2580s
 16543920 6955270 24405.2226  119   10 24403.0000 24419.2420  0.07%   8.6 2585s
 16565035 6962295 24419.2420   97   39 24403.0000 24419.2420  0.07%   8.6 2590s
 16582561 6969480 24418.7262   89   38 24403.0000 24419.2420  0.07%   8.6 2595s
 16602042 6977327 24419.2420   90   23 24403.0000 24419.2420  0.07%   8.6 2600s
 16623668 6985352 24419.2357  118   44 24403.0000 24419.2420  0.07%   8.6 2605s
 16644354 6992373 24414.8311  119   43 24403.0000 24419.2420  0.07%   8.6 2610s
 16663220 6998465 24419.2338  116   41 24403.0000 24419.2420  0.07%   8.6 2615s
 16683803 7005735 24419.2420   98   19 24403.0000 24419.2420  0.07%   8.6 2620s
 16699139 7012836 24418.8671  115   31 24403.0000 24419.2420  0.07%   8.7 2625s
 16721595 7021731 24417.1480  118   28 24403.0000 24419.2420  0.07%   8.7 2630s
 16741344 7029122     cutoff  121      24403.0000 24419.2420  0.07%   8.7 2636s
 16760220 7036312 24419.1923  109   41 24403.0000 24419.2420  0.07%   8.7 2640s
 16786960 7046229 24417.2001   94   34 24403.0000 24419.2420  0.07%   8.7 2645s
 16807360 7054117 24411.1733  104   15 24403.0000 24419.2420  0.07%   8.7 2650s
 16830604 7063429     cutoff  110      24403.0000 24419.2420  0.07%   8.7 2655s
 16851177 7072373 24419.2420  121   39 24403.0000 24419.2420  0.07%   8.7 2660s
 16865481 7077201     cutoff  137      24403.0000 24419.2420  0.07%   8.7 2668s
 16870318 7080170 24419.2420  108   33 24403.0000 24419.2420  0.07%   8.7 2670s
 16889702 7087322     cutoff  118      24403.0000 24419.2420  0.07%   8.7 2675s
 16907329 7093657     cutoff  138      24403.0000 24419.2420  0.07%   8.7 2680s
 16926909 7101253 24419.2420  133   33 24403.0000 24419.2420  0.07%   8.7 2685s
 16944945 7107908 24417.4637  134   34 24403.0000 24419.2420  0.07%   8.7 2691s
 16960975 7114118     cutoff  122      24403.0000 24419.2420  0.07%   8.7 2695s
 16973640 7119236 24418.7188  125   39 24403.0000 24419.2420  0.07%   8.7 2700s
 16987972 7124606 24417.0864  114   35 24403.0000 24419.2420  0.07%   8.7 2705s
 17003186 7130603 24419.1051  123   34 24403.0000 24419.2420  0.07%   8.7 2711s
 17019531 7137573 24417.2001  111   36 24403.0000 24419.2420  0.07%   8.7 2715s
 17045000 7147085 24419.1756  116   33 24403.0000 24419.2420  0.07%   8.7 2721s
 17064600 7154373 24419.1424  117   45 24403.0000 24419.2420  0.07%   8.7 2726s
 17081468 7160592 24415.4786  116   15 24403.0000 24419.2420  0.07%   8.7 2730s
 17097700 7166845 24419.0193  108   43 24403.0000 24419.2420  0.07%   8.7 2735s
 17111470 7171796 24408.3503  151   18 24403.0000 24419.2420  0.07%   8.7 2740s
 17126602 7178083 24419.2420  136   41 24403.0000 24419.2420  0.07%   8.7 2745s
 17147499 7185650     cutoff  107      24403.0000 24419.2420  0.07%   8.7 2750s
 17169289 7194175 24410.8418  109   17 24403.0000 24419.2420  0.07%   8.7 2755s
 17193305 7203472 24414.4704  117   20 24403.0000 24419.2420  0.07%   8.7 2760s
 17214328 7211252 24419.2420  113   34 24403.0000 24419.2420  0.07%   8.7 2765s
 17236826 7219901     cutoff  121      24403.0000 24419.2420  0.07%   8.7 2770s
 17259615 7228563 24409.1737  136   13 24403.0000 24419.2420  0.07%   8.7 2775s
 17284476 7238488 24419.2420  113   44 24403.0000 24419.2420  0.07%   8.7 2780s
 17305406 7246063 24419.1012  104   35 24403.0000 24419.2420  0.07%   8.7 2785s
 17312702 7247991 24417.8601  102   14 24403.0000 24419.2420  0.07%   8.7 2793s
 17317290 7250140 24418.9656  107   22 24403.0000 24419.2420  0.07%   8.7 2795s
 17332726 7256043 24416.7545  108   19 24403.0000 24419.2420  0.07%   8.7 2800s
 17354064 7264317 24419.2361  120   50 24403.0000 24419.2420  0.07%   8.7 2805s
 17370594 7270259 24416.7522  123   44 24403.0000 24419.2420  0.07%   8.7 2810s
 17392623 7279512 24412.8271  139   19 24403.0000 24419.2420  0.07%   8.7 2815s
 17419812 7290286 24410.6552  122   24 24403.0000 24419.2420  0.07%   8.7 2820s
 17444266 7299076 24411.0246  127   17 24403.0000 24419.2420  0.07%   8.7 2825s
 17472950 7309196 24419.0928  119   33 24403.0000 24419.2420  0.07%   8.7 2830s
 17493874 7316917 24417.6579  102   19 24403.0000 24419.2420  0.07%   8.7 2835s
 17513310 7324210 24410.1065  108   29 24403.0000 24419.2420  0.07%   8.7 2840s
 17534935 7333306 24418.7230  141   28 24403.0000 24419.2420  0.07%   8.7 2845s
 17563398 7345398 24410.9675  146   13 24403.0000 24419.2420  0.07%   8.7 2850s
 17580580 7351855     cutoff  120      24403.0000 24419.2420  0.07%   8.7 2855s
 17609133 7363993 24416.7545  131   18 24403.0000 24419.2420  0.07%   8.7 2860s
 17627944 7371583 24417.3831  117   30 24403.0000 24419.2420  0.07%   8.8 2865s
 17649723 7380486     cutoff   85      24403.0000 24419.2420  0.07%   8.8 2870s
 17672657 7389290 24417.0309  101   15 24403.0000 24419.2420  0.07%   8.8 2875s
 17698907 7399298 24418.3767  123   22 24403.0000 24419.2420  0.07%   8.8 2880s
 17716809 7406903 24407.6529  101   19 24403.0000 24419.2420  0.07%   8.8 2885s
 17744526 7417742 24419.2420   95   24 24403.0000 24419.2420  0.07%   8.8 2890s
 17773970 7429863     cutoff   99      24403.0000 24419.2420  0.07%   8.8 2895s
 17796447 7438717 24411.6516  132   17 24403.0000 24419.2420  0.07%   8.8 2900s
 17825763 7449873 24418.6813   98   33 24403.0000 24419.2420  0.07%   8.8 2905s
 17854023 7460638 24417.7219  120   27 24403.0000 24419.2420  0.07%   8.8 2910s
 17864390 7463839 24417.5726  124   31 24403.0000 24419.2420  0.07%   8.8 2917s
 17875249 7468624 24419.2420  118   36 24403.0000 24419.2420  0.07%   8.8 2920s
 17896068 7476234 24415.1126  122   20 24403.0000 24419.2420  0.07%   8.8 2925s
 17917814 7484708 24416.4354   89   12 24403.0000 24419.2420  0.07%   8.8 2930s
 17936836 7492499     cutoff  129      24403.0000 24419.2420  0.07%   8.8 2935s
 17968040 7503900 24417.2001  128   17 24403.0000 24419.2420  0.07%   8.8 2940s
 17988733 7511834 24416.8077  122   17 24403.0000 24419.2420  0.07%   8.8 2945s
 18014244 7521519     cutoff  110      24403.0000 24419.2420  0.07%   8.8 2950s
 18036574 7530618     cutoff  120      24403.0000 24419.2420  0.07%   8.8 2955s
 18061346 7541452 24419.2420  106   22 24403.0000 24419.2420  0.07%   8.8 2960s
 18080727 7548941 24419.2420  111   32 24403.0000 24419.2420  0.07%   8.8 2965s
 18104986 7558035 24419.2420  122   23 24403.0000 24419.2420  0.07%   8.8 2970s
 18126333 7566226     cutoff  116      24403.0000 24419.2420  0.07%   8.8 2975s
 18153640 7576287 24413.7058  136   20 24403.0000 24419.2420  0.07%   8.8 2980s
 18179255 7586683 24419.2420  104   26 24403.0000 24419.2420  0.07%   8.8 2985s
 18198766 7593784 24419.2420  102   35 24403.0000 24419.2420  0.07%   8.8 2990s
 18221382 7602338 24419.2420  101   24 24403.0000 24419.2420  0.07%   8.8 2995s
 18244729 7610954 24416.1478  127   27 24403.0000 24419.2420  0.07%   8.8 3000s
 18270466 7620139 24419.2420  115   34 24403.0000 24419.2420  0.07%   8.8 3005s
 18289846 7627381     cutoff  125      24403.0000 24419.2420  0.07%   8.8 3010s
 18313772 7636385 24414.3240  109   23 24403.0000 24419.2420  0.07%   8.8 3015s
 18341007 7645930     cutoff  113      24403.0000 24419.2420  0.07%   8.8 3020s
 18367182 7654821 24413.6107   94   32 24403.0000 24419.2420  0.07%   8.8 3025s
 18395636 7664097 24416.7570  136   12 24403.0000 24419.2420  0.07%   8.8 3030s
 18414874 7670649     cutoff  115      24403.0000 24419.2420  0.07%   8.8 3035s
 18437356 7678427 24419.2420  119   32 24403.0000 24419.2420  0.07%   8.8 3040s
 18461669 7687041 24413.5638  118   29 24403.0000 24419.2420  0.07%   8.8 3045s
 18484735 7694623 24419.2420   92   26 24403.0000 24419.2420  0.07%   8.8 3050s
 18508308 7703149 24419.2420   89   39 24403.0000 24419.2420  0.07%   8.8 3055s
 18528224 7711430 24417.8325   92   33 24403.0000 24419.2420  0.07%   8.8 3060s
 18551027 7720763 24416.8056  125   15 24403.0000 24419.2420  0.07%   8.8 3065s
 18577137 7731112 24414.1500   79   38 24403.0000 24419.2420  0.07%   8.8 3070s
 18593959 7737753 24409.8028  103   22 24403.0000 24419.2420  0.07%   8.8 3075s
 18619193 7747479 24417.7083  124   38 24403.0000 24419.2420  0.07%   8.8 3080s
 18640194 7756399 24419.2273  101   32 24403.0000 24419.2420  0.07%   8.8 3085s
 18657936 7764942 24419.2420  101   37 24403.0000 24419.2420  0.07%   8.8 3090s
 18681958 7774753     cutoff  107      24403.0000 24419.2420  0.07%   8.8 3096s
 18701610 7782568     cutoff  107      24403.0000 24419.2420  0.07%   8.8 3100s
 18721142 7790526 24416.2004  121   27 24403.0000 24419.2420  0.07%   8.8 3105s
 18744797 7799518 24413.0868  119   16 24403.0000 24419.2420  0.07%   8.8 3110s
 18764536 7807152 24413.9019  113   26 24403.0000 24419.2420  0.07%   8.8 3115s
 18792929 7818783 24418.1365  100   19 24403.0000 24419.2420  0.07%   8.8 3120s
 18812311 7826434 24416.3158  125   18 24403.0000 24419.2420  0.07%   8.8 3125s
 18837567 7837313     cutoff  114      24403.0000 24419.2420  0.07%   8.8 3130s
 18861619 7848026 24419.2420  124   12 24403.0000 24419.2420  0.07%   8.8 3135s
 18882880 7856440 24417.2001   97   27 24403.0000 24419.2420  0.07%   8.8 3140s
 18906006 7865287 24419.1193  100   33 24403.0000 24419.2420  0.07%   8.8 3145s
 18932985 7876569 24414.9207  122   24 24403.0000 24419.2420  0.07%   8.8 3151s
 18948342 7882307 24419.2420  102   36 24403.0000 24419.2420  0.07%   8.8 3158s
 18948424 7882865 24413.6489  103   34 24403.0000 24419.2420  0.07%   8.8 3160s
 18970517 7892655 24404.9638  114   13 24403.0000 24419.2420  0.07%   8.8 3165s
 19001227 7904709 24417.2001  116   22 24403.0000 24419.2420  0.07%   8.8 3170s
 19027129 7914703 24417.7327  124   14 24403.0000 24419.2420  0.07%   8.8 3175s
 19048142 7923549 24418.9064  104   28 24403.0000 24419.2420  0.07%   8.8 3180s
 19071241 7933769 24417.1415  124   26 24403.0000 24419.2420  0.07%   8.8 3185s
 19093505 7943768     cutoff  126      24403.0000 24419.2420  0.07%   8.8 3190s
 19116559 7952697     cutoff  114      24403.0000 24419.2420  0.07%   8.8 3195s
 19138629 7960814 24418.0398  124   33 24403.0000 24419.2420  0.07%   8.8 3200s
 19164084 7969935 24416.0256  114   22 24403.0000 24419.2420  0.07%   8.8 3205s
 19187272 7977876 24416.6870  130   19 24403.0000 24419.2420  0.07%   8.9 3210s
 19211531 7985771 24418.3231  131   33 24403.0000 24419.2420  0.07%   8.9 3215s
 19232353 7993508 24419.2420  108   23 24403.0000 24419.2420  0.07%   8.9 3220s
 19252581 8000188 24407.5269  134    9 24403.0000 24419.2420  0.07%   8.9 3225s
 19278536 8010122 24419.2420  115   26 24403.0000 24419.2420  0.07%   8.9 3230s
 19300882 8018094     cutoff  116      24403.0000 24419.2420  0.07%   8.9 3235s
 19321217 8025779 24418.1365  109   26 24403.0000 24419.2420  0.07%   8.9 3240s
 19347305 8035927 24410.1220  131   22 24403.0000 24419.2420  0.07%   8.9 3246s
 19370319 8045134     cutoff  146      24403.0000 24419.2420  0.07%   8.9 3250s
 19391462 8053983 24413.0070  103   16 24403.0000 24419.2420  0.07%   8.9 3255s
 19413858 8064081 24415.0876  133   16 24403.0000 24419.2420  0.07%   8.9 3260s
 19432101 8071694     cutoff  142      24403.0000 24419.2420  0.07%   8.9 3265s
 19459870 8083002 24417.0455  117   31 24403.0000 24419.2420  0.07%   8.9 3270s
 19480475 8091654 24412.9666  112   23 24403.0000 24419.2420  0.07%   8.9 3275s
 19503593 8100753 24413.1091  127   25 24403.0000 24419.2420  0.07%   8.9 3280s
 19522779 8108536     cutoff  111      24403.0000 24419.2420  0.07%   8.9 3285s
 19547787 8118820 24419.2420  103   19 24403.0000 24419.2420  0.07%   8.9 3290s
 19567800 8126688 24410.6552  113   13 24403.0000 24419.2420  0.07%   8.9 3295s
 19589073 8135287 24408.3503  125   16 24403.0000 24419.2420  0.07%   8.9 3300s
 19610561 8143922 24405.8602  116   13 24403.0000 24419.2420  0.07%   8.9 3305s
 19634941 8152930     cutoff  120      24403.0000 24419.2420  0.07%   8.9 3310s
 19657823 8161430 24419.2368  108   53 24403.0000 24419.2420  0.07%   8.9 3315s
 19680224 8170141 24418.1365  121   29 24403.0000 24419.2420  0.07%   8.9 3320s
 19702457 8179196 24419.2042  112   36 24403.0000 24419.2420  0.07%   8.9 3325s
 19731199 8189753 24419.2420  109   31 24403.0000 24419.2420  0.07%   8.9 3330s
 19752725 8197536 infeasible  137      24403.0000 24419.2420  0.07%   8.9 3335s
 19754002 8199690 24418.6892  110   25 24403.0000 24419.2420  0.07%   8.9 3340s
 19779790 8208200     cutoff  146      24403.0000 24419.2420  0.07%   8.9 3345s
 19796902 8215193 24417.2001  104   23 24403.0000 24419.2420  0.07%   8.9 3350s
 19814412 8221905 24406.0382  115   23 24403.0000 24419.2420  0.07%   8.9 3355s
 19833484 8229060 24418.9660  127   37 24403.0000 24419.2420  0.07%   8.9 3360s
 19855377 8236532 24418.0239  101   27 24403.0000 24419.2420  0.07%   8.9 3365s
 19875664 8245100 24404.2335  136    9 24403.0000 24419.2420  0.07%   8.9 3370s
 19900881 8255989 24407.5269  114   11 24403.0000 24419.2420  0.07%   8.9 3375s
 19924594 8265311 24419.0229  108   32 24403.0000 24419.2420  0.07%   8.9 3380s
 19945740 8273607 24412.9997  114   22 24403.0000 24419.2420  0.07%   8.9 3385s
 19966897 8281900 24415.6696  111   28 24403.0000 24419.2420  0.07%   8.9 3390s
 19991194 8291205 24410.6949  113   14 24403.0000 24419.2420  0.07%   8.9 3395s
 20012719 8299620 24419.2420   96   21 24403.0000 24419.2420  0.07%   8.9 3401s
 20033705 8307208     cutoff  128      24403.0000 24419.2420  0.07%   8.9 3405s
 20058084 8316403 24418.6892  105   33 24403.0000 24419.2420  0.07%   8.9 3410s
 20078488 8324509 24417.9104  118   25 24403.0000 24419.2420  0.07%   8.9 3415s
 20099549 8332904 24405.9587  106   20 24403.0000 24419.2420  0.07%   8.9 3420s
 20125622 8342912 24409.9970  130    7 24403.0000 24419.2420  0.07%   8.9 3425s
 20145688 8350768 24419.2420  110   24 24403.0000 24419.2420  0.07%   8.9 3430s
 20170194 8359892 24417.3073  126   12 24403.0000 24419.2420  0.07%   8.9 3435s
 20193568 8369190 24417.2063  122   16 24403.0000 24419.2420  0.07%   8.9 3440s
 20215760 8377644     cutoff  124      24403.0000 24419.2420  0.07%   8.9 3445s
 20233448 8384519 24409.6552  106   12 24403.0000 24419.2420  0.07%   8.9 3450s
 20258991 8394811 24419.2227  114   44 24403.0000 24419.2420  0.07%   8.9 3455s
 20274887 8401371 24405.8802  110   10 24403.0000 24419.2420  0.07%   8.9 3460s
 20294022 8409186 24417.4256  123   16 24403.0000 24419.2420  0.07%   8.9 3465s
 20302728 8411819 24418.7593   98   38 24403.0000 24419.2420  0.07%   8.9 3470s
 20318980 8418875 24416.8355  104   38 24403.0000 24419.2420  0.07%   8.9 3475s
 20341677 8427798 24414.5219  123   17 24403.0000 24419.2420  0.07%   8.9 3480s
 20362802 8436435 24418.5064  106   48 24403.0000 24419.2420  0.07%   8.9 3485s
 20380316 8443601 24419.2420  104   24 24403.0000 24419.2420  0.07%   8.9 3490s
 20400026 8452126     cutoff  106      24403.0000 24419.2420  0.07%   8.9 3495s
 20428016 8463579 24419.2420  100   42 24403.0000 24419.2420  0.07%   8.9 3500s
 20451339 8472702 24405.8602   95   10 24403.0000 24419.2420  0.07%   8.9 3505s
 20474061 8481998 24412.6084  125   15 24403.0000 24419.2420  0.07%   8.9 3510s
 20497859 8492810 24417.4560   98   36 24403.0000 24419.2420  0.07%   8.9 3515s
 20524782 8503986 24419.2250  117   28 24403.0000 24419.2420  0.07%   8.9 3520s
 20543056 8511317 24419.2420   94   33 24403.0000 24419.2420  0.07%   8.9 3525s
 20567177 8521698 24418.2307   99   37 24403.0000 24419.2420  0.07%   8.9 3530s
 20583639 8529331 24419.2420   89   33 24403.0000 24419.2420  0.07%   8.9 3535s
 20601917 8537883 24418.5182   97   38 24403.0000 24419.2420  0.07%   8.9 3540s
 20625445 8548829 24405.4052  123   18 24403.0000 24419.2420  0.07%   8.9 3545s
 20641672 8555788 24419.2137   97   39 24403.0000 24419.2420  0.07%   8.9 3550s
 20674493 8569334 24415.9905  122   16 24403.0000 24419.2420  0.07%   8.9 3555s
 20696846 8578487 24409.1737  113    8 24403.0000 24419.2420  0.07%   8.9 3560s
 20722243 8588410     cutoff  101      24403.0000 24419.2420  0.07%   8.9 3565s
 20744113 8597195 24419.2420   82   33 24403.0000 24419.2420  0.07%   8.9 3570s
 20766673 8605975     cutoff  119      24403.0000 24419.2420  0.07%   8.9 3575s
 20788444 8615235 24419.2420   97   34 24403.0000 24419.2420  0.07%   8.9 3580s
 20815192 8626288     cutoff  127      24403.0000 24419.2420  0.07%   8.9 3585s
 20834488 8634281     cutoff  112      24403.0000 24419.2420  0.07%   8.9 3590s
 20863287 8644422     cutoff  150      24403.0000 24419.2420  0.07%   8.9 3596s
 20883109 8651349 24410.6395  127   21 24403.0000 24419.2420  0.07%   8.9 3600s

Cutting planes:
  Gomory: 27
  Cover: 73
  Clique: 8
  MIR: 90
  StrongCG: 77
  Flow cover: 44
  GUB cover: 2
  Inf proof: 163
  Zero half: 5
  RLT: 20

Explored 20884201 nodes (186546761 simplex iterations) in 3600.12 seconds
Thread count was 12 (of 12 available processors)

Solution count 10: 24403 24371 24367 ... 20569

Time limit reached
Best objective 2.440300000000e+04, best bound 2.441900000000e+04, gap 0.0656%
