
Gurobi 9.1.2 (win64, Java) logging started Sat Nov 13 20:19:10 2021

Academic license - for non-commercial use only - expires 2022-10-30
Gurobi Optimizer version 9.1.2 build v9.1.2rc0 (win64)
Thread count: 6 physical cores, 12 logical processors, using up to 12 threads
Optimize a model with 70 rows, 600 columns and 1200 nonzeros
Model fingerprint: 0x501681d0
Variable types: 0 continuous, 600 integer (600 binary)
Coefficient statistics:
  Matrix range     [1e+00, 1e+03]
  Objective range  [4e+02, 1e+03]
  Bounds range     [1e+00, 1e+00]
  RHS range        [1e+00, 2e+03]
Found heuristic solution: objective 29545.000000
Presolve removed 1 rows and 123 columns
Presolve time: 0.02s
Presolved: 69 rows, 477 columns, 954 nonzeros
Variable types: 0 continuous, 477 integer (477 binary)
Presolved: 69 rows, 477 columns, 954 nonzeros


Root relaxation: objective 3.235827e+04, 238 iterations, 0.00 seconds

    Nodes    |    Current Node    |     Objective Bounds      |     Work
 Expl Unexpl |  Obj  Depth IntInf | Incumbent    BestBd   Gap | It/Node Time

     0     0 32358.2687    0   13 29545.0000 32358.2687  9.52%     -    0s
H    0     0                    31632.000000 32358.2687  2.30%     -    0s
H    0     0                    31686.000000 32358.2687  2.12%     -    0s
H    0     0                    31888.000000 32358.2687  1.47%     -    0s
     0     0 32012.0000    0   23 31888.0000 32012.0000  0.39%     -    1s
     0     0 32012.0000    0   19 31888.0000 32012.0000  0.39%     -    1s
     0     0 32012.0000    0   18 31888.0000 32012.0000  0.39%     -    1s
     0     0 32012.0000    0   35 31888.0000 32012.0000  0.39%     -    2s
     0     0 32012.0000    0   13 31888.0000 32012.0000  0.39%     -    3s
H    0     0                    31911.000000 32012.0000  0.32%     -    3s
     0     0 32012.0000    0   29 31911.0000 32012.0000  0.32%     -    3s
H    0     0                    31916.000000 32012.0000  0.30%     -    4s
     0     0 32012.0000    0   15 31916.0000 32012.0000  0.30%     -    4s
     0     0 32012.0000    0   22 31916.0000 32012.0000  0.30%     -    5s
H    0     0                    31935.000000 32012.0000  0.24%     -    5s
     0     0 32012.0000    0   13 31935.0000 32012.0000  0.24%     -    5s
     0     0 32012.0000    0   13 31935.0000 32012.0000  0.24%     -    5s
     0     2 32012.0000    0   13 31935.0000 32012.0000  0.24%     -    6s
H   33    40                    31968.000000 32012.0000  0.14%  29.8    8s
    81    76 32012.0000   16   22 31968.0000 32012.0000  0.14%  23.8   12s
  1395  1086 31980.0000   55   20 31968.0000 32012.0000  0.14%  10.3   16s
  1403  1092 32012.0000   38   12 31968.0000 32012.0000  0.14%  10.2   20s
  1440  1125 32012.0000   15   15 31968.0000 32012.0000  0.14%  12.5   29s
  7111  4162 31985.0000  104    9 31968.0000 32012.0000  0.14%  10.1   38s
H 7116  3700                    31973.000000 32012.0000  0.12%  10.1   38s
 14943 10595 32011.7500   32   18 31973.0000 32012.0000  0.12%   8.2   40s
 18906 21848 32011.0000   97   11 31973.0000 32012.0000  0.12%   7.9   47s
 31687 23069 32005.0000   58   15 31973.0000 32012.0000  0.12%   7.4   57s
H31699 21845                    31976.000000 32012.0000  0.11%   7.4   64s
H31703 20531                    31979.000000 32012.0000  0.10%   7.4   64s
 31803 20811 32005.0000   60   12 31979.0000 32012.0000  0.10%   7.4   71s
 36912 24615 32008.0000  140   13 31979.0000 32012.0000  0.10%   7.3   75s
 36922 24622 32002.0000  149   15 31979.0000 32012.0000  0.10%   7.3   80s
 36954 24656 32012.0000   25   13 31979.0000 32012.0000  0.10%   7.4   86s
 37014 24693 32012.0000   27   15 31979.0000 32012.0000  0.10%   7.4   94s
 37027 24702 32012.0000   28   13 31979.0000 32012.0000  0.10%   7.4   98s
H37039 23466                    31982.000000 32012.0000  0.09%   7.4   98s
 43843 27401 31983.0000   77    8 31982.0000 32012.0000  0.09%   7.6  100s
 51385 29556 31986.7508  106   12 31982.0000 32012.0000  0.09%   7.6  106s
 64531 35653 32008.0000  118    7 31982.0000 32012.0000  0.09%   7.7  113s
H64585 29610                    31987.000000 32012.0000  0.08%   7.7  113s
 68782 31933 32012.0000   91   10 31987.0000 32012.0000  0.08%   7.8  115s
 74530 33419     cutoff  162      31987.0000 32012.0000  0.08%   7.9  120s
 80789 34944     cutoff  157      31987.0000 32012.0000  0.08%   8.2  126s
 88269 36379 31992.0000  199   10 31987.0000 32012.0000  0.08%   8.5  140s
H88272 33526                    31988.000000 32012.0000  0.08%   8.5  140s
 89784 34289 32007.5737   84   32 31988.0000 32012.0000  0.08%   8.6  145s
H89898 29274                    31991.000000 32012.0000  0.07%   8.6  145s
 103038 35455 32011.5657  145   44 31991.0000 32012.0000  0.07%   9.3  150s
 109739 38470 32011.9267  121   44 31991.0000 32012.0000  0.07%   9.7  155s
H110178 32819                    31994.000000 32012.0000  0.06%   9.8  155s
 119690 38802 32001.0000  147   14 31994.0000 32012.0000  0.06%  10.4  163s
 124512 41689 32002.3236  112   17 31994.0000 32012.0000  0.06%  10.4  166s
 126575 41757 31996.0706  117   31 31994.0000 32012.0000  0.06%  10.5  176s
 131719 43881 32002.0000  127   16 31994.0000 32012.0000  0.06%  10.7  188s
 133830 45764 31996.0000  111    7 31994.0000 32012.0000  0.06%  10.8  191s
 139571 48653 32010.8440  107   40 31994.0000 32012.0000  0.06%  11.0  195s
 146761 52095 31997.3030   98   21 31994.0000 32012.0000  0.06%  11.3  200s
 153967 55470 32011.2277   93   50 31994.0000 32012.0000  0.06%  11.6  210s
 159151 59251 31999.0000  106   21 31994.0000 32012.0000  0.06%  11.7  215s
 165964 60766 31995.0000   95   12 31994.0000 32012.0000  0.06%  11.8  228s
 166098 61950 31995.0000   96   11 31994.0000 32012.0000  0.06%  11.8  232s
 168055 63023 32005.3694   93   42 31994.0000 32012.0000  0.06%  11.9  236s
 173201 65806 32012.0000   67   13 31994.0000 32012.0000  0.06%  12.0  242s
 177794 68004 32011.7941  130   30 31994.0000 32012.0000  0.06%  12.0  245s
 182221 69621 32005.1622  143   29 31994.0000 32012.0000  0.06%  12.0  250s
 185998 70272     cutoff  199      31994.0000 32012.0000  0.06%  12.0  257s
 188484 71004     cutoff  155      31994.0000 32012.0000  0.06%  12.0  271s
 200928 75631     cutoff  115      31994.0000 32012.0000  0.06%  12.0  275s
 213962 80217 32012.0000  146   14 31994.0000 32012.0000  0.06%  12.1  280s
 223310 83669 31995.0000  168    8 31994.0000 32012.0000  0.06%  12.1  285s
 228753 85351 32012.0000  143   13 31994.0000 32012.0000  0.06%  12.2  292s
 233969 87534 32007.7665  127   34 31994.0000 32012.0000  0.06%  12.2  295s
 237374 88674 32010.4283  129   36 31994.0000 32012.0000  0.06%  12.2  301s
 243045 90374     cutoff  152      31994.0000 32012.0000  0.06%  12.2  307s
 244248 90638 32002.0000  148    8 31994.0000 32012.0000  0.06%  12.2  311s
 249605 92948 31999.0000  151   14 31994.0000 32012.0000  0.06%  12.3  316s
 257488 95357 31999.4314  156   30 31994.0000 32012.0000  0.06%  12.3  323s
 260659 96634     cutoff  139      31994.0000 32012.0000  0.06%  12.3  325s
 264752 97454 31997.0617  158   30 31994.0000 32012.0000  0.06%  12.4  330s
 269935 98600 31998.6667  154   20 31994.0000 32012.0000  0.06%  12.4  339s
 270446 99336     cutoff  155      31994.0000 32012.0000  0.06%  12.4  340s
 272854 99603 32008.9758  148   35 31994.0000 32012.0000  0.06%  12.4  346s
 279691 101718     cutoff  162      31994.0000 32012.0000  0.06%  12.4  351s
 286641 103468 32012.0000  148   13 31994.0000 32012.0000  0.06%  12.4  359s
 287688 104126     cutoff  134      31994.0000 32012.0000  0.06%  12.4  360s
 293953 105519 32012.0000  149   10 31994.0000 32012.0000  0.06%  12.5  368s
 298597 106661 32011.9272  135   36 31994.0000 32012.0000  0.06%  12.5  370s
 300353 106894 32012.0000  143   11 31994.0000 32012.0000  0.06%  12.5  376s
 307553 109236 32012.0000  128    8 31994.0000 32012.0000  0.06%  12.5  382s
 315503 111101     cutoff  154      31994.0000 32012.0000  0.06%  12.6  388s
 318665 112290 31996.0000  150   10 31994.0000 32012.0000  0.06%  12.6  390s
 322712 113132     cutoff  172      31994.0000 32012.0000  0.06%  12.6  395s
 328253 114527 32004.1168  136   29 31994.0000 32012.0000  0.06%  12.7  405s
H328422 100270                    31996.000000 32012.0000  0.05%  12.7  405s
 330409 101084 32011.2040  143   39 31996.0000 32012.0000  0.05%  12.7  411s
 337356 102657 32004.3048  116   36 31996.0000 32012.0000  0.05%  12.7  426s
 343396 104796 32002.0000  136   16 31996.0000 32012.0000  0.05%  12.7  430s
 352659 107324 32000.6542  159   31 31996.0000 32012.0000  0.05%  12.8  436s
 360030 109553 32006.9095  135   34 31996.0000 32012.0000  0.05%  12.8  442s
 365522 111388 32012.0000  137   12 31996.0000 32012.0000  0.05%  12.8  445s
 367473 111646 32007.8251  143   33 31996.0000 32012.0000  0.05%  12.8  451s
 373799 113777 32012.0000  146   12 31996.0000 32012.0000  0.05%  12.8  455s
 375461 114425 31999.0000  145   14 31996.0000 32012.0000  0.05%  12.8  462s
 380052 115574 31998.0000  139   27 31996.0000 32012.0000  0.05%  12.8  468s
H380749 104353                    31997.000000 32012.0000  0.05%  12.8  468s
 383523 105243     cutoff  148      31997.0000 32012.0000  0.05%  12.8  474s
 384961 105837 32000.0000  135   10 31997.0000 32012.0000  0.05%  12.8  475s
 391306 107279 32002.9211  135   35 31997.0000 32012.0000  0.05%  12.9  481s
 398390 109220 32004.0000  134   24 31997.0000 32012.0000  0.05%  12.9  487s
 403566 110471 32008.0340  164   30 31997.0000 32012.0000  0.05%  12.9  490s
 406541 111634 32005.3127  151   31 31997.0000 32012.0000  0.05%  13.0  496s
 412076 112790 32005.5209  165   35 31997.0000 32012.0000  0.05%  13.0  500s
 419699 114899 32003.6613  152   21 31997.0000 32012.0000  0.05%  13.0  507s
 421084 115187 32005.0000  158   16 31997.0000 32012.0000  0.05%  13.0  511s
 426477 116970 32012.0000  134   10 31997.0000 32012.0000  0.05%  13.0  517s
 434260 119214     cutoff  151      31997.0000 32012.0000  0.05%  13.1  523s
 437305 120133 32005.4504  160   34 31997.0000 32012.0000  0.05%  13.1  525s
 442929 121420 32012.0000  138   10 31997.0000 32012.0000  0.05%  13.1  530s
 448616 122623 32001.7612  148   30 31997.0000 32012.0000  0.05%  13.1  536s
 453841 123754     cutoff  161      31997.0000 32012.0000  0.05%  13.1  542s
 456723 124660 32012.0000  148   12 31997.0000 32012.0000  0.05%  13.2  545s
 462662 125982 32011.0000  140    8 31997.0000 32012.0000  0.05%  13.2  551s
 466177 126508 32003.0000  149   10 31997.0000 32012.0000  0.05%  13.2  561s
 474041 128987     cutoff  149      31997.0000 32012.0000  0.05%  13.2  565s
 477697 129536     cutoff  126      31997.0000 32012.0000  0.05%  13.2  579s
 477803 129962     cutoff  147      31997.0000 32012.0000  0.05%  13.2  580s
 483263 131089 32004.5494  144   34 31997.0000 32012.0000  0.05%  13.3  586s
 490545 133136 32004.0000  129   13 31997.0000 32012.0000  0.05%  13.3  593s
 491813 133822 32003.2824  163   19 31997.0000 32012.0000  0.05%  13.3  595s
 497851 135309 32006.7757  140   36 31997.0000 32012.0000  0.05%  13.3  600s
 506174 137221 32003.8397  143   29 31997.0000 32012.0000  0.05%  13.3  609s
 507563 137859 32008.2611  137   21 31997.0000 32012.0000  0.05%  13.3  610s
 513778 138959 32001.1477  166   31 31997.0000 32012.0000  0.05%  13.4  617s
 519478 140856 32009.8775  154   43 31997.0000 32012.0000  0.05%  13.4  620s
 526981 142819     cutoff  161      31997.0000 32012.0000  0.05%  13.4  625s
 529976 143455     cutoff  147      31997.0000 32012.0000  0.05%  13.4  630s
 535603 144886     cutoff  170      31997.0000 32012.0000  0.05%  13.4  637s
 539877 146245 32005.7980  132   23 31997.0000 32012.0000  0.05%  13.4  640s
 545558 147282 32011.0000  125   10 31997.0000 32012.0000  0.05%  13.4  652s
 547883 148315     cutoff  152      31997.0000 32012.0000  0.05%  13.4  655s
 554185 149828 32005.4460  143   39 31997.0000 32012.0000  0.05%  13.5  660s
 559393 151154 31999.0000  142   15 31997.0000 32012.0000  0.05%  13.5  665s
 565254 152536 31998.0000  130   16 31997.0000 32012.0000  0.05%  13.5  671s
 572345 154707 32008.6432  153   31 31997.0000 32012.0000  0.05%  13.5  678s
 577178 156337 32004.6325  142   24 31997.0000 32012.0000  0.05%  13.5  681s
 579184 156769     cutoff  146      31997.0000 32012.0000  0.05%  13.5  686s
 586837 158941 32005.8843  142   38 31997.0000 32012.0000  0.05%  13.5  693s
 590703 160158     cutoff  153      31997.0000 32012.0000  0.05%  13.5  696s
 594377 161512     cutoff  134      31997.0000 32012.0000  0.05%  13.5  701s
 602464 164514     cutoff  172      31997.0000 32012.0000  0.05%  13.5  707s
 606055 165557 32003.6795  136   41 31997.0000 32012.0000  0.05%  13.5  710s
 609846 166429     cutoff  165      31997.0000 32012.0000  0.05%  13.5  715s
 615930 167699 infeasible  155      31997.0000 32012.0000  0.05%  13.6  722s
 616804 168282 32001.6022  157   31 31997.0000 32012.0000  0.05%  13.6  725s
 623767 170704     cutoff  164      31997.0000 32012.0000  0.05%  13.6  730s
 629822 171887 31999.0000  137   11 31997.0000 32012.0000  0.05%  13.6  742s
 632038 173232     cutoff  153      31997.0000 32012.0000  0.05%  13.6  746s
 636586 173993     cutoff  138      31997.0000 32012.0000  0.05%  13.6  750s
 640036 174599     cutoff  138      31997.0000 32012.0000  0.05%  13.6  756s
 642364 174979     cutoff  158      31997.0000 32012.0000  0.05%  13.7  760s
 650252 176222 32002.7500  145   22 31997.0000 32012.0000  0.05%  13.7  766s
 655777 176726     cutoff  133      31997.0000 32012.0000  0.05%  13.7  770s
 661200 177716 32002.0000  153   12 31997.0000 32012.0000  0.05%  13.7  775s
 665198 178136 32008.5454  128   38 31997.0000 32012.0000  0.05%  13.7  781s
 666402 178246 32004.0192  129   20 31997.0000 32012.0000  0.05%  13.7  788s
 667354 178879     cutoff  130      31997.0000 32012.0000  0.05%  13.7  791s
 672322 179340 32012.0000  129   13 31997.0000 32012.0000  0.05%  13.8  795s
 680202 179978 31999.0000  169   17 31997.0000 32012.0000  0.05%  13.8  803s
 681842 180171 32005.8225  157   37 31997.0000 32012.0000  0.05%  13.8  805s
 688228 180672     cutoff  152      31997.0000 32012.0000  0.05%  13.8  810s
 695673 181243     cutoff  139      31997.0000 32012.0000  0.05%  13.8  818s
 698901 181582 32006.2941  146   35 31997.0000 32012.0000  0.05%  13.8  820s
 703192 181787 32002.7500  138   26 31997.0000 32012.0000  0.05%  13.8  826s
 710248 182743     cutoff  145      31997.0000 32012.0000  0.05%  13.8  832s
 713969 183487 32001.0000  157   27 31997.0000 32012.0000  0.05%  13.8  835s
 715910 183497 32012.0000   85   15 31997.0000 32012.0000  0.05%  13.8  843s
 717559 184110 32002.0000  124   21 31997.0000 32012.0000  0.05%  13.9  847s
 721010 185002     cutoff  131      31997.0000 32012.0000  0.05%  13.9  850s
 726603 186257     cutoff  117      31997.0000 32012.0000  0.05%  13.9  863s
H726970 154465                    32000.000000 32012.0000  0.04%  13.9  863s
 729329 154793 32012.0000   98   11 32000.0000 32012.0000  0.04%  13.9  866s
 731402 154888 32003.0000  142   13 32000.0000 32012.0000  0.04%  13.9  870s
 739422 155368     cutoff  136      32000.0000 32012.0000  0.04%  13.9  878s
 740684 155762 32012.0000   61   16 32000.0000 32012.0000  0.04%  13.9  881s
 747416 157485     cutoff  154      32000.0000 32012.0000  0.04%  14.0  889s
 748711 158057     cutoff  137      32000.0000 32012.0000  0.04%  14.0  891s
 755103 159894 32005.3167  142   30 32000.0000 32012.0000  0.04%  14.0  899s
 756618 160834 32001.8944   84   27 32000.0000 32012.0000  0.04%  14.0  901s
 762763 163192 32001.0000   98   20 32000.0000 32012.0000  0.04%  14.0  908s
 764243 163993 32002.2569   88   35 32000.0000 32012.0000  0.04%  14.1  910s
 770077 165854 32004.2242   77   26 32000.0000 32012.0000  0.04%  14.1  916s
 773466 167181 32008.3333   97   19 32000.0000 32012.0000  0.04%  14.1  920s
 777539 168423 32002.3488   79   27 32000.0000 32012.0000  0.04%  14.1  926s
 783378 170507     cutoff   87      32000.0000 32012.0000  0.04%  14.2  932s
 784874 171093 32007.6134  100   41 32000.0000 32012.0000  0.04%  14.2  936s
 788806 172912     cutoff  154      32000.0000 32012.0000  0.04%  14.2  940s
 793210 174013 32009.7126   84   40 32000.0000 32012.0000  0.04%  14.2  948s
 794325 174818 32012.0000  110   15 32000.0000 32012.0000  0.04%  14.2  950s
 798337 175742     cutoff   81      32000.0000 32012.0000  0.04%  14.2  956s
 804449 178016 32003.8625   85   36 32000.0000 32012.0000  0.04%  14.3  961s
 806259 178740 32004.0000   78   34 32000.0000 32012.0000  0.04%  14.3  965s
 812398 180956 32009.0000   98   16 32000.0000 32012.0000  0.04%  14.3  970s
 814505 181238 32012.0000   87   14 32000.0000 32012.0000  0.04%  14.3  976s
 815265 182951 32011.9911   99   35 32000.0000 32012.0000  0.04%  14.3  980s
 820428 183424 32005.8571   86   33 32000.0000 32012.0000  0.04%  14.3  985s
 826355 185540 32011.0000   89   11 32000.0000 32012.0000  0.04%  14.4  991s
 828452 185608     cutoff   93      32000.0000 32012.0000  0.04%  14.4 1006s
 828689 186038 32012.0000   80   10 32000.0000 32012.0000  0.04%  14.4 1012s
 832088 187740     cutoff  134      32000.0000 32012.0000  0.04%  14.4 1015s
 834581 187846 32005.1556   81   36 32000.0000 32012.0000  0.04%  14.4 1024s
 835015 192530 32002.0000   82   21 32000.0000 32012.0000  0.04%  14.4 1031s
 847027 193197 32012.0000   75   10 32000.0000 32012.0000  0.04%  14.5 1035s
 852707 195831 32012.0000   89   17 32000.0000 32012.0000  0.04%  14.5 1040s
 858687 197509 32004.0000   88   16 32000.0000 32012.0000  0.04%  14.5 1046s
 862840 198214 32010.0291   68   23 32000.0000 32012.0000  0.04%  14.5 1050s
 870085 200902 32011.4774  116   44 32000.0000 32012.0000  0.04%  14.5 1058s
 873620 202356 32011.4427  152   36 32000.0000 32012.0000  0.04%  14.5 1060s
 877032 203452 32011.8178  106   30 32000.0000 32012.0000  0.04%  14.5 1066s
 884649 206416 32007.9110   99   31 32000.0000 32012.0000  0.04%  14.5 1072s
 890690 208242 32007.4049   67   31 32000.0000 32012.0000  0.04%  14.5 1076s
 893881 209424 32008.8169   77   34 32000.0000 32012.0000  0.04%  14.5 1080s
 900044 210779 32007.8889   82   31 32000.0000 32012.0000  0.04%  14.6 1086s
 907314 213009     cutoff   85      32000.0000 32012.0000  0.04%  14.6 1093s
 908802 213332 32012.0000   92   14 32000.0000 32012.0000  0.04%  14.6 1100s
 909552 216268 32011.8843   95   40 32000.0000 32012.0000  0.04%  14.6 1106s
 919180 216373     cutoff  155      32000.0000 32012.0000  0.04%  14.6 1115s
 924625 217941 32010.6346  140   39 32000.0000 32012.0000  0.04%  14.7 1121s
 928485 219572 32011.2022  140   25 32000.0000 32012.0000  0.04%  14.7 1125s
 932379 220932     cutoff   99      32000.0000 32012.0000  0.04%  14.7 1130s
 938102 223292 32006.0000  129    8 32000.0000 32012.0000  0.04%  14.7 1135s
 943944 225569 32012.0000  106   16 32000.0000 32012.0000  0.04%  14.7 1141s
 947703 226837 32001.0000  121    8 32000.0000 32012.0000  0.04%  14.7 1145s
 952099 229049     cutoff   83      32000.0000 32012.0000  0.04%  14.7 1150s
 954218 229245 32004.0000   91   14 32000.0000 32012.0000  0.04%  14.7 1158s
 954689 230381 32004.7867   81   38 32000.0000 32012.0000  0.04%  14.7 1160s
 961157 232920     cutoff   85      32000.0000 32012.0000  0.04%  14.7 1167s
 965559 235225 32004.2935   90   39 32000.0000 32012.0000  0.04%  14.7 1170s
 970671 237554 32011.8512   79   27 32000.0000 32012.0000  0.04%  14.8 1175s
 976827 239846 32001.0000  153   11 32000.0000 32012.0000  0.04%  14.8 1182s
 980220 240971     cutoff   81      32000.0000 32012.0000  0.04%  14.8 1185s
 985646 242604 32012.0000   92   16 32000.0000 32012.0000  0.04%  14.8 1190s
 991673 243726 32011.1356   81   38 32000.0000 32012.0000  0.04%  14.8 1205s
 991804 243796 32008.8169   82   34 32000.0000 32012.0000  0.04%  14.8 1216s
 996480 244521 32010.1315  144   18 32000.0000 32012.0000  0.04%  14.8 1220s
 1000483 245463 32005.9359  140   33 32000.0000 32012.0000  0.04%  14.8 1225s
 1006738 247109 32011.0219   98   41 32000.0000 32012.0000  0.04%  14.8 1232s
 1012101 248719 32011.4520   89   37 32000.0000 32012.0000  0.04%  14.9 1236s
 1015792 250203 32011.9912  106   40 32000.0000 32012.0000  0.04%  14.9 1240s
 1022146 252585 32009.3540   95   23 32000.0000 32012.0000  0.04%  14.9 1246s
 1027670 254742 32011.2467   81   33 32000.0000 32012.0000  0.04%  14.9 1251s
 1029879 255349 32004.7590  147   22 32000.0000 32012.0000  0.04%  14.9 1255s
 1037824 258703 32007.3953   93   20 32000.0000 32012.0000  0.04%  14.9 1264s
 1038756 259613 32006.3239   94   38 32000.0000 32012.0000  0.04%  14.9 1265s
 1044645 261857     cutoff  114      32000.0000 32012.0000  0.04%  14.9 1271s
 1050275 263479 32012.0000  120   10 32000.0000 32012.0000  0.04%  14.9 1275s
 1056185 265223 32012.0000   77   10 32000.0000 32012.0000  0.04%  15.0 1280s
 1060187 266022 32002.0000  117   13 32000.0000 32012.0000  0.04%  15.0 1291s
 1060586 268630     cutoff  118      32000.0000 32012.0000  0.04%  15.0 1300s
 1072598 268788 32002.0000  123   14 32000.0000 32012.0000  0.04%  15.0 1307s
 1073141 269380 32012.0000  127   14 32000.0000 32012.0000  0.04%  15.0 1310s
 1080343 270936 32002.9064  123   27 32000.0000 32012.0000  0.04%  15.0 1315s
 1086059 272281     cutoff  111      32000.0000 32012.0000  0.04%  15.1 1320s
 1093731 273323     cutoff  119      32000.0000 32012.0000  0.04%  15.1 1329s
 1094507 273636 32002.0585  123   17 32000.0000 32012.0000  0.04%  15.1 1331s
 1100400 274487 32001.7051  106   21 32000.0000 32012.0000  0.04%  15.1 1335s
 1107800 275678 32002.0000  101   16 32000.0000 32012.0000  0.04%  15.1 1341s
 1115601 276702 32003.4327  115   19 32000.0000 32012.0000  0.04%  15.2 1350s
 1116391 278270 32002.1623  116   36 32000.0000 32012.0000  0.04%  15.2 1355s
 1124542 278618 32012.0000   88   11 32000.0000 32012.0000  0.04%  15.2 1360s
 1125663 278964 32010.2256   78   38 32000.0000 32012.0000  0.04%  15.2 1366s
 1129447 280687 32011.6417  114   50 32000.0000 32012.0000  0.04%  15.2 1370s
 1135787 282409 32006.3075   74   36 32000.0000 32012.0000  0.04%  15.2 1375s
 1139232 283445 32003.1851   83   24 32000.0000 32012.0000  0.04%  15.2 1380s
 1142609 284333 32012.0000   83   18 32000.0000 32012.0000  0.04%  15.2 1388s
 1143384 284913 32012.0000   84   10 32000.0000 32012.0000  0.04%  15.2 1390s
 1150024 287481 32012.0000  101   17 32000.0000 32012.0000  0.04%  15.2 1395s
 1154116 288610     cutoff  105      32000.0000 32012.0000  0.04%  15.3 1401s
 1159748 289961 32002.2519  144   30 32000.0000 32012.0000  0.04%  15.3 1413s
 1160206 290581 32012.0000  111   12 32000.0000 32012.0000  0.04%  15.3 1415s
 1163872 291510 32002.0000   90   15 32000.0000 32012.0000  0.04%  15.3 1420s
 1170397 293456 32012.0000   68   13 32000.0000 32012.0000  0.04%  15.3 1426s
 1176449 296225     cutoff  166      32000.0000 32012.0000  0.04%  15.3 1431s
 1178384 296789     cutoff   99      32000.0000 32012.0000  0.04%  15.3 1435s
 1186307 300368 32003.0000  140    9 32000.0000 32012.0000  0.04%  15.3 1443s
 1189836 301844 32005.0818  103   33 32000.0000 32012.0000  0.04%  15.3 1446s
 1193321 302374 32002.0000   88   14 32000.0000 32012.0000  0.04%  15.3 1459s
 1193732 303603 32002.0000   89   14 32000.0000 32012.0000  0.04%  15.3 1460s
 1198932 304992 32007.8710   81   14 32000.0000 32012.0000  0.04%  15.3 1466s
 1207040 307924 32001.0000  121    9 32000.0000 32012.0000  0.04%  15.3 1472s
 1210927 309171 32010.6439   88   35 32000.0000 32012.0000  0.04%  15.3 1475s
 1214595 310232 32002.8407   82   29 32000.0000 32012.0000  0.04%  15.3 1480s
 1221887 312646     cutoff  122      32000.0000 32012.0000  0.04%  15.3 1487s
 1225455 313908     cutoff   89      32000.0000 32012.0000  0.04%  15.3 1490s
 1229300 314941 32004.7581   97   21 32000.0000 32012.0000  0.04%  15.3 1496s
 1234913 316415 32012.0000   78   21 32000.0000 32012.0000  0.04%  15.4 1509s
 1235407 316995     cutoff  101      32000.0000 32012.0000  0.04%  15.4 1514s
 1237695 317525 32012.0000   93   16 32000.0000 32012.0000  0.04%  15.4 1515s
 1244477 319737     cutoff   83      32000.0000 32012.0000  0.04%  15.4 1530s
 1249109 321936     cutoff  114      32000.0000 32012.0000  0.04%  15.4 1535s
 1250985 322546 32011.8111   83   31 32000.0000 32012.0000  0.04%  15.4 1540s
 1257056 324813 32011.0000  128   13 32000.0000 32012.0000  0.04%  15.4 1545s
 1260455 326120 32005.3251   86   35 32000.0000 32012.0000  0.04%  15.4 1551s
 1266536 327963     cutoff  133      32000.0000 32012.0000  0.04%  15.4 1557s
 1268166 328806     cutoff  131      32000.0000 32012.0000  0.04%  15.4 1560s
 1274786 330980     cutoff  149      32000.0000 32012.0000  0.04%  15.4 1565s
 1282318 333196 32003.0000  117   13 32000.0000 32012.0000  0.04%  15.5 1573s
 1283697 333910 32002.0000  118    9 32000.0000 32012.0000  0.04%  15.5 1575s
 1289814 335762 32009.0000   97   13 32000.0000 32012.0000  0.04%  15.5 1582s
 1293214 337170 32011.9938  104   29 32000.0000 32012.0000  0.04%  15.5 1585s
 1297507 338423 32008.0767   97   37 32000.0000 32012.0000  0.04%  15.5 1591s
 1302866 340688 32004.5645   79   23 32000.0000 32012.0000  0.04%  15.5 1595s
 1304790 340804 32011.4823  104   21 32000.0000 32012.0000  0.04%  15.5 1606s
 1305311 344246 32012.0000   82   10 32000.0000 32012.0000  0.04%  15.5 1616s
 1316070 344607 infeasible   95      32000.0000 32012.0000  0.04%  15.5 1625s
 1320311 346560 32008.0000   88   15 32000.0000 32012.0000  0.04%  15.5 1630s
 1323336 346937     cutoff   68      32000.0000 32012.0000  0.04%  15.5 1635s
 1330600 349598 32012.0000  105   17 32000.0000 32012.0000  0.04%  15.6 1644s
 1332579 350099     cutoff  110      32000.0000 32012.0000  0.04%  15.6 1646s
 1336938 350795 32011.5908  117   35 32000.0000 32012.0000  0.04%  15.6 1650s
 1338900 351002     cutoff  112      32000.0000 32012.0000  0.04%  15.6 1659s
 1339630 351516 32002.0000   90   17 32000.0000 32012.0000  0.04%  15.6 1661s
 1345734 353230 32003.0000  123   10 32000.0000 32012.0000  0.04%  15.6 1668s
 1347128 353505     cutoff  137      32000.0000 32012.0000  0.04%  15.6 1678s
 1347849 354539 32002.0000  136    9 32000.0000 32012.0000  0.04%  15.6 1680s
 1353161 355782     cutoff   90      32000.0000 32012.0000  0.04%  15.6 1686s
 1357207 357093 32010.8183   87   35 32000.0000 32012.0000  0.04%  15.6 1690s
 1361434 358040     cutoff  100      32000.0000 32012.0000  0.04%  15.6 1695s
 1365521 359128     cutoff   94      32000.0000 32012.0000  0.04%  15.6 1703s
 1365960 359957 32011.5259  121   32 32000.0000 32012.0000  0.04%  15.6 1705s
 1370483 361240 32008.3333   80   33 32000.0000 32012.0000  0.04%  15.6 1710s
 1377002 363246 32008.8169   72   39 32000.0000 32012.0000  0.04%  15.6 1719s
 1378726 363778     cutoff  111      32000.0000 32012.0000  0.04%  15.7 1721s
 1384717 364964 32009.0000  133    8 32000.0000 32012.0000  0.04%  15.7 1727s
 1388526 365783 32002.0000  117   10 32000.0000 32012.0000  0.04%  15.7 1730s
 1392685 366434 32011.2110   91   41 32000.0000 32012.0000  0.04%  15.7 1736s
 1400139 367849 32002.0000   82   12 32000.0000 32012.0000  0.04%  15.7 1741s
 1405804 368842 32001.0000  105   13 32000.0000 32012.0000  0.04%  15.7 1745s
 1409665 369324 32012.0000   78   11 32000.0000 32012.0000  0.04%  15.7 1757s
 1412567 370524 32010.8073  136   32 32000.0000 32012.0000  0.04%  15.7 1760s
 1414677 370888 32008.0000  106   12 32000.0000 32012.0000  0.04%  15.7 1765s
 1422212 373971 32011.0000  127    7 32000.0000 32012.0000  0.04%  15.7 1773s
 1426040 376488 32002.0000  130   13 32000.0000 32012.0000  0.04%  15.7 1775s
 1429979 378322 32007.8209   95   29 32000.0000 32012.0000  0.04%  15.7 1780s
 1435308 380808 32003.6235  108   27 32000.0000 32012.0000  0.04%  15.7 1790s
 1437854 382408 32012.0000   90   15 32000.0000 32012.0000  0.04%  15.7 1796s
 1443628 385818 32003.8404  117   31 32000.0000 32012.0000  0.04%  15.7 1800s
 1447960 387515 32009.6989  117   35 32000.0000 32012.0000  0.04%  15.7 1805s
 1457419 390114     cutoff  123      32000.0000 32012.0000  0.04%  15.7 1810s
 1463886 391811     cutoff  131      32000.0000 32012.0000  0.04%  15.6 1815s
 1469932 393315     cutoff  138      32000.0000 32012.0000  0.04%  15.6 1820s
 1477932 395455     cutoff  116      32000.0000 32012.0000  0.04%  15.6 1827s
 1481504 396539 32011.3362  136   21 32000.0000 32012.0000  0.04%  15.6 1830s
 1485353 397194 32012.0000  126    8 32000.0000 32012.0000  0.04%  15.6 1835s
 1487099 397236 32012.0000  134    8 32000.0000 32012.0000  0.04%  15.6 1840s
 1489165 397484 32012.0000  125    8 32000.0000 32012.0000  0.04%  15.6 1851s
 1493503 398899 32012.0000  130    9 32000.0000 32012.0000  0.04%  15.6 1856s
 1499915 400779 32012.0000   95   10 32000.0000 32012.0000  0.04%  15.5 1860s
 1505468 402514 32005.0000  145    6 32000.0000 32012.0000  0.04%  15.5 1865s
 1509062 403632 32004.0000  139    9 32000.0000 32012.0000  0.04%  15.5 1870s
 1515881 406041 32004.0000  127   11 32000.0000 32012.0000  0.04%  15.5 1876s
 1522335 407828 32010.4662  140   22 32000.0000 32012.0000  0.04%  15.5 1880s
 1528108 409479     cutoff  140      32000.0000 32012.0000  0.04%  15.5 1885s
 1534023 410582 32002.0000  112   10 32000.0000 32012.0000  0.04%  15.5 1899s
 1534276 411024     cutoff  113      32000.0000 32012.0000  0.04%  15.5 1901s
 1540248 412332 32004.0000  129    9 32000.0000 32012.0000  0.04%  15.4 1908s
 1544168 413369 32011.4132  125   30 32000.0000 32012.0000  0.04%  15.4 1910s
 1548740 414378 32012.0000  129    8 32000.0000 32012.0000  0.04%  15.4 1916s
 1554311 415773 32008.1016  129   34 32000.0000 32012.0000  0.04%  15.4 1921s
 1556370 416013 32012.0000  123   12 32000.0000 32012.0000  0.04%  15.4 1926s
 1562119 417692 32012.0000  117   11 32000.0000 32012.0000  0.04%  15.4 1930s
 1564054 417794     cutoff  149      32000.0000 32012.0000  0.04%  15.4 1939s
 1564415 421348     cutoff  124      32000.0000 32012.0000  0.04%  15.4 1945s
 1578528 423020 32004.8437  164   27 32000.0000 32012.0000  0.04%  15.4 1951s
 1583816 424261 32011.6291  113   31 32000.0000 32012.0000  0.04%  15.4 1957s
 1585990 424842 32011.3551  146   24 32000.0000 32012.0000  0.04%  15.3 1960s
 1590883 425581 32012.0000  142    6 32000.0000 32012.0000  0.04%  15.3 1967s
 1594448 426561 32010.7155  143   31 32000.0000 32012.0000  0.04%  15.3 1971s
 1598869 427111 32011.2253  153   28 32000.0000 32012.0000  0.04%  15.3 1978s
 1600095 427505 32011.9494  149   29 32000.0000 32012.0000  0.04%  15.3 1980s
 1606580 428739 32012.0000  146    9 32000.0000 32012.0000  0.04%  15.3 1988s
 1607652 429392 32008.9431  135   26 32000.0000 32012.0000  0.04%  15.3 1990s
 1614357 430991     cutoff  143      32000.0000 32012.0000  0.04%  15.3 1996s
 1618180 431796 32005.9166  145   33 32000.0000 32012.0000  0.04%  15.3 2000s
 1622787 432787     cutoff  150      32000.0000 32012.0000  0.04%  15.3 2007s
 1626492 433815 32012.0000  137    7 32000.0000 32012.0000  0.04%  15.3 2010s
 1628590 433870 32005.0000  144    8 32000.0000 32012.0000  0.04%  15.3 2020s
 1631111 434843     cutoff  142      32000.0000 32012.0000  0.04%  15.3 2026s
 1634987 435856 32008.1765  152   17 32000.0000 32012.0000  0.04%  15.3 2030s
 1639173 436877     cutoff  153      32000.0000 32012.0000  0.04%  15.3 2036s
 1645847 438355     cutoff  151      32000.0000 32012.0000  0.04%  15.2 2041s
 1647747 438380 32009.6176  152   22 32000.0000 32012.0000  0.04%  15.2 2052s
 1649865 439079     cutoff  138      32000.0000 32012.0000  0.04%  15.2 2055s
 1653939 439826 32011.3977  156   27 32000.0000 32012.0000  0.04%  15.2 2061s
 1660077 441092 32002.0000  148    6 32000.0000 32012.0000  0.04%  15.2 2065s
 1665679 442016 32009.0119  149   29 32000.0000 32012.0000  0.04%  15.2 2071s
 1669560 442548     cutoff  154      32000.0000 32012.0000  0.04%  15.2 2076s
 1675226 443899     cutoff  160      32000.0000 32012.0000  0.04%  15.2 2081s
 1677771 444195 32011.9888  143   35 32000.0000 32012.0000  0.04%  15.2 2085s
 1683925 445596     cutoff  148      32000.0000 32012.0000  0.04%  15.2 2091s
 1689836 446842 32012.0000  137    9 32000.0000 32012.0000  0.04%  15.2 2096s
 1693340 447651 32002.0000  168   18 32000.0000 32012.0000  0.04%  15.2 2101s
 1699651 448702 32012.0000  151    7 32000.0000 32012.0000  0.04%  15.2 2107s
 1703230 449933     cutoff  164      32000.0000 32012.0000  0.04%  15.2 2110s
 1707518 450590     cutoff  145      32000.0000 32012.0000  0.04%  15.2 2117s
 1708353 450651 32010.8240  141   18 32000.0000 32012.0000  0.04%  15.2 2128s
 1708788 451133 32004.0000  142    6 32000.0000 32012.0000  0.04%  15.2 2130s
 1713341 451841     cutoff  143      32000.0000 32012.0000  0.04%  15.2 2135s
 1721069 453539 32004.4943  131   26 32000.0000 32012.0000  0.04%  15.2 2144s
 1722658 453939 32012.0000  141    8 32000.0000 32012.0000  0.04%  15.2 2145s
 1728894 455151     cutoff  158      32000.0000 32012.0000  0.04%  15.2 2152s
 1732686 455922 32008.6667  163   30 32000.0000 32012.0000  0.04%  15.2 2155s
 1737125 456675     cutoff  139      32000.0000 32012.0000  0.04%  15.2 2160s
 1744833 458362 32012.0000  134    8 32000.0000 32012.0000  0.04%  15.1 2169s
 1746304 458920 32012.0000  142    8 32000.0000 32012.0000  0.04%  15.1 2170s
 1753007 460370 32004.7732  154   28 32000.0000 32012.0000  0.04%  15.1 2176s
 1758301 461608 32009.9627  153   34 32000.0000 32012.0000  0.04%  15.1 2180s
 1761492 462277 32005.0000  151   10 32000.0000 32012.0000  0.04%  15.1 2185s
 1767617 463833 32005.8398  146   28 32000.0000 32012.0000  0.04%  15.1 2193s
 1769476 464547 32007.9359  146   21 32000.0000 32012.0000  0.04%  15.1 2195s
 1774604 465282     cutoff  165      32000.0000 32012.0000  0.04%  15.1 2200s
 1782450 466243 32004.0000  159    6 32000.0000 32012.0000  0.04%  15.1 2214s
 1783120 466533 32004.0000  160    6 32000.0000 32012.0000  0.04%  15.1 2215s
 1790182 467559 32005.5000  163   25 32000.0000 32012.0000  0.04%  15.1 2222s
 1793647 468339 32006.4844  147   27 32000.0000 32012.0000  0.04%  15.1 2225s
 1797623 468808 32002.0000  160    8 32000.0000 32012.0000  0.04%  15.1 2230s
 1802858 469367 32002.0000  163    7 32000.0000 32012.0000  0.04%  15.1 2251s
 1804736 469785     cutoff  164      32000.0000 32012.0000  0.04%  15.1 2255s
 1812298 470933 32012.0000  145    7 32000.0000 32012.0000  0.04%  15.1 2264s
 1813376 471161 32012.0000  145    7 32000.0000 32012.0000  0.04%  15.1 2265s
 1820160 471981 32010.5889  154   19 32000.0000 32012.0000  0.04%  15.0 2271s
 1825506 473100 32012.0000  140   12 32000.0000 32012.0000  0.04%  15.0 2275s
 1828092 473218     cutoff  169      32000.0000 32012.0000  0.04%  15.0 2282s
 1831590 474075 32005.0482  142   21 32000.0000 32012.0000  0.04%  15.0 2285s
 1837547 475477 32011.9894  153   40 32000.0000 32012.0000  0.04%  15.0 2291s
 1841533 475942 32009.8151  140   26 32000.0000 32012.0000  0.04%  15.0 2298s
 1844079 476705 32011.9734  158   25 32000.0000 32012.0000  0.04%  15.0 2300s
 1848483 477278 32004.0000  143    7 32000.0000 32012.0000  0.04%  15.0 2305s
 1856033 478584     cutoff  154      32000.0000 32012.0000  0.04%  15.0 2313s
 1859242 479348     cutoff  156      32000.0000 32012.0000  0.04%  15.0 2316s
 1863279 479925     cutoff  148      32000.0000 32012.0000  0.04%  15.0 2323s
 1864629 480677     cutoff  155      32000.0000 32012.0000  0.04%  15.0 2326s
 1871033 481203 infeasible  146      32000.0000 32012.0000  0.04%  15.0 2330s
 1878320 482288 32004.0000  163   14 32000.0000 32012.0000  0.04%  15.0 2338s
 1879908 482631 32004.0000  152   11 32000.0000 32012.0000  0.04%  15.0 2340s
 1886071 483621 32009.0067  152   23 32000.0000 32012.0000  0.04%  15.0 2346s
 1893986 485655     cutoff  168      32000.0000 32012.0000  0.04%  15.0 2355s
 1901198 487250     cutoff  145      32000.0000 32012.0000  0.04%  15.0 2363s
 1905837 488196 32008.1765  159   24 32000.0000 32012.0000  0.04%  15.0 2365s
 1908082 488620 32009.0813  147   23 32000.0000 32012.0000  0.04%  15.0 2371s
 1913897 490030 32005.0000  138   10 32000.0000 32012.0000  0.04%  15.0 2375s
 1917826 490871     cutoff  152      32000.0000 32012.0000  0.04%  15.0 2380s
 1924498 492299 32012.0000  134   10 32000.0000 32012.0000  0.04%  14.9 2387s
 1929442 493329 32004.0000  150   15 32000.0000 32012.0000  0.04%  14.9 2390s
 1932295 493942 32005.0000  159    7 32000.0000 32012.0000  0.04%  14.9 2395s
 1936121 494450     cutoff  140      32000.0000 32012.0000  0.04%  14.9 2402s
 1939194 495248 32009.0000  137    8 32000.0000 32012.0000  0.04%  14.9 2408s
 1940436 496032 32008.1765  143   22 32000.0000 32012.0000  0.04%  14.9 2411s
 1946980 496653     cutoff  164      32000.0000 32012.0000  0.04%  14.9 2417s
 1952708 498142 32010.2851  151   33 32000.0000 32012.0000  0.04%  14.9 2421s
 1955079 498433     cutoff  154      32000.0000 32012.0000  0.04%  14.9 2425s
 1962845 500542     cutoff  152      32000.0000 32012.0000  0.04%  14.9 2437s
 1965475 501477     cutoff  132      32000.0000 32012.0000  0.04%  14.9 2450s
 1968497 502943     cutoff  133      32000.0000 32012.0000  0.04%  14.9 2456s
 1972820 504263 infeasible  147      32000.0000 32012.0000  0.04%  14.9 2460s
 1977175 505532 32006.3159  135   26 32000.0000 32012.0000  0.04%  14.9 2465s
 1983878 507315 32011.6389  151   32 32000.0000 32012.0000  0.04%  14.9 2472s
 1987880 508822     cutoff  131      32000.0000 32012.0000  0.04%  14.9 2475s
 1992060 509608 32002.0000  133   11 32000.0000 32012.0000  0.04%  14.9 2482s
 1994616 510934 32009.8401  134   25 32000.0000 32012.0000  0.04%  14.9 2485s
 1998864 511905 32011.9639  130   23 32000.0000 32012.0000  0.04%  14.9 2490s
 2006366 513958 32012.0000  147   10 32000.0000 32012.0000  0.04%  14.9 2499s
 2007749 514503 32012.0000  151    6 32000.0000 32012.0000  0.04%  14.9 2500s
 2013578 515673 32012.0000  139   10 32000.0000 32012.0000  0.04%  14.9 2506s
 2019470 517145 32002.0000  156   12 32000.0000 32012.0000  0.04%  14.9 2510s
 2021251 517188     cutoff  141      32000.0000 32012.0000  0.04%  14.9 2522s
 2025357 519083 32002.0748  128   26 32000.0000 32012.0000  0.04%  14.9 2525s
 2029068 520237     cutoff  174      32000.0000 32012.0000  0.04%  14.9 2530s
 2036002 521992 32002.0000  148   11 32000.0000 32012.0000  0.04%  14.9 2536s
 2043430 524222 32011.6832  169   22 32000.0000 32012.0000  0.04%  14.9 2541s
 2048840 525793 32011.9803  150   35 32000.0000 32012.0000  0.04%  14.9 2546s
 2050760 526028 32004.0000  149   10 32000.0000 32012.0000  0.04%  14.9 2550s
 2058108 528187 32004.6008  161   17 32000.0000 32012.0000  0.04%  14.9 2557s
 2063176 529338 32004.0000  152   11 32000.0000 32012.0000  0.04%  14.9 2560s
 2065033 529382     cutoff  158      32000.0000 32012.0000  0.04%  14.9 2573s
 2067000 530453 32001.4268  157   17 32000.0000 32012.0000  0.04%  14.9 2576s
 2071228 531672 32001.4397  128   28 32000.0000 32012.0000  0.04%  14.9 2581s
 2073244 531734 32012.0000  136    7 32000.0000 32012.0000  0.04%  14.9 2588s
 2073640 532310 32012.0000  137    8 32000.0000 32012.0000  0.04%  14.9 2590s
 2079110 533256     cutoff  147      32000.0000 32012.0000  0.04%  14.9 2596s
 2084823 534927 32004.3333  141   27 32000.0000 32012.0000  0.04%  14.9 2601s
 2089270 536219 32002.0000  164   14 32000.0000 32012.0000  0.04%  14.9 2605s
 2092441 537116     cutoff  158      32000.0000 32012.0000  0.04%  14.9 2610s
 2098501 538588 32012.0000  131    9 32000.0000 32012.0000  0.04%  14.9 2615s
 2100675 538672 32011.3139  139   29 32000.0000 32012.0000  0.04%  14.9 2622s
 2102868 539763 32002.0000  137   12 32000.0000 32012.0000  0.04%  14.9 2627s
 2109616 541767 32012.0000  130    9 32000.0000 32012.0000  0.04%  14.9 2631s
 2111658 542238     cutoff  164      32000.0000 32012.0000  0.04%  14.9 2635s
 2119403 544840     cutoff  189      32000.0000 32012.0000  0.04%  14.9 2641s
 2125468 546405 32012.0000  155    8 32000.0000 32012.0000  0.04%  14.9 2646s
 2127552 546823 32008.8519  162   25 32000.0000 32012.0000  0.04%  14.9 2650s
 2133730 548564 32010.8879  157   20 32000.0000 32012.0000  0.04%  14.9 2655s
 2137307 549411 32012.0000  149   10 32000.0000 32012.0000  0.04%  14.9 2660s
 2141409 550005     cutoff  159      32000.0000 32012.0000  0.04%  14.9 2670s
 2144251 550842 32011.9517  158   29 32000.0000 32012.0000  0.04%  14.9 2677s
 2149433 552520 32004.6667  170   22 32000.0000 32012.0000  0.04%  14.9 2681s
 2151673 552850 32012.0000  148    5 32000.0000 32012.0000  0.04%  14.8 2686s
 2157522 554534 32011.7629  158   22 32000.0000 32012.0000  0.04%  14.8 2690s
 2161146 555303     cutoff  173      32000.0000 32012.0000  0.04%  14.8 2695s
 2165461 556088 32006.3747  159   29 32000.0000 32012.0000  0.04%  14.8 2703s
 2166527 556432 32004.0000  148    9 32000.0000 32012.0000  0.04%  14.8 2708s
 2168059 557150 32008.7328  149   32 32000.0000 32012.0000  0.04%  14.8 2710s
 2173574 558171 32012.0000  162   11 32000.0000 32012.0000  0.04%  14.8 2716s
 2179736 559454 32011.4482  152   28 32000.0000 32012.0000  0.04%  14.8 2720s
 2181545 559790 32009.2195  128   22 32000.0000 32012.0000  0.04%  14.8 2725s
 2188348 561046 32012.0000  151   12 32000.0000 32012.0000  0.04%  14.8 2733s
 2192110 561800 32004.0000  169   10 32000.0000 32012.0000  0.04%  14.8 2735s
 2196138 562336     cutoff  169      32000.0000 32012.0000  0.04%  14.8 2746s
 2200537 563480     cutoff  143      32000.0000 32012.0000  0.04%  14.8 2751s
 2202851 563556 32004.0000  167   10 32000.0000 32012.0000  0.04%  14.8 2759s
 2203408 564127 32005.0000  160   14 32000.0000 32012.0000  0.04%  14.8 2761s
 2207977 565094     cutoff  172      32000.0000 32012.0000  0.04%  14.8 2765s
 2214763 567243     cutoff  166      32000.0000 32012.0000  0.04%  14.8 2771s
 2219112 568244     cutoff  167      32000.0000 32012.0000  0.04%  14.8 2777s
 2225968 569715 32003.9837  169   20 32000.0000 32012.0000  0.04%  14.8 2784s
 2227498 570163 32011.8444  140   28 32000.0000 32012.0000  0.04%  14.8 2785s
 2233786 571339     cutoff  168      32000.0000 32012.0000  0.04%  14.8 2792s
 2237521 572202 32004.0000  161   13 32000.0000 32012.0000  0.04%  14.8 2795s
 2243389 573037     cutoff  150      32000.0000 32012.0000  0.04%  14.8 2800s
 2247300 573446     cutoff  170      32000.0000 32012.0000  0.04%  14.8 2807s
 2250001 573970 32006.4278  166   29 32000.0000 32012.0000  0.04%  14.8 2813s
 2250908 574385 32012.0000  148   10 32000.0000 32012.0000  0.04%  14.8 2815s
 2257999 575603 32011.8732  159   31 32000.0000 32012.0000  0.04%  14.8 2823s
 2261024 576314 32009.6030  150   13 32000.0000 32012.0000  0.04%  14.8 2826s
 2265453 577222     cutoff  160      32000.0000 32012.0000  0.04%  14.8 2832s
 2269275 578139 32002.0000  169   11 32000.0000 32012.0000  0.04%  14.8 2835s
 2273510 578915 32006.0000  161   27 32000.0000 32012.0000  0.04%  14.8 2841s
 2277729 579340 32012.0000  152   10 32000.0000 32012.0000  0.04%  14.8 2847s
 2280679 580054 32010.2583  165   34 32000.0000 32012.0000  0.04%  14.8 2853s
 2282316 580673     cutoff  173      32000.0000 32012.0000  0.04%  14.8 2855s
 2287314 581464 32002.0000  166   12 32000.0000 32012.0000  0.04%  14.8 2860s
 2295770 583468 32011.3731  154   28 32000.0000 32012.0000  0.04%  14.8 2869s
 2297077 583899 32002.0000  166    8 32000.0000 32012.0000  0.04%  14.8 2870s
 2302312 584509     cutoff  163      32000.0000 32012.0000  0.04%  14.8 2890s
 2308365 585818 32004.9302  154   25 32000.0000 32012.0000  0.04%  14.8 2898s
 2309869 586153 32006.0000  155   25 32000.0000 32012.0000  0.04%  14.8 2900s
 2316109 586909     cutoff  166      32000.0000 32012.0000  0.04%  14.8 2910s
 2321045 588169     cutoff  168      32000.0000 32012.0000  0.04%  14.8 2915s
 2324866 588932     cutoff  155      32000.0000 32012.0000  0.04%  14.8 2920s
 2331260 589986     cutoff  147      32000.0000 32012.0000  0.04%  14.8 2927s
 2334948 590844 32002.0000  161   10 32000.0000 32012.0000  0.04%  14.8 2931s
 2338623 591801 32008.1765  156   23 32000.0000 32012.0000  0.04%  14.8 2936s
 2344544 593225 32004.0000  158   10 32000.0000 32012.0000  0.04%  14.8 2940s
 2350695 594149 32004.0000  162    5 32000.0000 32012.0000  0.04%  14.8 2945s
 2352152 594249 32004.0000  152    8 32000.0000 32012.0000  0.04%  14.8 2952s
 2352879 594686     cutoff  153      32000.0000 32012.0000  0.04%  14.8 2956s
 2359734 596534 32004.0000  147   11 32000.0000 32012.0000  0.04%  14.8 2960s
 2362055 596944 32012.0000  154   14 32000.0000 32012.0000  0.04%  14.8 2965s
 2367937 598623 32011.2741  146   22 32000.0000 32012.0000  0.04%  14.7 2970s
 2371863 599461 32005.0000  160    8 32000.0000 32012.0000  0.04%  14.7 2975s
 2377482 600725 32003.8200  145   26 32000.0000 32012.0000  0.04%  14.7 2981s
 2383246 602054     cutoff  198      32000.0000 32012.0000  0.04%  14.7 2985s
 2386623 602954     cutoff  160      32000.0000 32012.0000  0.04%  14.7 2991s
 2392519 603985 32004.0000  148   12 32000.0000 32012.0000  0.04%  14.7 3006s
 2392863 604163 32009.7167  144   25 32000.0000 32012.0000  0.04%  14.7 3013s
 2393536 604707 32008.7134  153   36 32000.0000 32012.0000  0.04%  14.7 3015s
 2398189 605622 32006.0000  133   30 32000.0000 32012.0000  0.04%  14.7 3020s
 2404598 607123 32006.6904  162   33 32000.0000 32012.0000  0.04%  14.7 3025s
 2406781 607483 32010.1310  152   29 32000.0000 32012.0000  0.04%  14.7 3031s
 2412500 609569 32001.1818  156   27 32000.0000 32012.0000  0.04%  14.7 3035s
 2416462 610504 32004.0000  150    7 32000.0000 32012.0000  0.04%  14.7 3040s
 2422890 611761 32009.7134  157   33 32000.0000 32012.0000  0.04%  14.7 3047s
 2429365 612947 32006.1500  166   20 32000.0000 32012.0000  0.04%  14.7 3050s
 2431350 613149 32004.0000  163    9 32000.0000 32012.0000  0.04%  14.7 3055s
 2438579 614270     cutoff  148      32000.0000 32012.0000  0.04%  14.7 3069s
 2438776 614557 32004.9302  149   23 32000.0000 32012.0000  0.04%  14.7 3070s
 2444848 615850 32010.6443  172   31 32000.0000 32012.0000  0.04%  14.7 3077s
 2448340 616544 32004.0000  160   12 32000.0000 32012.0000  0.04%  14.7 3080s
 2452417 617163     cutoff  160      32000.0000 32012.0000  0.04%  14.7 3085s
 2459555 618433     cutoff  176      32000.0000 32012.0000  0.04%  14.7 3093s
 2461139 618888 32002.0000  182   10 32000.0000 32012.0000  0.04%  14.7 3095s
 2467223 619916 32011.8757  148   22 32000.0000 32012.0000  0.04%  14.7 3103s
 2470447 620476     cutoff  158      32000.0000 32012.0000  0.04%  14.7 3114s
 2471018 620942     cutoff  159      32000.0000 32012.0000  0.04%  14.7 3115s
 2475115 621979 32004.0000  159   15 32000.0000 32012.0000  0.04%  14.7 3120s
 2481915 623287 32012.0000  156   10 32000.0000 32012.0000  0.04%  14.7 3127s
 2487517 624464 32004.0000  139    9 32000.0000 32012.0000  0.04%  14.7 3131s
 2489430 624772 32011.8900  135   21 32000.0000 32012.0000  0.04%  14.7 3136s
 2494684 626132 32012.0000  153   11 32000.0000 32012.0000  0.04%  14.7 3140s
 2502321 628154     cutoff  130      32000.0000 32012.0000  0.04%  14.7 3145s
 2511767 630943 32012.0000   80   10 32000.0000 32012.0000  0.04%  14.7 3152s
 2514813 631697 32011.7285  158   11 32000.0000 32012.0000  0.04%  14.7 3160s
 2519251 634130 32008.4310   83   37 32000.0000 32012.0000  0.04%  14.7 3166s
 2526867 637960 32004.0000   94    9 32000.0000 32012.0000  0.04%  14.7 3174s
 2528276 639279 32008.8244  112   19 32000.0000 32012.0000  0.04%  14.7 3176s
 2535174 643008 32009.0000   92    9 32000.0000 32012.0000  0.04%  14.7 3182s
 2539717 645358 32002.0000  114   14 32000.0000 32012.0000  0.04%  14.7 3185s
 2543973 647429 32012.0000   96   11 32000.0000 32012.0000  0.04%  14.7 3190s
 2549716 650093 32002.0000  132   10 32000.0000 32012.0000  0.04%  14.7 3198s
 2550361 651045 32002.0000  133    9 32000.0000 32012.0000  0.04%  14.7 3200s
 2556602 654105 32002.0000  102   12 32000.0000 32012.0000  0.04%  14.7 3205s
 2558355 654740 32010.9895  113   34 32000.0000 32012.0000  0.04%  14.7 3210s
 2564083 658198 32002.0000  112   10 32000.0000 32012.0000  0.04%  14.7 3215s
 2570072 660984 32002.0000  139   12 32000.0000 32012.0000  0.04%  14.7 3221s
 2574488 662629 32007.6316  159   23 32000.0000 32012.0000  0.04%  14.7 3227s
 2578331 664701 32002.0000  121   10 32000.0000 32012.0000  0.04%  14.6 3230s
 2584082 666986 32002.0000  147   13 32000.0000 32012.0000  0.04%  14.6 3236s
 2588128 668901 32004.0000  122    8 32000.0000 32012.0000  0.04%  14.6 3240s
 2591579 671022 32004.0000  122   12 32000.0000 32012.0000  0.04%  14.6 3246s
 2597698 672900 32002.0000  134    9 32000.0000 32012.0000  0.04%  14.6 3252s
 2599836 673125 32011.8110  116   17 32000.0000 32012.0000  0.04%  14.6 3261s
 2602924 675252 32005.8095  108   20 32000.0000 32012.0000  0.04%  14.6 3265s
 2605172 675674 32002.0000  108    9 32000.0000 32012.0000  0.04%  14.6 3273s
 2606023 676696 32009.0000  113   12 32000.0000 32012.0000  0.04%  14.6 3275s
 2612404 679396 32004.0000  137    7 32000.0000 32012.0000  0.04%  14.6 3281s
 2618248 681959     cutoff  112      32000.0000 32012.0000  0.04%  14.6 3286s
 2622052 683971 32009.0000  109    9 32000.0000 32012.0000  0.04%  14.6 3291s
 2626071 685732 32009.0000  108    6 32000.0000 32012.0000  0.04%  14.6 3295s
 2629847 687329 32002.0000  122    9 32000.0000 32012.0000  0.04%  14.6 3300s
 2634658 689078 32011.8463  105   36 32000.0000 32012.0000  0.04%  14.6 3307s
 2638819 691464 32002.0000  144   12 32000.0000 32012.0000  0.04%  14.6 3310s
 2643532 692959 32002.0000  120   10 32000.0000 32012.0000  0.04%  14.6 3316s
 2649407 695823 32002.0000  131   11 32000.0000 32012.0000  0.04%  14.6 3320s
 2651274 696280 32001.8126  128   26 32000.0000 32012.0000  0.04%  14.6 3325s
 2656675 698932 32010.5640  120   25 32000.0000 32012.0000  0.04%  14.6 3330s
 2659891 700839 32012.0000  105   12 32000.0000 32012.0000  0.04%  14.6 3335s
 2667072 703636 32001.7876  133   17 32000.0000 32012.0000  0.04%  14.6 3342s
 2670664 705524 32002.0000  119   12 32000.0000 32012.0000  0.04%  14.6 3345s
 2674943 707117     cutoff  122      32000.0000 32012.0000  0.04%  14.6 3351s
 2680852 709719 32002.0000  123    9 32000.0000 32012.0000  0.04%  14.6 3356s
 2682880 710297     cutoff  128      32000.0000 32012.0000  0.04%  14.6 3361s
 2684431 710817 32012.0000  104   14 32000.0000 32012.0000  0.04%  14.6 3374s
 2685384 713336 32012.0000  105   17 32000.0000 32012.0000  0.04%  14.6 3378s
 2691268 714220 32002.0000  134   10 32000.0000 32012.0000  0.04%  14.6 3382s
 2693458 715654 32002.0000  139    8 32000.0000 32012.0000  0.04%  14.6 3385s
 2699491 717423     cutoff  143      32000.0000 32012.0000  0.04%  14.6 3391s
 2705697 720449 32002.0000  130   10 32000.0000 32012.0000  0.04%  14.5 3396s
 2707733 720951 32002.0000  114    7 32000.0000 32012.0000  0.04%  14.5 3400s
 2715454 723983     cutoff  125      32000.0000 32012.0000  0.04%  14.5 3407s
 2719092 725954 32004.0000  138    8 32000.0000 32012.0000  0.04%  14.5 3411s
 2725425 728357 32002.0000  110    9 32000.0000 32012.0000  0.04%  14.5 3416s
 2729302 729596     cutoff  132      32000.0000 32012.0000  0.04%  14.5 3422s
 2732373 731316     cutoff  130      32000.0000 32012.0000  0.04%  14.5 3425s
 2736360 732393     cutoff  100      32000.0000 32012.0000  0.04%  14.5 3433s
 2736973 733461 32002.0000  127    9 32000.0000 32012.0000  0.04%  14.5 3435s
 2743369 735706     cutoff  111      32000.0000 32012.0000  0.04%  14.5 3441s
 2748892 738555 32012.0000   98   10 32000.0000 32012.0000  0.04%  14.5 3446s
 2752509 740213 32012.0000   95    9 32000.0000 32012.0000  0.04%  14.5 3450s
 2757398 741910 32011.8543  103   36 32000.0000 32012.0000  0.04%  14.5 3455s
 2765228 745123 32011.9899  152   31 32000.0000 32012.0000  0.04%  14.5 3464s
 2766274 746031 32007.8494  153   35 32000.0000 32012.0000  0.04%  14.5 3465s
 2772430 748462 32004.0000  113   13 32000.0000 32012.0000  0.04%  14.5 3471s
 2776638 750339 32002.0000  130   13 32000.0000 32012.0000  0.04%  14.5 3475s
 2780492 751717 32009.0000  127    9 32000.0000 32012.0000  0.04%  14.5 3481s
 2785573 754298     cutoff  102      32000.0000 32012.0000  0.04%  14.5 3486s
 2787460 754672 32002.9600  135   12 32000.0000 32012.0000  0.04%  14.5 3490s
 2790472 755748     cutoff  135      32000.0000 32012.0000  0.04%  14.5 3499s
 2791097 756609 32002.0000  118   12 32000.0000 32012.0000  0.04%  14.5 3501s
 2793473 757234     cutoff  118      32000.0000 32012.0000  0.04%  14.5 3506s
 2798885 759787 32012.0000   76   11 32000.0000 32012.0000  0.04%  14.5 3511s
 2801249 760582 32012.0000   87   11 32000.0000 32012.0000  0.04%  14.5 3515s
 2807468 763656 32012.0000   96   11 32000.0000 32012.0000  0.04%  14.5 3520s
 2810873 765432 32002.0000  106   11 32000.0000 32012.0000  0.04%  14.5 3526s
 2815957 767943 32003.8037   80   36 32000.0000 32012.0000  0.04%  14.5 3531s
 2821367 771923 32012.0000   88    8 32000.0000 32012.0000  0.04%  14.5 3536s
 2824531 773668 32011.7947  123   30 32000.0000 32012.0000  0.04%  14.5 3541s
 2830786 776966 32006.0000  135   10 32000.0000 32012.0000  0.04%  14.4 3548s
 2832407 777965 32003.6503  128   34 32000.0000 32012.0000  0.04%  14.4 3550s
 2838707 780548 32012.0000   87    9 32000.0000 32012.0000  0.04%  14.4 3555s
 2844082 783535     cutoff  131      32000.0000 32012.0000  0.04%  14.4 3560s
 2845998 784351 32009.0000  105    8 32000.0000 32012.0000  0.04%  14.4 3565s
 2851737 787866 32012.0000  118   12 32000.0000 32012.0000  0.04%  14.4 3570s
 2855520 789772 32012.0000  123   10 32000.0000 32012.0000  0.04%  14.4 3576s
 2857924 790015     cutoff  118      32000.0000 32012.0000  0.04%  14.4 3588s
 2858394 790997 32004.0000  116    8 32000.0000 32012.0000  0.04%  14.4 3591s
 2862389 793280 32012.0000  157    8 32000.0000 32012.0000  0.04%  14.4 3597s
 2867408 794346     cutoff  128      32000.0000 32012.0000  0.04%  14.4 3600s

Cutting planes:
  Gomory: 7
  Cover: 653
  Clique: 1
  MIR: 24
  StrongCG: 17
  Flow cover: 5
  Inf proof: 4
  Zero half: 2
  RLT: 3

Explored 2867609 nodes (41341025 simplex iterations) in 3600.19 seconds
Thread count was 12 (of 12 available processors)

Solution count 10: 32000 31997 31996 ... 31976

Time limit reached
Best objective 3.200000000000e+04, best bound 3.201200000000e+04, gap 0.0375%
