
Gurobi 9.1.2 (win64, Java) logging started Fri Nov 12 01:20:07 2021

Academic license - for non-commercial use only - expires 2022-10-30
Gurobi Optimizer version 9.1.2 build v9.1.2rc0 (win64)
Thread count: 6 physical cores, 12 logical processors, using up to 12 threads
Optimize a model with 50 rows, 400 columns and 800 nonzeros
Model fingerprint: 0x6a30a396
Variable types: 0 continuous, 400 integer (400 binary)
Coefficient statistics:
  Matrix range     [1e+00, 1e+03]
  Objective range  [2e+02, 9e+02]
  Bounds range     [1e+00, 1e+00]
  RHS range        [1e+00, 2e+03]
Found heuristic solution: objective 10850.000000
Presolve removed 1 rows and 156 columns
Presolve time: 0.00s
Presolved: 49 rows, 244 columns, 488 nonzeros
Variable types: 0 continuous, 244 integer (244 binary)
Presolved: 49 rows, 244 columns, 488 nonzeros


Root relaxation: objective 1.278431e+04, 77 iterations, 0.00 seconds

    Nodes    |    Current Node    |     Objective Bounds      |     Work
 Expl Unexpl |  Obj  Depth IntInf | Incumbent    BestBd   Gap | It/Node Time

     0     0 12784.3067    0   11 10850.0000 12784.3067  17.8%     -    0s
H    0     0                    12309.000000 12784.3067  3.86%     -    0s
H    0     0                    12445.000000 12784.3067  2.73%     -    0s
     0     0 12772.3461    0   17 12445.0000 12772.3461  2.63%     -    0s
H    0     0                    12505.000000 12772.3461  2.14%     -    0s
     0     0 12772.3461    0   17 12505.0000 12772.3461  2.14%     -    0s
     0     0 12765.3644    0   23 12505.0000 12765.3644  2.08%     -    0s
     0     0 12765.1626    0   14 12505.0000 12765.1626  2.08%     -    0s
     0     0 12765.1626    0   14 12505.0000 12765.1626  2.08%     -    0s
     0     0 12764.8323    0   11 12505.0000 12764.8323  2.08%     -    0s
H    0     0                    12585.000000 12764.8323  1.43%     -    0s
     0     0 12764.8323    0    9 12585.0000 12764.8323  1.43%     -    0s
     0     0 12764.8323    0   10 12585.0000 12764.8323  1.43%     -    0s
     0     0 12764.8323    0    7 12585.0000 12764.8323  1.43%     -    0s
     0     2 12764.8323    0    7 12585.0000 12764.8323  1.43%     -    0s
H   31    44                    12607.000000 12764.8323  1.25%   8.4    0s
H   74    81                    12631.000000 12764.8323  1.06%   6.8    1s
H  165   209                    12664.000000 12764.8323  0.80%   6.2    1s
H  166   209                    12724.000000 12764.8323  0.32%   6.2    1s
 13738  5130 12747.0000   48   12 12724.0000 12747.5096  0.18%   7.2    5s
 36581 10457 12742.1114   55    7 12724.0000 12747.4752  0.18%  15.1   10s
 47404 11628 12734.9059   63   33 12724.0000 12747.4752  0.18%  15.8   15s
 55002 12477 12730.0587   64   24 12724.0000 12747.4752  0.18%  17.0   21s
 72070  9371     cutoff   52      12724.0000 12747.0050  0.18%  18.7   25s
 87303 11680 12730.3540   55   21 12724.0000 12745.3313  0.17%  20.1   30s
 100977 13944 12742.7356   58   34 12724.0000 12744.5742  0.16%  20.7   35s
 109813 14828     cutoff   54      12724.0000 12744.1805  0.16%  21.0   40s
 124155 14971 12740.6543   55   44 12724.0000 12742.5283  0.15%  21.4   45s
 134549 15345 12741.3842   46   29 12724.0000 12741.6154  0.14%  21.9   50s
 145232 16113 12734.0000   72   35 12724.0000 12740.3797  0.13%  22.3   55s
 155926 17793 12739.0657   50   32 12724.0000 12739.3711  0.12%  22.7   60s
 166745 19396     cutoff   56      12724.0000 12739.1342  0.12%  23.0   65s
 175367 20068 12736.4669   43   43 12724.0000 12738.6886  0.12%  23.3   70s
 187298 21579     cutoff   61      12724.0000 12738.1095  0.11%  23.4   75s
 197155 22300 12737.7812   47   43 12724.0000 12737.8365  0.11%  23.6   80s
 210376 22981 12737.2198   50   43 12724.0000 12737.3972  0.11%  23.6   85s
 220894 22909 12729.3608   57   39 12724.0000 12736.9391  0.10%  23.6   90s
 229686 22763     cutoff   65      12724.0000 12736.5874  0.10%  23.6   95s
 242823 21529 12735.9551   52   31 12724.0000 12735.9849  0.09%  23.6  100s
 249170 21572     cutoff   49      12724.0000 12735.9334  0.09%  23.7  105s
 259158 21049 12734.7269   59   28 12724.0000 12735.6140  0.09%  23.7  110s
 268083 20715 12728.5440   55   20 12724.0000 12735.3327  0.09%  23.7  115s
 277467 20297 12730.5867   61   38 12724.0000 12735.1216  0.09%  23.7  120s
 290065 19169     cutoff   56      12724.0000 12734.4983  0.08%  23.6  125s
 299013 18520     cutoff   60      12724.0000 12734.2733  0.08%  23.7  130s
 308905 18138     cutoff   55      12724.0000 12734.0896  0.08%  23.7  135s
 320119 16959 12727.9686   56   31 12724.0000 12733.6341  0.08%  23.7  140s
 330460 15371 12732.7023   61   37 12724.0000 12733.3195  0.07%  23.7  145s
 341072 13051     cutoff   61      12724.0000 12732.5575  0.07%  23.7  150s
 353481 10079 12729.0632   59   30 12724.0000 12731.2489  0.06%  23.6  155s
 362647  7597     cutoff   60      12724.0000 12730.5837  0.05%  23.7  160s
 379001  2826 12727.1588   59   35 12724.0000 12727.1588  0.02%  23.5  166s

Cutting planes:
  Gomory: 20
  Cover: 906
  MIR: 91
  StrongCG: 79
  Flow cover: 14
  Inf proof: 1
  Zero half: 1
  RLT: 1

Explored 390068 nodes (9166026 simplex iterations) in 169.78 seconds
Thread count was 12 (of 12 available processors)

Solution count 9: 12724 12664 12631 ... 10850

Optimal solution found (tolerance 1.00e-12)
Best objective 1.272400000000e+04, best bound 1.272400000000e+04, gap 0.0000%
