
Gurobi 9.1.2 (win64, Java) logging started Tue Nov  9 03:57:21 2021

Academic license - for non-commercial use only - expires 2022-10-30
Gurobi Optimizer version 9.1.2 build v9.1.2rc0 (win64)
Thread count: 6 physical cores, 12 logical processors, using up to 12 threads
Optimize a model with 110 rows, 1000 columns and 2000 nonzeros
Model fingerprint: 0xd96a67ac
Variable types: 0 continuous, 1000 integer (1000 binary)
Coefficient statistics:
  Matrix range     [1e+00, 1e+03]
  Objective range  [1e+01, 1e+03]
  Bounds range     [1e+00, 1e+00]
  RHS range        [1e+00, 3e+03]
Found heuristic solution: objective 25709.000000
Presolve time: 0.02s
Presolved: 110 rows, 1000 columns, 2000 nonzeros
Variable types: 0 continuous, 1000 integer (1000 binary)
Presolved: 110 rows, 1000 columns, 2000 nonzeros


Root relaxation: objective 2.796521e+04, 231 iterations, 0.00 seconds

    Nodes    |    Current Node    |     Objective Bounds      |     Work
 Expl Unexpl |  Obj  Depth IntInf | Incumbent    BestBd   Gap | It/Node Time

     0     0 27965.2083    0   10 25709.0000 27965.2083  8.78%     -    0s
H    0     0                    27706.000000 27965.2083  0.94%     -    0s
     0     0 27961.5346    0   19 27706.0000 27961.5346  0.92%     -    3s
H    0     0                    27845.000000 27961.5346  0.42%     -    4s
     0     0 27961.5346    0   24 27845.0000 27961.5346  0.42%     -    4s
     0     0 27960.7973    0   25 27845.0000 27960.7973  0.42%     -    4s
     0     0 27960.7973    0   23 27845.0000 27960.7973  0.42%     -    4s
     0     0 27960.7973    0   25 27845.0000 27960.7973  0.42%     -    5s
     0     0 27960.7973    0   14 27845.0000 27960.7973  0.42%     -    5s
     0     2 27960.7973    0   13 27845.0000 27960.7973  0.42%     -    6s
   710   713 27958.1367   92   14 27845.0000 27960.7973  0.42%   7.3   13s
H  716   712                    27851.000033 27960.7973  0.39%   7.3   13s
  2172  2208 27937.0979   98   17 27851.0000 27960.7973  0.39%   5.4   18s
  2528  2211 27951.9561   88   15 27851.0000 27960.0337  0.39%   5.1   21s
  2534  2215 27957.8814   70   15 27851.0000 27960.0040  0.39%   5.0   25s
H 2538  2106                    27872.000000 27960.0040  0.32%   5.0   26s
  2552  2116 27960.0040   28   13 27872.0000 27960.0040  0.32%   6.6   30s
  2562  2123 27949.5017   92   18 27872.0000 27960.0040  0.32%   6.6   35s
H 2570  2023                    27877.000000 27960.0040  0.30%   8.1   41s
  2885  2472 27959.8985   47   17 27877.0000 27959.8985  0.30%   7.7   45s
  4595  3396 27958.9924  117   16 27877.0000 27959.8985  0.30%   6.0   56s
H 6545  4398                    27884.000000 27959.8985  0.27%   5.3   64s
 11526  9513 27951.8486  127   17 27884.0000 27959.8985  0.27%   4.2   65s
 23271 18763 27940.6021  143   16 27884.0000 27959.8985  0.27%   3.3   73s
 37459 31728 27942.0000  464   14 27884.0000 27959.8764  0.27%   2.9   76s
 37464 31731 27951.1969  108   15 27884.0000 27959.8764  0.27%   2.9   81s
 37467 31733 27902.5913  159   17 27884.0000 27959.5081  0.27%   2.9   85s
 37474 31738 27933.0000  127   16 27884.0000 27958.6057  0.27%   2.9   93s
 37476 31739 27924.1565  133   20 27884.0000 27958.6057  0.27%   2.9   95s
 37481 31743 27948.8651   96   36 27884.0000 27958.5241  0.27%   2.9  100s
 37484 31745 27916.1541  270   25 27884.0000 27958.5241  0.27%   2.9  105s
 37492 31751 27929.4057  142   17 27884.0000 27958.5241  0.27%   3.1  110s
 37498 31755 27942.0000  476   25 27884.0000 27958.5241  0.27%   3.1  115s
 37528 31787 27958.3748   63   21 27884.0000 27958.5241  0.27%   3.1  120s
 37599 31848 27958.5241   66   22 27884.0000 27958.5241  0.27%   3.1  125s
H37602 30258                    27886.000000 27958.5241  0.26%   3.1  125s
H40315 30834                    27911.000000 27958.4060  0.17%   3.1  129s
 40815 31590 27913.1071  225   15 27911.0000 27958.4060  0.17%   3.1  130s
 46578 34610 27938.8657  467   15 27911.0000 27958.4060  0.17%   3.1  137s
 53113 37723 27952.4024  324   19 27911.0000 27958.4060  0.17%   3.2  143s
 55161 38640 27937.7876  132   18 27911.0000 27958.4060  0.17%   3.2  145s
 55168 38645 27952.5728  254   26 27911.0000 27958.4060  0.17%   3.2  150s
 55171 38647 27932.2249  149   18 27911.0000 27958.4060  0.17%   3.2  155s
 55200 38679 27958.4060   73   21 27911.0000 27958.4060  0.17%   3.2  165s
 59122 41367 27955.4205  242   18 27911.0000 27958.4060  0.17%   3.2  175s
 59330 41470 27914.2274  242   17 27911.0000 27958.4060  0.17%   3.2  182s
 67324 47308 27958.4060   80   22 27911.0000 27958.4060  0.17%   3.3  185s
 104312 66757 27953.5323  159   18 27911.0000 27958.4060  0.17%   3.2  200s
 116973 73544 27948.2133  171   18 27911.0000 27958.4060  0.17%   3.2  209s
 116985 75556 27948.2133  172   18 27911.0000 27958.4060  0.17%   3.2  210s
 138981 86904 27956.4776  199   17 27911.0000 27958.4060  0.17%   3.1  215s
 142259 87259 27958.4060  181   18 27911.0000 27958.4060  0.17%   3.1  221s
 152489 93343 27958.4060  118   19 27911.0000 27958.4060  0.17%   3.1  225s
 154024 93728 27929.8250  231   18 27911.0000 27958.4060  0.17%   3.1  234s
 157415 95313 27957.5083  107   17 27911.0000 27958.4060  0.17%   3.1  238s
 163337 100136 27958.1829  190   21 27911.0000 27958.4060  0.17%   3.1  241s
 185402 114763 27944.3573  420   14 27911.0000 27958.4060  0.17%   3.2  248s
 185956 115563 27944.2456  433   14 27911.0000 27958.4060  0.17%   3.2  254s
 186802 117857 27930.5077  216   11 27911.0000 27958.4060  0.17%   3.2  255s
 195031 122800 27932.4238  196   18 27911.0000 27958.4060  0.17%   3.2  266s
 210773 137424 27953.7488  415   16 27911.0000 27958.4060  0.17%   3.3  270s
 229904 152585 27955.3545  218   17 27911.0000 27958.4060  0.17%   3.3  283s
 231772 155830 27957.8542  165   18 27911.0000 27958.4060  0.17%   3.3  285s
 237734 159330 27914.7217  147   12 27911.0000 27958.4060  0.17%   3.3  290s
H237735 150340                    27915.000000 27958.4060  0.16%   3.3  290s
 254469 166362 27957.5083  216   19 27915.0000 27958.4060  0.16%   3.4  295s
 256777 166368 27923.8718  299   19 27915.0000 27958.4060  0.16%   3.4  301s
 256781 166371 27931.8409  288   22 27915.0000 27958.4060  0.16%   3.4  306s
 256785 166374 27942.8696  193   27 27915.0000 27958.4060  0.16%   3.4  310s
 256814 166406 27958.4060   83   24 27915.0000 27958.4060  0.16%   3.4  315s
 256874 166446 27958.3748   85   18 27915.0000 27958.4060  0.16%   3.4  321s
 258449 168014 27946.6974  150   16 27915.0000 27958.4060  0.16%   3.4  325s
 265571 172816 27939.1088  454   17 27915.0000 27958.4060  0.16%   3.4  330s
 273579 176565 27942.0001  362   16 27915.0000 27958.4060  0.16%   3.3  336s
 290323 186526 27918.5844  204   18 27915.0000 27958.3748  0.16%   3.3  340s
 314064 198291 27949.8761  206   16 27915.0000 27958.3748  0.16%   3.3  345s
 324275 201239 27953.0826  249   17 27915.0000 27958.3748  0.16%   3.3  351s
 328508 203614 27920.0973  199   11 27915.0000 27958.3748  0.16%   3.3  355s
 334470 206888 27958.0244  152   26 27915.0000 27958.3748  0.16%   3.3  360s
 339361 207467 27957.6964  177   17 27915.0000 27958.3748  0.16%   3.3  365s
 340714 207159 27958.2434  201   15 27915.0000 27958.3748  0.16%   3.3  371s
 342464 207571 27918.4159  231   14 27915.0000 27958.3748  0.16%   3.3  391s
 349947 211782 27958.3748  167   29 27915.0000 27958.3748  0.16%   3.4  395s
 359720 215206 27920.1397  228   12 27915.0000 27958.3748  0.16%   3.4  400s
 371013 218710 27958.3748  177   22 27915.0000 27958.3748  0.16%   3.5  405s
 376733 221265 27919.2493  209   15 27915.0000 27958.3748  0.16%   3.5  410s
 382249 222173 27953.9695  203   19 27915.0000 27958.3748  0.16%   3.6  418s
 385199 223968     cutoff  272      27915.0000 27958.3748  0.16%   3.6  420s
 390681 226441 27955.6678  210   20 27915.0000 27958.3748  0.16%   3.6  426s
 397436 228753 27958.3748  127   21 27915.0000 27958.3748  0.16%   3.7  431s
 405219 230749 27955.4645  153   19 27915.0000 27958.3748  0.16%   3.7  450s
 406646 232729 27950.3643  334   17 27915.0000 27958.3748  0.16%   3.8  455s
 409687 234653 27927.2674  206   15 27915.0000 27958.3748  0.16%   3.8  461s
 412098 235193 27936.6057  254   13 27915.0000 27958.3748  0.16%   3.8  465s
 420005 238319 27940.4065  201   13 27915.0000 27958.3748  0.16%   3.8  471s
 423651 240364 27957.6637  202   13 27915.0000 27958.3748  0.16%   3.9  477s
 425576 241253 27918.1939  276   16 27915.0000 27958.3748  0.16%   3.9  480s
 431215 243591 27939.2687  199   13 27915.0000 27958.3748  0.16%   3.9  486s
 434764 245206 27931.0708  203   16 27915.0000 27958.3748  0.16%   4.0  492s
 438943 247341 27948.9569  192   24 27915.0000 27958.3748  0.16%   4.0  496s
 442746 248975 27958.3748  172   28 27915.0000 27958.3748  0.16%   4.0  501s
 446689 249070 27917.0161  233   14 27915.0000 27958.3748  0.16%   4.0  508s
 447080 257244     cutoff  234      27915.0000 27958.3748  0.16%   4.0  514s
 457764 254161 27929.2064  222   21 27915.0000 27958.3748  0.16%   4.1  525s
 464381 257492     cutoff  217      27915.0000 27958.3748  0.16%   4.2  531s
 469872 260082 27958.3748  181   35 27915.0000 27958.3748  0.16%   4.2  537s
 471665 260603 27943.1955  233   15 27915.0000 27958.3748  0.16%   4.3  540s
 474818 262476 27955.6678  262   27 27915.0000 27958.3748  0.16%   4.3  545s
 478848 263675 27918.0282  211   25 27915.0000 27958.3748  0.16%   4.3  552s
 482342 265066 27952.7986  190   16 27915.0000 27958.3748  0.16%   4.3  555s
 485708 266643 27951.9629  214   18 27915.0000 27958.3748  0.16%   4.4  562s
 487352 267757 27953.0000  216   17 27915.0000 27958.3748  0.16%   4.4  566s
 489404 267704 27927.9917  200   19 27915.0000 27958.3748  0.16%   4.4  572s
 492641 269450 27951.0345  200   21 27915.0000 27958.3748  0.16%   4.4  582s
 497107 272750 27949.3404  289   24 27915.0000 27958.3748  0.16%   4.4  585s
 499795 273016 27955.6211  217   23 27915.0000 27958.3748  0.16%   4.4  592s
 505345 275648 27941.9704  240   14 27915.0000 27958.3748  0.16%   4.4  596s
 507074 275082 27957.7267  153   18 27915.0000 27958.3748  0.16%   4.4  617s
 507088 276049 27957.7267  154   17 27915.0000 27958.3748  0.16%   4.4  620s
 511810 278787 27954.7339  186   18 27915.0000 27958.3748  0.16%   4.4  626s
 513894 278944 27956.0520  186   16 27915.0000 27958.3748  0.16%   4.4  630s
 519287 281881 27925.3146  180   11 27915.0000 27958.3748  0.16%   4.4  635s
 522670 283597 27958.3748  157   19 27915.0000 27958.3748  0.16%   4.4  640s
 526800 284850 27927.4034  159   20 27915.0000 27958.3748  0.16%   4.5  646s
 533013 287310 27946.1993  196   19 27915.0000 27958.3748  0.16%   4.5  652s
 534511 288106 27917.9358  196   26 27915.0000 27958.3748  0.16%   4.5  655s
 537663 289275     cutoff  342      27915.0000 27958.3748  0.16%   4.5  660s
 540548 290358 27920.7960  240   18 27915.0000 27958.3748  0.16%   4.5  665s
 546427 292539 27955.6918  180   20 27915.0000 27958.3748  0.16%   4.5  672s
 548501 293497 27957.0488  153   18 27915.0000 27958.3748  0.16%   4.5  675s
 552947 296138     cutoff  276      27915.0000 27958.3748  0.16%   4.5  680s
 557124 296588 27955.2595  220   13 27915.0000 27958.3748  0.16%   4.6  690s
 557480 306415 27955.2595  221   13 27915.0000 27958.3748  0.16%   4.6  699s
 563486 304413 27930.5055  271   13 27915.0000 27958.3748  0.16%   4.6  700s
 574199 304729 27958.3748  174   16 27915.0000 27958.3748  0.16%   4.6  715s
 580028 309065 27955.6918  200   16 27915.0000 27958.3748  0.16%   4.6  721s
 586462 311346 27937.6186  203   12 27915.0000 27958.3748  0.16%   4.6  725s
 590326 312913 27933.1364  251   19 27915.0000 27958.3748  0.16%   4.6  731s
 594610 313812 27945.6940  222   18 27915.0000 27958.3748  0.16%   4.6  735s
 596071 314449 27918.5282  224   12 27915.0000 27958.3748  0.16%   4.6  741s
 599772 315381 27942.7656  221   24 27915.0000 27958.3748  0.16%   4.6  747s
 603213 316398     cutoff  269      27915.0000 27958.3748  0.16%   4.7  754s
 604934 317074 27949.3187  204   35 27915.0000 27958.3748  0.16%   4.7  758s
 606747 318025 27934.0374  206   19 27915.0000 27958.3748  0.16%   4.7  760s
 610876 319661 27958.1996  214   20 27915.0000 27958.3748  0.16%   4.7  767s
 613952 320894 27956.0000  222   12 27915.0000 27958.3748  0.16%   4.7  772s
 618224 321336 27947.6061  230   20 27915.0000 27958.3748  0.16%   4.7  791s
H618226 294516                    27919.000000 27958.3748  0.14%   4.7  791s
 620623 297088 27920.2726  300   16 27919.0000 27958.3748  0.14%   4.8  795s
 625033 298406 27953.6309  211   20 27919.0000 27958.3748  0.14%   4.8  801s
 630059 300324 27958.3196  194   17 27919.0000 27958.3748  0.14%   4.8  807s
 631789 299755 27932.1938  225   22 27919.0000 27958.3748  0.14%   4.8  810s
 631794 299758 27956.5876  197   23 27919.0000 27958.3748  0.14%   4.8  815s
 631798 299761 27925.0451  241   22 27919.0000 27958.3748  0.14%   4.8  823s
 631801 299763 27958.3748  190   26 27919.0000 27958.3748  0.14%   4.8  825s
 631806 299766 27953.8774  227   24 27919.0000 27958.3748  0.14%   4.8  830s
 631809 299768 27945.1871  287   33 27919.0000 27958.3748  0.14%   4.8  836s
 631810 299769 27958.3748  120   20 27919.0000 27958.3748  0.14%   4.8  840s
 631815 299775 27958.3748   88   24 27919.0000 27958.3748  0.14%   4.8  845s
 631901 299843 27958.3181   94   20 27919.0000 27958.3748  0.14%   4.8  851s
 632009 299913 27958.3748   99   20 27919.0000 27958.3748  0.14%   4.8  858s
 632477 300276 27958.2806  112   18 27919.0000 27958.3748  0.14%   4.8  861s
 640330 305022 27936.8926  465   16 27919.0000 27958.3748  0.14%   4.8  866s
 654743 313458 27943.5497  251   18 27919.0000 27958.3748  0.14%   4.7  870s
H655028 296848                    27923.000000 27958.3748  0.13%   4.7  870s
H657184 280185                    27927.000000 27958.3748  0.11%   4.7  873s
 662064 283586 27954.3833  142   21 27927.0000 27958.3748  0.11%   4.7  875s
H668318 270789                    27932.000000 27958.3748  0.09%   4.7  876s
 668325 270794 27945.7208  222   21 27932.0000 27958.3748  0.09%   4.7  880s
 668329 270797 27939.0325  406   19 27932.0000 27958.3748  0.09%   4.7  886s
 668333 270799 27937.3391  257   29 27932.0000 27958.3748  0.09%   4.7  890s
 668339 270803 27946.6939  180   20 27932.0000 27958.3748  0.09%   4.7  897s
 668342 270805 27941.1451  282   21 27932.0000 27958.3748  0.09%   4.7  901s
 668346 270808 27943.0000  447   24 27932.0000 27958.3748  0.09%   4.7  906s
 668348 270809 27953.5785  190   24 27932.0000 27958.3748  0.09%   4.7  911s
 668352 270812 27947.4473  182   26 27932.0000 27958.3748  0.09%   4.7  915s
 668381 270844 27958.3748  104   23 27932.0000 27958.3748  0.09%   4.7  930s
 684728 281188 27956.3077  154   18 27932.0000 27958.1386  0.09%   4.7  935s
 704931 290458 27940.9670  344   16 27932.0000 27958.1386  0.09%   4.7  940s
 704936 290462 27950.9592  165   19 27932.0000 27958.0888  0.09%   4.7  945s
 704944 290467 27942.0000  385   17 27932.0000 27958.0711  0.09%   4.6  951s
 704948 290470 27942.4286  355   20 27932.0000 27958.0711  0.09%   4.6  956s
 704953 290473 27955.4303  242   26 27932.0000 27958.0711  0.09%   4.6  961s
 704956 290475 27957.0745  117   39 27932.0000 27958.0711  0.09%   4.6  965s
 704960 290478 27943.9000  349   30 27932.0000 27958.0711  0.09%   4.6  971s
 704964 290483 27958.0711  114   15 27932.0000 27958.0711  0.09%   4.7  977s
 704990 290511 27958.0711  118   21 27932.0000 27958.0711  0.09%   4.7  989s
 705026 290547 27957.5950  119   14 27932.0000 27958.0711  0.09%   4.7  994s
 706247 291592 27957.3709  157   16 27932.0000 27958.0711  0.09%   4.7  995s
 723958 304379 27933.9541  433   15 27932.0000 27957.5526  0.09%   4.6 1000s
 755529 318378 27942.0000  363   15 27932.0000 27957.5526  0.09%   4.6 1005s
 774421 327378 27950.7938  289   17 27932.0000 27957.5526  0.09%   4.6 1010s
 795437 336955 27942.0000  418   16 27932.0000 27957.5526  0.09%   4.5 1015s
 816282 345954     cutoff  357      27932.0000 27957.5526  0.09%   4.5 1020s
 839486 358285 27942.0000  455   13 27932.0000 27957.5526  0.09%   4.5 1025s
 859791 367649 27945.0305  265   20 27932.0000 27957.5526  0.09%   4.5 1030s
 884093 380665 27939.5834  267   18 27932.0000 27957.5526  0.09%   4.5 1035s
 905728 391448 27955.1549  217   18 27932.0000 27957.5526  0.09%   4.5 1040s
 909750 392152 27957.5077  223   16 27932.0000 27957.5526  0.09%   4.5 1045s
 917258 395095 27957.5526  191   15 27932.0000 27957.5526  0.09%   4.5 1054s
 917719 396457 27957.5526  192   17 27932.0000 27957.5526  0.09%   4.5 1055s
 929730 401002 27957.4031  232   15 27932.0000 27957.5526  0.09%   4.5 1060s
 945835 407985 27955.9546  228   13 27932.0000 27957.5526  0.09%   4.5 1065s
 947547 407781 27954.2388  258   15 27932.0000 27957.5526  0.09%   4.5 1071s
 950609 408561 27939.2062  264   15 27932.0000 27957.5526  0.09%   4.5 1079s
 950622 409962 27938.3471  265   15 27932.0000 27957.5526  0.09%   4.5 1080s
 956424 411453     cutoff  243      27932.0000 27957.5526  0.09%   4.5 1085s
 966428 415934 27957.5526  225   19 27932.0000 27957.5526  0.09%   4.5 1090s
 976080 419068 27955.4115  237   20 27932.0000 27957.5526  0.09%   4.5 1095s
 986696 422005 27957.2509  214   20 27932.0000 27957.5526  0.09%   4.6 1107s
 991454 424971 27957.4531  234   18 27932.0000 27957.5526  0.09%   4.6 1110s
 993488 424411 27954.6698  225   15 27932.0000 27957.5526  0.09%   4.6 1116s
 999926 428095 27957.2509  224   22 27932.0000 27957.5526  0.09%   4.6 1120s
 1008587 430613 27957.5526  211   13 27932.0000 27957.5526  0.09%   4.6 1131s
 1014905 434064 27955.1148  273   22 27932.0000 27957.5526  0.09%   4.6 1135s
 1027118 438725 27957.5526  202   15 27932.0000 27957.5526  0.09%   4.6 1140s
 1041306 444843 27957.5526  196   20 27932.0000 27957.5526  0.09%   4.6 1145s
 1043499 444148 27957.5526  220   20 27932.0000 27957.5526  0.09%   4.6 1155s
 1053434 449639 27947.9884  246   21 27932.0000 27957.5526  0.09%   4.7 1160s
 1066215 454442 27939.3008  240   22 27932.0000 27957.5526  0.09%   4.7 1165s
 1079469 459904 27956.9276  231   22 27932.0000 27957.5526  0.09%   4.7 1170s
 1091625 464376 27942.0000  363   10 27932.0000 27957.5526  0.09%   4.7 1175s
 1100513 466834 27957.3468  223   21 27932.0000 27957.5526  0.09%   4.8 1185s
 1109305 471122 27933.3128  340   12 27932.0000 27957.5526  0.09%   4.8 1190s
 1115383 472186 27957.5077  220   20 27932.0000 27957.5526  0.09%   4.8 1198s
 1115602 480027 27957.5077  221   19 27932.0000 27957.5526  0.09%   4.8 1203s
 1127614 476652     cutoff  263      27932.0000 27957.5526  0.09%   4.8 1211s
 1133026 479664 27957.5526  223   27 27932.0000 27957.5526  0.09%   4.8 1215s
 1142228 482745 27941.4607  273   16 27932.0000 27957.5526  0.09%   4.9 1220s
 1146047 483354 27947.4397  248   18 27932.0000 27957.5526  0.09%   4.9 1230s
 1154122 487340 27941.6260  258   14 27932.0000 27957.5526  0.09%   4.9 1235s
 1162380 490683 27957.3468  231   16 27932.0000 27957.5526  0.09%   4.9 1240s
 1168428 492929 27956.3828  241   25 27932.0000 27957.5526  0.09%   4.9 1245s
 1177155 495463 27950.2671  207   16 27932.0000 27957.5526  0.09%   5.0 1256s
 1182289 498988     cutoff  303      27932.0000 27957.5526  0.09%   5.0 1260s
 1193854 503563 27957.2509  227   22 27932.0000 27957.5526  0.09%   5.0 1265s
 1201138 506142 27939.8171  248   19 27932.0000 27957.5526  0.09%   5.0 1270s
 1202821 506055 27957.0286  219   22 27932.0000 27957.5526  0.09%   5.0 1277s
 1203378 507374 27956.2533  254   18 27932.0000 27957.5526  0.09%   5.0 1280s
 1211401 510486     cutoff  233      27932.0000 27957.5526  0.09%   5.0 1285s
 1216174 511842 27951.0362  227   22 27932.0000 27957.5526  0.09%   5.0 1292s
 1219036 514271 27953.5856  246   16 27932.0000 27957.5526  0.09%   5.0 1295s
 1223231 514839     cutoff  290      27932.0000 27957.5526  0.09%   5.1 1304s
 1223952 515707 27957.5077  212   25 27932.0000 27957.5526  0.09%   5.1 1305s
 1232696 520171 27955.1963  267   20 27932.0000 27957.5526  0.09%   5.1 1310s
 1240235 523287 27940.0000  346   14 27932.0000 27957.5526  0.09%   5.1 1315s
 1250159 527345 27957.5526  213   28 27932.0000 27957.5526  0.09%   5.1 1321s
 1252033 527118 27957.2509  191   23 27932.0000 27957.5526  0.09%   5.1 1330s
 1259199 530944 27957.5526  212   25 27932.0000 27957.5526  0.09%   5.1 1336s
 1264926 532434 27943.4433  251   15 27932.0000 27957.5526  0.09%   5.2 1340s
 1267944 533271 27956.1226  233   15 27932.0000 27957.5526  0.09%   5.2 1348s
 1268696 534443 27956.1226  234   15 27932.0000 27957.5526  0.09%   5.2 1350s
 1275698 536886 27953.3259  258   22 27932.0000 27957.5526  0.09%   5.2 1355s
 1279958 537618 27955.4139  221   19 27932.0000 27957.5526  0.09%   5.2 1368s
 1283106 539220 27957.5526  201   20 27932.0000 27957.5526  0.09%   5.2 1371s
 1287986 541611 27957.5077  234   14 27932.0000 27957.5526  0.09%   5.2 1375s
 1295620 544566 27940.5797  234   18 27932.0000 27957.5526  0.09%   5.2 1381s
 1302466 546406 27955.1148  270   17 27932.0000 27957.5526  0.09%   5.3 1392s
 1303046 547980 27957.4463  220   19 27932.0000 27957.5526  0.09%   5.3 1395s
 1309966 550332 27948.6081  270   14 27932.0000 27957.5526  0.09%   5.3 1401s
 1316343 552629 27936.7680  269   15 27932.0000 27957.5526  0.09%   5.3 1405s
 1323187 555144 27950.9117  255   13 27932.0000 27957.5526  0.09%   5.3 1410s
 1326894 555739 27954.6517  249   24 27932.0000 27957.5526  0.09%   5.3 1419s
 1327548 557183 27954.6517  250   28 27932.0000 27957.5526  0.09%   5.3 1420s
 1335746 560244 27938.6284  251   13 27932.0000 27957.5526  0.09%   5.4 1425s
 1342505 562672 27957.2509  243   23 27932.0000 27957.5526  0.09%   5.4 1430s
 1344334 562262     cutoff  286      27932.0000 27957.5526  0.09%   5.4 1438s
 1344558 564116     cutoff  287      27932.0000 27957.5526  0.09%   5.4 1440s
 1352924 567174 27957.4479  225   24 27932.0000 27957.5526  0.09%   5.4 1446s
 1356638 567843 27956.0132  225   19 27932.0000 27957.5526  0.09%   5.4 1456s
 1362650 571349 27957.5526  198   22 27932.0000 27957.5526  0.09%   5.4 1461s
 1368031 573809     cutoff  213      27932.0000 27957.5526  0.09%   5.4 1465s
 1376266 577274 27953.8272  229   18 27932.0000 27957.5526  0.09%   5.5 1470s
 1383816 580773 27956.3663  277   19 27932.0000 27957.5526  0.09%   5.5 1476s
 1387790 581441 27957.4479  231   16 27932.0000 27957.5526  0.09%   5.5 1486s
 1394155 584053 27949.0000  259   20 27932.0000 27957.5526  0.09%   5.5 1490s
 1401018 587487 27957.2509  251   20 27932.0000 27957.5526  0.09%   5.5 1495s
 1408714 590527     cutoff  238      27932.0000 27957.5526  0.09%   5.6 1500s
 1417121 593706 27956.3849  203   17 27932.0000 27957.5526  0.09%   5.6 1505s
 1423235 595377 27957.2719  222   21 27932.0000 27957.5526  0.09%   5.6 1516s
 1427347 598075 27957.3368  210   30 27932.0000 27957.5526  0.09%   5.6 1520s
 1434313 600828 27935.4472  324   17 27932.0000 27957.5526  0.09%   5.6 1525s
 1441853 604131 27956.1715  229   29 27932.0000 27957.5526  0.09%   5.6 1530s
 1449342 606079 27949.0000  248   12 27932.0000 27957.5526  0.09%   5.7 1542s
 1449483 614634 27957.2280  230   28 27932.0000 27957.5526  0.09%   5.7 1549s
 1461495 612075 27947.8914  228   18 27932.0000 27957.5526  0.09%   5.7 1552s
 1463408 612230 27952.5558  219   17 27932.0000 27957.5526  0.09%   5.7 1557s
 1466471 613775 27957.5077  217   21 27932.0000 27957.5526  0.09%   5.7 1561s
 1469313 614019 27956.2383  278   16 27932.0000 27957.5526  0.09%   5.7 1571s
 1472660 617016 27935.6066  241   12 27932.0000 27957.5526  0.09%   5.7 1575s
 1481035 619681 27957.5526  224   23 27932.0000 27957.5526  0.09%   5.8 1580s
 1487448 621546 27943.8981  245   30 27932.0000 27957.5526  0.09%   5.8 1585s
 1491951 623369 27948.0200  242   21 27932.0000 27957.5526  0.09%   5.8 1598s
 1493479 623384 27957.5526  242   41 27932.0000 27957.5526  0.09%   5.8 1605s
 1499628 626849 27956.4107  223   23 27932.0000 27957.5526  0.09%   5.8 1611s
 1504291 628551 27943.9683  277   19 27932.0000 27957.5526  0.09%   5.8 1615s
 1511359 630996     cutoff  243      27932.0000 27957.5526  0.09%   5.9 1621s
 1516932 633060 27957.5077  229   33 27932.0000 27957.5526  0.09%   5.9 1625s
 1520837 633455 27955.2661  237   34 27932.0000 27957.5526  0.09%   5.9 1634s
 1521367 634908 27955.2014  238   34 27932.0000 27957.5526  0.09%   5.9 1636s
 1528278 637047 27956.6096  214   32 27932.0000 27957.5526  0.09%   5.9 1641s
 1534240 639642 27957.2509  253   33 27932.0000 27957.5526  0.09%   5.9 1647s
 1538086 640783 27934.5008  272   17 27932.0000 27957.5526  0.09%   6.0 1650s
 1543869 642396 27955.1921  237   22 27932.0000 27957.5526  0.09%   6.0 1655s
 1550199 644474 27957.5526  202   26 27932.0000 27957.5526  0.09%   6.0 1660s
 1556002 646183 27957.5526  245   21 27932.0000 27957.5526  0.09%   6.0 1672s
 1558896 648193 27936.9282  250   13 27932.0000 27957.5526  0.09%   6.0 1675s
 1561280 648243 27953.0067  258   14 27932.0000 27957.5526  0.09%   6.0 1680s
 1567128 650758 27941.1333  284   12 27932.0000 27957.5526  0.09%   6.1 1686s
 1573063 653709 27937.5460  267   18 27932.0000 27957.5526  0.09%   6.1 1691s
 1579380 656924 27934.7552  243   19 27932.0000 27957.5526  0.09%   6.1 1695s
 1584614 660049 27934.8406  238   17 27932.0000 27957.5526  0.09%   6.1 1705s
 1592814 667103 27955.5023  232   19 27932.0000 27957.5526  0.09%   6.1 1711s
 1598975 672058 27956.3663  245   16 27932.0000 27957.5526  0.09%   6.1 1715s
 1603891 674898 27940.2450  258   21 27932.0000 27957.5526  0.09%   6.2 1724s
 1604782 677148 27935.6066  259   18 27932.0000 27957.5526  0.09%   6.2 1726s
 1607822 678311 27952.7871  268   15 27932.0000 27957.5526  0.09%   6.2 1736s
 1612042 681994 27955.6331  228   25 27932.0000 27957.5526  0.09%   6.2 1740s
 1619033 686933 27940.1597  304   16 27932.0000 27957.5526  0.09%   6.2 1745s
 1622322 689671 27934.3691  287   12 27932.0000 27957.5526  0.09%   6.2 1755s
 1630702 697084 27947.3695  306   22 27932.0000 27957.5526  0.09%   6.2 1761s
 1636872 701287 27956.3663  265   21 27932.0000 27957.5526  0.09%   6.2 1765s
 1642040 705937 27956.3828  205   18 27932.0000 27957.5526  0.09%   6.2 1770s
 1648392 710443 27949.7613  313   18 27932.0000 27957.5526  0.09%   6.2 1781s
 1653852 715769 27952.8279  253   16 27932.0000 27957.5526  0.09%   6.2 1786s
 1659984 720634 27939.5491  388   20 27932.0000 27957.5526  0.09%   6.2 1790s
 1668123 727369 27955.1148  302   17 27932.0000 27957.5526  0.09%   6.2 1798s
 1671793 730905 27953.1700  312   19 27932.0000 27957.5526  0.09%   6.2 1800s
 1676661 735246 27953.2871  266   17 27932.0000 27957.5526  0.09%   6.2 1805s
 1683621 740760 27955.8384  298   20 27932.0000 27957.5526  0.09%   6.2 1811s
 1689619 746071 27941.4348  262   16 27932.0000 27957.5526  0.09%   6.2 1815s
 1693237 749644     cutoff  375      27932.0000 27957.5526  0.09%   6.2 1820s
 1699790 754194 27950.2963  396   18 27932.0000 27957.5526  0.09%   6.2 1825s
 1705823 759465 27938.3845  256   15 27932.0000 27957.5526  0.09%   6.2 1830s
 1711181 763646 27938.2633  260   18 27932.0000 27957.5526  0.09%   6.2 1835s
 1715739 767297 27943.6666  311   17 27932.0000 27957.5526  0.09%   6.2 1841s
 1719798 770067 27957.5526  215   21 27932.0000 27957.5526  0.09%   6.2 1845s
 1722009 770377 27957.0286  229   29 27932.0000 27957.5526  0.09%   6.2 1854s
 1722349 772226     cutoff  291      27932.0000 27957.5526  0.09%   6.2 1856s
 1727069 775639 27955.8036  306   18 27932.0000 27957.5526  0.09%   6.2 1860s
 1732782 779487 27950.2172  305   18 27932.0000 27957.5526  0.09%   6.2 1866s
 1738314 784427 27942.1781  325   21 27932.0000 27957.5526  0.09%   6.2 1871s
 1741983 787273 27940.8348  239   20 27932.0000 27957.5526  0.09%   6.2 1875s
 1747764 791545 27951.0391  260   18 27932.0000 27957.5526  0.09%   6.2 1883s
 1748842 793917 27957.4479  248   19 27932.0000 27957.5526  0.09%   6.2 1885s
 1753691 796532 27956.3828  241   20 27932.0000 27957.5526  0.09%   6.2 1892s
 1757317 800133 27949.8704  231   16 27932.0000 27957.5526  0.09%   6.2 1895s
 1761516 803221 27957.5077  214   29 27932.0000 27957.5526  0.09%   6.2 1902s
 1765277 806698 27956.8951  261   20 27932.0000 27957.5526  0.09%   6.2 1905s
 1768532 808720 27947.3500  299   18 27932.0000 27957.5526  0.09%   6.2 1912s
 1772889 813055 27939.0059  310   16 27932.0000 27957.5526  0.09%   6.2 1915s
 1775020 814343 27939.9528  372   19 27932.0000 27957.5526  0.09%   6.2 1920s
 1781260 819732 27946.9440  298   17 27932.0000 27957.5526  0.09%   6.2 1925s
 1784886 822516 27940.7536  360   24 27932.0000 27957.5526  0.09%   6.2 1930s
 1790287 826935 27956.4107  230   26 27932.0000 27957.5526  0.09%   6.2 1937s
 1794052 830172 27956.5765  233   19 27932.0000 27957.5526  0.09%   6.3 1940s
 1797961 832967 27954.4585  405   22 27932.0000 27957.5526  0.09%   6.3 1945s
 1804405 838484 27950.2948  334   22 27932.0000 27957.5526  0.09%   6.3 1952s
 1810426 843219 27952.3391  250   21 27932.0000 27957.5526  0.09%   6.3 1956s
 1812251 844518 27957.2509  242   24 27932.0000 27957.5526  0.09%   6.3 1962s
 1817479 848999 27948.1259  324   18 27932.0000 27957.5526  0.09%   6.3 1966s
 1819480 850332 27957.2509  269   24 27932.0000 27957.5526  0.09%   6.3 1972s
 1821087 850737 27933.0000  337   16 27932.0000 27957.5526  0.09%   6.3 1977s
 1821655 856018 27956.9336  235   33 27932.0000 27957.5526  0.09%   6.3 1981s
 1828449 857124 27941.0610  256   21 27932.0000 27957.5526  0.09%   6.3 1987s
 1831591 859893 27952.4435  251   16 27932.0000 27957.5526  0.09%   6.3 1990s
 1835293 862387 27938.9977  327   22 27932.0000 27957.5526  0.09%   6.3 1998s
 1836690 864352 27954.2833  307   24 27932.0000 27957.5526  0.09%   6.3 2000s
 1842314 867824 27957.5440  221   29 27932.0000 27957.5526  0.09%   6.3 2012s
 1845662 871375 27956.9170  231   28 27932.0000 27957.5526  0.09%   6.3 2016s
 1849941 874205 27956.5765  211   26 27932.0000 27957.5526  0.09%   6.3 2026s
 1853245 877464 27939.7408  271   22 27932.0000 27957.5526  0.09%   6.3 2030s
 1855592 878359 27938.9017  288   16 27932.0000 27957.5526  0.09%   6.3 2037s
 1856804 878842 27957.5526  192   26 27932.0000 27957.5526  0.09%   6.3 2045s
 1857514 883412 27957.5526  193   23 27932.0000 27957.5526  0.09%   6.3 2050s
 1863219 884609 27953.4156  265   27 27932.0000 27957.5526  0.09%   6.3 2059s
 1864597 886234 27956.2869  235   17 27932.0000 27957.5526  0.09%   6.4 2061s
 1869909 890266 27940.4832  295   23 27932.0000 27957.5526  0.09%   6.4 2069s
 1871956 891871 27957.4463  221   21 27932.0000 27957.5526  0.09%   6.4 2070s
 1877387 895655 27952.6546  225   15 27932.0000 27957.5526  0.09%   6.4 2082s
 1881374 899183 27934.8435  237   18 27932.0000 27957.5526  0.09%   6.4 2085s
 1886373 903142 27956.8951  207   23 27932.0000 27957.5526  0.09%   6.4 2090s
 1893232 907548 27952.7192  227   23 27932.0000 27957.5526  0.09%   6.4 2100s
 1897761 912271 27941.4586  222   20 27932.0000 27957.5526  0.09%   6.4 2105s
 1899974 913292 27956.3828  253   25 27932.0000 27957.5526  0.09%   6.4 2112s
 1903151 916475 27952.5667  283   21 27932.0000 27957.5526  0.09%   6.4 2116s
 1906888 918561 27955.4257  265   21 27932.0000 27957.5526  0.09%   6.4 2127s
 1911811 923171 27933.8490  325   15 27932.0000 27957.5526  0.09%   6.4 2131s
 1916990 927091 27957.5526  212   24 27932.0000 27957.5526  0.09%   6.4 2135s
 1923100 932487 27956.5765  273   24 27932.0000 27957.5526  0.09%   6.5 2140s
 1927328 935332 27957.2509  199   23 27932.0000 27957.5526  0.09%   6.5 2150s
 1933655 940893 27954.6517  220   22 27932.0000 27957.5526  0.09%   6.5 2155s
 1941459 947184 27953.0204  216   18 27932.0000 27957.5526  0.09%   6.5 2161s
 1943451 948464 27957.2509  215   26 27932.0000 27957.5526  0.09%   6.5 2167s
 1946794 951834 27956.3828  234   21 27932.0000 27957.5526  0.09%   6.5 2170s
 1948987 952070 27956.5765  234   21 27932.0000 27957.5526  0.09%   6.5 2178s
 1949300 953657 27956.5765  238   22 27932.0000 27957.5526  0.09%   6.5 2180s
 1951211 954343 27942.1311  246   24 27932.0000 27957.5526  0.09%   6.5 2186s
 1952036 958255 27956.5765  222   23 27932.0000 27957.5526  0.09%   6.5 2190s
 1961061 963758 27955.1148  310   17 27932.0000 27957.5526  0.09%   6.5 2196s
 1963238 964600 27957.5526  206   32 27932.0000 27957.5526  0.09%   6.5 2203s
 1966239 967664 27941.4348  272   25 27932.0000 27957.5526  0.09%   6.5 2206s
 1971403 971677 27954.7893  272   20 27932.0000 27957.5526  0.09%   6.5 2210s
 1976789 976156 27935.0744  295   22 27932.0000 27957.5526  0.09%   6.5 2215s
 1984149 980326 27957.5077  193   22 27932.0000 27957.5526  0.09%   6.5 2227s
 1984256 981342 27957.5077  194   26 27932.0000 27957.5526  0.09%   6.5 2233s
 1987811 984184 27944.4754  271   13 27932.0000 27957.5526  0.09%   6.5 2236s
 1991103 986001 27957.2719  230   29 27932.0000 27957.5526  0.09%   6.5 2246s
 1995851 991141 27955.9553  271   24 27932.0000 27957.5526  0.09%   6.5 2252s
 2000425 994736 27957.5526  202   20 27932.0000 27957.5526  0.09%   6.5 2255s
 2008387 1000760 27956.8951  236   26 27932.0000 27957.5526  0.09%   6.5 2261s
 2014993 1004985 27942.6222  243   12 27932.0000 27957.5526  0.09%   6.5 2274s
 2015259 1006144 27942.6222  244   13 27932.0000 27957.5526  0.09%   6.5 2275s
 2020579 1010155 27947.9517  205   17 27932.0000 27957.5526  0.09%   6.6 2280s
 2027616 1015842 27948.0674  275   18 27932.0000 27957.5526  0.09%   6.6 2285s
 2029486 1016703 27936.3142  224   12 27932.0000 27957.5526  0.09%   6.6 2290s
 2036202 1023008 27957.2165  250   27 27932.0000 27957.5526  0.09%   6.6 2296s
 2040851 1026389 27956.9399  208   19 27932.0000 27957.5526  0.09%   6.6 2300s
 2045993 1030817 27957.2722  227   33 27932.0000 27957.5526  0.09%   6.6 2305s
 2052565 1036054 27957.4479  202   26 27932.0000 27957.5526  0.09%   6.6 2310s
 2056279 1038359 27957.0714  211   21 27932.0000 27957.5526  0.09%   6.6 2318s
 2059159 1040978 27952.7179  247   18 27932.0000 27957.5526  0.09%   6.6 2321s
 2064362 1044754 27956.3102  237   33 27932.0000 27957.5526  0.09%   6.6 2325s
 2065917 1045424 27957.5526  201   21 27932.0000 27957.5526  0.09%   6.6 2333s
 2066713 1046153 27950.9391  325   20 27932.0000 27957.5526  0.09%   6.6 2340s
 2070279 1050490 27957.4479  214   19 27932.0000 27957.5526  0.09%   6.6 2345s
 2077428 1055489 27951.3882  258   20 27932.0000 27957.5526  0.09%   6.6 2350s
 2084705 1060975 27957.5077  209   34 27932.0000 27957.5526  0.09%   6.6 2356s
 2088635 1063933 27957.5526  250   26 27932.0000 27957.5526  0.09%   6.6 2360s
 2093899 1068368     cutoff  394      27932.0000 27957.5526  0.09%   6.7 2365s
 2099610 1072732 27948.1151  276   16 27932.0000 27957.5526  0.09%   6.7 2370s
 2103400 1075114 27954.9283  280   22 27932.0000 27957.5526  0.09%   6.7 2380s
 2108186 1079638 27938.4159  260   21 27932.0000 27957.5526  0.09%   6.7 2386s
 2112030 1083124 27953.2588  252   37 27932.0000 27957.5526  0.09%   6.7 2390s
 2117558 1086813 27951.8680  239   44 27932.0000 27957.5526  0.09%   6.7 2395s
 2125275 1093264 27951.5995  322   27 27932.0000 27957.5526  0.09%   6.7 2405s
 2132316 1098839 27955.2605  251   14 27932.0000 27957.5526  0.09%   6.7 2410s
 2137316 1102380 27955.0692  263   14 27932.0000 27957.5526  0.09%   6.7 2419s
 2138876 1104560 27942.0000  368   16 27932.0000 27957.5526  0.09%   6.7 2420s
 2145982 1109756 27956.3291  253   31 27932.0000 27957.5526  0.09%   6.7 2425s
 2149468 1111064 27953.6099  309   31 27932.0000 27957.5526  0.09%   6.7 2438s
 2149665 1112007 27951.3130  325   25 27932.0000 27957.5526  0.09%   6.7 2446s
 2156573 1118111 27956.8361  259   20 27932.0000 27957.5526  0.09%   6.7 2450s
 2158530 1118763 27947.7546  239   19 27932.0000 27957.5526  0.09%   6.7 2458s
 2161444 1121904 27935.4602  302   11 27932.0000 27957.5526  0.09%   6.7 2462s
 2165261 1124825 27955.8991  248   25 27932.0000 27957.5526  0.09%   6.7 2465s
 2172569 1130136 27957.2509  224   21 27932.0000 27957.5526  0.09%   6.7 2470s
 2178167 1134529 27936.1876  225   19 27932.0000 27957.5526  0.09%   6.7 2475s
 2180275 1135190 27957.5526  196   29 27932.0000 27957.5526  0.09%   6.7 2482s
 2183137 1137990 infeasible  365      27932.0000 27957.5526  0.09%   6.7 2485s
 2188736 1141631 27940.4759  249   14 27932.0000 27957.5526  0.09%   6.7 2495s
 2196116 1147881     cutoff  231      27932.0000 27957.5526  0.09%   6.7 2501s
 2200354 1150953 27940.2604  409   20 27932.0000 27957.5526  0.09%   6.7 2506s
 2206882 1154944 27957.2509  201   23 27932.0000 27957.5526  0.09%   6.8 2514s
 2207843 1157052 27957.2509  214   21 27932.0000 27957.5526  0.09%   6.8 2515s
 2212807 1159592     cutoff  223      27932.0000 27957.5526  0.09%   6.8 2523s
 2214212 1161420 27946.6498  258   16 27932.0000 27957.5526  0.09%   6.8 2525s
 2219758 1164617 27951.9556  226   19 27932.0000 27957.5526  0.09%   6.8 2536s
 2225490 1169410 27956.7325  234   17 27932.0000 27957.5526  0.09%   6.8 2540s
 2230379 1173409 27949.7542  248   29 27932.0000 27957.5526  0.09%   6.8 2545s
 2238097 1178974 27954.3433  384   21 27932.0000 27957.5526  0.09%   6.8 2550s
 2241105 1180885 27957.5333  260   31 27932.0000 27957.5526  0.09%   6.8 2557s
 2244144 1183586 27956.9697  259   32 27932.0000 27957.5526  0.09%   6.8 2560s
 2249628 1187454 27933.1062  270   13 27932.0000 27957.5526  0.09%   6.8 2569s
 2250956 1188982 27956.8951  217   27 27932.0000 27957.5526  0.09%   6.8 2571s
 2258467 1194267 27955.0670  264   33 27932.0000 27957.5526  0.09%   6.8 2579s
 2259707 1195556 27955.0670  265   30 27932.0000 27957.5526  0.09%   6.8 2580s
 2267316 1200974 27956.5765  252   28 27932.0000 27957.5526  0.09%   6.8 2592s
 2270661 1204723 27945.6441  269   21 27932.0000 27957.5526  0.09%   6.8 2595s
 2278650 1210572 27942.9898  300   18 27932.0000 27957.5526  0.09%   6.8 2600s
 2283946 1213905 27957.5526  256   36 27932.0000 27957.5526  0.09%   6.8 2609s
 2285216 1215676 27957.3967  232   27 27932.0000 27957.5526  0.09%   6.8 2611s
 2291947 1220476 27956.3121  262   17 27932.0000 27957.5526  0.09%   6.8 2615s
 2295855 1222775 27943.9813  319   16 27932.0000 27957.5526  0.09%   6.8 2623s
 2297048 1224061 27957.5526  244   20 27932.0000 27957.5526  0.09%   6.8 2625s
 2304386 1229437 27955.7637  266   25 27932.0000 27957.5526  0.09%   6.8 2630s
 2308047 1231452 27957.4589  240   30 27932.0000 27957.5526  0.09%   6.8 2639s
 2309184 1233071 27939.0410  324   20 27932.0000 27957.5526  0.09%   6.8 2640s
 2315616 1237026 27946.6580  257   21 27932.0000 27957.5526  0.09%   6.8 2649s
 2316870 1238075 27933.3841  296   16 27932.0000 27957.5526  0.09%   6.8 2651s
 2321763 1241394 27942.1311  279   19 27932.0000 27957.5526  0.09%   6.8 2660s
 2327218 1244554 27951.6313  284   31 27932.0000 27957.5526  0.09%   6.8 2671s
 2331868 1249224 27956.8982  262   32 27932.0000 27957.5526  0.09%   6.8 2676s
 2336146 1252181     cutoff  281      27932.0000 27957.5526  0.09%   6.8 2680s
 2338311 1252720 27951.9955  289   23 27932.0000 27957.5526  0.09%   6.8 2688s
 2339025 1256409 27937.9180  273   11 27932.0000 27957.5526  0.09%   6.8 2692s
 2347421 1259774     cutoff  266      27932.0000 27957.5526  0.09%   6.8 2695s
 2352756 1262978 27957.2509  236   26 27932.0000 27957.5526  0.09%   6.8 2706s
 2359314 1268234 27957.2509  238   24 27932.0000 27957.5526  0.09%   6.9 2711s
 2366827 1273831 infeasible  328      27932.0000 27957.5526  0.09%   6.9 2715s
 2369992 1275357 27933.5450  308   22 27932.0000 27957.5526  0.09%   6.9 2725s
 2374604 1279142 27957.2447  244   30 27932.0000 27957.5526  0.09%   6.9 2730s
 2381677 1284377     cutoff  454      27932.0000 27957.5526  0.09%   6.9 2735s
 2388331 1288266 27957.5512  256   30 27932.0000 27957.5526  0.09%   6.9 2745s
 2398438 1295497 27957.2509  239   21 27932.0000 27957.5526  0.09%   6.9 2750s
 2407925 1301686     cutoff  272      27932.0000 27957.5526  0.09%   6.9 2760s
 2416090 1307884 27950.2120  329   24 27932.0000 27957.5526  0.09%   6.9 2765s
 2418092 1308650 27950.0935  330   24 27932.0000 27957.5526  0.09%   6.9 2771s
 2422635 1311976 27954.8732  231   29 27932.0000 27957.5526  0.09%   6.9 2775s
 2430320 1315993 27957.1923  245   26 27932.0000 27957.5526  0.09%   6.9 2791s
 2430775 1323117 27955.7545  269   32 27932.0000 27957.5526  0.09%   6.9 2797s
 2441681 1323497 27948.0895  252   19 27932.0000 27957.5526  0.09%   6.9 2803s
 2444310 1326100 27937.6231  242   23 27932.0000 27957.5526  0.09%   6.9 2805s
 2453390 1332055 27935.8003  325   16 27932.0000 27957.5526  0.09%   6.9 2810s
 2457365 1333865 27950.0644  278   21 27932.0000 27957.5526  0.09%   7.0 2821s
 2463524 1338321     cutoff  302      27932.0000 27957.5526  0.09%   7.0 2826s
 2470403 1342741 27936.6206  235   20 27932.0000 27957.5526  0.09%   7.0 2830s
 2475753 1345385 27957.4531  243   22 27932.0000 27957.5526  0.09%   7.0 2843s
 2478334 1347832 infeasible  243      27932.0000 27957.5526  0.09%   7.0 2845s
 2480206 1348631 27943.7770  296   24 27932.0000 27957.5526  0.09%   7.0 2853s
 2483229 1350923 27957.0957  239   30 27932.0000 27957.5526  0.09%   7.0 2855s
 2492163 1356462     cutoff  268      27932.0000 27957.5526  0.09%   7.0 2860s
 2494039 1356956 27936.1900  254   16 27932.0000 27957.5526  0.09%   7.0 2869s
 2494946 1358199 27957.4589  227   19 27932.0000 27957.5526  0.09%   7.0 2870s
 2504324 1363879 27957.5526  216   27 27932.0000 27957.5526  0.09%   7.0 2876s
 2511812 1368283 27943.7011  242   15 27932.0000 27957.5526  0.09%   7.0 2880s
 2513289 1368695     cutoff  279      27932.0000 27957.5526  0.09%   7.0 2891s
 2519696 1373633 27957.2509  200   20 27932.0000 27957.5526  0.09%   7.0 2895s
 2527001 1377626 27956.2546  252   14 27932.0000 27957.5526  0.09%   7.0 2900s
 2530131 1379324 27955.4331  284   19 27932.0000 27957.5526  0.09%   7.0 2910s
 2537062 1384700 27940.4846  291   21 27932.0000 27957.5526  0.09%   7.0 2915s
 2546197 1389961 27951.2348  247   26 27932.0000 27957.5526  0.09%   7.1 2920s
 2554349 1394431     cutoff  256      27932.0000 27957.5526  0.09%   7.1 2933s
 2554910 1394766 27957.2719  209   31 27932.0000 27957.5526  0.09%   7.1 2940s
 2561272 1399552 27954.4134  244   15 27932.0000 27957.5526  0.09%   7.1 2945s
 2568765 1404570 27953.0794  260   33 27932.0000 27957.5526  0.09%   7.1 2950s
 2574412 1407409 27934.7704  251   12 27932.0000 27957.5526  0.09%   7.1 2962s
 2578833 1410788     cutoff  256      27932.0000 27957.5526  0.09%   7.1 2965s
 2587658 1417158 27951.6583  250   24 27932.0000 27957.5526  0.09%   7.1 2970s
 2598582 1424056 27957.5498  231   27 27932.0000 27957.5526  0.09%   7.1 2975s
 2605848 1427709 27948.3829  232   18 27932.0000 27957.5526  0.09%   7.1 2989s
 2606340 1429027 27942.8142  250   15 27932.0000 27957.5526  0.09%   7.1 2990s
 2613831 1433723 27947.7045  264   18 27932.0000 27957.5526  0.09%   7.1 2995s
 2624396 1440561 27942.6485  283   20 27932.0000 27957.5526  0.09%   7.1 3000s
 2631154 1444023 27941.3389  248   12 27932.0000 27957.5526  0.09%   7.1 3009s
 2632089 1445206 27939.7856  239   16 27932.0000 27957.5526  0.09%   7.1 3010s
 2640942 1449877 27956.5896  224   15 27932.0000 27957.5526  0.09%   7.2 3023s
 2643856 1452663 27957.5393  224   33 27932.0000 27957.5526  0.09%   7.2 3025s
 2653292 1458304 27945.0993  262   14 27932.0000 27957.5526  0.09%   7.2 3030s
 2664228 1464505 27933.1650  236   17 27932.0000 27957.5526  0.09%   7.2 3043s
 2666559 1465924 27949.0000  247   17 27932.0000 27957.5526  0.09%   7.2 3051s
 2671225 1469408 27942.6649  252   15 27932.0000 27957.5526  0.09%   7.2 3055s
 2681882 1476623 27937.5178  256   18 27932.0000 27957.5526  0.09%   7.2 3060s
 2690566 1482244 27945.0993  282   15 27932.0000 27957.5526  0.09%   7.2 3065s
 2694152 1484283 27955.5023  213   22 27932.0000 27957.5526  0.09%   7.2 3076s
 2700767 1489112 27953.8556  280   18 27932.0000 27957.5526  0.09%   7.2 3080s
 2708399 1493774 27934.6295  288   18 27932.0000 27957.5526  0.09%   7.2 3085s
 2711439 1495142     cutoff  253      27932.0000 27957.5526  0.09%   7.2 3096s
 2716657 1499258     cutoff  246      27932.0000 27957.5526  0.09%   7.2 3100s
 2722770 1503161 27956.0528  237   22 27932.0000 27957.5526  0.09%   7.2 3106s
 2729585 1507411     cutoff  254      27932.0000 27957.5526  0.09%   7.2 3110s
 2737722 1513198     cutoff  238      27932.0000 27957.5526  0.09%   7.2 3115s
 2739513 1513915 27944.3338  247   19 27932.0000 27957.5526  0.09%   7.2 3122s
 2742599 1515849 27946.3714  238   26 27932.0000 27957.5526  0.09%   7.2 3132s
 2747058 1520003 27957.4463  238   17 27932.0000 27957.5526  0.09%   7.2 3135s
 2750896 1522125 27948.0975  241   26 27932.0000 27957.5526  0.09%   7.2 3146s
 2757893 1527720 27942.8230  235   19 27932.0000 27957.5526  0.09%   7.3 3150s
 2769001 1535564 27956.7325  252   17 27932.0000 27957.5526  0.09%   7.3 3155s
 2771022 1536335 27955.5023  226   24 27932.0000 27957.5526  0.09%   7.3 3163s
 2774155 1539400 27943.9314  258   16 27932.0000 27957.5526  0.09%   7.3 3165s
 2784109 1546498 27936.6015  243   12 27932.0000 27957.5526  0.09%   7.3 3170s
 2790903 1550351 27939.0870  263   18 27932.0000 27957.5526  0.09%   7.3 3181s
 2799742 1557523 27934.1727  256   11 27932.0000 27957.5526  0.09%   7.3 3185s
 2805498 1561387 27940.2604  324   22 27932.0000 27957.5526  0.09%   7.3 3190s
 2808844 1563434 27936.9270  242   16 27932.0000 27957.5526  0.09%   7.3 3197s
 2813591 1567191 27941.2050  256   14 27932.0000 27957.5526  0.09%   7.3 3200s
 2821209 1571540 27951.8680  183   21 27932.0000 27957.5526  0.09%   7.3 3210s
 2830156 1579020 27956.4984  228   27 27932.0000 27957.5526  0.09%   7.3 3215s
 2833413 1580260 27947.4254  234   14 27932.0000 27957.5526  0.09%   7.3 3225s
 2843614 1588117 27955.6502  257   38 27932.0000 27957.5526  0.09%   7.3 3230s
 2845143 1588983 27957.5333  237   18 27932.0000 27957.5526  0.09%   7.3 3238s
 2848282 1591772     cutoff  265      27932.0000 27957.5526  0.09%   7.3 3240s
 2854214 1596006 27957.5526  207   15 27932.0000 27957.5526  0.09%   7.3 3245s
 2861374 1600955 27952.3488  265   23 27932.0000 27957.5526  0.09%   7.3 3250s
 2864849 1602810 27952.3391  213   22 27932.0000 27957.5526  0.09%   7.3 3261s
 2871157 1608368 27946.3435  230   13 27932.0000 27957.5526  0.09%   7.3 3266s
 2874679 1609722     cutoff  244      27932.0000 27957.5526  0.09%   7.3 3274s
 2875260 1609722 27956.7325  241   20 27932.0000 27957.5526  0.09%   7.3 3275s
 2882720 1615041 27951.5995  252   25 27932.0000 27957.5526  0.09%   7.3 3292s
 2886775 1619178 27942.5034  243   20 27932.0000 27957.5526  0.09%   7.3 3295s
 2894445 1624416 27940.1614  272   16 27932.0000 27957.5526  0.09%   7.3 3300s
 2899231 1627587 27943.2473  215   16 27932.0000 27957.5526  0.09%   7.3 3305s
 2907453 1633500 27956.1326  253   22 27932.0000 27957.5526  0.09%   7.3 3311s
 2910814 1635479 27957.4807  242   25 27932.0000 27957.5526  0.09%   7.3 3320s
 2917832 1640586 27940.4584  254   22 27932.0000 27957.5526  0.09%   7.3 3325s
 2923393 1644182 27949.0000  277   16 27932.0000 27957.5526  0.09%   7.4 3337s
 2926060 1646966 27949.9394  297   15 27932.0000 27957.5526  0.09%   7.4 3341s
 2931948 1651277 27945.0993  284   15 27932.0000 27957.5526  0.09%   7.4 3345s
 2939583 1656661 27950.7856  293   14 27932.0000 27957.5526  0.09%   7.4 3350s
 2942985 1658503 27940.2604  382   22 27932.0000 27957.5526  0.09%   7.4 3362s
 2947788 1663251 27957.5526  191   30 27932.0000 27957.5526  0.09%   7.4 3366s
 2955147 1668530 27957.3967  229   21 27932.0000 27957.5526  0.09%   7.4 3370s
 2962052 1673105     cutoff  265      27932.0000 27957.5526  0.09%   7.4 3376s
 2963662 1673661 27937.4639  241   18 27932.0000 27957.5526  0.09%   7.4 3385s
 2968769 1677186 27956.8951  228   24 27932.0000 27957.5526  0.09%   7.4 3396s
 2971045 1679824 27955.1148  259   13 27932.0000 27957.5526  0.09%   7.4 3400s
 2978757 1685822 27954.6517  243   23 27932.0000 27957.5526  0.09%   7.4 3405s
 2980497 1686240 27956.8555  246   30 27932.0000 27957.5526  0.09%   7.4 3414s
 2981001 1687700 27957.1026  244   33 27932.0000 27957.5526  0.09%   7.4 3415s
 2986770 1691857 27957.2719  201   16 27932.0000 27957.5526  0.09%   7.4 3420s
 2996008 1698610 27942.6795  276   18 27932.0000 27957.5526  0.09%   7.4 3425s
 3001831 1703138 27952.1268  237   19 27932.0000 27957.5526  0.09%   7.4 3430s
 3009513 1709230 27939.2663  268   20 27932.0000 27957.5526  0.09%   7.4 3435s
 3011509 1710112 27957.4479  209   22 27932.0000 27957.5526  0.09%   7.4 3442s
 3016788 1714488 27957.5471  229   24 27932.0000 27957.5526  0.09%   7.4 3446s
 3024345 1719610 27957.5526  199   23 27932.0000 27957.5526  0.09%   7.4 3454s
 3025329 1720917 27957.5526  217   23 27932.0000 27957.5526  0.09%   7.4 3455s
 3033120 1727122 27944.4206  293   18 27932.0000 27957.5526  0.09%   7.4 3460s
 3042350 1734261 27957.4479  198   19 27932.0000 27957.5526  0.09%   7.4 3465s
 3044462 1735092 27940.2604  382   19 27932.0000 27957.5526  0.09%   7.4 3473s
 3048921 1739035 27952.3391  232   17 27932.0000 27957.5526  0.09%   7.4 3476s
 3054742 1742929 27957.4737  242   35 27932.0000 27957.5526  0.09%   7.4 3480s
 3056499 1743666 27949.0000  300   19 27932.0000 27957.5526  0.09%   7.4 3489s
 3057490 1745090 27948.8361  301   22 27932.0000 27957.5526  0.09%   7.4 3490s
 3067508 1752218 27951.5957  232   18 27932.0000 27957.5526  0.09%   7.4 3495s
 3072834 1755243 27939.5132  268   19 27932.0000 27957.5526  0.09%   7.4 3504s
 3073852 1756600 27957.5526  215   21 27932.0000 27957.5526  0.09%   7.4 3505s
 3083963 1764041 27957.4463  224   27 27932.0000 27957.5526  0.09%   7.4 3517s
 3087966 1767046 27955.4061  223   22 27932.0000 27957.5526  0.09%   7.4 3520s
 3100059 1774868 27941.2914  240   23 27932.0000 27957.5526  0.09%   7.4 3525s
 3101499 1775934     cutoff  272      27932.0000 27957.5526  0.09%   7.4 3532s
 3105487 1779136 27952.1804  243   23 27932.0000 27957.5526  0.09%   7.4 3535s
 3109641 1781306 27940.0241  239   22 27932.0000 27957.5526  0.09%   7.4 3544s
 3110720 1782696 27939.7955  240   23 27932.0000 27957.5526  0.09%   7.4 3545s
 3121325 1789268 27957.4266  246   24 27932.0000 27957.5526  0.09%   7.4 3555s
 3128690 1794067 27954.1119  243   15 27932.0000 27957.5526  0.09%   7.4 3565s
 3133541 1797988 27957.4479  234   18 27932.0000 27957.5526  0.09%   7.4 3570s
 3137057 1799439 27956.0084  217   24 27932.0000 27957.5526  0.09%   7.4 3581s
 3143007 1804297 27957.5526  231   25 27932.0000 27957.5526  0.09%   7.4 3585s
 3150569 1809489 27957.5526  226   24 27932.0000 27957.5526  0.09%   7.4 3590s
 3152605 1810331 27936.3347  256   17 27932.0000 27957.5526  0.09%   7.4 3597s
 3157946 1813813 27955.7989  245   26 27932.0000 27957.5526  0.09%   7.4 3600s

Cutting planes:
  Gomory: 6
  Cover: 793
  MIR: 25
  StrongCG: 19
  Flow cover: 19
  Inf proof: 2
  RLT: 5

Explored 3158931 nodes (23271578 simplex iterations) in 3600.16 seconds
Thread count was 12 (of 12 available processors)

Solution count 10: 27932 27927 27923 ... 27872

Time limit reached
Best objective 2.793200000000e+04, best bound 2.795700000000e+04, gap 0.0895%
