
Gurobi 9.1.2 (win64, Java) logging started Tue Nov  9 09:33:54 2021

Academic license - for non-commercial use only - expires 2022-10-30
Gurobi Optimizer version 9.1.2 build v9.1.2rc0 (win64)
Thread count: 6 physical cores, 12 logical processors, using up to 12 threads
Optimize a model with 110 rows, 1000 columns and 2000 nonzeros
Model fingerprint: 0x069e53b2
Variable types: 0 continuous, 1000 integer (1000 binary)
Coefficient statistics:
  Matrix range     [1e+00, 1e+03]
  Objective range  [2e+01, 1e+03]
  Bounds range     [1e+00, 1e+00]
  RHS range        [1e+00, 3e+03]
Found heuristic solution: objective 27011.000000
Presolve time: 0.00s
Presolved: 110 rows, 1000 columns, 2000 nonzeros
Variable types: 0 continuous, 1000 integer (1000 binary)
Presolved: 110 rows, 1000 columns, 2000 nonzeros


Root relaxation: objective 2.980909e+04, 275 iterations, 0.00 seconds

    Nodes    |    Current Node    |     Objective Bounds      |     Work
 Expl Unexpl |  Obj  Depth IntInf | Incumbent    BestBd   Gap | It/Node Time

     0     0 29809.0904    0   13 27011.0000 29809.0904  10.4%     -    0s
H    0     0                    29131.000000 29809.0904  2.33%     -    0s
H    0     0                    29142.000000 29809.0904  2.29%     -    0s
     0     0 29809.0904    0   23 29142.0000 29809.0904  2.29%     -    0s
H    0     0                    29341.000000 29809.0904  1.60%     -    0s
H    0     0                    29383.000000 29809.0904  1.45%     -    0s
     0     0 29809.0904    0   27 29383.0000 29809.0904  1.45%     -    0s
     0     0 29809.0904    0   26 29383.0000 29809.0904  1.45%     -    0s
     0     0 29809.0904    0   16 29383.0000 29809.0904  1.45%     -    0s
H    0     0                    29490.000000 29809.0904  1.08%     -    0s
H    0     0                    29567.000000 29809.0904  0.82%     -    0s
     0     2 29809.0904    0   16 29567.0000 29809.0904  0.82%     -    0s
H   31    38                    29704.000000 29809.0904  0.35%  18.4    0s
 67868 62433 29800.0000  578   15 29704.0000 29808.9339  0.35%   2.7    5s
H139032 101769                    29717.000000 29808.9339  0.31%   2.6    8s
 152732 110786 29745.2935  219   13 29717.0000 29808.2997  0.31%   2.7   10s
H199812 126714                    29724.000000 29808.2703  0.28%   2.6   12s
 215779 136634 29747.3138  390   19 29724.0000 29807.8936  0.28%   2.8   15s
 381309 164054 29730.9190  428    7 29724.0000 29807.8936  0.28%   3.5   20s
 507937 155502 29727.0267  428   11 29724.0000 29807.8936  0.28%   4.1   25s
H622293 151076                    29727.000000 29807.8936  0.27%   4.4   29s
 635838 154012 29807.8936  390   20 29727.0000 29807.8936  0.27%   4.4   30s
H661112 157900                    29729.000000 29807.8936  0.27%   4.5   31s
H672625 153352                    29736.000000 29807.8936  0.24%   4.5   32s
H673364 146225                    29743.000000 29807.8936  0.22%   4.5   33s
 699987 161543 29801.8467  142   17 29743.0000 29806.2510  0.21%   4.5   35s
H700024 153352                    29746.000000 29806.2510  0.20%   4.5   35s
 749087 182632 29800.0000  416   15 29746.0000 29806.2510  0.20%   4.4   40s
 899428 241072 29748.5393  194   10 29746.0000 29806.2510  0.20%   4.2   45s
 1050964 287170 29788.3937  181   10 29746.0000 29806.2510  0.20%   4.1   50s
 1200198 333946     cutoff  184      29746.0000 29806.2510  0.20%   4.2   55s
 1335989 419726 29750.9049  210   14 29746.0000 29806.2510  0.20%   4.1   60s
 1504689 523625 29752.1733  226   10 29746.0000 29806.2510  0.20%   4.1   65s
 1665116 620181 29748.1878  190   12 29746.0000 29806.2510  0.20%   4.1   70s
 1817926 708375 29772.0813  195   13 29746.0000 29806.2510  0.20%   4.2   75s
 1945929 787273 29770.7235  194   10 29746.0000 29806.2510  0.20%   4.2   80s
 2101604 880486 29769.8922  201   12 29746.0000 29806.2510  0.20%   4.2   85s
 2259174 970713     cutoff  184      29746.0000 29806.2510  0.20%   4.2   90s
 2394799 1048346 29806.2510  190   16 29746.0000 29806.2510  0.20%   4.2   95s
 2555428 1140120 29798.5561  179   11 29746.0000 29806.2510  0.20%   4.2  100s
 2694642 1220250 29757.3269  217   10 29746.0000 29806.2510  0.20%   4.2  105s
 2824817 1292553 29751.8513  205   12 29746.0000 29806.2510  0.20%   4.2  110s
 2990566 1388403 29781.7336  181   15 29746.0000 29806.2510  0.20%   4.2  115s
 3146294 1484887 29770.2922  214   13 29746.0000 29806.2510  0.20%   4.1  120s
 3326653 1595829 29777.9611  205   15 29746.0000 29806.2510  0.20%   4.1  125s
 3507241 1701502 29748.2817  195   12 29746.0000 29806.2510  0.20%   4.1  130s
 3665944 1791165     cutoff  204      29746.0000 29806.2510  0.20%   4.1  135s
 3825305 1883012 29763.3919  230   12 29746.0000 29806.2510  0.20%   4.1  140s
 4002298 1987524 29771.5688  193   14 29746.0000 29806.2510  0.20%   4.0  145s
H4004443 1884243                    29749.000000 29806.2510  0.19%   4.0  145s
H4012041 1793714                    29754.000448 29806.2510  0.18%   4.0  148s
 4058363 1820518 29793.9188  228   15 29754.0004 29806.2510  0.18%   4.0  150s
H4092696 1735923                    29764.000000 29806.2510  0.14%   4.0  150s
 4183135 1780508 29800.0000  391   16 29764.0000 29806.2510  0.14%   4.0  155s
 4373251 1791745 29791.0815  384   12 29764.0000 29806.2510  0.14%   4.0  160s
 4579759 1800460 29806.2510  333   15 29764.0000 29806.2510  0.14%   4.0  165s
 4809603 1826605 29806.2510  358   18 29764.0000 29806.2510  0.14%   3.9  170s
 4987924 1815829 29806.2510  354   15 29764.0000 29806.2510  0.14%   3.9  175s
H4997951 1665826                    29775.000000 29806.2510  0.10%   3.9  175s
 5062467 1692532 29800.0000  329   15 29775.0000 29806.2510  0.10%   3.9  180s
 5271049 1708189 29800.0000  326   14 29775.0000 29806.2510  0.10%   3.9  185s
 5497633 1736934 29797.9582  350   14 29775.0000 29806.2510  0.10%   3.9  190s
 5676417 1752974 29806.2510  381   16 29775.0000 29806.2510  0.10%   3.9  195s
 5872236 1732860 29806.2510  411   15 29775.0000 29806.2510  0.10%   3.9  200s
 6084072 1711203 29806.2510  383   17 29775.0000 29806.2510  0.10%   3.9  205s
 6273683 1686255     cutoff  397      29775.0000 29806.2510  0.10%   3.9  210s
 6444063 1658090     cutoff  358      29775.0000 29806.2510  0.10%   3.9  215s
 6591781 1648870     cutoff  361      29775.0000 29806.2510  0.10%   4.0  220s
 6720229 1624255 29777.1605  374   14 29775.0000 29806.2510  0.10%   4.0  225s
 6889446 1589251 29806.2510  374   15 29775.0000 29806.2510  0.10%   4.0  230s
 7074485 1561033     cutoff  383      29775.0000 29806.2510  0.10%   4.0  235s
 7285827 1529524 29806.2510  364   16 29775.0000 29806.2510  0.10%   4.0  240s
 7503449 1496502     cutoff  380      29775.0000 29806.2510  0.10%   4.0  245s
 7705650 1468526     cutoff  431      29775.0000 29806.2510  0.10%   4.0  250s
 7924657 1450123 29783.1414  380   14 29775.0000 29806.2510  0.10%   4.0  255s
 8146351 1413511 29806.2510  382   18 29775.0000 29806.2510  0.10%   4.0  260s
 8374737 1382026 29802.4485  346   17 29775.0000 29806.2510  0.10%   4.0  265s
 8530405 1359210 29806.2510  359   15 29775.0000 29806.2510  0.10%   4.0  270s
 8700390 1324652 29791.7922  344   13 29775.0000 29806.2510  0.10%   4.0  275s
 8879577 1296962 29806.2510  329   16 29775.0000 29806.2510  0.10%   4.0  280s
 9021263 1265455 29806.2510  328   13 29775.0000 29806.2510  0.10%   4.1  285s
 9201334 1228380 29806.2510  365   19 29775.0000 29806.2510  0.10%   4.1  290s
 9374628 1216893     cutoff  385      29775.0000 29806.2510  0.10%   4.1  295s
 9541203 1184896 29787.8737  390   17 29775.0000 29806.2510  0.10%   4.1  300s
 9708114 1172404 29800.7500  340   15 29775.0000 29806.2510  0.10%   4.2  305s
 9848513 1159230 29801.7744  371   13 29775.0000 29806.2510  0.10%   4.2  310s
 9975063 1140145 29806.2510  345   15 29775.0000 29806.2510  0.10%   4.2  315s
 10120366 1163437 29806.2510  345   15 29775.0000 29806.2510  0.10%   4.2  320s
 10319707 1201811 29797.6350  368   12 29775.0000 29806.2510  0.10%   4.2  325s
 10524650 1235076 29786.5112  352   13 29775.0000 29806.2510  0.10%   4.2  330s
 10700550 1267191     cutoff  362      29775.0000 29806.2510  0.10%   4.2  335s
 10872118 1301465 29803.7500  359   10 29775.0000 29806.2510  0.10%   4.2  340s
 11075616 1343972     cutoff  373      29775.0000 29806.2510  0.10%   4.2  345s
 11268989 1376167     cutoff  348      29775.0000 29806.2510  0.10%   4.3  350s
 11436742 1405600     cutoff  367      29775.0000 29806.2510  0.10%   4.3  355s
 11613833 1434562 29806.0000  363   15 29775.0000 29806.2510  0.10%   4.3  360s
 11789729 1468676 29784.6701  356   15 29775.0000 29806.2510  0.10%   4.3  365s
 11973920 1510096     cutoff  376      29775.0000 29806.2510  0.10%   4.3  370s
 12153361 1539806 29806.2510  342   13 29775.0000 29806.2510  0.10%   4.3  375s
 12297684 1573617 29806.2510  350   16 29775.0000 29806.2510  0.10%   4.3  380s
 12479976 1606905     cutoff  377      29775.0000 29806.2510  0.10%   4.3  385s
 12683997 1641842     cutoff  379      29775.0000 29806.2510  0.10%   4.3  390s
 12877806 1680617     cutoff  360      29775.0000 29806.2510  0.10%   4.3  395s
 13075073 1716138     cutoff  352      29775.0000 29806.2510  0.10%   4.3  400s
 13290297 1750666 29806.2510  360   14 29775.0000 29806.2510  0.10%   4.3  405s
 13498584 1794680 29800.7500  354   14 29775.0000 29806.2510  0.10%   4.3  410s
 13672323 1827302     cutoff  384      29775.0000 29806.2510  0.10%   4.3  415s
 13865034 1869222 29806.2510  355   16 29775.0000 29806.2510  0.10%   4.3  420s
 14073852 1908111     cutoff  349      29775.0000 29806.2510  0.10%   4.3  425s
 14266899 1944167     cutoff  364      29775.0000 29806.2510  0.10%   4.3  430s
 14465652 1980550 29806.2510  351   15 29775.0000 29806.2510  0.10%   4.3  435s
 14647121 2018681     cutoff  362      29775.0000 29806.2510  0.10%   4.3  440s
 14849066 2063700 29806.2510  344   15 29775.0000 29806.2510  0.10%   4.3  445s
 15052855 2099353 29806.2510  377   15 29775.0000 29806.2510  0.10%   4.3  450s
 15248577 2127191 29806.2510  347   16 29775.0000 29806.2510  0.10%   4.3  455s
 15450842 2150577     cutoff  364      29775.0000 29806.2510  0.10%   4.3  460s
 15651044 2171346     cutoff  367      29775.0000 29806.2510  0.10%   4.3  465s
 15848666 2189928 29797.2020  364   16 29775.0000 29806.2510  0.10%   4.3  470s
 16053329 2210409 29797.9582  361   12 29775.0000 29806.2510  0.10%   4.3  475s
 16246369 2227441     cutoff  358      29775.0000 29806.2510  0.10%   4.3  480s
 16457828 2254017     cutoff  356      29775.0000 29806.2510  0.10%   4.3  485s
 16631381 2272778 29806.2510  356   14 29775.0000 29806.2510  0.10%   4.3  490s
 16811086 2293068 29803.0000  363   14 29775.0000 29806.2510  0.10%   4.3  495s
 16972774 2314242 29806.2510  338   14 29775.0000 29806.2510  0.10%   4.3  500s
 17147926 2336409 29786.6759  369   10 29775.0000 29806.2510  0.10%   4.4  505s
 17315446 2359456     cutoff  384      29775.0000 29806.2510  0.10%   4.4  510s
 17471011 2378276     cutoff  356      29775.0000 29806.2510  0.10%   4.4  515s
 17651455 2398952 29806.2510  352   15 29775.0000 29806.2510  0.10%   4.4  520s
 17799387 2414711     cutoff  359      29775.0000 29806.2510  0.10%   4.4  525s
 17909713 2430178 29798.4047  350   15 29775.0000 29806.2510  0.10%   4.4  530s
 18061298 2448434 29806.2510  368   15 29775.0000 29806.2510  0.10%   4.4  535s
 18218771 2469081     cutoff  387      29775.0000 29806.2510  0.10%   4.5  540s
 18368696 2489487 29783.8256  356   11 29775.0000 29806.2510  0.10%   4.5  545s
 18533980 2509238     cutoff  378      29775.0000 29806.2510  0.10%   4.5  550s
 18687069 2539574 29790.9114  358   13 29775.0000 29806.2510  0.10%   4.5  555s
 18851919 2577004     cutoff  362      29775.0000 29806.2510  0.10%   4.5  560s
 19039550 2613695 29806.2510  374   16 29775.0000 29806.2510  0.10%   4.5  565s
 19221727 2638967     cutoff  339      29775.0000 29806.2510  0.10%   4.5  570s
 19395567 2673577     cutoff  350      29775.0000 29806.2510  0.10%   4.5  575s
 19589267 2697010     cutoff  370      29775.0000 29806.2510  0.10%   4.5  580s
 19767061 2721935 29783.8322  385   14 29775.0000 29806.2510  0.10%   4.5  585s
 19961645 2748324 29790.8422  366    9 29775.0000 29806.2510  0.10%   4.5  590s
 20150758 2770189 29806.2510  386   16 29775.0000 29806.2510  0.10%   4.5  595s
 20341917 2792835 29806.2510  352   16 29775.0000 29806.2510  0.10%   4.5  600s
 20525654 2814983     cutoff  373      29775.0000 29806.2510  0.10%   4.5  605s
 20720683 2841062 29806.2510  347   15 29775.0000 29806.2510  0.10%   4.5  610s
 20895564 2864261 29806.2510  342   17 29775.0000 29806.2510  0.10%   4.5  615s
 21072196 2888358 29785.7073  360   12 29775.0000 29806.2510  0.10%   4.5  620s
 21266033 2911311 29798.9482  380   13 29775.0000 29806.2510  0.10%   4.5  625s
 21448571 2932237     cutoff  382      29775.0000 29806.2510  0.10%   4.5  630s
 21639516 2961550 29806.2510  357   17 29775.0000 29806.2510  0.10%   4.5  635s
 21834689 2981901     cutoff  381      29775.0000 29806.2510  0.10%   4.5  640s
 22028111 3010520 29806.2510  352   16 29775.0000 29806.2510  0.10%   4.5  645s
 22211864 3034622 infeasible  363      29775.0000 29806.2510  0.10%   4.5  650s
 22396619 3055093 29806.2510  359   16 29775.0000 29806.2510  0.10%   4.5  655s
 22565178 3075948 29806.2510  362   15 29775.0000 29806.2510  0.10%   4.5  660s
 22747898 3095865     cutoff  363      29775.0000 29806.2510  0.10%   4.5  665s
 22935898 3119602 29806.2510  374   17 29775.0000 29806.2510  0.10%   4.5  670s
 23129827 3140168 29806.2510  378   16 29775.0000 29806.2510  0.10%   4.5  675s
 23318180 3162520     cutoff  369      29775.0000 29806.2510  0.10%   4.5  680s
 23506608 3189297     cutoff  357      29775.0000 29806.2510  0.10%   4.5  685s
 23699732 3214216 29806.2510  360   15 29775.0000 29806.2510  0.10%   4.5  690s
 23891507 3242679 29806.2510  378   16 29775.0000 29806.2510  0.10%   4.5  695s
 24058065 3263075 29801.5000  367   13 29775.0000 29806.2510  0.10%   4.5  700s
 24250531 3286100 29800.7500  355   14 29775.0000 29806.2510  0.10%   4.5  705s
 24441923 3315150     cutoff  381      29775.0000 29806.2510  0.10%   4.5  710s
 24627134 3336470 infeasible  394      29775.0000 29806.2510  0.10%   4.5  715s
 24797137 3360053     cutoff  367      29775.0000 29806.2510  0.10%   4.5  720s
 24980119 3382700     cutoff  342      29775.0000 29806.2510  0.10%   4.5  725s
 25156087 3404152 29806.2510  358   15 29775.0000 29806.2510  0.10%   4.5  730s
 25345508 3429511 29806.2510  355   14 29775.0000 29806.2510  0.10%   4.5  735s
 25525268 3455988 29804.5000  362   14 29775.0000 29806.2510  0.10%   4.5  740s
 25702930 3479106     cutoff  354      29775.0000 29806.2510  0.10%   4.5  745s
 25861554 3501000     cutoff  338      29775.0000 29806.2510  0.10%   4.5  750s
 26043173 3530785 29806.2510  345   16 29775.0000 29806.2510  0.10%   4.5  755s
 26228526 3555174 29802.2500  362   14 29775.0000 29806.2510  0.10%   4.5  760s
 26408735 3578731 29794.8955  333   14 29775.0000 29806.2510  0.10%   4.5  765s
 26591712 3606219     cutoff  373      29775.0000 29806.2510  0.10%   4.5  770s
 26756189 3624829 29776.5192  384   11 29775.0000 29806.2510  0.10%   4.5  775s
 26934023 3655195 29806.2510  375   15 29775.0000 29806.2510  0.10%   4.5  780s
 27072308 3676509 29800.2082  359   10 29775.0000 29806.2510  0.10%   4.5  785s
 27246064 3700119     cutoff  357      29775.0000 29806.2510  0.10%   4.5  790s
 27425782 3726198 29800.7500  351   12 29775.0000 29806.2510  0.10%   4.5  795s
 27591851 3745515 29788.7143  380    8 29775.0000 29806.2510  0.10%   4.5  800s
 27771283 3766301     cutoff  360      29775.0000 29806.2510  0.10%   4.5  805s
 27940315 3788233 29782.6446  359   10 29775.0000 29806.2510  0.10%   4.5  810s
 28128099 3814599 29781.5767  382    9 29775.0000 29806.2510  0.10%   4.5  815s
 28312293 3844815     cutoff  376      29775.0000 29806.2510  0.10%   4.5  820s
 28482858 3873838 29806.2510  352   14 29775.0000 29806.2510  0.10%   4.5  825s
 28626842 3892116 29778.4962  376   15 29775.0000 29806.2510  0.10%   4.5  830s
 28802204 3917373     cutoff  362      29775.0000 29806.2510  0.10%   4.5  835s
 28973366 3941891 29806.2510  366   16 29775.0000 29806.2510  0.10%   4.5  840s
 29136470 3962651 29806.2510  382   15 29775.0000 29806.2510  0.10%   4.5  845s
 29312790 3981770 29806.2510  361   16 29775.0000 29806.2510  0.10%   4.5  850s
 29477608 4007817     cutoff  366      29775.0000 29806.2510  0.10%   4.5  855s
 29641240 4032828 29806.2510  363   16 29775.0000 29806.2510  0.10%   4.5  860s
 29786825 4052093     cutoff  368      29775.0000 29806.2510  0.10%   4.5  865s
 29964475 4081610 29806.2510  334   17 29775.0000 29806.2510  0.10%   4.5  870s
 30141793 4111027     cutoff  354      29775.0000 29806.2510  0.10%   4.5  875s
 30315720 4140550 29806.2510  375   15 29775.0000 29806.2510  0.10%   4.5  880s
 30487958 4163318 29806.2510  347   15 29775.0000 29806.2510  0.10%   4.5  885s
 30649336 4182272 29787.3728  363   12 29775.0000 29806.2510  0.10%   4.5  890s
 30795072 4194771 29781.2474  364   10 29775.0000 29806.2510  0.10%   4.5  895s
 30924553 4208066     cutoff  375      29775.0000 29806.2510  0.10%   4.5  900s
 31064246 4218952     cutoff  363      29775.0000 29806.2510  0.10%   4.5  905s
 31213286 4233311     cutoff  365      29775.0000 29806.2510  0.10%   4.5  910s
 31337735 4243960 29793.2143  369   11 29775.0000 29806.2510  0.10%   4.5  915s
 31485261 4259520 29806.2510  367   16 29775.0000 29806.2510  0.10%   4.5  920s
 31623097 4273014     cutoff  365      29775.0000 29806.2510  0.10%   4.5  925s
 31740844 4284004 29806.2510  367   16 29775.0000 29806.2510  0.10%   4.5  930s
 31868662 4296152     cutoff  366      29775.0000 29806.2510  0.10%   4.5  935s
 32004079 4312147 29795.9179  369   10 29775.0000 29806.2510  0.10%   4.5  940s
 32127092 4323151     cutoff  372      29775.0000 29806.2510  0.10%   4.5  945s
 32264631 4339392 29806.2510  347   14 29775.0000 29806.2510  0.10%   4.5  950s
 32427196 4362449 29806.2510  358   16 29775.0000 29806.2510  0.10%   4.5  955s
 32574651 4386111     cutoff  375      29775.0000 29806.2510  0.10%   4.5  960s
 32741171 4415465     cutoff  367      29775.0000 29806.2510  0.10%   4.5  965s
 32902282 4445231 29806.2510  360   16 29775.0000 29806.2510  0.10%   4.5  970s
 33049518 4466762 infeasible  360      29775.0000 29806.2510  0.10%   4.5  975s
 33200249 4484695 29796.3321  363   13 29775.0000 29806.2510  0.10%   4.5  980s
 33342868 4506846     cutoff  372      29775.0000 29806.2510  0.10%   4.5  985s
 33485626 4529371     cutoff  361      29775.0000 29806.2510  0.10%   4.5  990s
 33646080 4555191 29800.7500  360   12 29775.0000 29806.2510  0.10%   4.5  995s
 33808844 4573016     cutoff  385      29775.0000 29806.2510  0.10%   4.5 1000s
 33950439 4588314 29806.2510  372   14 29775.0000 29806.2510  0.10%   4.5 1005s
 34116834 4607198 29798.9791  353   12 29775.0000 29806.2510  0.10%   4.5 1010s
 34259467 4624476 29804.3118  353   15 29775.0000 29806.2510  0.10%   4.5 1015s
 34414481 4647241 29806.2510  367   15 29775.0000 29806.2510  0.10%   4.5 1020s
 34573160 4680223 29806.2510  380   15 29775.0000 29806.2510  0.10%   4.5 1025s
 34720772 4710202 29806.2510  347   15 29775.0000 29806.2510  0.10%   4.5 1030s
 34850989 4734453 29793.9248  360   15 29775.0000 29806.2510  0.10%   4.5 1035s
 35007482 4759959 29806.2510  363   16 29775.0000 29806.2510  0.10%   4.5 1040s
 35153769 4786210 29789.8013  391   11 29775.0000 29806.2510  0.10%   4.5 1045s
 35309002 4808307 29782.7546  353   11 29775.0000 29806.2510  0.10%   4.5 1050s
 35460810 4831945 29806.2510  355   15 29775.0000 29806.2510  0.10%   4.5 1055s
 35593869 4852503     cutoff  366      29775.0000 29806.2510  0.10%   4.5 1060s
 35750580 4874026     cutoff  373      29775.0000 29806.2510  0.10%   4.5 1065s
 35892805 4893233     cutoff  368      29775.0000 29806.2510  0.10%   4.5 1070s
 36024054 4911337 29800.7500  376   14 29775.0000 29806.2510  0.10%   4.5 1075s
 36167007 4930492 29806.2510  368   16 29775.0000 29806.2510  0.10%   4.5 1080s
 36245742 4945039     cutoff  359      29775.0000 29806.2510  0.10%   4.5 1085s
 36363956 4961414     cutoff  360      29775.0000 29806.2510  0.10%   4.5 1090s
 36488955 4980137     cutoff  371      29775.0000 29806.2510  0.10%   4.5 1095s
 36617579 4990606 29806.2510  363   15 29775.0000 29806.2510  0.10%   4.5 1100s
 36726928 5005563 29806.2510  362   12 29775.0000 29806.2510  0.10%   4.5 1105s
 36842427 5024982 infeasible  392      29775.0000 29806.2510  0.10%   4.5 1110s
 36954036 5040623 29801.9383  377   12 29775.0000 29806.2510  0.10%   4.5 1115s
 37054055 5053432 29791.8211  382   11 29775.0000 29806.2510  0.10%   4.5 1120s
 37172978 5073492 29806.2510  338   17 29775.0000 29806.2510  0.10%   4.5 1125s
 37263897 5085791 29803.0000  347   13 29775.0000 29806.2510  0.10%   4.5 1130s
 37359398 5100035 29806.2510  360   15 29775.0000 29806.2510  0.10%   4.6 1135s
 37466909 5121910 29801.5000  369   13 29775.0000 29806.2510  0.10%   4.6 1140s
 37575423 5138455     cutoff  373      29775.0000 29806.2510  0.10%   4.6 1145s
 37678251 5153267     cutoff  347      29775.0000 29806.2510  0.10%   4.6 1150s
 37777560 5172395 29806.2510  354   16 29775.0000 29806.2510  0.10%   4.6 1155s
 37889506 5190408 29806.2510  389   17 29775.0000 29806.2510  0.10%   4.6 1160s
 37988277 5207985 29796.9221  378   11 29775.0000 29806.2510  0.10%   4.6 1165s
 38082129 5220621 29806.2510  345   18 29775.0000 29806.2510  0.10%   4.6 1170s
 38163676 5241569     cutoff  381      29775.0000 29806.2510  0.10%   4.6 1175s
 38259760 5262112     cutoff  363      29775.0000 29806.2510  0.10%   4.6 1180s
 38350474 5271289     cutoff  357      29775.0000 29806.2510  0.10%   4.6 1185s
 38447117 5283430     cutoff  378      29775.0000 29806.2510  0.10%   4.6 1190s
 38548531 5296663     cutoff  360      29775.0000 29806.2510  0.10%   4.6 1195s
 38640426 5307673 29806.2510  399   18 29775.0000 29806.2510  0.10%   4.6 1200s
 38715194 5317728 29806.2510  334   16 29775.0000 29806.2510  0.10%   4.6 1205s
 38786301 5328666 infeasible  395      29775.0000 29806.2510  0.10%   4.6 1210s
 38864694 5337835 29806.2510  362   16 29775.0000 29806.2510  0.10%   4.6 1215s
 38970632 5353565 29806.2510  369   16 29775.0000 29806.2510  0.10%   4.6 1220s
 39073341 5367268 29806.2510  369   13 29775.0000 29806.2510  0.10%   4.6 1225s
 39192196 5381615 29800.0000  365   12 29775.0000 29806.2510  0.10%   4.6 1230s
 39295307 5395787 29806.2510  364   11 29775.0000 29806.2510  0.10%   4.6 1235s
 39413459 5407347     cutoff  361      29775.0000 29806.2510  0.10%   4.6 1240s
 39512700 5416783 29789.7403  380    8 29775.0000 29806.2510  0.10%   4.6 1245s
 39627178 5431095 29784.3231  374   11 29775.0000 29806.2510  0.10%   4.6 1250s
 39749634 5446044 29806.2510  370   14 29775.0000 29806.2510  0.10%   4.6 1255s
 39840092 5455630     cutoff  362      29775.0000 29806.2510  0.10%   4.6 1260s
 39947486 5471832 29796.9373  382   11 29775.0000 29806.2510  0.10%   4.6 1265s
 40057156 5486876     cutoff  386      29775.0000 29806.2510  0.10%   4.6 1270s
 40165787 5500800 29806.2510  368   16 29775.0000 29806.2510  0.10%   4.6 1275s
 40286043 5514626 29792.6450  374    9 29775.0000 29806.2510  0.10%   4.6 1280s
 40385227 5526102 29806.2510  372   15 29775.0000 29806.2510  0.10%   4.6 1285s
 40514381 5542558 29791.9151  391   13 29775.0000 29806.2510  0.10%   4.7 1290s
 40628344 5557989     cutoff  367      29775.0000 29806.2510  0.10%   4.7 1295s
 40718627 5564900 infeasible  338      29775.0000 29806.2510  0.10%   4.7 1300s
 40820121 5581623 29806.2510  361   15 29775.0000 29806.2510  0.10%   4.7 1305s
 40917211 5597718 29806.2510  369   14 29775.0000 29806.2510  0.10%   4.7 1310s
 41026325 5618501     cutoff  370      29775.0000 29806.2510  0.10%   4.7 1315s
 41121773 5627151     cutoff  362      29775.0000 29806.2510  0.10%   4.7 1320s
 41225057 5639089 29806.2510  355   15 29775.0000 29806.2510  0.10%   4.7 1325s
 41299525 5646685 29806.2510  377   16 29775.0000 29806.2510  0.10%   4.7 1330s
 41355350 5653207     cutoff  374      29775.0000 29806.2510  0.10%   4.7 1335s
 41460276 5667548 29806.2510  373   15 29775.0000 29806.2510  0.10%   4.7 1340s
 41562373 5682755 29806.2510  375   14 29775.0000 29806.2510  0.10%   4.7 1345s
 41668373 5692242 29776.4017  369   15 29775.0000 29806.2510  0.10%   4.7 1350s
 41774654 5706374 29790.7756  369   10 29775.0000 29806.2510  0.10%   4.7 1355s
 41866027 5718980     cutoff  355      29775.0000 29806.2510  0.10%   4.7 1360s
 41996615 5736823 29804.5000  389   13 29775.0000 29806.2510  0.10%   4.7 1365s
 42112941 5750672 29776.4026  360    8 29775.0000 29806.2510  0.10%   4.7 1370s
 42187720 5758067     cutoff  377      29775.0000 29806.2510  0.10%   4.7 1375s
 42277888 5769640 29779.5741  378   13 29775.0000 29806.2510  0.10%   4.7 1380s
 42392951 5782920     cutoff  379      29775.0000 29806.2510  0.10%   4.7 1385s
 42531229 5796602 infeasible  388      29775.0000 29806.2510  0.10%   4.7 1390s
 42630305 5807130     cutoff  358      29775.0000 29806.2510  0.10%   4.7 1395s
 42738013 5816979     cutoff  390      29775.0000 29806.2510  0.10%   4.7 1400s
 42863723 5831005 29780.5065  352   13 29775.0000 29806.2510  0.10%   4.7 1405s
 42970854 5839410 29779.4698  364   10 29775.0000 29806.2510  0.10%   4.7 1410s
 43078062 5856997 29806.2510  371   16 29775.0000 29806.2510  0.10%   4.7 1415s
 43163385 5870769 29779.0935  380   14 29775.0000 29806.2510  0.10%   4.7 1420s
 43287050 5883187 29806.2510  361   14 29775.0000 29806.2510  0.10%   4.7 1425s
 43389524 5890484     cutoff  358      29775.0000 29806.2510  0.10%   4.7 1430s
 43478767 5898461 29779.5459  375   12 29775.0000 29806.2510  0.10%   4.7 1435s
 43591872 5909643 29806.2510  373   15 29775.0000 29806.2510  0.10%   4.7 1440s
 43688218 5929590 29806.2510  379   14 29775.0000 29806.2510  0.10%   4.7 1445s
 43809728 5945720 29806.2510  371   16 29775.0000 29806.2510  0.10%   4.7 1450s
 43935743 5959591 infeasible  370      29775.0000 29806.2510  0.10%   4.7 1455s
 44071537 5975575 29798.4074  358   15 29775.0000 29806.2510  0.10%   4.7 1460s
 44180034 5991428 29806.2510  374   14 29775.0000 29806.2510  0.10%   4.7 1465s
 44281485 6001553 29806.2510  366   16 29775.0000 29806.2510  0.10%   4.7 1470s
 44373634 6010995 29806.2510  371   15 29775.0000 29806.2510  0.10%   4.7 1475s
 44499060 6019587 29799.9373  371   12 29775.0000 29806.2510  0.10%   4.7 1480s
 44582317 6029477 infeasible  356      29775.0000 29806.2510  0.10%   4.7 1485s
 44687047 6047747     cutoff  357      29775.0000 29806.2510  0.10%   4.7 1490s
 44823405 6065986 29806.2510  364   14 29775.0000 29806.2510  0.10%   4.7 1495s
 44929337 6080035 29803.7500  370   13 29775.0000 29806.2510  0.10%   4.7 1500s
 45058890 6092863     cutoff  355      29775.0000 29806.2510  0.10%   4.7 1505s
 45146121 6101878 29800.7500  357   12 29775.0000 29806.2510  0.10%   4.7 1510s
 45255234 6113784     cutoff  372      29775.0000 29806.2510  0.10%   4.7 1515s
 45368626 6128497 29793.8084  348   13 29775.0000 29806.2510  0.10%   4.7 1520s
 45481641 6140500 29806.2510  357   15 29775.0000 29806.2510  0.10%   4.7 1525s
 45592988 6151471 29802.7251  367   11 29775.0000 29806.2510  0.10%   4.7 1530s
 45695799 6170363 29806.2510  359   17 29775.0000 29806.2510  0.10%   4.7 1535s
 45810426 6182990 29806.2510  381   17 29775.0000 29806.2510  0.10%   4.7 1540s
 45889868 6197659 29786.6178  363   11 29775.0000 29806.2510  0.10%   4.7 1545s
 45998621 6211723     cutoff  363      29775.0000 29806.2510  0.10%   4.7 1550s
 46110207 6228589     cutoff  354      29775.0000 29806.2510  0.10%   4.7 1555s
 46212368 6241220     cutoff  372      29775.0000 29806.2510  0.10%   4.7 1560s
 46325255 6264413     cutoff  370      29775.0000 29806.2510  0.10%   4.7 1565s
 46427458 6283795 29794.8951  376   11 29775.0000 29806.2510  0.10%   4.7 1570s
 46527489 6298924 29806.2510  340   15 29775.0000 29806.2510  0.10%   4.7 1575s
 46617969 6309037 29806.2510  371   12 29775.0000 29806.2510  0.10%   4.7 1580s
 46721921 6321045 29806.2510  342   15 29775.0000 29806.2510  0.10%   4.7 1585s
 46826639 6335074 29806.2510  352   18 29775.0000 29806.2510  0.10%   4.7 1590s
 46936658 6358819     cutoff  349      29775.0000 29806.2510  0.10%   4.7 1595s
 47036078 6373417 29784.4560  393   15 29775.0000 29806.2510  0.10%   4.7 1600s
 47114596 6389134 29795.8961  371   12 29775.0000 29806.2510  0.10%   4.7 1605s
 47223328 6413175     cutoff  376      29775.0000 29806.2510  0.10%   4.7 1610s
 47324387 6428260 29806.2510  370   16 29775.0000 29806.2510  0.10%   4.7 1615s
 47428541 6436933     cutoff  346      29775.0000 29806.2510  0.10%   4.7 1620s
 47536365 6450711     cutoff  371      29775.0000 29806.2510  0.10%   4.7 1625s
 47650902 6459417 29776.5282  360   15 29775.0000 29806.2510  0.10%   4.7 1630s
 47742727 6467850 29806.2510  335   15 29775.0000 29806.2510  0.10%   4.7 1635s
 47844541 6478510 29795.2830  369   15 29775.0000 29806.2510  0.10%   4.7 1640s
 47957169 6486802 29806.2510  382   18 29775.0000 29806.2510  0.10%   4.7 1645s
 48057089 6496928     cutoff  408      29775.0000 29806.2510  0.10%   4.7 1650s
 48130311 6505727     cutoff  382      29775.0000 29806.2510  0.10%   4.7 1655s
 48236288 6519663     cutoff  406      29775.0000 29806.2510  0.10%   4.7 1660s
 48331888 6532646     cutoff  362      29775.0000 29806.2510  0.10%   4.7 1665s
 48428342 6545618 29806.2510  362   14 29775.0000 29806.2510  0.10%   4.7 1670s
 48539362 6563207 29806.0000  374   14 29775.0000 29806.2510  0.10%   4.7 1675s
 48634954 6579276 29806.2510  348   15 29775.0000 29806.2510  0.10%   4.7 1680s
 48738024 6589543     cutoff  384      29775.0000 29806.2510  0.10%   4.7 1685s
 48846684 6601166     cutoff  430      29775.0000 29806.2510  0.10%   4.7 1690s
 48925266 6612631     cutoff  373      29775.0000 29806.2510  0.10%   4.7 1695s
 49030060 6628939     cutoff  378      29775.0000 29806.2510  0.10%   4.7 1700s
 49130395 6642411 29795.9467  366   13 29775.0000 29806.2510  0.10%   4.7 1705s
 49231776 6649857     cutoff  369      29775.0000 29806.2510  0.10%   4.7 1710s
 49331382 6661590     cutoff  369      29775.0000 29806.2510  0.10%   4.7 1715s
 49418650 6671160 infeasible  379      29775.0000 29806.2510  0.10%   4.7 1720s
 49515600 6684612 29806.2510  335   15 29775.0000 29806.2510  0.10%   4.7 1725s
 49588953 6696516     cutoff  393      29775.0000 29806.2510  0.10%   4.7 1730s
 49687856 6705550     cutoff  392      29775.0000 29806.2510  0.10%   4.7 1735s
 49794047 6720480 29786.7755  391   12 29775.0000 29806.2510  0.10%   4.7 1740s
 49891831 6736693 29789.8944  388   13 29775.0000 29806.2510  0.10%   4.7 1745s
 49980262 6749298 29802.2500  392   17 29775.0000 29806.2510  0.10%   4.7 1750s
 50064219 6764619     cutoff  372      29775.0000 29806.2510  0.10%   4.7 1755s
 50151967 6774916 29806.2510  355   16 29775.0000 29806.2510  0.10%   4.7 1760s
 50248901 6794237     cutoff  361      29775.0000 29806.2510  0.10%   4.7 1765s
 50343774 6807359     cutoff  389      29775.0000 29806.2510  0.10%   4.7 1770s
 50425602 6818377 29806.2510  359   16 29775.0000 29806.2510  0.10%   4.7 1775s
 50511392 6828827 29792.4616  383   15 29775.0000 29806.2510  0.10%   4.7 1780s
 50618537 6840156     cutoff  406      29775.0000 29806.2510  0.10%   4.7 1785s
 50729038 6853786 29806.2510  354   16 29775.0000 29806.2510  0.10%   4.7 1790s
 50829993 6867854     cutoff  328      29775.0000 29806.2510  0.10%   4.7 1795s
 50919719 6881388     cutoff  373      29775.0000 29806.2510  0.10%   4.7 1800s
 51009964 6895795 29799.7526  372   15 29775.0000 29806.2510  0.10%   4.7 1805s
 51106149 6910557     cutoff  386      29775.0000 29806.2510  0.10%   4.7 1810s
 51220442 6923340     cutoff  374      29775.0000 29806.2510  0.10%   4.7 1815s
 51316849 6935304 29806.2510  367   17 29775.0000 29806.2510  0.10%   4.7 1820s
 51383404 6944414     cutoff  365      29775.0000 29806.2510  0.10%   4.7 1825s
 51480972 6962540 29806.2510  358   18 29775.0000 29806.2510  0.10%   4.7 1830s
 51570668 6972055 29806.2510  373   16 29775.0000 29806.2510  0.10%   4.7 1835s
 51677758 6984924 29802.2500  358   16 29775.0000 29806.2510  0.10%   4.7 1840s
 51783055 6996032 29792.6700  332   14 29775.0000 29806.2510  0.10%   4.7 1845s
 51884667 7006400     cutoff  379      29775.0000 29806.2510  0.10%   4.6 1850s
 51974052 7020446 29806.2510  357   16 29775.0000 29806.2510  0.10%   4.6 1855s
 52059462 7033360 29806.2510  369   15 29775.0000 29806.2510  0.10%   4.6 1860s
 52159761 7045008 29806.2510  376   11 29775.0000 29806.2510  0.10%   4.6 1865s
 52231780 7055483     cutoff  373      29775.0000 29806.2510  0.10%   4.6 1870s
 52333036 7068694 29785.1000  377   11 29775.0000 29806.2510  0.10%   4.6 1875s
 52433216 7082466 29806.2510  374   16 29775.0000 29806.2510  0.10%   4.6 1880s
 52528374 7096947 29806.2510  353   16 29775.0000 29806.2510  0.10%   4.6 1885s
 52629041 7110046 29799.9373  372   13 29775.0000 29806.2510  0.10%   4.6 1890s
 52717512 7124270 29781.5555  340   16 29775.0000 29806.2510  0.10%   4.6 1895s
 52805023 7137897 29806.2510  374   15 29775.0000 29806.2510  0.10%   4.6 1900s
 52896188 7150632 29806.2510  390   15 29775.0000 29806.2510  0.10%   4.6 1905s
 52987212 7157603 29806.2510  356   15 29775.0000 29806.2510  0.10%   4.6 1910s
 53086874 7172597 29806.2510  324   17 29775.0000 29806.2510  0.10%   4.6 1915s
 53176675 7185161 29806.2510  365   13 29775.0000 29806.2510  0.10%   4.6 1920s
 53272860 7197571 29787.8686  356   12 29775.0000 29806.2510  0.10%   4.6 1925s
 53369279 7208331 29806.2510  348   15 29775.0000 29806.2510  0.10%   4.6 1930s
 53436362 7219470 29783.2892  375   14 29775.0000 29806.2510  0.10%   4.6 1935s
 53542031 7233146 29806.2510  368   15 29775.0000 29806.2510  0.10%   4.6 1940s
 53634008 7245825 29790.7064  360   12 29775.0000 29806.2510  0.10%   4.6 1945s
 53725551 7257169 29794.1655  356   11 29775.0000 29806.2510  0.10%   4.6 1950s
 53817609 7267906 29787.7795  370   12 29775.0000 29806.2510  0.10%   4.6 1955s
 53915893 7283781     cutoff  392      29775.0000 29806.2510  0.10%   4.6 1960s
 54005292 7297243 29804.3316  378   18 29775.0000 29806.2510  0.10%   4.6 1965s
 54078412 7308432     cutoff  368      29775.0000 29806.2510  0.10%   4.6 1970s
 54165654 7323487     cutoff  362      29775.0000 29806.2510  0.10%   4.6 1975s
 54256703 7334382     cutoff  383      29775.0000 29806.2510  0.10%   4.6 1980s
 54321682 7344126     cutoff  387      29775.0000 29806.2510  0.10%   4.6 1985s
 54419006 7358487 29787.8216  386   16 29775.0000 29806.2510  0.10%   4.6 1990s
 54515775 7369602 29800.4990  378   11 29775.0000 29806.2510  0.10%   4.6 1995s
 54609451 7384868 29806.2510  385   14 29775.0000 29806.2510  0.10%   4.6 2000s
 54703837 7400762 29806.0000  387   13 29775.0000 29806.2510  0.10%   4.6 2005s
 54803733 7417151 29806.2510  371   14 29775.0000 29806.2510  0.10%   4.6 2010s
 54885458 7435560     cutoff  350      29775.0000 29806.2510  0.10%   4.6 2015s
 54975940 7448462 29788.6786  371   12 29775.0000 29806.2510  0.10%   4.6 2020s
 55043260 7457135     cutoff  379      29775.0000 29806.2510  0.10%   4.6 2025s
 55104544 7467569     cutoff  378      29775.0000 29806.2510  0.10%   4.6 2030s
 55188978 7476067 29794.4364  352   11 29775.0000 29806.2510  0.10%   4.6 2035s
 55283926 7489195 29783.4304  362   15 29775.0000 29806.2510  0.10%   4.6 2040s
 55380273 7502147 29799.9890  371   13 29775.0000 29806.2510  0.10%   4.6 2045s
 55469783 7521774 29805.2500  358   15 29775.0000 29806.2510  0.10%   4.6 2050s
 55548704 7530263 29795.9164  351   13 29775.0000 29806.2510  0.10%   4.6 2055s
 55627544 7542314 29806.2510  366   16 29775.0000 29806.2510  0.10%   4.6 2060s
 55698313 7552285 29806.2510  353   16 29775.0000 29806.2510  0.10%   4.6 2065s
 55784335 7564999 29806.2510  384   15 29775.0000 29806.2510  0.10%   4.6 2070s
 55851938 7576807 29806.2510  368   14 29775.0000 29806.2510  0.10%   4.6 2075s
 55943449 7588803 29806.2510  378   15 29775.0000 29806.2510  0.10%   4.6 2080s
 56027830 7602934 29806.2510  370   14 29775.0000 29806.2510  0.10%   4.6 2085s
 56146222 7617135 29806.2510  374   16 29775.0000 29806.2510  0.10%   4.6 2090s
 56221737 7627621 infeasible  362      29775.0000 29806.2510  0.10%   4.6 2095s
 56299480 7639114 29806.2510  398   15 29775.0000 29806.2510  0.10%   4.6 2100s
 56383760 7646421 29805.2500  390   14 29775.0000 29806.2510  0.10%   4.6 2105s
 56473580 7654436 29806.2510  359   14 29775.0000 29806.2510  0.10%   4.6 2110s
 56564537 7665427 29799.7526  361   13 29775.0000 29806.2510  0.10%   4.6 2115s
 56636600 7674120 29806.2510  354   16 29775.0000 29806.2510  0.10%   4.6 2120s
 56715949 7685843 infeasible  359      29775.0000 29806.2510  0.10%   4.6 2125s
 56784454 7695096     cutoff  363      29775.0000 29806.2510  0.10%   4.6 2130s
 56859822 7705139 29799.8504  365   14 29775.0000 29806.2510  0.10%   4.6 2135s
 56952481 7712287     cutoff  346      29775.0000 29806.2510  0.10%   4.6 2140s
 57019176 7722224     cutoff  369      29775.0000 29806.2510  0.10%   4.6 2145s
 57110984 7734597 29803.0000  370   15 29775.0000 29806.2510  0.10%   4.6 2150s
 57194284 7750650 29806.2510  349   15 29775.0000 29806.2510  0.10%   4.6 2155s
 57274487 7762390 29806.2510  385   15 29775.0000 29806.2510  0.10%   4.6 2160s
 57361135 7772196     cutoff  367      29775.0000 29806.2510  0.10%   4.6 2165s
 57449116 7784581 29803.0000  361   15 29775.0000 29806.2510  0.10%   4.6 2170s
 57517359 7789885     cutoff  368      29775.0000 29806.2510  0.10%   4.6 2175s
 57590116 7800765 29805.1246  353   12 29775.0000 29806.2510  0.10%   4.6 2180s
 57681694 7811675     cutoff  369      29775.0000 29806.2510  0.10%   4.6 2185s
 57768450 7822959     cutoff  345      29775.0000 29806.2510  0.10%   4.6 2190s
 57850292 7835392 29806.2510  373   15 29775.0000 29806.2510  0.10%   4.6 2195s
 57948117 7842632 29806.2510  368   16 29775.0000 29806.2510  0.10%   4.6 2200s
 58036867 7849057 29806.2510  368   15 29775.0000 29806.2510  0.10%   4.6 2206s
 58107717 7857439     cutoff  364      29775.0000 29806.2510  0.10%   4.6 2210s
 58201895 7873457     cutoff  345      29775.0000 29806.2510  0.10%   4.6 2215s
 58273500 7879172     cutoff  364      29775.0000 29806.2510  0.10%   4.6 2220s
 58362161 7891392 29806.2510  385   17 29775.0000 29806.2510  0.10%   4.6 2225s
 58457211 7908780 infeasible  335      29775.0000 29806.2510  0.10%   4.6 2230s
 58510217 7920824 29806.2510  340   16 29775.0000 29806.2510  0.10%   4.6 2235s
 58595921 7930850 29794.6364  382   14 29775.0000 29806.2510  0.10%   4.6 2240s
 58677639 7941560 29793.8741  358   12 29775.0000 29806.2510  0.10%   4.6 2245s
 58759003 7960200 29806.2510  365   14 29775.0000 29806.2510  0.10%   4.6 2250s
 58835663 7968070 29797.0111  348   15 29775.0000 29806.2510  0.10%   4.6 2255s
 58898476 7976041     cutoff  381      29775.0000 29806.2510  0.10%   4.6 2260s
 58978725 7994514     cutoff  399      29775.0000 29806.2510  0.10%   4.6 2265s
 59062758 8009834     cutoff  372      29775.0000 29806.2510  0.10%   4.6 2270s
 59160881 8026475     cutoff  375      29775.0000 29806.2510  0.10%   4.6 2275s
 59237461 8040381 infeasible  377      29775.0000 29806.2510  0.10%   4.6 2281s
 59286927 8045391 29804.5000  378   14 29775.0000 29806.2510  0.10%   4.6 2285s
 59372105 8056772 29806.2510  352   15 29775.0000 29806.2510  0.10%   4.6 2290s
 59451140 8066964 29806.2510  340   15 29775.0000 29806.2510  0.10%   4.6 2295s
 59531158 8079106     cutoff  379      29775.0000 29806.2510  0.10%   4.6 2300s
 59617322 8094944     cutoff  352      29775.0000 29806.2510  0.10%   4.6 2305s
 59713764 8110320 29806.2510  394   17 29775.0000 29806.2510  0.10%   4.6 2310s
 59783183 8117698 29806.2510  350   15 29775.0000 29806.2510  0.10%   4.6 2315s
 59871119 8127000     cutoff  368      29775.0000 29806.2510  0.10%   4.6 2320s
 59950010 8141506     cutoff  385      29775.0000 29806.2510  0.10%   4.6 2325s
 60010448 8151471 29806.2510  382   15 29775.0000 29806.2510  0.10%   4.6 2330s
 60080754 8158831 29806.2510  391   16 29775.0000 29806.2510  0.10%   4.6 2335s
 60175336 8168079     cutoff  382      29775.0000 29806.2510  0.10%   4.6 2340s
 60257531 8175132 29796.9385  388   13 29775.0000 29806.2510  0.10%   4.6 2345s
 60345939 8185525 29806.2510  347   17 29775.0000 29806.2510  0.10%   4.6 2350s
 60420394 8205110 29806.2510  386   18 29775.0000 29806.2510  0.10%   4.6 2355s
 60443693 8210011 29806.2510  382   17 29775.0000 29806.2510  0.10%   4.6 2360s
 60507155 8221745     cutoff  367      29775.0000 29806.2510  0.10%   4.6 2365s
 60611974 8237018     cutoff  380      29775.0000 29806.2510  0.10%   4.6 2370s
 60697864 8246438     cutoff  384      29775.0000 29806.2510  0.10%   4.6 2375s
 60783155 8264502 29806.2510  373   15 29775.0000 29806.2510  0.10%   4.6 2380s
 60870217 8273409 29806.2510  377   15 29775.0000 29806.2510  0.10%   4.6 2385s
 60968697 8290420     cutoff  365      29775.0000 29806.2510  0.10%   4.6 2390s
 61037315 8297270 29780.4644  382   14 29775.0000 29806.2510  0.10%   4.6 2395s
 61105000 8311333 29806.2510  358   17 29775.0000 29806.2510  0.10%   4.6 2400s
 61206960 8322759 29806.2510  349   16 29775.0000 29806.2510  0.10%   4.6 2405s
 61290516 8329489 29806.2510  358   16 29775.0000 29806.2510  0.10%   4.6 2410s
 61369012 8332414 29806.2510  418   16 29775.0000 29806.2510  0.10%   4.6 2415s
 61451223 8335034     cutoff  377      29775.0000 29806.2510  0.10%   4.6 2420s
 61546176 8337731 29806.2510  372   17 29775.0000 29806.2510  0.10%   4.6 2425s
 61615258 8340888     cutoff  365      29775.0000 29806.2510  0.10%   4.6 2430s
 61679786 8343584 29806.2510  347   15 29775.0000 29806.2510  0.10%   4.6 2435s
 61757523 8348694 29806.2510  360   17 29775.0000 29806.2510  0.10%   4.6 2440s
 61830695 8354181 29784.1429  360   10 29775.0000 29806.2510  0.10%   4.6 2445s
 61904807 8361412     cutoff  357      29775.0000 29806.2510  0.10%   4.6 2450s
 61975985 8364170 29806.2510  357   16 29775.0000 29806.2510  0.10%   4.6 2455s
 62052596 8367149     cutoff  367      29775.0000 29806.2510  0.10%   4.6 2460s
 62120539 8370565 29798.9795  367   13 29775.0000 29806.2510  0.10%   4.6 2465s
 62195228 8374498     cutoff  358      29775.0000 29806.2510  0.10%   4.6 2470s
 62264012 8376318     cutoff  358      29775.0000 29806.2510  0.10%   4.6 2475s
 62340958 8379775     cutoff  359      29775.0000 29806.2510  0.10%   4.6 2480s
 62416699 8382363     cutoff  371      29775.0000 29806.2510  0.10%   4.6 2485s
 62475457 8387063     cutoff  367      29775.0000 29806.2510  0.10%   4.6 2490s
 62549692 8390659     cutoff  354      29775.0000 29806.2510  0.10%   4.6 2495s
 62622594 8394867     cutoff  357      29775.0000 29806.2510  0.10%   4.6 2500s
 62693833 8399350 29806.2510  356   15 29775.0000 29806.2510  0.10%   4.6 2505s
 62769728 8403997 29806.2510  339   16 29775.0000 29806.2510  0.10%   4.6 2510s
 62848395 8408575 29777.5487  352   14 29775.0000 29806.2510  0.10%   4.6 2515s
 62910905 8412112     cutoff  358      29775.0000 29806.2510  0.10%   4.6 2520s
 62978838 8415633 29806.2510  356   15 29775.0000 29806.2510  0.10%   4.6 2525s
 63036526 8419257     cutoff  367      29775.0000 29806.2510  0.10%   4.6 2530s
 63105987 8424981 29791.2415  353   15 29775.0000 29806.2510  0.10%   4.6 2535s
 63180309 8430636 29806.2510  353   15 29775.0000 29806.2510  0.10%   4.6 2540s
 63251501 8435805 29806.2510  359   14 29775.0000 29806.2510  0.10%   4.6 2545s
 63329619 8440990 29806.2510  356   13 29775.0000 29806.2510  0.10%   4.6 2550s
 63391582 8444875 29798.9795  357   14 29775.0000 29806.2510  0.10%   4.6 2555s
 63464696 8450067 29783.6718  353   11 29775.0000 29806.2510  0.10%   4.6 2560s
 63531181 8455933     cutoff  350      29775.0000 29806.2510  0.10%   4.6 2565s
 63609633 8462666 29784.9461  371   10 29775.0000 29806.2510  0.10%   4.6 2570s
 63674866 8466984 29806.2510  349   15 29775.0000 29806.2510  0.10%   4.6 2575s
 63725032 8469812 29806.2510  348   16 29775.0000 29806.2510  0.10%   4.6 2580s
 63773022 8472581 infeasible  349      29775.0000 29806.2510  0.10%   4.6 2585s
 63812391 8474560     cutoff  333      29775.0000 29806.2510  0.10%   4.6 2590s
 63864958 8482293 29806.2510  381   15 29775.0000 29806.2510  0.10%   4.6 2595s
 63903601 8487306 29806.2510  375   16 29775.0000 29806.2510  0.10%   4.6 2600s
 63934284 8491814     cutoff  394      29775.0000 29806.2510  0.10%   4.6 2605s
 63979030 8497072 29787.8587  381   14 29775.0000 29806.2510  0.10%   4.6 2610s
 64044168 8502167     cutoff  409      29775.0000 29806.2510  0.10%   4.6 2615s
 64126309 8507778     cutoff  402      29775.0000 29806.2510  0.10%   4.6 2620s
 64205087 8519341     cutoff  388      29775.0000 29806.2510  0.10%   4.6 2625s
 64274778 8528100     cutoff  368      29775.0000 29806.2510  0.10%   4.6 2630s
 64349950 8537692     cutoff  379      29775.0000 29806.2510  0.10%   4.6 2635s
 64425029 8548721     cutoff  384      29775.0000 29806.2510  0.10%   4.6 2640s
 64495699 8556976     cutoff  377      29775.0000 29806.2510  0.10%   4.6 2645s
 64569750 8566763 29806.2510  383   16 29775.0000 29806.2510  0.10%   4.6 2650s
 64621586 8577648 29786.3135  348   14 29775.0000 29806.2510  0.10%   4.6 2655s
 64707552 8589883 29806.2510  321   16 29775.0000 29806.2510  0.10%   4.6 2660s
 64784810 8602060     cutoff  384      29775.0000 29806.2510  0.10%   4.6 2665s
 64858271 8610471 29793.5580  372   11 29775.0000 29806.2510  0.10%   4.6 2670s
 64932893 8620471 29806.2510  370   15 29775.0000 29806.2510  0.10%   4.6 2675s
 65005474 8629497 29806.2510  374   16 29775.0000 29806.2510  0.10%   4.6 2680s
 65069396 8636602 29806.2510  364   16 29775.0000 29806.2510  0.10%   4.6 2685s
 65111737 8642657 29806.2510  360   14 29775.0000 29806.2510  0.10%   4.6 2690s
 65174794 8653230 29800.0000  389   11 29775.0000 29806.2510  0.10%   4.6 2695s
 65249387 8663172 29806.2510  367   16 29775.0000 29806.2510  0.10%   4.6 2700s
 65320084 8673362 29792.8564  370   15 29775.0000 29806.2510  0.10%   4.6 2705s
 65397837 8683907 29806.2510  372   17 29775.0000 29806.2510  0.10%   4.6 2710s
 65449036 8691468 29804.5859  371   15 29775.0000 29806.2510  0.10%   4.6 2715s
 65546225 8700317 29806.2510  377   16 29775.0000 29806.2510  0.10%   4.6 2720s
 65637698 8710399     cutoff  361      29775.0000 29806.2510  0.10%   4.6 2725s
 65723059 8718516 29806.2510  375   15 29775.0000 29806.2510  0.10%   4.6 2730s
 65799210 8727045     cutoff  362      29775.0000 29806.2510  0.10%   4.6 2735s
 65872509 8736612     cutoff  364      29775.0000 29806.2510  0.10%   4.6 2740s
 65955465 8745982     cutoff  376      29775.0000 29806.2510  0.10%   4.6 2745s
 66029401 8751394     cutoff  395      29775.0000 29806.2510  0.10%   4.6 2750s
 66109286 8756537     cutoff  368      29775.0000 29806.2510  0.10%   4.6 2755s
 66166007 8761163     cutoff  387      29775.0000 29806.2510  0.10%   4.6 2760s
 66231952 8772246 29800.3866  383   12 29775.0000 29806.2510  0.10%   4.6 2765s
 66299077 8787628     cutoff  338      29775.0000 29806.2510  0.10%   4.6 2770s
 66364185 8796520     cutoff  356      29775.0000 29806.2510  0.10%   4.6 2775s
 66440873 8804026     cutoff  363      29775.0000 29806.2510  0.10%   4.6 2780s
 66496117 8807671 29798.4074  405   11 29775.0000 29806.2510  0.10%   4.6 2785s
 66564290 8817445 29787.1852  362   15 29775.0000 29806.2510  0.10%   4.6 2790s
 66627664 8825474     cutoff  364      29775.0000 29806.2510  0.10%   4.6 2795s
 66703850 8830733     cutoff  371      29775.0000 29806.2510  0.10%   4.6 2800s
 66764585 8838981 29806.2510  347   16 29775.0000 29806.2510  0.10%   4.6 2805s
 66830792 8846609     cutoff  373      29775.0000 29806.2510  0.10%   4.6 2810s
 66897113 8853440 29806.2510  376   17 29775.0000 29806.2510  0.10%   4.6 2815s
 66965029 8869805 29796.9370  392   14 29775.0000 29806.2510  0.10%   4.6 2820s
 67034122 8881941 29780.6103  383    6 29775.0000 29806.2510  0.10%   4.6 2826s
 67100373 8891311 29806.2510  364   16 29775.0000 29806.2510  0.10%   4.6 2830s
 67168505 8900949     cutoff  368      29775.0000 29806.2510  0.10%   4.6 2835s
 67254914 8911497     cutoff  388      29775.0000 29806.2510  0.10%   4.6 2840s
 67329392 8921063     cutoff  394      29775.0000 29806.2510  0.10%   4.6 2845s
 67384180 8931808 29806.2510  346   16 29775.0000 29806.2510  0.10%   4.6 2850s
 67463528 8939890 29806.2510  369   15 29775.0000 29806.2510  0.10%   4.6 2855s
 67535725 8948635 29785.1794  363   14 29775.0000 29806.2510  0.10%   4.6 2860s
 67610972 8961715     cutoff  364      29775.0000 29806.2510  0.10%   4.6 2865s
 67687395 8977184 29806.2510  364   18 29775.0000 29806.2510  0.10%   4.6 2870s
 67745898 8989864 29806.2510  343   17 29775.0000 29806.2510  0.10%   4.6 2875s
 67811950 8996962     cutoff  369      29775.0000 29806.2510  0.10%   4.6 2880s
 67898937 9006568     cutoff  362      29775.0000 29806.2510  0.10%   4.6 2885s
 67954431 9013631 29787.3846  385   11 29775.0000 29806.2510  0.10%   4.6 2890s
 68047814 9024332     cutoff  367      29775.0000 29806.2510  0.10%   4.6 2895s
 68119736 9033720 29806.2510  384   16 29775.0000 29806.2510  0.10%   4.6 2900s
 68203964 9040596 29789.7909  384   11 29775.0000 29806.2510  0.10%   4.6 2905s
 68262270 9044328     cutoff  375      29775.0000 29806.2510  0.10%   4.6 2910s
 68342228 9049430     cutoff  368      29775.0000 29806.2510  0.10%   4.6 2915s
 68407974 9055824 29806.2510  354   15 29775.0000 29806.2510  0.10%   4.6 2920s
 68481349 9062616 29806.2510  372   16 29775.0000 29806.2510  0.10%   4.6 2925s
 68566456 9070130 29806.2510  370   16 29775.0000 29806.2510  0.10%   4.6 2930s
 68612119 9074166 29806.2510  370   17 29775.0000 29806.2510  0.10%   4.6 2935s
 68691248 9084380 29806.2510  359   16 29775.0000 29806.2510  0.10%   4.6 2940s
 68746033 9090988     cutoff  363      29775.0000 29806.2510  0.10%   4.6 2945s
 68809548 9098328 29800.7500  350   14 29775.0000 29806.2510  0.10%   4.6 2950s
 68867561 9105379 29806.2510  352   16 29775.0000 29806.2510  0.10%   4.6 2955s
 68928520 9110307 29806.2510  352   19 29775.0000 29806.2510  0.10%   4.6 2960s
 68988185 9116314 29806.2510  370   14 29775.0000 29806.2510  0.10%   4.6 2965s
 69053667 9124256 29778.6772  355   18 29775.0000 29806.2510  0.10%   4.6 2970s
 69125963 9131735 29806.2510  375   15 29775.0000 29806.2510  0.10%   4.6 2975s
 69188123 9136681 29791.5301  347   13 29775.0000 29806.2510  0.10%   4.6 2980s
 69247473 9142349     cutoff  378      29775.0000 29806.2510  0.10%   4.6 2985s
 69310172 9153758 29778.4436  346   14 29775.0000 29806.2510  0.10%   4.6 2990s
 69368072 9162650     cutoff  378      29775.0000 29806.2510  0.10%   4.6 2995s
 69437444 9173241 29806.2510  351   16 29775.0000 29806.2510  0.10%   4.6 3000s
 69506066 9179888 29806.2510  370   15 29775.0000 29806.2510  0.10%   4.6 3005s
 69563410 9188819 29806.2510  385   16 29775.0000 29806.2510  0.10%   4.6 3010s
 69618285 9196882 29779.7908  375   13 29775.0000 29806.2510  0.10%   4.6 3015s
 69694887 9207904 29806.2510  366   15 29775.0000 29806.2510  0.10%   4.6 3020s
 69759674 9214219 29806.2510  351   17 29775.0000 29806.2510  0.10%   4.6 3025s
 69834343 9227596     cutoff  357      29775.0000 29806.2510  0.10%   4.6 3030s
 69912902 9238244     cutoff  371      29775.0000 29806.2510  0.10%   4.6 3035s
 69951245 9243129     cutoff  383      29775.0000 29806.2510  0.10%   4.6 3040s
 70022619 9253982 29791.8328  355   10 29775.0000 29806.2510  0.10%   4.6 3045s
 70093188 9259579 29806.2510  379   15 29775.0000 29806.2510  0.10%   4.6 3051s
 70143957 9264691 29806.2510  351   17 29775.0000 29806.2510  0.10%   4.6 3055s
 70195060 9270091     cutoff  360      29775.0000 29806.2510  0.10%   4.6 3060s
 70241176 9273260     cutoff  376      29775.0000 29806.2510  0.10%   4.6 3065s
 70313870 9283239     cutoff  379      29775.0000 29806.2510  0.10%   4.6 3070s
 70379484 9288503 29793.2623  379   16 29775.0000 29806.2510  0.10%   4.6 3075s
 70467251 9296118 29795.9447  381   14 29775.0000 29806.2510  0.10%   4.6 3080s
 70552600 9302298 29806.2510  391   16 29775.0000 29806.2510  0.10%   4.6 3085s
 70630242 9307801 29796.6864  357   13 29775.0000 29806.2510  0.10%   4.6 3090s
 70681962 9313503 29806.2510  360   15 29775.0000 29806.2510  0.10%   4.6 3095s
 70753577 9319996     cutoff  374      29775.0000 29806.2510  0.10%   4.6 3100s
 70812325 9324612 29806.2510  370   16 29775.0000 29806.2510  0.10%   4.6 3105s
 70891712 9337975 29800.0000  353   11 29775.0000 29806.2510  0.10%   4.6 3110s
 70954542 9344947 29806.2510  372   16 29775.0000 29806.2510  0.10%   4.6 3115s
 71001047 9348692     cutoff  353      29775.0000 29806.2510  0.10%   4.6 3120s
 71067254 9351820 29800.7500  376   12 29775.0000 29806.2510  0.10%   4.6 3125s
 71144922 9360679 29803.1224  384   11 29775.0000 29806.2510  0.10%   4.6 3130s
 71209757 9365010 29806.2510  370   14 29775.0000 29806.2510  0.10%   4.6 3135s
 71288488 9373452 29806.2510  369   14 29775.0000 29806.2510  0.10%   4.6 3140s
 71350429 9379481     cutoff  352      29775.0000 29806.2510  0.10%   4.6 3145s
 71417995 9385025 29801.3371  379   16 29775.0000 29806.2510  0.10%   4.6 3150s
 71483911 9390233 29805.2500  378   11 29775.0000 29806.2510  0.10%   4.6 3155s
 71564542 9395793 29806.2510  373   15 29775.0000 29806.2510  0.10%   4.6 3160s
 71614224 9398675 29806.2510  376   12 29775.0000 29806.2510  0.10%   4.6 3165s
 71690109 9407210 29806.2510  368   18 29775.0000 29806.2510  0.10%   4.6 3170s
 71767871 9417361 29791.8359  358   11 29775.0000 29806.2510  0.10%   4.6 3175s
 71828089 9425990     cutoff  374      29775.0000 29806.2510  0.10%   4.6 3180s
 71899868 9431904 29806.2510  368   16 29775.0000 29806.2510  0.10%   4.6 3185s
 71961814 9440859     cutoff  375      29775.0000 29806.2510  0.10%   4.6 3190s
 71997883 9447026     cutoff  371      29775.0000 29806.2510  0.10%   4.6 3195s
 72076069 9453922 29776.6650  376   12 29775.0000 29806.2510  0.10%   4.6 3200s
 72145994 9461941 29806.2510  361   14 29775.0000 29806.2510  0.10%   4.6 3205s
 72219836 9473843     cutoff  351      29775.0000 29806.2510  0.10%   4.6 3210s
 72290164 9482446 29806.2510  351   15 29775.0000 29806.2510  0.10%   4.6 3215s
 72353160 9493241 29806.2510  365   16 29775.0000 29806.2510  0.10%   4.6 3220s
 72405266 9500292     cutoff  373      29775.0000 29806.2510  0.10%   4.6 3225s
 72468793 9507836 29806.2510  363   14 29775.0000 29806.2510  0.10%   4.6 3230s
 72544462 9521641     cutoff  362      29775.0000 29806.2510  0.10%   4.6 3235s
 72618491 9528517     cutoff  381      29775.0000 29806.2510  0.10%   4.6 3240s
 72684867 9542631 29806.2510  349   16 29775.0000 29806.2510  0.10%   4.6 3245s
 72751880 9552071 29803.1224  366   14 29775.0000 29806.2510  0.10%   4.6 3250s
 72827015 9563337     cutoff  358      29775.0000 29806.2510  0.10%   4.6 3255s
 72878072 9574331 29806.2510  356   15 29775.0000 29806.2510  0.10%   4.6 3260s
 72938464 9582334 29806.2510  346   16 29775.0000 29806.2510  0.10%   4.6 3265s
 73016622 9596570     cutoff  354      29775.0000 29806.2510  0.10%   4.6 3270s
 73073930 9605452     cutoff  377      29775.0000 29806.2510  0.10%   4.6 3275s
 73127910 9612896     cutoff  384      29775.0000 29806.2510  0.10%   4.6 3280s
 73188350 9622484 29776.4026  371   11 29775.0000 29806.2510  0.10%   4.6 3285s
 73267502 9634203 29806.2510  360   17 29775.0000 29806.2510  0.10%   4.6 3290s
 73330218 9643269 29801.3371  375   15 29775.0000 29806.2510  0.10%   4.6 3295s
 73367211 9649634     cutoff  380      29775.0000 29806.2510  0.10%   4.6 3300s
 73430387 9654280 29795.0396  378   14 29775.0000 29806.2510  0.10%   4.6 3306s
 73493433 9659661 29798.4074  376   11 29775.0000 29806.2510  0.10%   4.6 3310s
 73554353 9666540     cutoff  372      29775.0000 29806.2510  0.10%   4.6 3315s
 73620509 9676223     cutoff  365      29775.0000 29806.2510  0.10%   4.6 3320s
 73676022 9682558 29806.2510  374   15 29775.0000 29806.2510  0.10%   4.6 3325s
 73747896 9688303 29777.4517  383   12 29775.0000 29806.2510  0.10%   4.6 3330s
 73808706 9691146 29788.5331  390   13 29775.0000 29806.2510  0.10%   4.6 3335s
 73891592 9698387 29806.2510  365   16 29775.0000 29806.2510  0.10%   4.6 3340s
 73955225 9700584 29806.2510  376   15 29775.0000 29806.2510  0.10%   4.6 3345s
 74036485 9708348     cutoff  358      29775.0000 29806.2510  0.10%   4.6 3350s
 74101027 9715477 29806.2510  380   14 29775.0000 29806.2510  0.10%   4.6 3355s
 74178867 9720470     cutoff  365      29775.0000 29806.2510  0.10%   4.6 3360s
 74251006 9726114 29789.8783  380   15 29775.0000 29806.2510  0.10%   4.6 3365s
 74323506 9730972 29806.2510  386   13 29775.0000 29806.2510  0.10%   4.6 3370s
 74381975 9734061 infeasible  362      29775.0000 29806.2510  0.10%   4.6 3375s
 74447853 9736871 29806.2510  365   16 29775.0000 29806.2510  0.10%   4.6 3380s
 74492799 9745511 29806.2510  382   16 29775.0000 29806.2510  0.10%   4.6 3385s
 74562315 9752283 29806.2510  363   11 29775.0000 29806.2510  0.10%   4.6 3390s
 74644443 9759553 29786.9686  354   11 29775.0000 29806.2510  0.10%   4.6 3396s
 74680859 9766477     cutoff  367      29775.0000 29806.2510  0.10%   4.6 3400s
 74730453 9771548 29806.2510  365   17 29775.0000 29806.2510  0.10%   4.6 3405s
 74763015 9776813 29794.8955  382   13 29775.0000 29806.2510  0.10%   4.6 3410s
 74807161 9781537 29806.2510  370   16 29775.0000 29806.2510  0.10%   4.6 3415s
 74863584 9789507 29806.2510  369   17 29775.0000 29806.2510  0.10%   4.6 3420s
 74890799 9793261     cutoff  359      29775.0000 29806.2510  0.10%   4.6 3425s
 74944798 9804762     cutoff  351      29775.0000 29806.2510  0.10%   4.6 3430s
 75002869 9814525 29776.9610  390    7 29775.0000 29806.2510  0.10%   4.6 3435s
 75068362 9823859 29806.2510  379   15 29775.0000 29806.2510  0.10%   4.6 3440s
 75110586 9836873 29806.2510  363   14 29775.0000 29806.2510  0.10%   4.6 3445s
 75160295 9846845 29795.9164  346   13 29775.0000 29806.2510  0.10%   4.6 3450s
 75204928 9856132 29806.2510  358   16 29775.0000 29806.2510  0.10%   4.6 3455s
 75267730 9863047     cutoff  358      29775.0000 29806.2510  0.10%   4.6 3460s
 75306367 9866735     cutoff  373      29775.0000 29806.2510  0.10%   4.6 3465s
 75344375 9872131 29806.2510  377   12 29775.0000 29806.2510  0.10%   4.6 3470s
 75404867 9877921     cutoff  383      29775.0000 29806.2510  0.10%   4.6 3475s
 75465100 9886804 29806.2510  374   16 29775.0000 29806.2510  0.10%   4.6 3480s
 75518031 9896260 29806.2510  343   16 29775.0000 29806.2510  0.10%   4.6 3485s
 75571237 9902347     cutoff  367      29775.0000 29806.2510  0.10%   4.6 3490s
 75630977 9909399 29806.2510  348   16 29775.0000 29806.2510  0.10%   4.6 3495s
 75701933 9917474 29806.2510  363   16 29775.0000 29806.2510  0.10%   4.6 3501s
 75750147 9923133 29806.2510  358   17 29775.0000 29806.2510  0.10%   4.6 3505s
 75798493 9929000     cutoff  373      29775.0000 29806.2510  0.10%   4.6 3510s
 75841107 9932346 29777.0965  376   11 29775.0000 29806.2510  0.10%   4.6 3515s
 75858204 9933472 29804.5000  377   13 29775.0000 29806.2510  0.10%   4.6 3520s
 75884255 9935539     cutoff  370      29775.0000 29806.2510  0.10%   4.6 3526s
 75922912 9938265     cutoff  384      29775.0000 29806.2510  0.10%   4.6 3530s
 75957789 9942631 29806.2510  331   17 29775.0000 29806.2510  0.10%   4.6 3535s
 75990550 9946091 29806.2510  345   15 29775.0000 29806.2510  0.10%   4.6 3540s
 76020361 9950355 29806.2510  350   17 29775.0000 29806.2510  0.10%   4.6 3545s
 76051260 9956017 29806.2510  360   16 29775.0000 29806.2510  0.10%   4.6 3550s
 76079955 9960915     cutoff  383      29775.0000 29806.2510  0.10%   4.6 3555s
 76099598 9967738 29806.2510  356   15 29775.0000 29806.2510  0.10%   4.6 3563s
 76131046 9970884 29789.2727  386    8 29775.0000 29806.2510  0.10%   4.6 3566s
 76155543 9975940     cutoff  389      29775.0000 29806.2510  0.10%   4.6 3570s
 76219513 9985414     cutoff  383      29775.0000 29806.2510  0.10%   4.6 3576s
 76280223 9990226 29806.2510  353   16 29775.0000 29806.2510  0.10%   4.6 3580s
 76367004 10003779     cutoff  383      29775.0000 29806.2510  0.10%   4.6 3585s
 76414972 10012073 29800.7500  359   12 29775.0000 29806.2510  0.10%   4.6 3590s
 76477876 10021214 29792.5859  385   12 29775.0000 29806.2510  0.10%   4.6 3595s
 76537558 10028513 29806.2510  368   17 29775.0000 29806.2510  0.10%   4.6 3600s

Cutting planes:
  Gomory: 2
  Cover: 4
  MIR: 3
  StrongCG: 7
  Flow cover: 5
  Zero half: 1
  RLT: 5

Explored 76538140 nodes (353041989 simplex iterations) in 3600.21 seconds
Thread count was 12 (of 12 available processors)

Solution count 10: 29775 29764 29754 ... 29724

Time limit reached
Best objective 2.977500000000e+04, best bound 2.980600000000e+04, gap 0.1041%
