
Gurobi 9.1.2 (win64, Java) logging started Tue Nov  9 12:33:55 2021

Academic license - for non-commercial use only - expires 2022-10-30
Gurobi Optimizer version 9.1.2 build v9.1.2rc0 (win64)
Thread count: 6 physical cores, 12 logical processors, using up to 12 threads
Optimize a model with 110 rows, 1000 columns and 2000 nonzeros
Model fingerprint: 0x3cdbebb6
Variable types: 0 continuous, 1000 integer (1000 binary)
Coefficient statistics:
  Matrix range     [1e+00, 1e+03]
  Objective range  [1e+01, 1e+03]
  Bounds range     [1e+00, 1e+00]
  RHS range        [1e+00, 3e+03]
Found heuristic solution: objective 22241.000000
Presolve time: 0.02s
Presolved: 110 rows, 1000 columns, 2000 nonzeros
Variable types: 0 continuous, 1000 integer (1000 binary)
Presolved: 110 rows, 1000 columns, 2000 nonzeros


Root relaxation: objective 2.483600e+04, 212 iterations, 0.00 seconds

    Nodes    |    Current Node    |     Objective Bounds      |     Work
 Expl Unexpl |  Obj  Depth IntInf | Incumbent    BestBd   Gap | It/Node Time

     0     0 24836.0000    0   11 22241.0000 24836.0000  11.7%     -    0s
H    0     0                    24288.000000 24836.0000  2.26%     -    0s
H    0     0                    24563.000000 24836.0000  1.11%     -    0s
     0     0 24834.3395    0   19 24563.0000 24834.3395  1.10%     -    1s
H    0     0                    24703.000000 24834.3395  0.53%     -    2s
     0     0 24834.3395    0   21 24703.0000 24834.3395  0.53%     -    2s
     0     0 24832.1972    0   19 24703.0000 24832.1972  0.52%     -    3s
     0     0 24832.1972    0   24 24703.0000 24832.1972  0.52%     -    3s
     0     0 24832.1972    0   24 24703.0000 24832.1972  0.52%     -    3s
     0     0 24832.1972    0   14 24703.0000 24832.1972  0.52%     -    3s
     0     2 24832.1972    0   14 24703.0000 24832.1972  0.52%     -    4s
    31    38 24832.1972    7   22 24703.0000 24832.1972  0.52%  12.1    6s
  3894  3671 24801.0000  246   14 24703.0000 24832.1972  0.52%   4.0   10s
H 3896  3488                    24764.000000 24832.1972  0.28%   4.0   12s
  3908  3496 24787.8410  399   16 24764.0000 24829.9536  0.27%   4.0   15s
  3925  3509 24809.8787  208   15 24764.0000 24829.8143  0.27%   5.0   20s
  3967  3550 24829.3924   31   16 24764.0000 24829.8143  0.27%   5.8   31s
 21050 14634 24829.3011  162   15 24764.0000 24829.8143  0.27%   3.4   37s
 21063 14640 24829.3011  163   14 24764.0000 24829.8143  0.27%   3.4   43s
 21078 14905 24829.3011  164   14 24764.0000 24829.8143  0.27%   3.4   46s
 36358 27937 24801.0000  429   14 24764.0000 24829.8143  0.27%   3.0   52s
 36363 27940 24829.3011  135   15 24764.0000 24829.8143  0.27%   3.0   55s
 36367 27943 24826.6419  128   19 24764.0000 24829.4864  0.26%   3.0   61s
 36375 27948 24809.3221   82   16 24764.0000 24829.2649  0.26%   3.0   65s
 36405 27980 24827.4545   42   16 24764.0000 24829.2649  0.26%   3.1   70s
 36584 28101 24828.4325   49   16 24764.0000 24829.2649  0.26%   3.1   79s
 36596 28109 24829.0085   50   18 24764.0000 24829.2649  0.26%   3.1   83s
 42584 32739 24826.5608  143   16 24764.0000 24828.8132  0.26%   3.1   85s
 96008 63420 24821.7682  203   18 24764.0000 24828.4524  0.26%   2.8   90s
 118508 74454 24821.6358  277   19 24764.0000 24828.4524  0.26%   2.7   98s
 128903 84922 24796.4395  162   18 24764.0000 24828.4524  0.26%   2.7  100s
 160787 112194 24800.6913  394   19 24764.0000 24828.4524  0.26%   2.6  107s
 177380 128358 24805.5614  280   15 24764.0000 24828.4524  0.26%   2.7  110s
 187700 136460 24778.6606  220   15 24764.0000 24828.4524  0.26%   2.6  117s
 219012 165622 24807.0191  338   19 24764.0000 24828.4524  0.26%   2.6  120s
 268704 210013 24808.1018  349   17 24764.0000 24828.4524  0.26%   2.6  125s
 272684 212771 24813.3303  182   15 24764.0000 24828.4524  0.26%   2.6  130s
H285045 187165                    24778.000000 24828.4524  0.20%   2.6  134s
 285291 188735 24796.3782  250   18 24778.0000 24828.4524  0.20%   2.6  135s
 296867 197113 24828.4524  127   19 24778.0000 24828.4524  0.20%   2.6  141s
 296873 197117 24823.7630  178   16 24778.0000 24828.4524  0.20%   2.6  145s
 296912 197156 24827.4545   53   16 24778.0000 24828.4524  0.20%   2.6  157s
 297812 197707 24827.3081   91   17 24778.0000 24828.4325  0.20%   2.6  165s
 298200 197977 24827.0084  107   17 24778.0000 24828.4325  0.20%   2.6  171s
 331508 216942 24817.7619  290   15 24778.0000 24828.4325  0.20%   2.6  180s
 391545 250477 24826.0248  163   18 24778.0000 24828.4325  0.20%   2.6  185s
 401635 253982 24820.0168  168   16 24778.0000 24828.4325  0.20%   2.6  191s
 418573 261531 24826.6996  191   14 24778.0000 24828.4325  0.20%   2.7  195s
H425695 252179                    24779.000000 24828.4325  0.20%   2.7  201s
 437951 258747 24823.7864  180   24 24779.0000 24828.4325  0.20%   2.7  205s
 459305 268373 24781.1445  243   16 24779.0000 24828.4325  0.20%   2.8  211s
 467732 272435 24784.5989  297   19 24779.0000 24828.4325  0.20%   2.8  215s
H478764 238946                    24792.000000 24828.4325  0.15%   2.9  219s
 479917 239989 24824.0534  236   15 24792.0000 24828.4325  0.15%   2.9  220s
 482119 239259 24823.0209  122   18 24792.0000 24827.7144  0.14%   2.9  225s
H482124 227298                    24796.000000 24826.7843  0.12%   2.9  230s
 482129 227301 24826.7843  123   21 24796.0000 24826.7843  0.12%   2.9  235s
 482141 227309 24814.5962  187   17 24796.0000 24826.7064  0.12%   2.9  240s
 482149 227315 24803.5408  213   17 24796.0000 24826.7064  0.12%   2.9  245s
 482155 227319 24799.6720  216   18 24796.0000 24826.7064  0.12%   2.9  250s
 487814 231151 24811.6154  287   14 24796.0000 24826.7064  0.12%   2.9  255s
 497152 234986 24826.5347  123   15 24796.0000 24826.7064  0.12%   2.9  261s
 497677 236986 24813.9431  242   14 24796.0000 24826.7064  0.12%   2.9  265s
 521380 248330 24821.6504  162   20 24796.0000 24826.7064  0.12%   2.9  270s
 521388 248335 24815.4432  401   24 24796.0000 24826.7064  0.12%   2.9  275s
 521392 248338 24809.9113  297   20 24796.0000 24826.7064  0.12%   2.9  280s
 521433 248378 24826.7064   79   18 24796.0000 24826.7064  0.12%   2.9  285s
 544450 260749 24826.7064  118   20 24796.0000 24826.7064  0.12%   2.9  293s
 544463 260757 24826.7064  119   20 24796.0000 24826.7064  0.12%   2.9  298s
 549886 265416 24819.4396  135   17 24796.0000 24826.7064  0.12%   2.9  300s
 572346 276780 24803.1193  165   18 24796.0000 24826.7064  0.12%   2.9  305s
 604476 293860 24816.7663  301   17 24796.0000 24826.7064  0.12%   2.9  310s
 628815 306436 24818.5000  172   18 24796.0000 24826.7064  0.12%   2.8  316s
 649219 316529 24817.0338  203   18 24796.0000 24826.7064  0.12%   2.9  320s
 673488 329405 24814.2220  302   17 24796.0000 24826.7064  0.12%   2.9  325s
 698048 341777 24812.0435  167   17 24796.0000 24826.7064  0.12%   2.9  330s
 717501 351272 24825.8309  148   18 24796.0000 24826.7064  0.12%   2.9  335s
 744128 365260 24800.0000  405   16 24796.0000 24826.7064  0.12%   2.9  340s
 762257 374154 24813.6571  303   16 24796.0000 24826.7064  0.12%   2.9  345s
 783594 385900 24813.5697  202   20 24796.0000 24826.7064  0.12%   2.9  350s
 796098 391873 24826.7064  158   22 24796.0000 24826.7064  0.12%   2.9  355s
 827159 407031 24814.0735  216   20 24796.0000 24826.7064  0.12%   2.9  360s
 848425 417906 24819.6192  193   18 24796.0000 24826.7064  0.12%   2.9  365s
 869378 428710 24825.8309  166   20 24796.0000 24826.7064  0.12%   2.9  370s
 893951 441720 24825.8309  172   23 24796.0000 24826.7064  0.12%   2.9  375s
 910404 448864 24798.9218  281   16 24796.0000 24826.7064  0.12%   2.9  382s
 924158 457146 24823.9393  212   20 24796.0000 24826.7064  0.12%   2.9  385s
 939754 464899 24816.3204  178   19 24796.0000 24826.7064  0.12%   2.9  390s
 963781 477634     cutoff  187      24796.0000 24826.7064  0.12%   3.0  395s
 986649 489130 24814.2633  228   16 24796.0000 24826.7064  0.12%   3.0  400s
 1010423 500779 24816.4372  197   17 24796.0000 24826.7064  0.12%   3.0  406s
 1022379 506351     cutoff  334      24796.0000 24826.7064  0.12%   3.0  410s
 1049689 520286 24811.1637  254   18 24796.0000 24826.7064  0.12%   3.0  415s
 1065887 528547 24802.3913  205   15 24796.0000 24826.7064  0.12%   3.0  420s
 1087768 539736 24801.0000  315   14 24796.0000 24826.7064  0.12%   3.0  425s
 1105876 548074 24823.8009  227   17 24796.0000 24826.7064  0.12%   3.0  430s
 1124521 556830 24815.6911  291   18 24796.0000 24826.7064  0.12%   3.0  435s
 1128592 557912 24821.5415  216   19 24796.0000 24826.7064  0.12%   3.0  440s
 1141177 565884 24826.7064  218   19 24796.0000 24826.7064  0.12%   3.0  445s
 1156314 569492 24802.3626  281   17 24796.0000 24826.7064  0.12%   3.1  450s
 1171823 576787 24821.2989  178   17 24796.0000 24826.7064  0.12%   3.1  455s
 1188085 583928 24806.4737  208   15 24796.0000 24826.7064  0.12%   3.1  463s
 1193239 587184 24823.5556  198   15 24796.0000 24826.7064  0.12%   3.1  465s
 1215908 597188 24818.6375  190   21 24796.0000 24826.7064  0.12%   3.2  470s
 1228674 602421 24800.9358  353   19 24796.0000 24826.7064  0.12%   3.2  476s
 1237984 607120 24801.7273  281   16 24796.0000 24826.7064  0.12%   3.2  480s
 1252058 612577 24810.4414  220   25 24796.0000 24826.7064  0.12%   3.2  485s
 1254170 620934 24826.7064  189   27 24796.0000 24826.7064  0.12%   3.2  492s
 1269641 621238 24823.9091  186   22 24796.0000 24826.7064  0.12%   3.3  495s
 1285914 633783 24800.8800  164   20 24796.0000 24826.7064  0.12%   3.3  500s
 1298550 643046 24801.1137  325   15 24796.0000 24826.7064  0.12%   3.3  505s
 1303562 646600 24823.9091  138   20 24796.0000 24826.7064  0.12%   3.3  510s
 1305560 648634 24803.3950  183   19 24796.0000 24826.7064  0.12%   3.3  515s
 1320374 660126 24825.3535  194   18 24796.0000 24826.7064  0.12%   3.4  520s
 1332991 669473 24826.6715  196   23 24796.0000 24826.7064  0.12%   3.4  525s
 1337788 673303 24810.9957  214   21 24796.0000 24826.7064  0.12%   3.4  530s
 1352876 685038 24823.9091  137   19 24796.0000 24826.7064  0.12%   3.4  535s
 1366980 696523 24816.6466  333   20 24796.0000 24826.7064  0.12%   3.5  540s
 1375745 703327 24798.2183  210   18 24796.0000 24826.7064  0.12%   3.5  546s
 1389350 713942     cutoff  257      24796.0000 24826.7064  0.12%   3.5  550s
 1395755 719212 24801.1137  451   20 24796.0000 24826.7064  0.12%   3.5  556s
 1407236 728179 24826.4705  204   28 24796.0000 24826.7064  0.12%   3.5  560s
 1419195 737395     cutoff  222      24796.0000 24826.7064  0.12%   3.6  565s
 1433810 748419 24810.4256  198   14 24796.0000 24826.7064  0.12%   3.6  570s
 1440787 754152 24811.5495  303   22 24796.0000 24826.7064  0.12%   3.6  575s
 1448023 759789 24801.4805  356   17 24796.0000 24826.7064  0.12%   3.6  580s
 1460725 769570 24820.5424  167   18 24796.0000 24826.7064  0.12%   3.6  585s
 1471802 778214 24814.7132  224   12 24796.0000 24826.7064  0.12%   3.7  590s
 1475679 782433 24801.5976  168   19 24796.0000 24826.7064  0.12%   3.7  597s
 1484071 787080 24823.4951  160   22 24796.0000 24826.7064  0.12%   3.7  603s
 1487559 790667 24808.0090  242   21 24796.0000 24826.7064  0.12%   3.7  606s
 1498402 797745 24814.9219  217   16 24796.0000 24826.7064  0.12%   3.7  611s
 1504271 801617 24826.7064  197   34 24796.0000 24826.7064  0.12%   3.8  616s
 1511969 806525 24825.3535  205   29 24796.0000 24826.7064  0.12%   3.8  620s
 1518023 811818 24815.9819  291   18 24796.0000 24826.7064  0.12%   3.8  626s
 1524315 815643 24826.7064  197   35 24796.0000 24826.7064  0.12%   3.9  632s
 1529391 819088 24824.7927  217   23 24796.0000 24826.7064  0.12%   3.9  635s
 1535969 823187 24808.0187  228   23 24796.0000 24826.7064  0.12%   3.9  640s
 1539259 825331 24797.2940  235   34 24796.0000 24826.7064  0.12%   3.9  645s
 1548594 830783 24818.9316  216   31 24796.0000 24826.7064  0.12%   4.0  656s
H1548698 580516                    24802.000000 24826.7064  0.10%   4.0  657s
 1550453 581629 24820.8741  199   14 24802.0000 24826.7064  0.10%   4.0  660s
 1550468 581639 24811.8871  225   20 24802.0000 24826.7064  0.10%   4.0  666s
 1550471 581641 24803.7746  207   21 24802.0000 24826.7064  0.10%   4.0  670s
 1550478 581646 24819.8411  272   19 24802.0000 24826.2357  0.10%   4.0  676s
 1550483 581649 24823.0962  136   21 24802.0000 24826.0240  0.10%   4.0  680s
 1550487 581652 24820.7628  174   20 24802.0000 24826.0240  0.10%   4.0  685s
 1550490 581654 24826.0240  152   19 24802.0000 24826.0240  0.10%   4.0  690s
 1550604 581749 24824.3592   92   18 24802.0000 24826.0240  0.10%   4.0  696s
 1550794 581844 24823.1539   99   17 24802.0000 24825.9667  0.10%   4.0  700s
 1563426 588288 24805.4827  320   15 24802.0000 24824.4024  0.09%   4.0  706s
 1577355 597917 24806.6850  218   17 24802.0000 24824.2844  0.09%   4.0  710s
 1609540 614605 24815.9932  233   19 24802.0000 24824.1073  0.09%   3.9  715s
 1635608 627305 24817.2670  217   17 24802.0000 24824.0055  0.09%   3.9  720s
 1659831 639275 24823.8275  171   21 24802.0000 24823.9473  0.09%   3.9  725s
 1671962 646490 24811.9745  280   16 24802.0000 24823.9473  0.09%   3.9  730s
 1692110 656828 24813.8968  314   17 24802.0000 24823.8539  0.09%   3.9  735s
 1707400 663196 24812.1218  264   18 24802.0000 24823.8275  0.09%   3.9  740s
 1729623 676188 24817.9176  318   18 24802.0000 24823.8275  0.09%   3.9  745s
 1748332 685142 24811.6914  275   18 24802.0000 24823.8275  0.09%   3.9  750s
 1761450 691302 24812.4974  268   19 24802.0000 24823.8222  0.09%   3.9  755s
 1766794 693004 24820.2211  193   17 24802.0000 24823.8155  0.09%   3.9  760s
 1793632 705173 24809.7254  170   18 24802.0000 24823.7768  0.09%   3.9  765s
 1811232 711911 24822.5670  157   24 24802.0000 24823.7768  0.09%   3.9  770s
 1838654 726370 24818.1157  284   19 24802.0000 24823.7768  0.09%   3.9  775s
 1865369 738841 24811.0000  272   15 24802.0000 24823.7768  0.09%   3.9  780s
 1891461 751400 24820.0741  177   20 24802.0000 24823.7768  0.09%   3.8  785s
 1913226 761764 24820.6000  136   19 24802.0000 24823.7768  0.09%   3.8  790s
 1943557 777176 24816.5001  267   16 24802.0000 24823.7768  0.09%   3.8  795s
 1964765 787509 24818.8035  258   22 24802.0000 24823.7768  0.09%   3.8  800s
 1990211 800013 24813.8651  152   18 24802.0000 24823.7768  0.09%   3.8  805s
 2011677 810417 24819.3814  127   18 24802.0000 24823.7768  0.09%   3.8  810s
 2018673 817314     cutoff  131      24802.0000 24823.7768  0.09%   3.8  815s
 2049715 828353 24815.0354  312   18 24802.0000 24823.7768  0.09%   3.8  820s
 2075139 839021 24815.9709  142   17 24802.0000 24823.7768  0.09%   3.8  825s
 2093394 849236 24818.8864  253   18 24802.0000 24823.7768  0.09%   3.8  830s
 2110636 856944 24821.5019  152   20 24802.0000 24823.7768  0.09%   3.8  835s
 2122527 861063 24815.9509  169   19 24802.0000 24823.7768  0.09%   3.8  841s
 2130730 867044 24823.7768  120   20 24802.0000 24823.7768  0.09%   3.8  845s
 2151131 877342 24821.5741  139   22 24802.0000 24823.7768  0.09%   3.7  850s
 2169377 887067 24818.2241  262   17 24802.0000 24823.7768  0.09%   3.7  855s
 2191932 898834 24812.6444  262   14 24802.0000 24823.7768  0.09%   3.7  860s
 2211537 909423 24822.5670  137   22 24802.0000 24823.7768  0.09%   3.7  865s
 2228558 917660 24812.4654  287   22 24802.0000 24823.7768  0.09%   3.7  870s
 2234577 921080 24804.9130  252   16 24802.0000 24823.7768  0.09%   3.7  875s
 2247027 926664 24820.4930  159   20 24802.0000 24823.7768  0.09%   3.7  880s
 2263933 934738 24817.1084  215   20 24802.0000 24823.7768  0.09%   3.7  885s
 2283743 942054 24820.5051  179   22 24802.0000 24823.7768  0.09%   3.7  890s
 2302760 949605 24806.4372  237   18 24802.0000 24823.7768  0.09%   3.7  895s
 2321385 956693     cutoff  217      24802.0000 24823.7768  0.09%   3.7  900s
 2340481 965214 24819.0331  219   18 24802.0000 24823.7768  0.09%   3.8  905s
 2361309 973498 24811.6846  177   20 24802.0000 24823.7768  0.09%   3.8  910s
 2376707 980351 24818.9233  138   22 24802.0000 24823.7768  0.09%   3.8  915s
 2393508 987106 24821.5741  142   20 24802.0000 24823.7768  0.09%   3.8  920s
 2407705 993265 24812.2373  176   21 24802.0000 24823.7768  0.09%   3.8  925s
 2425619 1000677 24823.7768  141   23 24802.0000 24823.7768  0.09%   3.8  930s
 2439501 1007002 24822.4483  131   24 24802.0000 24823.7768  0.09%   3.8  935s
 2449156 1011191 24814.7073  190   21 24802.0000 24823.7768  0.09%   3.8  940s
 2464840 1016832     cutoff  158      24802.0000 24823.7768  0.09%   3.8  945s
 2475364 1021106 24817.4483  141   23 24802.0000 24823.7768  0.09%   3.8  950s
 2479657 1021577 24821.5741  153   20 24802.0000 24823.7768  0.09%   3.8  956s
 2480063 1030206 24819.5567  182   22 24802.0000 24823.7768  0.09%   3.8  960s
 2503257 1032515 24816.5621  133   21 24802.0000 24823.7768  0.09%   3.8  965s
 2517549 1037622 24821.7223  120   22 24802.0000 24823.7768  0.09%   3.8  970s
 2531165 1042887 24810.0588  125   23 24802.0000 24823.7768  0.09%   3.8  975s
 2548956 1050461 24818.0337  136   19 24802.0000 24823.7768  0.09%   3.8  980s
 2566112 1057371 24823.7768  141   29 24802.0000 24823.7768  0.09%   3.8  985s
 2583031 1064164 24818.0603  237   19 24802.0000 24823.7768  0.09%   3.8  990s
 2597396 1070470 24821.5741  139   19 24802.0000 24823.7768  0.09%   3.8  995s
 2609178 1074838 24821.7223  140   25 24802.0000 24823.7768  0.09%   3.8 1000s
 2618627 1079469 24818.6000  161   17 24802.0000 24823.7768  0.09%   3.8 1005s
 2632309 1086356 24818.3564  231   21 24802.0000 24823.7768  0.09%   3.9 1010s
 2646424 1092542 24819.5552  183   23 24802.0000 24823.7768  0.09%   3.9 1015s
 2655722 1096482     cutoff  250      24802.0000 24823.7768  0.09%   3.9 1020s
 2669032 1101289 24819.0879  151   21 24802.0000 24823.7768  0.09%   3.9 1025s
 2680861 1106122 24812.2234  163   22 24802.0000 24823.7768  0.09%   3.9 1030s
 2692044 1111775 24813.5575  193   20 24802.0000 24823.7768  0.09%   3.9 1035s
 2705714 1117514 24817.5341  144   25 24802.0000 24823.7768  0.09%   3.9 1040s
 2715147 1121846 24813.5455  176   18 24802.0000 24823.7768  0.09%   3.9 1045s
 2728654 1128117 24818.3564  228   25 24802.0000 24823.7768  0.09%   3.9 1050s
 2737096 1131922 24812.2373  171   20 24802.0000 24823.7768  0.09%   3.9 1055s
 2749312 1136871 24805.9720  166   22 24802.0000 24823.7768  0.09%   3.9 1060s
 2757408 1140786 24819.3438  159   26 24802.0000 24823.7768  0.09%   3.9 1065s
 2768927 1145749 24821.0923  135   20 24802.0000 24823.7768  0.09%   3.9 1070s
 2778685 1149541 24819.5909  195   27 24802.0000 24823.7768  0.09%   3.9 1075s
 2787425 1154446 24823.7768  120   29 24802.0000 24823.7768  0.09%   3.9 1080s
 2797367 1158645 24806.3948  259   15 24802.0000 24823.7768  0.09%   3.9 1085s
 2809084 1164778 24818.5763  210   19 24802.0000 24823.7768  0.09%   3.9 1090s
 2813372 1165513 24808.4286  151   19 24802.0000 24823.7768  0.09%   3.9 1095s
 2822645 1171193 24818.0603  230   18 24802.0000 24823.7768  0.09%   3.9 1100s
 2832848 1175383 24819.5567  207   24 24802.0000 24823.7768  0.09%   3.9 1105s
 2844613 1180654 24805.0000  165   17 24802.0000 24823.7768  0.09%   3.9 1110s
 2854856 1185239 24823.7768  103   28 24802.0000 24823.7768  0.09%   3.9 1116s
 2866520 1190972 24821.0923  153   22 24802.0000 24823.7768  0.09%   3.9 1120s
 2877792 1195992 24819.4941  137   23 24802.0000 24823.7768  0.09%   3.9 1126s
 2885220 1199474 24821.5019  147   24 24802.0000 24823.7768  0.09%   3.9 1130s
 2896773 1205247 24819.2515  207   21 24802.0000 24823.7768  0.09%   3.9 1135s
 2906017 1209820 24821.5019  154   29 24802.0000 24823.7768  0.09%   3.9 1140s
 2915385 1213461 24823.7768  142   26 24802.0000 24823.7768  0.09%   3.9 1146s
 2922855 1217604 24820.6934  153   27 24802.0000 24823.7768  0.09%   3.9 1150s
 2934129 1222878 24809.2674  247   20 24802.0000 24823.7768  0.09%   3.9 1156s
 2945725 1228422 24819.4941  138   25 24802.0000 24823.7768  0.09%   3.9 1161s
 2948371 1232476 24819.5567  184   20 24802.0000 24823.7768  0.09%   3.9 1165s
 2959397 1233717 24819.8261  198   20 24802.0000 24823.7768  0.09%   3.9 1171s
 2961869 1235581 24823.7768  119   28 24802.0000 24823.7768  0.09%   3.9 1175s
 2972492 1241568 24819.5909  188   24 24802.0000 24823.7768  0.09%   3.9 1180s
 2985220 1246927 24823.7768  133   33 24802.0000 24823.7768  0.09%   3.9 1185s
 2995602 1251773 24805.7707  167   18 24802.0000 24823.7768  0.09%   3.9 1190s
 3004637 1259789 24819.5909  202   17 24802.0000 24823.7768  0.09%   3.9 1197s
 3016363 1261712 24821.0923  145   24 24802.0000 24823.7768  0.09%   3.9 1200s
 3025852 1265363 24815.4982  174   25 24802.0000 24823.7768  0.09%   3.9 1205s
 3035901 1270740 24819.2545  194   21 24802.0000 24823.7768  0.09%   4.0 1210s
 3047992 1276097 24820.6934  155   24 24802.0000 24823.7768  0.09%   4.0 1215s
 3060428 1280866     cutoff  197      24802.0000 24823.7768  0.09%   4.0 1220s
 3071061 1286950 24813.7104  159   24 24802.0000 24823.7768  0.09%   4.0 1225s
 3084134 1293116 24808.8056  195   18 24802.0000 24823.7768  0.09%   4.0 1231s
 3092068 1296766 24819.4941  129   23 24802.0000 24823.7768  0.09%   4.0 1235s
 3103653 1300900 24813.4819  149   19 24802.0000 24823.7768  0.09%   4.0 1241s
 3108750 1304656 24817.3619  144   19 24802.0000 24823.7768  0.09%   4.0 1245s
 3118622 1308887 24803.7511  170   25 24802.0000 24823.7768  0.09%   4.0 1250s
 3128217 1313415 24809.9916  181   21 24802.0000 24823.7768  0.09%   4.0 1256s
 3136946 1318160 24818.0603  274   21 24802.0000 24823.7768  0.09%   4.0 1260s
 3146052 1322392 24819.1684  207   24 24802.0000 24823.7768  0.09%   4.0 1265s
 3158079 1327946 24817.3979  265   19 24802.0000 24823.7768  0.09%   4.0 1270s
 3167144 1332320 24815.2400  166   20 24802.0000 24823.7768  0.09%   4.0 1275s
 3177590 1337159 24813.5455  186   26 24802.0000 24823.7768  0.09%   4.0 1280s
 3188805 1342755 24809.9916  193   20 24802.0000 24823.7768  0.09%   4.0 1285s
 3198079 1346632 24818.5763  219   19 24802.0000 24823.7768  0.09%   4.0 1290s
 3206034 1349847 24807.7751  147   22 24802.0000 24823.7768  0.09%   4.0 1295s
 3213872 1353834 24819.4941  142   21 24802.0000 24823.7768  0.09%   4.0 1300s
 3226538 1360156 24819.2545  218   20 24802.0000 24823.7768  0.09%   4.0 1305s
 3235579 1364461 24821.0923  136   24 24802.0000 24823.7768  0.09%   4.0 1310s
 3241992 1365941 24822.4483  126   28 24802.0000 24823.7768  0.09%   4.0 1317s
 3246165 1369598 24823.7768  111   31 24802.0000 24823.7768  0.09%   4.0 1321s
 3253655 1373176 24819.6295  185   21 24802.0000 24823.7768  0.09%   4.0 1325s
 3264790 1377859 24822.6553  135   29 24802.0000 24823.7768  0.09%   4.0 1331s
 3271004 1380542 24803.8000  201   15 24802.0000 24823.7768  0.09%   4.0 1336s
 3278607 1384138     cutoff  147      24802.0000 24823.7768  0.09%   4.0 1340s
 3288029 1388516 24819.7500  154   38 24802.0000 24823.7768  0.09%   4.0 1345s
 3296147 1391361 24819.0315  200   24 24802.0000 24823.7768  0.09%   4.0 1351s
 3305735 1398877 24815.8611  150   24 24802.0000 24823.7768  0.09%   4.0 1355s
 3319063 1410004 24803.2366  156   21 24802.0000 24823.7768  0.09%   4.0 1360s
 3332072 1420289 24814.1429  158   20 24802.0000 24823.7768  0.09%   4.0 1365s
 3342516 1428962 24810.2676  138   23 24802.0000 24823.7768  0.09%   4.0 1370s
 3352001 1436524 24817.3619  141   23 24802.0000 24823.7768  0.09%   4.1 1375s
 3360816 1443247 24819.8742  136   25 24802.0000 24823.7768  0.09%   4.1 1380s
 3370665 1451811 24818.7669  220   19 24802.0000 24823.7768  0.09%   4.1 1385s
 3379727 1458618 24810.2174  242   19 24802.0000 24823.7768  0.09%   4.1 1391s
 3387539 1465529 24812.0000  207   23 24802.0000 24823.7768  0.09%   4.1 1395s
 3396168 1473248 24818.6184  233   25 24802.0000 24823.7768  0.09%   4.1 1402s
 3400831 1476657 24822.4483  116   24 24802.0000 24823.7768  0.09%   4.1 1405s
 3408621 1482643 24809.3184  193   17 24802.0000 24823.7768  0.09%   4.1 1411s
 3416141 1488632 24818.0603  247   23 24802.0000 24823.7768  0.09%   4.1 1415s
 3423303 1494699 24818.0337  134   22 24802.0000 24823.7768  0.09%   4.1 1421s
 3433535 1502593 24810.2676  146   21 24802.0000 24823.7768  0.09%   4.1 1426s
 3440572 1508646 24819.2667  164   22 24802.0000 24823.7768  0.09%   4.1 1432s
 3445117 1512514 24818.0603  252   23 24802.0000 24823.7768  0.09%   4.1 1435s
 3454635 1519694 24805.2941  149   22 24802.0000 24823.7768  0.09%   4.1 1440s
 3463059 1526028 24803.7533  209   19 24802.0000 24823.7768  0.09%   4.1 1445s
 3471804 1532980 24821.1768  141   32 24802.0000 24823.7768  0.09%   4.1 1450s
 3479486 1539465 24819.2545  208   24 24802.0000 24823.7768  0.09%   4.1 1456s
 3487506 1545544 24811.9033  142   23 24802.0000 24823.7768  0.09%   4.1 1460s
 3489557 1547133 24812.3004  160   19 24802.0000 24823.7768  0.09%   4.1 1466s
 3495715 1553192 24813.0326  153   18 24802.0000 24823.7768  0.09%   4.1 1470s
 3507954 1561876 24818.3095  130   24 24802.0000 24823.7768  0.09%   4.1 1475s
 3516780 1569174 24808.2977  180   19 24802.0000 24823.7768  0.09%   4.1 1480s
 3525732 1575961 24819.6295  166   23 24802.0000 24823.7768  0.09%   4.1 1485s
 3534909 1583372 24819.4941  158   23 24802.0000 24823.7768  0.09%   4.1 1490s
 3545644 1591412 24817.3619  131   20 24802.0000 24823.7768  0.09%   4.1 1495s
 3553216 1597449 24817.3979  286   22 24802.0000 24823.7768  0.09%   4.1 1500s
 3562227 1603624 24822.4483  135   24 24802.0000 24823.7768  0.09%   4.1 1505s
 3569487 1609917 24819.0315  207   22 24802.0000 24823.7768  0.09%   4.1 1510s
 3577819 1616624 24822.4483  145   22 24802.0000 24823.7768  0.09%   4.1 1516s
 3584803 1622306 24818.6909  220   24 24802.0000 24823.7768  0.09%   4.1 1520s
 3594282 1629865 24808.2203  196   19 24802.0000 24823.7768  0.09%   4.1 1525s
 3603709 1637586 24817.6000  144   25 24802.0000 24823.7457  0.09%   4.1 1530s
 3620002 1650405 24820.7453  197   26 24802.0000 24823.6731  0.09%   4.2 1535s
 3638572 1665975 24820.7453  185   25 24802.0000 24823.6731  0.09%   4.2 1540s
 3653690 1679468 24812.6708  335   22 24802.0000 24823.6731  0.09%   4.2 1545s
 3669792 1693025 24815.4286  189   19 24802.0000 24823.6731  0.09%   4.2 1550s
 3688443 1708917 24820.4407  215   29 24802.0000 24823.6731  0.09%   4.2 1555s
 3706206 1724015 24820.5499  217   19 24802.0000 24823.6731  0.09%   4.2 1560s
 3723068 1738642 24812.7070  194   26 24802.0000 24823.6731  0.09%   4.2 1565s
 3739975 1752923 24820.7453  195   22 24802.0000 24823.6731  0.09%   4.2 1570s
 3756411 1767381 24820.8015  187   26 24802.0000 24823.6731  0.09%   4.2 1575s
 3769473 1778249 24816.1580  309   20 24802.0000 24823.6731  0.09%   4.2 1580s
 3785741 1792426 24818.6167  251   25 24802.0000 24823.6731  0.09%   4.2 1585s
 3803290 1807907 24803.9115  212   22 24802.0000 24823.6731  0.09%   4.2 1590s
 3823339 1824735 24814.7547  203   24 24802.0000 24823.6731  0.09%   4.3 1595s
 3836943 1837555 24816.0973  293   21 24802.0000 24823.6731  0.09%   4.3 1600s
 3853940 1851838 24820.7453  188   24 24802.0000 24823.6731  0.09%   4.3 1605s
 3869099 1864703 24816.3806  269   19 24802.0000 24823.6731  0.09%   4.3 1610s
 3881930 1875357 24816.3806  289   29 24802.0000 24823.6731  0.09%   4.3 1615s
 3896050 1888213 24816.9190  247   28 24802.0000 24823.6731  0.09%   4.3 1620s
 3911511 1901175 24815.1263  197   25 24802.0000 24823.6731  0.09%   4.3 1625s
 3928548 1915493 24805.0000  240   20 24802.0000 24823.6731  0.09%   4.3 1630s
 3943126 1928289 24818.4314  235   21 24802.0000 24823.6731  0.09%   4.3 1635s
 3962245 1944969 24817.5530  219   25 24802.0000 24823.6731  0.09%   4.3 1640s
 3977652 1958560 24815.9623  287   21 24802.0000 24823.6731  0.09%   4.3 1645s
 3991862 1970853 24805.0787  255   18 24802.0000 24823.6731  0.09%   4.4 1650s
 4004518 1982028 24816.0973  315   24 24802.0000 24823.6731  0.09%   4.4 1655s
 4018841 1993707 24814.5062  321   20 24802.0000 24823.6731  0.09%   4.4 1660s
 4035180 2007526 24819.8235  225   26 24802.0000 24823.6731  0.09%   4.4 1665s
 4051318 2021474 24809.7835  202   22 24802.0000 24823.6731  0.09%   4.4 1670s
 4065079 2032895 24818.6167  225   21 24802.0000 24823.6731  0.09%   4.4 1675s
 4079974 2045433 24817.7985  199   30 24802.0000 24823.6731  0.09%   4.4 1680s
 4095028 2058508 24820.7453  202   31 24802.0000 24823.6731  0.09%   4.4 1685s
 4109348 2070140 24816.8570  223   21 24802.0000 24823.6731  0.09%   4.4 1690s
 4120412 2079769 24809.6421  326   21 24802.0000 24823.6731  0.09%   4.4 1695s
 4134769 2092419 24816.8570  246   21 24802.0000 24823.6731  0.09%   4.4 1700s
 4151157 2106625 24803.9115  267   20 24802.0000 24823.6731  0.09%   4.4 1705s
 4166176 2119429 24823.0636  185   29 24802.0000 24823.6731  0.09%   4.5 1710s
 4181854 2133067 24816.9620  243   26 24802.0000 24823.6731  0.09%   4.5 1715s
 4197166 2146439 24814.9211  266   19 24802.0000 24823.6731  0.09%   4.5 1720s
 4213009 2160249 24820.4665  208   26 24802.0000 24823.6731  0.09%   4.5 1725s
 4227345 2171954 24819.8235  219   33 24802.0000 24823.6731  0.09%   4.5 1731s
 4238074 2181110 24820.7453  188   20 24802.0000 24823.6731  0.09%   4.5 1735s
 4253094 2194568 24812.7143  249   20 24802.0000 24823.6731  0.09%   4.5 1740s
 4268807 2207627 24813.4039  327   25 24802.0000 24823.6731  0.09%   4.5 1745s
 4283404 2220200 24818.3869  243   24 24802.0000 24823.6731  0.09%   4.5 1750s
 4298133 2233056 24810.3296  312   22 24802.0000 24823.6731  0.09%   4.5 1755s
 4313033 2245756 24820.7453  193   28 24802.0000 24823.6731  0.09%   4.5 1760s
 4327561 2257724 24816.5738  273   19 24802.0000 24823.6731  0.09%   4.6 1765s
 4337484 2266647 24814.2414  293   20 24802.0000 24823.6731  0.09%   4.6 1770s
 4352960 2279875 24816.2891  299   20 24802.0000 24823.6731  0.09%   4.6 1775s
 4366540 2290993 24809.6087  254   20 24802.0000 24823.6731  0.09%   4.6 1780s
 4381088 2303437 24812.0973  213   18 24802.0000 24823.6731  0.09%   4.6 1785s
 4397292 2317582 24813.4039  331   22 24802.0000 24823.6731  0.09%   4.6 1790s
 4413129 2330575 24823.0636  188   24 24802.0000 24823.6731  0.09%   4.6 1795s
 4427717 2343384 24809.6026  308   18 24802.0000 24823.6731  0.09%   4.6 1800s
 4443020 2356144 24822.8536  198   19 24802.0000 24823.6731  0.09%   4.6 1805s
 4456088 2367886 24820.4407  209   24 24802.0000 24823.6731  0.09%   4.6 1810s
 4466609 2376945 24820.6443  218   25 24802.0000 24823.6731  0.09%   4.6 1815s
 4480707 2388640 24820.4407  211   23 24802.0000 24823.6731  0.09%   4.6 1820s
 4494790 2400555 24816.6079  243   21 24802.0000 24823.6731  0.09%   4.6 1825s
 4509734 2413142 24810.5465  276   22 24802.0000 24823.6731  0.09%   4.6 1830s
 4524306 2425922 24803.6378  235   19 24802.0000 24823.6731  0.09%   4.6 1835s
 4538860 2438503 24812.7143  220   20 24802.0000 24823.6731  0.09%   4.7 1840s
 4555127 2452575 24816.0973  251   23 24802.0000 24823.6731  0.09%   4.7 1845s
 4570214 2465430 24820.7453  190   29 24802.0000 24823.6731  0.09%   4.7 1850s
 4575187 2468370 24814.9703  265   21 24802.0000 24823.6731  0.09%   4.7 1855s
 4588053 2480795 24823.0636  188   23 24802.0000 24823.6731  0.09%   4.7 1860s
 4603700 2493674 24805.5529  203   20 24802.0000 24823.6731  0.09%   4.7 1865s
 4618696 2506979 24813.4039  323   24 24802.0000 24823.6731  0.09%   4.7 1870s
 4634085 2519732 24805.4712  204   18 24802.0000 24823.6731  0.09%   4.7 1875s
 4650953 2535017 24816.8455  271   22 24802.0000 24823.6731  0.09%   4.7 1880s
 4661856 2544256 24804.1946  211   19 24802.0000 24823.6731  0.09%   4.7 1885s
 4676501 2557063 24822.8536  182   23 24802.0000 24823.6731  0.09%   4.7 1890s
 4690822 2569041 24814.7547  204   21 24802.0000 24823.6671  0.09%   4.7 1896s
 4701670 2578918 24815.2570  262   25 24802.0000 24823.6671  0.09%   4.7 1900s
 4715804 2590525 24821.3166  194   32 24802.0000 24823.5691  0.09%   4.7 1905s
 4730549 2603788 24816.9190  246   19 24802.0000 24823.5366  0.09%   4.7 1910s
 4743340 2615032 24818.6167  224   25 24802.0000 24823.5366  0.09%   4.7 1915s
 4755892 2626173 24816.2993  264   20 24802.0000 24823.5366  0.09%   4.8 1920s
 4769542 2637901 24814.5062  299   23 24802.0000 24823.5366  0.09%   4.8 1925s
 4781005 2648286 24816.5738  265   23 24802.0000 24823.5366  0.09%   4.8 1930s
 4794300 2659330 24804.7138  196   25 24802.0000 24823.5366  0.09%   4.8 1935s
 4808877 2672161 24810.1497  324   22 24802.0000 24823.5366  0.09%   4.8 1940s
 4821280 2683017 24808.7556  189   21 24802.0000 24823.5366  0.09%   4.8 1945s
 4836164 2696087 24822.8536  178   29 24802.0000 24823.5366  0.09%   4.8 1950s
 4848140 2706586 24822.8536  172   31 24802.0000 24823.5366  0.09%   4.8 1955s
 4861419 2718079     cutoff  281      24802.0000 24823.5366  0.09%   4.8 1960s
 4872219 2727937 24816.0973  314   21 24802.0000 24823.5366  0.09%   4.8 1965s
 4883723 2737286 24808.4824  266   18 24802.0000 24823.5366  0.09%   4.8 1970s
 4895025 2748060 24822.8536  170   34 24802.0000 24823.5366  0.09%   4.8 1975s
 4907766 2758848 24812.5782  313   23 24802.0000 24823.5366  0.09%   4.8 1980s
 4918304 2767652 24820.2800  218   27 24802.0000 24823.5366  0.09%   4.8 1985s
 4927923 2776245 24814.4897  324   25 24802.0000 24823.5366  0.09%   4.8 1990s
 4938259 2785232 24814.2616  299   24 24802.0000 24823.5366  0.09%   4.8 1995s
 4947467 2793245 24810.2602  351   19 24802.0000 24823.5366  0.09%   4.8 2000s
 4959200 2802432 24820.7453  198   26 24802.0000 24823.5366  0.09%   4.8 2005s
 4969951 2811961 24819.7701  185   30 24802.0000 24823.5366  0.09%   4.8 2010s
 4980066 2821263 24820.7453  185   27 24802.0000 24823.5366  0.09%   4.8 2015s
 4994098 2833387 24816.5738  273   21 24802.0000 24823.5366  0.09%   4.8 2020s
 5004406 2843270 24814.4897  299   22 24802.0000 24823.5366  0.09%   4.9 2025s
 5015132 2852733 24814.4897  299   21 24802.0000 24823.5366  0.09%   4.9 2030s
 5027928 2864051 24820.7453  201   28 24802.0000 24823.5366  0.09%   4.9 2035s
 5035201 2870341 24819.8235  223   23 24802.0000 24823.5366  0.09%   4.9 2040s
 5048090 2882565 24812.8608  344   21 24802.0000 24823.5366  0.09%   4.9 2045s
 5056981 2890710 24820.4407  207   25 24802.0000 24823.5366  0.09%   4.9 2050s
 5070243 2901924 24820.7453  195   25 24802.0000 24823.5366  0.09%   4.9 2055s
 5083112 2913462 24819.8235  202   28 24802.0000 24823.5366  0.09%   4.9 2060s
 5092363 2921340 24814.9703  261   19 24802.0000 24823.5366  0.09%   4.9 2065s
 5101661 2928732 24812.7709  209   16 24802.0000 24823.5169  0.09%   4.9 2070s
 5111276 2936488 24803.5257  297   21 24802.0000 24823.5169  0.09%   4.9 2075s
 5120060 2944581 24820.7453  206   24 24802.0000 24823.5169  0.09%   4.9 2080s
 5131107 2954359 24805.5185  355   22 24802.0000 24823.5169  0.09%   4.9 2085s
 5143340 2965208 24816.6079  252   21 24802.0000 24823.5169  0.09%   4.9 2090s
 5149975 2971356 24818.8343  212   28 24802.0000 24823.5169  0.09%   4.9 2095s
 5160057 2979638 24820.0630  195   27 24802.0000 24823.5169  0.09%   4.9 2100s
 5171133 2989342 24814.2616  320   25 24802.0000 24823.5169  0.09%   4.9 2105s
 5181382 2997436 24813.9246  310   20 24802.0000 24823.5169  0.09%   4.9 2111s
 5190431 3005216 24813.9246  338   28 24802.0000 24823.5169  0.09%   4.9 2116s
 5197651 3011337 24813.2316  297   22 24802.0000 24823.5169  0.09%   4.9 2120s
 5207204 3019932 24814.2616  287   24 24802.0000 24823.5169  0.09%   4.9 2125s
 5217387 3028713 24805.0000  270   19 24802.0000 24823.5169  0.09%   4.9 2130s
 5224042 3033929 24818.8343  223   19 24802.0000 24823.5169  0.09%   4.9 2135s
 5230825 3040824 24823.0636  186   27 24802.0000 24823.5169  0.09%   4.9 2140s
 5242146 3049387 24816.8455  257   21 24802.0000 24823.5169  0.09%   4.9 2145s
 5253636 3060118 24809.7355  285   19 24802.0000 24823.5169  0.09%   4.9 2150s
 5264088 3068869 24814.4897  290   17 24802.0000 24823.5169  0.09%   4.9 2155s
 5273237 3077409 24805.0000  231   20 24802.0000 24823.5169  0.09%   4.9 2161s
 5280868 3084177 24813.9246  327   23 24802.0000 24823.5169  0.09%   4.9 2165s
 5292078 3093695 24814.3999  286   24 24802.0000 24823.5169  0.09%   4.9 2171s
 5300650 3101264 24813.3203  346   25 24802.0000 24823.5169  0.09%   4.9 2175s
 5310482 3109939 24818.6167  249   28 24802.0000 24823.5169  0.09%   4.9 2181s
 5317694 3115808 24819.9673  212   20 24802.0000 24823.5169  0.09%   4.9 2185s
 5327064 3124642 24820.7453  192   26 24802.0000 24823.5169  0.09%   4.9 2190s
 5336032 3131704 24820.7453  193   29 24802.0000 24823.5169  0.09%   5.0 2195s
 5344831 3139535 24820.7453  200   21 24802.0000 24823.5169  0.09%   5.0 2200s
 5357557 3150273 24820.7453  195   21 24802.0000 24823.5169  0.09%   5.0 2206s
 5367331 3158352 24823.0636  181   31 24802.0000 24823.5169  0.09%   5.0 2210s
 5375575 3165141 24814.8448  299   21 24802.0000 24823.5169  0.09%   5.0 2215s
 5384761 3173273 24814.2436  335   21 24802.0000 24823.5169  0.09%   5.0 2220s
 5396524 3183466 24816.0982  258   27 24802.0000 24823.5169  0.09%   5.0 2225s
 5406150 3191397 24819.8235  220   22 24802.0000 24823.5169  0.09%   5.0 2231s
 5414817 3198631 24806.9548  244   20 24802.0000 24823.5169  0.09%   5.0 2235s
 5425226 3207933 24814.7000  198   19 24802.0000 24823.5169  0.09%   5.0 2240s
 5436576 3217359 24814.2616  328   25 24802.0000 24823.5169  0.09%   5.0 2246s
 5444512 3223916 24813.9246  322   25 24802.0000 24823.5169  0.09%   5.0 2250s
 5448402 3225700 24812.8608  373   18 24802.0000 24823.5169  0.09%   5.0 2255s
 5448513 3235940 24812.8608  374   17 24802.0000 24823.5169  0.09%   5.0 2260s
 5464359 3241068 24814.2436  320   24 24802.0000 24823.5169  0.09%   5.0 2265s
 5475320 3250005 24814.1266  285   19 24802.0000 24823.5169  0.09%   5.0 2270s
 5485894 3259445 24819.5759  211   28 24802.0000 24823.5169  0.09%   5.0 2275s
 5497274 3269051 24814.9697  260   21 24802.0000 24823.5169  0.09%   5.0 2280s
 5505625 3276690 24816.8455  256   20 24802.0000 24823.5169  0.09%   5.0 2285s
 5511344 3281245 24820.7453  195   25 24802.0000 24823.5169  0.09%   5.0 2290s
 5522366 3290356 24814.8448  306   22 24802.0000 24823.5169  0.09%   5.0 2295s
 5532105 3298219 24823.0636  207   22 24802.0000 24823.5169  0.09%   5.0 2300s
 5541304 3306291 24808.0000  371   19 24802.0000 24823.5169  0.09%   5.0 2305s
 5552304 3314985 24820.7453  184   28 24802.0000 24823.5169  0.09%   5.0 2310s
 5560854 3322235 24816.8570  254   23 24802.0000 24823.5169  0.09%   5.0 2315s
 5570644 3330218 24806.7865  209   17 24802.0000 24823.5169  0.09%   5.0 2320s
 5579914 3338349 24812.8608  362   19 24802.0000 24823.5169  0.09%   5.0 2326s
 5585978 3343210 24823.0636  190   27 24802.0000 24823.5169  0.09%   5.0 2330s
 5595342 3351552 24811.3183  325   18 24802.0000 24823.5169  0.09%   5.0 2335s
 5602999 3358127 24803.6378  248   22 24802.0000 24823.5169  0.09%   5.0 2340s
 5611275 3364548 24823.0636  182   27 24802.0000 24823.5169  0.09%   5.0 2345s
 5618039 3370647 24812.2111  341   25 24802.0000 24823.5169  0.09%   5.0 2350s
 5628594 3378714 24812.7481  178   27 24802.0000 24823.5169  0.09%   5.0 2355s
 5637932 3386892 24823.3364  176   36 24802.0000 24823.5167  0.09%   5.1 2360s
 5645479 3392955 24806.1212  241   17 24802.0000 24823.5167  0.09%   5.1 2366s
 5650739 3397742 24817.8000  208   22 24802.0000 24823.5167  0.09%   5.1 2370s
 5659055 3404253 24821.5267  202   26 24802.0000 24823.5167  0.09%   5.1 2375s
 5669282 3412502 24803.0000  299   15 24802.0000 24823.4495  0.09%   5.1 2381s
 5676130 3418023 24819.7857  197   32 24802.0000 24823.4495  0.09%   5.1 2385s
 5686737 3427142 24820.7387  200   31 24802.0000 24823.4495  0.09%   5.1 2390s
 5692781 3432555 24815.7273  230   28 24802.0000 24823.4495  0.09%   5.1 2396s
 5705231 3442973 24807.6951  340   19 24802.0000 24823.4495  0.09%   5.1 2400s
 5714045 3449520 24822.9092  207   26 24802.0000 24823.4495  0.09%   5.1 2405s
 5724343 3458414 24817.5530  250   21 24802.0000 24823.4495  0.09%   5.1 2410s
 5731907 3462971 24816.3336  254   29 24802.0000 24823.4495  0.09%   5.1 2416s
 5736781 3468730 24820.6476  216   27 24802.0000 24823.4495  0.09%   5.1 2420s
 5746007 3475785 24820.7387  201   25 24802.0000 24823.4495  0.09%   5.1 2425s
 5754937 3481873 24812.0439  277   25 24802.0000 24823.4495  0.09%   5.1 2432s
 5757559 3485293 24820.7387  193   28 24802.0000 24823.4495  0.09%   5.1 2436s
 5767643 3492798 24818.0299  240   28 24802.0000 24823.4495  0.09%   5.1 2440s
 5777769 3500972 24810.7693  224   23 24802.0000 24823.4495  0.09%   5.1 2446s
 5788733 3509443     cutoff  238      24802.0000 24823.4495  0.09%   5.1 2450s
 5798100 3516840 24812.1218  386   22 24802.0000 24823.4495  0.09%   5.1 2456s
 5803357 3521337 24805.5185  337   22 24802.0000 24823.4495  0.09%   5.1 2460s
 5812992 3529229 24818.6159  228   23 24802.0000 24823.4495  0.09%   5.1 2465s
 5824528 3538510 24812.7143  196   19 24802.0000 24823.4495  0.09%   5.1 2470s
 5833599 3545725     cutoff  277      24802.0000 24823.4495  0.09%   5.1 2475s
 5842066 3551964 24818.6167  253   27 24802.0000 24823.4495  0.09%   5.1 2480s
 5850611 3559617 24804.9085  200   20 24802.0000 24823.4495  0.09%   5.1 2485s
 5857561 3565271 24819.5759  223   28 24802.0000 24823.4495  0.09%   5.1 2490s
 5862236 3569020     cutoff  227      24802.0000 24823.4495  0.09%   5.1 2495s
 5874352 3579331 24818.0047  230   25 24802.0000 24823.4495  0.09%   5.1 2500s
 5882796 3585977 24806.1859  239   22 24802.0000 24823.4495  0.09%   5.2 2507s
 5890067 3591685 24819.7857  204   22 24802.0000 24823.4495  0.09%   5.2 2512s
 5893587 3593955 24808.0140  285   22 24802.0000 24823.4495  0.09%   5.2 2517s
 5898333 3597967 24803.5257  282   20 24802.0000 24823.4495  0.09%   5.2 2520s
 5906405 3604911 24821.6143  218   31 24802.0000 24823.4495  0.09%   5.2 2525s
 5917572 3613838 24818.2927  228   34 24802.0000 24823.4495  0.09%   5.2 2530s
 5927668 3622035 24809.6325  210   26 24802.0000 24823.4495  0.09%   5.2 2535s
 5938499 3630615 24815.5744  201   24 24802.0000 24823.4495  0.09%   5.2 2540s
 5947597 3637206 24803.8915  283   17 24802.0000 24823.4495  0.09%   5.2 2545s
 5959573 3646263 24812.5500  274   20 24802.0000 24823.4495  0.09%   5.2 2550s
 5969511 3653781 24811.0000  230   26 24802.0000 24823.4495  0.09%   5.2 2555s
 5977991 3660214 24814.8238  273   22 24802.0000 24823.4495  0.09%   5.2 2560s
 5987357 3667768 24814.4141  296   18 24802.0000 24823.4495  0.09%   5.2 2565s
 5996611 3674691 24819.7857  221   26 24802.0000 24823.4495  0.09%   5.2 2570s
 6007533 3683072 24813.9371  226   19 24802.0000 24823.4495  0.09%   5.2 2575s
 6018167 3690816 24816.8455  271   27 24802.0000 24823.4495  0.09%   5.2 2581s
 6023778 3695073 24815.5744  220   33 24802.0000 24823.4495  0.09%   5.2 2585s
 6035748 3704212 24816.3226  273   20 24802.0000 24823.4495  0.09%   5.2 2590s
 6044683 3711085     cutoff  253      24802.0000 24823.4495  0.09%   5.2 2595s
 6055077 3719011 24822.9092  201   28 24802.0000 24823.4495  0.09%   5.2 2600s
 6066459 3727112 24803.2468  222   23 24802.0000 24823.4495  0.09%   5.2 2605s
 6075119 3733986 24818.6159  216   29 24802.0000 24823.4495  0.09%   5.2 2610s
 6081653 3738954 24814.2436  333   26 24802.0000 24823.4495  0.09%   5.2 2615s
 6093724 3748976 24807.6951  328   21 24802.0000 24823.4495  0.09%   5.2 2620s
 6101907 3754663 24815.5744  218   24 24802.0000 24823.4495  0.09%   5.2 2625s
 6110157 3761182 24808.0140  265   24 24802.0000 24823.4495  0.09%   5.2 2630s
 6121096 3770021 24809.7835  250   20 24802.0000 24823.4495  0.09%   5.2 2635s
 6130016 3776569 24817.9158  242   22 24802.0000 24823.4495  0.09%   5.2 2641s
 6137099 3782100 24816.4254  222   22 24802.0000 24823.4495  0.09%   5.3 2645s
 6145622 3788453 24821.9322  217   24 24802.0000 24823.4495  0.09%   5.3 2650s
 6158314 3797826 24804.3077  234   20 24802.0000 24823.4495  0.09%   5.3 2656s
 6164799 3802898 24803.6881  249   21 24802.0000 24823.4495  0.09%   5.3 2660s
 6175664 3811390 24814.3078  267   24 24802.0000 24823.4495  0.09%   5.3 2665s
 6182253 3816024 24819.7857  234   28 24802.0000 24823.4495  0.09%   5.3 2670s
 6187615 3819997 24818.2927  220   23 24802.0000 24823.4495  0.09%   5.3 2675s
 6196861 3825928 24804.5078  285   22 24802.0000 24823.4495  0.09%   5.3 2680s
 6205302 3832482 24823.4495  211   30 24802.0000 24823.4495  0.09%   5.3 2685s
 6213734 3838425 24822.0109  205   29 24802.0000 24823.4495  0.09%   5.3 2690s
 6225774 3847578 24816.7676  208   23 24802.0000 24823.4495  0.09%   5.3 2695s
 6236089 3855387 24811.0000  236   25 24802.0000 24823.4495  0.09%   5.3 2700s
 6248655 3864666 24803.4359  249   19 24802.0000 24823.4495  0.09%   5.3 2705s
 6258950 3872157 24823.4495  221   29 24802.0000 24823.4495  0.09%   5.3 2710s
 6269662 3879977 24804.5513  216   26 24802.0000 24823.4495  0.09%   5.3 2716s
 6278153 3886627 infeasible  342      24802.0000 24823.4495  0.09%   5.3 2720s
 6285877 3892278 24818.2927  239   20 24802.0000 24823.4495  0.09%   5.3 2725s
 6296092 3899641 24818.6159  215   22 24802.0000 24823.4495  0.09%   5.3 2730s
 6308250 3908619 24819.5455  223   25 24802.0000 24823.4495  0.09%   5.3 2736s
 6317555 3915247 24804.9085  234   25 24802.0000 24823.4495  0.09%   5.3 2740s
 6327802 3922818 24810.2950  233   23 24802.0000 24823.4495  0.09%   5.3 2745s
 6334960 3927997     cutoff  220      24802.0000 24823.4495  0.09%   5.3 2750s
 6344402 3934457 24813.1426  230   21 24802.0000 24823.4495  0.09%   5.3 2756s
 6351336 3939889 24809.5883  230   28 24802.0000 24823.4495  0.09%   5.3 2760s
 6360537 3946180 24805.4712  219   25 24802.0000 24823.4495  0.09%   5.3 2767s
 6367362 3951554 24803.2581  243   27 24802.0000 24823.4495  0.09%   5.3 2771s
 6374607 3957251 24813.7156  338   29 24802.0000 24823.4495  0.09%   5.4 2776s
 6381805 3962479 24816.0093  298   20 24802.0000 24823.4495  0.09%   5.4 2780s
 6392089 3970482 24804.2672  246   22 24802.0000 24823.4495  0.09%   5.4 2785s
 6401539 3977828 24823.4495  222   26 24802.0000 24823.4495  0.09%   5.4 2790s
 6410945 3984487 24815.5744  222   25 24802.0000 24823.4495  0.09%   5.4 2795s
 6419217 3989458 24818.2564  273   31 24802.0000 24823.4495  0.09%   5.4 2801s
 6424857 3994253 24812.3334  250   23 24802.0000 24823.4495  0.09%   5.4 2805s
 6432234 3999641 24807.4732  232   22 24802.0000 24823.4495  0.09%   5.4 2810s
 6443161 4007049 24812.3269  247   22 24802.0000 24823.4495  0.09%   5.4 2815s
 6453639 4015026 24813.5338  327   23 24802.0000 24823.4495  0.09%   5.4 2820s
 6463363 4022283 24807.6439  287   16 24802.0000 24823.4495  0.09%   5.4 2825s
 6472221 4028271 24820.7387  218   29 24802.0000 24823.4495  0.09%   5.4 2830s
 6479755 4034106     cutoff  276      24802.0000 24823.4495  0.09%   5.4 2835s
 6488866 4040492 24810.6556  265   33 24802.0000 24823.4495  0.09%   5.4 2840s
 6501621 4049493 24819.7857  219   33 24802.0000 24823.4495  0.09%   5.4 2845s
 6510145 4055904 24804.1429  221   29 24802.0000 24823.4495  0.09%   5.4 2850s
 6517156 4061025 24812.7826  280   23 24802.0000 24823.4495  0.09%   5.4 2855s
 6529707 4068958 24823.4495  210   31 24802.0000 24823.4495  0.09%   5.4 2860s
 6538437 4074924 24815.5744  224   21 24802.0000 24823.4495  0.09%   5.4 2866s
 6541669 4077600 24812.7143  308   20 24802.0000 24823.4495  0.09%   5.4 2870s
 6550378 4083642 24807.4732  228   23 24802.0000 24823.4495  0.09%   5.4 2875s
 6559450 4089810     cutoff  235      24802.0000 24823.4495  0.09%   5.4 2880s
 6566623 4094742     cutoff  253      24802.0000 24823.4495  0.09%   5.4 2885s
 6575112 4099928 24803.0395  288   16 24802.0000 24823.4495  0.09%   5.4 2890s
 6580608 4104302 24808.7805  314   27 24802.0000 24823.4495  0.09%   5.4 2895s
 6587747 4108519 24812.0512  234   24 24802.0000 24823.4495  0.09%   5.5 2900s
 6597665 4115276 24809.7835  284   20 24802.0000 24823.4495  0.09%   5.5 2905s
 6605177 4120001 24815.4043  239   31 24802.0000 24823.4495  0.09%   5.5 2910s
 6609310 4123363 24803.5158  261   18 24802.0000 24823.4495  0.09%   5.5 2915s
 6616001 4127494 24811.2027  269   22 24802.0000 24823.4495  0.09%   5.5 2920s
 6623837 4132647 24807.4609  237   35 24802.0000 24823.4495  0.09%   5.5 2926s
 6630666 4136980 24806.5217  273   29 24802.0000 24823.4495  0.09%   5.5 2931s
 6638123 4142575 24814.2140  266   26 24802.0000 24823.4495  0.09%   5.5 2936s
 6641974 4144733 24803.0000  306   19 24802.0000 24823.4495  0.09%   5.5 2940s
 6651886 4151466 24820.8683  227   28 24802.0000 24823.4495  0.09%   5.5 2946s
 6657898 4155458 24812.7143  266   16 24802.0000 24823.4495  0.09%   5.5 2951s
 6666228 4160634 24804.0196  261   26 24802.0000 24823.4495  0.09%   5.5 2957s
 6672080 4164458 24810.2539  278   20 24802.0000 24823.4495  0.09%   5.5 2960s
 6680633 4170200 24804.9085  237   28 24802.0000 24823.4495  0.09%   5.5 2967s
 6687152 4174817 24808.9922  224   30 24802.0000 24823.4495  0.09%   5.5 2970s
 6695743 4180392 24805.1795  265   22 24802.0000 24823.4495  0.09%   5.5 2978s
 6700856 4183763 24810.1802  260   26 24802.0000 24823.4495  0.09%   5.5 2980s
 6709135 4190158 24804.3238  320   18 24802.0000 24823.4495  0.09%   5.5 2986s
 6716802 4195047 24819.7857  245   25 24802.0000 24823.4495  0.09%   5.5 2991s
 6722901 4199776     cutoff  241      24802.0000 24823.4495  0.09%   5.5 2996s
 6730132 4204681 24810.8188  214   26 24802.0000 24823.4495  0.09%   5.5 3002s
 6734714 4208125 24810.2118  250   22 24802.0000 24823.4495  0.09%   5.5 3005s
 6736912 4208875 24823.4287  231   30 24802.0000 24823.4495  0.09%   5.5 3010s
 6742982 4213271     cutoff  257      24802.0000 24823.4495  0.09%   5.5 3015s
 6749647 4217554 24812.0162  354   20 24802.0000 24823.4495  0.09%   5.5 3020s
 6759552 4224281 24818.6159  245   24 24802.0000 24823.4495  0.09%   5.5 3025s
 6768122 4229752 24823.4495  213   28 24802.0000 24823.4495  0.09%   5.5 3030s
 6771414 4231863 24811.0000  243   30 24802.0000 24823.4495  0.09%   5.5 3035s
 6777991 4236093 24819.1846  225   35 24802.0000 24823.4495  0.09%   5.5 3040s
 6785837 4241221 24809.0156  246   27 24802.0000 24823.4495  0.09%   5.5 3045s
 6796233 4247908 24823.4495  229   38 24802.0000 24823.4495  0.09%   5.5 3050s
 6805323 4253529 24804.1016  228   19 24802.0000 24823.4495  0.09%   5.6 3055s
 6815863 4260781 24819.7857  230   20 24802.0000 24823.4495  0.09%   5.6 3060s
 6826983 4268362 24812.2230  264   25 24802.0000 24823.4495  0.09%   5.6 3066s
 6835061 4274286     cutoff  235      24802.0000 24823.4495  0.09%   5.6 3071s
 6842844 4279717 24819.7857  267   22 24802.0000 24823.4495  0.09%   5.6 3075s
 6851241 4285394 24818.0047  299   33 24802.0000 24823.4495  0.09%   5.6 3080s
 6856522 4287650     cutoff  242      24802.0000 24823.4495  0.09%   5.6 3092s
 6860715 4291719 24816.5392  239   24 24802.0000 24823.4495  0.09%   5.6 3095s
 6871115 4298342 24817.6342  236   29 24802.0000 24823.4495  0.09%   5.6 3100s
 6878491 4303434 24820.8683  224   32 24802.0000 24823.4495  0.09%   5.6 3105s
 6883972 4306165 24818.6159  252   27 24802.0000 24823.4495  0.09%   5.6 3112s
 6884369 4312255 24817.4866  287   25 24802.0000 24823.4495  0.09%   5.6 3115s
 6897174 4315788 24807.8937  314   22 24802.0000 24823.4495  0.09%   5.6 3120s
 6905547 4321444 24810.2680  231   22 24802.0000 24823.4495  0.09%   5.6 3125s
 6912743 4326311 24812.7070  282   21 24802.0000 24823.4495  0.09%   5.6 3130s
 6921456 4331292 24821.6143  243   29 24802.0000 24823.4495  0.09%   5.6 3135s
 6925753 4334597 24805.4712  238   23 24802.0000 24823.4495  0.09%   5.6 3140s
 6935469 4341158 24821.6143  225   27 24802.0000 24823.4495  0.09%   5.6 3145s
 6943167 4345995 24809.6325  214   21 24802.0000 24823.4495  0.09%   5.6 3150s
 6948877 4350039 24821.6143  220   27 24802.0000 24823.4495  0.09%   5.6 3155s
 6954773 4354002     cutoff  212      24802.0000 24823.4495  0.09%   5.6 3160s
 6963423 4360054 24804.3366  278   24 24802.0000 24823.4495  0.09%   5.6 3165s
 6972675 4366131 24803.5116  238   24 24802.0000 24823.4495  0.09%   5.6 3170s
 6983697 4373523 24812.3269  220   24 24802.0000 24823.4495  0.09%   5.6 3175s
 6992243 4378763 24811.0000  232   22 24802.0000 24823.4495  0.09%   5.6 3180s
 6998842 4383018 24812.1172  241   22 24802.0000 24823.4495  0.09%   5.6 3186s
 7005847 4387513 24812.8933  257   17 24802.0000 24823.4495  0.09%   5.6 3191s
 7014539 4393352     cutoff  289      24802.0000 24823.4495  0.09%   5.6 3195s
 7017522 4395156 24812.1311  248   21 24802.0000 24823.4495  0.09%   5.6 3200s
 7024721 4400491 24815.6316  231   25 24802.0000 24823.4495  0.09%   5.6 3205s
 7039017 4408623     cutoff  271      24802.0000 24823.4495  0.09%   5.7 3210s
 7049469 4415893 24809.1484  325   18 24802.0000 24823.4495  0.09%   5.7 3215s
 7059693 4422764 24812.0674  308   20 24802.0000 24823.4495  0.09%   5.7 3220s
 7065261 4426639 24820.0706  214   27 24802.0000 24823.4495  0.09%   5.7 3225s
 7073629 4432080 24805.4606  240   24 24802.0000 24823.4495  0.09%   5.7 3230s
 7082749 4437775 24819.7857  273   21 24802.0000 24823.4495  0.09%   5.7 3235s
 7091313 4443675 24803.1628  271   19 24802.0000 24823.4495  0.09%   5.7 3240s
 7098142 4447479 24804.6406  225   18 24802.0000 24823.4495  0.09%   5.7 3249s
 7098776 4448863 24804.6406  226   22 24802.0000 24823.4495  0.09%   5.7 3250s
 7106492 4453929 24813.8816  260   18 24802.0000 24823.4495  0.09%   5.7 3255s
 7114604 4459438 24807.2879  308   17 24802.0000 24823.4495  0.09%   5.7 3260s
 7122275 4464434 24820.9477  235   27 24802.0000 24823.4495  0.09%   5.7 3265s
 7133929 4472086 24813.8082  211   28 24802.0000 24823.4495  0.09%   5.7 3270s
 7144286 4478196 24807.5117  195   22 24802.0000 24823.4495  0.09%   5.7 3275s
 7151096 4482993 24817.2732  233   20 24802.0000 24823.4495  0.09%   5.7 3280s
 7160637 4489021 24806.8308  216   28 24802.0000 24823.4495  0.09%   5.7 3287s
 7167058 4493673 24817.9851  218   26 24802.0000 24823.4495  0.09%   5.7 3291s
 7175838 4499194 24810.2624  214   31 24802.0000 24823.4495  0.09%   5.7 3295s
 7183839 4504693     cutoff  243      24802.0000 24823.4495  0.09%   5.7 3300s
 7194696 4512050 24821.6143  227   31 24802.0000 24823.4495  0.09%   5.7 3306s
 7202716 4517463 24823.4495  211   29 24802.0000 24823.4495  0.09%   5.7 3310s
 7212586 4524101 24805.0586  260   24 24802.0000 24823.4495  0.09%   5.7 3315s
 7219661 4528126 24823.4495  210   39 24802.0000 24823.4495  0.09%   5.7 3320s
 7227957 4534332 24816.3489  217   31 24802.0000 24823.4495  0.09%   5.7 3325s
 7237238 4540925 24818.9714  253   24 24802.0000 24823.4495  0.09%   5.7 3331s
 7242116 4544296 24816.3196  253   26 24802.0000 24823.4495  0.09%   5.7 3335s
 7247755 4548159 24821.6143  221   27 24802.0000 24823.4495  0.09%   5.7 3340s
 7253623 4552004 24815.9919  237   32 24802.0000 24823.4495  0.09%   5.7 3345s
 7263749 4558810 24816.0581  239   28 24802.0000 24823.4495  0.09%   5.8 3350s
 7270740 4562975 24813.4479  234   17 24802.0000 24823.4495  0.09%   5.8 3355s
 7277146 4567547     cutoff  274      24802.0000 24823.4495  0.09%   5.8 3360s
 7286516 4573598 24823.4495  202   33 24802.0000 24823.4495  0.09%   5.8 3366s
 7293732 4578011 24823.4495  214   30 24802.0000 24823.4495  0.09%   5.8 3371s
 7301827 4583580 24818.2564  273   28 24802.0000 24823.4495  0.09%   5.8 3375s
 7309101 4588537 24819.5892  252   30 24802.0000 24823.4495  0.09%   5.8 3380s
 7317926 4594476 24815.0796  221   28 24802.0000 24823.4495  0.09%   5.8 3385s
 7323083 4597992 24807.5697  226   28 24802.0000 24823.4495  0.09%   5.8 3390s
 7332329 4603906 24813.7032  224   28 24802.0000 24823.4495  0.09%   5.8 3395s
 7340968 4609775 24811.0000  260   20 24802.0000 24823.4495  0.09%   5.8 3400s
 7349907 4615902 24820.6644  239   27 24802.0000 24823.4495  0.09%   5.8 3405s
 7359980 4622478 24804.8812  261   18 24802.0000 24823.4495  0.09%   5.8 3411s
 7367234 4627120 24808.7223  233   24 24802.0000 24823.4495  0.09%   5.8 3415s
 7375995 4633074 24804.0047  256   25 24802.0000 24823.4495  0.09%   5.8 3420s
 7382920 4637607 24806.1922  260   23 24802.0000 24823.4495  0.09%   5.8 3425s
 7390134 4642307 24823.4495  216   26 24802.0000 24823.4495  0.09%   5.8 3430s
 7398327 4648150 24821.6143  230   34 24802.0000 24823.4495  0.09%   5.8 3435s
 7405659 4653008 24823.4079  222   28 24802.0000 24823.4495  0.09%   5.8 3440s
 7415643 4659371 24815.9363  229   27 24802.0000 24823.4495  0.09%   5.8 3447s
 7422898 4664610 24815.0796  203   24 24802.0000 24823.4495  0.09%   5.8 3451s
 7430963 4669662 24821.6143  210   30 24802.0000 24823.4495  0.09%   5.8 3456s
 7438632 4674424 24811.1370  245   26 24802.0000 24823.4495  0.09%   5.8 3461s
 7443796 4678229 24822.9092  212   29 24802.0000 24823.4495  0.09%   5.8 3465s
 7452507 4683596 24821.6143  240   28 24802.0000 24823.4495  0.09%   5.8 3472s
 7455664 4686028 24820.8683  224   32 24802.0000 24823.4495  0.09%   5.8 3475s
 7466498 4692901 24820.8683  228   19 24802.0000 24823.4495  0.09%   5.8 3482s
 7473458 4697837 24812.0512  247   20 24802.0000 24823.4495  0.09%   5.8 3487s
 7480657 4702753 24808.0761  257   18 24802.0000 24823.4495  0.09%   5.8 3492s
 7487335 4707205     cutoff  229      24802.0000 24823.4495  0.09%   5.8 3495s
 7494216 4711441 24820.8683  215   27 24802.0000 24823.4495  0.09%   5.8 3500s
 7500900 4716148 24821.6143  213   28 24802.0000 24823.4495  0.09%   5.9 3505s
 7509211 4721825 24820.8683  233   26 24802.0000 24823.4495  0.09%   5.9 3510s
 7514356 4725590     cutoff  259      24802.0000 24823.4495  0.09%   5.9 3515s
 7523161 4731801 24804.5313  285   17 24802.0000 24823.4495  0.09%   5.9 3520s
 7528387 4735064 24820.8683  217   30 24802.0000 24823.4495  0.09%   5.9 3525s
 7537430 4741951 24803.9976  224   25 24802.0000 24823.4495  0.09%   5.9 3530s
 7544652 4746979 24820.8683  209   24 24802.0000 24823.4495  0.09%   5.9 3535s
 7551467 4751612 24820.8624  229   29 24802.0000 24823.4495  0.09%   5.9 3540s
 7563623 4759583 24815.0796  236   25 24802.0000 24823.4495  0.09%   5.9 3545s
 7572778 4764914 24820.8683  218   23 24802.0000 24823.4495  0.09%   5.9 3550s
 7581377 4769673 24823.4495  199   35 24802.0000 24823.4495  0.09%   5.9 3556s
 7590259 4776146 24805.4712  228   20 24802.0000 24823.4495  0.09%   5.9 3560s
 7600811 4783160 24818.5141  219   25 24802.0000 24823.4495  0.09%   5.9 3565s
 7609740 4788955 24803.0430  246   16 24802.0000 24823.4495  0.09%   5.9 3570s
 7616612 4793429 24818.6571  271   26 24802.0000 24823.4495  0.09%   5.9 3576s
 7624597 4799059 24814.4124  228   26 24802.0000 24823.4495  0.09%   5.9 3580s
 7639263 4808578 24819.7857  246   31 24802.0000 24823.4495  0.09%   5.9 3585s
 7644547 4810966 24814.8987  299   18 24802.0000 24823.4495  0.09%   5.9 3595s
 7653909 4817660 24820.8683  209   31 24802.0000 24823.4495  0.09%   5.9 3600s

Cutting planes:
  Gomory: 10
  Cover: 717
  MIR: 3
  StrongCG: 5
  Flow cover: 1
  RLT: 3

Explored 7654755 nodes (45155302 simplex iterations) in 3600.22 seconds
Thread count was 12 (of 12 available processors)

Solution count 10: 24802 24796 24792 ... 22241

Time limit reached
Best objective 2.480200000000e+04, best bound 2.482300000000e+04, gap 0.0847%
