
Gurobi 9.1.2 (win64, Java) logging started Tue Nov  9 13:33:55 2021

Academic license - for non-commercial use only - expires 2022-10-30
Gurobi Optimizer version 9.1.2 build v9.1.2rc0 (win64)
Thread count: 6 physical cores, 12 logical processors, using up to 12 threads
Optimize a model with 110 rows, 1000 columns and 2000 nonzeros
Model fingerprint: 0x48138d35
Variable types: 0 continuous, 1000 integer (1000 binary)
Coefficient statistics:
  Matrix range     [1e+00, 1e+03]
  Objective range  [3e+00, 1e+03]
  Bounds range     [1e+00, 1e+00]
  RHS range        [1e+00, 3e+03]
Found heuristic solution: objective 26733.000000
Presolve time: 0.03s
Presolved: 110 rows, 1000 columns, 2000 nonzeros
Variable types: 0 continuous, 1000 integer (1000 binary)
Presolved: 110 rows, 1000 columns, 2000 nonzeros


Root relaxation: objective 2.920746e+04, 291 iterations, 0.00 seconds

    Nodes    |    Current Node    |     Objective Bounds      |     Work
 Expl Unexpl |  Obj  Depth IntInf | Incumbent    BestBd   Gap | It/Node Time

     0     0 29207.4550    0   14 26733.0000 29207.4550  9.26%     -    0s
H    0     0                    28924.000000 29207.4550  0.98%     -    1s
H    0     0                    28950.000000 29207.4550  0.89%     -    2s
     0     0 29206.8783    0   20 28950.0000 29206.8783  0.89%     -    3s
     0     0 29206.8783    0   26 28950.0000 29206.8783  0.89%     -    3s
     0     0 29206.8783    0   27 28950.0000 29206.8783  0.89%     -    3s
     0     0 29206.8783    0   16 28950.0000 29206.8783  0.89%     -    4s
     0     2 29206.8783    0   16 28950.0000 29206.8783  0.89%     -    5s
H   37    43                    29032.000000 29206.8783  0.60%  14.9    7s
   481   488 29206.0066   66   17 29032.0000 29206.8783  0.60%   8.6   12s
H  486   488                    29057.000000 29206.8783  0.52%   8.6   12s
   487   501 29206.0066   67   17 29057.0000 29206.8783  0.52%   8.7   15s
H  499   501                    29059.000000 29206.8783  0.51%   8.6   15s
  3347  3169 29195.3000   82   16 29059.0000 29206.8783  0.51%   4.8   20s
H 3354  3015                    29117.000000 29204.9604  0.30%   4.8   25s
H 3366  2872                    29124.000000 29204.9604  0.28%   5.4   30s
H 3400  2760                    29128.000000 29204.9604  0.26%   6.4   34s
  3409  2769 29200.3904   34   17 29128.0000 29204.9604  0.26%   6.4   43s
 16206 11456 29204.6154  192   15 29128.0000 29204.6154  0.26%   4.0   50s
H16209  9917                    29142.000000 29204.6154  0.21%   4.0   50s
 16318  9922 29204.6154  193   16 29142.0000 29204.6154  0.21%   4.0   57s
 18077 11322 29148.8142  410   17 29142.0000 29204.6154  0.21%   3.9   60s
 18110 11357 29204.6154   49   15 29142.0000 29204.6154  0.21%   4.0   66s
 18122 11365 29200.3904   49   19 29142.0000 29204.6154  0.21%   4.0   78s
 27500 16456 29202.5391  136   18 29142.0000 29204.4838  0.21%   3.7   82s
 30831 18206 29202.1954  152   17 29142.0000 29204.4838  0.21%   3.6   90s
 30843 18220 29202.1954  153   18 29142.0000 29204.4838  0.21%   3.6   96s
 45200 27550 29151.1952  177   13 29142.0000 29204.4838  0.21%   3.5  100s
 56550 33219 29201.0420  176   16 29142.0000 29204.4838  0.21%   3.4  106s
H56552 31558                    29147.000000 29203.8614  0.20%   3.4  106s
 56559 31563 29149.6406  199   17 29147.0000 29199.3820  0.18%   3.4  111s
 56563 31566 29198.6040  190   22 29147.0000 29198.6040  0.18%   3.4  116s
 56567 31568 29195.2598  193   17 29147.0000 29198.6040  0.18%   3.4  120s
 56578 31577 29198.6040  175   14 29147.0000 29198.6040  0.18%   3.4  126s
 56585 31582 29196.7621  105   16 29147.0000 29196.7621  0.17%   3.4  130s
 56590 31585 29196.7532   53   18 29147.0000 29196.7532  0.17%   3.4  135s
 56593 31587 29179.6514  218   20 29147.0000 29196.7532  0.17%   3.4  140s
 56596 31589 29173.4041  157   26 29147.0000 29196.7532  0.17%   3.4  145s
 57329 32430 29196.2370  104   17 29147.0000 29196.6907  0.17%   3.5  150s
 63102 35391 29193.2782  249   18 29147.0000 29196.6907  0.17%   3.5  155s
 69394 39404 29190.6000   99   15 29147.0000 29196.6907  0.17%   3.5  162s
 72606 42454 29182.3102  156   18 29147.0000 29196.6907  0.17%   3.4  165s
 80837 44816 29149.6696  372   18 29147.0000 29196.6907  0.17%   3.4  171s
 86668 48711 29193.6066  209   17 29147.0000 29196.6907  0.17%   3.3  177s
 92720 52613 29155.5661  256   18 29147.0000 29196.6907  0.17%   3.3  180s
 95081 51835 29152.4659  158   12 29147.0000 29196.6907  0.17%   3.4  190s
 101444 57008 29194.4706  180   19 29147.0000 29196.5869  0.17%   3.3  195s
 112953 63531 29196.1504  138   16 29147.0000 29196.5869  0.17%   3.3  200s
 131906 71591 29157.3028  324   13 29147.0000 29196.5869  0.17%   3.2  207s
 144431 78769 29183.7610  361   18 29147.0000 29196.5869  0.17%   3.3  210s
 157472 85800 29148.2105  190   14 29147.0000 29196.5869  0.17%   3.3  215s
 183262 108250 29192.0107  244   18 29147.0000 29196.5869  0.17%   3.3  222s
 186953 113873 29187.8298  310   16 29147.0000 29196.5869  0.17%   3.3  225s
 196762 120352 29148.0000  443   15 29147.0000 29196.5869  0.17%   3.3  230s
 205418 128549 29196.5869  126   17 29147.0000 29196.5869  0.17%   3.3  236s
 211852 133396 29193.4902  218   14 29147.0000 29196.5869  0.17%   3.3  240s
 221966 142651 29196.4394  157   16 29147.0000 29196.5869  0.17%   3.2  246s
 226923 146418 29196.5869  137   17 29147.0000 29196.5869  0.17%   3.2  251s
 233545 151555 29159.9940  196   10 29147.0000 29196.5869  0.17%   3.3  255s
 240308 161753 29152.4818  236   17 29147.0000 29196.5869  0.17%   3.3  260s
 249781 165081 29196.4394  165   17 29147.0000 29196.5869  0.17%   3.3  265s
 259437 171930 29156.5867  207   17 29147.0000 29196.5869  0.17%   3.3  272s
 267850 178597 29176.4577  243   15 29147.0000 29196.5869  0.17%   3.3  277s
 272079 182471 29152.5000  180   15 29147.0000 29196.5869  0.17%   3.3  280s
 276934 186715 29196.1504  203   17 29147.0000 29196.5869  0.17%   3.3  285s
 281870 191159 29193.6926  220   16 29147.0000 29196.5869  0.17%   3.3  290s
 287196 194728 29196.1504  173   18 29147.0000 29196.5869  0.17%   3.4  295s
 293411 198086 29176.4577  262   16 29147.0000 29196.5869  0.17%   3.4  310s
 296078 200935 29189.7934  198   16 29147.0000 29196.5869  0.17%   3.4  316s
 307080 209489 29196.1504  180   18 29147.0000 29196.5869  0.17%   3.4  322s
 309334 212377 29196.1504  179   14 29147.0000 29196.5869  0.17%   3.4  325s
 314849 216390 29196.4605  172   20 29147.0000 29196.5869  0.17%   3.4  330s
 321475 221928 29194.4706  172   17 29147.0000 29196.5869  0.17%   3.4  335s
 327721 225073 29193.7931  198   18 29147.0000 29196.5869  0.17%   3.5  345s
 328731 226766 29189.1498  265   17 29147.0000 29196.5869  0.17%   3.5  350s
 342557 237579 29196.5869  175   19 29147.0000 29196.5869  0.17%   3.5  355s
 355255 246660 29178.6629  254   13 29147.0000 29196.5869  0.17%   3.6  361s
 363059 252347 29196.4394  161   19 29147.0000 29196.5869  0.17%   3.6  366s
 367425 256847 29196.1504  182   19 29147.0000 29196.5869  0.17%   3.6  370s
 369821 257179 29196.4394  161   20 29147.0000 29196.5869  0.17%   3.6  377s
 371823 260108 29191.8845  246   19 29147.0000 29196.5869  0.17%   3.6  380s
 382000 267696 29170.9486  191   15 29147.0000 29196.5869  0.17%   3.7  385s
 393478 276686     cutoff  393      29147.0000 29196.5869  0.17%   3.7  391s
 401404 282903     cutoff  235      29147.0000 29196.5869  0.17%   3.7  395s
 407988 288035 29193.0724  198   16 29147.0000 29196.5869  0.17%   3.7  402s
 415076 292898 29196.5869  164   23 29147.0000 29196.5869  0.17%   3.7  411s
 417406 295203 29193.7931  267   18 29147.0000 29196.5869  0.17%   3.7  416s
 423158 300671 29196.5869  154   23 29147.0000 29196.5869  0.17%   3.7  420s
 437385 310903 29187.8839  278   17 29147.0000 29196.5869  0.17%   3.8  427s
 444109 316064 29196.4394  178   19 29147.0000 29196.5869  0.17%   3.8  432s
 451998 321991 29196.1504  181   17 29147.0000 29196.5869  0.17%   3.8  436s
 458762 326688 29196.3091  153   19 29147.0000 29196.5869  0.17%   3.8  441s
 464583 331400 29196.1504  183   17 29147.0000 29196.5869  0.17%   3.8  445s
 469736 335055 29157.2176  225   15 29147.0000 29196.5869  0.17%   3.8  450s
 472377 338446 29196.1504  186   20 29147.0000 29196.5869  0.17%   3.8  456s
 477346 340506 29179.4089  312   18 29147.0000 29196.5869  0.17%   3.8  464s
 477631 342728 29163.1386  234   17 29147.0000 29196.5869  0.17%   3.8  465s
 489263 350561 29196.1504  183   19 29147.0000 29196.5869  0.17%   3.8  470s
 503106 360969 29156.0000  330   12 29147.0000 29196.5869  0.17%   3.9  475s
 514074 369893 29155.5534  207   13 29147.0000 29196.5869  0.17%   3.9  480s
 524203 377388 29194.3116  162   18 29147.0000 29196.5869  0.17%   3.9  485s
 529656 380338 29188.2500  171   15 29147.0000 29196.5869  0.17%   3.9  496s
 531571 382126 29184.3000  180   18 29147.0000 29196.5869  0.17%   3.9  501s
 537955 388539     cutoff  304      29147.0000 29196.5869  0.17%   3.9  505s
 553293 400006 29154.9710  433   13 29147.0000 29196.5869  0.17%   4.0  510s
 567763 411878 29163.2789  276   19 29147.0000 29196.5869  0.17%   4.0  515s
 580295 420731 29163.7660  302   16 29147.0000 29196.5869  0.17%   4.0  520s
 586273 425693 29185.3443  288   19 29147.0000 29196.5869  0.17%   4.0  525s
 592680 430657 29194.3116  158   16 29147.0000 29196.5869  0.17%   4.0  532s
 600008 436529 29158.1702  342   15 29147.0000 29196.5869  0.17%   4.0  537s
 603256 439211 29192.5512  201   15 29147.0000 29196.5869  0.17%   4.0  541s
 606836 441140 29191.2805  258   21 29147.0000 29196.5869  0.17%   4.0  551s
 613705 447569     cutoff  321      29147.0000 29196.5869  0.17%   4.0  556s
 624874 457612 29193.2899  268   21 29147.0000 29196.5869  0.17%   4.1  560s
 633799 464334 29164.4563  221   18 29147.0000 29196.5869  0.17%   4.1  565s
 643744 472217 29193.3343  173   18 29147.0000 29196.5869  0.17%   4.1  570s
 645346 472359 29190.7407  213   18 29147.0000 29196.5869  0.17%   4.1  575s
 646792 474955 29163.2789  316   17 29147.0000 29196.5869  0.17%   4.1  580s
 653126 478761 29196.4394  126   26 29147.0000 29196.5869  0.17%   4.1  590s
 665573 490826 29186.6998  225   18 29147.0000 29196.5869  0.17%   4.1  595s
 682531 502798 29195.9480  236   16 29147.0000 29196.5869  0.17%   4.1  608s
 684908 506218 29196.4394  185   16 29147.0000 29196.5869  0.17%   4.1  610s
 700676 518172 29189.2652  185   15 29147.0000 29196.5869  0.17%   4.1  618s
 705500 522956     cutoff  248      29147.0000 29196.5869  0.17%   4.1  620s
 722475 537052 29177.9095  300   15 29147.0000 29196.5869  0.17%   4.2  625s
 732406 543548 29196.5869  179   19 29147.0000 29196.5869  0.17%   4.2  638s
 735908 548240 29188.3440  209   16 29147.0000 29196.5869  0.17%   4.2  640s
 750264 559115 29196.4394  162   16 29147.0000 29196.5869  0.17%   4.2  646s
 758183 565776 29163.5000  171   19 29147.0000 29196.5869  0.17%   4.2  650s
 767607 573136 29196.5869  166   16 29147.0000 29196.5869  0.17%   4.2  656s
 776537 581294 29196.5869  123   27 29147.0000 29196.5869  0.17%   4.2  660s
 787918 589345 29191.8700  165   15 29147.0000 29196.5869  0.17%   4.3  667s
 790996 592737 29186.6118  254   16 29147.0000 29196.5869  0.17%   4.3  670s
 795911 594569 29194.0000  149   16 29147.0000 29196.5869  0.17%   4.3  680s
 799812 599776 29148.2192  236   13 29147.0000 29196.5869  0.17%   4.3  685s
 809074 606928 29196.2130  121   18 29147.0000 29196.5869  0.17%   4.3  690s
 817611 613619 29184.7418  221   14 29147.0000 29196.5869  0.17%   4.3  696s
 830880 623792 29172.5689  199   21 29147.0000 29196.5869  0.17%   4.3  700s
 839656 631007     cutoff  357      29147.0000 29196.5869  0.17%   4.3  710s
 849462 639015 29194.4706  160   21 29147.0000 29196.5869  0.17%   4.3  717s
 856535 644573 29195.0544  184   18 29147.0000 29196.5869  0.17%   4.3  722s
 864419 649710 29190.2250  141   17 29147.0000 29196.5869  0.17%   4.3  727s
 872071 654500 29189.2652  205   15 29147.0000 29196.5869  0.17%   4.3  739s
 872094 655342 29180.7496  205   14 29147.0000 29196.5869  0.17%   4.3  740s
 885466 664990 29193.2732  276   18 29147.0000 29196.5869  0.17%   4.4  752s
 891150 670483 29191.8913  201   15 29147.0000 29196.5869  0.17%   4.4  755s
 903131 679407 29196.1504  210   18 29147.0000 29196.5869  0.17%   4.4  760s
 913724 687432 29190.2250  179   14 29147.0000 29196.5869  0.17%   4.4  766s
 920028 691984 29148.0000  259   16 29147.0000 29196.5869  0.17%   4.4  773s
 923398 696005 29196.0000  166   17 29147.0000 29196.5869  0.17%   4.4  775s
 925705 697158 29196.5869  191   17 29147.0000 29196.5869  0.17%   4.4  780s
 933461 702084 29188.2898  203   15 29147.0000 29196.5869  0.17%   4.4  795s
 945485 713306 29149.0000  381   18 29147.0000 29196.5869  0.17%   4.4  801s
 950812 716160 29193.4663  187   17 29147.0000 29196.5869  0.17%   4.4  806s
 957791 720577 29196.5869  173   24 29147.0000 29196.5869  0.17%   4.4  818s
 960253 723789 29155.3401  297   12 29147.0000 29196.5869  0.17%   4.4  822s
 965704 728390 29159.4899  283   12 29147.0000 29196.5869  0.17%   4.4  825s
 969376 730199 29187.2617  182   22 29147.0000 29196.5869  0.17%   4.4  830s
 979919 739639 29196.1504  200   18 29147.0000 29196.5869  0.17%   4.4  836s
 989801 747381 29170.8079  324   13 29147.0000 29196.5869  0.17%   4.5  840s
 991616 747436 29171.0464  244   12 29147.0000 29196.5869  0.17%   4.5  847s
 993578 750045 29189.5685  190   16 29147.0000 29196.5869  0.17%   4.5  851s
 999925 755593 29171.2619  235   14 29147.0000 29196.5869  0.17%   4.5  856s
 1008093 762113 29184.4887  274   17 29147.0000 29196.5869  0.17%   4.5  861s
 1015974 768842 29171.0843  201   17 29147.0000 29196.5869  0.17%   4.5  867s
 1023314 774325 29161.9880  211   15 29147.0000 29196.5869  0.17%   4.5  873s
 1028068 778580 29189.5685  147   21 29147.0000 29196.5869  0.17%   4.5  875s
 1033553 782624 29157.0000  161   15 29147.0000 29196.5869  0.17%   4.5  880s
 1038512 786482 29156.0000  428   15 29147.0000 29196.5869  0.17%   4.5  885s
 1044794 790701 29149.8735  257   15 29147.0000 29196.5869  0.17%   4.5  890s
 1051077 795772     cutoff  226      29147.0000 29196.5869  0.17%   4.5  895s
 1058507 802170 29149.7875  237   17 29147.0000 29196.5869  0.17%   4.5  900s
 1066092 807824 29196.1504  201   22 29147.0000 29196.5869  0.17%   4.5  908s
 1069420 811342 29188.0000  194   18 29147.0000 29196.5869  0.17%   4.5  910s
 1072881 812954 29194.4706  254   20 29147.0000 29196.5869  0.17%   4.5  922s
 1073172 814150 29193.7931  289   17 29147.0000 29196.5869  0.17%   4.5  926s
 1079680 819690 29182.8496  274   19 29147.0000 29196.5869  0.17%   4.5  932s
 1087034 825692 29161.9458  183   19 29147.0000 29196.5869  0.17%   4.5  937s
 1088861 826231 29188.2898  203   18 29147.0000 29196.5869  0.17%   4.5  943s
 1092081 830472 29148.0000  448   16 29147.0000 29196.5869  0.17%   4.5  945s
 1095970 833310 29196.4394  171   19 29147.0000 29196.5869  0.17%   4.5  950s
 1102573 837411 29194.9197  232   15 29147.0000 29196.5869  0.17%   4.6  955s
 1108905 842941 29161.4161  279   17 29147.0000 29196.5869  0.17%   4.6  961s
 1115282 847605 29190.7773  200   15 29147.0000 29196.5869  0.17%   4.6  965s
 1122277 853433 29181.2560  401   20 29147.0000 29196.5869  0.17%   4.6  971s
 1130049 859610 29182.5957  266   15 29147.0000 29196.5869  0.17%   4.6  977s
 1136889 865343 29196.1504  253   18 29147.0000 29196.5869  0.17%   4.6  983s
 1142433 869887 29149.0000  242   12 29147.0000 29196.5869  0.17%   4.6  987s
 1144058 871170 29194.4706  183   19 29147.0000 29196.5869  0.17%   4.6  990s
 1151643 877111 29196.5869  165   15 29147.0000 29196.5869  0.17%   4.6  998s
 1155171 879706 29156.7180  173   13 29147.0000 29196.5869  0.17%   4.6 1002s
 1162025 885770 29150.4639  269   18 29147.0000 29196.5869  0.17%   4.6 1005s
 1166186 887751 29196.4394  164   19 29147.0000 29196.5869  0.17%   4.6 1017s
 1167450 890147 29187.8298  323   17 29147.0000 29196.5869  0.17%   4.6 1020s
 1173243 894043 29158.2911  455   18 29147.0000 29196.5869  0.17%   4.6 1026s
 1179831 898933 29159.0000  312   18 29147.0000 29196.5869  0.17%   4.6 1037s
 1182145 902129 29191.3234  172   17 29147.0000 29196.5869  0.17%   4.6 1040s
 1189724 907553 29155.8298  211   22 29147.0000 29196.5869  0.17%   4.6 1048s
 1193049 910431 29150.1709  240   18 29147.0000 29196.5869  0.17%   4.6 1050s
 1195933 912167 29191.1622  229   16 29147.0000 29196.5869  0.17%   4.7 1055s
 1202353 917739 29187.8298  342   14 29147.0000 29196.5869  0.17%   4.7 1060s
 1210277 924037 29151.6045  233   11 29147.0000 29196.5869  0.17%   4.7 1067s
 1217693 929593 29196.1504  176   19 29147.0000 29196.5869  0.17%   4.7 1071s
 1223371 934760     cutoff  267      29147.0000 29196.5869  0.17%   4.7 1075s
 1225141 934807 29191.3234  212   16 29147.0000 29196.5869  0.17%   4.7 1083s
 1227155 938062 29175.1915  397   17 29147.0000 29196.5869  0.17%   4.7 1086s
 1235172 944394 29188.2898  244   16 29147.0000 29196.5869  0.17%   4.7 1092s
 1236600 945657 29159.0000  364   15 29147.0000 29196.5869  0.17%   4.7 1095s
 1244443 952277 29166.2513  268   18 29147.0000 29196.5869  0.17%   4.7 1101s
 1247059 955288 29176.6096  223   14 29147.0000 29196.5869  0.17%   4.7 1105s
 1255090 961435 29194.8286  180   19 29147.0000 29196.5869  0.17%   4.7 1110s
 1262571 967669 29178.2228  317   20 29147.0000 29196.5869  0.17%   4.7 1115s
 1266026 969067 29196.1504  203   15 29147.0000 29196.5869  0.17%   4.7 1126s
 1269042 972386 29175.0369  230   15 29147.0000 29196.5869  0.17%   4.7 1130s
 1276581 978052 29196.5869  169   22 29147.0000 29196.5869  0.17%   4.7 1136s
 1285575 985946 29183.5171  220   18 29147.0000 29196.5869  0.17%   4.7 1140s
 1290419 990366 29196.5869  171   17 29147.0000 29196.5869  0.17%   4.7 1145s
 1296751 993365 29194.1314  206   18 29147.0000 29196.5869  0.17%   4.7 1157s
 1298359 996046 29148.3452  223   16 29147.0000 29196.5869  0.17%   4.7 1160s
 1302491 998841 29179.5582  186   20 29147.0000 29196.5869  0.17%   4.7 1165s
 1309133 1003954 29149.8889  336   15 29147.0000 29196.5869  0.17%   4.8 1170s
 1318990 1012164 29188.5285  203   18 29147.0000 29196.5869  0.17%   4.8 1175s
 1326312 1017843 29196.4394  136   19 29147.0000 29196.5869  0.17%   4.8 1181s
 1334089 1024183 29195.4895  174   20 29147.0000 29196.5869  0.17%   4.8 1187s
 1339865 1028693 29189.5685  192   19 29147.0000 29196.5869  0.17%   4.8 1191s
 1344460 1032325 29170.9715  279   19 29147.0000 29196.5869  0.17%   4.8 1195s
 1347440 1035064 29174.4096  163   18 29147.0000 29196.5869  0.17%   4.8 1201s
 1353992 1040240 29150.0140  261   16 29147.0000 29196.5869  0.17%   4.8 1205s
 1357241 1042029 29196.4394  164   19 29147.0000 29196.5869  0.17%   4.8 1211s
 1363235 1046949 29187.7662  210   17 29147.0000 29196.5869  0.17%   4.8 1216s
 1369305 1052166 29189.0723  223   22 29147.0000 29196.5869  0.17%   4.8 1220s
 1377116 1057278 29196.5869  169   20 29147.0000 29196.5869  0.17%   4.8 1232s
 1377128 1058224 29196.5869  170   19 29147.0000 29196.5869  0.17%   4.8 1236s
 1383864 1064443 29169.8193  219   15 29147.0000 29196.5869  0.17%   4.8 1240s
 1391752 1069921 29196.1504  207   19 29147.0000 29196.5869  0.17%   4.8 1247s
 1398705 1075790     cutoff  226      29147.0000 29196.5869  0.17%   4.8 1251s
 1400781 1076268 29192.4526  185   20 29147.0000 29196.5869  0.17%   4.8 1255s
 1406558 1082058 29188.4294  190   16 29147.0000 29196.5869  0.17%   4.9 1260s
 1412759 1086492 29173.5168  228   18 29147.0000 29196.5869  0.17%   4.9 1265s
 1415071 1086620 29191.2168  197   21 29147.0000 29196.5869  0.17%   4.9 1270s
 1419242 1090429 29196.1504  174   19 29147.0000 29196.5869  0.17%   4.9 1275s
 1425498 1095636 29196.1504  191   19 29147.0000 29196.5869  0.17%   4.9 1281s
 1432378 1101019 29186.2497  226   18 29147.0000 29196.5869  0.17%   4.9 1286s
 1439620 1106163     cutoff  259      29147.0000 29196.5869  0.17%   4.9 1292s
 1447430 1112565 29196.4394  168   21 29147.0000 29196.5869  0.17%   4.9 1297s
 1455968 1119258 29149.7850  271   22 29147.0000 29196.5869  0.17%   4.9 1302s
 1464000 1126296 29196.5869  172   22 29147.0000 29196.5869  0.17%   4.9 1307s
 1469432 1130793 29166.6326  241   16 29147.0000 29196.5869  0.17%   4.9 1310s
 1471281 1130838 29165.2117  225   17 29147.0000 29196.5869  0.17%   4.9 1320s
 1475010 1134805 29196.5869  178   29 29147.0000 29196.5869  0.17%   4.9 1326s
 1478479 1137398 29189.0000  149   15 29147.0000 29196.5869  0.17%   4.9 1330s
 1484224 1143238 29163.5035  293   18 29147.0000 29196.5869  0.17%   5.0 1335s
 1488751 1145658 29166.6007  202   18 29147.0000 29196.5869  0.17%   5.0 1340s
 1498115 1153226 29196.0000  176   16 29147.0000 29196.5869  0.17%   5.0 1347s
 1501977 1156315 29196.5869  179   22 29147.0000 29196.5869  0.17%   5.0 1351s
 1508334 1161384 29196.1504  195   20 29147.0000 29196.5869  0.17%   5.0 1357s
 1512183 1164852 29179.8012  180   16 29147.0000 29196.5869  0.17%   5.0 1361s
 1514338 1165575 29196.1504  148   18 29147.0000 29196.5869  0.17%   5.0 1365s
 1515361 1165582 29154.5408  258   16 29147.0000 29196.5869  0.17%   5.0 1371s
 1515376 1166351 29154.5408  259   14 29147.0000 29196.5869  0.17%   5.0 1376s
 1521196 1170488 29196.1504  173   20 29147.0000 29196.5869  0.17%   5.0 1388s
 1521626 1171063 29196.1504  174   19 29147.0000 29196.5869  0.17%   5.0 1393s
 1522306 1173213 29196.1504  204   20 29147.0000 29196.5869  0.17%   5.0 1395s
 1527413 1176822 29196.5869  188   24 29147.0000 29196.5869  0.17%   5.0 1401s
 1535672 1183734 29151.6177  229   12 29147.0000 29196.5869  0.17%   5.0 1405s
 1543576 1189886 29189.5468  222   18 29147.0000 29196.5869  0.17%   5.0 1410s
 1549739 1194584 29190.2250  193   17 29147.0000 29196.5869  0.17%   5.0 1415s
 1557571 1200439 29180.0000  189   15 29147.0000 29196.5869  0.17%   5.0 1423s
 1560121 1204019 29190.2250  181   15 29147.0000 29196.5869  0.17%   5.0 1426s
 1566642 1209003 29190.6424  253   16 29147.0000 29196.5869  0.17%   5.0 1430s
 1575465 1216165 29166.8440  297   13 29147.0000 29196.5869  0.17%   5.0 1435s
 1577286 1216177 29184.9557  262   14 29147.0000 29196.5869  0.17%   5.0 1445s
 1579496 1218547 29173.2084  211   16 29147.0000 29196.5869  0.17%   5.0 1451s
 1584092 1223083 29196.5869  170   24 29147.0000 29196.5869  0.17%   5.0 1457s
 1590508 1228316 29192.3703  193   18 29147.0000 29196.5869  0.17%   5.0 1463s
 1594490 1231680 29196.1504  176   19 29147.0000 29196.5869  0.17%   5.1 1465s
 1601230 1237300 29154.4281  265   15 29147.0000 29196.5869  0.17%   5.1 1470s
 1609807 1243902 29193.6926  214   17 29147.0000 29196.5869  0.17%   5.1 1476s
 1613626 1246543 29196.5869  187   20 29147.0000 29196.5869  0.17%   5.1 1480s
 1620811 1253162 29154.8454  226   16 29147.0000 29196.5869  0.17%   5.1 1485s
 1624751 1255128 29148.0000  404   17 29147.0000 29196.5869  0.17%   5.1 1498s
 1624765 1256459 29148.0000  405   17 29147.0000 29196.5869  0.17%   5.1 1501s
 1630082 1260838 29179.6580  238   16 29147.0000 29196.5869  0.17%   5.1 1507s
 1635689 1265669 29177.8322  203   21 29147.0000 29196.5869  0.17%   5.1 1511s
 1638977 1268377 29193.2899  250   17 29147.0000 29196.5869  0.17%   5.1 1517s
 1644552 1272171 29173.0000  214   16 29147.0000 29196.5869  0.17%   5.1 1523s
 1645210 1275922 29158.1145  245   21 29147.0000 29196.5869  0.17%   5.1 1525s
 1651389 1278534 29196.1504  166   18 29147.0000 29196.5869  0.17%   5.1 1530s
 1653718 1281039 29177.6738  349   14 29147.0000 29196.5869  0.17%   5.1 1535s
 1660450 1287063 29184.0811  258   14 29147.0000 29196.5869  0.17%   5.1 1540s
 1666554 1291140 29189.5685  177   17 29147.0000 29196.5869  0.17%   5.1 1545s
 1673609 1296310 29193.8012  202   18 29147.0000 29196.5869  0.17%   5.1 1550s
 1680697 1301725 29190.2289  199   16 29147.0000 29196.5869  0.17%   5.1 1555s
 1687832 1307019 29182.7173  256   16 29147.0000 29196.5869  0.17%   5.1 1563s
 1691489 1311608 29196.5869  143   34 29147.0000 29196.5869  0.17%   5.1 1565s
 1696191 1313813 29196.5869  137   18 29147.0000 29196.5869  0.17%   5.1 1574s
 1696940 1315469 29196.5869  138   22 29147.0000 29196.5869  0.17%   5.1 1575s
 1701971 1317711 infeasible  223      29147.0000 29196.5869  0.17%   5.1 1585s
 1708060 1324110 29189.5685  209   18 29147.0000 29196.5869  0.17%   5.1 1592s
 1713819 1328545 29184.0811  239   17 29147.0000 29196.5869  0.17%   5.1 1595s
 1717824 1332240 29191.1947  185   15 29147.0000 29196.5869  0.17%   5.1 1600s
 1724080 1336538 29148.0000  297   17 29147.0000 29196.5869  0.17%   5.1 1605s
 1729214 1341204 29172.4821  306   19 29147.0000 29196.5869  0.17%   5.1 1610s
 1732532 1343832 29172.6435  248   15 29147.0000 29196.5869  0.17%   5.1 1615s
 1738200 1347949 29159.5925  210   19 29147.0000 29196.5869  0.17%   5.2 1620s
 1744080 1353786 29196.1504  204   19 29147.0000 29196.5869  0.17%   5.2 1625s
 1750655 1358680 29189.5468  271   17 29147.0000 29196.5869  0.17%   5.2 1632s
 1753577 1361671 29196.1504  180   18 29147.0000 29196.5869  0.17%   5.2 1635s
 1757401 1363502 29192.5727  280   19 29147.0000 29196.5869  0.17%   5.2 1647s
 1757424 1372676 29192.2195  281   17 29147.0000 29196.5869  0.17%   5.2 1653s
 1769436 1372682 29167.2979  307   19 29147.0000 29196.5869  0.17%   5.2 1671s
 1769448 1374008 29167.2979  308   18 29147.0000 29196.5869  0.17%   5.2 1676s
 1775770 1379326 29193.4663  242   20 29147.0000 29196.5869  0.17%   5.2 1683s
 1777226 1381030 29186.4276  406   18 29147.0000 29196.5869  0.17%   5.2 1687s
 1781512 1384100 29179.4089  258   14 29147.0000 29196.5869  0.17%   5.2 1692s
 1782976 1384110     cutoff  387      29147.0000 29196.5869  0.17%   5.2 1702s
 1784629 1387011 29180.5133  304   18 29147.0000 29196.5869  0.17%   5.2 1706s
 1786496 1387790 29165.7326  418   14 29147.0000 29196.5869  0.17%   5.2 1711s
 1792196 1393326 29196.5869  197   23 29147.0000 29196.5869  0.17%   5.2 1715s
 1803989 1403195 29191.5505  160   18 29147.0000 29196.5869  0.17%   5.2 1720s
 1811616 1409051 29166.0000  171   16 29147.0000 29196.5869  0.17%   5.2 1726s
 1818041 1415186 29191.5505  192   19 29147.0000 29196.5869  0.17%   5.2 1730s
 1824156 1420443 29194.0000  174   13 29147.0000 29196.5869  0.17%   5.2 1735s
 1830194 1424003 29148.0000  243   16 29147.0000 29196.5869  0.17%   5.2 1744s
 1830466 1432475 29148.0000  265   16 29147.0000 29196.5869  0.17%   5.2 1749s
 1841147 1433544 29196.5869  153   23 29147.0000 29196.5869  0.17%   5.2 1753s
 1842486 1434474 29195.4363  197   18 29147.0000 29196.5869  0.17%   5.2 1756s
 1848367 1439329 29182.8358  319   19 29147.0000 29196.5869  0.17%   5.2 1761s
 1854306 1444386 29190.1203  207   15 29147.0000 29196.5869  0.17%   5.2 1768s
 1858255 1448575 29196.5869  191   19 29147.0000 29196.5869  0.17%   5.2 1771s
 1862454 1451662 29189.6214  146   18 29147.0000 29196.5869  0.17%   5.2 1775s
 1868322 1455840 29181.2560  363   18 29147.0000 29196.5869  0.17%   5.2 1781s
 1873740 1460639 29188.6938  272   21 29147.0000 29196.5869  0.17%   5.3 1786s
 1875303 1461861 29196.5869  147   18 29147.0000 29196.5869  0.17%   5.3 1790s
 1882070 1466775 29167.8030  223   11 29147.0000 29196.5869  0.17%   5.3 1800s
 1888903 1472727 29159.4145  235   17 29147.0000 29196.5869  0.17%   5.3 1806s
 1891549 1475902 29152.0025  161   15 29147.0000 29196.5869  0.17%   5.3 1811s
 1896158 1478960     cutoff  381      29147.0000 29196.5869  0.17%   5.3 1815s
 1902429 1483723 29171.8571  186   17 29147.0000 29196.5869  0.17%   5.3 1820s
 1903716 1483733 29186.5863  225   15 29147.0000 29196.5869  0.17%   5.3 1830s
 1903730 1493357 29186.5863  226   15 29147.0000 29196.5869  0.17%   5.3 1836s
 1915742 1494408 29160.0000  427   11 29147.0000 29196.5869  0.17%   5.3 1841s
 1918564 1497373 29196.1504  175   17 29147.0000 29196.5869  0.17%   5.3 1846s
 1922139 1499699 29194.0000  162   16 29147.0000 29196.5869  0.17%   5.3 1853s
 1923113 1502775 29176.6815  215   17 29147.0000 29196.5869  0.17%   5.3 1855s
 1928698 1505658 29192.0934  233   15 29147.0000 29196.5869  0.17%   5.3 1862s
 1932133 1508665 29164.7312  226   15 29147.0000 29196.5869  0.17%   5.3 1866s
 1935885 1511325 29194.1314  188   14 29147.0000 29196.5869  0.17%   5.3 1871s
 1940893 1515285 29196.1504  172   16 29147.0000 29196.5869  0.17%   5.3 1876s
 1942488 1516582 29187.7949  293   16 29147.0000 29196.5869  0.17%   5.3 1880s
 1947921 1521718 29189.3244  248   17 29147.0000 29196.5869  0.17%   5.3 1885s
 1951873 1524352 29157.6175  339   12 29147.0000 29196.5869  0.17%   5.3 1891s
 1955616 1527442 29196.1415  221   16 29147.0000 29196.5869  0.17%   5.3 1896s
 1958974 1530287 29179.8012  202   16 29147.0000 29196.5869  0.17%   5.3 1900s
 1964601 1533666 29152.0000  169   13 29147.0000 29196.5869  0.17%   5.3 1916s
 1970461 1538547 29194.4706  197   18 29147.0000 29196.5869  0.17%   5.3 1930s
 1976866 1543736 29196.4394  182   21 29147.0000 29196.5869  0.17%   5.3 1944s
 1976880 1553138 29196.4394  183   21 29147.0000 29196.5869  0.17%   5.3 1949s
 1977881 1553138 29193.7323  214   21 29147.0000 29196.5869  0.17%   5.3 1950s
 1992213 1557425 29196.5869  140   20 29147.0000 29196.5869  0.17%   5.3 1955s
 1998363 1561915 29168.9064  264   22 29147.0000 29196.5869  0.17%   5.3 1961s
 2004736 1566245 29164.0837  195   13 29147.0000 29196.5869  0.17%   5.3 1979s
 2004750 1567662 29164.0837  196   13 29147.0000 29196.5869  0.17%   5.3 1980s
 2016850 1577606 29196.1504  169   17 29147.0000 29196.5869  0.17%   5.3 1985s
 2027081 1585540 29174.4096  172   17 29147.0000 29196.5869  0.17%   5.3 1990s
 2035086 1590404 29196.5869  143   21 29147.0000 29196.5869  0.17%   5.3 1999s
 2035435 1593082 29196.5869  144   22 29147.0000 29196.5869  0.17%   5.4 2000s
 2042332 1597341 29153.4125  221   15 29147.0000 29196.5869  0.17%   5.4 2005s
 2050305 1603543 29196.1504  170   19 29147.0000 29196.5869  0.17%   5.4 2011s
 2054624 1608387 29191.3133  171   17 29147.0000 29196.5869  0.17%   5.4 2015s
 2061861 1613824 29184.1807  344   17 29147.0000 29196.5869  0.17%   5.4 2020s
 2066173 1617203 29189.6214  159   16 29147.0000 29196.5869  0.17%   5.4 2025s
 2073804 1623394 29173.0663  395   17 29147.0000 29196.5869  0.17%   5.4 2030s
 2081317 1629576 29189.8657  245   18 29147.0000 29196.5869  0.17%   5.4 2035s
 2088053 1634808     cutoff  175      29147.0000 29196.5869  0.17%   5.4 2040s
 2093785 1640021 29196.1504  175   21 29147.0000 29196.5869  0.17%   5.4 2046s
 2095586 1640468 29162.8867  301   17 29147.0000 29196.5869  0.17%   5.4 2054s
 2096125 1642324 29196.1504  175   15 29147.0000 29196.5869  0.17%   5.4 2055s
 2100502 1645567 29184.1062  333   14 29147.0000 29196.5869  0.17%   5.4 2061s
 2104021 1647779 29196.1504  188   18 29147.0000 29196.5869  0.17%   5.4 2066s
 2109230 1651443 29187.7530  199   19 29147.0000 29196.5869  0.17%   5.4 2073s
 2112691 1654859 29181.1630  129   19 29147.0000 29196.5869  0.17%   5.4 2076s
 2117189 1658020 29196.4394  159   21 29147.0000 29196.5869  0.17%   5.4 2081s
 2120758 1661855 29196.4394  148   22 29147.0000 29196.5869  0.17%   5.4 2085s
 2124376 1663117 29193.4902  261   19 29147.0000 29196.5869  0.17%   5.4 2098s
 2126890 1666918 29194.1314  215   16 29147.0000 29196.5869  0.17%   5.4 2100s
 2130796 1668396 29166.8440  242   16 29147.0000 29196.5869  0.17%   5.4 2112s
 2130809 1669141 29166.8440  243   15 29147.0000 29196.5869  0.17%   5.4 2115s
 2139499 1677245 29186.2071  263   19 29147.0000 29196.5869  0.17%   5.4 2122s
 2143067 1680373 29188.6745  190   18 29147.0000 29196.5869  0.17%   5.4 2125s
 2151547 1687069 29188.6490  248   17 29147.0000 29196.5869  0.17%   5.4 2130s
 2157948 1691699 29189.0000  186   17 29147.0000 29196.5869  0.17%   5.4 2137s
 2159391 1692619 29196.5869  147   22 29147.0000 29196.5869  0.17%   5.4 2141s
 2164915 1697472 29191.1947  187   14 29147.0000 29196.5869  0.17%   5.4 2146s
 2170029 1702407 29178.6875  171   23 29147.0000 29196.5869  0.17%   5.4 2150s
 2177701 1708209 29183.9332  222   16 29147.0000 29196.5869  0.17%   5.4 2155s
 2180650 1711098 29152.7540  331   21 29147.0000 29196.5869  0.17%   5.4 2160s
 2185877 1714627 29157.2000  142   17 29147.0000 29196.5869  0.17%   5.4 2166s
 2187051 1715089     cutoff  261      29147.0000 29196.5869  0.17%   5.4 2171s
 2192270 1720360 29172.0422  212   19 29147.0000 29196.5869  0.17%   5.4 2177s
 2196303 1723930     cutoff  234      29147.0000 29196.5869  0.17%   5.4 2180s
 2201239 1727984 29188.0000  178   13 29147.0000 29196.5869  0.17%   5.4 2186s
 2207590 1731986 29196.1504  183   16 29147.0000 29196.5869  0.17%   5.4 2192s
 2212903 1736897 29166.5223  228   20 29147.0000 29196.5869  0.17%   5.4 2195s
 2215496 1737265 29175.3187  175   17 29147.0000 29196.5869  0.17%   5.4 2203s
 2217352 1740748 29189.0000  207   18 29147.0000 29196.5869  0.17%   5.4 2205s
 2223133 1744823 29191.5778  202   17 29147.0000 29196.5869  0.17%   5.4 2210s
 2229684 1749744 29152.8615  221   19 29147.0000 29196.5869  0.17%   5.4 2216s
 2235775 1754149 29189.1498  317   16 29147.0000 29196.5869  0.17%   5.4 2221s
 2240305 1757925 29165.9211  175   12 29147.0000 29196.5869  0.17%   5.5 2225s
 2242276 1757947 29193.2421  237   18 29147.0000 29196.5869  0.17%   5.5 2238s
 2242306 1759484 29194.0000  236   18 29147.0000 29196.5869  0.17%   5.5 2241s
 2248630 1764017 29190.9560  222   16 29147.0000 29196.5869  0.17%   5.5 2249s
 2249518 1766024 29171.0796  262   17 29147.0000 29196.5869  0.17%   5.5 2250s
 2256662 1770841 29176.6484  281   18 29147.0000 29196.5869  0.17%   5.5 2257s
 2258023 1772199 29155.9549  397   23 29147.0000 29196.5869  0.17%   5.5 2260s
 2264315 1777201 29166.8235  334   19 29147.0000 29196.5869  0.17%   5.5 2266s
 2270501 1782337     cutoff  147      29147.0000 29196.5869  0.17%   5.5 2272s
 2271897 1783712 29167.0780  156   17 29147.0000 29196.5869  0.17%   5.5 2275s
 2277000 1790662 29196.5869  173   17 29147.0000 29196.5869  0.17%   5.5 2281s
 2283459 1793926 29183.1756  201   13 29147.0000 29196.5869  0.17%   5.5 2286s
 2288604 1797323 29196.1504  212   23 29147.0000 29196.5869  0.17%   5.5 2290s
 2291707 1800193 29188.8960  277   18 29147.0000 29196.5869  0.17%   5.5 2295s
 2297391 1804484 29184.1986  477   18 29147.0000 29196.5869  0.17%   5.5 2304s
 2298874 1806704 29196.1504  155   18 29147.0000 29196.5869  0.17%   5.5 2305s
 2303783 1810217 29196.5869  147   23 29147.0000 29196.5869  0.17%   5.5 2310s
 2312163 1816487 29189.6272  314   19 29147.0000 29196.5869  0.17%   5.5 2318s
 2313306 1817943 29162.6837  181   15 29147.0000 29196.5869  0.17%   5.5 2320s
 2318181 1821302 29194.3355  160   18 29147.0000 29196.5869  0.17%   5.5 2332s
 2319502 1823801 29178.7824  192   16 29147.0000 29196.5869  0.17%   5.5 2335s
 2324984 1827302 29196.1504  207   20 29147.0000 29196.5869  0.17%   5.5 2343s
 2326724 1829358 29163.1343  356   19 29147.0000 29196.5869  0.17%   5.5 2345s
 2331488 1832790 29190.1203  252   20 29147.0000 29196.5869  0.17%   5.5 2350s
 2336639 1837239 29190.7815  159   21 29147.0000 29196.5869  0.17%   5.5 2355s
 2338960 1838385 29176.8193  164   15 29147.0000 29196.5869  0.17%   5.5 2360s
 2344921 1843025 29182.9099  161   21 29147.0000 29196.5869  0.17%   5.5 2366s
 2345890 1844078 29196.1504  127   17 29147.0000 29196.5869  0.17%   5.5 2370s
 2352809 1849867 29151.9063  389   15 29147.0000 29196.5869  0.17%   5.5 2376s
 2360517 1855404 29157.8615  207   14 29147.0000 29196.5869  0.17%   5.5 2385s
 2367357 1861725 29179.4089  259   16 29147.0000 29196.5869  0.17%   5.5 2391s
 2372260 1866487 29189.5685  169   21 29147.0000 29196.5869  0.17%   5.5 2395s
 2375169 1867499 29196.5869  169   24 29147.0000 29196.5869  0.17%   5.5 2400s
 2382955 1873998 29196.5869  174   23 29147.0000 29196.5869  0.17%   5.5 2410s
 2386976 1876978 29180.1727  323   19 29147.0000 29196.5869  0.17%   5.5 2416s
 2390052 1879771 29186.2097  236   16 29147.0000 29196.5869  0.17%   5.5 2420s
 2397167 1885616 29156.0000  240   16 29147.0000 29196.5869  0.17%   5.5 2425s
 2404641 1891532 29176.8012  272   15 29147.0000 29196.5869  0.17%   5.5 2433s
 2407230 1894342 29163.2722  355   15 29147.0000 29196.5869  0.17%   5.5 2435s
 2412600 1898544 29196.1504  177   21 29147.0000 29196.5869  0.17%   5.5 2441s
 2418799 1903671 29155.1506  372   16 29147.0000 29196.5869  0.17%   5.5 2446s
 2421835 1906330 29189.5685  163   21 29147.0000 29196.5869  0.17%   5.5 2450s
 2425156 1907736 29156.7184  256   17 29147.0000 29196.5869  0.17%   5.5 2459s
 2425170 1909223 29156.7184  257   21 29147.0000 29196.5869  0.17%   5.5 2461s
 2428620 1912161 29196.1504  207   18 29147.0000 29196.5869  0.17%   5.5 2465s
 2430336 1912171 29184.1986  358   17 29147.0000 29196.5869  0.17%   5.5 2476s
 2431988 1915107 29196.5869  159   23 29147.0000 29196.5869  0.17%   5.5 2481s
 2435733 1917867 29190.7815  153   21 29147.0000 29196.5869  0.17%   5.5 2488s
 2438939 1920748 29174.0204  150   14 29147.0000 29196.5869  0.17%   5.5 2491s
 2443203 1923337 29196.5869  160   24 29147.0000 29196.5869  0.17%   5.5 2498s
 2448058 1928906     cutoff  266      29147.0000 29196.5869  0.17%   5.5 2501s
 2450232 1930109 29188.9950  354   18 29147.0000 29196.5869  0.17%   5.5 2505s
 2455339 1935158     cutoff  515      29147.0000 29196.5869  0.17%   5.5 2510s
 2457332 1936274 29159.3916  324   19 29147.0000 29196.5869  0.17%   5.5 2515s
 2464153 1941938 29160.2150  212   12 29147.0000 29196.5869  0.17%   5.5 2524s
 2465415 1943790     cutoff  270      29147.0000 29196.5869  0.17%   5.5 2526s
 2471732 1948765 29148.4521  213   14 29147.0000 29196.5869  0.17%   5.5 2533s
 2475795 1952119 29184.1986  290   15 29147.0000 29196.5869  0.17%   5.5 2536s
 2479900 1954488 29176.6833  230   14 29147.0000 29196.5869  0.17%   5.5 2543s
 2484799 1958994 29158.1708  233   12 29147.0000 29196.5869  0.17%   5.5 2546s
 2486704 1959732 29178.8473  260   15 29147.0000 29196.5869  0.17%   5.5 2550s
 2493448 1964335 29192.3703  214   16 29147.0000 29196.5869  0.17%   5.5 2559s
 2494293 1965530     cutoff  240      29147.0000 29196.5869  0.17%   5.5 2560s
 2499436 1967935 29160.6212  221   14 29147.0000 29196.5869  0.17%   5.5 2574s
 2499535 1976867 29184.0811  222   13 29147.0000 29196.5869  0.17%   5.5 2582s
 2511547 1977464 29193.6926  218   16 29147.0000 29196.5869  0.17%   5.5 2588s
 2512313 1979208 29187.8298  282   16 29147.0000 29196.5869  0.17%   5.5 2591s
 2516319 1982128 29149.5000  227   16 29147.0000 29196.5869  0.17%   5.5 2597s
 2518244 1983102 29192.3703  222   17 29147.0000 29196.5869  0.17%   5.5 2601s
 2522068 1986721 29196.1504  211   21 29147.0000 29196.5869  0.17%   5.5 2606s
 2525863 1989047 29194.3355  187   18 29147.0000 29196.5869  0.17%   5.5 2614s
 2527252 1990693 29176.8012  305   18 29147.0000 29196.5869  0.17%   5.5 2618s
 2529455 1992091 29151.0000  284   14 29147.0000 29196.5869  0.17%   5.5 2621s
 2533405 1995587 29173.0442  250   16 29147.0000 29196.5869  0.17%   5.5 2627s
 2535231 1997015 29196.1504  215   25 29147.0000 29196.5869  0.17%   5.5 2630s
 2540578 2001380 29196.1504  201   15 29147.0000 29196.5869  0.17%   5.5 2636s
 2542278 2002312 29189.0000  188   17 29147.0000 29196.5869  0.17%   5.5 2640s
 2547328 2006813 29193.7931  241   20 29147.0000 29196.5869  0.17%   5.5 2647s
 2548791 2007309 29184.1986  404   20 29147.0000 29196.5869  0.17%   5.5 2653s
 2553254 2012306 29153.7163  324   14 29147.0000 29196.5869  0.17%   5.5 2656s
 2555413 2013290 29194.1314  218   16 29147.0000 29196.5869  0.17%   5.5 2660s
 2561539 2018797 29155.3271  333   17 29147.0000 29196.5869  0.17%   5.5 2667s
 2565003 2021968 29188.2898  208   20 29147.0000 29196.5869  0.17%   5.5 2670s
 2569150 2024657 29196.5869  143   23 29147.0000 29196.5869  0.17%   5.5 2676s
 2576725 2029849 29196.4394  143   22 29147.0000 29196.5869  0.17%   5.6 2683s
 2581411 2034357 29192.4526  192   20 29147.0000 29196.5869  0.17%   5.6 2685s
 2583280 2035305 29151.1277  337   20 29147.0000 29196.5869  0.17%   5.6 2690s
 2586311 2037396 29151.0000  328   19 29147.0000 29196.5869  0.17%   5.6 2695s
 2591396 2041033 29192.4526  203   19 29147.0000 29196.5869  0.17%   5.6 2707s
 2595244 2045511 29196.5869  173   17 29147.0000 29196.5869  0.17%   5.6 2710s
 2598084 2048042 29148.6623  254   16 29147.0000 29196.5869  0.17%   5.6 2716s
 2602866 2050406 29196.0000  138   18 29147.0000 29196.5869  0.17%   5.6 2723s
 2606386 2054334 29173.9966  173   20 29147.0000 29196.5869  0.17%   5.6 2726s
 2608778 2055905 29187.8298  251   15 29147.0000 29196.5869  0.17%   5.6 2730s
 2616933 2062257 29163.5035  348   22 29147.0000 29196.5869  0.17%   5.6 2738s
 2620696 2064973 29195.8307  213   19 29147.0000 29196.5869  0.17%   5.6 2740s
 2624048 2067177 29152.5361  210   16 29147.0000 29196.5869  0.17%   5.6 2745s
 2630311 2071363 29196.1504  167   20 29147.0000 29196.5869  0.17%   5.6 2758s
 2630560 2072773 29196.1504  168   20 29147.0000 29196.5869  0.17%   5.6 2760s
 2636050 2076651 29196.1504  188   17 29147.0000 29196.5869  0.17%   5.6 2770s
 2641079 2081854     cutoff  322      29147.0000 29196.5869  0.17%   5.6 2775s
 2643192 2082515 29149.0000  266   19 29147.0000 29196.5869  0.17%   5.6 2780s
 2648253 2087544 29193.8585  216   18 29147.0000 29196.5869  0.17%   5.6 2785s
 2650161 2087621 29194.3355  167   18 29147.0000 29196.5869  0.17%   5.6 2798s
 2650240 2097130 29190.2250  168   18 29147.0000 29196.5869  0.17%   5.6 2807s
 2662252 2098669 29164.1024  418   18 29147.0000 29196.5869  0.17%   5.6 2813s
 2664146 2099584 29179.4089  285   16 29147.0000 29196.5869  0.17%   5.6 2817s
 2667613 2103421 29172.1506  157   18 29147.0000 29196.5869  0.17%   5.6 2820s
 2670156 2103462 29196.1504  190   19 29147.0000 29196.5869  0.17%   5.6 2829s
 2670199 2113079 29196.1504  191   20 29147.0000 29196.5869  0.17%   5.6 2837s
 2682211 2113314 29151.1130  325   13 29147.0000 29196.5869  0.17%   5.6 2854s
 2682538 2115070 29151.1130  326   15 29147.0000 29196.5869  0.17%   5.6 2861s
 2687868 2118726 29190.2250  167   17 29147.0000 29196.5869  0.17%   5.6 2869s
 2689114 2120897 29167.2979  286   16 29147.0000 29196.5869  0.17%   5.6 2872s
 2693840 2123900 29186.6998  206   16 29147.0000 29196.5869  0.17%   5.6 2877s
 2695418 2125146 29169.2011  221   17 29147.0000 29196.5869  0.17%   5.6 2882s
 2699254 2128568 29152.5361  299   18 29147.0000 29196.5869  0.17%   5.6 2886s
 2703447 2131533 29180.5248  438   18 29147.0000 29196.5869  0.17%   5.6 2893s
 2704747 2133089 29196.1504  200   21 29147.0000 29196.5869  0.17%   5.6 2895s
 2710137 2136975 29194.2227  232   15 29147.0000 29196.5869  0.17%   5.6 2904s
 2711373 2138587 29161.9395  221   19 29147.0000 29196.5869  0.17%   5.6 2905s
 2715458 2141821 29196.5869  168   20 29147.0000 29196.5869  0.17%   5.6 2910s
 2717602 2143226 29148.6500  227   20 29147.0000 29196.5869  0.17%   5.6 2915s
 2721405 2146339 infeasible  303      29147.0000 29196.5869  0.17%   5.6 2921s
 2725256 2147950 29154.2016  196   18 29147.0000 29196.5869  0.17%   5.6 2932s
 2725294 2157757 29166.7664  195   20 29147.0000 29196.5869  0.17%   5.6 2940s
 2737306 2157764 29196.5869  167   21 29147.0000 29196.5869  0.17%   5.6 2953s
 2737323 2158911 29196.5869  168   23 29147.0000 29196.5869  0.17%   5.6 2956s
 2742270 2163738 29190.2250  160   20 29147.0000 29196.5869  0.17%   5.6 2960s
 2749785 2168994 29196.1504  179   19 29147.0000 29196.5869  0.17%   5.6 2966s
 2757138 2175556 29165.7892  240   14 29147.0000 29196.5869  0.17%   5.6 2970s
 2760157 2177677 29183.8799  240   18 29147.0000 29196.5869  0.17%   5.6 2976s
 2764066 2180180 29196.1504  172   20 29147.0000 29196.5869  0.17%   5.6 2980s
 2765083 2182946 29158.0000  210   20 29147.0000 29196.5869  0.17%   5.6 2985s
 2772694 2187310 29170.8062  165   22 29147.0000 29196.5869  0.17%   5.6 2990s
 2776346 2191031 29196.1504  187   16 29147.0000 29196.5869  0.17%   5.6 2995s
 2778761 2191177 29187.3714  216   15 29147.0000 29196.5869  0.17%   5.6 3004s
 2778943 2193295 29148.0000  343   14 29147.0000 29196.5869  0.17%   5.6 3005s
 2781347 2194657 29154.0000  289   14 29147.0000 29196.5869  0.17%   5.6 3010s
 2788819 2200158 29163.2511  258   15 29147.0000 29196.5869  0.17%   5.6 3017s
 2794337 2205223 29194.4706  212   21 29147.0000 29196.5869  0.17%   5.6 3020s
 2797902 2207495 29196.1504  177   16 29147.0000 29196.5869  0.17%   5.6 3025s
 2804213 2212115 29166.6552  264   19 29147.0000 29196.5869  0.17%   5.6 3032s
 2810381 2217057 29190.8123  152   18 29147.0000 29196.5869  0.17%   5.6 3035s
 2815851 2221076 29196.0000  163   16 29147.0000 29196.5869  0.17%   5.6 3040s
 2819216 2222259 29196.0000  158   19 29147.0000 29196.5869  0.17%   5.6 3054s
 2819230 2231585 29194.4899  158   18 29147.0000 29196.5869  0.17%   5.6 3062s
 2831242 2233095 29189.0000  197   16 29147.0000 29196.5869  0.17%   5.7 3067s
 2835453 2236255 29196.4394  138   26 29147.0000 29196.5869  0.17%   5.7 3070s
 2838958 2238086 29193.7931  205   16 29147.0000 29196.5869  0.17%   5.7 3075s
 2843883 2242666 29163.1292  182   16 29147.0000 29196.5869  0.17%   5.7 3080s
 2846181 2242672 29196.1504  204   17 29147.0000 29196.5869  0.17%   5.7 3093s
 2848350 2246014 29190.7773  223   17 29147.0000 29196.5869  0.17%   5.7 3096s
 2852520 2249215 29196.5869  159   23 29147.0000 29196.5869  0.17%   5.7 3102s
 2856545 2252103 29188.0179  205   19 29147.0000 29196.5869  0.17%   5.7 3107s
 2860669 2255306     cutoff  299      29147.0000 29196.5869  0.17%   5.7 3114s
 2861710 2256893 29190.2250  182   20 29147.0000 29196.5869  0.17%   5.7 3115s
 2863681 2257880 29196.1504  197   17 29147.0000 29196.5869  0.17%   5.7 3120s
 2867261 2259770 29158.2558  237   18 29147.0000 29196.5869  0.17%   5.7 3131s
 2869255 2262459 29176.1133  279   15 29147.0000 29196.5869  0.17%   5.7 3137s
 2870748 2263307 29196.1504  186   18 29147.0000 29196.5869  0.17%   5.7 3141s
 2877626 2268257 29196.1504  189   18 29147.0000 29196.5869  0.17%   5.7 3148s
 2878379 2270495 29196.1504  190   18 29147.0000 29196.5869  0.17%   5.7 3150s
 2883174 2273697 29161.6194  205   11 29147.0000 29196.5869  0.17%   5.7 3155s
 2889996 2277493 29196.5869  172   26 29147.0000 29196.5869  0.17%   5.7 3167s
 2893896 2281385 29180.5133  393   17 29147.0000 29196.5869  0.17%   5.7 3174s
 2894651 2286259 29180.5133  394   17 29147.0000 29196.5869  0.17%   5.7 3178s
 2902999 2289342 29173.1230  221   14 29147.0000 29196.5869  0.17%   5.7 3181s
 2909052 2293677 29196.1504  203   19 29147.0000 29196.5869  0.17%   5.7 3185s
 2917464 2299874 29171.2140  179   22 29147.0000 29196.5869  0.17%   5.7 3192s
 2922758 2304181 29152.6218  201   20 29147.0000 29196.5869  0.17%   5.7 3197s
 2924187 2304830 29196.1504  177   18 29147.0000 29196.5869  0.17%   5.7 3204s
 2924932 2306488 29174.5740  253   15 29147.0000 29196.5869  0.17%   5.7 3205s
 2931507 2311204 29196.1504  184   16 29147.0000 29196.5869  0.17%   5.7 3211s
 2932687 2313019 29194.4706  186   18 29147.0000 29196.5869  0.17%   5.7 3215s
 2937157 2316150 29181.2319  146   16 29147.0000 29196.5869  0.17%   5.7 3220s
 2939046 2316250 29196.5869  198   20 29147.0000 29196.5869  0.17%   5.7 3233s
 2939172 2317472 29196.5869  199   20 29147.0000 29196.5869  0.17%   5.7 3236s
 2945533 2322549 29151.5750  232   17 29147.0000 29196.5869  0.17%   5.7 3243s
 2947546 2323832 29190.2250  191   18 29147.0000 29196.5869  0.17%   5.7 3246s
 2952841 2327055 29192.9565  189   15 29147.0000 29196.5869  0.17%   5.7 3253s
 2953305 2328695 29192.9565  190   15 29147.0000 29196.5869  0.17%   5.7 3255s
 2959989 2333172 29189.5685  183   27 29147.0000 29196.5869  0.17%   5.7 3262s
 2965907 2338859 29191.8759  248   17 29147.0000 29196.5869  0.17%   5.7 3266s
 2969245 2342046 29196.1504  224   21 29147.0000 29196.5869  0.17%   5.7 3270s
 2975839 2346574 29190.2868  288   17 29147.0000 29196.5869  0.17%   5.7 3277s
 2981249 2351287 29196.5869  168   22 29147.0000 29196.5869  0.17%   5.7 3280s
 2984835 2354075 29196.4394  199   21 29147.0000 29196.5869  0.17%   5.7 3285s
 2990255 2357936 29192.4526  207   20 29147.0000 29196.5869  0.17%   5.7 3290s
 2996078 2363055 29195.0544  177   15 29147.0000 29196.5869  0.17%   5.7 3297s
 2998001 2363057 29196.5869  167   19 29147.0000 29196.5869  0.17%   5.7 3305s
 2999648 2366154 29196.1504  275   18 29147.0000 29196.5869  0.17%   5.7 3310s
 3003496 2368337 29150.6795  250   19 29147.0000 29196.5869  0.17%   5.7 3318s
 3006614 2371524 29190.2250  199   16 29147.0000 29196.5869  0.17%   5.7 3320s
 3010159 2374447 29194.1314  223   18 29147.0000 29196.5869  0.17%   5.7 3325s
 3015706 2379128 29176.5106  211   14 29147.0000 29196.5869  0.17%   5.7 3330s
 3019393 2381835 29190.1203  244   18 29147.0000 29196.5869  0.17%   5.7 3336s
 3025913 2386693 29194.3355  162   26 29147.0000 29196.5869  0.17%   5.7 3341s
 3033140 2392485 29193.7672  135   22 29147.0000 29196.5869  0.17%   5.7 3350s
 3038809 2397995     cutoff  306      29147.0000 29196.5869  0.17%   5.7 3357s
 3040844 2399627 29196.2130  202   19 29147.0000 29196.5869  0.17%   5.7 3361s
 3044734 2402467 29196.5869  147   18 29147.0000 29196.5869  0.17%   5.7 3366s
 3048606 2404461 29175.7237  182   12 29147.0000 29196.5869  0.17%   5.7 3389s
 3048619 2406348 29175.7237  183   13 29147.0000 29196.5869  0.17%   5.7 3391s
 3054780 2410007 29188.0000  175   16 29147.0000 29196.5869  0.17%   5.7 3399s
 3056099 2411608 29194.0000  162   15 29147.0000 29196.5869  0.17%   5.7 3400s
 3062033 2415746 29191.9313  209   14 29147.0000 29196.5869  0.17%   5.7 3407s
 3067501 2420605 29148.5714  296   19 29147.0000 29196.5869  0.17%   5.7 3410s
 3071009 2423297 29157.9880  203   13 29147.0000 29196.5869  0.17%   5.7 3415s
 3076769 2427377 29174.0000  220   15 29147.0000 29196.5869  0.17%   5.7 3420s
 3083926 2431659 29155.5000  173   16 29147.0000 29196.5869  0.17%   5.7 3434s
 3083939 2433169 29155.5000  174   14 29147.0000 29196.5869  0.17%   5.7 3436s
 3087659 2435712 29154.1250  259   15 29147.0000 29196.5869  0.17%   5.7 3442s
 3091377 2439194 29196.5869  168   17 29147.0000 29196.5869  0.17%   5.7 3445s
 3095469 2442014 29196.1504  183   15 29147.0000 29196.5869  0.17%   5.7 3451s
 3101138 2445599 29196.5869  160   20 29147.0000 29196.5869  0.17%   5.7 3459s
 3102147 2448511 29155.9219  231   14 29147.0000 29196.5869  0.17%   5.7 3461s
 3107808 2451327 29196.5869  158   18 29147.0000 29196.5869  0.17%   5.7 3468s
 3109331 2451554 29148.0000  197   16 29147.0000 29196.5869  0.17%   5.7 3476s
 3114358 2456722 29181.5184  208   13 29147.0000 29196.5869  0.17%   5.7 3484s
 3116193 2458493 29179.5000  203   16 29147.0000 29196.5869  0.17%   5.7 3486s
 3122170 2462720 29152.5106  446   16 29147.0000 29196.5869  0.17%   5.7 3492s
 3127623 2467204 29196.1504  180   16 29147.0000 29196.5869  0.17%   5.7 3495s
 3129518 2468345 29196.4394  193   21 29147.0000 29196.5869  0.17%   5.7 3500s
 3136565 2474065 29196.0000  188   17 29147.0000 29196.5869  0.17%   5.7 3509s
 3138173 2474729 29196.5869  144   24 29147.0000 29196.5869  0.17%   5.7 3513s
 3139059 2477262 29179.6585  212   20 29147.0000 29196.5869  0.17%   5.7 3515s
 3146377 2482205 29196.0000  191   14 29147.0000 29196.5869  0.17%   5.7 3521s
 3152153 2486975 29190.7773  246   19 29147.0000 29196.5869  0.17%   5.7 3528s
 3156278 2490281 29196.1504  198   17 29147.0000 29196.5869  0.17%   5.7 3530s
 3159912 2493113 29196.1504  179   18 29147.0000 29196.5869  0.17%   5.7 3537s
 3163250 2496070 29196.5869  162   21 29147.0000 29196.5869  0.17%   5.7 3540s
 3166965 2498572 29196.5869  169   19 29147.0000 29196.5869  0.17%   5.8 3547s
 3170366 2500966 29158.3684  199   19 29147.0000 29196.5869  0.17%   5.8 3554s
 3171562 2502677 29196.1504  184   21 29147.0000 29196.5869  0.17%   5.8 3556s
 3175675 2505181 29192.4526  172   20 29147.0000 29196.5869  0.17%   5.8 3560s
 3180915 2508862 29196.1504  182   19 29147.0000 29196.5869  0.17%   5.8 3566s
 3184602 2512217 29185.2593  221   17 29147.0000 29196.5869  0.17%   5.8 3570s
 3189067 2515055     cutoff  194      29147.0000 29196.5869  0.17%   5.8 3576s
 3192391 2517948 29187.4272  214   18 29147.0000 29196.5869  0.17%   5.8 3581s
 3195862 2520384 29173.5737  327   18 29147.0000 29196.5869  0.17%   5.8 3589s
 3197414 2521660 29196.5869  167   25 29147.0000 29196.5869  0.17%   5.8 3593s
 3201207 2524886 29156.0000  193   15 29147.0000 29196.5869  0.17%   5.8 3598s
 3203038 2525174 29189.8657  246   19 29147.0000 29196.5869  0.17%   5.8 3600s

Cutting planes:
  Gomory: 4
  Cover: 483
  MIR: 5
  StrongCG: 8
  Flow cover: 4
  Inf proof: 7
  Zero half: 1
  RLT: 5

Explored 3203356 nodes (18464445 simplex iterations) in 3600.45 seconds
Thread count was 12 (of 12 available processors)

Solution count 10: 29147 29142 29128 ... 28924

Time limit reached
Best objective 2.914700000000e+04, best bound 2.919600000000e+04, gap 0.1681%
