
Gurobi 9.1.2 (win64, Java) logging started Sun Nov  7 11:12:28 2021

Academic license - for non-commercial use only - expires 2022-10-30
Gurobi Optimizer version 9.1.2 build v9.1.2rc0 (win64)
Thread count: 6 physical cores, 12 logical processors, using up to 12 threads
Optimize a model with 110 rows, 1000 columns and 2000 nonzeros
Model fingerprint: 0xf76e3072
Variable types: 0 continuous, 1000 integer (1000 binary)
Coefficient statistics:
  Matrix range     [1e+00, 1e+03]
  Objective range  [4e+00, 1e+03]
  Bounds range     [1e+00, 1e+00]
  RHS range        [1e+00, 3e+03]
Found heuristic solution: objective 25284.000000
Presolve time: 0.02s
Presolved: 110 rows, 1000 columns, 2000 nonzeros
Variable types: 0 continuous, 1000 integer (1000 binary)
Presolved: 110 rows, 1000 columns, 2000 nonzeros


Root relaxation: objective 4.025802e+04, 161 iterations, 0.00 seconds

    Nodes    |    Current Node    |     Objective Bounds      |     Work
 Expl Unexpl |  Obj  Depth IntInf | Incumbent    BestBd   Gap | It/Node Time

     0     0 40258.0177    0   13 25284.0000 40258.0177  59.2%     -    0s
H    0     0                    38857.000000 40258.0177  3.61%     -    0s
H    0     0                    39604.000000 40258.0177  1.65%     -    1s
H    0     0                    39822.000000 40258.0177  1.09%     -    1s
     0     0 40239.6936    0   22 39822.0000 40239.6936  1.05%     -    2s
H    0     0                    39954.000000 40239.6936  0.72%     -    3s
H    0     0                    40147.000000 40239.6936  0.23%     -    3s
     0     0 40231.5724    0   31 40147.0000 40231.5724  0.21%     -    3s
     0     0 40231.5724    0   15 40147.0000 40231.5724  0.21%     -    3s
     0     0 40231.5724    0   14 40147.0000 40231.5724  0.21%     -    3s
     0     0 40231.5724    0   21 40147.0000 40231.5724  0.21%     -    4s
     0     0 40231.5724    0   29 40147.0000 40231.5724  0.21%     -    4s
     0     0 40231.5724    0   33 40147.0000 40231.5724  0.21%     -    4s
     0     0 40231.5724    0   10 40147.0000 40231.5724  0.21%     -    4s
     0     2 40231.5724    0   10 40147.0000 40231.5724  0.21%     -    4s
    31    42 40231.5724    7   22 40147.0000 40231.5724  0.21%  12.1    5s
H 2127  1790                    40160.000000 40221.1389  0.15%   7.6    9s
  2204  1839 40208.9379   23   20 40160.0000 40221.1389  0.15%   7.5   10s
H 7491  3529                    40193.000000 40218.4058  0.06%   4.7   12s
 23869 15976 40204.0000  129   17 40193.0000 40218.4058  0.06%   3.4   17s
 38244 28461 40212.3951   84   24 40193.0000 40217.6586  0.06%   3.4   20s
 38256 28469 40197.7000   53   18 40193.0000 40216.0328  0.06%   3.4   25s
 65260 43623 40202.0000   98   16 40193.0000 40212.6015  0.05%   3.5   30s
 124140 73155 40202.0000  174   13 40193.0000 40209.7049  0.04%   3.6   35s
 138185 77902 40195.1914  112   17 40193.0000 40208.8136  0.04%   3.6   40s
 149516 82133 40207.7500   59   18 40193.0000 40208.8136  0.04%   3.5   45s
 169511 93747 40207.7500   65   17 40193.0000 40208.1533  0.04%   3.5   50s
 267623 167617     cutoff  306      40193.0000 40207.7500  0.04%   3.4   55s
 299084 180300 40207.7037   82   14 40193.0000 40207.7037  0.04%   3.3   60s
 326493 189661 40202.7561  100   13 40193.0000 40207.7037  0.04%   3.2   65s
 343584 194052 40207.7037   87   15 40193.0000 40207.7037  0.04%   3.2   70s
 362485 197276     cutoff   95      40193.0000 40207.7037  0.04%   3.1   75s
 382636 201133 40207.7037   88   17 40193.0000 40207.7037  0.04%   3.1   80s
 410497 210720 40199.9333   95   17 40193.0000 40207.7037  0.04%   3.0   85s
 445202 220839 40201.3902   96   14 40193.0000 40207.7037  0.04%   2.9   90s
 474566 230354 40199.9333   93   16 40193.0000 40207.7037  0.04%   2.9   95s
 540557 252933 40199.9333  109   16 40193.0000 40207.7037  0.04%   2.8  100s
 591385 268419 40207.7037   89   14 40193.0000 40207.7037  0.04%   2.7  105s
 648895 277786 40199.9333   89   13 40193.0000 40207.5366  0.04%   2.6  110s
 698858 287013 40207.5366   84   14 40193.0000 40207.5366  0.04%   2.6  115s
 727108 292626 40199.9333   98   14 40193.0000 40207.5366  0.04%   2.5  120s
 772877 300568 40207.5366   89   15 40193.0000 40207.5366  0.04%   2.5  125s
 815592 311036 40204.8049   88   13 40193.0000 40207.5366  0.04%   2.4  130s
 866364 320530 40199.9333  102   15 40193.0000 40207.5366  0.04%   2.4  135s
 911814 332045 40207.5366   68   15 40193.0000 40207.5366  0.04%   2.3  140s
 952024 340933 40199.9333   91   16 40193.0000 40207.5366  0.04%   2.3  145s
 988999 346745 40207.5366  101   16 40193.0000 40207.5366  0.04%   2.3  150s
 1037298 355041 40202.0732  103   14 40193.0000 40207.5366  0.04%   2.2  155s
 1105040 364414 40195.2439   93   14 40193.0000 40207.5366  0.04%   2.2  160s
 1151920 373088 40199.9333   95   16 40193.0000 40207.5366  0.04%   2.2  165s
 1178457 376552 40199.3415   94   14 40193.0000 40207.5366  0.04%   2.1  170s
 1233635 383194 40199.9333  114   17 40193.0000 40207.5366  0.04%   2.1  175s
 1284863 390038 40207.5366  102   17 40193.0000 40207.5366  0.04%   2.1  180s
 1353181 399100 40199.3415  103   15 40193.0000 40207.5366  0.04%   2.0  185s
 1420384 412910 40202.0000  173   14 40193.0000 40207.4102  0.04%   2.0  190s
 1529558 506660 40202.0000   82   14 40193.0000 40207.4102  0.04%   2.1  195s
 1587131 557232 40202.0000  188   15 40193.0000 40207.4102  0.04%   2.2  200s
 1677820 631870 40202.0000  206   15 40193.0000 40207.4102  0.04%   2.3  205s
 1821598 749998     cutoff  190      40193.0000 40207.4102  0.04%   2.3  210s
 1941401 844716 40199.9333   98   14 40193.0000 40207.3546  0.04%   2.4  215s
 1974907 852983 40207.3546   82   15 40193.0000 40207.3546  0.04%   2.4  220s
 2002555 858787 40199.9333   97   15 40193.0000 40207.3546  0.04%   2.4  225s
 2022612 863081 40207.3546   84   15 40193.0000 40207.3546  0.04%   2.4  230s
 2050752 869879 40207.3546   94   17 40193.0000 40207.3546  0.04%   2.4  235s
 2070434 875293 40199.9333   99   15 40193.0000 40207.3546  0.04%   2.4  240s
 2103364 884382 40199.9333  103   14 40193.0000 40207.3546  0.04%   2.4  245s
 2131133 892815 40199.9333   88   16 40193.0000 40207.3546  0.04%   2.4  250s
 2157036 900913 40207.3546   82   15 40193.0000 40207.3546  0.04%   2.4  256s
 2184708 910114 40199.9333  102   15 40193.0000 40207.3546  0.04%   2.4  260s
 2217628 920312 40207.3546   98   17 40193.0000 40207.3546  0.04%   2.3  265s
 2266023 955852 40202.0000  109   13 40193.0000 40207.0677  0.04%   2.4  270s
 2400512 1061745 40202.0000  111   14 40193.0000 40206.8698  0.03%   2.4  275s
 2484890 1096477 40198.3000  111   15 40193.0000 40206.8537  0.03%   2.4  280s
 2544757 1117413 40206.3796   88   12 40193.0000 40206.3796  0.03%   2.4  285s
 2601726 1154580 40205.9562  231   12 40193.0000 40206.1873  0.03%   2.4  290s
 2644957 1172341 40205.9562  194   11 40193.0000 40206.1873  0.03%   2.4  295s
 2691263 1182840 40194.9673  181   10 40193.0000 40206.1873  0.03%   2.4  300s
 2749417 1196707 40196.6287  149   11 40193.0000 40206.1873  0.03%   2.4  305s
 2779343 1202139 40194.3115  199    9 40193.0000 40206.1873  0.03%   2.4  310s
 2807096 1205792     cutoff  164      40193.0000 40206.1873  0.03%   2.4  315s
 2838237 1211282 40204.8036  182   10 40193.0000 40206.1873  0.03%   2.4  320s
 2884143 1218718 40200.2133  146    9 40193.0000 40206.1873  0.03%   2.4  325s
 2928141 1227047 40205.8447  187    7 40193.0000 40206.1873  0.03%   2.4  330s
 2963546 1230306 40206.1873  184   11 40193.0000 40206.1873  0.03%   2.3  335s
 3002576 1234288 40202.8363  172    9 40193.0000 40206.1873  0.03%   2.3  340s
 3043311 1238764 40206.1873  172   12 40193.0000 40206.1873  0.03%   2.3  345s
 3072296 1242453 40205.9562  198    6 40193.0000 40206.1873  0.03%   2.3  350s
 3101685 1244673     cutoff  200      40193.0000 40206.1873  0.03%   2.3  355s
 3132716 1246702 40197.5903  166    9 40193.0000 40206.1873  0.03%   2.3  360s
 3168928 1250066 40198.9018  176   11 40193.0000 40206.1873  0.03%   2.3  365s
 3206826 1255162 40194.3115  182    8 40193.0000 40206.1873  0.03%   2.3  370s
 3231745 1258612 40194.3115  184   10 40193.0000 40206.1873  0.03%   2.3  375s
 3261964 1262205 40194.3115  193   10 40193.0000 40206.1873  0.03%   2.3  380s
 3296507 1267235     cutoff  188      40193.0000 40206.1873  0.03%   2.3  385s
 3330076 1271587     cutoff  177      40193.0000 40206.1873  0.03%   2.3  390s
 3371319 1277363 40206.1873  172   12 40193.0000 40206.1873  0.03%   2.3  395s
 3403533 1282855 40195.6230  179   10 40193.0000 40206.1873  0.03%   2.3  400s
 3431538 1287785 40200.2133  172   10 40193.0000 40206.1873  0.03%   2.3  405s
 3464272 1293848 40195.6230  181   10 40193.0000 40206.1873  0.03%   2.3  410s
 3492272 1299110 40203.4921  165   11 40193.0000 40206.1873  0.03%   2.3  415s
 3537893 1297161     cutoff  164      40193.0000 40206.1873  0.03%   2.3  420s
 3586197 1306550     cutoff  171      40193.0000 40206.1873  0.03%   2.3  425s
 3634512 1311850     cutoff  167      40193.0000 40206.1873  0.03%   2.3  430s
 3681606 1318761 40206.1873  171   13 40193.0000 40206.1873  0.03%   2.3  435s
 3726011 1322871     cutoff  182      40193.0000 40206.1873  0.03%   2.3  440s
 3774575 1327645 40200.7068  163    8 40193.0000 40206.1873  0.03%   2.3  445s
 3808121 1330930 40205.9562  197   10 40193.0000 40206.1873  0.03%   2.3  450s
 3845967 1335966 40204.5602  164    8 40193.0000 40206.1873  0.03%   2.3  455s
 3914168 1351652 40205.9562  186   14 40193.0000 40206.1873  0.03%   2.3  460s
 3965129 1365285 40195.5689  220   12 40193.0000 40206.1873  0.03%   2.3  465s
 4033950 1384897 40206.1873  170   12 40193.0000 40206.1873  0.03%   2.3  470s
 4102151 1399733 40206.1873  163   10 40193.0000 40206.1873  0.03%   2.3  475s
 4167813 1414369 40206.0650  179   10 40193.0000 40206.1873  0.03%   2.3  480s
 4238219 1430463 40206.1873  169   13 40193.0000 40206.1873  0.03%   2.3  485s
 4285265 1440898 40194.2845  194   10 40193.0000 40206.1873  0.03%   2.3  490s
 4327817 1450485 40198.7801  170    9 40193.0000 40206.1873  0.03%   2.3  496s
 4367305 1459669     cutoff  172      40193.0000 40206.1873  0.03%   2.3  500s
 4424719 1472863 40206.1873  169   10 40193.0000 40206.1873  0.03%   2.3  505s
 4485292 1486181 40206.1873  162   12 40193.0000 40206.1873  0.03%   2.3  510s
 4529473 1493152 40205.9562  190   11 40193.0000 40206.1873  0.03%   2.3  515s
 4577068 1502293 40206.0650  169   14 40193.0000 40206.1873  0.03%   2.3  520s
 4641216 1523391 40202.1806  186   12 40193.0000 40206.1873  0.03%   2.3  525s
 4695092 1534140     cutoff  206      40193.0000 40206.1873  0.03%   2.3  530s
 4712210 1537201     cutoff  163      40193.0000 40206.1873  0.03%   2.3  535s
 4719360 1537592 40198.7801  162    9 40193.0000 40206.1873  0.03%   2.3  540s
 4752740 1545068 40206.0650  195   12 40193.0000 40206.1873  0.03%   2.3  545s
 4770261 1547872 40205.9562  177   10 40193.0000 40206.1873  0.03%   2.3  550s
 4779128 1548512 40205.9562  177   10 40193.0000 40206.1873  0.03%   2.3  556s
 4791073 1550257 40195.5689  202   11 40193.0000 40206.1873  0.03%   2.3  560s
 4816377 1554533 40205.2025  199    9 40193.0000 40206.1873  0.03%   2.3  565s
 4859986 1564081 40206.1873  182   12 40193.0000 40206.1873  0.03%   2.3  570s
 4899373 1571000 40203.2758  197    9 40193.0000 40206.1873  0.03%   2.3  575s
 4944013 1580360 40205.9562  167   11 40193.0000 40206.1873  0.03%   2.3  580s
 4971045 1587365 40206.1873  185   14 40193.0000 40206.1873  0.03%   2.3  585s
 5029587 1602081 40205.9562  208   11 40193.0000 40206.1873  0.03%   2.3  590s
 5079574 1610177 40206.1873  194   13 40193.0000 40206.1873  0.03%   2.3  595s
 5130647 1619739 40195.5689  239   10 40193.0000 40206.1873  0.03%   2.3  600s
 5164958 1625132     cutoff  204      40193.0000 40206.1873  0.03%   2.3  605s
 5199312 1632102 40205.9562  192   10 40193.0000 40206.1873  0.03%   2.3  610s
 5224187 1635796 40206.0650  200   10 40193.0000 40206.1873  0.03%   2.3  615s
 5259079 1641471     cutoff  173      40193.0000 40206.1873  0.03%   2.3  620s
 5293679 1647377 40195.5689  179   12 40193.0000 40206.1873  0.03%   2.3  625s
 5318531 1651619 40196.8534  203   10 40193.0000 40206.1873  0.03%   2.3  630s
 5344786 1655742     cutoff  182      40193.0000 40206.1873  0.03%   2.3  635s
 5375520 1660410 40203.2758  181   13 40193.0000 40206.1873  0.03%   2.3  640s
 5409878 1666885 40206.1873  186   12 40193.0000 40206.1873  0.03%   2.3  645s
 5442361 1672073     cutoff  183      40193.0000 40206.1873  0.03%   2.3  650s
 5476728 1677619 40206.1873  174   12 40193.0000 40206.1873  0.03%   2.3  655s
 5513094 1682557 40196.2112  185   11 40193.0000 40206.1873  0.03%   2.3  660s
 5550784 1689306 40204.5602  193   10 40193.0000 40206.1873  0.03%   2.3  665s
 5580677 1692924 40205.2025  196   11 40193.0000 40206.1873  0.03%   2.3  670s
 5616072 1698143 40194.9267  183    9 40193.0000 40206.1873  0.03%   2.3  675s
 5648654 1703597 40196.2112  143    8 40193.0000 40206.1873  0.03%   2.3  680s
 5682732 1709245 40205.4594  164    8 40193.0000 40206.1873  0.03%   2.3  685s
 5707864 1713775 40194.2845  206   15 40193.0000 40206.1873  0.03%   2.3  690s
 5732498 1717996 40206.1873  153   14 40193.0000 40206.1873  0.03%   2.3  695s
 5753728 1722167 40206.1873  153   11 40193.0000 40206.1873  0.03%   2.3  700s
 5767373 1725113     cutoff  161      40193.0000 40206.1873  0.03%   2.3  705s
 5781042 1727858 40204.5602  161   12 40193.0000 40206.1873  0.03%   2.3  710s
 5794791 1730161 40202.1806  163   12 40193.0000 40206.1873  0.03%   2.3  718s
 5796861 1731238 40194.2845  176   10 40193.0000 40206.1873  0.03%   2.3  720s
 5808160 1733132 40195.5689  155   11 40193.0000 40206.1873  0.03%   2.3  725s
 5818607 1735234 40205.9562  176   11 40193.0000 40206.1873  0.03%   2.3  730s
 5828413 1737282 40206.1873  163   15 40193.0000 40206.1873  0.03%   2.3  735s
 5839191 1739899 40195.5689  170   11 40193.0000 40206.1873  0.03%   2.3  740s
 5846901 1741596 40205.9562  181   13 40193.0000 40206.1873  0.03%   2.3  745s
 5855310 1742981     cutoff  140      40193.0000 40206.1873  0.03%   2.3  750s
 5863576 1744332 40205.9562  174   11 40193.0000 40206.1873  0.03%   2.3  755s
 5881317 1747194 40206.1873  160   14 40193.0000 40206.1873  0.03%   2.3  760s
 5898659 1751465 40195.6230  186   12 40193.0000 40206.1873  0.03%   2.3  765s
 5913915 1755247 40206.1873  154   14 40193.0000 40206.1873  0.03%   2.3  770s
 5931505 1759257 40205.9562  167   11 40193.0000 40206.1873  0.03%   2.3  775s
 5947089 1762683 40206.1873  158   12 40193.0000 40206.1873  0.03%   2.3  780s
 5969820 1765878 40203.4921  154   14 40193.0000 40206.1873  0.03%   2.3  785s
 5989712 1767778 40206.1873  167   10 40193.0000 40206.1873  0.03%   2.3  790s
 6009986 1769357 40206.0650  157   10 40193.0000 40206.1873  0.03%   2.3  795s
 6027759 1770808 40205.9562  171   10 40193.0000 40206.1873  0.03%   2.3  800s
 6052028 1773385 40206.1873  156   14 40193.0000 40206.1873  0.03%   2.3  805s
 6072598 1775222 40203.4921  163   12 40193.0000 40206.1873  0.03%   2.3  810s
 6090531 1777029 40206.1151  169   12 40193.0000 40206.1873  0.03%   2.3  815s
 6111122 1778920 40206.1873  170   12 40193.0000 40206.1873  0.03%   2.3  820s
 6129284 1781004 40206.1873  168   10 40193.0000 40206.1873  0.03%   2.3  825s
 6147634 1783138 40204.1479  163    8 40193.0000 40206.1873  0.03%   2.3  830s
 6166994 1784866 40205.9562  161   10 40193.0000 40206.1873  0.03%   2.3  835s
 6189366 1786722 40206.1873  165    9 40193.0000 40206.1873  0.03%   2.3  840s
 6226372 1790509 40200.8691  161   14 40193.0000 40206.1873  0.03%   2.3  845s
 6255611 1793940 40205.9562  171   12 40193.0000 40206.1873  0.03%   2.3  850s
 6284008 1796907 40206.1873  170   10 40193.0000 40206.1873  0.03%   2.3  855s
 6306254 1799102 40195.6230  167   10 40193.0000 40206.1873  0.03%   2.3  860s
 6337280 1802926 40206.1873  164    9 40193.0000 40206.1873  0.03%   2.3  865s
 6366669 1806269 40196.9345  170   11 40193.0000 40206.1873  0.03%   2.3  870s
 6390692 1808624 40205.9562  180    8 40193.0000 40206.1873  0.03%   2.3  875s
 6420324 1812266     cutoff  175      40193.0000 40206.1873  0.03%   2.3  880s
 6456105 1817165     cutoff  178      40193.0000 40206.1873  0.03%   2.3  885s
 6485451 1820386 40198.7801  199    8 40193.0000 40206.1873  0.03%   2.3  890s
 6510962 1823344 40201.5248  175   11 40193.0000 40206.1873  0.03%   2.3  895s
 6538482 1825955     cutoff  173      40193.0000 40206.1873  0.03%   2.3  900s
 6561688 1828580 40205.9562  171    9 40193.0000 40206.1873  0.03%   2.3  905s
 6589230 1831703 40198.2460  172   12 40193.0000 40206.1873  0.03%   2.3  910s
 6614461 1833820 40199.5576  172   10 40193.0000 40206.1873  0.03%   2.3  915s
 6644545 1836709 40206.1873  170    8 40193.0000 40206.1873  0.03%   2.3  920s
 6672521 1838628 40206.1873  174   10 40193.0000 40206.1873  0.03%   2.3  925s
 6682489 1839419 40194.9673  170    9 40193.0000 40206.1873  0.03%   2.3  930s
 6708052 1841078 40206.1873  163   14 40193.0000 40206.1873  0.03%   2.3  935s
 6736629 1842789 40206.1873  187   12 40193.0000 40206.1873  0.03%   2.2  940s
 6770497 1847548 40195.6230  177    8 40193.0000 40206.1873  0.03%   2.2  945s
 6803551 1849477 40201.5248  178    8 40193.0000 40206.1873  0.03%   2.2  950s
 6824466 1850752 40205.9562  180    8 40193.0000 40206.1873  0.03%   2.2  955s
 6852389 1852035 40198.2460  176   10 40193.0000 40206.1873  0.03%   2.2  960s
 6874341 1853150 40202.1806  196   11 40193.0000 40206.1873  0.03%   2.2  965s
 6898673 1854322 40205.9562  165   10 40193.0000 40206.1873  0.03%   2.2  970s
 6918989 1855413 40202.1806  177   10 40193.0000 40206.1873  0.03%   2.2  975s
 6943030 1856851 40204.1479  181    8 40193.0000 40206.1873  0.03%   2.2  980s
 6968240 1857940 40205.9562  179    9 40193.0000 40206.1873  0.03%   2.2  985s
 6990485 1859295 40206.1873  158   12 40193.0000 40206.1873  0.03%   2.2  990s
 7015779 1861080 40205.9562  192   13 40193.0000 40206.1873  0.03%   2.2  995s
 7037011 1862130 40205.9562  180    9 40193.0000 40206.1873  0.03%   2.2 1000s
 7063032 1863638 40198.2460  172   10 40193.0000 40206.1873  0.03%   2.2 1005s
 7093774 1865100 40204.1479  175    8 40193.0000 40206.1873  0.03%   2.2 1010s
 7127537 1866755 40206.1873  175   12 40193.0000 40206.1873  0.03%   2.2 1015s
 7149183 1867725 40206.1873  168   12 40193.0000 40206.1873  0.03%   2.2 1020s
 7183968 1869227 40205.9562  179    8 40193.0000 40206.1873  0.03%   2.2 1025s
 7218020 1871102 40206.1873  171   10 40193.0000 40206.1873  0.03%   2.2 1030s
 7245966 1872754 40205.9562  192   10 40193.0000 40206.1873  0.03%   2.2 1035s
 7277610 1874167 40203.4921  177    8 40193.0000 40206.1873  0.03%   2.2 1040s
 7307367 1876066     cutoff  178      40193.0000 40206.1873  0.03%   2.2 1045s
 7335691 1877346 40205.9562  172    8 40193.0000 40206.1873  0.03%   2.2 1050s
 7361731 1878676 40206.1873  174    7 40193.0000 40206.1873  0.03%   2.2 1055s
 7393495 1880821 40205.8447  169    8 40193.0000 40206.1873  0.03%   2.2 1060s
 7421091 1883581 40205.9562  180   10 40193.0000 40206.1873  0.03%   2.2 1065s
 7452705 1886139 40205.9562  170   11 40193.0000 40206.1873  0.03%   2.2 1070s
 7500665 1893797 40206.1873  177   10 40193.0000 40206.1873  0.03%   2.2 1075s
 7553401 1901165     cutoff  214      40193.0000 40206.1873  0.03%   2.2 1080s
 7595519 1904350 40206.1873  204   10 40193.0000 40206.1873  0.03%   2.2 1085s
 7638031 1908293     cutoff  208      40193.0000 40206.1873  0.03%   2.2 1090s
 7689072 1912492 40206.1873  213   10 40193.0000 40206.1873  0.03%   2.2 1095s
 7742652 1916726     cutoff  212      40193.0000 40206.1873  0.03%   2.2 1100s
 7791930 1920376     cutoff  203      40193.0000 40206.1873  0.03%   2.2 1105s
 7845308 1923931 40206.1873  210    9 40193.0000 40206.1873  0.03%   2.2 1110s
 7897433 1927553     cutoff  215      40193.0000 40206.1873  0.03%   2.2 1115s
 7946897 1932204 40206.1873  209    9 40193.0000 40206.1873  0.03%   2.2 1120s
 8000549 1937936 40200.8691  218    5 40193.0000 40206.1873  0.03%   2.2 1125s
 8053955 1942502 40206.1873  204    9 40193.0000 40206.1873  0.03%   2.2 1130s
 8101474 1944057 40206.1873  200    6 40193.0000 40206.1873  0.03%   2.2 1135s
 8151279 1943894 40206.1873  212    6 40193.0000 40206.1873  0.03%   2.2 1140s
 8202883 1943024 40206.1873  208    8 40193.0000 40206.1873  0.03%   2.2 1145s
 8252264 1942625 40206.1873  198    8 40193.0000 40206.1873  0.03%   2.2 1150s
 8299462 1942474     cutoff  203      40193.0000 40206.1873  0.03%   2.2 1155s
 8324541 1941877     cutoff  211      40193.0000 40206.1873  0.03%   2.2 1161s
 8353518 1941449 40201.9913  215    5 40193.0000 40206.1873  0.03%   2.2 1165s
 8401979 1943137 40206.1873  176    8 40193.0000 40206.1873  0.03%   2.2 1170s
 8446612 1945581 40206.1873  210    9 40193.0000 40206.1873  0.03%   2.2 1175s
 8492212 1948122 40205.9562  208    7 40193.0000 40206.1873  0.03%   2.2 1180s
 8543379 1952254     cutoff  207      40193.0000 40206.1873  0.03%   2.2 1185s
 8593486 1954769 40205.9562  204    4 40193.0000 40206.1873  0.03%   2.2 1190s
 8637664 1955407 40194.9673  209    5 40193.0000 40206.1873  0.03%   2.2 1195s
 8677134 1955936 40206.1873  204    9 40193.0000 40206.1873  0.03%   2.2 1200s
 8728991 1956151     cutoff  200      40193.0000 40206.1873  0.03%   2.2 1205s
 8781029 1955889     cutoff  216      40193.0000 40206.1873  0.03%   2.2 1210s
 8834161 1955592 40204.1479  214    5 40193.0000 40206.1873  0.03%   2.2 1215s
 8886395 1959851     cutoff  217      40193.0000 40206.1873  0.03%   2.2 1220s
 8934606 1966365 40205.9562  207    9 40193.0000 40206.1873  0.03%   2.2 1225s
 8984235 1973753     cutoff  204      40193.0000 40206.1873  0.03%   2.2 1230s
 9037539 1981150 40202.1806  215    6 40193.0000 40206.1873  0.03%   2.2 1235s
 9079237 1986680 40198.9018  213    7 40193.0000 40206.1873  0.03%   2.2 1240s
 9129031 1992621 40206.1873  200    6 40193.0000 40206.1873  0.03%   2.2 1245s
 9178366 1998925     cutoff  209      40193.0000 40206.1873  0.03%   2.2 1250s
 9234860 2003225     cutoff  197      40193.0000 40206.1873  0.03%   2.2 1255s
 9285056 2006807 40201.3491  205    6 40193.0000 40206.1873  0.03%   2.2 1260s
 9337941 2007947 40206.1873  203    9 40193.0000 40206.1873  0.03%   2.2 1265s
 9351366 2007525 40205.9562  214    5 40193.0000 40206.1873  0.03%   2.2 1270s
 9391941 2009541 40205.9562  188    8 40193.0000 40206.1873  0.03%   2.2 1275s
 9421125 2014020     cutoff  218      40193.0000 40206.1873  0.03%   2.2 1280s
 9446628 2017309 40205.9562  184   15 40193.0000 40206.1873  0.03%   2.2 1285s
 9464644 2019654 40206.1873  183   11 40193.0000 40206.1873  0.03%   2.2 1290s
 9480387 2021705 40206.1873  193   11 40193.0000 40206.1873  0.03%   2.2 1295s
 9498310 2023438     cutoff  177      40193.0000 40206.1873  0.03%   2.2 1301s
 9510025 2024777 40202.1806  201    7 40193.0000 40206.1873  0.03%   2.2 1305s
 9522265 2026128     cutoff  184      40193.0000 40206.1873  0.03%   2.2 1311s
 9528258 2026644 40201.5248  213    8 40193.0000 40206.1873  0.03%   2.2 1315s
 9539041 2027988 40206.1873  188   10 40193.0000 40206.1873  0.03%   2.2 1320s
 9546888 2028843     cutoff  205      40193.0000 40206.1873  0.03%   2.2 1325s
 9555423 2029909     cutoff  206      40193.0000 40206.1873  0.03%   2.2 1330s
 9563594 2030832 40206.1873  202   12 40193.0000 40206.1873  0.03%   2.2 1335s
 9571777 2031548 40206.1873  199   11 40193.0000 40206.1873  0.03%   2.2 1340s
 9580130 2032373     cutoff  200      40193.0000 40206.1873  0.03%   2.2 1345s
 9588221 2033123 40206.1873  204   10 40193.0000 40206.1873  0.03%   2.2 1350s
 9598924 2034289 40206.1873  201    8 40193.0000 40206.1873  0.03%   2.2 1355s
 9608912 2035483 40206.1873  211   10 40193.0000 40206.1873  0.03%   2.2 1360s
 9621142 2036762 40205.9562  199    7 40193.0000 40206.1873  0.03%   2.2 1365s
 9637120 2038228 40194.3115  201    8 40193.0000 40206.1873  0.03%   2.2 1370s
 9651077 2039322 40200.8691  213    6 40193.0000 40206.1873  0.03%   2.2 1375s
 9663120 2040067     cutoff  197      40193.0000 40206.1873  0.03%   2.2 1380s
 9675230 2041130 40206.1873  211   11 40193.0000 40206.1873  0.03%   2.2 1385s
 9687478 2042252 40203.4921  225    6 40193.0000 40206.1873  0.03%   2.2 1390s
 9699216 2043263 40206.1873  213   10 40193.0000 40206.1873  0.03%   2.2 1395s
 9709227 2043995 40206.1873  198   10 40193.0000 40206.1873  0.03%   2.2 1400s
 9721286 2044858 40197.5903  209   10 40193.0000 40206.1873  0.03%   2.2 1405s
 9731416 2045567 40206.1873  194   10 40193.0000 40206.1873  0.03%   2.2 1410s
 9743671 2046679 40206.1873  208   10 40193.0000 40206.1873  0.03%   2.2 1415s
 9755684 2047683 40201.9913  222    9 40193.0000 40206.1873  0.03%   2.2 1420s
 9769311 2049103 40204.1479  199    8 40193.0000 40206.1873  0.03%   2.2 1425s
 9781627 2050148 40203.4921  200   10 40193.0000 40206.1873  0.03%   2.2 1430s
 9814635 2054298 40198.2460  210    6 40193.0000 40206.1873  0.03%   2.2 1435s
 9856101 2058843 40194.9673  207    7 40193.0000 40206.1873  0.03%   2.2 1440s
 9907613 2062654 40205.9562  209    7 40193.0000 40206.1873  0.03%   2.2 1445s
 9956776 2065580 40194.3115  206    7 40193.0000 40206.1873  0.03%   2.2 1450s
 10002409 2069089 40206.1873  213   10 40193.0000 40206.1873  0.03%   2.2 1455s
 10054986 2072597 40200.2133  211    6 40193.0000 40206.1873  0.03%   2.2 1460s
 10105985 2076441 40200.2133  217    8 40193.0000 40206.1873  0.03%   2.2 1465s
 10162058 2080541     cutoff  219      40193.0000 40206.1873  0.03%   2.2 1470s
 10215207 2085171 40206.1873  216   10 40193.0000 40206.1873  0.03%   2.2 1475s
 10264123 2088676 40204.1479  218    8 40193.0000 40206.1873  0.03%   2.2 1480s
 10314343 2093252 40206.1873  199    8 40193.0000 40206.1873  0.03%   2.2 1485s
 10362716 2096916 infeasible  214      40193.0000 40206.1873  0.03%   2.2 1490s
 10390173 2098795     cutoff  216      40193.0000 40206.1873  0.03%   2.2 1495s
 10438345 2101328 40198.9018  221    8 40193.0000 40206.1873  0.03%   2.2 1500s
 10489936 2105132 40206.1873  211   11 40193.0000 40206.1873  0.03%   2.2 1505s
 10540066 2108877 40206.1873  206    9 40193.0000 40206.1873  0.03%   2.2 1510s
 10591219 2111658     cutoff  191      40193.0000 40206.1873  0.03%   2.2 1515s
 10632987 2115948     cutoff  200      40193.0000 40206.1873  0.03%   2.2 1520s
 10661996 2118698     cutoff  200      40193.0000 40206.1873  0.03%   2.2 1525s
 10679139 2120750 40206.0650  188    6 40193.0000 40206.1873  0.03%   2.2 1530s
 10698924 2122910 40194.9673  198    7 40193.0000 40206.1873  0.03%   2.2 1535s
 10736665 2128376 40194.3115  199    6 40193.0000 40206.1873  0.03%   2.2 1540s
 10777578 2132970 40194.3115  225    5 40193.0000 40206.1873  0.03%   2.2 1545s
 10828545 2138873 40198.2460  197   10 40193.0000 40206.1873  0.03%   2.2 1550s
 10857452 2141181 40196.9345  220    7 40193.0000 40206.1873  0.03%   2.2 1555s
 10887135 2143239     cutoff  212      40193.0000 40206.1873  0.03%   2.2 1560s
 10937247 2148425 40198.2460  197    7 40193.0000 40206.1873  0.03%   2.2 1565s
 10967396 2151049 40205.2025  197    9 40193.0000 40206.1873  0.03%   2.2 1571s
 10991125 2153362 40195.6230  204    7 40193.0000 40206.1873  0.03%   2.2 1575s
 11040458 2157575     cutoff  206      40193.0000 40206.1873  0.03%   2.2 1580s
 11086796 2159898 40206.1873  207   10 40193.0000 40206.1873  0.03%   2.2 1585s
 11145407 2164323 40194.9673  204    6 40193.0000 40206.1873  0.03%   2.2 1590s
 11192616 2167509 40206.1873  204   10 40193.0000 40206.1873  0.03%   2.2 1595s
 11214254 2169130 40206.1873  192   10 40193.0000 40206.1873  0.03%   2.2 1600s
 11255109 2171485     cutoff  207      40193.0000 40206.1873  0.03%   2.2 1605s
 11305257 2176186 40201.5248  209    9 40193.0000 40206.1873  0.03%   2.2 1610s
 11361280 2182882 40194.9673  200    7 40193.0000 40206.1873  0.03%   2.2 1615s
 11408548 2185742 40194.9673  198   10 40193.0000 40206.1873  0.03%   2.2 1620s
 11454471 2189665 40206.1873  201   14 40193.0000 40206.1873  0.03%   2.2 1625s
 11501897 2194825 40206.1873  207   13 40193.0000 40206.1873  0.03%   2.2 1630s
 11558129 2200363     cutoff  218      40193.0000 40206.1873  0.03%   2.2 1635s
 11610445 2204655 40203.4921  204    8 40193.0000 40206.1873  0.03%   2.2 1640s
 11661184 2209781 40196.9345  215    7 40193.0000 40206.1873  0.03%   2.2 1645s
 11711673 2212390 40206.1873  210    7 40193.0000 40206.1873  0.03%   2.2 1650s
 11766590 2215884 40194.9673  214    6 40193.0000 40206.1873  0.03%   2.2 1655s
 11822377 2221171 40206.1873  195   10 40193.0000 40206.1873  0.03%   2.2 1660s
 11875568 2225801 40206.1873  201    8 40193.0000 40206.1873  0.03%   2.2 1665s
 11919414 2228350 40194.9673  208    7 40193.0000 40206.1873  0.03%   2.2 1670s
 11966490 2231636 40204.8036  208    7 40193.0000 40206.1873  0.03%   2.2 1675s
 12018994 2235681 40198.9018  207    6 40193.0000 40206.1873  0.03%   2.2 1680s
 12064953 2238838 40199.5576  202    8 40193.0000 40206.1873  0.03%   2.2 1685s
 12107160 2242361 40200.2133  207    6 40193.0000 40206.1873  0.03%   2.2 1690s
 12160858 2247674 40206.1873  205    9 40193.0000 40206.1873  0.03%   2.2 1695s
 12213202 2253159 40204.8036  203    6 40193.0000 40206.1873  0.03%   2.2 1700s
 12242003 2256262     cutoff  198      40193.0000 40206.1873  0.03%   2.2 1706s
 12264285 2258050 40206.1873  199    7 40193.0000 40206.1873  0.03%   2.2 1710s
 12297379 2262869 40204.8036  205    5 40193.0000 40206.1873  0.03%   2.2 1715s
 12328345 2266336 40195.0556  208   11 40193.0000 40206.1873  0.03%   2.2 1720s
 12370602 2272195     cutoff  203      40193.0000 40206.1873  0.03%   2.2 1725s
 12419012 2279395     cutoff  183      40193.0000 40206.1873  0.03%   2.2 1730s
 12461236 2285217 40205.9562  199    6 40193.0000 40206.1873  0.03%   2.2 1735s
 12509297 2290477     cutoff  211      40193.0000 40206.1873  0.03%   2.2 1740s
 12562721 2297231 40199.5576  201    6 40193.0000 40206.1873  0.03%   2.2 1745s
 12606043 2303389     cutoff  188      40193.0000 40206.1873  0.03%   2.2 1750s
 12652410 2309571 40197.5903  193    8 40193.0000 40206.1873  0.03%   2.2 1755s
 12685999 2315301     cutoff  221      40193.0000 40206.1873  0.03%   2.2 1760s
 12714728 2320406 40206.1873  203   10 40193.0000 40206.1873  0.03%   2.2 1765s
 12768765 2328216 40203.4921  208    6 40193.0000 40206.1873  0.03%   2.2 1770s
 12814225 2334599 40195.6230  201    6 40193.0000 40206.1873  0.03%   2.2 1775s
 12861164 2339897 40198.1110  187   12 40193.0000 40206.1873  0.03%   2.2 1780s
 12897103 2343818     cutoff  204      40193.0000 40206.1873  0.03%   2.2 1785s
 12936291 2349397 40206.1873  190    8 40193.0000 40206.1873  0.03%   2.2 1790s
 12990966 2356070 40196.9345  195    6 40193.0000 40206.1873  0.03%   2.2 1795s
 13036671 2361717 40200.0646  214    4 40193.0000 40206.1873  0.03%   2.2 1801s
 13071647 2366445 40206.1873  215    8 40193.0000 40206.1873  0.03%   2.2 1805s
 13125117 2373002     cutoff  205      40193.0000 40206.1873  0.03%   2.2 1810s
 13188097 2381691 40206.1873  231   11 40193.0000 40206.1873  0.03%   2.2 1815s
 13242042 2389060 40203.2758  208    5 40193.0000 40206.1873  0.03%   2.2 1820s
 13286510 2394594 40205.9562  208   11 40193.0000 40206.1873  0.03%   2.2 1825s
 13314441 2398462 40194.3115  230    6 40193.0000 40206.1873  0.03%   2.2 1830s
 13344811 2402041 40206.1873  202   11 40193.0000 40206.1873  0.03%   2.2 1835s
 13426567 2325825     cutoff  201      40193.0000 40206.1873  0.03%   2.2 1840s
 13478923 2298815 40201.3491  165    9 40193.0000 40206.1873  0.03%   2.2 1845s
 13517959 2304602     cutoff  211      40193.0000 40206.1873  0.03%   2.2 1850s
 13549039 2311792 40206.1873  178   15 40193.0000 40206.1873  0.03%   2.2 1856s
 13559096 2314428 40206.1873  179   12 40193.0000 40206.1873  0.03%   2.2 1861s
 13590108 2319236 40206.1873  166   13 40193.0000 40206.1873  0.03%   2.2 1865s
 13630328 2328086     cutoff  189      40193.0000 40206.1873  0.03%   2.2 1870s
 13674692 2335385 40206.0650  185    8 40193.0000 40206.1873  0.03%   2.2 1875s
 13721789 2345023 40200.0646  185    8 40193.0000 40206.1873  0.03%   2.2 1880s
 13761435 2351191     cutoff  179      40193.0000 40206.1873  0.03%   2.2 1885s
 13810349 2357457 40205.4594  174   10 40193.0000 40206.1873  0.03%   2.2 1890s
 13846422 2361552 40198.9018  179   13 40193.0000 40206.1873  0.03%   2.2 1895s
 13885409 2366896     cutoff  166      40193.0000 40206.1873  0.03%   2.2 1900s
 13915722 2370846 40206.0469  169   11 40193.0000 40206.1873  0.03%   2.2 1905s
 13948261 2375960 40206.0650  177   13 40193.0000 40206.1873  0.03%   2.2 1911s
 13983600 2380253 40206.1873  164   11 40193.0000 40206.1873  0.03%   2.2 1915s
 14025306 2386321 40206.1873  182   12 40193.0000 40206.1873  0.03%   2.2 1921s
 14058884 2391052     cutoff  184      40193.0000 40206.1873  0.03%   2.2 1926s
 14087263 2394860 40206.1873  177   15 40193.0000 40206.1873  0.03%   2.2 1930s
 14120908 2399351 40203.9180  180   11 40193.0000 40206.1873  0.03%   2.2 1935s
 14160427 2404923 40205.9562  177   11 40193.0000 40206.1873  0.03%   2.2 1941s
 14188044 2407152 40197.5903  170   11 40193.0000 40206.1873  0.03%   2.2 1947s
 14202162 2408879     cutoff  181      40193.0000 40206.1873  0.03%   2.2 1950s
 14230940 2412934 40206.0650  182   14 40193.0000 40206.1873  0.03%   2.2 1955s
 14256755 2416994 40205.9562  178    9 40193.0000 40206.1873  0.03%   2.2 1960s
 14301770 2422564 40204.5602  174    9 40193.0000 40206.1873  0.03%   2.2 1965s
 14336405 2426969 40206.1873  181   14 40193.0000 40206.1873  0.03%   2.2 1970s
 14371394 2431773 40206.1873  181   12 40193.0000 40206.1873  0.03%   2.2 1975s
 14405158 2435968 40206.1873  149   16 40193.0000 40206.1873  0.03%   2.2 1980s
 14431167 2439949 40198.1379  187    8 40193.0000 40206.1873  0.03%   2.2 1985s
 14479348 2448050     cutoff  179      40193.0000 40206.1873  0.03%   2.2 1991s
 14515979 2453976 40206.1873  179   10 40193.0000 40206.1873  0.03%   2.2 1996s
 14537885 2456445     cutoff  183      40193.0000 40206.1873  0.03%   2.2 2000s
 14580557 2462247 40206.1873  186   10 40193.0000 40206.1873  0.03%   2.2 2005s
 14605728 2464836 40206.1873  179   10 40193.0000 40206.1873  0.03%   2.2 2012s
 14618990 2467961 40195.5689  179   11 40193.0000 40206.1873  0.03%   2.2 2016s
 14645540 2470242 40205.9562  184   10 40193.0000 40206.1873  0.03%   2.2 2020s
 14676779 2474818 40194.2845  190   11 40193.0000 40206.1873  0.03%   2.2 2025s
 14707115 2478447 40206.1873  174   12 40193.0000 40206.1873  0.03%   2.2 2030s
 14735341 2483146 40205.2025  163   11 40193.0000 40206.1873  0.03%   2.2 2035s
 14761498 2486933 40205.9562  185   14 40193.0000 40206.1873  0.03%   2.2 2040s
 14794607 2491159 40205.9562  171   12 40193.0000 40206.1873  0.03%   2.2 2045s
 14831856 2496803     cutoff  184      40193.0000 40206.1873  0.03%   2.2 2051s
 14862038 2500131     cutoff  205      40193.0000 40206.1873  0.03%   2.2 2055s
 14897927 2504486 40206.0650  150   13 40193.0000 40206.1873  0.03%   2.2 2060s
 14934665 2509672     cutoff  205      40193.0000 40206.1873  0.03%   2.2 2067s
 14956881 2512780     cutoff  186      40193.0000 40206.1873  0.03%   2.2 2070s
 14978420 2515399 40206.1873  169   15 40193.0000 40206.1873  0.03%   2.2 2075s
 15022401 2522774 40199.5576  180   10 40193.0000 40206.1873  0.03%   2.2 2080s
 15061762 2529515 40206.1873  179   12 40193.0000 40206.1873  0.03%   2.2 2085s
 15090063 2533327     cutoff  186      40193.0000 40206.1873  0.03%   2.2 2090s
 15124797 2537774 40206.0650  182   14 40193.0000 40206.1873  0.03%   2.2 2095s
 15151737 2541305     cutoff  205      40193.0000 40206.1873  0.03%   2.2 2100s
 15178932 2544883 40205.9562  168   11 40193.0000 40206.1873  0.03%   2.2 2105s
 15211524 2549088 40196.2112  166   10 40193.0000 40206.1873  0.03%   2.2 2110s
 15245426 2553543     cutoff  221      40193.0000 40206.1873  0.03%   2.2 2115s
 15283134 2557710 infeasible  170      40193.0000 40206.1873  0.03%   2.2 2121s
 15316292 2560882 40206.0650  157   10 40193.0000 40206.1873  0.03%   2.2 2125s
 15345989 2565005 40206.0650  165   10 40193.0000 40206.1873  0.03%   2.2 2130s
 15380481 2569288 40205.9562  168    7 40193.0000 40206.1873  0.03%   2.2 2136s
 15403310 2573612 40206.0504  184   14 40193.0000 40206.1873  0.03%   2.2 2141s
 15437671 2578287 40205.2025  162   11 40193.0000 40206.1873  0.03%   2.2 2145s
 15470812 2583361 40205.9562  193   14 40193.0000 40206.1873  0.03%   2.2 2150s
 15498770 2586881 40206.1873  176   11 40193.0000 40206.1873  0.03%   2.2 2156s
 15531779 2591702 40200.2133  146   14 40193.0000 40206.1873  0.03%   2.2 2161s
 15558242 2595517 40205.9562  160   10 40193.0000 40206.1873  0.03%   2.2 2165s
 15598471 2601325 40205.9562  163   11 40193.0000 40206.1873  0.03%   2.2 2171s
 15631691 2605947 40200.2133  165   15 40193.0000 40206.1873  0.03%   2.2 2175s
 15659655 2609452 40206.1873  153   15 40193.0000 40206.1873  0.03%   2.2 2180s
 15699303 2615482 40206.1873  163   12 40193.0000 40206.1873  0.03%   2.2 2186s
 15730683 2621076 40205.8447  197    8 40193.0000 40206.1873  0.03%   2.2 2190s
 15750424 2623952 40200.8691  148   12 40193.0000 40206.1873  0.03%   2.2 2195s
 15782179 2629871 infeasible  162      40193.0000 40206.1873  0.03%   2.2 2200s
 15814414 2636587 40194.9267  206   10 40193.0000 40206.1873  0.03%   2.2 2205s
 15846145 2641581 40196.2112  182   13 40193.0000 40206.1873  0.03%   2.2 2210s
 15875639 2645686 40205.9562  168    9 40193.0000 40206.1873  0.03%   2.2 2215s
 15915048 2652387     cutoff  158      40193.0000 40206.1873  0.03%   2.2 2221s
 15955109 2659150 40202.6335  171    9 40193.0000 40206.1873  0.03%   2.2 2225s
 15985458 2664519 40206.1873  155   10 40193.0000 40206.1873  0.03%   2.2 2230s
 16020132 2669794 40205.9562  187   13 40193.0000 40206.1873  0.03%   2.2 2235s
 16052785 2675919 40206.0650  170   10 40193.0000 40206.1873  0.03%   2.2 2240s
 16084911 2680891 40206.0650  171    9 40193.0000 40206.1873  0.03%   2.2 2245s
 16122621 2688772 40201.3491  181    9 40193.0000 40206.1873  0.03%   2.2 2250s
 16160356 2696044 40206.1873  148   12 40193.0000 40206.1873  0.03%   2.2 2255s
 16199498 2702630 40206.1873  169   14 40193.0000 40206.1873  0.03%   2.2 2260s
 16237933 2709823     cutoff  160      40193.0000 40206.1873  0.03%   2.2 2265s
 16286801 2718743     cutoff  188      40193.0000 40206.1873  0.03%   2.2 2271s
 16318396 2724154     cutoff  170      40193.0000 40206.1873  0.03%   2.2 2275s
 16326279 2724157 40206.1873  179   12 40193.0000 40206.1873  0.03%   2.2 2285s
 16344594 2728907 40195.6230  165   12 40193.0000 40206.1873  0.03%   2.2 2290s
 16384280 2735758 40205.8447  188    9 40193.0000 40206.1873  0.03%   2.2 2295s
 16415736 2741543 40206.1873  157   12 40193.0000 40206.1873  0.03%   2.2 2300s
 16449569 2746625 40206.1873  167   11 40193.0000 40206.1873  0.03%   2.2 2305s
 16492876 2755578 40201.9913  189   10 40193.0000 40206.1873  0.03%   2.2 2310s
 16527131 2760667 40206.1873  163   12 40193.0000 40206.1873  0.03%   2.2 2315s
 16565658 2767924 40206.1873  173    9 40193.0000 40206.1873  0.03%   2.2 2320s
 16597923 2774015 40199.4224  204   10 40193.0000 40206.1873  0.03%   2.2 2325s
 16629685 2779657 40205.9562  185   10 40193.0000 40206.1873  0.03%   2.2 2330s
 16664307 2785167 40205.9562  181    8 40193.0000 40206.1873  0.03%   2.2 2335s
 16688795 2788812 40206.1873  181   11 40193.0000 40206.1873  0.03%   2.2 2340s
 16723362 2792721 40205.9562  179   12 40193.0000 40206.1873  0.03%   2.2 2345s
 16748763 2796603 40195.5689  175   10 40193.0000 40206.1873  0.03%   2.2 2350s
 16780194 2801433 40194.2845  169    8 40193.0000 40206.1873  0.03%   2.2 2355s
 16812558 2806708 40205.9562  175    8 40193.0000 40206.1873  0.03%   2.2 2360s
 16839495 2810118 40206.1873  160    9 40193.0000 40206.1873  0.03%   2.2 2365s
 16871476 2814854 40206.1873  174   10 40193.0000 40206.1873  0.03%   2.2 2371s
 16890918 2817583 40206.0650  176   12 40193.0000 40206.1873  0.03%   2.2 2376s
 16909444 2820422 40205.4594  170   10 40193.0000 40206.1873  0.03%   2.2 2380s
 16928148 2823184 40206.1873  159   17 40193.0000 40206.1873  0.03%   2.2 2385s
 16951577 2826994 40194.2845  195   10 40193.0000 40206.1873  0.03%   2.2 2392s
 16965569 2828839 40206.1873  158   11 40193.0000 40206.1873  0.03%   2.2 2395s
 16985632 2831290 40205.9562  173    9 40193.0000 40206.1873  0.03%   2.2 2400s
 17012847 2834958 40194.9267  203   11 40193.0000 40206.1873  0.03%   2.2 2407s
 17024684 2836800 40202.1806  153   17 40193.0000 40206.1873  0.03%   2.2 2410s
 17043239 2838798 40205.9562  179    8 40193.0000 40206.1873  0.03%   2.2 2415s
 17063474 2841439 40194.2845  192    9 40193.0000 40206.1873  0.03%   2.2 2421s
 17082911 2845219 40205.9562  178    8 40193.0000 40206.1873  0.03%   2.2 2425s
 17116311 2850689     cutoff  185      40193.0000 40206.1873  0.03%   2.2 2430s
 17146919 2856132 40203.2758  164   11 40193.0000 40206.1873  0.03%   2.2 2435s
 17166718 2859385 40194.2845  203    8 40193.0000 40206.1873  0.03%   2.2 2440s
 17185976 2862080 40206.1873  159   16 40193.0000 40206.1873  0.03%   2.2 2446s
 17207516 2864757 40205.9562  173   12 40193.0000 40206.1873  0.03%   2.2 2452s
 17219635 2867045 40205.9562  161   11 40193.0000 40206.1873  0.03%   2.2 2456s
 17239354 2871175 40206.0650  165    9 40193.0000 40206.1873  0.03%   2.2 2461s
 17254458 2872793 40206.1873  139   14 40193.0000 40206.1873  0.03%   2.2 2465s
 17273629 2876654 40197.4957  177   11 40193.0000 40206.1873  0.03%   2.2 2471s
 17286574 2880180 40206.0650  182    9 40193.0000 40206.1873  0.03%   2.2 2475s
 17313809 2885836 40200.0646  167   13 40193.0000 40206.1873  0.03%   2.2 2480s
 17338563 2890462 40200.7068  168   10 40193.0000 40206.1873  0.03%   2.2 2486s
 17357968 2893490 40205.9562  182   12 40193.0000 40206.1873  0.03%   2.2 2493s
 17366351 2894490 40206.1873  169   14 40193.0000 40206.1873  0.03%   2.2 2496s
 17386371 2897527 40206.1873  170   11 40193.0000 40206.1873  0.03%   2.2 2500s
 17407104 2901728 40206.1873  158   16 40193.0000 40206.1873  0.03%   2.2 2506s
 17418829 2903591     cutoff  155      40193.0000 40206.1873  0.03%   2.2 2510s
 17426772 2905212 40205.8447  174   10 40193.0000 40206.1873  0.03%   2.2 2515s
 17438923 2908022 40205.9562  176    8 40193.0000 40206.1873  0.03%   2.2 2521s
 17448116 2909457 40206.0650  184   14 40193.0000 40206.1873  0.03%   2.2 2526s
 17460154 2912744 40206.1873  186   14 40193.0000 40206.1873  0.03%   2.2 2534s
 17468733 2914399     cutoff  228      40193.0000 40206.1873  0.03%   2.2 2539s
 17476212 2915330     cutoff  180      40193.0000 40206.1873  0.03%   2.2 2542s
 17480841 2917225 40201.3491  197   11 40193.0000 40206.1873  0.03%   2.2 2547s
 17501682 2921877 40206.1873  141   13 40193.0000 40206.1873  0.03%   2.2 2550s
 17538246 2928224 40205.9562  170   13 40193.0000 40206.1873  0.03%   2.2 2555s
 17567052 2933091 infeasible  197      40193.0000 40206.1873  0.03%   2.2 2560s
 17605375 2942525 40205.9562  186    9 40193.0000 40206.1873  0.03%   2.2 2565s
 17642715 2949551 40205.9562  205    8 40193.0000 40206.1873  0.03%   2.2 2571s
 17681872 2958567 40201.3491  197   12 40193.0000 40206.1873  0.03%   2.2 2575s
 17725713 2967584 40194.2845  186   10 40193.0000 40206.1873  0.03%   2.2 2580s
 17767292 2975010 40206.1873  203   14 40193.0000 40206.1873  0.03%   2.2 2585s
 17809664 2981826     cutoff  192      40193.0000 40206.1873  0.03%   2.2 2590s
 17852328 2987248 40206.1873  213   10 40193.0000 40206.1873  0.03%   2.2 2595s
 17887123 2992331 40206.1873  188   14 40193.0000 40206.1873  0.03%   2.2 2600s
 17936446 2998495 40206.1873  186   12 40193.0000 40206.1873  0.03%   2.2 2605s
 17972395 3003474     cutoff  201      40193.0000 40206.1873  0.03%   2.2 2610s
 18007691 3008544 40197.5903  197   10 40193.0000 40206.1873  0.03%   2.2 2615s
 18051036 3013453 40205.9562  224   11 40193.0000 40206.1873  0.03%   2.2 2620s
 18081098 3017317 40206.1873  169   17 40193.0000 40206.1873  0.03%   2.2 2625s
 18105231 3020825 40200.2133  161   13 40193.0000 40206.1873  0.03%   2.2 2630s
 18148450 3028182 40200.2133  159   13 40193.0000 40206.1873  0.03%   2.2 2635s
 18193038 3035322 40206.1873  164   12 40193.0000 40206.1873  0.03%   2.2 2640s
 18233708 3041500     cutoff  169      40193.0000 40206.1873  0.03%   2.2 2649s
 18234154 3043875 40206.1873  169   13 40193.0000 40206.1873  0.03%   2.2 2650s
 18291467 3053875 40195.5689  178   11 40193.0000 40206.1873  0.03%   2.2 2655s
 18333536 3060729 40194.9267  251   12 40193.0000 40206.1873  0.03%   2.2 2660s
 18385523 3070908 40206.1873  158   15 40193.0000 40206.1873  0.03%   2.2 2665s
 18436002 3080034 40196.8534  185   12 40193.0000 40206.1873  0.03%   2.2 2670s
 18470980 3087989 40206.1873  162   12 40193.0000 40206.1873  0.03%   2.2 2675s
 18513985 3095795 40206.0469  168   12 40193.0000 40206.1873  0.03%   2.2 2680s
 18558334 3103758 40203.4921  169   12 40193.0000 40206.1873  0.03%   2.2 2685s
 18607895 3111198 40206.1873  184    9 40193.0000 40206.1873  0.03%   2.2 2690s
 18657207 3120378 40205.9562  183   10 40193.0000 40206.1873  0.03%   2.2 2695s
 18699508 3128726 40206.1151  175   10 40193.0000 40206.1873  0.03%   2.2 2700s
 18749313 3137219 40206.1873  196   15 40193.0000 40206.1873  0.03%   2.2 2705s
 18791280 3145112 40206.1873  191   16 40193.0000 40206.1873  0.03%   2.2 2710s
 18846583 3154567 40206.1873  160   14 40193.0000 40206.1873  0.03%   2.2 2715s
 18888587 3162059 40206.0650  170   12 40193.0000 40206.1873  0.03%   2.2 2720s
 18938107 3171363 40206.1873  186   19 40193.0000 40206.1873  0.03%   2.2 2725s
 18981057 3179296 40206.1873  167   14 40193.0000 40206.1873  0.03%   2.2 2730s
 19028825 3188088 40194.2845  206   11 40193.0000 40206.1873  0.03%   2.2 2735s
 19071456 3194850 40205.9562  167   10 40193.0000 40206.1873  0.03%   2.2 2740s
 19084172 3196469 40199.5576  179   12 40193.0000 40206.1873  0.03%   2.2 2746s
 19105706 3201322     cutoff  178      40193.0000 40206.1873  0.03%   2.2 2750s
 19141900 3208025 40205.9562  174   10 40193.0000 40206.1873  0.03%   2.2 2755s
 19184572 3214819 40196.2112  206   13 40193.0000 40206.1873  0.03%   2.2 2760s
 19229116 3222478 40194.3115  171   11 40193.0000 40206.1873  0.03%   2.2 2765s
 19272169 3229473 40206.1873  187   12 40193.0000 40206.1873  0.03%   2.2 2770s
 19321424 3237089 40194.9267  253   11 40193.0000 40206.1873  0.03%   2.2 2776s
 19364865 3244470 40206.1873  157   15 40193.0000 40206.1873  0.03%   2.2 2780s
 19411416 3253068 40194.9267  167   11 40193.0000 40206.1873  0.03%   2.2 2786s
 19452322 3260214 40206.1873  166   14 40193.0000 40206.1873  0.03%   2.2 2790s
 19495176 3268069 40206.1873  177   13 40193.0000 40206.1873  0.03%   2.2 2795s
 19537601 3275101 40204.8036  166   11 40193.0000 40206.1873  0.03%   2.2 2800s
 19579869 3282587 40206.0650  175   11 40193.0000 40206.1873  0.03%   2.2 2805s
 19620962 3288922 40200.5048  196   15 40193.0000 40206.1873  0.03%   2.2 2810s
 19654808 3295701 40201.5248  162   11 40193.0000 40206.1873  0.03%   2.2 2815s
 19678584 3299191 40202.1806  166   11 40193.0000 40206.1873  0.03%   2.2 2820s
 19715526 3305346 40206.1873  171   11 40193.0000 40206.1873  0.03%   2.2 2825s
 19746048 3310936     cutoff  159      40193.0000 40206.1873  0.03%   2.2 2831s
 19770280 3314688 40194.2845  197   11 40193.0000 40206.1873  0.03%   2.2 2835s
 19797719 3321244 40206.0650  174   12 40193.0000 40206.1873  0.03%   2.2 2840s
 19822356 3325127 infeasible  167      40193.0000 40206.1873  0.03%   2.2 2845s
 19856972 3331994 40205.9562  180   11 40193.0000 40206.1873  0.03%   2.2 2851s
 19890688 3338501 40202.1806  171   11 40193.0000 40206.1873  0.03%   2.2 2855s
 19931708 3345510 infeasible  176      40193.0000 40206.1873  0.03%   2.2 2860s
 19965139 3352347 40206.1873  161   15 40193.0000 40206.1873  0.03%   2.2 2865s
 19973800 3353408 40198.1379  173   11 40193.0000 40206.1873  0.03%   2.2 2870s
 20008678 3360285 40206.1873  172   13 40193.0000 40206.1873  0.03%   2.2 2875s
 20049064 3367676 40194.2845  226   13 40193.0000 40206.1873  0.03%   2.2 2880s
 20091773 3375993 40206.0650  196    8 40193.0000 40206.1873  0.03%   2.2 2885s
 20126821 3382246 40206.1873  166   12 40193.0000 40206.1873  0.03%   2.2 2890s
 20168535 3389197 40206.1873  167   13 40193.0000 40206.1873  0.03%   2.2 2895s
 20203075 3395232 40194.2845  189   12 40193.0000 40206.1873  0.03%   2.2 2900s
 20244129 3402274 40206.1873  178   13 40193.0000 40206.1873  0.03%   2.2 2905s
 20289933 3409923 40205.9562  180   11 40193.0000 40206.1873  0.03%   2.2 2910s
 20329513 3415852 40202.6335  202    8 40193.0000 40206.1873  0.03%   2.2 2916s
 20369103 3421986 40194.2845  185   12 40193.0000 40206.1873  0.03%   2.2 2920s
 20398333 3427007 40206.1873  169   15 40193.0000 40206.1873  0.03%   2.2 2925s
 20433534 3432095     cutoff  168      40193.0000 40206.1873  0.03%   2.2 2930s
 20469705 3436961 40200.0646  175   11 40193.0000 40206.1873  0.03%   2.2 2937s
 20485880 3439069 40201.5248  200    9 40193.0000 40206.1873  0.03%   2.2 2940s
 20514948 3442392 40204.5602  182   11 40193.0000 40206.1873  0.03%   2.2 2945s
 20552870 3447627 40206.1873  178   15 40193.0000 40206.1873  0.03%   2.2 2950s
 20587072 3451722 40194.2845  199   12 40193.0000 40206.1873  0.03%   2.2 2955s
 20626833 3457879 40206.0650  175   11 40193.0000 40206.1873  0.03%   2.2 2960s
 20659819 3461759 40200.4319  165   12 40193.0000 40206.1873  0.03%   2.2 2965s
 20694880 3466382 infeasible  208      40193.0000 40206.1873  0.03%   2.2 2970s
 20727130 3470678 40206.1873  164   17 40193.0000 40206.1873  0.03%   2.2 2976s
 20750394 3473813 40194.9267  179   11 40193.0000 40206.1873  0.03%   2.2 2980s
 20789460 3479130 40194.9267  186   11 40193.0000 40206.1873  0.03%   2.2 2985s
 20823056 3483951 40206.1873  151   16 40193.0000 40206.1873  0.03%   2.2 2990s
 20851294 3488116 40206.1873  166   16 40193.0000 40206.1873  0.03%   2.2 2995s
 20883861 3493168 40201.3491  176   12 40193.0000 40206.1873  0.03%   2.2 3000s
 20918780 3497882 40205.9562  168    9 40193.0000 40206.1873  0.03%   2.2 3005s
 20947049 3501937     cutoff  170      40193.0000 40206.1873  0.03%   2.2 3010s
 20979604 3506538 40204.8036  173   13 40193.0000 40206.1873  0.03%   2.2 3016s
 21000756 3509706 40196.8534  177   13 40193.0000 40206.1873  0.03%   2.2 3020s
 21029676 3513845 40206.1873  153   13 40193.0000 40206.1873  0.03%   2.2 3025s
 21057799 3517548 40200.7068  176   10 40193.0000 40206.1873  0.03%   2.2 3038s
 21057813 3519533 40200.7068  176    9 40193.0000 40206.1873  0.03%   2.2 3049s
 21069825 3521222 40206.1873  170   19 40193.0000 40206.1873  0.03%   2.2 3053s
 21085790 3522767 40206.1873  203   16 40193.0000 40206.1873  0.03%   2.2 3055s
 21109207 3526041 40194.2845  174   11 40193.0000 40206.1873  0.03%   2.2 3060s
 21131028 3529812 40205.8447  164   12 40193.0000 40206.1873  0.03%   2.2 3065s
 21166538 3534821 40194.2845  181   12 40193.0000 40206.1873  0.03%   2.2 3070s
 21199830 3539623     cutoff  174      40193.0000 40206.1873  0.03%   2.2 3075s
 21227712 3543546 40206.1873  169   14 40193.0000 40206.1873  0.03%   2.2 3080s
 21249434 3547041     cutoff  152      40193.0000 40206.1873  0.03%   2.2 3085s
 21271319 3550408     cutoff  173      40193.0000 40206.1873  0.03%   2.2 3090s
 21299410 3554662 40194.2845  189   11 40193.0000 40206.1873  0.03%   2.2 3095s
 21320956 3557414 40205.8447  195   10 40193.0000 40206.1873  0.03%   2.2 3100s
 21348160 3560871 40205.2025  164   11 40193.0000 40206.1873  0.03%   2.2 3105s
 21380203 3565698 40198.1379  190   10 40193.0000 40206.1873  0.03%   2.2 3111s
 21405137 3569123 40206.0650  189   13 40193.0000 40206.1873  0.03%   2.2 3115s
 21422942 3571092 40206.1873  174   13 40193.0000 40206.1873  0.03%   2.2 3120s
 21460126 3579752 40199.5576  164   11 40193.0000 40206.1873  0.03%   2.2 3125s
 21487159 3584269 40206.1873  170   15 40193.0000 40206.1873  0.03%   2.2 3130s
 21508824 3587650 40206.1873  163   13 40193.0000 40206.1873  0.03%   2.2 3135s
 21543811 3592928 40202.6335  178   12 40193.0000 40206.1873  0.03%   2.2 3140s
 21581912 3599311 40206.1873  190   14 40193.0000 40206.1873  0.03%   2.2 3145s
 21613404 3604159 40205.9562  166   11 40193.0000 40206.1873  0.03%   2.2 3150s
 21655979 3610101 40198.1379  179   12 40193.0000 40206.1873  0.03%   2.2 3155s
 21696799 3616021 40205.9562  186   12 40193.0000 40206.1873  0.03%   2.2 3160s
 21744883 3624056     cutoff  181      40193.0000 40206.1873  0.03%   2.2 3165s
 21778096 3627796     cutoff  201      40193.0000 40206.1873  0.03%   2.2 3171s
 21805385 3631907 40206.1873  174   15 40193.0000 40206.1873  0.03%   2.2 3175s
 21843582 3638116 40205.9562  172   11 40193.0000 40206.1873  0.03%   2.2 3180s
 21881916 3643142     cutoff  178      40193.0000 40206.1873  0.03%   2.2 3185s
 21914661 3647776 40206.1873  162   14 40193.0000 40206.1873  0.03%   2.2 3190s
 21945807 3655190 40206.1873  188   11 40193.0000 40206.1873  0.03%   2.2 3195s
 21982658 3665990     cutoff  189      40193.0000 40206.1873  0.03%   2.2 3200s
 22017810 3672134 40205.9562  193   14 40193.0000 40206.1873  0.03%   2.2 3205s
 22060037 3679370 40194.9267  162   12 40193.0000 40206.1873  0.03%   2.2 3210s
 22090087 3683958 40203.9180  176   13 40193.0000 40206.1873  0.03%   2.2 3215s
 22101101 3685392 40203.2758  168   11 40193.0000 40206.1873  0.03%   2.2 3220s
 22132914 3691722 40206.1873  144   15 40193.0000 40206.1873  0.03%   2.2 3225s
 22176884 3701225 40205.9562  209   10 40193.0000 40206.1873  0.03%   2.2 3230s
 22219349 3708978 40206.1873  195   12 40193.0000 40206.1873  0.03%   2.2 3235s
 22259136 3717314     cutoff  168      40193.0000 40206.1873  0.03%   2.2 3240s
 22283908 3722343 40206.1873  190   12 40193.0000 40206.1873  0.03%   2.2 3246s
 22305453 3726795 40205.9562  199   14 40193.0000 40206.1873  0.03%   2.2 3250s
 22331700 3731406 40206.1873  192   13 40193.0000 40206.1873  0.03%   2.2 3255s
 22357158 3736098 40194.9267  206   10 40193.0000 40206.1873  0.03%   2.2 3261s
 22372633 3738886 40194.9673  203   10 40193.0000 40206.1873  0.03%   2.2 3266s
 22399305 3744847 40205.2025  212   11 40193.0000 40206.1873  0.03%   2.2 3270s
 22426199 3749336 40205.9562  210   13 40193.0000 40206.1873  0.03%   2.2 3275s
 22456307 3755935 40202.1806  195   12 40193.0000 40206.1873  0.03%   2.2 3281s
 22482419 3761170 40205.9562  215    8 40193.0000 40206.1873  0.03%   2.2 3285s
 22522786 3768541 40205.9562  164   15 40193.0000 40206.1873  0.03%   2.2 3291s
 22552599 3773621 40205.9562  213    9 40193.0000 40206.1873  0.03%   2.2 3295s
 22584221 3779994 40205.9562  209   10 40193.0000 40206.1873  0.03%   2.2 3301s
 22609973 3784366 40201.3491  219    9 40193.0000 40206.1873  0.03%   2.2 3305s
 22644914 3791675 40205.9562  198   10 40193.0000 40206.1873  0.03%   2.2 3311s
 22664604 3796370 40203.2536  196   15 40193.0000 40206.1873  0.03%   2.2 3315s
 22691426 3800751 40206.0650  174   13 40193.0000 40206.1873  0.03%   2.2 3320s
 22712561 3804215 40206.1873  198   12 40193.0000 40206.1873  0.03%   2.2 3325s
 22737749 3809349 40194.2845  238    9 40193.0000 40206.1873  0.03%   2.2 3330s
 22763676 3814820 40196.2112  204   11 40193.0000 40206.1873  0.03%   2.2 3335s
 22795305 3820124 40197.4957  223   10 40193.0000 40206.1873  0.03%   2.2 3340s
 22825714 3825684 40205.9562  213   12 40193.0000 40206.1873  0.03%   2.2 3345s
 22851137 3831718 40205.9562  181   14 40193.0000 40206.1873  0.03%   2.2 3350s
 22881003 3839243 40206.1873  161   15 40193.0000 40206.1873  0.03%   2.2 3355s
 22914938 3845588 40205.9562  212    9 40193.0000 40206.1873  0.03%   2.2 3361s
 22940979 3849624 40202.8363  201   12 40193.0000 40206.1873  0.03%   2.2 3365s
 22961935 3852463 40206.1873  193   13 40193.0000 40206.1873  0.03%   2.2 3370s
 22998704 3861177 40205.9562  216   10 40193.0000 40206.1873  0.03%   2.2 3375s
 23035380 3869160 40206.1873  197   13 40193.0000 40206.1873  0.03%   2.2 3381s
 23067527 3873616 40204.8036  164   11 40193.0000 40206.1873  0.03%   2.2 3386s
 23098387 3877878     cutoff  196      40193.0000 40206.1873  0.03%   2.2 3391s
 23118185 3879359 40205.9562  206    9 40193.0000 40206.1873  0.03%   2.2 3395s
 23148770 3883249 40194.2845  216   11 40193.0000 40206.1873  0.03%   2.2 3400s
 23183253 3889294     cutoff  212      40193.0000 40206.1873  0.03%   2.2 3405s
 23212601 3894123 40194.9673  200    9 40193.0000 40206.1873  0.03%   2.2 3410s
 23243600 3899393 40205.2025  203   13 40193.0000 40206.1873  0.03%   2.2 3415s
 23271854 3903226 40205.9562  206   10 40193.0000 40206.1873  0.03%   2.2 3420s
 23302270 3907659 40195.5689  200   10 40193.0000 40206.1873  0.03%   2.2 3425s
 23331827 3912012     cutoff  206      40193.0000 40206.1873  0.03%   2.2 3430s
 23359205 3916547 40206.1873  183   13 40193.0000 40206.1873  0.03%   2.2 3435s
 23384997 3920464 40205.9562  210   10 40193.0000 40206.1873  0.03%   2.2 3440s
 23391703 3922435 40194.2845  218   11 40193.0000 40206.1873  0.03%   2.2 3446s
 23426227 3926884 40206.1873  189   14 40193.0000 40206.1873  0.03%   2.2 3450s
 23453233 3930339 40206.1873  209    9 40193.0000 40206.1873  0.03%   2.2 3455s
 23500267 3936913     cutoff  211      40193.0000 40206.1873  0.03%   2.2 3461s
 23531973 3939947 40206.1873  200   10 40193.0000 40206.1873  0.03%   2.2 3465s
 23566596 3944403 40194.9673  191   15 40193.0000 40206.1873  0.03%   2.2 3470s
 23601652 3948096 40206.1873  204   12 40193.0000 40206.1873  0.03%   2.2 3476s
 23626619 3951139 40205.2025  206   10 40193.0000 40206.1873  0.03%   2.2 3480s
 23665909 3956422     cutoff  198      40193.0000 40206.1873  0.03%   2.2 3485s
 23692714 3959358 40194.2845  216   10 40193.0000 40206.1873  0.03%   2.2 3490s
 23721635 3963090 40198.7801  206   10 40193.0000 40206.1873  0.03%   2.2 3495s
 23755533 3967450 40194.2845  211   10 40193.0000 40206.1873  0.03%   2.2 3500s
 23786142 3970448 40205.8447  214   10 40193.0000 40206.1873  0.03%   2.2 3505s
 23820699 3974684 40206.1873  195   12 40193.0000 40206.1873  0.03%   2.2 3510s
 23862634 3979227     cutoff  251      40193.0000 40206.1873  0.03%   2.2 3515s
 23892574 3982406     cutoff  194      40193.0000 40206.1873  0.03%   2.2 3520s
 23930796 3986244 40204.5602  189   12 40193.0000 40206.1873  0.03%   2.2 3525s
 23964244 3989642     cutoff  209      40193.0000 40206.1873  0.03%   2.2 3530s
 23997126 3992249 40198.2460  202   12 40193.0000 40206.1873  0.03%   2.2 3535s
 24026996 3995308     cutoff  212      40193.0000 40206.1873  0.03%   2.2 3540s
 24049971 3999207 40194.9267  204   11 40193.0000 40206.1873  0.03%   2.2 3545s
 24090083 4003080 40206.1873  202   12 40193.0000 40206.1873  0.03%   2.2 3550s
 24128626 4007117 40205.9562  174   11 40193.0000 40206.1873  0.03%   2.2 3555s
 24166263 4011024 40206.1873  187   13 40193.0000 40206.1873  0.03%   2.2 3560s
 24204316 4014812 40205.9562  195   13 40193.0000 40206.1873  0.03%   2.2 3565s
 24243350 4018528     cutoff  179      40193.0000 40206.1873  0.03%   2.2 3570s
 24272629 4024320 40203.2758  208    9 40193.0000 40206.1873  0.03%   2.2 3575s
 24310818 4030087     cutoff  191      40193.0000 40206.1873  0.03%   2.2 3580s
 24354456 4035814 40194.9267  206   12 40193.0000 40206.1873  0.03%   2.2 3586s
 24388000 4041055 40205.9562  210    9 40193.0000 40206.1873  0.03%   2.2 3590s
 24402057 4043178 40200.7068  207   11 40193.0000 40206.1873  0.03%   2.2 3597s
 24414451 4046097 infeasible  188      40193.0000 40206.1873  0.03%   2.2 3600s

Cutting planes:
  Gomory: 6
  Cover: 5
  MIR: 2
  Flow cover: 2
  Inf proof: 201
  Zero half: 1
  RLT: 1

Explored 24416818 nodes (53449688 simplex iterations) in 3600.14 seconds
Thread count was 12 (of 12 available processors)

Solution count 8: 40193 40160 40147 ... 25284

Time limit reached
Best objective 4.019300000000e+04, best bound 4.020600000000e+04, gap 0.0323%
