
Gurobi 9.1.2 (win64, Java) logging started Sat Nov  6 07:47:49 2021

Academic license - for non-commercial use only - expires 2022-10-30
Gurobi Optimizer version 9.1.2 build v9.1.2rc0 (win64)
Thread count: 6 physical cores, 12 logical processors, using up to 12 threads
Optimize a model with 80 rows, 1200 columns and 2400 nonzeros
Model fingerprint: 0x974e9df1
Variable types: 0 continuous, 1200 integer (1200 binary)
Coefficient statistics:
  Matrix range     [1e+00, 1e+03]
  Objective range  [4e+01, 1e+03]
  Bounds range     [1e+00, 1e+00]
  RHS range        [1e+00, 1e+03]
Found heuristic solution: objective 14833.000000
Presolve removed 0 rows and 362 columns
Presolve time: 0.01s
Presolved: 80 rows, 838 columns, 1676 nonzeros
Variable types: 0 continuous, 838 integer (838 binary)
Presolved: 80 rows, 838 columns, 1676 nonzeros


Root relaxation: objective 1.859529e+04, 332 iterations, 0.00 seconds

    Nodes    |    Current Node    |     Objective Bounds      |     Work
 Expl Unexpl |  Obj  Depth IntInf | Incumbent    BestBd   Gap | It/Node Time

     0     0 18595.2929    0   30 14833.0000 18595.2929  25.4%     -    0s
H    0     0                    16735.000000 18595.2929  11.1%     -    0s
H    0     0                    17041.000000 18595.2929  9.12%     -    0s
H    0     0                    17361.000000 18595.2929  7.11%     -    0s
H    0     0                    17609.000000 18595.2929  5.60%     -    0s
     0     0 18590.2072    0   62 17609.0000 18590.2072  5.57%     -    0s
H    0     0                    17889.000000 18590.2072  3.92%     -    0s
     0     0 18589.9827    0   83 17889.0000 18589.9827  3.92%     -    0s
     0     0 18589.9827    0   67 17889.0000 18589.9827  3.92%     -    0s
H    0     0                    17898.000000 18589.9827  3.87%     -    0s
     0     2 18589.9827    0   56 17898.0000 18589.9827  3.87%     -    0s
H   31    40                    18112.000000 18587.1193  2.62%   200    0s
H   63    78                    18163.000000 18587.1193  2.34%   142    1s
H   64    78                    18212.000000 18587.1193  2.06%   142    1s
H   70    78                    18226.000000 18587.1193  1.98%   133    1s
H  117   127                    18282.000000 18587.1193  1.67%   110    1s
H  123   127                    18329.000000 18587.1193  1.41%   107    1s
H 1406  1207                    18396.000000 18571.9756  0.96%  31.4    2s
H 1421  1156                    18402.000000 18553.1623  0.82%  33.0    3s
H 1423  1099                    18463.000000 18552.5436  0.48%  33.0    3s
H 1425  1046                    18501.000000 18547.8542  0.25%  32.9    3s
  1442  1061 18537.7435   40  160 18501.0000 18540.0804  0.21%  37.7    5s
  5229  2709 18528.0637   59  163 18501.0000 18532.7342  0.17%  69.4   10s
  9412  5243 18518.4472   56  124 18501.0000 18529.3725  0.15%  80.2   15s
 13969  8015 18509.1102   69   87 18501.0000 18527.6765  0.14%  82.0   20s
 14947  8406 18510.4088   62  112 18501.0000 18527.3525  0.14%  82.1   25s
 19739 10805 18505.6752   77   78 18501.0000 18526.0146  0.14%  83.3   30s
 24588 13242 18520.8616   52  151 18501.0000 18524.6978  0.13%  84.9   35s
 29261 15604 18510.3861   61  102 18501.0000 18524.0585  0.12%  85.8   41s
 34594 18187 18513.8971   67  126 18501.0000 18523.2266  0.12%  85.7   46s
 36415 18190 18512.6572   58  103 18501.0000 18522.9977  0.12%  85.8   50s
 36486 18237 18512.4468   69  169 18501.0000 18522.9977  0.12%  85.6   55s
 36580 18292 18521.4085   56  148 18501.0000 18521.5392  0.11%  85.9   60s
 40141 18850 18502.4452   83   94 18501.0000 18514.8956  0.08%  85.7   65s
 45199 18756 18508.6978   73  118 18501.0000 18512.3634  0.06%  86.5   70s
 51867 17563 18503.2172   67  132 18501.0000 18510.1609  0.05%  87.2   75s
 57635 15808 18502.6920   67  117 18501.0000 18508.8250  0.04%  87.5   80s
 63728 12862 18503.9422  104   89 18501.0000 18507.2607  0.03%  87.6   85s
 71980  6597     cutoff   71      18501.0000 18504.3144  0.02%  86.3   90s

Cutting planes:
  Gomory: 8
  Cover: 42
  Clique: 11
  MIR: 247
  StrongCG: 189
  Flow cover: 23
  Zero half: 3
  RLT: 1

Explored 73190 nodes (6268493 simplex iterations) in 90.15 seconds
Thread count was 12 (of 12 available processors)

Solution count 10: 18501 18463 18402 ... 18112

Optimal solution found (tolerance 1.00e-04)
Best objective 1.850100000000e+04, best bound 1.850200000000e+04, gap 0.0054%
