
Gurobi 9.1.2 (win64, Java) logging started Sat Nov  6 07:49:19 2021

Academic license - for non-commercial use only - expires 2022-10-30
Gurobi Optimizer version 9.1.2 build v9.1.2rc0 (win64)
Thread count: 6 physical cores, 12 logical processors, using up to 12 threads
Optimize a model with 80 rows, 1200 columns and 2400 nonzeros
Model fingerprint: 0x70e90b4d
Variable types: 0 continuous, 1200 integer (1200 binary)
Coefficient statistics:
  Matrix range     [1e+00, 9e+02]
  Objective range  [1e+02, 9e+02]
  Bounds range     [1e+00, 1e+00]
  RHS range        [1e+00, 1e+03]
Found heuristic solution: objective 16361.000000
Presolve removed 0 rows and 386 columns
Presolve time: 0.01s
Presolved: 80 rows, 814 columns, 1628 nonzeros
Variable types: 0 continuous, 814 integer (814 binary)
Presolved: 80 rows, 814 columns, 1628 nonzeros


Root relaxation: objective 1.983231e+04, 284 iterations, 0.00 seconds

    Nodes    |    Current Node    |     Objective Bounds      |     Work
 Expl Unexpl |  Obj  Depth IntInf | Incumbent    BestBd   Gap | It/Node Time

     0     0 19832.3098    0   27 16361.0000 19832.3098  21.2%     -    0s
H    0     0                    18445.000000 19832.3098  7.52%     -    0s
H    0     0                    18564.000000 19832.3098  6.83%     -    0s
H    0     0                    18717.000000 19832.3098  5.96%     -    0s
     0     0 19832.0447    0   59 18717.0000 19832.0447  5.96%     -    0s
     0     0 19832.0447    0   31 18717.0000 19832.0447  5.96%     -    0s
H    0     0                    18918.000000 19832.0447  4.83%     -    0s
H    0     0                    18970.000000 19832.0447  4.54%     -    0s
     0     2 19832.0447    0   31 18970.0000 19832.0447  4.54%     -    0s
H   31    40                    18972.000000 19831.5867  4.53%   118    0s
H   33    40                    19235.000000 19831.5867  3.10%   113    0s
H  153   274                    19300.000000 19831.5867  2.75%  50.9    1s
H  302   327                    19462.000000 19831.5867  1.90%  31.2    1s
H 1652  1399                    19581.000000 19788.4586  1.06%  16.6    3s
H 1668  1339                    19626.000000 19776.0790  0.76%  16.5    4s
  1692  1357 19626.0000   58  189 19626.0000 19773.2165  0.75%  20.7    5s
H 1853  1398                    19677.000000 19768.3794  0.46%  31.1    8s
  2759  1935 19741.7686   65  118 19677.0000 19767.9770  0.46%  48.5   10s
  6720  4138 19740.1407   67  103 19677.0000 19763.7571  0.44%  63.6   15s
 12047  7958 19690.1961   82   66 19677.0000 19760.2870  0.42%  66.0   20s
 15763 10576 19753.2915   54  122 19677.0000 19759.1612  0.42%  68.2   27s
 17972 11868 19708.6620   65  175 19677.0000 19759.0323  0.42%  69.5   30s
 18056 11935 19759.0323   54  166 19677.0000 19759.0323  0.42%  70.0   36s
H18349 11510                    19691.000000 19759.0323  0.35%  70.2   39s
 19015 11876 19749.5104   81  118 19691.0000 19759.0323  0.35%  70.2   40s
 27414 15534 19737.4362   82  140 19691.0000 19758.3715  0.34%  70.9   45s
 32094 17090 19722.3494   76   76 19691.0000 19756.6780  0.33%  71.6   50s
 39277 20054 19715.3304  109  124 19691.0000 19754.8980  0.32%  72.8   55s
 47121 22823 19707.8920  110   80 19691.0000 19753.5396  0.32%  74.2   60s
 55320 25295 19730.9086   87   31 19691.0000 19752.5051  0.31%  74.9   66s
 55360 25322 19706.2534  104  183 19691.0000 19752.5051  0.31%  74.8   70s
 55392 25356 19752.5051   65  178 19691.0000 19752.5051  0.31%  75.0   75s
 55538 25442 19724.2151   70  154 19691.0000 19752.5051  0.31%  75.1   80s
 57962 26601 19699.8012  146  111 19691.0000 19752.5051  0.31%  75.4   85s
 62232 28174 19712.7896   94  127 19691.0000 19746.1172  0.28%  76.3   90s
 66669 29462 19714.7516   88  128 19691.0000 19742.9963  0.26%  77.3   95s
 71367 30862 19701.3558  128  132 19691.0000 19740.7194  0.25%  78.5  100s
 74888 31529 19709.0952   82  117 19691.0000 19738.9923  0.24%  79.2  107s
 76851 32262 19697.2490   99  133 19691.0000 19738.4232  0.24%  79.6  110s
 81945 33274 19703.1567   77  146 19691.0000 19736.8747  0.23%  80.5  116s
 86353 34186 19705.6205   97  106 19691.0000 19735.6664  0.23%  81.2  122s
 89408 34991 19707.5267   84  126 19691.0000 19734.9674  0.22%  81.7  126s
 92863 35774 19696.1272  121  108 19691.0000 19734.3550  0.22%  82.1  131s
 96486 36508 19692.3447   85  147 19691.0000 19733.7836  0.22%  82.4  136s
 100165 36968 19698.1787  132  102 19691.0000 19733.2772  0.21%  82.7  140s
 103669 37462 19697.5127  110  128 19691.0000 19732.7830  0.21%  83.1  145s
 108833 37992 19710.2360   97  141 19691.0000 19732.0764  0.21%  83.6  153s
 110367 38412 19723.0191   83  108 19691.0000 19731.8446  0.21%  83.7  155s
 115921 39314 19712.9685  101  124 19691.0000 19731.2140  0.20%  83.9  161s
 119494 39689     cutoff   94      19691.0000 19730.7494  0.20%  84.0  166s
 122965 40185 19694.7128  102  120 19691.0000 19730.4864  0.20%  84.2  170s
 126456 40862 19715.4482   85  133 19691.0000 19730.0904  0.20%  84.4  175s
 129646 41387 19720.9184   82   94 19691.0000 19729.8595  0.20%  84.6  180s
 133313 42338     cutoff  119      19691.0000 19729.5294  0.20%  84.7  186s
 137028 44192 19704.2645  134   82 19691.0000 19729.2305  0.19%  84.8  191s
 140912 45956 19715.0819   86  123 19691.0000 19729.0003  0.19%  84.8  195s
 144548 47437 19726.6352   82  158 19691.0000 19728.6650  0.19%  84.9  200s
 147994 49026 19716.0104   81  118 19691.0000 19728.4757  0.19%  85.0  205s
 153442 51544 19695.6831   91  111 19691.0000 19728.0494  0.19%  85.2  211s
 157032 53193 19717.6390  105  135 19691.0000 19727.8106  0.19%  85.2  217s
 160359 54676 19708.2490   96  106 19691.0000 19727.6079  0.19%  85.3  222s
 164156 56103 19719.2209   90  131 19691.0000 19727.3489  0.18%  85.3  226s
 167600 57599 19718.9054   88  105 19691.0000 19727.1329  0.18%  85.4  231s
 171168 59060 19721.6587  104  148 19691.0000 19726.9690  0.18%  85.5  237s
 174814 60817 19706.7339   92  101 19691.0000 19726.7738  0.18%  85.4  241s
 178591 62354 19707.4271   81  128 19691.0000 19726.5857  0.18%  85.4  246s
 182268 63879 19715.0386   94  116 19691.0000 19726.3942  0.18%  85.4  251s
 185375 65142     cutoff   85      19691.0000 19726.2367  0.18%  85.4  257s
 189098 66513 19706.1044  104   85 19691.0000 19726.0548  0.18%  85.3  260s
 192692 68054 19717.0076   87  113 19691.0000 19725.9020  0.18%  85.3  265s
 196348 69396 19709.0244  103   98 19691.0000 19725.7423  0.18%  85.3  270s
 201367 71745 19715.5824   86  133 19691.0000 19725.5290  0.18%  85.3  276s
 205065 73356 19701.9989  135  117 19691.0000 19725.3684  0.17%  85.3  280s
 210454 75560 19716.3715   93  130 19691.0000 19725.1561  0.17%  85.3  285s
 215757 77638 19712.3727   96  102 19691.0000 19724.9414  0.17%  85.3  291s
 219292 79060 19697.5722   76   91 19691.0000 19724.8183  0.17%  85.3  296s
 222974 80580 19706.5377  104  110 19691.0000 19724.6522  0.17%  85.2  300s
 228263 82723 19697.6640   95   46 19691.0000 19724.4483  0.17%  85.2  306s
 231818 84349 19710.9958   98  159 19691.0000 19724.2993  0.17%  85.1  311s
 235510 85743 19693.1541   91   74 19691.0000 19724.1817  0.17%  85.1  315s
 240923 87562 19714.8447  103  125 19691.0000 19723.9720  0.17%  85.0  322s
 242442 88247 19714.5313   98  117 19691.0000 19723.9226  0.17%  85.0  325s
 246254 89686 19708.8701   90   82 19691.0000 19723.7970  0.17%  84.9  330s
 251726 91790     cutoff   93      19691.0000 19723.6081  0.17%  84.9  336s
 255469 93184     cutoff  108      19691.0000 19723.4870  0.16%  84.9  340s
 261101 95258     cutoff  103      19691.0000 19723.3147  0.16%  84.8  346s
 264644 96574     cutoff  103      19691.0000 19723.2008  0.16%  84.8  350s
 267843 97784 19721.3463   85  108 19691.0000 19723.1194  0.16%  84.7  356s
 271633 98783 19711.0883   95  117 19691.0000 19722.9990  0.16%  84.7  361s
 274482 100330 19703.0791   87   88 19691.0000 19722.9114  0.16%  84.6  365s
 278394 101810 19704.8588   82  105 19691.0000 19722.7971  0.16%  84.6  370s
 283768 103933 19716.2896   95  117 19691.0000 19722.6289  0.16%  84.5  376s
 287199 105119     cutoff  108      19691.0000 19722.5395  0.16%  84.4  381s
 291036 106443 19706.3700  104  107 19691.0000 19722.4138  0.16%  84.4  385s
 296654 108408 19715.2911   94  107 19691.0000 19722.2489  0.16%  84.3  390s
 302043 109877 19696.8180  106   86 19691.0000 19722.0923  0.16%  84.2  399s
 302591 110474 19712.0398   99   85 19691.0000 19722.0886  0.16%  84.2  401s
 306482 111815 19698.3333  105  125 19691.0000 19721.9740  0.16%  84.1  405s
 312291 113878 19710.6982   92  128 19691.0000 19721.8187  0.16%  84.0  410s
 318014 115842 19713.8319   87   98 19691.0000 19721.6878  0.16%  84.0  416s
 323376 117519     cutoff   80      19691.0000 19721.5365  0.16%  83.9  421s
 328678 119567 19700.8771   92  114 19691.0000 19721.4060  0.15%  83.8  426s
 332301 120736 19712.9433   88   78 19691.0000 19721.3121  0.15%  83.7  430s
 338043 122476 19692.0703   92   38 19691.0000 19721.1806  0.15%  83.6  436s
 343135 124168 19699.8633   99   74 19691.0000 19721.0557  0.15%  83.6  441s
 348503 125784 19694.3064  111  107 19691.0000 19720.9285  0.15%  83.5  447s
 352136 127177     cutoff  107      19691.0000 19720.8401  0.15%  83.4  451s
 357472 128855 19715.4785   95  115 19691.0000 19720.7443  0.15%  83.3  456s
 361089 129954 19695.6576   91   90 19691.0000 19720.6579  0.15%  83.3  460s
 366354 131522 19695.2942  118  118 19691.0000 19720.5290  0.15%  83.2  465s
 370158 132786     cutoff   92      19691.0000 19720.4495  0.15%  83.2  470s
 375623 134412 19703.0531  113  105 19691.0000 19720.3350  0.15%  83.1  476s
 379162 135519 19714.0103   87  115 19691.0000 19720.2612  0.15%  83.1  480s
 384646 137220 19711.6330   90   97 19691.0000 19720.1379  0.15%  83.0  486s
 388510 138333 19714.8318   95   98 19691.0000 19720.0583  0.15%  82.9  490s
 393852 139740 19694.7045   79   78 19691.0000 19719.9465  0.15%  82.9  495s
 398814 141258 19711.1843   77   99 19691.0000 19719.8376  0.15%  82.8  501s
 402558 142341     cutoff   94      19691.0000 19719.7685  0.15%  82.7  506s
 408099 143897 19694.5788  100  100 19691.0000 19719.6771  0.15%  82.6  511s
 411727 145013 19712.3410  104   94 19691.0000 19719.6116  0.15%  82.6  515s
 416901 146560 19712.7705  103  117 19691.0000 19719.5082  0.14%  82.5  520s
 422326 147961 19692.7429  104   97 19691.0000 19719.4181  0.14%  82.5  526s
 426140 149086 19706.5120  105  109 19691.0000 19719.3489  0.14%  82.4  530s
 431397 150518 19704.1035   80   67 19691.0000 19719.2577  0.14%  82.3  536s
 434678 151499     cutoff  104      19691.0000 19719.1995  0.14%  82.3  541s
 440115 153126 19711.3572  101  135 19691.0000 19719.0928  0.14%  82.2  546s
 443988 153978 19711.4247   77  115 19691.0000 19719.0171  0.14%  82.2  550s
 449117 155717     cutoff   81      19691.0000 19718.9363  0.14%  82.1  556s
 452652 156666     cutoff  115      19691.0000 19718.8748  0.14%  82.0  560s
 458061 158181 19706.6860   92   51 19691.0000 19718.7800  0.14%  82.0  566s
 461822 159167     cutoff   79      19691.0000 19718.7102  0.14%  81.9  570s
 467286 160723 19714.2465   78  107 19691.0000 19718.6234  0.14%  81.8  575s
 470631 161633 19695.3706   95  128 19691.0000 19718.5618  0.14%  81.8  580s
 475790 163136 19699.3388   87   70 19691.0000 19718.4714  0.14%  81.7  586s
 479641 164027 19711.6607   90   92 19691.0000 19718.4082  0.14%  81.7  590s
 484919 165451 19712.9871   91   96 19691.0000 19718.3203  0.14%  81.6  595s
 488188 166249 19707.6710  102  104 19691.0000 19718.2735  0.14%  81.6  601s
 493290 167666 19695.5316  107  114 19691.0000 19718.2011  0.14%  81.5  606s
 497170 168665 19709.3083   96   88 19691.0000 19718.1252  0.14%  81.5  610s
 502486 169991 19701.7505   97  111 19691.0000 19718.0381  0.14%  81.4  615s
 507677 171484 19696.3570   96   93 19691.0000 19717.9632  0.14%  81.3  620s
 512756 172912 19708.3310  107   73 19691.0000 19717.8790  0.14%  81.3  626s
 516656 173816 19715.2327   96  127 19691.0000 19717.8278  0.14%  81.2  630s
 521978 175062 19709.1024  107   88 19691.0000 19717.7461  0.14%  81.1  636s
 526901 176472 19715.9410   86   77 19691.0000 19717.6763  0.14%  81.1  641s
 532532 177806 19699.4983   73  112 19691.0000 19717.5942  0.14%  81.0  646s
 537970 179034     cutoff   94      19691.0000 19717.5006  0.13%  80.9  651s
 543433 180312 19707.5170   93   73 19691.0000 19717.4262  0.13%  80.9  657s
 546541 181261     cutoff  114      19691.0000 19717.3851  0.13%  80.8  660s
 552198 182772 19693.1241   98  100 19691.0000 19717.3060  0.13%  80.8  666s
 557499 184047     cutoff   98      19691.0000 19717.2312  0.13%  80.7  671s
 562756 185384 19708.1141   91   93 19691.0000 19717.1608  0.13%  80.7  676s
 566245 186149 19695.9505   93  147 19691.0000 19717.1133  0.13%  80.6  680s
 571571 187356     cutoff  101      19691.0000 19717.0424  0.13%  80.6  685s
 577146 188496 infeasible   84      19691.0000 19716.9685  0.13%  80.5  690s
 582554 189762 19703.1091  103   89 19691.0000 19716.8797  0.13%  80.4  695s
 588110 191088 19696.1044   93  101 19691.0000 19716.8115  0.13%  80.4  700s
 593453 192200 19699.0391   94   90 19691.0000 19716.7419  0.13%  80.3  707s
 596564 193125 19696.0106   88   72 19691.0000 19716.6940  0.13%  80.3  711s
 602291 194640 19711.0496   84  107 19691.0000 19716.6193  0.13%  80.2  716s
 607830 195709 19694.8471  119   94 19691.0000 19716.5538  0.13%  80.1  721s
 613229 196908 infeasible  113      19691.0000 19716.4809  0.13%  80.1  726s
 616679 197753 19707.5240   80  100 19691.0000 19716.4406  0.13%  80.0  730s
 622333 199021 19699.2233  114  118 19691.0000 19716.3719  0.13%  80.0  736s
 625590 199857 19697.2548  111  115 19691.0000 19716.3323  0.13%  79.9  740s
 631184 201149 19712.2956  101  111 19691.0000 19716.2509  0.13%  79.9  746s
 633883 201790 19696.8344   98  125 19691.0000 19716.2279  0.13%  79.9  751s
 639485 203160 19715.7787   87   92 19691.0000 19716.1436  0.13%  79.8  756s
 645209 204543 19693.3861  105   55 19691.0000 19716.0764  0.13%  79.7  761s
 648713 205316     cutoff   97      19691.0000 19716.0387  0.13%  79.7  765s
 653915 206523 19701.1362   92   93 19691.0000 19715.9751  0.13%  79.6  770s
 659707 208051 19709.0186   94  113 19691.0000 19715.9008  0.13%  79.6  775s
 665041 209367     cutoff   95      19691.0000 19715.8315  0.13%  79.5  780s
 670228 210540     cutoff  103      19691.0000 19715.7701  0.13%  79.5  786s
 673633 211057 19705.0932   92   95 19691.0000 19715.7301  0.13%  79.4  792s
 676180 211977     cutoff  127      19691.0000 19715.6978  0.13%  79.4  795s
 681727 213281 19702.4024  101   70 19691.0000 19715.6385  0.13%  79.3  800s
 687063 214271 19696.2871  115   95 19691.0000 19715.5683  0.12%  79.3  805s
 692089 215457     cutoff   90      19691.0000 19715.5137  0.12%  79.3  810s
 697973 216454 19707.0248   96  101 19691.0000 19715.4435  0.12%  79.2  815s
 703171 217551     cutoff  129      19691.0000 19715.3730  0.12%  79.2  820s
 708734 218672     cutoff  109      19691.0000 19715.3120  0.12%  79.1  825s
 714166 219827     cutoff  104      19691.0000 19715.2500  0.12%  79.1  830s
 721432 221292 19706.7709   98  128 19691.0000 19715.1701  0.12%  79.0  836s
 726743 222483 19702.9879   89   66 19691.0000 19715.1145  0.12%  79.0  841s
 730398 223043 19711.9879   96  118 19691.0000 19715.0731  0.12%  78.9  846s
 730987 224382     cutoff   92      19691.0000 19715.0684  0.12%  78.9  852s
 739318 225074     cutoff  102      19691.0000 19714.9818  0.12%  78.9  855s
 745141 226207 19697.1693  108  101 19691.0000 19714.9120  0.12%  78.8  860s
 751110 227284 19709.4249   78   96 19691.0000 19714.8462  0.12%  78.8  865s
 757835 228674 19705.5251   96   64 19691.0000 19714.7650  0.12%  78.7  871s
 763344 229754 19693.6483  101   91 19691.0000 19714.7068  0.12%  78.6  876s
 768994 230808 19699.2375   91   81 19691.0000 19714.6514  0.12%  78.6  881s
 772753 231514 19705.2211  108  100 19691.0000 19714.6093  0.12%  78.5  885s
 779839 233091 19692.4562  132   66 19691.0000 19714.5423  0.12%  78.5  891s
 785201 234210     cutoff   92      19691.0000 19714.4792  0.12%  78.4  896s
 790902 235222 19698.6643   96   86 19691.0000 19714.4210  0.12%  78.4  900s
 796426 236295 19708.6845  102  100 19691.0000 19714.3659  0.12%  78.3  905s
 801594 237213 infeasible  118      19691.0000 19714.3109  0.12%  78.3  911s
 805095 237889 19695.1708   96  110 19691.0000 19714.2712  0.12%  78.3  915s
 810671 239042     cutoff  105      19691.0000 19714.2142  0.12%  78.2  920s
 815668 239918 19695.9809  106  108 19691.0000 19714.1607  0.12%  78.2  926s
 821333 241083 19708.8077   90  103 19691.0000 19714.0952  0.12%  78.1  931s
 826827 242139 19703.1837  104  131 19691.0000 19714.0383  0.12%  78.1  936s
 832315 243092     cutoff  101      19691.0000 19713.9857  0.12%  78.0  941s
 837719 244144 19706.7960   96  101 19691.0000 19713.9299  0.12%  78.0  946s
 841679 244792 19695.9987   79   98 19691.0000 19713.8866  0.12%  77.9  950s
 846594 245673 19696.3636   77   70 19691.0000 19713.8366  0.12%  77.9  956s
 850133 246246 19707.4182   96  114 19691.0000 19713.8051  0.12%  77.9  961s
 855314 247234 19692.9587   96   60 19691.0000 19713.7544  0.12%  77.8  966s
 861139 248224 19698.3818   94   58 19691.0000 19713.6916  0.12%  77.8  971s
 866201 249261 19710.5203   83  134 19691.0000 19713.6467  0.12%  77.7  976s
 871766 250267 19695.8599   89   87 19691.0000 19713.5887  0.11%  77.7  981s
 875399 250753     cutoff   78      19691.0000 19713.5540  0.11%  77.7  985s
 880946 251694 19699.4136   97  120 19691.0000 19713.4947  0.11%  77.6  990s
 885989 252686 19702.5595   84   88 19691.0000 19713.4439  0.11%  77.6  996s
 889300 253288     cutoff   88      19691.0000 19713.4217  0.11%  77.6 1001s
 893161 253930 19695.8205   95   96 19691.0000 19713.3761  0.11%  77.5 1005s
 898934 254780     cutoff  100      19691.0000 19713.3246  0.11%  77.5 1010s
 904291 255627 19702.3655   96  118 19691.0000 19713.2733  0.11%  77.5 1015s
 909529 256598     cutoff  109      19691.0000 19713.2207  0.11%  77.4 1020s
 915164 257542 19705.6762   95   91 19691.0000 19713.1710  0.11%  77.4 1025s
 918682 258160     cutoff   95      19691.0000 19713.1379  0.11%  77.4 1030s
 924035 259069 19698.1066   89   67 19691.0000 19713.0880  0.11%  77.3 1035s
 929698 259950 19706.2998  105   96 19691.0000 19713.0383  0.11%  77.3 1040s
 933029 260537 19708.3502   96  108 19691.0000 19713.0088  0.11%  77.3 1045s
 940577 261901 19696.4627   83   75 19691.0000 19712.9449  0.11%  77.2 1051s
 945951 262730 19696.0265  114  104 19691.0000 19712.8971  0.11%  77.2 1056s
 951548 263775 19703.9853   95  101 19691.0000 19712.8457  0.11%  77.1 1061s
 956858 264696     cutoff  103      19691.0000 19712.8007  0.11%  77.1 1067s
 960263 265259 19702.8311   99  100 19691.0000 19712.7691  0.11%  77.1 1070s
 965807 266047 19698.7700   95  126 19691.0000 19712.7197  0.11%  77.0 1075s
 971375 266886 19703.6339   91   80 19691.0000 19712.6679  0.11%  77.0 1081s
 976502 267582 19705.4730  107  126 19691.0000 19712.6233  0.11%  77.0 1087s
 979830 268145     cutoff   82      19691.0000 19712.6034  0.11%  76.9 1091s
 985433 268932     cutoff   92      19691.0000 19712.5432  0.11%  76.9 1096s
 991146 269824     cutoff  100      19691.0000 19712.4881  0.11%  76.9 1101s
 996549 270675 19710.1183   94   60 19691.0000 19712.4351  0.11%  76.8 1106s
 1001791 271494     cutoff   84      19691.0000 19712.3905  0.11%  76.8 1111s
 1005698 271991 19706.9663  100  103 19691.0000 19712.3556  0.11%  76.8 1115s
 1010785 272996 19707.2929  109  116 19691.0000 19712.3109  0.11%  76.8 1120s
 1016578 273864 19706.2931   86  105 19691.0000 19712.2587  0.11%  76.7 1125s
 1022175 274674 19699.4622  106   91 19691.0000 19712.2054  0.11%  76.7 1130s
 1027768 275455     cutoff  102      19691.0000 19712.1636  0.11%  76.6 1137s
 1030940 276056 19705.8876   87   78 19691.0000 19712.1367  0.11%  76.6 1140s
 1036524 276913 19701.9433   94   88 19691.0000 19712.0890  0.11%  76.6 1146s
 1042329 277683 19693.1680   99  130 19691.0000 19712.0398  0.11%  76.5 1151s
 1047578 278447     cutoff  105      19691.0000 19711.9950  0.11%  76.5 1156s
 1052741 279131 19702.5530  102   75 19691.0000 19711.9494  0.11%  76.5 1160s
 1058312 280091     cutoff  102      19691.0000 19711.9057  0.11%  76.4 1166s
 1064064 280887 19694.2136  103   85 19691.0000 19711.8577  0.11%  76.4 1171s
 1069256 281545 infeasible  141      19691.0000 19711.8116  0.11%  76.4 1176s
 1074242 282340 19701.8124   98  134 19691.0000 19711.7682  0.11%  76.3 1182s
 1078210 282836     cutoff   93      19691.0000 19711.7406  0.11%  76.3 1185s
 1083634 283562     cutoff  129      19691.0000 19711.6938  0.11%  76.3 1190s
 1088873 284291 19693.3529  149   79 19691.0000 19711.6541  0.10%  76.2 1196s
 1090313 284395     cutoff  111      19691.0000 19711.6432  0.10%  76.2 1201s
 1094292 285250 19701.3336   98   89 19691.0000 19711.6119  0.10%  76.2 1206s
 1100042 285952 19698.4798   91  103 19691.0000 19711.5705  0.10%  76.2 1210s
 1105400 286718 19698.7604   96   89 19691.0000 19711.5291  0.10%  76.1 1215s
 1110438 287346 19705.5351   91   86 19691.0000 19711.4872  0.10%  76.1 1221s
 1115483 288133     cutoff  101      19691.0000 19711.4438  0.10%  76.1 1226s
 1121180 288856     cutoff   94      19691.0000 19711.4019  0.10%  76.0 1231s
 1126730 289549 19699.7375   85  132 19691.0000 19711.3602  0.10%  76.0 1235s
 1134417 290562     cutoff  121      19691.0000 19711.2967  0.10%  75.9 1241s
 1139739 291274 19708.2006  104  119 19691.0000 19711.2534  0.10%  75.9 1245s
 1145056 291987 19698.1652   99   65 19691.0000 19711.2171  0.10%  75.9 1250s
 1150507 292719     cutoff   76      19691.0000 19711.1739  0.10%  75.8 1255s
 1155856 293287 19706.6345  125  128 19691.0000 19711.1304  0.10%  75.8 1260s
 1161328 293994 19698.9612   93  107 19691.0000 19711.0846  0.10%  75.8 1265s
 1166729 294725 19708.7417  103  102 19691.0000 19711.0456  0.10%  75.8 1270s
 1172453 295428 19694.9975   84   83 19691.0000 19711.0008  0.10%  75.7 1275s
 1177707 296065 19692.9712   96  100 19691.0000 19710.9586  0.10%  75.7 1280s
 1183018 296649     cutoff   96      19691.0000 19710.9182  0.10%  75.7 1285s
 1188826 297441 19694.6655   87   84 19691.0000 19710.8739  0.10%  75.6 1290s
 1194105 298051 19700.4668  103   86 19691.0000 19710.8292  0.10%  75.6 1295s
 1199443 298580 19698.8299   94   68 19691.0000 19710.7855  0.10%  75.6 1301s
 1204554 299136 19695.9775   96   94 19691.0000 19710.7452  0.10%  75.5 1306s
 1208388 299505 19696.3908   96  112 19691.0000 19710.7172  0.10%  75.5 1311s
 1213625 300242     cutoff   98      19691.0000 19710.6747  0.10%  75.5 1315s
 1218734 300737 19699.8932  100   82 19691.0000 19710.6365  0.10%  75.5 1320s
 1224493 301290 19699.4426  111  101 19691.0000 19710.5921  0.10%  75.5 1325s
 1230138 301805 19695.6505  102  111 19691.0000 19710.5485  0.10%  75.4 1330s
 1235656 302345 19707.6453   89  115 19691.0000 19710.5054  0.10%  75.4 1335s
 1241003 302987     cutoff   99      19691.0000 19710.4656  0.10%  75.4 1340s
 1248517 303683     cutoff   96      19691.0000 19710.4055  0.10%  75.3 1346s
 1253834 304177 19704.0800  104   77 19691.0000 19710.3640  0.10%  75.3 1350s
 1258989 304710 19699.5701  107  102 19691.0000 19710.3271  0.10%  75.3 1355s
 1264656 305240 19699.3319  101   62 19691.0000 19710.2832  0.10%  75.2 1360s
 1271796 306074     cutoff  110      19691.0000 19710.2334  0.10%  75.2 1366s
 1276933 306605     cutoff  103      19691.0000 19710.1952  0.10%  75.2 1372s
 1280933 307022 19702.2630   91   74 19691.0000 19710.1655  0.10%  75.1 1376s
 1286426 307654 19694.9333   83   97 19691.0000 19710.1241  0.10%  75.1 1380s
 1292056 308183 19703.3669  100   73 19691.0000 19710.0841  0.10%  75.1 1385s
 1297721 308805 19697.8570  104   62 19691.0000 19710.0467  0.10%  75.1 1390s
 1300828 309047 19703.7435   95  122 19691.0000 19710.0245  0.10%  75.0 1396s
 1304490 309483     cutoff  107      19691.0000 19709.9967  0.10%  75.0 1400s
 1312938 310215 19693.6196  124  125 19691.0000 19709.9362  0.10%  75.0 1406s
 1318601 310732     cutoff  111      19691.0000 19709.8966  0.10%  75.0 1411s
 1323701 311130 19694.5285   81  104 19691.0000 19709.8622  0.10%  74.9 1415s
 1329165 311707 19709.3536   88  122 19691.0000 19709.8204  0.10%  74.9 1420s
 1334531 312217 19698.9578  100   95 19691.0000 19709.7825  0.10%  74.9 1426s
 1340388 312803 19696.7685   95   74 19691.0000 19709.7403  0.10%  74.9 1430s
 1347775 313267 19698.3698   83   86 19691.0000 19709.6845  0.09%  74.8 1436s
 1353405 313673 19695.2713  104   86 19691.0000 19709.6437  0.09%  74.8 1441s
 1356998 313936 19703.0415  101   86 19691.0000 19709.6194  0.09%  74.8 1445s
 1361823 314374     cutoff  101      19691.0000 19709.5821  0.09%  74.8 1450s
 1367918 314952 19705.1674  113  111 19691.0000 19709.5425  0.09%  74.7 1455s
 1375318 315521 19694.4770  133   52 19691.0000 19709.4912  0.09%  74.7 1462s
 1378601 315850     cutoff  105      19691.0000 19709.4714  0.09%  74.7 1465s
 1386096 316436     cutoff   96      19691.0000 19709.4201  0.09%  74.6 1471s
 1391626 316818 19701.2628   94   95 19691.0000 19709.3821  0.09%  74.6 1475s
 1398797 317396 19693.5753  111  117 19691.0000 19709.3340  0.09%  74.6 1481s
 1404193 317805 19697.8441  103   65 19691.0000 19709.2996  0.09%  74.5 1485s
 1409680 318241 19703.0351  110  135 19691.0000 19709.2566  0.09%  74.5 1490s
 1415332 318675     cutoff  111      19691.0000 19709.2174  0.09%  74.5 1495s
 1422715 319269     cutoff  112      19691.0000 19709.1638  0.09%  74.4 1501s
 1428245 319817     cutoff  104      19691.0000 19709.1289  0.09%  74.4 1505s
 1433404 320113 19708.6735  101  125 19691.0000 19709.0932  0.09%  74.4 1510s
 1438841 320560 19693.5002   88   97 19691.0000 19709.0561  0.09%  74.4 1515s
 1446394 321148 19700.7054   95   61 19691.0000 19709.0035  0.09%  74.3 1521s
 1451607 321546     cutoff   85      19691.0000 19708.9699  0.09%  74.3 1526s
 1456799 321761     cutoff  104      19691.0000 19708.9278  0.09%  74.3 1531s
 1460393 322033 19699.8454   86  109 19691.0000 19708.9017  0.09%  74.3 1535s
 1468090 322513     cutoff  105      19691.0000 19708.8545  0.09%  74.2 1541s
 1473441 323005 19703.2963   94  115 19691.0000 19708.8207  0.09%  74.2 1546s
 1478575 323323 19693.1262  110   75 19691.0000 19708.7852  0.09%  74.2 1550s
 1482398 323474 19698.5737   79   45 19691.0000 19708.7564  0.09%  74.2 1555s
 1489612 324043     cutoff  106      19691.0000 19708.7115  0.09%  74.1 1560s
 1495182 324370     cutoff  104      19691.0000 19708.6795  0.09%  74.1 1565s
 1500615 324808 19693.9140  105  144 19691.0000 19708.6433  0.09%  74.1 1570s
 1505939 325052 19704.4679   98   92 19691.0000 19708.6100  0.09%  74.1 1575s
 1508446 325240     cutoff   98      19691.0000 19708.5927  0.09%  74.0 1580s
 1514598 325566 19704.3973   77   84 19691.0000 19708.5549  0.09%  74.0 1585s
 1519913 325906 19703.4197  101   99 19691.0000 19708.5174  0.09%  74.0 1590s
 1525487 326250     cutoff  104      19691.0000 19708.4831  0.09%  74.0 1595s
 1530826 326504 19707.9693   96   78 19691.0000 19708.4466  0.09%  74.0 1600s
 1536599 326831 19698.6608  102  110 19691.0000 19708.4094  0.09%  73.9 1605s
 1541930 327095     cutoff  117      19691.0000 19708.3731  0.09%  73.9 1610s
 1548740 327379 19698.6373  102   51 19691.0000 19708.3288  0.09%  73.9 1616s
 1554497 327690 19705.0098  100  111 19691.0000 19708.2960  0.09%  73.8 1621s
 1559882 328081     cutoff   83      19691.0000 19708.2625  0.09%  73.8 1626s
 1563483 328289 19692.4382   98   64 19691.0000 19708.2383  0.09%  73.8 1630s
 1570564 328689     cutoff   87      19691.0000 19708.1964  0.09%  73.8 1635s
 1576299 328916 19695.1115  107   74 19691.0000 19708.1561  0.09%  73.7 1640s
 1583412 329263 19697.4081  109  113 19691.0000 19708.1111  0.09%  73.7 1646s
 1588496 329646     cutoff  107      19691.0000 19708.0783  0.09%  73.7 1651s
 1593996 329993 19702.4335  112   91 19691.0000 19708.0448  0.09%  73.6 1655s
 1599415 330244 19700.8020  101  112 19691.0000 19708.0125  0.09%  73.6 1660s
 1604775 330563 19695.6338   94   81 19691.0000 19707.9797  0.09%  73.6 1665s
 1610351 330932 19699.6016   97   68 19691.0000 19707.9483  0.09%  73.6 1670s
 1615936 331239 19700.1497   96   73 19691.0000 19707.9151  0.09%  73.5 1675s
 1622876 331419 19702.4260  100  104 19691.0000 19707.8681  0.09%  73.5 1681s
 1626710 331590     cutoff   99      19691.0000 19707.8426  0.09%  73.5 1685s
 1631967 331857 19692.3019   98   64 19691.0000 19707.8109  0.09%  73.5 1690s
 1637908 332093 19694.6485   94   58 19691.0000 19707.7709  0.09%  73.4 1695s
 1643372 332285 19696.0604  104   76 19691.0000 19707.7377  0.09%  73.4 1700s
 1648872 332501 19704.7486  103   88 19691.0000 19707.7003  0.08%  73.4 1705s
 1656160 332743 19694.5087  110   86 19691.0000 19707.6538  0.08%  73.4 1711s
 1661613 332891 19700.7367   84  112 19691.0000 19707.6226  0.08%  73.3 1716s
 1667313 332976 19699.7874   99   52 19691.0000 19707.5878  0.08%  73.3 1720s
 1672736 333131     cutoff  112      19691.0000 19707.5529  0.08%  73.3 1725s
 1680449 333472 19698.2236  109   99 19691.0000 19707.5032  0.08%  73.3 1731s
 1686115 333633     cutoff  100      19691.0000 19707.4695  0.08%  73.2 1735s
 1691247 333703 19693.2417  102   99 19691.0000 19707.4394  0.08%  73.2 1740s
 1696833 333969 19700.8066   99  116 19691.0000 19707.4035  0.08%  73.2 1745s
 1702385 334195     cutoff  111      19691.0000 19707.3739  0.08%  73.2 1750s
 1707538 334212 19702.8538  106   86 19691.0000 19707.3376  0.08%  73.1 1755s
 1714681 334328 19697.2101   91   75 19691.0000 19707.2952  0.08%  73.1 1761s
 1720646 334470     cutoff   89      19691.0000 19707.2585  0.08%  73.1 1765s
 1727660 334769 19694.6893  104   60 19691.0000 19707.2174  0.08%  73.1 1771s
 1732789 334956 19698.7256  130   90 19691.0000 19707.1881  0.08%  73.0 1775s
 1738589 335174     cutoff  105      19691.0000 19707.1560  0.08%  73.0 1780s
 1743735 335249 19696.8099  103   83 19691.0000 19707.1221  0.08%  73.0 1785s
 1751099 335365 19700.7773   87   46 19691.0000 19707.0771  0.08%  72.9 1791s
 1756539 335373     cutoff   99      19691.0000 19707.0456  0.08%  72.9 1796s
 1761879 335430 19699.9951  124  111 19691.0000 19707.0128  0.08%  72.9 1800s
 1766869 335499 19693.2086  112  111 19691.0000 19706.9852  0.08%  72.9 1805s
 1772511 335673     cutoff  109      19691.0000 19706.9500  0.08%  72.9 1810s
 1779869 335798     cutoff  104      19691.0000 19706.9074  0.08%  72.8 1815s
 1785290 335852 19706.1318   76   81 19691.0000 19706.8751  0.08%  72.8 1820s
 1791013 336008     cutoff  107      19691.0000 19706.8415  0.08%  72.8 1825s
 1796195 336057 19699.2234  106   85 19691.0000 19706.8100  0.08%  72.8 1830s
 1803815 336115     cutoff  103      19691.0000 19706.7635  0.08%  72.7 1836s
 1809234 336213 19703.8164  105  123 19691.0000 19706.7331  0.08%  72.7 1841s
 1814769 336291     cutoff  125      19691.0000 19706.6990  0.08%  72.7 1845s
 1822096 336310 19704.2426  102   95 19691.0000 19706.6591  0.08%  72.7 1851s
 1827787 336290     cutoff   98      19691.0000 19706.6256  0.08%  72.6 1855s
 1833145 336310 19704.6680  115   83 19691.0000 19706.5942  0.08%  72.6 1860s
 1838713 336348     cutoff   96      19691.0000 19706.5587  0.08%  72.6 1865s
 1845973 336359 19698.8305   98  141 19691.0000 19706.5175  0.08%  72.6 1872s
 1848631 336425 19694.3274  105   71 19691.0000 19706.5026  0.08%  72.5 1875s
 1856606 336363 19696.6598  118   65 19691.0000 19706.4571  0.08%  72.5 1881s
 1861958 336425     cutoff   93      19691.0000 19706.4274  0.08%  72.5 1885s
 1868948 336507 19702.1309  101   80 19691.0000 19706.3874  0.08%  72.4 1892s
 1874105 336566 19696.4652   94  111 19691.0000 19706.3576  0.08%  72.4 1896s
 1879940 336517 19694.6441   86  138 19691.0000 19706.3241  0.08%  72.4 1900s
 1887197 336599     cutoff   96      19691.0000 19706.2852  0.08%  72.4 1905s
 1894137 336658 19694.2492  104   92 19691.0000 19706.2461  0.08%  72.3 1911s
 1900084 336670     cutoff   96      19691.0000 19706.2127  0.08%  72.3 1915s
 1907173 336681 19694.7625  105   72 19691.0000 19706.1699  0.08%  72.3 1920s
 1914365 336736 19695.6149  111   83 19691.0000 19706.1335  0.08%  72.2 1925s
 1919596 336666 19702.5601   96  122 19691.0000 19706.1039  0.08%  72.2 1930s
 1926274 336598 19702.0987   91   73 19691.0000 19706.0654  0.08%  72.2 1936s
 1932052 336594     cutoff   94      19691.0000 19706.0346  0.08%  72.2 1940s
 1939271 336708 19694.3481  141   69 19691.0000 19705.9975  0.08%  72.2 1946s
 1944913 336681     cutoff  106      19691.0000 19705.9681  0.08%  72.1 1951s
 1950257 336646     cutoff   92      19691.0000 19705.9368  0.08%  72.1 1955s
 1953803 336618     cutoff   81      19691.0000 19705.9178  0.08%  72.1 1960s
 1959947 336618 19694.0570  103   62 19691.0000 19705.8830  0.08%  72.1 1965s
 1965519 336560 19699.4904  113   88 19691.0000 19705.8528  0.08%  72.0 1970s
 1972729 336399 19694.0089   94   69 19691.0000 19705.8099  0.08%  72.0 1976s
 1978222 336330     cutoff  105      19691.0000 19705.7805  0.08%  72.0 1981s
 1983586 336384 19702.0605  107  100 19691.0000 19705.7530  0.07%  72.0 1985s
 1988734 336287 19700.2234  103   66 19691.0000 19705.7238  0.07%  71.9 1990s
 1996503 336351     cutoff  105      19691.0000 19705.6798  0.07%  71.9 1996s
 2001921 336185 19696.2508  102   60 19691.0000 19705.6521  0.07%  71.9 2000s
 2008855 336032 19696.3457   98   83 19691.0000 19705.6140  0.07%  71.9 2006s
 2014674 335993 19700.4814   85   92 19691.0000 19705.5809  0.07%  71.8 2010s
 2019601 335832 19699.3719   95   95 19691.0000 19705.5530  0.07%  71.8 2015s
 2027001 335686 19694.0229  106   52 19691.0000 19705.5132  0.07%  71.8 2020s
 2032378 335535 19698.0205  104  101 19691.0000 19705.4829  0.07%  71.8 2025s
 2039628 335446 19694.0423  118   84 19691.0000 19705.4435  0.07%  71.7 2031s
 2045353 335241 19699.2267   98  128 19691.0000 19705.4126  0.07%  71.7 2035s
 2052929 335154     cutoff  102      19691.0000 19705.3718  0.07%  71.7 2040s
 2058262 334979     cutoff   99      19691.0000 19705.3403  0.07%  71.7 2045s
 2065884 334728     cutoff  111      19691.0000 19705.2962  0.07%  71.6 2051s
 2071254 334471     cutoff   76      19691.0000 19705.2644  0.07%  71.6 2055s
 2076929 334237 19702.1102  105  107 19691.0000 19705.2306  0.07%  71.6 2060s
 2082677 334096     cutoff   79      19691.0000 19705.1985  0.07%  71.6 2065s
 2089723 333800 19704.8244   87   82 19691.0000 19705.1574  0.07%  71.5 2071s
 2095296 333579     cutoff  108      19691.0000 19705.1296  0.07%  71.5 2075s
 2100933 333420 19700.0604   95  118 19691.0000 19705.0990  0.07%  71.5 2080s
 2108676 333261     cutoff  109      19691.0000 19705.0560  0.07%  71.4 2086s
 2113947 333220 19692.9545   98   54 19691.0000 19705.0286  0.07%  71.4 2090s
 2119045 332896     cutoff  105      19691.0000 19705.0031  0.07%  71.4 2095s
 2126597 332644 19693.0330   96   32 19691.0000 19704.9571  0.07%  71.4 2100s
 2133894 332378     cutoff   94      19691.0000 19704.9193  0.07%  71.3 2106s
 2137537 332281     cutoff  107      19691.0000 19704.8993  0.07%  71.3 2110s
 2145433 331851 19692.4276  103   68 19691.0000 19704.8548  0.07%  71.3 2115s
 2153223 331606     cutoff  128      19691.0000 19704.8105  0.07%  71.3 2120s
 2158737 331325 19701.6097   96   64 19691.0000 19704.7797  0.07%  71.2 2125s
 2166403 331062 19696.0054   97   66 19691.0000 19704.7361  0.07%  71.2 2131s
 2172204 330831     cutoff   99      19691.0000 19704.7070  0.07%  71.2 2135s
 2179385 330488     cutoff  103      19691.0000 19704.6648  0.07%  71.2 2141s
 2184644 330295 19693.6177   87   95 19691.0000 19704.6384  0.07%  71.1 2145s
 2192153 329894     cutoff  109      19691.0000 19704.5991  0.07%  71.1 2150s
 2197639 329681     cutoff  101      19691.0000 19704.5708  0.07%  71.1 2155s
 2204814 329207 19700.1824   85  123 19691.0000 19704.5327  0.07%  71.1 2160s
 2208548 329147 19700.4003   86   67 19691.0000 19704.5129  0.07%  71.0 2167s
 2213021 328818 19694.0416   93   81 19691.0000 19704.4892  0.07%  71.0 2171s
 2218658 328621 19695.2190   96   80 19691.0000 19704.4592  0.07%  71.0 2175s
 2226044 328279 19692.0645   92  105 19691.0000 19704.4213  0.07%  71.0 2180s
 2233509 327855 19700.7590   86   85 19691.0000 19704.3811  0.07%  70.9 2186s
 2238699 327638 19697.5369  117   89 19691.0000 19704.3525  0.07%  70.9 2190s
 2246244 327117 19694.7982  124   63 19691.0000 19704.3103  0.07%  70.9 2195s
 2253306 326686     cutoff   94      19691.0000 19704.2741  0.07%  70.9 2200s
 2260383 326280 19698.2443  103   74 19691.0000 19704.2334  0.07%  70.8 2206s
 2265468 325890     cutoff  100      19691.0000 19704.2040  0.07%  70.8 2210s
 2269931 325562 19695.6883  101   59 19691.0000 19704.1849  0.07%  70.8 2215s
 2277575 325087 19702.0792  101   89 19691.0000 19704.1424  0.07%  70.7 2220s
 2284872 324711 19698.4324  122   97 19691.0000 19704.1034  0.07%  70.7 2225s
 2292354 324283 19694.1396  105   94 19691.0000 19704.0617  0.07%  70.7 2230s
 2299491 323735 19700.5437   97  100 19691.0000 19704.0255  0.07%  70.7 2235s
 2306529 323291     cutoff  117      19691.0000 19703.9889  0.07%  70.6 2240s
 2313381 322784     cutoff   99      19691.0000 19703.9535  0.07%  70.6 2245s
 2320685 322110 19695.9534  116  115 19691.0000 19703.9094  0.07%  70.6 2250s
 2325672 321767 19697.3810  103   70 19691.0000 19703.8855  0.07%  70.6 2255s
 2333114 321209 19703.3859  100   86 19691.0000 19703.8442  0.07%  70.5 2260s
 2340328 320729     cutoff  100      19691.0000 19703.8059  0.07%  70.5 2266s
 2345339 320371     cutoff  102      19691.0000 19703.7781  0.06%  70.5 2270s
 2352859 319807 19701.1546  104  127 19691.0000 19703.7373  0.06%  70.5 2275s
 2360084 319255 19695.7002  114  104 19691.0000 19703.7015  0.06%  70.4 2280s
 2367164 318497 19698.5716   96   72 19691.0000 19703.6613  0.06%  70.4 2285s
 2374514 317964 19693.8357  101   98 19691.0000 19703.6259  0.06%  70.4 2290s
 2381733 317183     cutoff  103      19691.0000 19703.5846  0.06%  70.3 2295s
 2388685 316531 19693.3879  110   81 19691.0000 19703.5460  0.06%  70.3 2300s
 2395875 315759 19692.4775   96   64 19691.0000 19703.5078  0.06%  70.3 2305s
 2402933 315151     cutoff   97      19691.0000 19703.4651  0.06%  70.3 2311s
 2408492 314702 infeasible   82      19691.0000 19703.4354  0.06%  70.2 2315s
 2415531 314064 19698.5560  113   68 19691.0000 19703.3984  0.06%  70.2 2320s
 2420409 313654 19692.5632   99   97 19691.0000 19703.3725  0.06%  70.2 2325s
 2427850 312885 19697.0836   95   86 19691.0000 19703.3299  0.06%  70.2 2330s
 2435138 312150 19692.6021  114  113 19691.0000 19703.2897  0.06%  70.1 2335s
 2442474 311416     cutoff  108      19691.0000 19703.2503  0.06%  70.1 2340s
 2449625 310749 19701.4449   78  116 19691.0000 19703.2129  0.06%  70.1 2345s
 2456662 309984 19697.8701  106   94 19691.0000 19703.1748  0.06%  70.0 2350s
 2463961 309292 19692.7833  116   94 19691.0000 19703.1371  0.06%  70.0 2356s
 2468957 308797     cutoff   97      19691.0000 19703.1101  0.06%  70.0 2361s
 2476181 308060     cutoff  104      19691.0000 19703.0691  0.06%  70.0 2366s
 2481514 307383 19692.7108   91   84 19691.0000 19703.0433  0.06%  69.9 2371s
 2487244 306786 19699.7634   75  124 19691.0000 19703.0101  0.06%  69.9 2375s
 2494670 306103 19694.7697  111   85 19691.0000 19702.9719  0.06%  69.9 2380s
 2502299 305397 19695.9103  134   90 19691.0000 19702.9310  0.06%  69.9 2385s
 2509406 304671     cutoff   98      19691.0000 19702.8932  0.06%  69.8 2390s
 2516853 303745     cutoff   92      19691.0000 19702.8535  0.06%  69.8 2395s
 2524173 302884 19698.1164  127   90 19691.0000 19702.8124  0.06%  69.8 2400s
 2531687 302038     cutoff  124      19691.0000 19702.7728  0.06%  69.7 2405s
 2538755 301127     cutoff  110      19691.0000 19702.7347  0.06%  69.7 2411s
 2544267 300545     cutoff   85      19691.0000 19702.7050  0.06%  69.7 2415s
 2551407 299810 19698.7791  128   97 19691.0000 19702.6692  0.06%  69.7 2420s
 2558676 299014     cutoff  106      19691.0000 19702.6284  0.06%  69.6 2425s
 2565886 298137     cutoff  107      19691.0000 19702.5887  0.06%  69.6 2431s
 2571451 297441     cutoff  105      19691.0000 19702.5600  0.06%  69.6 2435s
 2578382 296615     cutoff   94      19691.0000 19702.5244  0.06%  69.5 2440s
 2585628 295921     cutoff  129      19691.0000 19702.4862  0.06%  69.5 2447s
 2590730 295221     cutoff  104      19691.0000 19702.4602  0.06%  69.5 2450s
 2598178 294374     cutoff  104      19691.0000 19702.4199  0.06%  69.5 2456s
 2603312 293696     cutoff  102      19691.0000 19702.3922  0.06%  69.4 2460s
 2612513 292629     cutoff  104      19691.0000 19702.3428  0.06%  69.4 2467s
 2615037 292080 19694.7088   94   68 19691.0000 19702.3313  0.06%  69.4 2470s
 2621003 291385     cutoff  105      19691.0000 19702.2965  0.06%  69.4 2475s
 2628637 290442 19700.1715   90   87 19691.0000 19702.2573  0.06%  69.3 2480s
 2636643 289284     cutoff  107      19691.0000 19702.2115  0.06%  69.3 2485s
 2644455 288180     cutoff   99      19691.0000 19702.1698  0.06%  69.3 2490s
 2651907 287241 19696.4003  100  118 19691.0000 19702.1307  0.06%  69.2 2495s
 2659462 286221     cutoff  109      19691.0000 19702.0898  0.06%  69.2 2501s
 2664750 285465 19694.3859  104   77 19691.0000 19702.0599  0.06%  69.2 2505s
 2669743 284821     cutoff   95      19691.0000 19702.0333  0.06%  69.2 2510s
 2677937 283733     cutoff   89      19691.0000 19701.9899  0.06%  69.1 2515s
 2685867 282635     cutoff   98      19691.0000 19701.9496  0.06%  69.1 2521s
 2691595 281811     cutoff   99      19691.0000 19701.9188  0.06%  69.1 2525s
 2699644 280742     cutoff   72      19691.0000 19701.8768  0.06%  69.0 2530s
 2705374 279807 19694.0076  118   70 19691.0000 19701.8442  0.06%  69.0 2535s
 2711358 279184     cutoff   85      19691.0000 19701.8115  0.05%  69.0 2540s
 2718536 277876     cutoff   95      19691.0000 19701.7759  0.05%  69.0 2545s
 2726720 276757 19693.1865   93  100 19691.0000 19701.7354  0.05%  68.9 2550s
 2734836 275552     cutoff  109      19691.0000 19701.6923  0.05%  68.9 2555s
 2742528 274310     cutoff  108      19691.0000 19701.6489  0.05%  68.9 2560s
 2750594 272923 19694.0208  109   94 19691.0000 19701.6019  0.05%  68.8 2566s
 2758620 271712 19698.4969  110   96 19691.0000 19701.5575  0.05%  68.8 2571s
 2766512 270483     cutoff   96      19691.0000 19701.5154  0.05%  68.8 2576s
 2774539 269159     cutoff  102      19691.0000 19701.4703  0.05%  68.7 2581s
 2780242 268202 19697.9951   97  125 19691.0000 19701.4368  0.05%  68.7 2585s
 2788162 266837 19696.4722  130   93 19691.0000 19701.3914  0.05%  68.7 2590s
 2795954 265467     cutoff   89      19691.0000 19701.3513  0.05%  68.6 2595s
 2801513 264568 19700.7533   86  103 19691.0000 19701.3221  0.05%  68.6 2600s
 2809454 263288     cutoff  113      19691.0000 19701.2781  0.05%  68.6 2605s
 2817231 261975 19697.3991  109   89 19691.0000 19701.2355  0.05%  68.6 2610s
 2824883 260724     cutoff  110      19691.0000 19701.1965  0.05%  68.5 2615s
 2830807 259737     cutoff   86      19691.0000 19701.1626  0.05%  68.5 2620s
 2838458 258279     cutoff  106      19691.0000 19701.1180  0.05%  68.5 2626s
 2844053 257225 19694.9711  101   86 19691.0000 19701.0846  0.05%  68.4 2630s
 2852376 255686 19698.4016  130   96 19691.0000 19701.0386  0.05%  68.4 2636s
 2858435 254602     cutoff   92      19691.0000 19701.0055  0.05%  68.4 2640s
 2866425 253023     cutoff  103      19691.0000 19700.9592  0.05%  68.4 2646s
 2872362 251855     cutoff  100      19691.0000 19700.9245  0.05%  68.3 2650s
 2878109 250789 19697.7643  119   65 19691.0000 19700.8927  0.05%  68.3 2655s
 2886031 249368 19694.7931  107  111 19691.0000 19700.8486  0.05%  68.3 2660s
 2892170 248239 19692.7599  102   64 19691.0000 19700.8143  0.05%  68.2 2665s
 2899168 246854     cutoff  125      19691.0000 19700.7781  0.05%  68.2 2671s
 2905301 245640     cutoff  105      19691.0000 19700.7361  0.05%  68.2 2675s
 2913553 244292 19692.4059  102   90 19691.0000 19700.6886  0.05%  68.2 2682s
 2916083 243389     cutoff  106      19691.0000 19700.6740  0.05%  68.1 2685s
 2924663 241573 19694.4639   87  101 19691.0000 19700.6218  0.05%  68.1 2690s
 2934964 239479 19698.6361  101   81 19691.0000 19700.5604  0.05%  68.1 2696s
 2943241 237927     cutoff   94      19691.0000 19700.5153  0.05%  68.0 2701s
 2951105 236321 19693.0719   83   44 19691.0000 19700.4675  0.05%  68.0 2705s
 2959151 234726     cutoff  107      19691.0000 19700.4217  0.05%  67.9 2710s
 2967344 232951     cutoff  104      19691.0000 19700.3765  0.05%  67.9 2715s
 2975162 231263 19699.9970  108   91 19691.0000 19700.3293  0.05%  67.9 2720s
 2983576 229412     cutoff  101      19691.0000 19700.2795  0.05%  67.8 2725s
 2991477 227592     cutoff  114      19691.0000 19700.2315  0.05%  67.8 2730s
 2999867 225908 19693.7129   90   72 19691.0000 19700.1812  0.05%  67.8 2736s
 3008224 224001 19694.9334  102   72 19691.0000 19700.1323  0.05%  67.7 2741s
 3016752 222075 19695.3770   90  154 19691.0000 19700.0779  0.05%  67.7 2746s
 3023056 220484     cutoff  111      19691.0000 19700.0395  0.05%  67.7 2750s
 3031556 218620     cutoff   97      19691.0000 19699.9888  0.05%  67.6 2755s
 3039869 216631     cutoff  116      19691.0000 19699.9451  0.05%  67.6 2761s
 3045636 215111 19696.5868   86  115 19691.0000 19699.9071  0.05%  67.6 2765s
 3054773 213022 19694.8725  106   71 19691.0000 19699.8489  0.04%  67.5 2771s
 3061231 211470     cutoff   97      19691.0000 19699.8105  0.04%  67.5 2775s
 3069770 209331     cutoff  102      19691.0000 19699.7592  0.04%  67.4 2780s
 3075786 207867     cutoff  101      19691.0000 19699.7205  0.04%  67.4 2785s
 3084422 205682 19695.6375  109   64 19691.0000 19699.6644  0.04%  67.4 2790s
 3093265 203536 infeasible   99      19691.0000 19699.6087  0.04%  67.3 2796s
 3099609 201930 19694.8519   89   92 19691.0000 19699.5691  0.04%  67.3 2800s
 3108537 199704     cutoff  104      19691.0000 19699.5159  0.04%  67.3 2806s
 3115067 197994     cutoff  109      19691.0000 19699.4748  0.04%  67.2 2810s
 3123668 195718 19693.4254  133   71 19691.0000 19699.4172  0.04%  67.2 2816s
 3129710 193922 19692.2900  118   83 19691.0000 19699.3780  0.04%  67.2 2821s
 3137002 191998     cutoff   88      19691.0000 19699.3286  0.04%  67.1 2825s
 3146169 189497     cutoff   93      19691.0000 19699.2701  0.04%  67.1 2830s
 3155614 186865 19693.5183  120   77 19691.0000 19699.2028  0.04%  67.0 2835s
 3161773 185505 19698.8307   99   68 19691.0000 19699.1663  0.04%  67.0 2842s
 3165371 184165     cutoff   94      19691.0000 19699.1422  0.04%  67.0 2845s
 3175139 181259     cutoff   89      19691.0000 19699.0749  0.04%  67.0 2851s
 3182569 179146 19698.1464  100   80 19691.0000 19699.0211  0.04%  66.9 2856s
 3189450 176958 19693.7638   94   89 19691.0000 19698.9744  0.04%  66.9 2861s
 3194484 175492 19695.1435   92   80 19691.0000 19698.9350  0.04%  66.9 2865s
 3201635 173421     cutoff  108      19691.0000 19698.8893  0.04%  66.8 2871s
 3206828 171989 19693.5122  110   79 19691.0000 19698.8510  0.04%  66.8 2875s
 3214217 169724     cutoff  125      19691.0000 19698.8005  0.04%  66.8 2880s
 3223979 166727 19692.5097   95   72 19691.0000 19698.7310  0.04%  66.7 2885s
 3231081 164368 19692.9881  111   43 19691.0000 19698.6781  0.04%  66.7 2890s
 3241186 161173 infeasible  102      19691.0000 19698.6004  0.04%  66.6 2896s
 3248634 158741 19695.0842  103   71 19691.0000 19698.5424  0.04%  66.6 2900s
 3258388 155472 19693.0973   88   59 19691.0000 19698.4706  0.04%  66.5 2906s
 3261834 154340 19692.6925   90   74 19691.0000 19698.4532  0.04%  66.5 2910s
 3269140 151787     cutoff   89      19691.0000 19698.3939  0.04%  66.5 2915s
 3280194 148129 19693.9463   91  127 19691.0000 19698.3024  0.04%  66.4 2921s
 3288039 145584 19696.9455   85   53 19691.0000 19698.2419  0.04%  66.4 2925s
 3298219 142035     cutoff  125      19691.0000 19698.1605  0.04%  66.3 2930s
 3306056 139440     cutoff  105      19691.0000 19698.0948  0.04%  66.3 2935s
 3316374 135667 19693.2034  133   77 19691.0000 19698.0092  0.04%  66.2 2940s
 3324353 132788 infeasible  107      19691.0000 19697.9425  0.04%  66.2 2945s
 3335233 128318     cutoff   99      19691.0000 19697.8509  0.03%  66.1 2951s
 3344529 124891 19695.4418   96   84 19691.0000 19697.7668  0.03%  66.1 2956s
 3353300 121357     cutoff  122      19691.0000 19697.6899  0.03%  66.0 2961s
 3361736 118036 19692.3669  133   63 19691.0000 19697.6187  0.03%  66.0 2966s
 3370703 114408 19694.8833  116   78 19691.0000 19697.5274  0.03%  65.9 2971s
 3379965 110657     cutoff  116      19691.0000 19697.4395  0.03%  65.9 2975s
 3392029 105617     cutoff   89      19691.0000 19697.3230  0.03%  65.8 2981s
 3400976 101933     cutoff   97      19691.0000 19697.2317  0.03%  65.8 2985s
 3412631 96753 19693.4040  104  102 19691.0000 19697.1074  0.03%  65.7 2991s
 3421743 92804 infeasible   98      19691.0000 19697.0052  0.03%  65.6 2996s
 3430915 88428     cutoff   87      19691.0000 19696.9030  0.03%  65.6 3000s
 3440668 83987 19693.4490   97   97 19691.0000 19696.7937  0.03%  65.5 3005s
 3449745 79403     cutoff   94      19691.0000 19696.6820  0.03%  65.5 3010s
 3460171 74415     cutoff   94      19691.0000 19696.5456  0.03%  65.4 3015s
 3470810 69042     cutoff  121      19691.0000 19696.4072  0.03%  65.3 3020s
 3481525 63534     cutoff   99      19691.0000 19696.2596  0.03%  65.2 3025s
 3495964 55678     cutoff  130      19691.0000 19696.0199  0.03%  65.1 3031s
 3503794 51313     cutoff  103      19691.0000 19695.8799  0.02%  65.1 3035s
 3516160 43969 19694.1847  106   75 19691.0000 19695.6500  0.02%  65.0 3040s
 3529591 35525     cutoff  100      19691.0000 19695.3440  0.02%  64.9 3046s
 3539442 29074     cutoff  107      19691.0000 19695.0917  0.02%  64.8 3050s
 3549647 21637     cutoff  105      19691.0000 19694.7702  0.02%  64.7 3055s
 3568197  7101     cutoff  121      19691.0000 19693.8015  0.01%  64.5 3061s

Cutting planes:
  Gomory: 14
  Cover: 41
  Clique: 20
  MIR: 279
  StrongCG: 202
  Flow cover: 49
  Inf proof: 21
  Zero half: 3
  RLT: 6

Explored 3581444 nodes (230407417 simplex iterations) in 3063.04 seconds
Thread count was 12 (of 12 available processors)

Solution count 10: 19691 19677 19626 ... 18918

Optimal solution found (tolerance 1.00e-04)
Best objective 1.969100000000e+04, best bound 1.969200000000e+04, gap 0.0051%
