
Gurobi 9.1.2 (win64, Java) logging started Sat Nov  6 11:00:16 2021

Academic license - for non-commercial use only - expires 2022-10-30
Gurobi Optimizer version 9.1.2 build v9.1.2rc0 (win64)
Thread count: 6 physical cores, 12 logical processors, using up to 12 threads
Optimize a model with 50 rows, 400 columns and 800 nonzeros
Model fingerprint: 0x91827674
Variable types: 0 continuous, 400 integer (400 binary)
Coefficient statistics:
  Matrix range     [1e+00, 1e+03]
  Objective range  [4e+02, 1e+03]
  Bounds range     [1e+00, 1e+00]
  RHS range        [1e+00, 2e+03]
Found heuristic solution: objective 19016.000000
Presolve removed 2 rows and 102 columns
Presolve time: 0.01s
Presolved: 48 rows, 298 columns, 596 nonzeros
Variable types: 0 continuous, 298 integer (298 binary)
Presolved: 48 rows, 298 columns, 596 nonzeros


Root relaxation: objective 2.155403e+04, 119 iterations, 0.00 seconds

    Nodes    |    Current Node    |     Objective Bounds      |     Work
 Expl Unexpl |  Obj  Depth IntInf | Incumbent    BestBd   Gap | It/Node Time

     0     0 21554.0251    0   12 19016.0000 21554.0251  13.3%     -    0s
H    0     0                    20902.000000 21554.0251  3.12%     -    0s
H    0     0                    20910.000000 21554.0251  3.08%     -    0s
H    0     0                    21015.000000 21554.0251  2.56%     -    0s
     0     0 21505.0000    0   23 21015.0000 21505.0000  2.33%     -    0s
     0     0 21505.0000    0   21 21015.0000 21505.0000  2.33%     -    0s
     0     0 21505.0000    0   25 21015.0000 21505.0000  2.33%     -    0s
     0     0 21505.0000    0   17 21015.0000 21505.0000  2.33%     -    0s
     0     2 21505.0000    0   14 21015.0000 21505.0000  2.33%     -    0s
H   33    44                    21035.000000 21505.0000  2.23%  18.4    0s
H   68    86                    21045.000000 21505.0000  2.19%  12.5    0s
H   72    86                    21067.000000 21505.0000  2.08%  12.0    0s
H  375   460                    21073.000000 21505.0000  2.05%   6.9    0s
H 1339  1071                    21077.000000 21504.0000  2.03%   6.2    1s
  1755  1354 21464.8524   49   10 21077.0000 21504.0000  2.03%   8.4    5s
H 1775  1291                    21417.000000 21504.0000  0.41%   8.4    5s
H 7987  3255                    21453.000000 21504.0000  0.24%   5.6    6s
 18050  8747 21503.3587   52    9 21453.0000 21504.0000  0.24%  13.2   10s
H18073  8302                    21491.000000 21504.0000  0.06%  13.2   10s
 30435  6556 21501.0000   65   65 21491.0000 21501.0000  0.05%  26.2   15s
 35677  5686 21493.0769   78   31 21491.0000 21501.0000  0.05%  32.2   20s
 42645  4909     cutoff   79      21491.0000 21501.0000  0.05%  35.6   25s
 50242  6116 infeasible   88      21491.0000 21501.0000  0.05%  39.4   30s
 58710  7309 21501.0000   79   38 21491.0000 21501.0000  0.05%  39.7   35s
 71428  5690 21501.0000   73   17 21491.0000 21501.0000  0.05%  41.5   40s
 79039  5833     cutoff   97      21491.0000 21501.0000  0.05%  40.9   45s
 89691  5042 21501.0000   84   44 21491.0000 21501.0000  0.05%  42.1   50s
 97480  6435 21494.0000   91   27 21491.0000 21501.0000  0.05%  42.5   55s
 101745  7298 21500.8287  102   55 21491.0000 21500.9935  0.05%  43.3   60s
 108098  7096     cutoff   96      21491.0000 21500.3333  0.04%  44.4   65s
 114256  6912     cutoff  109      21491.0000 21500.0000  0.04%  45.4   70s
 121461  6121 21493.9817   92   41 21491.0000 21499.9467  0.04%  46.0   76s
 126699  5761 21492.4329  107   30 21491.0000 21499.0000  0.04%  46.1   80s
 135510  5473 21497.8068   83   58 21491.0000 21498.0000  0.03%  46.4   85s
 146360  6372 21495.6225   91   57 21491.0000 21497.3333  0.03%  46.3   90s
 154208  5345 21494.7992   93   47 21491.0000 21496.8261  0.03%  46.3   95s
 166464  2875 21494.9334   96   50 21491.0000 21495.1983  0.02%  46.4  100s

Cutting planes:
  Gomory: 16
  Cover: 704
  Clique: 1
  MIR: 98
  StrongCG: 82
  Flow cover: 16
  Zero half: 2

Explored 176150 nodes (8168085 simplex iterations) in 103.65 seconds
Thread count was 12 (of 12 available processors)

Solution count 10: 21491 21453 21417 ... 21015

Optimal solution found (tolerance 1.00e-04)
Best objective 2.149100000000e+04, best bound 2.149300000000e+04, gap 0.0093%
