
Gurobi 9.1.2 (win64, Java) logging started Sat Nov  6 11:10:32 2021

Academic license - for non-commercial use only - expires 2022-10-30
Gurobi Optimizer version 9.1.2 build v9.1.2rc0 (win64)
Thread count: 6 physical cores, 12 logical processors, using up to 12 threads
Optimize a model with 70 rows, 600 columns and 1200 nonzeros
Model fingerprint: 0xf1fded43
Variable types: 0 continuous, 600 integer (600 binary)
Coefficient statistics:
  Matrix range     [1e+00, 1e+03]
  Objective range  [4e+02, 1e+03]
  Bounds range     [1e+00, 1e+00]
  RHS range        [1e+00, 3e+03]
Found heuristic solution: objective 29263.000000
Presolve removed 0 rows and 115 columns
Presolve time: 0.00s
Presolved: 70 rows, 485 columns, 970 nonzeros
Variable types: 0 continuous, 485 integer (485 binary)
Presolved: 70 rows, 485 columns, 970 nonzeros


Root relaxation: objective 3.203826e+04, 224 iterations, 0.00 seconds

    Nodes    |    Current Node    |     Objective Bounds      |     Work
 Expl Unexpl |  Obj  Depth IntInf | Incumbent    BestBd   Gap | It/Node Time

     0     0 32038.2564    0   16 29263.0000 32038.2564  9.48%     -    0s
H    0     0                    31043.000000 32038.2564  3.21%     -    0s
H    0     0                    31047.000000 32038.2564  3.19%     -    0s
H    0     0                    31153.000000 32038.2564  2.84%     -    0s
     0     0 32038.2564    0   23 31153.0000 32038.2564  2.84%     -    0s
H    0     0                    31156.000000 32038.2564  2.83%     -    0s
H    0     0                    31471.000000 32038.2564  1.80%     -    0s
     0     0 32038.2564    0   20 31471.0000 32038.2564  1.80%     -    0s
H    0     0                    31499.000000 32038.2564  1.71%     -    0s
     0     0 32038.2564    0   12 31499.0000 32038.2564  1.71%     -    0s
     0     0 32038.2564    0   16 31499.0000 32038.2564  1.71%     -    0s
H    0     0                    31544.000000 32038.2564  1.57%     -    0s
     0     0 32038.2564    0   22 31544.0000 32038.2564  1.57%     -    0s
     0     0 32038.2564    0   26 31544.0000 32038.2564  1.57%     -    0s
     0     0 32038.2564    0   17 31544.0000 32038.2564  1.57%     -    0s
     0     0 32038.2564    0   17 31544.0000 32038.2564  1.57%     -    0s
     0     2 32038.2564    0   16 31544.0000 32038.2564  1.57%     -    1s
H   31    43                    31552.000000 32038.2564  1.54%  18.2    1s
H 1088  1055                    31568.000000 32038.2564  1.49%   6.1    2s
H 1166  1051                    31578.000000 32038.2564  1.46%   6.2    2s
H 2100  1673                    31587.000000 32038.2564  1.43%   5.2    3s
H 2108  1594                    31594.000000 32038.2564  1.41%   5.2    3s
H 2364  1698                    31595.000000 32038.2564  1.40%   5.7    6s
H 2368  1621                    31597.000000 32038.2564  1.40%   5.7    6s
H 2373  1547                    31599.000000 32038.2564  1.39%   5.6    6s
H 2455  1702                    31609.000000 32038.2564  1.36%   5.6    7s
H 2637  1760                    31610.000000 32038.2564  1.35%   5.4    7s
H 2638  1698                    31616.000000 32038.2564  1.34%   5.4    7s
 18084 13685 31658.1969  136    8 31616.0000 32038.2564  1.34%   4.1   10s
 89981 70541 32027.3643  125   31 31616.0000 32038.2564  1.34%   4.3   15s
 135254 105882 31856.2958  129   11 31616.0000 32038.2564  1.34%   4.7   20s
 195332 141166 32038.2476  122   14 31616.0000 32038.2564  1.34%   4.9   25s
H204979 147668                    31618.000000 32038.2564  1.33%   5.0   26s
H205703 147529                    31620.000000 32038.2564  1.32%   5.0   26s
 226796 162354 31653.5746  149    5 31620.0000 32038.2564  1.32%   5.0   30s
 277573 192482 32038.2564  110   14 31620.0000 32038.2564  1.32%   5.1   35s
H277575 191623                    31626.000000 32038.2564  1.30%   5.1   35s
 335485 228572 32035.1085  109   15 31626.0000 32038.2564  1.30%   5.2   41s
 381665 257311 32029.9866  115   15 31626.0000 32038.2564  1.30%   5.2   45s
H423171 282574                    31629.000000 32038.2564  1.29%   5.1   49s
 423405 282920 31765.8441  124    9 31629.0000 32038.2564  1.29%   5.1   51s
 472826 313136 32038.2476  119   14 31629.0000 32038.2564  1.29%   5.1   55s
 529312 344706 32018.3351  123   14 31629.0000 32038.2564  1.29%   5.1   60s
 566450 367368     cutoff  149      31629.0000 32038.2564  1.29%   5.1   65s
 615162 395928     cutoff  135      31629.0000 32038.2564  1.29%   5.1   70s
 658554 420269 31817.1553  135   12 31629.0000 32038.2564  1.29%   5.1   75s
 717074 455497 32029.9303  119   14 31629.0000 32038.2564  1.29%   5.1   81s
 774510 489675 31640.8699  157    7 31629.0000 32038.2564  1.29%   5.1   85s
 816809 515067 32035.1671  127   12 31629.0000 32038.2564  1.29%   5.1   90s
 859509 539400 32038.2564  116   14 31629.0000 32038.2564  1.29%   5.1   95s
 911189 567883     cutoff  122      31629.0000 32038.2564  1.29%   5.1  100s
 940955 585988 32029.7531  130   17 31629.0000 32038.2564  1.29%   5.1  106s
 998047 622225 32037.9969  102   15 31629.0000 32038.2564  1.29%   5.1  110s
H998185 620797                    31632.000000 32038.2564  1.28%   5.1  110s
 1042963 648760 31760.3802  155   14 31632.0000 32038.2564  1.28%   5.1  115s
 1083986 671751 31777.5376  117   11 31632.0000 32038.2564  1.28%   5.1  120s
 1143216 705313 31740.4736  123    9 31632.0000 32038.2564  1.28%   5.1  127s
 1180816 726719 31648.5191  122   22 31632.0000 32038.2564  1.28%   5.1  131s
 1225709 752267 32038.2476  110   14 31632.0000 32038.2564  1.28%   5.1  135s
 1269617 775749 32019.0719  132    9 31632.0000 32038.2564  1.28%   5.1  141s
 1307796 798197 32037.8835  127   14 31632.0000 32038.2564  1.28%   5.1  147s
 1356257 826934 31902.5021  123    6 31632.0000 32038.2564  1.28%   5.1  151s
 1394438 848800 31871.5550  129   10 31632.0000 32038.2564  1.28%   5.1  157s
 1445051 878407 31647.5874  137    5 31632.0000 32038.2564  1.28%   5.1  161s
 1472515 895629     cutoff  141      31632.0000 32038.2564  1.28%   5.1  165s
 1502394 914130 31921.4000  100   12 31632.0000 32038.2564  1.28%   5.1  170s
 1550224 944789 32026.9965  142   18 31632.0000 32038.2564  1.28%   5.1  175s
 1596325 974222 32038.2564  107   14 31632.0000 32038.2564  1.28%   5.0  180s
 1615657 984612 32038.2564  116   15 31632.0000 32038.2564  1.28%   5.0  185s
 1671675 1020159 32038.2564  120   14 31632.0000 32038.2564  1.28%   5.0  190s
 1726051 1051890 32031.1284  116   21 31632.0000 32038.2564  1.28%   5.0  195s
 1747525 1064634 32038.2564  112   14 31632.0000 32038.2564  1.28%   5.0  200s
 1808213 1100932 31686.1117  121   11 31632.0000 32038.2564  1.28%   5.0  205s
 1823515 1109731 31695.0092  139   15 31632.0000 32038.2564  1.28%   5.0  210s
 1882460 1143881 31795.3049  126   15 31632.0000 32038.2564  1.28%   5.1  215s
 1914356 1162033 31710.2276  133   10 31632.0000 32038.2564  1.28%   5.1  220s
 1963546 1189848 31815.6682  136    9 31632.0000 32038.2564  1.28%   5.1  225s
 1993993 1206348 31822.7246  120   11 31632.0000 32038.2564  1.28%   5.1  230s
 2018222 1219930 31694.5020  126    5 31632.0000 32038.2564  1.28%   5.1  235s
 2069720 1248165 32038.2564  105   14 31632.0000 32038.2564  1.28%   5.1  241s
 2105640 1269604 31667.4026  143    9 31632.0000 32038.2564  1.28%   5.1  245s
 2139482 1288999 31934.5676  135   10 31632.0000 32038.2564  1.28%   5.1  250s
 2171664 1306890 31768.6500  143   12 31632.0000 32038.2564  1.28%   5.1  255s
 2216639 1334439 31930.7930  142   14 31632.0000 32038.2564  1.28%   5.1  260s
 2219100 1334664 32036.7137  121   15 31632.0000 32038.2564  1.28%   5.1  265s
 2259787 1357775 31766.2667  108   16 31632.0000 32038.2564  1.28%   5.1  270s
 2305321 1384803 31652.0872  132    7 31632.0000 32038.2564  1.28%   5.1  275s
 2316831 1390794 31657.9560  139    2 31632.0000 32038.2564  1.28%   5.1  280s
 2363828 1418968 31869.3945  134   11 31632.0000 32038.2564  1.28%   5.1  285s
 2401704 1440634 31728.9247  142   10 31632.0000 32038.2564  1.28%   5.1  290s
 2438231 1460434 31842.3085  115   12 31632.0000 32038.2564  1.28%   5.1  298s
 2462039 1475647 31879.1202  149   12 31632.0000 32038.2564  1.28%   5.1  300s
 2502408 1500049 31716.5160  136   13 31632.0000 32038.2564  1.28%   5.1  305s
 2541335 1517702 32038.2564  122    9 31632.0000 32038.2564  1.28%   5.1  313s
 2569352 1534200 31920.2419  125   13 31632.0000 32038.2564  1.28%   5.1  315s
 2578072 1537993 31925.6921  136   14 31632.0000 32038.2564  1.28%   5.1  320s
 2604748 1552564 31768.4232  127   15 31632.0000 32038.2564  1.28%   5.1  327s
 2637046 1571191 31781.1589  130    7 31632.0000 32038.2564  1.28%   5.1  331s
 2670125 1589100 31864.0764  140   12 31632.0000 32038.2564  1.28%   5.1  335s
 2715401 1615029 32038.2564  122   14 31632.0000 32038.2564  1.28%   5.1  341s
 2767262 1643873 31751.1770  138   18 31632.0000 32038.2564  1.28%   5.1  347s
 2767564 1644106 31743.2558  139    7 31632.0000 32038.2564  1.28%   5.1  350s
 2803586 1664343     cutoff  151      31632.0000 32038.2564  1.28%   5.1  355s
 2854970 1693271 31807.2901  138   13 31632.0000 32038.2564  1.28%   5.1  360s
 2882062 1706820 32038.2564  121   14 31632.0000 32038.2564  1.28%   5.1  369s
 2896223 1715216 32034.1281  123   15 31632.0000 32038.2564  1.28%   5.1  370s
 2930269 1734006 31729.6685  128   11 31632.0000 32038.2564  1.28%   5.1  375s
 2965789 1757117 31941.9226  117   21 31632.0000 32038.2564  1.28%   5.1  380s
 3011900 1786761 31699.4291  137   15 31632.0000 32038.2564  1.28%   5.1  385s
 3035687 1800850 31842.4207  151   10 31632.0000 32038.2564  1.28%   5.1  390s
 3075461 1824965 31821.3024  102   10 31632.0000 32038.2564  1.28%   5.1  395s
 3083966 1836077 31808.4330  144    6 31632.0000 32038.2564  1.28%   5.1  400s
 3141207 1863595 31696.0957  156   16 31632.0000 32038.2564  1.28%   5.1  406s
 3150954 1869620 32029.5053  138   14 31632.0000 32038.2564  1.28%   5.1  410s
 3190705 1892428 31903.3200  130   13 31632.0000 32038.2564  1.28%   5.1  416s
 3234859 1920156     cutoff  151      31632.0000 32038.2564  1.28%   5.2  422s
 3244620 1926240 32038.2564  121   17 31632.0000 32038.2564  1.28%   5.2  426s
 3274814 1942916 31653.7240  142   10 31632.0000 32038.2564  1.28%   5.2  433s
 3276784 1943983 31960.3504  120    7 31632.0000 32038.2564  1.28%   5.2  437s
 3318904 1968451 31643.0031  126    7 31632.0000 32038.2564  1.28%   5.2  443s
 3343379 1983974 32038.2564  108   14 31632.0000 32038.2564  1.28%   5.2  445s
 3368864 1997593 31772.2078  140    8 31632.0000 32038.2564  1.28%   5.2  451s
 3405143 2018771 32022.8172  113   16 31632.0000 32038.2564  1.28%   5.2  457s
 3449393 2045160 32038.2564  114   15 31632.0000 32038.2564  1.28%   5.2  462s
 3449610 2045408 31822.3506  114   11 31632.0000 32038.2564  1.28%   5.2  465s
 3475380 2065612 32034.9489  127   12 31632.0000 32038.2564  1.28%   5.2  470s
 3512045 2081522 32008.0331  132   11 31632.0000 32038.2564  1.28%   5.2  475s
 3545235 2100853 31692.7645  128   10 31632.0000 32038.2564  1.28%   5.2  480s
 3565536 2114426 31871.6136  138    6 31632.0000 32038.2564  1.28%   5.2  485s
 3595407 2131376 32038.2476  109   15 31632.0000 32038.2564  1.28%   5.2  490s
 3633582 2153882 32038.2564  123   15 31632.0000 32038.2564  1.28%   5.2  495s
 3658206 2168685 32033.0350  121   14 31632.0000 32038.2564  1.28%   5.2  502s
 3690174 2189470 31773.9378  159    7 31632.0000 32038.2564  1.28%   5.2  505s
 3726774 2209970 31899.3585  150    9 31632.0000 32038.2564  1.28%   5.2  510s
 3752731 2225058 32015.5681  130   18 31632.0000 32038.2564  1.28%   5.2  515s
 3766448 2231774 32038.2476  127   13 31632.0000 32038.2564  1.28%   5.2  522s
 3797529 2251449 32031.8995  136   18 31632.0000 32038.2564  1.28%   5.2  525s
 3824480 2269096 31991.5542  140   16 31632.0000 32038.2564  1.28%   5.2  530s
 3850031 2284758 31804.0929  153   11 31632.0000 32038.2564  1.28%   5.2  535s
 3860143 2290484 32038.2564  109   14 31632.0000 32038.2564  1.28%   5.2  541s
 3874490 2299311 31858.2211  119   10 31632.0000 32038.2564  1.28%   5.2  545s
 3917530 2324875 31709.7621  132    8 31632.0000 32038.2564  1.28%   5.2  550s
 3955048 2348533 32004.4087  146   15 31632.0000 32038.2564  1.28%   5.2  556s
 4000772 2376418 31711.8029  160   12 31632.0000 32038.2564  1.28%   5.2  563s
 4016294 2388432 31984.7498  123   10 31632.0000 32038.2564  1.28%   5.2  565s
 4021057 2390010 31872.6846  140   11 31632.0000 32038.2564  1.28%   5.2  571s
 4035759 2399843 32038.2476  122   14 31632.0000 32038.2564  1.28%   5.2  576s
 4088669 2432149 31812.5109  148    6 31632.0000 32038.2564  1.28%   5.2  584s
 4094963 2437441 31771.3850  170   10 31632.0000 32038.2564  1.28%   5.2  585s
 4142158 2464650 31939.4411  136    7 31632.0000 32038.2564  1.28%   5.2  592s
 4181221 2488415     cutoff  136      31632.0000 32038.2564  1.28%   5.2  595s
 4202126 2499635 31907.6785  162    4 31632.0000 32038.2564  1.28%   5.1  603s
 4218074 2510158 32038.2564  125   13 31632.0000 32038.2564  1.28%   5.1  605s
 4241408 2524129 32037.0562  109   15 31632.0000 32038.2564  1.28%   5.1  610s
 4264282 2538119 31738.0929  145    4 31632.0000 32038.2564  1.28%   5.1  615s
 4297060 2557929 31969.9447  157   12 31632.0000 32038.2564  1.28%   5.1  620s
 4331548 2579525 31637.0889  167   12 31632.0000 32038.2564  1.28%   5.1  629s
 4331823 2579792 32038.2564  122   17 31632.0000 32038.2564  1.28%   5.1  632s
 4361668 2599100 32028.9413  120   19 31632.0000 32038.2564  1.28%   5.1  638s
 4388394 2617829 31814.2419  127   12 31632.0000 32038.2564  1.28%   5.1  640s
 4412164 2633547 32033.6848  118   13 31632.0000 32038.2564  1.28%   5.1  645s
 4440212 2651515 32030.7142  118   21 31632.0000 32038.2564  1.28%   5.1  650s
 4474982 2671338 31911.4841  125   12 31632.0000 32038.2564  1.28%   5.1  656s
 4508849 2691544 31979.5636  117   22 31632.0000 32038.2564  1.28%   5.1  662s
 4508875 2691697     cutoff  116      31632.0000 32038.2564  1.28%   5.1  666s
 4538992 2709401 31651.0000  138    4 31632.0000 32038.2564  1.28%   5.1  670s
 4562473 2723633 32038.2476  130   14 31632.0000 32038.2564  1.28%   5.1  675s
 4599139 2745427 31774.3295  134    8 31632.0000 32038.2564  1.28%   5.1  683s
 4615861 2757694 31670.4000  167    8 31632.0000 32038.2564  1.28%   5.1  685s
 4650848 2778757     cutoff  148      31632.0000 32038.2564  1.28%   5.1  692s
 4651227 2779056     cutoff  149      31632.0000 32038.2564  1.28%   5.1  695s
 4679948 2797388 32038.2564  107   14 31632.0000 32038.2564  1.28%   5.1  701s
 4715892 2819098 31863.6894  128   10 31632.0000 32038.2564  1.28%   5.1  708s
 4739267 2835275 32020.0052  126   20 31632.0000 32038.2564  1.28%   5.1  710s
 4772454 2855001 31655.5817  159    5 31632.0000 32038.2564  1.28%   5.1  715s
 4798730 2870779 32028.4092  116   15 31632.0000 32038.2564  1.28%   5.1  721s
 4808061 2876945 31886.9689  143   20 31632.0000 32038.2564  1.28%   5.1  725s
 4854510 2905888 32038.2564  120   16 31632.0000 32038.2564  1.28%   5.1  733s
 4869243 2916276 31906.0744  113   11 31632.0000 32038.2564  1.28%   5.1  735s
 4895012 2932117 31955.9619  133   14 31632.0000 32038.2564  1.28%   5.1  740s
 4916018 2944884 31933.2359  134    8 31632.0000 32038.2564  1.28%   5.1  748s
 4917871 2946248 32025.9101  146    9 31632.0000 32038.2564  1.28%   5.1  752s
 4948883 2967505 32000.4836  128   17 31632.0000 32038.2564  1.28%   5.1  755s
 4967967 2978227 32037.9821  117   12 31632.0000 32038.2564  1.28%   5.1  760s
 5022102 3011467 31960.0951  150    6 31632.0000 32038.2564  1.28%   5.0  767s
 5047693 3027750 31681.5080  142   15 31632.0000 32038.2564  1.28%   5.0  770s
 5057608 3033859     cutoff  128      31632.0000 32038.2564  1.28%   5.0  775s
 5103755 3060684 32037.4233  151   17 31632.0000 32038.2564  1.28%   5.0  783s
 5104030 3060826 32037.1247  152   17 31632.0000 32038.2564  1.28%   5.0  786s
 5143242 3085704 31817.2377  157   11 31632.0000 32038.2564  1.28%   5.0  790s
 5153019 3090619 32038.0343  136   15 31632.0000 32038.2564  1.28%   5.0  795s
 5202369 3121458 31668.1782  138   11 31632.0000 32038.2564  1.28%   5.0  801s
 5226891 3134918 31974.0254  137    7 31632.0000 32038.2564  1.28%   5.0  811s
 5248535 3148112 32038.2564  118   17 31632.0000 32038.2564  1.28%   5.0  817s
 5277088 3165631     cutoff  137      31632.0000 32038.2564  1.28%   5.0  820s
 5296768 3177028 32038.2564  117   17 31632.0000 32038.2564  1.28%   5.0  825s
 5327288 3194311 31872.9591  132   11 31632.0000 32038.2564  1.28%   5.0  831s
 5347437 3205696 31649.5956  123   22 31632.0000 32038.2564  1.28%   5.0  837s
 5347788 3205785 31641.7667  124   21 31632.0000 32038.2564  1.28%   5.0  841s
 5383657 3228533 32038.2564  126   14 31632.0000 32038.2564  1.28%   5.0  845s
 5402720 3240972 31886.9613  126   16 31632.0000 32038.2564  1.28%   5.0  850s
 5421046 3251411 31761.2254  142   20 31632.0000 32038.2564  1.28%   5.0  855s
 5460576 3274760 32038.2564  100   15 31632.0000 32038.2564  1.28%   5.0  863s
 5464025 3277047 31928.3478  125   15 31632.0000 32038.2564  1.28%   5.0  868s
 5487511 3291932 32036.0796  120   16 31632.0000 32038.2564  1.28%   5.0  870s
 5497905 3297108     cutoff  120      31632.0000 32038.2564  1.28%   5.0  875s
 5555443 3333765 32037.0565  119   21 31632.0000 32038.2564  1.28%   5.0  884s
 5566109 3341486 31828.1032  143   10 31632.0000 32038.2564  1.28%   5.0  885s
 5593665 3359068 32037.9096  123   13 31632.0000 32038.2564  1.28%   5.0  893s
 5593861 3359080 32037.9096  124   13 31632.0000 32038.2564  1.28%   5.0  899s
 5599957 3364499 32030.6227  117   11 31632.0000 32038.2564  1.28%   5.0  900s
 5643908 3392383 31772.3777  163   11 31632.0000 32038.2564  1.28%   5.0  908s
 5663347 3406186 32033.3563  140   14 31632.0000 32038.2564  1.28%   5.0  910s
 5688523 3421719 32017.8318  125   16 31632.0000 32038.2564  1.28%   5.0  917s
 5721551 3443337 31662.5952  153    9 31632.0000 32038.2564  1.28%   5.0  920s
 5740942 3454768 31902.8215  157   14 31632.0000 32038.2564  1.28%   5.0  925s
 5770409 3472777 31776.3545  137    9 31632.0000 32038.2564  1.28%   5.0  932s
 5770608 3473196 32038.2564  115   15 31632.0000 32038.2564  1.28%   5.0  935s
 5795694 3488894 31913.7294  134   14 31632.0000 32038.2564  1.28%   5.0  941s
 5832372 3512157 31774.0672  119    7 31632.0000 32038.2564  1.28%   5.0  947s
 5855106 3527350 31893.1339  139   12 31632.0000 32038.2564  1.28%   5.0  950s
 5864297 3532108 31962.6255  129   12 31632.0000 32038.2564  1.28%   5.0  955s
 5891738 3550301 32038.2564  123   13 31632.0000 32038.2564  1.28%   5.0  960s
 5907915 3559551 31867.2774  138    9 31632.0000 32038.2564  1.28%   5.0  966s
 5908216 3559990 31740.9433  159   10 31632.0000 32038.2564  1.28%   5.0  970s
 5939563 3579065 32038.2564  116   15 31632.0000 32038.2564  1.28%   5.0  978s
 5958882 3592756     cutoff  146      31632.0000 32038.2564  1.28%   5.0  980s
 6000091 3616751 31998.1146  148   11 31632.0000 32038.2564  1.28%   5.0  987s
 6025555 3635113 31952.8674  144   10 31632.0000 32038.2564  1.28%   5.0  990s
 6034484 3639811 31656.8234  152    3 31632.0000 32038.2564  1.28%   5.0  995s
 6046872 3647599 31752.5180  159    5 31632.0000 32038.2564  1.28%   5.0 1001s
 6086526 3673573 31867.2763  164    6 31632.0000 32038.2564  1.28%   5.0 1005s
 6096865 3680777 31667.9959  172   11 31632.0000 32038.2564  1.28%   5.0 1010s
 6130693 3700911 31727.2791  129   20 31632.0000 32038.2564  1.28%   5.0 1017s
 6150569 3713821     cutoff  182      31632.0000 32038.2564  1.28%   5.0 1022s
 6166862 3723681 31865.2797  124   11 31632.0000 32038.2564  1.28%   5.0 1028s
 6170177 3726091 32034.4359  136   13 31632.0000 32038.2564  1.28%   5.0 1032s
 6197880 3742270 31689.5304  150   12 31632.0000 32038.2564  1.28%   5.0 1039s
 6209052 3750065 32037.4675  129   16 31632.0000 32038.2564  1.28%   5.0 1040s
 6245434 3772310 32035.5156  130   13 31632.0000 32038.2564  1.28%   5.0 1047s
 6271079 3789114     cutoff  137      31632.0000 32038.2564  1.28%   5.0 1050s
 6295187 3802777 31974.5125  130   14 31632.0000 32038.2564  1.28%   5.0 1058s
 6295277 3810515 31899.6563  131   13 31632.0000 32038.2564  1.28%   5.0 1064s
 6319374 3819334 31925.8024  122   14 31632.0000 32038.2564  1.28%   5.0 1065s
 6335704 3829199     cutoff  132      31632.0000 32038.2564  1.28%   5.0 1070s
 6369906 3849689 32038.2564  132   17 31632.0000 32038.2564  1.28%   5.0 1077s
 6396887 3866948 31910.0837  152   14 31632.0000 32038.2564  1.28%   5.0 1080s
 6419749 3881580 31895.2617  136   11 31632.0000 32038.2564  1.28%   5.0 1085s
 6444685 3895968 31808.2647  141    5 31632.0000 32038.2564  1.28%   5.0 1091s
 6444972 3903155 32037.5708  130   23 31632.0000 32038.2564  1.28%   5.0 1097s
 6480445 3919073 32030.3995  125   13 31632.0000 32038.2564  1.28%   5.0 1100s
 6487128 3922225 32036.1995  126   21 31632.0000 32038.2564  1.28%   5.0 1105s
 6535759 3951861     cutoff  133      31632.0000 32038.2564  1.28%   5.0 1114s
 6540602 3955958 31982.3415  131   11 31632.0000 32038.2564  1.28%   5.0 1115s
 6544273 3957254 32038.1676  131   14 31632.0000 32038.2564  1.28%   5.0 1121s
 6568565 3972657 32034.4359  136   13 31632.0000 32038.2564  1.28%   5.0 1128s
 6586118 3984641 31734.6894  114    8 31632.0000 32038.2564  1.28%   5.0 1130s
 6616727 4002738 31663.4505  118    7 31632.0000 32038.2564  1.28%   5.0 1137s
 6648949 4022396 31815.9036  144    6 31632.0000 32038.2564  1.28%   5.0 1140s
 6659867 4027956 32032.3864  136   14 31632.0000 32038.2564  1.28%   5.0 1145s
 6696241 4050186 31958.1439  146   10 31632.0000 32038.2564  1.28%   5.0 1151s
 6700433 4052536 31731.1702  124   16 31632.0000 32038.2564  1.28%   5.0 1157s
 6727794 4069520 31898.8570  126   15 31632.0000 32038.2564  1.28%   5.0 1160s
 6748570 4080931 31928.9555  118   15 31632.0000 32038.2564  1.28%   5.0 1166s
 6761428 4088570 32022.5709  133   15 31632.0000 32038.2564  1.28%   5.0 1171s
 6784698 4102487 31909.0819  138   13 31632.0000 32038.2564  1.28%   5.0 1177s
 6815516 4121396 31809.1356  119   13 31632.0000 32038.2564  1.28%   5.0 1180s
 6817535 4122711 32035.3582  123   13 31632.0000 32038.2564  1.28%   5.0 1185s
 6854980 4142676 31866.7490  144    6 31632.0000 32038.2564  1.28%   5.0 1191s
 6875053 4154153     cutoff  178      31632.0000 32038.2564  1.28%   5.0 1199s
 6875340 4160961 infeasible  179      31632.0000 32038.2564  1.28%   5.0 1202s
 6893348 4165005 31760.8686  106   10 31632.0000 32038.2564  1.28%   5.0 1207s
 6924803 4183780 31821.1891  127    5 31632.0000 32038.2564  1.28%   5.0 1210s
 6933975 4189273 31751.0853  133   11 31632.0000 32038.2564  1.28%   5.0 1215s
 6971055 4209416 32038.1147  121   11 31632.0000 32038.2564  1.28%   5.0 1224s
 6982215 4217280 32038.2564  102   15 31632.0000 32038.2564  1.28%   5.0 1225s
 7008972 4232473 32038.2476  116   14 31632.0000 32038.2564  1.28%   5.0 1233s
 7010669 4234047 32028.4848  114   21 31632.0000 32038.2564  1.28%   5.0 1237s
 7013257 4234553     cutoff  152      31632.0000 32038.2564  1.28%   5.0 1242s
 7026003 4241342     cutoff  144      31632.0000 32038.2564  1.28%   5.0 1248s
 7042934 4252224 32034.3077  119   20 31632.0000 32038.2564  1.28%   5.0 1250s
 7080862 4274221 31978.7499  112   15 31632.0000 32038.2564  1.28%   5.0 1257s
 7108480 4290543 31720.8973  132   12 31632.0000 32038.2564  1.28%   5.0 1263s
 7127424 4302608 32033.9575  119   15 31632.0000 32038.2564  1.28%   5.0 1265s
 7129412 4302699 32032.1821  129   12 31632.0000 32038.2564  1.28%   5.0 1273s
 7129526 4302864 32032.1821  130   13 31632.0000 32038.2564  1.28%   5.0 1278s
 7146408 4314149 31836.6915  122    8 31632.0000 32038.2564  1.28%   5.0 1280s
 7165250 4323953 32035.5333   95   13 31632.0000 32038.2564  1.28%   5.0 1286s
 7206614 4350002 31790.8129  128   19 31632.0000 32038.2564  1.28%   5.0 1290s
 7222119 4359072 32038.2476  110   12 31632.0000 32038.2564  1.28%   5.0 1295s
 7246847 4372232     cutoff  117      31632.0000 32038.2564  1.28%   5.0 1303s
 7265038 4384162 32010.0266  121   18 31632.0000 32038.2564  1.28%   5.0 1305s
 7297479 4400876 32000.0750  111   16 31632.0000 32038.2564  1.28%   5.1 1313s
 7307504 4406892 31700.9834  121    5 31632.0000 32038.2564  1.28%   5.1 1318s
 7324159 4417703 32037.9772  123   14 31632.0000 32038.2564  1.28%   5.1 1320s
 7330354 4420378 32038.2476  112   14 31632.0000 32038.2564  1.28%   5.1 1325s
 7367250 4442196 31719.4781  194    6 31632.0000 32038.2564  1.28%   5.1 1334s
 7371316 4445448 31831.5102  132    7 31632.0000 32038.2564  1.28%   5.1 1335s
 7407365 4466141 31646.7248  134   15 31632.0000 32038.2564  1.28%   5.1 1342s
 7407718 4466236 31950.2071  118   12 31632.0000 32038.2564  1.28%   5.1 1348s
 7427354 4478892 31924.6065  120   14 31632.0000 32038.2564  1.28%   5.1 1350s
 7449423 4490943 31875.2866  125   21 31632.0000 32038.2564  1.28%   5.1 1356s
 7487419 4513874 32006.7400  141   14 31632.0000 32038.2564  1.28%   5.1 1365s
 7499566 4520972 31752.0134  132    7 31632.0000 32038.2564  1.28%   5.1 1370s
 7521033 4534533 31840.8934  157   13 31632.0000 32038.2564  1.28%   5.1 1376s
 7553157 4553767 31844.1406  139   14 31632.0000 32038.2564  1.28%   5.1 1383s
 7568103 4563591 31751.3951  137    3 31632.0000 32038.2564  1.28%   5.1 1385s
 7582815 4571462 32038.2564  121   14 31632.0000 32038.2564  1.28%   5.1 1390s
 7601779 4582553     cutoff  142      31632.0000 32038.2564  1.28%   5.1 1398s
 7614137 4589909 32036.0825  143   12 31632.0000 32038.2564  1.28%   5.1 1404s
 7619152 4594134 32033.2769  117   15 31632.0000 32038.2564  1.28%   5.1 1405s
 7662190 4620167 31767.4533  132   11 31632.0000 32038.2564  1.28%   5.1 1414s
 7672879 4628236 32036.0825  139   13 31632.0000 32038.2564  1.28%   5.1 1415s
 7709405 4650507 32021.0963  125   18 31632.0000 32038.2564  1.28%   5.1 1423s
 7718430 4656051 32034.7254  123   16 31632.0000 32038.2564  1.28%   5.1 1428s
 7728450 4663286 32036.4080  146    8 31632.0000 32038.2564  1.28%   5.1 1430s
 7740001 4671134 31674.3708  114   10 31632.0000 32038.2564  1.28%   5.1 1435s
 7779810 4694516 32030.0285  122   23 31632.0000 32038.2564  1.28%   5.1 1443s
 7797601 4706873 32038.2564  130   12 31632.0000 32038.2564  1.28%   5.1 1445s
 7814130 4714692 32038.2564  119   12 31632.0000 32038.2564  1.28%   5.1 1451s
 7829004 4723478     cutoff  117      31632.0000 32038.2564  1.28%   5.1 1455s
 7855600 4739234     cutoff  145      31632.0000 32038.2564  1.28%   5.1 1461s
 7890135 4758519 31946.2054  119   15 31632.0000 32038.2564  1.28%   5.1 1469s
 7892594 4760198 31698.0585  182    6 31632.0000 32038.2564  1.28%   5.1 1476s
 7927370 4780875 31929.0363  132   13 31632.0000 32038.2564  1.28%   5.1 1484s
 7934571 4786564 31637.9256  127   10 31632.0000 32038.2564  1.28%   5.1 1485s
 7969830 4806063     cutoff  120      31632.0000 32038.2564  1.28%   5.1 1492s
 7994803 4820553 32037.4605  135   18 31632.0000 32038.2564  1.28%   5.1 1501s
 8028903 4842095 32038.2476  137   20 31632.0000 32038.2564  1.28%   5.1 1505s
 8035610 4844939 32038.2564  137   14 31632.0000 32038.2564  1.28%   5.1 1512s
 8035732 4844951 32038.2564  138   14 31632.0000 32038.2564  1.28%   5.1 1519s
 8035744 4846044 32038.2564  139   14 31632.0000 32038.2564  1.28%   5.1 1520s
 8069797 4866250 31750.2709  121    9 31632.0000 32038.2564  1.28%   5.1 1527s
 8098957 4885395 31748.6103  106   14 31632.0000 32038.2564  1.28%   5.1 1530s
 8101016 4885589 32038.2564  115   16 31632.0000 32038.2564  1.28%   5.1 1535s
 8139439 4909603 31906.5378   95   13 31632.0000 32038.2564  1.28%   5.1 1542s
 8164893 4925462 31745.9039  148   13 31632.0000 32038.2564  1.28%   5.1 1545s
 8169175 4926808 32034.2178  122   15 31632.0000 32038.2564  1.28%   5.1 1560s
 8185471 4936477     cutoff  156      31632.0000 32038.2564  1.28%   5.1 1565s
 8215100 4953509 31746.7046  148   12 31632.0000 32038.2564  1.28%   5.1 1572s
 8233714 4965049 32038.2564  118   13 31632.0000 32038.2564  1.28%   5.1 1579s
 8233726 4966277 32038.2564  119   13 31632.0000 32038.2564  1.28%   5.1 1580s
 8282045 4997337 31676.5990  171    6 31632.0000 32038.2564  1.28%   5.1 1587s
 8301936 5010915 31692.0981  148    4 31632.0000 32038.2564  1.28%   5.1 1590s
 8304050 5011261 31928.8850  131   14 31632.0000 32038.2564  1.28%   5.1 1595s
 8350689 5040404 32038.2564  125   15 31632.0000 32038.2564  1.28%   5.1 1606s
 8362717 5048256 31682.5611  157    2 31632.0000 32038.2564  1.28%   5.1 1614s
 8362823 5049678 31972.7537  121   15 31632.0000 32038.2564  1.28%   5.1 1615s
 8390570 5066178 31967.2901  152   21 31632.0000 32038.2564  1.28%   5.1 1623s
 8402121 5074683 32028.3669  143   14 31632.0000 32038.2564  1.28%   5.1 1625s
 8437343 5096447 32016.7832  137   22 31632.0000 32038.2564  1.28%   5.1 1633s
 8450173 5105047 31947.3181  150   12 31632.0000 32038.2564  1.28%   5.1 1635s
 8468452 5114379 32038.2476   91   15 31632.0000 32038.2564  1.28%   5.1 1643s
 8484786 5126507 31860.1020  144   10 31632.0000 32038.2564  1.28%   5.1 1645s
 8512057 5142470 31903.2341  127   12 31632.0000 32038.2564  1.28%   5.1 1656s
 8544829 5160978 31636.9363  119    7 31632.0000 32038.2564  1.28%   5.1 1665s
 8583712 5183602 32029.4568  137   17 31632.0000 32038.2564  1.28%   5.1 1675s
 8583913 5183607     cutoff  161      31632.0000 32038.2564  1.28%   5.1 1682s
 8604827 5197649 32038.0711   89   20 31632.0000 32038.2564  1.28%   5.1 1685s
 8620791 5205902 32035.1128   95   24 31632.0000 32038.2564  1.28%   5.1 1696s
 8650650 5225666 31982.9915   98   12 31632.0000 32038.2564  1.28%   5.1 1700s
 8684635 5245371 32030.8899   97   22 31632.0000 32038.2564  1.28%   5.1 1708s
 8699726 5255890 31792.9454   99   13 31632.0000 32038.2564  1.28%   5.1 1710s
 8703789 5257242 31787.6041  134   20 31632.0000 32038.2564  1.28%   5.1 1717s
 8712270 5262602 32038.2476  123   14 31632.0000 32038.2564  1.28%   5.1 1724s
 8713509 5264462 31888.7692  137   10 31632.0000 32038.2564  1.28%   5.1 1725s
 8757613 5290171 31725.7046  122    8 31632.0000 32038.2564  1.28%   5.1 1735s
 8796175 5315171     cutoff  126      31632.0000 32038.2564  1.28%   5.1 1740s
 8800968 5318432 32019.0000  140   13 31632.0000 32038.2564  1.28%   5.1 1745s
 8829233 5332878 32038.2476  120   11 31632.0000 32038.2564  1.28%   5.1 1752s
 8850128 5344795     cutoff  113      31632.0000 32038.2564  1.28%   5.1 1755s
 8859424 5349167 31683.8765  135   10 31632.0000 32038.2564  1.28%   5.1 1760s
 8861207 5349393 31734.3304  125   15 31632.0000 32038.2564  1.28%   5.1 1766s
 8895034 5367222 32038.2564  100   15 31632.0000 32038.2564  1.28%   5.1 1770s
 8914059 5376283 32037.9136  123   20 31632.0000 32038.2564  1.28%   5.1 1779s
 8920708 5380611 31986.4158  125   14 31632.0000 32038.2564  1.28%   5.1 1780s
 8927451 5383938 31804.7650  131    9 31632.0000 32038.2564  1.28%   5.1 1785s
 8966784 5403467 31651.6667  115   12 31632.0000 32038.2564  1.28%   5.1 1794s
 8966978 5409371 31651.6667  116   13 31632.0000 32038.2564  1.28%   5.1 1795s
 8997970 5419017 31813.1214  136   13 31632.0000 32038.2564  1.28%   5.1 1802s
 9008919 5424343 31738.2008  126   14 31632.0000 32038.2564  1.28%   5.1 1813s
 9018858 5429248 31719.6259  140    6 31632.0000 32038.2564  1.28%   5.1 1818s
 9030681 5435631 32036.1995  119   20 31632.0000 32038.2564  1.28%   5.1 1820s
 9047471 5443426     cutoff  125      31632.0000 32038.2564  1.28%   5.1 1826s
 9081852 5460694 31819.3270  114   16 31632.0000 32038.2564  1.28%   5.1 1835s
H9082026 5457080                    31633.000000 32038.2564  1.28%   5.1 1835s
 9120452 5477356 31871.7342  103   14 31633.0000 32038.2564  1.28%   5.1 1843s
 9136026 5486600 31726.7369  130   13 31633.0000 32038.2564  1.28%   5.1 1845s
 9145347 5491283 31670.8000   95    8 31633.0000 32038.2564  1.28%   5.1 1850s
 9160302 5498531 32016.3138  102   15 31633.0000 32038.2564  1.28%   5.1 1855s
 9177134 5507547 31935.4885  108   15 31633.0000 32038.2564  1.28%   5.1 1861s
 9192661 5515320 31864.1364  108    9 31633.0000 32038.2564  1.28%   5.1 1868s
 9192959 5520995 31927.0327  103   11 31633.0000 32038.2564  1.28%   5.1 1870s
 9204971 5521026 31766.2615  122    5 31633.0000 32038.2564  1.28%   5.1 1876s
 9205072 5521257 31765.2516  123    7 31633.0000 32038.2564  1.28%   5.1 1880s
 9215838 5527433 31738.6785  137   10 31633.0000 32038.2564  1.28%   5.1 1885s
 9231227 5535264 32035.5333  109   16 31633.0000 32038.2564  1.28%   5.1 1891s
 9250147 5544925 31955.3951   98    8 31633.0000 32038.2564  1.28%   5.1 1897s
 9266208 5552368 31919.1344  123   11 31633.0000 32038.2564  1.28%   5.1 1903s
 9278713 5558251     cutoff  113      31633.0000 32038.2564  1.28%   5.1 1905s
 9289162 5561962 32036.7064   96   15 31633.0000 32038.2564  1.28%   5.1 1913s
 9299772 5567040     cutoff  103      31633.0000 32038.2564  1.28%   5.1 1915s
 9315718 5572776     cutoff  101      31633.0000 32038.2564  1.28%   5.1 1920s
 9325965 5576746 31650.9430  112    7 31633.0000 32038.2564  1.28%   5.1 1928s
 9342985 5584509 31935.3586   95    7 31633.0000 32038.2564  1.28%   5.1 1930s
 9357765 5590489 31644.3956  125    8 31633.0000 32038.2564  1.28%   5.1 1938s
 9372078 5596576 32037.1784  116   16 31633.0000 32038.2564  1.28%   5.1 1940s
 9384841 5600891 31706.2274  133   12 31633.0000 32038.2564  1.28%   5.1 1954s
 9384854 5601904 31687.8342  134   11 31633.0000 32038.2564  1.28%   5.1 1955s
 9396743 5605888 32038.2564   93   14 31633.0000 32038.2564  1.28%   5.1 1964s
 9407570 5611081 31883.6431  120   14 31633.0000 32038.2564  1.28%   5.1 1965s
 9413066 5612791 32038.2564  100   15 31633.0000 32038.2564  1.28%   5.1 1970s
 9438922 5623672 31714.1711  111   13 31633.0000 32038.2564  1.28%   5.1 1975s
 9451930 5629301 31690.3989  112   11 31633.0000 32038.2564  1.28%   5.1 1980s
 9456793 5634874 32036.1995  108   20 31633.0000 32038.2564  1.28%   5.1 1985s
 9474243 5637798     cutoff  124      31633.0000 32038.2564  1.28%   5.1 1990s
 9497061 5647534 31672.4000  113   10 31633.0000 32038.2564  1.28%   5.1 1997s
 9511161 5653938 31753.0160  119    6 31633.0000 32038.2564  1.28%   5.1 2001s
 9521461 5658082     cutoff  136      31633.0000 32038.2564  1.28%   5.1 2006s
 9533456 5662862     cutoff  109      31633.0000 32038.2564  1.28%   5.1 2011s
 9550223 5670394 31813.2745  115    8 31633.0000 32038.2564  1.28%   5.1 2018s
 9567082 5677007 31993.4659  104   19 31633.0000 32038.2564  1.28%   5.1 2024s
 9567576 5682340 31982.1976  105   18 31633.0000 32038.2564  1.28%   5.1 2025s
 9585291 5685391 32006.9849  105   21 31633.0000 32038.2564  1.28%   5.1 2032s
 9585463 5690491 31993.2377  108   17 31633.0000 32038.2564  1.28%   5.1 2039s
 9603078 5693251 31670.6377  115   13 31633.0000 32038.2564  1.28%   5.1 2044s
 9603635 5698126 31843.8502  116   16 31633.0000 32038.2564  1.28%   5.1 2045s
 9626303 5703239 31792.5416  107   16 31633.0000 32038.2564  1.28%   5.1 2050s
 9645316 5710877 32038.2564  100   14 31633.0000 32038.2564  1.28%   5.1 2055s
 9658098 5716852 32038.2564  106   15 31633.0000 32038.2564  1.28%   5.1 2061s
 9672192 5723579 32038.2564  103   12 31633.0000 32038.2564  1.28%   5.1 2066s
 9673094 5723687 32038.2564  101   17 31633.0000 32038.2564  1.28%   5.1 2070s
 9675235 5724603     cutoff  119      31633.0000 32038.2564  1.28%   5.1 2075s
 9695751 5733928     cutoff  117      31633.0000 32038.2564  1.28%   5.1 2081s
 9706887 5739031 32012.5279  115   18 31633.0000 32038.2564  1.28%   5.1 2086s
 9727845 5747593 31880.0711  127   21 31633.0000 32038.2564  1.28%   5.1 2092s
 9746144 5755003 32038.2564   95   15 31633.0000 32038.2564  1.28%   5.1 2097s
 9758455 5759699 31816.5711  121   13 31633.0000 32038.2564  1.28%   5.1 2102s
 9759032 5759789 31816.5711  122   11 31633.0000 32038.2564  1.28%   5.1 2109s
 9761462 5761104 32038.2564  100   13 31633.0000 32038.2564  1.28%   5.1 2110s
 9768920 5764715 31671.1962  125    3 31633.0000 32038.2564  1.28%   5.1 2115s
 9785082 5769980     cutoff  113      31633.0000 32038.2564  1.28%   5.1 2120s
 9805165 5777805 32038.2564   96   15 31633.0000 32038.2564  1.28%   5.1 2127s
 9810957 5780869 32037.6982  106   14 31633.0000 32038.2564  1.28%   5.1 2130s
 9824337 5785929 31779.4755  104   17 31633.0000 32038.2564  1.28%   5.1 2135s
 9841083 5792907     cutoff  106      31633.0000 32038.2564  1.28%   5.1 2141s
 9853798 5798675 31909.1289  106   14 31633.0000 32038.2564  1.28%   5.1 2146s
 9874288 5807942 31720.0139  128   11 31633.0000 32038.2564  1.28%   5.1 2153s
 9895117 5817601 32000.9070  108   17 31633.0000 32038.2564  1.28%   5.1 2160s
 9907308 5824179     cutoff  120      31633.0000 32038.2564  1.28%   5.1 2165s
 9918669 5828723 31717.8667  126    6 31633.0000 32038.2564  1.28%   5.1 2173s
 9924131 5831217 31894.1226  111   11 31633.0000 32038.2564  1.28%   5.1 2178s
 9938978 5837255 32038.2564  120   16 31633.0000 32038.2564  1.28%   5.1 2183s
 9953858 5844056 31832.7902   99    5 31633.0000 32038.2564  1.28%   5.1 2185s
 9956005 5844063 31917.4326  109    7 31633.0000 32038.2564  1.28%   5.1 2200s
 9968030 5849383 31772.8195  107    7 31633.0000 32038.2564  1.28%   5.1 2205s
 9990848 5858296 infeasible  108      31633.0000 32038.2564  1.28%   5.1 2212s
 10010418 5866508 32031.3519  111   15 31633.0000 32038.2564  1.28%   5.1 2218s
 10025906 5873223     cutoff  120      31633.0000 32038.2564  1.28%   5.1 2225s
 10058518 5887239 31984.1962  124    6 31633.0000 32038.2564  1.28%   5.1 2233s
 10071797 5893692 31719.8726  118    5 31633.0000 32038.2564  1.28%   5.1 2235s
 10085570 5899013 32029.0000  105   14 31633.0000 32038.2564  1.28%   5.1 2240s
 10106939 5908926     cutoff  124      31633.0000 32038.2564  1.28%   5.1 2247s
 10125446 5917314 32038.2564   97   14 31633.0000 32038.2564  1.28%   5.1 2253s
 10149231 5928502 31982.8067  123    8 31633.0000 32038.2564  1.28%   5.1 2255s
 10157455 5931185 31658.7839  129    6 31633.0000 32038.2564  1.28%   5.2 2268s
 10176251 5939639 31677.2000  114    8 31633.0000 32038.2564  1.28%   5.2 2274s
 10185323 5944550 31635.2834  138    4 31633.0000 32038.2564  1.28%   5.2 2275s
 10197570 5950660 32016.7526  115   17 31633.0000 32038.2564  1.28%   5.2 2280s
 10218763 5959117     cutoff  105      31633.0000 32038.2564  1.28%   5.2 2286s
 10241983 5969750 31978.0163  111    9 31633.0000 32038.2564  1.28%   5.2 2292s
 10242414 5969949 31978.0163  112    9 31633.0000 32038.2564  1.28%   5.2 2301s
 10249155 5973413 32037.5708  117   20 31633.0000 32038.2564  1.28%   5.2 2307s
 10269673 5985186 31981.1063  101   17 31633.0000 32038.2564  1.28%   5.2 2314s
 10271040 5986939 32036.7064   86   14 31633.0000 32038.2564  1.28%   5.2 2315s
 10300003 6001096 32026.3991  121   15 31633.0000 32038.2564  1.28%   5.2 2323s
 10314641 6009183 31733.4376  122    2 31633.0000 32038.2564  1.28%   5.2 2325s
 10325126 6014598 31666.1308  128    7 31633.0000 32038.2564  1.28%   5.2 2330s
 10348033 6025121     cutoff  142      31633.0000 32038.2564  1.28%   5.2 2335s
 10366691 6033976 31990.8444  115   13 31633.0000 32038.2564  1.28%   5.2 2342s
 10383077 6042687     cutoff  120      31633.0000 32038.2564  1.28%   5.2 2348s
 10397532 6050576 31931.9919  119   15 31633.0000 32038.2564  1.28%   5.2 2350s
 10399991 6050949 31819.0210  112   10 31633.0000 32038.2564  1.28%   5.2 2362s
 10408440 6054900 32013.5951  110   13 31633.0000 32038.2564  1.28%   5.2 2370s
 10441393 6070984 31737.0923  119   15 31633.0000 32038.2564  1.28%   5.2 2377s
 10454807 6077538 31684.1313  112   13 31633.0000 32038.2564  1.28%   5.2 2380s
 10458986 6079711 31709.0526  116   10 31633.0000 32038.2564  1.28%   5.2 2385s
 10478106 6087765     cutoff  118      31633.0000 32038.2564  1.28%   5.2 2391s
 10508392 6102048 32036.1995   95   21 31633.0000 32038.2564  1.28%   5.2 2399s
 10516670 6106407 32036.7064   86   14 31633.0000 32038.2564  1.28%   5.2 2400s
 10523197 6108505 32038.2564   88   18 31633.0000 32038.2564  1.28%   5.2 2405s
 10535535 6114270 31760.2675  128    6 31633.0000 32038.2564  1.28%   5.2 2410s
 10544039 6118370     cutoff  108      31633.0000 32038.2564  1.28%   5.2 2415s
 10565902 6128643 32036.1995   94   19 31633.0000 32038.2564  1.28%   5.2 2420s
 10587168 6139198     cutoff  126      31633.0000 32038.2564  1.28%   5.2 2427s
 10608957 6149695     cutoff  126      31633.0000 32038.2564  1.28%   5.2 2441s
 10615561 6152785 31885.9628  106   16 31633.0000 32038.2564  1.28%   5.2 2449s
 10620386 6156215 31892.8438  119   15 31633.0000 32038.2564  1.28%   5.2 2450s
 10631126 6160511 31725.3802  119   13 31633.0000 32038.2564  1.28%   5.2 2455s
 10653812 6170870 31886.0379  105   10 31633.0000 32038.2564  1.28%   5.2 2462s
 10679671 6184253 31697.3552  141    8 31633.0000 32038.2564  1.28%   5.2 2468s
 10694721 6192153 32038.1149  106   15 31633.0000 32038.2564  1.28%   5.2 2470s
 10710001 6199391 31684.5144  156    9 31633.0000 32038.2564  1.28%   5.2 2475s
 10716559 6201590 31893.3446   94   16 31633.0000 32038.2564  1.28%   5.2 2480s
 10737353 6211554 32038.2476  102   16 31633.0000 32038.2564  1.28%   5.2 2487s
 10755297 6220190 32038.2564  113   16 31633.0000 32038.2564  1.28%   5.2 2493s
 10755480 6220575 32038.2476  114   16 31633.0000 32038.2564  1.28%   5.2 2497s
 10764524 6225147 32008.5001  103   19 31633.0000 32038.2564  1.28%   5.2 2501s
 10773117 6228673 32038.2564   99   16 31633.0000 32038.2564  1.28%   5.2 2506s
 10785171 6234305 32038.2564  125   14 31633.0000 32038.2564  1.28%   5.2 2510s
 10799061 6242232     cutoff  119      31633.0000 32038.2564  1.28%   5.2 2515s
 10817085 6251516 31665.1090  125    5 31633.0000 32038.2564  1.28%   5.2 2520s
 10833312 6260044 31700.1317   85   13 31633.0000 32038.2564  1.28%   5.2 2527s
 10846778 6266628     cutoff   95      31633.0000 32038.2564  1.28%   5.2 2537s
 10847073 6272066 31900.1865   95   15 31633.0000 32038.2564  1.28%   5.2 2544s
 10868968 6276657 32038.2564   91   16 31633.0000 32038.2564  1.28%   5.2 2548s
 10885311 6284342 31804.4000  103   12 31633.0000 32038.2564  1.28%   5.2 2554s
 10888340 6287033 32022.4635  104   13 31633.0000 32038.2564  1.28%   5.2 2555s
 10899835 6291826 31896.0055  105   13 31633.0000 32038.2564  1.28%   5.2 2560s
 10915096 6299131 31787.2000  112   13 31633.0000 32038.2564  1.28%   5.2 2566s
 10926568 6304368 32038.2476  102   18 31633.0000 32038.2564  1.28%   5.2 2571s
 10941664 6311486 31848.2612  107   15 31633.0000 32038.2564  1.28%   5.2 2576s
 10951473 6315552 32026.2138   94   18 31633.0000 32038.2564  1.28%   5.2 2582s
 10971157 6325622 31804.4535   96    8 31633.0000 32038.2564  1.28%   5.2 2588s
 10975591 6327812     cutoff  102      31633.0000 32038.2564  1.28%   5.2 2597s
 10975928 6333064 31853.4156  100   11 31633.0000 32038.2564  1.28%   5.2 2601s
 10992886 6335620 32029.0000   96   16 31633.0000 32038.2564  1.28%   5.2 2605s
 10999466 6338642 32032.0813   91   23 31633.0000 32038.2564  1.28%   5.2 2611s
 10999680 6339009 32032.0813   92   23 31633.0000 32038.2564  1.28%   5.2 2615s
 11011257 6344203 32008.5494  104   14 31633.0000 32038.2564  1.28%   5.2 2620s
 11024591 6350354 32038.2564   95   13 31633.0000 32038.2564  1.28%   5.2 2626s
 11041138 6358083 31976.8672  107    8 31633.0000 32038.2564  1.28%   5.2 2631s
 11055405 6364672 31715.8928  105    8 31633.0000 32038.2564  1.28%   5.2 2637s
 11069576 6371348 32038.2564   87   16 31633.0000 32038.2564  1.28%   5.2 2641s
 11078861 6375452 31768.2000  113    9 31633.0000 32038.2564  1.28%   5.2 2647s
 11096541 6384592 31641.6923   99   19 31633.0000 32038.2564  1.28%   5.2 2650s
 11100375 6385641 31750.4579  115    4 31633.0000 32038.2564  1.28%   5.2 2655s
 11108702 6389893 31906.6078  105   14 31633.0000 32038.2564  1.28%   5.2 2662s
 11108872 6390096 31896.2633  106   20 31633.0000 32038.2564  1.28%   5.2 2667s
 11123165 6396869     cutoff  110      31633.0000 32038.2564  1.28%   5.2 2673s
 11135103 6402245 32037.5708   92   22 31633.0000 32038.2564  1.28%   5.2 2678s
 11143353 6406987 32038.2564   84   15 31633.0000 32038.2564  1.28%   5.2 2680s
 11154133 6412065     cutoff   96      31633.0000 32038.2564  1.28%   5.2 2685s
 11166033 6416937 32038.2564   85   15 31633.0000 32038.2564  1.28%   5.2 2690s
 11186718 6427145     cutoff  104      31633.0000 32038.2564  1.28%   5.2 2698s
 11205056 6437298 32038.2564   90   16 31633.0000 32038.2564  1.28%   5.2 2700s
 11208752 6438258 32038.2564   97   19 31633.0000 32038.2564  1.28%   5.2 2705s
 11222979 6444884 31703.5875  103   15 31633.0000 32038.2564  1.28%   5.2 2715s
 11223100 6444998 31697.5453  128    7 31633.0000 32038.2564  1.28%   5.2 2720s
 11223776 6446033 32036.8453   89   14 31633.0000 32038.2564  1.28%   5.2 2725s
 11236125 6451109 31677.5675  122    9 31633.0000 32038.2564  1.28%   5.2 2730s
 11252935 6460181 32015.4976  103   25 31633.0000 32038.2564  1.28%   5.2 2738s
 11272590 6471255 32038.2564   91   20 31633.0000 32038.2564  1.28%   5.2 2740s
 11278628 6473624 31679.4529  119   19 31633.0000 32038.2564  1.28%   5.2 2745s
 11296915 6482933 31643.9344   96    9 31633.0000 32038.2564  1.28%   5.2 2752s
 11315368 6492324 32036.9156  104   18 31633.0000 32038.2564  1.28%   5.2 2761s
 11344679 6507170 32038.2476  103   13 31633.0000 32038.2564  1.28%   5.2 2769s
 11344903 6507819 32038.1628  103   15 31633.0000 32038.2564  1.28%   5.2 2770s
 11373511 6521967 31826.4640   89   13 31633.0000 32038.2564  1.28%   5.2 2777s
 11387458 6529023     cutoff  117      31633.0000 32038.2564  1.28%   5.2 2784s
 11396257 6533199 32035.9072   97   21 31633.0000 32038.2564  1.28%   5.2 2790s
 11423818 6546836 31665.7285  105   13 31633.0000 32038.2564  1.28%   5.2 2799s
 11428469 6550041 32038.2564   89   13 31633.0000 32038.2564  1.28%   5.2 2800s
 11451166 6560036 31819.4020   96    7 31633.0000 32038.2564  1.28%   5.2 2808s
 11465362 6566631 31860.4372  107    9 31633.0000 32038.2564  1.28%   5.2 2817s
 11479329 6573502 32025.3935   98   12 31633.0000 32038.2564  1.28%   5.2 2824s
 11484186 6576670 32036.7064   94   16 31633.0000 32038.2564  1.28%   5.2 2825s
 11503712 6585286     cutoff  124      31633.0000 32038.2564  1.28%   5.2 2834s
 11510340 6589456 31951.9292   95   16 31633.0000 32038.2564  1.28%   5.2 2835s
 11516575 6591361 32035.5333  103   16 31633.0000 32038.2564  1.28%   5.2 2840s
 11534991 6599881     cutoff  103      31633.0000 32038.2564  1.28%   5.2 2848s
 11558848 6612669 32038.2564  100   15 31633.0000 32038.2564  1.28%   5.2 2850s
 11571007 6618148 32037.9526  102   13 31633.0000 32038.2564  1.28%   5.2 2855s
 11586834 6625617 32038.2564   96   14 31633.0000 32038.2564  1.28%   5.2 2865s
 11586914 6625696 32038.2476   97   14 31633.0000 32038.2564  1.28%   5.2 2870s
 11598142 6631083 32038.2564   94   17 31633.0000 32038.2564  1.28%   5.2 2876s
 11623758 6644467 31644.0955  103    1 31633.0000 32038.2564  1.28%   5.2 2883s
 11630023 6648256 32028.3903  100   18 31633.0000 32038.2564  1.28%   5.2 2886s
 11639159 6652650 32038.2564   87   15 31633.0000 32038.2564  1.28%   5.2 2894s
 11640912 6654663 32037.5626  104   24 31633.0000 32038.2564  1.28%   5.2 2895s
 11675536 6671121     cutoff  117      31633.0000 32038.2564  1.28%   5.2 2903s
 11687818 6678286 32038.2564   87   16 31633.0000 32038.2564  1.28%   5.2 2905s
 11691155 6679265 32037.4623   96   13 31633.0000 32038.2564  1.28%   5.2 2911s
 11727448 6695987 31769.8653   93   19 31633.0000 32038.2564  1.28%   5.2 2920s
 11727779 6696172     cutoff   94      31633.0000 32038.2564  1.28%   5.2 2925s
 11746411 6704081 32038.2564   93   13 31633.0000 32038.2564  1.28%   5.2 2933s
 11760341 6711008 31846.0812  108   16 31633.0000 32038.2564  1.28%   5.2 2935s
 11766057 6712727 32033.7226   94   15 31633.0000 32038.2564  1.28%   5.2 2940s
 11793437 6725465 32034.0000   95   13 31633.0000 32038.2564  1.28%   5.2 2949s
 11793709 6725612 31700.5020   98   14 31633.0000 32038.2564  1.28%   5.2 2956s
 11812018 6733705 31842.9298  111   13 31633.0000 32038.2564  1.28%   5.2 2961s
 11822510 6737867 31903.7439   98   13 31633.0000 32038.2564  1.28%   5.2 2967s
 11827404 6740307 32037.7630  113   18 31633.0000 32038.2564  1.28%   5.2 2970s
 11842301 6745572 32029.0000  102   12 31633.0000 32038.2564  1.28%   5.2 2978s
 11856995 6753383 31679.2624  115   12 31633.0000 32038.2564  1.28%   5.2 2980s
 11874014 6760145     cutoff  103      31633.0000 32038.2564  1.28%   5.2 2987s
 11889815 6765752 31856.1780  106   10 31633.0000 32038.2564  1.28%   5.2 2993s
 11890053 6765786     cutoff  107      31633.0000 32038.2564  1.28%   5.2 2999s
 11896407 6769169 31853.1720   99   15 31633.0000 32038.2564  1.28%   5.2 3000s
 11905484 6771323 31638.7924  105   11 31633.0000 32038.2564  1.28%   5.2 3007s
 11928306 6781429 31985.6995  110    9 31633.0000 32038.2564  1.28%   5.3 3016s
 11956796 6793486 31956.8579   97   17 31633.0000 32038.2564  1.28%   5.3 3025s
 11959120 6794802 32036.7137   82   15 31633.0000 32038.2564  1.28%   5.3 3030s
 11979872 6803081 31680.3850  124    7 31633.0000 32038.2564  1.28%   5.3 3037s
 11980288 6803456 31680.1947  125    7 31633.0000 32038.2564  1.28%   5.3 3043s
 11988779 6807658 31746.2436  111   13 31633.0000 32038.2564  1.28%   5.3 3048s
 12000880 6812262     cutoff  115      31633.0000 32038.2564  1.28%   5.3 3050s
 12010513 6815983 31662.6659  109    7 31633.0000 32038.2564  1.28%   5.3 3056s
 12027239 6823039 31803.8779  103   14 31633.0000 32038.2564  1.28%   5.3 3062s
 12041578 6828650 31655.7626  113   13 31633.0000 32038.2564  1.28%   5.3 3070s
 12054240 6833623 infeasible  117      31633.0000 32038.2564  1.28%   5.3 3078s
 12066568 6838365     cutoff  116      31633.0000 32038.2564  1.28%   5.3 3082s
 12073212 6841053 31775.5957  107   20 31633.0000 32038.2564  1.28%   5.3 3089s
 12073503 6845850 31743.1981  108   15 31633.0000 32038.2564  1.28%   5.3 3090s
 12090344 6847999 32038.2564   85   16 31633.0000 32038.2564  1.28%   5.3 3095s
 12110073 6855507 32021.2773  103   13 31633.0000 32038.2564  1.28%   5.3 3102s
 12130876 6863644 31761.6821  115   11 31633.0000 32038.2564  1.28%   5.3 3109s
 12131133 6867945 infeasible  108      31633.0000 32038.2564  1.28%   5.3 3110s
 12143145 6867983 32035.8372  106   18 31633.0000 32038.2564  1.28%   5.3 3119s
 12143244 6868159 32030.5427  107   21 31633.0000 32038.2564  1.28%   5.3 3124s
 12149443 6871041 32038.2564   98   16 31633.0000 32038.2564  1.28%   5.3 3125s
 12154551 6872469 32029.0000  102   17 31633.0000 32038.2564  1.28%   5.3 3132s
 12168800 6877552 32038.2564   91   20 31633.0000 32038.2564  1.28%   5.3 3139s
 12168910 6882009 32038.2564   92   20 31633.0000 32038.2564  1.28%   5.3 3140s
 12190640 6885851 32038.2564  103   17 31633.0000 32038.2564  1.28%   5.3 3146s
 12216052 6896802 31846.6296  103   14 31633.0000 32038.2564  1.28%   5.3 3152s
 12226539 6901749 31818.9173  106   10 31633.0000 32038.2564  1.28%   5.3 3159s
 12235569 6905792     cutoff  125      31633.0000 32038.2564  1.28%   5.3 3160s
 12252953 6913555 32033.6282   99   11 31633.0000 32038.2564  1.28%   5.3 3165s
 12261914 6916544 32034.0000  103   12 31633.0000 32038.2564  1.28%   5.3 3173s
 12274226 6922689 32038.2564  110   11 31633.0000 32038.2564  1.28%   5.3 3175s
 12287521 6928450 32032.8309   98   21 31633.0000 32038.2564  1.28%   5.3 3181s
 12306416 6936923 31711.5101   95   13 31633.0000 32038.2564  1.28%   5.3 3187s
 12310280 6938249 32036.7064   91   13 31633.0000 32038.2564  1.28%   5.3 3193s
 12321953 6942956 32038.2564   91   13 31633.0000 32038.2564  1.28%   5.3 3198s
 12336537 6949435 32026.5402   97   15 31633.0000 32038.2564  1.28%   5.3 3204s
 12343807 6953150 31856.6090  111   15 31633.0000 32038.2564  1.28%   5.3 3205s
 12361120 6960440     cutoff  100      31633.0000 32038.2564  1.28%   5.3 3210s
 12375273 6966664 31695.3789  100    8 31633.0000 32038.2564  1.28%   5.3 3215s
 12394090 6974348 31919.2896   98   12 31633.0000 32038.2564  1.28%   5.3 3220s
 12406138 6981633 31959.7632   99   18 31633.0000 32038.2564  1.28%   5.3 3226s
 12412996 6985965 31962.6167  121   14 31633.0000 32038.2564  1.28%   5.3 3233s
 12413184 6986114 31948.8167  122   13 31633.0000 32038.2564  1.28%   5.3 3240s
 12435070 7000022 31728.4935   98    8 31633.0000 32038.2564  1.28%   5.3 3248s
 12447391 7007516     cutoff  124      31633.0000 32038.2564  1.28%   5.3 3251s
 12460922 7015005 32038.2564   86   15 31633.0000 32038.2564  1.28%   5.3 3258s
 12471185 7022216 31695.2964  111   18 31633.0000 32038.2564  1.28%   5.3 3260s
 12486764 7030385 31750.5558  105   11 31633.0000 32038.2564  1.28%   5.3 3266s
 12509171 7042857 32031.1127   92   15 31633.0000 32038.2564  1.28%   5.3 3275s
 12543536 7061961 31784.7878  112    7 31633.0000 32038.2564  1.28%   5.3 3293s
 12553235 7068178 31821.4000   90    6 31633.0000 32038.2564  1.28%   5.3 3295s
 12564546 7073295 31712.0339  128   13 31633.0000 32038.2564  1.28%   5.3 3301s
 12571096 7076764 32030.5413   87   13 31633.0000 32038.2564  1.28%   5.3 3307s
 12575052 7079681 32030.5413   93   16 31633.0000 32038.2564  1.28%   5.3 3313s
 12593025 7089513 31841.0677  115   13 31633.0000 32038.2564  1.28%   5.3 3320s
 12612252 7100584 31749.4736  108   12 31633.0000 32038.2564  1.28%   5.3 3328s
 12634176 7114315 32034.9743   99   12 31633.0000 32038.2564  1.28%   5.3 3330s
 12640902 7117256 31697.4835  143    6 31633.0000 32038.2564  1.28%   5.3 3336s
 12673330 7134985 32038.2476  101   16 31633.0000 32038.2564  1.28%   5.3 3345s
 12684233 7140635 32033.4267  105   14 31633.0000 32038.2564  1.28%   5.3 3355s
 12692716 7145500 32038.2476   90   13 31633.0000 32038.2564  1.28%   5.3 3361s
 12717636 7158803 31771.7105  110   12 31633.0000 32038.2564  1.28%   5.3 3368s
 12731187 7166618 31886.4893  128   12 31633.0000 32038.2564  1.28%   5.3 3370s
 12741488 7171306 31816.4673  127    6 31633.0000 32038.2564  1.28%   5.3 3377s
 12763503 7182798 31734.2586  122   13 31633.0000 32038.2564  1.28%   5.3 3380s
 12771551 7185990 32029.4509  106   12 31633.0000 32038.2564  1.28%   5.3 3385s
 12787754 7193727 32030.5427   94   11 31633.0000 32038.2564  1.28%   5.3 3392s
 12809459 7206057 31898.5516  116    9 31633.0000 32038.2564  1.28%   5.3 3397s
 12829065 7217939 31644.6877  119    8 31633.0000 32038.2564  1.28%   5.3 3402s
 12846221 7227255     cutoff  123      31633.0000 32038.2564  1.28%   5.3 3408s
 12858596 7233930 32038.2476   84   14 31633.0000 32038.2564  1.28%   5.3 3421s
 12858615 7234019 32037.1267   85   17 31633.0000 32038.2564  1.28%   5.3 3427s
 12877820 7245531 31690.9382  106   19 31633.0000 32038.2564  1.28%   5.3 3434s
 12882007 7248827 31904.7736  104   20 31633.0000 32038.2564  1.28%   5.3 3435s
 12895446 7255967 31937.0000  108   16 31633.0000 32038.2564  1.28%   5.3 3442s
 12927478 7273720 31937.5455   99   16 31633.0000 32038.2564  1.28%   5.3 3451s
 12953144 7288163 31665.4667  106   11 31633.0000 32038.2564  1.28%   5.3 3459s
 12958443 7292191     cutoff  126      31633.0000 32038.2564  1.28%   5.3 3460s
 12976377 7301088 31838.2735   99   15 31633.0000 32038.2564  1.28%   5.3 3467s
 12996717 7312260 31906.7402   97   11 31633.0000 32038.2564  1.28%   5.3 3473s
 13014191 7322960     cutoff   93      31633.0000 32038.2564  1.28%   5.3 3475s
 13028648 7330889 32038.2476  101   14 31633.0000 32038.2564  1.28%   5.3 3480s
 13034788 7333179 31787.5206  117    7 31633.0000 32038.2564  1.28%   5.3 3485s
 13035306 7333492 32015.9680   95    9 31633.0000 32038.2564  1.28%   5.3 3492s
 13035836 7334043 32038.2476   94   18 31633.0000 32038.2564  1.28%   5.3 3499s
 13042134 7338978 31831.2957  112   18 31633.0000 32038.2564  1.28%   5.3 3500s
 13066817 7350412 31756.0000  110    5 31633.0000 32038.2564  1.28%   5.3 3508s
 13084306 7360120 32038.2564   89   12 31633.0000 32038.2564  1.28%   5.3 3510s
 13096476 7365629 31702.4850  175   11 31633.0000 32038.2564  1.28%   5.3 3516s
 13117713 7376602 31664.2084   96   11 31633.0000 32038.2564  1.28%   5.3 3523s
 13131407 7384635 32038.2476   97   11 31633.0000 32038.2564  1.28%   5.3 3525s
 13137639 7387334 31730.2987  135   12 31633.0000 32038.2564  1.28%   5.3 3530s
 13148231 7392862 32038.2564   87   17 31633.0000 32038.2564  1.28%   5.3 3537s
 13148382 7393128 31993.4317  107    8 31633.0000 32038.2564  1.28%   5.3 3541s
 13157841 7397746 32038.2564   84   13 31633.0000 32038.2564  1.28%   5.3 3548s
 13169180 7404426 31945.5722   96   15 31633.0000 32038.2564  1.28%   5.3 3550s
 13179279 7408628     cutoff  117      31633.0000 32038.2564  1.28%   5.3 3555s
 13196242 7417163 31844.9147  108   13 31633.0000 32038.2564  1.28%   5.3 3562s
 13215118 7426755 32034.1111  101   22 31633.0000 32038.2564  1.28%   5.3 3569s
 13216749 7428425 32038.2564   90   18 31633.0000 32038.2564  1.28%   5.3 3570s
 13240004 7440064     cutoff  104      31633.0000 32038.2564  1.28%   5.3 3577s
 13246898 7443565 31890.2402   92    9 31633.0000 32038.2564  1.28%   5.3 3587s
 13247034 7443593 31886.4327   93    9 31633.0000 32038.2564  1.28%   5.3 3594s
 13249370 7446068 31848.9895  141    8 31633.0000 32038.2564  1.28%   5.3 3595s
 13265773 7454132 32012.5551  117   15 31633.0000 32038.2564  1.28%   5.3 3602s

Cutting planes:
  Gomory: 4
  Cover: 7
  Clique: 1
  MIR: 8
  StrongCG: 6
  Flow cover: 1
  Zero half: 1
  RLT: 1

Explored 13266179 nodes (70569805 simplex iterations) in 3603.05 seconds
Thread count was 12 (of 12 available processors)

Solution count 10: 31633 31632 31629 ... 31599

Time limit reached
Best objective 3.163300000000e+04, best bound 3.203800000000e+04, gap 1.2803%
