
Gurobi 9.1.2 (win64, Java) logging started Sat Nov  6 12:10:35 2021

Academic license - for non-commercial use only - expires 2022-10-30
Gurobi Optimizer version 9.1.2 build v9.1.2rc0 (win64)
Thread count: 6 physical cores, 12 logical processors, using up to 12 threads
Optimize a model with 70 rows, 600 columns and 1200 nonzeros
Model fingerprint: 0x121899df
Variable types: 0 continuous, 600 integer (600 binary)
Coefficient statistics:
  Matrix range     [1e+00, 1e+03]
  Objective range  [4e+02, 1e+03]
  Bounds range     [1e+00, 1e+00]
  RHS range        [1e+00, 3e+03]
Found heuristic solution: objective 29175.000000
Presolve removed 0 rows and 91 columns
Presolve time: 0.02s
Presolved: 70 rows, 509 columns, 1018 nonzeros
Variable types: 0 continuous, 509 integer (509 binary)
Presolved: 70 rows, 509 columns, 1018 nonzeros


Root relaxation: objective 3.245463e+04, 230 iterations, 0.00 seconds

    Nodes    |    Current Node    |     Objective Bounds      |     Work
 Expl Unexpl |  Obj  Depth IntInf | Incumbent    BestBd   Gap | It/Node Time

     0     0 32454.6271    0   10 29175.0000 32454.6271  11.2%     -    0s
H    0     0                    31583.000000 32454.6271  2.76%     -    0s
H    0     0                    31606.000000 32454.6271  2.69%     -    0s
H    0     0                    32003.000000 32454.6271  1.41%     -    0s
H    0     0                    32040.001173 32454.6271  1.29%     -    0s
     0     0 32197.0000    0   21 32040.0012 32197.0000  0.49%     -    0s
H    0     0                    32110.000000 32197.0000  0.27%     -    0s
     0     0 32197.0000    0   23 32110.0000 32197.0000  0.27%     -    0s
     0     0 32197.0000    0   11 32110.0000 32197.0000  0.27%     -    0s
H    0     0                    32129.000000 32197.0000  0.21%     -    0s
     0     2 32197.0000    0   11 32129.0000 32197.0000  0.21%     -    1s
H   91   116                    32158.000000 32197.0000  0.12%  10.6    1s
H 1603  1345                    32162.000000 32197.0000  0.11%   7.3    4s
  1605  1347 32197.0000   73   12 32162.0000 32197.0000  0.11%   7.3    5s
H 1612  1283                    32186.000000 32197.0000  0.03%   7.2    6s
  1650  1321 32197.0000   17   11 32186.0000 32197.0000  0.03%   8.9   11s
  2222  1592     cutoff   40      32186.0000 32197.0000  0.03%   8.4   15s
 12898  9373     cutoff  129      32186.0000 32197.0000  0.03%   6.3   20s
 35825 25560 32188.6395   77   11 32186.0000 32197.0000  0.03%   5.7   26s
 35832 25565 32197.0000   65   15 32186.0000 32197.0000  0.03%   5.7   30s
 35867 25596 32197.0000   29    8 32186.0000 32197.0000  0.03%   5.7   35s
 35927 25622 32197.0000   31   13 32186.0000 32197.0000  0.03%   5.7   43s
 41010 29277 32196.0000   82   10 32186.0000 32197.0000  0.03%   5.7   45s
 47138 31175 32197.0000   63    9 32186.0000 32197.0000  0.03%   5.6   50s
 73674 46175 32197.0000  115   11 32186.0000 32197.0000  0.03%   5.4   55s
 92022 54602 32197.0000  135   14 32186.0000 32197.0000  0.03%   5.4   60s
 106547 58817 32197.0000  197   12 32186.0000 32197.0000  0.03%   5.4   67s
 106879 60713 32197.0000  199   12 32186.0000 32197.0000  0.03%   5.4   70s
 141227 85881 32197.0000   67   10 32186.0000 32197.0000  0.03%   5.4   75s
 164282 99628     cutoff  168      32186.0000 32197.0000  0.03%   5.4   81s
 179566 110692 32197.0000  116   14 32186.0000 32197.0000  0.03%   5.4   85s
 196463 121476 32197.0000  114   13 32186.0000 32197.0000  0.03%   5.4   90s
 203784 125037 32197.0000  149   11 32186.0000 32197.0000  0.03%   5.5   98s
 203799 132207 32197.0000  150   15 32186.0000 32197.0000  0.03%   5.5  102s
 215811 132609 32197.0000   99   16 32186.0000 32197.0000  0.03%   5.5  105s
 225813 136712     cutoff  139      32186.0000 32197.0000  0.03%   5.6  110s
 234984 141805     cutoff  146      32186.0000 32197.0000  0.03%   5.8  115s
 244755 147500     cutoff  123      32186.0000 32197.0000  0.03%   5.9  120s
 255830 153519 32188.0000  125   14 32186.0000 32197.0000  0.03%   6.0  128s
 258749 156049 32197.0000  134    9 32186.0000 32197.0000  0.03%   6.0  130s
 267518 160980 32197.0000  143   18 32186.0000 32197.0000  0.03%   6.1  136s
 275181 165609 32197.0000  126   14 32186.0000 32197.0000  0.03%   6.2  140s
 280315 167351 32190.1631  146   23 32186.0000 32197.0000  0.03%   6.2  149s
 280330 168540     cutoff  147      32186.0000 32197.0000  0.03%   6.2  150s
 293106 175060     cutoff  167      32186.0000 32197.0000  0.03%   6.3  159s
 295472 177238 32195.0000  152   18 32186.0000 32197.0000  0.03%   6.4  160s
 304661 182557 32189.0000  118   12 32186.0000 32197.0000  0.03%   6.5  165s
 318381 191062 32197.0000  135   16 32186.0000 32197.0000  0.03%   6.6  171s
 326011 196121 32197.0000   90   23 32186.0000 32197.0000  0.03%   6.7  176s
 333515 201351 32188.0000  176   13 32186.0000 32197.0000  0.03%   6.7  180s
 335739 209737     cutoff   83      32186.0000 32197.0000  0.03%   6.7  188s
 349709 210977 32197.0000  190   17 32186.0000 32197.0000  0.03%   6.8  195s
 363356 222553 32197.0000   77   15 32186.0000 32197.0000  0.03%   6.9  200s
 367045 223960 32196.0000  118   17 32186.0000 32197.0000  0.03%   7.0  205s
 378204 233264 32197.0000   99   15 32186.0000 32197.0000  0.03%   7.0  210s
 385560 238420 32197.0000   88   19 32186.0000 32197.0000  0.03%   7.1  215s
 394197 244956 32197.0000  154   32 32186.0000 32197.0000  0.03%   7.1  220s
 406549 253782 32197.0000  107   13 32186.0000 32197.0000  0.03%   7.2  225s
 413489 258069 32197.0000  123   23 32186.0000 32197.0000  0.03%   7.3  231s
 416660 259781 32197.0000  122   12 32186.0000 32197.0000  0.03%   7.3  238s
 416672 261058 32197.0000  123   12 32186.0000 32197.0000  0.03%   7.3  240s
 428677 268845 32189.0000  141   11 32186.0000 32197.0000  0.03%   7.4  247s
 435999 274924 32197.0000  119   21 32186.0000 32197.0000  0.03%   7.4  250s
 446085 282074 32197.0000  121   13 32186.0000 32197.0000  0.03%   7.5  255s
 449486 283169 32197.0000   93   15 32186.0000 32197.0000  0.03%   7.5  261s
 454989 288140 32197.0000  108   23 32186.0000 32197.0000  0.03%   7.5  265s
 467286 296204     cutoff  158      32186.0000 32197.0000  0.03%   7.6  270s
 474102 300027 32197.0000  127   18 32186.0000 32197.0000  0.03%   7.7  275s
 478160 301029     cutoff  130      32186.0000 32197.0000  0.03%   7.7  283s
 480086 302692 32188.0000  139   16 32186.0000 32197.0000  0.03%   7.7  285s
 487501 306760 32196.9709  148   20 32186.0000 32197.0000  0.03%   7.8  290s
 495018 311588 32197.0000  111   11 32186.0000 32197.0000  0.03%   7.9  295s
 500989 314755 32188.6997  134   13 32186.0000 32197.0000  0.03%   7.9  300s
 505375 319034 32197.0000  123   10 32186.0000 32197.0000  0.03%   8.0  306s
 511561 321360     cutoff  192      32186.0000 32197.0000  0.03%   8.0  310s
 519956 325335 32197.0000  197   20 32186.0000 32197.0000  0.03%   8.1  319s
H520649 312918                    32187.000000 32197.0000  0.03%   8.1  319s
 520650 314292 32197.0000  128   11 32187.0000 32197.0000  0.03%   8.1  320s
 527725 318276 32197.0000   92   17 32187.0000 32197.0000  0.03%   8.1  325s
 534584 320651     cutoff  128      32187.0000 32197.0000  0.03%   8.2  335s
 542068 325819 32197.0000  129   15 32187.0000 32197.0000  0.03%   8.3  341s
 548656 329387 32197.0000  143   14 32187.0000 32197.0000  0.03%   8.3  346s
H554528 286705                    32191.000000 32197.0000  0.02%   8.3  353s
 556982 289206 32197.0000   94   16 32191.0000 32197.0000  0.02%   8.4  356s
 558842 289214 32197.0000  150   21 32191.0000 32197.0000  0.02%   8.4  360s
 558933 289286 32197.0000   43   12 32191.0000 32197.0000  0.02%   8.4  369s
 559302 289702 32197.0000   59   16 32191.0000 32197.0000  0.02%   8.4  373s
 562714 291585 32197.0000   47   13 32191.0000 32197.0000  0.02%   8.3  376s
 581145 296854     cutoff  210      32191.0000 32197.0000  0.02%   8.2  380s
 622806 311848     cutoff  146      32191.0000 32197.0000  0.02%   8.0  385s
 627014 311875     cutoff  139      32191.0000 32197.0000  0.02%   8.0  392s
 631370 312435 32197.0000  156   10 32191.0000 32197.0000  0.02%   8.0  395s
 642690 310637 32195.6688  171   23 32191.0000 32197.0000  0.02%   8.0  400s
 659754 314578     cutoff  133      32191.0000 32197.0000  0.02%   8.0  405s
 676877 318907     cutoff  148      32191.0000 32197.0000  0.02%   8.0  410s
 686340 321527 32197.0000  122   17 32191.0000 32197.0000  0.02%   8.0  415s
 696249 323354 32197.0000   97   12 32191.0000 32197.0000  0.02%   8.0  423s
 696403 323607 32197.0000   98   12 32191.0000 32197.0000  0.02%   8.0  426s
 703391 326206 32197.0000  132   14 32191.0000 32197.0000  0.02%   8.0  430s
 715579 327809 32197.0000  133    9 32191.0000 32197.0000  0.02%   8.0  435s
 723060 327356 32193.0000  144   11 32191.0000 32197.0000  0.02%   8.0  440s
 732240 329417 32197.0000  116   18 32191.0000 32197.0000  0.02%   8.0  445s
 745300 333125     cutoff  144      32191.0000 32197.0000  0.02%   8.0  450s
 757222 335982     cutoff  142      32191.0000 32197.0000  0.02%   8.1  458s
 757830 335777     cutoff  143      32191.0000 32197.0000  0.02%   8.1  464s
 757852 337015 32195.0000  131   17 32191.0000 32197.0000  0.02%   8.1  465s
 769358 339931 32193.6997  127   15 32191.0000 32197.0000  0.02%   8.1  470s
 778705 341717 32196.0000  127   16 32191.0000 32197.0000  0.02%   8.1  475s
 790113 344544 32197.0000  142   18 32191.0000 32197.0000  0.02%   8.2  481s
 795457 345826 32197.0000  151   14 32191.0000 32197.0000  0.02%   8.2  485s
 800152 352013 32197.0000  123   15 32191.0000 32197.0000  0.02%   8.2  495s
 815209 350552 32197.0000  146   20 32191.0000 32197.0000  0.02%   8.2  501s
 822591 351935 32192.4232  112   15 32191.0000 32197.0000  0.02%   8.2  505s
 826165 351863 32197.0000  112   11 32191.0000 32197.0000  0.02%   8.3  513s
 827753 353444 32197.0000  135   15 32191.0000 32197.0000  0.02%   8.3  515s
 836863 356756 32197.0000  144   14 32191.0000 32197.0000  0.02%   8.3  520s
 842532 357697 32197.0000  117   17 32191.0000 32197.0000  0.02%   8.3  525s
 849188 360967 32194.0000  150   10 32191.0000 32197.0000  0.02%   8.3  530s
 858630 363741 32197.0000  122   20 32191.0000 32197.0000  0.02%   8.4  535s
 866097 365003 32197.0000  137   11 32191.0000 32197.0000  0.02%   8.4  544s
 866356 366209 32197.0000  138   11 32191.0000 32197.0000  0.02%   8.4  545s
 872218 367615 32197.0000  133   16 32191.0000 32197.0000  0.02%   8.4  550s
 881307 370645 32197.0000   98   19 32191.0000 32197.0000  0.02%   8.4  556s
 885094 371484 32195.0000  117   13 32191.0000 32197.0000  0.02%   8.5  560s
 893581 374731 32197.0000  155   22 32191.0000 32197.0000  0.02%   8.5  565s
H897486 354420                    32192.000000 32197.0000  0.02%   8.5  570s
 898645 355843 32197.0000  160   13 32192.0000 32197.0000  0.02%   8.5  576s
 905319 357579 32197.0000   95   15 32192.0000 32197.0000  0.02%   8.5  580s
 913201 359115 32197.0000  122   17 32192.0000 32197.0000  0.02%   8.6  585s
 921101 361227 32197.0000  110   22 32192.0000 32197.0000  0.02%   8.6  590s
 928584 362972 32197.0000   88   15 32192.0000 32197.0000  0.02%   8.6  595s
 932282 363260 32197.0000  109   12 32192.0000 32197.0000  0.02%   8.6  600s
 938081 364751     cutoff  162      32192.0000 32197.0000  0.02%   8.6  606s
 941804 364587 32196.0000  141   10 32192.0000 32197.0000  0.02%   8.6  614s
 941921 365571 32196.0000  142   10 32192.0000 32197.0000  0.02%   8.6  616s
 949193 367479 32197.0000  142   14 32192.0000 32197.0000  0.02%   8.7  620s
 955076 368405 32197.0000  154   16 32192.0000 32197.0000  0.02%   8.7  625s
 962802 369480 32197.0000  101   17 32192.0000 32197.0000  0.02%   8.7  636s
 967446 370780 32197.0000  124   28 32192.0000 32197.0000  0.02%   8.8  640s
 972775 371672 32193.0000  147   11 32192.0000 32197.0000  0.02%   8.8  645s
 979790 373446 32197.0000  119   10 32192.0000 32197.0000  0.02%   8.8  650s
 985744 373919 32195.0000  102   11 32192.0000 32197.0000  0.02%   8.8  655s
 991030 375385     cutoff  155      32192.0000 32197.0000  0.02%   8.8  660s
 997036 376452 32197.0000  164   14 32192.0000 32197.0000  0.02%   8.9  665s
 1002428 376915 32197.0000  132   13 32192.0000 32197.0000  0.02%   8.9  670s
 1011515 377321 32197.0000  127   13 32192.0000 32197.0000  0.02%   8.9  675s
 1017411 376706 32197.0000  153   15 32192.0000 32197.0000  0.02%   8.9  684s
 1017425 377224 32197.0000  154   14 32192.0000 32197.0000  0.02%   8.9  685s
 1024335 376868 32197.0000  133    8 32192.0000 32197.0000  0.02%   9.0  690s
 1033274 377490 32197.0000  148   11 32192.0000 32197.0000  0.02%   9.0  695s
 1038048 377766     cutoff  101      32192.0000 32197.0000  0.02%   9.0  701s
 1048431 380216 32197.0000  118    9 32192.0000 32197.0000  0.02%   9.0  705s
 1063718 377721     cutoff  122      32192.0000 32197.0000  0.02%   8.9  711s
 1076317 379835 32197.0000  102   13 32192.0000 32197.0000  0.02%   8.9  715s
 1090926 380067     cutoff  111      32192.0000 32197.0000  0.02%   8.9  720s
 1103249 378204 32193.0000  116    9 32192.0000 32197.0000  0.02%   8.9  730s
 1116227 379949 32197.0000  134   12 32192.0000 32197.0000  0.02%   8.9  735s
 1124490 379438 32194.0000  127    9 32192.0000 32197.0000  0.02%   8.9  742s
 1131229 380267 32197.0000  121   16 32192.0000 32197.0000  0.02%   8.9  745s
 1145733 381281 32197.0000  118   10 32192.0000 32197.0000  0.02%   8.9  750s
 1159074 381525 32197.0000  131   10 32192.0000 32197.0000  0.02%   8.8  761s
 1166867 382238 32197.0000  109    9 32192.0000 32197.0000  0.02%   8.8  765s
 1180156 382081     cutoff  133      32192.0000 32197.0000  0.02%   8.8  770s
 1190655 381431     cutoff  113      32192.0000 32197.0000  0.02%   8.8  781s
 1196312 382212 32197.0000  104   13 32192.0000 32197.0000  0.02%   8.8  786s
 1211000 382494 32193.0000  118    7 32192.0000 32197.0000  0.02%   8.8  790s
 1214445 382263 32196.0000  104    8 32192.0000 32197.0000  0.02%   8.8  796s
 1224788 382750 32197.0000  101   10 32192.0000 32197.0000  0.02%   8.8  800s
 1239033 382211     cutoff  130      32192.0000 32197.0000  0.02%   8.7  805s
 1254017 382270 32197.0000  108    8 32192.0000 32197.0000  0.02%   8.7  810s
 1266194 383318 32194.0000  132    9 32192.0000 32197.0000  0.02%   8.7  818s
 1269001 384473 32197.0000  139   10 32192.0000 32197.0000  0.02%   8.7  820s
 1280176 382851     cutoff  138      32192.0000 32197.0000  0.02%   8.7  825s
 1289927 381434 32197.0000  146    8 32192.0000 32197.0000  0.02%   8.7  830s
 1299018 379684 32197.0000  146    7 32192.0000 32197.0000  0.02%   8.7  835s
 1306322 378010 32197.0000  147   11 32192.0000 32197.0000  0.02%   8.7  842s
H1308394 344578                    32193.000000 32197.0000  0.01%   8.7  844s
 1308894 344768 32197.0000  154    9 32193.0000 32197.0000  0.01%   8.7  845s
 1320048 343635 32197.0000  106    9 32193.0000 32197.0000  0.01%   8.7  850s
 1332846 341669     cutoff  119      32193.0000 32197.0000  0.01%   8.7  857s
 1337638 340711     cutoff  125      32193.0000 32197.0000  0.01%   8.7  860s
 1344836 339781     cutoff  127      32193.0000 32197.0000  0.01%   8.6  869s
 1347360 340061 32197.0000  103    9 32193.0000 32197.0000  0.01%   8.6  870s
 1359498 341855     cutoff  120      32193.0000 32197.0000  0.01%   8.6  875s
 1366534 343032 32197.0000  121   12 32193.0000 32197.0000  0.01%   8.6  883s
 1368714 343747 32197.0000  132    9 32193.0000 32197.0000  0.01%   8.6  885s
 1380254 347603     cutoff  141      32193.0000 32197.0000  0.01%   8.6  890s
 1391078 351939 32197.0000   96    9 32193.0000 32197.0000  0.01%   8.6  895s
 1405868 356744 32197.0000  128    7 32193.0000 32197.0000  0.01%   8.6  900s
 1407856 356783     cutoff  164      32193.0000 32197.0000  0.01%   8.6  905s
 1423782 360806 32197.0000  155    7 32193.0000 32197.0000  0.01%   8.6  910s
 1434462 362757 32197.0000  127    6 32193.0000 32197.0000  0.01%   8.6  915s
 1442205 363510 32197.0000  159    8 32193.0000 32197.0000  0.01%   8.5  924s
 1442258 363561     cutoff  161      32193.0000 32197.0000  0.01%   8.5  925s
 1451835 364790 32197.0000  132    8 32193.0000 32197.0000  0.01%   8.5  930s
 1463833 365017 32197.0000  127    7 32193.0000 32197.0000  0.01%   8.5  935s
 1475554 365271 32197.0000  129    8 32193.0000 32197.0000  0.01%   8.5  944s
 1475943 365296 32197.0000  130    9 32193.0000 32197.0000  0.01%   8.5  945s
 1486679 365993 32197.0000  123    7 32193.0000 32197.0000  0.01%   8.5  950s
 1499808 368264     cutoff  142      32193.0000 32197.0000  0.01%   8.4  955s
 1514496 371290     cutoff  114      32193.0000 32197.0000  0.01%   8.4  962s
 1523874 374250     cutoff  104      32193.0000 32197.0000  0.01%   8.4  965s
 1530848 376605 32197.0000  118   13 32193.0000 32197.0000  0.01%   8.4  970s
 1545717 380805 32197.0000  120   10 32193.0000 32197.0000  0.01%   8.4  975s
 1558242 384437 32197.0000   85    8 32193.0000 32197.0000  0.01%   8.4  983s
 1558879 384489 32197.0000   85    9 32193.0000 32197.0000  0.01%   8.4  989s
 1559068 385252 32197.0000   86    6 32193.0000 32197.0000  0.01%   8.4  990s
 1573120 388343     cutoff  105      32193.0000 32197.0000  0.01%   8.4  995s
 1584249 391120 32195.0000  135   12 32193.0000 32197.0000  0.01%   8.4 1001s
 1591542 393297 32197.0000  120   14 32193.0000 32197.0000  0.01%   8.4 1009s
 1591556 393868     cutoff  120      32193.0000 32197.0000  0.01%   8.4 1010s
 1606818 397592     cutoff  124      32193.0000 32197.0000  0.01%   8.4 1015s
 1619611 400303     cutoff  132      32193.0000 32197.0000  0.01%   8.4 1020s
 1632599 404046 32197.0000  127   11 32193.0000 32197.0000  0.01%   8.3 1025s
 1646159 406544 32197.0000  120    8 32193.0000 32197.0000  0.01%   8.3 1030s
 1657270 409074 32197.0000  134   11 32193.0000 32197.0000  0.01%   8.3 1035s
 1669899 412407     cutoff  111      32193.0000 32197.0000  0.01%   8.3 1040s
 1675413 413572 32197.0000  141   10 32193.0000 32197.0000  0.01%   8.3 1049s
 1675639 413756 32197.0000  142   11 32193.0000 32197.0000  0.01%   8.3 1054s
 1676303 414310     cutoff  159      32193.0000 32197.0000  0.01%   8.3 1055s
 1692581 417234 32197.0000  168    9 32193.0000 32197.0000  0.01%   8.3 1060s
 1703803 418216 32197.0000  109   10 32193.0000 32197.0000  0.01%   8.3 1065s
 1716531 419069 32197.0000  128   10 32193.0000 32197.0000  0.01%   8.3 1070s
 1723905 419658     cutoff  144      32193.0000 32197.0000  0.01%   8.2 1076s
 1734453 420085     cutoff  121      32193.0000 32197.0000  0.01%   8.2 1080s
 1746270 420672     cutoff  110      32193.0000 32197.0000  0.01%   8.2 1085s
 1761113 421778     cutoff  126      32193.0000 32197.0000  0.01%   8.2 1090s
 1773232 422625 32197.0000  125   10 32193.0000 32197.0000  0.01%   8.2 1095s
 1782677 422915     cutoff  116      32193.0000 32197.0000  0.01%   8.2 1100s
 1788373 423417     cutoff  143      32193.0000 32197.0000  0.01%   8.2 1107s
 1788803 423464     cutoff  141      32193.0000 32197.0000  0.01%   8.2 1113s
 1796418 424315 32197.0000  147   12 32193.0000 32197.0000  0.01%   8.1 1115s
 1812506 426544 32197.0000  146    8 32193.0000 32197.0000  0.01%   8.1 1120s
 1825849 427965     cutoff  151      32193.0000 32197.0000  0.01%   8.1 1125s
 1840937 429025 32197.0000  129    8 32193.0000 32197.0000  0.01%   8.1 1133s
 1845312 429612 32197.0000  168    8 32193.0000 32197.0000  0.01%   8.1 1135s
 1855390 430419 32197.0000  145    9 32193.0000 32197.0000  0.01%   8.1 1140s
 1867552 431896     cutoff  154      32193.0000 32197.0000  0.01%   8.1 1145s
 1874331 433270     cutoff  112      32193.0000 32197.0000  0.01%   8.1 1150s
 1878466 433765     cutoff  113      32193.0000 32197.0000  0.01%   8.1 1157s
 1885888 435762 32197.0000  100   10 32193.0000 32197.0000  0.01%   8.1 1163s
 1890660 436839 32197.0000  126    9 32193.0000 32197.0000  0.01%   8.1 1165s
 1903737 438095 32197.0000  112   10 32193.0000 32197.0000  0.01%   8.1 1170s
 1918369 440112 32197.0000  121    6 32193.0000 32197.0000  0.01%   8.1 1175s
 1925892 440749 32197.0000  120   10 32193.0000 32197.0000  0.01%   8.1 1180s
 1935931 442085 32197.0000  117   10 32193.0000 32197.0000  0.01%   8.1 1185s
 1945439 443185 32197.0000  113    9 32193.0000 32197.0000  0.01%   8.1 1194s
 1945469 444926 32197.0000  114   11 32193.0000 32197.0000  0.01%   8.1 1202s
 1959993 445636 32195.0000  115    9 32193.0000 32197.0000  0.01%   8.1 1205s
 1972788 447699 32197.0000  127    8 32193.0000 32197.0000  0.01%   8.1 1210s
 1985754 449698 32197.0000  124    9 32193.0000 32197.0000  0.01%   8.1 1215s
 1996773 451713 32197.0000  124    9 32193.0000 32197.0000  0.01%   8.1 1220s
 2006450 453190 32197.0000   98    8 32193.0000 32197.0000  0.01%   8.1 1229s
 2006610 453533 32197.0000   99    9 32193.0000 32197.0000  0.01%   8.1 1231s
 2014779 454419 32197.0000  132    9 32193.0000 32197.0000  0.01%   8.1 1235s
 2024173 456118     cutoff  139      32193.0000 32197.0000  0.01%   8.1 1245s
 2033919 457388 32197.0000  107   11 32193.0000 32197.0000  0.01%   8.1 1250s
 2041931 458866 32197.0000  121   13 32193.0000 32197.0000  0.01%   8.1 1255s
 2052867 460822 32197.0000  107    9 32193.0000 32197.0000  0.01%   8.1 1260s
 2060211 462245 32197.0000  120   11 32193.0000 32197.0000  0.01%   8.1 1265s
 2067801 463599 32197.0000  113    9 32193.0000 32197.0000  0.01%   8.1 1270s
 2069933 463663 32197.0000  120   11 32193.0000 32197.0000  0.01%   8.1 1275s
 2078896 465223 32197.0000  115   12 32193.0000 32197.0000  0.01%   8.1 1281s
 2086363 466059     cutoff  141      32193.0000 32197.0000  0.01%   8.1 1285s
 2093793 466670 32197.0000  120   10 32193.0000 32197.0000  0.01%   8.1 1290s
 2105174 467851 32197.0000  163    7 32193.0000 32197.0000  0.01%   8.1 1295s
 2119557 469888     cutoff  110      32193.0000 32197.0000  0.01%   8.1 1300s
 2121450 469931 32197.0000  121    8 32193.0000 32197.0000  0.01%   8.1 1307s
 2121658 469983 32197.0000  121   10 32193.0000 32197.0000  0.01%   8.1 1311s
 2128257 471044 32197.0000  115   10 32193.0000 32197.0000  0.01%   8.1 1315s
 2139823 472380 32197.0000  132   11 32193.0000 32197.0000  0.01%   8.1 1320s
 2145419 472926 32197.0000  133   11 32193.0000 32197.0000  0.01%   8.1 1327s
 2151683 473716     cutoff  151      32193.0000 32197.0000  0.01%   8.1 1330s
 2164498 475452     cutoff  140      32193.0000 32197.0000  0.01%   8.1 1335s
 2177670 476999 32196.0000  147    6 32193.0000 32197.0000  0.01%   8.1 1340s
 2190361 478463     cutoff  137      32193.0000 32197.0000  0.01%   8.1 1345s
 2198950 479837     cutoff  150      32193.0000 32197.0000  0.01%   8.1 1350s
 2202843 480123     cutoff  137      32193.0000 32197.0000  0.01%   8.1 1356s
 2209008 481190 32197.0000  130   10 32193.0000 32197.0000  0.01%   8.1 1360s
 2220812 482689 32197.0000  119    9 32193.0000 32197.0000  0.01%   8.1 1369s
 2221141 482826 32197.0000  100   11 32193.0000 32197.0000  0.01%   8.1 1370s
 2232619 483744     cutoff  135      32193.0000 32197.0000  0.01%   8.1 1375s
 2243590 484744     cutoff  132      32193.0000 32197.0000  0.01%   8.1 1380s
 2254744 486034     cutoff  119      32193.0000 32197.0000  0.01%   8.1 1385s
 2263701 487208     cutoff  121      32193.0000 32197.0000  0.01%   8.1 1391s
 2272297 489230 32197.0000  133    8 32193.0000 32197.0000  0.01%   8.1 1395s
 2284096 490846 32197.0000  119   11 32193.0000 32197.0000  0.01%   8.1 1400s
 2293169 491810     cutoff   98      32193.0000 32197.0000  0.01%   8.1 1410s
 2293302 491820 32197.0000  100   11 32193.0000 32197.0000  0.01%   8.1 1417s
 2299952 492472     cutoff  125      32193.0000 32197.0000  0.01%   8.1 1422s
 2305427 493407 32197.0000  133    8 32193.0000 32197.0000  0.01%   8.1 1425s
 2317383 494821 32197.0000  120   11 32193.0000 32197.0000  0.01%   8.1 1430s
 2330404 497426     cutoff  146      32193.0000 32197.0000  0.01%   8.1 1435s
 2339290 498903 32197.0000  137   15 32193.0000 32197.0000  0.01%   8.1 1440s
 2352932 500669 32197.0000  105   12 32193.0000 32197.0000  0.01%   8.2 1450s
 2364628 503892 32197.0000  118    7 32193.0000 32197.0000  0.01%   8.2 1455s
 2377773 506225     cutoff  118      32193.0000 32197.0000  0.01%   8.2 1460s
 2388299 509288 32197.0000  101   10 32193.0000 32197.0000  0.01%   8.2 1465s
 2399057 511180 32197.0000  127   10 32193.0000 32197.0000  0.01%   8.2 1474s
 2399825 511652 32197.0000  102    8 32193.0000 32197.0000  0.01%   8.2 1475s
 2403677 512447 32197.0000  122   10 32193.0000 32197.0000  0.01%   8.2 1480s
 2412918 513935 32197.0000  133   11 32193.0000 32197.0000  0.01%   8.2 1485s
 2422526 515256 32196.0000  115    8 32193.0000 32197.0000  0.01%   8.2 1495s
 2433161 517003 32197.0000  134    7 32193.0000 32197.0000  0.01%   8.2 1500s
 2444879 518817 32197.0000   98    8 32193.0000 32197.0000  0.01%   8.2 1505s
 2455981 520799     cutoff  139      32193.0000 32197.0000  0.01%   8.2 1510s
 2466553 522867 32197.0000  122    8 32193.0000 32197.0000  0.01%   8.2 1515s
 2475819 524197     cutoff  129      32193.0000 32197.0000  0.01%   8.2 1525s
 2476120 524281     cutoff  128      32193.0000 32197.0000  0.01%   8.2 1531s
 2481831 525582     cutoff  144      32193.0000 32197.0000  0.01%   8.2 1535s
 2492358 527348     cutoff  104      32193.0000 32197.0000  0.01%   8.2 1540s
 2501751 529037     cutoff  128      32193.0000 32197.0000  0.01%   8.2 1545s
 2512800 530796 32197.0000  107   14 32193.0000 32197.0000  0.01%   8.2 1550s
 2523823 532844     cutoff  115      32193.0000 32197.0000  0.01%   8.2 1555s
 2531398 533641     cutoff  116      32193.0000 32197.0000  0.01%   8.2 1561s
 2540145 536006     cutoff  148      32193.0000 32197.0000  0.01%   8.2 1565s
 2551452 537909 32197.0000  128   11 32193.0000 32197.0000  0.01%   8.2 1570s
 2564480 539039     cutoff  127      32193.0000 32197.0000  0.01%   8.2 1581s
 2566879 539391     cutoff  126      32193.0000 32197.0000  0.01%   8.2 1587s
 2569581 539669 32197.0000  129   10 32193.0000 32197.0000  0.01%   8.2 1590s
 2585376 540470 32197.0000  116    9 32193.0000 32197.0000  0.01%   8.2 1595s
 2594145 540554     cutoff  131      32193.0000 32197.0000  0.01%   8.2 1600s
 2607096 541240 32197.0000  123    7 32193.0000 32197.0000  0.01%   8.2 1605s
 2614428 542071 32197.0000  129    8 32193.0000 32197.0000  0.01%   8.2 1613s
 2617101 542259     cutoff  110      32193.0000 32197.0000  0.01%   8.2 1619s
 2620057 542443 32197.0000  115    7 32193.0000 32197.0000  0.01%   8.2 1621s
 2631588 544500     cutoff  114      32193.0000 32197.0000  0.01%   8.2 1625s
 2644687 546385     cutoff  112      32193.0000 32197.0000  0.01%   8.3 1630s
 2654912 548052     cutoff  103      32193.0000 32197.0000  0.01%   8.3 1635s
 2664714 549556 32197.0000  127    7 32193.0000 32197.0000  0.01%   8.3 1640s
 2673807 550047 32197.0000  134    7 32193.0000 32197.0000  0.01%   8.3 1645s
 2675796 550041 32197.0000  149    7 32193.0000 32197.0000  0.01%   8.3 1650s
 2676271 549893     cutoff  135      32193.0000 32197.0000  0.01%   8.3 1658s
 2685005 549993 32197.0000  137    7 32193.0000 32197.0000  0.01%   8.3 1660s
 2700004 551213 32197.0000  139    8 32193.0000 32197.0000  0.01%   8.2 1665s
 2710364 551371     cutoff  112      32193.0000 32197.0000  0.01%   8.2 1671s
 2719005 551518 32197.0000  130    7 32193.0000 32197.0000  0.01%   8.2 1675s
 2733146 553364     cutoff  110      32193.0000 32197.0000  0.01%   8.2 1680s
 2746277 555542 32197.0000  126   12 32193.0000 32197.0000  0.01%   8.2 1685s
 2748174 555597 32197.0000   95   10 32193.0000 32197.0000  0.01%   8.2 1693s
 2750152 556026     cutoff  127      32193.0000 32197.0000  0.01%   8.2 1697s
 2750761 557247     cutoff  116      32193.0000 32197.0000  0.01%   8.2 1700s
 2770743 558103     cutoff  128      32193.0000 32197.0000  0.01%   8.2 1705s
 2781897 558357 32197.0000  145   11 32193.0000 32197.0000  0.01%   8.2 1712s
 2786628 559127     cutoff  122      32193.0000 32197.0000  0.01%   8.2 1715s
 2799555 560454 32197.0000   93   16 32193.0000 32197.0000  0.01%   8.3 1720s
 2810768 561602 32197.0000  138    6 32193.0000 32197.0000  0.01%   8.3 1725s
 2820276 562098 32197.0000  118    7 32193.0000 32197.0000  0.01%   8.3 1732s
 2829057 563682 32197.0000  106    9 32193.0000 32197.0000  0.01%   8.3 1735s
 2838830 565908 32197.0000  118    6 32193.0000 32197.0000  0.01%   8.2 1740s
 2848483 566435     cutoff  106      32193.0000 32197.0000  0.01%   8.2 1745s
 2861483 567328 32197.0000  108   10 32193.0000 32197.0000  0.01%   8.2 1751s
 2867597 567918     cutoff  147      32193.0000 32197.0000  0.01%   8.2 1755s
 2869708 567954 32197.0000  111   10 32193.0000 32197.0000  0.01%   8.2 1760s
 2869967 568039 32197.0000  112   11 32193.0000 32197.0000  0.01%   8.2 1765s
 2875249 568610 32197.0000   97   11 32193.0000 32197.0000  0.01%   8.2 1770s
 2885262 569570 32197.0000  111   10 32193.0000 32197.0000  0.01%   8.2 1775s
 2896004 570557 32197.0000  107    9 32193.0000 32197.0000  0.01%   8.2 1780s
 2905671 571549 32197.0000  113    8 32193.0000 32197.0000  0.01%   8.2 1790s
 2917203 573580     cutoff  132      32193.0000 32197.0000  0.01%   8.2 1795s
 2926781 575544 32197.0000  119   10 32193.0000 32197.0000  0.01%   8.2 1801s
 2936568 577314     cutoff  108      32193.0000 32197.0000  0.01%   8.2 1805s
 2946349 578252 32197.0000  115   12 32193.0000 32197.0000  0.01%   8.2 1812s
 2950712 578780 32197.0000  117   11 32193.0000 32197.0000  0.01%   8.2 1815s
 2962151 580083 32197.0000  129   10 32193.0000 32197.0000  0.01%   8.2 1820s
 2966748 580321 32197.0000  137    8 32193.0000 32197.0000  0.01%   8.2 1825s
 2976336 581151 32197.0000  110   11 32193.0000 32197.0000  0.01%   8.2 1834s
 2976642 581511 32197.0000  115    8 32193.0000 32197.0000  0.01%   8.2 1835s
*2985366 545959             134    32194.000000 32197.0000  0.01%   8.2 1837s

Cutting planes:
  Gomory: 5
  Cover: 743
  Clique: 4
  MIR: 1
  StrongCG: 4
  Flow cover: 3
  Inf proof: 3
  Zero half: 1
  RLT: 1

Explored 2985490 nodes (24611375 simplex iterations) in 1837.98 seconds
Thread count was 12 (of 12 available processors)

Solution count 10: 32194 32193 32192 ... 32110

Optimal solution found (tolerance 1.00e-04)
Best objective 3.219400000000e+04, best bound 3.219700000000e+04, gap 0.0093%
