
Gurobi 9.1.2 (win64, Java) logging started Sat Nov  6 16:29:17 2021

Academic license - for non-commercial use only - expires 2022-10-30
Gurobi Optimizer version 9.1.2 build v9.1.2rc0 (win64)
Thread count: 6 physical cores, 12 logical processors, using up to 12 threads
Optimize a model with 70 rows, 600 columns and 1200 nonzeros
Model fingerprint: 0x91a52ee1
Variable types: 0 continuous, 600 integer (600 binary)
Coefficient statistics:
  Matrix range     [1e+00, 1e+03]
  Objective range  [4e+02, 1e+03]
  Bounds range     [1e+00, 1e+00]
  RHS range        [1e+00, 4e+03]
Found heuristic solution: objective 28983.000000
Presolve removed 0 rows and 155 columns
Presolve time: 0.02s
Presolved: 70 rows, 445 columns, 890 nonzeros
Variable types: 0 continuous, 445 integer (445 binary)
Presolved: 70 rows, 445 columns, 890 nonzeros


Root relaxation: objective 3.197804e+04, 212 iterations, 0.01 seconds

    Nodes    |    Current Node    |     Objective Bounds      |     Work
 Expl Unexpl |  Obj  Depth IntInf | Incumbent    BestBd   Gap | It/Node Time

     0     0 31978.0385    0   11 28983.0000 31978.0385  10.3%     -    0s
H    0     0                    31138.000000 31978.0385  2.70%     -    0s
H    0     0                    31233.000000 31978.0385  2.39%     -    0s
     0     0 31978.0385    0   24 31233.0000 31978.0385  2.39%     -    0s
H    0     0                    31283.000000 31978.0385  2.22%     -    0s
H    0     0                    31301.000000 31978.0385  2.16%     -    0s
     0     0 31978.0385    0   24 31301.0000 31978.0385  2.16%     -    0s
H    0     0                    31661.000017 31978.0385  1.00%     -    0s
     0     0 31978.0385    0   22 31661.0000 31978.0385  1.00%     -    0s
     0     0 31978.0385    0   22 31661.0000 31978.0385  1.00%     -    0s
H    0     2                    31738.000000 31978.0385  0.76%     -    0s
     0     2 31978.0385    0   11 31738.0000 31978.0385  0.76%     -    0s
H  244   273                    31759.000000 31978.0385  0.69%   5.6    0s
H 1342   927                    31778.000000 31978.0385  0.63%   5.5    0s
H 1359   892                    31784.000000 31803.0000  0.06%   6.9    1s
H38663 15589                    31789.000106 31803.0000  0.04%   8.5    3s
 39310 16575 31803.0000   60   13 31789.0001 31803.0000  0.04%   8.5    5s
H97322 26697                    31794.000000 31803.0000  0.03%   8.9    9s
 103760 31722 31797.0000   63   18 31794.0000 31803.0000  0.03%   9.0   10s
 167826 57279 31803.0000   94    4 31794.0000 31803.0000  0.03%   9.0   15s
 215732 63124 31800.0000  110    7 31794.0000 31803.0000  0.03%   9.4   20s
H224452 36826                    31798.000000 31803.0000  0.02%   9.3   20s
 243062 40724 31803.0000   76   14 31798.0000 31803.0000  0.02%   9.3   25s
 299831 56430 31803.0000  151   35 31798.0000 31803.0000  0.02%   9.5   30s
 348604 65743 31802.9483  168   38 31798.0000 31803.0000  0.02%  10.0   35s
 380347 79135 31799.4064  119   11 31798.0000 31803.0000  0.02%  10.4   40s
 393715 81875 31801.3235  116   42 31798.0000 31803.0000  0.02%  11.1   45s
 419073 87255 31801.1684  126   13 31798.0000 31803.0000  0.02%  12.1   50s
 447460 96594 31803.0000  110   13 31798.0000 31803.0000  0.02%  12.6   55s
 494431 121051 31801.1742  116   40 31798.0000 31803.0000  0.02%  12.8   60s
 543839 142666 31802.0000  122   12 31798.0000 31803.0000  0.02%  13.0   65s
 588745 164624 31803.0000  106    8 31798.0000 31803.0000  0.02%  13.3   70s
 632871 181643 31802.1790  117   39 31798.0000 31803.0000  0.02%  13.6   75s
 676989 197306 31802.6471  120   31 31798.0000 31803.0000  0.02%  13.8   80s
 711146 209586     cutoff  119      31798.0000 31803.0000  0.02%  14.0   85s
 762702 226751 infeasible  125      31798.0000 31803.0000  0.02%  14.2   90s
 796877 238044 31799.0000  122   15 31798.0000 31803.0000  0.02%  14.3   95s
 838442 251326 31802.0000  128   31 31798.0000 31803.0000  0.02%  14.4  100s
 885065 266230     cutoff  131      31798.0000 31803.0000  0.02%  14.6  105s
 934105 281668 31801.4000  112   20 31798.0000 31803.0000  0.02%  14.8  110s
 977666 294993 31802.0356  120   40 31798.0000 31803.0000  0.02%  14.9  115s
 1027329 310374 31799.0000  109   12 31798.0000 31803.0000  0.02%  15.1  120s
 1058818 320443 31803.0000  117   12 31798.0000 31803.0000  0.02%  15.2  125s
 1106728 336908     cutoff  136      31798.0000 31803.0000  0.02%  15.3  130s
 1144138 349507     cutoff  111      31798.0000 31803.0000  0.02%  15.4  135s
 1187616 363160 31803.0000  127   35 31798.0000 31803.0000  0.02%  15.5  140s
 1229284 374435     cutoff  129      31798.0000 31803.0000  0.02%  15.6  145s
 1275954 390744     cutoff  149      31798.0000 31803.0000  0.02%  15.7  150s
 1318183 406160 31803.0000  113   11 31798.0000 31803.0000  0.02%  15.8  155s
 1359556 420823 31802.5845  147   30 31798.0000 31803.0000  0.02%  15.9  160s
 1397534 434463 31803.0000  117   11 31798.0000 31803.0000  0.02%  15.9  165s
 1421613 444277 31802.0000  168   28 31798.0000 31803.0000  0.02%  16.0  170s
 1446286 455361     cutoff  150      31798.0000 31803.0000  0.02%  16.0  175s
 1464697 463703     cutoff  149      31798.0000 31803.0000  0.02%  16.0  180s
 1498993 471233 31801.2560  161   31 31798.0000 31803.0000  0.02%  16.0  185s
 1528803 480699 31802.3698  165   39 31798.0000 31803.0000  0.02%  16.1  190s
 1554713 489018 31801.7299  170   28 31798.0000 31803.0000  0.02%  16.1  195s
 1582751 497506 31800.0000  166   14 31798.0000 31803.0000  0.02%  16.2  200s
 1616853 508518 31802.0000  161   25 31798.0000 31803.0000  0.02%  16.1  205s
 1647895 519567 31803.0000  150   11 31798.0000 31803.0000  0.02%  16.1  210s
 1678535 529647 31801.6084  157   32 31798.0000 31803.0000  0.02%  16.2  215s
 1712183 541531     cutoff  145      31798.0000 31803.0000  0.02%  16.2  220s
 1746366 552653 31802.0000  159   23 31798.0000 31803.0000  0.02%  16.2  225s
 1773513 562124 31803.0000  149   16 31798.0000 31803.0000  0.02%  16.2  230s
 1805761 573452     cutoff  169      31798.0000 31803.0000  0.02%  16.2  235s
 1837720 584764 31802.3152  163   40 31798.0000 31803.0000  0.02%  16.2  240s
 1867659 596296     cutoff  129      31798.0000 31803.0000  0.02%  16.2  245s
 1897833 606810 31802.0530  180   25 31798.0000 31803.0000  0.02%  16.2  250s
 1926209 616828     cutoff  178      31798.0000 31803.0000  0.02%  16.2  255s
 1959553 629475 31799.0000  182   14 31798.0000 31803.0000  0.02%  16.2  260s
 1986773 640229 31801.0000  188   13 31798.0000 31803.0000  0.02%  16.3  265s
 2012549 649897 31803.0000  157   12 31798.0000 31803.0000  0.02%  16.3  270s
 2043597 662075     cutoff  175      31798.0000 31803.0000  0.02%  16.3  275s
 2075716 674221 31803.0000  162   35 31798.0000 31803.0000  0.02%  16.3  280s
 2103954 684648 31802.0000  163   10 31798.0000 31803.0000  0.02%  16.3  285s
 2134488 697236 31799.5659  134   23 31798.0000 31803.0000  0.02%  16.4  290s
 2166473 708513 31802.9979  180   33 31798.0000 31803.0000  0.02%  16.3  295s
 2203148 720906     cutoff  131      31798.0000 31803.0000  0.02%  16.3  300s
 2231786 731504 31802.2478  151   43 31798.0000 31803.0000  0.02%  16.3  305s
 2269421 744085     cutoff  173      31798.0000 31803.0000  0.02%  16.3  310s
 2314400 757428 31802.8187  126   18 31798.0000 31803.0000  0.02%  16.2  315s
 2336194 766324 31803.0000  119   10 31798.0000 31803.0000  0.02%  16.2  320s
 2372033 780982 31802.8678  135   38 31798.0000 31803.0000  0.02%  16.2  325s
 2399519 791693 31802.5878  130   26 31798.0000 31803.0000  0.02%  16.3  330s
 2439434 806364 31801.2366  150    8 31798.0000 31803.0000  0.02%  16.3  335s
 2477510 822559 31802.0928  161   32 31798.0000 31803.0000  0.02%  16.3  340s
 2517118 832590 31801.7488  158   43 31798.0000 31803.0000  0.02%  16.4  345s
 2569104 845487 31801.9158  163   43 31798.0000 31803.0000  0.02%  16.4  350s
 2603534 852889 31803.0000  147   10 31798.0000 31803.0000  0.02%  16.4  355s
 2655571 866863 31799.4634  164   21 31798.0000 31803.0000  0.02%  16.5  360s
 2690904 878147     cutoff  172      31798.0000 31803.0000  0.02%  16.4  365s
 2736633 892194 31802.0000  168   12 31798.0000 31803.0000  0.02%  16.4  370s
 2785734 906492 31802.0000  166   23 31798.0000 31803.0000  0.02%  16.4  375s
 2816809 916101 31802.9476  166   41 31798.0000 31803.0000  0.02%  16.5  380s
 2873500 931991 31802.1998  159   39 31798.0000 31803.0000  0.02%  16.5  385s
 2911898 942881 31801.0000  168   21 31798.0000 31803.0000  0.02%  16.5  390s
 2946164 955544 31802.8578  162   13 31798.0000 31803.0000  0.02%  16.5  395s
 2987120 964071 31801.4703  175   24 31798.0000 31803.0000  0.02%  16.5  400s
 3031360 975114     cutoff  165      31798.0000 31803.0000  0.02%  16.6  405s
 3068794 984793 31801.0000  162    9 31798.0000 31803.0000  0.02%  16.6  410s
 3115305 997071 31802.2557  172   38 31798.0000 31803.0000  0.02%  16.6  415s
 3155832 1007685 31802.2927  175   40 31798.0000 31803.0000  0.02%  16.6  420s
 3202512 1020290 31802.0147  161   36 31798.0000 31803.0000  0.02%  16.6  425s
 3244766 1032981     cutoff  159      31798.0000 31803.0000  0.02%  16.6  430s
 3292913 1046503 31800.1429  167   18 31798.0000 31803.0000  0.02%  16.6  435s
 3325435 1055742 31800.7903  172   22 31798.0000 31803.0000  0.02%  16.6  440s
 3366257 1066987     cutoff  173      31798.0000 31803.0000  0.02%  16.6  445s
 3414209 1081052 31801.0935  167   21 31798.0000 31803.0000  0.02%  16.6  450s
 3446248 1090973 31802.8802  159   15 31798.0000 31803.0000  0.02%  16.6  455s
 3491282 1104405 31801.0345  161   32 31798.0000 31803.0000  0.02%  16.6  460s
 3536940 1117770     cutoff  165      31798.0000 31803.0000  0.02%  16.6  465s
 3581352 1130083 31802.5991  159   28 31798.0000 31803.0000  0.02%  16.6  470s
 3619860 1141774 31802.9733  154   35 31798.0000 31803.0000  0.02%  16.6  475s
 3665092 1154054 31802.0000  163   28 31798.0000 31803.0000  0.02%  16.6  480s
 3709028 1166666     cutoff  181      31798.0000 31803.0000  0.02%  16.6  485s
 3757508 1182422 31802.2493  161   41 31798.0000 31803.0000  0.02%  16.6  490s
 3804300 1197378 31802.3216  170   41 31798.0000 31803.0000  0.02%  16.6  495s
 3839457 1208329 31802.1373  167   40 31798.0000 31803.0000  0.02%  16.6  500s
 3880508 1221098 31800.3749  157   34 31798.0000 31803.0000  0.02%  16.6  505s
 3932865 1237189 31802.7785  159   36 31798.0000 31803.0000  0.02%  16.6  510s
 3963974 1248267     cutoff  172      31798.0000 31803.0000  0.02%  16.6  515s
 4002162 1258844 31802.0000  170   22 31798.0000 31803.0000  0.02%  16.6  520s
 4050989 1274685 31800.0000  171   12 31798.0000 31803.0000  0.02%  16.6  525s
 4089488 1287143 31803.0000  151   13 31798.0000 31803.0000  0.02%  16.6  530s
 4126609 1299256 31802.0952  164   41 31798.0000 31803.0000  0.02%  16.6  535s
 4172375 1313361 31800.9020  169   34 31798.0000 31803.0000  0.02%  16.6  540s
 4219398 1327529 31802.5984  158   40 31798.0000 31803.0000  0.02%  16.6  545s
 4262013 1340067 31802.7048  170   33 31798.0000 31803.0000  0.02%  16.6  550s
 4296652 1350419 31803.0000  154   30 31798.0000 31803.0000  0.02%  16.6  555s
 4347442 1365887 31803.0000  159   35 31798.0000 31803.0000  0.02%  16.6  560s
 4387192 1377190 31800.0000  166   19 31798.0000 31803.0000  0.02%  16.6  565s
 4426627 1389187 31802.2252  161   47 31798.0000 31803.0000  0.02%  16.6  570s
 4474391 1403362 31802.8027  163   40 31798.0000 31803.0000  0.02%  16.6  575s
 4515743 1414728 31802.1714  156   42 31798.0000 31803.0000  0.02%  16.6  580s
 4545623 1423769     cutoff  159      31798.0000 31803.0000  0.02%  16.6  585s
 4602400 1440990 31802.0037  173   35 31798.0000 31803.0000  0.02%  16.6  590s
 4637914 1450937     cutoff  169      31798.0000 31803.0000  0.02%  16.6  596s
 4679564 1463509 31802.0000  156   30 31798.0000 31803.0000  0.02%  16.6  600s
 4720464 1475431 31799.7561  181   29 31798.0000 31803.0000  0.02%  16.6  605s
 4764234 1487762 31803.0000  165   27 31798.0000 31803.0000  0.02%  16.6  610s
 4801355 1498834     cutoff  174      31798.0000 31803.0000  0.02%  16.6  615s
 4847397 1511609     cutoff  169      31798.0000 31803.0000  0.02%  16.7  620s
 4887738 1523409 31802.7295  167   35 31798.0000 31803.0000  0.02%  16.7  625s
 4910955 1532230     cutoff  161      31798.0000 31803.0000  0.02%  16.7  630s
 4958937 1544264 31801.0000  170   15 31798.0000 31803.0000  0.02%  16.7  635s
 5002486 1558465     cutoff  165      31798.0000 31803.0000  0.02%  16.7  641s
 5048878 1569478 31803.0000  155   12 31798.0000 31803.0000  0.02%  16.7  645s
 5082333 1578935     cutoff  169      31798.0000 31803.0000  0.02%  16.7  650s
 5125828 1590061 31801.0000  167    7 31798.0000 31803.0000  0.02%  16.7  655s
 5171835 1601911     cutoff  174      31798.0000 31803.0000  0.02%  16.7  660s
 5199582 1608965     cutoff  178      31798.0000 31803.0000  0.02%  16.7  665s
 5246813 1621138 31802.2305  168   44 31798.0000 31803.0000  0.02%  16.7  670s
 5283920 1630969     cutoff  172      31798.0000 31803.0000  0.02%  16.7  675s
 5328179 1642343 31802.9761  160   36 31798.0000 31803.0000  0.02%  16.7  680s
 5365478 1653288 31802.0000  164   28 31798.0000 31803.0000  0.02%  16.7  685s
 5410975 1666109 31802.8169  172   39 31798.0000 31803.0000  0.02%  16.7  690s
 5450013 1677186 31801.0000  167    7 31798.0000 31803.0000  0.02%  16.7  695s
 5493932 1689309 31802.1925  169   42 31798.0000 31803.0000  0.02%  16.7  700s
 5538079 1700952 31802.0325  167   45 31798.0000 31803.0000  0.02%  16.7  705s
 5580222 1713240 31802.0000  174   13 31798.0000 31803.0000  0.02%  16.7  710s
 5612801 1722558 31803.0000  148   10 31798.0000 31803.0000  0.02%  16.7  715s
 5657773 1735472 31801.0000  166   16 31798.0000 31803.0000  0.02%  16.7  720s
 5701048 1747328 31802.2904  165   41 31798.0000 31803.0000  0.02%  16.7  725s
 5722723 1756005 31803.0000  146   12 31798.0000 31803.0000  0.02%  16.7  730s
 5772825 1766901     cutoff  165      31798.0000 31803.0000  0.02%  16.8  735s
 5807128 1775519 31801.3174  162   32 31798.0000 31803.0000  0.02%  16.8  740s
 5851289 1789275 31802.0000  171   13 31798.0000 31803.0000  0.02%  16.8  745s
 5884050 1799395     cutoff  183      31798.0000 31803.0000  0.02%  16.8  750s
 5920896 1810318 31803.0000  151    6 31798.0000 31803.0000  0.02%  16.8  755s
 5961287 1822937     cutoff  167      31798.0000 31803.0000  0.02%  16.8  760s
 5995243 1832841 31803.0000  162   23 31798.0000 31803.0000  0.02%  16.8  765s
 6033965 1843255 31803.0000  156   34 31798.0000 31803.0000  0.02%  16.9  770s
 6077782 1853647 31802.0623  165   30 31798.0000 31803.0000  0.02%  16.9  775s
 6103647 1859956 31801.8549  161   27 31798.0000 31803.0000  0.02%  16.9  780s
 6136519 1868750     cutoff  169      31798.0000 31803.0000  0.02%  16.9  785s
 6173285 1878507 31803.0000  160   26 31798.0000 31803.0000  0.02%  16.9  790s
 6219910 1889732 31802.0000  160   14 31798.0000 31803.0000  0.02%  16.9  795s
 6263488 1897846 31800.9409  175   16 31798.0000 31803.0000  0.02%  16.9  800s
 6313980 1906978     cutoff  158      31798.0000 31803.0000  0.02%  16.9  805s
 6351611 1913628 31802.0000  156   20 31798.0000 31803.0000  0.02%  16.9  810s
 6399995 1921939     cutoff  161      31798.0000 31803.0000  0.02%  16.9  815s
 6441406 1928390 31802.6170  157   20 31798.0000 31803.0000  0.02%  16.9  820s
 6480336 1934619 31801.0792  154   13 31798.0000 31803.0000  0.02%  16.9  825s
 6519263 1941766 31799.7180  160   13 31798.0000 31803.0000  0.02%  16.9  830s
 6561351 1950067 31801.8759  160   11 31798.0000 31803.0000  0.02%  16.9  835s
 6604141 1958477 31803.0000  156    8 31798.0000 31803.0000  0.02%  16.9  840s
 6650521 1964918 31802.0000  157   10 31798.0000 31803.0000  0.02%  16.8  845s
 6688176 1973361     cutoff  169      31798.0000 31803.0000  0.02%  16.8  850s
 6719159 1986099     cutoff  173      31798.0000 31803.0000  0.02%  16.9  855s
 6750537 1997245 31801.9307  162   31 31798.0000 31803.0000  0.02%  16.9  860s
 6782024 2008632 31802.0000  165   31 31798.0000 31803.0000  0.02%  16.9  865s
 6809892 2018742 31800.9594  170   33 31798.0000 31803.0000  0.02%  16.9  870s
 6841368 2028858 31802.2953  163   50 31798.0000 31803.0000  0.02%  16.9  875s
 6868728 2037918     cutoff  163      31798.0000 31803.0000  0.02%  16.9  880s
 6903996 2050632     cutoff  172      31798.0000 31803.0000  0.02%  17.0  885s
 6932283 2061040 31799.0000  172   11 31798.0000 31803.0000  0.02%  17.0  890s
 6967141 2072755     cutoff  173      31798.0000 31803.0000  0.02%  17.0  895s
 6993124 2081064     cutoff  160      31798.0000 31803.0000  0.02%  17.0  900s
 7028490 2093706 31803.0000  153   35 31798.0000 31803.0000  0.02%  17.1  905s
 7062761 2105333 31802.0000  157   33 31798.0000 31803.0000  0.02%  17.1  910s
 7090579 2114446 31802.0000  163   29 31798.0000 31803.0000  0.02%  17.1  915s
 7128724 2127966     cutoff  160      31798.0000 31803.0000  0.02%  17.1  920s
 7157367 2137457 31799.0000  164   14 31798.0000 31803.0000  0.02%  17.1  925s
 7193016 2151384 31802.0000  168   22 31798.0000 31803.0000  0.02%  17.2  930s
 7228113 2162559 31803.0000  160   30 31798.0000 31803.0000  0.02%  17.2  935s
 7259402 2174169 31801.0000  154   29 31798.0000 31803.0000  0.02%  17.2  940s
 7290571 2185130 31802.0000  175   31 31798.0000 31803.0000  0.02%  17.2  945s
 7320285 2196265 31802.2831  158   43 31798.0000 31803.0000  0.02%  17.2  950s
 7362964 2210209 31801.0000  158   23 31798.0000 31803.0000  0.02%  17.3  956s
 7388173 2218698 31803.0000  153   37 31798.0000 31803.0000  0.02%  17.3  960s
 7416642 2231856 31802.0000  167   27 31798.0000 31803.0000  0.02%  17.3  966s
 7449259 2240517 31802.8810  157   47 31798.0000 31803.0000  0.02%  17.3  970s
 7485415 2252101 31803.0000  158   39 31798.0000 31803.0000  0.02%  17.3  975s
 7516246 2263010 31802.0000  175   25 31798.0000 31803.0000  0.02%  17.4  980s
 7553347 2276320 31802.0000  157   11 31798.0000 31803.0000  0.02%  17.4  985s
 7585835 2287120     cutoff  156      31798.0000 31803.0000  0.02%  17.4  990s
 7617141 2297459 31803.0000  159   43 31798.0000 31803.0000  0.02%  17.4  995s
 7635683 2304205 31801.0536  166   43 31798.0000 31803.0000  0.02%  17.4 1000s
 7673192 2316785 31801.4021  164   35 31798.0000 31803.0000  0.02%  17.4 1005s
 7703312 2326163 31803.0000  157   17 31798.0000 31803.0000  0.02%  17.5 1010s
 7740165 2338674 31802.7661  165   41 31798.0000 31803.0000  0.02%  17.5 1015s
 7768007 2347691 31799.3929  152   32 31798.0000 31803.0000  0.02%  17.5 1020s
 7802233 2360568     cutoff  168      31798.0000 31803.0000  0.02%  17.5 1025s
 7837279 2372280 31802.3468  156   34 31798.0000 31803.0000  0.02%  17.5 1030s
 7863742 2380836 31800.0000  160   37 31798.0000 31803.0000  0.02%  17.6 1035s
 7900281 2393488     cutoff  169      31798.0000 31803.0000  0.02%  17.6 1041s
 7928061 2403457 31801.0000  175   25 31798.0000 31803.0000  0.02%  17.6 1045s
 7960673 2413885 31802.9218  161   46 31798.0000 31803.0000  0.02%  17.6 1050s
 7994686 2425143     cutoff  161      31798.0000 31803.0000  0.02%  17.6 1055s
 8021735 2434940 31801.6945  167   38 31798.0000 31803.0000  0.02%  17.6 1060s
 8058457 2447077 31802.0000  155   30 31798.0000 31803.0000  0.02%  17.7 1065s
 8092274 2458588 31802.7806  151   48 31798.0000 31803.0000  0.02%  17.7 1070s
 8118526 2467728 31802.2829  163   43 31798.0000 31803.0000  0.02%  17.7 1075s
 8146730 2476034 31802.0000  166   37 31798.0000 31803.0000  0.02%  17.7 1080s
 8190173 2489352 31802.0000  169   13 31798.0000 31803.0000  0.02%  17.7 1085s
 8222017 2499695 31803.0000  153   40 31798.0000 31803.0000  0.02%  17.7 1090s
 8254958 2507690 31800.9160  156    8 31798.0000 31803.0000  0.02%  17.8 1095s
 8287145 2515528 31802.9061  155   37 31798.0000 31803.0000  0.02%  17.8 1100s
 8328124 2526907 31802.0346  167   37 31798.0000 31803.0000  0.02%  17.8 1105s
 8362327 2536924 31800.0000  169   18 31798.0000 31803.0000  0.02%  17.8 1110s
 8402964 2551438     cutoff  158      31798.0000 31803.0000  0.02%  17.8 1115s
 8437711 2565602 31799.7539  171   13 31798.0000 31803.0000  0.02%  17.8 1120s
 8477149 2578095 31799.0218  161   12 31798.0000 31803.0000  0.02%  17.8 1125s
 8513861 2587489 31803.0000  154   34 31798.0000 31803.0000  0.02%  17.7 1130s
 8549065 2599985 31799.0218  189   16 31798.0000 31803.0000  0.02%  17.7 1135s
 8586632 2613167 31803.0000  163   17 31798.0000 31803.0000  0.02%  17.8 1140s
 8614662 2623361     cutoff  173      31798.0000 31803.0000  0.02%  17.8 1145s
 8650420 2637088 31801.2515  195   25 31798.0000 31803.0000  0.02%  17.8 1150s
 8685560 2651163 31803.0000  184   21 31798.0000 31803.0000  0.02%  17.8 1155s
 8711902 2660136 31802.0000  192   13 31798.0000 31803.0000  0.02%  17.8 1160s
 8751190 2674085 31799.8571  186   32 31798.0000 31803.0000  0.02%  17.8 1165s
 8774395 2683119     cutoff  182      31798.0000 31803.0000  0.02%  17.8 1170s
 8811222 2696177 31802.1167  191   40 31798.0000 31803.0000  0.02%  17.8 1175s
 8838152 2706290 31803.0000  167   13 31798.0000 31803.0000  0.02%  17.8 1180s
 8872374 2717674 31801.8649  181   18 31798.0000 31803.0000  0.02%  17.8 1185s
 8895838 2726424 31799.9954  186   27 31798.0000 31803.0000  0.02%  17.8 1190s
 8932052 2739553 infeasible  186      31798.0000 31803.0000  0.02%  17.9 1195s
 8966192 2752202 31803.0000  182   31 31798.0000 31803.0000  0.02%  17.9 1200s
 8999712 2763812     cutoff  195      31798.0000 31803.0000  0.02%  17.9 1205s
 9035817 2777086     cutoff  184      31798.0000 31803.0000  0.02%  17.9 1210s
 9065358 2787106     cutoff  189      31798.0000 31803.0000  0.02%  17.9 1215s
 9096090 2798058 31803.0000  184    7 31798.0000 31803.0000  0.02%  17.9 1220s
 9136048 2809627 31800.3722  187   12 31798.0000 31803.0000  0.02%  17.9 1225s
 9171917 2819759 31802.3328  190   23 31798.0000 31803.0000  0.02%  17.9 1230s
 9202778 2828738 31802.0000  191   25 31798.0000 31803.0000  0.02%  17.9 1235s
 9236326 2841610     cutoff  195      31798.0000 31803.0000  0.02%  17.9 1241s
 9274109 2849592 31803.0000  178   26 31798.0000 31803.0000  0.02%  17.9 1245s
 9310178 2860802 31802.5762  185   11 31798.0000 31803.0000  0.02%  17.9 1250s
 9341864 2872565 31803.0000  174   11 31798.0000 31803.0000  0.02%  17.9 1255s
 9375941 2886794     cutoff  184      31798.0000 31803.0000  0.02%  17.9 1260s
 9407845 2899747     cutoff  180      31798.0000 31803.0000  0.02%  17.9 1265s
 9437208 2910051 31801.1394  173   23 31798.0000 31803.0000  0.02%  17.9 1270s
 9474302 2923009     cutoff  181      31798.0000 31803.0000  0.02%  17.9 1275s
 9506111 2933460 31799.0218  189   12 31798.0000 31803.0000  0.02%  17.9 1280s
 9545572 2943888 31803.0000  175    9 31798.0000 31803.0000  0.02%  17.9 1285s
 9575637 2954394     cutoff  178      31798.0000 31803.0000  0.02%  17.9 1290s
 9610504 2967597 31802.0037  181   42 31798.0000 31803.0000  0.02%  17.9 1295s
 9641158 2977103 31803.0000  190   13 31798.0000 31803.0000  0.02%  17.9 1300s
 9673443 2988324     cutoff  191      31798.0000 31803.0000  0.02%  18.0 1305s
 9708168 2998915 31801.0000  190   23 31798.0000 31803.0000  0.02%  18.0 1310s
 9741702 3008674 31802.0014  174   39 31798.0000 31803.0000  0.02%  18.0 1315s
 9778386 3020569 31801.0000  187    8 31798.0000 31803.0000  0.02%  18.0 1320s
 9812758 3031365     cutoff  178      31798.0000 31803.0000  0.02%  18.0 1325s
 9843123 3040210 31802.0000  195   16 31798.0000 31803.0000  0.02%  18.0 1330s
 9882685 3052955 31800.0000  198   13 31798.0000 31803.0000  0.02%  18.0 1335s
 9912485 3061665 31803.0000  190   27 31798.0000 31803.0000  0.02%  18.0 1340s
 9949475 3071562     cutoff  186      31798.0000 31803.0000  0.02%  18.0 1345s
 9985839 3081943 31802.8357  176   43 31798.0000 31803.0000  0.02%  18.0 1350s
 10024386 3089870     cutoff  203      31798.0000 31803.0000  0.02%  18.0 1355s
 10065330 3099927 31802.2551  186   24 31798.0000 31803.0000  0.02%  18.0 1360s
 10090673 3106457 31802.0000  198   32 31798.0000 31803.0000  0.02%  18.0 1365s
 10132105 3115684 31802.1593  194   29 31798.0000 31803.0000  0.02%  17.9 1370s
 10164711 3124909 31800.2823  165   32 31798.0000 31803.0000  0.02%  18.0 1375s
 10202184 3134425 31799.0218  181   25 31798.0000 31803.0000  0.02%  17.9 1380s
 10231274 3142793 31803.0000  179   14 31798.0000 31803.0000  0.02%  17.9 1385s
 10268478 3153646 31802.8782  186   44 31798.0000 31803.0000  0.02%  17.9 1390s
 10300921 3165568     cutoff  188      31798.0000 31803.0000  0.02%  18.0 1395s
 10336604 3176831 31801.7216  194   31 31798.0000 31803.0000  0.02%  18.0 1400s
 10374247 3190246 31802.9953  184   45 31798.0000 31803.0000  0.02%  18.0 1405s
 10399916 3201090     cutoff  188      31798.0000 31803.0000  0.02%  18.0 1410s
 10444970 3210197 31802.8722  191   32 31798.0000 31803.0000  0.02%  18.0 1415s
 10471100 3219572 31803.0000  179   39 31798.0000 31803.0000  0.02%  18.0 1420s
 10500199 3227654 31802.1657  181   40 31798.0000 31803.0000  0.02%  18.0 1425s
 10537115 3240316     cutoff  183      31798.0000 31803.0000  0.02%  18.0 1430s
 10567295 3247522 31802.0699  179   38 31798.0000 31803.0000  0.02%  18.0 1435s
 10603814 3256300 31799.8710  189   10 31798.0000 31803.0000  0.02%  18.0 1440s
 10632723 3263695 31802.9757  183   41 31798.0000 31803.0000  0.02%  18.0 1445s
 10671257 3273417 31802.8632  187   22 31798.0000 31803.0000  0.02%  18.0 1450s
 10702576 3281635     cutoff  201      31798.0000 31803.0000  0.02%  18.0 1455s
 10733919 3288831 31803.0000  186    8 31798.0000 31803.0000  0.02%  18.0 1460s
 10776328 3298697 31803.0000  180    8 31798.0000 31803.0000  0.02%  18.0 1465s
 10809588 3307405 31801.0000  190   21 31798.0000 31803.0000  0.02%  18.0 1470s
 10844457 3314750     cutoff  188      31798.0000 31803.0000  0.02%  18.0 1475s
 10878046 3323674 31799.6190  183   15 31798.0000 31803.0000  0.02%  18.0 1480s
 10907642 3332493 31802.9533  189   43 31798.0000 31803.0000  0.02%  18.0 1485s
 10940645 3343241 31802.9471  172   41 31798.0000 31803.0000  0.02%  18.0 1490s
 10983698 3355354 31802.0000  176   22 31798.0000 31803.0000  0.02%  18.0 1495s
 11018388 3365297 31802.0000  196    9 31798.0000 31803.0000  0.02%  18.0 1500s
 11046752 3372873 31801.0000  194    8 31798.0000 31803.0000  0.02%  18.0 1505s
 11091203 3384460     cutoff  205      31798.0000 31803.0000  0.02%  18.0 1510s
 11118170 3391607 31801.9796  184   34 31798.0000 31803.0000  0.02%  18.0 1515s
 11154775 3401099 31801.9719  178   34 31798.0000 31803.0000  0.02%  17.9 1520s
 11195024 3411413 31803.0000  190   11 31798.0000 31803.0000  0.02%  17.9 1525s
 11222685 3418812 31802.9329  172   18 31798.0000 31803.0000  0.02%  17.9 1530s
 11256990 3431023     cutoff  201      31798.0000 31803.0000  0.02%  18.0 1535s
 11287831 3441785 31801.0000  186   13 31798.0000 31803.0000  0.02%  18.0 1540s
 11320416 3451096 31803.0000  188   30 31798.0000 31803.0000  0.02%  18.0 1545s
 11354272 3461414 31802.8906  190   41 31798.0000 31803.0000  0.02%  18.0 1550s
 11379359 3470319 31803.0000  170   10 31798.0000 31803.0000  0.02%  18.0 1555s
 11407295 3479499     cutoff  173      31798.0000 31803.0000  0.02%  18.0 1560s
 11443675 3491486 31803.0000  183   10 31798.0000 31803.0000  0.02%  18.0 1565s
 11477387 3502969     cutoff  187      31798.0000 31803.0000  0.02%  18.0 1570s
 11506305 3511183 31799.6190  174   19 31798.0000 31803.0000  0.02%  18.0 1575s
 11538133 3519975 31803.0000  184   10 31798.0000 31803.0000  0.02%  18.0 1580s
 11571554 3529545 31802.9227  189   35 31798.0000 31803.0000  0.02%  18.0 1585s
 11606728 3539413 31801.2524  186   32 31798.0000 31803.0000  0.02%  18.0 1590s
 11637980 3547269 31802.8208  180   39 31798.0000 31803.0000  0.02%  18.0 1595s
 11663035 3554008 infeasible  195      31798.0000 31803.0000  0.02%  18.0 1600s
 11691577 3562539     cutoff  187      31798.0000 31803.0000  0.02%  18.0 1605s
 11721394 3572913     cutoff  175      31798.0000 31803.0000  0.02%  18.0 1610s
 11752806 3583150     cutoff  179      31798.0000 31803.0000  0.02%  18.0 1615s
 11777345 3590249 31801.7234  173   21 31798.0000 31803.0000  0.02%  18.0 1620s
 11805987 3599541     cutoff  181      31798.0000 31803.0000  0.02%  18.1 1625s
 11837275 3609312 31800.6172  185   37 31798.0000 31803.0000  0.02%  18.1 1630s
 11863650 3620131     cutoff  184      31798.0000 31803.0000  0.02%  18.1 1635s
 11889052 3628933 31802.6089  177   24 31798.0000 31803.0000  0.02%  18.1 1640s
 11914738 3637531     cutoff  181      31798.0000 31803.0000  0.02%  18.1 1645s
 11941028 3645445     cutoff  194      31798.0000 31803.0000  0.02%  18.1 1650s
 11972922 3653739 31799.6547  195   19 31798.0000 31803.0000  0.02%  18.1 1655s
 12008520 3663119 31803.0000  176   12 31798.0000 31803.0000  0.02%  18.1 1660s
 12035709 3670846 31803.0000  182   11 31798.0000 31803.0000  0.02%  18.1 1665s
 12067500 3679638 31802.0000  183   16 31798.0000 31803.0000  0.02%  18.1 1670s
 12095315 3688550 31802.5805  150   41 31798.0000 31803.0000  0.02%  18.1 1675s
 12120432 3696409     cutoff  157      31798.0000 31803.0000  0.02%  18.1 1680s
 12153170 3704888     cutoff  189      31798.0000 31803.0000  0.02%  18.1 1685s
 12184844 3712536     cutoff  185      31798.0000 31803.0000  0.02%  18.1 1690s
 12219031 3720457 31802.9354  176   46 31798.0000 31803.0000  0.02%  18.1 1696s
 12249674 3728282 31799.8140  187   30 31798.0000 31803.0000  0.02%  18.1 1700s
 12275782 3735124     cutoff  180      31798.0000 31803.0000  0.02%  18.1 1705s
 12300268 3740748 31803.0000  182    9 31798.0000 31803.0000  0.02%  18.1 1710s
 12330528 3747517 31801.3333  184   29 31798.0000 31803.0000  0.02%  18.1 1715s
 12351007 3752286 31801.8097  193   42 31798.0000 31803.0000  0.02%  18.1 1720s
 12386253 3760690 31802.9844  188   35 31798.0000 31803.0000  0.02%  18.2 1725s
 12414284 3768029     cutoff  195      31798.0000 31803.0000  0.02%  18.2 1730s
 12438016 3774253 31800.8299  194   34 31798.0000 31803.0000  0.02%  18.2 1735s
 12471846 3782935 31799.0218  186   18 31798.0000 31803.0000  0.02%  18.2 1740s
 12495649 3788049 31800.9695  188   40 31798.0000 31803.0000  0.02%  18.2 1745s
 12528691 3797526     cutoff  181      31798.0000 31803.0000  0.02%  18.2 1750s
 12554708 3807263 31802.1450  167   39 31798.0000 31803.0000  0.02%  18.2 1755s
 12584980 3817544 31803.0000  175   12 31798.0000 31803.0000  0.02%  18.2 1760s
 12615092 3827881 31801.0000  194   11 31798.0000 31803.0000  0.02%  18.2 1765s
 12632162 3832691 31802.9941  183   41 31798.0000 31803.0000  0.02%  18.2 1770s
 12666982 3844477     cutoff  187      31798.0000 31803.0000  0.02%  18.2 1775s
 12690434 3856051 31801.0265  134   29 31798.0000 31803.0000  0.02%  18.2 1780s
 12723343 3870525 31803.0000  122   10 31798.0000 31803.0000  0.02%  18.2 1785s
 12750504 3884298 31803.0000  135    9 31798.0000 31803.0000  0.02%  18.2 1790s
 12775072 3896079 31802.0000  146   26 31798.0000 31803.0000  0.02%  18.2 1795s
 12805435 3910602 31801.8586  159   18 31798.0000 31803.0000  0.02%  18.2 1800s
 12839823 3925651 31802.0000  151   18 31798.0000 31803.0000  0.02%  18.2 1805s
 12871140 3938432 31802.7911  142   40 31798.0000 31803.0000  0.02%  18.2 1810s
 12895836 3950301     cutoff  138      31798.0000 31803.0000  0.02%  18.2 1815s
 12929289 3965081 31799.0000  160    9 31798.0000 31803.0000  0.02%  18.2 1820s
 12961001 3979711 31802.0000  150   11 31798.0000 31803.0000  0.02%  18.2 1825s
 12987766 3991957 31803.0000  142   14 31798.0000 31803.0000  0.02%  18.2 1830s
 13013992 4001439 31803.0000  178   13 31798.0000 31803.0000  0.02%  18.2 1835s
 13042052 4011417 31803.0000  109   13 31798.0000 31803.0000  0.02%  18.2 1840s
 13068078 4022977 31801.7841  190   16 31798.0000 31803.0000  0.02%  18.2 1845s
 13094409 4035574 31799.6190  185   38 31798.0000 31803.0000  0.02%  18.2 1850s
 13125224 4048072 31802.7219  166   32 31798.0000 31803.0000  0.02%  18.2 1855s
 13159256 4058315 31802.0000  179   19 31798.0000 31803.0000  0.02%  18.2 1860s
 13186555 4068722 31803.0000  185   10 31798.0000 31803.0000  0.02%  18.2 1865s
 13223119 4075425 31801.7758  185   15 31798.0000 31803.0000  0.02%  18.2 1870s
 13253674 4083655     cutoff  194      31798.0000 31803.0000  0.02%  18.2 1875s
 13285654 4091662 31802.9546  187   32 31798.0000 31803.0000  0.02%  18.2 1880s
 13311618 4098856 31803.0000  169   12 31798.0000 31803.0000  0.02%  18.2 1885s
 13342102 4109156 31803.0000  187   13 31798.0000 31803.0000  0.02%  18.2 1890s
 13368460 4117247 31801.8282  187   17 31798.0000 31803.0000  0.02%  18.2 1895s
 13399583 4126925 31799.7895  187   20 31798.0000 31803.0000  0.02%  18.2 1900s
 13422963 4133975 31799.6281  192   16 31798.0000 31803.0000  0.02%  18.1 1905s
 13449019 4145410 31803.0000  158   15 31798.0000 31803.0000  0.02%  18.1 1910s
 13483529 4152795 31799.6190  176   12 31798.0000 31803.0000  0.02%  18.1 1915s
 13507416 4162021     cutoff  116      31798.0000 31803.0000  0.02%  18.1 1920s
 13533851 4171314 31801.3964  185   22 31798.0000 31803.0000  0.02%  18.1 1925s
 13559797 4179931 31803.0000  179   42 31798.0000 31803.0000  0.02%  18.1 1930s
 13585769 4187433 31801.6667  188   30 31798.0000 31803.0000  0.02%  18.1 1935s
 13611208 4194568     cutoff  191      31798.0000 31803.0000  0.02%  18.1 1940s
 13635264 4205553 31802.2802  146   46 31798.0000 31803.0000  0.02%  18.1 1946s
 13662815 4209896     cutoff  185      31798.0000 31803.0000  0.02%  18.1 1950s
 13695483 4219611 31803.0000  156   12 31798.0000 31803.0000  0.02%  18.1 1955s
 13721986 4229572 31803.0000  159   16 31798.0000 31803.0000  0.02%  18.1 1960s
 13756648 4242518 31801.9863  162   27 31798.0000 31803.0000  0.02%  18.1 1965s
 13777455 4249409 31803.0000  187   16 31798.0000 31803.0000  0.02%  18.1 1970s
 13817110 4257096 31799.6190  189   23 31798.0000 31803.0000  0.02%  18.1 1975s
 13844271 4265186     cutoff  165      31798.0000 31803.0000  0.02%  18.1 1980s
 13865023 4271999     cutoff  193      31798.0000 31803.0000  0.02%  18.1 1985s
 13892182 4280434 31802.0000  161   22 31798.0000 31803.0000  0.02%  18.1 1990s
 13914441 4288864 31802.9544  176   46 31798.0000 31803.0000  0.02%  18.1 1995s
 13938818 4297110 31802.2414  182   43 31798.0000 31803.0000  0.02%  18.1 2000s
 13966700 4307129     cutoff  186      31798.0000 31803.0000  0.02%  18.1 2005s
 13989616 4314485 31801.0000  197   11 31798.0000 31803.0000  0.02%  18.1 2010s
 14015621 4321870 31800.7949  175   10 31798.0000 31803.0000  0.02%  18.1 2015s
 14043158 4329881     cutoff  115      31798.0000 31803.0000  0.02%  18.1 2020s
 14067400 4334819     cutoff  132      31798.0000 31803.0000  0.02%  18.1 2025s
 14102085 4343588     cutoff  184      31798.0000 31803.0000  0.02%  18.1 2030s
 14119087 4351573     cutoff  168      31798.0000 31803.0000  0.02%  18.1 2035s
 14154762 4358265 31803.0000  138   11 31798.0000 31803.0000  0.02%  18.1 2040s
 14191783 4366264 31800.7993  148   40 31798.0000 31803.0000  0.02%  18.1 2045s
 14212689 4371686 31801.2857  151   10 31798.0000 31803.0000  0.02%  18.1 2050s
 14245251 4383660 31802.4932  156   23 31798.0000 31803.0000  0.02%  18.1 2055s
 14274568 4393648 31803.0000  104   10 31798.0000 31803.0000  0.02%  18.1 2060s
 14296495 4401354 31802.0000  191   10 31798.0000 31803.0000  0.02%  18.1 2065s
 14327427 4410765     cutoff  147      31798.0000 31803.0000  0.02%  18.1 2070s
 14356860 4419707 31802.6777  188   22 31798.0000 31803.0000  0.02%  18.1 2075s
 14377484 4426794     cutoff  157      31798.0000 31803.0000  0.02%  18.1 2080s
 14402539 4434450 31803.0000  182   11 31798.0000 31803.0000  0.02%  18.1 2085s
 14427866 4441801 31803.0000  188   29 31798.0000 31803.0000  0.02%  18.1 2090s
 14457852 4451208 31802.0000  183   28 31798.0000 31803.0000  0.02%  18.1 2095s
 14477824 4456800 infeasible  185      31798.0000 31803.0000  0.02%  18.1 2100s
 14507845 4467948 31803.0000  173   12 31798.0000 31803.0000  0.02%  18.1 2105s
 14524764 4472657 31799.0218  195   16 31798.0000 31803.0000  0.02%  18.1 2110s
 14549645 4481124     cutoff  186      31798.0000 31803.0000  0.02%  18.1 2115s
 14575553 4488955     cutoff  135      31798.0000 31803.0000  0.02%  18.2 2120s
 14600728 4495304 31802.3878  189   47 31798.0000 31803.0000  0.02%  18.2 2125s
 14624779 4502378     cutoff  187      31798.0000 31803.0000  0.02%  18.2 2130s
 14654910 4511263 31801.0000  138   27 31798.0000 31803.0000  0.02%  18.2 2135s
 14673460 4516831 31802.9966  125   38 31798.0000 31803.0000  0.02%  18.2 2140s
 14696202 4523114 31800.5263  180   19 31798.0000 31803.0000  0.02%  18.2 2145s
 14724104 4531391 31803.0000  185   14 31798.0000 31803.0000  0.02%  18.2 2150s
 14737737 4536630 31802.4249  169   28 31798.0000 31803.0000  0.02%  18.2 2155s
 14775466 4547313     cutoff  186      31798.0000 31803.0000  0.02%  18.2 2160s
 14802507 4553041 infeasible  179      31798.0000 31803.0000  0.02%  18.2 2165s
 14827875 4558483 31801.3986  179   10 31798.0000 31803.0000  0.02%  18.2 2170s
 14859263 4564489     cutoff  197      31798.0000 31803.0000  0.02%  18.2 2175s
 14887291 4570489     cutoff  178      31798.0000 31803.0000  0.02%  18.2 2180s
 14917506 4576553     cutoff  178      31798.0000 31803.0000  0.02%  18.2 2186s
 14944716 4582935 infeasible  179      31798.0000 31803.0000  0.02%  18.2 2190s
 14967046 4588310 31799.0218  178   31 31798.0000 31803.0000  0.02%  18.2 2195s
 15002169 4595901     cutoff  182      31798.0000 31803.0000  0.02%  18.1 2201s
 15024747 4600818 31801.7172  174   27 31798.0000 31803.0000  0.02%  18.1 2205s
 15056509 4607520 31799.0771  188   15 31798.0000 31803.0000  0.02%  18.1 2211s
 15081093 4612561 31799.0218  192   12 31798.0000 31803.0000  0.02%  18.1 2215s
 15102687 4617568 31799.0000  183    9 31798.0000 31803.0000  0.02%  18.1 2220s
 15133604 4624928 31801.9317  171   29 31798.0000 31803.0000  0.02%  18.1 2225s
 15156875 4631174 31802.0000  184   16 31798.0000 31803.0000  0.02%  18.1 2230s
 15182519 4636844     cutoff  193      31798.0000 31803.0000  0.02%  18.1 2235s
 15224518 4645670 31803.0000  185    8 31798.0000 31803.0000  0.02%  18.1 2240s
 15252301 4650784     cutoff  190      31798.0000 31803.0000  0.02%  18.1 2245s
 15288121 4655931 31800.1667  175   18 31798.0000 31803.0000  0.02%  18.1 2250s
 15310514 4661665     cutoff  179      31798.0000 31803.0000  0.02%  18.1 2255s
 15332954 4670443 31802.8696  175   34 31798.0000 31803.0000  0.02%  18.1 2260s
 15353423 4677546 31800.5714  182   25 31798.0000 31803.0000  0.02%  18.1 2265s
 15373339 4684051     cutoff  183      31798.0000 31803.0000  0.02%  18.1 2270s
 15396664 4690660     cutoff  167      31798.0000 31803.0000  0.02%  18.1 2275s
 15420490 4699797 31802.0000  147   17 31798.0000 31803.0000  0.02%  18.1 2280s
 15449036 4710565 31802.0000  147   30 31798.0000 31803.0000  0.02%  18.1 2285s
 15470321 4717070 31800.0000  160    8 31798.0000 31803.0000  0.02%  18.1 2290s
 15498296 4725152 31801.0000  175    9 31798.0000 31803.0000  0.02%  18.1 2295s
 15520592 4733201 31803.0000  142   12 31798.0000 31803.0000  0.02%  18.1 2300s
 15551476 4745047 31801.8726  157   31 31798.0000 31803.0000  0.02%  18.1 2305s
 15574265 4752987 31801.1435  168   26 31798.0000 31803.0000  0.02%  18.1 2310s
 15596400 4759110 31799.8184  167   32 31798.0000 31803.0000  0.02%  18.1 2315s
 15632951 4770488     cutoff  157      31798.0000 31803.0000  0.02%  18.1 2320s
 15659226 4778219 31801.1435  157   29 31798.0000 31803.0000  0.02%  18.1 2325s
 15680116 4783766     cutoff  162      31798.0000 31803.0000  0.02%  18.1 2330s
 15710976 4791594 31800.7885  177   23 31798.0000 31803.0000  0.02%  18.1 2335s
 15728021 4795670 31803.0000  111   13 31798.0000 31803.0000  0.02%  18.1 2340s
 15757138 4803524 31801.2032  171   20 31798.0000 31803.0000  0.02%  18.1 2345s
 15777790 4808696     cutoff  165      31798.0000 31803.0000  0.02%  18.1 2350s
 15805509 4816200     cutoff  171      31798.0000 31803.0000  0.02%  18.2 2355s
 15829329 4822782     cutoff  170      31798.0000 31803.0000  0.02%  18.2 2360s
 15848666 4828494     cutoff  120      31798.0000 31803.0000  0.02%  18.2 2365s
 15868658 4833951 31799.6190  167   31 31798.0000 31803.0000  0.02%  18.2 2370s
 15897453 4843314 31800.9591  157   38 31798.0000 31803.0000  0.02%  18.2 2375s
 15917460 4850865 31803.0000  159   36 31798.0000 31803.0000  0.02%  18.2 2380s
 15944551 4860332 31803.0000  149   36 31798.0000 31803.0000  0.02%  18.2 2385s
 15973004 4870420 31801.0000  151   29 31798.0000 31803.0000  0.02%  18.2 2391s
 15998088 4879710 31803.0000  159   17 31798.0000 31803.0000  0.02%  18.2 2395s
 16020466 4884479 31803.0000  174   11 31798.0000 31803.0000  0.02%  18.2 2400s
 16057098 4894893     cutoff  159      31798.0000 31803.0000  0.02%  18.2 2405s
 16089323 4902052 31802.5313  156   35 31798.0000 31803.0000  0.02%  18.2 2410s
 16117550 4909781 31801.0253  166   28 31798.0000 31803.0000  0.02%  18.2 2415s
 16143339 4917586 31800.0000  129   15 31798.0000 31803.0000  0.02%  18.2 2420s
 16166613 4924810 31800.4086  165   12 31798.0000 31803.0000  0.02%  18.2 2425s
 16193642 4932417 31802.0000  171   11 31798.0000 31803.0000  0.02%  18.2 2430s
 16207749 4937576 31802.6222  161   37 31798.0000 31803.0000  0.02%  18.2 2435s
 16239532 4945787     cutoff  170      31798.0000 31803.0000  0.02%  18.2 2440s
 16266937 4953228     cutoff  160      31798.0000 31803.0000  0.02%  18.2 2445s
 16288061 4959542 31802.0000  145   14 31798.0000 31803.0000  0.02%  18.2 2450s
 16315965 4966616 31799.0218  162   21 31798.0000 31803.0000  0.02%  18.2 2455s
 16343168 4974920     cutoff  174      31798.0000 31803.0000  0.02%  18.2 2460s
 16370579 4982359 31801.2777  126   39 31798.0000 31803.0000  0.02%  18.2 2465s
 16399490 4990724 31802.5624  156   31 31798.0000 31803.0000  0.02%  18.2 2470s
 16427090 4999236     cutoff  161      31798.0000 31803.0000  0.02%  18.2 2475s
 16450016 5005533     cutoff  153      31798.0000 31803.0000  0.02%  18.2 2480s
 16475947 5013902 31802.9735  164   38 31798.0000 31803.0000  0.02%  18.2 2485s
 16493028 5019860 31801.5629  164   23 31798.0000 31803.0000  0.02%  18.2 2490s
 16523895 5028618 31799.8319  163   28 31798.0000 31803.0000  0.02%  18.2 2495s
 16550724 5034617 31802.8814  168   45 31798.0000 31803.0000  0.02%  18.2 2500s
 16576070 5042494 31802.1903  153   38 31798.0000 31803.0000  0.02%  18.2 2505s
 16603724 5050975     cutoff  160      31798.0000 31803.0000  0.02%  18.2 2511s
 16629215 5059687 31800.4857  166   25 31798.0000 31803.0000  0.02%  18.2 2515s
 16650469 5065880 31802.2500  164   33 31798.0000 31803.0000  0.02%  18.2 2520s
 16680026 5075689 31802.9492  162   26 31798.0000 31803.0000  0.02%  18.2 2525s
 16704008 5083160 31800.4682  166   32 31798.0000 31803.0000  0.02%  18.2 2530s
 16717211 5090374 31803.0000  172    8 31798.0000 31803.0000  0.02%  18.2 2535s
 16747419 5096385     cutoff  176      31798.0000 31803.0000  0.02%  18.2 2540s
 16774484 5105468 31802.9325  180   40 31798.0000 31803.0000  0.02%  18.2 2545s
 16801208 5112286 31802.0270  175   37 31798.0000 31803.0000  0.02%  18.2 2550s
 16824240 5119254 31801.0000  176   19 31798.0000 31803.0000  0.02%  18.2 2556s
 16850945 5126586 31799.0218  177   19 31798.0000 31803.0000  0.02%  18.2 2560s
 16872252 5132417     cutoff  182      31798.0000 31803.0000  0.02%  18.2 2565s
 16897527 5141173 31801.0000  183   14 31798.0000 31803.0000  0.02%  18.2 2570s
 16931817 5150101 31799.0218  176   16 31798.0000 31803.0000  0.02%  18.2 2575s
 16957513 5155981 31803.0000  167    7 31798.0000 31803.0000  0.02%  18.2 2580s
 16974930 5160497     cutoff  182      31798.0000 31803.0000  0.02%  18.2 2585s
 17014189 5170345 31802.0000  174   22 31798.0000 31803.0000  0.02%  18.2 2590s
 17041752 5176717 31800.4431  183   17 31798.0000 31803.0000  0.02%  18.2 2595s
 17071351 5182529     cutoff  177      31798.0000 31803.0000  0.02%  18.2 2600s
 17102905 5188327 31801.8174  181   15 31798.0000 31803.0000  0.02%  18.2 2605s
 17128916 5197778 31801.7177  177   16 31798.0000 31803.0000  0.02%  18.1 2611s
 17158832 5202355 31802.6511  175   28 31798.0000 31803.0000  0.02%  18.1 2615s
 17186330 5208903 31799.0218  178   15 31798.0000 31803.0000  0.02%  18.1 2620s
 17217106 5217873     cutoff  177      31798.0000 31803.0000  0.02%  18.1 2625s
 17239183 5224207 31803.0000  168    8 31798.0000 31803.0000  0.02%  18.1 2630s
 17268091 5231937 31803.0000  156   12 31798.0000 31803.0000  0.02%  18.1 2635s
 17302913 5241610 31801.6039  157   25 31798.0000 31803.0000  0.02%  18.1 2640s
 17326003 5247530 31802.9624  160   35 31798.0000 31803.0000  0.02%  18.1 2645s
 17349876 5252541 31803.0000  172    9 31798.0000 31803.0000  0.02%  18.1 2650s
 17379573 5258844 31799.0000  185   11 31798.0000 31803.0000  0.02%  18.1 2655s
 17403278 5266375 31802.0000  157   22 31798.0000 31803.0000  0.02%  18.1 2660s
 17433515 5274865 31802.9869  166   31 31798.0000 31803.0000  0.02%  18.1 2665s
 17461014 5282371 31799.0218  178   11 31798.0000 31803.0000  0.02%  18.1 2670s
 17488226 5290322 31802.0000  183   12 31798.0000 31803.0000  0.02%  18.1 2675s
 17510527 5295879 31801.7333  174   25 31798.0000 31803.0000  0.02%  18.1 2680s
 17535748 5302719 31802.0000  162   10 31798.0000 31803.0000  0.02%  18.1 2685s
 17558214 5307311 31800.7095  187   31 31798.0000 31803.0000  0.02%  18.1 2690s
 17587557 5318201 31799.9806  170   26 31798.0000 31803.0000  0.02%  18.1 2695s
 17609724 5325947 31801.1684  178   34 31798.0000 31803.0000  0.02%  18.1 2700s
 17636158 5334173     cutoff  175      31798.0000 31803.0000  0.02%  18.1 2705s
 17661703 5341685 31802.0000  176   16 31798.0000 31803.0000  0.02%  18.1 2711s
 17683007 5348272 31803.0000  170   12 31798.0000 31803.0000  0.02%  18.1 2715s
 17701839 5353989 31803.0000  177   13 31798.0000 31803.0000  0.02%  18.1 2720s
 17728965 5361947 31803.0000  183   12 31798.0000 31803.0000  0.02%  18.1 2725s
 17746725 5367422 31801.9084  192   34 31798.0000 31803.0000  0.02%  18.1 2730s
 17772499 5374777     cutoff  180      31798.0000 31803.0000  0.02%  18.1 2735s
 17798510 5380398 31800.0000  196    9 31798.0000 31803.0000  0.02%  18.1 2740s
 17826836 5386068     cutoff  182      31798.0000 31803.0000  0.02%  18.1 2745s
 17849560 5389793 31802.9942  193   29 31798.0000 31803.0000  0.02%  18.1 2750s
 17882272 5394687     cutoff  194      31798.0000 31803.0000  0.02%  18.1 2755s
 17908663 5399441 31802.9394  188   22 31798.0000 31803.0000  0.02%  18.0 2760s
 17932095 5402595 31803.0000  188   10 31798.0000 31803.0000  0.02%  18.0 2765s
 17958010 5405813 31799.0000  191   11 31798.0000 31803.0000  0.02%  18.0 2770s
 17982726 5409453 31801.8890  189   26 31798.0000 31803.0000  0.02%  18.0 2775s
 18008898 5414751 31803.0000  164   10 31798.0000 31803.0000  0.02%  18.0 2780s
 18034594 5420415 31802.7958  173   31 31798.0000 31803.0000  0.02%  18.0 2785s
 18063669 5427135 31801.1226  179   31 31798.0000 31803.0000  0.02%  18.0 2790s
 18089828 5434233 31802.0454  184   41 31798.0000 31803.0000  0.02%  18.0 2795s
 18113159 5439651 31802.9823  173   15 31798.0000 31803.0000  0.02%  18.0 2800s
 18139729 5448158 31803.0000  165   14 31798.0000 31803.0000  0.02%  18.0 2805s
 18161778 5455259 31800.2247  188   15 31798.0000 31803.0000  0.02%  18.0 2810s
 18180908 5460842     cutoff  174      31798.0000 31803.0000  0.02%  18.0 2815s
 18206782 5468382 31803.0000  180   25 31798.0000 31803.0000  0.02%  18.0 2820s
 18232716 5475983 31802.9167  170   24 31798.0000 31803.0000  0.02%  18.0 2825s
 18260762 5483333 31800.0000  193   17 31798.0000 31803.0000  0.02%  18.0 2831s
 18281543 5487879 31802.0000  186   29 31798.0000 31803.0000  0.02%  18.0 2835s
 18307295 5495315     cutoff  181      31798.0000 31803.0000  0.02%  18.0 2840s
 18330372 5501224 31802.0000  179   21 31798.0000 31803.0000  0.02%  18.0 2845s
 18354058 5506229 31803.0000  178   10 31798.0000 31803.0000  0.02%  18.0 2850s
 18378203 5513487     cutoff  185      31798.0000 31803.0000  0.02%  18.0 2855s
 18399676 5518984 31802.8908  181   39 31798.0000 31803.0000  0.02%  18.0 2860s
 18425085 5525491 31802.0956  176   35 31798.0000 31803.0000  0.02%  18.0 2865s
 18446894 5529801 31800.7079  170    8 31798.0000 31803.0000  0.02%  18.0 2870s
 18463571 5533691 31802.9873  176   32 31798.0000 31803.0000  0.02%  18.0 2875s
 18486692 5539584 31803.0000  180   16 31798.0000 31803.0000  0.02%  18.0 2880s
 18511623 5546588 31803.0000  166   19 31798.0000 31803.0000  0.02%  18.0 2885s
 18534664 5553858 31801.8811  179   28 31798.0000 31803.0000  0.02%  18.0 2890s
 18554247 5559611     cutoff  174      31798.0000 31803.0000  0.02%  18.0 2895s
 18579452 5566831 31801.4399  175   47 31798.0000 31803.0000  0.02%  18.0 2900s
 18599177 5572924     cutoff  194      31798.0000 31803.0000  0.02%  18.0 2905s
 18618447 5580966 31802.7712  165   34 31798.0000 31803.0000  0.02%  18.0 2911s
 18647554 5586546 31802.3052  174   32 31798.0000 31803.0000  0.02%  18.0 2915s
 18656197 5592066 31799.0000  180   10 31798.0000 31803.0000  0.02%  18.0 2920s
 18684722 5598097 31803.0000  169   38 31798.0000 31803.0000  0.02%  18.0 2925s
 18715471 5607238 31802.0000  153   30 31798.0000 31803.0000  0.02%  18.0 2930s
 18738023 5615526 31803.0000  171    9 31798.0000 31803.0000  0.02%  18.0 2935s
 18755302 5621694 31800.9318  188   22 31798.0000 31803.0000  0.02%  18.0 2940s
 18781186 5629020 31799.4848  172    8 31798.0000 31803.0000  0.02%  18.0 2946s
 18805104 5633895 31802.2477  175   16 31798.0000 31803.0000  0.02%  18.0 2950s
 18839481 5640682     cutoff  175      31798.0000 31803.0000  0.02%  18.0 2955s
 18858656 5644788 31800.2018  189   36 31798.0000 31803.0000  0.02%  18.0 2960s
 18877104 5648838 31802.0000  180   15 31798.0000 31803.0000  0.02%  18.0 2965s
 18906007 5653238 31800.7949  182   25 31798.0000 31803.0000  0.02%  18.0 2970s
 18936616 5658859 31802.0000  171   22 31798.0000 31803.0000  0.02%  18.0 2975s
 18957078 5663290 31803.0000  168   32 31798.0000 31803.0000  0.02%  18.0 2980s
 18989017 5671875 31803.0000  178   10 31798.0000 31803.0000  0.02%  18.0 2985s
 19017241 5678386     cutoff  172      31798.0000 31803.0000  0.02%  18.0 2990s
 19048796 5685842 31802.0000  176   13 31798.0000 31803.0000  0.02%  18.0 2995s
 19082005 5693501 31800.7906  168   11 31798.0000 31803.0000  0.02%  18.0 3000s
 19110734 5699613 31802.0000  167   22 31798.0000 31803.0000  0.02%  18.0 3005s
 19149939 5706225 31800.1263  181   13 31798.0000 31803.0000  0.02%  18.0 3010s
 19174101 5711611     cutoff  169      31798.0000 31803.0000  0.02%  18.0 3015s
 19206055 5717913     cutoff  193      31798.0000 31803.0000  0.02%  17.9 3020s
 19232696 5724345     cutoff  188      31798.0000 31803.0000  0.02%  17.9 3025s
 19259066 5727137 31802.0000  180   10 31798.0000 31803.0000  0.02%  17.9 3030s
 19296719 5735563 31803.0000  179   13 31798.0000 31803.0000  0.02%  17.9 3035s
 19321767 5739700 31803.0000  175    9 31798.0000 31803.0000  0.02%  17.9 3040s
 19352383 5744318 31803.0000  168    9 31798.0000 31803.0000  0.02%  17.9 3045s
 19382308 5748393     cutoff  176      31798.0000 31803.0000  0.02%  17.9 3050s
 19403934 5751070 31801.8839  173   30 31798.0000 31803.0000  0.02%  17.9 3055s
 19434534 5756449 31802.1474  175   34 31798.0000 31803.0000  0.02%  17.9 3060s
 19455674 5759697     cutoff  197      31798.0000 31803.0000  0.02%  17.9 3065s
 19494795 5767455     cutoff  181      31798.0000 31803.0000  0.02%  17.9 3070s
 19513106 5771738     cutoff  187      31798.0000 31803.0000  0.02%  17.9 3075s
 19543681 5781255 31803.0000  169   11 31798.0000 31803.0000  0.02%  17.9 3080s
 19564666 5789324 31802.0000  187   14 31798.0000 31803.0000  0.02%  17.9 3086s
 19585601 5797579 31800.4197  166   24 31798.0000 31803.0000  0.02%  17.9 3090s
 19604004 5804948 31801.2618  155   37 31798.0000 31803.0000  0.02%  17.9 3095s
 19629170 5814314 31803.0000  156   33 31798.0000 31803.0000  0.02%  17.9 3100s
 19648094 5821613 31802.1516  170   40 31798.0000 31803.0000  0.02%  17.9 3105s
 19670365 5828279 31801.9599  170   40 31798.0000 31803.0000  0.02%  17.9 3110s
 19690128 5836077 31800.1703  172   23 31798.0000 31803.0000  0.02%  17.9 3115s
 19713079 5844400 31803.0000  175   20 31798.0000 31803.0000  0.02%  17.9 3120s
 19747810 5855443 31800.3733  179   16 31798.0000 31803.0000  0.02%  17.9 3127s
 19761893 5861064 31803.0000  160   18 31798.0000 31803.0000  0.02%  17.9 3130s
 19794424 5873775 31803.0000  141   11 31798.0000 31803.0000  0.02%  17.9 3135s
 19812391 5880432 31803.0000  159   12 31798.0000 31803.0000  0.02%  17.9 3140s
 19826268 5885968 31803.0000  168    9 31798.0000 31803.0000  0.02%  17.9 3145s
 19859538 5896704 31800.9494  173   30 31798.0000 31803.0000  0.02%  17.9 3150s
 19875915 5902480 31800.0000  174   16 31798.0000 31803.0000  0.02%  17.9 3155s
 19899756 5911002 31803.0000  164   29 31798.0000 31803.0000  0.02%  17.9 3160s
 19925385 5921162 31802.0169  178   29 31798.0000 31803.0000  0.02%  17.9 3165s
 19952248 5930395 31802.6913  179   27 31798.0000 31803.0000  0.02%  17.9 3170s
 19969550 5936012 31803.0000  167   32 31798.0000 31803.0000  0.02%  17.9 3176s
 19994600 5944557 31803.0000  168   29 31798.0000 31803.0000  0.02%  17.9 3180s
 20006961 5949716 31803.0000  186   17 31798.0000 31803.0000  0.02%  17.9 3185s
 20035329 5957693 31801.3614  186   32 31798.0000 31803.0000  0.02%  17.9 3190s
 20069903 5966471 31802.8960  191   32 31798.0000 31803.0000  0.02%  17.9 3195s
 20079878 5971388 31802.8166  189   30 31798.0000 31803.0000  0.02%  17.9 3200s
 20116383 5977742     cutoff  187      31798.0000 31803.0000  0.02%  17.9 3205s
 20133720 5981853     cutoff  191      31798.0000 31803.0000  0.02%  17.9 3210s
 20171597 5990081 31800.0000  184    9 31798.0000 31803.0000  0.02%  17.9 3215s
 20192910 5996205 31803.0000  168   27 31798.0000 31803.0000  0.02%  17.9 3220s
 20218083 6004190 31803.0000  169   16 31798.0000 31803.0000  0.02%  17.9 3225s
 20237648 6010845 31802.9554  155   30 31798.0000 31803.0000  0.02%  17.9 3231s
 20256186 6017339 31803.0000  166   11 31798.0000 31803.0000  0.02%  17.9 3235s
 20281780 6026905 31802.0000  171   24 31798.0000 31803.0000  0.02%  17.9 3240s
 20299018 6032777 31803.0000  171   11 31798.0000 31803.0000  0.02%  17.9 3245s
 20321229 6039693     cutoff  190      31798.0000 31803.0000  0.02%  17.9 3250s
 20352728 6050725 31802.0000  172   15 31798.0000 31803.0000  0.02%  17.9 3255s
 20371742 6057521 31802.0000  167   22 31798.0000 31803.0000  0.02%  17.9 3260s
 20388527 6063510 31800.1029  167   27 31798.0000 31803.0000  0.02%  17.9 3265s
 20408152 6070355 31802.9681  163   34 31798.0000 31803.0000  0.02%  17.9 3270s
 20435901 6081200 31801.1000  182   36 31798.0000 31803.0000  0.02%  17.9 3276s
 20452706 6087691 31803.0000  169   12 31798.0000 31803.0000  0.02%  17.9 3280s
 20484293 6098509 31799.0000  178    9 31798.0000 31803.0000  0.02%  17.9 3285s
 20491864 6101647 31799.2752  169   17 31798.0000 31803.0000  0.02%  17.9 3290s
 20520463 6110852 31803.0000  154   10 31798.0000 31803.0000  0.02%  17.9 3297s
 20542401 6117556 31802.7981  175   29 31798.0000 31803.0000  0.02%  17.9 3300s
 20568610 6125776 31802.0000  171   11 31798.0000 31803.0000  0.02%  17.9 3305s
 20598490 6134724 31803.0000  150   10 31798.0000 31803.0000  0.02%  17.9 3310s
 20616024 6141452     cutoff  167      31798.0000 31803.0000  0.02%  17.9 3315s
 20636302 6148861 31803.0000  168    9 31798.0000 31803.0000  0.02%  17.9 3320s
 20666750 6158012 31802.7968  175   37 31798.0000 31803.0000  0.02%  17.9 3326s
 20682625 6163973 31802.2575  164   13 31798.0000 31803.0000  0.02%  17.9 3330s
 20703573 6170630 31801.9562  164   32 31798.0000 31803.0000  0.02%  17.9 3335s
 20731298 6179404 31801.5404  171   22 31798.0000 31803.0000  0.02%  17.9 3340s
 20751555 6185088 31802.0000  171   30 31798.0000 31803.0000  0.02%  17.9 3345s
 20777255 6193352 infeasible  174      31798.0000 31803.0000  0.02%  17.9 3350s
 20796516 6198972 31801.1435  165   28 31798.0000 31803.0000  0.02%  17.9 3355s
 20816764 6206077 31802.0000  161   30 31798.0000 31803.0000  0.02%  17.9 3360s
 20840341 6212865 31801.0000  182   18 31798.0000 31803.0000  0.02%  17.9 3365s
 20858370 6218985 31799.0000  168   11 31798.0000 31803.0000  0.02%  17.9 3370s
 20876528 6225077 31803.0000   93   13 31798.0000 31803.0000  0.02%  17.9 3375s
 20897892 6231608 31801.6123  154   33 31798.0000 31803.0000  0.02%  17.9 3380s
 20919573 6238494 31803.0000  109   11 31798.0000 31803.0000  0.02%  17.9 3385s
 20942779 6244702 31802.0000  168   18 31798.0000 31803.0000  0.02%  17.9 3390s
 20960267 6250381 31802.3549  187   47 31798.0000 31803.0000  0.02%  17.9 3395s
 20971403 6252617 31801.8491  194   31 31798.0000 31803.0000  0.02%  17.9 3400s
 20996775 6260119 31803.0000  144   25 31798.0000 31803.0000  0.02%  17.9 3405s
 21021977 6267729 31801.6229  188   33 31798.0000 31803.0000  0.02%  17.9 3410s
 21036170 6271083 31801.9926  160   34 31798.0000 31803.0000  0.02%  17.9 3415s
 21053264 6276277 31803.0000  152   34 31798.0000 31803.0000  0.02%  17.9 3420s
 21078490 6284971     cutoff  168      31798.0000 31803.0000  0.02%  17.9 3425s
 21092822 6291697 31801.0000  166   18 31798.0000 31803.0000  0.02%  17.9 3430s
 21118940 6300814 31803.0000  118   36 31798.0000 31803.0000  0.02%  17.9 3435s
 21138041 6307652 31801.8796  177   32 31798.0000 31803.0000  0.02%  17.9 3440s
 21156278 6314533 31799.7273  186   28 31798.0000 31803.0000  0.02%  17.9 3445s
 21179314 6321975 31802.8542  177   41 31798.0000 31803.0000  0.02%  17.9 3450s
 21193814 6327484 31802.0000  190   13 31798.0000 31803.0000  0.02%  17.9 3455s
 21224111 6338113 31802.9877  164   21 31798.0000 31803.0000  0.02%  17.9 3460s
 21242128 6343772 31803.0000  183    9 31798.0000 31803.0000  0.02%  17.9 3465s
 21266377 6352954 31801.0000  163   15 31798.0000 31803.0000  0.02%  17.9 3470s
 21280922 6358898 31803.0000  147   14 31798.0000 31803.0000  0.02%  17.9 3475s
 21305856 6367278 31802.8851  177   41 31798.0000 31803.0000  0.02%  17.9 3481s
 21322392 6373619 31803.0000  161   18 31798.0000 31803.0000  0.02%  17.9 3485s
 21347638 6383019     cutoff  183      31798.0000 31803.0000  0.02%  17.9 3491s
 21366309 6390345     cutoff  183      31798.0000 31803.0000  0.02%  17.9 3495s
 21383331 6396881 31802.6750  184   26 31798.0000 31803.0000  0.02%  17.9 3500s
 21406800 6405232     cutoff  204      31798.0000 31803.0000  0.02%  17.9 3505s
 21426523 6412430 31802.4782  184   38 31798.0000 31803.0000  0.02%  17.9 3510s
 21446120 6419350 31802.0000  188   17 31798.0000 31803.0000  0.02%  17.9 3515s
 21469899 6428005 31803.0000  172   15 31798.0000 31803.0000  0.02%  17.9 3520s
 21484471 6432379 31802.9379  182   35 31798.0000 31803.0000  0.02%  17.9 3525s
 21510831 6441671 31800.1934  194   31 31798.0000 31803.0000  0.02%  17.9 3530s
 21529152 6447449 31803.0000  173   10 31798.0000 31803.0000  0.02%  17.9 3536s
 21552322 6456038 31800.3721  182   36 31798.0000 31803.0000  0.02%  17.9 3540s
 21574353 6463276 31803.0000  179   13 31798.0000 31803.0000  0.02%  17.9 3545s
 21594980 6470611 31801.7566  176   30 31798.0000 31803.0000  0.02%  17.9 3550s
 21615152 6477045 31800.0000  182   19 31798.0000 31803.0000  0.02%  17.9 3556s
 21630958 6484172 31801.0544  184   37 31798.0000 31803.0000  0.02%  17.9 3560s
 21648685 6490282 31803.0000  174   13 31798.0000 31803.0000  0.02%  17.9 3565s
 21673121 6499782 31802.0000  170   14 31798.0000 31803.0000  0.02%  17.9 3570s
 21683524 6507523 31803.0000  152   12 31798.0000 31803.0000  0.02%  17.9 3575s
 21712260 6514520 31802.7900  191   21 31798.0000 31803.0000  0.02%  17.9 3580s
 21725886 6519140     cutoff  198      31798.0000 31803.0000  0.02%  17.9 3585s
 21746036 6525686 31802.8183  131   22 31798.0000 31803.0000  0.02%  17.9 3590s
 21762742 6531593 31800.2548  165   44 31798.0000 31803.0000  0.02%  17.9 3595s
 21790118 6539992     cutoff  186      31798.0000 31803.0000  0.02%  17.9 3600s

Cutting planes:
  Gomory: 18
  Cover: 83
  Clique: 8
  MIR: 109
  StrongCG: 96
  Flow cover: 42
  Inf proof: 235
  Zero half: 7
  RLT: 12

Explored 21790384 nodes (389120831 simplex iterations) in 3600.04 seconds
Thread count was 12 (of 12 available processors)

Solution count 10: 31798 31794 31789 ... 31283

Time limit reached
Best objective 3.179800000000e+04, best bound 3.180300000000e+04, gap 0.0157%
