
Gurobi 9.1.2 (win64, Java) logging started Sat Nov  6 18:29:17 2021

Academic license - for non-commercial use only - expires 2022-10-30
Gurobi Optimizer version 9.1.2 build v9.1.2rc0 (win64)
Thread count: 6 physical cores, 12 logical processors, using up to 12 threads
Optimize a model with 70 rows, 600 columns and 1200 nonzeros
Model fingerprint: 0x77edc7b0
Variable types: 0 continuous, 600 integer (600 binary)
Coefficient statistics:
  Matrix range     [1e+00, 1e+03]
  Objective range  [4e+02, 1e+03]
  Bounds range     [1e+00, 1e+00]
  RHS range        [1e+00, 2e+03]
Found heuristic solution: objective 28316.000000
Presolve removed 0 rows and 116 columns
Presolve time: 0.01s
Presolved: 70 rows, 484 columns, 968 nonzeros
Variable types: 0 continuous, 484 integer (484 binary)
Presolved: 70 rows, 484 columns, 968 nonzeros


Root relaxation: objective 3.109986e+04, 223 iterations, 0.00 seconds

    Nodes    |    Current Node    |     Objective Bounds      |     Work
 Expl Unexpl |  Obj  Depth IntInf | Incumbent    BestBd   Gap | It/Node Time

     0     0 31099.8571    0   14 28316.0000 31099.8571  9.83%     -    0s
H    0     0                    30441.000000 31099.8571  2.16%     -    0s
H    0     0                    30484.000000 31099.8571  2.02%     -    0s
H    0     0                    30511.000000 31099.8571  1.93%     -    0s
H    0     0                    30885.000000 31099.8571  0.70%     -    0s
     0     0 31099.8571    0   25 30885.0000 31099.8571  0.70%     -    0s
     0     0 31099.8571    0   21 30885.0000 31099.8571  0.70%     -    0s
     0     0 30997.0001    0   19 30885.0000 30997.0001  0.36%     -    0s
     0     0 30997.0001    0   22 30885.0000 30997.0001  0.36%     -    0s
     0     0 30997.0001    0   27 30885.0000 30997.0001  0.36%     -    0s
     0     0 30997.0001    0   25 30885.0000 30997.0001  0.36%     -    0s
     0     2 30997.0001    0   21 30885.0000 30997.0001  0.36%     -    1s
H   35    43                    30897.000000 30997.0001  0.32%  27.9    1s
H  325   383                    30932.000000 30997.0001  0.21%  14.3    2s
H  710  1192                    30938.000000 30997.0001  0.19%  11.3    3s
H 2773  1817                    30950.000000 30997.0000  0.15%   8.0    4s
  2782  1823 30981.0002   89   13 30950.0000 30997.0000  0.15%   8.0    5s
  2913  1911 30997.0000   28   12 30950.0000 30997.0000  0.15%  10.1   10s
H 2921  1816                    30967.000000 30997.0000  0.10%  10.1   10s
 20027 12693     cutoff   71      30967.0000 30997.0000  0.10%   6.1   15s
 39409 23831 30997.0000   44   14 30967.0000 30997.0000  0.10%   5.9   20s
H39424 22639                    30982.000000 30997.0000  0.05%   5.9   20s
 58327 28941 30997.0000   93   21 30982.0000 30997.0000  0.05%   5.4   25s
 58433 28990 30997.0000   52    8 30982.0000 30997.0000  0.05%   5.5   30s
 108083 48092 30997.0000   84   10 30982.0000 30997.0000  0.05%   5.5   36s
 134605 59941 30997.0000  138   12 30982.0000 30997.0000  0.05%   5.7   40s
 167286 71361 30994.7011  158   25 30982.0000 30997.0000  0.05%   6.1   45s
 182717 79328     cutoff  141      30982.0000 30997.0000  0.05%   6.3   50s
 201900 87977 30996.1636  151   29 30982.0000 30997.0000  0.05%   6.8   55s
 211505 92448 30995.5402  144   47 30982.0000 30997.0000  0.05%   7.1   60s
 223273 96828 30997.0000  146   31 30982.0000 30997.0000  0.05%   7.6   66s
 238319 103138     cutoff  135      30982.0000 30997.0000  0.05%   8.2   71s
 249659 107874 30996.0002  139   51 30982.0000 30997.0000  0.05%   8.6   77s
 259976 113366     cutoff  157      30982.0000 30997.0000  0.05%   8.9   80s
 264310 118071 30997.0000  137   19 30982.0000 30997.0000  0.05%   9.1   85s
 279502 118893 30997.0000  155    8 30982.0000 30997.0000  0.05%   9.3   91s
 282294 125686 30995.7480  147   18 30982.0000 30997.0000  0.05%   9.4   95s
 296079 127416 30983.3805  150   22 30982.0000 30997.0000  0.05%   9.9  100s
 310561 133884 30995.0824  149   26 30982.0000 30997.0000  0.05%  10.3  105s
 321140 136439 30996.1681  144   34 30982.0000 30997.0000  0.05%  10.4  110s
 336652 140863 30995.7940  145   31 30982.0000 30997.0000  0.05%  10.6  115s
 348714 145809 30994.5682  157   23 30982.0000 30997.0000  0.05%  10.8  121s
 354920 154953     cutoff  137      30982.0000 30997.0000  0.05%  10.9  125s
 379618 160001     cutoff  168      30982.0000 30997.0000  0.05%  11.0  131s
 394571 165654 30984.1793  160   22 30982.0000 30997.0000  0.05%  11.1  137s
 404431 169976     cutoff  146      30982.0000 30997.0000  0.05%  11.2  140s
 417510 174135 30995.1753  171    8 30982.0000 30997.0000  0.05%  11.3  145s
 433791 179953 30996.3314  152   31 30982.0000 30997.0000  0.05%  11.3  150s
 447034 184065 30996.7489  142   22 30982.0000 30997.0000  0.05%  11.3  155s
 466444 189503 30993.0088  162   34 30982.0000 30997.0000  0.05%  11.3  161s
 477167 192997 30997.0000  148   29 30982.0000 30997.0000  0.05%  11.4  165s
 491112 196855 30989.7010  163    8 30982.0000 30997.0000  0.05%  11.4  170s
 504319 199829 30996.8445  173   18 30982.0000 30997.0000  0.05%  11.5  175s
 517263 203951 30988.3297  165   14 30982.0000 30997.0000  0.05%  11.5  180s
 530653 209044     cutoff  149      30982.0000 30997.0000  0.05%  11.6  186s
H530745 190238                    30986.000000 30997.0000  0.04%  11.6  186s
 543743 196614 30997.0000  138   18 30986.0000 30997.0000  0.04%  11.7  190s
 560924 205026 30991.5207  168    9 30986.0000 30997.0000  0.04%  11.8  195s
 580067 211241 30997.0000  109    9 30986.0000 30997.0000  0.04%  11.8  200s
 600788 216398     cutoff  144      30986.0000 30997.0000  0.04%  11.8  205s
H600797 191854                    30989.000000 30997.0000  0.03%  11.8  205s
 617159 196747 30996.8558  154   27 30989.0000 30997.0000  0.03%  11.9  210s
 631296 200088 30996.3077  152   26 30989.0000 30997.0000  0.03%  11.9  215s
 650806 204075     cutoff  156      30989.0000 30997.0000  0.03%  11.9  220s
 664845 206899     cutoff  151      30989.0000 30997.0000  0.03%  12.0  225s
 679860 210114     cutoff  155      30989.0000 30997.0000  0.03%  12.0  230s
 689412 212207 30991.5239  155   27 30989.0000 30997.0000  0.03%  12.0  235s
 712989 216339 30993.3505  159   10 30989.0000 30997.0000  0.03%  12.1  240s
 720013 217176 30991.5245  155   26 30989.0000 30997.0000  0.03%  12.1  245s
 740803 220919     cutoff  153      30989.0000 30997.0000  0.03%  12.1  250s
 767658 225518 30991.5221  154   27 30989.0000 30997.0000  0.03%  12.1  255s
 777407 227012     cutoff  149      30989.0000 30997.0000  0.03%  12.1  260s
 808838 232581 30996.9872  153   31 30989.0000 30997.0000  0.03%  12.1  266s
 822596 235115 30997.0000  144    6 30989.0000 30997.0000  0.03%  12.1  271s
 838514 237999     cutoff  158      30989.0000 30997.0000  0.03%  12.1  275s
 857413 240915     cutoff  158      30989.0000 30997.0000  0.03%  12.1  281s
 870898 243030 30995.8157  148   13 30989.0000 30997.0000  0.03%  12.1  285s
 883054 244981 30996.6205  155   32 30989.0000 30997.0000  0.03%  12.1  290s
 896152 247224 30996.8585  148   28 30989.0000 30997.0000  0.03%  12.1  295s
 920613 251351 30993.3505  157   11 30989.0000 30997.0000  0.03%  12.1  300s
 940724 254544     cutoff  160      30989.0000 30997.0000  0.03%  12.1  305s
 950274 255959     cutoff  161      30989.0000 30997.0000  0.03%  12.1  310s
 966001 259028 30997.0000  151    6 30989.0000 30997.0000  0.03%  12.2  315s
 985686 262173 30997.0000  147    5 30989.0000 30997.0000  0.03%  12.2  320s
 1005424 265250 30994.7967  159   29 30989.0000 30997.0000  0.03%  12.2  326s
 1015976 267139     cutoff  140      30989.0000 30997.0000  0.03%  12.2  330s
 1036576 270770     cutoff  156      30989.0000 30997.0000  0.03%  12.2  335s
 1049811 272833     cutoff  158      30989.0000 30997.0000  0.03%  12.2  340s
 1070908 276272     cutoff  152      30989.0000 30997.0000  0.03%  12.2  345s
 1083258 278237     cutoff  158      30989.0000 30997.0000  0.03%  12.2  350s
 1095796 279959 30995.9199  157   28 30989.0000 30997.0000  0.03%  12.2  355s
 1121923 284215     cutoff  157      30989.0000 30997.0000  0.03%  12.2  360s
 1137896 287239 30996.2759  155   30 30989.0000 30997.0000  0.03%  12.2  366s
 1145117 288427 30995.1753  154    7 30989.0000 30997.0000  0.03%  12.2  370s
 1174192 292840     cutoff  155      30989.0000 30997.0000  0.03%  12.3  375s
 1181744 293944 30996.9238  142   30 30989.0000 30997.0000  0.03%  12.3  380s
 1203210 296884 30991.5207  161    9 30989.0000 30997.0000  0.03%  12.3  385s
 1214118 298553 30996.1204  157   26 30989.0000 30997.0000  0.03%  12.3  391s
 1223384 299851 30995.9201  146   33 30989.0000 30997.0000  0.03%  12.3  395s
 1246103 302582 30996.8753  160   27 30989.0000 30997.0000  0.03%  12.3  400s
 1262611 304731 30993.3505  155   12 30989.0000 30997.0000  0.03%  12.4  405s
 1273805 306596 30997.0000  150    5 30989.0000 30997.0000  0.03%  12.4  410s
 1292027 308901     cutoff  160      30989.0000 30997.0000  0.03%  12.4  415s
 1301142 310160 30994.4667  156   18 30989.0000 30997.0000  0.03%  12.4  421s
 1320791 312941 30991.5258  151   10 30989.0000 30997.0000  0.03%  12.5  425s
 1334153 314961 30997.0000  149    6 30989.0000 30997.0000  0.03%  12.5  430s
 1338130 317157 30997.0000  152    5 30989.0000 30997.0000  0.03%  12.5  435s
 1369119 319825     cutoff  160      30989.0000 30997.0000  0.03%  12.5  441s
 1385064 322482     cutoff  153      30989.0000 30997.0000  0.03%  12.5  445s
 1394318 323953     cutoff  156      30989.0000 30997.0000  0.03%  12.6  451s
 1414260 327576 30991.5455  155   22 30989.0000 30997.0000  0.03%  12.6  455s
 1426756 329935 30997.0000  153    5 30989.0000 30997.0000  0.03%  12.6  460s
 1439447 333094 30996.8694  153   19 30989.0000 30997.0000  0.03%  12.6  465s
 1454928 335498     cutoff  155      30989.0000 30997.0000  0.03%  12.6  470s
 1478968 339634 30996.9141  150   17 30989.0000 30997.0000  0.03%  12.6  476s
 1494678 342929     cutoff  154      30989.0000 30997.0000  0.03%  12.6  480s
 1510216 347355 30992.2775  147   14 30989.0000 30997.0000  0.03%  12.6  485s
 1523499 350279 30990.6942  164    9 30989.0000 30997.0000  0.03%  12.6  491s
 1546044 354699 30997.0000  150    5 30989.0000 30997.0000  0.03%  12.6  495s
 1558907 357197 30993.3505  157   11 30989.0000 30997.0000  0.03%  12.6  501s
 1570974 359794 30996.2860  150   18 30989.0000 30997.0000  0.03%  12.6  505s
 1588958 362165 30996.6813  152   33 30989.0000 30997.0000  0.03%  12.6  512s
 1604683 367155     cutoff  169      30989.0000 30997.0000  0.03%  12.6  517s
 1617378 371879 30997.0000  125    8 30989.0000 30997.0000  0.03%  12.6  520s
 1630226 374734     cutoff  154      30989.0000 30997.0000  0.03%  12.6  525s
 1660026 382010 30991.5258  159    7 30989.0000 30997.0000  0.03%  12.6  530s
 1673002 386130 30997.0000  164   10 30989.0000 30997.0000  0.03%  12.6  535s
 1710685 391426 infeasible  164      30989.0000 30997.0000  0.03%  12.5  540s
 1726790 392326     cutoff  160      30989.0000 30997.0000  0.03%  12.5  545s
 1741939 393565     cutoff  156      30989.0000 30997.0000  0.03%  12.5  550s
 1774822 395911 30997.0000  142    8 30989.0000 30997.0000  0.03%  12.4  557s
 1794314 397794     cutoff  164      30989.0000 30997.0000  0.03%  12.3  560s
 1822316 399761 30997.0000  153    8 30989.0000 30997.0000  0.03%  12.3  565s
 1855184 401990     cutoff  163      30989.0000 30997.0000  0.03%  12.2  572s
 1864281 402646     cutoff  155      30989.0000 30997.0000  0.03%  12.2  575s
 1902694 407186 30991.5990  158   18 30989.0000 30997.0000  0.03%  12.1  580s
 1926807 409238 30996.9917  152   21 30989.0000 30997.0000  0.03%  12.1  588s
 1939268 410296 30997.0000  127    7 30989.0000 30997.0000  0.03%  12.0  590s
 1968367 412892 30997.0000  146    8 30989.0000 30997.0000  0.03%  12.0  595s
 1985830 414359 30991.5236  157   12 30989.0000 30997.0000  0.03%  12.0  600s
 2010911 417921     cutoff  166      30989.0000 30997.0000  0.03%  11.9  607s
 2026663 418930     cutoff  165      30989.0000 30997.0000  0.03%  11.9  610s
 2053226 421592 30997.0000  151    8 30989.0000 30997.0000  0.03%  11.9  615s
 2081423 425874 30996.2794  159   12 30989.0000 30997.0000  0.03%  11.9  620s
 2089397 426608 30997.0000  105   24 30989.0000 30997.0000  0.03%  11.8  626s
 2110083 430025     cutoff  143      30989.0000 30997.0000  0.03%  11.8  630s
 2134461 435381 30994.0991  143   15 30989.0000 30997.0000  0.03%  11.8  635s
 2150951 439637 30997.0000  127   12 30989.0000 30997.0000  0.03%  11.8  640s
 2179346 444393 30997.0000  148    8 30989.0000 30997.0000  0.03%  11.8  647s
 2181548 444678 30996.7390  135   19 30989.0000 30997.0000  0.03%  11.8  650s
 2216706 450756 30996.9122  131   19 30989.0000 30997.0000  0.03%  11.8  655s
 2230695 452363 30995.6354  145   26 30989.0000 30997.0000  0.03%  11.7  660s
 2252097 453946     cutoff  142      30989.0000 30997.0000  0.03%  11.7  665s
 2279426 456351 30997.0000  133    8 30989.0000 30997.0000  0.03%  11.7  671s
 2292964 457368     cutoff  136      30989.0000 30997.0000  0.03%  11.7  675s
 2324382 460934 30995.1753  139    9 30989.0000 30997.0000  0.03%  11.7  680s
 2336354 462522     cutoff  142      30989.0000 30997.0000  0.03%  11.7  686s
 2338770 463205 30996.7292  142   10 30989.0000 30997.0000  0.03%  11.7  690s
 2375989 470366 30995.1753  130    8 30989.0000 30997.0000  0.03%  11.6  695s
 2389001 473141 30995.1667  139    9 30989.0000 30997.0000  0.03%  11.6  700s
 2413413 477657     cutoff  141      30989.0000 30997.0000  0.03%  11.6  705s
 2433106 480597 30993.3333  140    8 30989.0000 30997.0000  0.03%  11.6  711s
 2451042 482767 30995.1753  140   12 30989.0000 30997.0000  0.03%  11.6  716s
 2475256 486905 30997.0000  134    8 30989.0000 30997.0000  0.03%  11.6  720s
 2482960 488272 30993.6501  151   26 30989.0000 30997.0000  0.03%  11.6  725s
 2490470 489592 30997.0000  120   12 30989.0000 30997.0000  0.03%  11.6  730s
 2517542 494257 30997.0000  109    8 30989.0000 30997.0000  0.03%  11.6  735s
 2542588 498832 30993.3471  149    7 30989.0000 30997.0000  0.03%  11.6  740s
 2553502 500831 30994.9872  153   31 30989.0000 30997.0000  0.03%  11.6  745s
 2574965 505263     cutoff  152      30989.0000 30997.0000  0.03%  11.6  750s
 2583920 507432 30997.0000  131    7 30989.0000 30997.0000  0.03%  11.6  755s
 2597124 510149 30997.0000  149    6 30989.0000 30997.0000  0.03%  11.6  760s
 2625345 516333 30996.9911  150   35 30989.0000 30997.0000  0.03%  11.6  765s
 2634756 518264 30997.0000  149    5 30989.0000 30997.0000  0.03%  11.6  771s
 2654290 521626 30993.3505  153   10 30989.0000 30997.0000  0.03%  11.6  775s
 2670871 524159 30997.0000  151    6 30989.0000 30997.0000  0.03%  11.7  781s
 2685661 527087 30996.7641  154   32 30989.0000 30997.0000  0.03%  11.6  785s
 2703766 530273     cutoff  163      30989.0000 30997.0000  0.03%  11.7  790s
 2714084 532411 30992.8113  159   30 30989.0000 30997.0000  0.03%  11.7  795s
 2724844 534984 30997.0000  145   17 30989.0000 30997.0000  0.03%  11.7  800s
 2748925 541141     cutoff  166      30989.0000 30997.0000  0.03%  11.7  805s
 2759611 543546 30996.4791  150   27 30989.0000 30997.0000  0.03%  11.7  810s
 2781161 549306 30994.6830  159   31 30989.0000 30997.0000  0.03%  11.7  815s
 2787713 550526 30997.0000  149    6 30989.0000 30997.0000  0.03%  11.7  820s
 2806201 555251 30997.0000  151    6 30989.0000 30997.0000  0.03%  11.7  826s
 2823358 559639 30991.5178  154   20 30989.0000 30997.0000  0.03%  11.8  830s
 2844944 564254     cutoff  156      30989.0000 30997.0000  0.03%  11.8  835s
 2862222 569038 30997.0000  151    8 30989.0000 30997.0000  0.03%  11.8  840s
 2875921 572380     cutoff  156      30989.0000 30997.0000  0.03%  11.8  847s
 2889857 576655 30996.0396  154   30 30989.0000 30997.0000  0.03%  11.8  850s
 2901846 579644 30997.0000  150   21 30989.0000 30997.0000  0.03%  11.8  855s
 2921352 583941 30996.8781  149   30 30989.0000 30997.0000  0.03%  11.8  861s
 2933835 586597     cutoff  141      30989.0000 30997.0000  0.03%  11.8  865s
 2955291 591263 30991.5000  156   17 30989.0000 30997.0000  0.03%  11.9  870s
 2970369 594447     cutoff  151      30989.0000 30997.0000  0.03%  11.9  878s
 2979595 596251     cutoff  157      30989.0000 30997.0000  0.03%  11.9  880s
 2998946 600455 30993.8499  154   25 30989.0000 30997.0000  0.03%  11.9  885s
 3015301 604551 30996.9280  151   14 30989.0000 30997.0000  0.03%  11.9  890s
 3034489 608962 30996.2307  169   25 30989.0000 30997.0000  0.03%  11.8  895s
 3054791 613761     cutoff  149      30989.0000 30997.0000  0.03%  11.8  900s
 3068162 616227     cutoff  159      30989.0000 30997.0000  0.03%  11.8  906s
 3088148 624968 30997.0000  124   11 30989.0000 30997.0000  0.03%  11.8  911s
 3098850 631269 30997.0000  119   11 30989.0000 30997.0000  0.03%  11.8  915s
 3118254 639264     cutoff  142      30989.0000 30997.0000  0.03%  11.8  921s
 3129968 644005 30996.5152  129   13 30989.0000 30997.0000  0.03%  11.8  927s
 3138491 645353 30997.0000  131   16 30989.0000 30997.0000  0.03%  11.8  930s
 3154111 651141 30996.9065  141   15 30989.0000 30997.0000  0.03%  11.7  935s
 3174095 655851 30996.9543  136   10 30989.0000 30997.0000  0.03%  11.7  941s
 3186996 658345     cutoff  138      30989.0000 30997.0000  0.03%  11.7  946s
 3195205 659776 30997.0000  133    7 30989.0000 30997.0000  0.03%  11.7  952s
 3205377 662729 30997.0000  129   10 30989.0000 30997.0000  0.03%  11.7  955s
 3230569 668578 30996.7636  142   12 30989.0000 30997.0000  0.03%  11.7  960s
 3240077 670376 30995.1379  136   13 30989.0000 30997.0000  0.03%  11.7  966s
 3260497 674193 30996.2595  139   13 30989.0000 30997.0000  0.03%  11.6  970s
 3280250 685840 30997.0000   68   15 30989.0000 30997.0000  0.03%  11.6  975s
 3289437 692162 30997.0000   86   22 30989.0000 30997.0000  0.03%  11.6  980s
 3311718 706657 30996.7780  134   23 30989.0000 30997.0000  0.03%  11.6  985s
 3327376 712735 30994.0000  141    8 30989.0000 30997.0000  0.03%  11.6  990s
 3341116 716820     cutoff  138      30989.0000 30997.0000  0.03%  11.6  998s
 3346651 719020 30996.0000  131   13 30989.0000 30997.0000  0.03%  11.6 1000s
 3362875 723677 30995.8459  125   23 30989.0000 30997.0000  0.03%  11.6 1005s
 3369621 725625 30996.5301  133   29 30989.0000 30997.0000  0.03%  11.6 1010s
 3382696 728667     cutoff  150      30989.0000 30997.0000  0.03%  11.6 1016s
 3395513 732086     cutoff  142      30989.0000 30997.0000  0.03%  11.6 1022s
 3407210 734982     cutoff  111      30989.0000 30997.0000  0.03%  11.6 1025s
 3424654 737860 30991.0000  134   19 30989.0000 30997.0000  0.03%  11.6 1031s
 3432629 738996 30997.0000  133    6 30989.0000 30997.0000  0.03%  11.6 1035s
 3450620 742732 30996.9676  124   29 30989.0000 30997.0000  0.03%  11.6 1040s
 3466812 745805     cutoff  130      30989.0000 30997.0000  0.03%  11.6 1045s
 3475788 747501 30996.4713  127   10 30989.0000 30997.0000  0.03%  11.6 1052s
 3484931 749078 30995.5586  126   26 30989.0000 30997.0000  0.03%  11.6 1055s
 3503939 753268     cutoff  131      30989.0000 30997.0000  0.03%  11.7 1060s
 3511434 754907 30991.0000  121   11 30989.0000 30997.0000  0.03%  11.7 1065s
 3519335 758331 30996.7326  100   15 30989.0000 30997.0000  0.03%  11.7 1070s
 3541204 762811 30995.6466  135   25 30989.0000 30997.0000  0.03%  11.7 1075s
 3555179 764027 30997.0000  116    6 30989.0000 30997.0000  0.03%  11.6 1081s
 3572238 767847 30997.0000  123    9 30989.0000 30997.0000  0.03%  11.6 1085s
 3587913 770599 30991.1361  130   12 30989.0000 30997.0000  0.03%  11.6 1092s
 3599449 773383     cutoff  107      30989.0000 30997.0000  0.03%  11.6 1095s
 3620464 776974     cutoff  129      30989.0000 30997.0000  0.03%  11.6 1100s
 3632246 778450     cutoff  126      30989.0000 30997.0000  0.03%  11.6 1106s
 3644859 782118 30990.0000  131    7 30989.0000 30997.0000  0.03%  11.6 1110s
 3651940 784571 30991.0000  143   11 30989.0000 30997.0000  0.03%  11.6 1115s
 3679448 790431 30992.0000  151    8 30989.0000 30997.0000  0.03%  11.6 1123s
 3687587 792443 30996.9606  140   23 30989.0000 30997.0000  0.03%  11.6 1128s
 3687603 795227 30996.9606  141   25 30989.0000 30997.0000  0.03%  11.6 1130s
 3719694 799493 30996.8725  140   25 30989.0000 30997.0000  0.03%  11.6 1135s
 3739347 803300     cutoff  134      30989.0000 30997.0000  0.03%  11.6 1140s
 3748425 804617 30990.8089  161   12 30989.0000 30997.0000  0.03%  11.6 1145s
 3757983 806487 30997.0000  126    9 30989.0000 30997.0000  0.03%  11.6 1151s
 3771712 809585     cutoff  136      30989.0000 30997.0000  0.03%  11.6 1155s
 3793816 813778 30991.0000  130   18 30989.0000 30997.0000  0.03%  11.6 1162s
 3801373 815957 30991.0000  139    8 30989.0000 30997.0000  0.03%  11.6 1165s
 3825352 820134 30997.0000  134    6 30989.0000 30997.0000  0.03%  11.6 1171s
 3838325 822669 30995.3792  124   15 30989.0000 30997.0000  0.03%  11.6 1175s
 3845148 824042     cutoff  147      30989.0000 30997.0000  0.03%  11.5 1180s
 3866754 828417 30995.4697  133    9 30989.0000 30997.0000  0.03%  11.5 1186s
 3876885 830335 30996.8054  119   24 30989.0000 30997.0000  0.03%  11.5 1190s
 3895643 833994 infeasible  137      30989.0000 30997.0000  0.03%  11.5 1195s
 3913027 836459 30994.7286  121   19 30989.0000 30997.0000  0.03%  11.5 1202s
 3927943 839780 30996.6604  132   14 30989.0000 30997.0000  0.03%  11.5 1205s
 3941397 842591     cutoff  125      30989.0000 30997.0000  0.03%  11.5 1213s
 3944506 843524 30996.8536  131   24 30989.0000 30997.0000  0.03%  11.5 1215s
 3972963 848645 30995.0000  144   14 30989.0000 30997.0000  0.03%  11.5 1220s
 3985985 850772 30996.0000  128   14 30989.0000 30997.0000  0.03%  11.5 1225s
 4009549 855715 30990.4167  142   12 30989.0000 30997.0000  0.03%  11.5 1231s
 4015787 856682 30991.0000  137    7 30989.0000 30997.0000  0.03%  11.5 1236s
 4025759 858744 30993.0000  131    8 30989.0000 30997.0000  0.03%  11.5 1241s
 4044498 862632     cutoff  136      30989.0000 30997.0000  0.03%  11.5 1245s
 4065889 865947 30991.0000  124   11 30989.0000 30997.0000  0.03%  11.5 1252s
 4079113 868610 30996.9684  130   30 30989.0000 30997.0000  0.03%  11.5 1255s
 4093421 871375 30995.6872  135   22 30989.0000 30997.0000  0.03%  11.5 1260s
 4112227 875256 30991.0000  144   10 30989.0000 30997.0000  0.03%  11.5 1265s
 4122214 877281 30990.6424  126   20 30989.0000 30997.0000  0.03%  11.5 1270s
 4144808 882103 30991.0000  144   17 30989.0000 30997.0000  0.03%  11.5 1275s
 4160310 885112 30992.0000  126   10 30989.0000 30997.0000  0.03%  11.5 1280s
 4175635 887762 30997.0000  128    9 30989.0000 30997.0000  0.03%  11.4 1287s
 4182508 889164     cutoff  127      30989.0000 30997.0000  0.03%  11.4 1292s
 4193047 891595 30996.0000  126    9 30989.0000 30997.0000  0.03%  11.4 1295s
 4207064 894061 30992.2937  140   19 30989.0000 30997.0000  0.03%  11.4 1301s
 4220848 896931 30996.9394  140   23 30989.0000 30997.0000  0.03%  11.4 1307s
 4231169 898938     cutoff  149      30989.0000 30997.0000  0.03%  11.4 1310s
 4240486 900135 30997.0000  122    8 30989.0000 30997.0000  0.03%  11.4 1318s
 4248054 901512 30996.2191  136   22 30989.0000 30997.0000  0.03%  11.4 1320s
 4266106 904222     cutoff  143      30989.0000 30997.0000  0.03%  11.4 1325s
 4286607 908664 30991.0000  127   15 30989.0000 30997.0000  0.03%  11.4 1330s
 4296364 910487     cutoff  128      30989.0000 30997.0000  0.03%  11.4 1336s
 4309543 913712 30996.6363  120   18 30989.0000 30997.0000  0.03%  11.4 1340s
 4323750 916938     cutoff  138      30989.0000 30997.0000  0.03%  11.4 1345s
 4336842 920191 30996.1748  136   21 30989.0000 30997.0000  0.03%  11.4 1350s
 4346005 921411 30996.6553  124   29 30989.0000 30997.0000  0.03%  11.4 1355s
 4359631 923842 30997.0000  134    8 30989.0000 30997.0000  0.03%  11.4 1361s
 4375562 927011 30996.0158  123   22 30989.0000 30997.0000  0.03%  11.4 1366s
 4392217 930528     cutoff  141      30989.0000 30997.0000  0.03%  11.4 1370s
 4401082 931558 30993.9520  121   30 30989.0000 30997.0000  0.03%  11.4 1375s
 4405033 932245 30993.9246  137   17 30989.0000 30997.0000  0.03%  11.4 1380s
 4426906 936465 30992.0000  137   10 30989.0000 30997.0000  0.03%  11.4 1385s
 4449709 941050 30991.3137  138   25 30989.0000 30997.0000  0.03%  11.4 1390s
 4456854 942789 30996.8054  125   24 30989.0000 30997.0000  0.03%  11.4 1395s
 4479611 947502 30996.9809  135   23 30989.0000 30997.0000  0.03%  11.4 1400s
 4493623 950448 30996.0000  134   13 30989.0000 30997.0000  0.03%  11.4 1405s
 4498396 951204     cutoff  133      30989.0000 30997.0000  0.03%  11.4 1410s
 4516480 955702 30996.9989  140   28 30989.0000 30997.0000  0.03%  11.4 1415s
 4532088 959069 30996.0000  125   15 30989.0000 30997.0000  0.03%  11.4 1420s
 4555885 964864 30996.0000  132    6 30989.0000 30997.0000  0.03%  11.4 1425s
 4559824 968226     cutoff  130      30989.0000 30997.0000  0.03%  11.4 1430s
 4572055 968747 30996.7404  125   23 30989.0000 30997.0000  0.03%  11.3 1435s
 4591870 973259 infeasible  146      30989.0000 30997.0000  0.03%  11.3 1440s
 4599963 974194 30994.5349  147    6 30989.0000 30997.0000  0.03%  11.3 1445s
 4621826 978261     cutoff  137      30989.0000 30997.0000  0.03%  11.3 1451s
 4633338 979915 30996.9951  138   17 30989.0000 30997.0000  0.03%  11.3 1456s
 4646917 982165     cutoff  107      30989.0000 30997.0000  0.03%  11.3 1460s
 4665057 986282 30997.0000  121    8 30989.0000 30997.0000  0.03%  11.3 1465s
 4672615 987969     cutoff  146      30989.0000 30997.0000  0.03%  11.3 1470s
 4687401 991279 30995.5539  131   25 30989.0000 30997.0000  0.03%  11.3 1475s
 4694954 992570     cutoff  142      30989.0000 30997.0000  0.03%  11.3 1480s
 4716651 996677 30996.8455  132   25 30989.0000 30997.0000  0.03%  11.3 1485s
 4721075 997322 30996.4186  139   24 30989.0000 30997.0000  0.03%  11.3 1490s
 4739231 1001349 30990.7059  119   18 30989.0000 30997.0000  0.03%  11.3 1495s
 4760882 1005561 30996.3333  132   15 30989.0000 30997.0000  0.03%  11.3 1503s
 4761097 1005631 30991.0000  133   12 30989.0000 30997.0000  0.03%  11.3 1506s
 4774734 1008672 30992.7042  129   22 30989.0000 30997.0000  0.03%  11.3 1510s
 4794246 1012222     cutoff  123      30989.0000 30997.0000  0.03%  11.3 1515s
 4801840 1013604 30994.2222  123   12 30989.0000 30997.0000  0.03%  11.3 1520s
 4822108 1018096 30991.0070  145   20 30989.0000 30997.0000  0.03%  11.3 1525s
 4839777 1021538 30997.0000  128    8 30989.0000 30997.0000  0.03%  11.3 1530s
 4851516 1023713 30991.0000  141   14 30989.0000 30997.0000  0.03%  11.3 1535s
 4858740 1024846 infeasible  148      30989.0000 30997.0000  0.03%  11.3 1540s
 4876408 1028692 30990.3939  127   11 30989.0000 30997.0000  0.03%  11.3 1545s
 4899492 1033453 30996.9793  147   27 30989.0000 30997.0000  0.03%  11.3 1550s
 4906432 1034671 30997.0000  118    8 30989.0000 30997.0000  0.03%  11.3 1558s
 4913183 1036695     cutoff  137      30989.0000 30997.0000  0.03%  11.3 1560s
 4935590 1041645 30990.3111  150   23 30989.0000 30997.0000  0.03%  11.3 1565s
 4955734 1046077     cutoff  135      30989.0000 30997.0000  0.03%  11.3 1570s
 4962864 1047444 30996.2088  135   16 30989.0000 30997.0000  0.03%  11.2 1575s
 4970899 1049113 30991.0000  144   10 30989.0000 30997.0000  0.03%  11.2 1580s
 4992452 1053976 30990.0000  133    5 30989.0000 30997.0000  0.03%  11.2 1585s
 5009580 1057686 30995.4151  129   24 30989.0000 30997.0000  0.03%  11.2 1590s
 5015627 1058730 30996.8731  125   28 30989.0000 30997.0000  0.03%  11.2 1595s
 5021632 1059910     cutoff  130      30989.0000 30997.0000  0.03%  11.2 1600s
 5037778 1063422 30992.0000  125    8 30989.0000 30997.0000  0.03%  11.2 1605s
 5050790 1065498 30996.9861  124   24 30989.0000 30997.0000  0.03%  11.2 1610s
 5068616 1068862 30992.0000  135    7 30989.0000 30997.0000  0.03%  11.2 1615s
 5085441 1072412 30996.8644  118   29 30989.0000 30997.0000  0.03%  11.2 1620s
 5090151 1073911 30996.9141  126   32 30989.0000 30997.0000  0.03%  11.2 1625s
 5108777 1077495 30996.8249  135   24 30989.0000 30997.0000  0.03%  11.2 1630s
 5115773 1079340     cutoff  132      30989.0000 30997.0000  0.03%  11.2 1635s
 5132322 1082778 30996.4143  129   22 30989.0000 30997.0000  0.03%  11.2 1640s
 5142076 1084214 30997.0000  140    8 30989.0000 30997.0000  0.03%  11.2 1645s
 5161997 1088830 30996.0000  147   25 30989.0000 30997.0000  0.03%  11.2 1650s
 5183978 1092143     cutoff  142      30989.0000 30997.0000  0.03%  11.2 1656s
 5192705 1093551     cutoff  132      30989.0000 30997.0000  0.03%  11.2 1661s
 5206445 1095956 30997.0000  128    6 30989.0000 30997.0000  0.03%  11.2 1665s
 5222780 1098201 30997.0000  122    7 30989.0000 30997.0000  0.03%  11.2 1670s
 5241459 1101446 30994.9962  136    8 30989.0000 30997.0000  0.03%  11.2 1675s
 5256836 1104399 30992.0000  129    9 30989.0000 30997.0000  0.03%  11.2 1680s
 5268873 1106452 30996.8494  144   21 30989.0000 30997.0000  0.03%  11.2 1687s
 5278778 1108982 30997.0000  119    8 30989.0000 30997.0000  0.03%  11.2 1690s
 5301205 1113803     cutoff  130      30989.0000 30997.0000  0.03%  11.1 1695s
 5307187 1114650 30996.0268  131    9 30989.0000 30997.0000  0.03%  11.1 1701s
 5316218 1117734 30996.8160  123   27 30989.0000 30997.0000  0.03%  11.1 1705s
 5341006 1123407 30997.0000  142    7 30989.0000 30997.0000  0.03%  11.1 1710s
 5360807 1125557 30997.0000  108    9 30989.0000 30997.0000  0.03%  11.1 1717s
 5370825 1127849 30997.0000  129    5 30989.0000 30997.0000  0.03%  11.1 1720s
 5382907 1130024 30995.8637  138   19 30989.0000 30997.0000  0.03%  11.1 1725s
 5397874 1132962 30997.0000  131    9 30989.0000 30997.0000  0.03%  11.1 1730s
 5416765 1136823 30996.6494  142   17 30989.0000 30997.0000  0.03%  11.1 1735s
 5425037 1138013 30996.2212  144   19 30989.0000 30997.0000  0.03%  11.1 1740s
 5444336 1141520     cutoff  146      30989.0000 30997.0000  0.03%  11.1 1746s
 5462262 1145546 30996.7830  133   21 30989.0000 30997.0000  0.03%  11.1 1750s
 5469302 1148973 30995.8710  113   15 30989.0000 30997.0000  0.03%  11.1 1755s
 5495511 1152217 30996.2775  125   18 30989.0000 30997.0000  0.03%  11.1 1760s
 5511172 1155283 30997.0000  124    6 30989.0000 30997.0000  0.03%  11.1 1765s
 5518089 1156742 30996.9000  125   24 30989.0000 30997.0000  0.03%  11.1 1770s
 5534991 1159898 30991.0000  146    5 30989.0000 30997.0000  0.03%  11.1 1776s
 5551139 1162979     cutoff  141      30989.0000 30997.0000  0.03%  11.1 1780s
 5568011 1165622 30993.4444  134   17 30989.0000 30997.0000  0.03%  11.1 1787s
 5579889 1168430 30997.0000  136    6 30989.0000 30997.0000  0.03%  11.1 1790s
 5602134 1172455 30997.0000  129    5 30989.0000 30997.0000  0.03%  11.1 1795s
 5608414 1173696     cutoff  130      30989.0000 30997.0000  0.03%  11.1 1800s
*5620257 382663             139    30996.000000 30997.0000  0.00%  11.1 1803s

Cutting planes:
  Gomory: 12
  Cover: 464
  Clique: 2
  MIR: 24
  StrongCG: 8
  Flow cover: 2
  Inf proof: 2
  Zero half: 3
  RLT: 2

Explored 5620382 nodes (62220445 simplex iterations) in 1803.26 seconds
Thread count was 12 (of 12 available processors)

Solution count 10: 30996 30989 30986 ... 30885

Optimal solution found (tolerance 1.00e-04)
Best objective 3.099600000000e+04, best bound 3.099700000000e+04, gap 0.0032%
