
Gurobi 9.1.2 (win64, Java) logging started Sat Nov  6 19:45:51 2021

Academic license - for non-commercial use only - expires 2022-10-30
Gurobi Optimizer version 9.1.2 build v9.1.2rc0 (win64)
Thread count: 6 physical cores, 12 logical processors, using up to 12 threads
Optimize a model with 70 rows, 600 columns and 1200 nonzeros
Model fingerprint: 0xad6fd5cf
Variable types: 0 continuous, 600 integer (600 binary)
Coefficient statistics:
  Matrix range     [1e+00, 1e+03]
  Objective range  [4e+02, 1e+03]
  Bounds range     [1e+00, 1e+00]
  RHS range        [1e+00, 2e+03]
Found heuristic solution: objective 28823.000000
Presolve removed 0 rows and 59 columns
Presolve time: 0.01s
Presolved: 70 rows, 541 columns, 1082 nonzeros
Variable types: 0 continuous, 541 integer (541 binary)
Presolved: 70 rows, 541 columns, 1082 nonzeros


Root relaxation: objective 3.191460e+04, 188 iterations, 0.00 seconds

    Nodes    |    Current Node    |     Objective Bounds      |     Work
 Expl Unexpl |  Obj  Depth IntInf | Incumbent    BestBd   Gap | It/Node Time

     0     0 31914.6018    0   15 28823.0000 31914.6018  10.7%     -    0s
H    0     0                    30876.000000 31914.6018  3.36%     -    0s
H    0     0                    30897.000000 31914.6018  3.29%     -    0s
H    0     0                    31295.000000 31914.6018  1.98%     -    0s
     0     0 31883.3333    0   29 31295.0000 31883.3333  1.88%     -    0s
H    0     0                    31317.000000 31883.3333  1.81%     -    0s
     0     0 31883.3333    0   26 31317.0000 31883.3333  1.81%     -    0s
     0     0 31883.3333    0   34 31317.0000 31883.3333  1.81%     -    1s
     0     0 31883.3333    0   20 31317.0000 31883.3333  1.81%     -    1s
     0     2 31883.3333    0   13 31317.0000 31883.3333  1.81%     -    1s
H   35    44                    31324.000000 31883.3333  1.79%  22.7    1s
H  472   518                    31333.000000 31883.3333  1.76%   6.8    4s
H  516   518                    31335.999947 31883.3333  1.75%   6.5    4s
H 2864  1678                    31715.000000 31883.3333  0.53%   5.1    5s
H 2873  1592                    31722.000000 31883.3333  0.51%   5.1    6s
H 2887  1521                    31731.000000 31883.3333  0.48%   5.0    9s
  2916  1552 31883.3333   15   19 31731.0000 31883.3333  0.48%   6.1   11s
  8908  5834 31845.5128   55   20 31731.0000 31883.3333  0.48%   5.5   15s
 17732 12820 31883.3333   59   18 31731.0000 31883.3333  0.48%   5.4   23s
 34732 27863     cutoff   81      31731.0000 31883.3333  0.48%   5.8   25s
H36859 26485                    31746.000000 31750.0000  0.01%   5.8   30s
 36952 26528 31750.0000   40   17 31746.0000 31750.0000  0.01%   5.9   38s
 45243 30197 31750.0000  189   14 31746.0000 31750.0000  0.01%   6.6   40s
 57877 31937 31750.0000  128   19 31746.0000 31750.0000  0.01%   7.4   45s
 77165 34361 31750.0000  219   14 31746.0000 31750.0000  0.01%   8.6   50s
 92162 34060 31750.0000  156   25 31746.0000 31750.0000  0.01%   9.9   55s
 95449 33825     cutoff  193      31746.0000 31750.0000  0.01%  10.5   63s
 96019 35109     cutoff  194      31746.0000 31750.0000  0.01%  10.6   65s
 110058 36296 31749.0000  198   20 31746.0000 31750.0000  0.01%  11.8   70s
 112356 36648     cutoff  259      31746.0000 31750.0000  0.01%  12.0   75s
 124072 41505 31750.0000  212   20 31746.0000 31750.0000  0.01%  12.6   82s
 131494 45309 31750.0000  169   29 31746.0000 31750.0000  0.01%  13.0   85s
 140277 49164     cutoff  218      31746.0000 31750.0000  0.01%  13.5   92s
 144478 51899 31750.0000  246   15 31746.0000 31750.0000  0.01%  13.7   96s
 153412 56821     cutoff  216      31746.0000 31750.0000  0.01%  14.0  100s
 161363 59318 31750.0000  145   27 31746.0000 31750.0000  0.01%  14.2  105s
 163802 60014 31748.9288  222   19 31746.0000 31750.0000  0.01%  14.2  110s
 177739 60777 31750.0000  190   14 31746.0000 31750.0000  0.01%  14.1  115s
 185649 61526 31747.0000  163   22 31746.0000 31750.0000  0.01%  14.1  120s
 197784 64806 31750.0000  164   18 31746.0000 31750.0000  0.01%  14.2  125s
 208217 66047     cutoff  209      31746.0000 31750.0000  0.01%  14.2  130s
 218335 66812 31750.0000  218   12 31746.0000 31750.0000  0.01%  14.0  136s
 228663 67228 31750.0000  210   12 31746.0000 31750.0000  0.01%  14.0  140s
 232157 67253     cutoff  208      31746.0000 31750.0000  0.01%  13.9  145s
 238880 67518 31750.0000  240   13 31746.0000 31750.0000  0.01%  13.9  150s
 250587 68033 31750.0000  205   11 31746.0000 31750.0000  0.01%  13.9  155s
 260182 69453 31750.0000  193   12 31746.0000 31750.0000  0.01%  13.8  160s
 270302 70734 31750.0000  202   14 31746.0000 31750.0000  0.01%  13.8  165s
 278976 72090 31750.0000  155   30 31746.0000 31750.0000  0.01%  13.8  170s
 284028 73601 31750.0000  184   22 31746.0000 31750.0000  0.01%  13.9  175s
 292510 74893     cutoff  206      31746.0000 31750.0000  0.01%  13.9  182s
 298494 76716     cutoff  195      31746.0000 31750.0000  0.01%  13.8  185s
 308478 80397 31750.0000  205   13 31746.0000 31750.0000  0.01%  13.9  191s
 316586 82806 31748.0000  178   11 31746.0000 31750.0000  0.01%  13.9  196s
 320596 83542 31750.0000  164   19 31746.0000 31750.0000  0.01%  13.9  200s
 323102 84216 31750.0000  180   14 31746.0000 31750.0000  0.01%  13.9  205s
 328766 86085 31750.0000  184   14 31746.0000 31750.0000  0.01%  13.8  210s
 335945 87582 31750.0000  150   11 31746.0000 31750.0000  0.01%  13.8  215s
 343659 89335 31750.0000  172   13 31746.0000 31750.0000  0.01%  13.8  220s
 351648 91170     cutoff  192      31746.0000 31750.0000  0.01%  13.8  225s
 359529 92974 31750.0000  171   14 31746.0000 31750.0000  0.01%  13.8  230s
 367111 94496 31750.0000  203   18 31746.0000 31750.0000  0.01%  13.8  240s
 373851 96259 31750.0000  170   10 31746.0000 31750.0000  0.01%  13.8  245s
 384169 97913 31749.0000  174   11 31746.0000 31750.0000  0.01%  13.7  251s
 392206 99305 31748.0000  175   13 31746.0000 31750.0000  0.01%  13.7  256s
 400493 100382     cutoff  177      31746.0000 31750.0000  0.01%  13.7  260s
 404572 100838 31748.0000  162   19 31746.0000 31750.0000  0.01%  13.7  265s
 409290 102462 31750.0000  150   11 31746.0000 31750.0000  0.01%  13.7  270s
 417722 103931 31750.0000  187   15 31746.0000 31750.0000  0.01%  13.7  275s
 425542 105367 31747.0000  188   11 31746.0000 31750.0000  0.01%  13.6  280s
 434206 106367 31747.0000  177   18 31746.0000 31750.0000  0.01%  13.6  286s
 441977 107053 31750.0000  178   13 31746.0000 31750.0000  0.01%  13.5  291s
 448154 107916 31750.0000  185   16 31746.0000 31750.0000  0.01%  13.5  295s
 450252 107896     cutoff  175      31746.0000 31750.0000  0.01%  13.5  300s
 456084 109615 31750.0000  171   17 31746.0000 31750.0000  0.01%  13.5  305s
 463696 110761     cutoff  171      31746.0000 31750.0000  0.01%  13.5  310s
 472292 112423     cutoff  170      31746.0000 31750.0000  0.01%  13.4  315s
 479997 113820 31750.0000  173   13 31746.0000 31750.0000  0.01%  13.4  320s
 488413 115717     cutoff  171      31746.0000 31750.0000  0.01%  13.3  325s
 494482 116304     cutoff  175      31746.0000 31750.0000  0.01%  13.3  330s
 496657 116709     cutoff  171      31746.0000 31750.0000  0.01%  13.3  336s
 503354 117674     cutoff  195      31746.0000 31750.0000  0.01%  13.3  340s
 511019 118681 31748.0000  151   13 31746.0000 31750.0000  0.01%  13.3  346s
 518921 120236 31750.0000  168   16 31746.0000 31750.0000  0.01%  13.3  351s
 525083 121116 31750.0000  194   11 31746.0000 31750.0000  0.01%  13.3  355s
 530726 121949 31750.0000  143   16 31746.0000 31750.0000  0.01%  13.3  362s
 535498 123305     cutoff  176      31746.0000 31750.0000  0.01%  13.3  366s
 543434 125897 31750.0000  162   14 31746.0000 31750.0000  0.01%  13.3  370s
 553540 128311 31749.0000  176   11 31746.0000 31750.0000  0.01%  13.3  375s
 561726 129899     cutoff  171      31746.0000 31750.0000  0.01%  13.3  380s
 571302 131748 31750.0000  176   12 31746.0000 31750.0000  0.01%  13.3  386s
 579383 133596     cutoff  172      31746.0000 31750.0000  0.01%  13.3  390s
 587364 134822 31748.0000  184   12 31746.0000 31750.0000  0.01%  13.2  396s
 595779 137176 31749.0000  190   11 31746.0000 31750.0000  0.01%  13.2  400s
 603775 138391     cutoff  161      31746.0000 31750.0000  0.01%  13.2  407s
 609388 140070     cutoff  174      31746.0000 31750.0000  0.01%  13.2  410s
 615592 141476 31750.0000  193   16 31746.0000 31750.0000  0.01%  13.2  415s
 621734 142135     cutoff  170      31746.0000 31750.0000  0.01%  13.2  421s
 621995 142181 31750.0000  164   16 31746.0000 31750.0000  0.01%  13.2  428s
 622287 142706 31750.0000  165   11 31746.0000 31750.0000  0.01%  13.2  430s
 629371 143435 31749.0000  175   10 31746.0000 31750.0000  0.01%  13.2  435s
 637566 144656 31750.0000  162   17 31746.0000 31750.0000  0.01%  13.2  440s
 645493 145882 31749.0000  177   22 31746.0000 31750.0000  0.01%  13.2  446s
 651883 146347     cutoff  181      31746.0000 31750.0000  0.01%  13.1  451s
 658393 146543     cutoff  177      31746.0000 31750.0000  0.01%  13.1  456s
 662819 146764     cutoff  163      31746.0000 31750.0000  0.01%  13.1  460s
 669314 146904     cutoff  174      31746.0000 31750.0000  0.01%  13.1  469s
 669340 146943     cutoff  165      31746.0000 31750.0000  0.01%  13.1  471s
 674100 146905 infeasible  157      31746.0000 31750.0000  0.01%  13.1  475s
 681410 147211     cutoff  185      31746.0000 31750.0000  0.01%  13.1  480s
 688436 147035     cutoff  185      31746.0000 31750.0000  0.01%  13.0  486s
 692798 147122 31750.0000  152   15 31746.0000 31750.0000  0.01%  13.0  490s
 699514 147897     cutoff  177      31746.0000 31750.0000  0.01%  13.0  495s
 706660 149126 31750.0000  158   17 31746.0000 31750.0000  0.01%  13.0  500s
 713562 149678     cutoff  155      31746.0000 31750.0000  0.01%  13.0  505s
 720303 150794 31748.0000  176    9 31746.0000 31750.0000  0.01%  13.0  510s
 729134 153239 31748.0000  170   11 31746.0000 31750.0000  0.01%  13.0  515s
 735445 154801 31748.0000  174   14 31746.0000 31750.0000  0.01%  13.1  520s
 743715 156046 31750.0000  227   19 31746.0000 31750.0000  0.01%  13.1  525s
 751777 158241 31749.0000  191   11 31746.0000 31750.0000  0.01%  13.1  530s
 757416 160068     cutoff  177      31746.0000 31750.0000  0.01%  13.2  535s
 759926 162781     cutoff  154      31746.0000 31750.0000  0.01%  13.2  544s
 771938 163053 31750.0000  219   11 31746.0000 31750.0000  0.01%  13.3  547s
 774478 163242 31750.0000  161   14 31746.0000 31750.0000  0.01%  13.3  551s
 779629 164847 31750.0000   46   30 31746.0000 31750.0000  0.01%  13.3  555s
 785991 166396 31749.0000  159   13 31746.0000 31750.0000  0.01%  13.3  560s
 794589 168101 31750.0000  205   39 31746.0000 31750.0000  0.01%  13.3  565s
 800620 168947 31750.0000  208   14 31746.0000 31750.0000  0.01%  13.3  571s
 806728 169399     cutoff  212      31746.0000 31750.0000  0.01%  13.4  575s
 814481 171282     cutoff  230      31746.0000 31750.0000  0.01%  13.4  580s
 822948 173503 31747.0000  174   16 31746.0000 31750.0000  0.01%  13.4  585s
 831801 176549     cutoff  149      31746.0000 31750.0000  0.01%  13.4  590s
 840532 178351 31750.0000  141   15 31746.0000 31750.0000  0.01%  13.5  596s
 848265 179864 31748.0000  236   15 31746.0000 31750.0000  0.01%  13.5  600s
 854539 181124 31750.0000  149   17 31746.0000 31750.0000  0.01%  13.5  606s
 858013 181782 31750.0000  146   22 31746.0000 31750.0000  0.01%  13.5  615s
 863666 183102 31750.0000  224   13 31746.0000 31750.0000  0.01%  13.5  620s
 873064 184361     cutoff  211      31746.0000 31750.0000  0.01%  13.5  625s
 878548 185069 31750.0000  157   10 31746.0000 31750.0000  0.01%  13.5  630s
 883704 186042 31750.0000  174   43 31746.0000 31750.0000  0.01%  13.6  635s
 891891 188031 31748.0000  147   14 31746.0000 31750.0000  0.01%  13.6  640s
 895285 188382     cutoff  195      31746.0000 31750.0000  0.01%  13.6  647s
 901342 188847 31750.0000  186   16 31746.0000 31750.0000  0.01%  13.6  652s
 906876 189519     cutoff  210      31746.0000 31750.0000  0.01%  13.6  655s
 917169 192344 31750.0000  154   16 31746.0000 31750.0000  0.01%  13.6  660s
 923307 193911 31750.0000  178   10 31746.0000 31750.0000  0.01%  13.6  667s
 928159 195734     cutoff  179      31746.0000 31750.0000  0.01%  13.6  670s
 936856 197431 31750.0000   40   30 31746.0000 31750.0000  0.01%  13.6  675s
 947899 199836     cutoff  188      31746.0000 31750.0000  0.01%  13.6  680s
 959358 202036     cutoff  158      31746.0000 31750.0000  0.01%  13.7  685s
 969556 203310     cutoff  183      31746.0000 31750.0000  0.01%  13.7  690s
 977151 204261 31750.0000  172   11 31746.0000 31750.0000  0.01%  13.7  698s
 981018 204893     cutoff  167      31746.0000 31750.0000  0.01%  13.7  702s
 983937 205619 31750.0000  180   18 31746.0000 31750.0000  0.01%  13.7  705s
 993471 207191 31750.0000  155   15 31746.0000 31750.0000  0.01%  13.7  710s
 1004394 209524     cutoff  167      31746.0000 31750.0000  0.01%  13.7  715s
 1011913 210809 31750.0000  165   15 31746.0000 31750.0000  0.01%  13.7  720s
 1019816 211976 31748.2295  149   27 31746.0000 31750.0000  0.01%  13.7  725s
 1029367 213571     cutoff  166      31746.0000 31750.0000  0.01%  13.7  731s
 1031021 213603     cutoff  162      31746.0000 31750.0000  0.01%  13.7  736s
 1031166 213705 31750.0000  162   18 31746.0000 31750.0000  0.01%  13.7  740s
 1038319 214667 31750.0000  147   14 31746.0000 31750.0000  0.01%  13.7  745s
 1047901 216160 31750.0000  156   24 31746.0000 31750.0000  0.01%  13.7  750s
 1055179 217934 infeasible  144      31746.0000 31750.0000  0.01%  13.7  755s
 1062613 220056 31749.0000  190   18 31746.0000 31750.0000  0.01%  13.8  760s
 1068837 221601 31748.0000  187   13 31746.0000 31750.0000  0.01%  13.8  765s
 1079362 223601 31750.0000  180   36 31746.0000 31750.0000  0.01%  13.8  771s
 1084945 224727 31750.0000  195   13 31746.0000 31750.0000  0.01%  13.8  775s
 1088696 225116 31747.0000  136   15 31746.0000 31750.0000  0.01%  13.8  781s
 1088937 225195     cutoff  137      31746.0000 31750.0000  0.01%  13.8  787s
 1091992 226002     cutoff  128      31746.0000 31750.0000  0.01%  13.8  790s
 1101889 228255 31749.0000  218   15 31746.0000 31750.0000  0.01%  13.8  796s
 1110580 229813 31750.0000   75   32 31746.0000 31750.0000  0.01%  13.8  800s
 1118772 230845 31749.0000  193   13 31746.0000 31750.0000  0.01%  13.8  805s
 1127888 232754 31750.0000  108   36 31746.0000 31750.0000  0.01%  13.8  810s
 1138550 234268     cutoff  193      31746.0000 31750.0000  0.01%  13.8  816s
 1144508 234836     cutoff  191      31746.0000 31750.0000  0.01%  13.8  820s
 1150681 235030 31750.0000  204   11 31746.0000 31750.0000  0.01%  13.8  825s
 1156634 235453     cutoff  186      31746.0000 31750.0000  0.01%  13.8  833s
 1158910 235783     cutoff  191      31746.0000 31750.0000  0.01%  13.8  835s
 1166568 235924     cutoff  197      31746.0000 31750.0000  0.01%  13.7  840s
 1173182 236165 31750.0000  189   12 31746.0000 31750.0000  0.01%  13.7  845s
 1181732 236689     cutoff  185      31746.0000 31750.0000  0.01%  13.7  850s
 1189876 237268 31750.0000  199   14 31746.0000 31750.0000  0.01%  13.7  855s
 1197795 237504     cutoff  210      31746.0000 31750.0000  0.01%  13.7  860s
 1206302 238606 31750.0000  182   16 31746.0000 31750.0000  0.01%  13.7  865s
 1214630 239464     cutoff  193      31746.0000 31750.0000  0.01%  13.7  874s
 1214779 239611     cutoff  208      31746.0000 31750.0000  0.01%  13.7  875s
 1223222 240702     cutoff  191      31746.0000 31750.0000  0.01%  13.7  880s
 1228590 241642     cutoff  208      31746.0000 31750.0000  0.01%  13.7  885s
 1236854 242526 31750.0000  203   11 31746.0000 31750.0000  0.01%  13.7  893s
 1238936 243032 31750.0000  188   13 31746.0000 31750.0000  0.01%  13.7  895s
 1246772 243813 31747.0000  194    9 31746.0000 31750.0000  0.01%  13.7  900s
 1254917 244473 31750.0000  183   11 31746.0000 31750.0000  0.01%  13.7  906s
 1261159 244845     cutoff  207      31746.0000 31750.0000  0.01%  13.7  910s
 1269202 245589 31748.0000  194   14 31746.0000 31750.0000  0.01%  13.7  915s
 1277212 246075 31750.0000  200   10 31746.0000 31750.0000  0.01%  13.7  920s
 1284843 246945 31748.0000  208   10 31746.0000 31750.0000  0.01%  13.7  926s
 1291111 247184     cutoff  207      31746.0000 31750.0000  0.01%  13.7  931s
 1295067 247422 31750.0000  211   11 31746.0000 31750.0000  0.01%  13.7  935s
 1301579 247502 31750.0000  197   16 31746.0000 31750.0000  0.01%  13.7  940s
 1306120 247541     cutoff  188      31746.0000 31750.0000  0.01%  13.6  946s
 1310562 247763     cutoff  197      31746.0000 31750.0000  0.01%  13.6  950s
 1316970 248041     cutoff  194      31746.0000 31750.0000  0.01%  13.6  955s
 1325210 248479 31750.0000  177   10 31746.0000 31750.0000  0.01%  13.6  961s
 1327360 248487     cutoff  184      31746.0000 31750.0000  0.01%  13.6  967s
 1329713 248969     cutoff  211      31746.0000 31750.0000  0.01%  13.6  970s
 1340520 249911 31750.0000  179   22 31746.0000 31750.0000  0.01%  13.6  975s
 1351534 251064     cutoff  202      31746.0000 31750.0000  0.01%  13.6  980s
 1356125 251523     cutoff  194      31746.0000 31750.0000  0.01%  13.6  985s
 1365104 252939 31750.0000  178   14 31746.0000 31750.0000  0.01%  13.6  990s
 1369303 253150 31750.0000  172    9 31746.0000 31750.0000  0.01%  13.6  996s
 1373898 254021 31749.0000  207   12 31746.0000 31750.0000  0.01%  13.6 1000s
 1383903 255589 31750.0000  171   14 31746.0000 31750.0000  0.01%  13.6 1005s
 1392513 256773     cutoff  218      31746.0000 31750.0000  0.01%  13.6 1011s
 1400422 257364 31750.0000  179   13 31746.0000 31750.0000  0.01%  13.6 1016s
 1406771 258208     cutoff  182      31746.0000 31750.0000  0.01%  13.6 1020s
 1413111 258553 31748.2667  182   14 31746.0000 31750.0000  0.01%  13.6 1025s
 1418680 258785     cutoff  172      31746.0000 31750.0000  0.01%  13.6 1031s
 1425932 259385     cutoff  183      31746.0000 31750.0000  0.01%  13.6 1035s
 1436086 260313 31749.0000  163   13 31746.0000 31750.0000  0.01%  13.6 1041s
 1442299 261174 31750.0000  184   14 31746.0000 31750.0000  0.01%  13.6 1045s
 1446907 261572     cutoff  153      31746.0000 31750.0000  0.01%  13.6 1051s
 1448340 261612 31750.0000  173   11 31746.0000 31750.0000  0.01%  13.6 1058s
 1451395 262293 31750.0000  207   20 31746.0000 31750.0000  0.01%  13.6 1061s
 1459927 263612 31750.0000  183   20 31746.0000 31750.0000  0.01%  13.6 1065s
 1467548 264791 31750.0000  173    7 31746.0000 31750.0000  0.01%  13.7 1070s
 1475371 265613     cutoff  181      31746.0000 31750.0000  0.01%  13.7 1075s
 1483310 266465 31750.0000  154   12 31746.0000 31750.0000  0.01%  13.7 1083s
 1485810 267699     cutoff  158      31746.0000 31750.0000  0.01%  13.7 1085s
 1497382 270266 31750.0000  130   15 31746.0000 31750.0000  0.01%  13.7 1091s
 1506428 271575 31748.0000  173    9 31746.0000 31750.0000  0.01%  13.7 1096s
 1516042 273576 31750.0000  229   21 31746.0000 31750.0000  0.01%  13.7 1100s
 1524300 274971 31750.0000  170   18 31746.0000 31750.0000  0.01%  13.7 1105s
 1535737 275519 31750.0000  175    9 31746.0000 31750.0000  0.01%  13.7 1114s
 1535780 275546 31750.0000  176    9 31746.0000 31750.0000  0.01%  13.7 1115s
 1544989 275802 31750.0000  141   12 31746.0000 31750.0000  0.01%  13.7 1121s
 1553731 277087 31748.0000  189   14 31746.0000 31750.0000  0.01%  13.7 1125s
 1566671 277968 31750.0000  170   12 31746.0000 31750.0000  0.01%  13.7 1130s
 1573934 279666 31750.0000  155   29 31746.0000 31750.0000  0.01%  13.7 1135s
 1586919 283096 31750.0000  166   15 31746.0000 31750.0000  0.01%  13.7 1140s
 1596866 284409 31750.0000  164   13 31746.0000 31750.0000  0.01%  13.7 1147s
 1600009 285323     cutoff  162      31746.0000 31750.0000  0.01%  13.7 1150s
 1607449 286212 31750.0000  164   13 31746.0000 31750.0000  0.01%  13.7 1155s
 1617760 287335     cutoff  175      31746.0000 31750.0000  0.01%  13.7 1164s
 1618093 287663     cutoff  188      31746.0000 31750.0000  0.01%  13.7 1165s
 1628030 288958 31750.0000  186   15 31746.0000 31750.0000  0.01%  13.6 1171s
 1631912 289260     cutoff  194      31746.0000 31750.0000  0.01%  13.6 1175s
 1638934 289518     cutoff  190      31746.0000 31750.0000  0.01%  13.6 1180s
 1645289 289906 31750.0000  164   16 31746.0000 31750.0000  0.01%  13.6 1185s
 1653177 290212     cutoff  200      31746.0000 31750.0000  0.01%  13.6 1190s
 1661157 290887 31750.0000   63   29 31746.0000 31750.0000  0.01%  13.6 1195s
 1662832 290969     cutoff  154      31746.0000 31750.0000  0.01%  13.6 1200s
 1670116 292147 31750.0000  201   43 31746.0000 31750.0000  0.01%  13.6 1206s
 1675346 293252     cutoff  144      31746.0000 31750.0000  0.01%  13.6 1210s
 1682677 294711     cutoff  181      31746.0000 31750.0000  0.01%  13.6 1215s
 1688927 296321 31747.0000  187   13 31746.0000 31750.0000  0.01%  13.6 1220s
 1697546 297917     cutoff   99      31746.0000 31750.0000  0.01%  13.6 1225s
 1699226 297989 31750.0000  148   21 31746.0000 31750.0000  0.01%  13.7 1233s
 1699446 298835 31750.0000  136   18 31746.0000 31750.0000  0.01%  13.7 1235s
 1703324 299512 31750.0000  178   21 31746.0000 31750.0000  0.01%  13.7 1240s
 1713670 301315     cutoff  184      31746.0000 31750.0000  0.01%  13.7 1246s
 1719722 302121 31750.0000  136   14 31746.0000 31750.0000  0.01%  13.7 1250s
 1725668 302852 31750.0000  171   20 31746.0000 31750.0000  0.01%  13.7 1256s
 1730833 304405 31750.0000  189   17 31746.0000 31750.0000  0.01%  13.7 1260s
 1736757 305793 31750.0000  158   15 31746.0000 31750.0000  0.01%  13.7 1265s
 1746715 306904 31750.0000  241   26 31746.0000 31750.0000  0.01%  13.7 1270s
 1754199 308175 31750.0000  150   13 31746.0000 31750.0000  0.01%  13.7 1275s
 1762456 309428 31750.0000  170   16 31746.0000 31750.0000  0.01%  13.7 1280s
 1770201 310896 31750.0000  154   17 31746.0000 31750.0000  0.01%  13.7 1286s
 1776189 311785 31749.0000  158   10 31746.0000 31750.0000  0.01%  13.7 1294s
 1777463 312136     cutoff  165      31746.0000 31750.0000  0.01%  13.7 1296s
 1785791 313319     cutoff  172      31746.0000 31750.0000  0.01%  13.7 1301s
 1792377 314390 31750.0000  197   18 31746.0000 31750.0000  0.01%  13.7 1306s
 1798929 315002 31750.0000  172   12 31746.0000 31750.0000  0.01%  13.7 1311s
 1804657 315725     cutoff  251      31746.0000 31750.0000  0.01%  13.7 1315s
 1810888 316613 31749.0000  161   12 31746.0000 31750.0000  0.01%  13.7 1320s
 1818866 317574 31748.0000  172    6 31746.0000 31750.0000  0.01%  13.7 1325s
 1826265 318451 31750.0000  207   31 31746.0000 31750.0000  0.01%  13.7 1330s
 1830584 318833 31750.0000  164   13 31746.0000 31750.0000  0.01%  13.7 1336s
 1833525 319193     cutoff  165      31746.0000 31750.0000  0.01%  13.7 1341s
 1837220 319783 31750.0000  172   27 31746.0000 31750.0000  0.01%  13.7 1345s
 1842124 320119 31749.0000  199   20 31746.0000 31750.0000  0.01%  13.7 1352s
 1846302 320795 31750.0000  138   32 31746.0000 31750.0000  0.01%  13.7 1356s
 1852515 321617     cutoff  179      31746.0000 31750.0000  0.01%  13.7 1360s
 1863216 322781 31750.0000  192   18 31746.0000 31750.0000  0.01%  13.7 1367s
 1866855 323602 31749.0000  171   10 31746.0000 31750.0000  0.01%  13.7 1370s
 1875647 325337     cutoff  152      31746.0000 31750.0000  0.01%  13.7 1375s
 1880719 327030 31750.0000  185   14 31746.0000 31750.0000  0.01%  13.7 1383s
 1889204 327130     cutoff  161      31746.0000 31750.0000  0.01%  13.7 1385s
 1900204 329225 31750.0000  161   14 31746.0000 31750.0000  0.01%  13.8 1391s
 1904130 329444     cutoff  196      31746.0000 31750.0000  0.01%  13.7 1396s
 1911038 330403 31748.0000  178   14 31746.0000 31750.0000  0.01%  13.7 1401s
 1919045 331120     cutoff  177      31746.0000 31750.0000  0.01%  13.7 1405s
 1926726 332132 31750.0000  181   15 31746.0000 31750.0000  0.01%  13.7 1410s
 1934895 333676 31750.0000  169   11 31746.0000 31750.0000  0.01%  13.7 1415s
 1947019 334708     cutoff  173      31746.0000 31750.0000  0.01%  13.7 1420s
 1953412 335320 31750.0000  158   18 31746.0000 31750.0000  0.01%  13.7 1426s
 1960627 336360 31750.0000  155   16 31746.0000 31750.0000  0.01%  13.7 1430s
 1967278 337323 31750.0000  214   14 31746.0000 31750.0000  0.01%  13.7 1435s
 1971388 337704 31750.0000  145   16 31746.0000 31750.0000  0.01%  13.7 1440s
 1971930 339102 31750.0000  146   14 31746.0000 31750.0000  0.01%  13.7 1451s
 1985697 340313     cutoff  160      31746.0000 31750.0000  0.01%  13.7 1455s
 1997689 340745 31749.7895  164   12 31746.0000 31750.0000  0.01%  13.7 1460s
 2007686 342723     cutoff  178      31746.0000 31750.0000  0.01%  13.7 1465s
 2015221 344049 31750.0000  170   10 31746.0000 31750.0000  0.01%  13.7 1470s
 2017776 344321 31750.0000  166   13 31746.0000 31750.0000  0.01%  13.7 1475s
 2025634 345730     cutoff  160      31746.0000 31750.0000  0.01%  13.7 1480s
 2035062 347620     cutoff  125      31746.0000 31750.0000  0.01%  13.7 1485s
 2042337 349097 31750.0000  131   18 31746.0000 31750.0000  0.01%  13.8 1490s
 2051866 351111     cutoff  149      31746.0000 31750.0000  0.01%  13.8 1497s
 2055020 352283 31750.0000  152   17 31746.0000 31750.0000  0.01%  13.8 1500s
 2064030 353502     cutoff  150      31746.0000 31750.0000  0.01%  13.8 1505s
 2073775 355267 31750.0000  147   14 31746.0000 31750.0000  0.01%  13.8 1510s
 2078806 355966 31750.0000  153   12 31746.0000 31750.0000  0.01%  13.8 1515s
 2086893 357128 31750.0000  163   11 31746.0000 31750.0000  0.01%  13.8 1520s
 2096474 359636 31750.0000  123   17 31746.0000 31750.0000  0.01%  13.8 1525s
 2100516 360009 31750.0000  148   13 31746.0000 31750.0000  0.01%  13.8 1533s
 2100725 362859 31750.0000  149   14 31746.0000 31750.0000  0.01%  13.8 1541s
 2112737 362940     cutoff  202      31746.0000 31750.0000  0.01%  13.8 1545s
 2121374 365188 31750.0000  187   17 31746.0000 31750.0000  0.01%  13.8 1550s
 2132934 366931 31750.0000  173   17 31746.0000 31750.0000  0.01%  13.8 1555s
 2141114 367694     cutoff  180      31746.0000 31750.0000  0.01%  13.8 1560s
 2150712 368844     cutoff  187      31746.0000 31750.0000  0.01%  13.7 1565s
 2158303 369353 31750.0000  189   12 31746.0000 31750.0000  0.01%  13.7 1571s
 2164750 370270     cutoff  179      31746.0000 31750.0000  0.01%  13.7 1576s
 2171839 371377     cutoff  188      31746.0000 31750.0000  0.01%  13.7 1580s
 2180354 371731     cutoff  188      31746.0000 31750.0000  0.01%  13.7 1587s
 2183175 371778     cutoff  180      31746.0000 31750.0000  0.01%  13.7 1590s
 2191390 372569 31750.0000  179   14 31746.0000 31750.0000  0.01%  13.7 1595s
 2197213 373070 31750.0000  177   14 31746.0000 31750.0000  0.01%  13.7 1600s
 2206521 374314 31750.0000  161   20 31746.0000 31750.0000  0.01%  13.7 1606s
 2214708 375656     cutoff  197      31746.0000 31750.0000  0.01%  13.7 1610s
 2222206 376911     cutoff  198      31746.0000 31750.0000  0.01%  13.7 1616s
 2226321 377125 31750.0000  141   13 31746.0000 31750.0000  0.01%  13.7 1621s
 2231092 378103 31748.0000  155   10 31746.0000 31750.0000  0.01%  13.7 1625s
 2239097 379228 31750.0000  162   18 31746.0000 31750.0000  0.01%  13.7 1630s
 2246806 380231     cutoff  219      31746.0000 31750.0000  0.01%  13.7 1635s
 2251294 380874 31747.3466  230   26 31746.0000 31750.0000  0.01%  13.7 1640s
 2260110 381121 31748.0000  182    9 31746.0000 31750.0000  0.01%  13.7 1645s
 2267237 382009 31749.0000  165   15 31746.0000 31750.0000  0.01%  13.7 1650s
 2269817 382400 31750.0000  222   12 31746.0000 31750.0000  0.01%  13.7 1656s
 2277135 383180 infeasible  196      31746.0000 31750.0000  0.01%  13.7 1661s
 2285828 383612 31748.6262  165   21 31746.0000 31750.0000  0.01%  13.7 1665s
 2295361 384465 31750.0000  170   14 31746.0000 31750.0000  0.01%  13.7 1670s
 2303162 384961 31750.0000  164   15 31746.0000 31750.0000  0.01%  13.7 1675s
 2306608 385136 31750.0000  161   15 31746.0000 31750.0000  0.01%  13.7 1683s
 2308388 385300     cutoff  180      31746.0000 31750.0000  0.01%  13.7 1686s
 2314847 385345     cutoff  176      31746.0000 31750.0000  0.01%  13.7 1690s
 2319512 385905 31750.0000  168   12 31746.0000 31750.0000  0.01%  13.7 1695s
 2328935 386413 31749.9889  179   24 31746.0000 31750.0000  0.01%  13.7 1701s
 2334936 386821     cutoff  160      31746.0000 31750.0000  0.01%  13.7 1705s
 2344724 387661 31749.0000  146   14 31746.0000 31750.0000  0.01%  13.7 1710s
 2346609 387638     cutoff  165      31746.0000 31750.0000  0.01%  13.7 1715s
 2352911 388526 31750.0000  181   25 31746.0000 31750.0000  0.01%  13.7 1721s
 2360650 389882 31750.0000  156   16 31746.0000 31750.0000  0.01%  13.7 1725s
 2368579 390874     cutoff  158      31746.0000 31750.0000  0.01%  13.7 1730s
 2378368 391355     cutoff  180      31746.0000 31750.0000  0.01%  13.8 1735s
 2386047 391975     cutoff  169      31746.0000 31750.0000  0.01%  13.8 1740s
 2394404 392963 31750.0000  179   17 31746.0000 31750.0000  0.01%  13.8 1745s
 2398300 393050     cutoff  152      31746.0000 31750.0000  0.01%  13.8 1751s
 2400678 393229     cutoff  177      31746.0000 31750.0000  0.01%  13.8 1757s
 2404178 393669     cutoff  159      31746.0000 31750.0000  0.01%  13.8 1760s
 2413681 394545     cutoff  167      31746.0000 31750.0000  0.01%  13.8 1765s
 2421238 395026     cutoff  154      31746.0000 31750.0000  0.01%  13.8 1771s
 2429276 395803     cutoff  167      31746.0000 31750.0000  0.01%  13.8 1775s
 2431999 396134     cutoff  149      31746.0000 31750.0000  0.01%  13.8 1780s
 2439592 396962 31747.0000  179   10 31746.0000 31750.0000  0.01%  13.8 1785s
 2449112 398178 31750.0000  173   13 31746.0000 31750.0000  0.01%  13.8 1791s
 2457005 398918     cutoff  161      31746.0000 31750.0000  0.01%  13.9 1795s
 2464420 400902 31750.0000  151   19 31746.0000 31750.0000  0.01%  13.9 1800s
 2468197 401225 31750.0000  163   18 31746.0000 31750.0000  0.01%  13.9 1806s
 2474012 402386     cutoff  160      31746.0000 31750.0000  0.01%  13.9 1811s
 2480512 403146 31750.0000  151   16 31746.0000 31750.0000  0.01%  13.9 1815s
 2490190 404628 31750.0000  139   18 31746.0000 31750.0000  0.01%  13.9 1821s
 2498302 405657     cutoff  140      31746.0000 31750.0000  0.01%  13.9 1825s
 2507655 406699     cutoff  147      31746.0000 31750.0000  0.01%  13.9 1835s
 2507862 407927 31750.0000  147   18 31746.0000 31750.0000  0.01%  13.9 1844s
 2519874 408304 31750.0000  150   17 31746.0000 31750.0000  0.01%  14.0 1846s
 2529238 409308 31748.0000  143   16 31746.0000 31750.0000  0.01%  14.0 1851s
 2533315 409629     cutoff  170      31746.0000 31750.0000  0.01%  14.0 1856s
H2533627 325834                    31748.000000 31750.0000  0.01%  14.0 1856s

Cutting planes:
  Gomory: 6
  Cover: 606
  Clique: 1
  MIR: 30
  StrongCG: 23
  Flow cover: 26
  Inf proof: 1
  Zero half: 8
  RLT: 6

Explored 2533902 nodes (35408562 simplex iterations) in 1856.82 seconds
Thread count was 12 (of 12 available processors)

Solution count 10: 31748 31746 31731 ... 31295

Optimal solution found (tolerance 1.00e-04)
Best objective 3.174800000000e+04, best bound 3.175000000000e+04, gap 0.0063%
