
Gurobi 9.1.2 (win64, Java) logging started Sat Nov  6 21:29:34 2021

Academic license - for non-commercial use only - expires 2022-10-30
Gurobi Optimizer version 9.1.2 build v9.1.2rc0 (win64)
Thread count: 6 physical cores, 12 logical processors, using up to 12 threads
Optimize a model with 80 rows, 1200 columns and 2400 nonzeros
Model fingerprint: 0xffb72a11
Variable types: 0 continuous, 1200 integer (1200 binary)
Coefficient statistics:
  Matrix range     [1e+00, 1e+03]
  Objective range  [4e+02, 1e+03]
  Bounds range     [1e+00, 1e+00]
  RHS range        [1e+00, 2e+03]
Found heuristic solution: objective 26481.000000
Presolve removed 0 rows and 438 columns
Presolve time: 0.01s
Presolved: 80 rows, 762 columns, 1524 nonzeros
Variable types: 0 continuous, 762 integer (762 binary)
Presolved: 80 rows, 762 columns, 1524 nonzeros


Root relaxation: objective 3.202461e+04, 313 iterations, 0.00 seconds

    Nodes    |    Current Node    |     Objective Bounds      |     Work
 Expl Unexpl |  Obj  Depth IntInf | Incumbent    BestBd   Gap | It/Node Time

     0     0 32024.6123    0   28 26481.0000 32024.6123  20.9%     -    0s
H    0     0                    30190.000000 32024.6123  6.08%     -    0s
H    0     0                    30284.000000 32024.6123  5.75%     -    0s
H    0     0                    30728.000000 32024.6123  4.22%     -    0s
     0     0 32021.8026    0   64 30728.0000 32021.8026  4.21%     -    0s
     0     0 32021.8026    0   54 30728.0000 32021.8026  4.21%     -    0s
     0     0 32021.8026    0   56 30728.0000 32021.8026  4.21%     -    0s
H    0     0                    31309.000000 32021.8026  2.28%     -    0s
     0     0 31620.5391    0   72 31309.0000 31620.5391  1.00%     -    0s
     0     0 31620.3310    0   63 31309.0000 31620.3310  0.99%     -    0s
H    0     0                    31317.001516 31620.3310  0.97%     -    0s
     0     0 31617.6992    0   83 31317.0015 31617.6992  0.96%     -    0s
     0     0 31617.6992    0   69 31317.0015 31617.6992  0.96%     -    0s
     0     2 31617.6992    0   62 31317.0015 31617.6992  0.96%     -    0s
H   34    42                    31349.000821 31615.0069  0.85%   114    0s
H   36    42                    31373.000000 31615.0069  0.77%   112    0s
H   70    75                    31377.000000 31615.0069  0.76%  80.4    0s
H 1666  1132                    31472.000000 31614.9644  0.45%  26.6    1s
H 1673  1079                    31479.000000 31612.2458  0.42%  26.4    1s
H 1683  1031                    31517.000000 31610.1919  0.30%  26.3    2s
H 1701   990                    31525.000000 31606.5740  0.26%  26.0    2s
H 1741   976                    31532.000000 31605.7907  0.23%  33.8    3s
H 1851  1003                    31561.000000 31605.7805  0.14%  35.9    4s
  2576  1375 31586.6173   44   60 31561.0000 31605.7662  0.14%  48.6    5s
H 4179  1427                    31575.000000 31605.7662  0.10%  56.8    6s
  7122  3919 31593.3136   41   69 31575.0000 31604.8937  0.09%  74.5   10s
 11410  6742 31599.6189   29  105 31575.0000 31604.6082  0.09%  89.5   15s
 15823  9527 31599.5540   40  113 31575.0000 31604.3623  0.09%   105   21s
H16976 10115                    31576.001646 31604.3299  0.09%   107   22s
H16986  9774                    31577.000000 31604.3299  0.09%   107   22s
H17919  8348                    31584.000000 31604.2928  0.06%   109   24s
 18175 11110 31603.0387   34  125 31584.0000 31604.2798  0.06%   110   29s
 22871 11465 31595.3676   43   72 31584.0000 31604.0686  0.06%   121   32s
H25558 11980                    31586.000000 31604.0004  0.06%   120   34s
 25829 12670 31597.1910   37   79 31586.0000 31604.0004  0.06%   120   36s
 29022 14245 31602.4651   40   99 31586.0000 31603.9656  0.06%   120   40s
 32530 15664 31600.8746   55  110 31586.0000 31603.8420  0.06%   124   45s
H33062 13224                    31590.000000 31603.8334  0.04%   125   45s
 34882 14396 31595.3965   52   91 31590.0000 31603.7718  0.04%   128   50s
 36496 14412 31599.6368   48  114 31590.0000 31603.7004  0.04%   131   55s
 37355 14680 31592.5000   49   61 31590.0000 31603.7004  0.04%   130   60s
 41559 15778 31602.8817   40  107 31590.0000 31603.7004  0.04%   128   65s
 46343 16654 31598.0000   44   46 31590.0000 31603.7004  0.04%   129   70s
 47309 16549 31601.9024   52  124 31590.0000 31603.7004  0.04%   129   76s
 50565 17653 31597.9573   55  115 31590.0000 31603.7004  0.04%   132   81s
 53682 18088     cutoff   52      31590.0000 31603.5227  0.04%   134   85s
 57705 18769 31593.0000   69   45 31590.0000 31603.3408  0.04%   137   91s
 60224 19409 31598.1632   54  118 31590.0000 31603.2456  0.04%   139   95s
 63327 20045 31602.4876   41  138 31590.0000 31603.0536  0.04%   142  100s
 66998 20362     cutoff   74      31590.0000 31602.9878  0.04%   144  105s
 69943 20963 31598.9809   49  144 31590.0000 31602.8431  0.04%   147  111s
 73597 21285 31602.0263   47  128 31590.0000 31602.7190  0.04%   149  116s
 76951 21588 31597.4500   45   86 31590.0000 31602.5758  0.04%   151  122s
 78744 21769     cutoff   55      31590.0000 31602.5311  0.04%   152  125s
 82348 23056     cutoff   50      31590.0000 31602.4099  0.04%   154  131s
 86191 24721 31592.1897   65   92 31590.0000 31602.2977  0.04%   156  137s
 89859 26348 31598.0000   49   74 31590.0000 31602.1493  0.04%   157  142s
 91735 26910 31592.0000   54   39 31590.0000 31602.0918  0.04%   158  145s
 94935 28396 31594.9483   55   82 31590.0000 31602.0000  0.04%   159  151s
 98933 30063 31593.4605   55   96 31590.0000 31601.8510  0.04%   161  157s
 100856 30859 31594.0000   57   32 31590.0000 31601.7995  0.04%   162  160s
 104611 32194 31600.0000   63   52 31590.0000 31601.7040  0.04%   163  166s
 108315 33650 31593.5428   69   87 31590.0000 31601.5939  0.04%   164  172s
 111921 35001 31595.9857   51  144 31590.0000 31601.4931  0.04%   166  177s
 113750 35825     cutoff   57      31590.0000 31601.4328  0.04%   166  180s
 117306 37164 31595.4444   60   62 31590.0000 31601.3586  0.04%   167  185s
 120858 38511 31596.6508   54  106 31590.0000 31601.2848  0.04%   168  191s
 124564 39858 31592.9412   50   59 31590.0000 31601.1792  0.04%   169  196s
 128240 41195 31600.0390   48   99 31590.0000 31601.0973  0.04%   170  202s
H131691 39209                    31591.000000 31601.0336  0.03%   170  204s
 132189 39779 31598.5749   53   82 31591.0000 31601.0072  0.03%   170  207s
 134159 40182 31593.2466   62   83 31591.0000 31600.9833  0.03%   170  210s
 137263 41339 31597.8583   45  108 31591.0000 31600.9036  0.03%   170  215s
 142221 42821     cutoff   61      31591.0000 31600.8036  0.03%   171  223s
 143796 43340 31592.2733   52  116 31591.0000 31600.7560  0.03%   172  225s
 147398 44377 31597.0662   52  100 31591.0000 31600.6627  0.03%   172  235s
 151037 45779 31594.6948   55  122 31591.0000 31600.5862  0.03%   173  241s
 155075 47226 31594.9635   51   89 31591.0000 31600.5292  0.03%   174  248s
 157147 47818     cutoff   72      31591.0000 31600.4961  0.03%   174  250s
 160915 49250 31594.1554   71   75 31591.0000 31600.4351  0.03%   174  256s
 165130 50379 31595.5430   74  101 31591.0000 31600.3913  0.03%   174  261s
 168910 51606 31593.1605   59   94 31591.0000 31600.3478  0.03%   174  267s
 172628 52691 31593.3321   42   75 31591.0000 31600.2804  0.03%   174  272s
 174375 53131     cutoff   50      31591.0000 31600.2486  0.03%   174  275s
 177949 54338 31595.7207   45  126 31591.0000 31600.1949  0.03%   174  280s
 181706 55560     cutoff   41      31591.0000 31600.1431  0.03%   175  285s
 185577 56704 31597.8959   39   80 31591.0000 31600.0737  0.03%   175  290s
 189160 58101 31592.7577   82   83 31591.0000 31600.0126  0.03%   175  295s
 194369 59687 31597.6782   53  117 31591.0000 31600.0000  0.03%   173  300s
 200851 62150 31599.4928   50   67 31591.0000 31600.0000  0.03%   172  306s
 206005 63775     cutoff   66      31591.0000 31600.0000  0.03%   171  310s
 211036 65625     cutoff   72      31591.0000 31600.0000  0.03%   170  316s
 214698 66742     cutoff   53      31591.0000 31600.0000  0.03%   169  320s
 220013 68712 31597.2083   59   55 31591.0000 31600.0000  0.03%   169  325s
 224888 70219     cutoff   71      31591.0000 31599.9992  0.03%   168  330s
 230433 71843 31592.0000   64   24 31591.0000 31599.9857  0.03%   167  335s
 235706 73475 31594.1341   73   82 31591.0000 31599.9671  0.03%   166  340s
 240953 75123 31596.6857   76   36 31591.0000 31599.9426  0.03%   165  346s
 245359 76094 31592.3333   67   59 31591.0000 31599.9244  0.03%   165  351s
 248842 77038     cutoff   57      31591.0000 31599.9070  0.03%   164  355s
 254111 78362 31593.0000   51   51 31591.0000 31599.8804  0.03%   164  361s
 257744 79344     cutoff   53      31591.0000 31599.8615  0.03%   163  365s
 263744 80844     cutoff   63      31591.0000 31599.8309  0.03%   163  371s
 267354 81638     cutoff   61      31591.0000 31599.8094  0.03%   162  375s
 272481 82951     cutoff   46      31591.0000 31599.7761  0.03%   162  381s
 276136 83922 31595.8000   62   34 31591.0000 31599.7566  0.03%   162  385s
 282118 85322 31593.0000   53   62 31591.0000 31599.7177  0.03%   161  391s
 285563 86179 31595.4588   42  130 31591.0000 31599.6954  0.03%   161  395s
 289096 86986 31599.1318   78   64 31591.0000 31599.6727  0.03%   161  400s
 294748 88544 31593.4961   72   40 31591.0000 31599.6400  0.03%   161  406s
 298894 89527 31595.8947   80   37 31591.0000 31599.6084  0.03%   160  410s
 304282 90982 31597.0046   66  100 31591.0000 31599.5686  0.03%   160  416s
 308083 92057 31594.0000   66   15 31591.0000 31599.5434  0.03%   160  421s
 312085 93037 31598.7509   47   88 31591.0000 31599.5164  0.03%   160  425s
 318256 94416 31594.2765   48  101 31591.0000 31599.4711  0.03%   159  432s
 321452 95161 31597.7809   43  135 31591.0000 31599.4515  0.03%   159  435s
 326574 96297 31598.7964   56   71 31591.0000 31599.4063  0.03%   159  442s
 329901 97001 31598.3647   57   86 31591.0000 31599.3765  0.03%   159  447s
 333666 98120 31592.8616   60   98 31591.0000 31599.3476  0.03%   159  451s
 337492 98890     cutoff   54      31591.0000 31599.3188  0.03%   159  455s
 343015 100059 31596.2155   54  113 31591.0000 31599.2726  0.03%   158  461s
 346283 100807 31595.6383   61   83 31591.0000 31599.2508  0.03%   158  465s
 349766 101471 31594.5970   73   55 31591.0000 31599.2232  0.03%   158  470s
 355645 102665     cutoff   66      31591.0000 31599.1772  0.03%   158  476s
 359159 103424 31593.6667   51   68 31591.0000 31599.1557  0.03%   158  480s
 364570 104776 31593.0000   67   42 31591.0000 31599.1072  0.03%   158  487s
 368088 105409 31593.7379   51  124 31591.0000 31599.0807  0.03%   158  490s
 371967 106025     cutoff   69      31591.0000 31599.0438  0.03%   158  495s
 379459 108352 31599.0000   61   22 31591.0000 31599.0004  0.03%   157  502s
 385830 109279     cutoff   82      31591.0000 31599.0000  0.03%   155  505s
 391061 110752 31599.0000   54   59 31591.0000 31599.0000  0.03%   155  510s
 396607 112120 31599.0000   54   61 31591.0000 31599.0000  0.03%   154  515s
*398684 68636              84    31594.000000 31599.0000  0.02%   154  518s
 399830 68544     cutoff   52      31594.0000 31599.0000  0.02%   154  520s
 404335 69050     cutoff   60      31594.0000 31599.0000  0.02%   154  525s
 408019 69154     cutoff   82      31594.0000 31598.9957  0.02%   154  530s
 413671 69281 31596.4302   67  100 31594.0000 31598.9450  0.02%   154  536s
 416635 69297 31595.4069   49  112 31594.0000 31598.9200  0.02%   154  540s
 421425 69236 31596.5752   45  130 31594.0000 31598.8916  0.02%   154  547s
 423103 69233 31596.4850   50   62 31594.0000 31598.8673  0.02%   154  550s
 428442 68991     cutoff   63      31594.0000 31598.8049  0.02%   154  556s
 432197 68950 31596.6270   49   67 31594.0000 31598.7670  0.02%   154  560s
 435461 68858 31597.8518   54  128 31594.0000 31598.7351  0.01%   154  566s
 439002 68673 31598.6285   55   75 31594.0000 31598.6953  0.01%   154  570s
 444504 68614 31598.5044   62   83 31594.0000 31598.6366  0.01%   154  577s
 448173 68469 31595.9472   82   78 31594.0000 31598.5975  0.01%   154  582s
 451723 68343 31594.9791   36   82 31594.0000 31598.5562  0.01%   154  586s
 455684 68262     cutoff   60      31594.0000 31598.5182  0.01%   154  591s
 459325 68101     cutoff   52      31594.0000 31598.4674  0.01%   154  595s
 462713 68038 31595.3333   75   23 31594.0000 31598.4284  0.01%   154  600s
 468191 67701 31597.1083   51  103 31594.0000 31598.3602  0.01%   154  606s
 471431 67477     cutoff   53      31594.0000 31598.3279  0.01%   154  611s
 475371 67206 31597.0222   49   93 31594.0000 31598.2666  0.01%   154  615s
 479103 66841 31595.3381   52   95 31594.0000 31598.2175  0.01%   154  621s
 482877 66628     cutoff   58      31594.0000 31598.1677  0.01%   154  625s
 486952 66204 31596.9268   49  117 31594.0000 31598.1163  0.01%   154  630s
 492902 65762     cutoff   43      31594.0000 31598.0385  0.01%   154  636s
 497687 65859 31598.0000   53   33 31594.0000 31598.0000  0.01%   153  641s
 503000 66431 31595.0000   55   63 31594.0000 31598.0000  0.01%   153  645s
 508205 66848     cutoff   68      31594.0000 31598.0000  0.01%   153  651s
 511204 67123 31596.0265   58   68 31594.0000 31598.0000  0.01%   153  655s
 515498 67124 31595.0000   62   43 31594.0000 31598.0000  0.01%   153  660s

Cutting planes:
  Gomory: 17
  Cover: 486
  Clique: 8
  MIR: 140
  StrongCG: 135
  Flow cover: 22
  Inf proof: 1
  Zero half: 12
  RLT: 1

Explored 519686 nodes (79325424 simplex iterations) in 662.11 seconds
Thread count was 12 (of 12 available processors)

Solution count 10: 31594 31591 31590 ... 31532

Optimal solution found (tolerance 1.00e-04)
Best objective 3.159400000000e+04, best bound 3.159700000000e+04, gap 0.0095%
