
Gurobi 9.1.2 (win64, Java) logging started Sat Nov  6 21:40:36 2021

Academic license - for non-commercial use only - expires 2022-10-30
Gurobi Optimizer version 9.1.2 build v9.1.2rc0 (win64)
Thread count: 6 physical cores, 12 logical processors, using up to 12 threads
Optimize a model with 80 rows, 1200 columns and 2400 nonzeros
Model fingerprint: 0x6056f5c8
Variable types: 0 continuous, 1200 integer (1200 binary)
Coefficient statistics:
  Matrix range     [1e+00, 1e+03]
  Objective range  [4e+02, 1e+03]
  Bounds range     [1e+00, 1e+00]
  RHS range        [1e+00, 1e+03]
Found heuristic solution: objective 26001.000000
Presolve removed 0 rows and 378 columns
Presolve time: 0.01s
Presolved: 80 rows, 822 columns, 1644 nonzeros
Variable types: 0 continuous, 822 integer (822 binary)
Presolved: 80 rows, 822 columns, 1644 nonzeros


Root relaxation: objective 3.244721e+04, 318 iterations, 0.00 seconds

    Nodes    |    Current Node    |     Objective Bounds      |     Work
 Expl Unexpl |  Obj  Depth IntInf | Incumbent    BestBd   Gap | It/Node Time

     0     0 32447.2058    0   27 26001.0000 32447.2058  24.8%     -    0s
H    0     0                    30331.000000 32447.2058  6.98%     -    0s
H    0     0                    30452.000000 32447.2058  6.55%     -    0s
H    0     0                    31074.000000 32447.2058  4.42%     -    0s
H    0     0                    31202.000000 32447.2058  3.99%     -    0s
     0     0 32447.2058    0   60 31202.0000 32447.2058  3.99%     -    0s
     0     0 32447.2058    0   37 31202.0000 32447.2058  3.99%     -    0s
H    0     0                    31289.000403 32447.2058  3.70%     -    0s
     0     2 32447.2058    0   31 31289.0004 32447.2058  3.70%     -    0s
H   31    43                    31478.000000 32447.2058  3.08%  90.2    0s
H   36    43                    31703.000000 32447.2058  2.35%  84.5    0s
H  166   170                    31858.000000 32447.2058  1.85%  47.0    0s
H  175   195                    31936.000000 32447.2058  1.60%  45.2    0s
H  197   195                    31967.000000 32447.2058  1.50%  43.7    0s
H  978   820                    31982.000009 32445.7897  1.45%  41.1    1s
H  979   818                    31988.000000 32445.7897  1.43%  41.1    1s
H  980   811                    32026.000000 32445.7897  1.31%  41.1    1s
H 1316  1006                    32052.000000 32192.0000  0.44%  45.0    2s
H 1409  1020                    32062.000000 32192.0000  0.41%  52.3    2s
H 3016  1942                    32091.000000 32192.0000  0.31%  80.8    5s
  8462  6245 32146.9893   70  123 32091.0000 32192.0000  0.31%  85.3   10s
 14214 10666 32162.2485   94  119 32091.0000 32192.0000  0.31%  87.1   15s
 18138 14096 32159.0003   90   91 32091.0000 32192.0000  0.31%  86.0   21s
*21841 15969             116    32096.000000 32192.0000  0.30%  82.3   23s
 21853 17084 32189.2027   52  147 32096.0000 32192.0000  0.30%  82.4   25s
H22187 15982                    32111.000000 32192.0000  0.25%  82.4   25s
H25072 17432                    32115.000000 32192.0000  0.24%  84.4   27s
H27237 19230                    32121.000000 32192.0000  0.22%  83.7   30s
 32565 23621 32185.2703   71  151 32121.0000 32192.0000  0.22%  82.9   36s
 36333 25394 32159.9712   67  167 32121.0000 32192.0000  0.22%  81.0   40s
 36374 25434 32192.0000   38  174 32121.0000 32192.0000  0.22%  82.0   45s
 38212 27459 32191.3412   59  155 32121.0000 32192.0000  0.22%  82.4   50s
H38439 26080                    32129.000000 32192.0000  0.20%  82.5   50s
 42917 28101 32180.2108   79  137 32129.0000 32192.0000  0.20%  82.8   56s
 46528 29946 32187.2213   58  215 32129.0000 32192.0000  0.20%  83.8   61s
 49271 31028 32191.8172   49  180 32129.0000 32192.0000  0.20%  85.3   65s
 52902 32250 32183.8318  109  179 32129.0000 32192.0000  0.20%  85.4   74s
 53167 33163 32167.5011  132  155 32129.0000 32192.0000  0.20%  85.4   76s
 56281 34395 32191.9078   55  219 32129.0000 32192.0000  0.20%  85.5   80s
 59700 35610 32150.9013   61  161 32129.0000 32192.0000  0.20%  87.0   87s
H59901 34209                    32132.000000 32192.0000  0.19%  87.0   87s
 62366 36373 32187.7514   91  178 32132.0000 32192.0000  0.19%  87.2   92s
 63922 37081 32191.4063   75  222 32132.0000 32192.0000  0.19%  87.6   95s
 67148 39003 32148.6438  106  116 32132.0000 32192.0000  0.19%  88.5  100s
 71351 40286 32187.9050   63  173 32132.0000 32192.0000  0.19%  88.2  106s
 73994 42246 32190.7090   55  220 32132.0000 32192.0000  0.19%  89.9  113s
 76485 42575 32186.6305   99  151 32132.0000 32192.0000  0.19%  90.5  117s
 78176 43848 32189.6794   48  214 32132.0000 32192.0000  0.19%  91.3  120s
 82337 45829 32190.6204   60  196 32132.0000 32192.0000  0.19%  91.7  127s
 84585 46683 32176.4402  133  141 32132.0000 32192.0000  0.19%  91.7  130s
 88459 48634 32191.8389   84  235 32132.0000 32192.0000  0.19%  91.9  137s
 90515 49345 32173.7446   59  206 32132.0000 32192.0000  0.19%  91.9  140s
 93741 50757 32179.5859   97  136 32132.0000 32192.0000  0.19%  92.6  147s
 95530 51290 32186.2811   60  140 32132.0000 32192.0000  0.19%  93.1  150s
 99411 53594 32190.3298   75  204 32132.0000 32192.0000  0.19%  93.3  158s
H99573 47366                    32149.000000 32192.0000  0.13%  93.3  158s
 101486 48059 32192.0000   53  238 32149.0000 32192.0000  0.13%  93.4  161s
 103212 49649 32180.0619  117  150 32149.0000 32192.0000  0.13%  93.6  165s
 106987 52234 32190.0585   84  204 32149.0000 32192.0000  0.13%  93.9  172s
 108498 53537 32178.8684   93  162 32149.0000 32192.0000  0.13%  94.3  175s
 111931 56035 32186.8792   66  207 32149.0000 32192.0000  0.13%  94.7  183s
 113396 57106     cutoff   63      32149.0000 32192.0000  0.13%  95.3  186s
 115027 58527 32183.9881   78  149 32149.0000 32192.0000  0.13%  95.9  190s
 118803 61633 32179.8026   94  146 32149.0000 32192.0000  0.13%  96.6  198s
 120872 63384 32187.6409   71  158 32149.0000 32192.0000  0.13%  96.7  202s
 123018 65125 32187.6995   70  178 32149.0000 32192.0000  0.13%  96.7  205s
 126984 68183 32192.0000   53  212 32149.0000 32192.0000  0.13%  96.8  212s
 128838 69403 32191.0800   64  198 32149.0000 32192.0000  0.13%  96.9  216s
 132178 72337 32191.4058   88  234 32149.0000 32192.0000  0.13%  97.1  223s
 133931 73739 32190.9447   66  219 32149.0000 32192.0000  0.13%  97.2  226s
 135759 75041 32187.8237   71  156 32149.0000 32192.0000  0.13%  97.2  230s
 138842 77072 32191.7153   54  257 32149.0000 32192.0000  0.13%  97.9  237s
 140201 78777 32189.7309   53  246 32149.0000 32192.0000  0.13%  98.3  241s
 143888 81589 32178.8353   56  127 32149.0000 32192.0000  0.13%  98.6  248s
 145919 82970 32172.5975  111  125 32149.0000 32192.0000  0.13%  98.7  252s
 147634 84541 32190.6000   75  221 32149.0000 32192.0000  0.13%  98.8  255s
 151576 87279 32192.0000   53  234 32149.0000 32192.0000  0.13%  98.8  262s
 152978 88666 32167.1358   81  104 32149.0000 32192.0000  0.13%  99.1  265s
 156568 91776 32180.1217  128  146 32149.0000 32192.0000  0.13%  99.2  272s
 158521 93185     cutoff  146      32149.0000 32192.0000  0.13%  99.2  276s
 161846 95816 32152.8298   62  135 32149.0000 32192.0000  0.13%  99.3  283s
 163678 97208 32190.3646   72  234 32149.0000 32192.0000  0.13%  99.4  286s
 165390 98770 32188.5120   90  221 32149.0000 32192.0000  0.13%  99.4  290s
 168979 101731 32191.2958   65  218 32149.0000 32192.0000  0.13%   100  297s
 171028 103230 32181.7895  129  151 32149.0000 32192.0000  0.13%   100  301s
 174732 106255 32183.1650  123  154 32149.0000 32192.0000  0.13%   100  308s
 176523 107465 32185.7289   96  177 32149.0000 32192.0000  0.13%   100  311s
 178189 108834 32191.3758   81  217 32149.0000 32192.0000  0.13%   100  315s
 181737 111617 32161.9169  116  141 32149.0000 32192.0000  0.13%   100  322s
 183484 113094 32192.0000   53  216 32149.0000 32192.0000  0.13%   100  326s
 187024 115883 32187.9970   89  193 32149.0000 32192.0000  0.13%   100  333s
 188913 117338 32187.8465   89  171 32149.0000 32192.0000  0.13%   100  337s
 190695 118530 32191.4435   63  237 32149.0000 32192.0000  0.13%   100  340s
 193786 121073 32190.5244   70  225 32149.0000 32192.0000  0.13%   100  347s
 195713 122505 32186.2570   61  178 32149.0000 32192.0000  0.13%   100  351s
 197528 123974 32191.8332   84  230 32149.0000 32192.0000  0.13%   101  355s
 201124 126629 32187.7362   61  178 32149.0000 32192.0000  0.13%   101  362s
 202694 128432 32189.7481   67  222 32149.0000 32192.0000  0.13%   101  366s
 206740 130965 32190.9349   61  211 32149.0000 32192.0000  0.13%   101  373s
 208312 132447 32154.2917   93   86 32149.0000 32192.0000  0.13%   101  376s
 210090 133890 32191.2927   59  228 32149.0000 32192.0000  0.13%   101  380s
 213890 137332 32167.1559  125  142 32149.0000 32192.0000  0.13%   101  387s
 215976 138915 32191.2571   64  231 32149.0000 32192.0000  0.13%   101  391s
 219431 141114 32175.1290   78  117 32149.0000 32192.0000  0.13%   101  398s
 220899 142614 32191.9777   60  219 32149.0000 32192.0000  0.13%   101  402s
 222830 144482 32172.9771   87   93 32149.0000 32192.0000  0.13%   101  406s
 225218 145847 32191.4066   96  215 32149.0000 32192.0000  0.13%   101  410s
 228731 148758 32187.7890   84  177 32149.0000 32192.0000  0.13%   102  417s
 230789 150340 32191.1919   76  190 32149.0000 32192.0000  0.13%   102  421s
 232847 151927 32191.2078   64  234 32149.0000 32192.0000  0.13%   102  425s
 236598 154762 32185.4222   69  158 32149.0000 32192.0000  0.13%   102  432s
 238467 156192 32180.3463  113  163 32149.0000 32192.0000  0.13%   102  435s
 241967 159188 32182.8394   74  195 32149.0000 32192.0000  0.13%   102  443s
 243814 160726 32177.4643   86  169 32149.0000 32192.0000  0.13%   102  446s
 245653 162316 32191.9621   79  233 32149.0000 32192.0000  0.13%   102  450s
 249310 165067 32190.2038   65  197 32149.0000 32192.0000  0.13%   102  457s
 251151 166519 32189.0739   78  199 32149.0000 32192.0000  0.13%   102  461s
 254702 169331 32190.3167   73  217 32149.0000 32192.0000  0.13%   102  468s
 256534 170908 32191.4054   68  219 32149.0000 32192.0000  0.13%   102  472s
 258421 172316 32179.7284   99  132 32149.0000 32192.0000  0.13%   102  475s
 261531 174923 32182.0165   85  169 32149.0000 32192.0000  0.13%   102  482s
 263642 176091 32188.5344   84  203 32149.0000 32192.0000  0.13%   102  486s
 267137 179120 32169.2112  122  138 32149.0000 32192.0000  0.13%   102  492s
 269021 180762 32164.0369  115  153 32149.0000 32192.0000  0.13%   102  496s
 272614 183254 32182.5170   67  148 32149.0000 32192.0000  0.13%   102  503s
 274475 184789 32186.2963   96  189 32149.0000 32192.0000  0.13%   102  506s
 276299 186183 32191.6556   71  226 32149.0000 32192.0000  0.13%   102  510s
 279859 189217 32189.8227   70  186 32149.0000 32192.0000  0.13%   102  517s
 281796 191109 32190.0527   86  216 32149.0000 32192.0000  0.13%   102  520s
 285463 193706 32190.5831   62  189 32149.0000 32192.0000  0.13%   102  527s
 287194 195309 32177.0140  114  157 32149.0000 32192.0000  0.13%   102  530s
 290892 198190 32161.5319  126  108 32149.0000 32192.0000  0.13%   102  537s
 292787 199645 32190.8209   69  225 32149.0000 32192.0000  0.13%   102  541s
 296436 202660 32186.5194   64  210 32149.0000 32192.0000  0.13%   102  547s
 298324 204086 32190.9199   70  221 32149.0000 32192.0000  0.13%   102  551s
 300054 205389 32167.3383  109  114 32149.0000 32192.0000  0.13%   101  555s
 303721 208368 32149.9891  155  120 32149.0000 32192.0000  0.13%   101  561s
 305580 209739 32185.3598   99  154 32149.0000 32192.0000  0.13%   101  565s
 309036 212843 32151.3341  128   69 32149.0000 32192.0000  0.13%   101  572s
 311006 214440 32188.5970   89  184 32149.0000 32192.0000  0.13%   101  575s
 314577 217108 32190.4844   90  239 32149.0000 32192.0000  0.13%   101  582s
 316356 218506 32164.9923  139  124 32149.0000 32192.0000  0.13%   101  585s
 320043 221511 32163.6477   78   78 32149.0000 32192.0000  0.13%   101  592s
 321871 223146 32169.0278  127  137 32149.0000 32192.0000  0.13%   101  595s
 325726 226299 32156.3430  157  132 32149.0000 32192.0000  0.13%   101  602s
 327658 227778 32189.2300   94  235 32149.0000 32192.0000  0.13%   101  605s
 331474 230704 32190.8370   67  222 32149.0000 32192.0000  0.13%   101  612s
 333269 232329 32186.9918   92  165 32149.0000 32192.0000  0.13%   101  615s
 336676 234685 32176.1247   81  128 32149.0000 32192.0000  0.13%   101  621s
 339905 237364 32188.5299   83  194 32149.0000 32192.0000  0.13%   101  628s
 341787 238863 32183.4270   83  183 32149.0000 32192.0000  0.13%   101  631s
 343628 240206 32191.4171   56  232 32149.0000 32192.0000  0.13%   101  635s
 347238 243302 32185.8912   95  163 32149.0000 32192.0000  0.13%   101  641s
 351095 245910 32184.0761   61  183 32149.0000 32192.0000  0.13%   101  647s
 352679 247317 32183.3574   93  129 32149.0000 32192.0000  0.13%   101  650s
 355749 249905 32160.6897   87  107 32149.0000 32192.0000  0.13%   101  657s
 357714 251238 32191.2092   72  238 32149.0000 32192.0000  0.13%   101  660s
 361263 254263 32189.6629   94  213 32149.0000 32192.0000  0.13%   101  667s
 363086 255735 32188.8885   54  234 32149.0000 32192.0000  0.13%   101  670s
 366731 258655 32172.8882   56  191 32149.0000 32191.9948  0.13%   101  677s
 368700 260139 32190.7234   62  200 32149.0000 32191.9925  0.13%   101  680s
 372450 262777 32186.2269   97  200 32149.0000 32191.9872  0.13%   101  686s
 375609 265481 32174.7295   82  138 32149.0000 32191.9820  0.13%   101  693s
 377462 267095 32190.5889   75  196 32149.0000 32191.9789  0.13%   101  696s
 381292 269988 32188.3720   73  194 32149.0000 32191.9729  0.13%   101  702s
 383168 271503 32181.0153   79  136 32149.0000 32191.9718  0.13%   100  705s
 387149 274489 32175.2679  136  133 32149.0000 32191.9658  0.13%   100  712s
 388919 275905 32174.7956   97  112 32149.0000 32191.9637  0.13%   100  715s
 392460 278479 32188.5126   68  199 32149.0000 32191.9597  0.13%   100  720s
 395941 281386 32189.4929   62  193 32149.0000 32191.9537  0.13%   100  727s
 399876 284488 32187.0049  103  200 32149.0000 32191.9485  0.13%   100  732s
 401735 285712 32190.4364   77  227 32149.0000 32191.9457  0.13%   100  735s
 405205 288623 32188.2368   73  191 32149.0000 32191.9419  0.13%   100  741s
 408773 291198 32189.6562   82  217 32149.0000 32191.9383  0.13%   100  748s
 410407 292760 32189.8726   98  204 32149.0000 32191.9357  0.13%   100  751s
 414341 295766 32158.4640  102  122 32149.0000 32191.9322  0.13%   100  757s
 416077 297268 32180.5991  100  139 32149.0000 32191.9300  0.13%   100  761s
 419723 299795 32182.0133   89  143 32149.0000 32191.9261  0.13%   100  767s
 421372 301583 32188.8434   74  178 32149.0000 32191.9241  0.13%   100  771s
 425097 303853 32177.8807   66  169 32149.0000 32191.9193  0.13%  99.4  777s
 426684 305146 32179.0276   70  135 32149.0000 32191.9175  0.13%  99.5  780s
 430064 307636 32185.6787   73  162 32149.0000 32191.9131  0.13%  99.5  786s
 433625 310297 32190.9879   65  220 32149.0000 32191.9100  0.13%   100  792s
 435319 312004 32190.4003   83  215 32149.0000 32191.9071  0.13%  99.5  796s
 439412 315310 32188.0398   68  165 32149.0000 32191.9018  0.13%  99.3  802s
 441746 316704 32186.6247  117  182 32149.0000 32191.9003  0.13%  99.2  805s
 445165 319365 32170.2441  100  126 32149.0000 32191.8971  0.13%  99.1  810s
 448177 321274 32171.9825   87  157 32149.0000 32191.8937  0.13%  99.1  816s
 451342 324335 32157.9157   89  117 32149.0000 32191.8894  0.13%  99.1  822s
 453400 325775 32184.3026   79  180 32149.0000 32191.8874  0.13%  99.0  825s
 456871 328810 32186.6906   78  180 32149.0000 32191.8837  0.13%  98.9  831s
 460850 331398     cutoff  162      32149.0000 32191.8799  0.13%  98.8  837s
 462432 332289 32171.1322   65  155 32149.0000 32191.8799  0.13%  98.8  840s
 465857 334949 32185.6173   60  176 32149.0000 32191.8758  0.13%  98.8  847s
 467500 336411 32188.8280   95  189 32149.0000 32191.8748  0.13%  98.9  850s
 471398 339542 32189.2212   73  199 32149.0000 32191.8697  0.13%  98.8  857s
 473372 341128 32186.0194   75  184 32149.0000 32191.8673  0.13%  98.8  860s
 477097 343972 32188.2936   55  195 32149.0000 32191.8635  0.13%  98.7  866s
 481204 346765 32154.5444  115   65 32149.0000 32191.8600  0.13%  98.6  872s
 482745 348167 32182.7222   69  138 32149.0000 32191.8578  0.13%  98.6  875s
 486340 351075 32182.6501   78  134 32149.0000 32191.8547  0.13%  98.6  880s
 489935 353576 32190.7509   74  217 32149.0000 32191.8518  0.13%  98.5  886s
 493127 356090 32187.8926   63  193 32149.0000 32191.8476  0.13%  98.5  892s
 494757 357649 32191.7047   66  220 32149.0000 32191.8461  0.13%  98.5  895s
 498664 360408 32190.8360   65  226 32149.0000 32191.8431  0.13%  98.4  902s
 500406 361941 32187.6354   89  146 32149.0000 32191.8414  0.13%  98.4  905s
 504291 364932 32175.7113   92  106 32149.0000 32191.8380  0.13%  98.3  911s
 508037 367940 32190.5755   61  213 32149.0000 32191.8350  0.13%  98.3  917s
 510100 369420 32164.7977  105  121 32149.0000 32191.8335  0.13%  98.2  920s
 513801 372211 32185.1997   86  173 32149.0000 32191.8306  0.13%  98.1  926s
 517197 374703 32159.4934   71  184 32149.0000 32191.8264  0.13%  98.2  933s
 519141 376518 32153.2005  126  109 32149.0000 32191.8260  0.13%  98.2  936s
 523329 379574 32187.6950   82  185 32149.0000 32191.8206  0.13%  98.1  942s
 525305 380847 32183.4836  132  153 32149.0000 32191.8201  0.13%  98.0  945s
 528560 383119 32150.4095  123   87 32149.0000 32191.8177  0.13%  98.0  951s
 530139 384827 32182.7049   98  145 32149.0000 32191.8153  0.13%  98.1  955s
 534200 387643 32191.6399   62  245 32149.0000 32191.8114  0.13%  98.0  961s
 537772 389602 32188.4834   80  161 32149.0000 32191.8089  0.13%  97.9  965s
 540093 392512 32188.9786   96  197 32149.0000 32191.8058  0.13%  97.9  970s
 543681 395395 32190.6917   60  243 32149.0000 32191.8020  0.13%  97.8  977s
 547628 398022 32188.3799   91  203 32149.0000 32191.7994  0.13%  97.7  983s
 548980 399129 32186.8144   75  182 32149.0000 32191.7972  0.13%  97.8  985s
 552542 402160 32185.1528   74  194 32149.0000 32191.7946  0.13%  97.7  992s
 554594 403628 32187.6845   89  191 32149.0000 32191.7933  0.13%  97.7  995s
 558297 406144 32187.8663   74  196 32149.0000 32191.7910  0.13%  97.6 1001s
 561441 408833 32189.2029   86  176 32149.0000 32191.7887  0.13%  97.7 1007s
 563263 410287 32184.2794   60  190 32149.0000 32191.7866  0.13%  97.7 1010s
 566981 412767 32186.8187   96  205 32149.0000 32191.7839  0.13%  97.6 1016s
 570348 415641 32188.2924   78  216 32149.0000 32191.7805  0.13%  97.6 1022s
 572091 417126 32187.6458   67  169 32149.0000 32191.7794  0.13%  97.6 1025s
 575699 419924 32187.4713   70  146 32149.0000 32191.7766  0.13%  97.7 1032s
 577893 421407 32190.4577   69  215 32149.0000 32191.7757  0.13%  97.7 1035s
 581699 424359 32185.6030   89  159 32149.0000 32191.7726  0.13%  97.6 1041s
 585494 427266 32190.0870   72  178 32149.0000 32191.7689  0.13%  97.5 1047s
 587363 428834 32166.7969   87  159 32149.0000 32191.7674  0.13%  97.5 1050s
 591411 431769 32188.3735   89  185 32149.0000 32191.7638  0.13%  97.4 1056s
 594537 434118 32164.6593  105  113 32149.0000 32191.7603  0.13%  97.4 1062s
 596335 435640 32188.9160   82  206 32149.0000 32191.7587  0.13%  97.4 1065s
 600209 438714 32189.5046   73  210 32149.0000 32191.7552  0.13%  97.4 1071s
 603978 441253 32174.0903  128   93 32149.0000 32191.7527  0.13%  97.3 1077s
 605364 442759 32184.9759  134  161 32149.0000 32191.7519  0.13%  97.4 1080s
 609080 445619 32180.4973   70  169 32149.0000 32191.7492  0.13%  97.4 1086s
 611176 447203 32187.9658   77  198 32149.0000 32191.7474  0.13%  97.3 1090s
 614580 449646 32155.9314   92  100 32149.0000 32191.7441  0.13%  97.3 1096s
 616418 451267 32169.1434  104  125 32149.0000 32191.7427  0.13%  97.3 1100s
 620387 454208 32188.1663  102  182 32149.0000 32191.7396  0.13%  97.2 1106s
 624211 457155 32190.3276   65  216 32149.0000 32191.7365  0.13%  97.2 1112s
 626080 458397 32188.4331   73  197 32149.0000 32191.7351  0.13%  97.2 1115s
 630013 461480 32188.7162   94  192 32149.0000 32191.7325  0.13%  97.1 1122s
 631779 462944 32154.8996   99   68 32149.0000 32191.7307  0.13%  97.1 1125s
 635667 466041 32188.8682   94  190 32149.0000 32191.7275  0.13%  97.1 1131s
 639088 468123 32189.5142   81  165 32149.0000 32191.7243  0.13%  97.0 1137s
 640542 469784 32180.3435  112  139 32149.0000 32191.7229  0.13%  97.1 1140s
 644433 472850 32184.2429   78  132 32149.0000 32191.7210  0.13%  97.0 1146s
 648310 475652 32188.4902   66  186 32149.0000 32191.7175  0.13%  97.0 1151s
 651744 478158 32189.9178   55  227 32149.0000 32191.7147  0.13%  96.9 1157s
 653395 479619 32169.2982   75  104 32149.0000 32191.7135  0.13%  96.9 1160s
 656989 482025 32191.3841   59  210 32149.0000 32191.7113  0.13%  96.9 1166s
 659977 484600 32188.1658   70  197 32149.0000 32191.7095  0.13%  96.9 1172s
 661861 485878 32185.6405   89  169 32149.0000 32191.7078  0.13%  96.9 1175s
 665561 488710 32152.0697  120   73 32149.0000 32191.7041  0.13%  96.8 1181s
 669198 491618 32163.8751  107  141 32149.0000 32191.7018  0.13%  96.8 1187s
 671161 493042 32189.6603   78  190 32149.0000 32191.7001  0.13%  96.8 1190s
 674680 495552 32162.5965  117   80 32149.0000 32191.6977  0.13%  96.7 1195s
 678182 498384 32187.8417   79  182 32149.0000 32191.6949  0.13%  96.7 1202s
 679857 499795 32189.9206   67  205 32149.0000 32191.6940  0.13%  96.6 1205s
 683501 502635 32166.0624   93  107 32149.0000 32191.6905  0.13%  96.6 1211s
 687222 505631 32188.5476   70  206 32149.0000 32191.6872  0.13%  96.6 1217s
 691031 508361 32163.6085   96  168 32149.0000 32191.6845  0.13%  96.5 1223s
 692787 509643 32184.4250   84  177 32149.0000 32191.6825  0.13%  96.5 1225s
 696346 512424 32155.7159  108  100 32149.0000 32191.6801  0.13%  96.5 1231s
 699868 515573 32190.6292   67  210 32149.0000 32191.6773  0.13%  96.4 1237s
 702006 516931 32189.6371   69  215 32149.0000 32191.6757  0.13%  96.4 1240s
 705474 519765 32163.9663   88   78 32149.0000 32191.6734  0.13%  96.3 1246s
 708926 522425 32181.6684  125  139 32149.0000 32191.6718  0.13%  96.3 1252s
 710652 523920 32188.7914   67  197 32149.0000 32191.6703  0.13%  96.3 1255s
 714439 526315 32173.1068   69  190 32149.0000 32191.6681  0.13%  96.2 1261s
 717459 528979 32166.6964  117  108 32149.0000 32191.6662  0.13%  96.2 1267s
 719417 530173 32163.1141  125  115 32149.0000 32191.6650  0.13%  96.2 1270s
 722763 532889 32184.4492   91  142 32149.0000 32191.6630  0.13%  96.3 1277s
 725123 534500 32160.7177   91  146 32149.0000 32191.6615  0.13%  96.2 1280s
 729084 537474 32184.9699  108  175 32149.0000 32191.6593  0.13%  96.2 1286s
 731019 538918 32183.2221   95  147 32149.0000 32191.6581  0.13%  96.2 1290s
 734614 541555 32182.1644   89  140 32149.0000 32191.6556  0.13%  96.1 1296s
 738319 544747 32190.5805   68  226 32149.0000 32191.6532  0.13%  96.1 1302s
 740342 545923 32186.5044   80  185 32149.0000 32191.6521  0.13%  96.1 1305s
 743746 548717 32183.1247   94  149 32149.0000 32191.6498  0.13%  96.1 1310s
 747250 551186 32189.3318   64  212 32149.0000 32191.6478  0.13%  96.0 1316s
 748779 552451 32186.9566   72  155 32149.0000 32191.6462  0.13%  96.0 1320s
 752347 555630 32166.9351  103  135 32149.0000 32191.6439  0.13%  96.0 1327s
 754467 556938 32163.2016   95   72 32149.0000 32191.6422  0.13%  96.0 1330s
 758179 559847 32151.6407  133  135 32149.0000 32191.6396  0.13%  96.0 1336s
 761711 562382 32165.2674   77  164 32149.0000 32191.6376  0.13%  95.9 1342s
 763252 563963 32190.3895   72  210 32149.0000 32191.6371  0.13%  95.9 1345s
 767239 567076 32166.5841   65  138 32149.0000 32191.6342  0.13%  95.9 1351s
 771051 569716 32185.2875   62  130 32149.0000 32191.6320  0.13%  95.9 1357s
 772903 571301     cutoff  130      32149.0000 32191.6310  0.13%  95.9 1360s
 777171 573962 32181.4549   63  170 32149.0000 32191.6280  0.13%  95.8 1366s
 780259 576171 32188.8912   73  209 32149.0000 32191.6260  0.13%  95.8 1371s
 783790 578668 32177.5074  105  118 32149.0000 32191.6242  0.13%  95.8 1377s
 785184 580208 32191.1712   78  215 32149.0000 32191.6232  0.13%  95.8 1381s
 789288 582988 32175.0605  110  157 32149.0000 32191.6201  0.13%  95.7 1387s
 790915 584415 32169.8677   90   99 32149.0000 32191.6190  0.13%  95.7 1390s
 794865 587500 32190.0001   74  193 32149.0000 32191.6163  0.13%  95.7 1395s
 798394 589679 32182.6514   86  152 32149.0000 32191.6138  0.13%  95.6 1401s
 801307 592203 32178.5672   98  141 32149.0000 32191.6116  0.13%  95.7 1407s
 803191 593497 32185.5237   74  177 32149.0000 32191.6103  0.13%  95.7 1410s
 807023 596269 32190.8147   68  217 32149.0000 32191.6079  0.13%  95.6 1417s
 808909 597899 32189.7926   62  203 32149.0000 32191.6069  0.13%  95.6 1420s
 812584 600718 32187.6361   88  177 32149.0000 32191.6045  0.13%  95.6 1426s
 816775 603652 32191.3903   62  230 32149.0000 32191.6018  0.13%  95.6 1432s
 818550 604634 32189.5479   73  220 32149.0000 32191.6012  0.13%  95.6 1436s
 819760 605000 32157.0740  111  109 32149.0000 32191.6008  0.13%  95.6 1441s
 820229 606458 32188.8485   98  173 32149.0000 32191.6002  0.13%  95.6 1445s
 824101 609331 32181.3467   91  141 32149.0000 32191.5974  0.13%  95.6 1452s
 826237 610842 32163.8631  119   91 32149.0000 32191.5960  0.13%  95.6 1455s
 830536 613929 32189.5074   71  201 32149.0000 32191.5932  0.13%  95.5 1462s
 832451 615431 32184.6582   97  170 32149.0000 32191.5921  0.13%  95.5 1465s
 836090 617201 32186.3683  100  200 32149.0000 32191.5899  0.13%  95.5 1472s
 836586 618691 32186.3525  101  202 32149.0000 32191.5899  0.13%  95.5 1476s
 840682 621861 32162.0291  115   82 32149.0000 32191.5873  0.13%  95.4 1482s
 842714 623041 32189.6229   81  220 32149.0000 32191.5861  0.13%  95.4 1485s
 846037 625541 32173.5842   85   88 32149.0000 32191.5842  0.13%  95.5 1491s
 849549 627964 32190.2059   68  207 32149.0000 32191.5826  0.13%  95.5 1497s
 851489 629386     cutoff  114      32149.0000 32191.5820  0.13%  95.5 1501s
 854983 631783 32169.3933  114  115 32149.0000 32191.5791  0.13%  95.5 1507s
 856561 633246 32153.1464   97   22 32149.0000 32191.5782  0.13%  95.5 1510s
 860537 635825 32189.6295   86  193 32149.0000 32191.5759  0.13%  95.5 1516s
 864106 638718 32189.3719   73  203 32149.0000 32191.5736  0.13%  95.5 1522s
 866186 640154 32186.9844  113  166 32149.0000 32191.5724  0.13%  95.4 1525s
 870050 643009 32159.0812  110   72 32149.0000 32191.5703  0.13%  95.4 1530s
 873400 645940 32190.7289   52  260 32149.0000 32191.5684  0.13%  95.4 1537s
 875526 647563 32181.8318   81  111 32149.0000 32191.5673  0.13%  95.4 1540s
 879191 650215 32187.2178   79  219 32149.0000 32191.5651  0.13%  95.3 1546s
 882590 652809 32187.3880   77  192 32149.0000 32191.5630  0.13%  95.3 1551s
 886008 655194 32187.7194   73  176 32149.0000 32191.5614  0.13%  95.3 1558s
 887699 656832 32165.1477   93   75 32149.0000 32191.5605  0.13%  95.3 1561s
 891853 659804 32189.1270   57  224 32149.0000 32191.5579  0.13%  95.3 1567s
 893698 661374 32190.2670   77  214 32149.0000 32191.5571  0.13%  95.2 1570s
 897580 664216 32189.7632   73  209 32149.0000 32191.5549  0.13%  95.2 1576s
 901026 666747 32191.1873   64  214 32149.0000 32191.5530  0.13%  95.2 1582s
 902687 668160 32185.7536   71  185 32149.0000 32191.5523  0.13%  95.2 1585s
 906227 671084 32179.2735  153  127 32149.0000 32191.5505  0.13%  95.2 1592s
 908447 672657 32188.6979   87  209 32149.0000 32191.5494  0.13%  95.2 1595s
 912377 675653 32184.0057   73  142 32149.0000 32191.5468  0.13%  95.1 1601s
 916152 678376 32186.4639   92  200 32149.0000 32191.5448  0.13%  95.1 1607s
 919131 679916     cutoff  115      32149.0000 32191.5434  0.13%  95.0 1610s
 921239 682097 32190.5076   77  230 32149.0000 32191.5421  0.13%  95.1 1615s
 924707 684453 32189.5125   94  188 32149.0000 32191.5401  0.13%  95.1 1621s
 928463 687324 32190.6731   58  203 32149.0000 32191.5376  0.13%  95.1 1627s
 930293 688364 32184.6644   68  207 32149.0000 32191.5364  0.13%  95.1 1630s
 933772 691319 32190.4877   72  223 32149.0000 32191.5343  0.13%  95.1 1636s
 937615 694186 32189.7224   66  220 32149.0000 32191.5319  0.13%  95.0 1642s
 940905 696057 32184.7573   82  135 32149.0000 32191.5301  0.13%  95.0 1648s
 941618 699751 32184.3644   83  143 32149.0000 32191.5299  0.13%  95.0 1657s
 946725 700619 32189.5372   84  188 32149.0000 32191.5273  0.13%  95.0 1661s
 947853 702149 32188.8952   64  180 32149.0000 32191.5268  0.13%  95.0 1666s
 949903 703989     cutoff   92      32149.0000 32191.5253  0.13%  95.0 1670s
 954736 707457 32187.8863   79  181 32149.0000 32191.5235  0.13%  95.0 1677s
 956786 708589 32183.1947   84  164 32149.0000 32191.5225  0.13%  95.0 1680s
 960597 711719 32152.1864  121  122 32149.0000 32191.5211  0.13%  95.0 1686s
 964264 714063 32183.6813   89  129 32149.0000 32191.5191  0.13%  95.0 1692s
 965792 715323 32182.0223   78  132 32149.0000 32191.5183  0.13%  95.0 1695s
 969658 718141 32189.2110   76  182 32149.0000 32191.5172  0.13%  95.0 1701s
 973646 720818 32189.1924   71  210 32149.0000 32191.5150  0.13%  95.0 1707s
 975404 722410 32190.7032   51  224 32149.0000 32191.5141  0.13%  95.0 1710s
 979289 725401 32186.6892   87  184 32149.0000 32191.5127  0.13%  94.9 1716s
 983116 728399 32151.3779  118   97 32149.0000 32191.5110  0.13%  94.9 1722s
 985074 729853 32186.7488   93  187 32149.0000 32191.5098  0.13%  94.9 1725s
 988638 732117 32191.2564   44  213 32149.0000 32191.5085  0.13%  94.9 1730s
 991955 734759 32180.4658   99  144 32149.0000 32191.5070  0.13%  94.9 1736s
 993471 736063 32178.1596   81  179 32149.0000 32191.5063  0.13%  94.9 1740s
 997018 738809 32185.1005   75  180 32149.0000 32191.5041  0.13%  94.9 1746s
 1000783 741604 32154.9151  140  110 32149.0000 32191.5022  0.13%  94.9 1752s
 1002617 742871 32189.4251   76  209 32149.0000 32191.5009  0.13%  94.9 1755s
 1006217 745535 32185.2562   97  126 32149.0000 32191.4993  0.13%  94.9 1761s
 1009810 748330 32187.0368   78  187 32149.0000 32191.4975  0.13%  94.8 1766s
 1011674 749653 32153.1304  133   83 32149.0000 32191.4968  0.13%  94.8 1770s
 1015316 752767 32165.0441   98  133 32149.0000 32191.4945  0.13%  94.8 1776s
 1018987 755163 32185.4941   83  175 32149.0000 32191.4921  0.13%  94.8 1781s
 1020498 756460 32190.6231   90  216 32149.0000 32191.4915  0.13%  94.8 1785s
 1024172 759372 32190.6104   69  214 32149.0000 32191.4897  0.13%  94.8 1791s
 1027871 762237 32181.3898   97  156 32149.0000 32191.4878  0.13%  94.8 1798s
 1029702 763491 32191.0562   83  221 32149.0000 32191.4871  0.13%  94.8 1801s
 1033516 766243 32183.6759   57  161 32149.0000 32191.4853  0.13%  94.7 1807s
 1034967 767957 32190.1011   70  198 32149.0000 32191.4846  0.13%  94.8 1811s
 1039184 769762 32175.5422   89  132 32149.0000 32191.4830  0.13%  94.8 1815s
 1041682 772633 32168.0636  109  113 32149.0000 32191.4818  0.13%  94.7 1820s
 1045192 775429 32180.4280   90  129 32149.0000 32191.4803  0.13%  94.7 1826s
 1048501 777797 32183.6744   61  160 32149.0000 32191.4784  0.13%  94.7 1832s
 1050119 779315 32185.4563   86  175 32149.0000 32191.4780  0.13%  94.8 1836s
 1054341 782097 32172.2030   82  103 32149.0000 32191.4762  0.13%  94.7 1841s
 1057708 784845 32175.4084   82  136 32149.0000 32191.4744  0.13%  94.7 1847s
 1059437 785916 infeasible  114      32149.0000 32191.4737  0.13%  94.7 1850s
 1062865 788815     cutoff  127      32149.0000 32191.4721  0.13%  94.7 1855s
 1066481 791508 32163.2880   82  106 32149.0000 32191.4707  0.13%  94.7 1861s
 1069882 793889 32167.7886   73   99 32149.0000 32191.4689  0.13%  94.7 1867s
 1071483 795650     cutoff  112      32149.0000 32191.4681  0.13%  94.7 1871s
 1075767 798207 32190.1578   80  200 32149.0000 32191.4664  0.13%  94.7 1877s
 1077386 799296 32187.1966   63  164 32149.0000 32191.4656  0.13%  94.7 1880s
 1081024 802503 32172.5346   85  136 32149.0000 32191.4641  0.13%  94.7 1886s
 1084929 805361 32183.8433  105  157 32149.0000 32191.4622  0.13%  94.7 1892s
 1086686 806310 32187.9784   65  147 32149.0000 32191.4612  0.13%  94.7 1895s
 1089937 809065 32185.4110   98  181 32149.0000 32191.4600  0.13%  94.7 1902s
 1091728 810530 32186.6661   78  154 32149.0000 32191.4590  0.13%  94.7 1905s
 1095623 813075 32180.7257   90  110 32149.0000 32191.4571  0.13%  94.6 1911s
 1099325 815850     cutoff   95      32149.0000 32191.4557  0.13%  94.6 1916s
 1102942 818503 32179.0412   95  142 32149.0000 32191.4538  0.13%  94.6 1922s
 1104796 819959 32184.6348   69  192 32149.0000 32191.4528  0.13%  94.6 1925s
 1108464 822538 32163.6569   80  137 32149.0000 32191.4513  0.13%  94.6 1932s
 1110174 823962 32178.7523   93  116 32149.0000 32191.4507  0.13%  94.6 1935s
 1113975 826888     cutoff  113      32149.0000 32191.4491  0.13%  94.6 1941s
 1117686 829519 32187.5397   81  179 32149.0000 32191.4471  0.13%  94.6 1947s
 1119663 831004 32190.0800   62  200 32149.0000 32191.4460  0.13%  94.6 1951s
 1123470 833781 32163.5062  108  114 32149.0000 32191.4443  0.13%  94.5 1956s
 1125199 835350 32183.6511   90  133 32149.0000 32191.4436  0.13%  94.5 1960s
 1129019 837879 32189.4852   71  204 32149.0000 32191.4411  0.13%  94.5 1966s
 1132112 840490 32190.4471   80  201 32149.0000 32191.4398  0.13%  94.5 1972s
 1134081 842018 32186.3709   73  183 32149.0000 32191.4388  0.13%  94.5 1975s
 1137702 844651 32178.2448   79   91 32149.0000 32191.4377  0.13%  94.5 1981s
 1141163 847205 32154.5999  114   91 32149.0000 32191.4362  0.13%  94.5 1987s
 1142994 848313 32186.9150  103  174 32149.0000 32191.4355  0.13%  94.5 1990s
 1146697 851417 32176.6819  104  128 32149.0000 32191.4341  0.13%  94.5 1997s
 1148709 852814 32182.2887   93  171 32149.0000 32191.4331  0.13%  94.5 2000s
 1152377 855415 32182.9913   82  132 32149.0000 32191.4313  0.13%  94.5 2006s
 1156191 858162 32188.7551   68  186 32149.0000 32191.4293  0.13%  94.5 2012s
 1157991 859617 32189.6029   87  202 32149.0000 32191.4280  0.13%  94.5 2015s
 1161782 862414 32176.8241   75  139 32149.0000 32191.4263  0.13%  94.5 2021s
 1165415 864277 32190.8721   70  218 32149.0000 32191.4241  0.13%  94.5 2028s
H1165721 862261                    32150.000000 32191.4241  0.13%  94.5 2028s
 1166180 862283 32190.7885   71  207 32150.0000 32191.4241  0.13%  94.5 2037s
 1166209 863514 32190.6072   72  201 32150.0000 32191.4236  0.13%  94.5 2041s
 1168003 864963     cutoff   96      32150.0000 32191.4224  0.13%  94.5 2045s
 1172126 867921 32174.6917   96  123 32150.0000 32191.4211  0.13%  94.5 2052s
 1174312 869491 32190.3469   60  205 32150.0000 32191.4198  0.13%  94.5 2055s
 1178150 872273 32190.1637   52  213 32150.0000 32191.4183  0.13%  94.5 2061s
 1180201 873782 32181.8847  100  158 32150.0000 32191.4169  0.13%  94.5 2065s
 1183938 876448 32185.7785   85  173 32150.0000 32191.4152  0.13%  94.5 2071s
 1187399 879050 32167.7647   93  158 32150.0000 32191.4137  0.13%  94.5 2077s
 1191205 881783 32185.9248  100  141 32150.0000 32191.4118  0.13%  94.5 2082s
 1193034 883204 32190.2003   76  229 32150.0000 32191.4112  0.13%  94.5 2085s
 1196755 885733 32189.7967   64  216 32150.0000 32191.4098  0.13%  94.5 2091s
 1198238 887029 32173.1353   92  120 32150.0000 32191.4092  0.13%  94.5 2095s
 1202156 890203 32188.3875   73  183 32150.0000 32191.4074  0.13%  94.5 2101s
 1205943 893035 32178.5010   98  135 32150.0000 32191.4057  0.13%  94.4 2107s
 1207731 894482 32186.4511   62  173 32150.0000 32191.4049  0.13%  94.4 2110s
 1211453 897245 32188.0254   78  195 32150.0000 32191.4029  0.13%  94.4 2115s
 1214933 899815 32189.9912   72  179 32150.0000 32191.4015  0.13%  94.4 2121s
 1218407 902480     cutoff   75      32150.0000 32191.4000  0.13%  94.4 2127s
 1220296 903959 32188.9296   83  182 32150.0000 32191.3992  0.13%  94.4 2130s
 1223910 906624 32186.7590   82  164 32150.0000 32191.3975  0.13%  94.4 2136s
 1227366 909195 32174.5028   73  114 32150.0000 32191.3961  0.13%  94.4 2143s
 1229309 910576 32185.0605   83  161 32150.0000 32191.3954  0.13%  94.4 2146s
 1233101 913531 32176.0389  102  130 32150.0000 32191.3940  0.13%  94.4 2152s
 1235128 914854 32180.6995  100  127 32150.0000 32191.3930  0.13%  94.4 2155s
 1238912 917961 32190.1619   63  198 32150.0000 32191.3918  0.13%  94.4 2162s
 1242435 919799 32191.2731   59  240 32150.0000 32191.3899  0.13%  94.4 2167s
H1242894 908351                    32153.000000 32191.3897  0.12%  94.4 2167s
 1243636 909707 32189.4325   70  206 32153.0000 32191.3896  0.12%  94.4 2171s
 1247636 912780 32186.4451   75  176 32153.0000 32191.3873  0.12%  94.4 2177s
 1249733 914235 32183.3057   83  175 32153.0000 32191.3862  0.12%  94.4 2181s
 1253614 917079 32190.2286   78  187 32153.0000 32191.3844  0.12%  94.4 2187s
 1257060 919501 32184.3232   90  156 32153.0000 32191.3834  0.12%  94.4 2193s
 1258763 920737 32169.8148  111  121 32153.0000 32191.3829  0.12%  94.4 2196s
 1260545 922011 32190.5650   59  212 32153.0000 32191.3819  0.12%  94.4 2200s
H1261979 891405                    32157.000000 32191.3815  0.11%  94.4 2200s
 1263919 894019 32178.6030  122  125 32157.0000 32191.3803  0.11%  94.4 2207s
 1266018 895439 32190.0920   66  234 32157.0000 32191.3794  0.11%  94.4 2210s
 1269908 897901 32188.8847   79  187 32157.0000 32191.3777  0.11%  94.4 2217s
 1271597 899002 32188.7067   60  192 32157.0000 32191.3768  0.11%  94.4 2220s
 1275222 901135 32186.3548   56  189 32157.0000 32191.3752  0.11%  94.5 2226s
 1278369 902621 32188.6095   92  161 32157.0000 32191.3742  0.11%  94.5 2230s
 1280720 905354 32186.3252   77  148 32157.0000 32191.3724  0.11%  94.5 2236s
 1282811 906457 32180.1534   73  139 32157.0000 32191.3717  0.11%  94.5 2240s
 1285975 909057 32189.5676   77  212 32157.0000 32191.3700  0.11%  94.5 2247s
 1287671 910636 32188.5951   59  196 32157.0000 32191.3694  0.11%  94.6 2250s
 1291593 913222 32187.4955   68  196 32157.0000 32191.3676  0.11%  94.5 2256s
 1293261 914639 32181.6932   68  151 32157.0000 32191.3669  0.11%  94.6 2260s
 1297063 916957 32187.9681   62  194 32157.0000 32191.3655  0.11%  94.6 2265s
 1300385 919634 32178.2588   68  127 32157.0000 32191.3642  0.11%  94.6 2271s
 1302198 921052 32163.3678  131   96 32157.0000 32191.3636  0.11%  94.6 2275s
 1305979 923809 32187.3387   95  182 32157.0000 32191.3614  0.11%  94.6 2281s
 1309624 926491 32190.3566   47  237 32157.0000 32191.3598  0.11%  94.6 2287s
 1311532 927533 32166.1418   84  117 32157.0000 32191.3589  0.11%  94.5 2290s
 1314761 930119 32160.5529   93   99 32157.0000 32191.3573  0.11%  94.6 2296s
 1318734 933068 32182.8250   86  165 32157.0000 32191.3552  0.11%  94.6 2302s
 1320659 934335 32165.2521  110  103 32157.0000 32191.3544  0.11%  94.6 2305s
 1324170 936854 32190.3492   80  199 32157.0000 32191.3528  0.11%  94.6 2311s
 1325765 937261 32189.0100   67  217 32157.0000 32191.3526  0.11%  94.6 2316s
 1326295 939337 32188.9084   68  219 32157.0000 32191.3526  0.11%  94.6 2327s
 1329293 942067 32187.6298   74  205 32157.0000 32191.3515  0.11%  94.6 2335s
 1333087 943961 32160.0834   68   95 32157.0000 32191.3493  0.11%  94.6 2340s
 1338466 947702 32190.3677   56  203 32157.0000 32191.3462  0.11%  94.6 2349s
 1340680 949311 32187.3746   96  180 32157.0000 32191.3453  0.11%  94.7 2353s
 1342988 951012     cutoff  112      32157.0000 32191.3442  0.11%  94.7 2357s
 1345303 952404 32190.5192   54  222 32157.0000 32191.3432  0.11%  94.7 2360s
 1349001 954761 32189.6286   73  190 32157.0000 32191.3418  0.11%  94.7 2366s
 1352516 957603 32161.8536   97   79 32157.0000 32191.3403  0.11%  94.7 2372s
 1354435 958830 32178.5582   97  139 32157.0000 32191.3395  0.11%  94.7 2375s
 1357913 961286 32158.9147   82  159 32157.0000 32191.3378  0.11%  94.7 2382s
 1359583 962492 32189.3723   88  222 32157.0000 32191.3371  0.11%  94.7 2385s
 1363307 965309 32181.2889   82  145 32157.0000 32191.3357  0.11%  94.7 2391s
 1366986 967885 32183.7589   84  175 32157.0000 32191.3342  0.11%  94.7 2397s
 1368540 969243 32174.2207   98   84 32157.0000 32191.3336  0.11%  94.7 2400s
 1372346 971944 32186.7759   60  188 32157.0000 32191.3320  0.11%  94.7 2407s
 1374110 973396 32187.9775   63  180 32157.0000 32191.3311  0.11%  94.7 2410s
 1377829 975935 32164.8723   71  116 32157.0000 32191.3298  0.11%  94.7 2417s
 1379625 977196 32188.4728   82  188 32157.0000 32191.3290  0.11%  94.7 2420s
 1383080 979926 32190.2956   48  202 32157.0000 32191.3272  0.11%  94.7 2426s
 1385046 981269 32159.7265  126  100 32157.0000 32191.3262  0.11%  94.7 2430s
 1388776 983835 32165.4741   97   87 32157.0000 32191.3249  0.11%  94.7 2436s
 1391866 986058     cutoff   97      32157.0000 32191.3230  0.11%  94.8 2443s
 1393823 987416 32187.0955   71  193 32157.0000 32191.3220  0.11%  94.8 2446s
 1397619 990268 32190.9724   59  210 32157.0000 32191.3203  0.11%  94.8 2452s
 1399492 991741 32163.7491  142  148 32157.0000 32191.3196  0.11%  94.8 2455s
 1403148 994154 32171.2355  111  129 32157.0000 32191.3179  0.11%  94.8 2461s
 1406635 996727 32181.0397   99  152 32157.0000 32191.3165  0.11%  94.8 2467s
 1408360 998017 32182.9426   86  135 32157.0000 32191.3156  0.11%  94.8 2470s
 1411816 1000117 32175.5319   71  203 32157.0000 32191.3144  0.11%  94.8 2476s
 1415329 1002953 32190.2393   70  214 32157.0000 32191.3127  0.11%  94.8 2483s
 1417198 1004308 32182.9754   76  166 32157.0000 32191.3119  0.11%  94.8 2486s
 1420784 1007131 32185.3619   68  159 32157.0000 32191.3106  0.11%  94.8 2492s
 1422841 1008464 32189.6248   65  179 32157.0000 32191.3098  0.11%  94.8 2495s
 1426450 1011024 32187.2413   74  183 32157.0000 32191.3084  0.11%  94.8 2501s
 1429946 1013309 32190.2464   67  220 32157.0000 32191.3068  0.11%  94.8 2507s
 1431496 1014557 32180.1303   97  103 32157.0000 32191.3063  0.11%  94.8 2510s
 1435130 1017372 32162.7763   80   92 32157.0000 32191.3048  0.11%  94.8 2516s
 1438426 1019462 32161.9590   66  113 32157.0000 32191.3035  0.11%  94.8 2523s
 1440194 1020524     cutoff   68      32157.0000 32191.3027  0.11%  94.8 2526s
 1443926 1023404 32190.1212   77  183 32157.0000 32191.3015  0.11%  94.8 2532s
 1445782 1024122 32190.4531   66  215 32157.0000 32191.3007  0.11%  94.8 2535s
 1448742 1026546 32170.1290  141  114 32157.0000 32191.2998  0.11%  94.9 2542s
 1450396 1028069 32186.0313   86  164 32157.0000 32191.2991  0.11%  94.9 2545s
 1454089 1030414 32187.6057   65  182 32157.0000 32191.2976  0.11%  94.9 2552s
 1455951 1031581 32188.7090   64  196 32157.0000 32191.2967  0.11%  94.9 2555s
 1459270 1033919 32172.2978   80  128 32157.0000 32191.2954  0.11%  95.0 2561s
 1460918 1035401 32188.5115   88  182 32157.0000 32191.2949  0.11%  95.0 2565s
 1464379 1037904 32176.6960   93  129 32157.0000 32191.2932  0.11%  95.0 2572s
 1466467 1039032 32185.2697   82  167 32157.0000 32191.2924  0.11%  95.0 2575s
 1470239 1041619 32164.8330   97   95 32157.0000 32191.2905  0.11%  95.0 2582s
 1471997 1042789 32189.7070   62  211 32157.0000 32191.2899  0.11%  95.0 2585s
 1475675 1045414 32188.6745   76  205 32157.0000 32191.2885  0.11%  95.0 2591s
 1477353 1046670 32184.0132   92  159 32157.0000 32191.2877  0.11%  95.0 2595s
 1481080 1049555 32180.8410  104  140 32157.0000 32191.2860  0.11%  95.1 2601s
 1484651 1052192 32168.2845  108  132 32157.0000 32191.2847  0.11%  95.1 2607s
 1486612 1053483 32190.1530   72  189 32157.0000 32191.2841  0.11%  95.1 2611s
 1490212 1055825 32181.9274   89  128 32157.0000 32191.2829  0.11%  95.1 2617s
 1491882 1057316 32185.8904  127  156 32157.0000 32191.2822  0.11%  95.1 2620s
 1495668 1059571 32190.7366   84  210 32157.0000 32191.2805  0.11%  95.1 2627s
 1497427 1060809 32188.9657   67  178 32157.0000 32191.2797  0.11%  95.1 2630s
 1501102 1063487 32189.3569   58  194 32157.0000 32191.2785  0.11%  95.1 2636s
 1502897 1064777 32189.4551   76  212 32157.0000 32191.2776  0.11%  95.1 2640s
 1506739 1067569 32184.0963   95  171 32157.0000 32191.2762  0.11%  95.1 2646s
 1510555 1070261 32188.9551   57  214 32157.0000 32191.2747  0.11%  95.1 2652s
 1512347 1071185 32181.2802   84  140 32157.0000 32191.2738  0.11%  95.1 2656s
 1515595 1073732 32190.1190   73  194 32157.0000 32191.2728  0.11%  95.2 2662s
 1517410 1075057 32169.7298   87  115 32157.0000 32191.2723  0.11%  95.2 2665s
 1519678 1076554 32189.6341   56  218 32157.0000 32191.2717  0.11%  95.2 2673s
 1521379 1077985 32175.5322  140  130 32157.0000 32191.2709  0.11%  95.2 2676s
 1523291 1079400 32182.1225   85  161 32157.0000 32191.2702  0.11%  95.2 2680s
 1526970 1081886 32188.3610   73  203 32157.0000 32191.2685  0.11%  95.2 2686s
 1528830 1082704     cutoff  111      32157.0000 32191.2677  0.11%  95.2 2690s
 1531530 1084769 32186.8876   65  179 32157.0000 32191.2667  0.11%  95.3 2698s
 1532960 1085191 32163.5813  129   96 32157.0000 32191.2663  0.11%  95.3 2705s
 1533620 1085201 32179.1804   92  162 32157.0000 32191.2663  0.11%  95.3 2714s
 1533634 1086821 32177.5035   93  171 32157.0000 32191.2660  0.11%  95.3 2719s
 1535975 1088532 32163.2666   79  154 32157.0000 32191.2646  0.11%  95.3 2723s
 1538372 1089964 32183.6199   89  154 32157.0000 32191.2642  0.11%  95.3 2728s
 1540479 1091665 32186.6898   93  160 32157.0000 32191.2629  0.11%  95.3 2732s
 1542795 1093249 32181.7363   83  103 32157.0000 32191.2621  0.11%  95.3 2736s
 1546891 1095731     cutoff   63      32157.0000 32191.2607  0.11%  95.3 2742s
 1548584 1097112 32190.2683   91  207 32157.0000 32191.2598  0.11%  95.3 2746s
 1552329 1099771 32187.5479   73  208 32157.0000 32191.2582  0.11%  95.4 2752s
 1554304 1101035 32164.4462   92  130 32157.0000 32191.2576  0.11%  95.4 2755s
 1558013 1103612     cutoff   79      32157.0000 32191.2562  0.11%  95.4 2761s
 1561574 1105972 32187.2099   82  182 32157.0000 32191.2548  0.11%  95.4 2768s
 1563195 1106998 32173.3143   90  141 32157.0000 32191.2542  0.11%  95.4 2771s
 1566636 1109673 32186.0058   74  182 32157.0000 32191.2530  0.11%  95.4 2778s
 1568659 1111250 32187.1231   49  176 32157.0000 32191.2520  0.11%  95.4 2782s
 1570695 1112810 32184.9884   83  161 32157.0000 32191.2514  0.11%  95.4 2785s
 1574418 1115113 32186.1718   85  181 32157.0000 32191.2501  0.11%  95.4 2792s
 1576091 1116544 32188.4110   77  198 32157.0000 32191.2494  0.11%  95.4 2795s
 1580050 1119284 32179.3133  110  113 32157.0000 32191.2477  0.11%  95.4 2802s
 1581927 1120489 32187.6814   82  174 32157.0000 32191.2472  0.11%  95.4 2805s
 1585600 1123174 32188.0937   97  172 32157.0000 32191.2455  0.11%  95.4 2812s
 1587392 1124268 32189.7247   84  192 32157.0000 32191.2449  0.11%  95.4 2815s
 1591036 1127024 32168.8233   85   76 32157.0000 32191.2434  0.11%  95.4 2822s
 1592975 1128231 32173.3827   71  119 32157.0000 32191.2427  0.11%  95.4 2825s
 1594759 1129547 32189.3162   70  183 32157.0000 32191.2419  0.11%  95.5 2830s
 1598204 1131747 32182.3036   85  152 32157.0000 32191.2407  0.11%  95.5 2837s
 1599952 1132761 32187.9493   55  154 32157.0000 32191.2398  0.11%  95.5 2840s
 1603524 1135171 32186.8938   79  186 32157.0000 32191.2384  0.11%  95.5 2847s
 1605157 1136482 32183.2557   62  140 32157.0000 32191.2377  0.11%  95.5 2850s
 1608980 1138994 32170.6678   82  124 32157.0000 32191.2363  0.11%  95.5 2857s
 1610568 1140204 32189.5149   77  204 32157.0000 32191.2357  0.11%  95.6 2860s
 1614263 1143139 32189.6155   72  204 32157.0000 32191.2343  0.11%  95.6 2867s
 1616441 1144504 32179.2781  112  132 32157.0000 32191.2338  0.11%  95.6 2870s
 1619987 1147168 32186.6773   69  173 32157.0000 32191.2326  0.11%  95.6 2878s
 1622299 1148425     cutoff   83      32157.0000 32191.2319  0.11%  95.6 2881s
 1626029 1151102 32189.2636   65  189 32157.0000 32191.2308  0.11%  95.6 2888s
 1627926 1152475 32182.3181  102  145 32157.0000 32191.2300  0.11%  95.6 2891s
 1631958 1155138 32183.0200   82  143 32157.0000 32191.2287  0.11%  95.6 2897s
 1633534 1156369 32170.7733   89  112 32157.0000 32191.2282  0.11%  95.6 2901s
 1635271 1157546 32184.5085   88  174 32157.0000 32191.2278  0.11%  95.6 2905s
 1638861 1159955 32190.9533   57  217 32157.0000 32191.2264  0.11%  95.6 2911s
 1642443 1162775 32188.8361   76  194 32157.0000 32191.2252  0.11%  95.6 2917s
 1644457 1164043 32189.0708   60  220 32157.0000 32191.2243  0.11%  95.6 2921s
 1647870 1166480 32182.8127   80  146 32157.0000 32191.2229  0.11%  95.6 2927s
 1649605 1167700 32189.7040   76  211 32157.0000 32191.2223  0.11%  95.6 2930s
 1652889 1170315 32182.0773   63  123 32157.0000 32191.2212  0.11%  95.6 2938s
 1654866 1171797 32189.6193   84  212 32157.0000 32191.2204  0.11%  95.6 2941s
 1658568 1174098 32175.8883   86  131 32157.0000 32191.2193  0.11%  95.6 2947s
 1660173 1175387 32190.6623   64  212 32157.0000 32191.2184  0.11%  95.6 2950s
 1663651 1177970 32166.0000   99   67 32157.0000 32191.2171  0.11%  95.6 2957s
 1665515 1179400 32181.5226   82  150 32157.0000 32191.2162  0.11%  95.6 2960s
 1668986 1181951 32161.4349   80  151 32157.0000 32191.2153  0.11%  95.6 2968s
 1670782 1183313 32187.2018   93  184 32157.0000 32191.2144  0.11%  95.6 2972s
 1672625 1184668 32189.4213   64  190 32157.0000 32191.2139  0.11%  95.6 2975s
 1675920 1186807 32186.1824   76  137 32157.0000 32191.2127  0.11%  95.7 2981s
 1677732 1188059     cutoff   96      32157.0000 32191.2118  0.11%  95.7 2985s
 1681150 1190614 32160.3325  103  105 32157.0000 32191.2105  0.11%  95.7 2992s
 1683212 1192126 32177.6660   89  139 32157.0000 32191.2096  0.11%  95.7 2996s
 1687117 1194790 32184.1164   79  141 32157.0000 32191.2082  0.11%  95.7 3003s
 1689038 1196164     cutoff   78      32157.0000 32191.2075  0.11%  95.7 3007s
 1691037 1197420 32178.4497   90  118 32157.0000 32191.2066  0.11%  95.7 3010s
 1694528 1200178 32189.3773   71  199 32157.0000 32191.2052  0.11%  95.7 3017s
 1696684 1201515 32188.4215   53  186 32157.0000 32191.2043  0.11%  95.7 3020s
 1700418 1203968     cutoff   51      32157.0000 32191.2030  0.11%  95.7 3026s
 1702182 1205317 32188.8490   65  208 32157.0000 32191.2024  0.11%  95.7 3030s
 1705811 1208000 32186.0157  106  168 32157.0000 32191.2010  0.11%  95.7 3036s
 1709489 1210611 32189.8274   81  197 32157.0000 32191.1997  0.11%  95.7 3042s
 1711414 1211847 32162.7367   72  148 32157.0000 32191.1990  0.11%  95.7 3045s
 1714890 1214216 32189.5271   74  213 32157.0000 32191.1978  0.11%  95.7 3052s
 1716402 1215597 32188.7564   68  188 32157.0000 32191.1971  0.11%  95.7 3056s
 1720264 1218109 32183.5851   76  149 32157.0000 32191.1957  0.11%  95.7 3063s
 1721879 1219366 32174.0841   84  108 32157.0000 32191.1951  0.11%  95.7 3067s
 1723643 1220734 32179.6035   66  161 32157.0000 32191.1945  0.11%  95.7 3070s
 1727366 1223208 32162.6933   88  146 32157.0000 32191.1929  0.11%  95.8 3077s
 1729273 1224187 32176.4834   67  134 32157.0000 32191.1922  0.11%  95.7 3080s
 1732300 1226596 32189.2462   73  208 32157.0000 32191.1910  0.11%  95.8 3086s
 1734239 1228109 32158.8172   91   88 32157.0000 32191.1905  0.11%  95.8 3090s
 1737942 1230526 32181.6653   94  161 32157.0000 32191.1891  0.11%  95.8 3097s
 1739854 1231805 32174.5335   68  167 32157.0000 32191.1883  0.11%  95.8 3100s
 1743634 1234202 32186.4475   66  155 32157.0000 32191.1873  0.11%  95.8 3107s
 1745417 1235538     cutoff   96      32157.0000 32191.1866  0.11%  95.8 3111s
 1748966 1238142 32190.0860   68  209 32157.0000 32191.1851  0.11%  95.8 3118s
 1750746 1239504 32163.3659   93  138 32157.0000 32191.1844  0.11%  95.8 3121s
 1754330 1241681 32190.3188   81  182 32157.0000 32191.1831  0.11%  95.8 3127s
 1755855 1242166 32189.2953   86  179 32157.0000 32191.1829  0.11%  95.8 3133s
 1756538 1243659 32164.8850  103  115 32157.0000 32191.1827  0.11%  95.8 3137s
 1758541 1245140 32174.9867   79  111 32157.0000 32191.1817  0.11%  95.8 3141s
 1760502 1246373 32189.1669   76  205 32157.0000 32191.1808  0.11%  95.8 3145s
 1764046 1248659 32189.6532   76  223 32157.0000 32191.1797  0.11%  95.9 3152s
 1765570 1250217 32177.9317   83  106 32157.0000 32191.1792  0.11%  95.9 3156s
 1769882 1252761 32189.4195   65  218 32157.0000 32191.1781  0.11%  95.9 3163s
 1771604 1254067 32166.0000  102   84 32157.0000 32191.1774  0.11%  95.9 3166s
 1775346 1256888     cutoff  108      32157.0000 32191.1761  0.11%  95.9 3172s
 1777392 1258060     cutoff   79      32157.0000 32191.1755  0.11%  95.9 3176s
 1780720 1260351 32186.9277   78  188 32157.0000 32191.1742  0.11%  95.9 3182s
 1782375 1261739 32187.0289   67  207 32157.0000 32191.1738  0.11%  95.9 3185s
H1783005 1250960                    32158.000000 32191.1736  0.10%  95.9 3185s
 1785659 1252960 32181.5327   77  135 32158.0000 32191.1728  0.10%  95.9 3193s
 1787279 1254442 32188.2218   77  187 32158.0000 32191.1724  0.10%  96.0 3196s
 1789350 1255794 32189.3259   85  208 32158.0000 32191.1717  0.10%  96.0 3200s
 1793011 1258453 32189.7096   78  190 32158.0000 32191.1704  0.10%  96.0 3207s
 1794989 1259835     cutoff  100      32158.0000 32191.1699  0.10%  96.0 3210s
 1798786 1262311 32189.1486   66  227 32158.0000 32191.1684  0.10%  96.0 3219s
 1800356 1263603     cutoff  102      32158.0000 32191.1680  0.10%  96.0 3222s
 1802128 1265068 32189.7104   61  216 32158.0000 32191.1675  0.10%  96.0 3225s
 1806019 1267634 32188.0755   82  216 32158.0000 32191.1664  0.10%  96.0 3232s
 1807762 1269003 32168.1243   77   93 32158.0000 32191.1658  0.10%  96.0 3235s
 1811525 1271509 32185.3816   93  155 32158.0000 32191.1648  0.10%  96.0 3241s
 1814771 1273687 32181.1510  102  177 32158.0000 32191.1636  0.10%  96.0 3248s
 1816209 1274759 32189.8444   78  226 32158.0000 32191.1631  0.10%  96.0 3251s
 1819717 1277388 32188.2502   68  182 32158.0000 32191.1621  0.10%  96.0 3258s
 1821676 1278683 32183.9989   81  163 32158.0000 32191.1615  0.10%  96.0 3261s
 1824842 1280773     cutoff   89      32158.0000 32191.1602  0.10%  96.0 3268s
 1826585 1281917 32182.2353   64  179 32158.0000 32191.1597  0.10%  96.0 3271s
 1830051 1284486 32187.1429   58  182 32158.0000 32191.1581  0.10%  96.0 3278s
 1831988 1285626 32178.1506   89  134 32158.0000 32191.1574  0.10%  96.0 3281s
 1833716 1286733 32187.3731   58  156 32158.0000 32191.1567  0.10%  96.1 3285s
 1837200 1288966 32189.9171   66  195 32158.0000 32191.1554  0.10%  96.1 3291s
 1840680 1290654 32181.6457   83  130 32158.0000 32191.1544  0.10%  96.1 3298s
H1841238 1278327                    32159.000000 32191.1544  0.10%  96.1 3298s
 1841434 1279734 32186.1490   80  161 32159.0000 32191.1543  0.10%  96.1 3303s
 1843651 1280981 32185.4907   93  169 32159.0000 32191.1532  0.10%  96.1 3308s
 1845637 1282522 32170.7107   84  121 32159.0000 32191.1524  0.10%  96.1 3312s
 1847904 1283993 32171.3640   58  163 32159.0000 32191.1516  0.10%  96.1 3316s
 1852108 1286575 32188.1258   85  191 32159.0000 32191.1504  0.10%  96.1 3323s
 1853904 1287902 32168.9729   89  109 32159.0000 32191.1498  0.10%  96.1 3326s
 1855917 1289081 32187.8811   67  181 32159.0000 32191.1493  0.10%  96.1 3331s
 1859510 1291624 32181.8736   90  174 32159.0000 32191.1482  0.10%  96.1 3337s
 1861196 1292648 32190.5670   69  222 32159.0000 32191.1475  0.10%  96.1 3341s
 1864309 1295073 32187.2235   81  187 32159.0000 32191.1464  0.10%  96.1 3348s
 1866250 1296346 32188.3898   71  204 32159.0000 32191.1455  0.10%  96.2 3351s
 1870006 1299054 32173.6215   95  113 32159.0000 32191.1446  0.10%  96.2 3358s
 1871798 1300295 32190.3117   82  201 32159.0000 32191.1439  0.10%  96.2 3361s
 1875421 1302641 32188.6007   83  188 32159.0000 32191.1425  0.10%  96.2 3368s
 1877155 1303820 32183.0188   45  202 32159.0000 32191.1419  0.10%  96.2 3371s
 1880816 1306558 32171.1541   99  121 32159.0000 32191.1408  0.10%  96.2 3378s
 1882793 1307908 32188.8702   94  216 32159.0000 32191.1402  0.10%  96.2 3381s
 1886491 1310108 32184.8567   68  171 32159.0000 32191.1386  0.10%  96.2 3387s
 1888118 1311123 32190.0518   68  241 32159.0000 32191.1382  0.10%  96.2 3390s
 1891431 1313659 32188.1570   54  202 32159.0000 32191.1369  0.10%  96.3 3397s
 1893251 1314855     cutoff  109      32159.0000 32191.1363  0.10%  96.3 3401s
 1894949 1316154 32189.3991   68  199 32159.0000 32191.1355  0.10%  96.3 3405s
 1898765 1318584 32180.1490  100  147 32159.0000 32191.1343  0.10%  96.3 3411s
 1900463 1319799     cutoff  103      32159.0000 32191.1336  0.10%  96.3 3415s
 1903975 1322233 32184.5473   63  168 32159.0000 32191.1324  0.10%  96.3 3422s
 1905834 1323573 32188.3881   56  181 32159.0000 32191.1316  0.10%  96.3 3425s
 1909209 1325841     cutoff   74      32159.0000 32191.1305  0.10%  96.3 3432s
 1911174 1327129 32178.0567   82  160 32159.0000 32191.1297  0.10%  96.3 3435s
 1914717 1329135     cutoff  105      32159.0000 32191.1285  0.10%  96.3 3442s
 1916220 1330526 32189.0903   81  210 32159.0000 32191.1281  0.10%  96.4 3445s
 1919877 1333011 32181.4136  102  137 32159.0000 32191.1267  0.10%  96.4 3452s
 1921663 1334487 32167.9568  126  111 32159.0000 32191.1258  0.10%  96.4 3455s
 1925303 1336862 32188.1796   80  203 32159.0000 32191.1248  0.10%  96.4 3463s
 1927107 1338182 32182.7176   66  168 32159.0000 32191.1243  0.10%  96.4 3467s
 1928977 1339519 32187.6917   69  166 32159.0000 32191.1239  0.10%  96.4 3470s
 1932426 1342061 32173.5210   95  143 32159.0000 32191.1229  0.10%  96.4 3476s
 1934403 1343227 32181.8801   93  153 32159.0000 32191.1219  0.10%  96.4 3480s
 1937845 1345661 32186.1394   92  183 32159.0000 32191.1209  0.10%  96.4 3486s
 1939599 1346946 32170.6080   91   97 32159.0000 32191.1203  0.10%  96.4 3490s
 1943126 1349418 32188.5550   69  208 32159.0000 32191.1188  0.10%  96.4 3498s
 1944962 1350645 32168.0436   89  165 32159.0000 32191.1184  0.10%  96.4 3501s
 1948671 1353225 32164.3614   89  102 32159.0000 32191.1172  0.10%  96.5 3508s
 1950430 1354463 32185.9133   93  160 32159.0000 32191.1164  0.10%  96.5 3511s
 1954011 1356859 32178.1559   79  134 32159.0000 32191.1152  0.10%  96.5 3518s
 1955879 1357754 32180.6084   81  149 32159.0000 32191.1146  0.10%  96.5 3521s
 1957278 1359385 32189.3426   67  162 32159.0000 32191.1142  0.10%  96.5 3525s
 1961142 1361513 32169.1184  101   86 32159.0000 32191.1131  0.10%  96.5 3531s
 1962719 1362781 32165.5802   77  118 32159.0000 32191.1125  0.10%  96.5 3535s
 1966316 1365322 32178.7894   96  154 32159.0000 32191.1115  0.10%  96.5 3542s
 1968100 1366565 32185.0651   81  183 32159.0000 32191.1109  0.10%  96.5 3545s
 1971610 1368372 infeasible   90      32159.0000 32191.1099  0.10%  96.5 3552s
 1972521 1369401     cutoff   90      32159.0000 32191.1099  0.10%  96.5 3556s
 1974206 1370911 32186.0552   85  168 32159.0000 32191.1089  0.10%  96.6 3560s
 1976342 1372209 32189.4642   77  196 32159.0000 32191.1083  0.10%  96.6 3565s
 1980312 1374911 32186.9034   78  149 32159.0000 32191.1069  0.10%  96.6 3572s
 1982392 1376182 32187.4557   63  204 32159.0000 32191.1063  0.10%  96.6 3575s
 1986140 1378461 32187.5592   65  176 32159.0000 32191.1049  0.10%  96.6 3581s
 1987738 1379354 32189.6439   79  204 32159.0000 32191.1045  0.10%  96.6 3585s
 1991100 1382252 32178.6437   98  153 32159.0000 32191.1034  0.10%  96.6 3591s
 1993283 1383214     cutoff  126      32159.0000 32191.1025  0.10%  96.6 3596s
 1994751 1384375 32187.6458   89  211 32159.0000 32191.1022  0.10%  96.6 3600s

Cutting planes:
  Gomory: 42
  Cover: 448
  Clique: 14
  MIR: 205
  StrongCG: 164
  Flow cover: 27
  Zero half: 1
  RLT: 5

Explored 1996432 nodes (192945865 simplex iterations) in 3600.03 seconds
Thread count was 12 (of 12 available processors)

Solution count 10: 32159 32158 32157 ... 32115

Time limit reached
Best objective 3.215900000000e+04, best bound 3.219100000000e+04, gap 0.0995%
