
Gurobi 9.1.2 (win64, Java) logging started Sun Nov  7 01:55:42 2021

Academic license - for non-commercial use only - expires 2022-10-30
Gurobi Optimizer version 9.1.2 build v9.1.2rc0 (win64)
Thread count: 6 physical cores, 12 logical processors, using up to 12 threads
Optimize a model with 80 rows, 1200 columns and 2400 nonzeros
Model fingerprint: 0x1e3619a9
Variable types: 0 continuous, 1200 integer (1200 binary)
Coefficient statistics:
  Matrix range     [1e+00, 1e+03]
  Objective range  [4e+02, 1e+03]
  Bounds range     [1e+00, 1e+00]
  RHS range        [1e+00, 1e+03]
Found heuristic solution: objective 25327.000000
Presolve removed 0 rows and 409 columns
Presolve time: 0.01s
Presolved: 80 rows, 791 columns, 1582 nonzeros
Variable types: 0 continuous, 791 integer (791 binary)
Presolved: 80 rows, 791 columns, 1582 nonzeros


Root relaxation: objective 3.109451e+04, 256 iterations, 0.00 seconds

    Nodes    |    Current Node    |     Objective Bounds      |     Work
 Expl Unexpl |  Obj  Depth IntInf | Incumbent    BestBd   Gap | It/Node Time

     0     0 31094.5145    0   23 25327.0000 31094.5145  22.8%     -    0s
H    0     0                    29088.000000 31094.5145  6.90%     -    0s
H    0     0                    29372.000000 31094.5145  5.86%     -    0s
H    0     0                    29436.000000 31094.5145  5.63%     -    0s
H    0     0                    29783.000000 31094.5145  4.40%     -    0s
     0     0 31094.5145    0   68 29783.0000 31094.5145  4.40%     -    0s
     0     0 31094.5145    0   31 29783.0000 31094.5145  4.40%     -    0s
H    0     2                    30088.000000 31094.5145  3.35%     -    0s
     0     2 31094.5145    0   25 30088.0000 31094.5145  3.35%     -    0s
H   31    44                    30246.000000 31094.5145  2.81%  61.5    0s
H   85   148                    30307.000000 31094.5145  2.60%  33.0    0s
H  146   148                    30345.000000 31094.5145  2.47%  25.8    0s
H  167   191                    30390.000000 31094.5145  2.32%  25.3    1s
H  189   191                    30422.000000 31094.5145  2.21%  24.5    1s
H 1318  1066                    30424.000000 30987.0000  1.85%  21.1    3s
H 1349  1044                    30801.000000 30987.0000  0.60%  25.6    4s
  1478  1171 30987.0000   28   58 30801.0000 30987.0000  0.60%  27.5    5s
H 1487  1117                    30813.000000 30987.0000  0.56%  27.6    5s
  9267  7159 30983.3972   70   90 30813.0000 30987.0000  0.56%  41.9   10s
 14224 11551 30987.0000   67   95 30813.0000 30987.0000  0.56%  47.9   15s
H14980 11020                    30847.000000 30987.0000  0.45%  48.1   18s
H14981 10566                    30868.000000 30987.0000  0.39%  48.1   18s
 15491 11542 30909.8818   78   72 30868.0000 30987.0000  0.39%  49.2   20s
 23284 18054 30987.0000   43  100 30868.0000 30987.0000  0.39%  54.9   25s
 28226 22246 30880.4340   71   45 30868.0000 30987.0000  0.39%  59.0   30s
 37827 28239 30984.6028  108   31 30868.0000 30987.0000  0.39%  61.6   35s
 37930 28321 30987.0000   35   85 30868.0000 30987.0000  0.39%  62.0   40s
 39117 30170 30981.4669   79   74 30868.0000 30987.0000  0.39%  63.3   45s
 45586 32409 30974.5615   67   91 30868.0000 30987.0000  0.39%  65.2   50s
 52561 35556 30986.9617   61  134 30868.0000 30987.0000  0.39%  64.0   55s
 58402 37579 30969.8888   49  144 30868.0000 30987.0000  0.39%  63.7   60s
 64458 40256 30981.5586   73   87 30868.0000 30987.0000  0.39%  64.0   65s
 69182 42220     cutoff   86      30868.0000 30987.0000  0.39%  64.3   70s
H73327 40048                    30890.000000 30987.0000  0.31%  64.7   73s
 74086 40907 30970.3857   48  130 30890.0000 30987.0000  0.31%  64.9   75s
H74371 38141                    30901.000000 30987.0000  0.28%  64.9   75s
 75853 37629 30987.0000   41  157 30901.0000 30987.0000  0.28%  65.2   80s
 75931 37693 30987.0000   47  199 30901.0000 30987.0000  0.28%  65.7   85s
 77908 39358 30983.4218   93  152 30901.0000 30987.0000  0.28%  66.2   90s
 81754 41168 30930.9920  209   62 30901.0000 30987.0000  0.28%  66.3   95s
H83293 38569                    30936.000000 30986.9075  0.16%  66.8   97s
 84830 39500 30985.7691   56  197 30936.0000 30986.8215  0.16%  67.3  100s
H84944 37486                    30940.000000 30986.7871  0.15%  67.3  100s
H85964 35679                    30945.000000 30986.7854  0.14%  67.6  101s
H87031 33835                    30952.000000 30986.7656  0.11%  68.0  103s
 87529 34250 30985.9693   66  200 30952.0000 30986.7528  0.11%  68.1  105s
 90709 36083 30980.6420   92  180 30952.0000 30986.5087  0.11%  70.2  111s
 95021 38089 30981.6825   78  142 30952.0000 30986.2817  0.11%  70.7  116s
 97724 40057 30965.9799  122   88 30952.0000 30986.2499  0.11%  71.5  122s
 101375 39890 30983.5480   76  173 30952.0000 30986.1979  0.11%  71.7  137s
 101688 41566 30979.1827   98  129 30952.0000 30986.1933  0.11%  71.8  140s
 105710 42904 30983.6164   59  177 30952.0000 30986.1313  0.11%  72.2  145s
 111690 45510 30955.9085  111  112 30952.0000 30986.0846  0.11%  72.8  151s
 115991 47061 30981.9218   58  168 30952.0000 30986.0531  0.11%  72.9  156s
 119690 48325 30974.8849   58  143 30952.0000 30986.0330  0.11%  72.9  160s
 124456 50593 30961.6325   73   94 30952.0000 30986.0077  0.11%  73.6  166s
 127167 51132 30959.3459   80   60 30952.0000 30986.0000  0.11%  74.2  171s
 129417 52908 30953.4009   95  121 30952.0000 30986.0000  0.11%  75.4  176s
 132784 54255 30982.6583   80  173 30952.0000 30986.0000  0.11%  76.1  180s
 136313 56206 30980.7390  108  174 30952.0000 30986.0000  0.11%  77.1  186s
 140303 58067 30958.3841  168   60 30952.0000 30986.0000  0.11%  77.8  192s
 143940 59624 30986.0000   68  181 30952.0000 30986.0000  0.11%  78.7  197s
 145686 60330 30968.6201   75  128 30952.0000 30986.0000  0.11%  79.0  200s
 149101 62024 30985.5383   76  179 30952.0000 30986.0000  0.11%  79.7  205s
H151726 55212                    30960.000000 30986.0000  0.08%  80.0  209s
 152250 56958 30986.0000   73  159 30960.0000 30986.0000  0.08%  80.0  213s
 154830 57510 30978.3449   98  122 30960.0000 30986.0000  0.08%  80.4  216s
 158417 58850 30985.5354   70  157 30960.0000 30986.0000  0.08%  81.2  222s
 160289 59842 30984.6628   91  183 30960.0000 30986.0000  0.08%  81.5  225s
 164085 61655 30981.0000   84  136 30960.0000 30986.0000  0.08%  82.1  230s
 168061 64705 30985.9274   51  187 30960.0000 30986.0000  0.08%  82.5  236s
 171428 66984     cutoff   66      30960.0000 30986.0000  0.08%  83.0  242s
 173269 68213 30975.0286   87  134 30960.0000 30986.0000  0.08%  83.4  245s
 177213 71018 30969.2251   83  138 30960.0000 30986.0000  0.08%  84.0  251s
 180956 73492     cutoff  127      30960.0000 30986.0000  0.08%  84.5  257s
 182468 74888 30986.0000   63  157 30960.0000 30986.0000  0.08%  84.8  261s
 186141 77480 30986.0000   61  164 30960.0000 30986.0000  0.08%  85.2  267s
 188115 78569 30982.0000   74  144 30960.0000 30986.0000  0.08%  85.4  271s
 191506 80944 30970.1298   73  151 30960.0000 30986.0000  0.08%  85.9  276s
 193385 81975     cutoff   86      30960.0000 30986.0000  0.08%  86.1  280s
 196645 84582 30965.4826  107  112 30960.0000 30986.0000  0.08%  86.7  286s
 200377 87231 30986.0000   66  165 30960.0000 30986.0000  0.08%  87.1  292s
 202237 88517 30964.2445   99  137 30960.0000 30986.0000  0.08%  87.2  295s
 206071 91153 30986.0000   88  179 30960.0000 30986.0000  0.08%  87.6  300s
 209471 93552 30985.9793   62  188 30960.0000 30986.0000  0.08%  88.1  307s
 211093 94988 30984.0887   74  161 30960.0000 30986.0000  0.08%  88.4  310s
 215064 97863 30976.8019  119  161 30960.0000 30986.0000  0.08%  88.7  317s
 216694 98867     cutoff   72      30960.0000 30986.0000  0.08%  89.0  320s
 220527 101647 30984.9304   75  171 30960.0000 30986.0000  0.08%  89.3  326s
 224383 104205 30984.2687   85  171 30960.0000 30986.0000  0.08%  89.6  332s
 225990 105347 30983.6941  101  160 30960.0000 30986.0000  0.08%  89.8  335s
 229722 108383 30983.4286   67  185 30960.0000 30986.0000  0.08%  90.2  340s
 233597 111556 30984.9472   73  175 30960.0000 30986.0000  0.08%  90.4  347s
 235618 113059 30978.0000   99  145 30960.0000 30986.0000  0.08%  90.5  350s
 239130 115442 30983.0000   79  158 30960.0000 30986.0000  0.08%  90.8  356s
 242614 117887 30982.3243   94  147 30960.0000 30986.0000  0.08%  91.0  361s
 246073 120729 30972.1840   68  158 30960.0000 30986.0000  0.08%  91.3  368s
 247985 122284 30977.3966   66  154 30960.0000 30986.0000  0.08%  91.4  371s
 251752 124425 30985.3342   71  165 30960.0000 30986.0000  0.08%  91.6  376s
 255299 127018 30983.1922   79  166 30960.0000 30986.0000  0.08%  91.8  382s
 257257 128285 30985.7594   70  181 30960.0000 30986.0000  0.08%  91.9  385s
 260824 130584 30979.2290   77  170 30960.0000 30986.0000  0.08%  92.0  390s
 264583 133713 30985.2828   90  189 30960.0000 30986.0000  0.08%  92.3  397s
 267861 135989 30986.0000   82  159 30960.0000 30986.0000  0.08%  92.7  403s
 269581 136580 30984.4113   70  167 30960.0000 30986.0000  0.08%  92.8  408s
 270456 136652 30981.4776   58  180 30960.0000 30986.0000  0.08%  92.8  419s
 270546 137182 30981.4172   58  163 30960.0000 30986.0000  0.08%  92.8  426s
 271278 139079 30978.2002   72  160 30960.0000 30986.0000  0.08%  92.9  431s
 273744 140294 30986.0000   60  168 30960.0000 30986.0000  0.08%  92.9  435s
 275405 141688 30971.0007  109  157 30960.0000 30986.0000  0.08%  93.2  440s
 279721 144563 30985.1694   74  176 30960.0000 30986.0000  0.08%  93.4  446s
 281438 146010 30983.5605   64  171 30960.0000 30986.0000  0.08%  93.5  450s
 285254 148437 30970.2109   83  122 30960.0000 30986.0000  0.08%  93.6  456s
 288632 150934 30982.1442   82  176 30960.0000 30986.0000  0.08%  93.9  461s
 291986 153001 30980.8110  114  165 30960.0000 30986.0000  0.08%  94.1  467s
 293298 154312 30985.9686   59  205 30960.0000 30986.0000  0.08%  94.2  471s
 297069 157032 30984.9465   64  192 30960.0000 30986.0000  0.08%  94.3  478s
 298838 158415 30982.3152   77  155 30960.0000 30986.0000  0.08%  94.4  481s
 302157 160660     cutoff  109      30960.0000 30986.0000  0.08%  94.6  486s
 304065 161700 30984.9850   86  177 30960.0000 30986.0000  0.08%  94.7  490s
 307481 164236 30986.0000   65  193 30960.0000 30986.0000  0.08%  94.9  496s
 309151 164380 30985.8913   72  167 30960.0000 30986.0000  0.08%  94.9  503s
 309343 165872 30985.7506   69  158 30960.0000 30986.0000  0.08%  94.9  507s
 311288 167042 30967.3546   92  115 30960.0000 30986.0000  0.08%  95.0  511s
 314998 169838 30982.4528   84  176 30960.0000 30986.0000  0.08%  95.2  518s
 316897 171208 30977.0722   76  118 30960.0000 30986.0000  0.08%  95.3  520s
 318864 172321     cutoff  131      30960.0000 30986.0000  0.08%  95.4  525s
 322388 175248 30985.9039   89  183 30960.0000 30986.0000  0.08%  95.5  530s
 326226 178380 30984.8324   82  183 30960.0000 30986.0000  0.08%  95.5  535s
 329876 180872 30969.0255  111  106 30960.0000 30986.0000  0.08%  95.5  541s
 333655 183667 30986.0000   63  183 30960.0000 30986.0000  0.08%  95.5  547s
 335368 184987 30969.7644   65  179 30960.0000 30986.0000  0.08%  95.5  550s
 338791 186641 30962.3050   81  101 30960.0000 30986.0000  0.08%  95.6  557s
 339779 187910 30966.0216   89  122 30960.0000 30986.0000  0.08%  95.8  561s
 341653 189567 30972.5263   77  154 30960.0000 30986.0000  0.08%  95.9  565s
 345846 192354 30980.0000  148  120 30960.0000 30986.0000  0.08%  96.0  571s
 347819 193471 30970.9213   86   99 30960.0000 30986.0000  0.08%  96.1  575s
 351355 196473 30965.0000   81  125 30960.0000 30986.0000  0.08%  96.3  582s
 355486 199109 30967.2183   87  122 30960.0000 30986.0000  0.08%  96.3  588s
 356992 200478 30984.7375   82  184 30960.0000 30986.0000  0.08%  96.3  591s
 360446 202005 30971.0000  113  139 30960.0000 30986.0000  0.08%  96.3  600s
 360836 202566 30971.0000  114  123 30960.0000 30986.0000  0.08%  96.4  606s
 361658 203923 30984.6535  113  147 30960.0000 30986.0000  0.08%  96.4  611s
 363768 205261 30986.0000   73  185 30960.0000 30986.0000  0.08%  96.4  615s
 365765 206755 30980.1841   90  155 30960.0000 30986.0000  0.08%  96.5  620s
 369172 209247 30983.5072   78  150 30960.0000 30986.0000  0.08%  96.8  626s
 373166 211953 30981.0000  113  166 30960.0000 30986.0000  0.08%  97.0  633s
 375431 213472 30983.3161  116  179 30960.0000 30986.0000  0.08%  97.0  636s
 377457 214877 30984.8528  107  179 30960.0000 30986.0000  0.08%  97.0  640s
 379429 215971 30981.0000   92  138 30960.0000 30986.0000  0.08%  97.0  645s
 382662 218377 30985.6092   68  193 30960.0000 30986.0000  0.08%  97.1  650s
 386243 221046 30984.8415   86  169 30960.0000 30986.0000  0.08%  97.2  657s
 388143 222299 30985.5703   70  182 30960.0000 30986.0000  0.08%  97.3  660s
 391732 224465 30980.4561   69  126 30960.0000 30986.0000  0.08%  97.4  666s
 393234 225921 30971.2423   90  145 30960.0000 30986.0000  0.08%  97.5  670s
 397170 228507 30978.8164   77  130 30960.0000 30986.0000  0.08%  97.6  676s
 400961 231127 30983.6891   83  162 30960.0000 30986.0000  0.08%  97.8  682s
 402600 232267 30980.6022   88  172 30960.0000 30986.0000  0.08%  97.8  686s
 405635 234472 30981.6862  108  148 30960.0000 30986.0000  0.08%  98.1  692s
 407651 235642 30985.5391   79  181 30960.0000 30986.0000  0.08%  98.1  695s
 411110 238090 30986.0000   82  148 30960.0000 30986.0000  0.08%  98.3  702s
 412993 239601 30985.0919   88  176 30960.0000 30986.0000  0.08%  98.3  705s
 416772 242179 30985.6795   83  202 30960.0000 30986.0000  0.08%  98.4  712s
 418473 243466 30962.0099  101  106 30960.0000 30986.0000  0.08%  98.4  715s
 422241 246292 30986.0000   84  194 30960.0000 30986.0000  0.08%  98.5  720s
 425674 248758 30972.5781   87  121 30960.0000 30986.0000  0.08%  98.5  728s
 427361 249834 30977.5958   65  146 30960.0000 30986.0000  0.08%  98.5  731s
 428862 251635 30984.6355   87  167 30960.0000 30986.0000  0.08%  98.6  735s
 432901 254316 30967.6086   89  113 30960.0000 30986.0000  0.08%  98.6  742s
 434849 255678 30984.0139   81  166 30960.0000 30986.0000  0.08%  98.6  746s
 436604 256793 30982.7188  101  168 30960.0000 30986.0000  0.08%  98.6  750s
 440215 259327 30984.5526   77  189 30960.0000 30986.0000  0.08%  98.7  756s
 443577 262111 30978.9610   90  187 30960.0000 30986.0000  0.08%  98.8  763s
 445433 263612 30968.2938   97   98 30960.0000 30986.0000  0.08%  98.9  766s
 448946 266087 30968.5734   67  149 30960.0000 30986.0000  0.08%  98.9  771s
 450764 267357 30983.3043   93  145 30960.0000 30986.0000  0.08%  98.9  775s
 454376 270099 30972.2073  119  145 30960.0000 30986.0000  0.08%  98.9  781s
 456177 271203 30982.2199   91  164 30960.0000 30986.0000  0.08%  98.9  785s
 459332 273675 30980.2780  100  153 30960.0000 30986.0000  0.08%  99.0  792s
 461175 275076 30967.2583  113  102 30960.0000 30986.0000  0.08%  99.0  795s
 464972 277990 30973.0000   65  170 30960.0000 30986.0000  0.08%  99.1  801s
 466943 278993 30986.0000   80  174 30960.0000 30986.0000  0.08%  99.1  805s
 469906 281419 30976.2340   92  154 30960.0000 30986.0000  0.08%  99.2  812s
 471726 282734 30967.9505   81  139 30960.0000 30986.0000  0.08%  99.3  815s
 475289 285293 30969.9979   89  180 30960.0000 30986.0000  0.08%  99.3  823s
 476954 286583     cutoff  109      30960.0000 30986.0000  0.08%  99.4  826s
 478698 288014 30962.3385   87  163 30960.0000 30986.0000  0.08%  99.5  830s
 482509 290491 30979.9403  113  147 30960.0000 30986.0000  0.08%   100  837s
 484380 291758 30985.0016   84  179 30960.0000 30986.0000  0.08%   100  840s
 487967 294359 30980.9013  108  123 30960.0000 30986.0000  0.08%   100  847s
 489711 295767 30981.0782  117  187 30960.0000 30986.0000  0.08%   100  850s
 493242 298211 30964.2276  159  113 30960.0000 30986.0000  0.08%   100  859s
 494958 299617 30982.0000   95  160 30960.0000 30986.0000  0.08%   100  863s
 496877 301100 30973.0000   64  149 30960.0000 30986.0000  0.08%   100  866s
 500678 303846     cutoff  150      30960.0000 30986.0000  0.08%   100  873s
 502590 305337 30961.3856  143  117 30960.0000 30986.0000  0.08%   100  876s
 506261 308264 30981.0165   95  175 30960.0000 30986.0000  0.08%   100  882s
 508218 309538 30983.5822   67  156 30960.0000 30986.0000  0.08%   100  886s
 511651 311608 30975.4095   88  126 30960.0000 30986.0000  0.08%   100  891s
 512848 312958 30983.9875  103  165 30960.0000 30986.0000  0.08%   100  895s
 516475 315916 30961.8892  106  111 30960.0000 30986.0000  0.08%   100  901s
 518841 316819 30983.0000   79  193 30960.0000 30986.0000  0.08%   100  905s
 521944 319156 30986.0000   72  158 30960.0000 30986.0000  0.08%   100  911s
 525409 321928 30983.4847   81  169 30960.0000 30986.0000  0.08%   100  918s
 527357 323377 30967.0841   79  124 30960.0000 30986.0000  0.08%   100  921s
 531151 325644 30983.0000   64  183 30960.0000 30986.0000  0.08%   100  928s
 532523 326977 30983.0540   92  162 30960.0000 30986.0000  0.08%   100  932s
 534439 328186 30984.6045   78  181 30960.0000 30986.0000  0.08%   100  936s
 538449 331468 30970.5409   95  165 30960.0000 30986.0000  0.08%   101  943s
 540498 332884 30981.1245   93  151 30960.0000 30986.0000  0.08%   100  946s
 544217 335426 30972.4589   88  140 30960.0000 30986.0000  0.08%   100  952s
 545920 336875 30984.4373   71  163 30960.0000 30986.0000  0.08%   100  955s
 549641 339461 30985.6885   70  183 30960.0000 30986.0000  0.08%   100  960s
 553029 341745 30985.2073   69  173 30960.0000 30986.0000  0.08%   101  967s
 554522 343098 30985.9000   81  213 30960.0000 30986.0000  0.08%   101  970s
 558032 345783 30985.9262   87  166 30960.0000 30986.0000  0.08%   101  975s
 559919 347075 30971.1892  131   90 30960.0000 30986.0000  0.08%   101  980s
 563256 349509 30984.0890   97  188 30960.0000 30986.0000  0.08%   101  986s
 565138 351009 30979.5916   74  168 30960.0000 30986.0000  0.08%   101  990s
 569084 353678 30986.0000   85  181 30960.0000 30986.0000  0.08%   101  996s
 572611 356332 30983.8531   75  163 30960.0000 30986.0000  0.08%   101 1002s
 574453 357424 30984.8685   72  179 30960.0000 30986.0000  0.08%   101 1006s
 577922 359887 30961.3252   99  105 30960.0000 30986.0000  0.08%   101 1012s
 579334 361421 30980.2033  101  138 30960.0000 30986.0000  0.08%   101 1016s
 583371 363810 30963.6931   88  142 30960.0000 30986.0000  0.08%   101 1023s
 584964 365233 30977.3146   94  154 30960.0000 30986.0000  0.08%   101 1027s
 586914 366484 30985.9352   82  171 30960.0000 30986.0000  0.08%   101 1031s
 588728 367600 30984.6041   81  156 30960.0000 30986.0000  0.08%   101 1035s
 592518 370879 30969.3784  102  132 30960.0000 30986.0000  0.08%   101 1042s
 594557 372211 30985.5867   74  167 30960.0000 30986.0000  0.08%   101 1045s
 598113 374423 30975.2182  115  118 30960.0000 30986.0000  0.08%   101 1052s
 599899 375846 30979.8348  119  142 30960.0000 30986.0000  0.08%   101 1055s
 603675 378572 30980.2670   96  162 30960.0000 30986.0000  0.08%   101 1061s
 605587 379750 30985.8761   76  198 30960.0000 30986.0000  0.08%   101 1065s
 608826 382262     cutoff   85      30960.0000 30986.0000  0.08%   101 1071s
 610685 383714 30984.3662  106  179 30960.0000 30986.0000  0.08%   101 1075s
 614643 386547 30984.9067   69  173 30960.0000 30986.0000  0.08%   101 1082s
 616500 387715 30966.7604  159  113 30960.0000 30986.0000  0.08%   101 1086s
 620042 390318 30986.0000   86  180 30960.0000 30986.0000  0.08%   101 1092s
 621921 391299 30985.2104   91  188 30960.0000 30986.0000  0.08%   101 1095s
 625215 394228 30970.0000   68  157 30960.0000 30986.0000  0.08%   101 1102s
 627252 395328     cutoff   78      30960.0000 30986.0000  0.08%   101 1105s
 630903 397810 30977.4342   80  140 30960.0000 30986.0000  0.08%   101 1113s
 632616 399015 30984.5820   61  185 30960.0000 30986.0000  0.08%   101 1116s
 636028 401429 30982.2580  104  162 30960.0000 30986.0000  0.08%   101 1123s
 637887 402504 30984.8354   88  188 30960.0000 30986.0000  0.08%   101 1126s
 639440 403999 30985.8860   87  193 30960.0000 30986.0000  0.08%   102 1130s
 643418 406545 30971.0000   77  132 30960.0000 30986.0000  0.08%   102 1137s
 645296 408145 30986.0000   62  173 30960.0000 30986.0000  0.08%   102 1140s
 649060 410768 30978.1936   84  133 30960.0000 30986.0000  0.08%   102 1148s
 651032 412304 30985.8873   75  182 30960.0000 30986.0000  0.08%   102 1152s
 653007 413291 30971.3393   84  119 30960.0000 30986.0000  0.08%   102 1155s
 656099 415791 30978.2684   81  131 30960.0000 30986.0000  0.08%   102 1162s
 657979 417389 30970.4284  100  120 30960.0000 30986.0000  0.08%   102 1165s
 661898 420004 30985.5219  101  185 30960.0000 30986.0000  0.08%   102 1171s
 665732 423053 30980.6202  101  142 30960.0000 30986.0000  0.08%   102 1178s
 667794 424450 30985.3634   63  181 30960.0000 30986.0000  0.08%   102 1181s
 671361 426977 30984.6310   83  169 30960.0000 30986.0000  0.08%   102 1188s
 673121 427505 30978.0839   91  123 30960.0000 30986.0000  0.08%   102 1193s
 673873 429325 30982.8452   84  170 30960.0000 30986.0000  0.08%   102 1197s
 676255 430814 30969.7635  127  121 30960.0000 30986.0000  0.08%   102 1201s
 680348 433549 30981.6982  102  187 30960.0000 30986.0000  0.08%   102 1208s
 682194 434996 30980.3523   87  132 30960.0000 30986.0000  0.08%   102 1212s
 684101 436172 30983.3568   80  164 30960.0000 30986.0000  0.08%   102 1215s
 687713 438998 30984.2084   71  154 30960.0000 30986.0000  0.08%   102 1223s
 689571 440268 30973.0994   84  101 30960.0000 30986.0000  0.08%   102 1226s
 691274 441676 30981.7315   77  164 30960.0000 30986.0000  0.08%   102 1230s
 694994 444423     cutoff  101      30960.0000 30986.0000  0.08%   102 1236s
 698640 446890 30964.5871   76  129 30960.0000 30986.0000  0.08%   102 1243s
 700401 448017 30972.2877  127  143 30960.0000 30986.0000  0.08%   102 1246s
 703349 450164 30978.6249   86  141 30960.0000 30986.0000  0.08%   102 1253s
 705075 451218 30975.8491   85  179 30960.0000 30986.0000  0.08%   102 1256s
 708386 453841 30984.3130  103  176 30960.0000 30986.0000  0.08%   102 1263s
 710305 455404 30969.0000   69  170 30960.0000 30986.0000  0.08%   102 1266s
 712445 456673 30966.0244  115   75 30960.0000 30986.0000  0.08%   102 1270s
 715905 459260 30979.3871  100  132 30960.0000 30986.0000  0.08%   102 1276s
 719470 461777 30977.1066   89  167 30960.0000 30986.0000  0.08%   102 1283s
 721250 463119 30964.9048  111  112 30960.0000 30986.0000  0.08%   102 1287s
 723177 464640 30963.5066  104  111 30960.0000 30986.0000  0.08%   102 1290s
 727162 467513 30985.4465   86  187 30960.0000 30986.0000  0.08%   102 1296s
 730635 470114 30973.8622   73  147 30960.0000 30986.0000  0.08%   102 1303s
 732399 471265 30970.1015  100  143 30960.0000 30986.0000  0.08%   102 1306s
 735839 473897 30983.1045   78  175 30960.0000 30986.0000  0.08%   102 1312s
 737715 475185 30986.0000   74  157 30960.0000 30986.0000  0.08%   102 1315s
 741344 477937 30985.4547   87  180 30960.0000 30986.0000  0.08%   102 1321s
 743199 479160 30977.3554   84  150 30960.0000 30986.0000  0.08%   102 1325s
 746813 481615 30978.6461  103  144 30960.0000 30986.0000  0.08%   102 1332s
 748456 482979 30970.0015  106  131 30960.0000 30986.0000  0.08%   102 1335s
 751676 485014 30984.1357  105  191 30960.0000 30986.0000  0.08%   102 1343s
 753201 486342 30986.0000   68  164 30960.0000 30986.0000  0.08%   102 1347s
 754875 487513 30982.9681   95  157 30960.0000 30986.0000  0.08%   102 1352s
 756602 488839 30983.3870  106  152 30960.0000 30986.0000  0.08%   102 1356s
 760114 491326 30979.0202   86  144 30960.0000 30986.0000  0.08%   102 1363s
 761968 492337 30984.1783   86  173 30960.0000 30986.0000  0.08%   102 1366s
 763369 493711 30979.6597   91  141 30960.0000 30986.0000  0.08%   102 1371s
 765437 495068 infeasible  102      30960.0000 30986.0000  0.08%   102 1375s
 769466 497994 30984.9554   80  194 30960.0000 30986.0000  0.08%   102 1382s
 771346 499367 30980.0590  123  152 30960.0000 30986.0000  0.08%   102 1385s
 775090 502142 30976.0000   75  164 30960.0000 30986.0000  0.08%   102 1393s
 776897 503505 30986.0000   72  195 30960.0000 30986.0000  0.08%   102 1396s
 778719 504872 30985.8314   76  180 30960.0000 30986.0000  0.08%   102 1400s
 781954 507150 30979.2792   98  158 30960.0000 30986.0000  0.08%   102 1408s
 784070 508732 30978.2604   95  145 30960.0000 30986.0000  0.08%   102 1412s
 786250 510385 30985.4203   79  185 30960.0000 30986.0000  0.08%   102 1417s
 788453 512119 30982.2395   84  163 30960.0000 30986.0000  0.08%   102 1420s
 792454 514826 30970.7849   81  142 30960.0000 30986.0000  0.08%   102 1427s
 794400 516205 30970.0000   93  162 30960.0000 30986.0000  0.08%   102 1430s
 797960 518584 30986.0000   80  170 30960.0000 30986.0000  0.08%   102 1438s
 799756 519802 30984.0360   94  183 30960.0000 30986.0000  0.08%   102 1441s
 801446 520661 30985.2960   82  186 30960.0000 30986.0000  0.08%   102 1445s
 804817 523655 30980.0282   86  155 30960.0000 30986.0000  0.08%   102 1453s
 806774 525021 30979.0182   97  148 30960.0000 30986.0000  0.08%   102 1457s
 808763 526349     cutoff  139      30960.0000 30986.0000  0.08%   102 1461s
 810610 527664 30985.8477   73  183 30960.0000 30986.0000  0.08%   102 1465s
 814343 530525     cutoff  116      30960.0000 30986.0000  0.08%   102 1472s
 816256 531927 30985.0571   74  180 30960.0000 30986.0000  0.08%   102 1475s
 819728 534430 30979.8834  112  146 30960.0000 30986.0000  0.08%   102 1483s
 821773 535664 30982.7246   97  160 30960.0000 30986.0000  0.08%   102 1487s
 823575 536791 30980.4238   95  166 30960.0000 30986.0000  0.08%   102 1492s
 825269 538190 30969.5525   93  129 30960.0000 30986.0000  0.08%   103 1496s
 828803 540581 30984.6046  103  157 30960.0000 30986.0000  0.08%   103 1502s
 830716 541982 30963.7791  121   81 30960.0000 30986.0000  0.08%   103 1506s
 834155 544462 30984.7120   95  168 30960.0000 30986.0000  0.08%   103 1513s
 836009 545576 30983.3212  106  178 30960.0000 30986.0000  0.08%   103 1517s
 837664 546942 30966.7691   78  141 30960.0000 30986.0000  0.08%   103 1520s
 841375 549678 30985.2367   69  183 30960.0000 30986.0000  0.08%   103 1527s
 843260 551002 30963.7900   87  104 30960.0000 30986.0000  0.08%   103 1530s
 847274 553850 30967.5637   83  131 30960.0000 30986.0000  0.08%   103 1539s
 849107 554823 30984.9993   62  165 30960.0000 30986.0000  0.08%   103 1542s
 850739 556042     cutoff   99      30960.0000 30986.0000  0.08%   103 1545s
 854377 558777 30983.0000   79  181 30960.0000 30986.0000  0.08%   103 1552s
 856249 559833 30981.6329   85  159 30960.0000 30986.0000  0.08%   103 1555s
 859131 562031 30979.5171   98  150 30960.0000 30986.0000  0.08%   103 1562s
 860905 563110 30982.0167   73  177 30960.0000 30986.0000  0.08%   103 1566s
 864507 565888 30985.4867   79  191 30960.0000 30986.0000  0.08%   103 1573s
 866589 566900 30974.8912  107  111 30960.0000 30986.0000  0.08%   103 1578s
 868176 568227 30977.6973   74  174 30960.0000 30986.0000  0.08%   103 1581s
 870116 569143 30976.3034   76  174 30960.0000 30986.0000  0.08%   103 1585s
 871348 570705 30983.1499   79  169 30960.0000 30986.0000  0.08%   103 1590s
 875061 573180 30985.1029   84  205 30960.0000 30986.0000  0.08%   103 1598s
 876984 574449 30978.7242  124  159 30960.0000 30986.0000  0.08%   103 1603s
 878878 575941 30985.3135   79  190 30960.0000 30986.0000  0.08%   103 1607s
 880846 577249 30980.8174  131  157 30960.0000 30986.0000  0.08%   103 1610s
 883791 578632 30977.3940   75  141 30960.0000 30986.0000  0.08%   103 1619s
 884602 580101 30985.3950   83  203 30960.0000 30986.0000  0.08%   103 1623s
 886621 580856 30981.3406  103  160 30960.0000 30986.0000  0.08%   103 1627s
 887788 582126 30985.0785   79  193 30960.0000 30986.0000  0.08%   103 1632s
 889701 582963 30984.6691   82  196 30960.0000 30986.0000  0.08%   103 1637s
 890906 583234 30975.9187  103  155 30960.0000 30986.0000  0.08%   103 1644s
 891269 584645     cutoff  113      30960.0000 30986.0000  0.08%   103 1649s
 893189 586036 30978.1630   97  152 30960.0000 30986.0000  0.08%   103 1652s
 895031 587151 30983.0000   71  152 30960.0000 30986.0000  0.08%   103 1655s
 898464 589608 30972.6319  109  120 30960.0000 30986.0000  0.08%   103 1662s
 900123 590804 30970.3265  112   89 30960.0000 30986.0000  0.08%   103 1666s
 903418 593280 30985.7150   71  181 30960.0000 30986.0000  0.08%   103 1672s
 905392 594433 30962.2754  108  121 30960.0000 30986.0000  0.08%   103 1675s
 908431 596447 30984.1703  110  185 30960.0000 30986.0000  0.08%   103 1682s
 909922 597655 30978.0606   93  169 30960.0000 30986.0000  0.08%   103 1686s
 911599 598472 30962.5063   76  174 30960.0000 30986.0000  0.08%   103 1690s
 914768 600972 30982.7329   49  185 30960.0000 30986.0000  0.08%   103 1697s
 916567 602471 30984.5657   65  164 30960.0000 30986.0000  0.08%   103 1701s
 920361 605064 30973.8217   73  149 30960.0000 30986.0000  0.08%   103 1708s
 922309 606734 30969.8402   65  106 30960.0000 30986.0000  0.08%   103 1712s
 924513 608318 30981.0026  105  152 30960.0000 30986.0000  0.08%   103 1716s
 928653 611222 30986.0000   75  162 30960.0000 30986.0000  0.08%   103 1722s
 930666 612060 30967.9645   87  128 30960.0000 30986.0000  0.08%   103 1725s
 933778 614721 30985.6901   82  193 30960.0000 30986.0000  0.08%   103 1732s
 935824 616200 30971.2446   60  160 30960.0000 30986.0000  0.08%   103 1735s
 939540 618843 30975.9267   96  123 30960.0000 30986.0000  0.08%   103 1741s
 943520 621266 30971.1009  124  146 30960.0000 30986.0000  0.08%   103 1747s
 945293 621871     cutoff   98      30960.0000 30986.0000  0.08%   103 1750s
 948068 624623 30985.6771   71  166 30960.0000 30986.0000  0.08%   103 1757s
 950104 625578 30984.3587   90  171 30960.0000 30986.0000  0.08%   103 1760s
 953415 628185 30983.9714   92  147 30960.0000 30986.0000  0.08%   103 1766s
 955340 629507 30983.0881  116  155 30960.0000 30986.0000  0.08%   103 1770s
 958482 631741 30970.9886   90  114 30960.0000 30986.0000  0.08%   103 1777s
 960711 633024 30984.2529   81  170 30960.0000 30986.0000  0.08%   103 1780s
 963675 635582 30984.9083   76  214 30960.0000 30986.0000  0.08%   103 1786s
 965252 636857 30983.1876  101  165 30960.0000 30986.0000  0.08%   103 1790s
 968808 639207 30973.9589  152  132 30960.0000 30986.0000  0.08%   103 1796s
 972229 641881 30985.7226   71  206 30960.0000 30986.0000  0.08%   104 1804s
 974127 642914 30986.0000   74  168 30960.0000 30986.0000  0.08%   103 1808s
 975706 644181 30966.3413  100   99 30960.0000 30986.0000  0.08%   104 1811s
 977500 645411 30976.9047   72  125 30960.0000 30986.0000  0.08%   104 1815s
 981505 648117 30985.5293   85  180 30960.0000 30986.0000  0.08%   104 1822s
 983181 649502 30985.5658   79  181 30960.0000 30986.0000  0.08%   104 1825s
 987029 652217 30964.8364   90   98 30960.0000 30986.0000  0.08%   104 1832s
 988725 653466 30965.9405   80   90 30960.0000 30986.0000  0.08%   104 1835s
 991742 655369 30962.2607   87  109 30960.0000 30986.0000  0.08%   104 1842s
 993506 656551 30963.1527  122   92 30960.0000 30986.0000  0.08%   104 1845s
 997327 659504     cutoff   88      30960.0000 30986.0000  0.08%   104 1852s
 999332 660733 30972.3064  136  124 30960.0000 30986.0000  0.08%   104 1856s
 1001159 662146 30983.0743   76  165 30960.0000 30986.0000  0.08%   104 1860s
 1004793 664413 30979.0972   74  186 30960.0000 30986.0000  0.08%   104 1867s
 1006406 665396     cutoff   83      30960.0000 30986.0000  0.08%   104 1871s
 1007911 666150 30983.0324   90  172 30960.0000 30986.0000  0.08%   104 1875s
 1008870 667451 30980.2776   87  121 30960.0000 30986.0000  0.08%   104 1880s
 1012858 670208 30978.1646   63  160 30960.0000 30986.0000  0.08%   104 1889s
 1014738 671803 30982.9810  115  181 30960.0000 30986.0000  0.08%   104 1893s
 1016925 673383 30979.2587   89  145 30960.0000 30986.0000  0.08%   104 1897s
 1019107 674967 30983.7578   82  175 30960.0000 30986.0000  0.08%   104 1901s
 1023106 677235 30982.0000   71  173 30960.0000 30986.0000  0.08%   104 1907s
 1024324 678301 30985.9215   84  194 30960.0000 30986.0000  0.08%   104 1912s
 1025881 679302 30972.1914   86  132 30960.0000 30986.0000  0.08%   104 1916s
 1027869 680566 30981.5439   79  146 30960.0000 30986.0000  0.08%   104 1920s
 1031650 683735 30971.7965   90  115 30960.0000 30986.0000  0.08%   104 1927s
 1033923 685126 30962.5584   79  110 30960.0000 30986.0000  0.08%   104 1931s
 1037761 687821 30974.4593  106  122 30960.0000 30986.0000  0.08%   104 1937s
 1039475 689141 30979.4585  108  142 30960.0000 30986.0000  0.08%   104 1941s
 1041339 690574 30985.3802   93  177 30960.0000 30986.0000  0.08%   104 1945s
 1044847 693154 30985.3176   78  184 30960.0000 30986.0000  0.08%   104 1952s
 1046783 694353 30983.1811   99  146 30960.0000 30986.0000  0.08%   104 1955s
 1050511 696432 30985.3569   76  188 30960.0000 30986.0000  0.08%   104 1961s
 1051737 697389 30979.3070   84  148 30960.0000 30986.0000  0.08%   104 1965s
 1054750 699786 30984.3168   90  170 30960.0000 30986.0000  0.08%   104 1972s
 1056533 701048 30980.0388   88  146 30960.0000 30986.0000  0.08%   104 1976s
 1060417 703477 30982.5426   95  160 30960.0000 30986.0000  0.08%   104 1982s
 1061846 704311 30974.7413  113  146 30960.0000 30986.0000  0.08%   104 1985s
 1065123 707141 30985.4488   60  201 30960.0000 30986.0000  0.08%   104 1993s
 1067060 708387 30969.9022  122  119 30960.0000 30986.0000  0.08%   104 1996s
 1068652 709319 30980.2765  116  156 30960.0000 30986.0000  0.08%   104 2000s
 1071558 711888 30986.0000   53  160 30960.0000 30986.0000  0.08%   104 2007s
 1073562 713527 30983.7007   69  174 30960.0000 30986.0000  0.08%   104 2011s
 1075688 714691 30985.6756   62  176 30960.0000 30986.0000  0.08%   104 2016s
 1078949 717280 30986.0000   60  170 30960.0000 30986.0000  0.08%   104 2024s
 1081286 718756 30979.0549   85  152 30960.0000 30986.0000  0.08%   104 2027s
 1083231 719607 30980.7687  104  153 30960.0000 30986.0000  0.08%   104 2032s
 1084412 720995 30981.4896   69  159 30960.0000 30986.0000  0.08%   104 2037s
 1086415 722669 30963.6272   95   99 30960.0000 30986.0000  0.08%   104 2041s
 1088613 724132 30985.3032   77  174 30960.0000 30986.0000  0.08%   104 2045s
 1092649 727065 30967.9635   74   98 30960.0000 30986.0000  0.08%   104 2053s
 1094478 728294     cutoff  114      30960.0000 30986.0000  0.08%   104 2057s
 1096248 729370 30972.7074   72  149 30960.0000 30986.0000  0.08%   104 2061s
 1100016 732241 30970.9801   77  150 30960.0000 30986.0000  0.08%   104 2067s
 1101876 733174 30979.0000   71  161 30960.0000 30986.0000  0.08%   104 2071s
 1103180 734475 30984.0849   62  176 30960.0000 30986.0000  0.08%   104 2075s
 1106905 737434 30977.9487  119  140 30960.0000 30986.0000  0.08%   104 2083s
 1109021 738856 30985.5069   64  173 30960.0000 30986.0000  0.08%   104 2086s
 1110939 740243 30983.2933   77  160 30960.0000 30986.0000  0.08%   104 2090s
 1112785 741372 30975.9611   80  153 30960.0000 30986.0000  0.08%   104 2095s
 1116372 744171 30975.2358  111  120 30960.0000 30986.0000  0.08%   104 2101s
 1119519 746453 30968.9119   73  119 30960.0000 30986.0000  0.08%   104 2108s
 1121326 747891 30979.2114   73  152 30960.0000 30986.0000  0.08%   104 2111s
 1124670 749880 30985.0523   61  196 30960.0000 30986.0000  0.08%   104 2119s
 1126151 751119 30984.9830   64  185 30960.0000 30986.0000  0.08%   104 2122s
 1127896 751890 30986.0000   65  178 30960.0000 30986.0000  0.08%   104 2127s
 1128890 753416 30985.7469   65  193 30960.0000 30986.0000  0.08%   104 2131s
 1130852 755122 30984.9972   66  142 30960.0000 30986.0000  0.08%   104 2136s
 1134898 758122 30981.2755   84  139 30960.0000 30986.0000  0.08%   104 2143s
 1136856 759176 30976.3821   99  168 30960.0000 30986.0000  0.08%   104 2146s
 1138383 760281 30972.8086  110  117 30960.0000 30986.0000  0.08%   104 2150s
 1141765 762559 30969.2725  102  128 30960.0000 30986.0000  0.08%   104 2159s
 1143322 763535 30963.7878  109  114 30960.0000 30986.0000  0.08%   104 2162s
 1144894 764999     cutoff   86      30960.0000 30986.0000  0.08%   104 2166s
 1148445 767483 30985.0000   80  147 30960.0000 30986.0000  0.08%   104 2172s
 1150328 768446 30982.8680   61  137 30960.0000 30986.0000  0.08%   104 2176s
 1153681 770963 30973.0148   86  114 30960.0000 30986.0000  0.08%   104 2182s
 1155324 772077 30977.0000   81  110 30960.0000 30986.0000  0.08%   104 2186s
 1156963 773522 30985.5817   73  181 30960.0000 30986.0000  0.08%   105 2191s
 1160877 776088 30983.3475   79  155 30960.0000 30986.0000  0.08%   105 2198s
 1162702 777534 30981.9184   81  148 30960.0000 30986.0000  0.08%   105 2201s
 1164733 779095 30971.3501   80  150 30960.0000 30985.9984  0.08%   105 2205s
 1168626 781486 30976.9098   87  149 30960.0000 30985.9957  0.08%   105 2212s
 1170542 782681 30963.1532   89  127 30960.0000 30985.9947  0.08%   105 2215s
 1174494 785626 30982.2963   68  164 30960.0000 30985.9930  0.08%   104 2223s
 1176335 786933 30975.9916   94  123 30960.0000 30985.9923  0.08%   104 2226s
 1180100 789591 30984.6556   69  206 30960.0000 30985.9907  0.08%   104 2232s
 1182071 790892 30971.0000   84  132 30960.0000 30985.9896  0.08%   104 2235s
 1185829 793717     cutoff  110      30960.0000 30985.9886  0.08%   104 2242s
 1187677 795178 30984.8139   96  175 30960.0000 30985.9879  0.08%   104 2245s
 1191557 798005 30978.9623   99  120 30960.0000 30985.9864  0.08%   104 2252s
 1193623 799493 30985.0396   67  165 30960.0000 30985.9857  0.08%   104 2255s
 1197281 801420 30978.2041   82  149 30960.0000 30985.9845  0.08%   104 2260s
 1198728 802282 30980.6211   65  139 30960.0000 30985.9839  0.08%   104 2265s
 1202052 804451 30985.5227   97  181 30960.0000 30985.9824  0.08%   104 2271s
 1205414 807186 30967.5098  146  114 30960.0000 30985.9813  0.08%   104 2277s
 1207320 808726 30968.0134   96  122 30960.0000 30985.9805  0.08%   104 2280s
 1210888 810749 30978.3242   84  135 30960.0000 30985.9794  0.08%   104 2286s
 1213408 812155 30976.7868   83  137 30960.0000 30985.9788  0.08%   104 2290s
 1216410 814931 30979.2982   71  159 30960.0000 30985.9779  0.08%   104 2296s
 1219854 817217 30982.8725   77  148 30960.0000 30985.9764  0.08%   104 2304s
 1221560 818565 30966.4674   86  128 30960.0000 30985.9757  0.08%   104 2307s
 1223467 819780 30982.7431   92  176 30960.0000 30985.9747  0.08%   104 2310s
 1227329 822611 30963.0368   87  121 30960.0000 30985.9736  0.08%   104 2316s
 1229198 823944 30965.5444  114  125 30960.0000 30985.9729  0.08%   104 2320s
 1232698 826392 30978.1730  102  167 30960.0000 30985.9718  0.08%   104 2326s
 1235756 828506 30962.6887  110  101 30960.0000 30985.9709  0.08%   104 2331s
 1237459 829344 30984.1806   73  196 30960.0000 30985.9703  0.08%   104 2335s
 1240715 831828 30979.0505   97  143 30960.0000 30985.9698  0.08%   104 2342s
 1242568 833298 30982.5451   96  165 30960.0000 30985.9689  0.08%   104 2345s
 1246519 835962 30973.0000   66  168 30960.0000 30985.9676  0.08%   104 2353s
 1248535 837390 30979.4753  113  141 30960.0000 30985.9670  0.08%   104 2356s
 1252009 839624 30979.2615   70  164 30960.0000 30985.9656  0.08%   104 2361s
 1255420 842052 30976.5090   83  130 30960.0000 30985.9646  0.08%   104 2368s
 1257358 843266 30983.4523   89  171 30960.0000 30985.9638  0.08%   104 2370s
 1261119 845977 30981.0697   63  149 30960.0000 30985.9624  0.08%   104 2376s
 1264944 848495 30985.6465   65  170 30960.0000 30985.9612  0.08%   104 2383s
 1266463 849772 30980.3345   97  151 30960.0000 30985.9608  0.08%   104 2386s
 1270159 852046 30985.4991   72  180 30960.0000 30985.9597  0.08%   104 2393s
 1271985 853361 30962.4321  116  115 30960.0000 30985.9589  0.08%   104 2396s
 1276064 856125 30984.4299   92  167 30960.0000 30985.9576  0.08%   104 2402s
 1279488 858289 30976.1615   82  128 30960.0000 30985.9566  0.08%   104 2408s
 1281292 859738 30978.4084   90  139 30960.0000 30985.9560  0.08%   104 2412s
 1283300 861027 30981.0625   77  194 30960.0000 30985.9554  0.08%   104 2415s
 1286828 863370 30984.3693   71  169 30960.0000 30985.9543  0.08%   104 2421s
 1290471 865388 30979.4328   82  140 30960.0000 30985.9533  0.08%   104 2427s
 1291678 866433 30984.5301   78  147 30960.0000 30985.9532  0.08%   104 2431s
 1293268 867910 30984.4861   82  203 30960.0000 30985.9525  0.08%   104 2435s
 1297101 870427 30983.0999   91  162 30960.0000 30985.9510  0.08%   104 2441s
 1298995 871834 30981.5044   82  146 30960.0000 30985.9501  0.08%   104 2445s
 1302886 874358 30980.9585   74  153 30960.0000 30985.9489  0.08%   104 2451s
 1304662 875317 30985.2077   82  181 30960.0000 30985.9484  0.08%   104 2456s
 1307823 877800 30978.8737  121  151 30960.0000 30985.9475  0.08%   104 2463s
 1309799 879143 30985.5020   57  182 30960.0000 30985.9470  0.08%   104 2466s
 1313212 881149 30979.1849   80  152 30960.0000 30985.9459  0.08%   104 2472s
 1314954 882388 30982.1597  103  181 30960.0000 30985.9454  0.08%   104 2475s
 1318998 885216 30982.7620   77  164 30960.0000 30985.9441  0.08%   104 2481s
 1322431 887699 30971.0000   71  168 30960.0000 30985.9430  0.08%   103 2486s
 1324117 888991 30975.2223  116  153 30960.0000 30985.9424  0.08%   103 2490s
 1327490 890952 30984.7973   91  182 30960.0000 30985.9416  0.08%   103 2496s
 1330632 893162 30973.7023   82  149 30960.0000 30985.9404  0.08%   103 2503s
 1332333 894140 30981.3329   79  176 30960.0000 30985.9397  0.08%   103 2507s
 1333867 895430 30978.8749   87  115 30960.0000 30985.9392  0.08%   103 2510s
 1337925 898209 30985.4026   80  176 30960.0000 30985.9382  0.08%   103 2516s
 1341069 900570 30969.5703  109   95 30960.0000 30985.9371  0.08%   103 2522s
 1342856 901650 30984.2935  103  171 30960.0000 30985.9367  0.08%   103 2525s
 1346175 904187 30978.1449   95  148 30960.0000 30985.9355  0.08%   103 2531s
 1349552 906474 30981.0000  107  140 30960.0000 30985.9348  0.08%   103 2537s
 1351299 907387     cutoff  113      30960.0000 30985.9342  0.08%   103 2540s
 1354649 909736 30976.7045   90  137 30960.0000 30985.9334  0.08%   103 2548s
 1356450 911029 30970.4502  109  132 30960.0000 30985.9327  0.08%   103 2551s
 1360369 913357 30985.3256   81  169 30960.0000 30985.9315  0.08%   103 2557s
 1361808 914498 30983.0765   70  149 30960.0000 30985.9310  0.08%   103 2561s
 1365251 916724 30978.7798   94  158 30960.0000 30985.9297  0.08%   103 2567s
 1367121 917505 30984.4778   80  188 30960.0000 30985.9291  0.08%   103 2571s
 1368411 918075 30984.1648   81  181 30960.0000 30985.9291  0.08%   103 2577s
 1369177 919670 30984.0101   82  162 30960.0000 30985.9289  0.08%   103 2581s
 1371488 920983     cutoff  120      30960.0000 30985.9278  0.08%   103 2586s
 1373357 922166 30974.6993   87  133 30960.0000 30985.9272  0.08%   103 2590s
 1377153 924307 30982.2796   94  160 30960.0000 30985.9260  0.08%   103 2595s
 1380482 926831 30964.8830   82  125 30960.0000 30985.9251  0.08%   103 2601s
 1383765 928902 30979.9026   71  139 30960.0000 30985.9241  0.08%   103 2608s
 1385555 930132 30981.0000   85  164 30960.0000 30985.9234  0.08%   103 2611s
 1389225 932730 30980.5858   89  133 30960.0000 30985.9220  0.08%   103 2618s
 1391117 934215 30979.2906   95  136 30960.0000 30985.9214  0.08%   103 2621s
 1394809 936563 30972.4429   88  111 30960.0000 30985.9203  0.08%   103 2627s
 1396662 937828 30978.9892   74  142 30960.0000 30985.9199  0.08%   103 2630s
 1399953 940274 30983.7948   66  170 30960.0000 30985.9190  0.08%   103 2636s
 1403723 942504 30983.1654   64  145 30960.0000 30985.9181  0.08%   103 2642s
 1405378 943817 30964.4201   80  136 30960.0000 30985.9175  0.08%   103 2646s
 1409273 946781 30970.6912   95  117 30960.0000 30985.9165  0.08%   103 2652s
 1411471 947610 30964.5917  108  131 30960.0000 30985.9161  0.08%   103 2655s
 1414616 949914 30981.4912   88  160 30960.0000 30985.9152  0.08%   103 2660s
 1418210 952580 30966.0057   98  133 30960.0000 30985.9142  0.08%   103 2667s
 1420041 953760 30979.0056   79  178 30960.0000 30985.9136  0.08%   103 2670s
 1423580 956489 30983.8858   88  177 30960.0000 30985.9126  0.08%   103 2677s
 1427170 958751 30969.5678  132  131 30960.0000 30985.9114  0.08%   103 2683s
 1428889 959817 30983.5699   88  162 30960.0000 30985.9110  0.08%   103 2686s
 1432568 962602 30983.5644   78  159 30960.0000 30985.9097  0.08%   103 2694s
 1434592 964083     cutoff   80      30960.0000 30985.9092  0.08%   103 2698s
 1436708 965361     cutoff  124      30960.0000 30985.9088  0.08%   103 2701s
 1440423 967649 30984.9557   94  190 30960.0000 30985.9080  0.08%   103 2709s
 1442354 968918 30978.9382  104  134 30960.0000 30985.9074  0.08%   103 2712s
 1444190 970276 30974.7756   91  127 30960.0000 30985.9069  0.08%   103 2716s
 1446220 971570 30967.3040   96  126 30960.0000 30985.9062  0.08%   103 2720s
 1449935 974263 30984.4455   74  170 30960.0000 30985.9051  0.08%   103 2730s
 1453800 977082 30984.1190   80  162 30960.0000 30985.9036  0.08%   103 2737s
 1455678 978016 30981.4931   86  154 30960.0000 30985.9030  0.08%   103 2741s
 1457216 979298 30971.1859  109  123 30960.0000 30985.9028  0.08%   103 2745s
 1460724 981682 30985.5207   62  172 30960.0000 30985.9018  0.08%   103 2753s
 1462704 982856     cutoff   78      30960.0000 30985.9013  0.08%   103 2757s
 1464451 983966 30961.0364   82  133 30960.0000 30985.9009  0.08%   103 2761s
 1466158 985499 30985.3752   67  194 30960.0000 30985.9003  0.08%   103 2766s
 1468278 986686 30985.1781   66  189 30960.0000 30985.8997  0.08%   103 2770s
 1471736 989150 30972.6999   81  166 30960.0000 30985.8987  0.08%   103 2778s
 1473634 990479 30984.4519   63  169 30960.0000 30985.8982  0.08%   103 2783s
 1475612 991960 30985.0425   65  177 30960.0000 30985.8977  0.08%   103 2787s
 1477611 993295 30974.4161  114  151 30960.0000 30985.8972  0.08%   103 2790s
 1481028 995799 30979.4785   81  136 30960.0000 30985.8962  0.08%   103 2797s
 1483063 997257 30977.7234   95  170 30960.0000 30985.8956  0.08%   103 2802s
 1485070 998349 30971.0554   70  154 30960.0000 30985.8951  0.08%   103 2805s
 1488676 1000829 30982.9087   96  162 30960.0000 30985.8942  0.08%   103 2811s
 1491881 1003013 30967.4843   78  110 30960.0000 30985.8933  0.08%   103 2817s
 1493642 1004352 30976.5820   89  156 30960.0000 30985.8928  0.08%   103 2821s
 1495932 1005625 30980.8465   98  138 30960.0000 30985.8921  0.08%   103 2825s
 1499067 1008152 30984.2856   70  201 30960.0000 30985.8913  0.08%   103 2831s
 1502705 1010695 30983.1821   85  167 30960.0000 30985.8901  0.08%   103 2838s
 1504880 1011917 30973.5971  109  124 30960.0000 30985.8894  0.08%   103 2842s
 1506612 1013215 30974.1264   95  140 30960.0000 30985.8889  0.08%   103 2845s
 1510410 1015335 30966.5724  116  150 30960.0000 30985.8880  0.08%   103 2851s
 1513636 1017603 30982.6976   89  134 30960.0000 30985.8870  0.08%   103 2856s
 1515190 1018732 30982.2763   75  157 30960.0000 30985.8866  0.08%   103 2860s
 1518788 1021690     cutoff   95      30960.0000 30985.8858  0.08%   103 2867s
 1520927 1022914 30975.0525  112  116 30960.0000 30985.8852  0.08%   103 2871s
 1524247 1025304 30983.2609   85  180 30960.0000 30985.8844  0.08%   103 2876s
 1526045 1026544 30982.9786   80  174 30960.0000 30985.8840  0.08%   103 2880s
 1529232 1028591 30984.7405   86  199 30960.0000 30985.8829  0.08%   103 2886s
 1531023 1029689 30982.8393   67  177 30960.0000 30985.8824  0.08%   103 2890s
 1534368 1032098 30981.6381   63  135 30960.0000 30985.8817  0.08%   103 2896s
 1538001 1034395 30977.1495   84  143 30960.0000 30985.8805  0.08%   103 2902s
 1539774 1035503 30984.5565   77  173 30960.0000 30985.8800  0.08%   103 2906s
 1541418 1036638 30982.3188   85  168 30960.0000 30985.8795  0.08%   103 2910s
 1543230 1038069 30972.6013   92  108 30960.0000 30985.8791  0.08%   103 2915s
 1547398 1040645 30969.4710   89  135 30960.0000 30985.8777  0.08%   103 2921s
 1549078 1041765 30979.3684   77  135 30960.0000 30985.8773  0.08%   103 2925s
 1553100 1044423 30975.5127   80  150 30960.0000 30985.8763  0.08%   103 2930s
 1556786 1046903 30977.3074   83  139 30960.0000 30985.8751  0.08%   102 2936s
 1558741 1047889 30985.1056   85  175 30960.0000 30985.8745  0.08%   102 2940s
 1562229 1050431 30978.4466   76  136 30960.0000 30985.8736  0.08%   102 2947s
 1563874 1051626 30978.4459   78  117 30960.0000 30985.8731  0.08%   102 2950s
 1567291 1053295 30971.2636   93  131 30960.0000 30985.8722  0.08%   102 2956s
 1568526 1053531 30972.2735   74  132 30960.0000 30985.8718  0.08%   102 2963s
 1568876 1053788 30970.4830   75   97 30960.0000 30985.8718  0.08%   102 2971s
 1569245 1055411 30985.2469   69  187 30960.0000 30985.8718  0.08%   102 2976s
 1571601 1056362 30971.2817  110  106 30960.0000 30985.8710  0.08%   102 2981s
 1573002 1057679 30983.9891   76  163 30960.0000 30985.8707  0.08%   102 2985s
 1575169 1058887 30965.2598  147  133 30960.0000 30985.8702  0.08%   102 2990s
 1578930 1061233 30985.5119   57  166 30960.0000 30985.8691  0.08%   102 2997s
 1580722 1062299 30984.4865   84  161 30960.0000 30985.8686  0.08%   102 3000s
 1584098 1064697 30977.3178   95  141 30960.0000 30985.8678  0.08%   102 3006s
 1587733 1067220 30972.8034  105  115 30960.0000 30985.8669  0.08%   102 3014s
 1589464 1068496 30977.4116   95  155 30960.0000 30985.8664  0.08%   102 3017s
 1591354 1069910 30979.2527   94  157 30960.0000 30985.8660  0.08%   102 3020s
 1595287 1072381 30977.8478   94  148 30960.0000 30985.8647  0.08%   102 3027s
 1597069 1073643 30982.8767   73  157 30960.0000 30985.8641  0.08%   102 3030s
 1600766 1075537     cutoff   71      30960.0000 30985.8631  0.08%   102 3036s
 1601782 1076768 30976.7824   87  155 30960.0000 30985.8628  0.08%   102 3040s
 1605665 1079428 30980.4571   97  163 30960.0000 30985.8620  0.08%   102 3047s
 1609206 1081825 30975.0079  110  122 30960.0000 30985.8611  0.08%   102 3053s
 1610858 1083260 30973.0403   95  137 30960.0000 30985.8605  0.08%   102 3056s
 1612800 1084553 30974.2891  120  102 30960.0000 30985.8600  0.08%   102 3060s
 1616602 1087112 30965.3483   74  100 30960.0000 30985.8592  0.08%   102 3067s
 1618549 1088230 30971.9486   89  155 30960.0000 30985.8586  0.08%   102 3070s
 1622179 1090707 30977.8869   87  168 30960.0000 30985.8577  0.08%   102 3076s
 1625812 1093164     cutoff  101      30960.0000 30985.8568  0.08%   102 3082s
 1627717 1094439     cutoff  134      30960.0000 30985.8562  0.08%   102 3085s
 1631401 1097041 30973.5890  123  147 30960.0000 30985.8555  0.08%   102 3091s
 1633210 1098310 30978.7333   87  124 30960.0000 30985.8550  0.08%   102 3095s
 1635129 1099667 30982.4429  101  180 30960.0000 30985.8545  0.08%   102 3100s
 1638614 1102082 30980.2414   82  136 30960.0000 30985.8534  0.08%   102 3106s
 1642373 1104511 30979.9889   89  162 30960.0000 30985.8526  0.08%   102 3113s
 1644328 1105810 30977.7811   75  132 30960.0000 30985.8519  0.08%   102 3116s
 1648046 1107862     cutoff  131      30960.0000 30985.8508  0.08%   102 3122s
 1649426 1108384 30977.6751   87  145 30960.0000 30985.8506  0.08%   102 3127s
 1650188 1111510 30972.8200  111  127 30960.0000 30985.8503  0.08%   102 3137s
 1654705 1112734 30970.7497   83  147 30960.0000 30985.8489  0.08%   102 3141s
 1658530 1115549 30978.1475   87  147 30960.0000 30985.8481  0.08%   102 3148s
 1660633 1116926 30979.8193   90  138 30960.0000 30985.8474  0.08%   102 3151s
 1664884 1119921 30962.1638  103  131 30960.0000 30985.8464  0.08%   102 3157s
 1666898 1121154 30980.5601   80  147 30960.0000 30985.8459  0.08%   102 3160s
 1670728 1123547 30983.5173   81  157 30960.0000 30985.8445  0.08%   102 3167s
 1672457 1124524 30978.0000   91  141 30960.0000 30985.8441  0.08%   102 3170s
 1676060 1127409 30984.3429   87  187 30960.0000 30985.8432  0.08%   102 3176s
 1679996 1129901 30983.7648   75  165 30960.0000 30985.8422  0.08%   102 3182s
 1681696 1131280 30983.0919  112  167 30960.0000 30985.8418  0.08%   102 3185s
 1685454 1134077 30980.1130   92  169 30960.0000 30985.8410  0.08%   102 3192s
 1687348 1135289 30982.1111   72  158 30960.0000 30985.8406  0.08%   102 3195s
 1691037 1137856 30983.3826   85  150 30960.0000 30985.8397  0.08%   102 3202s
 1692843 1139397 30979.1019   90  125 30960.0000 30985.8393  0.08%   102 3206s
 1696422 1141791 30975.2437  132  106 30960.0000 30985.8386  0.08%   102 3213s
 1698486 1143055 30964.0027   72  115 30960.0000 30985.8379  0.08%   102 3217s
 1700361 1143896 30983.2857   65  184 30960.0000 30985.8375  0.08%   102 3221s
 1701589 1145223 30965.5390  108  100 30960.0000 30985.8373  0.08%   102 3226s
 1703551 1146216 30966.6410   71  158 30960.0000 30985.8364  0.08%   102 3230s
 1704989 1147550 30975.8166  117  142 30960.0000 30985.8362  0.08%   102 3235s
 1709017 1149938 30982.9313   72  168 30960.0000 30985.8352  0.08%   102 3242s
 1710415 1151443 30969.5136   82  145 30960.0000 30985.8348  0.08%   102 3245s
 1714199 1153533     cutoff  125      30960.0000 30985.8340  0.08%   102 3251s
 1717776 1156060 30984.8652   59  159 30960.0000 30985.8332  0.08%   102 3257s
 1719396 1157007 30971.4742  102  133 30960.0000 30985.8326  0.08%   102 3261s
 1720787 1158424 30974.5147   97  129 30960.0000 30985.8325  0.08%   102 3265s
 1724583 1161131 30984.6330   85  204 30960.0000 30985.8314  0.08%   102 3272s
 1727527 1162539 30981.8386   69  182 30960.0000 30985.8306  0.08%   102 3275s
 1730261 1164931 30977.8514   69  162 30960.0000 30985.8298  0.08%   102 3281s
 1731980 1166161 30972.3010   87  149 30960.0000 30985.8294  0.08%   102 3285s
 1735152 1168537 30982.8162   87  171 30960.0000 30985.8287  0.08%   102 3292s
 1737032 1169908 30982.3262   79  144 30960.0000 30985.8280  0.08%   102 3295s
 1740766 1172391 30984.3236   87  204 30960.0000 30985.8272  0.08%   102 3302s
 1742487 1173616 30982.8031   74  186 30960.0000 30985.8268  0.08%   102 3306s
 1744230 1175144 30978.9236   88  156 30960.0000 30985.8262  0.08%   102 3310s
 1748106 1177653 30985.1158   85  186 30960.0000 30985.8254  0.08%   102 3315s
 1751412 1179867 30984.6512   72  168 30960.0000 30985.8244  0.08%   102 3322s
 1755135 1182530 30978.9207  113  142 30960.0000 30985.8237  0.08%   102 3327s
 1756983 1183873 30968.2143   91   85 30960.0000 30985.8233  0.08%   102 3330s
 1760618 1186317 30970.9726   70  145 30960.0000 30985.8224  0.08%   102 3336s
 1764351 1188343 30984.7168   81  183 30960.0000 30985.8215  0.08%   102 3344s
 1765253 1189914 30965.4079   98  127 30960.0000 30985.8214  0.08%   102 3348s
 1767592 1190882 30962.6449   83  131 30960.0000 30985.8209  0.08%   102 3352s
 1769081 1192047 30983.1932   85  163 30960.0000 30985.8206  0.08%   102 3355s
 1773033 1194864 30983.7298   78  144 30960.0000 30985.8198  0.08%   102 3363s
 1774997 1196305 30979.2026   80  150 30960.0000 30985.8194  0.08%   102 3366s
 1779109 1198876 30985.3883   62  192 30960.0000 30985.8178  0.08%   102 3372s
 1780969 1200463 30969.3890  112  159 30960.0000 30985.8174  0.08%   102 3375s
 1784794 1202541 30967.7307   77  169 30960.0000 30985.8162  0.08%   101 3381s
 1788136 1204645 30964.3469   85  126 30960.0000 30985.8151  0.08%   101 3387s
 1789453 1206095 30978.6491   91  127 30960.0000 30985.8149  0.08%   101 3391s
 1793281 1208380 30970.0261   89  133 30960.0000 30985.8138  0.08%   101 3397s
 1794920 1209694 30985.2544   94  192 30960.0000 30985.8135  0.08%   101 3401s
 1798697 1212179 30965.2416  114  128 30960.0000 30985.8126  0.08%   101 3407s
 1800432 1213524 30985.6323   83  183 30960.0000 30985.8122  0.08%   101 3411s
 1802530 1214832 30974.8004   99  128 30960.0000 30985.8115  0.08%   101 3415s
 1806072 1217092 30980.8801   64  151 30960.0000 30985.8106  0.08%   101 3421s
 1809610 1219281 30971.0000   84  153 30960.0000 30985.8098  0.08%   101 3427s
 1811222 1220601 30981.1623   86  132 30960.0000 30985.8093  0.08%   101 3430s
 1814907 1223041 30979.8025   89  148 30960.0000 30985.8083  0.08%   101 3438s
 1816737 1224030 30981.0457   76  136 30960.0000 30985.8078  0.08%   101 3442s
 1818401 1225556 30973.2311   83  131 30960.0000 30985.8075  0.08%   101 3445s
 1822440 1228131 30969.7982  110  110 30960.0000 30985.8063  0.08%   101 3452s
 1824258 1229255     cutoff  115      30960.0000 30985.8060  0.08%   101 3456s
 1827861 1231696 30981.9609   82  152 30960.0000 30985.8052  0.08%   101 3462s
 1829517 1232914 30976.5243   71  146 30960.0000 30985.8052  0.08%   101 3465s
 1831330 1234136 30977.3304   71  147 30960.0000 30985.8046  0.08%   101 3470s
 1835072 1236704 30973.9066  100  126 30960.0000 30985.8038  0.08%   101 3476s
 1838652 1239303 30980.5191   99  181 30960.0000 30985.8029  0.08%   101 3483s
 1840546 1240623 30965.9428   86   79 30960.0000 30985.8023  0.08%   101 3486s
 1843930 1242808 30984.7372   81  177 30960.0000 30985.8014  0.08%   101 3493s
 1845717 1244080 30984.7444   87  184 30960.0000 30985.8010  0.08%   101 3499s
 1847537 1245637 30966.3292  107   95 30960.0000 30985.8006  0.08%   101 3502s
 1849679 1246788 30981.1277   95  138 30960.0000 30985.7999  0.08%   101 3505s
 1853436 1249230 30974.2865   82  137 30960.0000 30985.7991  0.08%   101 3511s
 1855354 1250615 30985.5971   59  176 30960.0000 30985.7987  0.08%   101 3515s
 1859103 1253211 30977.7967  105  137 30960.0000 30985.7978  0.08%   101 3521s
 1862618 1255384 30975.6604   77  170 30960.0000 30985.7969  0.08%   101 3527s
 1864162 1256653 30981.3868  100  164 30960.0000 30985.7965  0.08%   101 3530s
 1867757 1258860 30983.2092   82  173 30960.0000 30985.7955  0.08%   101 3537s
 1869418 1259818 30981.8808   86  170 30960.0000 30985.7952  0.08%   101 3540s
 1872851 1262158 30968.3040   95  140 30960.0000 30985.7944  0.08%   101 3546s
 1874630 1263582 30971.6992   95  138 30960.0000 30985.7940  0.08%   101 3550s
 1878463 1266101 30981.1683   87  169 30960.0000 30985.7928  0.08%   101 3556s
 1880329 1267270 30983.2141   89  164 30960.0000 30985.7925  0.08%   101 3560s
 1883835 1269919 30970.0000   83  132 30960.0000 30985.7915  0.08%   101 3566s
 1887451 1272274 30983.3424   88  174 30960.0000 30985.7908  0.08%   101 3572s
 1889192 1273554 30973.5254   76  138 30960.0000 30985.7904  0.08%   101 3575s
 1893310 1276128 30979.3774   98  201 30960.0000 30985.7897  0.08%   101 3581s
 1896659 1278670 30978.1906  134  122 30960.0000 30985.7890  0.08%   101 3587s
 1898531 1279594 30969.8655  110  114 30960.0000 30985.7886  0.08%   101 3590s
 1901620 1282119 30985.1719   95  177 30960.0000 30985.7880  0.08%   101 3596s
 1905166 1283353     cutoff   99      30960.0000 30985.7871  0.08%   101 3600s

Cutting planes:
  Gomory: 33
  Cover: 84
  Clique: 18
  MIR: 339
  StrongCG: 254
  Flow cover: 70
  Zero half: 6
  RLT: 11
  Relax-and-lift: 1

Explored 1905203 nodes (192669434 simplex iterations) in 3600.03 seconds
Thread count was 12 (of 12 available processors)

Solution count 10: 30960 30952 30945 ... 30813

Time limit reached
Best objective 3.096000000000e+04, best bound 3.098500000000e+04, gap 0.0807%
