
Gurobi 9.1.2 (win64, Java) logging started Sun Nov  7 02:57:10 2021

Academic license - for non-commercial use only - expires 2022-10-30
Gurobi Optimizer version 9.1.2 build v9.1.2rc0 (win64)
Thread count: 6 physical cores, 12 logical processors, using up to 12 threads
Optimize a model with 80 rows, 1200 columns and 2400 nonzeros
Model fingerprint: 0xd5fd99ba
Variable types: 0 continuous, 1200 integer (1200 binary)
Coefficient statistics:
  Matrix range     [1e+00, 1e+03]
  Objective range  [4e+02, 1e+03]
  Bounds range     [1e+00, 1e+00]
  RHS range        [1e+00, 1e+03]
Found heuristic solution: objective 26473.000000
Presolve removed 0 rows and 330 columns
Presolve time: 0.01s
Presolved: 80 rows, 870 columns, 1740 nonzeros
Variable types: 0 continuous, 870 integer (870 binary)
Presolved: 80 rows, 870 columns, 1740 nonzeros


Root relaxation: objective 3.182266e+04, 352 iterations, 0.00 seconds

    Nodes    |    Current Node    |     Objective Bounds      |     Work
 Expl Unexpl |  Obj  Depth IntInf | Incumbent    BestBd   Gap | It/Node Time

     0     0 31822.6558    0   30 26473.0000 31822.6558  20.2%     -    0s
H    0     0                    29850.000000 31822.6558  6.61%     -    0s
H    0     0                    29862.000000 31822.6558  6.57%     -    0s
H    0     0                    30556.000000 31822.6558  4.15%     -    0s
     0     0 31822.6558    0   54 30556.0000 31822.6558  4.15%     -    0s
     0     0 31822.6558    0   38 30556.0000 31822.6558  4.15%     -    0s
     0     2 31822.6558    0   37 30556.0000 31822.6558  4.15%     -    0s
H   31    39                    30612.000000 31822.6558  3.95%  54.8    0s
H   35    39                    30617.000000 31822.6558  3.94%  50.5    0s
H  122   158                    31061.000000 31822.6558  2.45%  31.7    1s
H  140   158                    31101.000000 31822.6558  2.32%  31.7    1s
H 1435  1292                    31151.000000 31822.6558  2.16%  15.0    2s
H 1486  1231                    31174.000000 31809.0000  2.04%  15.4    3s
H 1488  1170                    31220.000000 31809.0000  1.89%  15.4    3s
  1504  1185 31809.0000   25   58 31220.0000 31809.0000  1.89%  23.9    5s
H 1636  1220                    31248.000000 31809.0000  1.80%  38.7    7s
  1933  1524 31808.4033   44  144 31248.0000 31809.0000  1.80%  44.0   10s
H 1961  1459                    31278.000000 31809.0000  1.70%  46.0   10s
H 2184  1641                    31280.000000 31809.0000  1.69%  49.2   11s
H 2242  1572                    31285.000000 31809.0000  1.67%  50.3   11s
H 2268  1514                    31309.000000 31809.0000  1.60%  50.1   11s
H 2509  2233                    31320.000000 31809.0000  1.56%  51.3   12s
H 4530  3372                    31328.000000 31808.9708  1.54%  46.9   14s
  5401  3798 31808.7000   33  146 31328.0000 31808.9708  1.54%  45.1   15s
H 6617  4566                    31331.000000 31808.9446  1.53%  43.6   18s
H 6804  4565                    31334.000000 31808.9446  1.52%  43.7   18s
H 6873  4726                    31338.000000 31808.9446  1.50%  43.6   20s
H 7993  5604                    31359.000000 31808.9446  1.43%  43.9   22s
 11518  9616 31805.3687   82  142 31359.0000 31808.8922  1.43%  41.6   25s
 18407 15755 31800.7868   44  177 31359.0000 31808.7904  1.43%  39.9   30s
 23476 20290 31807.7190   77  112 31359.0000 31808.7745  1.43%  40.0   35s
H26953 22974                    31363.000000 31808.7577  1.42%  39.7   38s
 30603 26801 31801.9082   68  125 31363.0000 31808.7434  1.42%  39.0   40s
 35550 30151 31781.9349   55   91 31363.0000 31808.7333  1.42%  39.2   45s
 36606 30161 31626.2194   50  207 31363.0000 31807.9321  1.42%  39.7   50s
 36626 30174 31805.7441   42  245 31363.0000 31805.7441  1.41%  39.7   55s
 36659 30197 31805.2671   55  231 31363.0000 31805.2671  1.41%  40.1   60s
 36675 30211 31805.1003   49  241 31363.0000 31805.1003  1.41%  40.3   65s
 36799 30313 31804.5663   57  229 31363.0000 31804.5852  1.41%  40.6   70s
 38006 31572 31800.5671   83  180 31363.0000 31804.5852  1.41%  41.9   75s
 40160 32389 31769.8698  130   68 31363.0000 31804.5852  1.41%  42.9   86s
 42774 34628 31802.4208   61  188 31363.0000 31804.4738  1.41%  44.4   90s
H43092 33007                    31366.000000 31804.4738  1.40%  44.5   90s
 48452 36189 31802.8736   64  205 31366.0000 31803.9551  1.40%  44.1   98s
H48505 34733                    31367.000000 31803.9551  1.39%  44.1   98s
 50629 36533 31765.2080  109  150 31367.0000 31803.8285  1.39%  44.5  101s
 53478 36716 31799.1628   74  162 31367.0000 31803.7493  1.39%  44.6  105s
 55180 39126 31472.6181  188   69 31367.0000 31803.7217  1.39%  44.7  110s
 60297 41786 31684.4599  139   42 31367.0000 31803.6281  1.39%  45.6  115s
 65745 44213 31794.1727  101  149 31367.0000 31803.5322  1.39%  45.7  121s
 69134 46340 31788.9983   92  133 31367.0000 31803.4698  1.39%  45.8  125s
 72379 48209 31798.3234   75  205 31367.0000 31803.4347  1.39%  45.9  130s
 75996 50351 31769.8249   77  142 31367.0000 31803.3644  1.39%  46.3  135s
 81765 53654 31754.6105  125   90 31367.0000 31803.2831  1.39%  46.8  141s
 85957 54890 31795.5185   72  162 31367.0000 31803.2548  1.39%  47.0  145s
 88457 56694 31703.0143  120  131 31367.0000 31803.2171  1.39%  47.4  150s
 92463 57748 31702.2409  141  113 31367.0000 31803.1798  1.39%  47.6  156s
 93121 63851 31801.6539   59  183 31367.0000 31803.1787  1.39%  47.5  162s
 100303 61783 31798.6734   76  150 31367.0000 31803.1246  1.39%  47.8  166s
 102445 64338 31684.2247  112  117 31367.0000 31803.1063  1.39%  48.0  170s
 106121 65679 31389.3124  241   82 31367.0000 31803.0668  1.39%  48.4  176s
 109896 67944 31764.2224  152  131 31367.0000 31803.0467  1.39%  48.9  180s
 114153 68616 31793.8117   82  162 31367.0000 31803.0229  1.39%  49.0  186s
 116730 71520 31768.3451  121  145 31367.0000 31802.9992  1.39%  49.2  191s
 120148 72403 31795.4149   64  143 31367.0000 31802.9740  1.39%  49.3  199s
 120630 74336 31795.1754   65  155 31367.0000 31802.9737  1.39%  49.3  202s
 125327 78256 31710.1886  128   77 31367.0000 31802.9341  1.39%  49.4  208s
 127279 80235 31800.5112   72  194 31367.0000 31802.9310  1.39%  49.5  211s
 129893 82095 31799.7459   76  167 31367.0000 31802.9156  1.39%  49.6  216s
H131563 82174                    31369.000000 31802.9086  1.38%  49.7  222s
 131703 83794 31798.3313   75  168 31369.0000 31802.9044  1.38%  49.7  225s
H132655 83583                    31378.000000 31802.9044  1.35%  49.8  225s
 133493 84239 31801.2076   60  179 31378.0000 31802.9044  1.35%  49.8  230s
 137197 88932 31785.9251  100  152 31378.0000 31802.8698  1.35%  50.1  235s
 142438 91490 31800.6426   65  184 31378.0000 31802.8483  1.35%  50.2  241s
 144133 94232 31787.5586  101  149 31378.0000 31802.8440  1.35%  50.4  245s
 148184 97786 31745.0396  116  116 31378.0000 31802.8113  1.35%  50.6  259s
 149687 100327 31793.1632   98  126 31378.0000 31802.8065  1.35%  50.6  261s
 154594 103642 31784.9512   98  139 31378.0000 31802.7713  1.35%  50.7  265s
 159821 108234 31792.8048   76  179 31378.0000 31802.7402  1.35%  50.9  271s
 163397 111354 31798.9222   77  190 31378.0000 31802.7350  1.35%  51.0  276s
 168894 116125 31786.5823   84  113 31378.0000 31802.6920  1.35%  51.3  283s
 170779 117705 31612.3788  153   73 31378.0000 31802.6859  1.35%  51.4  285s
 175488 121514 31497.8907  159   91 31378.0000 31802.6671  1.35%  51.5  292s
 176951 123182 31800.4753   72  163 31378.0000 31802.6612  1.35%  51.5  295s
H183116 127161                    31379.000009 31802.6370  1.35%  51.6  299s
 183441 128802 31740.9609  139  126 31379.0000 31802.6339  1.35%  51.6  300s
H185333 130593                    31382.000000 31802.6224  1.34%  51.6  302s
 189054 133994 31796.3652   83  183 31382.0000 31802.6008  1.34%  51.8  306s
 192524 136399 31726.8144   86   85 31382.0000 31802.5768  1.34%  51.9  311s
 196099 139401 31403.4295  152   42 31382.0000 31802.5647  1.34%  52.0  315s
 199536 142374 31643.8539  118  103 31382.0000 31802.5462  1.34%  52.1  320s
 205206 147573 31737.2312  154  143 31382.0000 31802.5257  1.34%  52.2  327s
H207306 148977                    31386.000000 31802.5195  1.33%  52.3  329s
 208957 150511 31722.9736  143   99 31386.0000 31802.5142  1.33%  52.3  331s
 212602 153526 31799.0166   56  178 31386.0000 31802.5078  1.33%  52.4  336s
 216040 156513 31750.3158  145  143 31386.0000 31802.4895  1.33%  52.5  340s
 221435 161047 31801.3337   63  182 31386.0000 31802.4740  1.33%  52.5  345s
 225368 164579 31695.4025  130  117 31386.0000 31802.4558  1.33%  52.7  350s
 228939 168113 31797.4041   84  168 31386.0000 31802.4443  1.33%  52.8  355s
 231915 170470 31791.9136   90  175 31386.0000 31802.4274  1.33%  52.8  360s
 233823 171487 31694.7378  121  100 31386.0000 31802.4201  1.33%  52.8  365s
 239115 177058 31682.0574  128   66 31386.0000 31802.3852  1.33%  52.9  372s
 242749 179644 31693.7145  181  133 31386.0000 31802.3726  1.33%  53.0  376s
 246497 182766 31793.3021   69  160 31386.0000 31802.3559  1.33%  53.0  380s
 251134 186775 31796.5022   70  165 31386.0000 31802.3354  1.33%  53.2  386s
 254668 189260 31710.8328  126   85 31386.0000 31802.3196  1.33%  53.3  392s
 255968 189686 31569.0357  175   41 31386.0000 31802.3137  1.33%  53.3  396s
 258367 193138 31781.1837  117  161 31386.0000 31802.3055  1.33%  53.3  401s
 262346 195937 31696.9813  146  120 31386.0000 31802.2952  1.33%  53.3  407s
 264916 198538 31789.6964   73  137 31386.0000 31802.2795  1.33%  53.6  411s
 269028 200234 31800.1989   81  170 31386.0000 31802.2732  1.33%  53.6  419s
H269032 199986                    31389.000000 31802.2732  1.32%  53.6  419s
 269100 201596 31799.6042   82  172 31389.0000 31802.2732  1.32%  53.7  421s
H272895 203329                    31390.000000 31802.2652  1.31%  53.7  423s
 273101 205018 31796.3241   81  194 31390.0000 31802.2652  1.31%  53.7  425s
 276878 208354 31799.3191   70  186 31390.0000 31802.2428  1.31%  53.7  430s
 283003 212151 31694.9986  181  110 31390.0000 31802.2259  1.31%  53.7  439s
 283370 213693 31690.8456  182  107 31390.0000 31802.2254  1.31%  53.7  441s
 286717 216261 31798.2030   77  174 31390.0000 31802.2058  1.31%  53.8  445s
 289799 219040 31464.7438  244   74 31390.0000 31802.1964  1.31%  53.9  451s
 293344 222312 31757.9244   95  117 31390.0000 31802.1851  1.31%  53.9  455s
 297214 225221     cutoff  127      31390.0000 31802.1635  1.31%  54.0  460s
 303345 230318 31800.2926   64  184 31390.0000 31802.1477  1.31%  54.1  466s
 306702 233352 31792.4378   99  165 31390.0000 31802.1391  1.31%  54.1  471s
 310356 236277 31798.7650   71  135 31390.0000 31802.1249  1.31%  54.1  475s
 313816 239396 31784.9669   84  131 31390.0000 31802.1130  1.31%  54.1  480s
 319443 242975 31761.3614   80   87 31390.0000 31802.1005  1.31%  54.3  488s
 320203 244020 31713.2875   80   68 31390.0000 31802.0997  1.31%  54.3  491s
 323218 247206 31798.7844   76  154 31390.0000 31802.0871  1.31%  54.3  495s
 327263 250259 31781.6550   83   89 31390.0000 31802.0729  1.31%  54.4  501s
 329276 251896 31774.4495  117  132 31390.0000 31802.0679  1.31%  54.4  505s
 333216 255540 31758.9152  123  137 31390.0000 31802.0599  1.31%  54.5  510s
 337111 258411 31608.0122  135   79 31390.0000 31802.0526  1.31%  54.5  515s
 340362 261466 31708.9156  167  133 31390.0000 31802.0433  1.31%  54.5  520s
 345666 266329 31670.3864  149  116 31390.0000 31802.0321  1.31%  54.5  526s
 349038 268715 31795.1640   68  188 31390.0000 31802.0229  1.31%  54.5  530s
 352095 271612 31799.1099   80  186 31390.0000 31802.0165  1.31%  54.6  535s
 354018 271963 31647.9099  160   71 31390.0000 31802.0097  1.31%  54.7  541s
 357159 276171 31494.7265  139   82 31390.0000 31802.0065  1.31%  54.7  546s
 361703 278419 31766.3047  110  139 31390.0000 31801.9965  1.31%  54.7  553s
 362002 280317 31765.0260  111  133 31390.0000 31801.9961  1.31%  54.7  555s
 366271 283680 31761.5713   72  115 31390.0000 31801.9875  1.31%  54.7  560s
 372195 288606 31783.7102  111  126 31390.0000 31801.9728  1.31%  54.7  566s
 375668 290168 31682.9370  125  121 31390.0000 31801.9677  1.31%  54.7  574s
 375837 291612 31676.8137  126  108 31390.0000 31801.9623  1.31%  54.7  576s
 379573 295134 31799.5639   65  139 31390.0000 31801.9550  1.31%  54.7  580s
 383419 298214 31726.4038  150   75 31390.0000 31801.9482  1.31%  54.8  586s
 387323 301058 31780.3796  100  147 31390.0000 31801.9423  1.31%  54.8  590s
 390665 304241 31429.6342  177   58 31390.0000 31801.9347  1.31%  54.8  595s
 396229 308846 31781.7010  132  181 31390.0000 31801.9235  1.31%  54.8  602s
 399730 311178 31752.2765  114  159 31390.0000 31801.9097  1.31%  54.8  606s
 402642 314323 31744.0420  100   95 31390.0000 31801.9005  1.31%  55.0  610s
 406790 317731 31755.3033  114   95 31390.0000 31801.8976  1.31%  54.9  615s
 412602 322537 31743.7164  107  123 31390.0000 31801.8817  1.31%  54.9  621s
 415886 325153 31638.9777   85   47 31390.0000 31801.8762  1.31%  55.0  625s
 420803 328434 31717.3791  184  122 31390.0000 31801.8638  1.31%  55.1  633s
 421315 330190 31713.2544  185  127 31390.0000 31801.8617  1.31%  55.1  636s
 424119 332793 31782.8063  105  175 31390.0000 31801.8560  1.31%  55.1  641s
 426379 334703 31797.5215   80  171 31390.0000 31801.8501  1.31%  55.1  645s
 430126 337834 31503.0574  237   39 31390.0000 31801.8452  1.31%  55.0  650s
 434012 340818 31684.4380  110  112 31390.0000 31801.8349  1.31%  55.0  655s
 437413 342756 31797.2336   59  170 31390.0000 31801.8275  1.31%  55.0  660s
 439533 344691 31768.2157  108  125 31390.0000 31801.8210  1.31%  55.0  666s
 442019 347892 31785.5728   95  174 31390.0000 31801.8174  1.31%  55.0  672s
 445811 351327 31666.9757  158   96 31390.0000 31801.8095  1.31%  55.0  676s
 449549 354556 31783.4269  124  154 31390.0000 31801.7997  1.31%  55.0  682s
 453487 357985 31745.8571  114  113 31390.0000 31801.7922  1.31%  55.0  687s
 457144 360872 31793.1919   74  151 31390.0000 31801.7829  1.31%  55.1  692s
 460677 364012 31788.1112   96  159 31390.0000 31801.7748  1.31%  55.1  696s
 464259 366572 31744.2702   67  113 31390.0000 31801.7687  1.31%  55.1  701s
 468127 370080 31800.5754   74  186 31390.0000 31801.7652  1.31%  55.3  706s
 472402 373609 31746.2973  103  110 31390.0000 31801.7549  1.31%  55.3  711s
 476110 376427 31797.4555   74  163 31390.0000 31801.7431  1.31%  55.4  715s
 478033 376635 31778.7956   99  144 31390.0000 31801.7404  1.31%  55.4  720s
 480530 380877 31776.0841   91  151 31390.0000 31801.7373  1.31%  55.4  725s
 487012 385680 31789.7945   98  151 31390.0000 31801.7275  1.31%  55.3  732s
 490345 388983 31799.2598   89  183 31390.0000 31801.7222  1.31%  55.4  736s
 494036 392035 31733.9477  120   99 31390.0000 31801.7179  1.31%  55.3  740s
 497616 394668 31783.5801   92  152 31390.0000 31801.7110  1.31%  55.3  746s
 501072 397918 31790.0382   83  178 31390.0000 31801.7019  1.31%  55.3  750s
 504864 401631 31787.9676   86  140 31390.0000 31801.6985  1.31%  55.4  756s
 511019 406446 31782.5220   98  160 31390.0000 31801.6868  1.31%  55.3  761s
 512718 406505 31747.5385   99  134 31390.0000 31801.6821  1.31%  55.3  769s
 512791 407882 31746.7005  100  129 31390.0000 31801.6811  1.31%  55.3  771s
 516063 410625 31630.3201  179   76 31390.0000 31801.6786  1.31%  55.4  775s
 519581 414082 31725.2717  143  105 31390.0000 31801.6689  1.31%  55.4  780s
 525233 418056     cutoff  173      31390.0000 31801.6593  1.31%  55.4  787s
 528170 421410 31793.9875   90  169 31390.0000 31801.6574  1.31%  55.4  792s
 530044 423048 31498.4891  232   88 31390.0000 31801.6501  1.31%  55.4  795s
 535171 427556 31626.6805  195   98 31390.0000 31801.6424  1.31%  55.4  801s
 538950 430966 31749.6645  130  141 31390.0000 31801.6377  1.31%  55.4  805s
 542510 433863 31753.2314  135  129 31390.0000 31801.6331  1.31%  55.4  810s
 547641 437833 31666.5215   78   68 31390.0000 31801.6263  1.31%  55.5  817s
 550798 439656 31595.9651   97   76 31390.0000 31801.6218  1.31%  55.6  822s
 551653 441380 31741.6860  119  136 31390.0000 31801.6215  1.31%  55.6  825s
 555506 444876 31723.5160  143  113 31390.0000 31801.6170  1.31%  55.6  830s
 559291 448419 31775.4296   86  123 31390.0000 31801.6096  1.31%  55.6  836s
 563657 451731 31735.7333  100  126 31390.0000 31801.6053  1.31%  55.6  840s
 567202 454479     cutoff  201      31390.0000 31801.5970  1.31%  55.6  845s
 572402 459073 31738.1976   97  123 31390.0000 31801.5881  1.31%  55.6  852s
 575894 462328 31612.9487  177  109 31390.0000 31801.5839  1.31%  55.6  856s
 579648 464004 31430.1791  234   44 31390.0000 31801.5773  1.31%  55.6  863s
 580010 465569 31681.7630  135   68 31390.0000 31801.5744  1.31%  55.6  865s
 584092 468528 31797.7217   64  164 31390.0000 31801.5673  1.31%  55.7  870s
 587282 471218 31424.6395   99   65 31390.0000 31801.5619  1.31%  55.8  876s
 591284 474769 31799.7122   66  157 31390.0000 31801.5564  1.31%  55.8  880s
 593033 475100 31773.1116  112  134 31390.0000 31801.5539  1.31%  55.8  885s
 593985 477268 31791.4874   97  187 31390.0000 31801.5534  1.31%  55.8  891s
 595876 478930 31514.1025  224   90 31390.0000 31801.5497  1.31%  55.8  895s
 599675 481966 31798.2661   79  171 31390.0000 31801.5459  1.31%  55.8  900s
 602770 484864 31720.3501  100   91 31390.0000 31801.5380  1.31%  55.8  905s
 606778 486797 31797.8485   78  136 31390.0000 31801.5332  1.31%  55.8  912s
 607283 487799 31797.3728   79  135 31390.0000 31801.5295  1.31%  55.9  916s
H608369 487485                    31392.000000 31801.5259  1.30%  55.9  916s
 608452 489143 31666.6342  136   70 31392.0000 31801.5249  1.30%  55.9  920s
 612731 492738 31762.7740  100  158 31392.0000 31801.5193  1.30%  55.9  925s
 616770 496158 31405.6411  246   70 31392.0000 31801.5131  1.30%  55.9  930s
 620280 498844 31595.0758  124   89 31392.0000 31801.5092  1.30%  55.8  936s
 623664 501831 31759.8301  124  170 31392.0000 31801.5032  1.30%  55.9  942s
 627628 504255 31745.4594   96  152 31392.0000 31801.4995  1.30%  55.9  949s
 628245 505652 31739.7099   97  154 31392.0000 31801.4992  1.30%  55.9  951s
 631937 509361 31756.4908  127  157 31392.0000 31801.4918  1.30%  55.9  956s
 635756 512367 31712.4580  150  107 31392.0000 31801.4877  1.30%  55.9  961s
 639311 515714 31761.0661  103  105 31392.0000 31801.4833  1.30%  55.8  967s
 641233 516090 31791.0137  108  177 31392.0000 31801.4786  1.30%  55.8  971s
 643423 519260 31564.3945  233  109 31392.0000 31801.4765  1.30%  55.8  975s
 647139 522449 31724.7066  147  134 31392.0000 31801.4707  1.30%  55.8  981s
 650781 525359 31561.0787  223   92 31392.0000 31801.4677  1.30%  55.8  986s
 654643 527286 31796.8143   74  168 31392.0000 31801.4576  1.30%  55.9  993s
 655019 528781 31796.5772   75  169 31392.0000 31801.4576  1.30%  55.9  996s
 659226 532337 31486.1198  155   68 31392.0000 31801.4515  1.30%  55.9 1003s
 661182 534063 31797.8188   73  171 31392.0000 31801.4476  1.30%  55.9 1006s
 663073 534862 31800.0156   73  188 31392.0000 31801.4456  1.30%  55.9 1010s
 667958 538137 31766.9085  106  153 31392.0000 31801.4373  1.30%  55.9 1021s
 669988 540564 31775.1862  118  151 31392.0000 31801.4331  1.30%  55.9 1027s
 670855 544052     cutoff  249      31392.0000 31801.4328  1.30%  55.9 1030s
 676914 547082 31795.0818   76  173 31392.0000 31801.4241  1.30%  56.0 1036s
 678593 547634 31779.1417   80  143 31392.0000 31801.4211  1.30%  56.0 1040s
 681175 551101 31688.0288  185  120 31392.0000 31801.4191  1.30%  56.0 1046s
 683363 551926 31793.8696   64  174 31392.0000 31801.4187  1.30%  56.0 1050s
 684523 552197 31797.1649   64  165 31392.0000 31801.4187  1.30%  56.0 1057s
 687427 556153 31678.0579  130   96 31392.0000 31801.4116  1.30%  56.0 1062s
 689494 558006 31790.4303  106  154 31392.0000 31801.4053  1.30%  56.1 1065s
 694737 562264 31727.2907   76  115 31392.0000 31801.3976  1.30%  56.1 1071s
 698523 564583 31794.8254   91  151 31392.0000 31801.3916  1.30%  56.1 1078s
 699175 566485 31758.8521  119  138 31392.0000 31801.3916  1.30%  56.1 1080s
 703326 570130 31744.0268  135  140 31392.0000 31801.3868  1.30%  56.1 1085s
 706241 572563 31595.0681  177   88 31392.0000 31801.3850  1.30%  56.1 1091s
 710091 576029 31688.2894  198  132 31392.0000 31801.3801  1.30%  56.1 1095s
 714111 579203 31703.0124  137  118 31392.0000 31801.3763  1.30%  56.1 1101s
 717859 582269 31791.9641   71  162 31392.0000 31801.3702  1.30%  56.1 1105s
 721444 585724 31733.5186  102  101 31392.0000 31801.3675  1.30%  56.1 1111s
 725499 589060 31793.4577   74  170 31392.0000 31801.3616  1.30%  56.0 1115s
 729193 591975 31499.6396  180   91 31392.0000 31801.3560  1.30%  56.0 1120s
 732251 594550 31793.0446   94  176 31392.0000 31801.3507  1.30%  56.1 1125s
 736194 598173 31798.0807   62  167 31392.0000 31801.3449  1.30%  56.2 1130s
 742277 603260 31771.7962   87  133 31392.0000 31801.3354  1.30%  56.2 1138s
 746084 606589 31799.8155   81  184 31392.0000 31801.3301  1.30%  56.2 1142s
 749848 608389 31799.0398   67  181 31392.0000 31801.3271  1.30%  56.2 1150s
 751916 611768 31683.5551   82   85 31392.0000 31801.3230  1.30%  56.2 1155s
 756327 615364 31664.5337  193   64 31392.0000 31801.3163  1.30%  56.2 1161s
 760069 618505 31792.0549   85  157 31392.0000 31801.3132  1.30%  56.2 1166s
 763733 620304 31795.7411   89  163 31392.0000 31801.3073  1.30%  56.2 1175s
 765741 623744 31430.4391  225   78 31392.0000 31801.3071  1.30%  56.2 1181s
 769295 627183 31653.9505  143   51 31392.0000 31801.3044  1.30%  56.2 1187s
 773114 629987 31751.3490   84  135 31392.0000 31801.2992  1.30%  56.2 1191s
 777006 633478 31792.6004   82  180 31392.0000 31801.2959  1.30%  56.2 1197s
 780703 635585     cutoff  148      31392.0000 31801.2916  1.30%  56.2 1202s
 783075 638776 31721.5415  133   92 31392.0000 31801.2880  1.30%  56.2 1206s
 786876 642353 31758.8602  131  113 31392.0000 31801.2857  1.30%  56.2 1212s
 790981 645501 31571.0063  126   81 31392.0000 31801.2811  1.30%  56.2 1216s
 794306 648478 31719.2883  160  126 31392.0000 31801.2764  1.30%  56.2 1222s
 797773 650488     cutoff  235      31392.0000 31801.2736  1.30%  56.2 1227s
 800138 652217 31635.2252  171   86 31392.0000 31801.2695  1.30%  56.2 1237s
 802332 655817 31715.9123  138   84 31392.0000 31801.2678  1.30%  56.2 1241s
 806121 658597 31800.7418   76  160 31392.0000 31801.2615  1.30%  56.2 1247s
 809298 659884 31795.9346   83  186 31392.0000 31801.2572  1.30%  56.2 1255s
 811012 662563 31756.2221  130  147 31392.0000 31801.2572  1.30%  56.2 1260s
 814799 665365 31617.3936  123   99 31392.0000 31801.2523  1.30%  56.2 1266s
 817954 668567 31793.0609  101  176 31392.0000 31801.2446  1.30%  56.3 1271s
 822032 671728 31796.7597   71  141 31392.0000 31801.2414  1.30%  56.3 1276s
 825660 674890 31799.0181   71  167 31392.0000 31801.2375  1.30%  56.3 1280s
 827383 675245 31800.1196   67  192 31392.0000 31801.2335  1.30%  56.3 1285s
 829742 678539 31781.1565   96  166 31392.0000 31801.2293  1.30%  56.3 1290s
 833545 681761 31763.9914   96  118 31392.0000 31801.2255  1.30%  56.3 1296s
 837119 684780 31734.5462   80   82 31392.0000 31801.2211  1.30%  56.4 1300s
 841211 688083 31712.6938  150  131 31392.0000 31801.2157  1.30%  56.3 1306s
 845172 691169 31791.2614   82  162 31392.0000 31801.2106  1.30%  56.3 1310s
 848411 694314 31787.3798   97  140 31392.0000 31801.2079  1.30%  56.3 1315s
 852169 697722 31624.6668  220  139 31392.0000 31801.2046  1.30%  56.3 1320s
 855839 700854 31772.4150   85  114 31392.0000 31801.1991  1.30%  56.3 1325s
 861172 705754     cutoff  234      31392.0000 31801.1950  1.30%  56.3 1332s
 865015 709004 31796.1144   84  157 31392.0000 31801.1873  1.30%  56.3 1336s
 868904 712079 31454.2748  197   76 31392.0000 31801.1847  1.30%  56.3 1340s
 872415 715431 31762.8202  130  138 31392.0000 31801.1811  1.30%  56.3 1346s
 876134 718773 31637.9799  167   65 31392.0000 31801.1779  1.30%  56.3 1350s
 879547 721715 31778.9050   91  174 31392.0000 31801.1749  1.30%  56.3 1355s
 883314 724659 31782.6965   93  147 31392.0000 31801.1701  1.30%  56.3 1360s
 886803 726711 31640.9995  118   18 31392.0000 31801.1670  1.30%  56.3 1366s
 889429 730136 31742.5271  112  100 31392.0000 31801.1635  1.30%  56.3 1371s
 893435 733500 31643.6669  162  101 31392.0000 31801.1583  1.30%  56.3 1376s
 897629 736645 31771.7264   95  118 31392.0000 31801.1533  1.30%  56.3 1380s
 902413 740947 31750.2199  144  151 31392.0000 31801.1461  1.30%  56.3 1386s
 904746 742945 31751.7749  127  162 31392.0000 31801.1438  1.30%  56.3 1392s
 906583 743311 31791.2689   84  175 31392.0000 31801.1416  1.30%  56.3 1397s
 907027 745078 31799.8327   77  167 31392.0000 31801.1413  1.30%  56.3 1400s
 911106 748459 31796.6480   79  166 31392.0000 31801.1377  1.30%  56.3 1405s
 915071 751833 31791.2052  100  140 31392.0000 31801.1349  1.30%  56.3 1412s
 918879 754720 31798.3354   75  176 31392.0000 31801.1306  1.30%  56.3 1416s
 921408 756033 31789.2375   95  169 31392.0000 31801.1289  1.30%  56.4 1424s
 922142 757891 31763.7172  122  159 31392.0000 31801.1288  1.30%  56.4 1426s
 926769 761583 31780.0458  102  135 31392.0000 31801.1232  1.30%  56.4 1432s
 930800 764877 31790.4483   92  155 31392.0000 31801.1195  1.30%  56.4 1438s
 932558 766634 31789.5051   88  158 31392.0000 31801.1161  1.30%  56.4 1440s
 934558 767018 31763.1710   88  136 31392.0000 31801.1146  1.30%  56.4 1447s
 935026 776410 31760.6718   89  148 31392.0000 31801.1146  1.30%  56.4 1456s
 946089 777904 31488.7248  165   46 31392.0000 31801.1030  1.30%  56.4 1460s
 947948 778112     cutoff  125      31392.0000 31801.1023  1.30%  56.4 1466s
 950514 781555 31621.3385  198  110 31392.0000 31801.0972  1.30%  56.4 1471s
 954427 784835 31587.3554  220  103 31392.0000 31801.0927  1.30%  56.4 1476s
 959605 789281 31775.6731  112  179 31392.0000 31801.0893  1.30%  56.4 1481s
 961360 791195 31529.1182  233  101 31392.0000 31801.0852  1.30%  56.4 1485s
 967462 796141 31663.1294  122  114 31392.0000 31801.0807  1.30%  56.4 1490s
 970733 798687 31534.9415  187   96 31392.0000 31801.0741  1.30%  56.4 1496s
 974594 802258 31799.6332   65  165 31392.0000 31801.0699  1.30%  56.4 1500s
 978336 805583 31680.8117  163  108 31392.0000 31801.0658  1.30%  56.4 1505s
 984198 808724 31761.4570   78  148 31392.0000 31801.0610  1.30%  56.4 1517s
 985356 810839 31716.9423   70   97 31392.0000 31801.0593  1.30%  56.4 1522s
 988545 813888 31753.3537  103  149 31392.0000 31801.0563  1.30%  56.4 1526s
 992128 816359 31780.3573  115  134 31392.0000 31801.0542  1.30%  56.4 1533s
 993276 818386 31631.5177  175   61 31392.0000 31801.0532  1.30%  56.4 1535s
 997605 821220 31789.2477   99  158 31392.0000 31801.0490  1.30%  56.4 1540s
 1001094 824771 31793.4074   63  149 31392.0000 31801.0448  1.30%  56.5 1545s
 1005250 827937 31606.6603  171   96 31392.0000 31801.0435  1.30%  56.5 1550s
 1007058 828384 31753.4700  104  152 31392.0000 31801.0418  1.30%  56.5 1555s
 1007547 834782 31724.5836  120  149 31392.0000 31801.0404  1.30%  56.5 1562s
 1014800 836184 31774.1490   92  128 31392.0000 31801.0334  1.30%  56.5 1566s
 1018509 839856 31754.9641   88  148 31392.0000 31801.0297  1.30%  56.5 1570s
 1022443 842070 31532.8506  178   80 31392.0000 31801.0268  1.30%  56.5 1577s
 1023025 843822 31586.1646  181   96 31392.0000 31801.0265  1.30%  56.5 1580s
 1029193 847578 31770.3353  118  137 31392.0000 31801.0230  1.30%  56.4 1589s
 1029406 849007 31767.8965  119  138 31392.0000 31801.0227  1.30%  56.4 1591s
 1032669 852331 31791.7395   81  142 31392.0000 31801.0214  1.30%  56.5 1595s
 1036701 855505 31690.2993  141  115 31392.0000 31801.0177  1.30%  56.4 1600s
 1041656 859508 31693.7118  191  135 31392.0000 31801.0105  1.30%  56.5 1606s
 1045288 862627 31662.1069  173   94 31392.0000 31801.0083  1.30%  56.5 1610s
 1049621 866307 31789.8759   86  156 31392.0000 31801.0033  1.30%  56.4 1615s
 1055223 870060 31769.6747   76  165 31392.0000 31800.9981  1.30%  56.4 1621s
 1057902 873775 31796.2093   89  170 31392.0000 31800.9946  1.30%  56.4 1625s
 1064421 878758 31603.7673  171   69 31392.0000 31800.9891  1.30%  56.4 1630s
 1069500 883630 31704.7013  162  125 31392.0000 31800.9848  1.30%  56.4 1635s
 1076375 889450 31453.5475  130   54 31392.0000 31800.9786  1.30%  56.4 1641s
 1082358 894962 31750.8184  113  157 31392.0000 31800.9736  1.30%  56.4 1646s
 1088012 899830 31748.7574  129  149 31392.0000 31800.9683  1.30%  56.4 1651s
 1093656 904224 31798.7746   68  151 31392.0000 31800.9624  1.30%  56.4 1656s
 1098407 908445 31779.8228  105  144 31392.0000 31800.9571  1.30%  56.4 1661s
 1103525 913104 31762.8337  143  170 31392.0000 31800.9517  1.30%  56.4 1666s
 1107543 916273 31709.6585  167  123 31392.0000 31800.9495  1.30%  56.4 1670s
 1113358 921339 31771.7268  109  148 31392.0000 31800.9424  1.30%  56.5 1675s
 1116704 923934 31798.8419   70  169 31392.0000 31800.9382  1.30%  56.5 1680s
 1122506 929303 31791.3790  113  155 31392.0000 31800.9349  1.30%  56.5 1686s
 1128456 933973 31731.3536  128  129 31392.0000 31800.9308  1.30%  56.5 1691s
 1131789 937045 31615.4685  193  111 31392.0000 31800.9269  1.30%  56.5 1695s
 1136817 941685 31760.0988   85  130 31392.0000 31800.9227  1.30%  56.5 1700s
 1143034 947005 31667.2677  145   63 31392.0000 31800.9170  1.30%  56.5 1706s
 1148302 951203 31793.4256  109  172 31392.0000 31800.9128  1.30%  56.5 1710s
 1151864 954211 31607.4459  147   95 31392.0000 31800.9099  1.30%  56.5 1715s
 1157540 959281 31771.4119   77  106 31392.0000 31800.9037  1.30%  56.5 1720s
 1162930 963614 31795.9547   86  180 31392.0000 31800.8960  1.30%  56.5 1726s
 1168082 968109 31789.1076   97  162 31392.0000 31800.8915  1.30%  56.5 1730s
 1173897 972896 31754.2653  116  137 31392.0000 31800.8874  1.30%  56.5 1735s
 1178674 977347 31741.8736  127  147 31392.0000 31800.8847  1.30%  56.5 1741s
 1182144 980515 31773.0909  117  142 31392.0000 31800.8801  1.30%  56.5 1746s
 1187831 985278 31614.2442  182  104 31392.0000 31800.8747  1.30%  56.6 1751s
 1191639 988493 31762.3761  125  119 31392.0000 31800.8705  1.30%  56.6 1757s
 1195131 991275 31773.9764   66  153 31392.0000 31800.8671  1.30%  56.6 1760s
 1200685 996136 31735.7432  120  112 31392.0000 31800.8621  1.30%  56.6 1766s
 1205900 1000601 31722.9638  140  136 31392.0000 31800.8571  1.30%  56.6 1771s
 1211073 1004764 31758.5806  106  138 31392.0000 31800.8533  1.30%  56.6 1776s
 1214909 1008533 31654.4646  178  113 31392.0000 31800.8502  1.30%  56.6 1781s
 1219002 1011834 31769.0068  107  143 31392.0000 31800.8471  1.30%  56.6 1787s
 1222872 1015143 31795.5404   70  145 31392.0000 31800.8445  1.30%  56.6 1791s
 1228412 1020061 31793.5478   88  173 31392.0000 31800.8415  1.30%  56.6 1797s
 1231925 1023306 31709.1143  109   63 31392.0000 31800.8369  1.30%  56.6 1801s
 1235806 1026281 31773.6848   92  104 31392.0000 31800.8345  1.30%  56.6 1806s
 1241169 1030848 31735.3745  134  102 31392.0000 31800.8294  1.30%  56.6 1811s
 1246605 1035899 31770.1435  114  169 31392.0000 31800.8225  1.30%  56.6 1817s
 1250450 1038749 31711.7305  107  114 31392.0000 31800.8176  1.30%  56.6 1820s
 1257015 1044474 31602.0303  182  112 31392.0000 31800.8126  1.30%  56.6 1826s
 1260880 1047294 31723.9441   78  152 31392.0000 31800.8091  1.30%  56.6 1830s
 1264202 1050408 31551.9038  128   42 31392.0000 31800.8071  1.30%  56.7 1835s
H1267184 1051234                    31394.000000 31800.8051  1.30%  56.7 1837s
 1267665 1052999 31785.2521   86  132 31394.0000 31800.8051  1.30%  56.7 1840s
 1275590 1059640 31772.6043  125  190 31394.0000 31800.7952  1.30%  56.7 1847s
 1278837 1062230 31645.6824  127   20 31394.0000 31800.7928  1.30%  56.7 1851s
 1282728 1064541     cutoff  250      31394.0000 31800.7908  1.30%  56.7 1856s
 1285797 1068414 31789.3835  111  160 31394.0000 31800.7875  1.30%  56.7 1861s
 1290043 1071229 31580.4948  141   50 31394.0000 31800.7839  1.30%  56.7 1865s
 1295441 1076578 31792.4001   92  170 31394.0000 31800.7799  1.30%  56.7 1871s
 1299358 1079499 31787.4684  101  162 31394.0000 31800.7781  1.30%  56.7 1875s
 1303241 1083564 31790.7761   82  154 31394.0000 31800.7742  1.30%  56.7 1880s
 1309054 1087707     cutoff  176      31394.0000 31800.7692  1.30%  56.7 1885s
 1314274 1092458 31613.5436  190  122 31394.0000 31800.7638  1.30%  56.7 1890s
 1319404 1096992 31792.7634   85  152 31394.0000 31800.7595  1.30%  56.8 1895s
 1322921 1100065 31746.0572  129  127 31394.0000 31800.7561  1.30%  56.8 1900s
 1328857 1104928 31758.1682   96  104 31394.0000 31800.7512  1.30%  56.7 1905s
 1334325 1109483 31591.9095   96   81 31394.0000 31800.7466  1.30%  56.7 1910s
 1339854 1113992 31791.6970   64  154 31394.0000 31800.7422  1.30%  56.8 1916s
 1343051 1116741 31789.4179   76  159 31394.0000 31800.7394  1.30%  56.8 1921s
 1346341 1119394 31454.4592   98   54 31394.0000 31800.7379  1.30%  56.8 1925s
 1350485 1122806 31774.0608   98  152 31394.0000 31800.7358  1.30%  56.8 1930s
 1356923 1128019 31759.6515  115  150 31394.0000 31800.7315  1.30%  56.8 1935s
 1359209 1130399 31765.8682  100  131 31394.0000 31800.7310  1.30%  56.8 1940s
 1364519 1134735 31788.0298   70  121 31394.0000 31800.7236  1.30%  56.8 1945s
 1367727 1137747 31598.0221  229  112 31394.0000 31800.7220  1.30%  56.8 1950s
 1373034 1142175 31755.6852  104  102 31394.0000 31800.7173  1.30%  56.8 1956s
 1378877 1146871 31782.0767   89  120 31394.0000 31800.7130  1.30%  56.9 1960s
 1384226 1151674 31603.7508  196   82 31394.0000 31800.7112  1.30%  56.8 1966s
 1389384 1156000 31794.8925   89  179 31394.0000 31800.7080  1.30%  56.8 1972s
 1392921 1159168 31483.8087  196   69 31394.0000 31800.7047  1.30%  56.8 1975s
 1398290 1163933 31513.9142  172   61 31394.0000 31800.7015  1.30%  56.8 1981s
 1401975 1167124 31781.1717  105  141 31394.0000 31800.6977  1.30%  56.8 1985s
 1405434 1169942 31738.0198  100  120 31394.0000 31800.6954  1.30%  56.8 1990s
 1411046 1175084 31710.2118  146  120 31394.0000 31800.6918  1.30%  56.8 1996s
 1414815 1178105 31790.0024   83  159 31394.0000 31800.6907  1.30%  56.8 2000s
 1420110 1182704 31760.7636   87  141 31394.0000 31800.6865  1.30%  56.8 2005s
 1424430 1186832 31748.7421  123  127 31394.0000 31800.6830  1.30%  56.8 2012s
 1428290 1190368 31753.5058  125  145 31394.0000 31800.6799  1.30%  56.8 2016s
 1434340 1195275 31545.8415  147   88 31394.0000 31800.6748  1.30%  56.8 2020s
 1437662 1197989 31656.7567  140  112 31394.0000 31800.6743  1.30%  56.8 2025s
 1444425 1203953 31789.9076   80  175 31394.0000 31800.6694  1.30%  56.8 2031s
 1447908 1206877 31730.4627  153  128 31394.0000 31800.6658  1.30%  56.8 2035s
 1453025 1211708 31587.6572  149   99 31394.0000 31800.6611  1.30%  56.8 2042s
 1456866 1215079 31771.1053   92  149 31394.0000 31800.6583  1.30%  56.8 2045s
 1460750 1218311 31716.2286  118  121 31394.0000 31800.6556  1.30%  56.8 2050s
 1466880 1223478 31695.9637  158   82 31394.0000 31800.6534  1.30%  56.8 2055s
 1471780 1227722 31784.0762   95  140 31394.0000 31800.6498  1.30%  56.8 2061s
 1476585 1232038 31792.1863   82  166 31394.0000 31800.6476  1.30%  56.8 2066s
 1479796 1234831 31745.8679  113  165 31394.0000 31800.6449  1.30%  56.7 2070s
 1484993 1239279 31789.9786   94  153 31394.0000 31800.6419  1.30%  56.7 2076s
 1487830 1242605 31707.3936  153  101 31394.0000 31800.6410  1.30%  56.8 2082s
 1492435 1245903 31783.2460   94  156 31394.0000 31800.6387  1.30%  56.7 2086s
 1496366 1249129 31503.7485  164   76 31394.0000 31800.6366  1.30%  56.7 2090s
 1503601 1255535 31702.2594  116  126 31394.0000 31800.6309  1.30%  56.7 2098s
 1505487 1257081 31731.6395  131  129 31394.0000 31800.6293  1.30%  56.7 2100s
 1510862 1261643 31713.0305  136  103 31394.0000 31800.6256  1.30%  56.7 2105s
 1514437 1264474 31756.0514   79  116 31394.0000 31800.6235  1.30%  56.7 2110s
 1518111 1267487 31521.9449  141   49 31394.0000 31800.6208  1.30%  56.7 2116s
 1521858 1270737 31784.3848   91  155 31394.0000 31800.6177  1.30%  56.7 2120s
 1526932 1275496 31792.2475   75  132 31394.0000 31800.6149  1.30%  56.7 2126s
 1532566 1280156 31701.7593   81  132 31394.0000 31800.6116  1.30%  56.7 2132s
 1536131 1283015 31792.8360   78  185 31394.0000 31800.6083  1.30%  56.7 2135s
 1539662 1286224 31700.3261  152  121 31394.0000 31800.6052  1.30%  56.7 2141s
 1543232 1289370 31799.5145   81  174 31394.0000 31800.6037  1.30%  56.7 2145s
 1546805 1292797 31731.3348  119  115 31394.0000 31800.6008  1.30%  56.7 2150s
 1552240 1297235 31747.3138   98   89 31394.0000 31800.5965  1.30%  56.7 2156s
 1554078 1297287 31762.2642  115  149 31394.0000 31800.5950  1.30%  56.7 2162s
 1554130 1298923 31758.4716  116  148 31394.0000 31800.5949  1.30%  56.7 2165s
 1559656 1303625 31783.9684   73   95 31394.0000 31800.5919  1.30%  56.7 2171s
 1564653 1307969 31747.0459  141  147 31394.0000 31800.5885  1.30%  56.7 2176s
 1568168 1309702 31777.3311  123  177 31394.0000 31800.5859  1.30%  56.7 2183s
 1568394 1311169 31777.0375  124  180 31394.0000 31800.5857  1.30%  56.7 2186s
 1571575 1313332 31659.7394   83  115 31394.0000 31800.5831  1.30%  56.7 2191s
 1576486 1317656 31747.4452  107  111 31394.0000 31800.5795  1.30%  56.7 2196s
 1581753 1322416 31641.1837  136   99 31394.0000 31800.5759  1.30%  56.7 2201s
 1585574 1325466 31704.0483  153  120 31394.0000 31800.5749  1.30%  56.7 2205s
 1590528 1328241     cutoff  102      31394.0000 31800.5716  1.30%  56.7 2214s
 1590768 1329332 31696.6467  186  101 31394.0000 31800.5716  1.30%  56.7 2217s
 1593935 1332315 31793.5899   86  160 31394.0000 31800.5699  1.30%  56.7 2224s
 1595519 1334059 31541.1872  218   91 31394.0000 31800.5686  1.30%  56.7 2226s
 1599683 1336822 31487.7762  237   89 31394.0000 31800.5673  1.30%  56.7 2231s
 1602808 1340054 31789.7875   65  172 31394.0000 31800.5637  1.30%  56.7 2237s
 1606813 1343723 31424.9696  236   71 31394.0000 31800.5624  1.30%  56.7 2241s
 1610829 1347165 31797.0819   83  153 31394.0000 31800.5600  1.30%  56.7 2245s
 1614709 1350520 31795.5714   87  169 31394.0000 31800.5577  1.30%  56.7 2250s
 1619899 1355250 31776.6927   89  136 31394.0000 31800.5548  1.30%  56.7 2255s
 1623651 1358376     cutoff  189      31394.0000 31800.5530  1.30%  56.7 2260s
 1628683 1361500 31740.7984  107  120 31394.0000 31800.5496  1.29%  56.7 2269s
 1629169 1363336 31752.8847   77  158 31394.0000 31800.5495  1.29%  56.7 2272s
 1631212 1365147 31779.9507  112  144 31394.0000 31800.5471  1.29%  56.7 2275s
 1634985 1367841 31715.4030  124  106 31394.0000 31800.5452  1.29%  56.7 2280s
 1640124 1372963 31751.6042  109  147 31394.0000 31800.5416  1.29%  56.7 2285s
 1644060 1376371 31797.2688   75  173 31394.0000 31800.5401  1.29%  56.7 2290s
 1649391 1380888 31487.5988  171   65 31394.0000 31800.5372  1.29%  56.7 2297s
 1653076 1384393 31799.4410   87  174 31394.0000 31800.5350  1.29%  56.7 2302s
 1657017 1387442 31692.1713  120  116 31394.0000 31800.5330  1.29%  56.7 2307s
 1660478 1390380 31476.6075  169   78 31394.0000 31800.5316  1.29%  56.7 2310s
 1664182 1393628 31773.4078   94  167 31394.0000 31800.5301  1.29%  56.7 2315s
 1669610 1398423 31605.9290  123  104 31394.0000 31800.5259  1.29%  56.7 2322s
 1671418 1398719 31636.9780  192   97 31394.0000 31800.5234  1.29%  56.7 2327s
 1671824 1400451 31579.5077  130   75 31394.0000 31800.5234  1.29%  56.7 2330s
 1677167 1405581 31767.9742  101  141 31394.0000 31800.5200  1.29%  56.7 2339s
 1679662 1407312 31767.9609  115  144 31394.0000 31800.5185  1.29%  56.7 2342s
 1683565 1410607 31637.8200  171   93 31394.0000 31800.5165  1.29%  56.7 2347s
 1685470 1412206 31796.9969   86  168 31394.0000 31800.5160  1.29%  56.7 2350s
 1690767 1416692 31768.8895  110  136 31394.0000 31800.5123  1.29%  56.7 2356s
 1694502 1420259 31739.6857  108  126 31394.0000 31800.5095  1.29%  56.7 2361s
 1698522 1423391 31680.7187   98   74 31394.0000 31800.5063  1.29%  56.7 2366s
 1702339 1426279 31781.2200   88  130 31394.0000 31800.5045  1.29%  56.7 2370s
 1707397 1430963 31758.4670   92  111 31394.0000 31800.5025  1.29%  56.7 2377s
 1710950 1433908 31772.1306  122  162 31394.0000 31800.5004  1.29%  56.7 2380s
 1714454 1437087 31495.9868  166   86 31394.0000 31800.4984  1.29%  56.7 2385s
 1718133 1439214 31796.6458   79  162 31394.0000 31800.4966  1.29%  56.7 2390s
 1720127 1442247 31666.4111  167  106 31394.0000 31800.4959  1.29%  56.7 2396s
 1722233 1443036 31691.4150  151  121 31394.0000 31800.4940  1.29%  56.7 2400s
 1723169 1446559 31488.7136  199   81 31394.0000 31800.4938  1.29%  56.7 2408s
 1727194 1448924 31711.0235  147   87 31394.0000 31800.4906  1.29%  56.7 2410s
 1731553 1452016 31798.5445   77  154 31394.0000 31800.4877  1.29%  56.7 2416s
 1734905 1454934 31798.8971   70  178 31394.0000 31800.4867  1.29%  56.7 2421s
 1738839 1458249 31793.5839  108  157 31394.0000 31800.4844  1.29%  56.7 2426s
 1742940 1461319 31777.3782   77  114 31394.0000 31800.4823  1.29%  56.7 2430s
 1746054 1464225 31797.7557   79  158 31394.0000 31800.4812  1.29%  56.7 2435s
 1751626 1468619 31787.4404   98  134 31394.0000 31800.4761  1.29%  56.7 2444s
 1753191 1470556 31788.8376   79  125 31394.0000 31800.4758  1.29%  56.7 2445s
 1758976 1475220 31677.0283  109  117 31394.0000 31800.4723  1.29%  56.7 2453s
 1760790 1476991 31536.1746  184   68 31394.0000 31800.4711  1.29%  56.7 2455s
 1766489 1481661 31729.9626   96  122 31394.0000 31800.4662  1.29%  56.7 2462s
 1769926 1484793 31769.2710  102  152 31394.0000 31800.4642  1.29%  56.7 2465s
 1773625 1487731 31774.6745  103  133 31394.0000 31800.4613  1.29%  56.7 2472s
 1776977 1490670 31723.0558   72  143 31394.0000 31800.4599  1.29%  56.7 2476s
 1780847 1493770 31790.2543   89  148 31394.0000 31800.4565  1.29%  56.7 2480s
 1785902 1498420 31682.6711  103   82 31394.0000 31800.4522  1.29%  56.7 2485s
 1787776 1499945 31752.1356  101  131 31394.0000 31800.4511  1.29%  56.7 2490s
 1793240 1504786 31797.8860   82  170 31394.0000 31800.4474  1.29%  56.7 2495s
 1795168 1505484 31763.2570   83  101 31394.0000 31800.4473  1.29%  56.7 2500s
 1800264 1511153 31778.2097   98  137 31394.0000 31800.4433  1.29%  56.7 2506s
 1802649 1512727 31513.7278  148   70 31394.0000 31800.4416  1.29%  56.7 2513s
 1806186 1515826 31722.4527  139  111 31394.0000 31800.4392  1.29%  56.7 2516s
 1810175 1518792 31795.1634   88  170 31394.0000 31800.4381  1.29%  56.7 2522s
 1813488 1521783 31776.0983   76  165 31394.0000 31800.4350  1.29%  56.7 2526s
 1817378 1524302     cutoff  209      31394.0000 31800.4325  1.29%  56.7 2533s
 1818055 1526268 31793.3844   95  168 31394.0000 31800.4325  1.29%  56.7 2536s
 1822382 1530184 31742.5211  101   94 31394.0000 31800.4288  1.29%  56.7 2540s
 1824998 1530499 31570.8368  170   76 31394.0000 31800.4280  1.29%  56.7 2547s
 1825426 1531929 31785.5513   78  118 31394.0000 31800.4277  1.29%  56.7 2550s
 1830967 1536682 31797.8212   73  183 31394.0000 31800.4253  1.29%  56.7 2557s
 1834791 1540030 31655.1149  146  113 31394.0000 31800.4224  1.29%  56.7 2560s
 1837786 1542293 31799.8476   70  176 31394.0000 31800.4210  1.29%  56.7 2565s
 1843181 1546992 31795.6476   78  145 31394.0000 31800.4177  1.29%  56.7 2570s
 1846391 1549984 31758.1390  112  134 31394.0000 31800.4155  1.29%  56.7 2575s
 1852039 1554862 31764.9412  109  128 31394.0000 31800.4133  1.29%  56.7 2582s
 1853866 1556581 31797.0336   72  173 31394.0000 31800.4125  1.29%  56.7 2585s
 1859202 1561392 31694.9104   94   92 31394.0000 31800.4086  1.29%  56.7 2591s
 1863076 1564509 31750.3432  110  133 31394.0000 31800.4074  1.29%  56.7 2595s
 1866973 1566472 31707.5063  133  133 31394.0000 31800.4057  1.29%  56.7 2602s
 1869176 1569703 31717.3184  119  122 31394.0000 31800.4037  1.29%  56.7 2606s
 1873128 1571618 31504.5137  145   50 31394.0000 31800.4014  1.29%  56.7 2614s
 1873458 1572834 31798.2896   80  147 31394.0000 31800.4014  1.29%  56.7 2617s
 1874895 1574662 31551.7068  165   37 31394.0000 31800.4012  1.29%  56.7 2620s
 1879301 1578135 31791.1618   87  144 31394.0000 31800.3971  1.29%  56.7 2625s
 1883031 1581485 31795.0355   84  140 31394.0000 31800.3947  1.29%  56.7 2630s
 1887262 1584411 31797.2328   78  142 31394.0000 31800.3926  1.29%  56.7 2635s
 1892752 1589830 31743.9604  106  104 31394.0000 31800.3897  1.29%  56.7 2640s
 1896401 1592726 31783.5936   95  134 31394.0000 31800.3869  1.29%  56.7 2645s
 1901606 1597137 31723.8854  148  145 31394.0000 31800.3843  1.29%  56.7 2651s
 1905181 1600155 31781.6155   93  156 31394.0000 31800.3817  1.29%  56.7 2655s
 1908947 1603374 31744.2702  111  131 31394.0000 31800.3800  1.29%  56.7 2660s
 1914634 1607670 31791.8981   74  142 31394.0000 31800.3755  1.29%  56.7 2665s
 1917957 1610798 31788.3132   62  145 31394.0000 31800.3737  1.29%  56.7 2670s
 1923468 1614173 31783.4339   81  135 31394.0000 31800.3703  1.29%  56.7 2680s
 1925052 1617245 31795.0207   78  169 31394.0000 31800.3700  1.29%  56.7 2686s
 1929044 1620307 31781.6102   83  117 31394.0000 31800.3675  1.29%  56.7 2693s
 1930758 1621818 31644.8005  167  114 31394.0000 31800.3662  1.29%  56.7 2695s
 1934158 1625052 31792.8263   71  157 31394.0000 31800.3649  1.29%  56.8 2700s
 1938414 1628558 31655.2784  155  106 31394.0000 31800.3613  1.29%  56.7 2705s
 1944008 1632398 31702.3718  139   85 31394.0000 31800.3576  1.29%  56.7 2714s
 1944852 1634160 31785.3602   84  133 31394.0000 31800.3573  1.29%  56.7 2717s
 1949070 1637451 31797.3389   67  148 31394.0000 31800.3559  1.29%  56.7 2721s
 1952382 1640446 31517.7559  147   63 31394.0000 31800.3545  1.29%  56.7 2726s
 1957874 1645048 31778.7509  106  146 31394.0000 31800.3515  1.29%  56.7 2733s
 1959473 1646149 31795.2329   74  142 31394.0000 31800.3509  1.29%  56.7 2735s
 1962129 1648805 31765.6139   93  100 31394.0000 31800.3496  1.29%  56.7 2741s
 1966122 1652330 31750.4211  129  160 31394.0000 31800.3473  1.29%  56.7 2746s
 1969594 1654996 31749.8066   99   96 31394.0000 31800.3453  1.29%  56.7 2750s
 1973348 1657209 31629.1467  206  115 31394.0000 31800.3431  1.29%  56.7 2757s
 1973912 1658879 31718.2106  149  118 31394.0000 31800.3431  1.29%  56.7 2760s
 1978108 1661758 31751.9333  106  122 31394.0000 31800.3411  1.29%  56.7 2766s
 1979151 1663566 31748.6640  123  126 31394.0000 31800.3402  1.29%  56.7 2770s
 1985316 1668702 31656.4007  151  122 31394.0000 31800.3366  1.29%  56.7 2776s
 1987236 1670298 31798.7751   78  142 31394.0000 31800.3350  1.29%  56.7 2780s
 1990970 1673503 31722.2652  141  102 31394.0000 31800.3336  1.29%  56.7 2785s
 1994517 1676487 31792.5847   99  143 31394.0000 31800.3304  1.29%  56.7 2791s
 1999688 1680862 31794.6199   83  147 31394.0000 31800.3272  1.29%  56.7 2795s
 2001502 1682395 31685.0928  123   98 31394.0000 31800.3267  1.29%  56.7 2800s
 2008789 1688220 31433.5160  163   64 31394.0000 31800.3237  1.29%  56.7 2808s
 2010145 1690038 31517.6432  165   22 31394.0000 31800.3224  1.29%  56.7 2810s
 2015472 1694307 31737.4074  134  131 31394.0000 31800.3201  1.29%  56.7 2817s
 2018776 1697546 31793.0629   85  161 31394.0000 31800.3191  1.29%  56.7 2820s
 2022331 1700327 31762.9856   90  120 31394.0000 31800.3171  1.29%  56.7 2825s
 2027652 1704802 31770.6075   83   88 31394.0000 31800.3136  1.29%  56.7 2830s
 2029528 1705765 31657.1761  150   79 31394.0000 31800.3127  1.29%  56.7 2835s
 2031891 1708602 31702.7025  173  139 31394.0000 31800.3116  1.29%  56.7 2841s
 2036065 1712234 31758.4580  125  135 31394.0000 31800.3096  1.29%  56.7 2846s
 2040158 1715781 31644.9355  162  101 31394.0000 31800.3081  1.29%  56.7 2850s
 2044033 1717816 31772.3158   88  111 31394.0000 31800.3060  1.29%  56.7 2858s
 2044525 1719674 31594.4976  124   77 31394.0000 31800.3059  1.29%  56.7 2860s
 2046664 1721419 31729.6244   88   79 31394.0000 31800.3050  1.29%  56.7 2866s
 2050336 1724297 31763.8274   86  127 31394.0000 31800.3036  1.29%  56.7 2871s
 2054156 1727379 31798.1276   82  140 31394.0000 31800.3010  1.29%  56.7 2875s
 2057832 1730700 31471.2820  242   78 31394.0000 31800.2989  1.29%  56.7 2880s
 2061444 1733845 31779.0310  103  117 31394.0000 31800.2973  1.29%  56.7 2886s
 2065477 1737008 31796.5288   79  156 31394.0000 31800.2951  1.29%  56.7 2891s
 2070698 1741482 31649.0641  155   87 31394.0000 31800.2927  1.29%  56.7 2896s
 2072427 1742761 31737.3024  131  125 31394.0000 31800.2921  1.29%  56.7 2901s
 2075618 1745440 31717.7066  123  122 31394.0000 31800.2900  1.29%  56.7 2905s
 2077260 1747321 31697.2101  133  110 31394.0000 31800.2891  1.29%  56.7 2910s
 2081101 1750293 31730.8780  172  153 31394.0000 31800.2861  1.29%  56.7 2915s
 2085077 1753711 31784.1919   86  152 31394.0000 31800.2839  1.29%  56.7 2920s
 2086918 1754267 31531.6934   89   88 31394.0000 31800.2833  1.29%  56.7 2925s
 2089453 1755935 31708.0875  146  133 31394.0000 31800.2829  1.29%  56.7 2934s
 2089550 1757391 31706.6466  147  130 31394.0000 31800.2823  1.29%  56.7 2936s
 2093625 1760875 31789.5627  105  131 31394.0000 31800.2794  1.29%  56.7 2942s
 2097509 1764190 31797.0668   74  185 31394.0000 31800.2765  1.29%  56.7 2945s
 2101036 1766926 31717.7114  112   76 31394.0000 31800.2746  1.29%  56.7 2950s
 2104362 1769892 31777.5748   77  142 31394.0000 31800.2732  1.29%  56.7 2955s
 2107755 1772960 31797.9850   71  183 31394.0000 31800.2718  1.29%  56.7 2960s
 2111882 1776404 31795.1824   80  144 31394.0000 31800.2682  1.29%  56.7 2965s
 2114638 1777951 31729.6981  125  134 31394.0000 31800.2678  1.29%  56.7 2975s
 2118303 1782358 31751.4025  103   91 31394.0000 31800.2652  1.29%  56.7 2981s
 2120714 1784301 31589.2673  147  108 31394.0000 31800.2644  1.29%  56.7 2985s
 2127527 1789815 31565.5918  146   51 31394.0000 31800.2611  1.29%  56.7 2991s
 2129441 1791406 31712.6220  165  111 31394.0000 31800.2596  1.29%  56.7 2995s
 2135182 1796125 31528.0636  145   78 31394.0000 31800.2570  1.29%  56.7 3001s
 2136948 1796722 31796.3618   91  159 31394.0000 31800.2565  1.29%  56.7 3006s
 2139776 1800423 31797.2796   76  164 31394.0000 31800.2546  1.29%  56.7 3010s
 2144022 1803786 31792.0802   99  139 31394.0000 31800.2522  1.29%  56.7 3015s
 2147523 1806147 31598.4944  126   43 31394.0000 31800.2506  1.29%  56.7 3021s
 2150802 1809931 31740.0971  126  155 31394.0000 31800.2486  1.29%  56.7 3028s
 2152895 1811405 31789.1776   99  138 31394.0000 31800.2477  1.29%  56.7 3030s
 2158077 1816007 31735.1847  106  109 31394.0000 31800.2461  1.29%  56.7 3037s
 2161536 1818914 31414.7711  224   60 31394.0000 31800.2450  1.29%  56.7 3041s
 2165043 1820847 31617.8507  208  145 31394.0000 31800.2440  1.29%  56.7 3049s
 2165478 1822143 31612.3933  209  138 31394.0000 31800.2429  1.29%  56.7 3052s
 2166934 1823854 31746.3842  135  144 31394.0000 31800.2425  1.29%  56.7 3055s
 2170960 1826908 31794.4336   75  136 31394.0000 31800.2395  1.29%  56.7 3061s
 2176070 1831730 31692.5721  162  150 31394.0000 31800.2359  1.29%  56.7 3066s
 2178105 1833290 31797.2468   71  151 31394.0000 31800.2349  1.29%  56.7 3070s
 2183464 1837734 31770.9489   88  153 31394.0000 31800.2322  1.29%  56.7 3075s
 2186456 1840087 31774.1558   90   94 31394.0000 31800.2305  1.29%  56.7 3080s
 2190026 1842824 31796.7629   94  154 31394.0000 31800.2286  1.29%  56.7 3086s
 2191932 1844601 31745.7357   79   78 31394.0000 31800.2278  1.29%  56.7 3090s
 2196108 1847208 31722.9446  122  124 31394.0000 31800.2264  1.29%  56.7 3096s
 2199097 1850759 31769.0727   78  100 31394.0000 31800.2237  1.29%  56.7 3102s
 2203006 1854063 31775.6805   97  133 31394.0000 31800.2214  1.29%  56.7 3106s
 2207066 1857394 31792.5444   80  124 31394.0000 31800.2198  1.29%  56.7 3114s
 2208995 1858680 31671.3926   88   74 31394.0000 31800.2188  1.29%  56.7 3116s
 2212307 1861467 31726.2738  121  105 31394.0000 31800.2173  1.29%  56.7 3121s
 2213897 1863049 31797.1339   91  185 31394.0000 31800.2168  1.29%  56.7 3125s
 2218074 1866302 31785.4475   81  119 31394.0000 31800.2143  1.29%  56.7 3131s
 2221556 1869421 31716.4023  169  129 31394.0000 31800.2116  1.29%  56.7 3138s
 2225146 1872698 31641.5479  207  108 31394.0000 31800.2098  1.29%  56.7 3143s
 2228906 1875733 31796.2857   80  166 31394.0000 31800.2077  1.29%  56.7 3148s
 2230614 1877321 31798.3751   73  146 31394.0000 31800.2071  1.29%  56.7 3150s
 2232393 1878035 31729.0028  140  126 31394.0000 31800.2064  1.29%  56.7 3155s
 2234834 1880952 31692.9629  133  100 31394.0000 31800.2049  1.29%  56.7 3160s
 2238304 1883796 31747.9902  126  135 31394.0000 31800.2030  1.29%  56.8 3166s
 2241775 1887118 31736.0957  110  124 31394.0000 31800.2011  1.29%  56.8 3172s
 2244088 1887472 31753.5313  118  126 31394.0000 31800.1997  1.29%  56.8 3178s
 2244528 1895063 31748.8518  119  128 31394.0000 31800.1996  1.29%  56.8 3186s
 2253128 1895381 31757.5394  106  132 31394.0000 31800.1965  1.29%  56.8 3194s
 2253560 1897402 31745.3775  114  126 31394.0000 31800.1963  1.29%  56.8 3197s
 2258107 1900946 31755.1709  100  139 31394.0000 31800.1942  1.29%  56.7 3201s
 2261766 1904319 31708.8941  133   95 31394.0000 31800.1921  1.29%  56.8 3206s
 2265555 1907183 31756.7980  125  151 31394.0000 31800.1910  1.29%  56.7 3210s
 2270829 1911538 31743.5049   87  152 31394.0000 31800.1888  1.29%  56.8 3217s
 2274022 1913848 31762.2337   94  126 31394.0000 31800.1873  1.29%  56.8 3223s
 2275442 1915201 31635.4978   82   60 31394.0000 31800.1863  1.29%  56.8 3225s
 2279114 1918281 31789.5823   89  132 31394.0000 31800.1842  1.29%  56.8 3230s
 2280733 1918734 31753.4195   78   87 31394.0000 31800.1842  1.29%  56.8 3238s
 2281366 1924174 31767.2459   79   98 31394.0000 31800.1839  1.29%  56.8 3244s
 2288108 1924477 31769.7349  115  138 31394.0000 31800.1807  1.29%  56.8 3249s
 2288454 1926407 31768.8552  116  143 31394.0000 31800.1804  1.29%  56.8 3252s
 2292843 1930030 31790.7968   83  165 31394.0000 31800.1782  1.29%  56.8 3256s
 2294883 1930399 31419.7465  228   60 31394.0000 31800.1781  1.29%  56.8 3262s
 2295354 1932309 31774.4653   79   97 31394.0000 31800.1773  1.29%  56.8 3265s
 2299375 1936106 31790.1170   65  164 31394.0000 31800.1756  1.29%  56.8 3270s
 2305060 1939877 31795.2629   80  170 31394.0000 31800.1737  1.29%  56.8 3276s
 2308341 1942937 31753.7038  108  130 31394.0000 31800.1707  1.29%  56.8 3280s
 2312941 1946778 31687.6891  107   50 31394.0000 31800.1686  1.29%  56.8 3285s
 2318087 1951232 31785.2605  104  175 31394.0000 31800.1668  1.29%  56.8 3291s
 2321729 1954266 31761.5099  139  146 31394.0000 31800.1646  1.29%  56.8 3296s
 2325359 1957562 31632.1966  178  138 31394.0000 31800.1629  1.29%  56.8 3301s
 2329189 1960564 31785.7806   86  122 31394.0000 31800.1607  1.29%  56.8 3306s
 2332596 1964103 31708.8528  102  103 31394.0000 31800.1598  1.29%  56.8 3310s
 2336662 1966910 31758.1538  107  145 31394.0000 31800.1571  1.29%  56.8 3316s
 2340406 1970697 31584.7336  170   89 31394.0000 31800.1553  1.29%  56.8 3320s
 2344403 1972768 31626.3839  158  109 31394.0000 31800.1530  1.29%  56.8 3330s
 2349255 1978308 31710.2670  119   93 31394.0000 31800.1509  1.29%  56.8 3336s
 2353400 1981874 31745.7751  142  153 31394.0000 31800.1494  1.29%  56.8 3341s
 2357256 1984922 31788.2920   81  151 31394.0000 31800.1483  1.29%  56.8 3345s
 2361104 1988377 31765.8541  101  159 31394.0000 31800.1468  1.29%  56.8 3350s
 2366487 1992885 31791.3550  105  163 31394.0000 31800.1435  1.29%  56.8 3356s
 2370366 1996177 31793.2301   84  162 31394.0000 31800.1416  1.29%  56.8 3361s
 2372032 1997552 31398.2542  226   77 31394.0000 31800.1411  1.29%  56.8 3365s
 2375700 2000665 31799.4782   74  191 31394.0000 31800.1392  1.29%  56.8 3372s
 2379285 2004149 31764.9731  109  100 31394.0000 31800.1377  1.29%  56.8 3376s
 2382824 2006720 31778.9003   93  166 31394.0000 31800.1369  1.29%  56.8 3382s
 2386127 2009950 31727.2006  127   88 31394.0000 31800.1351  1.29%  56.8 3387s
 2388308 2010302 31743.0433  133  129 31394.0000 31800.1349  1.29%  56.8 3393s
 2388726 2011640 31693.0852  161  127 31394.0000 31800.1345  1.29%  56.8 3396s
 2394648 2015997 31777.4330   95  113 31394.0000 31800.1319  1.29%  56.8 3403s
 2395706 2017851 31739.1635  113  112 31394.0000 31800.1319  1.29%  56.8 3407s
 2397805 2019890 31645.4771  133  120 31394.0000 31800.1311  1.29%  56.8 3410s
 2402044 2023020 31714.7906  109  131 31394.0000 31800.1291  1.29%  56.8 3416s
 2407270 2027884 31754.6890   74  138 31394.0000 31800.1258  1.29%  56.8 3421s
 2410899 2030890 31674.5260  159  108 31394.0000 31800.1241  1.29%  56.8 3426s
 2414850 2034125 31756.7946   69  135 31394.0000 31800.1225  1.29%  56.8 3431s
 2416561 2035693 31756.7881   92  146 31394.0000 31800.1208  1.29%  56.8 3436s
 2419832 2038271 31779.4258   68  132 31394.0000 31800.1189  1.29%  56.8 3442s
 2423212 2041271 31674.1482  156   86 31394.0000 31800.1172  1.29%  56.8 3447s
 2426859 2044739 31792.2092   73  178 31394.0000 31800.1154  1.29%  56.8 3452s
 2431152 2047840 31795.8115   70  149 31394.0000 31800.1137  1.29%  56.8 3459s
 2432725 2049290 31547.3249  133   50 31394.0000 31800.1120  1.29%  56.8 3460s
 2436137 2052473 31554.6368  203  101 31394.0000 31800.1102  1.29%  56.8 3465s
 2438095 2053796 31724.0237  142  128 31394.0000 31800.1086  1.29%  56.8 3470s
 2441382 2056599 31785.4074   84  147 31394.0000 31800.1071  1.29%  56.8 3475s
 2445298 2058620 31757.1672  121  149 31394.0000 31800.1062  1.29%  56.8 3485s
 2447381 2062266 31738.5102  117  112 31394.0000 31800.1057  1.29%  56.8 3490s
 2451471 2065088 31771.5712   73  164 31394.0000 31800.1041  1.29%  56.7 3495s
 2455895 2069157 31706.2053  150  130 31394.0000 31800.1009  1.29%  56.7 3501s
 2459337 2072071 31790.8852   76  152 31394.0000 31800.0999  1.29%  56.7 3506s
 2462952 2075000 31794.0806   89  168 31394.0000 31800.0989  1.29%  56.7 3510s
 2466347 2078026 31752.3524  121  154 31394.0000 31800.0974  1.29%  56.7 3516s
 2469980 2081309 31713.0210  109   93 31394.0000 31800.0957  1.29%  56.7 3522s
 2472005 2082821 31761.5501  127  154 31394.0000 31800.0947  1.29%  56.7 3525s
 2476014 2086499 31412.7026  158   31 31394.0000 31800.0935  1.29%  56.7 3531s
 2479893 2088391 31491.8619  221  103 31394.0000 31800.0917  1.29%  56.7 3540s
 2481826 2091057 31769.8807   76  144 31394.0000 31800.0907  1.29%  56.7 3549s
 2483472 2092733 31796.1367   83  183 31394.0000 31800.0897  1.29%  56.7 3551s
 2485355 2094421 31798.5464   75  131 31394.0000 31800.0885  1.29%  56.7 3555s
 2488805 2097158 31703.6338   92   67 31394.0000 31800.0870  1.29%  56.7 3561s
 2492687 2100452 31789.3207   91  139 31394.0000 31800.0853  1.29%  56.7 3567s
 2496194 2103375 31795.7892   78  154 31394.0000 31800.0844  1.29%  56.7 3574s
 2498331 2104725 31794.4013   73  166 31394.0000 31800.0831  1.29%  56.7 3578s
 2500089 2106165 31778.4088   99  129 31394.0000 31800.0822  1.29%  56.7 3581s
 2503735 2109542 31649.2897  149   86 31394.0000 31800.0815  1.29%  56.7 3588s
 2505705 2111064 31538.7534  181   86 31394.0000 31800.0792  1.29%  56.7 3590s
 2507488 2111690 31549.7921  147   91 31394.0000 31800.0785  1.29%  56.7 3595s
 2510053 2113244 31702.1833   72  136 31394.0000 31800.0783  1.29%  56.7 3600s

Cutting planes:
  Gomory: 11
  Cover: 43
  Clique: 15
  MIR: 239
  StrongCG: 161
  Flow cover: 41
  Zero half: 1
  RLT: 2

Explored 2510065 nodes (142445362 simplex iterations) in 3600.06 seconds
Thread count was 12 (of 12 available processors)

Solution count 10: 31394 31392 31390 ... 31367

Time limit reached
Best objective 3.139400000000e+04, best bound 3.180000000000e+04, gap 1.2932%
