
Gurobi 9.1.2 (win64, Java) logging started Fri Nov  5 20:14:44 2021

Academic license - for non-commercial use only - expires 2022-10-30
Gurobi Optimizer version 9.1.2 build v9.1.2rc0 (win64)
Thread count: 6 physical cores, 12 logical processors, using up to 12 threads
Optimize a model with 80 rows, 1200 columns and 2400 nonzeros
Model fingerprint: 0x1b9300cd
Variable types: 0 continuous, 1200 integer (1200 binary)
Coefficient statistics:
  Matrix range     [1e+00, 1e+03]
  Objective range  [4e+01, 1e+03]
  Bounds range     [1e+00, 1e+00]
  RHS range        [1e+00, 1e+03]
Found heuristic solution: objective 20046.000000
Presolve removed 1 rows and 380 columns
Presolve time: 0.01s
Presolved: 79 rows, 820 columns, 1640 nonzeros
Variable types: 0 continuous, 820 integer (820 binary)
Presolved: 79 rows, 820 columns, 1640 nonzeros


Root relaxation: objective 2.467127e+04, 237 iterations, 0.00 seconds

    Nodes    |    Current Node    |     Objective Bounds      |     Work
 Expl Unexpl |  Obj  Depth IntInf | Incumbent    BestBd   Gap | It/Node Time

     0     0 24671.2729    0   30 20046.0000 24671.2729  23.1%     -    0s
H    0     0                    23045.000000 24671.2729  7.06%     -    0s
H    0     0                    23496.000000 24671.2729  5.00%     -    0s
H    0     0                    23713.000000 24671.2729  4.04%     -    0s
     0     0 24671.2729    0   63 23713.0000 24671.2729  4.04%     -    0s
     0     0 24671.2729    0   45 23713.0000 24671.2729  4.04%     -    0s
H    0     0                    23763.000000 24671.2729  3.82%     -    0s
H    0     0                    23872.000000 24671.2729  3.35%     -    0s
     0     2 24671.2729    0   38 23872.0000 24671.2729  3.35%     -    0s
H   31    43                    24001.000000 24671.2729  2.79%  50.5    0s
H   37    43                    24078.000000 24671.2729  2.46%  48.9    0s
H   85   100                    24090.000066 24671.2729  2.41%  38.8    0s
H   87   100                    24136.000000 24671.2729  2.22%  38.1    0s
H  181   245                    24196.000000 24671.2729  1.96%  36.9    0s
H 1471  1383                    24224.000000 24671.2729  1.85%  16.1    0s
H 1721  1432                    24316.000000 24629.4849  1.29%  17.6    1s
H 1722  1361                    24396.000000 24626.0851  0.94%  17.5    1s
H 1748  1311                    24425.000000 24622.9132  0.81%  22.0    2s
H 1772  1261                    24534.000000 24616.9459  0.34%  24.4    4s
  1793  1278 24616.8779    5  106 24534.0000 24616.8779  0.34%  28.6    5s
H 1868  1268                    24538.000000 24616.6864  0.32%  37.6    9s
  1887  1282 24616.6407   16  183 24538.0000 24616.6407  0.32%  39.2   10s
  1982  1353 24538.0000   51  197 24538.0000 24616.4074  0.32%  48.8   15s
  2083  1428 24616.2769   45  156 24538.0000 24616.2769  0.32%  59.4   20s
  2178  1499 24541.7409   60  158 24538.0000 24615.4626  0.32%  67.4   25s
  2752  1853 24609.4332  473  142 24538.0000 24614.7706  0.31%  80.7   30s
  5713  3316 24609.0987  495  111 24538.0000 24614.7652  0.31%  81.1   36s
  9084  6081 24611.8958  478  159 24538.0000 24613.7478  0.31%  82.4   40s
 13339 10054 24605.8270  478  133 24538.0000 24613.5278  0.31%  87.3   45s
 15609 11243 24547.3407  505   81 24538.0000 24613.2521  0.31%  85.9   50s
 19327 15055 24607.0291  473  158 24538.0000 24612.9220  0.31%  86.9   55s
 23483 18093 24602.3352  507  100 24538.0000 24612.7559  0.30%  87.6   60s
 28333 22192 24566.0384  517   98 24538.0000 24612.5521  0.30%  86.4   65s
 29628 22363 24601.8982  498  121 24538.0000 24612.5474  0.30%  86.9   70s
 31194 25024 24586.7078  493   95 24538.0000 24612.4380  0.30%  88.3   76s
 33105 26526 24582.7716  512   83 24538.0000 24612.3931  0.30%  88.9   80s
 37423 28432 24552.8584  504  194 24538.0000 24605.0698  0.27%  88.3   85s
 37458 28464 24605.0698  469  209 24538.0000 24605.0698  0.27%  88.6   91s
 37658 28695 24605.0698  475  201 24538.0000 24605.0698  0.27%  89.1   95s
 39123 29887 24605.0698  494  140 24538.0000 24605.0698  0.27%  88.8  100s
 42815 31517 24598.0914  548   91 24538.0000 24605.0698  0.27%  86.7  105s
 45986 33948 24599.5547  510   91 24538.0000 24605.0698  0.27%  85.7  110s
 51074 36465 24604.9616  489  156 24538.0000 24605.0698  0.27%  84.1  115s
H53775 32345                    24576.000000 24605.0698  0.12%  83.0  117s
 57174 34409 24603.6238  480  133 24576.0000 24605.0698  0.12%  82.5  121s
 60888 35732 24602.8250  491  131 24576.0000 24605.0698  0.12%  83.0  125s
 65195 37146 24605.0423  479  192 24576.0000 24605.0698  0.12%  83.9  131s
 68174 38709 24585.1515  531  170 24576.0000 24605.0698  0.12%  84.4  137s
 71247 39960 24581.2166  529  113 24576.0000 24605.0698  0.12%  84.5  142s
 74638 41775 24588.3166  519  103 24576.0000 24605.0698  0.12%  85.1  146s
 78209 43242 24604.8989  486  134 24576.0000 24605.0698  0.12%  85.3  151s
 81765 44687 24589.5988  529  121 24576.0000 24605.0698  0.12%  85.4  155s
 85360 46051 24593.0728  509   58 24576.0000 24605.0625  0.12%  85.6  160s
 90422 48410 24582.2553  517   53 24576.0000 24605.0382  0.12%  86.0  166s
 94173 49950 24582.3788  530   87 24576.0000 24605.0237  0.12%  86.2  171s
 97782 50925 24604.2334  482  143 24576.0000 24605.0079  0.12%  86.2  175s
 102999 53511 24592.9920  502  108 24576.0000 24604.9891  0.12%  86.5  181s
 106665 54253 24602.5333  496  180 24576.0000 24604.9742  0.12%  86.5  187s
 109522 55620 24593.2243  517  129 24576.0000 24604.9644  0.12%  86.6  191s
 113082 57152 24586.5863  507   58 24576.0000 24604.9546  0.12%  86.8  195s
 116674 58562 24591.3481  502   88 24576.0000 24604.9452  0.12%  86.8  200s
 121776 61732 24597.0282  493  147 24576.0000 24604.9329  0.12%  87.0  206s
 125240 64457 24601.8080  497  114 24576.0000 24604.9221  0.12%  87.1  210s
 130296 67911 24603.4443  497  165 24576.0000 24604.9115  0.12%  87.3  216s
 133951 70621 24585.6225  539  113 24576.0000 24604.9028  0.12%  87.5  221s
 137677 73433 24603.4691  504  135 24576.0000 24604.8943  0.12%  87.5  225s
 141125 75643 24579.9489  572  112 24576.0000 24604.8878  0.12%  87.4  230s
 144133 78245 24604.2868  486  171 24576.0000 24604.8811  0.12%  87.4  235s
 147666 81008 24604.3280  484  192 24576.0000 24604.8741  0.12%  87.5  240s
 153125 84719 24603.5279  481  134 24576.0000 24604.8624  0.12%  87.6  246s
 156505 86969     cutoff  523      24576.0000 24604.8532  0.12%  87.6  250s
 159531 89191 24589.2918  509  100 24576.0000 24604.8448  0.12%  87.9  255s
 165153 93288 24602.1760  511  163 24576.0000 24604.8338  0.12%  87.9  262s
 168689 95587 24596.6809  493  114 24576.0000 24604.8258  0.12%  88.1  266s
 172510 98460 24578.3912  543   82 24576.0000 24604.8189  0.12%  88.2  271s
 176188 101356 24594.9471  499  149 24576.0000 24604.8104  0.12%  88.1  276s
 179832 104246 24586.9357  500  132 24576.0000 24604.8044  0.12%  88.1  280s
 185034 107730 24588.9591  526  144 24576.0000 24604.7936  0.12%  88.3  287s
 188556 110465 24586.6077  525  113 24576.0000 24604.7871  0.12%  88.3  291s
 192491 113338 24604.5543  488  140 24576.0000 24604.7781  0.12%  88.3  296s
 196094 116017 24600.6546  497   93 24576.0000 24604.7713  0.12%  88.2  300s
 201448 120116 24589.5817  516  107 24576.0000 24604.7620  0.12%  88.3  306s
 205041 122467 24596.5546  506  113 24576.0000 24604.7539  0.12%  88.3  310s
 208709 125024 24585.9429  514  125 24576.0000 24604.7454  0.12%  88.3  315s
 212260 127279 24604.4725  483  155 24576.0000 24604.7406  0.12%  88.2  320s
 213520 127903 24586.5724  525  113 24576.0000 24604.7376  0.12%  88.2  325s
 216058 130218 24587.7988  491  142 24576.0000 24604.7308  0.12%  88.3  331s
 219831 132571 24591.1686  519  158 24576.0000 24604.7250  0.12%  88.5  336s
 223490 134512 24604.4773  496  150 24576.0000 24604.7218  0.12%  88.6  341s
 227126 137368 24603.0175  491  137 24576.0000 24604.7142  0.12%  88.8  347s
 228893 139009 24589.1390  504  147 24576.0000 24604.7126  0.12%  89.0  350s
 233405 142094 24603.8138  494  114 24576.0000 24604.7056  0.12%  89.0  355s
 237787 145108 24599.1523  486  141 24576.0000 24604.6981  0.12%  88.8  360s
 243380 148617 24603.2079  492  149 24576.0000 24604.6875  0.12%  88.8  366s
 246539 150980 24581.8999  518   89 24576.0000 24604.6833  0.12%  89.0  371s
 250211 153720 24578.2417  545   74 24576.0000 24604.6765  0.12%  89.1  375s
 254150 156428 24603.5230  493  145 24576.0000 24604.6701  0.12%  89.0  380s
 259820 160573 24581.9047  533   85 24576.0000 24604.6600  0.12%  89.0  387s
 263560 163350 24602.9723  496  174 24576.0000 24604.6533  0.12%  88.9  391s
 267209 166191 24583.1854  532   89 24576.0000 24604.6468  0.12%  88.9  396s
 270935 168084 24584.4297  509  100 24576.0000 24604.6411  0.12%  88.8  400s
 274849 171620 24603.5049  481  148 24576.0000 24604.6363  0.12%  88.9  407s
 278846 174429 24596.7286  492   97 24576.0000 24604.6286  0.12%  88.9  411s
 282602 176715 24604.3977  489  165 24576.0000 24604.6243  0.12%  88.9  415s
 285793 179004 24602.2153  493  163 24576.0000 24604.6174  0.12%  89.0  420s
 291289 183198 24602.8944  492  132 24576.0000 24604.6085  0.12%  88.9  426s
 294962 185705 24593.5895  504  118 24576.0000 24604.6029  0.12%  88.9  431s
 298248 188054 24599.7792  522  145 24576.0000 24604.5987  0.12%  89.0  435s
 302314 190802 24603.2511  494  163 24576.0000 24604.5907  0.12%  89.1  440s
 307888 194867     cutoff  539      24576.0000 24604.5823  0.12%  89.1  446s
 311620 197695 24604.2541  500  107 24576.0000 24604.5773  0.12%  89.0  451s
 315308 200363 24601.6468  497  104 24576.0000 24604.5722  0.12%  89.0  455s
 318751 202362 24595.1706  500  108 24576.0000 24604.5662  0.12%  89.0  460s
 324210 206000 24582.4294  502   93 24576.0000 24604.5572  0.12%  89.0  466s
 327391 208900 24581.1953  522  157 24576.0000 24604.5533  0.12%  89.0  471s
 331341 211615 24601.8776  494  146 24576.0000 24604.5451  0.12%  89.0  475s
 336482 215135     cutoff  506      24576.0000 24604.5392  0.12%  89.0  482s
 340077 217867     cutoff  501      24576.0000 24604.5355  0.12%  89.0  486s
 343745 220042 24596.9096  506  115 24576.0000 24604.5309  0.12%  89.0  490s
 346939 222830 24602.7211  496  120 24576.0000 24604.5249  0.12%  89.0  495s
 352123 226715 24600.8431  498  147 24576.0000 24604.5179  0.12%  89.0  501s
 355662 228962 24600.0888  495  158 24576.0000 24604.5141  0.12%  89.0  505s
 360774 232619 24602.9127  487  137 24576.0000 24604.5070  0.12%  89.1  512s
 364307 235436 24600.2958  493  138 24576.0000 24604.5029  0.12%  89.1  516s
 368037 238117 24601.3517  505  152 24576.0000 24604.4971  0.12%  89.1  521s
 371718 240736 24599.6082  508  114 24576.0000 24604.4931  0.12%  89.1  525s
 377267 244739 24591.7510  509  138 24576.0000 24604.4864  0.12%  89.1  531s
 380944 247574 24584.5195  529  115 24576.0000 24604.4815  0.12%  89.0  536s
 384791 250213     cutoff  516      24576.0000 24604.4767  0.12%  89.0  540s
 390005 254206 24591.8772  504  126 24576.0000 24604.4706  0.12%  89.0  546s
 393290 255817 24586.0099  516   91 24576.0000 24604.4662  0.12%  89.0  552s
 394159 257088 24599.0772  511   96 24576.0000 24604.4662  0.12%  89.0  555s
 398112 260003 24599.0280  484  128 24576.0000 24604.4618  0.12%  89.1  561s
 402235 262829 24603.9629  499  132 24576.0000 24604.4561  0.12%  89.1  566s
 406060 265549 24603.7958  486  135 24576.0000 24604.4505  0.12%  89.1  571s
 409250 267003 24602.5902  482  146 24576.0000 24604.4470  0.12%  89.1  578s
 410140 267046 24602.4851  483  147 24576.0000 24604.4470  0.12%  89.1  584s
 410210 267799 24602.4585  484  147 24576.0000 24604.4460  0.12%  89.1  589s
 411479 269577 24579.3050  520   65 24576.0000 24604.4440  0.12%  89.1  593s
 414055 271277 24601.8813  489  142 24576.0000 24604.4413  0.12%  89.2  596s
 419156 274863     cutoff  541      24576.0000 24604.4334  0.12%  89.2  602s
 421346 276370 24589.6251  497  116 24576.0000 24604.4307  0.12%  89.2  605s
 427766 280701 24578.6223  515   74 24576.0000 24604.4235  0.12%  89.2  612s
 431024 282648 infeasible  502      24576.0000 24604.4197  0.12%  89.3  616s
 434697 285189 24588.7066  518  130 24576.0000 24604.4157  0.12%  89.3  621s
 437852 287299 24604.0824  498  168 24576.0000 24604.4120  0.12%  89.4  625s
 441429 289791 24597.1112  502  185 24576.0000 24604.4074  0.12%  89.4  630s
 447270 293931 24593.0051  498  141 24576.0000 24604.4003  0.12%  89.4  636s
 450582 296360 24588.8874  505  140 24576.0000 24604.3963  0.12%  89.3  641s
 454256 298969 24585.2461  507   95 24576.0000 24604.3919  0.12%  89.3  647s
 456067 300329 24590.3438  520  101 24576.0000 24604.3893  0.12%  89.3  650s
 461476 304517 24578.1376  497  138 24576.0000 24604.3834  0.12%  89.3  656s
 465458 307238 24592.9993  512  151 24576.0000 24604.3792  0.12%  89.2  660s
 470628 311109 24599.0435  514  134 24576.0000 24604.3739  0.12%  89.2  666s
 474248 313814 24602.9197  496  140 24576.0000 24604.3689  0.12%  89.2  670s
 477930 316178 24592.9091  502  133 24576.0000 24604.3653  0.12%  89.1  675s
 483246 319710 24585.8901  541  121 24576.0000 24604.3602  0.12%  89.1  681s
 486472 322080 24579.3129  547   99 24576.0000 24604.3560  0.12%  89.1  685s
 490037 324756 24603.1648  483  151 24576.0000 24604.3519  0.12%  89.1  690s
 495641 328762 24592.1609  498  129 24576.0000 24604.3444  0.12%  89.1  696s
 499457 331461 24581.1588  519   57 24576.0000 24604.3403  0.12%  89.0  700s
 503106 334229 24591.5016  498   49 24576.0000 24604.3357  0.12%  89.0  705s
 508393 337944 24604.1175  501  160 24576.0000 24604.3307  0.12%  89.0  711s
 511922 340539 24598.8309  486  120 24576.0000 24604.3264  0.12%  89.0  716s
 515580 342925 24587.5744  513   68 24576.0000 24604.3241  0.12%  89.0  720s
 520992 346446 24590.3676  513  164 24576.0000 24604.3187  0.12%  89.0  726s
 524590 348771 24586.2255  505  107 24576.0000 24604.3153  0.12%  89.0  730s
 527962 351351 24600.5395  493  109 24576.0000 24604.3110  0.12%  89.0  735s
 533323 355320 24595.3468  507  104 24576.0000 24604.3041  0.12%  88.9  741s
 536731 357669 24586.3443  487  135 24576.0000 24604.3014  0.12%  88.9  746s
 539643 360417 24588.7050  506  142 24576.0000 24604.3005  0.12%  89.1  751s
 543872 362911 24579.4909  530   93 24576.0000 24604.2957  0.12%  89.0  756s
 547757 365392 24596.9675  506  131 24576.0000 24604.2912  0.12%  89.1  760s
 551345 367675     cutoff  515      24576.0000 24604.2882  0.12%  89.2  765s
 555003 370300 24578.6929  526   69 24576.0000 24604.2839  0.12%  89.2  770s
 560430 373752 24592.3512  500  117 24576.0000 24604.2785  0.12%  89.2  776s
 563983 376621 24600.9463  507  132 24576.0000 24604.2746  0.12%  89.2  781s
 567947 379387 24585.3420  521  127 24576.0000 24604.2697  0.12%  89.1  786s
 571346 381972 24590.4904  513  133 24576.0000 24604.2668  0.12%  89.1  790s
 576628 385440 24602.0105  487  150 24576.0000 24604.2614  0.11%  89.1  796s
 580285 388151 24586.4390  509  122 24576.0000 24604.2579  0.11%  89.1  800s
 583784 390614 24587.9115  519  145 24576.0000 24604.2539  0.11%  89.1  805s
 589338 394241 24587.0472  509  119 24576.0000 24604.2477  0.11%  89.1  811s
 592963 396380 24603.5536  494  127 24576.0000 24604.2435  0.11%  89.1  815s
 598424 400597 24602.7283  489  150 24576.0000 24604.2370  0.11%  89.1  821s
 602242 403226 24588.0074  523   99 24576.0000 24604.2340  0.11%  89.0  825s
 607513 406303 24590.3629  507  104 24576.0000 24604.2278  0.11%  89.0  832s
 611324 408770 24598.0404  502  120 24576.0000 24604.2247  0.11%  89.1  836s
 615026 411440 24594.4596  495   91 24576.0000 24604.2202  0.11%  89.1  840s
 618870 414145 24587.2605  518  116 24576.0000 24604.2173  0.11%  89.1  845s
 624119 417604 24585.1670  527  130 24576.0000 24604.2111  0.11%  89.0  851s
 627844 420265 24577.8499  538   65 24576.0000 24604.2077  0.11%  89.0  855s
 632828 423570 24600.1194  493  180 24576.0000 24604.2035  0.11%  89.0  861s
 636208 426146 24586.9999  523  123 24576.0000 24604.2000  0.11%  89.0  866s
 639885 428320 24582.4638  506  105 24576.0000 24604.1960  0.11%  89.0  870s
 644928 432228 24601.9682  503  157 24576.0000 24604.1913  0.11%  89.0  876s
 648559 434721 24589.6135  504  129 24576.0000 24604.1867  0.11%  89.0  880s
 654164 438795 24602.8727  506  125 24576.0000 24604.1815  0.11%  88.9  886s
 657682 441329 24579.2870  530   79 24576.0000 24604.1777  0.11%  88.9  890s
 662746 445172 24583.5444  499  125 24576.0000 24604.1735  0.11%  88.9  896s
 666451 447774 24585.0699  527  130 24576.0000 24604.1702  0.11%  88.9  900s
 671731 451310 24583.7715  537  100 24576.0000 24604.1645  0.11%  88.9  906s
 675319 453419 24594.1679  493  149 24576.0000 24604.1618  0.11%  88.9  910s
 679629 456234 24587.4276  513  151 24576.0000 24604.1571  0.11%  88.9  917s
 683570 459084 24588.9325  519   91 24576.0000 24604.1545  0.11%  88.9  921s
 686860 460786 24600.9087  505  135 24576.0000 24604.1517  0.11%  88.9  925s
 691632 464692 24590.5761  511  167 24576.0000 24604.1467  0.11%  88.9  931s
 695366 466780     cutoff  490      24576.0000 24604.1427  0.11%  88.9  935s
 698560 469248 24589.2630  519  138 24576.0000 24604.1398  0.11%  88.9  940s
 703977 472954 24592.4115  505  136 24576.0000 24604.1350  0.11%  88.9  946s
 707350 475529     cutoff  546      24576.0000 24604.1314  0.11%  88.9  950s
 710583 477747 24602.8270  495  138 24576.0000 24604.1299  0.11%  88.9  955s
 715405 480753     cutoff  510      24576.0000 24604.1232  0.11%  88.9  962s
 716790 481402 24602.3249  497  139 24576.0000 24604.1232  0.11%  88.9  966s
 717935 482107 24602.0634  498  144 24576.0000 24604.1232  0.11%  88.9  971s
 720771 484815 24590.8044  518  149 24576.0000 24604.1187  0.11%  88.9  975s
 726227 487946 24603.5559  505  127 24576.0000 24604.1139  0.11%  88.9  981s
 729430 489870 24590.6703  501  145 24576.0000 24604.1117  0.11%  88.9  987s
 732601 492335 24577.4184  508   57 24576.0000 24604.1087  0.11%  88.9  991s
 736669 494901 24601.7107  508  152 24576.0000 24604.1047  0.11%  88.9  996s
 740339 497351 24599.9507  501  164 24576.0000 24604.1015  0.11%  88.9 1000s
 745854 501088 24602.1745  504  131 24576.0000 24604.0974  0.11%  88.9 1006s
 749481 503327 24584.4471  505  110 24576.0000 24604.0941  0.11%  88.9 1010s
 754981 507203 24586.0370  523  134 24576.0000 24604.0889  0.11%  88.9 1016s
 758707 509888 24598.2844  503  127 24576.0000 24604.0844  0.11%  88.9 1021s
 762270 512215 24602.0290  495  128 24576.0000 24604.0815  0.11%  88.9 1025s
 767744 516271 24590.5987  505  142 24576.0000 24604.0775  0.11%  89.0 1031s
 771494 518837 24602.4085  485  153 24576.0000 24604.0736  0.11%  89.0 1035s
 776642 522407 24602.5526  502  156 24576.0000 24604.0693  0.11%  89.0 1042s
 780307 525040 24577.0631  524   79 24576.0000 24604.0661  0.11%  89.0 1047s
 783687 527299 24590.7141  503  107 24576.0000 24604.0640  0.11%  89.0 1051s
 787774 529594 24601.2258  486  158 24576.0000 24604.0601  0.11%  89.0 1055s
 791388 532349 24586.3937  520  103 24576.0000 24604.0566  0.11%  89.1 1060s
 797057 536462 24590.3024  525  105 24576.0000 24604.0523  0.11%  89.0 1066s
 800698 539082 24601.4747  506  138 24576.0000 24604.0485  0.11%  89.0 1070s
 805963 542419 24585.5127  524   94 24576.0000 24604.0436  0.11%  89.0 1076s
 809446 545080 24588.0975  497  139 24576.0000 24604.0405  0.11%  89.0 1080s
 815255 548863 24596.4183  497  105 24576.0000 24604.0363  0.11%  88.9 1086s
 818209 550950 24588.4454  516  115 24576.0000 24604.0337  0.11%  88.9 1090s
 823758 554616 24586.0472  511   85 24576.0000 24604.0298  0.11%  88.9 1096s
 827416 557373 24601.5457  492  108 24576.0000 24604.0261  0.11%  88.9 1100s
 832523 560876 24587.1201  512  102 24576.0000 24604.0227  0.11%  88.9 1107s
 836259 563427 24596.2855  503  103 24576.0000 24604.0187  0.11%  88.9 1111s
 839891 565671 24595.9596  496  100 24576.0000 24604.0151  0.11%  88.9 1115s
 843366 567888 24596.0536  503  127 24576.0000 24604.0123  0.11%  88.9 1120s
 848814 571908     cutoff  521      24576.0000 24604.0079  0.11%  88.9 1127s
 852407 574629 24603.6738  493  126 24576.0000 24604.0047  0.11%  88.9 1131s
 855835 576956 24599.4081  488  110 24576.0000 24604.0010  0.11%  88.9 1135s
 861213 580238 24580.5704  537   86 24576.0000 24603.9967  0.11%  88.9 1141s
 864759 582867 24582.1061  505   63 24576.0000 24603.9936  0.11%  88.9 1146s
 870155 586430 24596.6582  501   59 24576.0000 24603.9885  0.11%  88.9 1151s
 873784 588641 24597.6887  499  114 24576.0000 24603.9853  0.11%  88.9 1156s
 876836 590769 24578.5422  523  123 24576.0000 24603.9830  0.11%  88.9 1160s
 882274 594530 24603.9055  502  151 24576.0000 24603.9789  0.11%  88.9 1166s
 885996 597163 24601.4111  499  119 24576.0000 24603.9759  0.11%  88.9 1171s
 889603 599015 24583.3852  536  111 24576.0000 24603.9731  0.11%  88.9 1175s
 894042 601480     cutoff  503      24576.0000 24603.9731  0.11%  89.0 1181s
 896814 602836 24599.8885  505  140 24576.0000 24603.9731  0.11%  89.2 1186s
 899490 604781 24600.9960  484  120 24576.0000 24603.9731  0.11%  89.3 1191s
 902486 606540 24582.8080  528   84 24576.0000 24603.9731  0.11%  89.4 1197s
 903678 608383 24588.3603  523  123 24576.0000 24603.9731  0.11%  89.5 1200s
 910096 611954 24596.1321  494  131 24576.0000 24603.9688  0.11%  89.5 1207s
 913860 614312 24599.5857  497  145 24576.0000 24603.9654  0.11%  89.6 1212s
 918001 617344 24593.9625  491  171 24576.0000 24603.9612  0.11%  89.5 1216s
 922012 619990 24583.5777  526   99 24576.0000 24603.9578  0.11%  89.5 1221s
 925647 622446 24582.1392  510  134 24576.0000 24603.9547  0.11%  89.5 1225s
 931335 626069 24584.0768  507   73 24576.0000 24603.9497  0.11%  89.5 1231s
 934873 628533     cutoff  541      24576.0000 24603.9462  0.11%  89.5 1235s
 940565 632021 24593.5149  498  153 24576.0000 24603.9408  0.11%  89.5 1241s
 943233 633756 24593.8611  509  148 24576.0000 24603.9406  0.11%  89.6 1246s
 946902 635546     cutoff  488      24576.0000 24603.9378  0.11%  89.6 1250s
 950078 636977 24594.5804  498  115 24576.0000 24603.9378  0.11%  89.7 1255s
 952880 638512 24592.2868  511  120 24576.0000 24603.9378  0.11%  89.8 1260s
 955504 640149 24591.5454  503  127 24576.0000 24603.9378  0.11%  90.0 1265s
 958822 642299 24602.1554  489  158 24576.0000 24603.9358  0.11%  90.0 1270s
 962411 644616     cutoff  531      24576.0000 24603.9327  0.11%  90.1 1275s
 968308 648445 24601.4552  492  127 24576.0000 24603.9272  0.11%  90.1 1281s
 972062 650626 24578.5172  513  104 24576.0000 24603.9239  0.11%  90.1 1286s
 975626 652738 24580.9822  524   69 24576.0000 24603.9204  0.11%  90.1 1290s
 980855 655340     cutoff  499      24576.0000 24603.9156  0.11%  90.2 1296s
 983486 656922     cutoff  515      24576.0000 24603.9156  0.11%  90.3 1301s
 986251 658371 infeasible  495      24576.0000 24603.9156  0.11%  90.4 1306s
 989051 659948 24591.5922  499  116 24576.0000 24603.9156  0.11%  90.5 1312s
 990302 660862 24592.1135  512  133 24576.0000 24603.9156  0.11%  90.6 1315s
 993979 663561 24585.1276  515   86 24576.0000 24603.9141  0.11%  90.7 1320s
 999206 666916 24593.4022  497  120 24576.0000 24603.9095  0.11%  90.7 1327s
 1002734 669502 24593.9839  498   99 24576.0000 24603.9063  0.11%  90.7 1331s
 1006526 671632 24597.9648  496  128 24576.0000 24603.9022  0.11%  90.7 1336s
 1009721 673063     cutoff  504      24576.0000 24603.9001  0.11%  90.8 1340s
 1012217 674214 24578.4759  506  121 24576.0000 24603.9001  0.11%  90.9 1345s
 1015125 675939 24594.0683  493  140 24576.0000 24603.9001  0.11%  91.1 1352s
 1016656 676976 infeasible  514      24576.0000 24603.9001  0.11%  91.2 1356s
 1018360 678606 24593.8369  497  155 24576.0000 24603.8999  0.11%  91.4 1360s
 1023657 681594 24594.3284  496  132 24576.0000 24603.8959  0.11%  91.4 1366s
 1028087 683885     cutoff  521      24576.0000 24603.8924  0.11%  91.5 1372s
 1031609 685437 24601.6019  498  127 24576.0000 24603.8898  0.11%  91.5 1377s
 1033542 686325 24591.2773  498   87 24576.0000 24603.8898  0.11%  91.6 1380s
 1036768 688239 24591.7748  514  147 24576.0000 24603.8898  0.11%  91.8 1386s
 1038305 689666 24593.5168  505  135 24576.0000 24603.8898  0.11%  91.8 1390s
 1042996 692715 24593.7812  503  132 24576.0000 24603.8858  0.11%  91.9 1396s
 1047753 695542     cutoff  550      24576.0000 24603.8815  0.11%  91.9 1401s
 1051074 697867 24586.6358  503  102 24576.0000 24603.8784  0.11%  91.9 1407s
 1055711 700815 24599.5169  520   87 24576.0000 24603.8753  0.11%  91.9 1412s
 1059507 703549 24601.1685  490   97 24576.0000 24603.8713  0.11%  91.9 1416s
 1063583 706099 infeasible  498      24576.0000 24603.8676  0.11%  91.9 1422s
 1065408 707075 24584.9810  516   88 24576.0000 24603.8657  0.11%  91.9 1425s
 1068300 708394 24590.1495  513  110 24576.0000 24603.8653  0.11%  92.0 1431s
 1069433 709679 24589.3451  510  136 24576.0000 24603.8653  0.11%  92.0 1436s
 1071779 711176 24594.5062  501  118 24576.0000 24603.8643  0.11%  92.1 1440s
 1075708 713561     cutoff  513      24576.0000 24603.8619  0.11%  92.1 1446s
 1079961 716329     cutoff  531      24576.0000 24603.8586  0.11%  92.1 1451s
 1083991 718890 24582.2160  542  113 24576.0000 24603.8556  0.11%  92.1 1456s
 1087702 720983 24602.8672  494  191 24576.0000 24603.8523  0.11%  92.1 1461s
 1090970 722818 24592.4549  515  133 24576.0000 24603.8504  0.11%  92.2 1468s
 1092216 724224 24591.1635  493  151 24576.0000 24603.8491  0.11%  92.2 1470s
 1095852 726415 24591.2125  509  126 24576.0000 24603.8462  0.11%  92.2 1476s
 1100251 728832 24590.9917  503   91 24576.0000 24603.8423  0.11%  92.2 1480s
 1104092 731126 24599.7687  495  111 24576.0000 24603.8392  0.11%  92.2 1485s
 1109465 733474 24592.5166  500  109 24576.0000 24603.8346  0.11%  92.2 1491s
 1111524 735341 24594.0673  493  100 24576.0000 24603.8346  0.11%  92.3 1496s
 1115364 737056 24588.2206  505   82 24576.0000 24603.8321  0.11%  92.3 1501s
 1118186 738132 24592.1723  502  120 24576.0000 24603.8321  0.11%  92.5 1507s
 1119407 738561 24594.1890  514  127 24576.0000 24603.8321  0.11%  92.5 1510s
 1121859 739513 24597.8039  490  133 24576.0000 24603.8321  0.11%  92.7 1518s
 1122752 740213 24593.0058  494  146 24576.0000 24603.8321  0.11%  92.7 1524s
 1124301 741737 24601.5339  484  155 24576.0000 24603.8321  0.11%  92.9 1531s
 1127456 742658     cutoff  506      24576.0000 24603.8309  0.11%  93.0 1536s
 1129319 744598 24600.8616  497  128 24576.0000 24603.8309  0.11%  93.1 1541s
 1132258 746399     cutoff  521      24576.0000 24603.8290  0.11%  93.1 1545s
 1137277 749483 24594.5365  506  115 24576.0000 24603.8251  0.11%  93.1 1553s
 1139500 750242 infeasible  504      24576.0000 24603.8237  0.11%  93.1 1556s
 1143072 752547 24590.6136  523  121 24576.0000 24603.8207  0.11%  93.1 1562s
 1146400 754025 24591.4839  516  117 24576.0000 24603.8184  0.11%  93.2 1567s
 1149559 756243 24587.0537  509  117 24576.0000 24603.8153  0.11%  93.2 1572s
 1153180 758946     cutoff  547      24576.0000 24603.8125  0.11%  93.2 1576s
 1157226 761539 24602.8204  494  154 24576.0000 24603.8100  0.11%  93.2 1581s
 1160883 763669 24602.4236  499  128 24576.0000 24603.8078  0.11%  93.2 1586s
 1164354 765801 24591.4374  494   88 24576.0000 24603.8052  0.11%  93.2 1590s
 1167699 768261 24599.7815  509  128 24576.0000 24603.8027  0.11%  93.2 1595s
 1172952 770392 24592.7421  504  122 24576.0000 24603.8003  0.11%  93.3 1602s
 1175384 771483     cutoff  503      24576.0000 24603.8003  0.11%  93.4 1607s
 1176537 772772 24592.8350  500  165 24576.0000 24603.8003  0.11%  93.4 1610s
 1179971 774898 24579.4090  520  113 24576.0000 24603.7974  0.11%  93.5 1615s
 1184466 777439 24600.9265  500  125 24576.0000 24603.7939  0.11%  93.5 1620s
 1189473 780524     cutoff  532      24576.0000 24603.7896  0.11%  93.5 1627s
 1193040 782464 24597.7369  485   96 24576.0000 24603.7870  0.11%  93.5 1631s
 1195858 783782     cutoff  507      24576.0000 24603.7859  0.11%  93.6 1637s
 1198522 785129 24591.0405  502   85 24576.0000 24603.7859  0.11%  93.7 1643s
 1200137 785655 24588.3470  507  107 24576.0000 24603.7859  0.11%  93.7 1648s
 1201457 786640     cutoff  505      24576.0000 24603.7859  0.11%  93.8 1653s
 1203165 788382 24586.4026  524  115 24576.0000 24603.7854  0.11%  93.9 1658s
 1205934 789850 24599.3089  499  143 24576.0000 24603.7832  0.11%  93.9 1662s
 1208273 791099 24588.1324  524  102 24576.0000 24603.7815  0.11%  94.0 1666s
 1210398 792650 24581.9750  536   95 24576.0000 24603.7795  0.11%  94.0 1670s
 1215150 795011 24589.6535  506   91 24576.0000 24603.7756  0.11%  94.0 1677s
 1218190 795914 24591.8265  506  130 24576.0000 24603.7748  0.11%  94.1 1682s
 1219276 796622 24600.5220  499  133 24576.0000 24603.7748  0.11%  94.2 1686s
 1220679 798019 24592.4565  506  128 24576.0000 24603.7748  0.11%  94.2 1690s
 1224480 800031 24594.1373  516  153 24576.0000 24603.7735  0.11%  94.3 1696s
 1226503 801764 24577.7098  535   88 24576.0000 24603.7725  0.11%  94.3 1700s
 1231469 804737 24578.0693  534   81 24576.0000 24603.7688  0.11%  94.3 1706s
 1235585 806434 24592.2487  523  100 24576.0000 24603.7655  0.11%  94.4 1712s
 1238267 807671     cutoff  522      24576.0000 24603.7655  0.11%  94.4 1717s
 1239406 808562 24589.8765  498  158 24576.0000 24603.7655  0.11%  94.5 1720s
 1243361 811408 24598.8159  498  127 24576.0000 24603.7631  0.11%  94.6 1727s
 1247739 814523     cutoff  523      24576.0000 24603.7600  0.11%  94.6 1732s
 1250148 815863 24581.6473  521  106 24576.0000 24603.7579  0.11%  94.5 1735s
 1253791 818128 24601.3759  503  114 24576.0000 24603.7554  0.11%  94.5 1740s
 1257436 820471 24592.9547  500   65 24576.0000 24603.7525  0.11%  94.5 1745s
 1260812 822685 24597.9929  495  140 24576.0000 24603.7507  0.11%  94.6 1750s
 1264828 825259 24601.2209  514  129 24576.0000 24603.7468  0.11%  94.6 1755s
 1270243 828624     cutoff  512      24576.0000 24603.7431  0.11%  94.6 1762s
 1273817 830829 24593.3941  499  136 24576.0000 24603.7400  0.11%  94.6 1767s
 1277203 833126 24601.5477  492  135 24576.0000 24603.7374  0.11%  94.6 1772s
 1280806 835535 24579.0447  511  109 24576.0000 24603.7355  0.11%  94.6 1776s
 1284431 837874     cutoff  491      24576.0000 24603.7335  0.11%  94.6 1781s
 1288149 839861     cutoff  505      24576.0000 24603.7305  0.11%  94.6 1786s
 1291799 842442 24588.6371  521  118 24576.0000 24603.7282  0.11%  94.6 1791s
 1295219 844543 24589.2308  516  148 24576.0000 24603.7257  0.11%  94.6 1796s
 1298804 846794 24577.2738  521  108 24576.0000 24603.7235  0.11%  94.6 1800s
 1302553 848929 24596.9169  523  122 24576.0000 24603.7208  0.11%  94.6 1805s
 1307633 852443 24583.5410  519  120 24576.0000 24603.7174  0.11%  94.6 1812s
 1311265 854148 24592.9992  507  138 24576.0000 24603.7140  0.11%  94.6 1817s
 1312386 855341 24596.9875  502  116 24576.0000 24603.7135  0.11%  94.6 1820s
 1315441 857137 24597.1722  494  130 24576.0000 24603.7114  0.11%  94.6 1826s
 1319404 859828 24578.5218  561   85 24576.0000 24603.7088  0.11%  94.6 1831s
 1323332 862269 24595.4922  506  133 24576.0000 24603.7061  0.11%  94.7 1836s
 1327195 864652 24580.2466  529  100 24576.0000 24603.7033  0.11%  94.7 1841s
 1330460 866767 24598.6866  499  173 24576.0000 24603.7004  0.11%  94.7 1845s
 1333672 868046 24586.4344  511   93 24576.0000 24603.6988  0.11%  94.7 1850s
 1336204 869767 24600.9124  492  117 24576.0000 24603.6988  0.11%  94.8 1855s
 1339438 871508 infeasible  513      24576.0000 24603.6966  0.11%  94.8 1862s
 1343376 873753 24593.1954  504  131 24576.0000 24603.6932  0.11%  94.8 1867s
 1347027 875620 24597.9360  507  129 24576.0000 24603.6906  0.11%  94.8 1871s
 1350388 877985 24583.7949  520  144 24576.0000 24603.6879  0.11%  94.8 1876s
 1353903 880077 24592.0728  511  120 24576.0000 24603.6856  0.11%  94.8 1880s
 1357533 882279 24596.6870  499  116 24576.0000 24603.6827  0.11%  94.8 1885s
 1361233 884812 24581.2920  543   97 24576.0000 24603.6808  0.11%  94.8 1890s
 1366461 887912     cutoff  524      24576.0000 24603.6771  0.11%  94.8 1897s
 1370174 890292 24593.9140  497  135 24576.0000 24603.6747  0.11%  94.9 1901s
 1373729 892713 24588.7257  507  106 24576.0000 24603.6724  0.11%  94.9 1906s
 1376998 894728 24602.2083  509  133 24576.0000 24603.6704  0.11%  94.9 1911s
 1380832 897323 24601.4460  484  108 24576.0000 24603.6678  0.11%  94.8 1916s
 1384474 899782     cutoff  513      24576.0000 24603.6654  0.11%  94.8 1920s
 1387709 902077 24595.7055  508  137 24576.0000 24603.6636  0.11%  94.9 1925s
 1391539 904272 24591.0824  536   78 24576.0000 24603.6606  0.11%  94.9 1930s
 1395076 906152 24591.0824  527  110 24576.0000 24603.6584  0.11%  94.9 1935s
 1398316 908613 24587.0682  506   85 24576.0000 24603.6559  0.11%  94.9 1940s
 1402099 910940 24594.1580  504  116 24576.0000 24603.6532  0.11%  94.9 1945s
 1407398 914565 24602.1456  494  104 24576.0000 24603.6494  0.11%  94.9 1952s
 1410792 916651 24588.7375  511  107 24576.0000 24603.6468  0.11%  94.9 1956s
 1414431 919080 24592.8072  521  120 24576.0000 24603.6442  0.11%  94.9 1961s
 1418001 920840 24591.0522  488  120 24576.0000 24603.6414  0.11%  94.9 1966s
 1421401 923277 24577.8797  511   80 24576.0000 24603.6395  0.11%  94.9 1971s
 1425249 925483 24591.1094  507  123 24576.0000 24603.6368  0.11%  94.9 1976s
 1428677 927510 24587.0741  513  108 24576.0000 24603.6355  0.11%  95.0 1981s
 1432118 929561 24599.5843  500  122 24576.0000 24603.6324  0.11%  95.0 1986s
 1435534 932148     cutoff  500      24576.0000 24603.6306  0.11%  95.0 1991s
 1439264 934435 24582.8949  523   96 24576.0000 24603.6283  0.11%  95.0 1996s
 1443266 936987 24584.9252  520  113 24576.0000 24603.6247  0.11%  95.0 2001s
 1446961 939125 24596.2996  502  127 24576.0000 24603.6222  0.11%  95.0 2006s
 1450358 941331 24602.1339  491  129 24576.0000 24603.6193  0.11%  95.0 2011s
 1453701 943440     cutoff  502      24576.0000 24603.6175  0.11%  95.0 2016s
 1457290 945560 24585.1719  506   83 24576.0000 24603.6142  0.11%  95.0 2021s
 1461094 947858 24600.0699  503  146 24576.0000 24603.6116  0.11%  95.0 2026s
 1464404 949552 24577.0973  505   45 24576.0000 24603.6096  0.11%  95.0 2031s
 1467954 951480 24588.9696  506  105 24576.0000 24603.6076  0.11%  95.0 2036s
 1471192 953621 24578.1026  490  126 24576.0000 24603.6060  0.11%  95.1 2041s
 1475073 956032 24601.0907  516  142 24576.0000 24603.6033  0.11%  95.1 2046s
 1478786 958231 24593.2761  491  166 24576.0000 24603.6009  0.11%  95.1 2050s
 1481901 959813 24585.5110  504  125 24576.0000 24603.5989  0.11%  95.1 2055s
 1485282 962180 24600.1810  505  120 24576.0000 24603.5970  0.11%  95.1 2060s
 1488895 964633 24592.4795  514  110 24576.0000 24603.5940  0.11%  95.1 2065s
 1492182 966814 24582.5399  523   91 24576.0000 24603.5915  0.11%  95.1 2070s
 1496017 969122 24586.0630  518   98 24576.0000 24603.5888  0.11%  95.1 2075s
 1501027 972165 24589.9540  512  146 24576.0000 24603.5851  0.11%  95.1 2081s
 1504420 974099     cutoff  513      24576.0000 24603.5825  0.11%  95.1 2086s
 1507634 976538 24583.7351  514   89 24576.0000 24603.5795  0.11%  95.1 2091s
 1511202 978902 24590.5992  528  132 24576.0000 24603.5766  0.11%  95.1 2096s
 1515132 981074 24577.6845  527   77 24576.0000 24603.5744  0.11%  95.1 2100s
 1520135 984222 24583.5211  509  116 24576.0000 24603.5705  0.11%  95.1 2107s
 1523494 986185 24598.5472  490  124 24576.0000 24603.5684  0.11%  95.1 2111s
 1526925 988195 24586.9577  526  101 24576.0000 24603.5659  0.11%  95.1 2116s
 1530090 989907 24588.2439  514   54 24576.0000 24603.5634  0.11%  95.1 2122s
 1531138 990979 24581.7699  530   83 24576.0000 24603.5631  0.11%  95.1 2125s
 1536493 994213 24599.0099  511  149 24576.0000 24603.5586  0.11%  95.1 2132s
 1539993 996365 24600.7266  505  151 24576.0000 24603.5565  0.11%  95.1 2136s
 1543826 998712 24582.2341  504  114 24576.0000 24603.5538  0.11%  95.1 2141s
 1547583 1001319 24592.2398  512  122 24576.0000 24603.5512  0.11%  95.1 2146s
 1551440 1003606 24597.8640  506  108 24576.0000 24603.5489  0.11%  95.1 2151s
 1554690 1005728 24598.4852  510  140 24576.0000 24603.5462  0.11%  95.1 2155s
 1558483 1008187 24588.9775  516  116 24576.0000 24603.5436  0.11%  95.1 2160s
 1561954 1010533 24601.4241  505  119 24576.0000 24603.5413  0.11%  95.1 2165s
 1567495 1013703 24579.7989  527  119 24576.0000 24603.5378  0.11%  95.1 2172s
 1568960 1014865 24591.7564  486  106 24576.0000 24603.5371  0.11%  95.1 2175s
 1572714 1017154 24583.9880  518  115 24576.0000 24603.5337  0.11%  95.1 2180s
 1576722 1019293 24596.4284  503  118 24576.0000 24603.5309  0.11%  95.1 2185s
 1580651 1021995 24594.4235  502  114 24576.0000 24603.5286  0.11%  95.1 2190s
 1584246 1024314 24593.5439  522  105 24576.0000 24603.5260  0.11%  95.2 2196s
 1588013 1026587 24579.4990  548  110 24576.0000 24603.5237  0.11%  95.1 2200s
 1591831 1028783 24594.4815  510  138 24576.0000 24603.5209  0.11%  95.1 2205s
 1596776 1031685 24581.4899  482  128 24576.0000 24603.5183  0.11%  95.1 2212s
 1600320 1033888 24600.5519  518   95 24576.0000 24603.5155  0.11%  95.1 2216s
 1603263 1036014 24593.0786  511  113 24576.0000 24603.5140  0.11%  95.1 2221s
 1607268 1038414 24583.0092  518   99 24576.0000 24603.5112  0.11%  95.1 2226s
 1610679 1040459 24593.2484  528  106 24576.0000 24603.5090  0.11%  95.1 2230s
 1614045 1042671 24600.9216  503  118 24576.0000 24603.5068  0.11%  95.1 2235s
 1617760 1045455 24584.9779  507  113 24576.0000 24603.5038  0.11%  95.1 2240s
 1623280 1048437 24601.5771  495  140 24576.0000 24603.5007  0.11%  95.1 2247s
 1627015 1050773 24583.9751  514   87 24576.0000 24603.4979  0.11%  95.1 2252s
 1630509 1052733 24590.8058  525  173 24576.0000 24603.4956  0.11%  95.1 2257s
 1634245 1054741     cutoff  531      24576.0000 24603.4932  0.11%  95.1 2262s
 1635684 1055861 24593.8397  510  160 24576.0000 24603.4925  0.11%  95.1 2265s
 1641629 1059588 24591.1023  502   76 24576.0000 24603.4884  0.11%  95.1 2272s
 1645404 1061861     cutoff  505      24576.0000 24603.4851  0.11%  95.1 2276s
 1648710 1063648 24596.8521  501  111 24576.0000 24603.4830  0.11%  95.1 2281s
 1652088 1065911 24582.9637  536   97 24576.0000 24603.4807  0.11%  95.1 2285s
 1655411 1068057     cutoff  508      24576.0000 24603.4786  0.11%  95.1 2290s
 1660927 1071245 24595.9815  493   95 24576.0000 24603.4751  0.11%  95.1 2297s
 1664546 1073574 24591.1550  506  144 24576.0000 24603.4727  0.11%  95.1 2301s
 1668259 1075576 24595.8952  492  134 24576.0000 24603.4700  0.11%  95.1 2306s
 1671373 1077755 24602.1477  503  129 24576.0000 24603.4686  0.11%  95.1 2311s
 1674978 1080063 24593.0277  510  128 24576.0000 24603.4651  0.11%  95.1 2316s
 1678770 1082233 24594.2208  500  115 24576.0000 24603.4624  0.11%  95.1 2320s
 1681820 1082960 24602.7573  494  151 24576.0000 24603.4609  0.11%  95.1 2329s
 1681979 1084704 24602.0150  495  158 24576.0000 24603.4608  0.11%  95.1 2332s
 1684719 1085952 24591.5702  512  105 24576.0000 24603.4583  0.11%  95.1 2335s
 1688858 1088505 24583.3165  510  137 24576.0000 24603.4560  0.11%  95.1 2340s
 1693063 1091145 24600.8488  492  140 24576.0000 24603.4523  0.11%  95.1 2345s
 1698538 1094504 24597.8106  513   82 24576.0000 24603.4490  0.11%  95.1 2352s
 1702501 1096693 24600.5267  487  129 24576.0000 24603.4463  0.11%  95.1 2356s
 1706126 1098563 24586.0326  517   74 24576.0000 24603.4443  0.11%  95.1 2361s
 1709613 1101002 24600.8374  503  145 24576.0000 24603.4424  0.11%  95.1 2365s
 1713317 1102946 24602.6358  499  161 24576.0000 24603.4398  0.11%  95.1 2370s
 1718332 1106148 24591.9862  499  129 24576.0000 24603.4368  0.11%  95.1 2377s
 1722041 1108324 24597.4156  489  132 24576.0000 24603.4342  0.11%  95.1 2381s
 1725803 1110232 24596.9954  496  138 24576.0000 24603.4319  0.11%  95.1 2386s
 1729370 1112558 24586.1044  525  105 24576.0000 24603.4307  0.11%  95.1 2390s
 1732040 1113984 24596.8157  491  134 24576.0000 24603.4287  0.11%  95.1 2395s
 1734866 1116265 24597.7892  503  159 24576.0000 24603.4272  0.11%  95.2 2400s
 1739034 1118980 24601.8722  502  111 24576.0000 24603.4239  0.11%  95.2 2405s
 1742882 1121406 24584.1368  506  112 24576.0000 24603.4214  0.11%  95.1 2410s
 1747956 1124378 24577.3517  517   64 24576.0000 24603.4181  0.11%  95.1 2417s
 1751401 1126533 24603.1968  486  121 24576.0000 24603.4159  0.11%  95.1 2421s
 1754929 1128744     cutoff  507      24576.0000 24603.4135  0.11%  95.2 2427s
 1759025 1131326 24588.8723  529  131 24576.0000 24603.4112  0.11%  95.2 2432s
 1763084 1133541 24595.0710  501  137 24576.0000 24603.4077  0.11%  95.1 2437s
 1766798 1135571     cutoff  541      24576.0000 24603.4060  0.11%  95.1 2441s
 1769890 1137579 24599.4462  511  109 24576.0000 24603.4045  0.11%  95.2 2446s
 1773600 1139690 24593.4818  508   95 24576.0000 24603.4022  0.11%  95.2 2451s
 1777153 1141899     cutoff  507      24576.0000 24603.3995  0.11%  95.2 2456s
 1780737 1143854 24586.6247  512  140 24576.0000 24603.3970  0.11%  95.2 2460s
 1784201 1146170 24589.8750  508  101 24576.0000 24603.3941  0.11%  95.2 2465s
 1787637 1148262 24591.6200  525  112 24576.0000 24603.3918  0.11%  95.2 2470s
 1792967 1151071 24588.8208  494  130 24576.0000 24603.3887  0.11%  95.2 2476s
 1796503 1153466 24596.3951  507  149 24576.0000 24603.3861  0.11%  95.2 2481s
 1800061 1155398 24587.8111  501   98 24576.0000 24603.3842  0.11%  95.2 2487s
 1801741 1156490 24585.7547  489  101 24576.0000 24603.3822  0.11%  95.2 2490s
 1805510 1158404 24595.9108  525  104 24576.0000 24603.3797  0.11%  95.2 2497s
 1806855 1159375 24593.8211  490  128 24576.0000 24603.3786  0.11%  95.2 2500s
 1811090 1161761 24587.6094  486  104 24576.0000 24603.3764  0.11%  95.2 2508s
 1813155 1162484 24577.8593  491  136 24576.0000 24603.3751  0.11%  95.2 2511s
 1814350 1163143 24591.4577  491  144 24576.0000 24603.3746  0.11%  95.2 2515s
 1817941 1166215     cutoff  494      24576.0000 24603.3722  0.11%  95.2 2523s
 1820263 1167750 24585.3419  523  132 24576.0000 24603.3700  0.11%  95.2 2527s
 1822539 1169037 24585.2040  519   90 24576.0000 24603.3686  0.11%  95.2 2530s
 1826341 1171343     cutoff  510      24576.0000 24603.3659  0.11%  95.2 2536s
 1829899 1173507 24593.2642  492  115 24576.0000 24603.3638  0.11%  95.2 2542s
 1831772 1174885 24601.0855  509  129 24576.0000 24603.3620  0.11%  95.2 2545s
 1835693 1177205     cutoff  531      24576.0000 24603.3593  0.11%  95.2 2551s
 1837554 1178246 24601.7500  491  176 24576.0000 24603.3580  0.11%  95.2 2555s
 1840727 1180452 24588.4387  511  115 24576.0000 24603.3562  0.11%  95.2 2561s
 1844322 1182526 24600.6691  501  153 24576.0000 24603.3537  0.11%  95.2 2567s
 1846124 1183979 24592.8711  489  118 24576.0000 24603.3528  0.11%  95.2 2570s
 1849928 1185997 24580.2624  549  101 24576.0000 24603.3506  0.11%  95.2 2577s
 1851959 1187201 24599.8785  490  113 24576.0000 24603.3492  0.11%  95.2 2580s
 1855528 1189375 24578.7628  529   80 24576.0000 24603.3471  0.11%  95.2 2586s
 1858902 1191537     cutoff  545      24576.0000 24603.3447  0.11%  95.2 2592s
 1860572 1193033 24591.0487  515  162 24576.0000 24603.3439  0.11%  95.2 2595s
 1864121 1194573 24581.8186  542  133 24576.0000 24603.3421  0.11%  95.2 2601s
 1867440 1196740 24602.1346  497  158 24576.0000 24603.3398  0.11%  95.2 2607s
 1869106 1197967     cutoff  526      24576.0000 24603.3393  0.11%  95.2 2610s
 1872845 1200098 24600.3356  488   69 24576.0000 24603.3358  0.11%  95.1 2616s
 1875723 1202540     cutoff  508      24576.0000 24603.3341  0.11%  95.1 2622s
 1877728 1203899 24587.6837  514  121 24576.0000 24603.3331  0.11%  95.1 2625s
 1881449 1206056 24599.6415  493  140 24576.0000 24603.3309  0.11%  95.1 2632s
 1883374 1207203 24593.3863  505  132 24576.0000 24603.3299  0.11%  95.1 2635s
 1887165 1209479 24600.0370  495  126 24576.0000 24603.3273  0.11%  95.1 2640s
 1891030 1211883     cutoff  511      24576.0000 24603.3250  0.11%  95.1 2646s
 1894350 1213597 24594.1004  506   75 24576.0000 24603.3225  0.11%  95.1 2652s
 1895161 1214558 24594.0920  512  126 24576.0000 24603.3222  0.11%  95.1 2655s
 1898866 1217226 24577.8946  549   75 24576.0000 24603.3209  0.11%  95.1 2662s
 1900944 1218158 24588.1219  520  116 24576.0000 24603.3186  0.11%  95.1 2665s
 1904526 1220406 24589.5391  516  105 24576.0000 24603.3165  0.11%  95.1 2670s
 1908025 1222637 24594.9137  521  138 24576.0000 24603.3144  0.11%  95.1 2675s
 1911378 1224746 24602.5226  502  143 24576.0000 24603.3119  0.11%  95.1 2681s
 1914676 1227118 24596.7706  509   87 24576.0000 24603.3097  0.11%  95.1 2686s
 1918369 1229267 24584.9460  510  133 24576.0000 24603.3068  0.11%  95.1 2692s
 1920304 1230298 24600.8860  496  112 24576.0000 24603.3056  0.11%  95.1 2695s
 1923661 1232292 24583.7574  511   97 24576.0000 24603.3041  0.11%  95.1 2701s
 1927380 1234810 24581.9448  532  105 24576.0000 24603.3017  0.11%  95.1 2707s
 1929256 1235862 24599.9193  515  132 24576.0000 24603.3005  0.11%  95.1 2710s
 1932864 1238295 24589.7183  508  102 24576.0000 24603.2984  0.11%  95.0 2716s
 1936331 1240423 24582.2090  518  101 24576.0000 24603.2960  0.11%  95.1 2722s
 1940026 1242588 24586.3833  516  129 24576.0000 24603.2937  0.11%  95.0 2726s
 1943351 1244772 24581.4200  517   96 24576.0000 24603.2911  0.11%  95.0 2730s
 1946953 1247066 24590.7996  512   76 24576.0000 24603.2891  0.11%  95.0 2735s
 1950754 1248985 24591.9041  515  122 24576.0000 24603.2865  0.11%  95.0 2740s
 1956078 1252223 24581.3134  513  117 24576.0000 24603.2826  0.11%  95.0 2746s
 1959689 1254142     cutoff  500      24576.0000 24603.2799  0.11%  95.0 2751s
 1963052 1256302 24598.6087  498  125 24576.0000 24603.2783  0.11%  95.0 2755s
 1966567 1258570 24589.0158  521  112 24576.0000 24603.2765  0.11%  95.0 2760s
 1972078 1262436 24599.9259  498  102 24576.0000 24603.2730  0.11%  95.0 2767s
 1975764 1264448 24596.5771  501  107 24576.0000 24603.2711  0.11%  95.0 2771s
 1979015 1266209 24589.4544  503  118 24576.0000 24603.2693  0.11%  95.0 2775s
 1982117 1267853 24599.9878  507  122 24576.0000 24603.2678  0.11%  95.0 2780s
 1987445 1271541 24598.8157  495  108 24576.0000 24603.2648  0.11%  95.0 2786s
 1990788 1273620 24582.8340  517   63 24576.0000 24603.2626  0.11%  95.0 2791s
 1994320 1275698 24589.4745  495  117 24576.0000 24603.2605  0.11%  95.0 2796s
 1997756 1278250 24595.4380  499  142 24576.0000 24603.2580  0.11%  95.0 2800s
 2001375 1280745 24600.6380  514  123 24576.0000 24603.2555  0.11%  95.0 2805s
 2004908 1283096 24588.6311  528  143 24576.0000 24603.2536  0.11%  95.0 2810s
 2008712 1285622 24600.4013  506  142 24576.0000 24603.2509  0.11%  95.0 2815s
 2014008 1288914 24578.1863  544   69 24576.0000 24603.2474  0.11%  95.0 2821s
 2017222 1290754 24595.3589  501  132 24576.0000 24603.2457  0.11%  95.0 2826s
 2020751 1293174 24593.9728  510  109 24576.0000 24603.2437  0.11%  95.0 2831s
 2024487 1295569     cutoff  502      24576.0000 24603.2414  0.11%  95.0 2835s
 2029845 1298029 24591.9585  521  133 24576.0000 24603.2384  0.11%  95.0 2840s
 2033279 1301379 24597.2720  499  138 24576.0000 24603.2368  0.11%  95.0 2846s
 2037259 1303735 24577.5930  535  103 24576.0000 24603.2340  0.11%  95.0 2851s
 2040748 1306024 24601.1151  495   96 24576.0000 24603.2317  0.11%  95.0 2855s
 2044293 1307950     cutoff  503      24576.0000 24603.2290  0.11%  95.0 2860s
 2049248 1310670 24601.2796  506  148 24576.0000 24603.2267  0.11%  95.0 2867s
 2050959 1312082 24583.3466  511  116 24576.0000 24603.2255  0.11%  95.0 2870s
 2055036 1314931     cutoff  518      24576.0000 24603.2226  0.11%  95.0 2875s
 2060778 1318474 24596.9663  506   87 24576.0000 24603.2201  0.11%  95.0 2882s
 2064693 1320600 24600.0286  498  138 24576.0000 24603.2162  0.11%  95.0 2886s
 2068004 1323028 24588.8689  523   95 24576.0000 24603.2143  0.11%  95.0 2891s
 2071703 1324850 24601.2439  499  124 24576.0000 24603.2120  0.11%  95.0 2896s
 2074701 1327077     cutoff  524      24576.0000 24603.2104  0.11%  95.0 2900s
 2078196 1329168 24590.0315  494  125 24576.0000 24603.2086  0.11%  95.0 2905s
 2081706 1331350 24588.1443  520  135 24576.0000 24603.2061  0.11%  95.0 2910s
 2085396 1333724 24592.5349  500  126 24576.0000 24603.2038  0.11%  95.0 2915s
 2089208 1336277 infeasible  507      24576.0000 24603.2013  0.11%  95.0 2921s
 2091425 1337538 24578.2972  542   99 24576.0000 24603.2001  0.11%  95.0 2925s
 2094736 1339752 24592.3104  499  113 24576.0000 24603.1982  0.11%  95.0 2931s
 2098484 1342118 24587.0960  495  120 24576.0000 24603.1957  0.11%  95.0 2936s
 2101471 1343140 24592.2001  496  130 24576.0000 24603.1936  0.11%  94.9 2940s
 2103915 1345925 24577.0279  522   86 24576.0000 24603.1919  0.11%  94.9 2946s
 2105871 1347147     cutoff  497      24576.0000 24603.1913  0.11%  94.9 2950s
 2109650 1349418 24602.1751  493  161 24576.0000 24603.1886  0.11%  94.9 2956s
 2113495 1351707 24599.0264  515  131 24576.0000 24603.1865  0.11%  94.9 2962s
 2114848 1352717     cutoff  519      24576.0000 24603.1854  0.11%  94.9 2965s
 2118491 1355087 24599.9729  506  129 24576.0000 24603.1835  0.11%  94.9 2972s
 2120371 1356221     cutoff  502      24576.0000 24603.1822  0.11%  94.9 2975s
 2123870 1358182 24599.6095  507  139 24576.0000 24603.1802  0.11%  94.9 2981s
 2126984 1360515 24579.4385  559   97 24576.0000 24603.1790  0.11%  94.9 2987s
 2128947 1361491 24602.0228  491  119 24576.0000 24603.1773  0.11%  94.9 2990s
 2132322 1363847 24579.1175  528  100 24576.0000 24603.1759  0.11%  94.9 2995s
 2136333 1366166 24600.4355  501  132 24576.0000 24603.1729  0.11%  94.9 3000s
 2139560 1368102 24598.6546  494  153 24576.0000 24603.1710  0.11%  94.9 3005s
 2143439 1370905 24582.4426  538   94 24576.0000 24603.1691  0.11%  94.9 3011s
 2147181 1373086 24601.5944  499  121 24576.0000 24603.1665  0.11%  94.9 3017s
 2148987 1374472 24592.6171  499  135 24576.0000 24603.1656  0.11%  94.9 3020s
 2152988 1376913 24590.3470  494  133 24576.0000 24603.1634  0.11%  94.9 3026s
 2154855 1378226 24602.6881  487  145 24576.0000 24603.1621  0.11%  94.9 3030s
 2158367 1380537 24581.5431  523  107 24576.0000 24603.1604  0.11%  94.9 3036s
 2161690 1382473 24594.7850  513  145 24576.0000 24603.1585  0.11%  94.9 3040s
 2165418 1384967 24586.1767  515  119 24576.0000 24603.1555  0.11%  94.9 3046s
 2169464 1387202 24601.0988  505  116 24576.0000 24603.1535  0.11%  94.9 3050s
 2173417 1389850 24585.6218  525  121 24576.0000 24603.1511  0.11%  94.9 3055s
 2177106 1391895 24589.2216  525  131 24576.0000 24603.1488  0.11%  94.9 3060s
 2182248 1395485 24600.1277  504  108 24576.0000 24603.1459  0.11%  94.8 3067s
 2185934 1397595 24592.6627  510  114 24576.0000 24603.1439  0.11%  94.8 3071s
 2189333 1399802 24588.6485  516  130 24576.0000 24603.1420  0.11%  94.8 3076s
 2193104 1402515     cutoff  525      24576.0000 24603.1397  0.11%  94.8 3081s
 2196985 1404625 24582.3335  534  122 24576.0000 24603.1378  0.11%  94.8 3085s
 2200430 1406629 24592.4140  504  100 24576.0000 24603.1355  0.11%  94.8 3090s
 2203877 1408938 24582.7176  536  110 24576.0000 24603.1329  0.11%  94.8 3095s
 2209535 1411990     cutoff  500      24576.0000 24603.1295  0.11%  94.8 3102s
 2210995 1413196 24588.5586  516  105 24576.0000 24603.1291  0.11%  94.8 3105s
 2215184 1415699 24588.4106  535  106 24576.0000 24603.1264  0.11%  94.8 3110s
 2218918 1417849 24600.3284  497  163 24576.0000 24603.1243  0.11%  94.8 3115s
 2222921 1420387 24598.4274  500  110 24576.0000 24603.1218  0.11%  94.8 3120s
 2226113 1422531 24579.0786  519  112 24576.0000 24603.1201  0.11%  94.8 3127s
 2228196 1423787 24590.4083  492  148 24576.0000 24603.1187  0.11%  94.8 3130s
 2231864 1426164     cutoff  524      24576.0000 24603.1170  0.11%  94.8 3137s
 2233722 1427250 24596.7028  496  126 24576.0000 24603.1162  0.11%  94.7 3140s
 2237277 1429172 infeasible  511      24576.0000 24603.1138  0.11%  94.7 3145s
 2240584 1431276 24588.8188  501   80 24576.0000 24603.1115  0.11%  94.7 3151s
 2244302 1433888 24599.6939  487  108 24576.0000 24603.1100  0.11%  94.7 3157s
 2246355 1434605 24602.2089  487  125 24576.0000 24603.1084  0.11%  94.7 3160s
 2247570 1436386 24596.0882  485  104 24576.0000 24603.1079  0.11%  94.7 3165s
 2252161 1438848 24580.4470  525  108 24576.0000 24603.1049  0.11%  94.7 3172s
 2254055 1439834 24600.6585  500  116 24576.0000 24603.1035  0.11%  94.7 3175s
 2257744 1442525 24587.5880  518  103 24576.0000 24603.1020  0.11%  94.7 3182s
 2260008 1443925 24594.1127  506   99 24576.0000 24603.1002  0.11%  94.7 3185s
 2264124 1446171 24600.1748  506  121 24576.0000 24603.0977  0.11%  94.7 3191s
 2267536 1448176 24580.3135  532  105 24576.0000 24603.0961  0.11%  94.7 3197s
 2269641 1449540 24589.4549  499  148 24576.0000 24603.0947  0.11%  94.7 3200s
 2273487 1451806 24583.1013  524  118 24576.0000 24603.0921  0.11%  94.7 3207s
 2275276 1452830     cutoff  513      24576.0000 24603.0912  0.11%  94.7 3210s
 2278919 1455191 24594.5908  497  122 24576.0000 24603.0895  0.11%  94.7 3216s
 2282674 1458017 24595.9754  498  119 24576.0000 24603.0870  0.11%  94.7 3222s
 2284709 1459011 24582.4660  519  111 24576.0000 24603.0862  0.11%  94.7 3225s
 2288006 1461081 24585.9668  531  101 24576.0000 24603.0844  0.11%  94.7 3231s
 2291532 1463797 24591.0564  501  131 24576.0000 24603.0824  0.11%  94.7 3236s
 2295276 1465962 24594.1137  494  106 24576.0000 24603.0801  0.11%  94.7 3241s
 2298701 1467970 24588.9009  487  124 24576.0000 24603.0781  0.11%  94.7 3246s
 2302275 1469983     cutoff  511      24576.0000 24603.0760  0.11%  94.7 3250s
 2305840 1472408 24596.5656  519  143 24576.0000 24603.0741  0.11%  94.7 3255s
 2309352 1474792 24580.5183  514  108 24576.0000 24603.0721  0.11%  94.7 3260s
 2313299 1477278 24583.8136  519  135 24576.0000 24603.0699  0.11%  94.7 3266s
 2317151 1480015 24592.7273  499  125 24576.0000 24603.0674  0.11%  94.6 3270s
 2321263 1482425 24591.3044  492  150 24576.0000 24603.0655  0.11%  94.6 3275s
 2326304 1485885 24601.8572  502  120 24576.0000 24603.0626  0.11%  94.6 3281s
 2329800 1488288 24585.0676  536   95 24576.0000 24603.0601  0.11%  94.6 3285s
 2333264 1490148 24585.8133  497  112 24576.0000 24603.0581  0.11%  94.6 3290s
 2338827 1493669 24597.8511  497  111 24576.0000 24603.0552  0.11%  94.6 3297s
 2342183 1496046 24592.9216  509  139 24576.0000 24603.0535  0.11%  94.6 3301s
 2345840 1498258 24579.2478  524   94 24576.0000 24603.0519  0.11%  94.6 3306s
 2349383 1500532     cutoff  509      24576.0000 24603.0495  0.11%  94.6 3311s
 2353058 1502462 24591.3460  513  103 24576.0000 24603.0469  0.11%  94.6 3315s
 2356850 1504905 24592.4558  507  126 24576.0000 24603.0447  0.11%  94.6 3320s
 2359994 1506911     cutoff  508      24576.0000 24603.0430  0.11%  94.6 3325s
 2363203 1509290 24595.1864  503  140 24576.0000 24603.0413  0.11%  94.6 3330s
 2369333 1513129 24592.9037  494  109 24576.0000 24603.0380  0.11%  94.5 3336s
 2372818 1515389 24588.4154  513  118 24576.0000 24603.0363  0.11%  94.5 3341s
 2376441 1517572 infeasible  493      24576.0000 24603.0344  0.11%  94.5 3346s
 2380151 1520244 24593.8024  498  116 24576.0000 24603.0325  0.11%  94.5 3352s
 2382054 1521437 24584.4314  533  107 24576.0000 24603.0314  0.11%  94.5 3355s
 2385577 1523865 24592.8084  493  105 24576.0000 24603.0297  0.11%  94.5 3361s
 2389247 1526278     cutoff  517      24576.0000 24603.0273  0.11%  94.5 3367s
 2390985 1527544 24597.9356  514  110 24576.0000 24603.0263  0.11%  94.5 3370s
 2394115 1528854 24585.7896  507   92 24576.0000 24603.0243  0.11%  94.5 3377s
 2395110 1529927 24591.3050  493  120 24576.0000 24603.0240  0.11%  94.5 3381s
 2396825 1530104 24594.4426  500  140 24576.0000 24603.0237  0.11%  94.5 3390s
 2397057 1531941 24583.5757  518   97 24576.0000 24603.0235  0.11%  94.5 3395s
 2402270 1534944 24577.3469  520   91 24576.0000 24603.0190  0.11%  94.5 3403s
 2404653 1536399 24591.0530  515  125 24576.0000 24603.0179  0.11%  94.5 3407s
 2406916 1537987 24584.1783  528   81 24576.0000 24603.0165  0.11%  94.5 3410s
 2411266 1540258 24590.9467  495  120 24576.0000 24603.0141  0.11%  94.5 3416s
 2414515 1542616 24586.2842  520  104 24576.0000 24603.0122  0.11%  94.5 3422s
 2416482 1543535 24587.8985  502  140 24576.0000 24603.0114  0.11%  94.4 3425s
 2419961 1545970 24581.4563  518  132 24576.0000 24603.0094  0.11%  94.4 3431s
 2423518 1548105 24596.2859  515  120 24576.0000 24603.0072  0.11%  94.4 3436s
 2427035 1549833 24581.3614  535  139 24576.0000 24603.0055  0.11%  94.4 3442s
 2428398 1551142 24590.6473  495  119 24576.0000 24603.0048  0.11%  94.4 3447s
 2430758 1552222 24593.3412  487  118 24576.0000 24603.0036  0.11%  94.4 3451s
 2432416 1553583 24590.3066  510  146 24576.0000 24603.0024  0.11%  94.4 3455s
 2436605 1555681 24585.7938  509  128 24576.0000 24603.0002  0.11%  94.4 3461s
 2438217 1557038 24596.6147  490   89 24576.0000 24602.9997  0.11%  94.4 3465s
 2442321 1559594 24595.5804  509   89 24576.0000 24602.9973  0.11%  94.4 3470s
 2447974 1562831 24584.3356  539  128 24576.0000 24602.9946  0.11%  94.4 3477s
 2451635 1565159 24596.3078  498  106 24576.0000 24602.9929  0.11%  94.4 3481s
 2455145 1567472 24587.0509  506  120 24576.0000 24602.9910  0.11%  94.4 3486s
 2458059 1569409 24579.4586  523  133 24576.0000 24602.9898  0.11%  94.4 3491s
 2461388 1571696 24578.1673  520   70 24576.0000 24602.9878  0.11%  94.4 3496s
 2465161 1574259 24594.4369  492  130 24576.0000 24602.9860  0.11%  94.4 3501s
 2468872 1576083 24594.0844  492  189 24576.0000 24602.9840  0.11%  94.4 3505s
 2473858 1579345 24596.3263  507  113 24576.0000 24602.9815  0.11%  94.4 3511s
 2477825 1582165 24599.9209  492  154 24576.0000 24602.9796  0.11%  94.4 3516s
 2481397 1584535 24592.5632  498  129 24576.0000 24602.9775  0.11%  94.4 3520s
 2485127 1586913 24584.1026  515  101 24576.0000 24602.9757  0.11%  94.4 3525s
 2490185 1589901 24593.4669  516  115 24576.0000 24602.9731  0.11%  94.4 3531s
 2493839 1592292 24602.0132  495  103 24576.0000 24602.9713  0.11%  94.4 3536s
 2497431 1594117 24599.0201  498  116 24576.0000 24602.9695  0.11%  94.4 3540s
 2500434 1595998 24601.3280  508  153 24576.0000 24602.9677  0.11%  94.4 3546s
 2503982 1598317 24592.6234  503  116 24576.0000 24602.9660  0.11%  94.4 3550s
 2509109 1601185 24582.9569  504  109 24576.0000 24602.9632  0.11%  94.4 3556s
 2512405 1603107     cutoff  545      24576.0000 24602.9618  0.11%  94.4 3561s
 2515508 1604971 24600.6360  503  134 24576.0000 24602.9603  0.11%  94.4 3566s
 2519049 1607509 24600.9962  484  114 24576.0000 24602.9592  0.11%  94.4 3570s
 2524861 1610588 24594.1719  498   94 24576.0000 24602.9555  0.11%  94.4 3577s
 2528007 1612764 24593.4205  510  103 24576.0000 24602.9540  0.11%  94.4 3581s
 2531795 1615103 24584.6749  524  110 24576.0000 24602.9517  0.11%  94.4 3585s
 2535330 1616958 24584.7116  523  113 24576.0000 24602.9503  0.11%  94.4 3590s
 2536930 1617342 24586.0595  517  108 24576.0000 24602.9499  0.11%  94.4 3595s
 2539512 1619340     cutoff  542      24576.0000 24602.9478  0.11%  94.4 3600s

Cutting planes:
  Gomory: 10
  Cover: 66
  Clique: 25
  MIR: 313
  StrongCG: 217
  Flow cover: 43
  Inf proof: 27
  RLT: 4

Explored 2541225 nodes (239771693 simplex iterations) in 3600.03 seconds
Thread count was 12 (of 12 available processors)

Solution count 10: 24576 24538 24534 ... 24090

Time limit reached
Best objective 2.457600000000e+04, best bound 2.460200000000e+04, gap 0.1058%
