
Gurobi 9.1.2 (win64, Java) logging started Fri Nov  5 23:49:18 2021

Academic license - for non-commercial use only - expires 2022-10-30
Gurobi Optimizer version 9.1.2 build v9.1.2rc0 (win64)
Thread count: 6 physical cores, 12 logical processors, using up to 12 threads
Optimize a model with 70 rows, 600 columns and 1200 nonzeros
Model fingerprint: 0x6fd09be5
Variable types: 0 continuous, 600 integer (600 binary)
Coefficient statistics:
  Matrix range     [1e+00, 1e+03]
  Objective range  [5e+01, 9e+02]
  Bounds range     [1e+00, 1e+00]
  RHS range        [1e+00, 3e+03]
Found heuristic solution: objective 15678.000000
Presolve removed 0 rows and 139 columns
Presolve time: 0.01s
Presolved: 70 rows, 461 columns, 922 nonzeros
Variable types: 0 continuous, 461 integer (461 binary)
Presolved: 70 rows, 461 columns, 922 nonzeros


Root relaxation: objective 1.816459e+04, 149 iterations, 0.00 seconds

    Nodes    |    Current Node    |     Objective Bounds      |     Work
 Expl Unexpl |  Obj  Depth IntInf | Incumbent    BestBd   Gap | It/Node Time

     0     0 18164.5890    0   10 15678.0000 18164.5890  15.9%     -    0s
H    0     0                    17863.000000 18164.5890  1.69%     -    0s
H    0     0                    17898.000000 18164.5890  1.49%     -    0s
     0     0 18141.5504    0   18 17898.0000 18141.5504  1.36%     -    0s
H    0     0                    17913.000000 18141.5504  1.28%     -    0s
     0     0 18141.5504    0   20 17913.0000 18141.5504  1.28%     -    0s
H    0     0                    18041.000003 18141.5504  0.56%     -    0s
     0     0 18139.2000    0   23 18041.0000 18139.2000  0.54%     -    0s
     0     0 18139.2000    0   23 18041.0000 18139.2000  0.54%     -    0s
     0     0 18139.2000    0   24 18041.0000 18139.2000  0.54%     -    1s
     0     0 18139.2000    0   17 18041.0000 18139.2000  0.54%     -    1s
     0     0 18139.2000    0   13 18041.0000 18139.2000  0.54%     -    1s
     0     0 18139.2000    0   15 18041.0000 18139.2000  0.54%     -    1s
     0     0 18139.2000    0   27 18041.0000 18139.2000  0.54%     -    1s
     0     0 18139.2000    0   13 18041.0000 18139.2000  0.54%     -    1s
     0     2 18139.2000    0   11 18041.0000 18139.2000  0.54%     -    1s
H   71    83                    18070.000000 18139.2000  0.38%   7.3    3s
  1286  1075 18072.9226   76   27 18070.0000 18133.5018  0.35%   6.0    5s
  1349  1131 18133.5018   27   16 18070.0000 18133.5018  0.35%   8.7   11s
 15467 11504 18095.9118   98   12 18070.0000 18132.6004  0.35%   4.2   17s
 20101 17344 18119.8665  119   10 18070.0000 18132.6004  0.35%   4.1   20s
 36040 27356 18087.2000  149   22 18070.0000 18120.5739  0.28%   3.9   25s
 36074 27380 18119.9774   66   19 18070.0000 18119.9774  0.28%   4.0   30s
 36121 27425 18118.6921   53   18 18070.0000 18119.8524  0.28%   4.1   35s
 37118 28083 18099.9452   94   14 18070.0000 18119.8524  0.28%   4.1   40s
 55369 37766 18117.4083   93   14 18070.0000 18119.3209  0.27%   4.7   45s
 82395 47764     cutoff  166      18070.0000 18119.3209  0.27%   5.8   50s
 98470 53000 18107.8515  144   24 18070.0000 18119.3209  0.27%   6.1   55s
 119237 63086 18118.4420  106   25 18070.0000 18119.3209  0.27%   6.4   60s
 143342 81702 18108.0001  145   10 18070.0000 18119.3209  0.27%   6.8   65s
 159415 93958 18110.0306  139   14 18070.0000 18119.3209  0.27%   7.0   70s
 185349 113080 18115.1654  111   15 18070.0000 18119.3209  0.27%   7.3   75s
 205304 127978 18084.4794  113   14 18070.0000 18119.3209  0.27%   7.6   80s
 225680 141950 18115.3490   96   22 18070.0000 18119.3209  0.27%   7.8   88s
 229555 145964 18100.6297  113   24 18070.0000 18119.3209  0.27%   7.9   90s
 247361 158896 18115.1654   88   21 18070.0000 18119.3209  0.27%   8.1   95s
 260109 167467     cutoff  185      18070.0000 18119.3209  0.27%   8.3  100s
 269220 174074 18080.0962  122   23 18070.0000 18119.3006  0.27%   8.4  105s
 283504 183760 18071.4706   99   19 18070.0000 18119.2149  0.27%   8.7  111s
 290297 189302 18114.1902   98   21 18070.0000 18119.2149  0.27%   8.9  115s
 296656 193927 18112.0637  126   21 18070.0000 18119.2149  0.27%   9.0  120s
 301775 196685 18118.7796   96   22 18070.0000 18119.1567  0.27%   9.1  126s
 306882 201576     cutoff  147      18070.0000 18119.1181  0.27%   9.2  131s
 315053 206382     cutoff  151      18070.0000 18119.1131  0.27%   9.4  135s
 321972 212405 18119.1131   77   22 18070.0000 18119.1131  0.27%   9.5  141s
 329693 218186 18112.0637  133   21 18070.0000 18119.1131  0.27%   9.6  145s
 338576 225163 18115.0478  108   23 18070.0000 18119.1131  0.27%   9.7  150s
 347734 231186 18091.7470  130   18 18070.0000 18119.1000  0.27%   9.8  155s
 355391 236634 18114.1638  103   15 18070.0000 18119.0695  0.27%   9.9  160s
 357350 236841 18107.8763  138   28 18070.0000 18119.0692  0.27%   9.9  167s
 359805 239885 18119.0692   91   18 18070.0000 18119.0692  0.27%   9.9  170s
 366464 243941 18094.6667  107   22 18070.0000 18119.0554  0.27%  10.0  175s
 373647 249670 18099.0955  130   11 18070.0000 18119.0418  0.27%  10.0  180s
 380988 255210 18118.9134   79   41 18070.0000 18119.0418  0.27%  10.0  185s
 388607 260589 18119.0357   68   42 18070.0000 18119.0418  0.27%  10.0  190s
 395835 265727 18115.3871   80   29 18070.0000 18119.0418  0.27%  10.0  200s
 407460 276232 18108.0046   80   37 18070.0000 18119.0415  0.27%  10.1  205s
 422450 287459 18104.7922  122   29 18070.0000 18119.0406  0.27%  10.1  210s
 430666 293042 18116.7982   81   24 18070.0000 18119.0406  0.27%  10.1  215s
 438102 298833 18094.7295  115   13 18070.0000 18119.0406  0.27%  10.1  220s
 444772 303757 18095.4288  170   19 18070.0000 18119.0394  0.27%  10.2  225s
 452079 308940 18096.8502  145   12 18070.0000 18119.0363  0.27%  10.2  231s
 457575 312310 18099.9017  110   14 18070.0000 18119.0359  0.27%  10.2  236s
 463045 317581 18079.5935  140   18 18070.0000 18119.0345  0.27%  10.3  240s
 467260 319319 18090.7472  128   20 18070.0000 18119.0345  0.27%  10.3  245s
 473933 325758     cutoff  151      18070.0000 18119.0342  0.27%  10.4  250s
 481084 331012 18102.8142  102   19 18070.0000 18119.0310  0.27%  10.4  255s
 487592 336001 18084.5143  108   18 18070.0000 18119.0259  0.27%  10.4  260s
 495460 342336 18119.0227   80   40 18070.0000 18119.0243  0.27%  10.5  265s
 506385 350751 18104.2066  122   12 18070.0000 18119.0243  0.27%  10.6  270s
 513829 356231 18118.9884   86   22 18070.0000 18119.0235  0.27%  10.7  275s
 517505 357681 18117.3709   87   37 18070.0000 18119.0227  0.27%  10.7  283s
 517563 366899 18117.3709   88   36 18070.0000 18119.0227  0.27%  10.7  287s
 529575 366908 18119.0227   85   37 18070.0000 18119.0227  0.27%  10.8  294s
 529595 368304 18119.0227   86   37 18070.0000 18119.0227  0.27%  10.8  295s
 536065 371815 18119.0227   99   37 18070.0000 18119.0227  0.27%  10.8  300s
 541695 375957 18105.3857  123   10 18070.0000 18119.0227  0.27%  10.8  305s
 551097 383027 18072.3480  165    6 18070.0000 18119.0227  0.27%  10.8  311s
 558039 388090 18119.0227   83   48 18070.0000 18119.0227  0.27%  10.9  315s
 569437 396739 18117.3629  113   31 18070.0000 18119.0227  0.27%  10.9  320s
 576442 401651 18094.5627  143   21 18070.0000 18119.0227  0.27%  11.0  326s
 580119 404264 18119.0132   85   39 18070.0000 18119.0227  0.27%  11.0  330s
 587456 409808     cutoff  148      18070.0000 18119.0227  0.27%  11.0  336s
 591205 411184 18118.8654  110   44 18070.0000 18119.0227  0.27%  11.0  342s
 591220 419324 18117.7846  111   43 18070.0000 18119.0227  0.27%  11.0  346s
 603232 420158 18071.0804  128   14 18070.0000 18119.0227  0.27%  11.0  350s
 615639 429390 18110.7547   90   11 18070.0000 18119.0227  0.27%  11.0  355s
 626248 436994 18092.5521  142    9 18070.0000 18119.0227  0.27%  11.1  360s
 634456 442223 18102.8776  119   24 18070.0000 18119.0227  0.27%  11.1  365s
 637991 445039 18073.7590  159   39 18070.0000 18119.0227  0.27%  11.1  370s
 643385 448903 18083.3210   98   19 18070.0000 18119.0227  0.27%  11.2  375s
 655895 457252 18117.7412  104   23 18070.0000 18119.0227  0.27%  11.2  383s
 656774 458461 18118.0458  107   47 18070.0000 18119.0227  0.27%  11.2  385s
 664645 463132 18118.1966   93   48 18070.0000 18119.0227  0.27%  11.2  392s
H665055 338723                    18090.000000 18119.0227  0.16%  11.2  392s
 667205 340179 18109.7648  124   23 18090.0000 18119.0227  0.16%  11.3  395s
 667255 340211 18094.5685   68   14 18090.0000 18119.0227  0.16%  11.3  400s
 669276 341039 18099.6948  152   14 18090.0000 18116.9178  0.15%  11.2  405s
 686037 349718 18105.6409  115   19 18090.0000 18116.9178  0.15%  11.1  410s
 716736 359303 18116.2437  117   15 18090.0000 18116.9178  0.15%  11.0  415s
 749495 370258 18116.2596  121   17 18090.0000 18116.9178  0.15%  11.0  420s
 769345 375606 18116.2596  120   14 18090.0000 18116.9178  0.15%  11.0  427s
 781739 380444 18116.8769  128   24 18090.0000 18116.9178  0.15%  11.0  430s
 795203 384464 18104.6923  164   10 18090.0000 18116.9178  0.15%  11.0  435s
 805534 387734 18116.2596  122   19 18090.0000 18116.9178  0.15%  11.0  440s
 818726 391561 18116.9178  118   17 18090.0000 18116.9178  0.15%  11.1  445s
 825750 393222 18116.2596  118   15 18090.0000 18116.9178  0.15%  11.1  450s
 829465 393227 18114.2976  142   35 18090.0000 18116.9178  0.15%  11.1  455s
 839327 397199 18116.9178   99   14 18090.0000 18116.9178  0.15%  11.2  460s
 845400 398486 18099.6984  115   21 18090.0000 18116.9178  0.15%  11.2  466s
 853652 400222 18116.9178  101   22 18090.0000 18116.9178  0.15%  11.2  472s
 857586 402171 18109.4996  136   13 18090.0000 18116.9178  0.15%  11.2  475s
 865335 404239 18110.9504  146   25 18090.0000 18116.9178  0.15%  11.3  481s
 874883 408408 18116.2596  108   20 18090.0000 18116.9178  0.15%  11.3  485s
 880692 410432     cutoff  143      18090.0000 18116.9178  0.15%  11.3  490s
 892182 414296 18116.9178  106   17 18090.0000 18116.9178  0.15%  11.3  495s
 903761 416923 18106.0072  146   14 18090.0000 18116.9178  0.15%  11.4  504s
 904403 418084 18106.8224  141   19 18090.0000 18116.9178  0.15%  11.4  505s
 913844 420457 18116.8943  124   36 18090.0000 18116.9178  0.15%  11.4  510s
 923025 423112 18105.6689  155   17 18090.0000 18116.9178  0.15%  11.4  515s
 931817 425100 18116.6498  142   42 18090.0000 18116.9178  0.15%  11.5  520s
 943433 428662 18116.9178  114   17 18090.0000 18116.9178  0.15%  11.5  527s
 948020 430455 18115.3157  141   22 18090.0000 18116.9178  0.15%  11.5  530s
 960598 433527 18115.3035  130   18 18090.0000 18116.9178  0.15%  11.5  535s
 966963 435235 18096.8248  124   23 18090.0000 18116.9178  0.15%  11.6  541s
 972017 437078 18115.4656  125   19 18090.0000 18116.9178  0.15%  11.6  545s
 977938 437322 18116.8838  117   16 18090.0000 18116.9178  0.15%  11.6  551s
 986772 439853 18095.4241  145   16 18090.0000 18116.9178  0.15%  11.6  555s
 991895 440850     cutoff  137      18090.0000 18116.9178  0.15%  11.6  560s
 996395 441782 18097.8482  140   13 18090.0000 18116.9178  0.15%  11.6  565s
 1007224 443187 18110.9618  123   24 18090.0000 18116.9178  0.15%  11.7  570s
 1019137 445413 18110.4134  130   19 18090.0000 18116.9178  0.15%  11.7  575s
 1027969 446476 18109.5687  143   29 18090.0000 18116.9178  0.15%  11.7  580s
 1040937 449174 18099.1819  133   23 18090.0000 18116.9178  0.15%  11.8  585s
 1054103 451471 18106.2142  134   21 18090.0000 18116.9178  0.15%  11.8  593s
 1058425 452747 18108.4400  142   19 18090.0000 18116.9178  0.15%  11.8  595s
 1072359 455120 18115.2442  135   23 18090.0000 18116.9178  0.15%  11.9  600s
 1084401 457091 18096.7795  137   20 18090.0000 18116.9178  0.15%  11.9  607s
 1093214 459219 18116.8296  118   25 18090.0000 18116.9178  0.15%  11.9  610s
 1110000 462190 18114.0755  118   16 18090.0000 18116.9178  0.15%  11.9  615s
 1118679 463419 18115.1455  140   19 18090.0000 18116.9178  0.15%  12.0  620s
 1131401 466052 18106.0072  144   16 18090.0000 18116.9178  0.15%  12.0  625s
 1143730 467756 18112.1604  141   24 18090.0000 18116.9178  0.15%  12.0  632s
 1148433 468768 18108.6933  123   20 18090.0000 18116.9178  0.15%  12.0  639s
 1148685 469950 18108.2137  124   17 18090.0000 18116.9178  0.15%  12.0  640s
 1163172 473556 18095.0961  116   26 18090.0000 18116.9178  0.15%  12.0  645s
 1177428 475923 18116.9178  124   22 18090.0000 18116.9178  0.15%  12.0  653s
 1181977 477678 18095.0787  149   13 18090.0000 18116.9178  0.15%  12.0  655s
 1194407 480162 infeasible  150      18090.0000 18116.9178  0.15%  12.1  660s
 1207273 483202 18094.4614  142   30 18090.0000 18116.9178  0.15%  12.1  665s
 1215887 485273     cutoff  154      18090.0000 18116.9178  0.15%  12.1  670s
 1225134 486354 18106.8224  123   29 18090.0000 18116.9178  0.15%  12.1  676s
 1234439 488778 18111.5435  137   18 18090.0000 18116.9178  0.15%  12.1  680s
 1249091 492063 18116.2008  138   28 18090.0000 18116.9178  0.15%  12.2  685s
 1262896 495462 18106.8224  134   24 18090.0000 18116.9178  0.15%  12.2  690s
 1269700 496896 18107.7513  133   15 18090.0000 18116.9178  0.15%  12.2  695s
 1286194 500840 18098.7476  142   33 18090.0000 18116.9178  0.15%  12.3  700s
H1288654 410820                    18100.000000 18116.9178  0.09%  12.3  703s
 1291645 411944 18111.5435  123   16 18100.0000 18116.9178  0.09%  12.3  705s
 1297945 411942 18104.6181  157   35 18100.0000 18116.9178  0.09%  12.3  710s
 1298069 411967 18108.2714   90   26 18100.0000 18116.3999  0.09%  12.3  715s
 1303148 413299 18110.2423  147   16 18100.0000 18116.3907  0.09%  12.2  720s
 1330677 423175 18115.5150  115   26 18100.0000 18115.5150  0.09%  12.1  725s
 1349671 429623 18108.9808  118   17 18100.0000 18115.3686  0.08%  12.0  730s
 1370347 435947 18108.3630  117   16 18100.0000 18115.3601  0.08%  12.0  735s
 1384804 439728 18108.7889  113   18 18100.0000 18115.3573  0.08%  11.9  742s
 1393746 443027 18114.9244  114   46 18100.0000 18115.3537  0.08%  11.9  745s
 1410654 446671 18115.3197  113   41 18100.0000 18115.3505  0.08%  11.9  750s
 1416679 447663 18112.0759  123   25 18100.0000 18115.3499  0.08%  11.9  756s
 1424819 451083 18113.6010  140   19 18100.0000 18115.3484  0.08%  11.8  760s
 1434359 453222 18105.2890  128   23 18100.0000 18115.3474  0.08%  11.8  765s
 1441308 454743 18113.0464  130   24 18100.0000 18115.3467  0.08%  11.8  770s
 1449671 456735 18110.6238  116   15 18100.0000 18115.3444  0.08%  11.8  775s
 1457771 458195 18113.2380  133   48 18100.0000 18115.3437  0.08%  11.8  781s
 1465278 459449 18103.7762  133   16 18100.0000 18115.3419  0.08%  11.8  785s
 1471882 461037     cutoff  146      18100.0000 18115.3412  0.08%  11.8  790s
 1477104 462169 18104.4783  140   14 18100.0000 18115.3407  0.08%  11.8  795s
 1486141 463597 18107.9431  123   17 18100.0000 18115.3377  0.08%  11.8  800s
 1493156 464847 18112.5724  138   30 18100.0000 18115.3364  0.08%  11.8  805s
 1498654 465781 18113.3417  128   29 18100.0000 18115.3343  0.08%  11.8  810s
 1505690 467206 18113.0588  139   15 18100.0000 18115.3330  0.08%  11.8  815s
 1515581 468759 18101.9797  129   12 18100.0000 18115.3320  0.08%  11.8  820s
 1524003 470464 18115.0000  122   17 18100.0000 18115.3320  0.08%  11.8  826s
 1532737 472324 18109.2378  140   27 18100.0000 18115.3320  0.08%  11.8  831s
 1540213 473698 18115.0000  141    8 18100.0000 18115.3320  0.08%  11.8  835s
 1543498 474202 18115.2545  120   24 18100.0000 18115.3320  0.08%  11.8  840s
 1553137 474972 18112.8446  134   21 18100.0000 18115.3313  0.08%  11.8  845s
 1561061 476332 18107.4029  119   21 18100.0000 18115.3304  0.08%  11.8  850s
 1570546 477880 18105.9467  130   14 18100.0000 18115.3251  0.08%  11.8  855s
 1579997 478758 18106.6053  122   15 18100.0000 18115.3251  0.08%  11.8  860s
 1591810 482357 18108.9347  143   12 18100.0000 18115.3239  0.08%  11.8  865s
 1598284 484170 18111.9121  144   35 18100.0000 18115.3239  0.08%  11.8  870s
 1607717 486681     cutoff  166      18100.0000 18115.3239  0.08%  11.8  876s
 1616461 489228 18109.1110  112   28 18100.0000 18115.3205  0.08%  11.8  880s
 1623820 490732     cutoff  157      18100.0000 18115.3205  0.08%  11.8  885s
 1630910 492181 18110.9116  121   25 18100.0000 18115.3205  0.08%  11.8  890s
 1635888 493307 18115.2945  117   34 18100.0000 18115.3205  0.08%  11.8  895s
 1641424 493653     cutoff  119      18100.0000 18115.3205  0.08%  11.8  902s
 1643973 494847 18115.3199  105   35 18100.0000 18115.3205  0.08%  11.8  905s
 1651766 496037     cutoff  113      18100.0000 18115.3205  0.08%  11.9  910s
 1660531 497728     cutoff  128      18100.0000 18115.3201  0.08%  11.9  915s
 1668280 498485 18107.5007  147   18 18100.0000 18115.3201  0.08%  11.9  920s
 1677593 499827 18115.1397  126   41 18100.0000 18115.3201  0.08%  11.9  925s
 1685131 500547 18115.2563  124   46 18100.0000 18115.3201  0.08%  11.9  930s
 1694117 500941 18114.3177  123   44 18100.0000 18115.3201  0.08%  11.9  935s
 1701629 501620 18114.5627  125   38 18100.0000 18115.3201  0.08%  11.9  940s
 1710522 502047 18108.9512  150   12 18100.0000 18115.3201  0.08%  11.9  946s
 1716278 502077 infeasible  142      18100.0000 18115.3201  0.08%  11.9  950s
 1724947 502554 18115.1974  113   19 18100.0000 18115.3201  0.08%  11.9  956s
 1732491 502831     cutoff  121      18100.0000 18115.3201  0.08%  11.9  960s
 1740026 503488 18115.0644  104   52 18100.0000 18115.3201  0.08%  12.0  965s
 1742153 509288 18115.3176  108   37 18100.0000 18115.3200  0.08%  12.0  974s
 1754093 506268     cutoff  156      18100.0000 18115.3200  0.08%  12.0  977s
 1757843 506711 18115.3200  109   36 18100.0000 18115.3200  0.08%  12.0  980s
 1766431 507744 18109.4509  140   30 18100.0000 18115.3200  0.08%  12.0  985s
 1774226 508285 18103.5371  125   22 18100.0000 18115.3200  0.08%  12.0  991s
 1781016 509372 18115.3200  125   36 18100.0000 18115.3200  0.08%  12.0  995s
 1788210 510101 18103.7869  131   14 18100.0000 18115.3200  0.08%  12.0 1000s
 1798193 511279 18115.2853  106   41 18100.0000 18115.3200  0.08%  12.0 1005s
 1805436 512628 18115.2545  122   21 18100.0000 18115.3200  0.08%  12.0 1010s
 1813914 513905 18101.4175  141   30 18100.0000 18115.3200  0.08%  12.0 1015s
 1822720 514949 18115.3181  129   37 18100.0000 18115.3200  0.08%  12.0 1020s
 1831532 516049 18103.6767  121   25 18100.0000 18115.3199  0.08%  12.0 1025s
 1838607 516882 18113.8778  141   30 18100.0000 18115.3199  0.08%  12.0 1030s
 1845840 517750 18105.9268  131   16 18100.0000 18115.3199  0.08%  12.0 1035s
 1852832 518646 18105.9178  138   30 18100.0000 18115.3199  0.08%  12.0 1041s
 1858115 519797 18115.0000  148   13 18100.0000 18115.3199  0.08%  12.0 1045s
 1867436 521054 18114.7525  138   32 18100.0000 18115.3199  0.08%  12.0 1051s
 1874446 522168 18113.6444  139   10 18100.0000 18115.3199  0.08%  12.0 1055s
 1876870 522678 18114.2578  123   33 18100.0000 18115.3199  0.08%  12.0 1060s
 1886489 524070 18114.4850  130   43 18100.0000 18115.3199  0.08%  12.1 1065s
 1893926 525390 18111.8353  132   45 18100.0000 18115.3199  0.08%  12.1 1070s
 1904499 527431 18115.3150  112   39 18100.0000 18115.3198  0.08%  12.1 1075s
 1911691 528925 18115.2852  106   41 18100.0000 18115.3198  0.08%  12.1 1080s
 1921110 530282 18115.0000  127   14 18100.0000 18115.3198  0.08%  12.1 1085s
 1930056 532095 18114.1768  150   24 18100.0000 18115.3198  0.08%  12.1 1090s
 1937856 532853     cutoff  137      18100.0000 18115.3198  0.08%  12.1 1095s
 1945618 533148 18115.3165  123   29 18100.0000 18115.3198  0.08%  12.1 1100s
 1947859 533713 18115.3198  116   39 18100.0000 18115.3198  0.08%  12.1 1105s
 1955495 534014 18113.6010  118   15 18100.0000 18115.3198  0.08%  12.1 1110s
 1963592 534664 18113.1944  126   23 18100.0000 18115.3198  0.08%  12.1 1115s
 1970854 535171 18115.0000  113   18 18100.0000 18115.3198  0.08%  12.1 1120s
 1977950 535269     cutoff  116      18100.0000 18115.3198  0.08%  12.1 1125s
 1984094 535881 18115.3185  118   36 18100.0000 18115.3198  0.08%  12.1 1131s
 1988734 535513 18113.6926  136   33 18100.0000 18115.3197  0.08%  12.1 1135s
 1995913 536043 18102.7336  127   35 18100.0000 18115.3197  0.08%  12.1 1141s
 2002343 536282 18101.8943  139   20 18100.0000 18115.3197  0.08%  12.1 1145s
 2009897 536689 18115.2545  138   13 18100.0000 18115.3197  0.08%  12.1 1150s
 2015646 537092 18115.0000  138   11 18100.0000 18115.3197  0.08%  12.1 1155s
 2025088 538641 18115.3188  125   38 18100.0000 18115.3196  0.08%  12.1 1160s
 2032847 539678 18102.8511  136   20 18100.0000 18115.3196  0.08%  12.1 1165s
 2040541 540580 18104.5731  126   31 18100.0000 18115.3196  0.08%  12.1 1170s
 2046214 540286 18115.3176  124   31 18100.0000 18115.3196  0.08%  12.1 1176s
 2052673 541469 18115.3196  124   38 18100.0000 18115.3196  0.08%  12.1 1180s
 2060456 542086 18113.6444  132   23 18100.0000 18115.3196  0.08%  12.1 1185s
 2070003 542996     cutoff  145      18100.0000 18115.3196  0.08%  12.1 1190s
 2078258 543973 18115.0785  117   41 18100.0000 18115.3196  0.08%  12.1 1195s
 2087448 544521 18111.9756  120   11 18100.0000 18115.3196  0.08%  12.1 1200s
 2098004 545044     cutoff  138      18100.0000 18115.3196  0.08%  12.1 1205s
 2105445 545359 18115.1789  123   24 18100.0000 18115.3196  0.08%  12.1 1210s
 2115922 545403 18113.5018  124   29 18100.0000 18115.3196  0.08%  12.1 1215s
 2123072 545453 18111.9756  131   14 18100.0000 18115.3196  0.08%  12.1 1220s
 2131569 546136     cutoff  134      18100.0000 18115.3196  0.08%  12.1 1225s
 2136934 546657 18114.7593  127   31 18100.0000 18115.3196  0.08%  12.1 1230s
 2145623 547043 18102.6182  124   19 18100.0000 18115.3196  0.08%  12.1 1235s
 2155726 547993 18102.1122  123   24 18100.0000 18115.3193  0.08%  12.1 1240s
 2165152 549197 18105.8257  129   15 18100.0000 18115.3193  0.08%  12.1 1245s
 2174705 549827 18115.2545  127   22 18100.0000 18115.3193  0.08%  12.1 1250s
 2183567 550709 18107.3988  154   13 18100.0000 18115.3193  0.08%  12.1 1255s
 2192783 551256 18112.9720  122   37 18100.0000 18115.3193  0.08%  12.1 1260s
 2200833 551677 18114.2842  123   33 18100.0000 18115.3193  0.08%  12.1 1265s
 2210312 551955 18115.0553  113   26 18100.0000 18115.3193  0.08%  12.1 1271s
 2218071 552590 18102.0116  133   17 18100.0000 18115.3193  0.08%  12.1 1275s
 2225780 552952 18115.3183  112   37 18100.0000 18115.3193  0.08%  12.1 1280s
 2234787 554073 18115.0000  128   10 18100.0000 18115.3192  0.08%  12.1 1285s
 2241523 555086 18103.8246  119   13 18100.0000 18115.3192  0.08%  12.1 1290s
 2248954 556246 18105.6641  127   23 18100.0000 18115.3192  0.08%  12.1 1296s
 2254108 557098 18101.1306  131   16 18100.0000 18115.3192  0.08%  12.1 1301s
 2261655 557876 18102.7020  131   21 18100.0000 18115.3192  0.08%  12.1 1306s
 2267740 557991 18115.2860  113   38 18100.0000 18115.3192  0.08%  12.1 1310s
 2275465 558441 18109.3500  129   33 18100.0000 18115.3192  0.08%  12.1 1315s
 2280188 560163     cutoff  131      18100.0000 18115.3192  0.08%  12.1 1320s
 2290986 560519     cutoff  133      18100.0000 18115.3192  0.08%  12.1 1326s
 2298462 561748 18115.0613  106   40 18100.0000 18115.3192  0.08%  12.1 1330s
 2305488 562918 18101.8943  128   15 18100.0000 18115.3192  0.08%  12.1 1335s
 2312830 563766 18111.6755  117   38 18100.0000 18115.3192  0.08%  12.1 1340s
 2319830 564585     cutoff  144      18100.0000 18115.3192  0.08%  12.1 1345s
 2327584 565232     cutoff  117      18100.0000 18115.3192  0.08%  12.1 1350s
 2335124 565669 18101.9774  134   13 18100.0000 18115.3192  0.08%  12.1 1355s
 2340371 565928     cutoff  125      18100.0000 18115.3192  0.08%  12.1 1360s
 2347995 566527 18102.8529  142   13 18100.0000 18115.3192  0.08%  12.1 1365s
 2353408 566844     cutoff  121      18100.0000 18115.3192  0.08%  12.1 1370s
 2360781 567496 18115.0736  124   39 18100.0000 18115.3192  0.08%  12.1 1376s
 2366394 567466     cutoff  136      18100.0000 18115.3192  0.08%  12.1 1381s
 2371659 567936 18108.1857  127   25 18100.0000 18115.3192  0.08%  12.1 1385s
 2379397 568589 18102.5419  128   13 18100.0000 18115.3192  0.08%  12.2 1390s
 2385168 568552     cutoff  129      18100.0000 18115.3192  0.08%  12.2 1395s
 2390098 569028 18114.5439  116   38 18100.0000 18115.3192  0.08%  12.2 1400s
 2397154 568845 18113.4333  120    8 18100.0000 18115.3192  0.08%  12.2 1408s
 2399727 569548 18115.1433  126   41 18100.0000 18115.3192  0.08%  12.2 1411s
 2404049 569381 18104.9286  128   25 18100.0000 18115.3189  0.08%  12.2 1415s
 2411611 570019 18115.3162  113   38 18100.0000 18115.3188  0.08%  12.2 1420s
 2421544 570985 18105.8945  116   28 18100.0000 18115.3188  0.08%  12.2 1425s
 2432804 571942     cutoff  129      18100.0000 18115.3188  0.08%  12.2 1430s
 2440515 572721 18107.3398  124   26 18100.0000 18115.3188  0.08%  12.2 1435s
 2451514 573013 18115.2545  120   20 18100.0000 18115.3188  0.08%  12.1 1441s
 2459563 573591     cutoff  131      18100.0000 18115.3187  0.08%  12.1 1447s
 2464999 574288     cutoff  130      18100.0000 18115.3187  0.08%  12.1 1450s
 2472257 574972 18115.2222  118   32 18100.0000 18115.3187  0.08%  12.1 1455s
 2478067 575376 18115.3129  110   34 18100.0000 18115.3187  0.08%  12.1 1460s
 2485955 575818 infeasible  124      18100.0000 18115.3187  0.08%  12.2 1465s
 2493184 576302 18101.3615  124   17 18100.0000 18115.3187  0.08%  12.2 1472s
 2498464 576796 infeasible  120      18100.0000 18115.3187  0.08%  12.2 1476s
 2506599 577199     cutoff  131      18100.0000 18115.3187  0.08%  12.2 1480s
 2515359 577579 18108.0370  122   42 18100.0000 18115.3187  0.08%  12.2 1485s
 2521356 578076 18114.2337  124   19 18100.0000 18115.3187  0.08%  12.2 1490s
 2528968 578914 18115.3178  122   37 18100.0000 18115.3187  0.08%  12.2 1496s
 2534429 579803 18101.0366  138   15 18100.0000 18115.3187  0.08%  12.2 1500s
 2543638 584043 18101.9120  170   15 18100.0000 18115.3187  0.08%  12.2 1506s
 2551198 587283 18101.6760  118   35 18100.0000 18115.3187  0.08%  12.2 1511s
 2558431 590210 18113.8622  121   36 18100.0000 18115.3187  0.08%  12.2 1515s
 2565913 593166 18108.1119  126   27 18100.0000 18115.3187  0.08%  12.2 1520s
 2574273 596645 18112.8898  121   39 18100.0000 18115.3187  0.08%  12.2 1525s
 2581762 599715 18112.9472  116   18 18100.0000 18115.3187  0.08%  12.2 1531s
 2589720 603024 18115.1253  120   35 18100.0000 18115.3187  0.08%  12.2 1535s
 2599089 607260 18105.9268  149   18 18100.0000 18115.3187  0.08%  12.2 1540s
 2605094 609532 infeasible  137      18100.0000 18115.3187  0.08%  12.2 1546s
 2610881 612736     cutoff  132      18100.0000 18115.3187  0.08%  12.2 1550s
 2618301 615634 18104.6183  121   21 18100.0000 18115.3185  0.08%  12.2 1555s
 2622471 617525 18108.6848  135   16 18100.0000 18115.3185  0.08%  12.2 1560s
 2629224 619982 18109.3432  133   27 18100.0000 18115.3185  0.08%  12.2 1565s
 2636008 622398     cutoff  124      18100.0000 18115.3185  0.08%  12.2 1570s
 2641783 624576 18104.9648  127   26 18100.0000 18115.3185  0.08%  12.2 1575s
 2650156 628267     cutoff  153      18100.0000 18115.3184  0.08%  12.2 1580s
 2657640 631258 18111.8426  126   18 18100.0000 18115.3183  0.08%  12.2 1585s
 2668039 635323 18115.3177  122   33 18100.0000 18115.3181  0.08%  12.2 1590s
 2677415 639549 18115.2160  129   28 18100.0000 18115.3178  0.08%  12.2 1595s
 2684328 643226 18102.3067  139   12 18100.0000 18115.3177  0.08%  12.2 1600s
 2692293 646599 18115.3127  127   42 18100.0000 18115.3177  0.08%  12.2 1606s
 2700176 650396 18114.3222  134   21 18100.0000 18115.3177  0.08%  12.2 1611s
 2705770 652985 18114.3162  140   32 18100.0000 18115.3177  0.08%  12.2 1615s
 2712909 656435 18113.6017  120   15 18100.0000 18115.3177  0.08%  12.2 1620s
 2718257 658680     cutoff  117      18100.0000 18115.3177  0.08%  12.2 1625s
 2722499 660243     cutoff  125      18100.0000 18115.3176  0.08%  12.2 1630s
 2730663 663809     cutoff  143      18100.0000 18115.3176  0.08%  12.2 1635s
 2740215 667980 18102.2579  138   20 18100.0000 18115.3176  0.08%  12.2 1641s
 2747563 671290     cutoff  130      18100.0000 18115.3176  0.08%  12.2 1645s
 2754824 674393 18108.4365  125   13 18100.0000 18115.3176  0.08%  12.2 1651s
 2762338 677881     cutoff  137      18100.0000 18115.3176  0.08%  12.2 1655s
 2769965 681315 18108.9764  128   18 18100.0000 18115.3176  0.08%  12.2 1660s
 2777362 684713 18108.3056  132   29 18100.0000 18115.3176  0.08%  12.2 1665s
 2785194 688228 18115.0305  115   36 18100.0000 18115.3176  0.08%  12.2 1670s
 2792394 691560     cutoff  123      18100.0000 18115.3176  0.08%  12.2 1675s
 2801493 695430 18106.4305  128   27 18100.0000 18115.3176  0.08%  12.2 1680s
 2806342 697925 18103.1932  118   12 18100.0000 18115.3176  0.08%  12.2 1685s
 2815137 701544 18103.3962  125   18 18100.0000 18115.3176  0.08%  12.2 1690s
 2824248 705585 18104.5242  117   10 18100.0000 18115.3176  0.08%  12.1 1695s
 2831414 708597 18115.2672  133   27 18100.0000 18115.3176  0.08%  12.1 1700s
 2834184 709918 18109.8274  137   24 18100.0000 18115.3176  0.08%  12.1 1705s
 2840445 712496 18114.9432  117   14 18100.0000 18115.3176  0.08%  12.1 1710s
 2849915 716310 18103.2325  145   18 18100.0000 18115.3176  0.08%  12.1 1715s
 2855424 718298 18115.1741  119   35 18100.0000 18115.3176  0.08%  12.1 1720s
 2864215 722124 18106.5018  148   27 18100.0000 18115.3176  0.08%  12.1 1725s
 2867994 723418 18115.3094  115   38 18100.0000 18115.3176  0.08%  12.1 1730s
 2877636 727868 18115.0000  123   11 18100.0000 18115.3176  0.08%  12.1 1735s
 2885341 730999 18115.0257  116   16 18100.0000 18115.3176  0.08%  12.1 1740s
 2894376 734533     cutoff  131      18100.0000 18115.3176  0.08%  12.1 1745s
 2901969 737475 18101.9614  128   10 18100.0000 18115.3176  0.08%  12.1 1750s
 2911060 741196     cutoff  117      18100.0000 18115.3176  0.08%  12.1 1755s
 2918942 744553 18101.8293  119   10 18100.0000 18115.3176  0.08%  12.1 1760s
 2926314 747500 18115.3176  119   30 18100.0000 18115.3176  0.08%  12.1 1765s
 2934296 750302 18108.7233  146   11 18100.0000 18115.3176  0.08%  12.1 1770s
 2941650 752974 infeasible  139      18100.0000 18115.3176  0.08%  12.1 1775s
 2947799 755082 18101.1465  129   22 18100.0000 18115.3176  0.08%  12.1 1781s
 2954733 758188 18115.0357  120   46 18100.0000 18115.3176  0.08%  12.1 1785s
 2962466 761215 18115.2707  117   39 18100.0000 18115.3176  0.08%  12.1 1790s
 2972253 764990 18101.4675  134   28 18100.0000 18115.3176  0.08%  12.1 1795s
 2981811 768946     cutoff  170      18100.0000 18115.3176  0.08%  12.1 1800s
 2989044 771704 18115.3176  131   28 18100.0000 18115.3176  0.08%  12.1 1805s
 2996431 774791 18115.1273  127   15 18100.0000 18115.3176  0.08%  12.1 1810s
 3005288 778318 18107.9431  123   29 18100.0000 18115.3176  0.08%  12.1 1815s
 3012624 780888 18113.6128  122   39 18100.0000 18115.3176  0.08%  12.1 1821s
 3018017 783463     cutoff  127      18100.0000 18115.3175  0.08%  12.1 1825s
 3023751 785705 18109.8172  125   24 18100.0000 18115.3175  0.08%  12.1 1830s
 3032262 788847     cutoff  119      18100.0000 18115.3173  0.08%  12.1 1835s
 3042244 792627     cutoff  112      18100.0000 18115.3173  0.08%  12.1 1840s
 3047720 794498 infeasible  120      18100.0000 18115.3173  0.08%  12.1 1845s
 3055055 797314 18115.3173  112   43 18100.0000 18115.3173  0.08%  12.1 1850s
 3062535 800323     cutoff  117      18100.0000 18115.3173  0.08%  12.1 1855s
 3071917 804487 18113.2658  129   37 18100.0000 18115.3173  0.08%  12.1 1861s
 3077843 806696     cutoff  125      18100.0000 18115.3173  0.08%  12.1 1865s
 3085790 810101 18113.9936  111   34 18100.0000 18115.3173  0.08%  12.1 1870s
 3093127 813400 18102.4667  123    8 18100.0000 18115.3173  0.08%  12.1 1876s
 3100886 816561 18109.8274  121   17 18100.0000 18115.3173  0.08%  12.1 1880s
 3108040 819248 18108.8383  115   27 18100.0000 18115.3173  0.08%  12.1 1887s
 3113922 821455 18101.9570  133   16 18100.0000 18115.3173  0.08%  12.1 1890s
 3121701 824310 18115.1384  125   29 18100.0000 18115.3173  0.08%  12.1 1895s
 3129167 826668 18112.7517  113   34 18100.0000 18115.3173  0.08%  12.1 1901s
 3134831 828651 18115.3173  114   42 18100.0000 18115.3173  0.08%  12.1 1905s
 3140644 830504 18101.7938  127   39 18100.0000 18115.3173  0.08%  12.1 1910s
 3148230 832810     cutoff  133      18100.0000 18115.3173  0.08%  12.1 1916s
 3153537 834451 18115.3158  123   36 18100.0000 18115.3173  0.08%  12.1 1920s
 3161168 837558     cutoff  139      18100.0000 18115.3173  0.08%  12.1 1926s
 3166803 839822 18115.2521  109   19 18100.0000 18115.3173  0.08%  12.1 1930s
 3172161 841910 18115.3173  113   37 18100.0000 18115.3173  0.08%  12.1 1935s
 3179332 844458 18115.2300  107   30 18100.0000 18115.3173  0.08%  12.1 1941s
 3182926 845442 18115.2958  111   43 18100.0000 18115.3173  0.08%  12.1 1945s
 3188387 847174     cutoff  128      18100.0000 18115.3173  0.08%  12.1 1952s
 3192171 848643 18115.0000  126   14 18100.0000 18115.3172  0.08%  12.1 1956s
 3195771 849955 18112.9463  124   20 18100.0000 18115.3172  0.08%  12.1 1960s
 3203002 852492 18101.9614  128   11 18100.0000 18115.3172  0.08%  12.1 1966s
 3207316 854049 18110.6238  120   13 18100.0000 18115.3171  0.08%  12.1 1970s
 3213981 856552 18106.7174  128   12 18100.0000 18115.3171  0.08%  12.1 1975s
 3221131 859307     cutoff  130      18100.0000 18115.3171  0.08%  12.1 1980s
 3228442 861969     cutoff  133      18100.0000 18115.3171  0.08%  12.1 1988s
 3231656 863503 18101.4036  145    9 18100.0000 18115.3171  0.08%  12.1 1991s
 3235604 864514 18108.8512  118   25 18100.0000 18115.3170  0.08%  12.1 1996s
 3241444 867031 18115.3158  112   33 18100.0000 18115.3169  0.08%  12.1 2003s
 3242819 868069 18101.7867  139   33 18100.0000 18115.3169  0.08%  12.1 2005s
 3249974 870321 18115.3162  114   37 18100.0000 18115.3168  0.08%  12.1 2012s
 3253266 872377 18101.7422  135   18 18100.0000 18115.3168  0.08%  12.1 2016s
 3258249 874213 18105.6915  123   29 18100.0000 18115.3168  0.08%  12.1 2020s
 3266476 877352 18108.3093  130   11 18100.0000 18115.3168  0.08%  12.1 2025s
 3274575 880407 18115.0000  126   10 18100.0000 18115.3168  0.08%  12.1 2030s
 3280141 882355     cutoff  119      18100.0000 18115.3168  0.08%  12.1 2035s
 3287563 885511 18105.9820  123   20 18100.0000 18115.3167  0.08%  12.1 2040s
 3294663 888096 18103.9106  137   10 18100.0000 18115.3167  0.08%  12.1 2045s
 3302447 890853     cutoff  140      18100.0000 18115.3166  0.08%  12.1 2050s
 3308670 893447 18104.1043  152   14 18100.0000 18115.3166  0.08%  12.1 2055s
 3314228 895657 18113.9919  121   19 18100.0000 18115.3166  0.08%  12.1 2060s
 3319763 897722 18114.2047  123   30 18100.0000 18115.3166  0.08%  12.1 2065s
 3329757 901318     cutoff  159      18100.0000 18115.3166  0.08%  12.1 2073s
 3333355 902862 18115.0000  128   15 18100.0000 18115.3166  0.08%  12.1 2076s
 3339103 904767 18115.0198  119   28 18100.0000 18115.3166  0.08%  12.1 2080s
 3345093 906705 18101.3658  153   10 18100.0000 18115.3166  0.08%  12.1 2086s
 3350954 908520 infeasible  137      18100.0000 18115.3166  0.08%  12.1 2091s
 3356534 910382     cutoff  119      18100.0000 18115.3166  0.08%  12.1 2095s
 3362611 911996 18115.1665  125   33 18100.0000 18115.3166  0.08%  12.1 2100s
 3370511 914339 18104.5242  119   17 18100.0000 18115.3166  0.08%  12.1 2107s
 3374438 915499 18112.9511  122   26 18100.0000 18115.3166  0.08%  12.1 2110s
 3379139 916298 18115.3165  114   37 18100.0000 18115.3166  0.08%  12.1 2115s
 3387041 919673 18115.3163  115   42 18100.0000 18115.3165  0.08%  12.1 2120s
 3394422 922442 18101.5070  133   16 18100.0000 18115.3165  0.08%  12.1 2125s
 3400404 924046 18112.1876  124   35 18100.0000 18115.3165  0.08%  12.1 2131s
 3403538 925741 18115.3165  115   39 18100.0000 18115.3165  0.08%  12.1 2135s
 3412798 929593 18108.1421  126   13 18100.0000 18115.3165  0.08%  12.1 2141s
 3421032 932544 18107.3766  132   15 18100.0000 18115.3165  0.08%  12.1 2146s
 3427076 934632 18101.6152  158   10 18100.0000 18115.3164  0.08%  12.1 2150s
 3432268 936449 18104.9187  126   11 18100.0000 18115.3164  0.08%  12.1 2156s
 3439669 939391 18114.9226  120   28 18100.0000 18115.3164  0.08%  12.1 2160s
 3445345 941554 18115.3143  118   36 18100.0000 18115.3164  0.08%  12.1 2165s
 3453260 944238     cutoff  121      18100.0000 18115.3164  0.08%  12.1 2170s
 3458531 945972     cutoff  130      18100.0000 18115.3164  0.08%  12.1 2175s
 3464127 948075     cutoff  131      18100.0000 18115.3164  0.08%  12.1 2180s
 3468865 949781 18115.3158  109   38 18100.0000 18115.3164  0.08%  12.1 2186s
 3474883 952083 18115.0000  123   17 18100.0000 18115.3164  0.08%  12.1 2190s
 3482756 955090 18115.1669  120   18 18100.0000 18115.3164  0.08%  12.1 2196s
 3488303 957068     cutoff  122      18100.0000 18115.3164  0.08%  12.1 2200s
 3494184 958598 18115.2769  120   43 18100.0000 18115.3164  0.08%  12.1 2208s
 3494345 959282 18115.2396  121   43 18100.0000 18115.3164  0.08%  12.1 2210s
 3501694 961676 18114.6860  125   29 18100.0000 18115.3164  0.08%  12.1 2215s
 3509673 964202 18103.9106  124   13 18100.0000 18115.3164  0.08%  12.1 2221s
 3515319 966056     cutoff  125      18100.0000 18115.3164  0.08%  12.1 2225s
 3521244 968354 18113.9919  121   13 18100.0000 18115.3164  0.08%  12.1 2230s
 3528836 971154 18111.7617  119   37 18100.0000 18115.3164  0.08%  12.1 2235s
 3534739 973152 18106.2318  119   21 18100.0000 18115.3164  0.08%  12.1 2240s
 3540957 975375     cutoff  115      18100.0000 18115.3164  0.08%  12.1 2245s
 3546770 977561 18103.2475  154    7 18100.0000 18115.3164  0.08%  12.1 2250s
 3553759 979705 18113.4281  122   37 18100.0000 18115.3163  0.08%  12.1 2255s
 3559364 981714 18102.9024  135   17 18100.0000 18115.3163  0.08%  12.1 2260s
 3564767 983562 18109.7671  130   33 18100.0000 18115.3162  0.08%  12.1 2266s
 3570812 986145 18113.6010  123   11 18100.0000 18115.3162  0.08%  12.1 2271s
 3578828 989263 18113.9980  129   33 18100.0000 18115.3162  0.08%  12.1 2276s
 3581867 990358 18106.9206  125   32 18100.0000 18115.3162  0.08%  12.1 2280s
 3589820 993073 18115.3162  116   48 18100.0000 18115.3162  0.08%  12.1 2285s
 3594663 994831     cutoff  123      18100.0000 18115.3162  0.08%  12.1 2290s
 3604097 998058 18115.1572  110   40 18100.0000 18115.3162  0.08%  12.0 2296s
 3611127 1000591 18115.3148  126   36 18100.0000 18115.3162  0.08%  12.0 2301s
 3618836 1003144     cutoff  122      18100.0000 18115.3162  0.08%  12.0 2305s
 3626115 1005714 18113.3125  123   39 18100.0000 18115.3162  0.08%  12.0 2310s
 3633359 1007701 18113.8905  124   41 18100.0000 18115.3162  0.08%  12.0 2316s
 3638716 1009246 18115.0000  129   13 18100.0000 18115.3162  0.08%  12.0 2320s
 3646742 1012644 18103.7937  153   16 18100.0000 18115.3162  0.08%  12.0 2325s
 3651069 1013823 18101.9774  151    9 18100.0000 18115.3161  0.08%  12.0 2330s
 3660189 1018251 18102.2543  118   20 18100.0000 18115.3161  0.08%  12.0 2336s
 3666316 1020350 18115.0000  118   11 18100.0000 18115.3161  0.08%  12.0 2340s
 3673795 1023470 18110.1820  129   27 18100.0000 18115.3160  0.08%  12.0 2345s
 3679273 1025329 18102.9024  121    9 18100.0000 18115.3160  0.08%  12.0 2350s
 3686808 1028243 18115.3159  128   41 18100.0000 18115.3159  0.08%  12.0 2355s
 3692658 1030456 18105.2806  137   12 18100.0000 18115.3159  0.08%  12.0 2360s
 3699861 1033066 18115.0000  116   23 18100.0000 18115.3159  0.08%  12.0 2366s
 3706458 1035658 18103.0773  133   33 18100.0000 18115.3159  0.08%  12.0 2371s
 3710079 1037053 18115.3121  115   20 18100.0000 18115.3159  0.08%  12.0 2375s
 3715508 1039606 18106.0851  131   30 18100.0000 18115.3159  0.08%  12.0 2380s
 3721747 1041961 18106.8248  126   28 18100.0000 18115.3158  0.08%  12.0 2385s
 3729942 1044971 18115.3158  113   34 18100.0000 18115.3158  0.08%  12.0 2390s
 3737414 1047192 18115.3158  110   35 18100.0000 18115.3158  0.08%  12.0 2397s
 3742088 1049302 18115.3140  118   40 18100.0000 18115.3158  0.08%  12.0 2400s
 3749901 1052167 18109.9303  124   14 18100.0000 18115.3158  0.08%  12.0 2405s
 3757035 1054617 18111.5858  126   18 18100.0000 18115.3158  0.08%  12.0 2410s
 3764233 1057282 18108.4472  123   21 18100.0000 18115.3158  0.08%  12.0 2415s
 3771858 1059921 18108.3892  109   30 18100.0000 18115.3158  0.08%  12.0 2420s
 3779368 1062745     cutoff  113      18100.0000 18115.3158  0.08%  12.0 2425s
 3781139 1063019 18105.8257  135   10 18100.0000 18115.3158  0.08%  12.0 2430s
 3790204 1066742 18115.3140  121   39 18100.0000 18115.3158  0.08%  12.0 2435s
 3798159 1069394 18115.3145  125   33 18100.0000 18115.3158  0.08%  12.0 2440s
 3807737 1072294 18115.3158  121   37 18100.0000 18115.3158  0.08%  12.0 2445s
 3813568 1074569     cutoff  137      18100.0000 18115.3158  0.08%  12.0 2450s
 3819505 1076582 18108.8390  133   19 18100.0000 18115.3158  0.08%  12.0 2455s
 3826983 1079554 18108.0115  128   28 18100.0000 18115.3157  0.08%  12.0 2460s
 3834716 1082754 18115.0000  135   15 18100.0000 18115.3157  0.08%  12.0 2466s
 3836784 1083110 18115.0176  127   41 18100.0000 18115.3157  0.08%  12.0 2470s
 3843114 1085490 18108.7651  120   36 18100.0000 18115.3156  0.08%  12.0 2475s
 3852998 1089160 infeasible  134      18100.0000 18115.3156  0.08%  12.0 2480s
 3860093 1092253 18103.9541  137   17 18100.0000 18115.3156  0.08%  12.0 2485s
 3868545 1095233 18115.3134  110   37 18100.0000 18115.3156  0.08%  12.0 2490s
 3875748 1098199 18112.7557  119   30 18100.0000 18115.3155  0.08%  12.0 2495s
 3885463 1101318 18102.2634  128   16 18100.0000 18115.3155  0.08%  12.0 2500s
 3890431 1102796 18115.3017  118   44 18100.0000 18115.3155  0.08%  12.0 2505s
 3893764 1103418     cutoff  129      18100.0000 18115.3155  0.08%  12.0 2510s
 3900244 1105865 18108.7333  129   13 18100.0000 18115.3155  0.08%  12.0 2517s
 3906443 1108351 18115.0882  119   39 18100.0000 18115.3154  0.08%  12.0 2520s
 3914935 1111814     cutoff  122      18100.0000 18115.3154  0.08%  12.0 2525s
 3922769 1114392     cutoff  135      18100.0000 18115.3153  0.08%  12.0 2530s
 3930028 1117085 18101.5585  140   13 18100.0000 18115.3153  0.08%  12.0 2535s
 3937700 1119818 18115.1572  126   30 18100.0000 18115.3152  0.08%  12.0 2540s
 3947169 1123162 18110.3168  135   33 18100.0000 18115.3152  0.08%  12.0 2545s
 3954623 1125778     cutoff  139      18100.0000 18115.3152  0.08%  12.0 2550s
 3962039 1128249 18102.0981  171    9 18100.0000 18115.3151  0.08%  12.0 2555s
 3969836 1131161 18115.0601  105   43 18100.0000 18115.3150  0.08%  12.0 2560s
 3978861 1134848     cutoff  130      18100.0000 18115.3150  0.08%  12.0 2566s
 3986004 1138227 18115.0956  119   48 18100.0000 18115.3150  0.08%  12.0 2571s
 3991634 1140893 18114.6328  131   46 18100.0000 18115.3150  0.08%  12.0 2575s
 3997303 1143144 18108.9893  127   37 18100.0000 18115.3150  0.08%  12.0 2580s
 4005107 1146359     cutoff  124      18100.0000 18115.3150  0.08%  12.0 2585s
 4010587 1148855 18106.8502  120   13 18100.0000 18115.3150  0.08%  12.0 2591s
 4016512 1150999 18114.8482  123   39 18100.0000 18115.3150  0.08%  12.0 2595s
 4019165 1152363     cutoff  109      18100.0000 18115.3149  0.08%  12.0 2600s
H4023375 768238                    18108.000000 18115.3149  0.04%  12.0 2604s
 4024467 768600 18113.4953  136   39 18108.0000 18115.3149  0.04%  12.0 2606s
 4027972 769642 18115.2134  123   43 18108.0000 18115.3149  0.04%  12.0 2610s
 4033838 771267 18115.2764  114   36 18108.0000 18115.3149  0.04%  12.0 2615s
 4040446 773339 18111.4621  124   34 18108.0000 18115.3149  0.04%  12.0 2620s
 4042728 773351 18115.2981  122   33 18108.0000 18115.3149  0.04%  12.0 2626s
 4042740 773359 18115.2952  118   42 18108.0000 18115.3149  0.04%  12.0 2630s
 4045544 774355 18115.2218  126   15 18108.0000 18115.2218  0.04%  12.0 2635s
 4061595 773899 infeasible  188      18108.0000 18115.0000  0.04%  12.0 2640s
 4071346 772321 infeasible  190      18108.0000 18115.0000  0.04%  12.0 2645s
 4082162 770985 18113.7585  187   14 18108.0000 18115.0000  0.04%  12.0 2650s
 4091694 768702 18115.0000  186    8 18108.0000 18115.0000  0.04%  12.0 2655s
 4097535 767577 18115.0000  196   14 18108.0000 18115.0000  0.04%  12.0 2660s
 4106839 765686 18110.1471  200   11 18108.0000 18115.0000  0.04%  12.0 2665s
 4108788 765043 infeasible  190      18108.0000 18115.0000  0.04%  12.0 2673s
 4110599 765068 18115.0000  169   12 18108.0000 18115.0000  0.04%  12.0 2675s
 4118817 763194 infeasible  181      18108.0000 18115.0000  0.04%  12.0 2680s
 4125221 762469     cutoff  174      18108.0000 18115.0000  0.04%  12.0 2685s
 4133801 760540 18115.0000  175   20 18108.0000 18115.0000  0.04%  12.0 2690s
 4140668 759904     cutoff  183      18108.0000 18115.0000  0.04%  12.0 2695s
 4148494 758955 18111.9718  185   20 18108.0000 18115.0000  0.04%  12.0 2700s
 4156919 758284 infeasible  180      18108.0000 18115.0000  0.04%  12.0 2706s
 4163149 757676 18115.0000  185   13 18108.0000 18115.0000  0.04%  12.1 2710s
 4171735 756980 18115.0000  166   15 18108.0000 18115.0000  0.04%  12.1 2715s
 4198251 754465 18115.0000  178   29 18108.0000 18115.0000  0.04%  12.1 2720s
 4230460 750269 18115.0000  168    9 18108.0000 18115.0000  0.04%  12.1 2726s
 4253127 746360     cutoff  194      18108.0000 18115.0000  0.04%  12.1 2730s
 4282646 740398 18115.0000  195   19 18108.0000 18115.0000  0.04%  12.0 2735s
 4316567 733526 infeasible  184      18108.0000 18115.0000  0.04%  12.0 2740s
 4352198 726295 18115.0000  169   11 18108.0000 18115.0000  0.04%  12.0 2745s
 4388232 718228 18115.0000  183   13 18108.0000 18115.0000  0.04%  12.0 2750s
 4415737 713681 18115.0000  179   12 18108.0000 18115.0000  0.04%  12.0 2755s
 4437841 710891     cutoff  175      18108.0000 18115.0000  0.04%  12.0 2760s
 4461584 706447 18114.6212  190   32 18108.0000 18115.0000  0.04%  12.0 2765s
 4491056 701026 18115.0000  173    8 18108.0000 18115.0000  0.04%  12.0 2770s
 4511995 696557 18115.0000  174    7 18108.0000 18115.0000  0.04%  12.0 2775s
 4537128 692884 infeasible  181      18108.0000 18115.0000  0.04%  12.1 2780s
 4561955 687159     cutoff  178      18108.0000 18115.0000  0.04%  12.1 2785s
 4590564 680295     cutoff  186      18108.0000 18115.0000  0.04%  12.1 2790s
 4613755 675321 18113.7576  189   15 18108.0000 18115.0000  0.04%  12.1 2795s
 4637209 669648 18114.0485  179   14 18108.0000 18115.0000  0.04%  12.1 2804s
 4637529 670609     cutoff  180      18108.0000 18115.0000  0.04%  12.1 2805s
 4667277 663239 18114.7086  170   19 18108.0000 18115.0000  0.04%  12.1 2810s
 4694256 657210 18115.0000  177   18 18108.0000 18115.0000  0.04%  12.1 2815s
 4722430 650407     cutoff  171      18108.0000 18115.0000  0.04%  12.1 2820s
 4743741 645998     cutoff  184      18108.0000 18115.0000  0.04%  12.1 2825s
 4764867 641437 18114.6141  174   16 18108.0000 18115.0000  0.04%  12.1 2830s
 4781952 637942 18114.5939  180   22 18108.0000 18115.0000  0.04%  12.1 2835s
 4807728 632371     cutoff  176      18108.0000 18115.0000  0.04%  12.1 2840s
 4833822 625626 18115.0000  171   10 18108.0000 18115.0000  0.04%  12.1 2845s
 4863210 618682     cutoff  192      18108.0000 18115.0000  0.04%  12.1 2850s
 4893993 611520     cutoff  173      18108.0000 18115.0000  0.04%  12.1 2855s
 4921186 605014 18115.0000  189    8 18108.0000 18115.0000  0.04%  12.1 2860s
 4953300 596751     cutoff  183      18108.0000 18115.0000  0.04%  12.1 2865s
 4981549 589508     cutoff  179      18108.0000 18115.0000  0.04%  12.1 2870s
 5011013 581608 18109.6220  190   14 18108.0000 18115.0000  0.04%  12.1 2875s
 5040900 571806     cutoff  178      18108.0000 18115.0000  0.04%  12.1 2880s
 5070249 562959     cutoff  175      18108.0000 18115.0000  0.04%  12.1 2885s
 5099261 555291 18115.0000  191   13 18108.0000 18115.0000  0.04%  12.1 2890s
 5131135 546293 18115.0000  180   13 18108.0000 18115.0000  0.04%  12.1 2895s
 5157248 541391 18115.0000  159   17 18108.0000 18115.0000  0.04%  12.1 2900s
 5178079 540203     cutoff  183      18108.0000 18115.0000  0.04%  12.1 2906s
 5188269 539966 18115.0000  175   16 18108.0000 18115.0000  0.04%  12.1 2910s
 5205475 538121 18115.0000  183   13 18108.0000 18115.0000  0.04%  12.1 2915s
 5223262 534721 infeasible  186      18108.0000 18115.0000  0.04%  12.1 2920s
 5248696 529110 18113.2078  185   16 18108.0000 18115.0000  0.04%  12.2 2925s
 5264849 525556 18115.0000  178   10 18108.0000 18115.0000  0.04%  12.2 2931s
 5283718 520566     cutoff  186      18108.0000 18115.0000  0.04%  12.2 2935s
 5311886 513545 18115.0000  191   10 18108.0000 18115.0000  0.04%  12.2 2940s
 5337520 509483     cutoff  215      18108.0000 18115.0000  0.04%  12.2 2945s
 5369217 503213     cutoff  184      18108.0000 18115.0000  0.04%  12.1 2950s
 5391128 497151 18115.0000  177   13 18108.0000 18115.0000  0.04%  12.1 2955s
 5412320 491604 18115.0000  176    8 18108.0000 18115.0000  0.04%  12.1 2960s
 5438626 484664     cutoff  188      18108.0000 18115.0000  0.04%  12.1 2965s
 5461590 478168 18115.0000  170   10 18108.0000 18115.0000  0.04%  12.1 2970s
 5479478 472347     cutoff  177      18108.0000 18115.0000  0.04%  12.1 2975s
 5500402 465547 18115.0000  182    7 18108.0000 18115.0000  0.04%  12.1 2980s
 5527220 456952 18115.0000  179   10 18108.0000 18115.0000  0.04%  12.0 2985s
 5554466 448242 18115.0000  180    7 18108.0000 18115.0000  0.04%  12.0 2990s
 5576080 441751 18115.0000  172   10 18108.0000 18115.0000  0.04%  12.0 2997s
 5585662 439077     cutoff  183      18108.0000 18115.0000  0.04%  12.0 3000s
 5619837 429085     cutoff  181      18108.0000 18115.0000  0.04%  12.0 3005s
 5645074 422791 18115.0000  180    9 18108.0000 18115.0000  0.04%  12.0 3012s
 5656988 419385 18115.0000  171    8 18108.0000 18115.0000  0.04%  12.0 3015s
 5682691 411007     cutoff  180      18108.0000 18115.0000  0.04%  12.0 3020s
 5706672 403320     cutoff  182      18108.0000 18115.0000  0.04%  12.1 3025s
 5729869 396266 18115.0000  178    8 18108.0000 18115.0000  0.04%  12.1 3030s
 5754625 388228     cutoff  181      18108.0000 18115.0000  0.04%  12.1 3035s
 5784067 378808     cutoff  192      18108.0000 18115.0000  0.04%  12.1 3040s
 5798092 374345 18110.4612  176   26 18108.0000 18115.0000  0.04%  12.1 3045s
 5820935 367107 18115.0000  181    8 18108.0000 18115.0000  0.04%  12.0 3050s
 5859487 355048     cutoff  181      18108.0000 18115.0000  0.04%  12.0 3055s
 5891382 344706 18115.0000  173   10 18108.0000 18115.0000  0.04%  12.0 3060s
 5923774 334989 18115.0000  176   14 18108.0000 18115.0000  0.04%  12.0 3065s
 5949495 327154 18115.0000  183    9 18108.0000 18115.0000  0.04%  12.0 3070s
 5982066 316502 18114.8543  175   18 18108.0000 18115.0000  0.04%  12.0 3075s
 6012053 307250 infeasible  174      18108.0000 18115.0000  0.04%  11.9 3080s
 6041418 297922 18115.0000  177    7 18108.0000 18115.0000  0.04%  11.9 3085s
 6068971 290003     cutoff  173      18108.0000 18115.0000  0.04%  11.9 3090s
 6096130 281558 18114.5681  179   18 18108.0000 18115.0000  0.04%  11.9 3095s
 6110597 276588     cutoff  187      18108.0000 18115.0000  0.04%  11.9 3100s
 6136839 270076 18115.0000  180   11 18108.0000 18115.0000  0.04%  11.9 3105s
 6138425 269581 18115.0000  182   17 18108.0000 18115.0000  0.04%  11.9 3110s
 6168814 261583     cutoff  180      18108.0000 18115.0000  0.04%  11.9 3115s
 6204336 252476 18115.0000  180   16 18108.0000 18115.0000  0.04%  11.9 3120s
 6235381 243421     cutoff  175      18108.0000 18115.0000  0.04%  11.9 3125s
 6260211 236910 infeasible  187      18108.0000 18115.0000  0.04%  11.9 3130s
 6284182 231658 18115.0000  175   12 18108.0000 18115.0000  0.04%  11.9 3135s
 6302993 226265 18115.0000  174   11 18108.0000 18115.0000  0.04%  11.9 3141s
 6323720 220960     cutoff  179      18108.0000 18115.0000  0.04%  11.9 3145s
 6354771 214087 18115.0000  207   19 18108.0000 18115.0000  0.04%  11.9 3150s
 6378853 216680 18115.0000  186   10 18108.0000 18115.0000  0.04%  11.9 3155s
 6398674 220180     cutoff  194      18108.0000 18115.0000  0.04%  11.9 3160s
 6420617 223355 18115.0000  188   26 18108.0000 18115.0000  0.04%  11.9 3165s
 6441761 226617     cutoff  178      18108.0000 18115.0000  0.04%  11.9 3170s
 6447866 227666 18115.0000  178   14 18108.0000 18115.0000  0.04%  12.0 3175s
 6468817 231627     cutoff  209      18108.0000 18115.0000  0.04%  12.0 3180s
 6490620 236036     cutoff  194      18108.0000 18115.0000  0.04%  12.0 3185s
 6510670 239616 18113.0588  188   12 18108.0000 18115.0000  0.04%  12.0 3190s
 6536792 243167     cutoff  195      18108.0000 18115.0000  0.04%  12.0 3195s
 6561676 245632 18115.0000  173   10 18108.0000 18115.0000  0.04%  12.0 3200s
 6587165 248087 18115.0000  174    9 18108.0000 18115.0000  0.04%  12.0 3205s
 6609575 251948 18115.0000  190   20 18108.0000 18115.0000  0.04%  12.0 3210s
 6630566 254932 18115.0000  189   16 18108.0000 18115.0000  0.04%  12.0 3215s
 6654774 258352 infeasible  189      18108.0000 18115.0000  0.04%  12.0 3220s
 6681940 260353 18115.0000  187   13 18108.0000 18115.0000  0.04%  12.0 3225s
 6705818 262587     cutoff  200      18108.0000 18115.0000  0.04%  12.0 3230s
 6727219 265197 18115.0000  190   10 18108.0000 18115.0000  0.04%  12.0 3235s
 6739834 266110 18115.0000  181   14 18108.0000 18115.0000  0.04%  12.0 3240s
 6760439 268728     cutoff  180      18108.0000 18115.0000  0.04%  12.0 3245s
 6782113 273213 18115.0000  175   17 18108.0000 18115.0000  0.04%  12.0 3250s
 6808907 278458 18115.0000  199   16 18108.0000 18115.0000  0.04%  12.0 3255s
 6830643 281967 18115.0000  197   21 18108.0000 18115.0000  0.04%  12.0 3260s
 6855112 284281 18115.0000  177   15 18108.0000 18115.0000  0.04%  12.1 3265s
 6876699 286101 infeasible  190      18108.0000 18115.0000  0.04%  12.1 3270s
 6895981 288029 18115.0000  190    9 18108.0000 18115.0000  0.04%  12.1 3275s
 6916795 290454 18115.0000  187   12 18108.0000 18115.0000  0.04%  12.1 3280s
 6941673 293107 18115.0000  189   13 18108.0000 18115.0000  0.04%  12.1 3285s
 6963472 295140 infeasible  193      18108.0000 18115.0000  0.04%  12.1 3290s
 6987894 297385 18115.0000  183   14 18108.0000 18115.0000  0.04%  12.1 3295s
 7008678 299071     cutoff  183      18108.0000 18115.0000  0.04%  12.1 3300s
 7034278 300034 infeasible  174      18108.0000 18115.0000  0.04%  12.1 3305s
 7051439 300773     cutoff  168      18108.0000 18115.0000  0.04%  12.1 3310s
 7057603 301072     cutoff  190      18108.0000 18115.0000  0.04%  12.1 3317s
 7070137 303212 18115.0000  192   18 18108.0000 18115.0000  0.04%  12.1 3320s
 7089768 306909     cutoff  170      18108.0000 18115.0000  0.04%  12.1 3325s
 7111271 310769 18115.0000  183   15 18108.0000 18115.0000  0.04%  12.1 3330s
 7132530 314483 18115.0000  171   13 18108.0000 18115.0000  0.04%  12.1 3335s
 7152467 317122     cutoff  188      18108.0000 18115.0000  0.04%  12.1 3340s
 7170887 319375     cutoff  194      18108.0000 18115.0000  0.04%  12.1 3345s
 7192532 321119     cutoff  178      18108.0000 18115.0000  0.04%  12.1 3350s
 7210984 322498     cutoff  185      18108.0000 18115.0000  0.04%  12.1 3355s
 7230857 324205     cutoff  197      18108.0000 18115.0000  0.04%  12.1 3360s
 7254140 325727 18110.1471  181    9 18108.0000 18115.0000  0.04%  12.1 3365s
 7277597 327193 18115.0000  188   10 18108.0000 18115.0000  0.04%  12.1 3370s
 7302517 328279 infeasible  184      18108.0000 18115.0000  0.04%  12.1 3375s
 7325728 329135     cutoff  190      18108.0000 18115.0000  0.04%  12.1 3380s
 7351129 330732     cutoff  184      18108.0000 18115.0000  0.04%  12.1 3385s
 7372746 334422 18115.0000  186   13 18108.0000 18115.0000  0.04%  12.1 3390s
 7394881 336743 infeasible  185      18108.0000 18115.0000  0.04%  12.1 3395s
 7417665 339921 18115.0000  168   11 18108.0000 18115.0000  0.04%  12.1 3400s
 7435457 341584     cutoff  199      18108.0000 18115.0000  0.04%  12.1 3405s
 7455034 343437 18115.0000  176   12 18108.0000 18115.0000  0.04%  12.1 3410s
 7474158 344904 infeasible  180      18108.0000 18115.0000  0.04%  12.1 3415s
 7497735 346616 18114.5498  209   19 18108.0000 18115.0000  0.04%  12.1 3420s
 7520104 348731     cutoff  187      18108.0000 18115.0000  0.04%  12.1 3425s
 7545898 350441 18110.7555  170   23 18108.0000 18115.0000  0.04%  12.1 3430s
 7567770 351195     cutoff  177      18108.0000 18115.0000  0.04%  12.1 3435s
 7585351 351853 18115.0000  179   12 18108.0000 18115.0000  0.04%  12.1 3442s
 7596350 352504     cutoff  190      18108.0000 18115.0000  0.04%  12.1 3445s
 7624201 353478 18115.0000  185   10 18108.0000 18115.0000  0.04%  12.1 3452s
 7638302 354086     cutoff  187      18108.0000 18115.0000  0.04%  12.1 3455s
 7664915 355169 infeasible  169      18108.0000 18115.0000  0.04%  12.1 3460s
 7695848 355920 18115.0000  174   16 18108.0000 18115.0000  0.04%  12.1 3465s
 7720511 356681 18115.0000  170    7 18108.0000 18115.0000  0.04%  12.1 3470s
 7742243 356996 18115.0000  180   12 18108.0000 18115.0000  0.04%  12.1 3475s
 7763481 357748     cutoff  185      18108.0000 18115.0000  0.04%  12.1 3481s
 7785961 359347 18115.0000  188   10 18108.0000 18115.0000  0.04%  12.1 3485s
 7807703 361331 18115.0000  171   16 18108.0000 18115.0000  0.04%  12.1 3490s
 7831695 362509 18115.0000  176   11 18108.0000 18115.0000  0.04%  12.0 3495s
 7857435 363560 18115.0000  179   12 18108.0000 18115.0000  0.04%  12.0 3500s
 7880581 364038 infeasible  178      18108.0000 18115.0000  0.04%  12.0 3505s
 7901137 364609 18115.0000  184   17 18108.0000 18115.0000  0.04%  12.0 3510s
 7923284 365771 18115.0000  184   10 18108.0000 18115.0000  0.04%  12.0 3515s
 7944213 366437     cutoff  192      18108.0000 18115.0000  0.04%  12.0 3520s
 7966496 367856 18115.0000  177   18 18108.0000 18115.0000  0.04%  12.0 3526s
 7981089 369084 18115.0000  191    5 18108.0000 18115.0000  0.04%  12.0 3530s
 8003530 370065     cutoff  185      18108.0000 18115.0000  0.04%  12.0 3535s
 8024963 370665     cutoff  184      18108.0000 18115.0000  0.04%  12.0 3540s
 8049980 371482 18115.0000  184   12 18108.0000 18115.0000  0.04%  12.0 3545s
 8061058 372249 18114.2419  181   21 18108.0000 18115.0000  0.04%  12.0 3550s
 8083097 372594 infeasible  181      18108.0000 18115.0000  0.04%  12.0 3555s
 8103029 373801 18115.0000  176   12 18108.0000 18115.0000  0.04%  12.0 3560s
 8124400 375204 infeasible  174      18108.0000 18115.0000  0.04%  12.0 3565s
 8142852 376099 18115.0000  180   10 18108.0000 18115.0000  0.04%  12.0 3570s
 8165696 376900 18115.0000  184    8 18108.0000 18115.0000  0.04%  12.0 3575s
 8191258 378066     cutoff  176      18108.0000 18115.0000  0.04%  12.0 3580s
 8212834 378694 18114.7178  177   17 18108.0000 18115.0000  0.04%  12.0 3585s
 8224118 379583 infeasible  184      18108.0000 18115.0000  0.04%  12.0 3591s
 8236797 379948     cutoff  175      18108.0000 18115.0000  0.04%  11.9 3595s
 8261850 380874     cutoff  189      18108.0000 18115.0000  0.04%  11.9 3600s

Cutting planes:
  Gomory: 19
  Cover: 658
  Clique: 1
  MIR: 26
  StrongCG: 16
  Flow cover: 19
  Zero half: 6
  RLT: 3

Explored 8263296 nodes (98656987 simplex iterations) in 3600.05 seconds
Thread count was 12 (of 12 available processors)

Solution count 9: 18108 18100 18090 ... 15678

Time limit reached
Best objective 1.810800000000e+04, best bound 1.811500000000e+04, gap 0.0387%
