
Gurobi 9.1.2 (win64, Java) logging started Sat Nov  6 02:02:47 2021

Academic license - for non-commercial use only - expires 2022-10-30
Gurobi Optimizer version 9.1.2 build v9.1.2rc0 (win64)
Thread count: 6 physical cores, 12 logical processors, using up to 12 threads
Optimize a model with 70 rows, 600 columns and 1200 nonzeros
Model fingerprint: 0x40aeac98
Variable types: 0 continuous, 600 integer (600 binary)
Coefficient statistics:
  Matrix range     [1e+00, 1e+03]
  Objective range  [4e+01, 1e+03]
  Bounds range     [1e+00, 1e+00]
  RHS range        [1e+00, 3e+03]
Found heuristic solution: objective 16058.000000
Presolve removed 0 rows and 83 columns
Presolve time: 0.02s
Presolved: 70 rows, 517 columns, 1034 nonzeros
Variable types: 0 continuous, 517 integer (517 binary)
Presolved: 70 rows, 517 columns, 1034 nonzeros


Root relaxation: objective 1.860879e+04, 134 iterations, 0.00 seconds

    Nodes    |    Current Node    |     Objective Bounds      |     Work
 Expl Unexpl |  Obj  Depth IntInf | Incumbent    BestBd   Gap | It/Node Time

     0     0 18608.7902    0   13 16058.0000 18608.7902  15.9%     -    0s
H    0     0                    18087.000000 18608.7902  2.88%     -    0s
H    0     0                    18113.000000 18608.7902  2.74%     -    0s
H    0     0                    18156.000000 18608.7902  2.49%     -    0s
H    0     0                    18257.000000 18608.7902  1.93%     -    0s
     0     0 18608.7902    0   21 18257.0000 18608.7902  1.93%     -    0s
     0     0 18608.7902    0   21 18257.0000 18608.7902  1.93%     -    0s
H    0     0                    18382.000000 18608.7902  1.23%     -    0s
     0     0 18600.5129    0   27 18382.0000 18600.5129  1.19%     -    0s
     0     0 18600.5129    0   24 18382.0000 18600.5129  1.19%     -    1s
     0     0 18600.3702    0   32 18382.0000 18600.3702  1.19%     -    1s
     0     0 18600.3702    0   19 18382.0000 18600.3702  1.19%     -    1s
     0     2 18600.3702    0   18 18382.0000 18600.3702  1.19%     -    2s
  1796  1690 18567.7137   58   19 18382.0000 18600.3034  1.19%   3.5    5s
H 1802  1609                    18396.000000 18595.3868  1.08%   3.5    8s
H 1808  1532                    18438.000000 18592.7276  0.84%   3.5    9s
  1812  1535 18559.8088   70   23 18438.0000 18592.7276  0.84%   3.5   10s
H 1815  1460                    18440.000000 18592.7276  0.83%   3.5   10s
H 1836  1401                    18501.000000 18592.7276  0.50%   4.9   13s
  1843  1406 18536.6861   86   28 18501.0000 18592.7276  0.50%   4.9   15s
H 1878  1363                    18514.000000 18592.7276  0.43%   6.2   16s
H 1942  1348                    18552.000000 18592.7276  0.22%   6.1   22s
 16903  9540 18559.0284  113   15 18552.0000 18587.7098  0.19%   3.8   25s
 19129 10571 18587.5437   41   17 18552.0000 18587.5437  0.19%   3.8   30s
 38632 12612 18569.8013  103   14 18552.0000 18571.8425  0.11%   3.9   35s
 52987 13924 18565.4646  114   15 18552.0000 18571.8425  0.11%   4.1   40s
 56112 14488 18559.6204  102   23 18552.0000 18571.8425  0.11%   4.2   45s
 56128 14499 18558.3780  103   34 18552.0000 18571.8425  0.11%   4.2   50s
 56204 14503 18571.8425   59   20 18552.0000 18571.8425  0.11%   4.3   55s
 57416 15269 18555.0521  121   21 18552.0000 18571.8425  0.11%   4.3   60s
 74089 23745 18558.0000  142   15 18552.0000 18571.8425  0.11%   4.5   65s
 95214 29796     cutoff  156      18552.0000 18571.8425  0.11%   4.8   70s
 109887 37275 18571.8425   95   23 18552.0000 18571.8425  0.11%   5.3   75s
 125349 47624 18568.4727  109   23 18552.0000 18571.8425  0.11%   5.9   80s
 139159 57987 18570.6974  114   15 18552.0000 18571.8425  0.11%   6.4   85s
 146896 63077 18570.0880  111   24 18552.0000 18571.8425  0.11%   6.7   90s
 158026 69762 18557.6569   99   29 18552.0000 18571.8425  0.11%   7.1   95s
 170665 78192 18566.5527  112   32 18552.0000 18571.8425  0.11%   7.6  101s
 179905 84598 18554.2487  143   18 18552.0000 18571.8425  0.11%   7.9  105s
 190476 91448 18570.3799  105   36 18552.0000 18571.8425  0.11%   8.2  110s
 197447 96115 18557.1493  113   25 18552.0000 18571.8425  0.11%   8.5  115s
 208473 103901 18554.5250  146   29 18552.0000 18571.8425  0.11%   8.8  120s
 216199 109117 18559.5313  170   19 18552.0000 18571.8425  0.11%   9.0  125s
 222420 113491 18562.1939  209   29 18552.0000 18571.8425  0.11%   9.2  130s
 230620 118873 18571.8425   95   35 18552.0000 18571.8425  0.11%   9.4  135s
 239875 124589 18571.8425  100   43 18552.0000 18571.8425  0.11%   9.6  140s
 248333 130751 18563.8555  151   32 18552.0000 18571.8425  0.11%   9.9  145s
 255783 136205 18570.2688  115   39 18552.0000 18571.8425  0.11%  10.1  151s
 262554 140453 18571.8425  106   35 18552.0000 18571.8425  0.11%  10.2  155s
 270053 145107 18557.0399  141   18 18552.0000 18571.8425  0.11%  10.4  160s
 277318 149738 18558.0000  119   33 18552.0000 18571.8425  0.11%  10.5  165s
 285311 154442 18561.7586  106   47 18552.0000 18571.8425  0.11%  10.7  170s
 291960 159299 18571.3624  114   41 18552.0000 18571.8425  0.11%  10.9  175s
 299451 164504 18571.8425   98   43 18552.0000 18571.8425  0.11%  11.0  181s
 307503 169349 18565.1906  107   23 18552.0000 18571.8425  0.11%  11.1  185s
 313617 173822 18569.7000   96   33 18552.0000 18571.8425  0.11%  11.2  190s
 319817 177976 18562.1965   97   33 18552.0000 18571.8425  0.11%  11.4  195s
 329972 184256 18555.3600  136   18 18552.0000 18571.8425  0.11%  11.5  201s
 339391 190411 18563.9847  110   19 18552.0000 18571.8425  0.11%  11.7  206s
 353502 199658 18558.0000  115   13 18552.0000 18571.8425  0.11%  11.9  210s
 357279 200806 18553.6788  139   21 18552.0000 18571.8425  0.11%  12.0  217s
 364779 206559 18571.8425   95   35 18552.0000 18571.8425  0.11%  12.1  220s
 377414 214054 18554.4526  119   16 18552.0000 18571.8425  0.11%  12.3  225s
 388582 220947 18571.8425   94   44 18552.0000 18571.8425  0.11%  12.4  230s
 397790 226733 18571.8425   98   46 18552.0000 18571.8425  0.11%  12.6  235s
 408441 233799 18555.1606  132   23 18552.0000 18571.8425  0.11%  12.8  240s
 416539 238484 18569.1631  120   36 18552.0000 18571.8425  0.11%  12.9  245s
 427653 244987 18554.2966  134   18 18552.0000 18571.8425  0.11%  13.1  250s
 438687 251432 18566.3989  112   37 18552.0000 18571.8425  0.11%  13.1  255s
 449431 257778 18556.5215  115   34 18552.0000 18571.8425  0.11%  13.2  260s
 461920 265726 18566.5499   98   33 18552.0000 18571.8425  0.11%  13.4  265s
 474109 273261 18559.3212   88   27 18552.0000 18571.8425  0.11%  13.5  270s
 485088 281426 18562.7793   95   31 18552.0000 18571.8425  0.11%  13.6  275s
 497304 289682 18571.8425   92   34 18552.0000 18571.8425  0.11%  13.6  280s
 510309 296851     cutoff  116      18552.0000 18571.8425  0.11%  13.6  285s
 521208 303615 18562.1228   98   37 18552.0000 18571.8425  0.11%  13.7  290s
 532025 309558 18571.8425  104   50 18552.0000 18571.8425  0.11%  13.8  295s
 545027 317537 18571.0299  118   25 18552.0000 18571.8425  0.11%  13.8  301s
 553992 323069     cutoff  140      18552.0000 18571.8425  0.11%  13.8  305s
 565106 330180 18565.0909  107   33 18552.0000 18571.8425  0.11%  13.9  310s
 578337 337275 18554.4526  149   13 18552.0000 18571.8425  0.11%  13.9  315s
 589279 343488 18561.7084  126   26 18552.0000 18571.8425  0.11%  14.0  320s
 600292 350087 18565.0826  110   35 18552.0000 18571.8425  0.11%  14.0  325s
 614126 357675 18569.7567   94   31 18552.0000 18571.8425  0.11%  14.0  331s
 623238 362104 18553.2242  119   27 18552.0000 18571.8425  0.11%  14.1  335s
 634939 369430 18555.6348  131   23 18552.0000 18571.8425  0.11%  14.1  340s
 641974 373235 18561.9651  116   25 18552.0000 18571.8425  0.11%  14.1  345s
 655088 380644 18569.5207  107   41 18552.0000 18571.8425  0.11%  14.2  350s
 669544 389223     cutoff  120      18552.0000 18571.8425  0.11%  14.2  355s
 680560 394987 18570.7648  108   35 18552.0000 18571.8425  0.11%  14.3  360s
 694070 402398 18557.4770   96   28 18552.0000 18571.8425  0.11%  14.4  365s
 705621 409173 18556.2105  138   15 18552.0000 18571.8425  0.11%  14.4  370s
 709099 410212 18562.6119  108   17 18552.0000 18571.8425  0.11%  14.4  375s
 718835 416532 18560.2246  118   20 18552.0000 18571.8425  0.11%  14.4  380s
 731719 423752     cutoff  103      18552.0000 18571.8425  0.11%  14.4  385s
 741617 429668 18562.4792  115   30 18552.0000 18571.8425  0.11%  14.5  390s
 752421 435976 18571.8425   98   39 18552.0000 18571.8425  0.11%  14.5  395s
 763661 441942 18558.3158  124   29 18552.0000 18571.8425  0.11%  14.5  401s
 774862 448046     cutoff  108      18552.0000 18571.8425  0.11%  14.5  405s
 783974 452792 18568.3607  113   23 18552.0000 18571.8425  0.11%  14.5  411s
 789588 455941 18567.1961  100   33 18552.0000 18571.8425  0.11%  14.5  415s
 800567 462115 18571.7486  101   40 18552.0000 18571.8425  0.11%  14.6  420s
 811623 468348 18554.4527  141   25 18552.0000 18571.8425  0.11%  14.6  425s
 824443 475866 18555.1606  133   26 18552.0000 18571.8425  0.11%  14.6  430s
 832446 480210 18569.4706  120   24 18552.0000 18571.8425  0.11%  14.6  436s
 843658 486913     cutoff  154      18552.0000 18571.8425  0.11%  14.7  440s
 855447 493200 18553.1697  145   26 18552.0000 18571.8425  0.11%  14.7  445s
 867454 500072 18554.9089  124   21 18552.0000 18571.8425  0.11%  14.7  450s
 880377 507032 18553.2444  146   19 18552.0000 18571.8425  0.11%  14.8  455s
 889726 512083     cutoff  155      18552.0000 18571.8425  0.11%  14.8  460s
 899831 517823 18560.1533  134   18 18552.0000 18571.8425  0.11%  14.8  465s
 910119 522486     cutoff  120      18552.0000 18571.8425  0.11%  14.8  475s
 923709 530653 18556.3516  108   20 18552.0000 18571.8425  0.11%  14.8  480s
 934568 536350 18555.1606  134   20 18552.0000 18571.8425  0.11%  14.9  485s
 949057 544152 18571.8425  109   46 18552.0000 18571.8425  0.11%  14.9  491s
 959361 549234 18568.2165   97   28 18552.0000 18571.8425  0.11%  14.9  495s
 970589 554435 18554.3285  133   24 18552.0000 18571.8425  0.11%  15.0  501s
 983030 561116 18570.9281   99   41 18552.0000 18571.8425  0.11%  15.0  505s
 995640 567775 18554.3285  148   24 18552.0000 18571.8425  0.11%  15.0  510s
 1008676 574885 18567.6958   96   27 18552.0000 18571.8425  0.11%  15.0  515s
 1020508 579899 18553.4707  103   25 18552.0000 18571.8425  0.11%  15.0  520s
 1026749 581998     cutoff  128      18552.0000 18571.8425  0.11%  15.1  526s
 1037561 587254     cutoff  124      18552.0000 18571.8425  0.11%  15.1  530s
 1052445 594849 18557.4520  112   23 18552.0000 18571.8425  0.11%  15.1  535s
 1064724 600398 18565.4914  117   25 18552.0000 18571.8425  0.11%  15.2  540s
 1077964 607164 18570.1028   97   30 18552.0000 18571.8425  0.11%  15.2  545s
 1091609 613427 18568.1065  128   22 18552.0000 18571.8425  0.11%  15.2  550s
 1103501 619406 18570.7664   91   46 18552.0000 18571.8425  0.11%  15.2  555s
 1115254 626152 18553.1851  172   19 18552.0000 18571.8425  0.11%  15.2  560s
 1125102 631046 18555.4520   75   29 18552.0000 18571.8425  0.11%  15.2  566s
 1132530 634810 18562.6246  115   41 18552.0000 18571.8425  0.11%  15.2  570s
 1141664 638921 18556.8967  120   17 18552.0000 18571.8425  0.11%  15.2  575s
 1152835 644352 18569.3582  123   30 18552.0000 18571.8425  0.11%  15.2  580s
 1161126 648525 18556.2500  127   30 18552.0000 18571.8425  0.11%  15.2  585s
 1171169 654596 18562.3041  123   18 18552.0000 18571.8425  0.11%  15.2  592s
 1178844 659326 18567.3523  106   39 18552.0000 18571.8425  0.11%  15.2  595s
 1180822 661091 18564.7950  108   29 18552.0000 18571.8425  0.11%  15.2  600s
 1192838 667714 18558.3285  115   26 18552.0000 18571.8425  0.11%  15.2  605s
 1206854 676674 18557.2273  151   18 18552.0000 18571.8425  0.11%  15.2  610s
 1221127 685254 18554.4527  150   18 18552.0000 18571.8425  0.11%  15.2  615s
 1234145 692354 18555.5255  126   23 18552.0000 18571.8425  0.11%  15.2  620s
 1246670 698789 18564.8909  112   19 18552.0000 18571.8425  0.11%  15.2  625s
 1258618 704374 18557.4520   94   24 18552.0000 18571.8425  0.11%  15.2  630s
 1265927 708060 18564.2230  113   19 18552.0000 18571.8425  0.11%  15.3  635s
 1274013 711719 18563.1516  109   21 18552.0000 18571.8425  0.11%  15.3  641s
 1281599 715664 18561.3199  115   30 18552.0000 18571.8425  0.11%  15.3  645s
 1287297 718792 18570.3912   88   46 18552.0000 18571.8425  0.11%  15.3  650s
 1299127 724284 18556.9813  127   23 18552.0000 18571.8425  0.11%  15.3  655s
 1308295 729250 18562.6496  101   32 18552.0000 18571.8425  0.11%  15.3  660s
 1318027 734610 18558.0000  121   20 18552.0000 18571.8425  0.11%  15.3  666s
 1325904 738301 18555.1967  130   21 18552.0000 18571.8425  0.11%  15.3  672s
 1330933 741407 18571.8425  104   53 18552.0000 18571.8425  0.11%  15.2  675s
 1338457 745391 18565.2080  124   28 18552.0000 18571.8425  0.11%  15.2  680s
 1354002 752928 18555.4520  117   18 18552.0000 18571.8425  0.11%  15.2  685s
 1366142 759306 18564.6662  108   39 18552.0000 18571.8425  0.11%  15.3  690s
 1377152 764683 18553.6788  131   14 18552.0000 18571.8425  0.11%  15.3  695s
 1385759 769178 18553.4035  133   32 18552.0000 18571.8425  0.11%  15.3  700s
 1396869 774709 18564.0335  102   21 18552.0000 18571.8425  0.11%  15.3  705s
 1405917 779242 18562.8370  103   23 18552.0000 18571.8425  0.11%  15.3  711s
 1414968 784043 18559.3080  109   34 18552.0000 18571.8425  0.11%  15.3  715s
 1423828 788195 18556.8967  128   29 18552.0000 18571.8425  0.11%  15.3  720s
 1436533 794364 18562.5390   94   27 18552.0000 18571.8425  0.11%  15.3  726s
 1442047 796804 18554.4527  118   24 18552.0000 18571.8425  0.11%  15.3  730s
 1451417 800464 18558.4891  132   23 18552.0000 18571.8425  0.11%  15.3  735s
 1458049 803829 18562.6496  121   26 18552.0000 18571.8425  0.11%  15.3  740s
 1466271 806566     cutoff  102      18552.0000 18571.8425  0.11%  15.3  745s
 1475967 811258 18555.5255  101   30 18552.0000 18571.8425  0.11%  15.3  751s
 1483066 814490 18561.9651  119   27 18552.0000 18571.8425  0.11%  15.3  755s
 1490245 817953 18555.5777   84   33 18552.0000 18571.8425  0.11%  15.3  760s
 1499609 822926 18568.0627  106   20 18552.0000 18571.8425  0.11%  15.3  765s
 1507329 826174 18559.9269  101   37 18552.0000 18571.8425  0.11%  15.3  775s
 1514038 831050 18554.4526  120   21 18552.0000 18571.8425  0.11%  15.3  780s
 1522360 835803 18565.3684  123   33 18552.0000 18571.8425  0.11%  15.3  785s
 1529987 840412 18570.7664  108   36 18552.0000 18571.8425  0.11%  15.3  790s
 1540099 845887 18571.8425  103   48 18552.0000 18571.8425  0.11%  15.3  795s
 1548095 850623 18562.3762  106   34 18552.0000 18571.8425  0.11%  15.3  800s
 1556557 855692 18569.0772  110   36 18552.0000 18571.8425  0.11%  15.3  805s
 1564049 860097 18569.0840  115   37 18552.0000 18571.8425  0.11%  15.3  810s
 1571994 865080 18571.6267  114   34 18552.0000 18571.8425  0.11%  15.3  815s
 1581767 870718 18571.8425  101   48 18552.0000 18571.8425  0.11%  15.3  820s
 1591405 876293 18571.8425   93   35 18552.0000 18571.8425  0.11%  15.3  825s
 1599185 880546 18561.7084  128   20 18552.0000 18571.8425  0.11%  15.3  831s
 1607083 884896 18571.6574   93   39 18552.0000 18571.8425  0.11%  15.3  836s
 1613206 888397 18563.8915  102   30 18552.0000 18571.8425  0.11%  15.3  840s
 1623042 893928 18553.6788  155   13 18552.0000 18571.8425  0.11%  15.3  847s
 1628963 897692 18554.4526  113   24 18552.0000 18571.8425  0.11%  15.3  851s
 1635106 900864 18554.4526  124   19 18552.0000 18571.8425  0.11%  15.3  855s
 1644874 906164 18566.0334  109   23 18552.0000 18571.8425  0.11%  15.3  861s
 1652817 910628 18553.6788  141   20 18552.0000 18571.8425  0.11%  15.3  866s
 1660170 914739 18570.7664  116   21 18552.0000 18571.8425  0.11%  15.3  870s
 1667691 919117 18558.5552  109   29 18552.0000 18571.8425  0.11%  15.3  876s
 1675537 923645 18571.8425  100   29 18552.0000 18571.8425  0.11%  15.3  880s
 1683533 928244 18571.8425   93   36 18552.0000 18571.8425  0.11%  15.3  885s
 1691108 932478 18570.7664  112   35 18552.0000 18571.8425  0.11%  15.3  890s
 1699457 937164 18571.8425  100   37 18552.0000 18571.8425  0.11%  15.3  895s
 1707411 941618 18561.8440  115   31 18552.0000 18571.8425  0.11%  15.3  900s
 1715061 945980 18561.8873  113   39 18552.0000 18571.8425  0.11%  15.3  905s
 1722395 950569 18571.8425  104   34 18552.0000 18571.8425  0.11%  15.3  910s
 1730335 955585 18555.5256  160   26 18552.0000 18571.8425  0.11%  15.3  915s
 1740132 961353 18566.5337  102   37 18552.0000 18571.8425  0.11%  15.3  920s
 1750051 966591     cutoff  117      18552.0000 18571.8425  0.11%  15.3  925s
 1760056 972696 18565.1036   85   35 18552.0000 18571.8425  0.11%  15.3  930s
 1767046 976766 18565.1036  104   47 18552.0000 18571.8425  0.11%  15.3  935s
 1775624 981704 18571.8425  111   31 18552.0000 18571.8425  0.11%  15.3  940s
 1783724 986357 18558.0002  148   15 18552.0000 18571.8425  0.11%  15.3  945s
 1793281 991868 18563.5431   96   19 18552.0000 18571.8425  0.11%  15.2  950s
 1802674 998111 18563.0505  109   25 18552.0000 18571.8425  0.11%  15.3  955s
 1813247 1004460 18571.8425  122   36 18552.0000 18571.8425  0.11%  15.2  960s
 1824608 1011791 18558.6601   95   19 18552.0000 18571.8425  0.11%  15.2  965s
 1833777 1017142 18565.0441   97   23 18552.0000 18571.8425  0.11%  15.2  971s
 1841607 1021531 18554.4096  141   26 18552.0000 18571.8425  0.11%  15.2  975s
 1851236 1027388 18565.5680  105   40 18552.0000 18571.8425  0.11%  15.2  980s
 1862753 1034979 18565.1036   94   45 18552.0000 18571.8425  0.11%  15.2  985s
 1872225 1041231 18571.8425  106   52 18552.0000 18571.8425  0.11%  15.2  991s
 1878350 1044988 18554.4526  120   24 18552.0000 18571.8425  0.11%  15.2  995s
 1888109 1051155 18571.8425   92   39 18552.0000 18571.8425  0.11%  15.2 1000s
 1895451 1055549     cutoff  120      18552.0000 18571.8425  0.11%  15.2 1005s
 1905248 1061083 18553.6204  107   30 18552.0000 18571.8425  0.11%  15.2 1010s
 1914936 1066346 18555.2965   87   33 18552.0000 18571.8425  0.11%  15.2 1015s
 1927340 1074182 18555.1967  118   18 18552.0000 18571.8425  0.11%  15.2 1020s
 1934832 1078106 18566.7077  120   26 18552.0000 18571.8425  0.11%  15.2 1025s
 1942753 1082625 18566.4613   98   23 18552.0000 18571.8425  0.11%  15.2 1030s
 1952606 1088470 18571.8425  108   45 18552.0000 18571.8425  0.11%  15.1 1035s
 1960515 1092483 18559.3002  113   14 18552.0000 18571.8425  0.11%  15.1 1040s
 1968350 1097075 18571.8425   98   44 18552.0000 18571.8425  0.11%  15.1 1045s
 1977177 1102015 18569.9909  107   31 18552.0000 18571.8425  0.11%  15.1 1050s
 1986693 1107192 18570.6511   93   38 18552.0000 18571.8425  0.11%  15.1 1056s
 1994188 1111708 18556.2105  137   20 18552.0000 18571.8425  0.11%  15.1 1060s
 2002266 1116328     cutoff  120      18552.0000 18571.8425  0.11%  15.1 1065s
 2011953 1121505 18563.7155  100   24 18552.0000 18571.8425  0.11%  15.1 1070s
 2019661 1126105 18553.9556  130   16 18552.0000 18571.8425  0.11%  15.1 1075s
 2027787 1130249 18556.3041  118   28 18552.0000 18571.8425  0.11%  15.1 1080s
 2033789 1133770 18563.6640  124   32 18552.0000 18571.8425  0.11%  15.1 1085s
 2043433 1139465 18571.8425   97   42 18552.0000 18571.8425  0.11%  15.1 1090s
 2050944 1143820 18554.3285  116   20 18552.0000 18571.8425  0.11%  15.0 1095s
 2058256 1148065     cutoff  130      18552.0000 18571.8425  0.11%  15.0 1100s
 2065581 1151804 18569.3675  109   26 18552.0000 18571.8425  0.11%  15.0 1105s
 2073735 1156358 18560.0656  133   38 18552.0000 18571.8425  0.11%  15.0 1110s
 2082626 1161582 18554.4526  135   29 18552.0000 18571.8425  0.11%  15.0 1115s
 2088394 1164334 18566.4768  113   27 18552.0000 18571.8425  0.11%  15.0 1120s
 2095172 1168455 18555.4475  102   21 18552.0000 18571.8425  0.11%  15.0 1125s
 2103074 1172684 18560.9854  120   16 18552.0000 18571.8425  0.11%  15.0 1130s
 2112228 1178095 18570.0811  105   36 18552.0000 18571.8425  0.11%  15.0 1135s
 2120105 1182475 18562.0437  107   31 18552.0000 18571.8425  0.11%  15.0 1140s
 2129408 1188042 18571.8425  105   40 18552.0000 18571.8425  0.11%  15.0 1145s
 2139092 1193115 18570.3434  105   40 18552.0000 18571.8425  0.11%  15.0 1150s
 2147280 1197847 18566.4177  114   29 18552.0000 18571.8425  0.11%  15.0 1155s
 2157286 1203517     cutoff   95      18552.0000 18571.8425  0.11%  15.0 1161s
 2161329 1204955 18559.0946  120   31 18552.0000 18571.8425  0.11%  15.0 1166s
 2168406 1209773 18569.8418  109   35 18552.0000 18571.8425  0.11%  14.9 1170s
 2176449 1214204 18561.1676  112   24 18552.0000 18571.8425  0.11%  14.9 1175s
 2186535 1220337 18563.5316  128   30 18552.0000 18571.8425  0.11%  14.9 1180s
 2194981 1224925 18556.0100  140   21 18552.0000 18571.8425  0.11%  14.9 1185s
 2204509 1230084 18557.4475  136   24 18552.0000 18571.8425  0.11%  14.9 1190s
 2212406 1234311 18557.4475  120   27 18552.0000 18571.8425  0.11%  14.9 1195s
 2221785 1239512 18571.8425  109   43 18552.0000 18571.8425  0.11%  14.9 1201s
 2229692 1243866 18554.9438  119   27 18552.0000 18571.8425  0.11%  14.9 1205s
 2239295 1249395 18566.4768  110   25 18552.0000 18571.8425  0.11%  14.9 1210s
 2247066 1253830 18555.3936  199    9 18552.0000 18571.8425  0.11%  14.9 1215s
 2256697 1259120 18554.4526  156   28 18552.0000 18571.8425  0.11%  14.9 1220s
 2265944 1264816 18559.8962  101   41 18552.0000 18571.8425  0.11%  14.9 1225s
 2273850 1269213 18557.2620  115   23 18552.0000 18571.8425  0.11%  14.9 1230s
 2281933 1273621 18553.6788  128   22 18552.0000 18571.8425  0.11%  14.9 1236s
 2289724 1277731 18555.9927  114   16 18552.0000 18571.8425  0.11%  14.8 1240s
 2299171 1282757     cutoff  127      18552.0000 18571.8425  0.11%  14.8 1245s
 2310516 1289099     cutoff  142      18552.0000 18571.8425  0.11%  14.8 1250s
 2320016 1294436 18557.4475  129   16 18552.0000 18571.8425  0.11%  14.8 1256s
 2325867 1297869 18559.4482  112   23 18552.0000 18571.8425  0.11%  14.8 1260s
 2335795 1303437 18554.1333  137   22 18552.0000 18571.8425  0.11%  14.8 1265s
 2345205 1308321 18561.5359  112   42 18552.0000 18571.8425  0.11%  14.8 1270s
 2353672 1312847     cutoff  115      18552.0000 18571.8425  0.11%  14.8 1275s
 2361357 1317087 18558.0002  160   16 18552.0000 18571.8425  0.11%  14.8 1280s
 2371273 1322317 18554.4526  133   18 18552.0000 18571.8425  0.11%  14.8 1285s
 2380642 1327645 18558.3970  103   19 18552.0000 18571.8425  0.11%  14.8 1290s
 2390751 1333183 18563.1086  118   20 18552.0000 18571.8425  0.11%  14.7 1295s
 2398102 1337121 18554.2401  178   18 18552.0000 18571.8425  0.11%  14.7 1300s
 2405729 1341284 18564.7129  108   19 18552.0000 18571.8425  0.11%  14.7 1305s
 2413631 1345309 18571.1455  117   46 18552.0000 18571.8425  0.11%  14.7 1310s
 2419686 1348829     cutoff  116      18552.0000 18571.8425  0.11%  14.7 1315s
 2429108 1353692 18571.4601  107   41 18552.0000 18571.8425  0.11%  14.7 1320s
 2434813 1356878 18558.0001  108   14 18552.0000 18571.8425  0.11%  14.7 1325s
 2444442 1361884     cutoff  111      18552.0000 18571.8425  0.11%  14.7 1330s
 2452305 1366240 18570.1911   93   38 18552.0000 18571.8425  0.11%  14.7 1335s
 2459696 1369711 18558.0001  143   22 18552.0000 18571.8425  0.11%  14.7 1340s
 2468650 1374572 18557.4475  122   15 18552.0000 18571.8425  0.11%  14.7 1345s
 2477866 1379455 18571.8425   84   53 18552.0000 18571.8425  0.11%  14.7 1350s
 2487119 1384167 18560.6595  112   18 18552.0000 18571.8425  0.11%  14.7 1355s
 2496154 1388964 18555.4475   95   32 18552.0000 18571.8425  0.11%  14.7 1360s
 2505786 1393922 18555.1606  124   24 18552.0000 18571.8425  0.11%  14.7 1365s
 2516119 1399787 18560.7460  106   26 18552.0000 18571.8425  0.11%  14.7 1370s
 2526343 1405104 18554.2113  114   30 18552.0000 18571.8425  0.11%  14.7 1375s
 2535841 1410460 18567.2183  108   27 18552.0000 18571.8425  0.11%  14.7 1380s
 2544688 1414790 18563.0465  106   30 18552.0000 18571.8425  0.11%  14.7 1385s
 2557865 1421991 18560.0635  115   26 18552.0000 18571.8425  0.11%  14.7 1391s
 2564591 1425970     cutoff  122      18552.0000 18571.8425  0.11%  14.7 1395s
 2574205 1431297 18560.9854  125   24 18552.0000 18571.8425  0.11%  14.7 1400s
 2583506 1436242 18563.3847  123   25 18552.0000 18571.8425  0.11%  14.7 1405s
 2596489 1443419 18565.0441  119   20 18552.0000 18571.8425  0.11%  14.6 1411s
 2604480 1448197 18559.3212  116   18 18552.0000 18571.8425  0.11%  14.6 1415s
 2613809 1453749 18557.4475  108   25 18552.0000 18571.8425  0.11%  14.6 1420s
 2619914 1456167 18559.0946  127   16 18552.0000 18571.8425  0.11%  14.6 1428s
 2622264 1457349 18556.3353   97   16 18552.0000 18571.8425  0.11%  14.6 1433s
 2622618 1463832 18554.4526  136   30 18552.0000 18571.8425  0.11%  14.6 1439s
 2634630 1464824 18555.5655  136   18 18552.0000 18571.8425  0.11%  14.6 1441s
 2639138 1467746 18571.8425  105   37 18552.0000 18571.8425  0.11%  14.6 1445s
 2647812 1471718 18554.4526  131   20 18552.0000 18571.8425  0.11%  14.6 1450s
 2659307 1478248 18570.7663  122   31 18552.0000 18571.8425  0.11%  14.6 1455s
 2669068 1483713 18554.4526  150   23 18552.0000 18571.8425  0.11%  14.6 1460s
 2678331 1488524 18556.7780  117   19 18552.0000 18571.8425  0.11%  14.6 1465s
 2688000 1493540 18555.7538  126   15 18552.0000 18571.8425  0.11%  14.6 1470s
 2697345 1498447 18557.4475  109   18 18552.0000 18571.8425  0.11%  14.6 1475s
 2706705 1503509 18567.1791  114   28 18552.0000 18571.8425  0.11%  14.6 1480s
 2715214 1508056 18557.4475  102   25 18552.0000 18571.8425  0.11%  14.6 1485s
 2724946 1512920 18554.8669  126   20 18552.0000 18571.8425  0.11%  14.6 1490s
 2734334 1517818 18562.2332  104   38 18552.0000 18571.8425  0.11%  14.6 1495s
 2743637 1522872 18557.4475  168   19 18552.0000 18571.8425  0.11%  14.6 1500s
 2754950 1528649     cutoff  129      18552.0000 18571.8425  0.11%  14.5 1506s
 2763005 1533019 18560.3033  120   17 18552.0000 18571.8425  0.11%  14.5 1510s
 2772683 1537795     cutoff  115      18552.0000 18571.8425  0.11%  14.5 1515s
 2782274 1542533 18554.4526  125   14 18552.0000 18571.8425  0.11%  14.5 1520s
 2791683 1547757 18558.0001  108   24 18552.0000 18571.8425  0.11%  14.5 1525s
 2803118 1553926 18553.6747  129   25 18552.0000 18571.8425  0.11%  14.5 1530s
 2812405 1559108 18564.7380  107   24 18552.0000 18571.8425  0.11%  14.5 1535s
 2823565 1563861     cutoff  146      18552.0000 18571.8425  0.11%  14.5 1540s
 2829354 1567947     cutoff  133      18552.0000 18571.8425  0.11%  14.5 1545s
 2841084 1573872 18564.0927  102   17 18552.0000 18571.8425  0.11%  14.5 1550s
 2851446 1579655     cutoff  123      18552.0000 18571.8425  0.11%  14.5 1555s
 2863893 1586611 18556.7780  127   19 18552.0000 18571.8425  0.11%  14.5 1560s
 2875100 1592804 18565.0441  107   19 18552.0000 18571.8425  0.11%  14.5 1565s
 2884273 1597499 18556.7780  116   19 18552.0000 18571.8425  0.11%  14.5 1570s
 2893657 1602538 18571.8425  116   28 18552.0000 18571.8425  0.11%  14.5 1575s
 2903706 1608291 18564.0594  119   27 18552.0000 18571.8425  0.11%  14.4 1580s
 2913219 1613910     cutoff  133      18552.0000 18571.8425  0.11%  14.4 1585s
 2922828 1619428 18556.6136  123   21 18552.0000 18571.8425  0.11%  14.4 1590s
 2934383 1626012 18559.3212  126   27 18552.0000 18571.8425  0.11%  14.4 1595s
 2944067 1631471 18557.4475  120   25 18552.0000 18571.8425  0.11%  14.4 1600s
 2953520 1636940 18554.3285  148   19 18552.0000 18571.8425  0.11%  14.4 1605s
 2963021 1641756 18562.2120  120   22 18552.0000 18571.8425  0.11%  14.4 1610s
 2970688 1645445     cutoff  119      18552.0000 18571.8425  0.11%  14.4 1615s
 2986926 1653337 18553.6572  124   21 18552.0000 18571.8425  0.11%  14.4 1620s
 2998887 1659124 18553.8154   89   34 18552.0000 18571.8425  0.11%  14.4 1625s
 3001560 1661257 18558.0001  126   19 18552.0000 18571.8425  0.11%  14.4 1630s
 3022634 1670172 infeasible  161      18552.0000 18571.8425  0.11%  14.5 1635s
 3036550 1677608 18561.3751   83   30 18552.0000 18571.8425  0.11%  14.5 1640s
 3055768 1687846 18558.8610  100   28 18552.0000 18571.8425  0.11%  14.5 1645s
 3072642 1697245 18558.0001   99   30 18552.0000 18571.8425  0.11%  14.5 1650s
 3087559 1705383 18558.0001  140   25 18552.0000 18571.8425  0.11%  14.5 1655s
 3103832 1713679 18553.9251  108   23 18552.0000 18571.8425  0.11%  14.5 1660s
 3121679 1723140 18559.7219   98   32 18552.0000 18571.8425  0.11%  14.5 1665s
 3138890 1732454     cutoff  118      18552.0000 18571.8425  0.11%  14.5 1670s
 3154753 1741041 18558.0001  141   23 18552.0000 18571.8425  0.11%  14.5 1675s
 3169125 1749009 18558.6137  104   26 18552.0000 18571.8425  0.11%  14.5 1680s
 3177214 1753190     cutoff  149      18552.0000 18571.8425  0.11%  14.5 1685s
 3185211 1757899 18553.6795  148   25 18552.0000 18571.8425  0.11%  14.5 1690s
 3194460 1762803 18568.2626  112   38 18552.0000 18571.8425  0.11%  14.5 1695s
 3202123 1766756 18560.6152   90   20 18552.0000 18571.8425  0.11%  14.5 1700s
 3213505 1772533 18561.8144  124   23 18552.0000 18571.8425  0.11%  14.5 1705s
 3223191 1778177 18570.5914   97   30 18552.0000 18571.8425  0.11%  14.5 1711s
 3231136 1782181 18567.3727  111   31 18552.0000 18571.8425  0.11%  14.5 1715s
 3240094 1786464     cutoff  121      18552.0000 18571.8425  0.11%  14.5 1721s
 3246560 1790314 18567.3727  103   25 18552.0000 18571.8425  0.11%  14.5 1725s
 3258615 1796496     cutoff   99      18552.0000 18571.8425  0.11%  14.5 1730s
 3270200 1802423     cutoff  100      18552.0000 18571.8425  0.11%  14.5 1735s
 3279650 1807144 18553.4964  165   15 18552.0000 18571.8425  0.11%  14.5 1740s
 3290944 1812086 18558.0000  133   28 18552.0000 18571.8425  0.11%  14.5 1751s
 3297165 1816290 18558.0000  147   21 18552.0000 18571.8425  0.11%  14.5 1755s
 3308796 1822172 18555.2783  114   28 18552.0000 18571.8425  0.11%  14.5 1760s
 3318091 1827421 18558.0001  113   22 18552.0000 18571.8425  0.11%  14.5 1765s
 3327370 1832135 18564.7035   98   38 18552.0000 18571.8425  0.11%  14.5 1770s
 3339148 1838065 18554.4526  137   22 18552.0000 18571.8425  0.11%  14.5 1775s
 3348530 1843068     cutoff  137      18552.0000 18571.8425  0.11%  14.5 1780s
 3358196 1848456 18553.2444  145   19 18552.0000 18571.8425  0.11%  14.5 1785s
 3367344 1853057     cutoff  115      18552.0000 18571.8425  0.11%  14.5 1790s
 3374789 1857183     cutoff  126      18552.0000 18571.8425  0.11%  14.5 1795s
 3384208 1861976 18561.2125  119   27 18552.0000 18571.8425  0.11%  14.5 1800s
 3393592 1866737 18558.0001  176   10 18552.0000 18571.8425  0.11%  14.5 1805s
 3405025 1872594     cutoff  132      18552.0000 18571.8425  0.11%  14.5 1810s
 3415030 1877629     cutoff  110      18552.0000 18571.8425  0.11%  14.5 1815s
 3424711 1882617 18558.0001  131   19 18552.0000 18571.8425  0.11%  14.4 1820s
 3434000 1888201 18556.3041  112   30 18552.0000 18571.8425  0.11%  14.4 1825s
 3445202 1894197 18567.1922  106   20 18552.0000 18571.8425  0.11%  14.4 1830s
 3457607 1900595 18571.0299   94   25 18552.0000 18571.8425  0.11%  14.4 1835s
 3465134 1904206 18563.4127  116   35 18552.0000 18571.8425  0.11%  14.4 1842s
 3469558 1907371 18556.0118  110   33 18552.0000 18571.8425  0.11%  14.4 1846s
 3478714 1912109 18571.8425  104   37 18552.0000 18571.8425  0.11%  14.4 1850s
 3490182 1918525 18560.8052   98   26 18552.0000 18571.8425  0.11%  14.4 1855s
 3501040 1924477 18565.7009  108   32 18552.0000 18571.8425  0.11%  14.4 1860s
 3516420 1931797 18556.8248  101   39 18552.0000 18571.8425  0.11%  14.4 1865s
 3531286 1937646 18560.1533  123   23 18552.0000 18571.8425  0.11%  14.4 1870s
 3550965 1946656 18561.8175   97   35 18552.0000 18571.8425  0.11%  14.5 1875s
 3565237 1953048 18555.9633  132   14 18552.0000 18571.8425  0.11%  14.5 1880s
 3581479 1960938 18559.5683  118   27 18552.0000 18571.8425  0.11%  14.5 1885s
 3595096 1969067 18562.7426  111   33 18552.0000 18571.8425  0.11%  14.5 1891s
 3602901 1973065 18564.0578  119   23 18552.0000 18571.8425  0.11%  14.5 1895s
 3612458 1978083 18558.0000  120   29 18552.0000 18571.8425  0.11%  14.5 1900s
 3621804 1983215 18567.3633  117   25 18552.0000 18571.8425  0.11%  14.5 1905s
 3631275 1988512 18565.3778   98   28 18552.0000 18571.8425  0.11%  14.5 1910s
 3643346 1994493 18561.6222  115   22 18552.0000 18571.8425  0.11%  14.5 1915s
 3652974 1998878     cutoff  119      18552.0000 18571.8425  0.11%  14.4 1920s
 3662297 2003434 18566.6922  119   21 18552.0000 18571.8425  0.11%  14.4 1925s
 3671614 2008302 18559.8710  112   28 18552.0000 18571.8425  0.11%  14.4 1930s
 3681438 2013320 18567.2886  128   24 18552.0000 18571.8425  0.11%  14.4 1935s
 3691036 2018408 18571.6489  102   40 18552.0000 18571.8425  0.11%  14.4 1940s
 3702699 2024743 18559.8941  112   32 18552.0000 18571.8425  0.11%  14.4 1945s
 3711767 2028868 18555.5255  147   12 18552.0000 18571.8425  0.11%  14.4 1950s
 3720940 2033996 18563.3782  117   28 18552.0000 18571.8425  0.11%  14.4 1955s
 3731776 2039800 18553.6788  154   22 18552.0000 18571.8425  0.11%  14.4 1960s
 3741338 2044720 18570.7664   94   37 18552.0000 18571.8425  0.11%  14.4 1965s
 3750641 2049340 18554.4526  113   22 18552.0000 18571.8402  0.11%  14.4 1970s
 3756358 2052352 18559.7922  114   18 18552.0000 18571.8350  0.11%  14.4 1975s
 3766039 2057356 18570.8081  106   39 18552.0000 18571.8193  0.11%  14.4 1980s
 3775289 2062690 18555.2783  126   33 18552.0000 18571.8130  0.11%  14.4 1985s
 3784882 2066906 18570.9319   87   43 18552.0000 18571.8007  0.11%  14.4 1990s
 3794862 2071876 18554.7013  119   26 18552.0000 18571.7825  0.11%  14.4 1995s
 3802497 2075883 18561.3787  120   24 18552.0000 18571.7720  0.11%  14.4 2000s
 3812005 2080669 18564.9641  120   22 18552.0000 18571.7579  0.11%  14.4 2005s
 3819611 2084399 18563.0411  115   32 18552.0000 18571.7493  0.11%  14.4 2010s
 3827480 2088569 18570.4201  111   39 18552.0000 18571.7382  0.11%  14.4 2016s
 3833290 2091572 18553.7939  149   21 18552.0000 18571.7318  0.11%  14.4 2020s
 3840693 2095144     cutoff  149      18552.0000 18571.7199  0.11%  14.4 2025s
 3850492 2100510 18558.3970  126   29 18552.0000 18571.7063  0.11%  14.4 2030s
 3860011 2105386 18558.0002  116   22 18552.0000 18571.7001  0.11%  14.4 2035s
 3870722 2110973 18568.0627  106   20 18552.0000 18571.6949  0.11%  14.4 2040s
 3878248 2114968 18564.7035  109   18 18552.0000 18571.6949  0.11%  14.4 2045s
 3891632 2121857 18571.6949  107   30 18552.0000 18571.6949  0.11%  14.4 2050s
 3902297 2127793 18571.6949  114   25 18552.0000 18571.6949  0.11%  14.3 2055s
 3914089 2134053 18560.6886  138   23 18552.0000 18571.6949  0.11%  14.3 2060s
 3923730 2139610     cutoff  127      18552.0000 18571.6949  0.11%  14.3 2065s
 3935135 2145075 18560.9416  115   29 18552.0000 18571.6949  0.11%  14.3 2070s
 3945876 2150617 18553.4025  140   13 18552.0000 18571.6949  0.11%  14.3 2075s
 3957307 2156962 18556.7597  117   19 18552.0000 18571.6949  0.11%  14.3 2080s
 3969267 2163324 18565.0441  114   28 18552.0000 18571.6949  0.11%  14.3 2085s
 3977770 2167849 18555.9927  131   23 18552.0000 18571.6949  0.11%  14.3 2090s
 3985766 2172283 18553.7951  123   15 18552.0000 18571.6949  0.11%  14.3 2095s
 3996641 2178105     cutoff  134      18552.0000 18571.6949  0.11%  14.3 2100s
 4008368 2184130 18568.0627  112   23 18552.0000 18571.6949  0.11%  14.3 2106s
 4016759 2188663     cutoff  140      18552.0000 18571.6949  0.11%  14.3 2111s
 4019738 2190687 18565.0441   97   28 18552.0000 18571.6949  0.11%  14.3 2116s
 4030636 2196098 18564.7201  117   40 18552.0000 18571.6949  0.11%  14.3 2120s
 4038827 2200541 18567.6958   92   22 18552.0000 18571.6949  0.11%  14.3 2126s
 4046560 2205131 18553.4025  133   22 18552.0000 18571.6949  0.11%  14.3 2130s
 4058399 2211645 18559.5137  144   22 18552.0000 18571.6949  0.11%  14.3 2135s
 4071487 2218205 18563.0032  114   30 18552.0000 18571.6949  0.11%  14.3 2140s
 4081017 2223525 18567.1791  111   33 18552.0000 18571.6949  0.11%  14.3 2145s
 4092469 2229926 18562.0739  108   31 18552.0000 18571.6949  0.11%  14.2 2151s
 4100424 2234048 18566.9525  120   27 18552.0000 18571.6949  0.11%  14.2 2155s
 4108139 2238140 18553.7951  107   25 18552.0000 18571.6949  0.11%  14.2 2160s
 4119762 2244231 18566.7664  106   20 18552.0000 18571.6883  0.11%  14.2 2165s
 4129056 2248919     cutoff  127      18552.0000 18571.6791  0.11%  14.2 2170s
 4136805 2253183 18565.4914  110   24 18552.0000 18571.6709  0.11%  14.2 2175s
 4146280 2258487 18567.3633  115   35 18552.0000 18571.6598  0.11%  14.2 2180s
 4154159 2262518 18563.7538  124   29 18552.0000 18571.6512  0.11%  14.2 2185s
 4165863 2268479 18561.7229  123   22 18552.0000 18571.6386  0.11%  14.2 2190s
 4177061 2274628 18565.0441  108   30 18552.0000 18571.6268  0.11%  14.2 2195s
 4186421 2279573 18559.3212  113   18 18552.0000 18571.6148  0.11%  14.2 2200s
 4195676 2284038     cutoff  119      18552.0000 18571.6011  0.11%  14.2 2205s
 4205407 2289058 18554.4168  119   26 18552.0000 18571.5921  0.11%  14.2 2210s
 4211209 2291290 18567.1414  131   26 18552.0000 18571.5879  0.11%  14.2 2216s
 4215951 2294579 18568.3607   99   28 18552.0000 18571.5825  0.11%  14.2 2220s
 4224116 2298771 18570.7664  106   21 18552.0000 18571.5716  0.11%  14.2 2226s
 4229854 2301698 18565.1906  127   25 18552.0000 18571.5650  0.11%  14.2 2230s
 4240118 2307550 18554.4526  140   10 18552.0000 18571.5574  0.11%  14.2 2235s
 4248096 2311834 18570.8446  113   38 18552.0000 18571.5489  0.11%  14.2 2240s
 4257143 2316470     cutoff  125      18552.0000 18571.5388  0.11%  14.2 2246s
 4266659 2321682     cutoff  136      18552.0000 18571.5286  0.11%  14.2 2250s
 4273982 2325714 18555.8286  101   31 18552.0000 18571.5177  0.11%  14.2 2255s
 4288382 2332569 18566.7118  104   18 18552.0000 18571.5086  0.11%  14.2 2260s
 4299261 2337603 18566.7118  115   25 18552.0000 18571.5086  0.11%  14.2 2265s
 4304654 2339691 18567.0308  119   19 18552.0000 18571.5064  0.11%  14.2 2270s
 4314379 2345164 18559.5137  126   26 18552.0000 18571.4981  0.11%  14.2 2275s
 4320119 2347931 18558.0000  149   10 18552.0000 18571.4920  0.11%  14.2 2280s
 4330434 2352893     cutoff  106      18552.0000 18571.4792  0.10%  14.2 2285s
 4338237 2356831     cutoff  123      18552.0000 18571.4693  0.10%  14.2 2290s
 4347933 2361606 18559.5683  127   30 18552.0000 18571.4538  0.10%  14.2 2295s
 4357627 2366358     cutoff  130      18552.0000 18571.4415  0.10%  14.2 2300s
 4367131 2371420 18564.1888  111   30 18552.0000 18571.4291  0.10%  14.2 2305s
 4378372 2376972 18564.0973  129   18 18552.0000 18571.4264  0.10%  14.2 2310s
 4385942 2381154 18556.7780  103   28 18552.0000 18571.4179  0.10%  14.2 2315s
 4397312 2387128 18571.2796  102   32 18552.0000 18571.4033  0.10%  14.2 2320s
 4406991 2392095 18565.4914  111   24 18552.0000 18571.3903  0.10%  14.1 2325s
 4416458 2397189 18553.4964  163   11 18552.0000 18571.3786  0.10%  14.1 2330s
 4426287 2402373 18554.2113   98   27 18552.0000 18571.3648  0.10%  14.1 2335s
 4438239 2408178 18563.9247  114   24 18552.0000 18571.3624  0.10%  14.1 2340s
 4449084 2414855 18554.4526  123   19 18552.0000 18571.3624  0.10%  14.1 2345s
 4462183 2421797 18561.7112  129   25 18552.0000 18571.3624  0.10%  14.1 2350s
 4471642 2427499 18562.5628  115   21 18552.0000 18571.3624  0.10%  14.1 2355s
 4479100 2431480     cutoff  117      18552.0000 18571.3624  0.10%  14.1 2360s
 4486411 2435266     cutoff  108      18552.0000 18571.3624  0.10%  14.1 2365s
 4496084 2440794 18565.7971  123   28 18552.0000 18571.3624  0.10%  14.1 2370s
 4501647 2444149 18556.6136  125   30 18552.0000 18571.3624  0.10%  14.1 2375s
 4511589 2449541 18565.0441   96   23 18552.0000 18571.3624  0.10%  14.1 2380s
 4516047 2452403 18563.5431  111   20 18552.0000 18571.3624  0.10%  14.1 2385s
 4524245 2456887 18556.2843  119   30 18552.0000 18571.3624  0.10%  14.1 2390s
 4533815 2462085 18565.0497  101   35 18552.0000 18571.3624  0.10%  14.1 2395s
 4545614 2468980 18558.4891  135   22 18552.0000 18571.3624  0.10%  14.1 2400s
 4554724 2472696 18554.4526  143   15 18552.0000 18571.3624  0.10%  14.1 2409s
 4555054 2473567 18560.4700  121   17 18552.0000 18571.3624  0.10%  14.1 2410s
 4571311 2481422     cutoff  126      18552.0000 18571.3612  0.10%  14.1 2415s
 4581979 2486743 18556.8059  126   27 18552.0000 18571.3444  0.10%  14.1 2420s
 4591812 2491877 18568.6932  113   17 18552.0000 18571.3367  0.10%  14.1 2425s
 4603672 2498315 18556.4715  123   18 18552.0000 18571.3249  0.10%  14.1 2430s
 4614603 2503954 18554.4526  118   27 18552.0000 18571.3115  0.10%  14.1 2436s
 4622628 2508067 18556.2843  116   23 18552.0000 18571.3033  0.10%  14.1 2440s
 4634291 2514164 18568.2290  101   22 18552.0000 18571.2909  0.10%  14.1 2445s
 4643720 2519044 18565.0301  114   41 18552.0000 18571.2757  0.10%  14.1 2450s
 4653480 2524128     cutoff  120      18552.0000 18571.2611  0.10%  14.1 2455s
 4665131 2530504 18556.9333  126   21 18552.0000 18571.2463  0.10%  14.1 2460s
 4678304 2537321 18569.0351  105   29 18552.0000 18571.2440  0.10%  14.1 2465s
 4687247 2541900     cutoff  145      18552.0000 18571.2306  0.10%  14.1 2470s
 4696326 2546405 18570.3912  111   37 18552.0000 18571.2214  0.10%  14.0 2475s
 4707822 2551910 18562.5628  126   18 18552.0000 18571.2066  0.10%  14.0 2481s
 4715230 2556107 18558.3970  104   29 18552.0000 18571.1950  0.10%  14.0 2485s
 4726882 2563354     cutoff  196      18552.0000 18571.1886  0.10%  14.0 2490s
 4736493 2568561 18559.3986  126   28 18552.0000 18571.1843  0.10%  14.0 2495s
 4749256 2575280 18565.0441  103   23 18552.0000 18571.1724  0.10%  14.0 2500s
 4758408 2580194 18554.4526  107   29 18552.0000 18571.1667  0.10%  14.0 2505s
 4769901 2586705 18557.0227  109   30 18552.0000 18571.1519  0.10%  14.0 2510s
 4780992 2594098 18570.4274  100   23 18552.0000 18571.1516  0.10%  14.0 2515s
 4789550 2599907     cutoff  160      18552.0000 18571.1516  0.10%  14.0 2520s
 4799184 2606493 18558.0001  132   27 18552.0000 18571.1516  0.10%  14.0 2525s
 4809029 2612147 18554.4493   89   29 18552.0000 18571.1516  0.10%  14.0 2533s
 4812674 2615899 18559.8889  123   20 18552.0000 18571.1516  0.10%  14.0 2535s
 4822951 2622921 18563.3721  106   34 18552.0000 18571.1516  0.10%  14.0 2540s
 4834324 2630661 18557.1998  129   15 18552.0000 18571.1516  0.10%  14.0 2545s
 4845388 2638539 18562.9108  119   24 18552.0000 18571.1516  0.10%  14.0 2550s
 4856884 2646234 18557.2627   93   25 18552.0000 18571.1516  0.10%  14.0 2555s
 4866137 2652433 18554.1596  116   21 18552.0000 18571.1516  0.10%  14.0 2560s
 4877529 2659684     cutoff  150      18552.0000 18571.1516  0.10%  14.0 2565s
 4888957 2667320 18557.3263  143   20 18552.0000 18571.1516  0.10%  14.0 2570s
 4899874 2674836 18554.1928  132   21 18552.0000 18571.1516  0.10%  14.0 2575s
 4911230 2682152 18557.5325   97   20 18552.0000 18571.1516  0.10%  14.0 2580s
 4920923 2688292 18565.4216   97   20 18552.0000 18571.1516  0.10%  14.0 2585s
 4933363 2696281 18559.8354  110   17 18552.0000 18571.1516  0.10%  14.0 2590s
 4944435 2702740 18558.7674  149   18 18552.0000 18571.1420  0.10%  14.0 2595s
 4954026 2708247 18558.0000  151   10 18552.0000 18571.1348  0.10%  14.0 2600s
 4965413 2714971 18570.3102   91   34 18552.0000 18571.1258  0.10%  14.0 2605s
 4974744 2720495 18562.3380  131   17 18552.0000 18571.1192  0.10%  14.0 2610s
 4986152 2726983 18570.3576  119   45 18552.0000 18571.1091  0.10%  14.0 2615s
 4995762 2732515 18558.5353   98   22 18552.0000 18571.1002  0.10%  14.0 2620s
 5004881 2737620 18553.3076  124   19 18552.0000 18571.0924  0.10%  14.0 2625s
 5015661 2743762     cutoff  107      18552.0000 18571.0814  0.10%  14.0 2630s
 5026754 2750063 18561.1616  114   25 18552.0000 18571.0712  0.10%  14.0 2635s
 5038101 2755963 18564.5355  100   35 18552.0000 18571.0614  0.10%  14.0 2640s
 5049243 2762377 18553.4025  125   16 18552.0000 18571.0464  0.10%  13.9 2645s
 5060726 2768405 18564.0410  123   22 18552.0000 18571.0376  0.10%  13.9 2650s
 5070606 2773978 18556.5580  127   32 18552.0000 18571.0299  0.10%  13.9 2655s
 5081460 2780154     cutoff  125      18552.0000 18571.0299  0.10%  13.9 2660s
 5092624 2786142 18563.5431  129   22 18552.0000 18571.0299  0.10%  13.9 2665s
 5103594 2792523 18563.0349  117   21 18552.0000 18571.0299  0.10%  13.9 2670s
 5113032 2797595 18563.5431  121   21 18552.0000 18571.0299  0.10%  13.9 2675s
 5121913 2802532 18553.6788  188   21 18552.0000 18571.0299  0.10%  13.9 2680s
 5132910 2809053 18554.4526  151   16 18552.0000 18571.0299  0.10%  13.9 2685s
 5142113 2813981 18553.0943  136   22 18552.0000 18571.0299  0.10%  13.9 2690s
 5151858 2819335     cutoff  124      18552.0000 18571.0299  0.10%  13.9 2696s
 5159355 2823316 18553.6788  138   15 18552.0000 18571.0299  0.10%  13.9 2700s
 5167214 2826965 18569.3675  105   28 18552.0000 18571.0299  0.10%  13.9 2707s
 5172481 2830658 18567.6096  109   17 18552.0000 18571.0299  0.10%  13.9 2710s
 5182885 2836578 18563.3222  118   20 18552.0000 18571.0299  0.10%  13.9 2715s
 5190170 2840615 18554.4526  132   18 18552.0000 18571.0299  0.10%  13.9 2720s
 5201636 2846417     cutoff  103      18552.0000 18571.0299  0.10%  13.9 2725s
 5210784 2851623     cutoff  115      18552.0000 18571.0299  0.10%  13.9 2730s
 5218130 2855441     cutoff  137      18552.0000 18571.0299  0.10%  13.9 2735s
 5227820 2860683     cutoff  120      18552.0000 18571.0299  0.10%  13.9 2740s
 5236944 2866501 18554.4526  132   33 18552.0000 18571.0299  0.10%  13.9 2745s
 5248599 2872886     cutoff  174      18552.0000 18571.0215  0.10%  13.9 2750s
 5258162 2878715 18554.4526  140   24 18552.0000 18571.0160  0.10%  13.9 2755s
 5269013 2884908 18563.2045  127   26 18552.0000 18571.0038  0.10%  13.9 2761s
 5276513 2888874 18570.8456  114   30 18552.0000 18570.9966  0.10%  13.9 2765s
 5283889 2892660     cutoff  105      18552.0000 18570.9916  0.10%  13.9 2771s
 5289600 2895384 18561.3787  108   19 18552.0000 18570.9916  0.10%  13.9 2775s
 5297253 2899293 18570.9127  107   35 18552.0000 18570.9916  0.10%  13.9 2781s
 5302996 2902058 18564.5317  132   22 18552.0000 18570.9916  0.10%  13.9 2786s
 5308683 2904714 18554.2113   96   24 18552.0000 18570.9916  0.10%  13.9 2790s
 5314471 2907666 18559.7922  116   20 18552.0000 18570.9916  0.10%  13.9 2795s
 5319811 2910198     cutoff  109      18552.0000 18570.9916  0.10%  13.9 2801s
 5323901 2912171 18558.0002  134    8 18552.0000 18570.9916  0.10%  13.9 2805s
 5329768 2915032 18563.1516  119   23 18552.0000 18570.9916  0.10%  13.9 2811s
 5335788 2918044 18553.0667  114   21 18552.0000 18570.9916  0.10%  13.9 2816s
 5339119 2919531     cutoff  111      18552.0000 18570.9916  0.10%  13.9 2821s
 5345042 2922439 18564.7375  115   17 18552.0000 18570.9916  0.10%  13.9 2825s
 5351008 2925456 18561.1126  103   24 18552.0000 18570.9916  0.10%  13.9 2830s
 5356822 2928219     cutoff  112      18552.0000 18570.9916  0.10%  13.9 2836s
 5362574 2930936 18556.8248  108   18 18552.0000 18570.9916  0.10%  13.9 2841s
 5366533 2933040 18564.0578  117   26 18552.0000 18570.9916  0.10%  13.9 2845s
 5374470 2936837 18556.3041  100   29 18552.0000 18570.9916  0.10%  13.9 2851s
 5380606 2940039 18564.5782  101   31 18552.0000 18570.9916  0.10%  13.8 2855s
 5386655 2942984 18554.9089  120   25 18552.0000 18570.9916  0.10%  13.8 2862s
 5390620 2945262 18559.9670  126   28 18552.0000 18570.9916  0.10%  13.8 2865s
 5394154 2946780 18563.2384  110   35 18552.0000 18570.9916  0.10%  13.8 2870s
 5400457 2950145 18554.2113  113   18 18552.0000 18570.9916  0.10%  13.8 2875s
 5410423 2954875     cutoff  131      18552.0000 18570.9859  0.10%  13.8 2881s
 5412802 2956094 18570.9452  112   40 18552.0000 18570.9839  0.10%  13.8 2886s
 5417808 2959061 18569.7108  103   42 18552.0000 18570.9748  0.10%  13.8 2890s
 5424563 2962611 18554.0419  161   23 18552.0000 18570.9724  0.10%  13.8 2896s
 5432078 2966883     cutoff  116      18552.0000 18570.9662  0.10%  13.8 2900s
 5441323 2971628 18565.4914   99   32 18552.0000 18570.9512  0.10%  13.8 2905s
 5450462 2976372 18553.6788  150   21 18552.0000 18570.9376  0.10%  13.8 2910s
 5459156 2980612 18555.5255  149   17 18552.0000 18570.9298  0.10%  13.8 2915s
 5466689 2983799 18553.4452  133   20 18552.0000 18570.9222  0.10%  13.8 2923s
 5468831 2985854 18562.5628  110   27 18552.0000 18570.9166  0.10%  13.8 2925s
 5475056 2988845 18563.0411  110   30 18552.0000 18570.9132  0.10%  13.8 2930s
 5479234 2990062     cutoff  171      18552.0000 18570.9132  0.10%  13.8 2936s
 5485143 2993504 18564.0385  115   29 18552.0000 18570.9132  0.10%  13.8 2941s
 5490940 2996369 18562.2863  110   28 18552.0000 18570.9132  0.10%  13.8 2945s
 5497263 2998744     cutoff  117      18552.0000 18570.9132  0.10%  13.8 2950s
 5505098 3002331 18560.9854  124   23 18552.0000 18570.9132  0.10%  13.8 2956s
 5513152 3005779 18554.9089  112   31 18552.0000 18570.9132  0.10%  13.8 2961s
 5519241 3008430     cutoff  121      18552.0000 18570.9132  0.10%  13.8 2965s
 5527004 3011579     cutoff  125      18552.0000 18570.9132  0.10%  13.8 2970s
 5534299 3015424 18561.1676  126   16 18552.0000 18570.9096  0.10%  13.8 2975s
 5543932 3020720 18560.8052  143   18 18552.0000 18570.9019  0.10%  13.8 2980s
 5555560 3026812 18558.0000  126   24 18552.0000 18570.8936  0.10%  13.8 2986s
 5564680 3032574 18558.3327  128   26 18552.0000 18570.8883  0.10%  13.8 2990s
 5574103 3039103 18566.5051  109   27 18552.0000 18570.8883  0.10%  13.8 2996s
 5581715 3044380 18568.5720  103   35 18552.0000 18570.8883  0.10%  13.8 3000s
 5593638 3051875 18558.0000  154   23 18552.0000 18570.8883  0.10%  13.8 3005s
 5604132 3058420 18566.0517  106   29 18552.0000 18570.8883  0.10%  13.8 3011s
 5611294 3063293 infeasible  125      18552.0000 18570.8883  0.10%  13.8 3015s
 5623330 3070723 18570.6110  103   33 18552.0000 18570.8883  0.10%  13.8 3020s
 5632687 3076678 18554.0629  102   30 18552.0000 18570.8883  0.10%  13.8 3025s
 5643411 3083685 18554.2074  132   23 18552.0000 18570.8883  0.10%  13.8 3030s
 5652517 3089135 18569.9744  104   22 18552.0000 18570.8883  0.10%  13.8 3035s
 5661927 3095330 18568.7617  115   33 18552.0000 18570.8883  0.10%  13.8 3040s
 5669497 3099926     cutoff   98      18552.0000 18570.8883  0.10%  13.8 3045s
 5681206 3107164 18555.0676  129   18 18552.0000 18570.8883  0.10%  13.8 3050s
 5688711 3111860 18560.9525  139   19 18552.0000 18570.8883  0.10%  13.8 3055s
 5700399 3119098 18567.3044  122   28 18552.0000 18570.8874  0.10%  13.8 3060s
 5705837 3122331 18570.8551   95   33 18552.0000 18570.8828  0.10%  13.8 3065s
 5717334 3127841 18554.4526  113   18 18552.0000 18570.8735  0.10%  13.8 3070s
 5726710 3133142 18562.3898   98   23 18552.0000 18570.8598  0.10%  13.8 3075s
 5732444 3135392 18556.0577  118   20 18552.0000 18570.8563  0.10%  13.8 3083s
 5732732 3136029 18562.6496  118   28 18552.0000 18570.8560  0.10%  13.8 3085s
 5742590 3141167 18562.1723  130   18 18552.0000 18570.8516  0.10%  13.8 3090s
 5749850 3144658 18561.4401  113   17 18552.0000 18570.8456  0.10%  13.8 3095s
 5751829 3144782 18559.0946  113   23 18552.0000 18570.8456  0.10%  13.8 3103s
 5754179 3146438 18567.6958  108   42 18552.0000 18570.8456  0.10%  13.8 3105s
 5759663 3149028 18562.7086  120   28 18552.0000 18570.8456  0.10%  13.8 3110s
 5767938 3152503 18560.3197  121   29 18552.0000 18570.8456  0.10%  13.8 3116s
 5774450 3155462 18570.7664  112   32 18552.0000 18570.8456  0.10%  13.8 3120s
 5779957 3157997 18563.3736   89   27 18552.0000 18570.8456  0.10%  13.8 3125s
 5788292 3161394 18570.7659  111   43 18552.0000 18570.8456  0.10%  13.8 3130s
 5796330 3164605 18569.0257  107   31 18552.0000 18570.8456  0.10%  13.8 3136s
 5803953 3167779 18553.0943  133   22 18552.0000 18570.8456  0.10%  13.8 3140s
 5810766 3170748 18557.6993  129   27 18552.0000 18570.8456  0.10%  13.8 3146s
 5818789 3174409     cutoff  119      18552.0000 18570.8451  0.10%  13.8 3150s
 5826209 3178148 18558.4292  153   25 18552.0000 18570.8362  0.10%  13.8 3156s
 5833828 3182397     cutoff  146      18552.0000 18570.8320  0.10%  13.8 3160s
 5843081 3187556 18553.4964  117   18 18552.0000 18570.8259  0.10%  13.8 3165s
 5852441 3192411 18560.9854  121   21 18552.0000 18570.8174  0.10%  13.8 3170s
 5861621 3197349 18555.7076  130   20 18552.0000 18570.8116  0.10%  13.8 3175s
 5870897 3202053     cutoff  136      18552.0000 18570.8027  0.10%  13.8 3180s
 5878784 3206197 18559.0946   95   20 18552.0000 18570.7962  0.10%  13.7 3185s
 5890006 3213908 18553.2907  151   32 18552.0000 18570.7932  0.10%  13.7 3190s
 5897856 3218558 18564.3710  107   29 18552.0000 18570.7917  0.10%  13.7 3195s
 5905316 3222008 18562.0739  117   21 18552.0000 18570.7900  0.10%  13.7 3200s
 5912890 3225607 18558.0002  119   27 18552.0000 18570.7900  0.10%  13.7 3205s
 5922421 3230255     cutoff  138      18552.0000 18570.7838  0.10%  13.7 3210s
 5930230 3233906 18570.7633  105   22 18552.0000 18570.7817  0.10%  13.7 3215s
 5938586 3237876 18560.9104  123   21 18552.0000 18570.7817  0.10%  13.7 3220s
 5949728 3244552 18570.7781   96   30 18552.0000 18570.7781  0.10%  13.7 3225s
 5959129 3250504 18566.0196   95   38 18552.0000 18570.7781  0.10%  13.7 3230s
 5968685 3256637 18556.5006  109   18 18552.0000 18570.7781  0.10%  13.7 3235s
 5975975 3261348 18562.3041   96   25 18552.0000 18570.7781  0.10%  13.7 3240s
 5987065 3268436     cutoff  142      18552.0000 18570.7777  0.10%  13.7 3245s
 5995517 3273564 18558.0001  141   12 18552.0000 18570.7772  0.10%  13.7 3250s
 6004731 3278525 18570.5914  117   19 18552.0000 18570.7772  0.10%  13.7 3255s
 6012801 3281911 18557.1998  113   17 18552.0000 18570.7741  0.10%  13.7 3261s
 6018663 3284960 18560.1533  110   18 18552.0000 18570.7732  0.10%  13.7 3265s
 6026685 3288491 18554.4526  126   23 18552.0000 18570.7732  0.10%  13.7 3270s
 6035187 3292598 18564.6419  122   39 18552.0000 18570.7705  0.10%  13.7 3275s
 6042806 3296282     cutoff  138      18552.0000 18570.7664  0.10%  13.7 3280s
 6050629 3299736 18562.6496  101   26 18552.0000 18570.7664  0.10%  13.7 3286s
 6056340 3302302 18562.6496  105   20 18552.0000 18570.7664  0.10%  13.7 3290s
 6062355 3304845 18558.0000  136   29 18552.0000 18570.7664  0.10%  13.7 3295s
 6069943 3308210 18561.1126  111   23 18552.0000 18570.7664  0.10%  13.7 3300s
 6078047 3311873 18561.7404  116   15 18552.0000 18570.7664  0.10%  13.7 3305s
 6085846 3315639 18564.2230  117   31 18552.0000 18570.7664  0.10%  13.7 3310s
 6093815 3319307 18566.9023   97   42 18552.0000 18570.7664  0.10%  13.7 3316s
 6099972 3322331 18564.2230  127   20 18552.0000 18570.7664  0.10%  13.7 3320s
 6106034 3325040 18554.3285  137   16 18552.0000 18570.7664  0.10%  13.7 3325s
 6114223 3328732 18560.7732  126   29 18552.0000 18570.7664  0.10%  13.7 3330s
 6121613 3331878 18570.0150  119   30 18552.0000 18570.7664  0.10%  13.7 3335s
 6129143 3335512 18565.5302  105   26 18552.0000 18570.7664  0.10%  13.7 3341s
 6135223 3338119 18561.7923  123   26 18552.0000 18570.7664  0.10%  13.7 3345s
 6142978 3341354 18560.6595  131   14 18552.0000 18570.7664  0.10%  13.7 3351s
 6148813 3343963 18559.4617  110   33 18552.0000 18570.7664  0.10%  13.7 3355s
 6158316 3348430     cutoff  126      18552.0000 18570.7664  0.10%  13.7 3361s
 6164118 3351058 18562.0437  114   23 18552.0000 18570.7664  0.10%  13.7 3365s
 6172353 3354653 18570.7342  120   33 18552.0000 18570.7664  0.10%  13.7 3371s
 6177879 3357281 18560.5445   94   25 18552.0000 18570.7664  0.10%  13.7 3375s
 6184786 3360511 18570.7664  119   22 18552.0000 18570.7664  0.10%  13.7 3380s
 6192086 3363874 18558.0000  133   12 18552.0000 18570.7664  0.10%  13.7 3385s
 6199960 3367462 18565.2354  114   33 18552.0000 18570.7664  0.10%  13.7 3391s
 6205977 3370225     cutoff  156      18552.0000 18570.7664  0.10%  13.7 3395s
 6213850 3373724 18556.0098  107   26 18552.0000 18570.7664  0.10%  13.7 3400s
 6221751 3377560 18569.3582  102   21 18552.0000 18570.7664  0.10%  13.7 3406s
 6227301 3380037 18560.5140  115   19 18552.0000 18570.7664  0.10%  13.7 3410s
 6235292 3383204 18565.3684  112   21 18552.0000 18570.7664  0.10%  13.7 3416s
 6239189 3384890 18559.3002  106   25 18552.0000 18570.7664  0.10%  13.7 3420s
 6245144 3387594 infeasible  139      18552.0000 18570.7664  0.10%  13.7 3425s
 6250839 3390110 18559.3969  123   25 18552.0000 18570.7664  0.10%  13.7 3430s
 6258656 3393296 18570.6195  115   35 18552.0000 18570.7664  0.10%  13.7 3435s
 6266836 3396660 18561.3392  119   18 18552.0000 18570.7664  0.10%  13.7 3440s
 6272322 3399382     cutoff  148      18552.0000 18570.7664  0.10%  13.7 3445s
 6280297 3402761 18562.7086  111   27 18552.0000 18570.7664  0.10%  13.7 3451s
 6286046 3405112 18565.7009  105   34 18552.0000 18570.7664  0.10%  13.7 3456s
 6292030 3407887 18558.3970  116   25 18552.0000 18570.7664  0.10%  13.7 3461s
 6298066 3410330 18562.0446  132   26 18552.0000 18570.7664  0.10%  13.7 3465s
 6301824 3411429 18561.7594  127   33 18552.0000 18570.7664  0.10%  13.7 3474s
 6301935 3416859 18561.7594  128   34 18552.0000 18570.7664  0.10%  13.7 3481s
 6316167 3418810 18562.6496  111   28 18552.0000 18570.7664  0.10%  13.7 3485s
 6322735 3421640     cutoff  110      18552.0000 18570.7664  0.10%  13.7 3490s
 6328569 3424119     cutoff  113      18552.0000 18570.7664  0.10%  13.7 3495s
 6336470 3427563 18560.9854  115   21 18552.0000 18570.7664  0.10%  13.7 3500s
 6342349 3430119 18558.0002  145   18 18552.0000 18570.7664  0.10%  13.7 3505s
 6349823 3433569     cutoff  101      18552.0000 18570.7664  0.10%  13.7 3510s
 6357324 3436797 18556.8248   96   13 18552.0000 18570.7664  0.10%  13.7 3516s
 6362995 3439488 18569.9934  123   22 18552.0000 18570.7664  0.10%  13.7 3520s
 6370921 3443142 18570.5914  107   19 18552.0000 18570.7664  0.10%  13.7 3526s
 6376899 3445713     cutoff  116      18552.0000 18570.7664  0.10%  13.7 3530s
 6382785 3448413     cutoff  141      18552.0000 18570.7664  0.10%  13.7 3536s
 6388419 3451228 18561.7112  122   23 18552.0000 18570.7664  0.10%  13.7 3540s
 6394658 3453868 18563.7061  123   24 18552.0000 18570.7664  0.10%  13.7 3546s
 6400508 3456617 18570.1911  103   31 18552.0000 18570.7664  0.10%  13.7 3551s
 6406474 3459070 18560.4077  116   25 18552.0000 18570.7664  0.10%  13.7 3555s
 6412441 3462011 18565.3684  112   25 18552.0000 18570.7664  0.10%  13.7 3560s
 6420229 3465458 18553.5801  104   27 18552.0000 18570.7664  0.10%  13.6 3565s
 6427373 3468729     cutoff  134      18552.0000 18570.7664  0.10%  13.6 3571s
 6433152 3471243 18570.7664  100   32 18552.0000 18570.7664  0.10%  13.6 3575s
 6441302 3474995 18562.3737  128   26 18552.0000 18570.7664  0.10%  13.6 3581s
 6447103 3477496 18570.7664  104   28 18552.0000 18570.7664  0.10%  13.6 3585s
 6454474 3480892 18556.3041  112   27 18552.0000 18570.7664  0.10%  13.6 3591s
 6462136 3484504 18568.8749  119   26 18552.0000 18570.7664  0.10%  13.6 3596s
 6469848 3487134 18555.7091  129   28 18552.0000 18570.7664  0.10%  13.6 3600s

Cutting planes:
  Gomory: 14
  Cover: 757
  Clique: 6
  MIR: 38
  StrongCG: 27
  Flow cover: 15
  Zero half: 5
  RLT: 1

Explored 6469866 nodes (88289208 simplex iterations) in 3600.09 seconds
Thread count was 12 (of 12 available processors)

Solution count 10: 18552 18514 18501 ... 18113

Time limit reached
Best objective 1.855200000000e+04, best bound 1.857000000000e+04, gap 0.0970%
