
Gurobi 9.1.2 (win64, Java) logging started Sat Nov  6 04:58:48 2021

Academic license - for non-commercial use only - expires 2022-10-30
Gurobi Optimizer version 9.1.2 build v9.1.2rc0 (win64)
Thread count: 6 physical cores, 12 logical processors, using up to 12 threads
Optimize a model with 70 rows, 600 columns and 1200 nonzeros
Model fingerprint: 0x630cada4
Variable types: 0 continuous, 600 integer (600 binary)
Coefficient statistics:
  Matrix range     [1e+00, 1e+03]
  Objective range  [1e+02, 9e+02]
  Bounds range     [1e+00, 1e+00]
  RHS range        [1e+00, 4e+03]
Found heuristic solution: objective 17103.000000
Presolve removed 0 rows and 107 columns
Presolve time: 0.02s
Presolved: 70 rows, 493 columns, 986 nonzeros
Variable types: 0 continuous, 493 integer (493 binary)
Presolved: 70 rows, 493 columns, 986 nonzeros


Root relaxation: objective 1.899467e+04, 220 iterations, 0.00 seconds

    Nodes    |    Current Node    |     Objective Bounds      |     Work
 Expl Unexpl |  Obj  Depth IntInf | Incumbent    BestBd   Gap | It/Node Time

     0     0 18994.6749    0   10 17103.0000 18994.6749  11.1%     -    0s
H    0     0                    18693.000000 18994.6749  1.61%     -    0s
H    0     0                    18718.000000 18994.6749  1.48%     -    0s
H    0     0                    18743.000000 18994.6749  1.34%     -    0s
     0     0 18983.2874    0   23 18743.0000 18983.2874  1.28%     -    0s
     0     0 18983.2874    0   26 18743.0000 18983.2874  1.28%     -    1s
     0     0 18983.2874    0   28 18743.0000 18983.2874  1.28%     -    1s
     0     0 18983.2874    0   15 18743.0000 18983.2874  1.28%     -    1s
     0     2 18983.2874    0   15 18743.0000 18983.2874  1.28%     -    2s
H   31    44                    18768.000000 18983.2874  1.15%  12.7    3s
H   85   102                    18795.000000 18983.2874  1.00%   8.0    6s
   137   295 18980.3483   28   21 18795.0000 18983.2874  1.00%   6.5   10s
H  178   295                    18878.000000 18983.2874  0.56%   6.6   10s
H  200   295                    18888.000000 18983.2874  0.50%   6.6   10s
  1822  1568 18959.3755   23   38 18888.0000 18980.1966  0.49%   5.3   15s
H 1823  1490                    18933.000000 18980.1966  0.25%   5.3   16s
  1842  1504 18979.9770   25   28 18933.0000 18980.1966  0.25%   6.9   20s
  6286  4174 18945.8349  114   16 18933.0000 18979.8528  0.25%   6.1   25s
 14854  9622 18956.5848   41   29 18933.0000 18979.2952  0.24%   6.7   36s
 15918 10826 18967.9853   36   28 18933.0000 18979.1765  0.24%   6.7   40s
 25244 16894     cutoff  107      18933.0000 18979.0597  0.24%   6.8   46s
 35681 24330 18944.3986   75   18 18933.0000 18979.0597  0.24%   7.5   50s
 36908 24336 18973.0968   85   31 18933.0000 18973.0968  0.21%   7.6   55s
 36916 24342 18971.3268   46   33 18933.0000 18971.3268  0.20%   7.6   60s
 36929 24350 18971.2573   92   48 18933.0000 18971.2573  0.20%   7.6   65s
H36961 23164                    18955.000000 18970.8373  0.08%   7.7   67s
 37192 23421 18970.6646   47   34 18955.0000 18970.8373  0.08%   7.8   70s
 39761 25263 18957.8098  102   24 18955.0000 18970.8183  0.08%   7.9   75s
 49260 29285 18958.9256   75   23 18955.0000 18970.3531  0.08%   8.7   80s
 53881 31096 18964.7725   64   37 18955.0000 18970.3531  0.08%   8.9   85s
 55466 30579 18964.0078   81   48 18955.0000 18970.3531  0.08%   9.0   90s
 55475 30585 18962.1694   65   53 18955.0000 18970.3531  0.08%   9.0   95s
 55489 30595 18957.0737   69   63 18955.0000 18970.3531  0.08%   9.0  100s
 55513 30620 18970.3531   47   40 18955.0000 18970.3531  0.08%   9.1  105s
 58024 31659 18965.4730   61   20 18955.0000 18970.1903  0.08%   9.1  111s
 63629 33173 18966.2901   65   21 18955.0000 18967.8047  0.07%   9.2  115s
 75046 35831 18967.1797   80   25 18955.0000 18967.4918  0.07%   9.7  120s
 92467 39245 18967.1114   73   26 18955.0000 18967.1795  0.06%  10.6  125s
 102130 41714 18958.9213   80   27 18955.0000 18966.9731  0.06%  11.5  130s
 107142 42710 18966.2901   60   30 18955.0000 18966.9059  0.06%  11.9  135s
 115221 44778 18964.0156   59   45 18955.0000 18966.7957  0.06%  12.6  140s
 122629 46286 18956.9368   86   36 18955.0000 18966.6095  0.06%  13.0  147s
 127502 47091 18961.6512   70   23 18955.0000 18966.5980  0.06%  13.4  150s
 134873 48554 18964.2100   80   36 18955.0000 18966.5258  0.06%  13.9  156s
 138917 49439 18966.4848   68   31 18955.0000 18966.4848  0.06%  14.0  160s
 144826 50389 18956.1905   86   25 18955.0000 18966.4848  0.06%  14.3  165s
 149380 51888 18958.7453   73   35 18955.0000 18966.4848  0.06%  14.5  170s
 153576 53857     cutoff   96      18955.0000 18966.4848  0.06%  14.6  175s
 158768 55845 18965.9910   66   48 18955.0000 18966.4848  0.06%  15.0  180s
 165026 59084 18964.4379   79   34 18955.0000 18966.4848  0.06%  15.4  185s
 167198 60481 18966.4848   65   36 18955.0000 18966.4848  0.06%  15.7  190s
 173321 63283 18965.1798   72   36 18955.0000 18966.4848  0.06%  16.2  198s
 175126 64181 18962.0000   80   24 18955.0000 18966.4848  0.06%  16.3  200s
 181106 67299 18964.2339   81   46 18955.0000 18966.4848  0.06%  16.7  206s
 183079 68140 18959.4289   91   20 18955.0000 18966.4848  0.06%  16.8  211s
 186185 69392 18962.1220   85   25 18955.0000 18966.4848  0.06%  17.0  215s
 191302 71594     cutoff   84      18955.0000 18966.4848  0.06%  17.3  223s
 192760 72279 18960.1961   76   32 18955.0000 18966.4848  0.06%  17.4  226s
 195998 73846 18962.0558   89   24 18955.0000 18966.4848  0.06%  17.7  231s
 199202 75416     cutoff   92      18955.0000 18966.4848  0.06%  17.9  235s
 202602 77101 18962.0316   76   39 18955.0000 18966.4848  0.06%  18.2  243s
 205087 78638 18958.9378   90   31 18955.0000 18966.4848  0.06%  18.4  246s
 209125 80565     cutoff   82      18955.0000 18966.4848  0.06%  18.7  253s
 211027 81628 18966.4848   73   30 18955.0000 18966.4848  0.06%  18.8  257s
 213042 82592 18961.0022   83   27 18955.0000 18966.4848  0.06%  18.9  261s
 217075 84268     cutoff   88      18955.0000 18966.4848  0.06%  19.1  265s
 220313 85750 18957.1022   81   36 18955.0000 18966.4848  0.06%  19.3  271s
 221843 85888 18965.1708   77   38 18955.0000 18966.4848  0.06%  19.4  286s
 224883 88199 18966.4848   78   30 18955.0000 18966.4848  0.06%  19.6  290s
 226954 88894 18960.7777   83   27 18955.0000 18966.4848  0.06%  19.7  296s
 232463 91736 18964.7511   78   26 18955.0000 18966.4848  0.06%  20.1  301s
 235757 93356 18962.0000   78   36 18955.0000 18966.4848  0.06%  20.3  305s
 242502 96763 18965.3649   74   27 18955.0000 18966.4848  0.06%  20.7  311s
 248170 99218 18965.3641   87   45 18955.0000 18966.4848  0.06%  20.9  316s
 253603 101776 18958.1028   92   30 18955.0000 18966.4803  0.06%  21.2  320s
 257533 103828     cutoff   81      18955.0000 18966.4698  0.06%  21.3  325s
 262571 106593 18965.8931   78   35 18955.0000 18966.4698  0.06%  21.4  330s
 268200 109544 18965.7467   71   42 18955.0000 18966.4698  0.06%  21.6  335s
 273885 112019 18966.4636   75   31 18955.0000 18966.4636  0.06%  21.7  341s
 277829 113672 18960.9916   79   29 18955.0000 18966.4566  0.06%  21.8  346s
 281332 115925 18960.3110   94   30 18955.0000 18966.4525  0.06%  21.8  350s
 287597 118805 18958.9665   78   12 18955.0000 18966.4525  0.06%  21.8  356s
 291749 120548 infeasible   93      18955.0000 18966.4525  0.06%  21.8  362s
 294965 121722 18959.9422   81   24 18955.0000 18966.4525  0.06%  21.9  369s
 296480 122349     cutoff   81      18955.0000 18966.4525  0.06%  21.9  371s
 299842 124001     cutoff   80      18955.0000 18966.4525  0.06%  22.0  376s
 303574 125523 18956.7441   86   26 18955.0000 18966.4525  0.06%  22.0  381s
 307185 126786 18966.4525   75   33 18955.0000 18966.4525  0.06%  22.1  387s
 309325 127507 18957.0432   90   34 18955.0000 18966.4525  0.06%  22.1  391s
 313140 129013 18961.9609   85   25 18955.0000 18966.4525  0.06%  22.2  395s
 318669 131231     cutoff   95      18955.0000 18966.4525  0.06%  22.3  401s
 322588 132657 18965.7039   83   22 18955.0000 18966.4525  0.06%  22.3  405s
 324271 133422 18963.4581   86   18 18955.0000 18966.4525  0.06%  22.3  410s
 330254 135706 18966.4525   82   22 18955.0000 18966.4525  0.06%  22.4  416s
 334184 137075     cutoff   72      18955.0000 18966.4525  0.06%  22.4  421s
 337652 138560 18966.4525   84   31 18955.0000 18966.4525  0.06%  22.4  426s
 339692 139185 18961.9829   87   36 18955.0000 18966.4525  0.06%  22.5  430s
 343002 140568 18958.8451   86   34 18955.0000 18966.4525  0.06%  22.5  436s
 347432 142704 18960.3225   80   28 18955.0000 18966.4525  0.06%  22.5  442s
 351157 144108 18966.4525   78   28 18955.0000 18966.4525  0.06%  22.5  447s
 354133 145471 18965.9159   82   43 18955.0000 18966.4525  0.06%  22.6  451s
 358504 147438 18965.8204   84   45 18955.0000 18966.4525  0.06%  22.6  456s
 362485 148925 18956.7207   86   23 18955.0000 18966.4525  0.06%  22.7  460s
 364339 149489 18965.9027   88   44 18955.0000 18966.4525  0.06%  22.7  466s
 367918 151051     cutoff   86      18955.0000 18966.4525  0.06%  22.8  470s
 371729 152414 18961.9609   90   25 18955.0000 18966.4525  0.06%  22.8  475s
 375407 154093 18961.2123   96   25 18955.0000 18966.4525  0.06%  22.9  482s
 377362 154982 18961.9609   93   26 18955.0000 18966.4525  0.06%  22.9  486s
 381313 156382 18966.4334   80   44 18955.0000 18966.4525  0.06%  22.9  492s
 384365 157866 18959.7151   87   28 18955.0000 18966.4525  0.06%  23.0  497s
 386660 158690 18962.5364   86   42 18955.0000 18966.4503  0.06%  23.0  503s
 388667 159758     cutoff   85      18955.0000 18966.4495  0.06%  23.0  506s
 393073 161804     cutoff   92      18955.0000 18966.4452  0.06%  22.9  512s
 397516 163916     cutoff   87      18955.0000 18966.4452  0.06%  22.9  516s
 401775 165471 18966.1480   91   31 18955.0000 18966.4452  0.06%  22.8  522s
 405977 166944     cutoff   86      18955.0000 18966.4452  0.06%  22.7  526s
 409544 168528 18962.7719   87   26 18955.0000 18966.4452  0.06%  22.7  531s
 413984 170090 18966.4452   77   24 18955.0000 18966.4452  0.06%  22.6  537s
 415710 170807 18966.4362   75   34 18955.0000 18966.4452  0.06%  22.6  540s
 421044 172925 18964.2293   80   33 18955.0000 18966.4452  0.06%  22.5  546s
 424371 174241 18966.4452   76   36 18955.0000 18966.4452  0.06%  22.5  551s
 427722 175728 18966.4349   78   34 18955.0000 18966.4452  0.06%  22.5  556s
 431197 177439 18960.0089   84   23 18955.0000 18966.4452  0.06%  22.5  561s
 435159 179013 18966.4452   73   41 18955.0000 18966.4452  0.06%  22.5  566s
 437008 179917 18966.2154   85   19 18955.0000 18966.4452  0.06%  22.5  570s
 440635 181301 18966.3765   83   41 18955.0000 18966.4452  0.06%  22.5  575s
 444495 183011 18966.4452   84   29 18955.0000 18966.4452  0.06%  22.6  580s
 450092 185036 18966.4394   81   45 18955.0000 18966.4452  0.06%  22.6  588s
 452113 185664 18963.2639   91   42 18955.0000 18966.4452  0.06%  22.6  590s
 457382 188194 18956.2157   89   20 18955.0000 18966.4452  0.06%  22.6  596s
 461469 189544 18966.3301   80   45 18955.0000 18966.4452  0.06%  22.6  601s
 465056 191002 18960.6740   86   34 18955.0000 18966.4452  0.06%  22.6  606s
 466830 191580 18957.7146  100   18 18955.0000 18966.4452  0.06%  22.6  612s
 468456 192375 18964.3365   78   44 18955.0000 18966.4452  0.06%  22.6  615s
 472474 194047 18960.1987   76   28 18955.0000 18966.4452  0.06%  22.6  621s
 476214 195471 18959.3335   83   19 18955.0000 18966.4452  0.06%  22.6  626s
 478019 196118 18961.3213   84   30 18955.0000 18966.4452  0.06%  22.7  631s
 481848 197506 18957.0196   94   28 18955.0000 18966.4452  0.06%  22.7  638s
 483489 198128     cutoff   83      18955.0000 18966.4452  0.06%  22.7  640s
 485105 198884     cutoff   96      18955.0000 18966.4452  0.06%  22.7  645s
 488998 200526 18959.8056   84   17 18955.0000 18966.4452  0.06%  22.7  650s
 492834 201878     cutoff   84      18955.0000 18966.4452  0.06%  22.7  656s
 496777 203393 18962.2605   89   18 18955.0000 18966.4452  0.06%  22.7  661s
 500780 205135 18965.3442   73   49 18955.0000 18966.4452  0.06%  22.7  666s
 504291 206858     cutoff  107      18955.0000 18966.4452  0.06%  22.7  671s
 508687 208317 18961.8075   74   43 18955.0000 18966.4452  0.06%  22.7  677s
 510469 209079 18966.2671   83   36 18955.0000 18966.4452  0.06%  22.7  680s
 512444 209788 18966.4031   77   45 18955.0000 18966.4452  0.06%  22.7  688s
 514159 210515     cutoff   84      18955.0000 18966.4452  0.06%  22.7  692s
 516029 211348 18959.1693   88   27 18955.0000 18966.4452  0.06%  22.8  695s
 520270 212646 18958.6741   95   14 18955.0000 18966.4432  0.06%  22.8  702s
 523946 213755 18965.6206   94   41 18955.0000 18966.4407  0.06%  22.8  707s
 525701 214546     cutoff   79      18955.0000 18966.4407  0.06%  22.8  710s
 529526 215943     cutoff   92      18955.0000 18966.4384  0.06%  22.8  717s
 533645 217458 18964.9406   86   23 18955.0000 18966.4354  0.06%  22.8  723s
 535433 217971 18959.4795   86   37 18955.0000 18966.4354  0.06%  22.8  726s
 538808 219385 18956.2148   84   15 18955.0000 18966.4293  0.06%  22.8  731s
 540498 219690 18966.3605   66   30 18955.0000 18966.4279  0.06%  22.8  738s
 541078 222388 18966.3605   67   30 18955.0000 18966.4279  0.06%  22.8  744s
 547257 223236     cutoff   86      18955.0000 18966.4235  0.06%  22.8  746s
 551172 224817     cutoff   72      18955.0000 18966.4235  0.06%  22.8  753s
 553263 225630     cutoff   85      18955.0000 18966.4235  0.06%  22.8  756s
 556947 227217 18966.4235   69   29 18955.0000 18966.4235  0.06%  22.8  760s
 562655 229374     cutoff   81      18955.0000 18966.4192  0.06%  22.8  766s
 566234 230443 18963.7352   88   34 18955.0000 18966.4164  0.06%  22.8  770s
 571495 233050 18966.3469   85   36 18955.0000 18966.4133  0.06%  22.8  776s
 575284 234883 18964.5191   91   34 18955.0000 18966.4133  0.06%  22.8  782s
 577166 235453 18965.8724   88   44 18955.0000 18966.4133  0.06%  22.9  785s
 580915 237100 18958.9975   92   30 18955.0000 18966.4133  0.06%  22.9  790s
 584776 238413 18964.6188   88   31 18955.0000 18966.4133  0.06%  22.9  797s
 586477 239127 18962.8242   91   27 18955.0000 18966.4133  0.06%  22.9  800s
 590153 240318 18961.4401   99   20 18955.0000 18966.4133  0.06%  22.9  805s
 593513 241821 18964.6188   85   23 18955.0000 18966.4133  0.06%  22.9  811s
 597893 243152 18959.2350   81   29 18955.0000 18966.4133  0.06%  22.9  815s
 599656 243673 infeasible   91      18955.0000 18966.4133  0.06%  22.9  820s
 604761 245668 18956.2440   96   22 18955.0000 18966.4133  0.06%  22.9  825s
 610011 247648 18962.5251  102   30 18955.0000 18966.4133  0.06%  22.9  831s
 611761 248399 18965.2169   96   22 18955.0000 18966.4133  0.06%  22.9  835s
 617423 250292     cutoff   93      18955.0000 18966.4133  0.06%  22.9  841s
 621228 251460     cutoff   96      18955.0000 18966.4133  0.06%  22.9  846s
 624946 252676     cutoff   92      18955.0000 18966.4133  0.06%  22.9  850s
 628767 253777 18964.7275   86   33 18955.0000 18966.4133  0.06%  22.9  855s
 633973 255312     cutoff   94      18955.0000 18966.4133  0.06%  22.9  866s
 637634 256940 18963.3520   97   43 18955.0000 18966.4133  0.06%  22.9  871s
 641869 258309 18957.6161   90   15 18955.0000 18966.4133  0.06%  22.9  877s
 645628 259704 18962.2049   90   22 18955.0000 18966.4133  0.06%  22.9  882s
 649220 260797 18965.8151   92   32 18955.0000 18966.4133  0.06%  22.9  887s
 652741 262213 18956.2440  105   25 18955.0000 18966.4133  0.06%  22.9  891s
 656408 263524 18965.8151   76   40 18955.0000 18966.4133  0.06%  22.9  895s
 659944 265061     cutoff   82      18955.0000 18966.4133  0.06%  22.9  902s
 661938 265857 18966.4133   85   29 18955.0000 18966.4133  0.06%  22.9  905s
 666174 267040 18956.0865  101   20 18955.0000 18966.4133  0.06%  22.9  910s
 667948 267458 18962.2049   92   21 18955.0000 18966.4133  0.06%  22.9  915s
 673102 269350     cutoff   88      18955.0000 18966.4133  0.06%  22.9  921s
 676602 270375 18964.4076   93   29 18955.0000 18966.4133  0.06%  22.9  925s
 680213 271745     cutoff   89      18955.0000 18966.4133  0.06%  22.9  930s
 684704 273154 18957.4008   92   27 18955.0000 18966.4133  0.06%  22.9  937s
 689337 274682 18965.6096   91   28 18955.0000 18966.4133  0.06%  22.9  942s
 693076 275618 18963.3520   81   41 18955.0000 18966.4133  0.06%  22.9  946s
 697810 277482 18958.0845   92   17 18955.0000 18966.4133  0.06%  22.9  952s
 699503 277715 18956.2440   88   21 18955.0000 18966.4133  0.06%  22.9  957s
 701965 278781 18957.4404   93   25 18955.0000 18966.4133  0.06%  23.0  965s
 703958 279229 18966.2596  103   47 18955.0000 18966.4133  0.06%  23.0  972s
 707425 280849 18961.0146   72   27 18955.0000 18966.4116  0.06%  23.0  976s
 711089 282389 18965.6071  104   27 18955.0000 18966.4101  0.06%  22.9  981s
 715211 283817 18958.8836   71   26 18955.0000 18966.4091  0.06%  22.9  985s
 718793 285136     cutoff   82      18955.0000 18966.4072  0.06%  22.9  990s
 722189 286474 18966.0559   94   22 18955.0000 18966.4060  0.06%  22.9  996s
 725935 287949 18964.8877   89   23 18955.0000 18966.4049  0.06%  22.9 1001s
 729716 289211 18956.8513   92   16 18955.0000 18966.4036  0.06%  22.9 1005s
 733576 290674 18966.2901   63   36 18955.0000 18966.4017  0.06%  22.9 1010s
 737361 292029 18964.3332   84   41 18955.0000 18966.4005  0.06%  22.9 1015s
 742737 294316     cutoff   92      18955.0000 18966.3978  0.06%  22.9 1022s
 744681 294962     cutoff   97      18955.0000 18966.3970  0.06%  22.9 1025s
 748658 296390     cutoff   80      18955.0000 18966.3951  0.06%  22.9 1031s
 752070 297726 18966.3945   77   39 18955.0000 18966.3945  0.06%  22.9 1036s
 756996 299571 18966.0082   71   36 18955.0000 18966.3945  0.06%  22.9 1041s
 761271 301156 18961.0057   82   29 18955.0000 18966.3923  0.06%  22.9 1048s
 763062 301821 18959.2547   88   57 18955.0000 18966.3918  0.06%  22.9 1050s
 766655 303603 18957.4033   85   29 18955.0000 18966.3917  0.06%  22.9 1055s
 770806 305020     cutoff   87      18955.0000 18966.3898  0.06%  22.9 1060s
 776706 307838 18964.6188   88   23 18955.0000 18966.3887  0.06%  22.9 1065s
 782165 310748 18966.3874   69   48 18955.0000 18966.3886  0.06%  22.9 1070s
 787558 313143 18960.6753   99   29 18955.0000 18966.3886  0.06%  22.9 1076s
 790582 314740 18961.9609   92   33 18955.0000 18966.3878  0.06%  22.9 1080s
 796341 317386 18963.0311   83   50 18955.0000 18966.3855  0.06%  22.9 1085s
 800414 319207 18965.8009   76   47 18955.0000 18966.3843  0.06%  22.9 1090s
 806260 321917 18963.9822   76   38 18955.0000 18966.3839  0.06%  22.9 1095s
 811904 324185 18965.9359   82   49 18955.0000 18966.3832  0.06%  22.9 1100s
 817162 326392 18962.8242  100   28 18955.0000 18966.3807  0.06%  22.9 1106s
 822748 328497 18956.8422   86   29 18955.0000 18966.3786  0.06%  22.8 1111s
 826318 330453 18961.3240   84   28 18955.0000 18966.3775  0.06%  22.8 1115s
 832066 332771 18960.9298   93   36 18955.0000 18966.3755  0.06%  22.8 1123s
 833740 333474 18965.8151   93   26 18955.0000 18966.3752  0.06%  22.8 1125s
 837475 335283 18959.0514   98   42 18955.0000 18966.3737  0.06%  22.8 1130s
 842762 337457 18963.1565   94   33 18955.0000 18966.3733  0.06%  22.8 1136s
 846663 338683 18964.9969   87   45 18955.0000 18966.3723  0.06%  22.8 1140s
 851774 340124 18962.4553   87   29 18955.0000 18966.3723  0.06%  22.8 1148s
 853527 340729     cutoff   89      18955.0000 18966.3723  0.06%  22.8 1150s
 856850 341619     cutoff   84      18955.0000 18966.3723  0.06%  22.9 1156s
 860528 342576 18964.1068   87   37 18955.0000 18966.3723  0.06%  22.9 1162s
 862258 343186     cutoff   93      18955.0000 18966.3723  0.06%  22.9 1165s
 866073 344518 18959.6849   88   18 18955.0000 18966.3723  0.06%  22.9 1170s
 870196 346240 18966.2011   75   46 18955.0000 18966.3723  0.06%  22.9 1176s
 873888 347589 18965.6157   74   39 18955.0000 18966.3721  0.06%  22.9 1180s
 877643 348818 18966.3252   76   39 18955.0000 18966.3721  0.06%  22.9 1185s
 881146 350296 18960.1160   82   21 18955.0000 18966.3721  0.06%  22.9 1191s
 884875 351360 18966.3721   81   31 18955.0000 18966.3721  0.06%  22.9 1195s
 888254 352695     cutoff   93      18955.0000 18966.3721  0.06%  22.9 1201s
 889979 353358 18956.0572   83   22 18955.0000 18966.3721  0.06%  23.0 1205s
 891953 353906 18958.4143   89   13 18955.0000 18966.3714  0.06%  23.0 1211s
 895512 355705 18964.7778   73   35 18955.0000 18966.3707  0.06%  22.9 1217s
 897607 356557 18963.4711   88   30 18955.0000 18966.3698  0.06%  22.9 1221s
 903874 358858 18957.4693   83   28 18955.0000 18966.3671  0.06%  22.9 1227s
 905809 359657 18958.6809   76   15 18955.0000 18966.3671  0.06%  22.9 1230s
 911445 361935 18956.4748   99   25 18955.0000 18966.3638  0.06%  22.9 1236s
 915773 363541 18962.8242   98   26 18955.0000 18966.3634  0.06%  22.9 1240s
 919202 364854 18961.0296   96   23 18955.0000 18966.3618  0.06%  22.9 1247s
 922540 366350 18964.8611   82   39 18955.0000 18966.3605  0.06%  22.9 1251s
 925951 367883 18966.1095   82   38 18955.0000 18966.3602  0.06%  22.9 1256s
 929737 369591 18964.4978   78   41 18955.0000 18966.3593  0.06%  22.9 1261s
 933825 370946 18962.8599   89   20 18955.0000 18966.3568  0.06%  22.9 1269s
 935468 371698 18966.2080   82   36 18955.0000 18966.3559  0.06%  22.9 1271s
 939270 373150     cutoff   89      18955.0000 18966.3542  0.06%  22.9 1278s
 941176 374176 18966.3220   85   18 18955.0000 18966.3532  0.06%  22.9 1281s
 943353 374591 18964.5603   78   28 18955.0000 18966.3527  0.06%  22.9 1286s
 946652 376509 18957.1977   75   40 18955.0000 18966.3517  0.06%  22.9 1290s
 950214 377997 18966.3517   78   37 18955.0000 18966.3517  0.06%  22.9 1295s
 955814 380260     cutoff   92      18955.0000 18966.3504  0.06%  22.9 1302s
 959798 381685 18957.7621   88   30 18955.0000 18966.3488  0.06%  22.9 1306s
 963860 383837 18961.0503   96   27 18955.0000 18966.3483  0.06%  22.9 1311s
 968091 385568 18958.8312   89   17 18955.0000 18966.3483  0.06%  22.9 1316s
 973650 388488 18960.8804  108   16 18955.0000 18966.3483  0.06%  22.8 1321s
 975602 389301 18957.6154   96   18 18955.0000 18966.3483  0.06%  22.8 1326s
 979238 390775     cutoff   85      18955.0000 18966.3483  0.06%  22.8 1332s
 982363 392548 18965.9461   80   41 18955.0000 18966.3483  0.06%  22.8 1336s
 986104 394265 18965.9898   88   36 18955.0000 18966.3483  0.06%  22.8 1341s
 992034 396795 18956.2470  109   24 18955.0000 18966.3483  0.06%  22.8 1346s
 995599 398382 18960.9004   91   23 18955.0000 18966.3483  0.06%  22.8 1350s
 1001224 400841     cutoff   99      18955.0000 18966.3483  0.06%  22.8 1357s
 1004810 402599 18960.9128   89   24 18955.0000 18966.3483  0.06%  22.8 1361s
 1008757 404436 18956.6514   82   35 18955.0000 18966.3483  0.06%  22.8 1366s
 1012349 406023 18965.5166   79   38 18955.0000 18966.3483  0.06%  22.8 1371s
 1016049 407895 18959.1580   99   19 18955.0000 18966.3483  0.06%  22.8 1375s
 1019969 409564 18959.1580   91   26 18955.0000 18966.3483  0.06%  22.8 1381s
 1023771 411415     cutoff   84      18955.0000 18966.3483  0.06%  22.8 1386s
 1027729 413049 18964.4347   86   31 18955.0000 18966.3483  0.06%  22.8 1394s
 1029648 413761 18957.6829   94   24 18955.0000 18966.3483  0.06%  22.8 1397s
 1033263 415441 18966.3483   81   32 18955.0000 18966.3483  0.06%  22.7 1400s
 1037298 417230 18966.2154   85   24 18955.0000 18966.3469  0.06%  22.7 1406s
 1041991 419620 18956.5964   94   17 18955.0000 18966.3466  0.06%  22.7 1412s
 1044840 420382 18962.2605   98   36 18955.0000 18966.3466  0.06%  22.7 1415s
 1046671 421163 18966.2154   89   19 18955.0000 18966.3466  0.06%  22.7 1421s
 1050089 422934 18961.4106   88   35 18955.0000 18966.3466  0.06%  22.7 1425s
 1054000 424567 18966.2154   80   25 18955.0000 18966.3466  0.06%  22.6 1431s
 1057608 426082 18959.5666   88   16 18955.0000 18966.3466  0.06%  22.6 1435s
 1060691 427515 18957.9413   99   44 18955.0000 18966.3456  0.06%  22.6 1442s
 1062647 428190 18966.2232   75   54 18955.0000 18966.3449  0.06%  22.6 1445s
 1068276 430598 18957.0047   94   15 18955.0000 18966.3440  0.06%  22.6 1451s
 1072285 432366 18957.9453   86   19 18955.0000 18966.3428  0.06%  22.6 1456s
 1074295 433010 18961.3843   85   41 18955.0000 18966.3422  0.06%  22.6 1462s
 1075764 433896 18958.3394   84   19 18955.0000 18966.3418  0.06%  22.6 1466s
 1079928 435947     cutoff   70      18955.0000 18966.3400  0.06%  22.6 1471s
 1084044 437470     cutoff   87      18955.0000 18966.3398  0.06%  22.6 1476s
 1088551 439880 18965.8395   73   32 18955.0000 18966.3391  0.06%  22.6 1480s
 1091564 441629 18964.2682   77   41 18955.0000 18966.3391  0.06%  22.6 1487s
 1094634 443153     cutoff   88      18955.0000 18966.3391  0.06%  22.6 1491s
 1098002 444766 18956.8694   76   25 18955.0000 18966.3391  0.06%  22.6 1497s
 1101942 446458 18966.2928   88   40 18955.0000 18966.3385  0.06%  22.6 1502s
 1105902 448296 18963.5941   78   23 18955.0000 18966.3366  0.06%  22.6 1508s
 1107563 449210     cutoff   78      18955.0000 18966.3363  0.06%  22.6 1510s
 1111227 451237 18962.3401   74   24 18955.0000 18966.3363  0.06%  22.6 1515s
 1114943 453068 18959.1580   88   18 18955.0000 18966.3363  0.06%  22.6 1521s
 1118776 454902 18958.1132   78   26 18955.0000 18966.3363  0.06%  22.6 1525s
 1122783 456658 18966.3363   72   32 18955.0000 18966.3363  0.06%  22.6 1531s
 1126734 458476 18965.7113   80   31 18955.0000 18966.3363  0.06%  22.5 1538s
 1128633 459380 18960.8371  104   13 18955.0000 18966.3363  0.06%  22.5 1541s
 1132209 461437 18963.2279   91   15 18955.0000 18966.3363  0.06%  22.5 1546s
 1134236 462503 18964.9296   82   33 18955.0000 18966.3363  0.06%  22.5 1550s
 1138225 464129 18959.8213   81   13 18955.0000 18966.3363  0.06%  22.5 1556s
 1143452 466789 18964.4473   74   40 18955.0000 18966.3363  0.06%  22.5 1563s
 1145263 467663 18966.2580   79   33 18955.0000 18966.3363  0.06%  22.5 1565s
 1150922 470781     cutoff   87      18955.0000 18966.3360  0.06%  22.5 1571s
 1153054 471588 18964.6237   83   30 18955.0000 18966.3360  0.06%  22.5 1575s
 1159183 473897 18956.9836   84   19 18955.0000 18966.3360  0.06%  22.5 1585s
 1164058 476488 18959.1580   85   19 18955.0000 18966.3360  0.06%  22.5 1591s
 1169846 479382 18966.3360   70   27 18955.0000 18966.3360  0.06%  22.5 1596s
 1174048 481176     cutoff   78      18955.0000 18966.3360  0.06%  22.5 1600s
 1178041 482823     cutoff   84      18955.0000 18966.3360  0.06%  22.5 1605s
 1183760 485272 18959.1580   93   18 18955.0000 18966.3360  0.06%  22.5 1611s
 1185501 486200     cutoff   98      18955.0000 18966.3360  0.06%  22.5 1616s
 1189526 487867 18957.6154   93   13 18955.0000 18966.3360  0.06%  22.5 1621s
 1193307 489526 18958.5933   97   25 18955.0000 18966.3360  0.06%  22.4 1626s
 1197051 491385     cutoff   82      18955.0000 18966.3360  0.06%  22.4 1631s
 1200961 492963 18957.1929   76   36 18955.0000 18966.3360  0.06%  22.4 1635s
 1204855 494713     cutoff   99      18955.0000 18966.3360  0.06%  22.4 1640s
 1208593 496128     cutoff   81      18955.0000 18966.3360  0.06%  22.4 1645s
 1212103 497430     cutoff   84      18955.0000 18966.3342  0.06%  22.4 1650s
 1219229 500666 18962.1809   89   18 18955.0000 18966.3333  0.06%  22.4 1657s
 1222962 502560 18965.4854   95   39 18955.0000 18966.3333  0.06%  22.4 1660s
 1226765 504103 18956.2108   88   37 18955.0000 18966.3333  0.06%  22.4 1665s
 1232668 506709 18965.1781   87   38 18955.0000 18966.3333  0.06%  22.4 1670s
 1234251 507342 18958.2554   88   33 18955.0000 18966.3330  0.06%  22.4 1675s
 1240154 510080 18960.0089   81   29 18955.0000 18966.3323  0.06%  22.4 1683s
 1241816 510752     cutoff   79      18955.0000 18966.3321  0.06%  22.4 1686s
 1245718 512179     cutoff   80      18955.0000 18966.3315  0.06%  22.4 1691s
 1249474 513577 18957.8166   89   16 18955.0000 18966.3305  0.06%  22.4 1696s
 1253266 515314 18957.4763   81   20 18955.0000 18966.3298  0.06%  22.4 1700s
 1255618 515404 18956.2148   99   20 18955.0000 18966.3293  0.06%  22.4 1709s
 1255854 516080 18956.2148  100   16 18955.0000 18966.3293  0.06%  22.4 1713s
 1257686 516773     cutoff   93      18955.0000 18966.3289  0.06%  22.4 1716s
 1261599 518422 18961.5432   87   33 18955.0000 18966.3282  0.06%  22.4 1720s
 1265033 519825 18959.7301   92   34 18955.0000 18966.3276  0.06%  22.4 1725s
 1268670 521200 18957.6154   96   24 18955.0000 18966.3266  0.06%  22.4 1730s
 1274613 523431 18964.2489   94   34 18955.0000 18966.3250  0.06%  22.4 1736s
 1278322 525093 18964.4699   96   36 18955.0000 18966.3237  0.06%  22.4 1740s
 1282107 526651 18962.9414   84   34 18955.0000 18966.3230  0.06%  22.4 1745s
 1287361 529112 18961.1348   79   27 18955.0000 18966.3223  0.06%  22.4 1751s
 1291536 530683 18958.8983   79   32 18955.0000 18966.3214  0.06%  22.3 1756s
 1294915 532054 18964.0370   76   37 18955.0000 18966.3208  0.06%  22.3 1761s
 1298293 533146 18957.6800   87   22 18955.0000 18966.3201  0.06%  22.3 1766s
 1303410 535329 18959.9979   94   18 18955.0000 18966.3190  0.06%  22.3 1771s
 1307403 536949 18966.3188   83   28 18955.0000 18966.3188  0.06%  22.3 1775s
 1313367 539144     cutoff   90      18955.0000 18966.3188  0.06%  22.3 1781s
 1317347 540519 18966.3188   81   42 18955.0000 18966.3188  0.06%  22.3 1785s
 1322811 542988 18956.9303  108   13 18955.0000 18966.3188  0.06%  22.3 1791s
 1326376 544311 18964.9152   85   50 18955.0000 18966.3188  0.06%  22.3 1796s
 1332524 546421 18959.1322   88   28 18955.0000 18966.3188  0.06%  22.3 1801s
 1336139 548010 18956.9373   92   12 18955.0000 18966.3188  0.06%  22.3 1805s
 1342479 550441 18962.0520   95   15 18955.0000 18966.3188  0.06%  22.2 1810s
 1348212 552580 18959.8628   86   34 18955.0000 18966.3188  0.06%  22.2 1815s
 1353577 554501 18965.6774   91   38 18955.0000 18966.3188  0.06%  22.2 1821s
 1357364 555844     cutoff   90      18955.0000 18966.3188  0.06%  22.2 1825s
 1363226 558174 18961.6112   78   26 18955.0000 18966.3188  0.06%  22.2 1830s
 1366808 559307     cutoff   86      18955.0000 18966.3188  0.06%  22.2 1836s
 1370010 560616     cutoff   86      18955.0000 18966.3188  0.06%  22.2 1840s
 1373723 561955 18966.3159   78   40 18955.0000 18966.3188  0.06%  22.2 1845s
 1377664 563429     cutoff   84      18955.0000 18966.3188  0.06%  22.2 1850s
 1383470 565554     cutoff   89      18955.0000 18966.3180  0.06%  22.2 1856s
 1386755 566921 18966.3170   65   33 18955.0000 18966.3171  0.06%  22.2 1860s
 1391532 569133 18956.2721   76   19 18955.0000 18966.3170  0.06%  22.2 1866s
 1395587 570849 18962.5631   93   33 18955.0000 18966.3164  0.06%  22.2 1871s
 1400117 572460 18966.2323   70   58 18955.0000 18966.3155  0.06%  22.2 1875s
 1403802 574286 18961.3728   88   29 18955.0000 18966.3148  0.06%  22.2 1880s
 1409590 576511 18958.0816   95   24 18955.0000 18966.3137  0.06%  22.2 1885s
 1412843 577664 18959.6849   94   22 18955.0000 18966.3133  0.06%  22.2 1892s
 1415483 579706 18961.0591   91   13 18955.0000 18966.3128  0.06%  22.2 1895s
 1419733 581676 18966.2647   89   41 18955.0000 18966.3128  0.06%  22.1 1900s
 1424734 583980 18962.9364   78   30 18955.0000 18966.3118  0.06%  22.1 1905s
 1430187 586545 18966.2584   78   49 18955.0000 18966.3107  0.06%  22.1 1910s
 1435956 588866 18958.8854   79   34 18955.0000 18966.3089  0.06%  22.1 1915s
 1441799 591659     cutoff   86      18955.0000 18966.3078  0.06%  22.1 1922s
 1445720 593211     cutoff   92      18955.0000 18966.3073  0.06%  22.1 1925s
 1451175 595565 18957.7804   71   35 18955.0000 18966.3055  0.06%  22.1 1932s
 1455172 597271 18957.6154  108    8 18955.0000 18966.3051  0.06%  22.1 1935s
 1461200 599672     cutoff   91      18955.0000 18966.3037  0.06%  22.1 1941s
 1465074 601052 18965.9785   82   42 18955.0000 18966.3025  0.06%  22.1 1946s
 1468889 602678     cutoff   94      18955.0000 18966.3018  0.06%  22.1 1950s
 1474977 605525     cutoff  112      18955.0000 18966.3011  0.06%  22.0 1956s
 1478231 606785 18964.8943   79   47 18955.0000 18966.3010  0.06%  22.0 1960s
 1483924 609041     cutoff   88      18955.0000 18966.2996  0.06%  22.0 1966s
 1487443 610514 18959.0462   86   31 18955.0000 18966.2987  0.06%  22.0 1972s
 1490797 612323 18956.5382   90   20 18955.0000 18966.2977  0.06%  22.0 1977s
 1494589 614069 18966.2502   78   41 18955.0000 18966.2968  0.06%  22.0 1980s
 1500286 616942 18964.2639   75   37 18955.0000 18966.2966  0.06%  22.0 1987s
 1504505 618609 18962.2818   85   32 18955.0000 18966.2955  0.06%  22.0 1990s
 1510406 621259 18958.4911   90   12 18955.0000 18966.2941  0.06%  22.0 1997s
 1514228 622839 18958.9836   87   47 18955.0000 18966.2933  0.06%  22.0 2001s
 1518273 624117     cutoff   91      18955.0000 18966.2923  0.06%  22.0 2005s
 1523571 627021 18957.6986   81   13 18955.0000 18966.2912  0.06%  22.0 2010s
 1528938 629912 18956.2919   82   30 18955.0000 18966.2912  0.06%  22.0 2016s
 1532821 631578     cutoff   75      18955.0000 18966.2912  0.06%  22.0 2021s
 1536965 633331 18966.2492   77   28 18955.0000 18966.2912  0.06%  22.0 2025s
 1542106 635920     cutoff   83      18955.0000 18966.2912  0.06%  22.0 2031s
 1545945 637619     cutoff   80      18955.0000 18966.2912  0.06%  22.0 2035s
 1549577 639450 18965.5344   80   38 18955.0000 18966.2912  0.06%  22.0 2040s
 1555523 641641 18965.7867   77   25 18955.0000 18966.2912  0.06%  22.0 2047s
 1558736 643353 18957.6258   73   25 18955.0000 18966.2912  0.06%  22.0 2051s
 1562565 645031     cutoff   86      18955.0000 18966.2912  0.06%  22.0 2055s
 1568470 647418 18959.7665   86   10 18955.0000 18966.2912  0.06%  22.0 2061s
 1573315 650026 18966.2423   85   39 18955.0000 18966.2912  0.06%  22.0 2066s
 1577598 651742 18965.6457   81   43 18955.0000 18966.2912  0.06%  22.0 2071s
 1583285 654169     cutoff   74      18955.0000 18966.2912  0.06%  22.0 2076s
 1587413 655860 18965.7867   75   26 18955.0000 18966.2912  0.06%  22.0 2080s
 1591050 657232     cutoff   88      18955.0000 18966.2912  0.06%  22.0 2086s
 1594512 658820 18957.6258   84   15 18955.0000 18966.2912  0.06%  22.0 2090s
 1599976 661023 18966.2779   68   37 18955.0000 18966.2912  0.06%  22.0 2097s
 1603690 662663 18965.5004   69   32 18955.0000 18966.2912  0.06%  22.0 2102s
 1605579 663409 18962.2551   80   21 18955.0000 18966.2912  0.06%  22.0 2105s
 1607502 664130 18966.2912   66   24 18955.0000 18966.2912  0.06%  22.0 2110s
 1611337 665701     cutoff   84      18955.0000 18966.2912  0.06%  22.0 2115s
 1615060 667127 18966.0298   82   40 18955.0000 18966.2912  0.06%  22.0 2121s
 1618875 668737 18962.0166   83   31 18955.0000 18966.2912  0.06%  22.0 2126s
 1620833 669268 18964.4162   78   26 18955.0000 18966.2912  0.06%  22.0 2132s
 1621906 670260 18962.2551   76   21 18955.0000 18966.2912  0.06%  22.0 2135s
 1627553 672297 18959.0529   79   19 18955.0000 18966.2912  0.06%  22.0 2140s
 1632467 674516 18964.7777   85   29 18955.0000 18966.2912  0.06%  22.0 2148s
 1634162 675184 18966.2912   74   25 18955.0000 18966.2912  0.06%  22.0 2150s
 1637945 676628 18956.1987   81   30 18955.0000 18966.2912  0.06%  22.0 2155s
 1641484 678106 18964.8014   77   29 18955.0000 18966.2912  0.06%  22.0 2161s
 1645789 679812 18965.6579   89   35 18955.0000 18966.2912  0.06%  22.0 2166s
 1649571 681375 18959.7665   83   10 18955.0000 18966.2912  0.06%  22.0 2171s
 1653494 682749 18961.6472   97   24 18955.0000 18966.2912  0.06%  22.0 2175s
 1656909 684292 18965.4381   77   30 18955.0000 18966.2912  0.06%  22.0 2180s
 1662665 686504     cutoff   75      18955.0000 18966.2912  0.06%  22.0 2187s
 1666225 687983     cutoff   83      18955.0000 18966.2912  0.06%  22.0 2192s
 1668275 688788 18960.7739   71   23 18955.0000 18966.2912  0.06%  22.0 2195s
 1671960 690546 18963.9009   87   26 18955.0000 18966.2912  0.06%  22.0 2201s
 1673987 691316 18966.2175   75   35 18955.0000 18966.2912  0.06%  22.0 2205s
 1679508 693694 18966.2856   81   41 18955.0000 18966.2912  0.06%  22.0 2211s
 1683516 695044 18964.9133   91   14 18955.0000 18966.2912  0.06%  22.0 2216s
 1686797 696572     cutoff   74      18955.0000 18966.2912  0.06%  22.0 2220s
 1690258 698053 18965.9798   71   34 18955.0000 18966.2912  0.06%  22.0 2232s
 1694556 699967 18966.2770   77   38 18955.0000 18966.2912  0.06%  22.0 2247s
 1698212 701599 18962.2551   84   35 18955.0000 18966.2912  0.06%  22.0 2250s
 1703745 703727 18957.3031   96   40 18955.0000 18966.2912  0.06%  22.0 2257s
 1707206 705248     cutoff  107      18955.0000 18966.2912  0.06%  22.0 2260s
 1712811 707456 18960.6899   82   28 18955.0000 18966.2912  0.06%  22.0 2266s
 1716587 709137 18965.4189   86   36 18955.0000 18966.2912  0.06%  22.0 2270s
 1722036 711224 18961.0976   77   25 18955.0000 18966.2912  0.06%  22.0 2276s
 1725695 712879 18966.1932   75   37 18955.0000 18966.2912  0.06%  22.0 2281s
 1729217 714397 18963.6189   86   24 18955.0000 18966.2912  0.06%  22.0 2285s
 1734866 716705 18965.7867   77   32 18955.0000 18966.2912  0.06%  22.0 2292s
 1738470 718115 18966.2815   77   34 18955.0000 18966.2912  0.06%  22.0 2296s
 1742006 719508 18958.7809   80   18 18955.0000 18966.2912  0.06%  22.0 2300s
 1745707 721259 18965.1999   68   28 18955.0000 18966.2912  0.06%  22.0 2305s
 1749767 722760 18964.1354   77   13 18955.0000 18966.2912  0.06%  22.0 2311s
 1753863 724248 18966.2912   75   31 18955.0000 18966.2912  0.06%  22.0 2315s
 1757386 725720     cutoff   91      18955.0000 18966.2912  0.06%  22.0 2320s
 1761168 727171     cutoff   70      18955.0000 18966.2912  0.06%  22.0 2325s
 1766586 729399 18961.7506   89   20 18955.0000 18966.2912  0.06%  22.0 2332s
 1770514 730945 18961.1936   92   34 18955.0000 18966.2912  0.06%  22.0 2336s
 1774267 732557 18963.1751   76   32 18955.0000 18966.2912  0.06%  22.0 2340s
 1779960 734863 18966.2912   66   35 18955.0000 18966.2912  0.06%  22.0 2345s
 1785649 736963 18962.8437   76   29 18955.0000 18966.2912  0.06%  22.0 2354s
 1787461 737875 18966.2912   81   26 18955.0000 18966.2912  0.06%  22.0 2356s
 1791073 739405 18965.9539   78   34 18955.0000 18966.2912  0.06%  22.0 2360s
 1797116 741808 18966.2067   83   23 18955.0000 18966.2912  0.06%  22.0 2368s
 1799037 742517 18965.0437   71   34 18955.0000 18966.2912  0.06%  22.0 2370s
 1802434 744102 18966.2912   77   29 18955.0000 18966.2912  0.06%  22.0 2375s
 1804406 744983 18965.6821   78   25 18955.0000 18966.2912  0.06%  22.0 2380s
 1808217 746686 18966.0514   83   30 18955.0000 18966.2912  0.06%  22.0 2385s
 1813747 748865     cutoff   82      18955.0000 18966.2912  0.06%  22.0 2391s
 1817516 750704     cutoff   82      18955.0000 18966.2912  0.06%  22.0 2397s
 1819505 751581 18960.3348   73   40 18955.0000 18966.2912  0.06%  22.0 2400s
 1823201 752927 18966.1361   81   43 18955.0000 18966.2912  0.06%  22.0 2405s
 1828516 755105     cutoff   85      18955.0000 18966.2912  0.06%  22.0 2412s
 1830652 755802     cutoff   90      18955.0000 18966.2912  0.06%  22.0 2415s
 1834527 757513 18957.6258   84   27 18955.0000 18966.2912  0.06%  22.0 2421s
 1838765 759266 18964.7777   73   20 18955.0000 18966.2912  0.06%  22.0 2426s
 1842921 760607     cutoff   78      18955.0000 18966.2912  0.06%  22.0 2431s
 1846488 761679 18966.0584   71   37 18955.0000 18966.2912  0.06%  22.0 2441s
 1847478 762512 18959.6919   77   41 18955.0000 18966.2912  0.06%  22.0 2445s
 1852101 764267 18962.3114   78   28 18955.0000 18966.2912  0.06%  22.0 2450s
 1856190 765899 18966.2448   75   38 18955.0000 18966.2912  0.06%  22.0 2455s
 1860141 767476     cutoff   86      18955.0000 18966.2912  0.06%  22.0 2460s
 1864439 769179 18957.6258   84   28 18955.0000 18966.2912  0.06%  22.0 2466s
 1868333 770578 18963.4304  101   22 18955.0000 18966.2912  0.06%  22.0 2470s
 1873318 772540 18962.3043   84   42 18955.0000 18966.2912  0.06%  22.0 2477s
 1876854 773789     cutoff   81      18955.0000 18966.2912  0.06%  22.0 2482s
 1878713 774449 18965.5199   84   30 18955.0000 18966.2912  0.06%  22.0 2485s
 1884176 776489     cutoff   83      18955.0000 18966.2912  0.06%  22.0 2491s
 1887878 778162 18962.2551   69   28 18955.0000 18966.2912  0.06%  22.1 2496s
 1892130 779747 18966.2006   86   40 18955.0000 18966.2912  0.06%  22.1 2503s
 1894095 780526 18966.2912   76   25 18955.0000 18966.2912  0.06%  22.1 2505s
 1897799 782010 18966.2459   71   35 18955.0000 18966.2912  0.06%  22.1 2510s
 1902806 784136 18966.2912   79   32 18955.0000 18966.2912  0.06%  22.1 2517s
 1907226 785630 18966.1362   78   34 18955.0000 18966.2912  0.06%  22.1 2522s
 1911127 787315 18956.4944   71   33 18955.0000 18966.2912  0.06%  22.1 2526s
 1915086 788991     cutoff   73      18955.0000 18966.2912  0.06%  22.1 2530s
 1920680 791081 18957.6258   79   29 18955.0000 18966.2912  0.06%  22.1 2536s
 1924337 792691 18965.7867   72   30 18955.0000 18966.2912  0.06%  22.1 2541s
 1928379 794085     cutoff   87      18955.0000 18966.2912  0.06%  22.1 2546s
 1932021 795727 18966.2333   73   36 18955.0000 18966.2912  0.06%  22.1 2551s
 1936155 797381 18966.0929   76   39 18955.0000 18966.2912  0.06%  22.1 2557s
 1938150 798134     cutoff   74      18955.0000 18966.2912  0.06%  22.1 2561s
 1941900 799564     cutoff   78      18955.0000 18966.2912  0.06%  22.1 2565s
 1947206 801807     cutoff   77      18955.0000 18966.2912  0.06%  22.1 2572s
 1950905 803285 18964.7183   77   22 18955.0000 18966.2912  0.06%  22.1 2577s
 1952718 803956 18956.9123   82   10 18955.0000 18966.2912  0.06%  22.1 2580s
 1958305 806659     cutoff   96      18955.0000 18966.2912  0.06%  22.1 2586s
 1963884 808517 18957.6258   74   33 18955.0000 18966.2912  0.06%  22.1 2591s
 1967217 810108 18965.9005   79   40 18955.0000 18966.2912  0.06%  22.1 2595s
 1970887 811455 18966.2662   75   42 18955.0000 18966.2912  0.06%  22.1 2600s
 1976129 813861 18962.5138   73   31 18955.0000 18966.2912  0.06%  22.1 2606s
 1979845 815297 18966.2912   67   30 18955.0000 18966.2912  0.06%  22.1 2610s
 1985142 817561     cutoff   82      18955.0000 18966.2912  0.06%  22.1 2616s
 1986999 818317 18958.9928   90   31 18955.0000 18966.2912  0.06%  22.1 2621s
 1990575 819850 18959.1409   85   25 18955.0000 18966.2912  0.06%  22.1 2625s
 1996024 821917 18957.3913   86   23 18955.0000 18966.2912  0.06%  22.1 2632s
 1999741 823486 18957.6933   87   25 18955.0000 18966.2912  0.06%  22.1 2637s
 2003711 825185 18966.2678   75   28 18955.0000 18966.2912  0.06%  22.1 2643s
 2005473 826131 18964.7466   81   38 18955.0000 18966.2912  0.06%  22.1 2645s
 2009400 827660 18958.3394   87   18 18955.0000 18966.2912  0.06%  22.1 2650s
 2013431 829126 18959.0529   88   22 18955.0000 18966.2912  0.06%  22.1 2655s
 2017176 830906 infeasible   84      18955.0000 18966.2912  0.06%  22.1 2660s
 2022989 833180 18963.7603   89   37 18955.0000 18966.2912  0.06%  22.1 2666s
 2024747 833972 18959.4290   78   28 18955.0000 18966.2912  0.06%  22.1 2670s
 2030283 836188 18965.7492   75   33 18955.0000 18966.2912  0.06%  22.1 2677s
 2033823 837355 18960.7256   87   22 18955.0000 18966.2912  0.06%  22.1 2682s
 2037385 838565 18965.9892   72   31 18955.0000 18966.2912  0.06%  22.1 2686s
 2041435 840217 18961.6846   82   42 18955.0000 18966.2912  0.06%  22.1 2690s
 2044797 841728     cutoff   77      18955.0000 18966.2912  0.06%  22.1 2695s
 2048545 843198 18959.7665   83   18 18955.0000 18966.2912  0.06%  22.1 2700s
 2053938 845155 18962.6566   82   31 18955.0000 18966.2912  0.06%  22.1 2710s
 2057936 847250 18966.1800   73   38 18955.0000 18966.2912  0.06%  22.2 2716s
 2062338 849142 18966.2912   74   37 18955.0000 18966.2912  0.06%  22.2 2722s
 2066549 850948 18958.3394   83   21 18955.0000 18966.2912  0.06%  22.2 2726s
 2070788 852324 18962.2551   78   23 18955.0000 18966.2912  0.06%  22.2 2730s
 2076362 854788 18965.0529   73   31 18955.0000 18966.2912  0.06%  22.2 2736s
 2080486 856291 18966.2912   70   32 18955.0000 18966.2912  0.06%  22.2 2740s
 2085665 858185 18966.2666   75   34 18955.0000 18966.2912  0.06%  22.2 2747s
 2087469 858814 18966.2912   78   33 18955.0000 18966.2912  0.06%  22.2 2750s
 2089182 859437 18966.2912   74   28 18955.0000 18966.2912  0.06%  22.2 2755s
 2094638 861785     cutoff   76      18955.0000 18966.2912  0.06%  22.2 2763s
 2097078 862458 18962.8789   70   31 18955.0000 18966.2912  0.06%  22.2 2765s
 2101306 863959 18964.2880   80   32 18955.0000 18966.2912  0.06%  22.2 2772s
 2105552 865387 18965.7867   84   16 18955.0000 18966.2912  0.06%  22.2 2776s
 2109103 866674 18965.8813   67   32 18955.0000 18966.2912  0.06%  22.2 2784s
 2110418 867432 18962.2028   84   24 18955.0000 18966.2912  0.06%  22.2 2787s
 2112364 868184 18956.1987   96   19 18955.0000 18966.2912  0.06%  22.2 2791s
 2116064 869774 18962.1086   82   35 18955.0000 18966.2912  0.06%  22.2 2796s
 2120006 871019 18964.6956   78   33 18955.0000 18966.2912  0.06%  22.2 2801s
 2124095 872418 18965.7097   72   35 18955.0000 18966.2912  0.06%  22.2 2805s
 2127601 873969 18964.8602   79   32 18955.0000 18966.2912  0.06%  22.2 2810s
 2133816 875987 18958.2463   81   22 18955.0000 18966.2912  0.06%  22.2 2820s
 2137439 877483 18957.1849   78   38 18955.0000 18966.2912  0.06%  22.2 2825s
 2141269 878801 18966.2598   79   29 18955.0000 18966.2912  0.06%  22.2 2831s
 2144767 879970 18963.2641   86   18 18955.0000 18966.2912  0.06%  22.2 2835s
 2148531 881633 18962.2551   89   20 18955.0000 18966.2912  0.06%  22.3 2841s
 2150165 882397 18962.7596   72   22 18955.0000 18966.2912  0.06%  22.3 2846s
 2154002 883920 18965.4306   75   33 18955.0000 18966.2912  0.06%  22.3 2852s
 2155952 884758     cutoff   73      18955.0000 18966.2912  0.06%  22.3 2855s
 2159955 886259 18964.8894   73   40 18955.0000 18966.2912  0.06%  22.3 2864s
 2161749 886821     cutoff   83      18955.0000 18966.2912  0.06%  22.3 2866s
 2165135 888197 18965.3864   69   42 18955.0000 18966.2912  0.06%  22.3 2871s
 2167010 888985 18964.9418   83   32 18955.0000 18966.2912  0.06%  22.3 2875s
 2171216 890876 18965.7867   74   26 18955.0000 18966.2912  0.06%  22.3 2881s
 2173214 891638 18957.1152   70   37 18955.0000 18966.2912  0.06%  22.3 2885s
 2176798 892994 18966.2912   69   27 18955.0000 18966.2912  0.06%  22.3 2890s
 2181670 895166 18956.9123   85   26 18955.0000 18966.2912  0.06%  22.3 2897s
 2186178 896675 18966.2101   77   30 18955.0000 18966.2912  0.06%  22.3 2902s
 2187928 896771     cutoff   68      18955.0000 18966.2912  0.06%  22.3 2911s
 2190329 898418 18963.6648   81   36 18955.0000 18966.2912  0.06%  22.3 2918s
 2192301 899240     cutoff   88      18955.0000 18966.2912  0.06%  22.3 2921s
 2196178 901131 18959.5943   83   36 18955.0000 18966.2912  0.06%  22.3 2925s
 2199850 902433 18965.4322   73   36 18955.0000 18966.2912  0.06%  22.3 2931s
 2204030 904125 18966.1924   79   35 18955.0000 18966.2912  0.06%  22.3 2935s
 2207750 905478     cutoff  102      18955.0000 18966.2912  0.06%  22.3 2943s
 2209624 906352 18962.8262   73   27 18955.0000 18966.2912  0.06%  22.3 2945s
 2213255 907735 18956.6185   89   35 18955.0000 18966.2912  0.06%  22.3 2951s
 2217080 909059 18959.9781   87   31 18955.0000 18966.2912  0.06%  22.3 2955s
 2220486 910465     cutoff   81      18955.0000 18966.2912  0.06%  22.3 2962s
 2222369 911119 18963.6685   80   32 18955.0000 18966.2912  0.06%  22.3 2966s
 2224150 911771 18966.2912   71   35 18955.0000 18966.2912  0.06%  22.4 2970s
 2227710 913166 18962.7596   82   16 18955.0000 18966.2912  0.06%  22.4 2977s
 2229440 913889 18964.2081   72   22 18955.0000 18966.2912  0.06%  22.4 2980s
 2233937 915825 18959.9852   78   32 18955.0000 18966.2912  0.06%  22.4 2985s
 2237692 917574     cutoff   88      18955.0000 18966.2912  0.06%  22.4 2992s
 2241384 919276 18956.1987   79   21 18955.0000 18966.2912  0.06%  22.4 2996s
 2243236 919997     cutoff   82      18955.0000 18966.2912  0.06%  22.4 3001s
 2246697 921563 18960.0519   83   20 18955.0000 18966.2912  0.06%  22.4 3006s
 2248583 922167 18966.0681   81   40 18955.0000 18966.2912  0.06%  22.4 3012s
 2251504 923555 18965.2340   76   42 18955.0000 18966.2912  0.06%  22.4 3016s
 2254870 924710     cutoff   82      18955.0000 18966.2912  0.06%  22.4 3020s
 2258494 926379     cutoff   97      18955.0000 18966.2912  0.06%  22.4 3025s
 2262526 928285 18958.5772   89   34 18955.0000 18966.2912  0.06%  22.4 3031s
 2266880 929719 18965.0740   66   28 18955.0000 18966.2912  0.06%  22.4 3035s
 2272695 932156 18966.1536   79   28 18955.0000 18966.2912  0.06%  22.4 3041s
 2276255 933541 18966.2912   77   29 18955.0000 18966.2912  0.06%  22.4 3048s
 2277815 934388 18962.3145   76   31 18955.0000 18966.2912  0.06%  22.4 3050s
 2283563 936887 18956.1987   98   22 18955.0000 18966.2912  0.06%  22.4 3057s
 2285476 937568 18965.0470   81   39 18955.0000 18966.2912  0.06%  22.4 3060s
 2289022 939087 18965.2056   83   58 18955.0000 18966.2912  0.06%  22.4 3065s
 2290855 939723 18963.3969   90   17 18955.0000 18966.2912  0.06%  22.4 3070s
 2296536 942338 18961.6728   90   33 18955.0000 18966.2912  0.06%  22.4 3077s
 2298425 943021 18965.7658   86   21 18955.0000 18966.2912  0.06%  22.4 3080s
 2302305 944777 18959.0529   87   15 18955.0000 18966.2912  0.06%  22.4 3088s
 2304196 945660     cutoff   74      18955.0000 18966.2912  0.06%  22.4 3091s
 2308699 947269 18964.0233   82   30 18955.0000 18966.2912  0.06%  22.4 3098s
 2310473 947945     cutoff  101      18955.0000 18966.2912  0.06%  22.4 3100s
 2313975 949363 18965.8567   73   35 18955.0000 18966.2912  0.06%  22.4 3106s
 2317633 950847 18960.1946   94   28 18955.0000 18966.2912  0.06%  22.4 3111s
 2319510 951590 18964.5831   76   40 18955.0000 18966.2912  0.06%  22.4 3115s
 2325308 953106 18961.2356   73   26 18955.0000 18966.2912  0.06%  22.5 3130s
 2329307 955484     cutoff   94      18955.0000 18966.2912  0.06%  22.5 3135s
 2332974 956707     cutoff   92      18955.0000 18966.2912  0.06%  22.5 3140s
 2338721 959106 18962.2551   78   27 18955.0000 18966.2912  0.06%  22.5 3147s
 2342451 960644 18965.8649   74   36 18955.0000 18966.2912  0.06%  22.5 3151s
 2346655 962369 18962.5669   78   25 18955.0000 18966.2912  0.06%  22.5 3156s
 2350214 963722 18963.7401   92   35 18955.0000 18966.2912  0.06%  22.5 3160s
 2353611 964879 18964.3042   75   40 18955.0000 18966.2912  0.06%  22.5 3167s
 2357106 966111 18966.2912   73   34 18955.0000 18966.2912  0.06%  22.5 3171s
 2361034 967686 18964.5294   92   12 18955.0000 18966.2912  0.06%  22.5 3176s
 2364553 968871 18957.5629   81   31 18955.0000 18966.2912  0.06%  22.5 3180s
 2367853 969874 18958.3265   84   33 18955.0000 18966.2912  0.06%  22.5 3187s
 2369391 970564 18964.5222   83   43 18955.0000 18966.2912  0.06%  22.5 3190s
 2373306 972086 18966.2310   74   36 18955.0000 18966.2912  0.06%  22.5 3196s
 2377304 973439 18965.4932   85   36 18955.0000 18966.2912  0.06%  22.5 3201s
 2381192 975126 18961.6809   79   25 18955.0000 18966.2912  0.06%  22.5 3207s
 2383485 975903 18965.7273   79   22 18955.0000 18966.2912  0.06%  22.5 3210s
 2388893 978013 18956.1987   71   24 18955.0000 18966.2912  0.06%  22.5 3216s
 2390666 978654     cutoff   76      18955.0000 18966.2912  0.06%  22.5 3220s
 2395709 980263 18966.2776   77   32 18955.0000 18966.2912  0.06%  22.5 3227s
 2397301 980893 18965.8738   72   37 18955.0000 18966.2912  0.06%  22.5 3231s
 2400813 982144 18963.7062   95   19 18955.0000 18966.2912  0.06%  22.5 3235s
 2404221 983531 18966.2007   70   36 18955.0000 18966.2912  0.06%  22.5 3241s
 2408230 985357     cutoff   89      18955.0000 18966.2912  0.06%  22.5 3246s
 2412052 986847 18957.6258   76   25 18955.0000 18966.2912  0.06%  22.5 3251s
 2415483 988336 18963.8429   77   28 18955.0000 18966.2912  0.06%  22.6 3256s
 2419351 989779 18956.8627   79   12 18955.0000 18966.2912  0.06%  22.6 3261s
 2422266 991425 18958.3394   81   36 18955.0000 18966.2912  0.06%  22.6 3267s
 2426715 992727 18957.1326   81   41 18955.0000 18966.2912  0.06%  22.6 3272s
 2430157 994162     cutoff   73      18955.0000 18966.2912  0.06%  22.6 3276s
 2434239 996173 18960.4800   79   18 18955.0000 18966.2912  0.06%  22.6 3280s
 2440544 998965 18958.4624   87   19 18955.0000 18966.2912  0.06%  22.6 3286s
 2444529 1000762     cutoff   77      18955.0000 18966.2912  0.06%  22.6 3291s
 2447938 1002093 18966.2912   68   32 18955.0000 18966.2912  0.06%  22.6 3295s
 2453147 1004372 18965.7867   73   18 18955.0000 18966.2912  0.06%  22.6 3302s
 2457378 1006053 18963.2641   98   21 18955.0000 18966.2912  0.06%  22.6 3306s
 2460944 1007657 18964.2880   78   28 18955.0000 18966.2912  0.06%  22.6 3311s
 2464577 1009102 18957.6258   83   32 18955.0000 18966.2912  0.06%  22.6 3316s
 2468276 1010853     cutoff   80      18955.0000 18966.2912  0.06%  22.6 3320s
 2471890 1012359 18966.2912   67   33 18955.0000 18966.2912  0.06%  22.6 3327s
 2475373 1013817 18963.2641   71   27 18955.0000 18966.2912  0.06%  22.6 3331s
 2479135 1015212 18965.7867   74   20 18955.0000 18966.2912  0.06%  22.6 3336s
 2482623 1016482 18957.6258   72   25 18955.0000 18966.2912  0.06%  22.6 3340s
 2486384 1018225 18963.8914   81   24 18955.0000 18966.2912  0.06%  22.6 3346s
 2490282 1019854     cutoff   75      18955.0000 18966.2912  0.06%  22.6 3350s
 2495607 1021608 18956.9123  104   18 18955.0000 18966.2912  0.06%  22.6 3356s
 2497109 1022257 18957.5202   75   38 18955.0000 18966.2912  0.06%  22.6 3360s
 2500902 1023848     cutoff   71      18955.0000 18966.2912  0.06%  22.6 3365s
 2504995 1025789 18959.9037   82   37 18955.0000 18966.2912  0.06%  22.7 3371s
 2509390 1027639 18965.7658   81   29 18955.0000 18966.2912  0.06%  22.7 3377s
 2511196 1028250 18965.2180   81   25 18955.0000 18966.2912  0.06%  22.7 3380s
 2514724 1029533 18957.6258   72   32 18955.0000 18966.2912  0.06%  22.7 3385s
 2518282 1030982 18964.7480   74   41 18955.0000 18966.2912  0.06%  22.7 3391s
 2522160 1032300 18957.6258   82   22 18955.0000 18966.2912  0.06%  22.7 3397s
 2524039 1032892 18966.2912   75   29 18955.0000 18966.2912  0.06%  22.7 3400s
 2528076 1034551     cutoff   85      18955.0000 18966.2912  0.06%  22.7 3405s
 2531943 1035985 18958.8020   97   20 18955.0000 18966.2912  0.06%  22.7 3411s
 2535414 1037845 18958.3394   94   14 18955.0000 18966.2912  0.06%  22.7 3415s
 2541370 1040079 18963.6945   73   31 18955.0000 18966.2912  0.06%  22.7 3420s
 2544837 1041345 18966.0436   68   43 18955.0000 18966.2912  0.06%  22.7 3425s
 2549870 1043361 18956.1987   91   19 18955.0000 18966.2912  0.06%  22.7 3432s
 2553408 1044638 18963.2641   81   32 18955.0000 18966.2912  0.06%  22.7 3436s
 2556845 1046089 18961.6099   77   37 18955.0000 18966.2912  0.06%  22.7 3441s
 2560628 1047428     cutoff   95      18955.0000 18966.2912  0.06%  22.7 3446s
 2564414 1048804 18966.2912   70   45 18955.0000 18966.2912  0.06%  22.7 3450s
 2568383 1050343 18966.1948   74   41 18955.0000 18966.2912  0.06%  22.7 3455s
 2572450 1051974 18966.1775   67   33 18955.0000 18966.2910  0.06%  22.7 3460s
 2577910 1054204 18960.7903   75   33 18955.0000 18966.2904  0.06%  22.7 3465s
 2582805 1056657 18963.1275   80   42 18955.0000 18966.2901  0.06%  22.7 3471s
 2584313 1057158 18965.7157   81   28 18955.0000 18966.2901  0.06%  22.7 3475s
 2588716 1059592 18965.7157   73   26 18955.0000 18966.2901  0.06%  22.7 3481s
 2592081 1061415     cutoff   78      18955.0000 18966.2901  0.06%  22.7 3486s
 2597652 1064302     cutoff   82      18955.0000 18966.2901  0.06%  22.8 3492s
 2601626 1066295 18966.2901   63   35 18955.0000 18966.2901  0.06%  22.8 3496s
 2605717 1068206 18963.7814   71   45 18955.0000 18966.2901  0.06%  22.8 3503s
 2607654 1069068 18963.8169   79   41 18955.0000 18966.2901  0.06%  22.8 3505s
 2612965 1071339 18966.2361   76   37 18955.0000 18966.2901  0.06%  22.8 3512s
 2616711 1073245     cutoff   70      18955.0000 18966.2901  0.06%  22.8 3517s
 2618556 1074211 18966.2301   80   51 18955.0000 18966.2901  0.06%  22.8 3520s
 2622137 1075661 18963.3969   76   29 18955.0000 18966.2901  0.06%  22.8 3525s
 2627631 1078205 18956.9836   82   12 18955.0000 18966.2901  0.06%  22.8 3531s
 2633037 1079972 18958.6963   93   32 18955.0000 18966.2901  0.06%  22.8 3535s
 2635044 1081590     cutoff   87      18955.0000 18966.2901  0.06%  22.8 3541s
 2638753 1083309 18966.2901   69   32 18955.0000 18966.2901  0.06%  22.8 3545s
 2643998 1085538 18966.1849   76   44 18955.0000 18966.2901  0.06%  22.8 3553s
 2645403 1086430     cutoff   82      18955.0000 18966.2901  0.06%  22.8 3555s
 2651498 1089111     cutoff   77      18955.0000 18966.2901  0.06%  22.8 3561s
 2655358 1090869 18961.9153   73   18 18955.0000 18966.2901  0.06%  22.8 3565s
 2660974 1093352 18963.1691   69   25 18955.0000 18966.2901  0.06%  22.8 3572s
 2663115 1094073 18964.8161   74   31 18955.0000 18966.2901  0.06%  22.8 3575s
 2666745 1095854 18966.1416   73   39 18955.0000 18966.2901  0.06%  22.8 3582s
 2670239 1097547     cutoff   78      18955.0000 18966.2901  0.06%  22.8 3586s
 2672210 1098346 18960.8371   78   18 18955.0000 18966.2901  0.06%  22.8 3590s
 2677657 1100939 18966.2901   71   23 18955.0000 18966.2901  0.06%  22.8 3597s
 2679682 1101765 18964.9737   74   44 18955.0000 18966.2901  0.06%  22.8 3600s

Cutting planes:
  Gomory: 23
  Cover: 680
  Clique: 3
  MIR: 85
  StrongCG: 51
  Flow cover: 13
  Zero half: 2
  RLT: 3

Explored 2681659 nodes (61248982 simplex iterations) in 3600.13 seconds
Thread count was 12 (of 12 available processors)

Solution count 10: 18955 18933 18888 ... 17103

Time limit reached
Best objective 1.895500000000e+04, best bound 1.896600000000e+04, gap 0.0580%
